/home/freesurfer/subjects/sub-016/mri
/usr/local/freesurfer/bin/talairach_avi
--i orig_nu.mgz --xfm transforms/talairach.auto.xfm
talairach_avi 7.4.1
Linux 57f882a02a53 6.11.0-26-generic #26~24.04.1-Ubuntu SMP PREEMPT_DYNAMIC Thu Apr 17 19:20:47 UTC 2 x86_64 x86_64 x86_64 GNU/Linux
Fri May 30 01:09:22 UTC 2025
mri_convert orig_nu.mgz talsrcimg.img 
reading from orig_nu.mgz...
TR=8.42, TE=0.00, TI=0.00, flip angle=0.00
i_ras = (-1, -3.72529e-09, 0)
j_ras = (7.45058e-09, -1.49012e-08, -1)
k_ras = (1.86265e-09, 1, 0)
writing to talsrcimg.img...
Analyze Output Matrix
-1.00000   0.00000   0.00000   129.57632;
-0.00000  -0.00000   1.00000  -104.49574;
 0.00000  -1.00000   0.00000   173.48941;
 0.00000   0.00000   0.00000   1.00000;
--------------------
INFO: set hdr.hist.orient to -1
mpr2mni305 talsrcimg
Fri May 30 01:09:23 UTC 2025
/usr/local/freesurfer/bin/mpr2mni305 talsrcimg
mpr2mni305 7.4.1
target=711-2C_as_mni_average_305

---------------------------------------------------------------------
analyzeto4dfp talsrcimg -O0 -y
---------------------------------------------------------------------

freesurfer ifh2hdr.c
Fri May 30 01:09:23 2025
Writing: talsrcimg.4dfp.hdr
freesurfer analyzeto4dfp.c
Reading: talsrcimg.hdr
header size 348 bytes
hdr.dime.datatype	offset=70	value=2
hdr.dime.bitpix		offset=72	value=8
hdr.hist.orient		offset=252	value=-1
dimensionality     4
dimensions       256       256       256         1
Reading: talsrcimg.img
Writing: talsrcimg.4dfp.img
Writing: talsrcimg.4dfp.ifh
ifh2hdr talsrcimg -r0to179
ori=2

---------------------------------------------------------------------
gauss_4dfp talsrcimg 1.1
---------------------------------------------------------------------

freesurfer gauss_4dfp.c
Reading: talsrcimg.4dfp.img
Writing: talsrcimg_g11.4dfp.img
image dimensions 256 256 256 padded to 288 288 288
processing volume 1freesurfer ifh2hdr.c
Fri May 30 01:09:28 2025
Writing: talsrcimg_g11.4dfp.hdr

Writing: talsrcimg_g11.4dfp.ifh
including: talsrcimg.4dfp.img.rec in talsrcimg_g11.4dfp.img.rec

---------------------------------------------------------------------
imgreg_4dfp /usr/local/freesurfer/average/711-2C_as_mni_average_305 none talsrcimg_g11 none talsrcimg_to_711-2C_as_mni_average_305_t4 4355
---------------------------------------------------------------------

freesurfer imgreg_4dfp.c
/usr/local/freesurfer/average/711-2C_as_mni_average_305.4dfp.img
       256       256       256         1
  1.000000  1.000000  1.000000
orientation T byte_order littleendian
Reading image: /usr/local/freesurfer/average/711-2C_as_mni_average_305.4dfp.img
dimensions:      256       256       256
mmppix:       1.0000   -1.0000   -1.0000
center:     128.0000 -129.0000 -129.0000
talsrcimg_g11.4dfp.img
       256       256       256         1
  1.000000  1.000000  1.000000
orientation T byte_order littleendian
Reading image: talsrcimg_g11.4dfp.img
dimensions:      256       256       256
mmppix:       1.0000   -1.0000   -1.0000
center:     128.0000 -129.0000 -129.0000
t4_read: open error in t4_sub.f l:  41 t4_file(1:l)talsrcimg_to_711-2C_as_mni_average_305_t4 
t4_read: transform initialized to I4
rotation matrix determinant  1.000000
image alignment mode   4355 decimal     1103 hex
   -7.5000  -45.0000  -45.0000 9963.4590   22.7163
    0.0000  -45.0000  -45.000010455.2900   22.7418
    7.5000  -45.0000  -45.000010034.6719   22.7508
   -7.5000  -37.5000  -45.000010384.4609   22.6590
    0.0000  -37.5000  -45.000010899.7236   22.6866
    7.5000  -37.5000  -45.000010436.4121   22.7038
   -7.5000  -30.0000  -45.000011139.8389   22.6573
    0.0000  -30.0000  -45.000011669.7451   22.6781
    7.5000  -30.0000  -45.000011152.7891   22.6912
   -7.5000  -22.5000  -45.000011874.8232   22.6861
    0.0000  -22.5000  -45.000012426.9834   22.6973
    7.5000  -22.5000  -45.000011860.0127   22.6970
   -7.5000  -15.0000  -45.000012517.9199   22.7043
    0.0000  -15.0000  -45.000013109.0039   22.7122
    7.5000  -15.0000  -45.000012497.5195   22.7044
   -7.5000   -7.5000  -45.000013068.0977   22.6908
    0.0000   -7.5000  -45.000013656.7930   22.7062
    7.5000   -7.5000  -45.000012998.3730   22.7035
   -7.5000    0.0000  -45.000013370.4326   22.6634
    0.0000    0.0000  -45.000013987.6729   22.6887
    7.5000    0.0000  -45.000013330.6523   22.6977
   -7.5000    7.5000  -45.000012585.8711   22.6478
    0.0000    7.5000  -45.000013199.4883   22.6754
    7.5000    7.5000  -45.000012576.0498   22.6926
   -7.5000   15.0000  -45.000011675.2080   22.6571
    0.0000   15.0000  -45.000012238.2158   22.6779
    7.5000   15.0000  -45.000011661.5674   22.6909
   -7.5000   22.5000  -45.000010643.8535   22.6856
    0.0000   22.5000  -45.000011165.7842   22.6969
    7.5000   22.5000  -45.000010638.3281   22.6967
   -7.5000   30.0000  -45.0000 9614.6377   22.4274
    0.0000   30.0000  -45.000010080.5840   22.4353
    7.5000   30.0000  -45.0000 9631.6650   22.4279
   -7.5000   37.5000  -45.0000 9001.5918   22.5085
    0.0000   37.5000  -45.0000 9439.9551   22.5233
    7.5000   37.5000  -45.0000 9043.9414   22.5209
   -7.5000   45.0000  -45.0000 8137.1743   22.2128
    0.0000   45.0000  -45.0000 8526.6660   22.2380
    7.5000   45.0000  -45.0000 8164.4370   22.2467
   -7.5000  -45.0000  -37.500010499.5811   22.7006
    0.0000  -45.0000  -37.500011023.3369   22.7198
    7.5000  -45.0000  -37.500010544.6924   22.7300
   -7.5000  -37.5000  -37.500010940.1133   22.6397
    0.0000  -37.5000  -37.500011480.8721   22.6609
    7.5000  -37.5000  -37.500010955.5605   22.6810
   -7.5000  -30.0000  -37.500011745.4951   22.6287
    0.0000  -30.0000  -37.500012289.0312   22.6426
    7.5000  -30.0000  -37.500011706.9785   22.6601
   -7.5000  -22.5000  -37.500012498.6562   22.6500
    0.0000  -22.5000  -37.500013066.3838   22.6539
    7.5000  -22.5000  -37.500012417.5068   22.6585
   -7.5000  -15.0000  -37.500013176.6328   22.6696
    0.0000  -15.0000  -37.500013764.0166   22.6707
    7.5000  -15.0000  -37.500013051.0576   22.6660
   -7.5000   -7.5000  -37.500013734.5732   22.6659
    0.0000   -7.5000  -37.500014341.9746   22.6748
    7.5000   -7.5000  -37.500013578.5010   22.6732
   -7.5000    0.0000  -37.500014078.6748   22.6459
    0.0000    0.0000  -37.500014728.8496   22.6650
    7.5000    0.0000  -37.500013960.8467   22.6751
   -7.5000    7.5000  -37.500013249.2031   22.6280
    0.0000    7.5000  -37.500013884.1084   22.6492
    7.5000    7.5000  -37.500013176.3115   22.6693
   -7.5000   15.0000  -37.500012266.3105   22.6284
    0.0000   15.0000  -37.500012862.6289   22.6424
    7.5000   15.0000  -37.500012216.9941   22.6598
   -7.5000   22.5000  -37.500011158.0146   22.6496
    0.0000   22.5000  -37.500011716.9736   22.6536
    7.5000   22.5000  -37.500011118.7754   22.6583
   -7.5000   30.0000  -37.500010039.9141   22.3930
    0.0000   30.0000  -37.500010553.2324   22.3941
    7.5000   30.0000  -37.500010047.2373   22.3898
   -7.5000   37.5000  -37.5000 9397.6777   22.4849
    0.0000   37.5000  -37.5000 9874.7969   22.4934
    7.5000   37.5000  -37.5000 9422.1318   22.4917
   -7.5000   45.0000  -37.5000 8485.3594   22.1971
    0.0000   45.0000  -37.5000 8898.8057   22.2170
    7.5000   45.0000  -37.5000 8500.0215   22.2274
   -7.5000  -45.0000  -30.000011179.6582   23.6779
    0.0000  -45.0000  -30.000011732.3135   23.6886
    7.5000  -45.0000  -30.000011190.3135   23.6948
   -7.5000  -37.5000  -30.000011671.8936   23.6052
    0.0000  -37.5000  -30.000012233.8691   23.6191
    7.5000  -37.5000  -30.000011654.0254   23.6391
   -7.5000  -30.0000  -30.000012511.9453   23.5818
    0.0000  -30.0000  -30.000013076.8496   23.5882
    7.5000  -30.0000  -30.000012438.2773   23.6095
   -7.5000  -22.5000  -30.000013290.2656   23.6015
    0.0000  -22.5000  -30.000013855.6855   23.5962
    7.5000  -22.5000  -30.000013146.3037   23.6047
   -7.5000  -15.0000  -30.000014027.8516   23.6313
    0.0000  -15.0000  -30.000014616.1338   23.6220
    7.5000  -15.0000  -30.000013821.3359   23.6176
   -7.5000   -7.5000  -30.000014619.7197   23.6390
    0.0000   -7.5000  -30.000015252.2012   23.6380
    7.5000   -7.5000  -30.000014412.1963   23.6327
   -7.5000    0.0000  -30.000015016.3701   23.6206
    0.0000    0.0000  -30.000015702.9678   23.6312
    7.5000    0.0000  -30.000014826.8389   23.6374
   -7.5000    7.5000  -30.000014124.1289   23.5930
    0.0000    7.5000  -30.000014770.6387   23.6069
    7.5000    7.5000  -30.000013974.3652   23.6269
   -7.5000   15.0000  -30.000013079.3984   23.5815
    0.0000   15.0000  -30.000013685.0303   23.5879
    7.5000   15.0000  -30.000012959.0869   23.6093
   -7.5000   22.5000  -30.000011902.2559   23.5986
    0.0000   22.5000  -30.000012483.1221   23.5934
    7.5000   22.5000  -30.000011820.7764   23.6019
   -7.5000   30.0000  -30.000010699.9619   23.3451
    0.0000   30.0000  -30.000011222.8330   23.3359
    7.5000   30.0000  -30.000010658.6191   23.3319
   -7.5000   37.5000  -30.0000 9982.4834   23.4537
    0.0000   37.5000  -30.000010458.7080   23.4527
    7.5000   37.5000  -30.0000 9958.3232   23.4476
   -7.5000   45.0000  -30.0000 8988.0078   23.1670
    0.0000   45.0000  -30.0000 9409.0303   23.1792
    7.5000   45.0000  -30.0000 8969.3516   23.1864
   -7.5000  -45.0000  -22.500011787.0020   24.5130
    0.0000  -45.0000  -22.500012360.9258   24.5205
    7.5000  -45.0000  -22.500011807.2295   24.5201
   -7.5000  -37.5000  -22.500012314.9746   24.4311
    0.0000  -37.5000  -22.500012906.0801   24.4439
    7.5000  -37.5000  -22.500012309.5732   24.4591
   -7.5000  -30.0000  -22.500013213.9375   24.4063
    0.0000  -30.0000  -22.500013813.5371   24.4121
    7.5000  -30.0000  -22.500013139.7480   24.4314
   -7.5000  -22.5000  -22.500014035.6924   24.4342
    0.0000  -22.5000  -22.500014574.8105   24.4263
    7.5000  -22.5000  -22.500013850.0781   24.4328
   -7.5000  -15.0000  -22.500014797.6338   24.4731
    0.0000  -15.0000  -22.500015357.9053   24.4591
    7.5000  -15.0000  -22.500014554.8906   24.4508
   -7.5000   -7.5000  -22.500015458.4141   24.4802
    0.0000   -7.5000  -22.500016040.3779   24.4746
    7.5000   -7.5000  -22.500015182.4268   24.4633
   -7.5000    0.0000  -22.500015889.5234   24.4538
    0.0000    0.0000  -22.500016526.4453   24.4612
    7.5000    0.0000  -22.500015599.7832   24.4607
   -7.5000    7.5000  -22.500014951.0771   24.4185
    0.0000    7.5000  -22.500015564.1982   24.4313
    7.5000    7.5000  -22.500014706.3389   24.4465
   -7.5000   15.0000  -22.500013853.3447   24.4060
    0.0000   15.0000  -22.500014422.7363   24.4119
    7.5000   15.0000  -22.500013635.2090   24.4312
   -7.5000   22.5000  -22.500012639.6006   24.4294
    0.0000   22.5000  -22.500013193.7402   24.4216
    7.5000   22.5000  -22.500012477.4473   24.4282
   -7.5000   30.0000  -22.500011371.9395   24.1806
    0.0000   30.0000  -22.500011885.1924   24.1667
    7.5000   30.0000  -22.500011271.3994   24.1588
   -7.5000   37.5000  -22.500010605.2637   24.2919
    0.0000   37.5000  -22.500011079.7988   24.2865
    7.5000   37.5000  -22.500010547.7383   24.2760
   -7.5000   45.0000  -22.5000 9517.9268   23.9971
    0.0000   45.0000  -22.5000 9946.8428   24.0058
    7.5000   45.0000  -22.5000 9465.8896   24.0066
   -7.5000  -45.0000  -15.000012285.2949   25.0745
    0.0000  -45.0000  -15.000012867.6943   25.0866
    7.5000  -45.0000  -15.000012310.3828   25.0855
   -7.5000  -37.5000  -15.000012878.8311   24.9942
    0.0000  -37.5000  -15.000013516.4727   25.0106
    7.5000  -37.5000  -15.000012895.7842   25.0232
   -7.5000  -30.0000  -15.000013867.5293   24.9793
    0.0000  -30.0000  -15.000014525.6221   24.9883
    7.5000  -30.0000  -15.000013814.9717   25.0031
   -7.5000  -22.5000  -15.000014753.2705   25.0157
    0.0000  -22.5000  -15.000015312.5049   25.0115
    7.5000  -22.5000  -15.000014545.7891   25.0131
   -7.5000  -15.0000  -15.000015539.5674   25.0533
    0.0000  -15.0000  -15.000016048.2090   25.0436
    7.5000  -15.0000  -15.000015227.2715   25.0319
   -7.5000   -7.5000  -15.000016252.6436   25.0493
    0.0000   -7.5000  -15.000016769.3438   25.0484
    7.5000   -7.5000  -15.000015878.8086   25.0363
   -7.5000    0.0000  -15.000016723.6758   25.0140
    0.0000    0.0000  -15.000017286.8672   25.0260
    7.5000    0.0000  -15.000016340.7969   25.0248
   -7.5000    7.5000  -15.000015802.9570   24.9814
    0.0000    7.5000  -15.000016343.8047   24.9977
    7.5000    7.5000  -15.000015460.1807   25.0103
   -7.5000   15.0000  -15.000014658.0127   24.9791
    0.0000   15.0000  -15.000015189.2637   24.9880
    7.5000   15.0000  -15.000014362.2070   25.0028
   -7.5000   22.5000  -15.000013408.3643   25.0095
    0.0000   22.5000  -15.000013928.3525   25.0054
    7.5000   22.5000  -15.000013135.9521   25.0071
   -7.5000   30.0000  -15.000012107.1592   24.7574
    0.0000   30.0000  -15.000012606.4072   24.7478
    7.5000   30.0000  -15.000011916.3457   24.7365
   -7.5000   37.5000  -15.000011279.9688   24.8588
    0.0000   37.5000  -15.000011754.8877   24.8577
    7.5000   37.5000  -15.000011138.5332   24.8468
   -7.5000   45.0000  -15.000010067.6523   24.5584
    0.0000   45.0000  -15.000010520.9912   24.5708
    7.5000   45.0000  -15.0000 9973.4209   24.5704
   -7.5000  -45.0000   -7.500012721.0684   25.2987
    0.0000  -45.0000   -7.500013353.9736   25.3215
    7.5000  -45.0000   -7.500012785.7617   25.3262
   -7.5000  -37.5000   -7.500013360.2256   25.2276
    0.0000  -37.5000   -7.500014069.6787   25.2527
    7.5000  -37.5000   -7.500013427.2773   25.2677
   -7.5000  -30.0000   -7.500014480.6914   25.2230
    0.0000  -30.0000   -7.500015227.3896   25.2406
    7.5000  -30.0000   -7.500014475.4023   25.2534
   -7.5000  -22.5000   -7.500015580.0713   25.2603
    0.0000  -22.5000   -7.500016181.6699   25.2665
    7.5000  -22.5000   -7.500015405.5654   25.2649
   -7.5000  -15.0000   -7.500016584.2266   25.2879
    0.0000  -15.0000   -7.500017002.7930   25.2903
    7.5000  -15.0000   -7.500016192.8652   25.2789
   -7.5000   -7.5000   -7.500017322.7188   25.2737
    0.0000   -7.5000   -7.500017705.8125   25.2848
    7.5000   -7.5000   -7.500016818.1426   25.2776
   -7.5000    0.0000   -7.500017770.1328   25.2378
    0.0000    0.0000   -7.500018191.9180   25.2604
    7.5000    0.0000   -7.500017242.4551   25.2650
   -7.5000    7.5000   -7.500016767.4062   25.2146
    0.0000    7.5000   -7.500017235.0156   25.2397
    7.5000    7.5000   -7.500016325.3848   25.2547
   -7.5000   15.0000   -7.500015522.2432   25.2227
    0.0000   15.0000   -7.500016044.3604   25.2403
    7.5000   15.0000   -7.500015159.5498   25.2531
   -7.5000   22.5000   -7.500014154.7656   25.2514
    0.0000   22.5000   -7.500014714.2832   25.2577
    7.5000   22.5000   -7.500013845.0244   25.2562
   -7.5000   30.0000   -7.500012780.8506   24.9885
    0.0000   30.0000   -7.500013336.2227   24.9910
    7.5000   30.0000   -7.500012564.7373   24.9800
   -7.5000   37.5000   -7.500011885.5000   25.0794
    0.0000   37.5000   -7.500012440.9590   25.0900
    7.5000   37.5000   -7.500011758.6338   25.0835
   -7.5000   45.0000   -7.500010569.1338   24.7851
    0.0000   45.0000   -7.500011076.2969   24.8074
    7.5000   45.0000   -7.500010476.1875   24.8122
   -7.5000  -45.0000    0.000013103.1318   25.2922
    0.0000  -45.0000    0.000013708.3340   25.3208
    7.5000  -45.0000    0.000013140.8926   25.3310
   -7.5000  -37.5000    0.000013802.8984   25.2275
    0.0000  -37.5000    0.000014460.0312   25.2583
    7.5000  -37.5000    0.000013849.3975   25.2776
   -7.5000  -30.0000    0.000015069.0703   25.2253
    0.0000  -30.0000    0.000015781.3525   25.2486
    7.5000  -30.0000    0.000015081.6904   25.2632
   -7.5000  -22.5000    0.000016404.8027   25.2571
    0.0000  -22.5000    0.000017041.2207   25.2698
    7.5000  -22.5000    0.000016274.3125   25.2696
   -7.5000  -15.0000    0.000017537.1855   25.2770
    0.0000  -15.0000    0.000018120.8496   25.2860
    7.5000  -15.0000    0.000017223.4414   25.2775
   -7.5000   -7.5000    0.000018206.9375   25.2617
    0.0000   -7.5000    0.000018806.3750   25.2791
    7.5000   -7.5000    0.000017785.9629   25.2764
   -7.5000    0.0000    0.000018481.6738   25.2314
    0.0000    0.0000    0.000019153.7930   25.2598
    7.5000    0.0000    0.000018055.8027   25.2700
   -7.5000    7.5000    0.000017366.9785   25.2146
    0.0000    7.5000    0.000018030.1855   25.2453
    7.5000    7.5000    0.000016964.4062   25.2646
   -7.5000   15.0000    0.000016075.4287   25.2250
    0.0000   15.0000    0.000016710.1504   25.2484
    7.5000   15.0000    0.000015689.0674   25.2629
   -7.5000   22.5000    0.000014676.0576   25.2484
    0.0000   22.5000    0.000015282.4883   25.2612
    7.5000   22.5000    0.000014325.6689   25.2611
   -7.5000   30.0000    0.000013254.2100   24.9783
    0.0000   30.0000    0.000013831.0420   24.9873
    7.5000   30.0000    0.000013001.7656   24.9793
   -7.5000   37.5000    0.000012331.8281   25.0679
    0.0000   37.5000    0.000012913.7705   25.0846
    7.5000   37.5000    0.000012166.7412   25.0821
   -7.5000   45.0000    0.000010943.9854   24.7856
    0.0000   45.0000    0.000011475.4062   24.8139
    7.5000   45.0000    0.000010826.1201   24.8239
   -7.5000  -45.0000    7.500012504.1680   25.3356
    0.0000  -45.0000    7.500013045.5596   25.3570
    7.5000  -45.0000    7.500012483.9863   25.3684
   -7.5000  -37.5000    7.500013202.3438   25.2678
    0.0000  -37.5000    7.500013846.7666   25.2915
    7.5000  -37.5000    7.500013199.8662   25.3140
   -7.5000  -30.0000    7.500014484.3574   25.2558
    0.0000  -30.0000    7.500015286.9365   25.2713
    7.5000  -30.0000    7.500014455.2744   25.2909
   -7.5000  -22.5000    7.500015750.8750   25.2795
    0.0000  -22.5000    7.500016586.6621   25.2839
    7.5000  -22.5000    7.500015628.3779   25.2892
   -7.5000  -15.0000    7.500016631.1211   25.3011
    0.0000  -15.0000    7.500017404.7090   25.3024
    7.5000  -15.0000    7.500016414.4434   25.2973
   -7.5000   -7.5000    7.500017076.3145   25.2968
    0.0000   -7.5000    7.500017868.0918   25.3067
    7.5000   -7.5000    7.500016875.2285   25.3051
   -7.5000    0.0000    7.500017391.9355   25.2745
    0.0000    0.0000    7.500018194.8359   25.2958
    7.5000    0.0000    7.500017180.1758   25.3072
   -7.5000    7.5000    7.500016414.7285   25.2548
    0.0000    7.5000    7.500017142.1152   25.2784
    7.5000    7.5000    7.500016154.3125   25.3009
   -7.5000   15.0000    7.500015241.0625   25.2555
    0.0000   15.0000    7.500015891.6768   25.2710
    7.5000   15.0000    7.500014943.6670   25.2906
   -7.5000   22.5000    7.500013951.7393   25.2708
    0.0000   22.5000    7.500014516.8242   25.2754
    7.5000   22.5000    7.500013649.2520   25.2808
   -7.5000   30.0000    7.500012585.0479   25.0020
    0.0000   30.0000    7.500013123.1152   25.0034
    7.5000   30.0000    7.500012369.6348   24.9987
   -7.5000   37.5000    7.500011731.4717   25.1042
    0.0000   37.5000    7.500012252.0068   25.1138
    7.5000   37.5000    7.500011575.4961   25.1120
   -7.5000   45.0000    7.500010413.3291   24.8307
    0.0000   45.0000    7.500010886.6055   24.8530
    7.5000   45.0000    7.500010309.3193   24.8647
   -7.5000  -45.0000   15.000011803.4043   25.4688
    0.0000  -45.0000   15.000012388.5859   25.4807
    7.5000  -45.0000   15.000011743.1387   25.4872
   -7.5000  -37.5000   15.000012429.8408   25.3904
    0.0000  -37.5000   15.000013073.9346   25.4058
    7.5000  -37.5000   15.000012368.8623   25.4272
   -7.5000  -30.0000   15.000013584.9268   25.3652
    0.0000  -30.0000   15.000014331.4473   25.3726
    7.5000  -30.0000   15.000013490.4951   25.3954
   -7.5000  -22.5000   15.000014649.7354   25.3866
    0.0000  -22.5000   15.000015390.7676   25.3814
    7.5000  -22.5000   15.000014537.5273   25.3903
   -7.5000  -15.0000   15.000015365.8828   25.4187
    0.0000  -15.0000   15.000016047.0078   25.4093
    7.5000  -15.0000   15.000015248.5762   25.4043
   -7.5000   -7.5000   15.000015827.0156   25.4270
    0.0000   -7.5000   15.000016492.9824   25.4265
    7.5000   -7.5000   15.000015698.2012   25.4205
   -7.5000    0.0000   15.000016230.9131   25.4071
    0.0000    0.0000   15.000016860.4219   25.4189
    7.5000    0.0000   15.000015994.1797   25.4254
   -7.5000    7.5000   15.000015368.1309   25.3772
    0.0000    7.5000   15.000015964.1191   25.3927
    7.5000    7.5000   15.000015073.4727   25.4140
   -7.5000   15.0000   15.000014247.5127   25.3649
    0.0000   15.0000   15.000014818.1572   25.3723
    7.5000   15.0000   15.000013968.2529   25.3951
   -7.5000   22.5000   15.000013045.5684   25.3779
    0.0000   22.5000   15.000013570.3018   25.3727
    7.5000   22.5000   15.000012788.7461   25.3818
   -7.5000   30.0000   15.000011782.1680   25.1183
    0.0000   30.0000   15.000012284.9805   25.1089
    7.5000   30.0000   15.000011596.1943   25.1044
   -7.5000   37.5000   15.000010996.3174   25.2354
    0.0000   37.5000   15.000011452.9775   25.2348
    7.5000   37.5000   15.000010828.3652   25.2291
   -7.5000   45.0000   15.0000 9767.6025   24.9604
    0.0000   45.0000   15.000010193.2969   24.9739
    7.5000   45.0000   15.0000 9663.0469   24.9815
   -7.5000  -45.0000   22.500010982.4668   25.7975
    0.0000  -45.0000   22.500011495.4727   25.8067
    7.5000  -45.0000   22.500010909.3828   25.8066
   -7.5000  -37.5000   22.500011521.1328   25.7085
    0.0000  -37.5000   22.500012072.1816   25.7234
    7.5000  -37.5000   22.500011459.3369   25.7401
   -7.5000  -30.0000   22.500012538.3506   25.6819
    0.0000  -30.0000   22.500013190.9248   25.6894
    7.5000  -30.0000   22.500012487.0049   25.7105
   -7.5000  -22.5000   22.500013438.8291   25.7132
    0.0000  -22.5000   22.500014106.9521   25.7060
    7.5000  -22.5000   22.500013412.1943   25.7136
   -7.5000  -15.0000   22.500014120.5098   25.7563
    0.0000  -15.0000   22.500014740.4932   25.7425
    7.5000  -15.0000   22.500014064.8770   25.7342
   -7.5000   -7.5000   22.500014667.5762   25.7638
    0.0000   -7.5000   22.500015270.2754   25.7591
    7.5000   -7.5000   22.500014546.2188   25.7474
   -7.5000    0.0000   22.500015122.6387   25.7343
    0.0000    0.0000   22.500015716.8076   25.7434
    7.5000    0.0000   22.500014916.8145   25.7432
   -7.5000    7.5000   22.500014312.0615   25.6951
    0.0000    7.5000   22.500014856.6289   25.7100
    7.5000    7.5000   22.500014062.0127   25.7267
   -7.5000   15.0000   22.500013241.4648   25.6816
    0.0000   15.0000   22.500013737.4092   25.6891
    7.5000   15.0000   22.500012993.5742   25.7103
   -7.5000   22.5000   22.500012126.9883   25.7042
    0.0000   22.5000   22.500012577.3799   25.6971
    7.5000   22.5000   22.500011892.4619   25.7048
   -7.5000   30.0000   22.500010996.5449   25.4524
    0.0000   30.0000   22.500011423.9727   25.4387
    7.5000   30.0000   22.500010804.0449   25.4308
   -7.5000   37.5000   22.500010266.1240   25.5713
    0.0000   37.5000   22.500010659.2959   25.5666
    7.5000   37.5000   22.500010111.3809   25.5558
   -7.5000   45.0000   22.5000 9131.2432   25.2822
    0.0000   45.0000   22.5000 9486.7637   25.2927
    7.5000   45.0000   22.5000 9029.8740   25.2939
   -7.5000  -45.0000   30.000010114.4346   26.3692
    0.0000  -45.0000   30.000010544.8047   26.3820
    7.5000  -45.0000   30.000010067.9395   26.3814
   -7.5000  -37.5000   30.000010605.1377   26.2794
    0.0000  -37.5000   30.000011088.4482   26.2967
    7.5000  -37.5000   30.000010574.1426   26.3117
   -7.5000  -30.0000   30.000011511.8301   26.2668
    0.0000  -30.0000   30.000012091.2178   26.2761
    7.5000  -30.0000   30.000011499.5566   26.2935
   -7.5000  -22.5000   30.000012318.8027   26.3124
    0.0000  -22.5000   30.000012907.9805   26.3076
    7.5000  -22.5000   30.000012319.1299   26.3103
   -7.5000  -15.0000   30.000012983.1123   26.3561
    0.0000  -15.0000   30.000013559.0557   26.3456
    7.5000  -15.0000   30.000012931.9248   26.3334
   -7.5000   -7.5000   30.000013551.1738   26.3480
    0.0000   -7.5000   30.000014127.4912   26.3469
    7.5000   -7.5000   30.000013429.6084   26.3340
   -7.5000    0.0000   30.000013984.8779   26.3032
    0.0000    0.0000   30.000014538.4697   26.3159
    7.5000    0.0000   30.000013811.8662   26.3152
   -7.5000    7.5000   30.000013217.6846   26.2655
    0.0000    7.5000   30.000013716.4004   26.2827
    7.5000    7.5000   30.000013025.9189   26.2977
   -7.5000   15.0000   30.000012239.2129   26.2665
    0.0000   15.0000   30.000012688.0234   26.2758
    7.5000   15.0000   30.000012054.5967   26.2932
   -7.5000   22.5000   30.000011207.6182   26.3032
    0.0000   22.5000   30.000011624.1465   26.2985
    7.5000   22.5000   30.000011029.6514   26.3012
   -7.5000   30.0000   30.000010183.3135   26.0459
    0.0000   30.0000   30.000010561.3340   26.0355
    7.5000   30.0000   30.000010023.9043   26.0238
   -7.5000   37.5000   30.0000 9520.2129   26.1514
    0.0000   37.5000   30.0000 9891.9619   26.1502
    7.5000   37.5000   30.0000 9406.8672   26.1386
   -7.5000   45.0000   30.0000 8496.8789   25.8446
    0.0000   45.0000   30.0000 8833.3359   25.8578
    7.5000   45.0000   30.0000 8407.2822   25.8581
   -7.5000  -45.0000   37.5000 9669.4775   27.1946
    0.0000  -45.0000   37.500010087.9053   27.2180
    7.5000  -45.0000   37.5000 9668.6191   27.2232
   -7.5000  -37.5000   37.500010167.0156   27.1105
    0.0000  -37.5000   37.500010622.3701   27.1372
    7.5000  -37.5000   37.500010160.9189   27.1553
   -7.5000  -30.0000   37.500011034.9551   27.1096
    0.0000  -30.0000   37.500011564.1182   27.1276
    7.5000  -30.0000   37.500011016.1074   27.1433
   -7.5000  -22.5000   37.500011781.9805   27.1592
    0.0000  -22.5000   37.500012319.2539   27.1634
    7.5000  -22.5000   37.500011774.9473   27.1614
   -7.5000  -15.0000   37.500012409.2852   27.1932
    0.0000  -15.0000   37.500012980.7295   27.1922
    7.5000  -15.0000   37.500012390.0059   27.1781
   -7.5000   -7.5000   37.500012962.0918   27.1723
    0.0000   -7.5000   37.500013547.9092   27.1815
    7.5000   -7.5000   37.500012909.2812   27.1721
   -7.5000    0.0000   37.500013387.1191   27.1244
    0.0000    0.0000   37.500013954.7461   27.1476
    7.5000    0.0000   37.500013293.5596   27.1527
   -7.5000    7.5000   37.500012665.2061   27.0956
    0.0000    7.5000   37.500013192.2188   27.1223
    7.5000    7.5000   37.500012572.0693   27.1403
   -7.5000   15.0000   37.500011732.4541   27.1093
    0.0000   15.0000   37.500012204.4229   27.1273
    7.5000   15.0000   37.500011610.1250   27.1429
   -7.5000   22.5000   37.500010738.8359   27.1498
    0.0000   22.5000   37.500011170.9551   27.1540
    7.5000   22.5000   37.500010613.7764   27.1523
   -7.5000   30.0000   37.5000 9759.2637   26.8703
    0.0000   30.0000   37.500010149.5039   26.8694
    7.5000   30.0000   37.5000 9649.4375   26.8558
   -7.5000   37.5000   37.5000 9131.2930   26.9594
    0.0000   37.5000   37.5000 9505.1250   26.9681
    7.5000   37.5000   37.5000 9044.2812   26.9596
   -7.5000   45.0000   37.5000 8192.0752   26.6462
    0.0000   45.0000   37.5000 8520.7979   26.6692
    7.5000   45.0000   37.5000 8121.6069   26.6745
   -7.5000  -45.0000   45.0000 8915.1211   28.1790
    0.0000  -45.0000   45.0000 9316.0967   28.2040
    7.5000  -45.0000   45.0000 8927.4141   28.2082
   -7.5000  -37.5000   45.0000 9394.2646   28.0987
    0.0000  -37.5000   45.0000 9831.7754   28.1278
    7.5000  -37.5000   45.0000 9402.9707   28.1450
   -7.5000  -30.0000   45.000010186.5098   28.0972
    0.0000  -30.0000   45.000010665.2549   28.1181
    7.5000  -30.0000   45.000010181.7305   28.1318
   -7.5000  -22.5000   45.000010850.4316   28.1367
    0.0000  -22.5000   45.000011342.7666   28.1441
    7.5000  -22.5000   45.000010849.0566   28.1401
   -7.5000  -15.0000   45.000011433.4004   28.1602
    0.0000  -15.0000   45.000011948.9707   28.1623
    7.5000  -15.0000   45.000011410.0635   28.1463
   -7.5000   -7.5000   45.000011951.9629   28.1408
    0.0000   -7.5000   45.000012489.1709   28.1521
    7.5000   -7.5000   45.000011909.7002   28.1409
   -7.5000    0.0000   45.000012344.3262   28.1030
    0.0000    0.0000   45.000012892.9570   28.1278
    7.5000    0.0000   45.000012306.0439   28.1320
   -7.5000    7.5000   45.000011700.8701   28.0825
    0.0000    7.5000   45.000012204.8311   28.1116
    7.5000    7.5000   45.000011632.7148   28.1288
   -7.5000   15.0000   45.000010848.0908   28.0968
    0.0000   15.0000   45.000011305.9893   28.1177
    7.5000   15.0000   45.000010753.3906   28.1315
   -7.5000   22.5000   45.0000 9900.0859   28.1253
    0.0000   22.5000   45.000010320.0312   28.1327
    7.5000   22.5000   45.0000 9822.1260   28.1288
   -7.5000   30.0000   45.0000 8996.9092   27.8164
    0.0000   30.0000   45.0000 9350.1777   27.8185
    7.5000   30.0000   45.0000 8920.5049   27.8030
   -7.5000   37.5000   45.0000 8429.0117   27.9016
    0.0000   37.5000   45.0000 8756.1348   27.9120
    7.5000   37.5000   45.0000 8361.4141   27.9010
   -7.5000   45.0000   45.0000 7595.5698   27.5893
    0.0000   45.0000   45.0000 7883.2588   27.6139
    7.5000   45.0000   45.0000 7535.0757   27.6177

---------------------------------------------------------------------
imgreg_4dfp /usr/local/freesurfer/average/711-2C_as_mni_average_305 /usr/local/freesurfer/average/711-2B_as_mni_average_305_mask talsrcimg_g11 none talsrcimg_to_711-2C_as_mni_average_305_t4 4355
---------------------------------------------------------------------

freesurfer imgreg_4dfp.c
/usr/local/freesurfer/average/711-2C_as_mni_average_305.4dfp.img
       256       256       256         1
  1.000000  1.000000  1.000000
orientation T byte_order littleendian
Reading image: /usr/local/freesurfer/average/711-2C_as_mni_average_305.4dfp.img
dimensions:      256       256       256
mmppix:       1.0000   -1.0000   -1.0000
center:     128.0000 -129.0000 -129.0000
/usr/local/freesurfer/average/711-2B_as_mni_average_305_mask.4dfp.img
       256       256       256         1
  1.000000  1.000000  1.000000
orientation T byte_order littleendian
Reading mask: /usr/local/freesurfer/average/711-2B_as_mni_average_305_mask.4dfp.img (2306576 pixels)
talsrcimg_g11.4dfp.img
       256       256       256         1
  1.000000  1.000000  1.000000
orientation T byte_order littleendian
Reading image: talsrcimg_g11.4dfp.img
dimensions:      256       256       256
mmppix:       1.0000   -1.0000   -1.0000
center:     128.0000 -129.0000 -129.0000
rotation matrix determinant  1.000000
image alignment mode   4355 decimal     1103 hex
   -7.5000  -45.0000  -45.0000 2431.6726   23.0550
    0.0000  -45.0000  -45.0000 2450.9490   22.9267
    7.5000  -45.0000  -45.0000 2442.2466   22.9362
   -7.5000  -37.5000  -45.0000 2471.8474   22.0003
    0.0000  -37.5000  -45.0000 2496.0366   21.8413
    7.5000  -37.5000  -45.0000 2479.8213   21.9041
   -7.5000  -30.0000  -45.0000 2495.0085   21.4294
    0.0000  -30.0000  -45.0000 2514.3945   21.2591
    7.5000  -30.0000  -45.0000 2501.9146   21.3255
   -7.5000  -22.5000  -45.0000 2514.8472   21.2368
    0.0000  -22.5000  -45.0000 2533.7969   21.0437
    7.5000  -22.5000  -45.0000 2524.2539   21.0757
   -7.5000  -15.0000  -45.0000 2519.4849   21.3620
    0.0000  -15.0000  -45.0000 2546.3684   21.1416
    7.5000  -15.0000  -45.0000 2541.2686   21.1744
   -7.5000   -7.5000  -45.0000 2523.3484   21.8981
    0.0000   -7.5000  -45.0000 2547.6470   21.6393
    7.5000   -7.5000  -45.0000 2536.7312   21.7106
   -7.5000    0.0000  -45.0000 2495.8452   22.8079
    0.0000    0.0000  -45.0000 2524.5195   22.5767
    7.5000    0.0000  -45.0000 2516.9248   22.6236
   -7.5000    7.5000  -45.0000 2447.9089   23.8815
    0.0000    7.5000  -45.0000 2476.3992   23.6499
    7.5000    7.5000  -45.0000 2468.8555   23.7778
   -7.5000   15.0000  -45.0000 2375.1934   25.2877
    0.0000   15.0000  -45.0000 2401.3740   25.0069
    7.5000   15.0000  -45.0000 2398.2278   25.1862
   -7.5000   22.5000  -45.0000 2282.5149   27.2396
    0.0000   22.5000  -45.0000 2304.4729   26.9220
    7.5000   22.5000  -45.0000 2297.3896   27.1428
   -7.5000   30.0000  -45.0000 2170.7605   29.8708
    0.0000   30.0000  -45.0000 2186.7136   29.5126
    7.5000   30.0000  -45.0000 2180.5569   29.7517
   -7.5000   37.5000  -45.0000 2054.2603   33.2626
    0.0000   37.5000  -45.0000 2074.2629   32.9127
    7.5000   37.5000  -45.0000 2069.2859   33.1578
   -7.5000   45.0000  -45.0000 1930.3706   37.5882
    0.0000   45.0000  -45.0000 1949.1688   37.1619
    7.5000   45.0000  -45.0000 1941.6200   37.4943
   -7.5000  -45.0000  -37.5000 2515.8525   21.7665
    0.0000  -45.0000  -37.5000 2535.6614   21.6365
    7.5000  -45.0000  -37.5000 2521.6357   21.5752
   -7.5000  -37.5000  -37.5000 2556.7493   20.7471
    0.0000  -37.5000  -37.5000 2576.2668   20.6152
    7.5000  -37.5000  -37.5000 2559.4243   20.5733
   -7.5000  -30.0000  -37.5000 2585.2566   20.1432
    0.0000  -30.0000  -37.5000 2603.7263   19.9497
    7.5000  -30.0000  -37.5000 2587.7854   19.8826
   -7.5000  -22.5000  -37.5000 2602.1174   19.8794
    0.0000  -22.5000  -37.5000 2620.9753   19.7057
    7.5000  -22.5000  -37.5000 2607.1194   19.6917
   -7.5000  -15.0000  -37.5000 2608.0515   20.0153
    0.0000  -15.0000  -37.5000 2631.9424   19.8506
    7.5000  -15.0000  -37.5000 2620.4932   19.8149
   -7.5000   -7.5000  -37.5000 2604.4875   20.5803
    0.0000   -7.5000  -37.5000 2633.8853   20.4152
    7.5000   -7.5000  -37.5000 2620.3484   20.4249
   -7.5000    0.0000  -37.5000 2577.4773   21.4034
    0.0000    0.0000  -37.5000 2606.5220   21.2328
    7.5000    0.0000  -37.5000 2599.9888   21.2513
   -7.5000    7.5000  -37.5000 2525.3936   22.3386
    0.0000    7.5000  -37.5000 2556.9226   22.1805
    7.5000    7.5000  -37.5000 2550.5254   22.2423
   -7.5000   15.0000  -37.5000 2454.5850   23.6254
    0.0000   15.0000  -37.5000 2482.7080   23.4052
    7.5000   15.0000  -37.5000 2477.5161   23.5531
   -7.5000   22.5000  -37.5000 2361.4275   25.4278
    0.0000   22.5000  -37.5000 2385.4150   25.1500
    7.5000   22.5000  -37.5000 2378.7949   25.3630
   -7.5000   30.0000  -37.5000 2242.1323   27.8786
    0.0000   30.0000  -37.5000 2264.3521   27.5369
    7.5000   30.0000  -37.5000 2258.2065   27.7263
   -7.5000   37.5000  -37.5000 2123.9436   30.9957
    0.0000   37.5000  -37.5000 2139.8196   30.6523
    7.5000   37.5000  -37.5000 2131.1533   30.8482
   -7.5000   45.0000  -37.5000 1992.8706   34.9914
    0.0000   45.0000  -37.5000 2011.5048   34.6230
    7.5000   45.0000  -37.5000 2001.9902   34.8985
   -7.5000  -45.0000  -30.0000 2635.3425   21.5304
    0.0000  -45.0000  -30.0000 2654.0476   21.3207
    7.5000  -45.0000  -30.0000 2639.8611   21.2002
   -7.5000  -37.5000  -30.0000 2682.9875   20.4189
    0.0000  -37.5000  -30.0000 2701.3130   20.2036
    7.5000  -37.5000  -30.0000 2686.1855   20.1041
   -7.5000  -30.0000  -30.0000 2708.2202   19.6829
    0.0000  -30.0000  -30.0000 2730.3091   19.4646
    7.5000  -30.0000  -30.0000 2717.0085   19.3810
   -7.5000  -22.5000  -30.0000 2723.8982   19.3408
    0.0000  -22.5000  -30.0000 2747.3784   19.1343
    7.5000  -22.5000  -30.0000 2734.5034   19.1174
   -7.5000  -15.0000  -30.0000 2735.6321   19.4324
    0.0000  -15.0000  -30.0000 2764.4407   19.2627
    7.5000  -15.0000  -30.0000 2746.5203   19.2551
   -7.5000   -7.5000  -30.0000 2731.2859   20.0347
    0.0000   -7.5000  -30.0000 2763.1560   19.8735
    7.5000   -7.5000  -30.0000 2749.7656   19.8624
   -7.5000    0.0000  -30.0000 2705.7722   20.8325
    0.0000    0.0000  -30.0000 2739.8975   20.6701
    7.5000    0.0000  -30.0000 2731.1030   20.6808
   -7.5000    7.5000  -30.0000 2657.4705   21.7846
    0.0000    7.5000  -30.0000 2688.3760   21.6083
    7.5000    7.5000  -30.0000 2679.7512   21.6770
   -7.5000   15.0000  -30.0000 2586.9397   23.0391
    0.0000   15.0000  -30.0000 2615.7300   22.8176
    7.5000   15.0000  -30.0000 2607.6309   22.9050
   -7.5000   22.5000  -30.0000 2487.4331   24.7682
    0.0000   22.5000  -30.0000 2515.2776   24.5108
    7.5000   22.5000  -30.0000 2504.8540   24.6468
   -7.5000   30.0000  -30.0000 2360.2007   27.1188
    0.0000   30.0000  -30.0000 2387.0447   26.8263
    7.5000   30.0000  -30.0000 2377.2632   26.9246
   -7.5000   37.5000  -30.0000 2231.4756   30.1488
    0.0000   37.5000  -30.0000 2248.3965   29.8056
    7.5000   37.5000  -30.0000 2238.8474   29.9146
   -7.5000   45.0000  -30.0000 2098.7366   34.0151
    0.0000   45.0000  -30.0000 2111.3774   33.5988
    7.5000   45.0000  -30.0000 2104.8088   33.8444
   -7.5000  -45.0000  -22.5000 2711.2480   21.1142
    0.0000  -45.0000  -22.5000 2734.9951   20.8548
    7.5000  -45.0000  -22.5000 2722.0205   20.7546
   -7.5000  -37.5000  -22.5000 2764.1436   19.9481
    0.0000  -37.5000  -22.5000 2787.0264   19.6835
    7.5000  -37.5000  -22.5000 2775.2126   19.6179
   -7.5000  -30.0000  -22.5000 2790.3784   19.1338
    0.0000  -30.0000  -22.5000 2817.3152   18.8705
    7.5000  -30.0000  -22.5000 2804.0139   18.8425
   -7.5000  -22.5000  -22.5000 2808.8242   18.7296
    0.0000  -22.5000  -22.5000 2836.0645   18.4399
    7.5000  -22.5000  -22.5000 2822.3176   18.4813
   -7.5000  -15.0000  -22.5000 2825.8440   18.8296
    0.0000  -15.0000  -22.5000 2854.4084   18.5261
    7.5000  -15.0000  -22.5000 2839.0256   18.5711
   -7.5000   -7.5000  -22.5000 2830.4167   19.4074
    0.0000   -7.5000  -22.5000 2859.7639   19.1263
    7.5000   -7.5000  -22.5000 2851.0630   19.1535
   -7.5000    0.0000  -22.5000 2805.6912   20.1828
    0.0000    0.0000  -22.5000 2838.2832   19.9337
    7.5000    0.0000  -22.5000 2825.9905   19.9404
   -7.5000    7.5000  -22.5000 2754.6150   21.1449
    0.0000    7.5000  -22.5000 2785.7097   20.8986
    7.5000    7.5000  -22.5000 2773.5010   20.9363
   -7.5000   15.0000  -22.5000 2685.5273   22.4297
    0.0000   15.0000  -22.5000 2713.4353   22.1937
    7.5000   15.0000  -22.5000 2694.4163   22.2370
   -7.5000   22.5000  -22.5000 2584.9709   24.1384
    0.0000   22.5000  -22.5000 2615.4690   23.8561
    7.5000   22.5000  -22.5000 2597.1863   23.9610
   -7.5000   30.0000  -22.5000 2457.3792   26.4018
    0.0000   30.0000  -22.5000 2485.7810   26.1102
    7.5000   30.0000  -22.5000 2475.0623   26.2092
   -7.5000   37.5000  -22.5000 2320.4470   29.3098
    0.0000   37.5000  -22.5000 2339.4138   28.9913
    7.5000   37.5000  -22.5000 2330.6838   29.0865
   -7.5000   45.0000  -22.5000 2177.6741   33.0051
    0.0000   45.0000  -22.5000 2192.6570   32.6004
    7.5000   45.0000  -22.5000 2184.2830   32.8707
   -7.5000  -45.0000  -15.0000 2740.2061   20.7190
    0.0000  -45.0000  -15.0000 2765.3364   20.4523
    7.5000  -45.0000  -15.0000 2754.5896   20.4120
   -7.5000  -37.5000  -15.0000 2798.4304   19.5201
    0.0000  -37.5000  -15.0000 2822.0586   19.2412
    7.5000  -37.5000  -15.0000 2813.4751   19.2355
   -7.5000  -30.0000  -15.0000 2835.4138   18.7199
    0.0000  -30.0000  -15.0000 2862.3074   18.3905
    7.5000  -30.0000  -15.0000 2849.9500   18.4268
   -7.5000  -22.5000  -15.0000 2858.9854   18.2730
    0.0000  -22.5000  -15.0000 2885.8643   17.8990
    7.5000  -22.5000  -15.0000 2873.9319   17.9726
   -7.5000  -15.0000  -15.0000 2874.3657   18.3338
    0.0000  -15.0000  -15.0000 2898.1858   17.8669
    7.5000  -15.0000  -15.0000 2886.8215   17.9498
   -7.5000   -7.5000  -15.0000 2882.7056   18.8858
    0.0000   -7.5000  -15.0000 2902.2229   18.4894
    7.5000   -7.5000  -15.0000 2896.1189   18.4867
   -7.5000    0.0000  -15.0000 2862.5088   19.6272
    0.0000    0.0000  -15.0000 2882.2598   19.2772
    7.5000    0.0000  -15.0000 2874.5059   19.2706
   -7.5000    7.5000  -15.0000 2819.8176   20.5553
    0.0000    7.5000  -15.0000 2837.8135   20.2114
    7.5000    7.5000  -15.0000 2826.3037   20.2639
   -7.5000   15.0000  -15.0000 2747.8486   21.8635
    0.0000   15.0000  -15.0000 2766.3213   21.4868
    7.5000   15.0000  -15.0000 2748.4907   21.6254
   -7.5000   22.5000  -15.0000 2650.8477   23.5692
    0.0000   22.5000  -15.0000 2668.0898   23.2138
    7.5000   22.5000  -15.0000 2650.0410   23.3909
   -7.5000   30.0000  -15.0000 2521.8848   25.8224
    0.0000   30.0000  -15.0000 2541.6479   25.4499
    7.5000   30.0000  -15.0000 2530.6084   25.6283
   -7.5000   37.5000  -15.0000 2380.0530   28.5661
    0.0000   37.5000  -15.0000 2395.7212   28.2366
    7.5000   37.5000  -15.0000 2382.7231   28.4333
   -7.5000   45.0000  -15.0000 2222.8484   32.0835
    0.0000   45.0000  -15.0000 2240.9541   31.6872
    7.5000   45.0000  -15.0000 2229.0312   31.9831
   -7.5000  -45.0000   -7.5000 2737.1008   20.3500
    0.0000  -45.0000   -7.5000 2764.5698   20.0901
    7.5000  -45.0000   -7.5000 2764.5393   20.1412
   -7.5000  -37.5000   -7.5000 2806.6985   19.1844
    0.0000  -37.5000   -7.5000 2834.3950   18.9172
    7.5000  -37.5000   -7.5000 2828.7529   18.9554
   -7.5000  -30.0000   -7.5000 2852.9292   18.4704
    0.0000  -30.0000   -7.5000 2879.6697   18.1346
    7.5000  -30.0000   -7.5000 2873.1663   18.2099
   -7.5000  -22.5000   -7.5000 2891.6953   18.1094
    0.0000  -22.5000   -7.5000 2908.3411   17.6575
    7.5000  -22.5000   -7.5000 2904.7715   17.7939
   -7.5000  -15.0000   -7.5000 2918.6138   18.2309
    0.0000  -15.0000   -7.5000 2927.9385   17.6255
    7.5000  -15.0000   -7.5000 2926.1382   17.8529
   -7.5000   -7.5000   -7.5000 2925.3757   18.6222
    0.0000   -7.5000   -7.5000 2929.4780   18.0437
    7.5000   -7.5000   -7.5000 2926.3228   18.2057
   -7.5000    0.0000   -7.5000 2901.3064   19.2074
    0.0000    0.0000   -7.5000 2908.3823   18.7073
    7.5000    0.0000   -7.5000 2900.2070   18.8387
   -7.5000    7.5000   -7.5000 2852.3374   20.0232
    0.0000    7.5000   -7.5000 2862.3843   19.6303
    7.5000    7.5000   -7.5000 2851.9082   19.8180
   -7.5000   15.0000   -7.5000 2778.0625   21.2608
    0.0000   15.0000   -7.5000 2793.9370   20.9086
    7.5000   15.0000   -7.5000 2779.6726   21.1502
   -7.5000   22.5000   -7.5000 2677.6377   22.9798
    0.0000   22.5000   -7.5000 2696.0989   22.7081
    7.5000   22.5000   -7.5000 2679.9163   22.9000
   -7.5000   30.0000   -7.5000 2550.6782   25.2015
    0.0000   30.0000   -7.5000 2570.5354   24.9723
    7.5000   30.0000   -7.5000 2555.8059   25.0634
   -7.5000   37.5000   -7.5000 2409.1387   27.9526
    0.0000   37.5000   -7.5000 2429.3406   27.7096
    7.5000   37.5000   -7.5000 2413.7117   27.8405
   -7.5000   45.0000   -7.5000 2249.2148   31.3597
    0.0000   45.0000   -7.5000 2267.8345   31.0815
    7.5000   45.0000   -7.5000 2253.6980   31.2984
   -7.5000  -45.0000    0.0000 2713.8994   20.4557
    0.0000  -45.0000    0.0000 2741.2747   20.0970
    7.5000  -45.0000    0.0000 2744.0664   20.2278
   -7.5000  -37.5000    0.0000 2792.4949   19.3072
    0.0000  -37.5000    0.0000 2814.7202   18.9525
    7.5000  -37.5000    0.0000 2817.6592   19.1076
   -7.5000  -30.0000    0.0000 2854.2683   18.6834
    0.0000  -30.0000    0.0000 2870.0552   18.3047
    7.5000  -30.0000    0.0000 2872.6702   18.4578
   -7.5000  -22.5000    0.0000 2912.5217   18.4103
    0.0000  -22.5000    0.0000 2921.5981   17.9722
    7.5000  -22.5000    0.0000 2920.6111   18.1886
   -7.5000  -15.0000    0.0000 2943.8967   18.3895
    0.0000  -15.0000    0.0000 2952.9561   17.9122
    7.5000  -15.0000    0.0000 2937.9714   18.1541
   -7.5000   -7.5000    0.0000 2938.3059   18.5636
    0.0000   -7.5000    0.0000 2954.3386   18.1590
    7.5000   -7.5000    0.0000 2936.2996   18.3048
   -7.5000    0.0000    0.0000 2907.7366   18.9993
    0.0000    0.0000    0.0000 2923.0581   18.6281
    7.5000    0.0000    0.0000 2902.2637   18.7476
   -7.5000    7.5000    0.0000 2859.7063   19.7551
    0.0000    7.5000    0.0000 2871.7664   19.4547
    7.5000    7.5000    0.0000 2856.2793   19.6238
   -7.5000   15.0000    0.0000 2789.6296   21.0158
    0.0000   15.0000    0.0000 2801.5005   20.7003
    7.5000   15.0000    0.0000 2780.6277   20.8818
   -7.5000   22.5000    0.0000 2686.7434   22.8308
    0.0000   22.5000    0.0000 2701.9929   22.5416
    7.5000   22.5000    0.0000 2684.3079   22.6811
   -7.5000   30.0000    0.0000 2558.4785   25.0699
    0.0000   30.0000    0.0000 2577.9119   24.8117
    7.5000   30.0000    0.0000 2562.6929   24.8840
   -7.5000   37.5000    0.0000 2420.2527   27.8344
    0.0000   37.5000    0.0000 2441.5544   27.6079
    7.5000   37.5000    0.0000 2422.2588   27.6754
   -7.5000   45.0000    0.0000 2261.3555   31.1963
    0.0000   45.0000    0.0000 2279.3025   31.0010
    7.5000   45.0000    0.0000 2260.0879   31.1317
   -7.5000  -45.0000    7.5000 2685.6536   21.1144
    0.0000  -45.0000    7.5000 2700.4951   20.6976
    7.5000  -45.0000    7.5000 2709.0527   20.8976
   -7.5000  -37.5000    7.5000 2774.7781   19.9615
    0.0000  -37.5000    7.5000 2794.0159   19.6796
    7.5000  -37.5000    7.5000 2791.3745   19.8275
   -7.5000  -30.0000    7.5000 2847.8767   19.2759
    0.0000  -30.0000    7.5000 2871.8875   19.0404
    7.5000  -30.0000    7.5000 2857.3926   19.1803
   -7.5000  -22.5000    7.5000 2905.7422   18.9048
    0.0000  -22.5000    7.5000 2933.6321   18.6900
    7.5000  -22.5000    7.5000 2906.3718   18.8350
   -7.5000  -15.0000    7.5000 2932.8049   18.7231
    0.0000  -15.0000    7.5000 2954.3762   18.4697
    7.5000  -15.0000    7.5000 2924.8521   18.6583
   -7.5000   -7.5000    7.5000 2925.9153   18.7192
    0.0000   -7.5000    7.5000 2945.3936   18.4722
    7.5000   -7.5000    7.5000 2921.5928   18.6656
   -7.5000    0.0000    7.5000 2894.1016   19.1208
    0.0000    0.0000    7.5000 2912.4778   18.9253
    7.5000    0.0000    7.5000 2891.7888   19.1677
   -7.5000    7.5000    7.5000 2851.1675   19.9943
    0.0000    7.5000    7.5000 2868.1033   19.8060
    7.5000    7.5000    7.5000 2848.2288   20.0319
   -7.5000   15.0000    7.5000 2784.5479   21.2972
    0.0000   15.0000    7.5000 2798.2610   21.0571
    7.5000   15.0000    7.5000 2774.2217   21.2521
   -7.5000   22.5000    7.5000 2690.9644   23.0590
    0.0000   22.5000    7.5000 2697.8267   22.7987
    7.5000   22.5000    7.5000 2677.2935   22.9268
   -7.5000   30.0000    7.5000 2557.3662   25.3633
    0.0000   30.0000    7.5000 2570.8159   25.0715
    7.5000   30.0000    7.5000 2554.3303   25.1340
   -7.5000   37.5000    7.5000 2416.5317   28.1120
    0.0000   37.5000    7.5000 2437.2278   27.8189
    7.5000   37.5000    7.5000 2417.0144   27.8650
   -7.5000   45.0000    7.5000 2263.4475   31.4370
    0.0000   45.0000    7.5000 2276.7676   31.1695
    7.5000   45.0000    7.5000 2257.6455   31.2623
   -7.5000  -45.0000   15.0000 2647.0876   22.0271
    0.0000  -45.0000   15.0000 2674.6924   21.8474
    7.5000  -45.0000   15.0000 2661.9929   22.0006
   -7.5000  -37.5000   15.0000 2737.3687   20.7631
    0.0000  -37.5000   15.0000 2764.8389   20.5784
    7.5000  -37.5000   15.0000 2748.9724   20.7039
   -7.5000  -30.0000   15.0000 2809.0483   19.9617
    0.0000  -30.0000   15.0000 2840.0491   19.7585
    7.5000  -30.0000   15.0000 2816.6328   19.9148
   -7.5000  -22.5000   15.0000 2864.5691   19.4948
    0.0000  -22.5000   15.0000 2894.4309   19.2940
    7.5000  -22.5000   15.0000 2866.4954   19.4918
   -7.5000  -15.0000   15.0000 2887.6479   19.2251
    0.0000  -15.0000   15.0000 2911.1404   18.9645
    7.5000  -15.0000   15.0000 2885.2000   19.2472
   -7.5000   -7.5000   15.0000 2881.2195   19.2176
    0.0000   -7.5000   15.0000 2904.9062   19.0002
    7.5000   -7.5000   15.0000 2884.2180   19.2922
   -7.5000    0.0000   15.0000 2864.2092   19.7223
    0.0000    0.0000   15.0000 2879.9133   19.5432
    7.5000    0.0000   15.0000 2860.4924   19.7820
   -7.5000    7.5000   15.0000 2826.7075   20.6057
    0.0000    7.5000   15.0000 2842.2175   20.4625
    7.5000    7.5000   15.0000 2817.6562   20.6236
   -7.5000   15.0000   15.0000 2755.3188   21.8820
    0.0000   15.0000   15.0000 2768.5242   21.7518
    7.5000   15.0000   15.0000 2743.7317   21.8969
   -7.5000   22.5000   15.0000 2665.8198   23.5998
    0.0000   22.5000   15.0000 2676.5051   23.4503
    7.5000   22.5000   15.0000 2649.0566   23.5770
   -7.5000   30.0000   15.0000 2544.3254   25.8566
    0.0000   30.0000   15.0000 2558.1926   25.6381
    7.5000   30.0000   15.0000 2535.6274   25.7669
   -7.5000   37.5000   15.0000 2406.0522   28.6733
    0.0000   37.5000   15.0000 2420.0444   28.3376
    7.5000   37.5000   15.0000 2400.6304   28.4838
   -7.5000   45.0000   15.0000 2244.2959   32.0509
    0.0000   45.0000   15.0000 2258.8005   31.6969
    7.5000   45.0000   15.0000 2244.8730   31.8193
   -7.5000  -45.0000   22.5000 2594.9172   23.0935
    0.0000  -45.0000   22.5000 2619.3164   22.9531
    7.5000  -45.0000   22.5000 2609.6531   23.1857
   -7.5000  -37.5000   22.5000 2681.1731   21.6607
    0.0000  -37.5000   22.5000 2707.9438   21.5024
    7.5000  -37.5000   22.5000 2692.7371   21.7440
   -7.5000  -30.0000   22.5000 2750.8735   20.7213
    0.0000  -30.0000   22.5000 2782.3550   20.5691
    7.5000  -30.0000   22.5000 2761.3918   20.8032
   -7.5000  -22.5000   22.5000 2801.1978   20.1721
    0.0000  -22.5000   22.5000 2836.6033   19.9952
    7.5000  -22.5000   22.5000 2810.3247   20.2898
   -7.5000  -15.0000   22.5000 2826.2861   19.8811
    0.0000  -15.0000   22.5000 2854.2441   19.6780
    7.5000  -15.0000   22.5000 2829.3503   20.0746
   -7.5000   -7.5000   22.5000 2828.9270   20.0357
    0.0000   -7.5000   22.5000 2852.7083   19.8675
    7.5000   -7.5000   22.5000 2832.7161   20.1715
   -7.5000    0.0000   22.5000 2811.9912   20.6160
    0.0000    0.0000   22.5000 2833.9583   20.5038
    7.5000    0.0000   22.5000 2815.0027   20.6927
   -7.5000    7.5000   22.5000 2770.1873   21.5069
    0.0000    7.5000   22.5000 2791.7583   21.3987
    7.5000    7.5000   22.5000 2770.8711   21.5615
   -7.5000   15.0000   22.5000 2703.9934   22.6644
    0.0000   15.0000   22.5000 2719.4622   22.5866
    7.5000   15.0000   22.5000 2695.1902   22.7394
   -7.5000   22.5000   22.5000 2622.3906   24.3516
    0.0000   22.5000   22.5000 2635.9458   24.2433
    7.5000   22.5000   22.5000 2611.2297   24.3790
   -7.5000   30.0000   22.5000 2521.1855   26.5659
    0.0000   30.0000   22.5000 2534.6807   26.3989
    7.5000   30.0000   22.5000 2506.5667   26.5063
   -7.5000   37.5000   22.5000 2382.4272   29.2617
    0.0000   37.5000   22.5000 2395.7656   29.0435
    7.5000   37.5000   22.5000 2380.1299   29.1816
   -7.5000   45.0000   22.5000 2226.2197   32.6345
    0.0000   45.0000   22.5000 2238.4390   32.3063
    7.5000   45.0000   22.5000 2227.0454   32.5572
   -7.5000  -45.0000   30.0000 2536.8652   24.3041
    0.0000  -45.0000   30.0000 2554.3845   24.1687
    7.5000  -45.0000   30.0000 2548.3013   24.4965
   -7.5000  -37.5000   30.0000 2619.0613   22.7843
    0.0000  -37.5000   30.0000 2639.1311   22.6280
    7.5000  -37.5000   30.0000 2625.4561   22.9410
   -7.5000  -30.0000   30.0000 2684.2412   21.7466
    0.0000  -30.0000   30.0000 2713.1086   21.5835
    7.5000  -30.0000   30.0000 2691.3838   21.8941
   -7.5000  -22.5000   30.0000 2732.4512   21.0509
    0.0000  -22.5000   30.0000 2764.6025   20.8882
    7.5000  -22.5000   30.0000 2738.6953   21.2620
   -7.5000  -15.0000   30.0000 2758.6794   20.7958
    0.0000  -15.0000   30.0000 2788.5984   20.6140
    7.5000  -15.0000   30.0000 2760.6201   21.0134
   -7.5000   -7.5000   30.0000 2761.0811   21.0993
    0.0000   -7.5000   30.0000 2788.2595   20.9758
    7.5000   -7.5000   30.0000 2766.4573   21.2051
   -7.5000    0.0000   30.0000 2741.2893   21.7397
    0.0000    0.0000   30.0000 2763.7712   21.6343
    7.5000    0.0000   30.0000 2748.1099   21.8229
   -7.5000    7.5000   30.0000 2699.3674   22.6558
    0.0000    7.5000   30.0000 2718.8923   22.5337
    7.5000    7.5000   30.0000 2703.7073   22.7223
   -7.5000   15.0000   30.0000 2641.5601   23.7786
    0.0000   15.0000   30.0000 2659.6914   23.7060
    7.5000   15.0000   30.0000 2642.6606   23.8877
   -7.5000   22.5000   30.0000 2574.2681   25.3850
    0.0000   22.5000   30.0000 2589.2029   25.3023
    7.5000   22.5000   30.0000 2568.6699   25.4630
   -7.5000   30.0000   30.0000 2474.4822   27.4929
    0.0000   30.0000   30.0000 2485.9795   27.3992
    7.5000   30.0000   30.0000 2460.5708   27.5603
   -7.5000   37.5000   30.0000 2344.3071   30.1749
    0.0000   37.5000   30.0000 2358.7812   30.0337
    7.5000   37.5000   30.0000 2339.4036   30.2095
   -7.5000   45.0000   30.0000 2202.9722   33.4734
    0.0000   45.0000   30.0000 2213.7612   33.2016
    7.5000   45.0000   30.0000 2195.1064   33.5399
   -7.5000  -45.0000   37.5000 2476.0532   25.7767
    0.0000  -45.0000   37.5000 2487.7573   25.6376
    7.5000  -45.0000   37.5000 2480.6543   26.1084
   -7.5000  -37.5000   37.5000 2556.0046   24.1617
    0.0000  -37.5000   37.5000 2570.2954   23.9695
    7.5000  -37.5000   37.5000 2556.3579   24.4054
   -7.5000  -30.0000   37.5000 2616.6821   23.0213
    0.0000  -30.0000   37.5000 2638.4031   22.8496
    7.5000  -30.0000   37.5000 2613.3865   23.2065
   -7.5000  -22.5000   37.5000 2661.5378   22.2519
    0.0000  -22.5000   37.5000 2683.6782   22.0708
    7.5000  -22.5000   37.5000 2656.1238   22.4338
   -7.5000  -15.0000   37.5000 2686.0334   22.0324
    0.0000  -15.0000   37.5000 2710.0889   21.8536
    7.5000  -15.0000   37.5000 2679.4192   22.1798
   -7.5000   -7.5000   37.5000 2683.4363   22.3848
    0.0000   -7.5000   37.5000 2711.6182   22.2327
    7.5000   -7.5000   37.5000 2687.1377   22.4546
   -7.5000    0.0000   37.5000 2665.6306   23.0253
    0.0000    0.0000   37.5000 2688.3167   22.8855
    7.5000    0.0000   37.5000 2670.0635   23.1227
   -7.5000    7.5000   37.5000 2628.5869   23.9842
    0.0000    7.5000   37.5000 2649.1482   23.8463
    7.5000    7.5000   37.5000 2636.6831   24.0660
   -7.5000   15.0000   37.5000 2577.0154   25.1651
    0.0000   15.0000   37.5000 2594.2700   25.0496
    7.5000   15.0000   37.5000 2578.7466   25.2325
   -7.5000   22.5000   37.5000 2513.6646   26.7422
    0.0000   22.5000   37.5000 2532.0159   26.6529
    7.5000   22.5000   37.5000 2511.3391   26.8149
   -7.5000   30.0000   37.5000 2417.8325   28.7727
    0.0000   30.0000   37.5000 2432.3242   28.6735
    7.5000   30.0000   37.5000 2411.0381   28.8718
   -7.5000   37.5000   37.5000 2291.7905   31.4358
    0.0000   37.5000   37.5000 2308.2864   31.2058
    7.5000   37.5000   37.5000 2289.5635   31.4083
   -7.5000   45.0000   37.5000 2160.5837   34.8075
    0.0000   45.0000   37.5000 2172.1138   34.5502
    7.5000   45.0000   37.5000 2157.1262   34.9182
   -7.5000  -45.0000   45.0000 2403.1582   27.6251
    0.0000  -45.0000   45.0000 2418.3975   27.4179
    7.5000  -45.0000   45.0000 2403.9236   28.0523
   -7.5000  -37.5000   45.0000 2482.4045   25.9041
    0.0000  -37.5000   45.0000 2500.9866   25.7011
    7.5000  -37.5000   45.0000 2481.2593   26.2268
   -7.5000  -30.0000   45.0000 2540.6313   24.6349
    0.0000  -30.0000   45.0000 2560.7683   24.4616
    7.5000  -30.0000   45.0000 2535.9819   24.8859
   -7.5000  -22.5000   45.0000 2583.5859   23.7982
    0.0000  -22.5000   45.0000 2604.6096   23.5860
    7.5000  -22.5000   45.0000 2573.9861   23.9839
   -7.5000  -15.0000   45.0000 2605.0588   23.5553
    0.0000  -15.0000   45.0000 2624.3672   23.3531
    7.5000  -15.0000   45.0000 2594.5459   23.6413
   -7.5000   -7.5000   45.0000 2598.1943   23.9193
    0.0000   -7.5000   45.0000 2622.8916   23.7748
    7.5000   -7.5000   45.0000 2597.5378   23.9585
   -7.5000    0.0000   45.0000 2574.5664   24.5690
    0.0000    0.0000   45.0000 2601.2556   24.4702
    7.5000    0.0000   45.0000 2587.2419   24.6533
   -7.5000    7.5000   45.0000 2549.4685   25.5544
    0.0000    7.5000   45.0000 2572.0046   25.4545
    7.5000    7.5000   45.0000 2558.3127   25.6569
   -7.5000   15.0000   45.0000 2503.8396   26.8029
    0.0000   15.0000   45.0000 2523.5576   26.6834
    7.5000   15.0000   45.0000 2506.7505   26.8622
   -7.5000   22.5000   45.0000 2434.1528   28.3877
    0.0000   22.5000   45.0000 2456.1592   28.2511
    7.5000   22.5000   45.0000 2439.7051   28.4619
   -7.5000   30.0000   45.0000 2347.5181   30.4431
    0.0000   30.0000   45.0000 2357.8474   30.2166
    7.5000   30.0000   45.0000 2347.2405   30.4839
   -7.5000   37.5000   45.0000 2232.8428   33.1344
    0.0000   37.5000   45.0000 2243.3945   32.8648
    7.5000   37.5000   45.0000 2230.7708   33.1199
   -7.5000   45.0000   45.0000 2113.5330   36.5947
    0.0000   45.0000   45.0000 2120.9919   36.3125
    7.5000   45.0000   45.0000 2110.4216   36.7565

---------------------------------------------------------------------
imgreg_4dfp /usr/local/freesurfer/average/711-2C_as_mni_average_305 /usr/local/freesurfer/average/711-2B_as_mni_average_305_mask talsrcimg_g11 none talsrcimg_to_711-2C_as_mni_average_305_t4 1283
---------------------------------------------------------------------

freesurfer imgreg_4dfp.c
/usr/local/freesurfer/average/711-2C_as_mni_average_305.4dfp.img
       256       256       256         1
  1.000000  1.000000  1.000000
orientation T byte_order littleendian
Reading image: /usr/local/freesurfer/average/711-2C_as_mni_average_305.4dfp.img
dimensions:      256       256       256
mmppix:       1.0000   -1.0000   -1.0000
center:     128.0000 -129.0000 -129.0000
/usr/local/freesurfer/average/711-2B_as_mni_average_305_mask.4dfp.img
       256       256       256         1
  1.000000  1.000000  1.000000
orientation T byte_order littleendian
Reading mask: /usr/local/freesurfer/average/711-2B_as_mni_average_305_mask.4dfp.img (2306576 pixels)
talsrcimg_g11.4dfp.img
       256       256       256         1
  1.000000  1.000000  1.000000
orientation T byte_order littleendian
Reading image: talsrcimg_g11.4dfp.img
dimensions:      256       256       256
mmppix:       1.0000   -1.0000   -1.0000
center:     128.0000 -129.0000 -129.0000
rotation matrix determinant  1.000000
fimgreg.f
image alignment mode   1283 decimal      503 hex
parameters
    0.0000  -15.0000    7.5000    0.0000    0.0000    0.0000
eta,q 0.92489 18.51402
niter,ni,del,rscale     5    3   12.0000    1.2000
parameter  3  1.468024 ->  0.500000 qaram    1.1500
parameter  4  1.568609 ->  0.500000 qaram    1.1500
parameters
    0.6711  -13.4285    4.0500   -3.4500    2.1444   -1.7162
eta,q 0.92846 18.26258
  0.0842  0.0808  0.0713  0.0715  0.0743  0.0730
  0.0794  0.0793  0.0735  0.0723  0.0727  0.0719
  0.0777  0.0767  0.0750  0.0729  0.0723  0.0715
  0.0766  0.0755  0.0752  0.0743  0.0725  0.0720
  0.0756  0.0755  0.0756  0.0758  0.0720  0.0728
  0.0779  0.0760  0.0780  0.0775  0.0724  0.0737
  0.0813  0.0776  0.0820  0.0796  0.0723  0.0751
niter,ni,del,rscale     6    3   12.0000    1.2000
parameter  4 -0.778698 ->  0.500000 qaram    1.3225
parameter  5 -0.584156 -> -0.500000 qaram    1.1500
parameters
   -0.8101  -11.2576    2.7381   -7.4175    5.5944   -4.5321
eta,q 0.93641 18.26128
  0.0734  0.0753  0.0742  0.0622  0.0713  0.0650
  0.0725  0.0723  0.0712  0.0658  0.0690  0.0638
  0.0719  0.0711  0.0706  0.0692  0.0676  0.0637
  0.0715  0.0716  0.0721  0.0713  0.0669  0.0646
  0.0733  0.0721  0.0728  0.0727  0.0653  0.0663
  0.0741  0.0721  0.0732  0.0728  0.0646  0.0691
  0.0761  0.0712  0.0763  0.0734  0.0664  0.0720
niter,ni,del,rscale     7    3   12.0000    1.2000
parameter  2 -1.197590 -> -0.500000 qaram    1.1500
parameter  4  0.870355 ->  0.500000 qaram    1.5209
parameters
   -1.2468   -7.8076    2.2034  -11.9801    5.0394   -3.4942
eta,q 0.94361 18.23114
  0.0703  0.0699  0.0662  0.0563  0.0619  0.0640
  0.0688  0.0684  0.0625  0.0566  0.0588  0.0612
  0.0657  0.0666  0.0596  0.0567  0.0573  0.0584
  0.0636  0.0637  0.0586  0.0588  0.0565  0.0567
  0.0658  0.0601  0.0607  0.0638  0.0565  0.0565
  0.0699  0.0587  0.0642  0.0693  0.0598  0.0580
  0.0727  0.0614  0.0688  0.0722  0.0651  0.0607
niter,ni,del,rscale     7    3   12.0000    1.2000
parameters
   -1.4435   -8.1084    1.6286  -16.0188    5.2018   -3.3881
eta,q 0.94447 18.31550
  0.0653  0.0645  0.0629  0.0565  0.0628  0.0609
  0.0617  0.0598  0.0601  0.0551  0.0594  0.0583
  0.0580  0.0565  0.0566  0.0561  0.0568  0.0564
  0.0564  0.0564  0.0562  0.0562  0.0557  0.0556
  0.0577  0.0592  0.0578  0.0579  0.0545  0.0558
  0.0624  0.0618  0.0609  0.0626  0.0576  0.0578
  0.0668  0.0644  0.0662  0.0692  0.0636  0.0608
niter,ni,del,rscale     6    3   12.0000    1.2000
parameters
   -1.0062   -7.2686   -0.0070  -18.1635    4.8583   -3.3164
eta,q 0.94717 18.17855
  0.0664  0.0644  0.0602  0.0571  0.0596  0.0581
  0.0632  0.0590  0.0573  0.0529  0.0559  0.0554
  0.0592  0.0556  0.0540  0.0520  0.0541  0.0535
  0.0555  0.0550  0.0555  0.0542  0.0525  0.0528
  0.0554  0.0563  0.0583  0.0560  0.0525  0.0533
  0.0602  0.0573  0.0630  0.0570  0.0567  0.0551
  0.0651  0.0599  0.0682  0.0607  0.0622  0.0580
niter,ni,del,rscale     5    3   12.0000    1.2000
parameters
   -0.9328   -5.9967   -0.9672  -19.6302    4.7203   -3.4104
eta,q 0.94836 18.07932
  0.0623  0.0658  0.0600  0.0575  0.0593  0.0573
  0.0601  0.0591  0.0580  0.0532  0.0558  0.0541
  0.0568  0.0536  0.0537  0.0508  0.0534  0.0522
  0.0528  0.0527  0.0536  0.0528  0.0515  0.0516
  0.0530  0.0540  0.0563  0.0550  0.0511  0.0523
  0.0590  0.0551  0.0602  0.0573  0.0554  0.0543
  0.0635  0.0579  0.0655  0.0595  0.0615  0.0577
niter,ni,del,rscale     4    3   12.0000    1.2000
parameters
   -1.0972   -4.7676   -1.7239  -21.1854    4.9321   -3.4047
eta,q 0.94977 18.06784
  0.0608  0.0647  0.0593  0.0571  0.0593  0.0558
  0.0581  0.0577  0.0577  0.0530  0.0557  0.0530
  0.0549  0.0524  0.0531  0.0502  0.0528  0.0510
  0.0516  0.0518  0.0522  0.0516  0.0504  0.0502
  0.0523  0.0524  0.0554  0.0545  0.0498  0.0504
  0.0585  0.0545  0.0591  0.0572  0.0536  0.0524
  0.0631  0.0567  0.0634  0.0604  0.0599  0.0564
niter,ni,del,rscale     3    3   12.0000    1.2000
parameters
   -1.0229   -3.8012   -2.3255  -22.1661    5.0710   -3.4924
eta,q 0.95076 18.07574
  0.0617  0.0637  0.0594  0.0569  0.0583  0.0545
  0.0573  0.0561  0.0567  0.0534  0.0543  0.0518
  0.0535  0.0514  0.0516  0.0497  0.0513  0.0500
  0.0502  0.0502  0.0502  0.0499  0.0493  0.0492
  0.0511  0.0512  0.0538  0.0525  0.0490  0.0494
  0.0570  0.0540  0.0586  0.0560  0.0529  0.0513
  0.0618  0.0565  0.0629  0.0599  0.0589  0.0555
niter,ni,del,rscale     2    3   12.0000    1.2000
parameters
   -0.8051   -3.2156   -2.7162  -22.6358    5.0839   -3.6457
eta,q 0.95115 18.07859
  0.0613  0.0622  0.0600  0.0572  0.0577  0.0542
  0.0563  0.0551  0.0571  0.0539  0.0535  0.0513
  0.0524  0.0509  0.0513  0.0499  0.0506  0.0495
  0.0492  0.0491  0.0492  0.0490  0.0488  0.0488
  0.0500  0.0511  0.0527  0.0512  0.0490  0.0491
  0.0553  0.0541  0.0582  0.0545  0.0528  0.0512
  0.0602  0.0574  0.0627  0.0592  0.0585  0.0554
niter,ni,del,rscale     1    3   12.0000    1.2000
parameters
   -0.6784   -2.9321   -2.9249  -22.8605    5.0943   -3.7265
eta,q 0.95125 18.07838
  0.0603  0.0613  0.0605  0.0575  0.0575  0.0543
  0.0556  0.0549  0.0578  0.0542  0.0532  0.0513
  0.0517  0.0505  0.0518  0.0503  0.0505  0.0495
  0.0489  0.0488  0.0489  0.0488  0.0487  0.0487
  0.0498  0.0514  0.0521  0.0508  0.0490  0.0490
  0.0549  0.0545  0.0578  0.0540  0.0527  0.0510
  0.0599  0.0586  0.0625  0.0588  0.0582  0.0552
registration optimization eta report
parameter search radius
    6.0000    6.9000    6.9000    9.1253    6.9000    6.0000
100000*second partial in parameter space
       30.       22.       24.       11.       19.       17.
  0.0603  0.0613  0.0605  0.0575  0.0575  0.0543
  0.0556  0.0549  0.0578  0.0542  0.0532  0.0513
  0.0517  0.0505  0.0518  0.0503  0.0505  0.0495
  0.0489  0.0488  0.0489  0.0488  0.0487  0.0487
  0.0498  0.0514  0.0521  0.0508  0.0490  0.0490
  0.0549  0.0545  0.0578  0.0540  0.0527  0.0510
  0.0599  0.0586  0.0625  0.0588  0.0582  0.0552
   -0.6784   -2.9321   -2.9249  -22.8605    5.0943   -3.7265
eta,q 0.95125 18.07838

---------------------------------------------------------------------
imgreg_4dfp /usr/local/freesurfer/average/711-2C_as_mni_average_305 /usr/local/freesurfer/average/711-2B_as_mni_average_305_mask talsrcimg_g11 none talsrcimg_to_711-2C_as_mni_average_305_t4 3335
---------------------------------------------------------------------

freesurfer imgreg_4dfp.c
/usr/local/freesurfer/average/711-2C_as_mni_average_305.4dfp.img
       256       256       256         1
  1.000000  1.000000  1.000000
orientation T byte_order littleendian
Reading image: /usr/local/freesurfer/average/711-2C_as_mni_average_305.4dfp.img
dimensions:      256       256       256
mmppix:       1.0000   -1.0000   -1.0000
center:     128.0000 -129.0000 -129.0000
/usr/local/freesurfer/average/711-2B_as_mni_average_305_mask.4dfp.img
       256       256       256         1
  1.000000  1.000000  1.000000
orientation T byte_order littleendian
Reading mask: /usr/local/freesurfer/average/711-2B_as_mni_average_305_mask.4dfp.img (2306576 pixels)
talsrcimg_g11.4dfp.img
       256       256       256         1
  1.000000  1.000000  1.000000
orientation T byte_order littleendian
Reading image: talsrcimg_g11.4dfp.img
dimensions:      256       256       256
mmppix:       1.0000   -1.0000   -1.0000
center:     128.0000 -129.0000 -129.0000
fimgreg.f
image alignment mode   3335 decimal      D07 hex
parameters
   -0.6784   -2.9321   -2.9249   -0.6056   -8.2737   -8.2187
    9.4311   -5.6398   -6.4737   39.2986    8.8794  -38.6955
eta,q 0.95197 17.95907
niter,ni,del,rscale     5    3    5.0000    1.2000
parameter  4********** ->  0.500000 qaram    1.1500
parameter  5  2.244928 ->  0.500000 qaram    1.1500
parameter  6  0.632518 ->  0.500000 qaram    1.1500
parameter 11  0.621260 ->  0.500000 qaram    1.1500
parameter 12 -2.025511 -> -0.500000 qaram    1.1500
parameters
   -1.0537   -2.0393   -2.9298   -4.7456  -12.4137  -12.3587
    8.6248   -4.6487   -4.2482   36.9447    4.7394  -34.5555
eta,q 0.96590 17.68248
  0.0492  0.0502  0.0495  0.0356  0.0362  0.0365  0.0376  0.0420  0.0382  0.0366  0.0354  0.0384
  0.0485  0.0492  0.0488  0.0394  0.0374  0.0362  0.0368  0.0394  0.0372  0.0359  0.0353  0.0372
  0.0481  0.0485  0.0482  0.0436  0.0388  0.0363  0.0363  0.0374  0.0365  0.0357  0.0354  0.0362
  0.0480  0.0480  0.0478  0.0478  0.0405  0.0377  0.0362  0.0362  0.0360  0.0359  0.0357  0.0353
  0.0484  0.0478  0.0479  0.0517  0.0424  0.0412  0.0366  0.0360  0.0359  0.0365  0.0362  0.0346
  0.0492  0.0479  0.0486  0.0558  0.0447  0.0455  0.0373  0.0373  0.0361  0.0377  0.0371  0.0339
  0.0503  0.0483  0.0498  0.0597  0.0472  0.0506  0.0384  0.0398  0.0365  0.0394  0.0381  0.0335
niter,ni,del,rscale     7    3    5.0000    1.2000
parameter  2  0.900088 ->  0.500000 qaram    1.1500
parameter  3  0.819158 ->  0.500000 qaram    1.1500
parameter  4  1.939568 ->  0.500000 qaram    1.3225
parameter  5  2.680779 ->  0.500000 qaram    1.3225
parameters
   -1.2843   -3.4193   -4.3098   -9.5066  -17.1747  -13.7628
    9.0872   -4.2384   -5.2781   38.8760    4.1206  -31.5437
eta,q 0.97724 17.60181
  0.0363  0.0328  0.0322  0.0247  0.0217  0.0262  0.0267  0.0297  0.0247  0.0266  0.0245  0.0265
  0.0350  0.0329  0.0322  0.0256  0.0228  0.0246  0.0250  0.0265  0.0239  0.0252  0.0236  0.0251
  0.0342  0.0333  0.0325  0.0283  0.0244  0.0236  0.0239  0.0243  0.0234  0.0241  0.0232  0.0239
  0.0341  0.0341  0.0330  0.0322  0.0261  0.0232  0.0234  0.0234  0.0234  0.0233  0.0230  0.0230
  0.0346  0.0352  0.0338  0.0367  0.0280  0.0234  0.0236  0.0238  0.0238  0.0230  0.0233  0.0228
  0.0357  0.0366  0.0348  0.0412  0.0302  0.0261  0.0245  0.0256  0.0246  0.0234  0.0240  0.0230
  0.0373  0.0384  0.0362  0.0453  0.0326  0.0312  0.0259  0.0285  0.0258  0.0245  0.0250  0.0237
niter,ni,del,rscale     7    3    5.0000    1.2000
parameters
   -1.2630   -4.6349   -4.6132  -14.1819  -19.3099  -12.7302
    9.5276   -4.2761   -5.7096   37.4767    5.4605  -33.0245
eta,q 0.97984 17.31158
  0.0271  0.0232  0.0237  0.0225  0.0243  0.0256  0.0241  0.0250  0.0224  0.0223  0.0218  0.0218
  0.0248  0.0223  0.0226  0.0215  0.0223  0.0237  0.0223  0.0223  0.0212  0.0212  0.0211  0.0206
  0.0233  0.0221  0.0221  0.0211  0.0210  0.0221  0.0209  0.0208  0.0205  0.0205  0.0206  0.0202
  0.0228  0.0228  0.0221  0.0220  0.0212  0.0209  0.0203  0.0203  0.0203  0.0203  0.0204  0.0203
  0.0232  0.0241  0.0225  0.0256  0.0230  0.0199  0.0206  0.0207  0.0207  0.0209  0.0203  0.0209
  0.0247  0.0262  0.0233  0.0306  0.0256  0.0208  0.0217  0.0223  0.0216  0.0227  0.0206  0.0218
  0.0269  0.0286  0.0245  0.0359  0.0284  0.0248  0.0233  0.0252  0.0229  0.0255  0.0212  0.0230
niter,ni,del,rscale     6    3    5.0000    1.2000
parameters
   -1.2923   -4.5199   -4.4546  -15.0397  -19.8356  -12.6095
    9.9025   -4.4767   -5.6505   37.7182    5.4126  -33.4648
eta,q 0.97980 17.24667
  0.0236  0.0241  0.0226  0.0242  0.0249  0.0246  0.0240  0.0245  0.0227  0.0232  0.0214  0.0223
  0.0217  0.0220  0.0211  0.0223  0.0227  0.0227  0.0222  0.0222  0.0214  0.0217  0.0208  0.0210
  0.0205  0.0207  0.0204  0.0210  0.0210  0.0213  0.0209  0.0208  0.0205  0.0208  0.0204  0.0203
  0.0202  0.0202  0.0202  0.0202  0.0203  0.0203  0.0203  0.0203  0.0203  0.0203  0.0202  0.0202
  0.0206  0.0205  0.0204  0.0203  0.0213  0.0199  0.0205  0.0207  0.0205  0.0202  0.0204  0.0207
  0.0218  0.0216  0.0210  0.0227  0.0235  0.0214  0.0217  0.0224  0.0214  0.0211  0.0208  0.0215
  0.0238  0.0235  0.0219  0.0274  0.0260  0.0256  0.0234  0.0252  0.0226  0.0232  0.0215  0.0226
niter,ni,del,rscale     5    3    5.0000    1.2000
parameters
   -1.3310   -4.3944   -4.4958  -15.0982  -20.0519  -12.6190
    9.9152   -4.4839   -5.6396   37.8640    5.3423  -33.6350
eta,q 0.97982 17.23801
  0.0235  0.0241  0.0223  0.0246  0.0251  0.0245  0.0237  0.0247  0.0226  0.0231  0.0214  0.0224
  0.0217  0.0221  0.0210  0.0226  0.0228  0.0226  0.0219  0.0223  0.0213  0.0216  0.0208  0.0211
  0.0205  0.0207  0.0203  0.0211  0.0210  0.0212  0.0207  0.0208  0.0205  0.0207  0.0203  0.0203
  0.0202  0.0202  0.0202  0.0202  0.0202  0.0202  0.0202  0.0202  0.0202  0.0202  0.0202  0.0202
  0.0206  0.0205  0.0205  0.0199  0.0211  0.0199  0.0206  0.0206  0.0205  0.0202  0.0203  0.0206
  0.0218  0.0216  0.0212  0.0216  0.0231  0.0214  0.0219  0.0222  0.0213  0.0211  0.0207  0.0214
  0.0237  0.0235  0.0223  0.0259  0.0256  0.0258  0.0237  0.0249  0.0226  0.0232  0.0215  0.0224
niter,ni,del,rscale     4    3    5.0000    1.2000
parameters
   -1.3304   -4.3674   -4.5211  -15.0660  -20.1254  -12.6315
    9.9088   -4.4759   -5.6467   37.9086    5.3351  -33.6929
eta,q 0.97984 17.23887
  0.0236  0.0238  0.0223  0.0247  0.0252  0.0245  0.0236  0.0247  0.0226  0.0230  0.0214  0.0225
  0.0217  0.0219  0.0210  0.0227  0.0229  0.0226  0.0219  0.0223  0.0213  0.0216  0.0208  0.0211
  0.0205  0.0206  0.0203  0.0211  0.0210  0.0212  0.0206  0.0208  0.0204  0.0207  0.0203  0.0203
  0.0202  0.0202  0.0202  0.0202  0.0202  0.0202  0.0202  0.0202  0.0202  0.0202  0.0202  0.0202
  0.0206  0.0206  0.0205  0.0199  0.0209  0.0199  0.0206  0.0206  0.0205  0.0202  0.0203  0.0206
  0.0217  0.0218  0.0212  0.0215  0.0230  0.0214  0.0218  0.0221  0.0213  0.0211  0.0207  0.0213
  0.0236  0.0237  0.0222  0.0258  0.0254  0.0258  0.0237  0.0248  0.0226  0.0233  0.0215  0.0224
registration optimization eta report
parameter search radius
    2.4000    2.7600    2.7600    9.5220    9.5220    8.2800
    7.2000    7.2000    7.2000    7.2000    8.2800    8.2800
100000*second partial in parameter space
       59.       47.       28.        6.        6.        7.
        7.        9.        5.        6.        2.        3.
  0.0236  0.0238  0.0223  0.0247  0.0252  0.0245  0.0236  0.0247  0.0226  0.0230  0.0214  0.0225
  0.0217  0.0219  0.0210  0.0227  0.0229  0.0226  0.0219  0.0223  0.0213  0.0216  0.0208  0.0211
  0.0205  0.0206  0.0203  0.0211  0.0210  0.0212  0.0206  0.0208  0.0204  0.0207  0.0203  0.0203
  0.0202  0.0202  0.0202  0.0202  0.0202  0.0202  0.0202  0.0202  0.0202  0.0202  0.0202  0.0202
  0.0206  0.0206  0.0205  0.0199  0.0209  0.0199  0.0206  0.0206  0.0205  0.0202  0.0203  0.0206
  0.0217  0.0218  0.0212  0.0215  0.0230  0.0214  0.0218  0.0221  0.0213  0.0211  0.0207  0.0213
  0.0236  0.0237  0.0222  0.0258  0.0254  0.0258  0.0237  0.0248  0.0226  0.0233  0.0215  0.0224
   -1.3304   -4.3674   -4.5211  -15.0660  -20.1254  -12.6315
    9.9088   -4.4759   -5.6467   37.9086    5.3351  -33.6929
eta,q 0.97984 17.23887

---------------------------------------------------------------------
imgreg_4dfp /usr/local/freesurfer/average/711-2C_as_mni_average_305 /usr/local/freesurfer/average/711-2B_as_mni_average_305_mask talsrcimg_g11 none talsrcimg_to_711-2C_as_mni_average_305_t4 2311
---------------------------------------------------------------------

freesurfer imgreg_4dfp.c
/usr/local/freesurfer/average/711-2C_as_mni_average_305.4dfp.img
       256       256       256         1
  1.000000  1.000000  1.000000
orientation T byte_order littleendian
Reading image: /usr/local/freesurfer/average/711-2C_as_mni_average_305.4dfp.img
dimensions:      256       256       256
mmppix:       1.0000   -1.0000   -1.0000
center:     128.0000 -129.0000 -129.0000
/usr/local/freesurfer/average/711-2B_as_mni_average_305_mask.4dfp.img
       256       256       256         1
  1.000000  1.000000  1.000000
orientation T byte_order littleendian
Reading mask: /usr/local/freesurfer/average/711-2B_as_mni_average_305_mask.4dfp.img (2306576 pixels)
talsrcimg_g11.4dfp.img
       256       256       256         1
  1.000000  1.000000  1.000000
orientation T byte_order littleendian
Reading image: talsrcimg_g11.4dfp.img
dimensions:      256       256       256
mmppix:       1.0000   -1.0000   -1.0000
center:     128.0000 -129.0000 -129.0000
fimgreg.f
image alignment mode   2311 decimal      907 hex
parameters
   -1.3304   -4.3674   -4.5211  -15.0660  -20.1254  -12.6315
    9.9088   -4.4759   -5.6467   37.9086    5.3351  -33.6929
eta,q 0.97984 17.23887
niter,ni,del,rscale     5    3    5.0000    0.8000
parameters
   -1.3385   -4.3666   -4.6631  -13.0086  -20.4266  -11.5322
    9.7785   -4.4313   -5.7287   38.6033    5.4199  -33.8808
eta,q 0.98069 17.44694
  0.0217  0.0214  0.0207  0.0218  0.0214  0.0219  0.0211  0.0219  0.0205  0.0215  0.0199  0.0202
  0.0208  0.0207  0.0204  0.0211  0.0205  0.0211  0.0202  0.0205  0.0199  0.0206  0.0196  0.0197
  0.0203  0.0203  0.0202  0.0206  0.0200  0.0205  0.0196  0.0197  0.0195  0.0199  0.0194  0.0194
  0.0202  0.0202  0.0202  0.0202  0.0198  0.0198  0.0194  0.0194  0.0194  0.0194  0.0193  0.0193
  0.0204  0.0203  0.0203  0.0199  0.0201  0.0194  0.0197  0.0196  0.0196  0.0193  0.0194  0.0195
  0.0209  0.0207  0.0206  0.0199  0.0208  0.0199  0.0203  0.0204  0.0199  0.0197  0.0196  0.0198
  0.0217  0.0214  0.0209  0.0203  0.0218  0.0209  0.0213  0.0219  0.0206  0.0207  0.0199  0.0203
niter,ni,del,rscale     4    3    5.0000    0.7000
parameters
   -1.2954   -4.4060   -4.3396  -13.2430  -20.4529  -11.1314
    9.7969   -4.3847   -5.7529   38.6531    5.4661  -33.8988
eta,q 0.98080 17.45128
  0.0208  0.0203  0.0206  0.0203  0.0207  0.0212  0.0206  0.0211  0.0201  0.0206  0.0197  0.0199
  0.0200  0.0197  0.0200  0.0199  0.0200  0.0206  0.0199  0.0201  0.0196  0.0200  0.0194  0.0195
  0.0195  0.0194  0.0195  0.0195  0.0195  0.0200  0.0194  0.0195  0.0193  0.0195  0.0193  0.0193
  0.0193  0.0193  0.0193  0.0193  0.0193  0.0193  0.0192  0.0192  0.0192  0.0192  0.0192  0.0192
  0.0194  0.0194  0.0193  0.0193  0.0195  0.0193  0.0194  0.0193  0.0193  0.0193  0.0192  0.0193
  0.0199  0.0198  0.0194  0.0198  0.0200  0.0200  0.0198  0.0200  0.0196  0.0198  0.0194  0.0195
  0.0206  0.0204  0.0198  0.0209  0.0208  0.0209  0.0206  0.0211  0.0201  0.0207  0.0197  0.0199
niter,ni,del,rscale     3    3    5.0000    0.6000
parameters
   -1.3094   -4.3365   -4.1774  -13.0895  -20.5770  -10.8865
    9.7999   -4.3836   -5.7652   38.7453    5.4412  -33.9257
eta,q 0.98088 17.46745
  0.0202  0.0201  0.0201  0.0201  0.0202  0.0208  0.0202  0.0205  0.0198  0.0203  0.0195  0.0197
  0.0196  0.0196  0.0196  0.0197  0.0196  0.0203  0.0196  0.0198  0.0194  0.0197  0.0193  0.0194
  0.0193  0.0193  0.0193  0.0194  0.0193  0.0197  0.0193  0.0193  0.0192  0.0193  0.0192  0.0192
  0.0192  0.0192  0.0192  0.0192  0.0192  0.0192  0.0191  0.0191  0.0191  0.0191  0.0191  0.0191
  0.0193  0.0193  0.0192  0.0192  0.0193  0.0193  0.0193  0.0193  0.0192  0.0192  0.0192  0.0192
  0.0197  0.0195  0.0194  0.0194  0.0197  0.0199  0.0196  0.0197  0.0194  0.0196  0.0193  0.0194
  0.0202  0.0199  0.0197  0.0201  0.0204  0.0206  0.0202  0.0206  0.0198  0.0202  0.0195  0.0197
niter,ni,del,rscale     2    3    5.0000    0.5000
parameters
   -1.3117   -4.2922   -4.0720  -12.9006  -20.6765  -10.7217
    9.7731   -4.3683   -5.7861   38.8214    5.3924  -33.9414
eta,q 0.98091 17.48279
  0.0198  0.0197  0.0197  0.0198  0.0199  0.0205  0.0198  0.0201  0.0196  0.0199  0.0193  0.0195
  0.0194  0.0194  0.0194  0.0195  0.0194  0.0200  0.0194  0.0195  0.0193  0.0195  0.0192  0.0193
  0.0192  0.0192  0.0192  0.0193  0.0192  0.0194  0.0192  0.0192  0.0191  0.0192  0.0191  0.0191
  0.0191  0.0191  0.0191  0.0191  0.0191  0.0191  0.0191  0.0191  0.0191  0.0191  0.0191  0.0191
  0.0192  0.0192  0.0191  0.0191  0.0192  0.0192  0.0192  0.0192  0.0192  0.0191  0.0191  0.0191
  0.0194  0.0193  0.0193  0.0193  0.0195  0.0197  0.0194  0.0195  0.0193  0.0194  0.0192  0.0193
  0.0198  0.0196  0.0195  0.0197  0.0200  0.0203  0.0199  0.0201  0.0196  0.0199  0.0194  0.0195
niter,ni,del,rscale     1    3    5.0000    0.4000
parameters
   -1.3076   -4.2637   -3.9982  -12.7415  -20.7554  -10.6263
    9.7522   -4.3453   -5.8180   38.8923    5.3505  -33.9443
eta,q 0.98093 17.49464
  0.0196  0.0195  0.0195  0.0195  0.0196  0.0201  0.0196  0.0197  0.0194  0.0196  0.0192  0.0193
  0.0193  0.0193  0.0193  0.0193  0.0193  0.0197  0.0193  0.0194  0.0192  0.0193  0.0191  0.0192
  0.0191  0.0191  0.0191  0.0192  0.0191  0.0193  0.0191  0.0192  0.0191  0.0192  0.0191  0.0191
  0.0191  0.0191  0.0191  0.0191  0.0191  0.0191  0.0191  0.0191  0.0191  0.0191  0.0191  0.0191
  0.0191  0.0191  0.0191  0.0191  0.0191  0.0192  0.0191  0.0191  0.0191  0.0191  0.0191  0.0191
  0.0193  0.0192  0.0192  0.0192  0.0193  0.0196  0.0193  0.0193  0.0192  0.0193  0.0191  0.0192
  0.0195  0.0194  0.0194  0.0195  0.0196  0.0200  0.0196  0.0197  0.0194  0.0196  0.0193  0.0193
registration optimization eta report
parameter search radius
    0.8000    0.8000    0.8000    2.4000    2.4000    2.4000
    2.4000    2.4000    2.4000    2.4000    2.4000    2.4000
100000*second partial in parameter space
       73.       57.       51.        8.        9.       17.
        9.       11.        5.        9.        3.        4.
  0.0196  0.0195  0.0195  0.0195  0.0196  0.0201  0.0196  0.0197  0.0194  0.0196  0.0192  0.0193
  0.0193  0.0193  0.0193  0.0193  0.0193  0.0197  0.0193  0.0194  0.0192  0.0193  0.0191  0.0192
  0.0191  0.0191  0.0191  0.0192  0.0191  0.0193  0.0191  0.0192  0.0191  0.0192  0.0191  0.0191
  0.0191  0.0191  0.0191  0.0191  0.0191  0.0191  0.0191  0.0191  0.0191  0.0191  0.0191  0.0191
  0.0191  0.0191  0.0191  0.0191  0.0191  0.0192  0.0191  0.0191  0.0191  0.0191  0.0191  0.0191
  0.0193  0.0192  0.0192  0.0192  0.0193  0.0196  0.0193  0.0193  0.0192  0.0193  0.0191  0.0192
  0.0195  0.0194  0.0194  0.0195  0.0196  0.0200  0.0196  0.0197  0.0194  0.0196  0.0193  0.0193
   -1.3076   -4.2637   -3.9982  -12.7415  -20.7554  -10.6263
    9.7522   -4.3453   -5.8180   38.8923    5.3505  -33.9443
eta,q 0.98093 17.49464

---------------------------------------------------------------------
imgreg_4dfp /usr/local/freesurfer/average/711-2C_as_mni_average_305 /usr/local/freesurfer/average/711-2B_as_mni_average_305_mask talsrcimg_g11 none talsrcimg_to_711-2C_as_mni_average_305_t4 2311
---------------------------------------------------------------------

freesurfer imgreg_4dfp.c
/usr/local/freesurfer/average/711-2C_as_mni_average_305.4dfp.img
       256       256       256         1
  1.000000  1.000000  1.000000
orientation T byte_order littleendian
Reading image: /usr/local/freesurfer/average/711-2C_as_mni_average_305.4dfp.img
dimensions:      256       256       256
mmppix:       1.0000   -1.0000   -1.0000
center:     128.0000 -129.0000 -129.0000
/usr/local/freesurfer/average/711-2B_as_mni_average_305_mask.4dfp.img
       256       256       256         1
  1.000000  1.000000  1.000000
orientation T byte_order littleendian
Reading mask: /usr/local/freesurfer/average/711-2B_as_mni_average_305_mask.4dfp.img (2306576 pixels)
talsrcimg_g11.4dfp.img
       256       256       256         1
  1.000000  1.000000  1.000000
orientation T byte_order littleendian
Reading image: talsrcimg_g11.4dfp.img
dimensions:      256       256       256
mmppix:       1.0000   -1.0000   -1.0000
center:     128.0000 -129.0000 -129.0000
fimgreg.f
image alignment mode   2311 decimal      907 hex
parameters
   -1.3076   -4.2637   -3.9982  -12.7415  -20.7554  -10.6263
    9.7522   -4.3453   -5.8180   38.8923    5.3505  -33.9443
eta,q 0.98093 17.49464
niter,ni,del,rscale     5    3    5.0000    0.8000
parameters
   -1.3015   -4.2497   -3.9687  -13.4042  -20.7034  -10.9356
    9.8223   -4.4049   -5.7883   38.6335    5.5005  -33.7626
eta,q 0.98082 17.43650
  0.0210  0.0205  0.0203  0.0203  0.0211  0.0213  0.0210  0.0215  0.0203  0.0208  0.0198  0.0202
  0.0199  0.0197  0.0197  0.0197  0.0201  0.0206  0.0200  0.0202  0.0197  0.0200  0.0195  0.0196
  0.0193  0.0192  0.0192  0.0193  0.0194  0.0197  0.0194  0.0195  0.0193  0.0194  0.0193  0.0193
  0.0191  0.0191  0.0191  0.0191  0.0191  0.0191  0.0192  0.0192  0.0192  0.0192  0.0192  0.0192
  0.0193  0.0192  0.0192  0.0192  0.0193  0.0196  0.0194  0.0194  0.0193  0.0193  0.0192  0.0193
  0.0199  0.0197  0.0196  0.0201  0.0200  0.0206  0.0200  0.0202  0.0197  0.0201  0.0194  0.0196
  0.0209  0.0205  0.0203  0.0218  0.0210  0.0223  0.0209  0.0217  0.0203  0.0214  0.0198  0.0200
niter,ni,del,rscale     4    3    5.0000    0.7000
parameters
   -1.3258   -4.2594   -4.0901  -13.2324  -20.6203  -10.9032
    9.8198   -4.4164   -5.7709   38.6687    5.4960  -33.7970
eta,q 0.98086 17.45179
  0.0205  0.0202  0.0199  0.0204  0.0207  0.0210  0.0206  0.0210  0.0200  0.0206  0.0196  0.0199
  0.0197  0.0197  0.0195  0.0199  0.0199  0.0204  0.0198  0.0200  0.0196  0.0199  0.0194  0.0195
  0.0193  0.0193  0.0192  0.0194  0.0194  0.0197  0.0193  0.0194  0.0192  0.0194  0.0192  0.0192
  0.0192  0.0192  0.0192  0.0192  0.0192  0.0191  0.0191  0.0191  0.0191  0.0191  0.0191  0.0191
  0.0194  0.0193  0.0193  0.0191  0.0193  0.0194  0.0193  0.0193  0.0192  0.0192  0.0192  0.0193
  0.0198  0.0197  0.0197  0.0195  0.0198  0.0202  0.0198  0.0199  0.0195  0.0197  0.0194  0.0195
  0.0206  0.0203  0.0202  0.0204  0.0206  0.0212  0.0206  0.0211  0.0200  0.0207  0.0196  0.0199
niter,ni,del,rscale     3    3    5.0000    0.6000
parameters
   -1.3212   -4.2801   -4.0774  -13.0598  -20.6360  -10.7778
    9.7964   -4.3962   -5.7765   38.7271    5.4572  -33.8508
eta,q 0.98089 17.46859
  0.0202  0.0199  0.0198  0.0201  0.0202  0.0208  0.0202  0.0205  0.0198  0.0202  0.0195  0.0197
  0.0196  0.0195  0.0195  0.0197  0.0196  0.0202  0.0196  0.0198  0.0194  0.0197  0.0193  0.0193
  0.0193  0.0192  0.0192  0.0194  0.0193  0.0196  0.0192  0.0193  0.0192  0.0193  0.0191  0.0192
  0.0191  0.0191  0.0191  0.0191  0.0191  0.0191  0.0191  0.0191  0.0191  0.0191  0.0191  0.0191
  0.0192  0.0192  0.0192  0.0191  0.0193  0.0193  0.0192  0.0192  0.0192  0.0192  0.0191  0.0192
  0.0196  0.0195  0.0195  0.0194  0.0196  0.0199  0.0196  0.0197  0.0194  0.0196  0.0193  0.0194
  0.0201  0.0200  0.0198  0.0201  0.0203  0.0207  0.0202  0.0205  0.0198  0.0203  0.0195  0.0197
niter,ni,del,rscale     2    3    5.0000    0.5000
parameters
   -1.3145   -4.2739   -4.0271  -12.8913  -20.6981  -10.6694
    9.7774   -4.3707   -5.7977   38.8004    5.4085  -33.8899
eta,q 0.98092 17.48276
  0.0198  0.0197  0.0197  0.0198  0.0199  0.0205  0.0198  0.0201  0.0195  0.0199  0.0193  0.0195
  0.0194  0.0194  0.0194  0.0195  0.0194  0.0200  0.0194  0.0195  0.0193  0.0195  0.0192  0.0192
  0.0192  0.0192  0.0192  0.0193  0.0192  0.0194  0.0192  0.0192  0.0191  0.0192  0.0191  0.0191
  0.0191  0.0191  0.0191  0.0191  0.0191  0.0191  0.0191  0.0191  0.0191  0.0191  0.0191  0.0191
  0.0192  0.0192  0.0191  0.0191  0.0192  0.0193  0.0192  0.0192  0.0191  0.0191  0.0191  0.0191
  0.0194  0.0194  0.0193  0.0193  0.0195  0.0198  0.0194  0.0195  0.0193  0.0194  0.0192  0.0193
  0.0198  0.0197  0.0196  0.0197  0.0199  0.0203  0.0199  0.0201  0.0196  0.0199  0.0194  0.0195
niter,ni,del,rscale     1    3    5.0000    0.4000
parameters
   -1.3098   -4.2561   -3.9768  -12.7329  -20.7633  -10.5996
    9.7623   -4.3489   -5.8192   38.8762    5.3666  -33.9200
eta,q 0.98093 17.49472
  0.0196  0.0195  0.0194  0.0195  0.0196  0.0201  0.0196  0.0197  0.0194  0.0196  0.0192  0.0193
  0.0193  0.0193  0.0193  0.0193  0.0193  0.0197  0.0193  0.0194  0.0192  0.0193  0.0191  0.0192
  0.0191  0.0191  0.0191  0.0192  0.0191  0.0193  0.0191  0.0192  0.0191  0.0192  0.0191  0.0191
  0.0191  0.0191  0.0191  0.0191  0.0191  0.0191  0.0191  0.0191  0.0191  0.0191  0.0191  0.0191
  0.0191  0.0191  0.0191  0.0191  0.0191  0.0192  0.0191  0.0191  0.0191  0.0191  0.0191  0.0191
  0.0193  0.0192  0.0192  0.0192  0.0193  0.0196  0.0193  0.0193  0.0192  0.0193  0.0192  0.0192
  0.0195  0.0194  0.0194  0.0195  0.0196  0.0200  0.0196  0.0197  0.0194  0.0196  0.0193  0.0193
registration optimization eta report
parameter search radius
    0.8000    0.8000    0.8000    2.4000    2.4000    2.4000
    2.4000    2.4000    2.4000    2.4000    2.4000    2.4000
100000*second partial in parameter space
       73.       57.       51.        8.        9.       17.
        8.       11.        5.        9.        3.        4.
  0.0196  0.0195  0.0194  0.0195  0.0196  0.0201  0.0196  0.0197  0.0194  0.0196  0.0192  0.0193
  0.0193  0.0193  0.0193  0.0193  0.0193  0.0197  0.0193  0.0194  0.0192  0.0193  0.0191  0.0192
  0.0191  0.0191  0.0191  0.0192  0.0191  0.0193  0.0191  0.0192  0.0191  0.0192  0.0191  0.0191
  0.0191  0.0191  0.0191  0.0191  0.0191  0.0191  0.0191  0.0191  0.0191  0.0191  0.0191  0.0191
  0.0191  0.0191  0.0191  0.0191  0.0191  0.0192  0.0191  0.0191  0.0191  0.0191  0.0191  0.0191
  0.0193  0.0192  0.0192  0.0192  0.0193  0.0196  0.0193  0.0193  0.0192  0.0193  0.0192  0.0192
  0.0195  0.0194  0.0194  0.0195  0.0196  0.0200  0.0196  0.0197  0.0194  0.0196  0.0193  0.0193
   -1.3098   -4.2561   -3.9768  -12.7329  -20.7633  -10.5996
    9.7623   -4.3489   -5.8192   38.8762    5.3666  -33.9200
eta,q 0.98093 17.49472

---------------------------------------------------------------------
compute_vox2vox talsrcimg talsrcimg_to_711-2C_as_mni_average_305_t4 /usr/local/freesurfer/average/711-2C_as_mni_average_305
---------------------------------------------------------------------

freesurfer compute_vox2vox.c
Reading: talsrcimg.4dfp.ifh
Reading: talsrcimg_to_711-2C_as_mni_average_305_t4
Reading: /usr/local/freesurfer/average/711-2C_as_mni_average_305.4dfp.ifh
Writing: talsrcimg_to_711-2C_as_mni_average_305_t4_vox2vox.txt

start time Fri May 30 01:09:23 UTC 2025
end		time Fri May 30 01:09:44 UTC 2025

mpr2mni305 success

avi2talxfm orig_nu.mgz /usr/local/freesurfer/average/mni305.cor.mgz talsrcimg_to_711-2C_as_mni_average_305_t4_vox2vox.txt transforms/talairach.auto.xfm
avi2talxfm done
mv -f /home/freesurfer/subjects/sub-016/mri/talsrcimg_to_711-2C_as_mni_average_305_t4_vox2vox.txt /home/freesurfer/subjects/sub-016/mri/transforms/talsrcimg_to_711-2C_as_mni_average_305_t4_vox2vox.txt
lta_convert --src orig_nu.mgz --trg /usr/local/freesurfer/average/mni305.cor.mgz --inxfm transforms/talairach.auto.xfm --outlta transforms/talairach.auto.xfm.lta --subject fsaverage
7.4.1

--src: orig_nu.mgz src image (geometry).
--trg: /usr/local/freesurfer/average/mni305.cor.mgz trg image (geometry).
--inmni: transforms/talairach.auto.xfm input MNI/XFM transform.
--outlta: transforms/talairach.auto.xfm.lta output LTA.
--s: fsaverage subject name
 LTA read, type : 1
 1.13338   0.09767  -0.09782   2.85984;
-0.03073   0.94037   0.40634  -35.73404;
 0.09832  -0.45420   1.05549  -33.52438;
 0.00000   0.00000   0.00000   1.00000;
setting subject to fsaverage
Writing  LTA to file transforms/talairach.auto.xfm.lta...
lta_convert successful.
 
 
Started at Fri May 30 01:09:22 UTC 2025
Ended   at Fri May 30 01:09:44 UTC 2025
talairach_avi done
