status file for recon-all
Tue Jun  3 00:22:27 UTC 2025
#@# MotionCor Tue Jun  3 00:22:30 UTC 2025
#@# Talairach Tue Jun  3 00:22:38 UTC 2025
#@# Talairach Failure Detection Tue Jun  3 00:25:46 UTC 2025
#@# Nu Intensity Correction Tue Jun  3 00:25:46 UTC 2025
#@# Intensity Normalization Tue Jun  3 00:29:00 UTC 2025
#@# Skull Stripping Tue Jun  3 00:32:14 UTC 2025
#@# EM Registration Tue Jun  3 00:41:57 UTC 2025
#@# CA Normalize Tue Jun  3 00:51:24 UTC 2025
#@# CA Reg Tue Jun  3 00:52:46 UTC 2025
#@# SubCort Seg Tue Jun  3 03:04:13 UTC 2025
#@# CC Seg Tue Jun  3 03:56:04 UTC 2025
#@# Merge ASeg Tue Jun  3 03:57:08 UTC 2025
#@# Intensity Normalization2 Tue Jun  3 03:57:08 UTC 2025
#@# Mask BFS Tue Jun  3 04:01:37 UTC 2025
#@# WM Segmentation Tue Jun  3 04:01:39 UTC 2025
#@# Fill Tue Jun  3 04:06:40 UTC 2025
#@# Tessellate lh Tue Jun  3 04:08:15 UTC 2025
#@# Tessellate rh Tue Jun  3 04:08:20 UTC 2025
#@# Smooth1 lh Tue Jun  3 04:08:25 UTC 2025
#@# Smooth1 rh Tue Jun  3 04:08:28 UTC 2025
#@# Inflation1 lh Tue Jun  3 04:08:31 UTC 2025
#@# Inflation1 rh Tue Jun  3 04:08:47 UTC 2025
#@# QSphere lh Tue Jun  3 04:09:03 UTC 2025
#@# QSphere rh Tue Jun  3 04:10:49 UTC 2025
#@# Fix Topology lh Tue Jun  3 04:12:42 UTC 2025
#@# Fix Topology rh Tue Jun  3 04:15:37 UTC 2025
#@# Smooth2 lh Tue Jun  3 04:31:31 UTC 2025
#@# Smooth2 rh Tue Jun  3 04:31:34 UTC 2025
#@# Inflation2 lh Tue Jun  3 04:31:38 UTC 2025
#@# Inflation2 rh Tue Jun  3 04:31:58 UTC 2025
#@# Curv .H and .K lh Tue Jun  3 04:32:19 UTC 2025
#@# Curv .H and .K rh Tue Jun  3 04:33:05 UTC 2025
#@# Sphere lh Tue Jun  3 04:33:52 UTC 2025
#@# Sphere rh Tue Jun  3 04:44:15 UTC 2025
#@# Surf Reg lh Tue Jun  3 04:54:21 UTC 2025
#@# Surf Reg rh Tue Jun  3 05:03:31 UTC 2025
#@# Jacobian white lh Tue Jun  3 05:12:01 UTC 2025
#@# Jacobian white rh Tue Jun  3 05:12:02 UTC 2025
#@# AvgCurv lh Tue Jun  3 05:12:03 UTC 2025
#@# AvgCurv rh Tue Jun  3 05:12:03 UTC 2025
#@# Cortical Parc lh Tue Jun  3 05:12:04 UTC 2025
#@# Cortical Parc rh Tue Jun  3 05:12:18 UTC 2025
#@# white curv lh Tue Jun  3 05:30:39 UTC 2025
#@# white area lh Tue Jun  3 05:30:41 UTC 2025
#@# pial curv lh Tue Jun  3 05:30:42 UTC 2025
#@# pial area lh Tue Jun  3 05:30:44 UTC 2025
#@# thickness lh Tue Jun  3 05:30:45 UTC 2025
#@# area and vertex vol lh Tue Jun  3 05:31:13 UTC 2025
#@# white curv rh Tue Jun  3 05:31:15 UTC 2025
#@# white area rh Tue Jun  3 05:31:17 UTC 2025
#@# pial curv rh Tue Jun  3 05:31:18 UTC 2025
#@# pial area rh Tue Jun  3 05:31:20 UTC 2025
#@# thickness rh Tue Jun  3 05:31:21 UTC 2025
#@# area and vertex vol rh Tue Jun  3 05:31:49 UTC 2025
#@# Curvature Stats lh Tue Jun  3 05:31:51 UTC 2025
#@# Curvature Stats rh Tue Jun  3 05:31:54 UTC 2025
#@# Cortical ribbon mask Tue Jun  3 05:31:58 UTC 2025
#@# Cortical Parc 2 lh Tue Jun  3 05:38:45 UTC 2025
#@# Cortical Parc 2 rh Tue Jun  3 05:39:07 UTC 2025
#@# Cortical Parc 3 lh Tue Jun  3 05:39:28 UTC 2025
#@# Cortical Parc 3 rh Tue Jun  3 05:39:44 UTC 2025
#@# WM/GM Contrast lh Tue Jun  3 05:39:59 UTC 2025
#@# WM/GM Contrast rh Tue Jun  3 05:40:03 UTC 2025
#@# Relabel Hypointensities Tue Jun  3 05:40:07 UTC 2025
#@# APas-to-ASeg Tue Jun  3 05:40:37 UTC 2025
#@# AParc-to-ASeg aparc Tue Jun  3 05:40:54 UTC 2025
#@# AParc-to-ASeg aparc.a2009s Tue Jun  3 05:43:47 UTC 2025
#@# AParc-to-ASeg aparc.DKTatlas Tue Jun  3 05:46:37 UTC 2025
#@# WMParc Tue Jun  3 05:49:29 UTC 2025
#@# Parcellation Stats lh Tue Jun  3 05:56:50 UTC 2025
#@# Parcellation Stats rh Tue Jun  3 05:57:14 UTC 2025
#@# Parcellation Stats 2 lh Tue Jun  3 05:57:37 UTC 2025
#@# Parcellation Stats 2 rh Tue Jun  3 05:57:51 UTC 2025
#@# Parcellation Stats 3 lh Tue Jun  3 05:58:04 UTC 2025
#@# Parcellation Stats 3 rh Tue Jun  3 05:58:17 UTC 2025
#@# ASeg Stats Tue Jun  3 05:58:28 UTC 2025
#@# BA_exvivo Labels lh Tue Jun  3 06:01:47 UTC 2025
#@# BA_exvivo Labels rh Tue Jun  3 06:05:43 UTC 2025
recon-all -s sub-032 finished without error at Tue Jun  3 06:09:40 UTC 2025
