/home/freesurfer/subjects/sub-023/mri
/usr/local/freesurfer/bin/talairach_avi
--i orig_nu.mgz --xfm transforms/talairach.auto.xfm
talairach_avi 7.4.1
Linux da9db1b8f4bf 6.11.0-26-generic #26~24.04.1-Ubuntu SMP PREEMPT_DYNAMIC Thu Apr 17 19:20:47 UTC 2 x86_64 x86_64 x86_64 GNU/Linux
Thu May 29 06:59:55 UTC 2025
mri_convert orig_nu.mgz talsrcimg.img 
reading from orig_nu.mgz...
TR=8.32, TE=0.00, TI=0.00, flip angle=0.00
i_ras = (-1, -4.65661e-10, 0)
j_ras = (3.72529e-09, -7.45058e-09, -1)
k_ras = (-4.65661e-10, 1, 7.45058e-09)
writing to talsrcimg.img...
Analyze Output Matrix
-1.00000   0.00000  -0.00000   133.60120;
-0.00000  -0.00000   1.00000  -110.09303;
 0.00000  -1.00000   0.00000   146.53116;
 0.00000   0.00000   0.00000   1.00000;
--------------------
INFO: set hdr.hist.orient to -1
mpr2mni305 talsrcimg
Thu May 29 06:59:56 UTC 2025
/usr/local/freesurfer/bin/mpr2mni305 talsrcimg
mpr2mni305 7.4.1
target=711-2C_as_mni_average_305

---------------------------------------------------------------------
analyzeto4dfp talsrcimg -O0 -y
---------------------------------------------------------------------

freesurfer ifh2hdr.c
Thu May 29 06:59:56 2025
Writing: talsrcimg.4dfp.hdr
freesurfer analyzeto4dfp.c
Reading: talsrcimg.hdr
header size 348 bytes
hdr.dime.datatype	offset=70	value=2
hdr.dime.bitpix		offset=72	value=8
hdr.hist.orient		offset=252	value=-1
dimensionality     4
dimensions       256       256       256         1
Reading: talsrcimg.img
Writing: talsrcimg.4dfp.img
Writing: talsrcimg.4dfp.ifh
ifh2hdr talsrcimg -r0to220
ori=2

---------------------------------------------------------------------
gauss_4dfp talsrcimg 1.1
---------------------------------------------------------------------

freesurfer gauss_4dfp.c
Reading: talsrcimg.4dfp.img
Writing: talsrcimg_g11.4dfp.img
image dimensions 256 256 256 padded to 288 288 288
processing volume 1freesurfer ifh2hdr.c
Thu May 29 07:00:00 2025
Writing: talsrcimg_g11.4dfp.hdr

Writing: talsrcimg_g11.4dfp.ifh
including: talsrcimg.4dfp.img.rec in talsrcimg_g11.4dfp.img.rec

---------------------------------------------------------------------
imgreg_4dfp /usr/local/freesurfer/average/711-2C_as_mni_average_305 none talsrcimg_g11 none talsrcimg_to_711-2C_as_mni_average_305_t4 4355
---------------------------------------------------------------------

freesurfer imgreg_4dfp.c
/usr/local/freesurfer/average/711-2C_as_mni_average_305.4dfp.img
       256       256       256         1
  1.000000  1.000000  1.000000
orientation T byte_order littleendian
Reading image: /usr/local/freesurfer/average/711-2C_as_mni_average_305.4dfp.img
dimensions:      256       256       256
mmppix:       1.0000   -1.0000   -1.0000
center:     128.0000 -129.0000 -129.0000
talsrcimg_g11.4dfp.img
       256       256       256         1
  1.000000  1.000000  1.000000
orientation T byte_order littleendian
Reading image: talsrcimg_g11.4dfp.img
dimensions:      256       256       256
mmppix:       1.0000   -1.0000   -1.0000
center:     128.0000 -129.0000 -129.0000
t4_read: open error in t4_sub.f l:  41 t4_file(1:l)talsrcimg_to_711-2C_as_mni_average_305_t4 
t4_read: transform initialized to I4
rotation matrix determinant  1.000000
image alignment mode   4355 decimal     1103 hex
   -7.5000  -45.0000  -45.0000 9420.5117   17.6671
    0.0000  -45.0000  -45.0000 9845.6855   17.6855
    7.5000  -45.0000  -45.0000 9398.5391   17.6626
   -7.5000  -37.5000  -45.0000 9929.4541   17.6666
    0.0000  -37.5000  -45.000010365.9590   17.6724
    7.5000  -37.5000  -45.0000 9888.8330   17.6457
   -7.5000  -30.0000  -45.000010703.2432   17.6628
    0.0000  -30.0000  -45.000011153.6865   17.6593
    7.5000  -30.0000  -45.000010643.3584   17.6317
   -7.5000  -22.5000  -45.000011430.7979   17.6526
    0.0000  -22.5000  -45.000011891.4463   17.6527
    7.5000  -22.5000  -45.000011391.2607   17.6286
   -7.5000  -15.0000  -45.000012132.2725   17.6454
    0.0000  -15.0000  -45.000012610.0791   17.6587
    7.5000  -15.0000  -45.000012086.2314   17.6403
   -7.5000   -7.5000  -45.000012777.2344   17.6508
    0.0000   -7.5000  -45.000013281.5742   17.6731
    7.5000   -7.5000  -45.000012740.2324   17.6551
   -7.5000    0.0000  -45.000013289.0928   17.6618
    0.0000    0.0000  -45.000013816.5303   17.6801
    7.5000    0.0000  -45.000013246.5713   17.6572
   -7.5000    7.5000  -45.000012730.4453   17.6666
    0.0000    7.5000  -45.000013234.5059   17.6724
    7.5000    7.5000  -45.000012647.3311   17.6457
   -7.5000   15.0000  -45.000011925.0273   17.6628
    0.0000   15.0000  -45.000012384.4863   17.6593
    7.5000   15.0000  -45.000011819.5615   17.6317
   -7.5000   22.5000  -45.000010958.3125   17.6501
    0.0000   22.5000  -45.000011370.5215   17.6503
    7.5000   22.5000  -45.000010840.0264   17.6262
   -7.5000   30.0000  -45.0000 9972.3086   17.4103
    0.0000   30.0000  -45.000010355.5576   17.4234
    7.5000   30.0000  -45.0000 9884.6191   17.4052
   -7.5000   37.5000  -45.0000 9385.7119   17.4215
    0.0000   37.5000  -45.0000 9767.0244   17.4436
    7.5000   37.5000  -45.0000 9336.6885   17.4258
   -7.5000   45.0000  -45.0000 8490.5410   17.0551
    0.0000   45.0000  -45.0000 8843.1318   17.0735
    7.5000   45.0000  -45.0000 8436.0801   17.0513
   -7.5000  -45.0000  -37.5000 9931.8369   17.6362
    0.0000  -45.0000  -37.500010356.8174   17.6505
    7.5000  -45.0000  -37.5000 9910.0732   17.6315
   -7.5000  -37.5000  -37.500010490.1182   17.6253
    0.0000  -37.5000  -37.500010936.3809   17.6272
    7.5000  -37.5000  -37.500010438.3496   17.6059
   -7.5000  -30.0000  -37.500011288.6562   17.6044
    0.0000  -30.0000  -37.500011747.6113   17.5982
    7.5000  -30.0000  -37.500011227.5859   17.5798
   -7.5000  -22.5000  -37.500012080.3271   17.5875
    0.0000  -22.5000  -37.500012539.3691   17.5861
    7.5000  -22.5000  -37.500012028.5479   17.5739
   -7.5000  -15.0000  -37.500012808.1836   17.5889
    0.0000  -15.0000  -37.500013294.4326   17.6009
    7.5000  -15.0000  -37.500012741.9766   17.5931
   -7.5000   -7.5000  -37.500013473.3770   17.6114
    0.0000   -7.5000  -37.500013991.4902   17.6308
    7.5000   -7.5000  -37.500013399.8691   17.6192
   -7.5000    0.0000  -37.500013990.8184   17.6308
    0.0000    0.0000  -37.500014535.3438   17.6451
    7.5000    0.0000  -37.500013914.6064   17.6262
   -7.5000    7.5000  -37.500013338.8838   17.6253
    0.0000    7.5000  -37.500013885.3145   17.6272
    7.5000    7.5000  -37.500013259.5869   17.6059
   -7.5000   15.0000  -37.500012462.1787   17.6044
    0.0000   15.0000  -37.500012946.3652   17.5982
    7.5000   15.0000  -37.500012370.6357   17.5798
   -7.5000   22.5000  -37.500011437.7842   17.5851
    0.0000   22.5000  -37.500011863.4980   17.5837
    7.5000   22.5000  -37.500011363.2910   17.5714
   -7.5000   30.0000  -37.500010415.9170   17.3545
    0.0000   30.0000  -37.500010798.2139   17.3663
    7.5000   30.0000  -37.500010352.2393   17.3587
   -7.5000   37.5000  -37.5000 9769.6719   17.3824
    0.0000   37.5000  -37.500010128.5195   17.4016
    7.5000   37.5000  -37.5000 9744.1162   17.3903
   -7.5000   45.0000  -37.5000 8809.3809   17.0243
    0.0000   45.0000  -37.5000 9147.3613   17.0387
    7.5000   45.0000  -37.5000 8772.3213   17.0204
   -7.5000  -45.0000  -30.000010604.4512   18.3722
    0.0000  -45.0000  -30.000011030.4502   18.3832
    7.5000  -45.0000  -30.000010549.4785   18.3693
   -7.5000  -37.5000  -30.000011198.1035   18.3612
    0.0000  -37.5000  -30.000011649.1953   18.3622
    7.5000  -37.5000  -30.000011120.7969   18.3459
   -7.5000  -30.0000  -30.000012065.7139   18.3320
    0.0000  -30.0000  -30.000012531.4756   18.3260
    7.5000  -30.0000  -30.000011999.7627   18.3147
   -7.5000  -22.5000  -30.000012907.0684   18.3065
    0.0000  -22.5000  -30.000013391.8994   18.3044
    7.5000  -22.5000  -30.000012824.9736   18.3016
   -7.5000  -15.0000  -30.000013645.1592   18.3062
    0.0000  -15.0000  -30.000014178.3232   18.3153
    7.5000  -15.0000  -30.000013560.8809   18.3172
   -7.5000   -7.5000  -30.000014349.8721   18.3372
    0.0000   -7.5000  -30.000014948.1143   18.3525
    7.5000   -7.5000  -30.000014253.0156   18.3481
   -7.5000    0.0000  -30.000014905.4375   18.3667
    0.0000    0.0000  -30.000015537.4268   18.3776
    7.5000    0.0000  -30.000014797.7080   18.3638
   -7.5000    7.5000  -30.000014190.0234   18.3612
    0.0000    7.5000  -30.000014798.2881   18.3622
    7.5000    7.5000  -30.000014100.6602   18.3459
   -7.5000   15.0000  -30.000013219.5068   18.3320
    0.0000   15.0000  -30.000013737.6318   18.3260
    7.5000   15.0000  -30.000013146.1816   18.3147
   -7.5000   22.5000  -30.000012112.2119   18.3021
    0.0000   22.5000  -30.000012559.5498   18.3000
    7.5000   22.5000  -30.000012059.4893   18.2972
   -7.5000   30.0000  -30.000010995.6094   18.0640
    0.0000   30.0000  -30.000011394.1270   18.0730
    7.5000   30.0000  -30.000010975.2354   18.0748
   -7.5000   37.5000  -30.000010297.1309   18.1002
    0.0000   37.5000  -30.000010663.2676   18.1154
    7.5000   37.5000  -30.000010290.7051   18.1111
   -7.5000   45.0000  -30.0000 9242.8682   17.7469
    0.0000   45.0000  -30.0000 9588.5371   17.7582
    7.5000   45.0000  -30.0000 9235.8799   17.7448
   -7.5000  -45.0000  -22.500011244.4834   19.0112
    0.0000  -45.0000  -22.500011692.9902   19.0223
    7.5000  -45.0000  -22.500011185.4775   19.0100
   -7.5000  -37.5000  -22.500011868.5098   19.0162
    0.0000  -37.5000  -22.500012343.1074   19.0192
    7.5000  -37.5000  -22.500011789.1055   19.0022
   -7.5000  -30.0000  -22.500012839.5645   19.0005
    0.0000  -30.0000  -22.500013333.8467   18.9955
    7.5000  -30.0000  -22.500012730.6748   18.9807
   -7.5000  -22.5000  -22.500013695.3652   18.9717
    0.0000  -22.5000  -22.500014224.9336   18.9680
    7.5000  -22.5000  -22.500013577.0498   18.9610
   -7.5000  -15.0000  -22.500014403.6250   18.9559
    0.0000  -15.0000  -22.500015014.7607   18.9613
    7.5000  -15.0000  -22.500014298.7520   18.9611
   -7.5000   -7.5000  -22.500015150.6230   18.9737
    0.0000   -7.5000  -22.500015857.9805   18.9864
    7.5000   -7.5000  -22.500015046.7822   18.9830
   -7.5000    0.0000  -22.500015769.6729   19.0055
    0.0000    0.0000  -22.500016519.6836   19.0166
    7.5000    0.0000  -22.500015653.6201   19.0043
   -7.5000    7.5000  -22.500015017.3809   19.0162
    0.0000    7.5000  -22.500015712.9443   19.0192
    7.5000    7.5000  -22.500014948.4307   19.0022
   -7.5000   15.0000  -22.500013958.1504   19.0005
    0.0000   15.0000  -22.500014570.9521   18.9955
    7.5000   15.0000  -22.500013914.0898   18.9807
   -7.5000   22.5000  -22.500012766.7930   18.9659
    0.0000   22.5000  -22.500013279.6162   18.9622
    7.5000   22.5000  -22.500012746.3613   18.9551
   -7.5000   30.0000  -22.500011603.4092   18.7079
    0.0000   30.0000  -22.500012058.2510   18.7133
    7.5000   30.0000  -22.500011590.0723   18.7131
   -7.5000   37.5000  -22.500010850.1348   18.7313
    0.0000   37.5000  -22.500011269.1650   18.7439
    7.5000   37.5000  -22.500010847.8828   18.7406
   -7.5000   45.0000  -22.5000 9724.8936   18.3781
    0.0000   45.0000  -22.500010104.0195   18.3896
    7.5000   45.0000  -22.5000 9725.3652   18.3776
   -7.5000  -45.0000  -15.000011761.5547   19.4594
    0.0000  -45.0000  -15.000012240.1748   19.4744
    7.5000  -45.0000  -15.000011729.9150   19.4591
   -7.5000  -37.5000  -15.000012461.4248   19.4780
    0.0000  -37.5000  -15.000012944.9648   19.4845
    7.5000  -37.5000  -15.000012394.3447   19.4623
   -7.5000  -30.0000  -15.000013579.2969   19.4804
    0.0000  -30.0000  -15.000014084.2822   19.4773
    7.5000  -30.0000  -15.000013427.0918   19.4533
   -7.5000  -22.5000  -15.000014529.6465   19.4561
    0.0000  -22.5000  -15.000015131.7891   19.4523
    7.5000  -22.5000  -15.000014344.7158   19.4337
   -7.5000  -15.0000  -15.000015212.2764   19.4281
    0.0000  -15.0000  -15.000015939.3730   19.4339
    7.5000  -15.0000  -15.000015063.3232   19.4237
   -7.5000   -7.5000  -15.000015979.8936   19.4280
    0.0000   -7.5000  -15.000016788.6035   19.4430
    7.5000   -7.5000  -15.000015846.8945   19.4342
   -7.5000    0.0000  -15.000016637.2461   19.4535
    0.0000    0.0000  -15.000017477.7070   19.4686
    7.5000    0.0000  -15.000016505.0098   19.4533
   -7.5000    7.5000  -15.000015832.6904   19.4780
    0.0000    7.5000  -15.000016626.7344   19.4845
    7.5000    7.5000  -15.000015751.9980   19.4623
   -7.5000   15.0000  -15.000014715.7178   19.4804
    0.0000   15.0000  -15.000015445.4043   19.4773
    7.5000   15.0000  -15.000014679.5342   19.4533
   -7.5000   22.5000  -15.000013505.2148   19.4492
    0.0000   22.5000  -15.000014129.5625   19.4454
    7.5000   22.5000  -15.000013446.7910   19.4268
   -7.5000   30.0000  -15.000012270.3848   19.1767
    0.0000   30.0000  -15.000012822.4746   19.1824
    7.5000   30.0000  -15.000012227.9160   19.1723
   -7.5000   37.5000  -15.000011456.7373   19.1826
    0.0000   37.5000  -15.000011950.1982   19.1976
    7.5000   37.5000  -15.000011424.8682   19.1889
   -7.5000   45.0000  -15.000010256.0898   18.8235
    0.0000   45.0000  -15.000010680.8184   18.8388
    7.5000   45.0000  -15.000010206.9990   18.8239
   -7.5000  -45.0000   -7.500012266.5742   19.6597
    0.0000  -45.0000   -7.500012779.0020   19.6797
    7.5000  -45.0000   -7.500012227.4570   19.6579
   -7.5000  -37.5000   -7.500013043.2188   19.6741
    0.0000  -37.5000   -7.500013560.8779   19.6827
    7.5000  -37.5000   -7.500012952.5557   19.6548
   -7.5000  -30.0000   -7.500014378.5000   19.6809
    0.0000  -30.0000   -7.500014960.9131   19.6793
    7.5000  -30.0000   -7.500014157.0967   19.6483
   -7.5000  -22.5000   -7.500015535.0430   19.6655
    0.0000  -22.5000   -7.500016380.1504   19.6650
    7.5000  -22.5000   -7.500015178.6494   19.6373
   -7.5000  -15.0000   -7.500016143.0566   19.6428
    0.0000  -15.0000   -7.500017080.0977   19.6543
    7.5000  -15.0000   -7.500015871.3291   19.6345
   -7.5000   -7.5000   -7.500016739.7441   19.6381
    0.0000   -7.5000   -7.500017678.0488   19.6598
    7.5000   -7.5000   -7.500016570.0566   19.6426
   -7.5000    0.0000   -7.500017387.0586   19.6538
    0.0000    0.0000   -7.500018355.8105   19.6738
    7.5000    0.0000   -7.500017241.4980   19.6519
   -7.5000    7.5000   -7.500016597.5508   19.6741
    0.0000    7.5000   -7.500017559.6992   19.6827
    7.5000    7.5000   -7.500016449.7637   19.6548
   -7.5000   15.0000   -7.500015470.9150   19.6809
    0.0000   15.0000   -7.500016375.9336   19.6793
    7.5000   15.0000   -7.500015337.4775   19.6483
   -7.5000   22.5000   -7.500014242.2197   19.6564
    0.0000   22.5000   -7.500015025.4912   19.6559
    7.5000   22.5000   -7.500014077.8740   19.6282
   -7.5000   30.0000   -7.500012991.2529   19.3881
    0.0000   30.0000   -7.500013638.2236   19.3994
    7.5000   30.0000   -7.500012827.1768   19.3799
   -7.5000   37.5000   -7.500012131.6367   19.3898
    0.0000   37.5000   -7.500012703.5693   19.4114
    7.5000   37.5000   -7.500011989.8984   19.3945
   -7.5000   45.0000   -7.500010830.6816   19.0216
    0.0000   45.0000   -7.500011319.8105   19.0416
    7.5000   45.0000   -7.500010672.1553   19.0204
   -7.5000  -45.0000    0.000012705.0371   19.6816
    0.0000  -45.0000    0.000013240.7129   19.7020
    7.5000  -45.0000    0.000012600.5195   19.6768
   -7.5000  -37.5000    0.000013474.6172   19.6818
    0.0000  -37.5000    0.000014040.9102   19.6882
    7.5000  -37.5000    0.000013345.7686   19.6587
   -7.5000  -30.0000    0.000014901.2109   19.6783
    0.0000  -30.0000    0.000015648.2070   19.6744
    7.5000  -30.0000    0.000014637.8721   19.6439
   -7.5000  -22.5000    0.000016229.8516   19.6668
    0.0000  -22.5000    0.000017272.1445   19.6670
    7.5000  -22.5000    0.000015784.0615   19.6403
   -7.5000  -15.0000    0.000016894.9883   19.6582
    0.0000  -15.0000    0.000017993.5605   19.6729
    7.5000  -15.0000    0.000016557.7188   19.6526
   -7.5000   -7.5000    0.000017495.0820   19.6635
    0.0000   -7.5000    0.000018552.0410   19.6883
    7.5000   -7.5000    0.000017257.1504   19.6684
   -7.5000    0.0000    0.000018133.9980   19.6756
    0.0000    0.0000    0.000019205.1973   19.6960
    7.5000    0.0000    0.000017881.3379   19.6708
   -7.5000    7.5000    0.000017350.0801   19.6818
    0.0000    7.5000    0.000018398.6562   19.6882
    7.5000    7.5000    0.000017016.4082   19.6587
   -7.5000   15.0000    0.000016253.7061   19.6783
    0.0000   15.0000    0.000017184.1758   19.6744
    7.5000   15.0000    0.000015838.6846   19.6439
   -7.5000   22.5000    0.000014959.1689   19.6578
    0.0000   22.5000    0.000015763.0811   19.6579
    7.5000   22.5000    0.000014551.1943   19.6313
   -7.5000   30.0000    0.000013610.6133   19.4038
    0.0000   30.0000    0.000014297.9668   19.4183
    7.5000   30.0000    0.000013252.9414   19.3983
   -7.5000   37.5000    0.000012673.5674   19.4156
    0.0000   37.5000    0.000013296.6621   19.4401
    7.5000   37.5000    0.000012423.6582   19.4205
   -7.5000   45.0000    0.000011257.8223   19.0442
    0.0000   45.0000    0.000011797.2871   19.0647
    7.5000   45.0000    0.000011045.1504   19.0401
   -7.5000  -45.0000    7.500012125.3447   19.6983
    0.0000  -45.0000    7.500012686.6631   19.7142
    7.5000  -45.0000    7.500012004.4990   19.6931
   -7.5000  -37.5000    7.500012801.5723   19.6861
    0.0000  -37.5000    7.500013401.4219   19.6883
    7.5000  -37.5000    7.500012676.5195   19.6645
   -7.5000  -30.0000    7.500014079.1104   19.6629
    0.0000  -30.0000    7.500014843.4443   19.6560
    7.5000  -30.0000    7.500013914.6650   19.6355
   -7.5000  -22.5000    7.500015387.5967   19.6443
    0.0000  -22.5000    7.500016343.5107   19.6428
    7.5000  -22.5000    7.500015047.6133   19.6291
   -7.5000  -15.0000    7.500016434.7715   19.6459
    0.0000  -15.0000    7.500017398.4141   19.6592
    7.5000  -15.0000    7.500015933.6387   19.6506
   -7.5000   -7.5000    7.500017337.1621   19.6708
    0.0000   -7.5000    7.500018275.3613   19.6925
    7.5000   -7.5000    7.500016701.5664   19.6796
   -7.5000    0.0000    7.500017938.5957   19.6923
    0.0000    0.0000    7.500018860.2109   19.7083
    7.5000    0.0000    7.500017203.5645   19.6871
   -7.5000    7.5000    7.500016965.3281   19.6861
    0.0000    7.5000    7.500017879.2305   19.6883
    7.5000    7.5000    7.500016264.1504   19.6645
   -7.5000   15.0000    7.500015730.4883   19.6629
    0.0000   15.0000    7.500016569.6230   19.6560
    7.5000   15.0000    7.500015109.9658   19.6355
   -7.5000   22.5000    7.500014381.1006   19.6352
    0.0000   22.5000    7.500015157.9814   19.6337
    7.5000   22.5000    7.500013918.0771   19.6200
   -7.5000   30.0000    7.500013016.3408   19.3916
    0.0000   30.0000    7.500013716.5674   19.4048
    7.5000   30.0000    7.500012694.2158   19.3963
   -7.5000   37.5000    7.500012122.2344   19.4226
    0.0000   37.5000    7.500012743.9346   19.4441
    7.5000   37.5000    7.500011915.0117   19.4314
   -7.5000   45.0000    7.500010747.2266   19.0595
    0.0000   45.0000    7.500011261.5312   19.0756
    7.5000   45.0000    7.500010565.9326   19.0551
   -7.5000  -45.0000   15.000011409.2734   19.7640
    0.0000  -45.0000   15.000011926.4756   19.7759
    7.5000  -45.0000   15.000011285.5869   19.7610
   -7.5000  -37.5000   15.000012083.2607   19.7526
    0.0000  -37.5000   15.000012621.4785   19.7537
    7.5000  -37.5000   15.000011933.8906   19.7360
   -7.5000  -30.0000   15.000013263.7744   19.7211
    0.0000  -30.0000   15.000013897.1582   19.7146
    7.5000  -30.0000   15.000013044.6455   19.7023
   -7.5000  -22.5000   15.000014397.8066   19.6932
    0.0000  -22.5000   15.000015092.4072   19.6909
    7.5000  -22.5000   15.000014043.5908   19.6878
   -7.5000  -15.0000   15.000015381.8154   19.6925
    0.0000  -15.0000   15.000016087.6553   19.7023
    7.5000  -15.0000   15.000014943.3594   19.7044
   -7.5000   -7.5000   15.000016280.5869   19.7259
    0.0000   -7.5000   15.000017077.1641   19.7424
    7.5000   -7.5000   15.000015805.2900   19.7377
   -7.5000    0.0000   15.000016880.9238   19.7581
    0.0000    0.0000   15.000017743.0820   19.7699
    7.5000    0.0000   15.000016358.3340   19.7550
   -7.5000    7.5000   15.000015975.5195   19.7526
    0.0000    7.5000   15.000016848.1953   19.7537
    7.5000    7.5000   15.000015496.2695   19.7360
   -7.5000   15.0000   15.000014756.3955   19.7211
    0.0000   15.0000   15.000015571.6094   19.7146
    7.5000   15.0000   15.000014353.0488   19.7023
   -7.5000   22.5000   15.000013474.4531   19.6841
    0.0000   22.5000   15.000014199.0254   19.6819
    7.5000   22.5000   15.000013168.6963   19.6787
   -7.5000   30.0000   15.000012187.7852   19.4377
    0.0000   30.0000   15.000012825.3955   19.4474
    7.5000   30.0000   15.000011967.3984   19.4493
   -7.5000   37.5000   15.000011333.4365   19.4767
    0.0000   37.5000   15.000011911.5273   19.4931
    7.5000   37.5000   15.000011192.5859   19.4885
   -7.5000   45.0000   15.000010053.2881   19.1224
    0.0000   45.0000   15.000010537.9395   19.1347
    7.5000   45.0000   15.0000 9930.7646   19.1202
   -7.5000  -45.0000   22.500010654.8037   19.8940
    0.0000  -45.0000   22.500011120.7393   19.9063
    7.5000  -45.0000   22.500010524.2275   19.8938
   -7.5000  -37.5000   22.500011292.8115   19.8998
    0.0000  -37.5000   22.500011753.4707   19.9035
    7.5000  -37.5000   22.500011137.4521   19.8861
   -7.5000  -30.0000   22.500012300.5029   19.8838
    0.0000  -30.0000   22.500012797.3506   19.8791
    7.5000  -30.0000   22.500012108.0488   19.8639
   -7.5000  -22.5000   22.500013247.5127   19.8536
    0.0000  -22.5000   22.500013769.6172   19.8501
    7.5000  -22.5000   22.500013031.3965   19.8432
   -7.5000  -15.0000   22.500014079.1025   19.8363
    0.0000  -15.0000   22.500014635.7158   19.8425
    7.5000  -15.0000   22.500013842.1709   19.8428
   -7.5000   -7.5000   22.500014871.1270   19.8545
    0.0000   -7.5000   22.500015491.7197   19.8683
    7.5000   -7.5000   22.500014618.2373   19.8654
   -7.5000    0.0000   22.500015385.4092   19.8879
    0.0000    0.0000   22.500016066.0391   19.9002
    7.5000    0.0000   22.500015161.3467   19.8877
   -7.5000    7.5000   22.500014618.5518   19.8998
    0.0000    7.5000   22.500015300.7734   19.9035
    7.5000    7.5000   22.500014399.8545   19.8861
   -7.5000   15.0000   22.500013563.0312   19.8838
    0.0000   15.0000   22.500014209.6680   19.8791
    7.5000   15.0000   22.500013361.0527   19.8639
   -7.5000   22.5000   22.500012458.9844   19.8444
    0.0000   22.5000   22.500013038.0215   19.8409
    7.5000   22.5000   22.500012251.9355   19.8340
   -7.5000   30.0000   22.500011269.3682   19.5796
    0.0000   30.0000   22.500011802.3506   19.5857
    7.5000   30.0000   22.500011119.3701   19.5860
   -7.5000   37.5000   22.500010500.1182   19.6034
    0.0000   37.5000   22.500010989.4014   19.6172
    7.5000   37.5000   22.500010396.4502   19.6143
   -7.5000   45.0000   22.5000 9336.4443   19.2477
    0.0000   45.0000   22.5000 9761.0264   19.2603
    7.5000   45.0000   22.5000 9244.8789   19.2483
   -7.5000  -45.0000   30.0000 9830.4150   20.2147
    0.0000  -45.0000   30.000010222.2949   20.2314
    7.5000  -45.0000   30.0000 9755.5742   20.2160
   -7.5000  -37.5000   30.000010382.2041   20.2355
    0.0000  -37.5000   30.000010783.3193   20.2430
    7.5000  -37.5000   30.000010315.2354   20.2202
   -7.5000  -30.0000   30.000011273.5068   20.2388
    0.0000  -30.0000   30.000011689.5195   20.2361
    7.5000  -30.0000   30.000011177.5078   20.2113
   -7.5000  -22.5000   30.000012109.5908   20.2128
    0.0000  -22.5000   30.000012541.4893   20.2093
    7.5000  -22.5000   30.000011986.0215   20.1903
   -7.5000  -15.0000   30.000012847.6143   20.1820
    0.0000  -15.0000   30.000013312.9062   20.1889
    7.5000  -15.0000   30.000012712.7207   20.1789
   -7.5000   -7.5000   30.000013568.8057   20.1811
    0.0000   -7.5000   30.000014065.6719   20.1979
    7.5000   -7.5000   30.000013411.3154   20.1893
   -7.5000    0.0000   30.000014049.6523   20.2084
    0.0000    0.0000   30.000014563.5635   20.2252
    7.5000    0.0000   30.000013871.7021   20.2097
   -7.5000    7.5000   30.000013374.5986   20.2355
    0.0000    7.5000   30.000013868.7910   20.2430
    7.5000    7.5000   30.000013161.2031   20.2202
   -7.5000   15.0000   30.000012408.0381   20.2388
    0.0000   15.0000   30.000012909.1582   20.2361
    7.5000   15.0000   30.000012215.9209   20.2113
   -7.5000   22.5000   30.000011386.3838   20.2035
    0.0000   22.5000   30.000011863.9238   20.2000
    7.5000   22.5000   30.000011216.4053   20.1810
   -7.5000   30.0000   30.000010328.6230   19.9208
    0.0000   30.0000   30.000010765.7607   19.9276
    7.5000   30.0000   30.000010203.4795   19.9177
   -7.5000   37.5000   30.0000 9652.6514   19.9238
    0.0000   37.5000   30.000010062.4404   19.9406
    7.5000   37.5000   30.0000 9546.6406   19.9321
   -7.5000   45.0000   30.0000 8604.0732   19.5497
    0.0000   45.0000   30.0000 8968.0137   19.5665
    7.5000   45.0000   30.0000 8507.8887   19.5516
   -7.5000  -45.0000   37.5000 9385.6025   20.7477
    0.0000  -45.0000   37.5000 9779.3975   20.7711
    7.5000  -45.0000   37.5000 9390.4883   20.7477
   -7.5000  -37.5000   37.5000 9930.3584   20.7656
    0.0000  -37.5000   37.500010318.3145   20.7763
    7.5000  -37.5000   37.5000 9914.1055   20.7463
   -7.5000  -30.0000   37.500010774.5791   20.7740
    0.0000  -30.0000   37.500011152.1943   20.7738
    7.5000  -30.0000   37.500010716.8203   20.7406
   -7.5000  -22.5000   37.500011576.5566   20.7558
    0.0000  -22.5000   37.500011956.7314   20.7571
    7.5000  -22.5000   37.500011473.0420   20.7277
   -7.5000  -15.0000   37.500012266.0762   20.7289
    0.0000  -15.0000   37.500012696.5469   20.7434
    7.5000  -15.0000   37.500012166.0986   20.7227
   -7.5000   -7.5000   37.500012928.3916   20.7228
    0.0000   -7.5000   37.500013382.4307   20.7483
    7.5000   -7.5000   37.500012799.0234   20.7302
   -7.5000    0.0000   37.500013390.3271   20.7411
    0.0000    0.0000   37.500013854.8467   20.7645
    7.5000    0.0000   37.500013231.0723   20.7411
   -7.5000    7.5000   37.500012736.4658   20.7656
    0.0000    7.5000   37.500013194.5215   20.7763
    7.5000    7.5000   37.500012561.8086   20.7463
   -7.5000   15.0000   37.500011834.6221   20.7740
    0.0000   15.0000   37.500012304.1201   20.7738
    7.5000   15.0000   37.500011652.7471   20.7406
   -7.5000   22.5000   37.500010856.5928   20.7462
    0.0000   22.5000   37.500011303.8018   20.7475
    7.5000   22.5000   37.500010687.6455   20.7182
   -7.5000   30.0000   37.5000 9832.5801   20.4606
    0.0000   30.0000   37.500010250.9541   20.4749
    7.5000   30.0000   37.5000 9718.4102   20.4545
   -7.5000   37.5000   37.5000 9217.2734   20.4571
    0.0000   37.5000   37.5000 9626.6963   20.4824
    7.5000   37.5000   37.5000 9134.2793   20.4646
   -7.5000   45.0000   37.5000 8228.9268   20.0567
    0.0000   45.0000   37.5000 8577.3281   20.0800
    7.5000   45.0000   37.5000 8146.4697   20.0573
   -7.5000  -45.0000   45.0000 8596.5430   21.3561
    0.0000  -45.0000   45.0000 8996.0664   21.3819
    7.5000  -45.0000   45.0000 8632.1650   21.3575
   -7.5000  -37.5000   45.0000 9085.5283   21.3570
    0.0000  -37.5000   45.0000 9472.5049   21.3658
    7.5000  -37.5000   45.0000 9097.1094   21.3359
   -7.5000  -30.0000   45.0000 9836.4160   21.3542
    0.0000  -30.0000   45.000010215.1035   21.3517
    7.5000  -30.0000   45.0000 9802.5273   21.3210
   -7.5000  -22.5000   45.000010559.0498   21.3416
    0.0000  -22.5000   45.000010936.1846   21.3450
    7.5000  -22.5000   45.000010496.8242   21.3197
   -7.5000  -15.0000   45.000011212.6035   21.3310
    0.0000  -15.0000   45.000011625.5156   21.3522
    7.5000  -15.0000   45.000011133.6309   21.3347
   -7.5000   -7.5000   45.000011821.2236   21.3358
    0.0000   -7.5000   45.000012262.3408   21.3679
    7.5000   -7.5000   45.000011717.9961   21.3504
   -7.5000    0.0000   45.000012239.8574   21.3491
    0.0000    0.0000   45.000012699.7891   21.3748
    7.5000    0.0000   45.000012129.9834   21.3504
   -7.5000    7.5000   45.000011626.8770   21.3570
    0.0000    7.5000   45.000012082.1113   21.3658
    7.5000    7.5000   45.000011498.7734   21.3359
   -7.5000   15.0000   45.000010774.4209   21.3542
    0.0000   15.0000   45.000011223.0996   21.3517
    7.5000   15.0000   45.000010634.3877   21.3210
   -7.5000   22.5000   45.0000 9869.8047   21.3317
    0.0000   22.5000   45.000010324.5742   21.3351
    7.5000   22.5000   45.0000 9757.4229   21.3098
   -7.5000   30.0000   45.0000 8960.3311   21.0531
    0.0000   30.0000   45.0000 9387.4961   21.0740
    7.5000   30.0000   45.0000 8870.5137   21.0567
   -7.5000   37.5000   45.0000 8424.5039   21.0593
    0.0000   37.5000   45.0000 8830.4004   21.0911
    7.5000   37.5000   45.0000 8336.8057   21.0738
   -7.5000   45.0000   45.0000 7532.8159   20.6460
    0.0000   45.0000   45.0000 7894.0840   20.6717
    7.5000   45.0000   45.0000 7450.7339   20.6479

---------------------------------------------------------------------
imgreg_4dfp /usr/local/freesurfer/average/711-2C_as_mni_average_305 /usr/local/freesurfer/average/711-2B_as_mni_average_305_mask talsrcimg_g11 none talsrcimg_to_711-2C_as_mni_average_305_t4 4355
---------------------------------------------------------------------

freesurfer imgreg_4dfp.c
/usr/local/freesurfer/average/711-2C_as_mni_average_305.4dfp.img
       256       256       256         1
  1.000000  1.000000  1.000000
orientation T byte_order littleendian
Reading image: /usr/local/freesurfer/average/711-2C_as_mni_average_305.4dfp.img
dimensions:      256       256       256
mmppix:       1.0000   -1.0000   -1.0000
center:     128.0000 -129.0000 -129.0000
/usr/local/freesurfer/average/711-2B_as_mni_average_305_mask.4dfp.img
       256       256       256         1
  1.000000  1.000000  1.000000
orientation T byte_order littleendian
Reading mask: /usr/local/freesurfer/average/711-2B_as_mni_average_305_mask.4dfp.img (2306576 pixels)
talsrcimg_g11.4dfp.img
       256       256       256         1
  1.000000  1.000000  1.000000
orientation T byte_order littleendian
Reading image: talsrcimg_g11.4dfp.img
dimensions:      256       256       256
mmppix:       1.0000   -1.0000   -1.0000
center:     128.0000 -129.0000 -129.0000
rotation matrix determinant  1.000000
image alignment mode   4355 decimal     1103 hex
   -7.5000  -45.0000  -45.0000 2381.7603   19.3959
    0.0000  -45.0000  -45.0000 2383.4070   19.4076
    7.5000  -45.0000  -45.0000 2366.9128   19.5027
   -7.5000  -37.5000  -45.0000 2430.4871   18.1991
    0.0000  -37.5000  -45.0000 2433.6602   18.1864
    7.5000  -37.5000  -45.0000 2412.9578   18.3368
   -7.5000  -30.0000  -45.0000 2462.3491   17.4247
    0.0000  -30.0000  -45.0000 2469.2136   17.3761
    7.5000  -30.0000  -45.0000 2441.1064   17.5775
   -7.5000  -22.5000  -45.0000 2478.4724   16.9702
    0.0000  -22.5000  -45.0000 2487.9048   16.8845
    7.5000  -22.5000  -45.0000 2459.0127   17.1451
   -7.5000  -15.0000  -45.0000 2486.0925   16.8043
    0.0000  -15.0000  -45.0000 2496.7002   16.7309
    7.5000  -15.0000  -45.0000 2474.6289   16.9626
   -7.5000   -7.5000  -45.0000 2484.7754   16.9426
    0.0000   -7.5000  -45.0000 2498.9890   16.8477
    7.5000   -7.5000  -45.0000 2476.6982   17.0990
   -7.5000    0.0000  -45.0000 2467.9636   17.4164
    0.0000    0.0000  -45.0000 2480.6736   17.3430
    7.5000    0.0000  -45.0000 2462.8066   17.5782
   -7.5000    7.5000  -45.0000 2435.9836   18.1729
    0.0000    7.5000  -45.0000 2448.1226   18.0880
    7.5000    7.5000  -45.0000 2430.2512   18.3381
   -7.5000   15.0000  -45.0000 2377.1958   19.2611
    0.0000   15.0000  -45.0000 2386.8611   19.1528
    7.5000   15.0000  -45.0000 2369.7534   19.3454
   -7.5000   22.5000  -45.0000 2298.3872   20.6319
    0.0000   22.5000  -45.0000 2305.2617   20.5286
    7.5000   22.5000  -45.0000 2279.4626   20.6917
   -7.5000   30.0000  -45.0000 2193.1597   22.4542
    0.0000   30.0000  -45.0000 2202.1970   22.3613
    7.5000   30.0000  -45.0000 2175.3069   22.5273
   -7.5000   37.5000  -45.0000 2076.3352   24.9004
    0.0000   37.5000  -45.0000 2090.5183   24.8597
    7.5000   37.5000  -45.0000 2069.4612   24.9958
   -7.5000   45.0000  -45.0000 1943.0817   28.0602
    0.0000   45.0000  -45.0000 1957.7555   28.0661
    7.5000   45.0000  -45.0000 1937.3983   28.2351
   -7.5000  -45.0000  -37.5000 2461.7383   18.2740
    0.0000  -45.0000  -37.5000 2464.5081   18.1938
    7.5000  -45.0000  -37.5000 2444.0103   18.3249
   -7.5000  -37.5000  -37.5000 2516.4578   17.1583
    0.0000  -37.5000  -37.5000 2523.4685   17.0620
    7.5000  -37.5000  -37.5000 2496.0730   17.1870
   -7.5000  -30.0000  -37.5000 2547.1399   16.3294
    0.0000  -30.0000  -37.5000 2552.8594   16.2345
    7.5000  -30.0000  -37.5000 2528.6206   16.4322
   -7.5000  -22.5000  -37.5000 2567.8955   15.9028
    0.0000  -22.5000  -37.5000 2574.7537   15.7734
    7.5000  -22.5000  -37.5000 2554.0347   16.0448
   -7.5000  -15.0000  -37.5000 2576.8223   15.7507
    0.0000  -15.0000  -37.5000 2582.8589   15.6259
    7.5000  -15.0000  -37.5000 2565.0369   15.8877
   -7.5000   -7.5000  -37.5000 2579.1526   15.8785
    0.0000   -7.5000  -37.5000 2592.3015   15.7717
    7.5000   -7.5000  -37.5000 2571.9055   16.0346
   -7.5000    0.0000  -37.5000 2563.5647   16.3275
    0.0000    0.0000  -37.5000 2575.4604   16.2444
    7.5000    0.0000  -37.5000 2559.0564   16.4763
   -7.5000    7.5000  -37.5000 2525.9890   17.0284
    0.0000    7.5000  -37.5000 2539.7976   16.9148
    7.5000    7.5000  -37.5000 2517.5962   17.1392
   -7.5000   15.0000  -37.5000 2464.3318   17.9961
    0.0000   15.0000  -37.5000 2476.7437   17.9054
    7.5000   15.0000  -37.5000 2453.0295   18.0853
   -7.5000   22.5000  -37.5000 2380.7551   19.2523
    0.0000   22.5000  -37.5000 2390.2671   19.1797
    7.5000   22.5000  -37.5000 2362.2566   19.3522
   -7.5000   30.0000  -37.5000 2274.1887   20.9515
    0.0000   30.0000  -37.5000 2283.4839   20.8762
    7.5000   30.0000  -37.5000 2252.0522   21.0567
   -7.5000   37.5000  -37.5000 2145.9673   23.2177
    0.0000   37.5000  -37.5000 2159.1216   23.2155
    7.5000   37.5000  -37.5000 2137.8813   23.3835
   -7.5000   45.0000  -37.5000 2014.5640   26.2383
    0.0000   45.0000  -37.5000 2030.2085   26.2627
    7.5000   45.0000  -37.5000 2002.6124   26.4418
   -7.5000  -45.0000  -30.0000 2575.6968   17.8471
    0.0000  -45.0000  -30.0000 2576.8877   17.7804
    7.5000  -45.0000  -30.0000 2554.1489   17.9431
   -7.5000  -37.5000  -30.0000 2641.1394   16.7529
    0.0000  -37.5000  -30.0000 2646.6504   16.6351
    7.5000  -37.5000  -30.0000 2619.2485   16.7736
   -7.5000  -30.0000  -30.0000 2674.1848   15.9229
    0.0000  -30.0000  -30.0000 2681.4507   15.7826
    7.5000  -30.0000  -30.0000 2662.7778   15.9778
   -7.5000  -22.5000  -30.0000 2702.3052   15.4269
    0.0000  -22.5000  -30.0000 2709.9563   15.2895
    7.5000  -22.5000  -30.0000 2693.4302   15.5340
   -7.5000  -15.0000  -30.0000 2710.6025   15.2524
    0.0000  -15.0000  -30.0000 2715.6138   15.1385
    7.5000  -15.0000  -30.0000 2701.4553   15.3936
   -7.5000   -7.5000  -30.0000 2715.7852   15.4208
    0.0000   -7.5000  -30.0000 2728.1228   15.3382
    7.5000   -7.5000  -30.0000 2706.1008   15.5753
   -7.5000    0.0000  -30.0000 2700.7830   15.9017
    0.0000    0.0000  -30.0000 2715.9871   15.8565
    7.5000    0.0000  -30.0000 2691.6865   16.0408
   -7.5000    7.5000  -30.0000 2660.6729   16.5808
    0.0000    7.5000  -30.0000 2675.1072   16.5193
    7.5000    7.5000  -30.0000 2653.8591   16.7195
   -7.5000   15.0000  -30.0000 2589.6570   17.4929
    0.0000   15.0000  -30.0000 2601.9641   17.4109
    7.5000   15.0000  -30.0000 2581.0129   17.6371
   -7.5000   22.5000  -30.0000 2497.8875   18.6720
    0.0000   22.5000  -30.0000 2505.4143   18.6337
    7.5000   22.5000  -30.0000 2485.1172   18.8550
   -7.5000   30.0000  -30.0000 2383.2749   20.3525
    0.0000   30.0000  -30.0000 2394.0088   20.2629
    7.5000   30.0000  -30.0000 2372.2581   20.5425
   -7.5000   37.5000  -30.0000 2249.0930   22.5848
    0.0000   37.5000  -30.0000 2258.7717   22.5214
    7.5000   37.5000  -30.0000 2240.8955   22.8210
   -7.5000   45.0000  -30.0000 2105.2251   25.5258
    0.0000   45.0000  -30.0000 2116.3176   25.4764
    7.5000   45.0000  -30.0000 2094.5435   25.7539
   -7.5000  -45.0000  -22.5000 2660.6365   17.4142
    0.0000  -45.0000  -22.5000 2663.0730   17.3135
    7.5000  -45.0000  -22.5000 2642.5134   17.4566
   -7.5000  -37.5000  -22.5000 2728.6641   16.2592
    0.0000  -37.5000  -22.5000 2732.5405   16.1526
    7.5000  -37.5000  -22.5000 2712.4902   16.2943
   -7.5000  -30.0000  -22.5000 2776.7378   15.4953
    0.0000  -30.0000  -22.5000 2785.7363   15.4068
    7.5000  -30.0000  -22.5000 2767.0422   15.5245
   -7.5000  -22.5000  -22.5000 2800.7354   14.9464
    0.0000  -22.5000  -22.5000 2806.9463   14.8550
    7.5000  -22.5000  -22.5000 2789.0999   15.0018
   -7.5000  -15.0000  -22.5000 2806.2710   14.6691
    0.0000  -15.0000  -22.5000 2813.9180   14.6214
    7.5000  -15.0000  -22.5000 2793.9927   14.8126
   -7.5000   -7.5000  -22.5000 2814.2959   14.8293
    0.0000   -7.5000  -22.5000 2830.6499   14.8130
    7.5000   -7.5000  -22.5000 2807.5129   14.9932
   -7.5000    0.0000  -22.5000 2796.8848   15.3232
    0.0000    0.0000  -22.5000 2822.9202   15.3190
    7.5000    0.0000  -22.5000 2793.8074   15.4916
   -7.5000    7.5000  -22.5000 2762.3901   16.0516
    0.0000    7.5000  -22.5000 2780.5552   16.0341
    7.5000    7.5000  -22.5000 2760.8696   16.2126
   -7.5000   15.0000  -22.5000 2688.0872   16.9482
    0.0000   15.0000  -22.5000 2699.2805   16.8891
    7.5000   15.0000  -22.5000 2684.2617   17.1298
   -7.5000   22.5000  -22.5000 2582.5928   18.1662
    0.0000   22.5000  -22.5000 2590.7859   18.0957
    7.5000   22.5000  -22.5000 2577.0476   18.3558
   -7.5000   30.0000  -22.5000 2464.5056   19.8320
    0.0000   30.0000  -22.5000 2473.4792   19.7191
    7.5000   30.0000  -22.5000 2459.3618   20.0471
   -7.5000   37.5000  -22.5000 2324.4346   22.0284
    0.0000   37.5000  -22.5000 2333.1763   21.9054
    7.5000   37.5000  -22.5000 2319.9202   22.2689
   -7.5000   45.0000  -22.5000 2169.3767   24.8066
    0.0000   45.0000  -22.5000 2179.2268   24.7548
    7.5000   45.0000  -22.5000 2165.4741   25.0667
   -7.5000  -45.0000  -15.0000 2699.2559   17.0266
    0.0000  -45.0000  -15.0000 2705.6479   16.9282
    7.5000  -45.0000  -15.0000 2681.9390   17.0308
   -7.5000  -37.5000  -15.0000 2772.2319   15.8928
    0.0000  -37.5000  -15.0000 2781.6104   15.8154
    7.5000  -37.5000  -15.0000 2761.0095   15.9095
   -7.5000  -30.0000  -15.0000 2825.9749   15.1062
    0.0000  -30.0000  -15.0000 2833.3645   15.0487
    7.5000  -30.0000  -15.0000 2813.3855   15.1482
   -7.5000  -22.5000  -15.0000 2860.3418   14.5869
    0.0000  -22.5000  -15.0000 2874.4507   14.5777
    7.5000  -22.5000  -15.0000 2847.6960   14.6093
   -7.5000  -15.0000  -15.0000 2858.1406   14.1439
    0.0000  -15.0000  -15.0000 2872.9807   14.1918
    7.5000  -15.0000  -15.0000 2844.1270   14.3549
   -7.5000   -7.5000  -15.0000 2869.8801   14.2707
    0.0000   -7.5000  -15.0000 2885.0161   14.2906
    7.5000   -7.5000  -15.0000 2860.4172   14.4864
   -7.5000    0.0000  -15.0000 2859.5920   14.7802
    0.0000    0.0000  -15.0000 2880.5498   14.7746
    7.5000    0.0000  -15.0000 2854.3896   14.9713
   -7.5000    7.5000  -15.0000 2817.6794   15.5165
    0.0000    7.5000  -15.0000 2832.8057   15.4830
    7.5000    7.5000  -15.0000 2816.5432   15.6870
   -7.5000   15.0000  -15.0000 2742.6609   16.5142
    0.0000   15.0000  -15.0000 2754.0447   16.4460
    7.5000   15.0000  -15.0000 2738.1250   16.7046
   -7.5000   22.5000  -15.0000 2635.5859   17.7861
    0.0000   22.5000  -15.0000 2644.3271   17.7067
    7.5000   22.5000  -15.0000 2628.7778   18.0001
   -7.5000   30.0000  -15.0000 2509.9277   19.4203
    0.0000   30.0000  -15.0000 2522.1863   19.3330
    7.5000   30.0000  -15.0000 2502.3625   19.6783
   -7.5000   37.5000  -15.0000 2363.8003   21.4912
    0.0000   37.5000  -15.0000 2374.3025   21.4452
    7.5000   37.5000  -15.0000 2359.6948   21.7895
   -7.5000   45.0000  -15.0000 2204.9250   24.2154
    0.0000   45.0000  -15.0000 2213.9526   24.2117
    7.5000   45.0000  -15.0000 2194.2085   24.5008
   -7.5000  -45.0000   -7.5000 2705.3132   16.7563
    0.0000  -45.0000   -7.5000 2716.2837   16.6930
    7.5000  -45.0000   -7.5000 2691.9790   16.7795
   -7.5000  -37.5000   -7.5000 2789.7595   15.6739
    0.0000  -37.5000   -7.5000 2803.2661   15.6012
    7.5000  -37.5000   -7.5000 2778.5168   15.6639
   -7.5000  -30.0000   -7.5000 2851.8916   14.9083
    0.0000  -30.0000   -7.5000 2869.9268   14.8723
    7.5000  -30.0000   -7.5000 2840.4990   14.9057
   -7.5000  -22.5000   -7.5000 2899.6926   14.4073
    0.0000  -22.5000   -7.5000 2926.4873   14.4289
    7.5000  -22.5000   -7.5000 2884.3472   14.3283
   -7.5000  -15.0000   -7.5000 2896.0950   13.8595
    0.0000  -15.0000   -7.5000 2921.9341   13.9492
    7.5000  -15.0000   -7.5000 2880.1912   13.9850
   -7.5000   -7.5000   -7.5000 2893.6416   13.7962
    0.0000   -7.5000   -7.5000 2912.4680   13.9009
    7.5000   -7.5000   -7.5000 2880.4954   14.0174
   -7.5000    0.0000   -7.5000 2878.0906   14.2736
    0.0000    0.0000   -7.5000 2899.4656   14.2949
    7.5000    0.0000   -7.5000 2871.9141   14.5083
   -7.5000    7.5000   -7.5000 2836.7712   15.0700
    0.0000    7.5000   -7.5000 2863.2510   15.0358
    7.5000    7.5000   -7.5000 2828.9250   15.2906
   -7.5000   15.0000   -7.5000 2760.0891   16.1167
    0.0000   15.0000   -7.5000 2785.4626   16.1223
    7.5000   15.0000   -7.5000 2755.9910   16.3272
   -7.5000   22.5000   -7.5000 2658.8657   17.4721
    0.0000   22.5000   -7.5000 2671.4700   17.4452
    7.5000   22.5000   -7.5000 2647.4021   17.6457
   -7.5000   30.0000   -7.5000 2538.6992   19.0811
    0.0000   30.0000   -7.5000 2547.9177   19.0696
    7.5000   30.0000   -7.5000 2524.9050   19.2670
   -7.5000   37.5000   -7.5000 2390.0117   21.1776
    0.0000   37.5000   -7.5000 2400.6926   21.1647
    7.5000   37.5000   -7.5000 2383.0767   21.4187
   -7.5000   45.0000   -7.5000 2218.1826   23.8179
    0.0000   45.0000   -7.5000 2231.8396   23.7536
    7.5000   45.0000   -7.5000 2209.5474   24.0540
   -7.5000  -45.0000    0.0000 2685.3928   16.7500
    0.0000  -45.0000    0.0000 2697.7698   16.6705
    7.5000  -45.0000    0.0000 2674.3967   16.7458
   -7.5000  -37.5000    0.0000 2776.0613   15.6403
    0.0000  -37.5000    0.0000 2793.4568   15.5777
    7.5000  -37.5000    0.0000 2764.7974   15.6071
   -7.5000  -30.0000    0.0000 2848.5710   14.8327
    0.0000  -30.0000    0.0000 2874.8069   14.8301
    7.5000  -30.0000    0.0000 2840.5022   14.8328
   -7.5000  -22.5000    0.0000 2907.5735   14.3714
    0.0000  -22.5000    0.0000 2941.3860   14.4259
    7.5000  -22.5000    0.0000 2902.7063   14.2973
   -7.5000  -15.0000    0.0000 2912.5928   13.8395
    0.0000  -15.0000    0.0000 2957.0984   13.9543
    7.5000  -15.0000    0.0000 2903.6968   13.8767
   -7.5000   -7.5000    0.0000 2891.7566   13.7093
    0.0000   -7.5000    0.0000 2923.3340   13.8362
    7.5000   -7.5000    0.0000 2889.5703   13.9616
   -7.5000    0.0000    0.0000 2875.2996   14.1096
    0.0000    0.0000    0.0000 2901.5264   14.2140
    7.5000    0.0000    0.0000 2866.6060   14.3420
   -7.5000    7.5000    0.0000 2831.3457   14.9167
    0.0000    7.5000    0.0000 2861.3462   14.9942
    7.5000    7.5000    0.0000 2823.9878   15.0710
   -7.5000   15.0000    0.0000 2757.6230   16.0612
    0.0000   15.0000    0.0000 2779.6316   16.0763
    7.5000   15.0000    0.0000 2744.6755   16.1564
   -7.5000   22.5000    0.0000 2657.8716   17.4654
    0.0000   22.5000    0.0000 2669.1938   17.4258
    7.5000   22.5000    0.0000 2640.7490   17.4928
   -7.5000   30.0000    0.0000 2538.6060   19.1347
    0.0000   30.0000    0.0000 2551.1213   19.0631
    7.5000   30.0000    0.0000 2520.3657   19.1943
   -7.5000   37.5000    0.0000 2397.6243   21.1945
    0.0000   37.5000    0.0000 2409.1682   21.1305
    7.5000   37.5000    0.0000 2388.8074   21.3010
   -7.5000   45.0000    0.0000 2226.1758   23.7692
    0.0000   45.0000    0.0000 2237.1702   23.7292
    7.5000   45.0000    0.0000 2216.0015   23.8855
   -7.5000  -45.0000    7.5000 2650.2798   16.9316
    0.0000  -45.0000    7.5000 2671.3501   16.8791
    7.5000  -45.0000    7.5000 2649.2236   16.9663
   -7.5000  -37.5000    7.5000 2736.2893   15.7462
    0.0000  -37.5000    7.5000 2762.2336   15.7383
    7.5000  -37.5000    7.5000 2740.7883   15.8034
   -7.5000  -30.0000    7.5000 2815.0986   14.9578
    0.0000  -30.0000    7.5000 2846.3333   14.9817
    7.5000  -30.0000    7.5000 2824.7766   15.0372
   -7.5000  -22.5000    7.5000 2886.6392   14.5026
    0.0000  -22.5000    7.5000 2926.2412   14.6172
    7.5000  -22.5000    7.5000 2892.6101   14.5370
   -7.5000  -15.0000    7.5000 2916.3560   14.1838
    0.0000  -15.0000    7.5000 2955.7102   14.2671
    7.5000  -15.0000    7.5000 2904.8320   14.2260
   -7.5000   -7.5000    7.5000 2919.3647   14.2634
    0.0000   -7.5000    7.5000 2945.8757   14.2999
    7.5000   -7.5000    7.5000 2895.9861   14.2702
   -7.5000    0.0000    7.5000 2888.5835   14.5615
    0.0000    0.0000    7.5000 2906.3906   14.5979
    7.5000    0.0000    7.5000 2861.5208   14.5789
   -7.5000    7.5000    7.5000 2819.0742   15.1857
    0.0000    7.5000    7.5000 2846.3213   15.2432
    7.5000    7.5000    7.5000 2803.7114   15.2328
   -7.5000   15.0000    7.5000 2735.6577   16.1851
    0.0000   15.0000    7.5000 2758.5610   16.1981
    7.5000   15.0000    7.5000 2721.8164   16.2508
   -7.5000   22.5000    7.5000 2636.0820   17.5758
    0.0000   22.5000    7.5000 2647.7349   17.5748
    7.5000   22.5000    7.5000 2624.8291   17.6397
   -7.5000   30.0000    7.5000 2527.2205   19.2754
    0.0000   30.0000    7.5000 2531.8228   19.2481
    7.5000   30.0000    7.5000 2514.3335   19.4098
   -7.5000   37.5000    7.5000 2388.3708   21.3970
    0.0000   37.5000    7.5000 2396.2590   21.3497
    7.5000   37.5000    7.5000 2383.7659   21.6081
   -7.5000   45.0000    7.5000 2219.4392   24.0426
    0.0000   45.0000    7.5000 2225.6096   23.9938
    7.5000   45.0000    7.5000 2212.8511   24.2377
   -7.5000  -45.0000   15.0000 2605.2061   17.4446
    0.0000  -45.0000   15.0000 2630.3218   17.3678
    7.5000  -45.0000   15.0000 2616.5154   17.5206
   -7.5000  -37.5000   15.0000 2691.9409   16.3327
    0.0000  -37.5000   15.0000 2717.5940   16.2975
    7.5000  -37.5000   15.0000 2702.7993   16.4009
   -7.5000  -30.0000   15.0000 2780.0791   15.5899
    0.0000  -30.0000   15.0000 2802.6541   15.5774
    7.5000  -30.0000   15.0000 2784.3188   15.6144
   -7.5000  -22.5000   15.0000 2849.2229   15.0883
    0.0000  -22.5000   15.0000 2875.7334   15.0794
    7.5000  -22.5000   15.0000 2845.7261   15.0603
   -7.5000  -15.0000   15.0000 2880.9102   14.7771
    0.0000  -15.0000   15.0000 2904.6384   14.7462
    7.5000  -15.0000   15.0000 2864.1135   14.8042
   -7.5000   -7.5000   15.0000 2884.1130   14.8548
    0.0000   -7.5000   15.0000 2913.4766   14.8771
    7.5000   -7.5000   15.0000 2868.7783   14.9354
   -7.5000    0.0000   15.0000 2856.4080   15.2447
    0.0000    0.0000   15.0000 2884.4397   15.2822
    7.5000    0.0000   15.0000 2837.7754   15.3101
   -7.5000    7.5000   15.0000 2789.5088   15.9195
    0.0000    7.5000   15.0000 2818.2566   15.9566
    7.5000    7.5000   15.0000 2776.8455   15.9962
   -7.5000   15.0000   15.0000 2701.3689   16.8147
    0.0000   15.0000   15.0000 2723.2742   16.8011
    7.5000   15.0000   15.0000 2690.8528   16.9009
   -7.5000   22.5000   15.0000 2602.3459   18.0524
    0.0000   22.5000   15.0000 2614.3633   18.0236
    7.5000   22.5000   15.0000 2596.3169   18.1718
   -7.5000   30.0000   15.0000 2487.7439   19.7157
    0.0000   30.0000   15.0000 2499.4521   19.6386
    7.5000   30.0000   15.0000 2483.0112   19.8595
   -7.5000   37.5000   15.0000 2351.4756   21.8339
    0.0000   37.5000   15.0000 2359.0857   21.7297
    7.5000   37.5000   15.0000 2354.2910   21.9830
   -7.5000   45.0000   15.0000 2191.4331   24.4800
    0.0000   45.0000   15.0000 2198.6099   24.3598
    7.5000   45.0000   15.0000 2192.1909   24.6406
   -7.5000  -45.0000   22.5000 2558.4639   18.3358
    0.0000  -45.0000   22.5000 2580.9585   18.1754
    7.5000  -45.0000   22.5000 2568.4800   18.3656
   -7.5000  -37.5000   22.5000 2647.4055   17.2132
    0.0000  -37.5000   22.5000 2664.3044   17.0432
    7.5000  -37.5000   22.5000 2655.4001   17.1726
   -7.5000  -30.0000   22.5000 2725.1851   16.3205
    0.0000  -30.0000   22.5000 2734.7441   16.1917
    7.5000  -30.0000   22.5000 2733.4751   16.3419
   -7.5000  -22.5000   22.5000 2788.5977   15.7290
    0.0000  -22.5000   22.5000 2801.9771   15.5856
    7.5000  -22.5000   22.5000 2794.1892   15.7605
   -7.5000  -15.0000   22.5000 2818.9758   15.4231
    0.0000  -15.0000   22.5000 2831.1494   15.3476
    7.5000  -15.0000   22.5000 2813.8140   15.5185
   -7.5000   -7.5000   22.5000 2817.9648   15.5616
    0.0000   -7.5000   22.5000 2831.0725   15.5107
    7.5000   -7.5000   22.5000 2810.8359   15.7047
   -7.5000    0.0000   22.5000 2780.9255   15.9842
    0.0000    0.0000   22.5000 2801.0745   15.9474
    7.5000    0.0000   22.5000 2776.3594   16.1231
   -7.5000    7.5000   22.5000 2726.0337   16.6446
    0.0000    7.5000   22.5000 2751.7434   16.5950
    7.5000    7.5000   22.5000 2720.4221   16.7831
   -7.5000   15.0000   22.5000 2649.1511   17.5920
    0.0000   15.0000   22.5000 2671.8640   17.5423
    7.5000   15.0000   22.5000 2646.1917   17.7395
   -7.5000   22.5000   22.5000 2564.2629   18.8667
    0.0000   22.5000   22.5000 2582.2734   18.8128
    7.5000   22.5000   22.5000 2556.2129   18.9983
   -7.5000   30.0000   22.5000 2442.2566   20.4790
    0.0000   30.0000   22.5000 2454.5828   20.4015
    7.5000   30.0000   22.5000 2441.8958   20.6282
   -7.5000   37.5000   22.5000 2307.3879   22.5205
    0.0000   37.5000   22.5000 2318.6069   22.4467
    7.5000   37.5000   22.5000 2313.5906   22.7145
   -7.5000   45.0000   22.5000 2160.4915   25.1928
    0.0000   45.0000   22.5000 2171.9207   25.1248
    7.5000   45.0000   22.5000 2163.0037   25.3943
   -7.5000  -45.0000   30.0000 2501.2673   19.3211
    0.0000  -45.0000   30.0000 2516.3145   19.0369
    7.5000  -45.0000   30.0000 2517.1697   19.3958
   -7.5000  -37.5000   30.0000 2590.8774   18.0682
    0.0000  -37.5000   30.0000 2598.8191   17.8073
    7.5000  -37.5000   30.0000 2604.6453   18.1587
   -7.5000  -30.0000   30.0000 2659.9692   17.1462
    0.0000  -30.0000   30.0000 2665.0542   16.8999
    7.5000  -30.0000   30.0000 2672.7112   17.2169
   -7.5000  -22.5000   30.0000 2714.7732   16.5212
    0.0000  -22.5000   30.0000 2720.4583   16.3031
    7.5000  -22.5000   30.0000 2721.1685   16.5993
   -7.5000  -15.0000   30.0000 2735.5676   16.2597
    0.0000  -15.0000   30.0000 2740.1746   16.1282
    7.5000  -15.0000   30.0000 2738.1187   16.3823
   -7.5000   -7.5000   30.0000 2731.7339   16.4613
    0.0000   -7.5000   30.0000 2737.6084   16.3169
    7.5000   -7.5000   30.0000 2731.5835   16.5734
   -7.5000    0.0000   30.0000 2696.3914   16.9116
    0.0000    0.0000   30.0000 2706.6296   16.8090
    7.5000    0.0000   30.0000 2698.6584   17.0435
   -7.5000    7.5000   30.0000 2649.2786   17.5932
    0.0000    7.5000   30.0000 2664.0515   17.5026
    7.5000    7.5000   30.0000 2650.4915   17.7153
   -7.5000   15.0000   30.0000 2580.6296   18.4918
    0.0000   15.0000   30.0000 2600.7573   18.3882
    7.5000   15.0000   30.0000 2581.1082   18.6178
   -7.5000   22.5000   30.0000 2504.9128   19.7981
    0.0000   22.5000   30.0000 2523.9692   19.7102
    7.5000   22.5000   30.0000 2501.3049   19.9343
   -7.5000   30.0000   30.0000 2395.3513   21.4714
    0.0000   30.0000   30.0000 2407.2434   21.3794
    7.5000   30.0000   30.0000 2389.8350   21.6070
   -7.5000   37.5000   30.0000 2264.6521   23.5383
    0.0000   37.5000   30.0000 2274.7278   23.4824
    7.5000   37.5000   30.0000 2263.9668   23.7177
   -7.5000   45.0000   30.0000 2125.3315   26.2615
    0.0000   45.0000   30.0000 2130.1409   26.2309
    7.5000   45.0000   30.0000 2124.3069   26.4473
   -7.5000  -45.0000   37.5000 2435.4897   20.4232
    0.0000  -45.0000   37.5000 2446.6755   20.0205
    7.5000  -45.0000   37.5000 2461.1082   20.5687
   -7.5000  -37.5000   37.5000 2521.5518   19.0816
    0.0000  -37.5000   37.5000 2527.6707   18.7277
    7.5000  -37.5000   37.5000 2541.9526   19.2132
   -7.5000  -30.0000   37.5000 2590.0083   18.1224
    0.0000  -30.0000   37.5000 2590.0918   17.7726
    7.5000  -30.0000   37.5000 2605.3521   18.2348
   -7.5000  -22.5000   37.5000 2636.6101   17.5215
    0.0000  -22.5000   37.5000 2638.6477   17.2324
    7.5000  -22.5000   37.5000 2643.2422   17.6196
   -7.5000  -15.0000   37.5000 2650.9187   17.3241
    0.0000  -15.0000   37.5000 2652.3328   17.1415
    7.5000  -15.0000   37.5000 2655.9673   17.4345
   -7.5000   -7.5000   37.5000 2640.1343   17.5147
    0.0000   -7.5000   37.5000 2645.5020   17.3217
    7.5000   -7.5000   37.5000 2643.0789   17.6131
   -7.5000    0.0000   37.5000 2610.7251   17.9933
    0.0000    0.0000   37.5000 2613.0212   17.8485
    7.5000    0.0000   37.5000 2617.1375   18.0938
   -7.5000    7.5000   37.5000 2567.8542   18.7081
    0.0000    7.5000   37.5000 2579.5066   18.5711
    7.5000    7.5000   37.5000 2574.2534   18.8039
   -7.5000   15.0000   37.5000 2508.0286   19.5907
    0.0000   15.0000   37.5000 2532.0925   19.4547
    7.5000   15.0000   37.5000 2510.6216   19.6987
   -7.5000   22.5000   37.5000 2433.9966   20.8560
    0.0000   22.5000   37.5000 2457.1472   20.7311
    7.5000   22.5000   37.5000 2429.8015   20.9861
   -7.5000   30.0000   37.5000 2326.2571   22.5853
    0.0000   30.0000   37.5000 2336.6895   22.4575
    7.5000   30.0000   37.5000 2323.5203   22.6759
   -7.5000   37.5000   37.5000 2214.1638   24.8147
    0.0000   37.5000   37.5000 2223.9783   24.7777
    7.5000   37.5000   37.5000 2212.5613   24.9808
   -7.5000   45.0000   37.5000 2079.6531   27.6392
    0.0000   45.0000   37.5000 2083.5220   27.6249
    7.5000   45.0000   37.5000 2076.4685   27.8015
   -7.5000  -45.0000   45.0000 2358.3672   21.7157
    0.0000  -45.0000   45.0000 2371.2542   21.3272
    7.5000  -45.0000   45.0000 2386.2600   21.9610
   -7.5000  -37.5000   45.0000 2441.1201   20.3595
    0.0000  -37.5000   45.0000 2450.3469   19.9324
    7.5000  -37.5000   45.0000 2464.7690   20.5011
   -7.5000  -30.0000   45.0000 2501.7922   19.3507
    0.0000  -30.0000   45.0000 2505.7432   18.9549
    7.5000  -30.0000   45.0000 2517.5562   19.4841
   -7.5000  -22.5000   45.0000 2541.7737   18.7346
    0.0000  -22.5000   45.0000 2544.9399   18.4516
    7.5000  -22.5000   45.0000 2552.7231   18.8694
   -7.5000  -15.0000   45.0000 2552.8296   18.5920
    0.0000  -15.0000   45.0000 2555.3481   18.4005
    7.5000  -15.0000   45.0000 2561.5842   18.7219
   -7.5000   -7.5000   45.0000 2539.0952   18.8176
    0.0000   -7.5000   45.0000 2545.3149   18.6317
    7.5000   -7.5000   45.0000 2544.8535   18.9090
   -7.5000    0.0000   45.0000 2516.0906   19.3206
    0.0000    0.0000   45.0000 2522.7217   19.1538
    7.5000    0.0000   45.0000 2523.1663   19.4160
   -7.5000    7.5000   45.0000 2479.9851   20.0795
    0.0000    7.5000   45.0000 2495.5994   19.9299
    7.5000    7.5000   45.0000 2488.6829   20.1694
   -7.5000   15.0000   45.0000 2419.9851   20.9244
    0.0000   15.0000   45.0000 2442.1333   20.8215
    7.5000   15.0000   45.0000 2426.1636   21.0377
   -7.5000   22.5000   45.0000 2347.0415   22.1296
    0.0000   22.5000   45.0000 2374.0620   22.0089
    7.5000   22.5000   45.0000 2352.6140   22.2251
   -7.5000   30.0000   45.0000 2251.3518   23.9328
    0.0000   30.0000   45.0000 2266.4080   23.7842
    7.5000   30.0000   45.0000 2251.7498   23.9794
   -7.5000   37.5000   45.0000 2148.3374   26.2655
    0.0000   37.5000   45.0000 2157.4683   26.1875
    7.5000   37.5000   45.0000 2144.2839   26.3741
   -7.5000   45.0000   45.0000 2021.5243   29.4788
    0.0000   45.0000   45.0000 2033.1062   29.4524
    7.5000   45.0000   45.0000 2021.1542   29.5740

---------------------------------------------------------------------
imgreg_4dfp /usr/local/freesurfer/average/711-2C_as_mni_average_305 /usr/local/freesurfer/average/711-2B_as_mni_average_305_mask talsrcimg_g11 none talsrcimg_to_711-2C_as_mni_average_305_t4 1283
---------------------------------------------------------------------

freesurfer imgreg_4dfp.c
/usr/local/freesurfer/average/711-2C_as_mni_average_305.4dfp.img
       256       256       256         1
  1.000000  1.000000  1.000000
orientation T byte_order littleendian
Reading image: /usr/local/freesurfer/average/711-2C_as_mni_average_305.4dfp.img
dimensions:      256       256       256
mmppix:       1.0000   -1.0000   -1.0000
center:     128.0000 -129.0000 -129.0000
/usr/local/freesurfer/average/711-2B_as_mni_average_305_mask.4dfp.img
       256       256       256         1
  1.000000  1.000000  1.000000
orientation T byte_order littleendian
Reading mask: /usr/local/freesurfer/average/711-2B_as_mni_average_305_mask.4dfp.img (2306576 pixels)
talsrcimg_g11.4dfp.img
       256       256       256         1
  1.000000  1.000000  1.000000
orientation T byte_order littleendian
Reading image: talsrcimg_g11.4dfp.img
dimensions:      256       256       256
mmppix:       1.0000   -1.0000   -1.0000
center:     128.0000 -129.0000 -129.0000
rotation matrix determinant  1.000000
fimgreg.f
image alignment mode   1283 decimal      503 hex
parameters
    0.0000  -15.0000    0.0000    0.0000    0.0000    0.0000
eta,q 0.92679 14.06507
niter,ni,del,rscale     5    3   12.0000    1.2000
parameters
   -0.4778  -17.8412    0.7474    2.4941   -0.4484   -1.7410
eta,q 0.92905 14.07746
  0.0820  0.0736  0.0807  0.0736  0.0766  0.0729
  0.0777  0.0730  0.0749  0.0744  0.0742  0.0713
  0.0751  0.0740  0.0731  0.0738  0.0723  0.0709
  0.0750  0.0743  0.0733  0.0724  0.0714  0.0715
  0.0776  0.0742  0.0726  0.0715  0.0732  0.0725
  0.0796  0.0763  0.0749  0.0717  0.0753  0.0739
  0.0836  0.0808  0.0763  0.0734  0.0782  0.0761
niter,ni,del,rscale     4    3   12.0000    1.2000
parameters
   -0.9074  -17.3970    1.1345    1.8795   -0.2092   -1.7626
eta,q 0.92939 14.10411
  0.0792  0.0808  0.0791  0.0741  0.0768  0.0741
  0.0742  0.0764  0.0749  0.0732  0.0740  0.0717
  0.0712  0.0729  0.0733  0.0719  0.0720  0.0705
  0.0709  0.0707  0.0705  0.0703  0.0707  0.0706
  0.0737  0.0712  0.0718  0.0709  0.0713  0.0712
  0.0771  0.0745  0.0754  0.0739  0.0734  0.0721
  0.0802  0.0786  0.0767  0.0771  0.0761  0.0737
niter,ni,del,rscale     3    3   12.0000    1.2000
parameters
   -0.9817  -17.2126    1.3358    1.5574    0.0217   -1.6924
eta,q 0.92920 14.11921
  0.0801  0.0799  0.0783  0.0738  0.0767  0.0740
  0.0749  0.0751  0.0744  0.0734  0.0739  0.0717
  0.0715  0.0718  0.0729  0.0723  0.0721  0.0707
  0.0706  0.0706  0.0706  0.0705  0.0708  0.0708
  0.0730  0.0721  0.0726  0.0703  0.0714  0.0713
  0.0765  0.0751  0.0757  0.0728  0.0733  0.0720
  0.0793  0.0782  0.0763  0.0763  0.0760  0.0735
niter,ni,del,rscale     2    3   12.0000    1.2000
parameters
   -1.0180  -17.0891    1.4525    1.3122    0.1792   -1.6064
eta,q 0.92900 14.12633
  0.0805  0.0795  0.0779  0.0733  0.0765  0.0739
  0.0752  0.0746  0.0743  0.0735  0.0739  0.0718
  0.0718  0.0716  0.0730  0.0725  0.0722  0.0710
  0.0708  0.0708  0.0708  0.0708  0.0710  0.0710
  0.0733  0.0726  0.0730  0.0701  0.0716  0.0712
  0.0768  0.0752  0.0758  0.0723  0.0734  0.0720
  0.0793  0.0778  0.0762  0.0758  0.0762  0.0734
niter,ni,del,rscale     1    3   12.0000    1.2000
parameters
   -1.0262  -16.9947    1.5354    1.1099    0.2809   -1.5157
eta,q 0.92878 14.12928
  0.0807  0.0791  0.0775  0.0730  0.0764  0.0738
  0.0755  0.0742  0.0743  0.0735  0.0739  0.0719
  0.0721  0.0716  0.0731  0.0727  0.0723  0.0712
  0.0710  0.0710  0.0710  0.0710  0.0712  0.0712
  0.0735  0.0729  0.0733  0.0702  0.0717  0.0713
  0.0770  0.0751  0.0758  0.0720  0.0735  0.0720
  0.0793  0.0773  0.0760  0.0754  0.0763  0.0734
registration optimization eta report
parameter search radius
    6.0000    6.0000    6.0000    6.0000    6.0000    6.0000
100000*second partial in parameter space
       24.       19.       13.        9.       14.        7.
  0.0807  0.0791  0.0775  0.0730  0.0764  0.0738
  0.0755  0.0742  0.0743  0.0735  0.0739  0.0719
  0.0721  0.0716  0.0731  0.0727  0.0723  0.0712
  0.0710  0.0710  0.0710  0.0710  0.0712  0.0712
  0.0735  0.0729  0.0733  0.0702  0.0717  0.0713
  0.0770  0.0751  0.0758  0.0720  0.0735  0.0720
  0.0793  0.0773  0.0760  0.0754  0.0763  0.0734
   -1.0262  -16.9947    1.5354    1.1099    0.2809   -1.5157
eta,q 0.92878 14.12928

---------------------------------------------------------------------
imgreg_4dfp /usr/local/freesurfer/average/711-2C_as_mni_average_305 /usr/local/freesurfer/average/711-2B_as_mni_average_305_mask talsrcimg_g11 none talsrcimg_to_711-2C_as_mni_average_305_t4 3335
---------------------------------------------------------------------

freesurfer imgreg_4dfp.c
/usr/local/freesurfer/average/711-2C_as_mni_average_305.4dfp.img
       256       256       256         1
  1.000000  1.000000  1.000000
orientation T byte_order littleendian
Reading image: /usr/local/freesurfer/average/711-2C_as_mni_average_305.4dfp.img
dimensions:      256       256       256
mmppix:       1.0000   -1.0000   -1.0000
center:     128.0000 -129.0000 -129.0000
/usr/local/freesurfer/average/711-2B_as_mni_average_305_mask.4dfp.img
       256       256       256         1
  1.000000  1.000000  1.000000
orientation T byte_order littleendian
Reading mask: /usr/local/freesurfer/average/711-2B_as_mni_average_305_mask.4dfp.img (2306576 pixels)
talsrcimg_g11.4dfp.img
       256       256       256         1
  1.000000  1.000000  1.000000
orientation T byte_order littleendian
Reading image: talsrcimg_g11.4dfp.img
dimensions:      256       256       256
mmppix:       1.0000   -1.0000   -1.0000
center:     128.0000 -129.0000 -129.0000
fimgreg.f
image alignment mode   3335 decimal      D07 hex
parameters
   -1.0262  -16.9947    1.5354   -0.0362   -0.0535   -0.0200
    2.6351   -0.5412   -2.6450   -1.9233    0.4903    1.9369
eta,q 0.92842 14.23237
niter,ni,del,rscale     5    3    5.0000    1.2000
parameter  4  1.078209 ->  0.500000 qaram    1.1500
parameter  5  1.096432 ->  0.500000 qaram    1.1500
parameter  6 17.636490 ->  0.500000 qaram    1.1500
parameter 10  1.298392 ->  0.500000 qaram    1.1500
parameter 12  3.811973 ->  0.500000 qaram    1.1500
parameters
   -0.8806  -17.1496    1.8218   -4.1762   -4.1935   -4.1600
    2.1979    2.8637   -3.4008   -6.0633    0.1907   -2.2031
eta,q 0.94409 14.09039
  0.0737  0.0729  0.0723  0.0681  0.0663  0.0559  0.0608  0.0634  0.0597  0.0582  0.0590  0.0548
  0.0725  0.0721  0.0719  0.0688  0.0664  0.0589  0.0603  0.0619  0.0595  0.0581  0.0585  0.0556
  0.0718  0.0716  0.0717  0.0699  0.0670  0.0625  0.0599  0.0606  0.0594  0.0585  0.0582  0.0568
  0.0716  0.0716  0.0716  0.0716  0.0690  0.0664  0.0598  0.0598  0.0593  0.0593  0.0582  0.0582
  0.0717  0.0719  0.0716  0.0740  0.0721  0.0700  0.0600  0.0594  0.0594  0.0604  0.0583  0.0596
  0.0723  0.0725  0.0718  0.0772  0.0749  0.0739  0.0604  0.0594  0.0596  0.0613  0.0586  0.0610
  0.0732  0.0731  0.0720  0.0810  0.0775  0.0773  0.0612  0.0599  0.0599  0.0621  0.0592  0.0625
niter,ni,del,rscale     7    3    5.0000    1.2000
parameter  2 -0.940916 -> -0.500000 qaram    1.1500
parameter  3 -0.557152 -> -0.500000 qaram    1.1500
parameter  6  0.622802 ->  0.500000 qaram    1.3225
parameter  7 -0.552841 -> -0.500000 qaram    1.1500
parameter 10 -1.866030 -> -0.500000 qaram    1.3225
parameter 12  0.745742 ->  0.500000 qaram    1.3225
parameters
   -1.0092  -15.7696    3.2018   -7.4066   -7.7186   -8.9210
    6.3379    3.3071   -4.3769   -1.3023   -0.7118   -6.9641
eta,q 0.95029 13.71883
  0.0580  0.0607  0.0591  0.0546  0.0546  0.0518  0.0546  0.0543  0.0523  0.0564  0.0508  0.0497
  0.0568  0.0589  0.0573  0.0538  0.0538  0.0522  0.0537  0.0529  0.0521  0.0545  0.0504  0.0497
  0.0561  0.0573  0.0557  0.0534  0.0531  0.0524  0.0529  0.0522  0.0519  0.0530  0.0502  0.0499
  0.0559  0.0559  0.0545  0.0538  0.0535  0.0532  0.0523  0.0519  0.0518  0.0518  0.0502  0.0502
  0.0563  0.0549  0.0539  0.0554  0.0560  0.0571  0.0519  0.0519  0.0520  0.0509  0.0504  0.0506
  0.0571  0.0544  0.0538  0.0588  0.0588  0.0634  0.0519  0.0525  0.0523  0.0499  0.0507  0.0513
  0.0585  0.0545  0.0544  0.0636  0.0613  0.0692  0.0522  0.0537  0.0527  0.0492  0.0512  0.0524
niter,ni,del,rscale     7    3    5.0000    1.2000
parameter  2 -3.222506 -> -0.500000 qaram    1.3225
parameter  3  1.642741 ->  0.500000 qaram    1.3225
parameter 10 -1.431530 -> -0.500000 qaram    1.5209
parameter 12  0.911161 ->  0.500000 qaram    1.5209
parameters
   -1.1248  -14.1826    1.6148   -4.6079   -8.8925  -12.4335
    5.3372    3.1316   -3.9040    4.1729   -0.5443  -12.4392
eta,q 0.95640 13.62560
  0.0510  0.0539  0.0458  0.0499  0.0484  0.0465  0.0474  0.0481  0.0469  0.0514  0.0452  0.0433
  0.0502  0.0524  0.0463  0.0487  0.0474  0.0462  0.0467  0.0468  0.0465  0.0493  0.0446  0.0435
  0.0498  0.0510  0.0469  0.0476  0.0465  0.0460  0.0461  0.0463  0.0462  0.0476  0.0442  0.0437
  0.0497  0.0497  0.0476  0.0465  0.0457  0.0460  0.0460  0.0460  0.0460  0.0460  0.0442  0.0442
  0.0499  0.0484  0.0484  0.0458  0.0461  0.0468  0.0463  0.0462  0.0460  0.0449  0.0443  0.0447
  0.0504  0.0473  0.0496  0.0459  0.0485  0.0518  0.0472  0.0470  0.0463  0.0439  0.0446  0.0455
  0.0512  0.0466  0.0509  0.0476  0.0514  0.0604  0.0484  0.0483  0.0468  0.0435  0.0450  0.0468
niter,ni,del,rscale     7    3    5.0000    1.2000
parameter  2 -2.166866 -> -0.500000 qaram    1.5209
parameter  3  0.823529 ->  0.500000 qaram    1.5209
parameter 10 -0.853427 -> -0.500000 qaram    1.7490
parameter 12  1.051988 ->  0.500000 qaram    1.7490
parameters
   -0.7311  -12.3575   -0.2102   -3.8563  -10.0249  -14.3345
    4.0420    4.3452   -4.4359   10.4693    0.3825  -18.7357
eta,q 0.96254 13.58190
  0.0456  0.0491  0.0402  0.0432  0.0427  0.0423  0.0420  0.0437  0.0412  0.0474  0.0397  0.0372
  0.0446  0.0470  0.0402  0.0422  0.0417  0.0416  0.0412  0.0419  0.0408  0.0442  0.0391  0.0373
  0.0440  0.0452  0.0404  0.0412  0.0408  0.0410  0.0407  0.0411  0.0406  0.0422  0.0387  0.0378
  0.0436  0.0435  0.0410  0.0402  0.0400  0.0403  0.0407  0.0406  0.0405  0.0405  0.0386  0.0386
  0.0436  0.0419  0.0417  0.0398  0.0403  0.0399  0.0411  0.0406  0.0406  0.0393  0.0386  0.0396
  0.0439  0.0406  0.0427  0.0406  0.0425  0.0425  0.0420  0.0411  0.0409  0.0384  0.0388  0.0409
  0.0446  0.0400  0.0440  0.0431  0.0459  0.0497  0.0433  0.0421  0.0414  0.0387  0.0392  0.0425
niter,ni,del,rscale     7    3    5.0000    1.2000
parameter  2 -1.397895 -> -0.500000 qaram    1.7490
parameter  3  0.768299 ->  0.500000 qaram    1.7490
parameter 10 -0.689622 -> -0.500000 qaram    2.0114
parameter 12  0.694146 ->  0.500000 qaram    2.0114
parameters
   -0.5375  -10.2587   -2.3090   -3.7356  -11.8265  -16.7090
    3.4970    4.3621   -6.1245   17.7102    2.0612  -25.9766
eta,q 0.96947 13.56257
  0.0397  0.0452  0.0336  0.0367  0.0360  0.0355  0.0361  0.0367  0.0346  0.0434  0.0333  0.0309
  0.0386  0.0423  0.0336  0.0356  0.0351  0.0348  0.0352  0.0353  0.0343  0.0390  0.0326  0.0305
  0.0378  0.0397  0.0339  0.0346  0.0342  0.0343  0.0345  0.0347  0.0342  0.0362  0.0321  0.0308
  0.0375  0.0374  0.0345  0.0336  0.0336  0.0340  0.0342  0.0342  0.0342  0.0342  0.0318  0.0317
  0.0376  0.0355  0.0355  0.0333  0.0343  0.0335  0.0345  0.0344  0.0344  0.0325  0.0317  0.0330
  0.0381  0.0342  0.0369  0.0344  0.0372  0.0368  0.0354  0.0352  0.0348  0.0318  0.0319  0.0349
  0.0391  0.0338  0.0386  0.0376  0.0414  0.0451  0.0368  0.0369  0.0353  0.0326  0.0324  0.0371
niter,ni,del,rscale     7    3    5.0000    1.2000
parameter  2 -0.918441 -> -0.500000 qaram    2.0114
parameters
   -0.6626   -7.8451   -4.0940   -4.6173  -14.3760  -18.8376
    3.6007    4.0197   -5.6986   22.4740    1.7345  -29.0515
eta,q 0.97480 13.45541
  0.0327  0.0424  0.0277  0.0286  0.0285  0.0292  0.0294  0.0296  0.0284  0.0398  0.0263  0.0285
  0.0315  0.0381  0.0264  0.0276  0.0275  0.0280  0.0282  0.0280  0.0276  0.0335  0.0260  0.0255
  0.0307  0.0340  0.0262  0.0268  0.0267  0.0272  0.0273  0.0273  0.0272  0.0294  0.0258  0.0251
  0.0305  0.0305  0.0270  0.0262  0.0263  0.0266  0.0270  0.0270  0.0270  0.0270  0.0257  0.0257
  0.0309  0.0280  0.0285  0.0262  0.0279  0.0264  0.0272  0.0272  0.0271  0.0257  0.0258  0.0271
  0.0318  0.0268  0.0306  0.0277  0.0322  0.0302  0.0280  0.0282  0.0275  0.0262  0.0260  0.0289
  0.0332  0.0273  0.0332  0.0312  0.0372  0.0390  0.0293  0.0304  0.0281  0.0297  0.0264  0.0310
niter,ni,del,rscale     7    3    5.0000    1.2000
parameters
   -0.9226   -6.4443   -4.7267   -4.4879  -15.8558  -19.6293
    3.8138    3.6721   -5.7205   24.0215    2.4269  -29.5947
eta,q 0.97582 13.41224
  0.0271  0.0375  0.0265  0.0262  0.0272  0.0282  0.0271  0.0276  0.0259  0.0354  0.0248  0.0297
  0.0259  0.0324  0.0248  0.0252  0.0258  0.0266  0.0258  0.0257  0.0251  0.0295  0.0245  0.0252
  0.0253  0.0281  0.0239  0.0245  0.0247  0.0253  0.0248  0.0248  0.0246  0.0261  0.0244  0.0238
  0.0252  0.0252  0.0240  0.0239  0.0238  0.0242  0.0245  0.0245  0.0245  0.0245  0.0243  0.0243
  0.0256  0.0240  0.0248  0.0235  0.0243  0.0235  0.0247  0.0248  0.0247  0.0244  0.0243  0.0255
  0.0266  0.0251  0.0264  0.0243  0.0277  0.0256  0.0255  0.0260  0.0252  0.0264  0.0244  0.0272
  0.0281  0.0291  0.0284  0.0269  0.0330  0.0329  0.0269  0.0286  0.0259  0.0318  0.0247  0.0290
niter,ni,del,rscale     6    3    5.0000    1.2000
parameters
   -1.0349   -6.1727   -4.9990   -4.3252  -16.2456  -19.9306
    3.9035    3.5003   -5.8061   24.3996    2.8856  -29.7647
eta,q 0.97579 13.39927
  0.0265  0.0334  0.0269  0.0264  0.0278  0.0283  0.0269  0.0279  0.0257  0.0339  0.0247  0.0301
  0.0251  0.0290  0.0252  0.0254  0.0263  0.0267  0.0256  0.0258  0.0249  0.0284  0.0245  0.0254
  0.0243  0.0257  0.0243  0.0247  0.0251  0.0254  0.0246  0.0248  0.0244  0.0255  0.0243  0.0238
  0.0242  0.0242  0.0241  0.0241  0.0240  0.0242  0.0243  0.0243  0.0243  0.0243  0.0243  0.0242
  0.0246  0.0245  0.0246  0.0237  0.0236  0.0232  0.0245  0.0245  0.0245  0.0246  0.0242  0.0254
  0.0255  0.0270  0.0259  0.0245  0.0256  0.0249  0.0254  0.0259  0.0250  0.0273  0.0243  0.0270
  0.0269  0.0321  0.0276  0.0270  0.0303  0.0315  0.0269  0.0286  0.0257  0.0334  0.0247  0.0289
niter,ni,del,rscale     5    3    5.0000    1.2000
parameters
   -1.0590   -6.0776   -5.0835   -4.3113  -16.3314  -20.0287
    3.9535    3.4089   -5.8752   24.5558    3.0442  -29.8102
eta,q 0.97576 13.39655
  0.0268  0.0327  0.0272  0.0265  0.0280  0.0284  0.0269  0.0281  0.0257  0.0336  0.0247  0.0303
  0.0253  0.0285  0.0254  0.0255  0.0266  0.0268  0.0255  0.0259  0.0249  0.0282  0.0245  0.0255
  0.0244  0.0255  0.0245  0.0248  0.0253  0.0255  0.0246  0.0248  0.0244  0.0254  0.0243  0.0238
  0.0242  0.0242  0.0242  0.0242  0.0242  0.0242  0.0242  0.0243  0.0243  0.0243  0.0242  0.0242
  0.0246  0.0248  0.0246  0.0239  0.0236  0.0232  0.0245  0.0245  0.0244  0.0247  0.0242  0.0254
  0.0254  0.0275  0.0257  0.0247  0.0253  0.0246  0.0254  0.0258  0.0249  0.0275  0.0244  0.0270
  0.0268  0.0326  0.0274  0.0272  0.0297  0.0310  0.0269  0.0286  0.0257  0.0337  0.0247  0.0288
niter,ni,del,rscale     4    3    5.0000    1.2000
parameters
   -1.0695   -6.0503   -5.1185   -4.3011  -16.3499  -20.0793
    3.9761    3.3746   -5.9112   24.6004    3.1379  -29.8162
eta,q 0.97575 13.39506
  0.0268  0.0325  0.0273  0.0265  0.0281  0.0284  0.0269  0.0282  0.0257  0.0335  0.0247  0.0303
  0.0253  0.0283  0.0255  0.0256  0.0266  0.0269  0.0255  0.0260  0.0249  0.0281  0.0245  0.0255
  0.0245  0.0254  0.0245  0.0248  0.0253  0.0255  0.0246  0.0248  0.0244  0.0253  0.0243  0.0239
  0.0242  0.0242  0.0242  0.0242  0.0242  0.0242  0.0243  0.0242  0.0243  0.0243  0.0243  0.0243
  0.0246  0.0249  0.0246  0.0239  0.0237  0.0232  0.0245  0.0244  0.0244  0.0247  0.0242  0.0254
  0.0254  0.0277  0.0257  0.0248  0.0252  0.0246  0.0254  0.0258  0.0249  0.0276  0.0244  0.0270
  0.0268  0.0328  0.0273  0.0273  0.0296  0.0309  0.0269  0.0285  0.0257  0.0339  0.0247  0.0288
niter,ni,del,rscale     3    3    5.0000    1.2000
parameters
   -1.0743   -6.0421   -5.1325   -4.2957  -16.3593  -20.0965
    3.9837    3.3561   -5.9210   24.6124    3.1528  -29.8173
eta,q 0.97574 13.39434
  0.0269  0.0325  0.0274  0.0265  0.0281  0.0284  0.0269  0.0282  0.0257  0.0334  0.0247  0.0303
  0.0253  0.0283  0.0255  0.0256  0.0266  0.0269  0.0255  0.0260  0.0249  0.0281  0.0245  0.0256
  0.0245  0.0254  0.0245  0.0248  0.0253  0.0255  0.0246  0.0248  0.0244  0.0253  0.0243  0.0239
  0.0243  0.0242  0.0243  0.0243  0.0242  0.0243  0.0243  0.0243  0.0243  0.0243  0.0243  0.0243
  0.0246  0.0250  0.0246  0.0240  0.0237  0.0233  0.0245  0.0244  0.0244  0.0247  0.0242  0.0254
  0.0254  0.0277  0.0257  0.0248  0.0252  0.0246  0.0254  0.0258  0.0249  0.0276  0.0244  0.0270
  0.0268  0.0329  0.0273  0.0273  0.0296  0.0308  0.0269  0.0285  0.0257  0.0339  0.0248  0.0288
registration optimization eta report
parameter search radius
    2.4000    4.8273    4.1976    8.2800    8.2800    9.5220
    8.2800    7.2000    7.2000   14.4818    7.2000   14.4818
100000*second partial in parameter space
       45.       36.       17.        4.        7.        6.
        4.        8.        3.        5.        1.        3.
  0.0269  0.0325  0.0274  0.0265  0.0281  0.0284  0.0269  0.0282  0.0257  0.0334  0.0247  0.0303
  0.0253  0.0283  0.0255  0.0256  0.0266  0.0269  0.0255  0.0260  0.0249  0.0281  0.0245  0.0256
  0.0245  0.0254  0.0245  0.0248  0.0253  0.0255  0.0246  0.0248  0.0244  0.0253  0.0243  0.0239
  0.0243  0.0242  0.0243  0.0243  0.0242  0.0243  0.0243  0.0243  0.0243  0.0243  0.0243  0.0243
  0.0246  0.0250  0.0246  0.0240  0.0237  0.0233  0.0245  0.0244  0.0244  0.0247  0.0242  0.0254
  0.0254  0.0277  0.0257  0.0248  0.0252  0.0246  0.0254  0.0258  0.0249  0.0276  0.0244  0.0270
  0.0268  0.0329  0.0273  0.0273  0.0296  0.0308  0.0269  0.0285  0.0257  0.0339  0.0248  0.0288
   -1.0743   -6.0421   -5.1325   -4.2957  -16.3593  -20.0965
    3.9837    3.3561   -5.9210   24.6124    3.1528  -29.8173
eta,q 0.97574 13.39434

---------------------------------------------------------------------
imgreg_4dfp /usr/local/freesurfer/average/711-2C_as_mni_average_305 /usr/local/freesurfer/average/711-2B_as_mni_average_305_mask talsrcimg_g11 none talsrcimg_to_711-2C_as_mni_average_305_t4 2311
---------------------------------------------------------------------

freesurfer imgreg_4dfp.c
/usr/local/freesurfer/average/711-2C_as_mni_average_305.4dfp.img
       256       256       256         1
  1.000000  1.000000  1.000000
orientation T byte_order littleendian
Reading image: /usr/local/freesurfer/average/711-2C_as_mni_average_305.4dfp.img
dimensions:      256       256       256
mmppix:       1.0000   -1.0000   -1.0000
center:     128.0000 -129.0000 -129.0000
/usr/local/freesurfer/average/711-2B_as_mni_average_305_mask.4dfp.img
       256       256       256         1
  1.000000  1.000000  1.000000
orientation T byte_order littleendian
Reading mask: /usr/local/freesurfer/average/711-2B_as_mni_average_305_mask.4dfp.img (2306576 pixels)
talsrcimg_g11.4dfp.img
       256       256       256         1
  1.000000  1.000000  1.000000
orientation T byte_order littleendian
Reading image: talsrcimg_g11.4dfp.img
dimensions:      256       256       256
mmppix:       1.0000   -1.0000   -1.0000
center:     128.0000 -129.0000 -129.0000
fimgreg.f
image alignment mode   2311 decimal      907 hex
parameters
   -1.0743   -6.0421   -5.1325   -4.2957  -16.3593  -20.0966
    3.9837    3.3561   -5.9210   24.6124    3.1528  -29.8173
eta,q 0.97574 13.39433
niter,ni,del,rscale     5    3    5.0000    0.8000
parameter  6 -0.552683 -> -0.500000 qaram    1.1500
parameters
   -1.1189   -5.8583   -5.2424   -2.3030  -14.7996  -17.3366
    4.0078    3.1563   -5.7847   25.1531    2.5690  -31.4555
eta,q 0.97739 13.72567
  0.0253  0.0254  0.0246  0.0254  0.0261  0.0256  0.0243  0.0262  0.0241  0.0249  0.0236  0.0232
  0.0247  0.0248  0.0244  0.0249  0.0253  0.0248  0.0235  0.0244  0.0234  0.0239  0.0231  0.0227
  0.0243  0.0244  0.0243  0.0246  0.0246  0.0241  0.0231  0.0232  0.0230  0.0233  0.0229  0.0226
  0.0243  0.0243  0.0242  0.0242  0.0240  0.0235  0.0229  0.0229  0.0229  0.0229  0.0229  0.0228
  0.0244  0.0243  0.0243  0.0240  0.0235  0.0231  0.0231  0.0234  0.0230  0.0229  0.0230  0.0233
  0.0248  0.0245  0.0245  0.0240  0.0236  0.0229  0.0235  0.0248  0.0234  0.0233  0.0234  0.0238
  0.0254  0.0250  0.0247  0.0244  0.0246  0.0236  0.0243  0.0268  0.0239  0.0242  0.0240  0.0245
niter,ni,del,rscale     5    3    5.0000    0.8000
parameters
   -1.0261   -6.0895   -4.6269   -3.5261  -15.3780  -17.7364
    4.0630    3.6392   -5.6379   25.9242    2.3669  -32.8538
eta,q 0.97747 13.68148
  0.0246  0.0237  0.0245  0.0233  0.0243  0.0250  0.0239  0.0258  0.0237  0.0243  0.0231  0.0231
  0.0235  0.0230  0.0235  0.0229  0.0236  0.0241  0.0233  0.0242  0.0231  0.0235  0.0228  0.0226
  0.0229  0.0227  0.0229  0.0226  0.0229  0.0233  0.0229  0.0232  0.0228  0.0230  0.0227  0.0225
  0.0226  0.0226  0.0226  0.0225  0.0225  0.0226  0.0228  0.0228  0.0227  0.0227  0.0227  0.0227
  0.0228  0.0229  0.0225  0.0229  0.0227  0.0224  0.0229  0.0228  0.0228  0.0227  0.0227  0.0230
  0.0233  0.0236  0.0225  0.0239  0.0239  0.0238  0.0232  0.0234  0.0231  0.0229  0.0229  0.0234
  0.0241  0.0246  0.0228  0.0257  0.0263  0.0270  0.0239  0.0249  0.0236  0.0235  0.0232  0.0238
niter,ni,del,rscale     4    3    5.0000    0.7000
parameters
   -0.9625   -5.9460   -4.8428   -3.6030  -15.5373  -17.8123
    3.9160    3.7736   -5.5151   26.5664    2.3877  -33.0546
eta,q 0.97750 13.68782
  0.0237  0.0237  0.0229  0.0234  0.0242  0.0247  0.0234  0.0247  0.0233  0.0239  0.0230  0.0233
  0.0231  0.0231  0.0226  0.0231  0.0235  0.0239  0.0229  0.0236  0.0229  0.0232  0.0227  0.0228
  0.0227  0.0227  0.0225  0.0227  0.0229  0.0231  0.0226  0.0228  0.0226  0.0228  0.0225  0.0225
  0.0225  0.0225  0.0225  0.0225  0.0225  0.0225  0.0225  0.0225  0.0225  0.0225  0.0225  0.0225
  0.0226  0.0226  0.0226  0.0225  0.0225  0.0222  0.0227  0.0227  0.0226  0.0225  0.0226  0.0227
  0.0229  0.0228  0.0229  0.0229  0.0232  0.0232  0.0230  0.0233  0.0228  0.0228  0.0227  0.0230
  0.0235  0.0233  0.0232  0.0237  0.0249  0.0257  0.0235  0.0245  0.0232  0.0233  0.0229  0.0233
niter,ni,del,rscale     3    3    5.0000    0.6000
parameters
   -0.9357   -5.8821   -4.9174   -3.4889  -15.3792  -17.6770
    3.8383    3.7596   -5.5327   26.7456    2.3789  -33.0503
eta,q 0.97760 13.71093
  0.0234  0.0233  0.0229  0.0233  0.0239  0.0243  0.0231  0.0241  0.0230  0.0233  0.0228  0.0231
  0.0229  0.0229  0.0226  0.0230  0.0233  0.0236  0.0227  0.0232  0.0227  0.0228  0.0225  0.0227
  0.0226  0.0226  0.0225  0.0227  0.0228  0.0230  0.0225  0.0226  0.0225  0.0225  0.0224  0.0224
  0.0225  0.0225  0.0225  0.0225  0.0225  0.0225  0.0224  0.0224  0.0224  0.0224  0.0224  0.0224
  0.0226  0.0225  0.0226  0.0225  0.0224  0.0222  0.0225  0.0226  0.0225  0.0225  0.0225  0.0225
  0.0228  0.0228  0.0227  0.0227  0.0229  0.0228  0.0227  0.0231  0.0227  0.0227  0.0226  0.0228
  0.0233  0.0232  0.0229  0.0233  0.0240  0.0246  0.0231  0.0242  0.0230  0.0232  0.0228  0.0230
niter,ni,del,rscale     2    3    5.0000    0.5000
parameters
   -0.9263   -5.8789   -4.8738   -3.3977  -15.2109  -17.3782
    3.8112    3.7762   -5.5209   26.7969    2.2859  -32.9971
eta,q 0.97771 13.73564
  0.0230  0.0229  0.0227  0.0230  0.0235  0.0238  0.0228  0.0236  0.0227  0.0229  0.0226  0.0228
  0.0227  0.0227  0.0226  0.0227  0.0230  0.0233  0.0225  0.0229  0.0225  0.0226  0.0224  0.0225
  0.0225  0.0225  0.0224  0.0225  0.0227  0.0228  0.0223  0.0225  0.0223  0.0224  0.0223  0.0223
  0.0224  0.0224  0.0224  0.0224  0.0224  0.0224  0.0223  0.0223  0.0223  0.0223  0.0223  0.0223
  0.0225  0.0225  0.0224  0.0224  0.0224  0.0222  0.0224  0.0224  0.0223  0.0223  0.0223  0.0224
  0.0227  0.0226  0.0225  0.0226  0.0227  0.0225  0.0225  0.0228  0.0225  0.0225  0.0224  0.0225
  0.0230  0.0229  0.0227  0.0230  0.0234  0.0238  0.0228  0.0236  0.0227  0.0229  0.0226  0.0228
niter,ni,del,rscale     1    3    5.0000    0.4000
parameters
   -0.9203   -5.8870   -4.7507   -3.3602  -15.0588  -16.9534
    3.7606    3.8326   -5.4839   26.8021    2.1714  -32.9232
eta,q 0.97784 13.75996
  0.0227  0.0226  0.0226  0.0227  0.0230  0.0234  0.0225  0.0231  0.0224  0.0226  0.0223  0.0226
  0.0225  0.0224  0.0224  0.0225  0.0227  0.0230  0.0223  0.0226  0.0223  0.0224  0.0222  0.0223
  0.0223  0.0223  0.0223  0.0224  0.0224  0.0226  0.0222  0.0223  0.0222  0.0222  0.0222  0.0222
  0.0223  0.0223  0.0223  0.0223  0.0223  0.0223  0.0222  0.0222  0.0222  0.0222  0.0222  0.0222
  0.0223  0.0223  0.0223  0.0223  0.0223  0.0221  0.0222  0.0222  0.0222  0.0222  0.0222  0.0222
  0.0225  0.0224  0.0223  0.0224  0.0225  0.0223  0.0223  0.0225  0.0223  0.0224  0.0223  0.0223
  0.0227  0.0227  0.0224  0.0227  0.0230  0.0231  0.0225  0.0230  0.0224  0.0226  0.0224  0.0225
registration optimization eta report
parameter search radius
    0.8000    0.8000    0.8000    2.4000    2.4000    2.7600
    2.4000    2.4000    2.4000    2.4000    2.4000    2.4000
100000*second partial in parameter space
       62.       56.       34.        7.       12.       13.
        6.       16.        5.        8.        3.        6.
  0.0227  0.0226  0.0226  0.0227  0.0230  0.0234  0.0225  0.0231  0.0224  0.0226  0.0223  0.0226
  0.0225  0.0224  0.0224  0.0225  0.0227  0.0230  0.0223  0.0226  0.0223  0.0224  0.0222  0.0223
  0.0223  0.0223  0.0223  0.0224  0.0224  0.0226  0.0222  0.0223  0.0222  0.0222  0.0222  0.0222
  0.0223  0.0223  0.0223  0.0223  0.0223  0.0223  0.0222  0.0222  0.0222  0.0222  0.0222  0.0222
  0.0223  0.0223  0.0223  0.0223  0.0223  0.0221  0.0222  0.0222  0.0222  0.0222  0.0222  0.0222
  0.0225  0.0224  0.0223  0.0224  0.0225  0.0223  0.0223  0.0225  0.0223  0.0224  0.0223  0.0223
  0.0227  0.0227  0.0224  0.0227  0.0230  0.0231  0.0225  0.0230  0.0224  0.0226  0.0224  0.0225
   -0.9203   -5.8870   -4.7507   -3.3602  -15.0588  -16.9534
    3.7606    3.8326   -5.4839   26.8021    2.1714  -32.9232
eta,q 0.97784 13.75996

---------------------------------------------------------------------
imgreg_4dfp /usr/local/freesurfer/average/711-2C_as_mni_average_305 /usr/local/freesurfer/average/711-2B_as_mni_average_305_mask talsrcimg_g11 none talsrcimg_to_711-2C_as_mni_average_305_t4 2311
---------------------------------------------------------------------

freesurfer imgreg_4dfp.c
/usr/local/freesurfer/average/711-2C_as_mni_average_305.4dfp.img
       256       256       256         1
  1.000000  1.000000  1.000000
orientation T byte_order littleendian
Reading image: /usr/local/freesurfer/average/711-2C_as_mni_average_305.4dfp.img
dimensions:      256       256       256
mmppix:       1.0000   -1.0000   -1.0000
center:     128.0000 -129.0000 -129.0000
/usr/local/freesurfer/average/711-2B_as_mni_average_305_mask.4dfp.img
       256       256       256         1
  1.000000  1.000000  1.000000
orientation T byte_order littleendian
Reading mask: /usr/local/freesurfer/average/711-2B_as_mni_average_305_mask.4dfp.img (2306576 pixels)
talsrcimg_g11.4dfp.img
       256       256       256         1
  1.000000  1.000000  1.000000
orientation T byte_order littleendian
Reading image: talsrcimg_g11.4dfp.img
dimensions:      256       256       256
mmppix:       1.0000   -1.0000   -1.0000
center:     128.0000 -129.0000 -129.0000
fimgreg.f
image alignment mode   2311 decimal      907 hex
parameters
   -0.9203   -5.8870   -4.7507   -3.3602  -15.0588  -16.9534
    3.7606    3.8326   -5.4839   26.8021    2.1714  -32.9232
eta,q 0.97784 13.75996
niter,ni,del,rscale     5    3    5.0000    0.8000
parameters
   -0.9021   -5.9457   -4.4457   -4.1084  -15.6613  -17.0858
    3.8217    3.8837   -5.4199   26.6190    2.4272  -32.9698
eta,q 0.97763 13.69406
  0.0238  0.0235  0.0236  0.0232  0.0241  0.0246  0.0235  0.0253  0.0233  0.0236  0.0230  0.0235
  0.0229  0.0228  0.0228  0.0227  0.0233  0.0238  0.0229  0.0237  0.0228  0.0230  0.0226  0.0227
  0.0224  0.0223  0.0223  0.0224  0.0226  0.0230  0.0225  0.0228  0.0225  0.0225  0.0224  0.0224
  0.0222  0.0222  0.0222  0.0222  0.0222  0.0223  0.0224  0.0224  0.0224  0.0224  0.0224  0.0224
  0.0223  0.0223  0.0222  0.0223  0.0224  0.0221  0.0225  0.0226  0.0225  0.0225  0.0224  0.0226
  0.0229  0.0229  0.0224  0.0231  0.0237  0.0232  0.0229  0.0235  0.0228  0.0230  0.0226  0.0229
  0.0238  0.0238  0.0227  0.0246  0.0261  0.0258  0.0235  0.0253  0.0233  0.0240  0.0229  0.0233
niter,ni,del,rscale     4    3    5.0000    0.7000
parameters
   -0.9217   -5.8788   -4.6721   -3.9371  -15.6067  -17.1852
    3.8291    3.7992   -5.4741   26.7530    2.4935  -33.0193
eta,q 0.97766 13.70210
  0.0234  0.0234  0.0228  0.0233  0.0241  0.0242  0.0233  0.0245  0.0231  0.0235  0.0228  0.0232
  0.0228  0.0229  0.0225  0.0229  0.0234  0.0235  0.0228  0.0233  0.0227  0.0229  0.0225  0.0227
  0.0225  0.0225  0.0223  0.0226  0.0228  0.0229  0.0224  0.0226  0.0224  0.0225  0.0224  0.0224
  0.0224  0.0224  0.0224  0.0223  0.0223  0.0223  0.0223  0.0223  0.0223  0.0223  0.0223  0.0223
  0.0225  0.0224  0.0225  0.0223  0.0223  0.0221  0.0224  0.0226  0.0224  0.0224  0.0224  0.0225
  0.0229  0.0227  0.0228  0.0226  0.0229  0.0230  0.0227  0.0234  0.0227  0.0227  0.0225  0.0228
  0.0235  0.0233  0.0231  0.0234  0.0244  0.0251  0.0233  0.0248  0.0231  0.0234  0.0228  0.0232
niter,ni,del,rscale     3    3    5.0000    0.6000
parameters
   -0.9291   -5.8696   -4.7099   -3.7256  -15.4203  -17.0915
    3.8172    3.7636   -5.4981   26.8147    2.4326  -33.0100
eta,q 0.97775 13.72552
  0.0232  0.0231  0.0228  0.0231  0.0237  0.0238  0.0229  0.0240  0.0228  0.0232  0.0226  0.0230
  0.0227  0.0227  0.0225  0.0228  0.0232  0.0232  0.0226  0.0230  0.0225  0.0227  0.0224  0.0225
  0.0224  0.0224  0.0224  0.0225  0.0227  0.0227  0.0223  0.0225  0.0223  0.0224  0.0223  0.0223
  0.0223  0.0223  0.0223  0.0223  0.0223  0.0223  0.0223  0.0223  0.0223  0.0223  0.0222  0.0223
  0.0224  0.0224  0.0224  0.0223  0.0222  0.0221  0.0223  0.0224  0.0223  0.0223  0.0223  0.0224
  0.0227  0.0226  0.0226  0.0225  0.0227  0.0227  0.0226  0.0230  0.0225  0.0226  0.0224  0.0226
  0.0232  0.0231  0.0228  0.0231  0.0237  0.0241  0.0230  0.0241  0.0228  0.0231  0.0226  0.0229
niter,ni,del,rscale     2    3    5.0000    0.5000
parameters
   -0.9281   -5.8727   -4.6560   -3.5853  -15.2479  -16.8429
    3.7980    3.7901   -5.4768   26.8267    2.3077  -32.9705
eta,q 0.97785 13.74907
  0.0229  0.0228  0.0226  0.0229  0.0233  0.0235  0.0226  0.0235  0.0226  0.0228  0.0224  0.0227
  0.0225  0.0225  0.0224  0.0226  0.0229  0.0230  0.0224  0.0228  0.0223  0.0225  0.0223  0.0224
  0.0223  0.0223  0.0223  0.0224  0.0225  0.0226  0.0222  0.0223  0.0222  0.0222  0.0222  0.0222
  0.0223  0.0223  0.0223  0.0223  0.0222  0.0222  0.0221  0.0221  0.0221  0.0221  0.0221  0.0221
  0.0223  0.0223  0.0223  0.0222  0.0222  0.0221  0.0222  0.0223  0.0222  0.0222  0.0222  0.0222
  0.0225  0.0225  0.0224  0.0224  0.0225  0.0224  0.0224  0.0227  0.0223  0.0224  0.0223  0.0224
  0.0228  0.0228  0.0225  0.0228  0.0233  0.0234  0.0227  0.0235  0.0226  0.0228  0.0225  0.0226
niter,ni,del,rscale     1    3    5.0000    0.4000
parameters
   -0.9221   -5.8735   -4.5302   -3.5102  -15.0999  -16.4794
    3.7529    3.8583   -5.4445   26.8260    2.1580  -32.9085
eta,q 0.97796 13.77231
  0.0226  0.0225  0.0225  0.0226  0.0229  0.0231  0.0224  0.0230  0.0223  0.0225  0.0222  0.0224
  0.0223  0.0223  0.0223  0.0224  0.0226  0.0227  0.0222  0.0225  0.0222  0.0223  0.0221  0.0222
  0.0222  0.0222  0.0222  0.0222  0.0223  0.0224  0.0221  0.0222  0.0221  0.0221  0.0220  0.0221
  0.0221  0.0221  0.0221  0.0221  0.0221  0.0221  0.0220  0.0220  0.0220  0.0220  0.0220  0.0220
  0.0222  0.0222  0.0222  0.0222  0.0221  0.0220  0.0221  0.0221  0.0221  0.0221  0.0221  0.0221
  0.0223  0.0223  0.0222  0.0223  0.0223  0.0222  0.0222  0.0224  0.0222  0.0222  0.0222  0.0222
  0.0225  0.0225  0.0223  0.0226  0.0228  0.0228  0.0224  0.0229  0.0223  0.0225  0.0223  0.0224
registration optimization eta report
parameter search radius
    0.8000    0.8000    0.8000    2.4000    2.4000    2.4000
    2.4000    2.4000    2.4000    2.4000    2.4000    2.4000
100000*second partial in parameter space
       62.       57.       37.        7.       12.       14.
        6.       16.        5.        8.        4.        6.
  0.0226  0.0225  0.0225  0.0226  0.0229  0.0231  0.0224  0.0230  0.0223  0.0225  0.0222  0.0224
  0.0223  0.0223  0.0223  0.0224  0.0226  0.0227  0.0222  0.0225  0.0222  0.0223  0.0221  0.0222
  0.0222  0.0222  0.0222  0.0222  0.0223  0.0224  0.0221  0.0222  0.0221  0.0221  0.0220  0.0221
  0.0221  0.0221  0.0221  0.0221  0.0221  0.0221  0.0220  0.0220  0.0220  0.0220  0.0220  0.0220
  0.0222  0.0222  0.0222  0.0222  0.0221  0.0220  0.0221  0.0221  0.0221  0.0221  0.0221  0.0221
  0.0223  0.0223  0.0222  0.0223  0.0223  0.0222  0.0222  0.0224  0.0222  0.0222  0.0222  0.0222
  0.0225  0.0225  0.0223  0.0226  0.0228  0.0228  0.0224  0.0229  0.0223  0.0225  0.0223  0.0224
   -0.9221   -5.8735   -4.5302   -3.5102  -15.0999  -16.4794
    3.7529    3.8583   -5.4445   26.8260    2.1580  -32.9085
eta,q 0.97796 13.77231

---------------------------------------------------------------------
compute_vox2vox talsrcimg talsrcimg_to_711-2C_as_mni_average_305_t4 /usr/local/freesurfer/average/711-2C_as_mni_average_305
---------------------------------------------------------------------

freesurfer compute_vox2vox.c
Reading: talsrcimg.4dfp.ifh
Reading: talsrcimg_to_711-2C_as_mni_average_305_t4
Reading: /usr/local/freesurfer/average/711-2C_as_mni_average_305.4dfp.ifh
Writing: talsrcimg_to_711-2C_as_mni_average_305_t4_vox2vox.txt

start time Thu May 29 06:59:56 UTC 2025
end		time Thu May 29 07:00:16 UTC 2025

mpr2mni305 success

avi2talxfm orig_nu.mgz /usr/local/freesurfer/average/mni305.cor.mgz talsrcimg_to_711-2C_as_mni_average_305_t4_vox2vox.txt transforms/talairach.auto.xfm
avi2talxfm done
mv -f /home/freesurfer/subjects/sub-023/mri/talsrcimg_to_711-2C_as_mni_average_305_t4_vox2vox.txt /home/freesurfer/subjects/sub-023/mri/transforms/talsrcimg_to_711-2C_as_mni_average_305_t4_vox2vox.txt
lta_convert --src orig_nu.mgz --trg /usr/local/freesurfer/average/mni305.cor.mgz --inxfm transforms/talairach.auto.xfm --outlta transforms/talairach.auto.xfm.lta --subject fsaverage
7.4.1

--src: orig_nu.mgz src image (geometry).
--trg: /usr/local/freesurfer/average/mni305.cor.mgz trg image (geometry).
--inmni: transforms/talairach.auto.xfm input MNI/XFM transform.
--outlta: transforms/talairach.auto.xfm.lta output LTA.
--s: fsaverage subject name
 LTA read, type : 1
 1.03382  -0.02942  -0.05710  -2.74434;
-0.00052   1.06476   0.41274  -20.05276;
 0.06646  -0.33832   1.04378  -7.88684;
 0.00000   0.00000   0.00000   1.00000;
setting subject to fsaverage
Writing  LTA to file transforms/talairach.auto.xfm.lta...
lta_convert successful.
 
 
Started at Thu May 29 06:59:55 UTC 2025
Ended   at Thu May 29 07:00:16 UTC 2025
talairach_avi done
