/home/freesurfer/subjects/sub-038/mri
/usr/local/freesurfer/bin/talairach_avi
--i orig_nu.mgz --xfm transforms/talairach.auto.xfm
talairach_avi 7.4.1
Linux 603ea9b25f60 6.11.0-26-generic #26~24.04.1-Ubuntu SMP PREEMPT_DYNAMIC Thu Apr 17 19:20:47 UTC 2 x86_64 x86_64 x86_64 GNU/Linux
Wed Jun  4 08:10:50 UTC 2025
mri_convert orig_nu.mgz talsrcimg.img 
reading from orig_nu.mgz...
TR=8.30, TE=0.00, TI=0.00, flip angle=0.00
i_ras = (-1, 1.86265e-09, 0)
j_ras = (0, 0, -1)
k_ras = (2.32831e-09, 1, 7.45058e-09)
writing to talsrcimg.img...
Analyze Output Matrix
-1.00000   0.00000   0.00000   133.18057;
 0.00000   0.00000   1.00000  -114.39765;
 0.00000  -1.00000   0.00000   155.89407;
 0.00000   0.00000   0.00000   1.00000;
--------------------
INFO: set hdr.hist.orient to -1
mpr2mni305 talsrcimg
Wed Jun  4 08:10:51 UTC 2025
/usr/local/freesurfer/bin/mpr2mni305 talsrcimg
mpr2mni305 7.4.1
target=711-2C_as_mni_average_305

---------------------------------------------------------------------
analyzeto4dfp talsrcimg -O0 -y
---------------------------------------------------------------------

freesurfer ifh2hdr.c
Wed Jun  4 08:10:51 2025
Writing: talsrcimg.4dfp.hdr
freesurfer analyzeto4dfp.c
Reading: talsrcimg.hdr
header size 348 bytes
hdr.dime.datatype	offset=70	value=2
hdr.dime.bitpix		offset=72	value=8
hdr.hist.orient		offset=252	value=-1
dimensionality     4
dimensions       256       256       256         1
Reading: talsrcimg.img
Writing: talsrcimg.4dfp.img
Writing: talsrcimg.4dfp.ifh
ifh2hdr talsrcimg -r0to219
ori=2

---------------------------------------------------------------------
gauss_4dfp talsrcimg 1.1
---------------------------------------------------------------------

freesurfer gauss_4dfp.c
Reading: talsrcimg.4dfp.img
Writing: talsrcimg_g11.4dfp.img
image dimensions 256 256 256 padded to 288 288 288
processing volume 1freesurfer ifh2hdr.c
Wed Jun  4 08:10:55 2025
Writing: talsrcimg_g11.4dfp.hdr

Writing: talsrcimg_g11.4dfp.ifh
including: talsrcimg.4dfp.img.rec in talsrcimg_g11.4dfp.img.rec

---------------------------------------------------------------------
imgreg_4dfp /usr/local/freesurfer/average/711-2C_as_mni_average_305 none talsrcimg_g11 none talsrcimg_to_711-2C_as_mni_average_305_t4 4355
---------------------------------------------------------------------

freesurfer imgreg_4dfp.c
/usr/local/freesurfer/average/711-2C_as_mni_average_305.4dfp.img
       256       256       256         1
  1.000000  1.000000  1.000000
orientation T byte_order littleendian
Reading image: /usr/local/freesurfer/average/711-2C_as_mni_average_305.4dfp.img
dimensions:      256       256       256
mmppix:       1.0000   -1.0000   -1.0000
center:     128.0000 -129.0000 -129.0000
talsrcimg_g11.4dfp.img
       256       256       256         1
  1.000000  1.000000  1.000000
orientation T byte_order littleendian
Reading image: talsrcimg_g11.4dfp.img
dimensions:      256       256       256
mmppix:       1.0000   -1.0000   -1.0000
center:     128.0000 -129.0000 -129.0000
t4_read: open error in t4_sub.f l:  41 t4_file(1:l)talsrcimg_to_711-2C_as_mni_average_305_t4 
t4_read: transform initialized to I4
rotation matrix determinant  1.000000
image alignment mode   4355 decimal     1103 hex
   -7.5000  -45.0000  -45.0000 9097.2090   21.1133
    0.0000  -45.0000  -45.0000 9532.3301   21.1096
    7.5000  -45.0000  -45.0000 9155.7344   21.1641
   -7.5000  -37.5000  -45.0000 9567.7871   21.1246
    0.0000  -37.5000  -45.000010032.4932   21.1240
    7.5000  -37.5000  -45.0000 9616.2383   21.1800
   -7.5000  -30.0000  -45.000010347.6016   21.1346
    0.0000  -30.0000  -45.000010846.2812   21.1408
    7.5000  -30.0000  -45.000010367.3955   21.2106
   -7.5000  -22.5000  -45.000011060.5361   21.1302
    0.0000  -22.5000  -45.000011591.2012   21.1397
    7.5000  -22.5000  -45.000011082.3613   21.2232
   -7.5000  -15.0000  -45.000011706.0830   21.1169
    0.0000  -15.0000  -45.000012274.3691   21.1248
    7.5000  -15.0000  -45.000011697.9316   21.2092
   -7.5000   -7.5000  -45.000012288.3096   21.1064
    0.0000   -7.5000  -45.000012881.2559   21.1079
    7.5000   -7.5000  -45.000012277.3721   21.1769
   -7.5000    0.0000  -45.000012781.3135   21.1097
    0.0000    0.0000  -45.000013365.8193   21.1060
    7.5000    0.0000  -45.000012750.5254   21.1604
   -7.5000    7.5000  -45.000012249.0439   21.1246
    0.0000    7.5000  -45.000012817.4053   21.1240
    7.5000    7.5000  -45.000012164.8848   21.1800
   -7.5000   15.0000  -45.000011492.2578   21.1346
    0.0000   15.0000  -45.000012039.3018   21.1408
    7.5000   15.0000  -45.000011381.6455   21.2106
   -7.5000   22.5000  -45.000010588.6943   21.1273
    0.0000   22.5000  -45.000011120.2764   21.1368
    7.5000   22.5000  -45.000010501.8477   21.2203
   -7.5000   30.0000  -45.0000 9612.8691   20.8355
    0.0000   30.0000  -45.000010098.6953   20.8433
    7.5000   30.0000  -45.0000 9544.7412   20.9266
   -7.5000   37.5000  -45.0000 9011.1562   20.8255
    0.0000   37.5000  -45.0000 9470.5947   20.8270
    7.5000   37.5000  -45.0000 8944.1787   20.8951
   -7.5000   45.0000  -45.0000 8147.1172   20.3625
    0.0000   45.0000  -45.0000 8532.1904   20.3585
    7.5000   45.0000  -45.0000 8035.3584   20.4112
   -7.5000  -45.0000  -37.5000 9646.3154   21.0538
    0.0000  -45.0000  -37.500010125.2314   21.0517
    7.5000  -45.0000  -37.5000 9718.5303   21.1044
   -7.5000  -37.5000  -37.500010154.3975   21.0643
    0.0000  -37.5000  -37.500010667.9512   21.0635
    7.5000  -37.5000  -37.500010202.0205   21.1184
   -7.5000  -30.0000  -37.500010981.9873   21.0627
    0.0000  -30.0000  -37.500011516.8857   21.0695
    7.5000  -30.0000  -37.500010991.2100   21.1388
   -7.5000  -22.5000  -37.500011733.6230   21.0475
    0.0000  -22.5000  -37.500012308.0654   21.0612
    7.5000  -22.5000  -37.500011747.8281   21.1441
   -7.5000  -15.0000  -37.500012422.5469   21.0312
    0.0000  -15.0000  -37.500013023.9111   21.0458
    7.5000  -15.0000  -37.500012391.6338   21.1298
   -7.5000   -7.5000  -37.500013042.9502   21.0322
    0.0000   -7.5000  -37.500013665.1934   21.0386
    7.5000   -7.5000  -37.500013011.8115   21.1065
   -7.5000    0.0000  -37.500013573.7520   21.0500
    0.0000    0.0000  -37.500014194.8926   21.0479
    7.5000    0.0000  -37.500013514.3906   21.1006
   -7.5000    7.5000  -37.500012946.5850   21.0643
    0.0000    7.5000  -37.500013568.5557   21.0635
    7.5000    7.5000  -37.500012869.9395   21.1184
   -7.5000   15.0000  -37.500012107.5732   21.0627
    0.0000   15.0000  -37.500012690.8652   21.0695
    7.5000   15.0000  -37.500011998.2949   21.1388
   -7.5000   22.5000  -37.500011119.9541   21.0446
    0.0000   22.5000  -37.500011673.4434   21.0584
    7.5000   22.5000  -37.500011043.3525   21.1412
   -7.5000   30.0000  -37.500010067.0332   20.7509
    0.0000   30.0000  -37.500010576.4688   20.7654
    7.5000   30.0000  -37.500010008.9570   20.8482
   -7.5000   37.5000  -37.5000 9413.7109   20.7523
    0.0000   37.5000  -37.5000 9890.9111   20.7586
    7.5000   37.5000  -37.5000 9345.1758   20.8256
   -7.5000   45.0000  -37.5000 8493.4043   20.3049
    0.0000   45.0000  -37.5000 8909.8467   20.3025
    7.5000   45.0000  -37.5000 8399.5674   20.3535
   -7.5000  -45.0000  -30.000010368.2490   21.9176
    0.0000  -45.0000  -30.000010900.6152   21.9126
    7.5000  -45.0000  -30.000010425.1934   21.9689
   -7.5000  -37.5000  -30.000010912.3770   21.9320
    0.0000  -37.5000  -30.000011461.0557   21.9261
    7.5000  -37.5000  -30.000010935.9463   21.9858
   -7.5000  -30.0000  -30.000011766.5010   21.9321
    0.0000  -30.0000  -30.000012354.7139   21.9347
    7.5000  -30.0000  -30.000011782.0430   22.0089
   -7.5000  -22.5000  -30.000012581.8213   21.9166
    0.0000  -22.5000  -30.000013193.7666   21.9299
    7.5000  -22.5000  -30.000012557.0234   22.0160
   -7.5000  -15.0000  -30.000013293.5732   21.8973
    0.0000  -15.0000  -30.000013959.7168   21.9140
    7.5000  -15.0000  -30.000013238.9531   22.0002
   -7.5000   -7.5000  -30.000013984.0547   21.8945
    0.0000   -7.5000  -30.000014657.7979   21.9013
    7.5000   -7.5000  -30.000013896.2832   21.9722
   -7.5000    0.0000  -30.000014533.1631   21.9136
    0.0000    0.0000  -30.000015222.1348   21.9086
    7.5000    0.0000  -30.000014423.6689   21.9649
   -7.5000    7.5000  -30.000013860.4746   21.9320
    0.0000    7.5000  -30.000014522.4609   21.9261
    7.5000    7.5000  -30.000013713.2334   21.9858
   -7.5000   15.0000  -30.000012913.0352   21.9321
    0.0000   15.0000  -30.000013531.0850   21.9347
    7.5000   15.0000  -30.000012765.5264   22.0089
   -7.5000   22.5000  -30.000011828.0625   21.9113
    0.0000   22.5000  -30.000012423.2236   21.9246
    7.5000   22.5000  -30.000011725.7959   22.0107
   -7.5000   30.0000  -30.000010681.1299   21.6075
    0.0000   30.0000  -30.000011223.4658   21.6240
    7.5000   30.0000  -30.000010612.3398   21.7091
   -7.5000   37.5000  -30.0000 9986.1230   21.6052
    0.0000   37.5000  -30.000010454.4014   21.6119
    7.5000   37.5000  -30.0000 9882.0225   21.6818
   -7.5000   45.0000  -30.0000 8978.5332   21.1532
    0.0000   45.0000  -30.0000 9390.9941   21.1479
    7.5000   45.0000  -30.0000 8850.7676   21.2025
   -7.5000  -45.0000  -22.500011041.3643   22.6626
    0.0000  -45.0000  -22.500011613.8975   22.6542
    7.5000  -45.0000  -22.500011088.2090   22.7176
   -7.5000  -37.5000  -22.500011599.5342   22.6842
    0.0000  -37.5000  -22.500012212.1680   22.6756
    7.5000  -37.5000  -22.500011635.7959   22.7419
   -7.5000  -30.0000  -22.500012500.8447   22.6982
    0.0000  -30.0000  -22.500013169.2627   22.6986
    7.5000  -30.0000  -22.500012539.2461   22.7779
   -7.5000  -22.5000  -22.500013347.9199   22.6907
    0.0000  -22.5000  -22.500014047.1533   22.7010
    7.5000  -22.5000  -22.500013308.2002   22.7908
   -7.5000  -15.0000  -22.500014094.2979   22.6685
    0.0000  -15.0000  -22.500014849.9834   22.6808
    7.5000  -15.0000  -22.500014014.3330   22.7705
   -7.5000   -7.5000  -22.500014822.4922   22.6503
    0.0000   -7.5000  -22.500015595.8125   22.6529
    7.5000   -7.5000  -22.500014725.5127   22.7293
   -7.5000    0.0000  -22.500015439.4033   22.6584
    0.0000    0.0000  -22.500016227.8545   22.6501
    7.5000    0.0000  -22.500015293.6611   22.7135
   -7.5000    7.5000  -22.500014724.5156   22.6842
    0.0000    7.5000  -22.500015457.7227   22.6756
    7.5000    7.5000  -22.500014554.7646   22.7419
   -7.5000   15.0000  -22.500013686.8496   22.6982
    0.0000   15.0000  -22.500014360.9883   22.6986
    7.5000   15.0000  -22.500013500.8584   22.7779
   -7.5000   22.5000  -22.500012521.2686   22.6837
    0.0000   22.5000  -22.500013140.1709   22.6940
    7.5000   22.5000  -22.500012365.2344   22.7838
   -7.5000   30.0000  -22.500011341.9551   22.3720
    0.0000   30.0000  -22.500011904.5762   22.3842
    7.5000   30.0000  -22.500011219.6162   22.4727
   -7.5000   37.5000  -22.500010564.6455   22.3544
    0.0000   37.5000  -22.500011066.7549   22.3570
    7.5000   37.5000  -22.500010455.7148   22.4324
   -7.5000   45.0000  -22.5000 9440.9668   21.8881
    0.0000   45.0000  -22.5000 9884.6602   21.8795
    7.5000   45.0000  -22.5000 9325.0273   21.9409
   -7.5000  -45.0000  -15.000011605.7422   23.1982
    0.0000  -45.0000  -15.000012211.4004   23.1862
    7.5000  -45.0000  -15.000011684.9600   23.2526
   -7.5000  -37.5000  -15.000012229.3369   23.2244
    0.0000  -37.5000  -15.000012860.5830   23.2154
    7.5000  -37.5000  -15.000012274.5000   23.2841
   -7.5000  -30.0000  -15.000013213.0469   23.2534
    0.0000  -30.0000  -15.000013923.7646   23.2532
    7.5000  -30.0000  -15.000013252.2705   23.3345
   -7.5000  -22.5000  -15.000014074.5459   23.2559
    0.0000  -22.5000  -15.000014821.1963   23.2612
    7.5000  -22.5000  -15.000014035.5586   23.3526
   -7.5000  -15.0000  -15.000014884.2529   23.2334
    0.0000  -15.0000  -15.000015642.6553   23.2367
    7.5000  -15.0000  -15.000014774.3213   23.3271
   -7.5000   -7.5000  -15.000015644.9189   23.2004
    0.0000   -7.5000  -15.000016433.5469   23.1952
    7.5000   -7.5000  -15.000015505.0811   23.2733
   -7.5000    0.0000  -15.000016286.0088   23.1939
    0.0000    0.0000  -15.000017121.3809   23.1819
    7.5000    0.0000  -15.000016103.9375   23.2483
   -7.5000    7.5000  -15.000015537.6309   23.2244
    0.0000    7.5000  -15.000016307.2324   23.2154
    7.5000    7.5000  -15.000015343.3594   23.2841
   -7.5000   15.0000  -15.000014452.5898   23.2534
    0.0000   15.0000  -15.000015165.2422   23.2532
    7.5000   15.0000  -15.000014234.6436   23.3345
   -7.5000   22.5000  -15.000013251.2529   23.2476
    0.0000   22.5000  -15.000013882.2119   23.2530
    7.5000   22.5000  -15.000013049.9766   23.3443
   -7.5000   30.0000  -15.000011981.3672   22.9327
    0.0000   30.0000  -15.000012579.3057   22.9360
    7.5000   30.0000  -15.000011865.0469   23.0252
   -7.5000   37.5000  -15.000011161.1641   22.9006
    0.0000   37.5000  -15.000011728.5430   22.8954
    7.5000   37.5000  -15.000011053.9775   22.9725
   -7.5000   45.0000  -15.0000 9968.4102   22.4187
    0.0000   45.0000  -15.000010448.2588   22.4065
    7.5000   45.0000  -15.0000 9822.6035   22.4708
   -7.5000  -45.0000   -7.500012224.5195   23.4330
    0.0000  -45.0000   -7.500012850.8389   23.4222
    7.5000  -45.0000   -7.500012278.4922   23.4853
   -7.5000  -37.5000   -7.500012856.7891   23.4546
    0.0000  -37.5000   -7.500013541.3232   23.4479
    7.5000  -37.5000   -7.500012900.4756   23.5134
   -7.5000  -30.0000   -7.500013957.5088   23.4824
    0.0000  -30.0000   -7.500014730.8506   23.4836
    7.5000  -30.0000   -7.500014004.4805   23.5630
   -7.5000  -22.5000   -7.500014923.1768   23.4870
    0.0000  -22.5000   -7.500015715.3330   23.4908
    7.5000  -22.5000   -7.500014893.6465   23.5821
   -7.5000  -15.0000   -7.500015832.8076   23.4683
    0.0000  -15.0000   -7.500016552.7031   23.4688
    7.5000  -15.0000   -7.500015652.3633   23.5592
   -7.5000   -7.5000   -7.500016643.0098   23.4379
    0.0000   -7.5000   -7.500017349.3477   23.4316
    7.5000   -7.5000   -7.500016388.3926   23.5076
   -7.5000    0.0000   -7.500017311.6914   23.4287
    0.0000    0.0000   -7.500018056.2812   23.4179
    7.5000    0.0000   -7.500017004.3203   23.4810
   -7.5000    7.5000   -7.500016485.2012   23.4546
    0.0000    7.5000   -7.500017211.2383   23.4479
    7.5000    7.5000   -7.500016190.8135   23.5134
   -7.5000   15.0000   -7.500015332.3506   23.4824
    0.0000   15.0000   -7.500016023.0059   23.4836
    7.5000   15.0000   -7.500015015.7803   23.5630
   -7.5000   22.5000   -7.500014085.2148   23.4761
    0.0000   22.5000   -7.500014738.1758   23.4800
    7.5000   22.5000   -7.500013790.3535   23.5712
   -7.5000   30.0000   -7.500012741.8945   23.1639
    0.0000   30.0000   -7.500013366.5332   23.1644
    7.5000   30.0000   -7.500012537.9062   23.2537
   -7.5000   37.5000   -7.500011870.1133   23.1344
    0.0000   37.5000   -7.500012472.4375   23.1282
    7.5000   37.5000   -7.500011686.8701   23.2031
   -7.5000   45.0000   -7.500010552.0322   22.6500
    0.0000   45.0000   -7.500011066.5225   22.6390
    7.5000   45.0000   -7.500010356.7100   22.7001
   -7.5000  -45.0000    0.000012685.3828   23.4480
    0.0000  -45.0000    0.000013332.5000   23.4437
    7.5000  -45.0000    0.000012730.3311   23.5036
   -7.5000  -37.5000    0.000013329.2871   23.4610
    0.0000  -37.5000    0.000014026.0234   23.4601
    7.5000  -37.5000    0.000013390.2178   23.5218
   -7.5000  -30.0000    0.000014508.1250   23.4731
    0.0000  -30.0000    0.000015361.7197   23.4796
    7.5000  -30.0000    0.000014612.5234   23.5564
   -7.5000  -22.5000    0.000015738.4717   23.4686
    0.0000  -22.5000    0.000016659.6719   23.4787
    7.5000  -22.5000    0.000015720.3213   23.5705
   -7.5000  -15.0000    0.000016770.6348   23.4533
    0.0000  -15.0000    0.000017569.9512   23.4616
    7.5000  -15.0000    0.000016558.2031   23.5544
   -7.5000   -7.5000    0.000017563.9629   23.4405
    0.0000   -7.5000    0.000018166.3867   23.4419
    7.5000   -7.5000    0.000017222.8926   23.5178
   -7.5000    0.0000    0.000018158.3223   23.4438
    0.0000    0.0000    0.000018772.6758   23.4394
    7.5000    0.0000    0.000017799.2266   23.4993
   -7.5000    7.5000    0.000017245.2812   23.4610
    0.0000    7.5000    0.000017921.9355   23.4601
    7.5000    7.5000    0.000016934.2500   23.5218
   -7.5000   15.0000    0.000016061.0537   23.4731
    0.0000   15.0000    0.000016762.8496   23.4796
    7.5000   15.0000    0.000015724.3330   23.5564
   -7.5000   22.5000    0.000014718.2529   23.4578
    0.0000   22.5000    0.000015436.9326   23.4679
    7.5000   22.5000    0.000014408.6025   23.5597
   -7.5000   30.0000    0.000013309.5850   23.1498
    0.0000   30.0000    0.000014009.3535   23.1580
    7.5000   30.0000    0.000013080.5488   23.2496
   -7.5000   37.5000    0.000012399.5684   23.1376
    0.0000   37.5000    0.000013062.1211   23.1390
    7.5000   37.5000    0.000012189.4092   23.2139
   -7.5000   45.0000    0.000010998.9795   22.6667
    0.0000   45.0000    0.000011563.3867   22.6620
    7.5000   45.0000    0.000010809.3447   22.7201
   -7.5000  -45.0000    7.500012214.9922   23.4626
    0.0000  -45.0000    7.500012764.3350   23.4602
    7.5000  -45.0000    7.500012217.7373   23.5187
   -7.5000  -37.5000    7.500012805.0107   23.4731
    0.0000  -37.5000    7.500013393.8799   23.4722
    7.5000  -37.5000    7.500012858.9590   23.5331
   -7.5000  -30.0000    7.500013940.8486   23.4713
    0.0000  -30.0000    7.500014646.0469   23.4786
    7.5000  -30.0000    7.500014050.8252   23.5554
   -7.5000  -22.5000    7.500015213.3604   23.4554
    0.0000  -22.5000    7.500016120.0010   23.4705
    7.5000  -22.5000    7.500015274.5488   23.5622
   -7.5000  -15.0000    7.500016276.1172   23.4384
    0.0000  -15.0000    7.500017112.0840   23.4545
    7.5000  -15.0000    7.500016271.3457   23.5475
   -7.5000   -7.5000    7.500016967.8164   23.4396
    0.0000   -7.5000    7.500017679.6484   23.4466
    7.5000   -7.5000    7.500016903.5059   23.5219
   -7.5000    0.0000    7.500017488.7754   23.4584
    0.0000    0.0000    7.500018272.2207   23.4560
    7.5000    0.0000    7.500017352.9785   23.5144
   -7.5000    7.5000    7.500016636.4473   23.4731
    0.0000    7.5000    7.500017437.1035   23.4722
    7.5000    7.5000    7.500016386.0352   23.5331
   -7.5000   15.0000    7.500015448.9756   23.4713
    0.0000   15.0000    7.500016216.8379   23.4786
    7.5000   15.0000    7.500015158.0986   23.5554
   -7.5000   22.5000    7.500014096.7314   23.4446
    0.0000   22.5000    7.500014786.4492   23.4597
    7.5000   22.5000    7.500013835.4922   23.5514
   -7.5000   30.0000    7.500012756.4062   23.1351
    0.0000   30.0000    7.500013415.3750   23.1510
    7.5000   30.0000    7.500012546.1895   23.2428
   -7.5000   37.5000    7.500011903.8662   23.1367
    0.0000   37.5000    7.500012499.0850   23.1436
    7.5000   37.5000    7.500011695.9502   23.2179
   -7.5000   45.0000    7.500010568.6025   22.6811
    0.0000   45.0000    7.500011067.4990   22.6783
    7.5000   45.0000    7.500010375.6348   22.7350
   -7.5000  -45.0000   15.000011542.0938   23.5300
    0.0000  -45.0000   15.000012051.7568   23.5246
    7.5000  -45.0000   15.000011560.5879   23.5849
   -7.5000  -37.5000   15.000012086.2041   23.5454
    0.0000  -37.5000   15.000012604.5254   23.5389
    7.5000  -37.5000   15.000012125.6143   23.6028
   -7.5000  -30.0000   15.000013156.2881   23.5446
    0.0000  -30.0000   15.000013765.9580   23.5472
    7.5000  -30.0000   15.000013230.2275   23.6266
   -7.5000  -22.5000   15.000014356.6973   23.5270
    0.0000  -22.5000   15.000015148.0234   23.5411
    7.5000  -22.5000   15.000014412.7803   23.6334
   -7.5000  -15.0000   15.000015340.3584   23.5062
    0.0000  -15.0000   15.000016240.8369   23.5240
    7.5000  -15.0000   15.000015452.3623   23.6164
   -7.5000   -7.5000   15.000016090.9893   23.5042
    0.0000   -7.5000   15.000017039.7383   23.5114
    7.5000   -7.5000   15.000016174.0918   23.5874
   -7.5000    0.0000   15.000016683.2129   23.5257
    0.0000    0.0000   15.000017674.4297   23.5203
    7.5000    0.0000   15.000016624.0020   23.5805
   -7.5000    7.5000   15.000015856.2314   23.5454
    0.0000    7.5000   15.000016730.8750   23.5389
    7.5000    7.5000   15.000015636.9736   23.6028
   -7.5000   15.0000   15.000014650.2891   23.5446
    0.0000   15.0000   15.000015398.0498   23.5472
    7.5000   15.0000   15.000014388.2588   23.6266
   -7.5000   22.5000   15.000013324.8711   23.5161
    0.0000   22.5000   15.000013960.0869   23.5303
    7.5000   22.5000   15.000013088.0273   23.6225
   -7.5000   30.0000   15.000012082.8477   23.2019
    0.0000   30.0000   15.000012630.3320   23.2195
    7.5000   30.0000   15.000011878.3027   23.3107
   -7.5000   37.5000   15.000011293.7637   23.2004
    0.0000   37.5000   15.000011760.0713   23.2076
    7.5000   37.5000   15.000011118.7236   23.2825
   -7.5000   45.0000   15.000010057.1553   22.7461
    0.0000   45.0000   15.000010456.8916   22.7404
    7.5000   45.0000   15.0000 9903.8164   22.7989
   -7.5000  -45.0000   22.500010797.7207   23.7020
    0.0000  -45.0000   22.500011270.2510   23.6927
    7.5000  -45.0000   22.500010840.4893   23.7591
   -7.5000  -37.5000   22.500011348.7949   23.7245
    0.0000  -37.5000   22.500011788.8760   23.7150
    7.5000  -37.5000   22.500011385.2959   23.7843
   -7.5000  -30.0000   22.500012407.8574   23.7384
    0.0000  -30.0000   22.500012890.8486   23.7383
    7.5000  -30.0000   22.500012426.5674   23.8216
   -7.5000  -22.5000   22.500013489.3047   23.7299
    0.0000  -22.5000   22.500014036.4814   23.7403
    7.5000  -22.5000   22.500013457.8340   23.8346
   -7.5000  -15.0000   22.500014327.0518   23.7067
    0.0000  -15.0000   22.500014893.6416   23.7193
    7.5000  -15.0000   22.500014320.4023   23.8134
   -7.5000   -7.5000   22.500015063.3125   23.6883
    0.0000   -7.5000   22.500015663.5107   23.6907
    7.5000   -7.5000   22.500015007.6387   23.7708
   -7.5000    0.0000   22.500015640.6260   23.6976
    0.0000    0.0000   22.500016284.7119   23.6884
    7.5000    0.0000   22.500015496.0537   23.7547
   -7.5000    7.5000   22.500014862.5156   23.7245
    0.0000    7.5000   22.500015484.3369   23.7150
    7.5000    7.5000   22.500014655.2949   23.7843
   -7.5000   15.0000   22.500013776.5273   23.7384
    0.0000   15.0000   22.500014362.3281   23.7383
    7.5000   15.0000   22.500013554.9316   23.8216
   -7.5000   22.5000   22.500012562.8291   23.7190
    0.0000   22.5000   22.500013103.0088   23.7294
    7.5000   22.5000   22.500012353.6719   23.8236
   -7.5000   30.0000   22.500011330.2568   23.3999
    0.0000   30.0000   22.500011858.3838   23.4123
    7.5000   30.0000   22.500011181.5312   23.5052
   -7.5000   37.5000   22.500010566.2168   23.3822
    0.0000   37.5000   22.500011051.1787   23.3845
    7.5000   37.5000   22.500010437.9863   23.4635
   -7.5000   45.0000   22.5000 9381.2949   22.9080
    0.0000   45.0000   22.5000 9787.2207   22.8986
    7.5000   45.0000   22.5000 9291.5879   22.9629
   -7.5000  -45.0000   30.000010018.3018   23.9333
    0.0000  -45.0000   30.000010424.8477   23.9195
    7.5000  -45.0000   30.000010035.1143   23.9879
   -7.5000  -37.5000   30.000010548.4531   23.9594
    0.0000  -37.5000   30.000010949.6289   23.9488
    7.5000  -37.5000   30.000010528.5967   24.0198
   -7.5000  -30.0000   30.000011484.1543   23.9874
    0.0000  -30.0000   30.000011906.9365   23.9861
    7.5000  -30.0000   30.000011427.2471   24.0703
   -7.5000  -22.5000   30.000012412.7217   23.9887
    0.0000  -22.5000   30.000012859.0645   23.9933
    7.5000  -22.5000   30.000012331.6758   24.0880
   -7.5000  -15.0000   30.000013155.6348   23.9661
    0.0000  -15.0000   30.000013632.2002   23.9686
    7.5000  -15.0000   30.000013101.3955   24.0622
   -7.5000   -7.5000   30.000013828.5039   23.9341
    0.0000   -7.5000   30.000014317.1260   23.9275
    7.5000   -7.5000   30.000013759.3145   24.0081
   -7.5000    0.0000   30.000014331.2031   23.9288
    0.0000    0.0000   30.000014841.6953   23.9150
    7.5000    0.0000   30.000014208.4961   23.9834
   -7.5000    7.5000   30.000013608.5391   23.9594
    0.0000    7.5000   30.000014106.1650   23.9488
    7.5000    7.5000   30.000013435.4160   24.0198
   -7.5000   15.0000   30.000012653.0566   23.9874
    0.0000   15.0000   30.000013126.2871   23.9861
    7.5000   15.0000   30.000012440.9111   24.0703
   -7.5000   22.5000   30.000011604.4297   23.9777
    0.0000   22.5000   30.000012038.7910   23.9823
    7.5000   22.5000   30.000011388.8086   24.0769
   -7.5000   30.0000   30.000010492.1621   23.6560
    0.0000   30.0000   30.000010930.5811   23.6584
    7.5000   30.0000   30.000010337.9727   23.7508
   -7.5000   37.5000   30.0000 9785.4004   23.6246
    0.0000   37.5000   30.000010196.0488   23.6180
    7.5000   37.5000   30.0000 9640.9756   23.6976
   -7.5000   45.0000   30.0000 8689.2441   23.1226
    0.0000   45.0000   30.0000 9054.4150   23.1087
    7.5000   45.0000   30.0000 8581.3018   23.1748
   -7.5000  -45.0000   37.5000 9649.9580   24.4489
    0.0000  -45.0000   37.500010073.9736   24.4348
    7.5000  -45.0000   37.5000 9627.4561   24.4998
   -7.5000  -37.5000   37.500010163.3750   24.4700
    0.0000  -37.5000   37.500010589.3740   24.4606
    7.5000  -37.5000   37.500010113.9092   24.5286
   -7.5000  -30.0000   37.500011041.1289   24.4958
    0.0000  -30.0000   37.500011530.9229   24.4952
    7.5000  -30.0000   37.500010999.7080   24.5786
   -7.5000  -22.5000   37.500011883.7139   24.4986
    0.0000  -22.5000   37.500012378.8428   24.5009
    7.5000  -22.5000   37.500011829.6318   24.5972
   -7.5000  -15.0000   37.500012597.4697   24.4801
    0.0000  -15.0000   37.500013092.3213   24.4786
    7.5000  -15.0000   37.500012539.5547   24.5736
   -7.5000   -7.5000   37.500013293.5811   24.4515
    0.0000   -7.5000   37.500013765.1455   24.4424
    7.5000   -7.5000   37.500013198.8711   24.5215
   -7.5000    0.0000   37.500013771.8115   24.4442
    0.0000    0.0000   37.500014258.0498   24.4301
    7.5000    0.0000   37.500013646.5195   24.4951
   -7.5000    7.5000   37.500013050.4297   24.4700
    0.0000    7.5000   37.500013529.4199   24.4606
    7.5000    7.5000   37.500012900.0615   24.5286
   -7.5000   15.0000   37.500012129.7471   24.4958
    0.0000   15.0000   37.500012602.9346   24.4952
    7.5000   15.0000   37.500011945.4570   24.5786
   -7.5000   22.5000   37.500011134.7656   24.4873
    0.0000   22.5000   37.500011562.6729   24.4896
    7.5000   22.5000   37.500010928.1406   24.5858
   -7.5000   30.0000   37.500010080.9893   24.1633
    0.0000   30.0000   37.500010488.6123   24.1618
    7.5000   30.0000   37.5000 9925.8340   24.2556
   -7.5000   37.5000   37.5000 9418.6699   24.1352
    0.0000   37.5000   37.5000 9799.8350   24.1262
    7.5000   37.5000   37.5000 9265.2559   24.2042
   -7.5000   45.0000   37.5000 8400.8193   23.6117
    0.0000   45.0000   37.5000 8734.8242   23.5976
    7.5000   45.0000   37.5000 8264.2979   23.6605
   -7.5000  -45.0000   45.0000 8903.5439   24.9839
    0.0000  -45.0000   45.0000 9305.5566   24.9717
    7.5000  -45.0000   45.0000 8856.1182   25.0324
   -7.5000  -37.5000   45.0000 9355.8896   24.9952
    0.0000  -37.5000   45.0000 9779.6689   24.9879
    7.5000  -37.5000   45.0000 9298.5391   25.0508
   -7.5000  -30.0000   45.000010149.8760   25.0071
    0.0000  -30.0000   45.000010610.2129   25.0095
    7.5000  -30.0000   45.000010089.5459   25.0904
   -7.5000  -22.5000   45.000010909.5488   25.0037
    0.0000  -22.5000   45.000011361.5283   25.0106
    7.5000  -22.5000   45.000010840.6836   25.1092
   -7.5000  -15.0000   45.000011584.2168   24.9895
    0.0000  -15.0000   45.000012047.3203   24.9936
    7.5000  -15.0000   45.000011499.5938   25.0931
   -7.5000   -7.5000   45.000012218.0020   24.9766
    0.0000   -7.5000   45.000012679.8672   24.9716
    7.5000   -7.5000   45.000012120.9180   25.0511
   -7.5000    0.0000   45.000012663.7041   24.9790
    0.0000    0.0000   45.000013132.0664   24.9668
    7.5000    0.0000   45.000012540.5459   25.0275
   -7.5000    7.5000   45.000011986.4814   24.9952
    0.0000    7.5000   45.000012438.4951   24.9879
    7.5000    7.5000   45.000011850.0518   25.0508
   -7.5000   15.0000   45.000011111.3115   25.0071
    0.0000   15.0000   45.000011588.3594   25.0095
    7.5000   15.0000   45.000010977.1748   25.0904
   -7.5000   22.5000   45.000010193.8672   24.9921
    0.0000   22.5000   45.000010622.8027   24.9990
    7.5000   22.5000   45.000010040.9404   25.0975
   -7.5000   30.0000   45.0000 9240.5703   24.6639
    0.0000   30.0000   45.0000 9646.3115   24.6680
    7.5000   30.0000   45.0000 9114.9131   24.7662
   -7.5000   37.5000   45.0000 8647.9541   24.6513
    0.0000   37.5000   45.0000 9002.6445   24.6463
    7.5000   37.5000   45.0000 8504.4697   24.7248
   -7.5000   45.0000   45.0000 7743.5996   24.1309
    0.0000   45.0000   45.0000 8051.2695   24.1188
    7.5000   45.0000   45.0000 7620.5830   24.1775

---------------------------------------------------------------------
imgreg_4dfp /usr/local/freesurfer/average/711-2C_as_mni_average_305 /usr/local/freesurfer/average/711-2B_as_mni_average_305_mask talsrcimg_g11 none talsrcimg_to_711-2C_as_mni_average_305_t4 4355
---------------------------------------------------------------------

freesurfer imgreg_4dfp.c
/usr/local/freesurfer/average/711-2C_as_mni_average_305.4dfp.img
       256       256       256         1
  1.000000  1.000000  1.000000
orientation T byte_order littleendian
Reading image: /usr/local/freesurfer/average/711-2C_as_mni_average_305.4dfp.img
dimensions:      256       256       256
mmppix:       1.0000   -1.0000   -1.0000
center:     128.0000 -129.0000 -129.0000
/usr/local/freesurfer/average/711-2B_as_mni_average_305_mask.4dfp.img
       256       256       256         1
  1.000000  1.000000  1.000000
orientation T byte_order littleendian
Reading mask: /usr/local/freesurfer/average/711-2B_as_mni_average_305_mask.4dfp.img (2306576 pixels)
talsrcimg_g11.4dfp.img
       256       256       256         1
  1.000000  1.000000  1.000000
orientation T byte_order littleendian
Reading image: talsrcimg_g11.4dfp.img
dimensions:      256       256       256
mmppix:       1.0000   -1.0000   -1.0000
center:     128.0000 -129.0000 -129.0000
rotation matrix determinant  1.000000
image alignment mode   4355 decimal     1103 hex
   -7.5000  -45.0000  -45.0000 2307.1743   23.1974
    0.0000  -45.0000  -45.0000 2314.5649   23.0862
    7.5000  -45.0000  -45.0000 2309.4895   23.0246
   -7.5000  -37.5000  -45.0000 2357.4163   21.9320
    0.0000  -37.5000  -45.0000 2369.9819   21.8139
    7.5000  -37.5000  -45.0000 2366.5220   21.7580
   -7.5000  -30.0000  -45.0000 2386.3750   21.0911
    0.0000  -30.0000  -45.0000 2409.6606   20.9820
    7.5000  -30.0000  -45.0000 2395.3325   20.9668
   -7.5000  -22.5000  -45.0000 2398.8943   20.6578
    0.0000  -22.5000  -45.0000 2424.5786   20.4982
    7.5000  -22.5000  -45.0000 2405.4973   20.5513
   -7.5000  -15.0000  -45.0000 2399.1357   20.6209
    0.0000  -15.0000  -45.0000 2422.7590   20.3991
    7.5000  -15.0000  -45.0000 2400.7393   20.5037
   -7.5000   -7.5000  -45.0000 2391.3137   20.8968
    0.0000   -7.5000  -45.0000 2413.2837   20.7184
    7.5000   -7.5000  -45.0000 2393.3223   20.7433
   -7.5000    0.0000  -45.0000 2366.4331   21.4667
    0.0000    0.0000  -45.0000 2388.9104   21.3359
    7.5000    0.0000  -45.0000 2371.6687   21.3790
   -7.5000    7.5000  -45.0000 2333.5117   22.4924
    0.0000    7.5000  -45.0000 2357.2034   22.3737
    7.5000    7.5000  -45.0000 2332.8376   22.3530
   -7.5000   15.0000  -45.0000 2277.8708   23.7907
    0.0000   15.0000  -45.0000 2295.8555   23.7100
    7.5000   15.0000  -45.0000 2277.9343   23.7067
   -7.5000   22.5000  -45.0000 2203.2986   25.5798
    0.0000   22.5000  -45.0000 2217.6699   25.4386
    7.5000   22.5000  -45.0000 2196.7070   25.4862
   -7.5000   30.0000  -45.0000 2111.8765   28.0160
    0.0000   30.0000  -45.0000 2119.8896   27.8477
    7.5000   30.0000  -45.0000 2099.2429   27.9207
   -7.5000   37.5000  -45.0000 2011.3822   31.3813
    0.0000   37.5000  -45.0000 2017.7646   31.0954
    7.5000   37.5000  -45.0000 1998.9288   31.1046
   -7.5000   45.0000  -45.0000 1891.8171   35.6614
    0.0000   45.0000  -45.0000 1902.6072   35.3579
    7.5000   45.0000  -45.0000 1879.1951   35.3112
   -7.5000  -45.0000  -37.5000 2394.6350   21.6757
    0.0000  -45.0000  -37.5000 2410.3008   21.5707
    7.5000  -45.0000  -37.5000 2403.8962   21.4800
   -7.5000  -37.5000  -37.5000 2449.9883   20.4427
    0.0000  -37.5000  -37.5000 2472.0591   20.3410
    7.5000  -37.5000  -37.5000 2461.8706   20.2866
   -7.5000  -30.0000  -37.5000 2479.9194   19.6552
    0.0000  -30.0000  -37.5000 2504.7661   19.5031
    7.5000  -30.0000  -37.5000 2489.9321   19.4920
   -7.5000  -22.5000  -37.5000 2490.3398   19.2674
    0.0000  -22.5000  -37.5000 2519.4976   19.0873
    7.5000  -22.5000  -37.5000 2502.0701   19.1851
   -7.5000  -15.0000  -37.5000 2494.8679   19.2224
    0.0000  -15.0000  -37.5000 2515.5725   19.0620
    7.5000  -15.0000  -37.5000 2494.2185   19.1398
   -7.5000   -7.5000  -37.5000 2488.2893   19.4907
    0.0000   -7.5000  -37.5000 2511.5378   19.3223
    7.5000   -7.5000  -37.5000 2491.1282   19.4191
   -7.5000    0.0000  -37.5000 2468.8894   20.0185
    0.0000    0.0000  -37.5000 2491.9263   19.8566
    7.5000    0.0000  -37.5000 2474.8364   19.9645
   -7.5000    7.5000  -37.5000 2426.6443   20.9085
    0.0000    7.5000  -37.5000 2455.6877   20.7871
    7.5000    7.5000  -37.5000 2436.0291   20.8456
   -7.5000   15.0000  -37.5000 2363.1167   22.0977
    0.0000   15.0000  -37.5000 2385.3496   22.0081
    7.5000   15.0000  -37.5000 2371.9895   22.0747
   -7.5000   22.5000  -37.5000 2286.8501   23.7037
    0.0000   22.5000  -37.5000 2303.1902   23.6092
    7.5000   22.5000  -37.5000 2289.7454   23.7459
   -7.5000   30.0000  -37.5000 2185.2327   25.8910
    0.0000   30.0000  -37.5000 2199.1335   25.7824
    7.5000   30.0000  -37.5000 2184.9907   25.8879
   -7.5000   37.5000  -37.5000 2078.2993   28.9239
    0.0000   37.5000  -37.5000 2087.3267   28.7107
    7.5000   37.5000  -37.5000 2072.4077   28.7600
   -7.5000   45.0000  -37.5000 1965.4519   32.8818
    0.0000   45.0000  -37.5000 1978.8605   32.6458
    7.5000   45.0000  -37.5000 1962.2118   32.6655
   -7.5000  -45.0000  -30.0000 2519.8508   21.0447
    0.0000  -45.0000  -30.0000 2543.9905   20.9876
    7.5000  -45.0000  -30.0000 2533.5654   20.8736
   -7.5000  -37.5000  -30.0000 2580.1035   19.8585
    0.0000  -37.5000  -30.0000 2602.7175   19.7641
    7.5000  -37.5000  -30.0000 2589.0229   19.6960
   -7.5000  -30.0000  -30.0000 2613.7581   19.0182
    0.0000  -30.0000  -30.0000 2638.0049   18.8496
    7.5000  -30.0000  -30.0000 2624.1860   18.8506
   -7.5000  -22.5000  -30.0000 2635.9780   18.6021
    0.0000  -22.5000  -30.0000 2660.8284   18.4460
    7.5000  -22.5000  -30.0000 2640.3540   18.5090
   -7.5000  -15.0000  -30.0000 2639.9048   18.5777
    0.0000  -15.0000  -30.0000 2655.3298   18.4168
    7.5000  -15.0000  -30.0000 2638.3091   18.5095
   -7.5000   -7.5000  -30.0000 2634.4712   18.8718
    0.0000   -7.5000  -30.0000 2649.7922   18.7002
    7.5000   -7.5000  -30.0000 2633.3020   18.8261
   -7.5000    0.0000  -30.0000 2610.2837   19.3893
    0.0000    0.0000  -30.0000 2627.7898   19.2400
    7.5000    0.0000  -30.0000 2612.8564   19.3882
   -7.5000    7.5000  -30.0000 2562.4902   20.2573
    0.0000    7.5000  -30.0000 2586.2292   20.1182
    7.5000    7.5000  -30.0000 2568.2808   20.2390
   -7.5000   15.0000  -30.0000 2497.2883   21.3846
    0.0000   15.0000  -30.0000 2518.8542   21.2928
    7.5000   15.0000  -30.0000 2501.9431   21.4059
   -7.5000   22.5000  -30.0000 2409.4124   22.9234
    0.0000   22.5000  -30.0000 2432.0342   22.8325
    7.5000   22.5000  -30.0000 2419.1426   22.9606
   -7.5000   30.0000  -30.0000 2297.9014   25.0092
    0.0000   30.0000  -30.0000 2319.3552   24.9089
    7.5000   30.0000  -30.0000 2308.0974   25.0084
   -7.5000   37.5000  -30.0000 2186.8789   27.7721
    0.0000   37.5000  -30.0000 2197.6479   27.6822
    7.5000   37.5000  -30.0000 2182.1484   27.7385
   -7.5000   45.0000  -30.0000 2069.0889   31.6018
    0.0000   45.0000  -30.0000 2078.9578   31.4820
    7.5000   45.0000  -30.0000 2060.3472   31.4827
   -7.5000  -45.0000  -22.5000 2601.8931   20.3615
    0.0000  -45.0000  -22.5000 2629.9319   20.1839
    7.5000  -45.0000  -22.5000 2613.4875   20.0979
   -7.5000  -37.5000  -22.5000 2661.6167   19.1192
    0.0000  -37.5000  -22.5000 2692.5957   18.9805
    7.5000  -37.5000  -22.5000 2676.1086   18.9410
   -7.5000  -30.0000  -22.5000 2709.5642   18.2980
    0.0000  -30.0000  -22.5000 2736.3372   18.1903
    7.5000  -30.0000  -22.5000 2722.2539   18.1644
   -7.5000  -22.5000  -22.5000 2739.8730   17.8683
    0.0000  -22.5000  -22.5000 2765.0249   17.6855
    7.5000  -22.5000  -22.5000 2741.2373   17.7092
   -7.5000  -15.0000  -22.5000 2743.8035   17.7981
    0.0000  -15.0000  -22.5000 2764.6699   17.6385
    7.5000  -15.0000  -22.5000 2741.4934   17.6638
   -7.5000   -7.5000  -22.5000 2740.9321   18.0600
    0.0000   -7.5000  -22.5000 2762.8647   17.9277
    7.5000   -7.5000  -22.5000 2744.1577   17.9909
   -7.5000    0.0000  -22.5000 2720.0659   18.6339
    0.0000    0.0000  -22.5000 2742.0583   18.4961
    7.5000    0.0000  -22.5000 2720.1882   18.5948
   -7.5000    7.5000  -22.5000 2670.7690   19.5132
    0.0000    7.5000  -22.5000 2694.1404   19.3648
    7.5000    7.5000  -22.5000 2673.3247   19.4822
   -7.5000   15.0000  -22.5000 2606.3130   20.6559
    0.0000   15.0000  -22.5000 2621.9558   20.4986
    7.5000   15.0000  -22.5000 2602.9902   20.6140
   -7.5000   22.5000  -22.5000 2510.0603   22.1072
    0.0000   22.5000  -22.5000 2528.8408   21.9552
    7.5000   22.5000  -22.5000 2513.5251   22.0925
   -7.5000   30.0000  -22.5000 2395.5532   24.1261
    0.0000   30.0000  -22.5000 2417.8159   23.9543
    7.5000   30.0000  -22.5000 2404.7471   24.0839
   -7.5000   37.5000  -22.5000 2273.5159   26.8055
    0.0000   37.5000  -22.5000 2284.6316   26.6670
    7.5000   37.5000  -22.5000 2274.0037   26.7329
   -7.5000   45.0000  -22.5000 2138.9597   30.3584
    0.0000   45.0000  -22.5000 2150.3154   30.2555
    7.5000   45.0000  -22.5000 2134.8403   30.2750
   -7.5000  -45.0000  -15.0000 2629.8208   19.6446
    0.0000  -45.0000  -15.0000 2661.2886   19.4322
    7.5000  -45.0000  -15.0000 2647.8267   19.3984
   -7.5000  -37.5000  -15.0000 2706.7781   18.4811
    0.0000  -37.5000  -15.0000 2738.8010   18.2931
    7.5000  -37.5000  -15.0000 2719.3738   18.2775
   -7.5000  -30.0000  -15.0000 2765.0034   17.6777
    0.0000  -30.0000  -15.0000 2794.4858   17.5321
    7.5000  -30.0000  -15.0000 2774.4043   17.5451
   -7.5000  -22.5000  -15.0000 2799.8162   17.2116
    0.0000  -22.5000  -15.0000 2833.4250   17.0401
    7.5000  -22.5000  -15.0000 2806.4504   17.0583
   -7.5000  -15.0000  -15.0000 2811.3384   17.0442
    0.0000  -15.0000  -15.0000 2839.8433   16.8666
    7.5000  -15.0000  -15.0000 2809.8831   16.9123
   -7.5000   -7.5000  -15.0000 2809.2058   17.2857
    0.0000   -7.5000  -15.0000 2833.8984   17.0953
    7.5000   -7.5000  -15.0000 2812.4690   17.1699
   -7.5000    0.0000  -15.0000 2787.1707   17.8748
    0.0000    0.0000  -15.0000 2816.5571   17.6532
    7.5000    0.0000  -15.0000 2786.7046   17.7593
   -7.5000    7.5000  -15.0000 2747.1580   18.8132
    0.0000    7.5000  -15.0000 2766.1284   18.5740
    7.5000    7.5000  -15.0000 2744.1350   18.7097
   -7.5000   15.0000  -15.0000 2672.4001   19.9137
    0.0000   15.0000  -15.0000 2685.8066   19.7214
    7.5000   15.0000  -15.0000 2667.0112   19.8918
   -7.5000   22.5000  -15.0000 2573.7903   21.3682
    0.0000   22.5000  -15.0000 2590.9539   21.1458
    7.5000   22.5000  -15.0000 2575.2124   21.3421
   -7.5000   30.0000  -15.0000 2456.5452   23.3844
    0.0000   30.0000  -15.0000 2475.6028   23.1535
    7.5000   30.0000  -15.0000 2460.6565   23.3043
   -7.5000   37.5000  -15.0000 2327.6660   26.0039
    0.0000   37.5000  -15.0000 2343.3643   25.7862
    7.5000   37.5000  -15.0000 2328.1111   25.9003
   -7.5000   45.0000  -15.0000 2185.6296   29.3407
    0.0000   45.0000  -15.0000 2195.2017   29.1563
    7.5000   45.0000  -15.0000 2180.4434   29.1905
   -7.5000  -45.0000   -7.5000 2645.4810   19.1391
    0.0000  -45.0000   -7.5000 2672.3655   18.8660
    7.5000  -45.0000   -7.5000 2662.3745   18.9405
   -7.5000  -37.5000   -7.5000 2731.2378   18.0090
    0.0000  -37.5000   -7.5000 2762.6172   17.7617
    7.5000  -37.5000   -7.5000 2739.0242   17.8261
   -7.5000  -30.0000   -7.5000 2804.1133   17.2245
    0.0000  -30.0000   -7.5000 2835.9585   17.0444
    7.5000  -30.0000   -7.5000 2809.6282   17.0795
   -7.5000  -22.5000   -7.5000 2846.6899   16.7238
    0.0000  -22.5000   -7.5000 2888.4092   16.5625
    7.5000  -22.5000   -7.5000 2856.1777   16.5608
   -7.5000  -15.0000   -7.5000 2868.1250   16.4981
    0.0000  -15.0000   -7.5000 2902.9290   16.2162
    7.5000  -15.0000   -7.5000 2860.6692   16.3142
   -7.5000   -7.5000   -7.5000 2867.2773   16.6806
    0.0000   -7.5000   -7.5000 2886.2100   16.3760
    7.5000   -7.5000   -7.5000 2859.7141   16.4991
   -7.5000    0.0000   -7.5000 2843.3337   17.2675
    0.0000    0.0000   -7.5000 2857.4695   16.9278
    7.5000    0.0000   -7.5000 2835.8940   17.0411
   -7.5000    7.5000   -7.5000 2795.4771   18.1476
    0.0000    7.5000   -7.5000 2805.2744   17.8331
    7.5000    7.5000   -7.5000 2785.7458   18.0163
   -7.5000   15.0000   -7.5000 2716.8601   19.2673
    0.0000   15.0000   -7.5000 2726.3503   18.9971
    7.5000   15.0000   -7.5000 2705.8174   19.2382
   -7.5000   22.5000   -7.5000 2618.9519   20.7620
    0.0000   22.5000   -7.5000 2630.5791   20.4269
    7.5000   22.5000   -7.5000 2606.4153   20.7039
   -7.5000   30.0000   -7.5000 2501.4768   22.7482
    0.0000   30.0000   -7.5000 2513.7041   22.4261
    7.5000   30.0000   -7.5000 2493.5183   22.6394
   -7.5000   37.5000   -7.5000 2369.2488   25.2999
    0.0000   37.5000   -7.5000 2384.1541   25.0423
    7.5000   37.5000   -7.5000 2363.8940   25.1235
   -7.5000   45.0000   -7.5000 2218.0259   28.5158
    0.0000   45.0000   -7.5000 2227.9299   28.3608
    7.5000   45.0000   -7.5000 2210.3105   28.3681
   -7.5000  -45.0000    0.0000 2634.6221   18.9366
    0.0000  -45.0000    0.0000 2651.6548   18.6372
    7.5000  -45.0000    0.0000 2652.6848   18.7827
   -7.5000  -37.5000    0.0000 2729.3945   17.7588
    0.0000  -37.5000    0.0000 2751.3108   17.5041
    7.5000  -37.5000    0.0000 2744.8069   17.6497
   -7.5000  -30.0000    0.0000 2806.2673   16.9658
    0.0000  -30.0000    0.0000 2835.9160   16.7575
    7.5000  -30.0000    0.0000 2819.5762   16.8875
   -7.5000  -22.5000    0.0000 2866.0049   16.4813
    0.0000  -22.5000    0.0000 2905.1021   16.3067
    7.5000  -22.5000    0.0000 2872.8469   16.3858
   -7.5000  -15.0000    0.0000 2893.4680   16.2503
    0.0000  -15.0000    0.0000 2938.1082   15.9599
    7.5000  -15.0000    0.0000 2890.9441   16.1107
   -7.5000   -7.5000    0.0000 2900.5847   16.3266
    0.0000   -7.5000    0.0000 2918.9009   15.9160
    7.5000   -7.5000    0.0000 2884.1218   16.1700
   -7.5000    0.0000    0.0000 2870.6687   16.8586
    0.0000    0.0000    0.0000 2878.4956   16.5035
    7.5000    0.0000    0.0000 2853.4167   16.6865
   -7.5000    7.5000    0.0000 2814.4080   17.6656
    0.0000    7.5000    0.0000 2826.9980   17.3759
    7.5000    7.5000    0.0000 2805.6436   17.6204
   -7.5000   15.0000    0.0000 2729.6875   18.8233
    0.0000   15.0000    0.0000 2746.3391   18.5768
    7.5000   15.0000    0.0000 2725.0190   18.8453
   -7.5000   22.5000    0.0000 2628.7234   20.3578
    0.0000   22.5000    0.0000 2644.8684   20.1554
    7.5000   22.5000    0.0000 2623.4805   20.3477
   -7.5000   30.0000    0.0000 2517.6790   22.3142
    0.0000   30.0000    0.0000 2532.8489   22.1494
    7.5000   30.0000    0.0000 2516.4785   22.3154
   -7.5000   37.5000    0.0000 2391.4292   24.9030
    0.0000   37.5000    0.0000 2406.2910   24.7494
    7.5000   37.5000    0.0000 2389.5608   24.8098
   -7.5000   45.0000    0.0000 2235.7129   28.1899
    0.0000   45.0000    0.0000 2246.4199   28.0425
    7.5000   45.0000    0.0000 2229.3335   27.9822
   -7.5000  -45.0000    7.5000 2615.5515   19.0820
    0.0000  -45.0000    7.5000 2626.1831   18.6746
    7.5000  -45.0000    7.5000 2630.4932   18.9505
   -7.5000  -37.5000    7.5000 2710.1653   17.8149
    0.0000  -37.5000    7.5000 2726.2732   17.4556
    7.5000  -37.5000    7.5000 2730.5168   17.7404
   -7.5000  -30.0000    7.5000 2792.9736   16.9983
    0.0000  -30.0000    7.5000 2814.5767   16.6655
    7.5000  -30.0000    7.5000 2811.4812   16.9644
   -7.5000  -22.5000    7.5000 2862.9226   16.5767
    0.0000  -22.5000    7.5000 2889.4849   16.2812
    7.5000  -22.5000    7.5000 2871.3635   16.4978
   -7.5000  -15.0000    7.5000 2899.2151   16.4001
    0.0000  -15.0000    7.5000 2941.5471   16.1715
    7.5000  -15.0000    7.5000 2901.1670   16.3232
   -7.5000   -7.5000    7.5000 2910.8362   16.3489
    0.0000   -7.5000    7.5000 2945.2197   16.0177
    7.5000   -7.5000    7.5000 2900.8984   16.3295
   -7.5000    0.0000    7.5000 2873.2361   16.6659
    0.0000    0.0000    7.5000 2901.2708   16.3842
    7.5000    0.0000    7.5000 2861.2922   16.6360
   -7.5000    7.5000    7.5000 2821.5464   17.4504
    0.0000    7.5000    7.5000 2841.7891   17.2745
    7.5000    7.5000    7.5000 2807.7678   17.4506
   -7.5000   15.0000    7.5000 2730.9309   18.7415
    0.0000   15.0000    7.5000 2747.1555   18.5843
    7.5000   15.0000    7.5000 2726.7605   18.7061
   -7.5000   22.5000    7.5000 2622.6067   20.3595
    0.0000   22.5000    7.5000 2638.1379   20.1802
    7.5000   22.5000    7.5000 2625.1494   20.3218
   -7.5000   30.0000    7.5000 2507.2666   22.3034
    0.0000   30.0000    7.5000 2527.4490   22.1777
    7.5000   30.0000    7.5000 2511.3782   22.3084
   -7.5000   37.5000    7.5000 2388.2988   24.8304
    0.0000   37.5000    7.5000 2410.4727   24.7186
    7.5000   37.5000    7.5000 2388.1350   24.7847
   -7.5000   45.0000    7.5000 2238.6489   27.9937
    0.0000   45.0000    7.5000 2253.5076   27.9262
    7.5000   45.0000    7.5000 2234.8821   27.8630
   -7.5000  -45.0000   15.0000 2572.3430   19.4473
    0.0000  -45.0000   15.0000 2586.4736   18.9227
    7.5000  -45.0000   15.0000 2588.0925   19.2575
   -7.5000  -37.5000   15.0000 2667.2954   18.1373
    0.0000  -37.5000   15.0000 2684.8459   17.6837
    7.5000  -37.5000   15.0000 2685.6646   18.0445
   -7.5000  -30.0000   15.0000 2749.9460   17.3061
    0.0000  -30.0000   15.0000 2772.4072   16.9022
    7.5000  -30.0000   15.0000 2769.2268   17.2944
   -7.5000  -22.5000   15.0000 2827.7100   16.9434
    0.0000  -22.5000   15.0000 2853.6631   16.5847
    7.5000  -22.5000   15.0000 2837.5764   16.9344
   -7.5000  -15.0000   15.0000 2868.5740   16.8279
    0.0000  -15.0000   15.0000 2912.3965   16.5747
    7.5000  -15.0000   15.0000 2872.6455   16.8405
   -7.5000   -7.5000   15.0000 2876.2341   16.7365
    0.0000   -7.5000   15.0000 2917.0715   16.4988
    7.5000   -7.5000   15.0000 2873.5447   16.8589
   -7.5000    0.0000   15.0000 2853.8843   17.0307
    0.0000    0.0000   15.0000 2893.2161   16.9030
    7.5000    0.0000   15.0000 2845.2339   17.0748
   -7.5000    7.5000   15.0000 2802.0408   17.7790
    0.0000    7.5000   15.0000 2830.8101   17.6609
    7.5000    7.5000   15.0000 2787.2004   17.7956
   -7.5000   15.0000   15.0000 2716.9609   18.9691
    0.0000   15.0000   15.0000 2730.6023   18.7955
    7.5000   15.0000   15.0000 2703.0679   18.9055
   -7.5000   22.5000   15.0000 2602.1509   20.5642
    0.0000   22.5000   15.0000 2614.6289   20.3676
    7.5000   22.5000   15.0000 2604.8477   20.4612
   -7.5000   30.0000   15.0000 2491.6711   22.4716
    0.0000   30.0000   15.0000 2503.4209   22.3116
    7.5000   30.0000   15.0000 2493.7319   22.4255
   -7.5000   37.5000   15.0000 2374.1870   25.0017
    0.0000   37.5000   15.0000 2386.3901   24.7939
    7.5000   37.5000   15.0000 2370.0547   24.8747
   -7.5000   45.0000   15.0000 2229.8118   28.2142
    0.0000   45.0000   15.0000 2240.9338   28.0002
    7.5000   45.0000   15.0000 2222.4368   27.9987
   -7.5000  -45.0000   22.5000 2525.0896   20.0696
    0.0000  -45.0000   22.5000 2540.3208   19.4969
    7.5000  -45.0000   22.5000 2536.6255   19.9805
   -7.5000  -37.5000   22.5000 2620.6689   18.7859
    0.0000  -37.5000   22.5000 2632.1448   18.3027
    7.5000  -37.5000   22.5000 2631.4084   18.7490
   -7.5000  -30.0000   22.5000 2706.1743   17.9539
    0.0000  -30.0000   22.5000 2718.7444   17.5135
    7.5000  -30.0000   22.5000 2716.4294   17.9691
   -7.5000  -22.5000   22.5000 2778.2944   17.5091
    0.0000  -22.5000   22.5000 2791.6418   17.0979
    7.5000  -22.5000   22.5000 2786.5850   17.4871
   -7.5000  -15.0000   22.5000 2815.4475   17.2778
    0.0000  -15.0000   22.5000 2842.7546   16.9127
    7.5000  -15.0000   22.5000 2820.4314   17.2867
   -7.5000   -7.5000   22.5000 2826.8386   17.3109
    0.0000   -7.5000   22.5000 2847.6755   16.9437
    7.5000   -7.5000   22.5000 2826.0549   17.3317
   -7.5000    0.0000   22.5000 2800.8381   17.7410
    0.0000    0.0000   22.5000 2823.3801   17.4706
    7.5000    0.0000   22.5000 2792.4265   17.6828
   -7.5000    7.5000   22.5000 2754.8726   18.5048
    0.0000    7.5000   22.5000 2777.9434   18.2751
    7.5000    7.5000   22.5000 2745.8740   18.4654
   -7.5000   15.0000   22.5000 2680.8274   19.6388
    0.0000   15.0000   22.5000 2697.5535   19.4875
    7.5000   15.0000   22.5000 2668.8894   19.6763
   -7.5000   22.5000   22.5000 2581.1465   21.0949
    0.0000   22.5000   22.5000 2594.4739   20.9422
    7.5000   22.5000   22.5000 2572.4033   21.1155
   -7.5000   30.0000   22.5000 2464.5095   22.9688
    0.0000   30.0000   22.5000 2482.2744   22.8348
    7.5000   30.0000   22.5000 2465.6516   22.9837
   -7.5000   37.5000   22.5000 2348.7034   25.4201
    0.0000   37.5000   22.5000 2365.6807   25.2357
    7.5000   37.5000   22.5000 2348.0942   25.2847
   -7.5000   45.0000   22.5000 2199.6113   28.5400
    0.0000   45.0000   22.5000 2212.4861   28.2761
    7.5000   45.0000   22.5000 2202.9355   28.2880
   -7.5000  -45.0000   30.0000 2473.6345   21.0066
    0.0000  -45.0000   30.0000 2484.9187   20.4921
    7.5000  -45.0000   30.0000 2477.6414   21.0291
   -7.5000  -37.5000   30.0000 2567.6711   19.7141
    0.0000  -37.5000   30.0000 2579.3015   19.2303
    7.5000  -37.5000   30.0000 2570.8882   19.7012
   -7.5000  -30.0000   30.0000 2647.5627   18.7485
    0.0000  -30.0000   30.0000 2655.0884   18.3279
    7.5000  -30.0000   30.0000 2646.6814   18.7512
   -7.5000  -22.5000   30.0000 2713.4639   18.2297
    0.0000  -22.5000   30.0000 2718.3784   17.8160
    7.5000  -22.5000   30.0000 2709.5693   18.1950
   -7.5000  -15.0000   30.0000 2746.8513   17.9294
    0.0000  -15.0000   30.0000 2755.7908   17.5526
    7.5000  -15.0000   30.0000 2740.9075   17.9582
   -7.5000   -7.5000   30.0000 2754.7449   18.0747
    0.0000   -7.5000   30.0000 2756.9587   17.7568
    7.5000   -7.5000   30.0000 2743.6719   18.0559
   -7.5000    0.0000   30.0000 2727.2329   18.5879
    0.0000    0.0000   30.0000 2735.9136   18.2872
    7.5000    0.0000   30.0000 2718.1594   18.4983
   -7.5000    7.5000   30.0000 2678.9817   19.4070
    0.0000    7.5000   30.0000 2696.1199   19.1286
    7.5000    7.5000   30.0000 2674.9480   19.3265
   -7.5000   15.0000   30.0000 2621.9844   20.4657
    0.0000   15.0000   30.0000 2639.6648   20.2550
    7.5000   15.0000   30.0000 2609.6985   20.4472
   -7.5000   22.5000   30.0000 2541.4014   21.9012
    0.0000   22.5000   30.0000 2553.4316   21.7768
    7.5000   22.5000   30.0000 2528.4758   21.9518
   -7.5000   30.0000   30.0000 2432.2798   23.7366
    0.0000   30.0000   30.0000 2452.5190   23.6761
    7.5000   30.0000   30.0000 2434.0913   23.7740
   -7.5000   37.5000   30.0000 2308.5293   26.0946
    0.0000   37.5000   30.0000 2323.7109   25.9596
    7.5000   37.5000   30.0000 2305.8984   26.0740
   -7.5000   45.0000   30.0000 2164.3994   29.2161
    0.0000   45.0000   30.0000 2175.1150   29.0686
    7.5000   45.0000   30.0000 2157.8508   29.0750
   -7.5000  -45.0000   37.5000 2423.3264   22.1879
    0.0000  -45.0000   37.5000 2435.8535   21.7219
    7.5000  -45.0000   37.5000 2420.8601   22.2089
   -7.5000  -37.5000   37.5000 2511.2473   20.7227
    0.0000  -37.5000   37.5000 2527.1636   20.3303
    7.5000  -37.5000   37.5000 2509.3684   20.7568
   -7.5000  -30.0000   37.5000 2581.2815   19.7128
    0.0000  -30.0000   37.5000 2599.1296   19.3614
    7.5000  -30.0000   37.5000 2581.6904   19.7950
   -7.5000  -22.5000   37.5000 2635.8901   19.1044
    0.0000  -22.5000   37.5000 2654.0652   18.7594
    7.5000  -22.5000   37.5000 2634.4412   19.1697
   -7.5000  -15.0000   37.5000 2666.2078   18.8288
    0.0000  -15.0000   37.5000 2672.2095   18.5661
    7.5000  -15.0000   37.5000 2657.1277   18.8958
   -7.5000   -7.5000   37.5000 2671.8499   19.0179
    0.0000   -7.5000   37.5000 2674.4839   18.7514
    7.5000   -7.5000   37.5000 2659.4731   19.0310
   -7.5000    0.0000   37.5000 2645.2664   19.5563
    0.0000    0.0000   37.5000 2651.9314   19.2866
    7.5000    0.0000   37.5000 2636.7771   19.5056
   -7.5000    7.5000   37.5000 2603.1528   20.4275
    0.0000    7.5000   37.5000 2615.6497   20.1946
    7.5000    7.5000   37.5000 2598.9917   20.3563
   -7.5000   15.0000   37.5000 2550.2979   21.5076
    0.0000   15.0000   37.5000 2566.5405   21.3123
    7.5000   15.0000   37.5000 2537.7700   21.4865
   -7.5000   22.5000   37.5000 2488.0679   22.8620
    0.0000   22.5000   37.5000 2501.4749   22.7193
    7.5000   22.5000   37.5000 2470.9902   22.8982
   -7.5000   30.0000   37.5000 2389.8135   24.6424
    0.0000   30.0000   37.5000 2406.9805   24.5769
    7.5000   30.0000   37.5000 2389.5789   24.6927
   -7.5000   37.5000   37.5000 2270.1448   27.1165
    0.0000   37.5000   37.5000 2284.9067   27.0098
    7.5000   37.5000   37.5000 2265.6104   27.1569
   -7.5000   45.0000   37.5000 2133.9121   30.2677
    0.0000   45.0000   37.5000 2145.1885   30.2016
    7.5000   45.0000   37.5000 2123.7957   30.2528
   -7.5000  -45.0000   45.0000 2363.5303   23.5731
    0.0000  -45.0000   45.0000 2380.0386   23.2188
    7.5000  -45.0000   45.0000 2357.0837   23.6272
   -7.5000  -37.5000   45.0000 2445.1736   22.0276
    0.0000  -37.5000   45.0000 2463.8242   21.6840
    7.5000  -37.5000   45.0000 2438.6396   22.0932
   -7.5000  -30.0000   45.0000 2506.9587   20.9518
    0.0000  -30.0000   45.0000 2525.2939   20.6365
    7.5000  -30.0000   45.0000 2498.1416   21.0305
   -7.5000  -22.5000   45.0000 2557.7468   20.3016
    0.0000  -22.5000   45.0000 2573.1062   20.0060
    7.5000  -22.5000   45.0000 2545.3884   20.4090
   -7.5000  -15.0000   45.0000 2578.8530   20.0516
    0.0000  -15.0000   45.0000 2588.1089   19.8462
    7.5000  -15.0000   45.0000 2568.4617   20.1327
   -7.5000   -7.5000   45.0000 2576.0510   20.2291
    0.0000   -7.5000   45.0000 2586.4495   20.0260
    7.5000   -7.5000   45.0000 2569.6328   20.2805
   -7.5000    0.0000   45.0000 2556.0498   20.7223
    0.0000    0.0000   45.0000 2566.0139   20.5690
    7.5000    0.0000   45.0000 2550.6450   20.7545
   -7.5000    7.5000   45.0000 2524.2517   21.6349
    0.0000    7.5000   45.0000 2532.8267   21.4932
    7.5000    7.5000   45.0000 2516.4761   21.6305
   -7.5000   15.0000   45.0000 2474.0442   22.7611
    0.0000   15.0000   45.0000 2488.9604   22.6013
    7.5000   15.0000   45.0000 2462.9819   22.7723
   -7.5000   22.5000   45.0000 2417.2449   24.1015
    0.0000   22.5000   45.0000 2430.2959   23.9613
    7.5000   22.5000   45.0000 2401.5532   24.1030
   -7.5000   30.0000   45.0000 2326.9998   25.9147
    0.0000   30.0000   45.0000 2342.4556   25.7950
    7.5000   30.0000   45.0000 2322.7759   25.9289
   -7.5000   37.5000   45.0000 2215.0125   28.3068
    0.0000   37.5000   45.0000 2225.7129   28.2368
    7.5000   37.5000   45.0000 2209.2197   28.3538
   -7.5000   45.0000   45.0000 2091.1780   31.7424
    0.0000   45.0000   45.0000 2099.9729   31.6372
    7.5000   45.0000   45.0000 2081.6775   31.6821

---------------------------------------------------------------------
imgreg_4dfp /usr/local/freesurfer/average/711-2C_as_mni_average_305 /usr/local/freesurfer/average/711-2B_as_mni_average_305_mask talsrcimg_g11 none talsrcimg_to_711-2C_as_mni_average_305_t4 1283
---------------------------------------------------------------------

freesurfer imgreg_4dfp.c
/usr/local/freesurfer/average/711-2C_as_mni_average_305.4dfp.img
       256       256       256         1
  1.000000  1.000000  1.000000
orientation T byte_order littleendian
Reading image: /usr/local/freesurfer/average/711-2C_as_mni_average_305.4dfp.img
dimensions:      256       256       256
mmppix:       1.0000   -1.0000   -1.0000
center:     128.0000 -129.0000 -129.0000
/usr/local/freesurfer/average/711-2B_as_mni_average_305_mask.4dfp.img
       256       256       256         1
  1.000000  1.000000  1.000000
orientation T byte_order littleendian
Reading mask: /usr/local/freesurfer/average/711-2B_as_mni_average_305_mask.4dfp.img (2306576 pixels)
talsrcimg_g11.4dfp.img
       256       256       256         1
  1.000000  1.000000  1.000000
orientation T byte_order littleendian
Reading image: talsrcimg_g11.4dfp.img
dimensions:      256       256       256
mmppix:       1.0000   -1.0000   -1.0000
center:     128.0000 -129.0000 -129.0000
rotation matrix determinant  1.000000
fimgreg.f
image alignment mode   1283 decimal      503 hex
parameters
    0.0000   -7.5000    7.5000    0.0000    0.0000    0.0000
eta,q 0.92310 16.13657
niter,ni,del,rscale     5    3   12.0000    1.2000
parameter  2  1.099116 ->  0.500000 qaram    1.1500
parameter  4  3.400226 ->  0.500000 qaram    1.1500
parameter  5 -0.646537 -> -0.500000 qaram    1.1500
parameters
   -0.8864  -10.9500    7.2396   -3.4500    3.4500    1.2872
eta,q 0.93062 15.92319
  0.0893  0.0784  0.0812  0.0709  0.0815  0.0738
  0.0832  0.0771  0.0781  0.0720  0.0788  0.0726
  0.0806  0.0791  0.0766  0.0745  0.0757  0.0710
  0.0822  0.0810  0.0777  0.0778  0.0726  0.0696
  0.0848  0.0820  0.0769  0.0816  0.0701  0.0695
  0.0884  0.0849  0.0780  0.0852  0.0699  0.0704
  0.0931  0.0873  0.0825  0.0874  0.0720  0.0718
niter,ni,del,rscale     7    3   12.0000    1.2000
parameter  4  0.871976 ->  0.500000 qaram    1.3225
parameters
   -1.2620   -9.4100    6.5624   -7.4175    3.2353    1.4845
eta,q 0.93591 15.92350
  0.0826  0.0820  0.0753  0.0642  0.0719  0.0684
  0.0776  0.0776  0.0711  0.0640  0.0683  0.0669
  0.0720  0.0729  0.0678  0.0645  0.0658  0.0652
  0.0694  0.0694  0.0681  0.0679  0.0640  0.0641
  0.0728  0.0682  0.0699  0.0734  0.0644  0.0648
  0.0801  0.0713  0.0746  0.0797  0.0681  0.0663
  0.0861  0.0752  0.0786  0.0845  0.0741  0.0681
niter,ni,del,rscale     7    3   12.0000    1.2000
parameter  4  0.616576 ->  0.500000 qaram    1.5209
parameters
   -1.1093   -8.0994    5.6648  -11.9801    2.7734    2.5193
eta,q 0.93891 15.99540
  0.0787  0.0779  0.0690  0.0608  0.0665  0.0659
  0.0725  0.0744  0.0655  0.0608  0.0645  0.0638
  0.0666  0.0691  0.0630  0.0612  0.0626  0.0620
  0.0641  0.0641  0.0632  0.0630  0.0608  0.0611
  0.0665  0.0642  0.0643  0.0657  0.0612  0.0612
  0.0719  0.0685  0.0689  0.0720  0.0647  0.0624
  0.0771  0.0718  0.0745  0.0790  0.0699  0.0634
niter,ni,del,rscale     7    3   12.0000    1.2000
parameter  4  0.598769 ->  0.500000 qaram    1.7490
parameters
   -0.3795   -6.2370    4.5709  -17.2272    2.2949    2.9158
eta,q 0.94332 15.98183
  0.0773  0.0783  0.0635  0.0586  0.0635  0.0604
  0.0700  0.0710  0.0621  0.0567  0.0602  0.0586
  0.0643  0.0655  0.0593  0.0563  0.0577  0.0571
  0.0611  0.0607  0.0594  0.0589  0.0565  0.0567
  0.0615  0.0597  0.0605  0.0643  0.0573  0.0568
  0.0649  0.0623  0.0643  0.0691  0.0612  0.0579
  0.0716  0.0668  0.0705  0.0740  0.0667  0.0595
niter,ni,del,rscale     7    3   12.0000    1.2000
parameters
   -0.4805   -4.5435    3.3770  -18.9992    1.9231    2.3954
eta,q 0.94601 15.92630
  0.0726  0.0753  0.0594  0.0649  0.0612  0.0580
  0.0630  0.0675  0.0586  0.0592  0.0573  0.0558
  0.0578  0.0614  0.0560  0.0544  0.0548  0.0543
  0.0567  0.0567  0.0548  0.0551  0.0540  0.0539
  0.0591  0.0548  0.0567  0.0589  0.0552  0.0545
  0.0640  0.0578  0.0612  0.0665  0.0583  0.0567
  0.0732  0.0641  0.0679  0.0733  0.0631  0.0601
niter,ni,del,rscale     6    3   12.0000    1.2000
parameters
   -0.7904   -4.6270    2.5966  -19.2629    1.7878    1.9281
eta,q 0.94586 15.95230
  0.0678  0.0690  0.0586  0.0689  0.0619  0.0582
  0.0583  0.0635  0.0584  0.0622  0.0576  0.0560
  0.0533  0.0577  0.0560  0.0567  0.0547  0.0545
  0.0540  0.0537  0.0537  0.0543  0.0542  0.0541
  0.0573  0.0565  0.0552  0.0574  0.0556  0.0546
  0.0613  0.0630  0.0588  0.0630  0.0580  0.0566
  0.0692  0.0709  0.0644  0.0704  0.0623  0.0602
niter,ni,del,rscale     5    3   12.0000    1.2000
parameters
   -1.0259   -4.8986    2.3200  -19.0712    1.7959    1.7661
eta,q 0.94596 15.97794
  0.0681  0.0686  0.0591  0.0700  0.0628  0.0585
  0.0586  0.0632  0.0588  0.0628  0.0580  0.0562
  0.0524  0.0573  0.0566  0.0570  0.0545  0.0546
  0.0541  0.0537  0.0538  0.0540  0.0540  0.0540
  0.0579  0.0574  0.0544  0.0567  0.0556  0.0545
  0.0614  0.0639  0.0577  0.0616  0.0582  0.0562
  0.0679  0.0718  0.0624  0.0692  0.0623  0.0594
niter,ni,del,rscale     4    3   12.0000    1.2000
parameters
   -1.0703   -5.0496    2.2685  -18.9172    1.8188    1.7290
eta,q 0.94590 15.98658
  0.0691  0.0691  0.0593  0.0700  0.0630  0.0587
  0.0597  0.0634  0.0588  0.0624  0.0581  0.0563
  0.0525  0.0579  0.0569  0.0567  0.0545  0.0547
  0.0540  0.0540  0.0540  0.0540  0.0541  0.0541
  0.0579  0.0572  0.0542  0.0566  0.0557  0.0546
  0.0612  0.0634  0.0573  0.0616  0.0582  0.0561
  0.0670  0.0713  0.0615  0.0692  0.0624  0.0591
niter,ni,del,rscale     3    3   12.0000    1.2000
parameters
   -1.0779   -5.1106    2.2411  -18.8592    1.8328    1.7192
eta,q 0.94584 15.98859
  0.0694  0.0694  0.0592  0.0697  0.0631  0.0588
  0.0600  0.0635  0.0587  0.0622  0.0581  0.0564
  0.0526  0.0582  0.0570  0.0565  0.0545  0.0548
  0.0541  0.0541  0.0541  0.0541  0.0542  0.0542
  0.0579  0.0571  0.0543  0.0567  0.0557  0.0546
  0.0612  0.0630  0.0572  0.0618  0.0583  0.0561
  0.0669  0.0709  0.0613  0.0694  0.0624  0.0590
registration optimization eta report
parameter search radius
    6.0000    6.9000    6.0000   10.4940    6.9000    6.0000
100000*second partial in parameter space
       40.       31.       15.       14.       18.       13.
  0.0694  0.0694  0.0592  0.0697  0.0631  0.0588
  0.0600  0.0635  0.0587  0.0622  0.0581  0.0564
  0.0526  0.0582  0.0570  0.0565  0.0545  0.0548
  0.0541  0.0541  0.0541  0.0541  0.0542  0.0542
  0.0579  0.0571  0.0543  0.0567  0.0557  0.0546
  0.0612  0.0630  0.0572  0.0618  0.0583  0.0561
  0.0669  0.0709  0.0613  0.0694  0.0624  0.0590
   -1.0779   -5.1106    2.2411  -18.8592    1.8328    1.7192
eta,q 0.94584 15.98859

---------------------------------------------------------------------
imgreg_4dfp /usr/local/freesurfer/average/711-2C_as_mni_average_305 /usr/local/freesurfer/average/711-2B_as_mni_average_305_mask talsrcimg_g11 none talsrcimg_to_711-2C_as_mni_average_305_t4 3335
---------------------------------------------------------------------

freesurfer imgreg_4dfp.c
/usr/local/freesurfer/average/711-2C_as_mni_average_305.4dfp.img
       256       256       256         1
  1.000000  1.000000  1.000000
orientation T byte_order littleendian
Reading image: /usr/local/freesurfer/average/711-2C_as_mni_average_305.4dfp.img
dimensions:      256       256       256
mmppix:       1.0000   -1.0000   -1.0000
center:     128.0000 -129.0000 -129.0000
/usr/local/freesurfer/average/711-2B_as_mni_average_305_mask.4dfp.img
       256       256       256         1
  1.000000  1.000000  1.000000
orientation T byte_order littleendian
Reading mask: /usr/local/freesurfer/average/711-2B_as_mni_average_305_mask.4dfp.img (2306576 pixels)
talsrcimg_g11.4dfp.img
       256       256       256         1
  1.000000  1.000000  1.000000
orientation T byte_order littleendian
Reading image: talsrcimg_g11.4dfp.img
dimensions:      256       256       256
mmppix:       1.0000   -1.0000   -1.0000
center:     128.0000 -129.0000 -129.0000
fimgreg.f
image alignment mode   3335 decimal      D07 hex
parameters
   -1.0779   -5.1106    2.2411   -0.0962   -5.3800   -5.4168
   -1.8057   -3.9950    2.9986   32.2190    3.1983  -32.3078
eta,q 0.94759 16.03036
niter,ni,del,rscale     5    3    5.0000    1.2000
parameter  4  2.465460 ->  0.500000 qaram    1.1500
parameter  5  2.356115 ->  0.500000 qaram    1.1500
parameter  6  2.171248 ->  0.500000 qaram    1.1500
parameter 10  1.313111 ->  0.500000 qaram    1.1500
parameters
   -1.0765   -5.2832    3.0605   -4.2362   -9.5200   -9.5568
   -0.5162   -5.0871    3.7413   28.0790    1.2921  -30.3542
eta,q 0.97123 16.08253
  0.0554  0.0544  0.0542  0.0431  0.0371  0.0322  0.0382  0.0380  0.0354  0.0283  0.0304  0.0341
  0.0538  0.0532  0.0533  0.0450  0.0389  0.0331  0.0359  0.0349  0.0342  0.0286  0.0293  0.0315
  0.0528  0.0526  0.0527  0.0478  0.0416  0.0354  0.0344  0.0332  0.0334  0.0304  0.0287  0.0295
  0.0524  0.0524  0.0524  0.0522  0.0456  0.0395  0.0336  0.0335  0.0331  0.0331  0.0289  0.0287
  0.0527  0.0528  0.0522  0.0570  0.0507  0.0430  0.0336  0.0353  0.0332  0.0363  0.0299  0.0288
  0.0537  0.0537  0.0523  0.0615  0.0556  0.0470  0.0344  0.0378  0.0337  0.0399  0.0315  0.0294
  0.0555  0.0550  0.0527  0.0660  0.0594  0.0506  0.0357  0.0409  0.0346  0.0440  0.0335  0.0301
niter,ni,del,rscale     7    3    5.0000    1.2000
parameter  2 -0.884739 -> -0.500000 qaram    1.1500
parameter  4  0.539700 ->  0.500000 qaram    1.3225
parameter  5  0.836278 ->  0.500000 qaram    1.3225
parameters
   -1.0503   -3.9032    3.0280   -8.9972  -14.2810  -10.8576
   -0.4858   -4.1947    5.2847   25.9543    3.1356  -29.2268
eta,q 0.97712 15.54902
  0.0340  0.0364  0.0301  0.0261  0.0225  0.0277  0.0262  0.0294  0.0268  0.0259  0.0240  0.0253
  0.0312  0.0335  0.0281  0.0257  0.0227  0.0259  0.0247  0.0264  0.0252  0.0241  0.0236  0.0237
  0.0294  0.0309  0.0270  0.0258  0.0237  0.0244  0.0238  0.0245  0.0239  0.0231  0.0232  0.0230
  0.0288  0.0288  0.0267  0.0267  0.0257  0.0229  0.0234  0.0234  0.0232  0.0231  0.0230  0.0229
  0.0293  0.0273  0.0272  0.0302  0.0292  0.0238  0.0238  0.0233  0.0231  0.0247  0.0228  0.0230
  0.0311  0.0266  0.0284  0.0364  0.0344  0.0284  0.0247  0.0245  0.0237  0.0278  0.0230  0.0233
  0.0338  0.0268  0.0301  0.0432  0.0392  0.0336  0.0262  0.0273  0.0247  0.0317  0.0234  0.0239
niter,ni,del,rscale     7    3    5.0000    1.2000
parameter  3  0.527759 ->  0.500000 qaram    1.1500
parameters
   -1.2303   -3.8628    1.6480  -10.5431  -16.2605  -11.9231
   -0.6179   -4.5546    5.3774   25.8001    2.2728  -30.4359
eta,q 0.97742 15.25259
  0.0261  0.0271  0.0228  0.0251  0.0256  0.0267  0.0252  0.0269  0.0250  0.0272  0.0232  0.0237
  0.0241  0.0248  0.0222  0.0235  0.0236  0.0249  0.0238  0.0247  0.0237  0.0250  0.0229  0.0229
  0.0231  0.0234  0.0223  0.0225  0.0223  0.0235  0.0229  0.0232  0.0229  0.0235  0.0227  0.0226
  0.0229  0.0229  0.0228  0.0222  0.0222  0.0221  0.0226  0.0226  0.0226  0.0226  0.0226  0.0227
  0.0235  0.0233  0.0238  0.0225  0.0234  0.0231  0.0230  0.0231  0.0229  0.0229  0.0227  0.0231
  0.0250  0.0246  0.0249  0.0245  0.0265  0.0264  0.0239  0.0249  0.0237  0.0248  0.0230  0.0237
  0.0271  0.0269  0.0264  0.0301  0.0315  0.0310  0.0254  0.0284  0.0249  0.0281  0.0236  0.0246
niter,ni,del,rscale     7    3    5.0000    1.2000
parameters
   -1.3182   -4.0329    1.4118   -9.9686  -16.4499  -12.2553
   -0.4540   -4.5870    5.5313   25.9387    2.0097  -30.6264
eta,q 0.97737 15.26918
  0.0259  0.0259  0.0247  0.0261  0.0272  0.0274  0.0254  0.0271  0.0250  0.0274  0.0232  0.0243
  0.0240  0.0240  0.0232  0.0244  0.0250  0.0254  0.0240  0.0249  0.0238  0.0251  0.0230  0.0231
  0.0229  0.0229  0.0225  0.0231  0.0233  0.0239  0.0230  0.0234  0.0230  0.0236  0.0227  0.0227
  0.0226  0.0226  0.0226  0.0225  0.0224  0.0225  0.0227  0.0226  0.0227  0.0227  0.0226  0.0226
  0.0231  0.0232  0.0231  0.0224  0.0227  0.0225  0.0229  0.0229  0.0229  0.0227  0.0226  0.0229
  0.0244  0.0246  0.0240  0.0228  0.0245  0.0250  0.0238  0.0245  0.0237  0.0245  0.0229  0.0235
  0.0263  0.0269  0.0253  0.0261  0.0284  0.0296  0.0252  0.0277  0.0248  0.0276  0.0235  0.0243
niter,ni,del,rscale     6    3    5.0000    1.2000
parameters
   -1.3384   -4.0313    1.3030  -10.1111  -16.4621  -12.4019
   -0.4010   -4.5982    5.5852   26.0068    1.9427  -30.6773
eta,q 0.97731 15.25027
  0.0261  0.0264  0.0249  0.0259  0.0274  0.0276  0.0254  0.0271  0.0250  0.0274  0.0233  0.0244
  0.0241  0.0244  0.0234  0.0242  0.0253  0.0255  0.0240  0.0249  0.0238  0.0251  0.0230  0.0232
  0.0230  0.0231  0.0227  0.0231  0.0235  0.0240  0.0230  0.0234  0.0230  0.0236  0.0228  0.0228
  0.0226  0.0226  0.0226  0.0226  0.0226  0.0226  0.0227  0.0227  0.0227  0.0227  0.0227  0.0227
  0.0231  0.0231  0.0231  0.0226  0.0228  0.0224  0.0230  0.0229  0.0230  0.0228  0.0227  0.0229
  0.0243  0.0243  0.0239  0.0232  0.0245  0.0248  0.0239  0.0245  0.0237  0.0246  0.0229  0.0235
  0.0261  0.0264  0.0251  0.0271  0.0282  0.0292  0.0253  0.0276  0.0249  0.0277  0.0234  0.0243
niter,ni,del,rscale     5    3    5.0000    1.2000
parameters
   -1.3474   -4.0226    1.2487  -10.0779  -16.4636  -12.4780
   -0.3805   -4.6161    5.6118   26.0368    1.9057  -30.7237
eta,q 0.97728 15.25032
  0.0262  0.0265  0.0251  0.0260  0.0275  0.0276  0.0254  0.0271  0.0250  0.0273  0.0233  0.0245
  0.0242  0.0245  0.0235  0.0243  0.0253  0.0256  0.0240  0.0250  0.0238  0.0251  0.0230  0.0233
  0.0230  0.0232  0.0228  0.0232  0.0236  0.0241  0.0230  0.0235  0.0230  0.0236  0.0228  0.0228
  0.0227  0.0227  0.0227  0.0227  0.0227  0.0227  0.0227  0.0227  0.0227  0.0227  0.0227  0.0227
  0.0231  0.0231  0.0231  0.0226  0.0229  0.0224  0.0230  0.0229  0.0230  0.0229  0.0227  0.0230
  0.0243  0.0244  0.0239  0.0232  0.0245  0.0247  0.0239  0.0245  0.0238  0.0246  0.0229  0.0235
  0.0262  0.0264  0.0250  0.0269  0.0282  0.0291  0.0254  0.0277  0.0250  0.0277  0.0235  0.0243
niter,ni,del,rscale     4    3    5.0000    1.2000
parameters
   -1.3518   -4.0170    1.2202  -10.0856  -16.4700  -12.5135
   -0.3692   -4.6217    5.6235   26.0556    1.8648  -30.7435
eta,q 0.97727 15.24813
  0.0262  0.0265  0.0251  0.0260  0.0275  0.0277  0.0254  0.0272  0.0250  0.0273  0.0233  0.0245
  0.0243  0.0245  0.0236  0.0243  0.0254  0.0256  0.0240  0.0250  0.0238  0.0251  0.0230  0.0233
  0.0231  0.0232  0.0228  0.0232  0.0236  0.0241  0.0231  0.0235  0.0230  0.0236  0.0229  0.0228
  0.0227  0.0227  0.0227  0.0227  0.0227  0.0227  0.0227  0.0227  0.0227  0.0227  0.0227  0.0227
  0.0232  0.0231  0.0231  0.0227  0.0229  0.0224  0.0231  0.0230  0.0230  0.0229  0.0227  0.0230
  0.0243  0.0244  0.0239  0.0232  0.0246  0.0246  0.0240  0.0245  0.0238  0.0247  0.0229  0.0235
  0.0262  0.0265  0.0250  0.0270  0.0283  0.0291  0.0254  0.0277  0.0250  0.0278  0.0235  0.0243
niter,ni,del,rscale     3    3    5.0000    1.2000
parameters
   -1.3546   -4.0141    1.2071  -10.0844  -16.4739  -12.5286
   -0.3598   -4.6246    5.6332   26.0674    1.8597  -30.7512
eta,q 0.97726 15.24763
  0.0262  0.0265  0.0251  0.0260  0.0275  0.0277  0.0254  0.0272  0.0250  0.0273  0.0233  0.0245
  0.0243  0.0245  0.0236  0.0244  0.0254  0.0256  0.0240  0.0250  0.0238  0.0251  0.0231  0.0233
  0.0231  0.0232  0.0228  0.0233  0.0236  0.0241  0.0231  0.0235  0.0230  0.0236  0.0229  0.0228
  0.0227  0.0227  0.0227  0.0227  0.0227  0.0227  0.0227  0.0227  0.0227  0.0227  0.0227  0.0227
  0.0232  0.0232  0.0231  0.0227  0.0229  0.0224  0.0231  0.0230  0.0230  0.0229  0.0227  0.0230
  0.0244  0.0244  0.0238  0.0232  0.0246  0.0246  0.0240  0.0245  0.0238  0.0247  0.0230  0.0235
  0.0262  0.0265  0.0250  0.0270  0.0283  0.0291  0.0254  0.0276  0.0250  0.0278  0.0235  0.0243
registration optimization eta report
parameter search radius
    2.4000    2.7600    2.7600    9.5220    9.5220    8.2800
    7.2000    7.2000    7.2000    8.2800    7.2000    7.2000
100000*second partial in parameter space
       60.       49.       31.        4.        6.        8.
        5.        9.        4.        7.        1.        3.
  0.0262  0.0265  0.0251  0.0260  0.0275  0.0277  0.0254  0.0272  0.0250  0.0273  0.0233  0.0245
  0.0243  0.0245  0.0236  0.0244  0.0254  0.0256  0.0240  0.0250  0.0238  0.0251  0.0231  0.0233
  0.0231  0.0232  0.0228  0.0233  0.0236  0.0241  0.0231  0.0235  0.0230  0.0236  0.0229  0.0228
  0.0227  0.0227  0.0227  0.0227  0.0227  0.0227  0.0227  0.0227  0.0227  0.0227  0.0227  0.0227
  0.0232  0.0232  0.0231  0.0227  0.0229  0.0224  0.0231  0.0230  0.0230  0.0229  0.0227  0.0230
  0.0244  0.0244  0.0238  0.0232  0.0246  0.0246  0.0240  0.0245  0.0238  0.0247  0.0230  0.0235
  0.0262  0.0265  0.0250  0.0270  0.0283  0.0291  0.0254  0.0276  0.0250  0.0278  0.0235  0.0243
   -1.3546   -4.0141    1.2071  -10.0844  -16.4739  -12.5286
   -0.3598   -4.6246    5.6332   26.0674    1.8597  -30.7512
eta,q 0.97726 15.24763

---------------------------------------------------------------------
imgreg_4dfp /usr/local/freesurfer/average/711-2C_as_mni_average_305 /usr/local/freesurfer/average/711-2B_as_mni_average_305_mask talsrcimg_g11 none talsrcimg_to_711-2C_as_mni_average_305_t4 2311
---------------------------------------------------------------------

freesurfer imgreg_4dfp.c
/usr/local/freesurfer/average/711-2C_as_mni_average_305.4dfp.img
       256       256       256         1
  1.000000  1.000000  1.000000
orientation T byte_order littleendian
Reading image: /usr/local/freesurfer/average/711-2C_as_mni_average_305.4dfp.img
dimensions:      256       256       256
mmppix:       1.0000   -1.0000   -1.0000
center:     128.0000 -129.0000 -129.0000
/usr/local/freesurfer/average/711-2B_as_mni_average_305_mask.4dfp.img
       256       256       256         1
  1.000000  1.000000  1.000000
orientation T byte_order littleendian
Reading mask: /usr/local/freesurfer/average/711-2B_as_mni_average_305_mask.4dfp.img (2306576 pixels)
talsrcimg_g11.4dfp.img
       256       256       256         1
  1.000000  1.000000  1.000000
orientation T byte_order littleendian
Reading image: talsrcimg_g11.4dfp.img
dimensions:      256       256       256
mmppix:       1.0000   -1.0000   -1.0000
center:     128.0000 -129.0000 -129.0000
fimgreg.f
image alignment mode   2311 decimal      907 hex
parameters
   -1.3546   -4.0141    1.2071  -10.0844  -16.4739  -12.5286
   -0.3598   -4.6246    5.6332   26.0674    1.8597  -30.7512
eta,q 0.97726 15.24763
niter,ni,del,rscale     5    3    5.0000    0.8000
parameters
   -1.3776   -3.9962    1.0372   -8.0535  -15.5966  -11.7178
   -0.5638   -4.7699    5.4875   26.1725    1.2562  -31.2948
eta,q 0.97781 15.50966
  0.0243  0.0241  0.0233  0.0237  0.0245  0.0253  0.0234  0.0246  0.0233  0.0245  0.0225  0.0230
  0.0234  0.0233  0.0229  0.0232  0.0236  0.0244  0.0227  0.0234  0.0227  0.0234  0.0224  0.0224
  0.0229  0.0229  0.0227  0.0229  0.0230  0.0236  0.0223  0.0226  0.0223  0.0226  0.0222  0.0222
  0.0227  0.0227  0.0227  0.0227  0.0227  0.0226  0.0222  0.0222  0.0222  0.0222  0.0222  0.0222
  0.0229  0.0229  0.0229  0.0227  0.0226  0.0221  0.0224  0.0224  0.0224  0.0223  0.0223  0.0224
  0.0235  0.0233  0.0232  0.0227  0.0229  0.0229  0.0229  0.0233  0.0228  0.0231  0.0225  0.0228
  0.0244  0.0240  0.0236  0.0228  0.0236  0.0244  0.0236  0.0252  0.0235  0.0245  0.0228  0.0233
niter,ni,del,rscale     4    3    5.0000    0.7000
parameters
   -1.2707   -3.9124    1.2313   -7.8588  -15.7296  -11.2580
   -0.4557   -4.6190    5.4869   26.3605    0.9895  -31.3549
eta,q 0.97805 15.54392
  0.0236  0.0234  0.0233  0.0226  0.0232  0.0245  0.0231  0.0241  0.0229  0.0239  0.0223  0.0228
  0.0229  0.0228  0.0227  0.0224  0.0226  0.0238  0.0225  0.0230  0.0224  0.0230  0.0221  0.0222
  0.0224  0.0224  0.0223  0.0222  0.0223  0.0230  0.0221  0.0223  0.0221  0.0223  0.0220  0.0220
  0.0222  0.0222  0.0222  0.0222  0.0222  0.0222  0.0220  0.0220  0.0220  0.0220  0.0220  0.0220
  0.0223  0.0223  0.0222  0.0221  0.0223  0.0220  0.0221  0.0221  0.0221  0.0221  0.0220  0.0221
  0.0226  0.0226  0.0224  0.0222  0.0227  0.0228  0.0224  0.0227  0.0224  0.0227  0.0221  0.0223
  0.0232  0.0232  0.0228  0.0226  0.0235  0.0241  0.0230  0.0239  0.0229  0.0237  0.0224  0.0227
niter,ni,del,rscale     3    3    5.0000    0.6000
parameters
   -1.2381   -3.8640    1.4237   -7.6722  -15.8054  -10.8660
   -0.4930   -4.5787    5.4640   26.4245    0.8977  -31.3762
eta,q 0.97818 15.57313
  0.0229  0.0229  0.0229  0.0223  0.0227  0.0240  0.0226  0.0234  0.0225  0.0233  0.0221  0.0224
  0.0224  0.0224  0.0224  0.0221  0.0223  0.0234  0.0222  0.0225  0.0222  0.0226  0.0220  0.0220
  0.0221  0.0221  0.0221  0.0220  0.0220  0.0226  0.0219  0.0220  0.0219  0.0221  0.0219  0.0219
  0.0220  0.0220  0.0220  0.0219  0.0219  0.0219  0.0218  0.0218  0.0218  0.0218  0.0218  0.0218
  0.0221  0.0220  0.0220  0.0219  0.0220  0.0219  0.0219  0.0219  0.0219  0.0219  0.0219  0.0219
  0.0223  0.0223  0.0221  0.0220  0.0223  0.0225  0.0222  0.0224  0.0222  0.0224  0.0220  0.0221
  0.0228  0.0227  0.0224  0.0223  0.0229  0.0236  0.0226  0.0234  0.0226  0.0233  0.0222  0.0224
niter,ni,del,rscale     2    3    5.0000    0.5000
parameters
   -1.2124   -3.8340    1.6128   -7.3998  -15.8660  -10.5259
   -0.5393   -4.5789    5.4389   26.4465    0.8533  -31.3582
eta,q 0.97826 15.60494
  0.0225  0.0225  0.0225  0.0220  0.0224  0.0236  0.0223  0.0228  0.0223  0.0228  0.0220  0.0222
  0.0221  0.0221  0.0222  0.0219  0.0221  0.0230  0.0220  0.0222  0.0220  0.0223  0.0218  0.0219
  0.0219  0.0219  0.0219  0.0219  0.0219  0.0223  0.0218  0.0219  0.0218  0.0219  0.0218  0.0218
  0.0218  0.0218  0.0218  0.0218  0.0218  0.0218  0.0217  0.0218  0.0218  0.0217  0.0217  0.0217
  0.0219  0.0219  0.0218  0.0218  0.0219  0.0218  0.0218  0.0219  0.0218  0.0218  0.0218  0.0218
  0.0221  0.0221  0.0219  0.0218  0.0221  0.0223  0.0220  0.0222  0.0220  0.0222  0.0219  0.0219
  0.0224  0.0224  0.0221  0.0220  0.0224  0.0231  0.0223  0.0229  0.0223  0.0228  0.0220  0.0221
niter,ni,del,rscale     1    3    5.0000    0.4000
parameters
   -1.1776   -3.8103    1.7880   -7.0768  -15.9283  -10.2542
   -0.5747   -4.5924    5.4150   26.4545    0.8251  -31.3494
eta,q 0.97829 15.63614
  0.0222  0.0222  0.0222  0.0219  0.0221  0.0231  0.0221  0.0224  0.0220  0.0224  0.0219  0.0220
  0.0220  0.0219  0.0220  0.0218  0.0219  0.0226  0.0219  0.0220  0.0218  0.0220  0.0218  0.0218
  0.0218  0.0218  0.0218  0.0218  0.0218  0.0220  0.0217  0.0218  0.0217  0.0218  0.0217  0.0217
  0.0217  0.0217  0.0217  0.0217  0.0217  0.0217  0.0217  0.0217  0.0217  0.0217  0.0217  0.0217
  0.0218  0.0218  0.0217  0.0217  0.0218  0.0218  0.0218  0.0218  0.0217  0.0218  0.0217  0.0217
  0.0219  0.0219  0.0218  0.0217  0.0219  0.0221  0.0219  0.0220  0.0219  0.0220  0.0218  0.0218
  0.0221  0.0221  0.0219  0.0218  0.0221  0.0227  0.0221  0.0224  0.0221  0.0224  0.0219  0.0220
registration optimization eta report
parameter search radius
    0.8000    0.8000    0.8000    2.4000    2.4000    2.4000
    2.4000    2.4000    2.4000    2.4000    2.4000    2.4000
100000*second partial in parameter space
       67.       61.       54.        2.        7.       20.
        7.       13.        6.       12.        3.        5.
  0.0222  0.0222  0.0222  0.0219  0.0221  0.0231  0.0221  0.0224  0.0220  0.0224  0.0219  0.0220
  0.0220  0.0219  0.0220  0.0218  0.0219  0.0226  0.0219  0.0220  0.0218  0.0220  0.0218  0.0218
  0.0218  0.0218  0.0218  0.0218  0.0218  0.0220  0.0217  0.0218  0.0217  0.0218  0.0217  0.0217
  0.0217  0.0217  0.0217  0.0217  0.0217  0.0217  0.0217  0.0217  0.0217  0.0217  0.0217  0.0217
  0.0218  0.0218  0.0217  0.0217  0.0218  0.0218  0.0218  0.0218  0.0217  0.0218  0.0217  0.0217
  0.0219  0.0219  0.0218  0.0217  0.0219  0.0221  0.0219  0.0220  0.0219  0.0220  0.0218  0.0218
  0.0221  0.0221  0.0219  0.0218  0.0221  0.0227  0.0221  0.0224  0.0221  0.0224  0.0219  0.0220
   -1.1776   -3.8103    1.7880   -7.0768  -15.9283  -10.2542
   -0.5747   -4.5924    5.4150   26.4545    0.8251  -31.3494
eta,q 0.97829 15.63614

---------------------------------------------------------------------
imgreg_4dfp /usr/local/freesurfer/average/711-2C_as_mni_average_305 /usr/local/freesurfer/average/711-2B_as_mni_average_305_mask talsrcimg_g11 none talsrcimg_to_711-2C_as_mni_average_305_t4 2311
---------------------------------------------------------------------

freesurfer imgreg_4dfp.c
/usr/local/freesurfer/average/711-2C_as_mni_average_305.4dfp.img
       256       256       256         1
  1.000000  1.000000  1.000000
orientation T byte_order littleendian
Reading image: /usr/local/freesurfer/average/711-2C_as_mni_average_305.4dfp.img
dimensions:      256       256       256
mmppix:       1.0000   -1.0000   -1.0000
center:     128.0000 -129.0000 -129.0000
/usr/local/freesurfer/average/711-2B_as_mni_average_305_mask.4dfp.img
       256       256       256         1
  1.000000  1.000000  1.000000
orientation T byte_order littleendian
Reading mask: /usr/local/freesurfer/average/711-2B_as_mni_average_305_mask.4dfp.img (2306576 pixels)
talsrcimg_g11.4dfp.img
       256       256       256         1
  1.000000  1.000000  1.000000
orientation T byte_order littleendian
Reading image: talsrcimg_g11.4dfp.img
dimensions:      256       256       256
mmppix:       1.0000   -1.0000   -1.0000
center:     128.0000 -129.0000 -129.0000
fimgreg.f
image alignment mode   2311 decimal      907 hex
parameters
   -1.1776   -3.8103    1.7880   -7.0768  -15.9283  -10.2542
   -0.5747   -4.5924    5.4150   26.4545    0.8251  -31.3494
eta,q 0.97829 15.63614
niter,ni,del,rscale     5    3    5.0000    0.8000
parameters
   -1.1309   -3.8070    1.9476   -8.0425  -16.1244  -10.5091
   -0.4711   -4.4578    5.4657   26.4908    1.3366  -30.9979
eta,q 0.97824 15.55581
  0.0236  0.0233  0.0233  0.0222  0.0232  0.0243  0.0232  0.0244  0.0230  0.0241  0.0224  0.0230
  0.0225  0.0224  0.0225  0.0219  0.0224  0.0235  0.0224  0.0230  0.0224  0.0230  0.0221  0.0222
  0.0219  0.0219  0.0219  0.0218  0.0219  0.0225  0.0220  0.0222  0.0219  0.0222  0.0219  0.0219
  0.0217  0.0217  0.0217  0.0217  0.0217  0.0217  0.0218  0.0218  0.0218  0.0218  0.0218  0.0218
  0.0219  0.0219  0.0218  0.0217  0.0219  0.0221  0.0219  0.0219  0.0219  0.0220  0.0218  0.0218
  0.0224  0.0224  0.0221  0.0222  0.0224  0.0233  0.0224  0.0227  0.0223  0.0228  0.0219  0.0221
  0.0233  0.0233  0.0228  0.0237  0.0236  0.0256  0.0231  0.0242  0.0230  0.0242  0.0222  0.0226
niter,ni,del,rscale     4    3    5.0000    0.7000
parameters
   -1.2257   -3.8587    1.8642   -8.0571  -16.0115  -10.5077
   -0.5728   -4.5317    5.3922   26.3958    1.3163  -31.0298
eta,q 0.97825 15.55545
  0.0229  0.0228  0.0226  0.0223  0.0229  0.0241  0.0228  0.0236  0.0227  0.0235  0.0221  0.0225
  0.0222  0.0222  0.0221  0.0220  0.0223  0.0233  0.0222  0.0227  0.0222  0.0226  0.0219  0.0220
  0.0218  0.0219  0.0218  0.0218  0.0219  0.0224  0.0218  0.0220  0.0219  0.0220  0.0218  0.0218
  0.0218  0.0218  0.0217  0.0217  0.0217  0.0217  0.0217  0.0217  0.0217  0.0217  0.0217  0.0217
  0.0220  0.0219  0.0219  0.0217  0.0218  0.0220  0.0219  0.0219  0.0219  0.0219  0.0218  0.0218
  0.0225  0.0223  0.0223  0.0219  0.0222  0.0229  0.0223  0.0226  0.0222  0.0226  0.0219  0.0221
  0.0232  0.0230  0.0228  0.0224  0.0229  0.0245  0.0228  0.0239  0.0228  0.0238  0.0222  0.0225
niter,ni,del,rscale     3    3    5.0000    0.6000
parameters
   -1.2302   -3.8591    1.8418   -7.7125  -15.9540  -10.3827
   -0.5869   -4.5531    5.3786   26.3712    1.1233  -31.1146
eta,q 0.97828 15.58598
  0.0227  0.0226  0.0225  0.0221  0.0226  0.0238  0.0225  0.0232  0.0224  0.0231  0.0220  0.0223
  0.0222  0.0221  0.0221  0.0219  0.0221  0.0231  0.0221  0.0224  0.0221  0.0224  0.0218  0.0219
  0.0218  0.0218  0.0218  0.0218  0.0218  0.0223  0.0218  0.0219  0.0218  0.0219  0.0217  0.0218
  0.0217  0.0218  0.0217  0.0217  0.0217  0.0217  0.0217  0.0217  0.0217  0.0217  0.0217  0.0217
  0.0219  0.0218  0.0218  0.0217  0.0218  0.0219  0.0218  0.0219  0.0218  0.0219  0.0218  0.0218
  0.0222  0.0221  0.0221  0.0218  0.0221  0.0226  0.0221  0.0224  0.0221  0.0224  0.0219  0.0220
  0.0227  0.0226  0.0225  0.0221  0.0226  0.0238  0.0225  0.0233  0.0225  0.0232  0.0221  0.0223
niter,ni,del,rscale     2    3    5.0000    0.5000
parameters
   -1.2005   -3.8384    1.8854   -7.4017  -15.9618  -10.1950
   -0.5908   -4.5619    5.3793   26.3928    0.9622  -31.1733
eta,q 0.97830 15.61441
  0.0224  0.0224  0.0223  0.0220  0.0223  0.0234  0.0223  0.0228  0.0222  0.0227  0.0219  0.0221
  0.0220  0.0220  0.0220  0.0219  0.0220  0.0228  0.0220  0.0222  0.0219  0.0222  0.0218  0.0219
  0.0218  0.0218  0.0218  0.0218  0.0218  0.0221  0.0218  0.0218  0.0218  0.0218  0.0217  0.0217
  0.0217  0.0217  0.0217  0.0217  0.0217  0.0217  0.0217  0.0217  0.0217  0.0217  0.0217  0.0217
  0.0218  0.0218  0.0218  0.0217  0.0218  0.0218  0.0218  0.0218  0.0217  0.0218  0.0217  0.0218
  0.0220  0.0220  0.0219  0.0217  0.0220  0.0224  0.0220  0.0222  0.0219  0.0221  0.0218  0.0219
  0.0223  0.0223  0.0222  0.0219  0.0223  0.0232  0.0223  0.0228  0.0222  0.0227  0.0220  0.0221
niter,ni,del,rscale     1    3    5.0000    0.4000
parameters
   -1.1707   -3.8124    1.9715   -7.0912  -15.9997  -10.0231
   -0.6011   -4.5740    5.3989   26.4265    0.8864  -31.2136
eta,q 0.97832 15.64109
  0.0222  0.0221  0.0221  0.0218  0.0221  0.0230  0.0221  0.0224  0.0220  0.0224  0.0218  0.0219
  0.0219  0.0219  0.0219  0.0218  0.0218  0.0224  0.0218  0.0220  0.0218  0.0220  0.0217  0.0218
  0.0218  0.0217  0.0218  0.0217  0.0217  0.0219  0.0217  0.0218  0.0217  0.0218  0.0217  0.0217
  0.0217  0.0217  0.0217  0.0217  0.0217  0.0217  0.0217  0.0217  0.0217  0.0217  0.0217  0.0217
  0.0217  0.0217  0.0217  0.0217  0.0217  0.0218  0.0217  0.0218  0.0217  0.0217  0.0217  0.0217
  0.0219  0.0218  0.0218  0.0217  0.0219  0.0222  0.0219  0.0220  0.0218  0.0220  0.0218  0.0218
  0.0221  0.0221  0.0220  0.0218  0.0221  0.0227  0.0221  0.0224  0.0220  0.0224  0.0219  0.0219
registration optimization eta report
parameter search radius
    0.8000    0.8000    0.8000    2.4000    2.4000    2.4000
    2.4000    2.4000    2.4000    2.4000    2.4000    2.4000
100000*second partial in parameter space
       67.       62.       54.        2.        7.       20.
        6.       13.        6.       12.        3.        5.
  0.0222  0.0221  0.0221  0.0218  0.0221  0.0230  0.0221  0.0224  0.0220  0.0224  0.0218  0.0219
  0.0219  0.0219  0.0219  0.0218  0.0218  0.0224  0.0218  0.0220  0.0218  0.0220  0.0217  0.0218
  0.0218  0.0217  0.0218  0.0217  0.0217  0.0219  0.0217  0.0218  0.0217  0.0218  0.0217  0.0217
  0.0217  0.0217  0.0217  0.0217  0.0217  0.0217  0.0217  0.0217  0.0217  0.0217  0.0217  0.0217
  0.0217  0.0217  0.0217  0.0217  0.0217  0.0218  0.0217  0.0218  0.0217  0.0217  0.0217  0.0217
  0.0219  0.0218  0.0218  0.0217  0.0219  0.0222  0.0219  0.0220  0.0218  0.0220  0.0218  0.0218
  0.0221  0.0221  0.0220  0.0218  0.0221  0.0227  0.0221  0.0224  0.0220  0.0224  0.0219  0.0219
   -1.1707   -3.8124    1.9715   -7.0912  -15.9997  -10.0231
   -0.6011   -4.5740    5.3989   26.4265    0.8864  -31.2136
eta,q 0.97832 15.64109

---------------------------------------------------------------------
compute_vox2vox talsrcimg talsrcimg_to_711-2C_as_mni_average_305_t4 /usr/local/freesurfer/average/711-2C_as_mni_average_305
---------------------------------------------------------------------

freesurfer compute_vox2vox.c
Reading: talsrcimg.4dfp.ifh
Reading: talsrcimg_to_711-2C_as_mni_average_305_t4
Reading: /usr/local/freesurfer/average/711-2C_as_mni_average_305.4dfp.ifh
Writing: talsrcimg_to_711-2C_as_mni_average_305_t4_vox2vox.txt

start time Wed Jun 4 08:10:51 UTC 2025
end		time Wed Jun 4 08:11:10 UTC 2025

mpr2mni305 success

avi2talxfm orig_nu.mgz /usr/local/freesurfer/average/mni305.cor.mgz talsrcimg_to_711-2C_as_mni_average_305_t4_vox2vox.txt transforms/talairach.auto.xfm
avi2talxfm done
mv -f /home/freesurfer/subjects/sub-038/mri/talsrcimg_to_711-2C_as_mni_average_305_t4_vox2vox.txt /home/freesurfer/subjects/sub-038/mri/transforms/talsrcimg_to_711-2C_as_mni_average_305_t4_vox2vox.txt
lta_convert --src orig_nu.mgz --trg /usr/local/freesurfer/average/mni305.cor.mgz --inxfm transforms/talairach.auto.xfm --outlta transforms/talairach.auto.xfm.lta --subject fsaverage
7.4.1

--src: orig_nu.mgz src image (geometry).
--trg: /usr/local/freesurfer/average/mni305.cor.mgz trg image (geometry).
--inmni: transforms/talairach.auto.xfm input MNI/XFM transform.
--outlta: transforms/talairach.auto.xfm.lta output LTA.
--s: fsaverage subject name
 LTA read, type : 1
 1.07441   0.04721   0.02523  -4.55135;
-0.03114   1.00067   0.37161  -25.06799;
-0.05926  -0.31784   1.07194  -19.61372;
 0.00000   0.00000   0.00000   1.00000;
setting subject to fsaverage
Writing  LTA to file transforms/talairach.auto.xfm.lta...
lta_convert successful.
 
 
Started at Wed Jun 4 08:10:50 UTC 2025
Ended   at Wed Jun  4 08:11:10 UTC 2025
talairach_avi done
