/home/freesurfer/subjects/sub-002/mri
/usr/local/freesurfer/bin/mri_nu_correct.mni
--i orig.mgz --o nu.mgz --uchar transforms/talairach.xfm --n 2 --ants-n4
nIters 2
mri_nu_correct.mni 7.4.1
Linux 86a2f6008101 6.11.0-26-generic #26~24.04.1-Ubuntu SMP PREEMPT_DYNAMIC Thu Apr 17 19:20:47 UTC 2 x86_64 x86_64 x86_64 GNU/Linux
Thu May 29 01:14:34 UTC 2025
tmpdir is ./tmp.mri_nu_correct.mni.535
cd /home/freesurfer/subjects/sub-002/mri
AntsN4BiasFieldCorrectionFs -i orig.mgz -o ./tmp.mri_nu_correct.mni.535/nu0.mgz --dtype uchar
AntsN4BiasFieldCorrectionFs done
mri_binarize --i ./tmp.mri_nu_correct.mni.535/nu0.mgz --min -1 --o ./tmp.mri_nu_correct.mni.535/ones.mgz

7.4.1
cwd /home/freesurfer/subjects/sub-002/mri
cmdline mri_binarize --i ./tmp.mri_nu_correct.mni.535/nu0.mgz --min -1 --o ./tmp.mri_nu_correct.mni.535/ones.mgz 
sysname  Linux
hostname 86a2f6008101
machine  x86_64
user     root

input      ./tmp.mri_nu_correct.mni.535/nu0.mgz
frame      0
nErode3d   0
nErode2d   0
output     ./tmp.mri_nu_correct.mni.535/ones.mgz
Binarizing based on threshold
min        -1
max        +infinity
binval        1
binvalnot     0
fstart = 0, fend = 0, nframes = 1
Starting parallel 1
Found 16777216 values in range
Counting number of voxels in first frame
Found 16777215 voxels in final mask
Writing output to ./tmp.mri_nu_correct.mni.535/ones.mgz
Count: 16777215 16777215.000000 16777216 99.999994
mri_binarize done
mri_segstats --id 1 --seg ./tmp.mri_nu_correct.mni.535/ones.mgz --i orig.mgz --sum ./tmp.mri_nu_correct.mni.535/sum.junk --avgwf ./tmp.mri_nu_correct.mni.535/input.mean.dat

7.4.1
cwd 
cmdline mri_segstats --id 1 --seg ./tmp.mri_nu_correct.mni.535/ones.mgz --i orig.mgz --sum ./tmp.mri_nu_correct.mni.535/sum.junk --avgwf ./tmp.mri_nu_correct.mni.535/input.mean.dat 
sysname  Linux
hostname 86a2f6008101
machine  x86_64
user     root
whitesurfname  white
UseRobust  0
Loading ./tmp.mri_nu_correct.mni.535/ones.mgz
Loading orig.mgz
Voxel Volume is 1 mm^3
Generating list of segmentation ids
Found   1 segmentations
Computing statistics for each segmentation

Reporting on   1 segmentations
Using PrintSegStat
Computing spatial average of each frame

Writing to ./tmp.mri_nu_correct.mni.535/input.mean.dat
mri_segstats done
mri_segstats --id 1 --seg ./tmp.mri_nu_correct.mni.535/ones.mgz --i ./tmp.mri_nu_correct.mni.535/nu0.mgz --sum ./tmp.mri_nu_correct.mni.535/sum.junk --avgwf ./tmp.mri_nu_correct.mni.535/output.mean.dat

7.4.1
cwd 
cmdline mri_segstats --id 1 --seg ./tmp.mri_nu_correct.mni.535/ones.mgz --i ./tmp.mri_nu_correct.mni.535/nu0.mgz --sum ./tmp.mri_nu_correct.mni.535/sum.junk --avgwf ./tmp.mri_nu_correct.mni.535/output.mean.dat 
sysname  Linux
hostname 86a2f6008101
machine  x86_64
user     root
whitesurfname  white
UseRobust  0
Loading ./tmp.mri_nu_correct.mni.535/ones.mgz
Loading ./tmp.mri_nu_correct.mni.535/nu0.mgz
Voxel Volume is 1 mm^3
Generating list of segmentation ids
Found   1 segmentations
Computing statistics for each segmentation

Reporting on   1 segmentations
Using PrintSegStat
Computing spatial average of each frame

Writing to ./tmp.mri_nu_correct.mni.535/output.mean.dat
mri_segstats done
mris_calc -o ./tmp.mri_nu_correct.mni.535/nu0.mgz ./tmp.mri_nu_correct.mni.535/nu0.mgz mul 1.17143661457461539632
mri_convert ./tmp.mri_nu_correct.mni.535/nu0.mgz nu.mgz --like orig.mgz
mri_convert ./tmp.mri_nu_correct.mni.535/nu0.mgz nu.mgz --like orig.mgz 
reading from ./tmp.mri_nu_correct.mni.535/nu0.mgz...
TR=8.37, TE=0.00, TI=0.00, flip angle=0.00
i_ras = (-1, 9.31323e-10, 0)
j_ras = (1.49012e-08, 7.45058e-09, -1)
k_ras = (-1.76951e-08, 1, -7.45058e-09)
INFO: transform src into the like-volume: orig.mgz
writing to nu.mgz...
mri_make_uchar nu.mgz transforms/talairach.xfm nu.mgz
type change took 0 minutes and 7 seconds.
FIRST_PERCENTILE 0.010000
WM_PERCENTILE    0.900000
MAX_R 50.000000
i1 = 4, i2 = 45
#mri_make_uchar# mapping 10 112 to  3 110  :  b -7.93293 m 1.05468 : thresh 7.52161 maxsat 249.3 : nzero 13048553 nsat 955
 
 
Thu May 29 01:17:51 UTC 2025
mri_nu_correct.mni done
