Log file for defect2seg
Tue Jun  3 20:11:49 UTC 2025

setenv SUBJECTS_DIR /home/freesurfer/subjects
cd /home/freesurfer/subjects/sub-045/scripts
/usr/local/freesurfer/bin/defect2seg --s sub-045 --cortex

freesurfer-linux-centos8_x86_64-7.4.1-20230613-7eb8460
defect2seg 7.4.1
Linux 02bce45c9d53 6.11.0-26-generic #26~24.04.1-Ubuntu SMP PREEMPT_DYNAMIC Thu Apr 17 19:20:47 UTC 2 x86_64 x86_64 x86_64 GNU/Linux
pid 1283
mri_label2label --label-cortex /home/freesurfer/subjects/sub-045/surf/lh.orig.nofix /home/freesurfer/subjects/sub-045/mri/aseg.presurf.mgz 0 /home/freesurfer/subjects/sub-045/label/lh.nofix.cortex.label

 Generating cortex label... RemoveHipAmgy=0
 NucAccIsMedialWall=0
 mris->useRealRAS=0
10 non-cortical segments detected
only using segment with 7106 vertices
erasing segment 1 (vno[0] = 50797)
erasing segment 2 (vno[0] = 61657)
erasing segment 3 (vno[0] = 75534)
erasing segment 4 (vno[0] = 88041)
erasing segment 5 (vno[0] = 88798)
erasing segment 6 (vno[0] = 88858)
erasing segment 7 (vno[0] = 89720)
erasing segment 8 (vno[0] = 90366)
erasing segment 9 (vno[0] = 90442)
mri_label2vol --defects /home/freesurfer/subjects/sub-045/surf/lh.orig.nofix /home/freesurfer/subjects/sub-045/surf/lh.defect_labels /home/freesurfer/subjects/sub-045/mri/orig.mgz 1000 0 /home/freesurfer/subjects/sub-045/mri/surface.defects.mgz /home/freesurfer/subjects/sub-045/label/lh.nofix.cortex.label
mri_label2vol supposed to be reproducible but seed not set
Contraining to label /home/freesurfer/subjects/sub-045/label/lh.nofix.cortex.label
Changing input type 0 to MRI_INT
Converting defects to volume: offset=1000, merge=0
Writing to /home/freesurfer/subjects/sub-045/mri/surface.defects.mgz
mris_defects_pointset -s /home/freesurfer/subjects/sub-045/surf/lh.orig.nofix -d /home/freesurfer/subjects/sub-045/surf/lh.defect_labels -o /home/freesurfer/subjects/sub-045/surf/lh.defects.pointset --label /home/freesurfer/subjects/sub-045/label/lh.nofix.cortex.label
Reading in surface /home/freesurfer/subjects/sub-045/surf/lh.orig.nofix
Reading in defect segmentation /home/freesurfer/subjects/sub-045/surf/lh.defect_labels
Reading in label /home/freesurfer/subjects/sub-045/label/lh.nofix.cortex.label
#VMPC# mris_defects_pointset 179744
mris_defects_pointset done
mri_label2label --label-cortex /home/freesurfer/subjects/sub-045/surf/rh.orig.nofix /home/freesurfer/subjects/sub-045/mri/aseg.presurf.mgz 0 /home/freesurfer/subjects/sub-045/label/rh.nofix.cortex.label

 Generating cortex label... RemoveHipAmgy=0
 NucAccIsMedialWall=0
 mris->useRealRAS=0
10 non-cortical segments detected
only using segment with 7285 vertices
erasing segment 1 (vno[0] = 55218)
erasing segment 2 (vno[0] = 70665)
erasing segment 3 (vno[0] = 79684)
erasing segment 4 (vno[0] = 87416)
erasing segment 5 (vno[0] = 88333)
erasing segment 6 (vno[0] = 90229)
erasing segment 7 (vno[0] = 91126)
erasing segment 8 (vno[0] = 91264)
erasing segment 9 (vno[0] = 92038)
mri_label2vol --defects /home/freesurfer/subjects/sub-045/surf/rh.orig.nofix /home/freesurfer/subjects/sub-045/surf/rh.defect_labels /home/freesurfer/subjects/sub-045/mri/surface.defects.mgz 2000 1 /home/freesurfer/subjects/sub-045/mri/surface.defects.mgz /home/freesurfer/subjects/sub-045/label/rh.nofix.cortex.label
mri_label2vol supposed to be reproducible but seed not set
Contraining to label /home/freesurfer/subjects/sub-045/label/rh.nofix.cortex.label
Converting defects to volume: offset=2000, merge=1
Writing to /home/freesurfer/subjects/sub-045/mri/surface.defects.mgz
mris_defects_pointset -s /home/freesurfer/subjects/sub-045/surf/rh.orig.nofix -d /home/freesurfer/subjects/sub-045/surf/rh.defect_labels -o /home/freesurfer/subjects/sub-045/surf/rh.defects.pointset --label /home/freesurfer/subjects/sub-045/label/rh.nofix.cortex.label
Reading in surface /home/freesurfer/subjects/sub-045/surf/rh.orig.nofix
Reading in defect segmentation /home/freesurfer/subjects/sub-045/surf/rh.defect_labels
Reading in label /home/freesurfer/subjects/sub-045/label/rh.nofix.cortex.label
#VMPC# mris_defects_pointset 180088
mris_defects_pointset done
 
Started at Tue Jun 3 20:11:49 UTC 2025 
Ended   at Tue Jun  3 20:12:30 UTC 2025
Defect2seg-Run-Time-Sec 41
Defect2seg-Run-Time-Min 0.82
Defect2seg-Run-Time-Hours 0.01
 
defect2seg Done
