/home/freesurfer/subjects/sub-040/mri
/usr/local/freesurfer/bin/talairach_avi
--i orig_nu.mgz --xfm transforms/talairach.auto.xfm
talairach_avi 7.4.1
Linux 7a48297f8081 6.11.0-26-generic #26~24.04.1-Ubuntu SMP PREEMPT_DYNAMIC Thu Apr 17 19:20:47 UTC 2 x86_64 x86_64 x86_64 GNU/Linux
Wed Jun  4 18:59:27 UTC 2025
mri_convert orig_nu.mgz talsrcimg.img 
reading from orig_nu.mgz...
TR=8.26, TE=0.00, TI=0.00, flip angle=0.00
i_ras = (-1, 6.98492e-10, -1.86265e-09)
j_ras = (0, 0, -1)
k_ras = (9.31323e-10, 1, 0)
writing to talsrcimg.img...
Analyze Output Matrix
-1.00000   0.00000   0.00000   128.29579;
 0.00000   0.00000   1.00000  -105.07670;
-0.00000  -1.00000   0.00000   161.14403;
 0.00000   0.00000   0.00000   1.00000;
--------------------
INFO: set hdr.hist.orient to -1
mpr2mni305 talsrcimg
Wed Jun  4 18:59:28 UTC 2025
/usr/local/freesurfer/bin/mpr2mni305 talsrcimg
mpr2mni305 7.4.1
target=711-2C_as_mni_average_305

---------------------------------------------------------------------
analyzeto4dfp talsrcimg -O0 -y
---------------------------------------------------------------------

freesurfer ifh2hdr.c
Wed Jun  4 18:59:28 2025
Writing: talsrcimg.4dfp.hdr
freesurfer analyzeto4dfp.c
Reading: talsrcimg.hdr
header size 348 bytes
hdr.dime.datatype	offset=70	value=2
hdr.dime.bitpix		offset=72	value=8
hdr.hist.orient		offset=252	value=-1
dimensionality     4
dimensions       256       256       256         1
Reading: talsrcimg.img
Writing: talsrcimg.4dfp.img
Writing: talsrcimg.4dfp.ifh
ifh2hdr talsrcimg -r0to247
ori=2

---------------------------------------------------------------------
gauss_4dfp talsrcimg 1.1
---------------------------------------------------------------------

freesurfer gauss_4dfp.c
Reading: talsrcimg.4dfp.img
Writing: talsrcimg_g11.4dfp.img
image dimensions 256 256 256 padded to 288 288 288
processing volume 1freesurfer ifh2hdr.c
Wed Jun  4 18:59:32 2025
Writing: talsrcimg_g11.4dfp.hdr

Writing: talsrcimg_g11.4dfp.ifh
including: talsrcimg.4dfp.img.rec in talsrcimg_g11.4dfp.img.rec

---------------------------------------------------------------------
imgreg_4dfp /usr/local/freesurfer/average/711-2C_as_mni_average_305 none talsrcimg_g11 none talsrcimg_to_711-2C_as_mni_average_305_t4 4355
---------------------------------------------------------------------

freesurfer imgreg_4dfp.c
/usr/local/freesurfer/average/711-2C_as_mni_average_305.4dfp.img
       256       256       256         1
  1.000000  1.000000  1.000000
orientation T byte_order littleendian
Reading image: /usr/local/freesurfer/average/711-2C_as_mni_average_305.4dfp.img
dimensions:      256       256       256
mmppix:       1.0000   -1.0000   -1.0000
center:     128.0000 -129.0000 -129.0000
talsrcimg_g11.4dfp.img
       256       256       256         1
  1.000000  1.000000  1.000000
orientation T byte_order littleendian
Reading image: talsrcimg_g11.4dfp.img
dimensions:      256       256       256
mmppix:       1.0000   -1.0000   -1.0000
center:     128.0000 -129.0000 -129.0000
t4_read: open error in t4_sub.f l:  41 t4_file(1:l)talsrcimg_to_711-2C_as_mni_average_305_t4 
t4_read: transform initialized to I4
rotation matrix determinant  1.000000
image alignment mode   4355 decimal     1103 hex
   -7.5000  -45.0000  -45.0000 9066.4082   20.2951
    0.0000  -45.0000  -45.0000 9470.8672   20.2839
    7.5000  -45.0000  -45.0000 9072.6113   20.2511
   -7.5000  -37.5000  -45.0000 9604.1699   20.3170
    0.0000  -37.5000  -45.000010033.2803   20.3053
    7.5000  -37.5000  -45.0000 9606.8223   20.2696
   -7.5000  -30.0000  -45.000010429.9492   20.3379
    0.0000  -30.0000  -45.000010916.6494   20.3351
    7.5000  -30.0000  -45.000010430.3496   20.2964
   -7.5000  -22.5000  -45.000011198.1240   20.3322
    0.0000  -22.5000  -45.000011720.0820   20.3391
    7.5000  -22.5000  -45.000011172.0615   20.3000
   -7.5000  -15.0000  -45.000011876.0615   20.3054
    0.0000  -15.0000  -45.000012454.7100   20.3149
    7.5000  -15.0000  -45.000011841.6162   20.2782
   -7.5000   -7.5000  -45.000012531.8574   20.2860
    0.0000   -7.5000  -45.000013114.2549   20.2864
    7.5000   -7.5000  -45.000012486.3369   20.2530
   -7.5000    0.0000  -45.000013103.4775   20.2920
    0.0000    0.0000  -45.000013698.1777   20.2808
    7.5000    0.0000  -45.000013069.6143   20.2480
   -7.5000    7.5000  -45.000012674.3711   20.3170
    0.0000    7.5000  -45.000013264.0840   20.3053
    7.5000    7.5000  -45.000012623.3252   20.2696
   -7.5000   15.0000  -45.000012011.8506   20.3379
    0.0000   15.0000  -45.000012545.3438   20.3351
    7.5000   15.0000  -45.000011942.1680   20.2964
   -7.5000   22.5000  -45.000011086.5039   20.3295
    0.0000   22.5000  -45.000011532.0420   20.3363
    7.5000   22.5000  -45.000010971.8213   20.2973
   -7.5000   30.0000  -45.000010090.2314   20.0348
    0.0000   30.0000  -45.000010473.9639   20.0441
    7.5000   30.0000  -45.0000 9977.2275   20.0080
   -7.5000   37.5000  -45.0000 9520.2920   20.0156
    0.0000   37.5000  -45.0000 9852.4072   20.0160
    7.5000   37.5000  -45.0000 9402.1240   19.9831
   -7.5000   45.0000  -45.0000 8611.2734   19.5137
    0.0000   45.0000  -45.0000 8879.2734   19.5030
    7.5000   45.0000  -45.0000 8499.4365   19.4714
   -7.5000  -45.0000  -37.5000 9589.2666   20.0671
    0.0000  -45.0000  -37.500010023.4385   20.0626
    7.5000  -45.0000  -37.5000 9582.3457   20.0336
   -7.5000  -37.5000  -37.500010150.5938   20.1036
    0.0000  -37.5000  -37.500010614.2256   20.0917
    7.5000  -37.5000  -37.500010132.8359   20.0564
   -7.5000  -30.0000  -37.500010996.6973   20.1308
    0.0000  -30.0000  -37.500011505.0049   20.1224
    7.5000  -30.0000  -37.500010972.7773   20.0824
   -7.5000  -22.5000  -37.500011799.0039   20.1178
    0.0000  -22.5000  -37.500012329.2949   20.1204
    7.5000  -22.5000  -37.500011747.0449   20.0816
   -7.5000  -15.0000  -37.500012526.7910   20.0781
    0.0000  -15.0000  -37.500013148.4053   20.0898
    7.5000  -15.0000  -37.500012463.9287   20.0572
   -7.5000   -7.5000  -37.500013181.9346   20.0516
    0.0000   -7.5000  -37.500013840.9619   20.0596
    7.5000   -7.5000  -37.500013128.3018   20.0319
   -7.5000    0.0000  -37.500013726.7266   20.0641
    0.0000    0.0000  -37.500014417.5713   20.0595
    7.5000    0.0000  -37.500013699.1465   20.0305
   -7.5000    7.5000  -37.500013248.8066   20.1036
    0.0000    7.5000  -37.500013907.2061   20.0917
    7.5000    7.5000  -37.500013190.5400   20.0564
   -7.5000   15.0000  -37.500012517.5791   20.1308
    0.0000   15.0000  -37.500013117.7324   20.1224
    7.5000   15.0000  -37.500012428.7246   20.0824
   -7.5000   22.5000  -37.500011525.3779   20.1151
    0.0000   22.5000  -37.500012051.9893   20.1176
    7.5000   22.5000  -37.500011423.8301   20.0789
   -7.5000   30.0000  -37.500010496.7607   19.8105
    0.0000   30.0000  -37.500010938.5908   19.8221
    7.5000   30.0000  -37.500010400.3691   19.7899
   -7.5000   37.5000  -37.5000 9876.2510   19.7844
    0.0000   37.5000  -37.500010247.8848   19.7923
    7.5000   37.5000  -37.5000 9767.8809   19.7649
   -7.5000   45.0000  -37.5000 8903.3770   19.2946
    0.0000   45.0000  -37.5000 9201.0273   19.2902
    7.5000   45.0000  -37.5000 8788.3799   19.2622
   -7.5000  -45.0000  -30.000010266.6709   20.8076
    0.0000  -45.0000  -30.000010746.5293   20.8197
    7.5000  -45.0000  -30.000010249.5293   20.7943
   -7.5000  -37.5000  -30.000010858.7168   20.8602
    0.0000  -37.5000  -30.000011389.6514   20.8603
    7.5000  -37.5000  -30.000010840.1660   20.8258
   -7.5000  -30.0000  -30.000011758.9785   20.8884
    0.0000  -30.0000  -30.000012336.9229   20.8860
    7.5000  -30.0000  -30.000011730.3486   20.8482
   -7.5000  -22.5000  -30.000012603.6367   20.8606
    0.0000  -22.5000  -30.000013224.9814   20.8673
    7.5000  -22.5000  -30.000012551.0068   20.8350
   -7.5000  -15.0000  -30.000013392.2725   20.8053
    0.0000  -15.0000  -30.000014113.7500   20.8253
    7.5000  -15.0000  -30.000013333.3633   20.8024
   -7.5000   -7.5000  -30.000014071.3896   20.7774
    0.0000   -7.5000  -30.000014852.4561   20.8002
    7.5000   -7.5000  -30.000014059.5947   20.7808
   -7.5000    0.0000  -30.000014638.8984   20.8044
    0.0000    0.0000  -30.000015442.8672   20.8165
    7.5000    0.0000  -30.000014642.9746   20.7910
   -7.5000    7.5000  -30.000014067.4229   20.8602
    0.0000    7.5000  -30.000014826.3799   20.8603
    7.5000    7.5000  -30.000014043.4512   20.8258
   -7.5000   15.0000  -30.000013257.0488   20.8884
    0.0000   15.0000  -30.000013941.8271   20.8860
    7.5000   15.0000  -30.000013196.6240   20.8482
   -7.5000   22.5000  -30.000012185.5498   20.8556
    0.0000   22.5000  -30.000012791.9961   20.8622
    7.5000   22.5000  -30.000012107.4766   20.8300
   -7.5000   30.0000  -30.000011118.4883   20.5301
    0.0000   30.0000  -30.000011615.6699   20.5497
    7.5000   30.0000  -30.000011047.9521   20.5271
   -7.5000   37.5000  -30.000010453.5928   20.5025
    0.0000   37.5000  -30.000010881.3135   20.5250
    7.5000   37.5000  -30.000010357.3389   20.5058
   -7.5000   45.0000  -30.0000 9378.5137   20.0212
    0.0000   45.0000  -30.0000 9732.4160   20.0329
    7.5000   45.0000  -30.0000 9275.0732   20.0083
   -7.5000  -45.0000  -22.500010849.0527   21.4389
    0.0000  -45.0000  -22.500011410.5303   21.4617
    7.5000  -45.0000  -22.500010874.0869   21.4355
   -7.5000  -37.5000  -22.500011476.5420   21.4939
    0.0000  -37.5000  -22.500012097.7119   21.5079
    7.5000  -37.5000  -22.500011506.5791   21.4739
   -7.5000  -30.0000  -22.500012488.5811   21.5166
    0.0000  -30.0000  -22.500013155.0449   21.5274
    7.5000  -30.0000  -22.500012477.2188   21.4949
   -7.5000  -22.5000  -22.500013407.0156   21.4803
    0.0000  -22.5000  -22.500014114.2842   21.4955
    7.5000  -22.5000  -22.500013356.1807   21.4719
   -7.5000  -15.0000  -22.500014221.3047   21.4217
    0.0000  -15.0000  -22.500015040.5000   21.4463
    7.5000  -15.0000  -22.500014181.8008   21.4315
   -7.5000   -7.5000  -22.500014913.9658   21.3997
    0.0000   -7.5000  -22.500015804.5029   21.4287
    7.5000   -7.5000  -22.500014957.0576   21.4127
   -7.5000    0.0000  -22.500015516.3447   21.4356
    0.0000    0.0000  -22.500016446.4355   21.4584
    7.5000    0.0000  -22.500015570.2119   21.4322
   -7.5000    7.5000  -22.500014869.3770   21.4939
    0.0000    7.5000  -22.500015736.7842   21.5079
    7.5000    7.5000  -22.500014899.9375   21.4739
   -7.5000   15.0000  -22.500014038.2842   21.5166
    0.0000   15.0000  -22.500014779.6445   21.5274
    7.5000   15.0000  -22.500014002.0010   21.4949
   -7.5000   22.5000  -22.500012903.4141   21.4737
    0.0000   22.5000  -22.500013568.7090   21.4889
    7.5000   22.5000  -22.500012867.1250   21.4653
   -7.5000   30.0000  -22.500011747.1084   21.1415
    0.0000   30.0000  -22.500012323.5146   21.1658
    7.5000   30.0000  -22.500011719.5039   21.1512
   -7.5000   37.5000  -22.500011043.5400   21.1198
    0.0000   37.5000  -22.500011556.9844   21.1484
    7.5000   37.5000  -22.500010994.0273   21.1326
   -7.5000   45.0000  -22.5000 9895.3096   20.6442
    0.0000   45.0000  -22.500010306.4541   20.6661
    7.5000   45.0000  -22.5000 9827.1660   20.6408
   -7.5000  -45.0000  -15.000011374.1260   21.8988
    0.0000  -45.0000  -15.000011975.8281   21.9169
    7.5000  -45.0000  -15.000011390.0918   21.8873
   -7.5000  -37.5000  -15.000012070.2227   21.9407
    0.0000  -37.5000  -15.000012725.9375   21.9585
    7.5000  -37.5000  -15.000012075.1592   21.9253
   -7.5000  -30.0000  -15.000013195.7373   21.9555
    0.0000  -30.0000  -15.000013911.5537   21.9762
    7.5000  -30.0000  -15.000013193.5596   21.9475
   -7.5000  -22.5000  -15.000014245.7314   21.9234
    0.0000  -22.5000  -15.000015027.1436   21.9457
    7.5000  -22.5000  -15.000014216.2100   21.9253
   -7.5000  -15.0000  -15.000015038.8320   21.8762
    0.0000  -15.0000  -15.000015922.7070   21.8997
    7.5000  -15.0000  -15.000015065.6846   21.8839
   -7.5000   -7.5000  -15.000015668.0635   21.8629
    0.0000   -7.5000  -15.000016604.3516   21.8851
    7.5000   -7.5000  -15.000015798.3291   21.8648
   -7.5000    0.0000  -15.000016273.6191   21.8954
    0.0000    0.0000  -15.000017308.5078   21.9135
    7.5000    0.0000  -15.000016424.9844   21.8839
   -7.5000    7.5000  -15.000015648.5410   21.9407
    0.0000    7.5000  -15.000016604.3008   21.9585
    7.5000    7.5000  -15.000015749.9717   21.9253
   -7.5000   15.0000  -15.000014780.9668   21.9555
    0.0000   15.0000  -15.000015598.3184   21.9762
    7.5000   15.0000  -15.000014814.9951   21.9475
   -7.5000   22.5000  -15.000013636.2549   21.9156
    0.0000   22.5000  -15.000014382.8818   21.9380
    7.5000   22.5000  -15.000013659.3604   21.9176
   -7.5000   30.0000  -15.000012458.8975   21.5931
    0.0000   30.0000  -15.000013111.6758   21.6162
    7.5000   30.0000  -15.000012454.4561   21.6007
   -7.5000   37.5000  -15.000011716.3711   21.5800
    0.0000   37.5000  -15.000012303.0273   21.6019
    7.5000   37.5000  -15.000011680.5430   21.5819
   -7.5000   45.0000  -15.000010475.2344   21.0997
    0.0000   45.0000  -15.000010934.2393   21.1171
    7.5000   45.0000  -15.000010417.9785   21.0885
   -7.5000  -45.0000   -7.500011909.0000   22.1605
    0.0000  -45.0000   -7.500012512.8486   22.1608
    7.5000  -45.0000   -7.500011934.4365   22.1278
   -7.5000  -37.5000   -7.500012617.6777   22.1878
    0.0000  -37.5000   -7.500013274.5420   22.1917
    7.5000  -37.5000   -7.500012624.1641   22.1574
   -7.5000  -30.0000   -7.500013890.2812   22.2026
    0.0000  -30.0000   -7.500014622.6885   22.2160
    7.5000  -30.0000   -7.500013874.4639   22.1833
   -7.5000  -22.5000   -7.500015189.9629   22.1850
    0.0000  -22.5000   -7.500016031.5254   22.2032
    7.5000  -22.5000   -7.500015147.0654   22.1733
   -7.5000  -15.0000   -7.500016052.5400   22.1519
    0.0000  -15.0000   -7.500016945.2793   22.1680
    7.5000  -15.0000   -7.500016122.9443   22.1397
   -7.5000   -7.5000   -7.500016548.8418   22.1388
    0.0000   -7.5000   -7.500017419.2988   22.1464
    7.5000   -7.5000   -7.500016769.3125   22.1167
   -7.5000    0.0000   -7.500017100.2246   22.1571
    0.0000    0.0000   -7.500018072.1484   22.1574
    7.5000    0.0000   -7.500017378.2793   22.1243
   -7.5000    7.5000   -7.500016522.4668   22.1878
    0.0000    7.5000   -7.500017482.1172   22.1917
    7.5000    7.5000   -7.500016716.9980   22.1574
   -7.5000   15.0000   -7.500015649.1699   22.2026
    0.0000   15.0000   -7.500016526.6055   22.2160
    7.5000   15.0000   -7.500015736.8408   22.1833
   -7.5000   22.5000   -7.500014491.9102   22.1748
    0.0000   22.5000   -7.500015295.9385   22.1929
    7.5000   22.5000   -7.500014496.8467   22.1630
   -7.5000   30.0000   -7.500013246.3945   21.8647
    0.0000   30.0000   -7.500013944.4736   21.8805
    7.5000   30.0000   -7.500013180.6904   21.8526
   -7.5000   37.5000   -7.500012456.5068   21.8517
    0.0000   37.5000   -7.500013078.2490   21.8592
    7.5000   37.5000   -7.500012374.0498   21.8299
   -7.5000   45.0000   -7.500011140.4639   21.3559
    0.0000   45.0000   -7.500011627.6973   21.3561
    7.5000   45.0000   -7.500011037.9922   21.3243
   -7.5000  -45.0000    0.000012366.8535   22.2045
    0.0000  -45.0000    0.000012935.7021   22.1921
    7.5000  -45.0000    0.000012377.7129   22.1572
   -7.5000  -37.5000    0.000013045.5576   22.2304
    0.0000  -37.5000    0.000013598.9395   22.2176
    7.5000  -37.5000    0.000013055.3584   22.1797
   -7.5000  -30.0000    0.000014352.7158   22.2538
    0.0000  -30.0000    0.000015057.0283   22.2506
    7.5000  -30.0000    0.000014369.8330   22.2094
   -7.5000  -22.5000    0.000015944.9229   22.2464
    0.0000  -22.5000    0.000016843.0488   22.2533
    7.5000  -22.5000    0.000015914.4424   22.2116
   -7.5000  -15.0000    0.000017104.6797   22.2154
    0.0000  -15.0000    0.000017958.7168   22.2249
    7.5000  -15.0000    0.000017224.5352   22.1858
   -7.5000   -7.5000    0.000017727.2715   22.1935
    0.0000   -7.5000    0.000018493.5352   22.1934
    7.5000   -7.5000    0.000017979.7676   22.1578
   -7.5000    0.0000    0.000018260.9258   22.2011
    0.0000    0.0000    0.000019131.5000   22.1887
    7.5000    0.0000    0.000018497.8535   22.1538
   -7.5000    7.5000    0.000017483.4707   22.2304
    0.0000    7.5000    0.000018398.5859   22.2176
    7.5000    7.5000    0.000017613.6055   22.1797
   -7.5000   15.0000    0.000016415.3984   22.2538
    0.0000   15.0000    0.000017336.9902   22.2506
    7.5000   15.0000    0.000016439.6934   22.2094
   -7.5000   22.5000    0.000015169.3037   22.2361
    0.0000   22.5000    0.000016031.6436   22.2430
    7.5000   22.5000    0.000015124.7988   22.2013
   -7.5000   30.0000    0.000013841.0244   21.9279
    0.0000   30.0000    0.000014597.9014   21.9373
    7.5000   30.0000    0.000013717.7275   21.8987
   -7.5000   37.5000    0.000013005.6777   21.9063
    0.0000   37.5000    0.000013694.5312   21.9061
    7.5000   37.5000    0.000012876.4688   21.8710
   -7.5000   45.0000    0.000011612.0342   21.3999
    0.0000   45.0000    0.000012168.4541   21.3879
    7.5000   45.0000    0.000011480.3330   21.3543
   -7.5000  -45.0000    7.500011894.3623   22.2006
    0.0000  -45.0000    7.500012344.5869   22.1957
    7.5000  -45.0000    7.500011915.3232   22.1641
   -7.5000  -37.5000    7.500012566.0869   22.2404
    0.0000  -37.5000    7.500013001.7891   22.2275
    7.5000  -37.5000    7.500012572.0791   22.1889
   -7.5000  -30.0000    7.500013843.4990   22.2702
    0.0000  -30.0000    7.500014491.8975   22.2610
    7.5000  -30.0000    7.500013876.4814   22.2174
   -7.5000  -22.5000    7.500015356.7031   22.2561
    0.0000  -22.5000    7.500016239.2490   22.2588
    7.5000  -22.5000    7.500015344.4141   22.2166
   -7.5000  -15.0000    7.500016517.1758   22.2127
    0.0000  -15.0000    7.500017394.1934   22.2256
    7.5000  -15.0000    7.500016554.1914   22.1900
   -7.5000   -7.5000    7.500017344.2324   22.1836
    0.0000   -7.5000    7.500018299.8047   22.1925
    7.5000   -7.5000    7.500017456.4473   22.1624
   -7.5000    0.0000    7.500017911.6211   22.1972
    0.0000    0.0000    7.500018974.3320   22.1923
    7.5000    0.0000    7.500017989.0137   22.1607
   -7.5000    7.5000    7.500016970.7402   22.2404
    0.0000    7.5000    7.500017950.8496   22.2275
    7.5000    7.5000    7.500016968.9336   22.1889
   -7.5000   15.0000    7.500015811.6221   22.2702
    0.0000   15.0000    7.500016677.0254   22.2610
    7.5000   15.0000    7.500015748.5635   22.2174
   -7.5000   22.5000    7.500014537.0361   22.2458
    0.0000   22.5000    7.500015308.2383   22.2486
    7.5000   22.5000    7.500014478.6572   22.2064
   -7.5000   30.0000    7.500013298.7119   21.9252
    0.0000   30.0000    7.500013954.3262   21.9379
    7.5000   30.0000    7.500013190.0293   21.9028
   -7.5000   37.5000    7.500012511.3145   21.8965
    0.0000   37.5000    7.500013096.3936   21.9053
    7.5000   37.5000    7.500012376.5518   21.8755
   -7.5000   45.0000    7.500011194.9883   21.3962
    0.0000   45.0000    7.500011672.9609   21.3915
    7.5000   45.0000    7.500011055.3428   21.3610
   -7.5000  -45.0000   15.000011309.2656   22.2390
    0.0000  -45.0000   15.000011815.1680   22.2519
    7.5000  -45.0000   15.000011347.4893   22.2250
   -7.5000  -37.5000   15.000011990.4961   22.2959
    0.0000  -37.5000   15.000012527.3008   22.2960
    7.5000  -37.5000   15.000012015.5889   22.2594
   -7.5000  -30.0000   15.000013210.2783   22.3270
    0.0000  -30.0000   15.000013876.7744   22.3244
    7.5000  -30.0000   15.000013231.5010   22.2843
   -7.5000  -22.5000   15.000014448.9941   22.2977
    0.0000  -22.5000   15.000015112.6904   22.3047
    7.5000  -22.5000   15.000014371.8516   22.2704
   -7.5000  -15.0000   15.000015338.1797   22.2381
    0.0000  -15.0000   15.000016014.6348   22.2593
    7.5000  -15.0000   15.000015284.3613   22.2350
   -7.5000   -7.5000   15.000016167.0664   22.2073
    0.0000   -7.5000   15.000016942.7969   22.2316
    7.5000   -7.5000   15.000016180.3613   22.2111
   -7.5000    0.0000   15.000016812.8789   22.2356
    0.0000    0.0000   15.000017718.5234   22.2485
    7.5000    0.0000   15.000016811.6816   22.2215
   -7.5000    7.5000   15.000015989.2246   22.2959
    0.0000    7.5000   15.000016837.8555   22.2960
    7.5000    7.5000   15.000015977.8545   22.2594
   -7.5000   15.0000   15.000014869.3740   22.3270
    0.0000   15.0000   15.000015628.9570   22.3244
    7.5000   15.0000   15.000014835.1172   22.2843
   -7.5000   22.5000   15.000013721.1055   22.2875
    0.0000   22.5000   15.000014400.7695   22.2945
    7.5000   22.5000   15.000013655.5928   22.2602
   -7.5000   30.0000   15.000012574.8789   21.9503
    0.0000   30.0000   15.000013167.3262   21.9712
    7.5000   30.0000   15.000012475.7373   21.9473
   -7.5000   37.5000   15.000011832.5059   21.9199
    0.0000   37.5000   15.000012355.2900   21.9438
    7.5000   37.5000   15.000011718.8418   21.9236
   -7.5000   45.0000   15.000010580.1377   21.4333
    0.0000   45.0000   15.000011011.8066   21.4457
    7.5000   45.0000   15.000010478.0361   21.4197
   -7.5000  -45.0000   22.500010634.1162   22.4928
    0.0000  -45.0000   22.500011154.9824   22.5173
    7.5000  -45.0000   22.500010618.3105   22.4894
   -7.5000  -37.5000   22.500011286.7676   22.5534
    0.0000  -37.5000   22.500011814.8340   22.5685
    7.5000  -37.5000   22.500011273.3613   22.5325
   -7.5000  -30.0000   22.500012357.3291   22.5803
    0.0000  -30.0000   22.500012919.2900   22.5919
    7.5000  -30.0000   22.500012341.4883   22.5574
   -7.5000  -22.5000   22.500013338.4814   22.5426
    0.0000  -22.5000   22.500013832.8096   22.5590
    7.5000  -22.5000   22.500013248.8691   22.5336
   -7.5000  -15.0000   22.500014120.7207   22.4788
    0.0000  -15.0000   22.500014664.5615   22.5052
    7.5000  -15.0000   22.500014061.5693   22.4890
   -7.5000   -7.5000   22.500014927.4316   22.4529
    0.0000   -7.5000   22.500015600.8008   22.4840
    7.5000   -7.5000   22.500014908.4590   22.4666
   -7.5000    0.0000   22.500015610.0967   22.4898
    0.0000    0.0000   22.500016346.9473   22.5143
    7.5000    0.0000   22.500015585.7930   22.4864
   -7.5000    7.5000   22.500014916.2461   22.5534
    0.0000    7.5000   22.500015625.8350   22.5685
    7.5000    7.5000   22.500014900.2695   22.5325
   -7.5000   15.0000   22.500013939.6221   22.5803
    0.0000   15.0000   22.500014589.3877   22.5919
    7.5000   15.0000   22.500013908.3066   22.5574
   -7.5000   22.5000   22.500012880.4072   22.5322
    0.0000   22.5000   22.500013475.8887   22.5486
    7.5000   22.5000   22.500012838.3125   22.5232
   -7.5000   30.0000   22.500011768.5938   22.1878
    0.0000   30.0000   22.500012309.6260   22.2139
    7.5000   30.0000   22.500011719.8594   22.1979
   -7.5000   37.5000   22.500011032.0977   22.1623
    0.0000   37.5000   22.500011528.4531   22.1930
    7.5000   37.5000   22.500010993.2764   22.1758
   -7.5000   45.0000   22.5000 9899.1572   21.6783
    0.0000   45.0000   22.500010319.7822   21.7019
    7.5000   45.0000   22.5000 9825.9541   21.6749
   -7.5000  -45.0000   30.0000 9921.6064   22.9740
    0.0000  -45.0000   30.000010367.3506   22.9937
    7.5000  -45.0000   30.0000 9889.4033   22.9609
   -7.5000  -37.5000   30.000010482.6895   23.0231
    0.0000  -37.5000   30.000010958.1504   23.0422
    7.5000  -37.5000   30.000010472.3457   23.0057
   -7.5000  -30.0000   30.000011437.4668   23.0431
    0.0000  -30.0000   30.000011943.7656   23.0656
    7.5000  -30.0000   30.000011406.0781   23.0338
   -7.5000  -22.5000   30.000012271.1943   23.0099
    0.0000  -22.5000   30.000012746.9180   23.0344
    7.5000  -22.5000   30.000012216.6807   23.0111
   -7.5000  -15.0000   30.000013035.6289   22.9566
    0.0000  -15.0000   30.000013554.8857   22.9825
    7.5000  -15.0000   30.000012981.7861   22.9641
   -7.5000   -7.5000   30.000013835.6973   22.9382
    0.0000   -7.5000   30.000014405.7744   22.9626
    7.5000   -7.5000   30.000013777.9033   22.9396
   -7.5000    0.0000   30.000014462.8203   22.9715
    0.0000    0.0000   30.000015095.8418   22.9912
    7.5000    0.0000   30.000014400.1191   22.9584
   -7.5000    7.5000   30.000013871.0117   23.0231
    0.0000    7.5000   30.000014488.7412   23.0422
    7.5000    7.5000   30.000013816.9111   23.0057
   -7.5000   15.0000   30.000012989.6055   23.0431
    0.0000   15.0000   30.000013583.7158   23.0656
    7.5000   15.0000   30.000012928.7588   23.0338
   -7.5000   22.5000   30.000012004.1768   22.9993
    0.0000   22.5000   30.000012550.8105   23.0238
    7.5000   22.5000   30.000011953.1035   23.0004
   -7.5000   30.0000   30.000010959.1016   22.6595
    0.0000   30.0000   30.000011428.4961   22.6851
    7.5000   30.0000   30.000010885.6982   22.6669
   -7.5000   37.5000   30.000010259.2510   22.6414
    0.0000   37.5000   30.000010676.0908   22.6654
    7.5000   37.5000   30.000010199.5674   22.6427
   -7.5000   45.0000   30.0000 9235.5195   22.1425
    0.0000   45.0000   30.0000 9585.1523   22.1615
    7.5000   45.0000   30.0000 9167.7646   22.1299
   -7.5000  -45.0000   37.5000 9579.6963   23.6213
    0.0000  -45.0000   37.5000 9989.1289   23.6239
    7.5000  -45.0000   37.5000 9545.2559   23.5896
   -7.5000  -37.5000   37.500010110.4072   23.6595
    0.0000  -37.5000   37.500010569.4375   23.6652
    7.5000  -37.5000   37.500010092.5195   23.6289
   -7.5000  -30.0000   37.500010990.8857   23.6854
    0.0000  -30.0000   37.500011504.7188   23.7003
    7.5000  -30.0000   37.500010971.2197   23.6651
   -7.5000  -22.5000   37.500011793.4424   23.6689
    0.0000  -22.5000   37.500012291.3271   23.6891
    7.5000  -22.5000   37.500011747.4082   23.6567
   -7.5000  -15.0000   37.500012535.0410   23.6267
    0.0000  -15.0000   37.500013060.0029   23.6455
    7.5000  -15.0000   37.500012463.4912   23.6154
   -7.5000   -7.5000   37.500013304.0215   23.6029
    0.0000   -7.5000   37.500013863.6191   23.6135
    7.5000   -7.5000   37.500013227.9619   23.5825
   -7.5000    0.0000   37.500013886.7549   23.6193
    0.0000    0.0000   37.500014489.0195   23.6219
    7.5000    0.0000   37.500013828.3682   23.5876
   -7.5000    7.5000   37.500013334.7549   23.6595
    0.0000    7.5000   37.500013913.8926   23.6652
    7.5000    7.5000   37.500013276.6191   23.6289
   -7.5000   15.0000   37.500012507.3721   23.6854
    0.0000   15.0000   37.500013082.5352   23.7003
    7.5000   15.0000   37.500012448.0518   23.6651
   -7.5000   22.5000   37.500011605.7734   23.6580
    0.0000   22.5000   37.500012083.7441   23.6782
    7.5000   22.5000   37.500011533.8135   23.6458
   -7.5000   30.0000   37.500010584.5801   23.3209
    0.0000   30.0000   37.500011000.5928   23.3395
    7.5000   30.0000   37.500010489.5566   23.3097
   -7.5000   37.5000   37.5000 9915.8516   23.2974
    0.0000   37.5000   37.500010283.0010   23.3079
    7.5000   37.5000   37.5000 9832.0713   23.2773
   -7.5000   45.0000   37.5000 8930.8828   22.7670
    0.0000   45.0000   37.5000 9248.0742   22.7695
    7.5000   45.0000   37.5000 8852.8457   22.7363
   -7.5000  -45.0000   45.0000 8908.5684   24.3317
    0.0000  -45.0000   45.0000 9292.7363   24.3226
    7.5000  -45.0000   45.0000 8891.5518   24.2881
   -7.5000  -37.5000   45.0000 9382.7129   24.3799
    0.0000  -37.5000   45.0000 9807.9502   24.3708
    7.5000  -37.5000   45.0000 9369.0811   24.3316
   -7.5000  -30.0000   45.000010187.9951   24.4247
    0.0000  -30.0000   45.000010657.2578   24.4277
    7.5000  -30.0000   45.000010169.8105   24.3829
   -7.5000  -22.5000   45.000010939.5430   24.4167
    0.0000  -22.5000   45.000011415.8418   24.4321
    7.5000  -22.5000   45.000010911.8174   24.3862
   -7.5000  -15.0000   45.000011602.5000   24.3656
    0.0000  -15.0000   45.000012097.4424   24.3839
    7.5000  -15.0000   45.000011556.9941   24.3423
   -7.5000   -7.5000   45.000012301.5664   24.3237
    0.0000   -7.5000   45.000012833.4277   24.3298
    7.5000   -7.5000   45.000012256.2627   24.2938
   -7.5000    0.0000   45.000012822.6152   24.3301
    0.0000    0.0000   45.000013383.1777   24.3211
    7.5000    0.0000   45.000012793.4648   24.2866
   -7.5000    7.5000   45.000012307.6338   24.3799
    0.0000    7.5000   45.000012868.1611   24.3708
    7.5000    7.5000   45.000012284.2090   24.3316
   -7.5000   15.0000   45.000011548.0566   24.4247
    0.0000   15.0000   45.000012092.3428   24.4277
    7.5000   15.0000   45.000011515.2783   24.3829
   -7.5000   22.5000   45.000010715.7480   24.4054
    0.0000   22.5000   45.000011187.9287   24.4208
    7.5000   22.5000   45.000010670.2461   24.3749
   -7.5000   30.0000   45.0000 9783.4834   24.0482
    0.0000   30.0000   45.000010190.4551   24.0663
    7.5000   30.0000   45.0000 9714.6123   24.0251
   -7.5000   37.5000   45.0000 9211.6846   24.0068
    0.0000   37.5000   45.0000 9540.3447   24.0128
    7.5000   37.5000   45.0000 9132.7812   23.9774
   -7.5000   45.0000   45.0000 8292.3633   23.4628
    0.0000   45.0000   45.0000 8559.9502   23.4541
    7.5000   45.0000   45.0000 8209.1973   23.4207

---------------------------------------------------------------------
imgreg_4dfp /usr/local/freesurfer/average/711-2C_as_mni_average_305 /usr/local/freesurfer/average/711-2B_as_mni_average_305_mask talsrcimg_g11 none talsrcimg_to_711-2C_as_mni_average_305_t4 4355
---------------------------------------------------------------------

freesurfer imgreg_4dfp.c
/usr/local/freesurfer/average/711-2C_as_mni_average_305.4dfp.img
       256       256       256         1
  1.000000  1.000000  1.000000
orientation T byte_order littleendian
Reading image: /usr/local/freesurfer/average/711-2C_as_mni_average_305.4dfp.img
dimensions:      256       256       256
mmppix:       1.0000   -1.0000   -1.0000
center:     128.0000 -129.0000 -129.0000
/usr/local/freesurfer/average/711-2B_as_mni_average_305_mask.4dfp.img
       256       256       256         1
  1.000000  1.000000  1.000000
orientation T byte_order littleendian
Reading mask: /usr/local/freesurfer/average/711-2B_as_mni_average_305_mask.4dfp.img (2306576 pixels)
talsrcimg_g11.4dfp.img
       256       256       256         1
  1.000000  1.000000  1.000000
orientation T byte_order littleendian
Reading image: talsrcimg_g11.4dfp.img
dimensions:      256       256       256
mmppix:       1.0000   -1.0000   -1.0000
center:     128.0000 -129.0000 -129.0000
rotation matrix determinant  1.000000
image alignment mode   4355 decimal     1103 hex
   -7.5000  -45.0000  -45.0000 2337.6628   22.7449
    0.0000  -45.0000  -45.0000 2348.3154   22.6928
    7.5000  -45.0000  -45.0000 2335.0068   22.8744
   -7.5000  -37.5000  -45.0000 2407.6584   21.2918
    0.0000  -37.5000  -45.0000 2412.6528   21.2242
    7.5000  -37.5000  -45.0000 2399.5278   21.3914
   -7.5000  -30.0000  -45.0000 2447.1213   20.2424
    0.0000  -30.0000  -45.0000 2458.3079   20.1763
    7.5000  -30.0000  -45.0000 2435.0039   20.2800
   -7.5000  -22.5000  -45.0000 2472.3674   19.5090
    0.0000  -22.5000  -45.0000 2486.9751   19.4873
    7.5000  -22.5000  -45.0000 2458.4624   19.5832
   -7.5000  -15.0000  -45.0000 2473.1528   19.2318
    0.0000  -15.0000  -45.0000 2487.7300   19.1695
    7.5000  -15.0000  -45.0000 2462.9692   19.2976
   -7.5000   -7.5000  -45.0000 2465.7764   19.2094
    0.0000   -7.5000  -45.0000 2477.5671   19.1401
    7.5000   -7.5000  -45.0000 2454.8433   19.2770
   -7.5000    0.0000  -45.0000 2448.5579   19.4777
    0.0000    0.0000  -45.0000 2458.4089   19.3491
    7.5000    0.0000  -45.0000 2438.7971   19.5309
   -7.5000    7.5000  -45.0000 2427.5342   20.2060
    0.0000    7.5000  -45.0000 2442.7302   20.0650
    7.5000    7.5000  -45.0000 2419.0620   20.2488
   -7.5000   15.0000  -45.0000 2382.2424   21.2998
    0.0000   15.0000  -45.0000 2395.5120   21.1458
    7.5000   15.0000  -45.0000 2378.1440   21.3782
   -7.5000   22.5000  -45.0000 2324.3167   22.7874
    0.0000   22.5000  -45.0000 2334.7222   22.6067
    7.5000   22.5000  -45.0000 2316.5010   22.9064
   -7.5000   30.0000  -45.0000 2234.3826   24.6436
    0.0000   30.0000  -45.0000 2240.5242   24.4498
    7.5000   30.0000  -45.0000 2215.9263   24.7399
   -7.5000   37.5000  -45.0000 2130.5056   27.0601
    0.0000   37.5000  -45.0000 2139.1174   26.7817
    7.5000   37.5000  -45.0000 2113.3560   27.0813
   -7.5000   45.0000  -45.0000 2011.8660   30.2543
    0.0000   45.0000  -45.0000 2017.2729   29.9511
    7.5000   45.0000  -45.0000 1996.0330   30.2960
   -7.5000  -45.0000  -37.5000 2415.4778   21.3974
    0.0000  -45.0000  -37.5000 2430.7524   21.3730
    7.5000  -45.0000  -37.5000 2412.9858   21.4581
   -7.5000  -37.5000  -37.5000 2490.3032   20.0872
    0.0000  -37.5000  -37.5000 2500.3708   20.0413
    7.5000  -37.5000  -37.5000 2478.7920   20.0822
   -7.5000  -30.0000  -37.5000 2529.2383   19.0013
    0.0000  -30.0000  -37.5000 2533.7107   18.9776
    7.5000  -30.0000  -37.5000 2511.7219   19.0141
   -7.5000  -22.5000  -37.5000 2561.2271   18.2948
    0.0000  -22.5000  -37.5000 2573.7961   18.2946
    7.5000  -22.5000  -37.5000 2541.9163   18.3484
   -7.5000  -15.0000  -37.5000 2573.0811   17.9773
    0.0000  -15.0000  -37.5000 2586.5527   18.0109
    7.5000  -15.0000  -37.5000 2557.8379   18.0714
   -7.5000   -7.5000  -37.5000 2565.3752   17.9867
    0.0000   -7.5000  -37.5000 2578.5300   17.9853
    7.5000   -7.5000  -37.5000 2549.9531   18.0644
   -7.5000    0.0000  -37.5000 2542.1711   18.2405
    0.0000    0.0000  -37.5000 2556.5540   18.2138
    7.5000    0.0000  -37.5000 2530.8159   18.3047
   -7.5000    7.5000  -37.5000 2513.0430   18.9310
    0.0000    7.5000  -37.5000 2532.1726   18.8756
    7.5000    7.5000  -37.5000 2505.2009   18.9871
   -7.5000   15.0000  -37.5000 2464.4746   19.9578
    0.0000   15.0000  -37.5000 2481.2170   19.9107
    7.5000   15.0000  -37.5000 2455.1104   20.0263
   -7.5000   22.5000  -37.5000 2400.6768   21.3462
    0.0000   22.5000  -37.5000 2420.4148   21.2685
    7.5000   22.5000  -37.5000 2393.9436   21.4414
   -7.5000   30.0000  -37.5000 2312.4849   23.1494
    0.0000   30.0000  -37.5000 2328.3201   22.9890
    7.5000   30.0000  -37.5000 2300.2588   23.2050
   -7.5000   37.5000  -37.5000 2205.3665   25.4201
    0.0000   37.5000  -37.5000 2214.8093   25.2090
    7.5000   37.5000  -37.5000 2190.5911   25.4511
   -7.5000   45.0000  -37.5000 2078.3376   28.4697
    0.0000   45.0000  -37.5000 2081.4871   28.1884
    7.5000   45.0000  -37.5000 2059.1174   28.5493
   -7.5000  -45.0000  -30.0000 2524.4824   20.8806
    0.0000  -45.0000  -30.0000 2542.7966   20.8619
    7.5000  -45.0000  -30.0000 2520.8135   20.8949
   -7.5000  -37.5000  -30.0000 2597.1514   19.5475
    0.0000  -37.5000  -30.0000 2614.1694   19.5864
    7.5000  -37.5000  -30.0000 2587.8416   19.5442
   -7.5000  -30.0000  -30.0000 2644.7878   18.5623
    0.0000  -30.0000  -30.0000 2657.9719   18.5546
    7.5000  -30.0000  -30.0000 2632.7527   18.5360
   -7.5000  -22.5000  -30.0000 2683.5378   17.7907
    0.0000  -22.5000  -30.0000 2698.0625   17.8128
    7.5000  -22.5000  -30.0000 2665.4270   17.8590
   -7.5000  -15.0000  -30.0000 2704.8110   17.4317
    0.0000  -15.0000  -30.0000 2722.2354   17.5285
    7.5000  -15.0000  -30.0000 2686.6121   17.5429
   -7.5000   -7.5000  -30.0000 2697.0515   17.4099
    0.0000   -7.5000  -30.0000 2716.8582   17.4885
    7.5000   -7.5000  -30.0000 2685.4580   17.5336
   -7.5000    0.0000  -30.0000 2677.0530   17.7282
    0.0000    0.0000  -30.0000 2700.1624   17.7534
    7.5000    0.0000  -30.0000 2666.3848   17.8147
   -7.5000    7.5000  -30.0000 2645.9504   18.4142
    0.0000    7.5000  -30.0000 2672.2852   18.4088
    7.5000    7.5000  -30.0000 2638.3972   18.4711
   -7.5000   15.0000  -30.0000 2588.8525   19.4343
    0.0000   15.0000  -30.0000 2611.0496   19.4256
    7.5000   15.0000  -30.0000 2583.5845   19.5075
   -7.5000   22.5000  -30.0000 2513.4231   20.7952
    0.0000   22.5000  -30.0000 2539.9075   20.7409
    7.5000   22.5000  -30.0000 2511.8608   20.8844
   -7.5000   30.0000  -30.0000 2418.8198   22.5326
    0.0000   30.0000  -30.0000 2439.6453   22.4444
    7.5000   30.0000  -30.0000 2419.9451   22.6659
   -7.5000   37.5000  -30.0000 2315.0525   24.8319
    0.0000   37.5000  -30.0000 2328.1458   24.6931
    7.5000   37.5000  -30.0000 2302.7104   24.9217
   -7.5000   45.0000  -30.0000 2173.1794   27.8248
    0.0000   45.0000  -30.0000 2181.0066   27.6649
    7.5000   45.0000  -30.0000 2156.5686   27.9535
   -7.5000  -45.0000  -22.5000 2585.0264   20.1978
    0.0000  -45.0000  -22.5000 2608.3193   20.1993
    7.5000  -45.0000  -22.5000 2587.6292   20.2215
   -7.5000  -37.5000  -22.5000 2663.3208   18.8864
    0.0000  -37.5000  -22.5000 2690.5205   18.9376
    7.5000  -37.5000  -22.5000 2662.9978   18.9379
   -7.5000  -30.0000  -22.5000 2729.2957   17.9012
    0.0000  -30.0000  -22.5000 2749.6558   17.9514
    7.5000  -30.0000  -22.5000 2717.7834   17.9192
   -7.5000  -22.5000  -22.5000 2771.9961   17.2032
    0.0000  -22.5000  -22.5000 2794.1892   17.2131
    7.5000  -22.5000  -22.5000 2759.9736   17.2496
   -7.5000  -15.0000  -22.5000 2793.1929   16.7568
    0.0000  -15.0000  -22.5000 2820.4404   16.8299
    7.5000  -15.0000  -22.5000 2779.2642   16.8544
   -7.5000   -7.5000  -22.5000 2789.2849   16.6770
    0.0000   -7.5000  -22.5000 2818.6882   16.7546
    7.5000   -7.5000  -22.5000 2784.5667   16.8363
   -7.5000    0.0000  -22.5000 2775.3289   17.0449
    0.0000    0.0000  -22.5000 2809.7051   17.0768
    7.5000    0.0000  -22.5000 2771.7498   17.1282
   -7.5000    7.5000  -22.5000 2743.2097   17.7337
    0.0000    7.5000  -22.5000 2775.5273   17.7594
    7.5000    7.5000  -22.5000 2742.5784   17.8057
   -7.5000   15.0000  -22.5000 2684.6318   18.7773
    0.0000   15.0000  -22.5000 2702.1338   18.7650
    7.5000   15.0000  -22.5000 2684.6360   18.8591
   -7.5000   22.5000  -22.5000 2605.8147   20.1461
    0.0000   22.5000  -22.5000 2624.3179   20.1274
    7.5000   22.5000  -22.5000 2603.1414   20.2359
   -7.5000   30.0000  -22.5000 2497.0466   21.9269
    0.0000   30.0000  -22.5000 2520.0491   21.8539
    7.5000   30.0000  -22.5000 2500.9255   21.9754
   -7.5000   37.5000  -22.5000 2389.6440   24.1008
    0.0000   37.5000  -22.5000 2405.4644   24.0314
    7.5000   37.5000  -22.5000 2380.2278   24.1948
   -7.5000   45.0000  -22.5000 2238.1082   26.9702
    0.0000   45.0000  -22.5000 2247.7932   26.8423
    7.5000   45.0000  -22.5000 2226.3379   27.0795
   -7.5000  -45.0000  -15.0000 2610.2976   19.6512
    0.0000  -45.0000  -15.0000 2633.9897   19.6438
    7.5000  -45.0000  -15.0000 2608.4438   19.6826
   -7.5000  -37.5000  -15.0000 2700.7827   18.3569
    0.0000  -37.5000  -15.0000 2730.4880   18.3205
    7.5000  -37.5000  -15.0000 2697.8909   18.3480
   -7.5000  -30.0000  -15.0000 2775.2319   17.3618
    0.0000  -30.0000  -15.0000 2803.6279   17.3528
    7.5000  -30.0000  -15.0000 2770.4231   17.3840
   -7.5000  -22.5000  -15.0000 2831.8567   16.6924
    0.0000  -22.5000  -15.0000 2862.6191   16.6873
    7.5000  -22.5000  -15.0000 2822.8760   16.7381
   -7.5000  -15.0000  -15.0000 2852.2595   16.1600
    0.0000  -15.0000  -15.0000 2885.5862   16.2000
    7.5000  -15.0000  -15.0000 2841.4695   16.2910
   -7.5000   -7.5000  -15.0000 2842.8220   15.9986
    0.0000   -7.5000  -15.0000 2871.5244   16.0107
    7.5000   -7.5000  -15.0000 2844.4404   16.1699
   -7.5000    0.0000  -15.0000 2825.7571   16.3449
    0.0000    0.0000  -15.0000 2860.4304   16.3332
    7.5000    0.0000  -15.0000 2829.1936   16.4316
   -7.5000    7.5000  -15.0000 2791.2085   17.0651
    0.0000    7.5000  -15.0000 2824.9465   17.0522
    7.5000    7.5000  -15.0000 2798.3804   17.1464
   -7.5000   15.0000  -15.0000 2732.8689   18.1862
    0.0000   15.0000  -15.0000 2751.9634   18.1665
    7.5000   15.0000  -15.0000 2736.8523   18.2862
   -7.5000   22.5000  -15.0000 2651.1431   19.6280
    0.0000   22.5000  -15.0000 2672.1836   19.5866
    7.5000   22.5000  -15.0000 2651.2983   19.7345
   -7.5000   30.0000  -15.0000 2544.9954   21.3524
    0.0000   30.0000  -15.0000 2561.3657   21.2626
    7.5000   30.0000  -15.0000 2541.1194   21.4393
   -7.5000   37.5000  -15.0000 2427.5103   23.4747
    0.0000   37.5000  -15.0000 2441.1389   23.3562
    7.5000   37.5000  -15.0000 2419.2866   23.5894
   -7.5000   45.0000  -15.0000 2275.7974   26.2004
    0.0000   45.0000  -15.0000 2288.1514   26.0197
    7.5000   45.0000  -15.0000 2272.4653   26.3063
   -7.5000  -45.0000   -7.5000 2617.2466   19.2933
    0.0000  -45.0000   -7.5000 2636.8098   19.1674
    7.5000  -45.0000   -7.5000 2618.5051   19.3045
   -7.5000  -37.5000   -7.5000 2716.3311   18.0346
    0.0000  -37.5000   -7.5000 2743.0669   17.8719
    7.5000  -37.5000   -7.5000 2713.3528   17.9560
   -7.5000  -30.0000   -7.5000 2803.6011   17.0367
    0.0000  -30.0000   -7.5000 2832.5566   16.9205
    7.5000  -30.0000   -7.5000 2798.9978   16.9774
   -7.5000  -22.5000   -7.5000 2877.6489   16.4020
    0.0000  -22.5000   -7.5000 2912.8499   16.2925
    7.5000  -22.5000   -7.5000 2872.2812   16.3649
   -7.5000  -15.0000   -7.5000 2907.0559   15.9100
    0.0000  -15.0000   -7.5000 2947.4304   15.7988
    7.5000  -15.0000   -7.5000 2897.5176   16.0120
   -7.5000   -7.5000   -7.5000 2880.6626   15.5305
    0.0000   -7.5000   -7.5000 2900.8164   15.3868
    7.5000   -7.5000   -7.5000 2886.6912   15.7542
   -7.5000    0.0000   -7.5000 2846.0720   15.8432
    0.0000    0.0000   -7.5000 2865.4290   15.6939
    7.5000    0.0000   -7.5000 2859.4846   15.9446
   -7.5000    7.5000   -7.5000 2815.4980   16.6583
    0.0000    7.5000   -7.5000 2842.0852   16.4956
    7.5000    7.5000   -7.5000 2832.1919   16.7270
   -7.5000   15.0000   -7.5000 2761.3254   17.8166
    0.0000   15.0000   -7.5000 2785.2498   17.6857
    7.5000   15.0000   -7.5000 2770.4065   17.9087
   -7.5000   22.5000   -7.5000 2678.1392   19.2612
    0.0000   22.5000   -7.5000 2696.6060   19.1513
    7.5000   22.5000   -7.5000 2675.6724   19.3229
   -7.5000   30.0000   -7.5000 2571.1292   21.0230
    0.0000   30.0000   -7.5000 2582.0015   20.8775
    7.5000   30.0000   -7.5000 2560.8174   21.0443
   -7.5000   37.5000   -7.5000 2455.0581   23.1581
    0.0000   37.5000   -7.5000 2463.5232   22.9309
    7.5000   37.5000   -7.5000 2442.4263   23.1660
   -7.5000   45.0000   -7.5000 2300.8860   25.9193
    0.0000   45.0000   -7.5000 2308.6174   25.5468
    7.5000   45.0000   -7.5000 2292.8142   25.8907
   -7.5000  -45.0000    0.0000 2624.0596   19.2383
    0.0000  -45.0000    0.0000 2639.9297   18.9812
    7.5000  -45.0000    0.0000 2621.6074   19.1536
   -7.5000  -37.5000    0.0000 2725.3884   17.9012
    0.0000  -37.5000    0.0000 2742.2302   17.6066
    7.5000  -37.5000    0.0000 2720.0837   17.7929
   -7.5000  -30.0000    0.0000 2813.1309   16.9308
    0.0000  -30.0000    0.0000 2833.8184   16.6683
    7.5000  -30.0000    0.0000 2808.8884   16.8417
   -7.5000  -22.5000    0.0000 2896.5906   16.3953
    0.0000  -22.5000    0.0000 2927.3625   16.1777
    7.5000  -22.5000    0.0000 2896.4973   16.2871
   -7.5000  -15.0000    0.0000 2940.4854   16.0361
    0.0000  -15.0000    0.0000 2986.8647   15.8320
    7.5000  -15.0000    0.0000 2942.4128   16.0464
   -7.5000   -7.5000    0.0000 2927.8601   15.7189
    0.0000   -7.5000    0.0000 2938.5532   15.4061
    7.5000   -7.5000    0.0000 2933.4219   15.8957
   -7.5000    0.0000    0.0000 2873.5151   15.9084
    0.0000    0.0000    0.0000 2880.7947   15.6098
    7.5000    0.0000    0.0000 2883.3826   15.9785
   -7.5000    7.5000    0.0000 2829.8079   16.5653
    0.0000    7.5000    0.0000 2848.6968   16.2983
    7.5000    7.5000    0.0000 2841.1853   16.5369
   -7.5000   15.0000    0.0000 2761.2466   17.6545
    0.0000   15.0000    0.0000 2789.5308   17.4692
    7.5000   15.0000    0.0000 2773.2251   17.6365
   -7.5000   22.5000    0.0000 2681.0271   19.1299
    0.0000   22.5000    0.0000 2703.3276   19.0333
    7.5000   22.5000    0.0000 2682.3591   19.1321
   -7.5000   30.0000    0.0000 2574.1008   20.9101
    0.0000   30.0000    0.0000 2591.7534   20.8595
    7.5000   30.0000    0.0000 2568.8079   20.9190
   -7.5000   37.5000    0.0000 2461.2100   23.0461
    0.0000   37.5000    0.0000 2474.6526   22.9159
    7.5000   37.5000    0.0000 2447.2261   23.0436
   -7.5000   45.0000    0.0000 2304.7629   25.7781
    0.0000   45.0000    0.0000 2321.2454   25.5216
    7.5000   45.0000    0.0000 2294.7952   25.7336
   -7.5000  -45.0000    7.5000 2621.8638   19.3464
    0.0000  -45.0000    7.5000 2629.9607   18.9179
    7.5000  -45.0000    7.5000 2623.1016   19.2377
   -7.5000  -37.5000    7.5000 2725.7979   18.0535
    0.0000  -37.5000    7.5000 2731.0339   17.6314
    7.5000  -37.5000    7.5000 2722.1638   17.9344
   -7.5000  -30.0000    7.5000 2814.9265   17.1563
    0.0000  -30.0000    7.5000 2823.7964   16.7721
    7.5000  -30.0000    7.5000 2813.7971   17.0676
   -7.5000  -22.5000    7.5000 2901.2253   16.6303
    0.0000  -22.5000    7.5000 2930.3225   16.3958
    7.5000  -22.5000    7.5000 2902.2800   16.5713
   -7.5000  -15.0000    7.5000 2945.3533   16.2402
    0.0000  -15.0000    7.5000 2999.0364   16.1332
    7.5000  -15.0000    7.5000 2950.0000   16.2860
   -7.5000   -7.5000    7.5000 2933.6531   16.0476
    0.0000   -7.5000    7.5000 2980.9480   15.8782
    7.5000   -7.5000    7.5000 2945.4150   16.1267
   -7.5000    0.0000    7.5000 2886.4326   16.2945
    0.0000    0.0000    7.5000 2923.4241   16.1683
    7.5000    0.0000    7.5000 2892.8721   16.3160
   -7.5000    7.5000    7.5000 2828.4392   16.8334
    0.0000    7.5000    7.5000 2855.6721   16.7114
    7.5000    7.5000    7.5000 2835.6042   16.8196
   -7.5000   15.0000    7.5000 2750.4890   17.8297
    0.0000   15.0000    7.5000 2771.4646   17.7049
    7.5000   15.0000    7.5000 2757.5667   17.7853
   -7.5000   22.5000    7.5000 2663.6086   19.2337
    0.0000   22.5000    7.5000 2685.2192   19.1022
    7.5000   22.5000    7.5000 2668.8232   19.1622
   -7.5000   30.0000    7.5000 2560.6414   20.9619
    0.0000   30.0000    7.5000 2580.5510   20.8133
    7.5000   30.0000    7.5000 2559.7134   20.9068
   -7.5000   37.5000    7.5000 2448.2720   23.1056
    0.0000   37.5000    7.5000 2468.0110   22.9104
    7.5000   37.5000    7.5000 2438.8557   23.0893
   -7.5000   45.0000    7.5000 2298.5002   25.8676
    0.0000   45.0000    7.5000 2314.3213   25.6020
    7.5000   45.0000    7.5000 2288.8853   25.8317
   -7.5000  -45.0000   15.0000 2606.6846   19.7307
    0.0000  -45.0000   15.0000 2616.6414   19.3313
    7.5000  -45.0000   15.0000 2611.5911   19.6303
   -7.5000  -37.5000   15.0000 2713.8704   18.4259
    0.0000  -37.5000   15.0000 2722.2048   18.0806
    7.5000  -37.5000   15.0000 2710.9768   18.3752
   -7.5000  -30.0000   15.0000 2799.1729   17.5296
    0.0000  -30.0000   15.0000 2814.4326   17.2261
    7.5000  -30.0000   15.0000 2797.8730   17.4640
   -7.5000  -22.5000   15.0000 2880.1602   16.9173
    0.0000  -22.5000   15.0000 2913.3162   16.6834
    7.5000  -22.5000   15.0000 2876.4763   16.8422
   -7.5000  -15.0000   15.0000 2908.5967   16.3722
    0.0000  -15.0000   15.0000 2942.7810   16.0931
    7.5000  -15.0000   15.0000 2910.4221   16.4046
   -7.5000   -7.5000   15.0000 2899.5005   16.2373
    0.0000   -7.5000   15.0000 2940.8733   16.0476
    7.5000   -7.5000   15.0000 2913.9260   16.2781
   -7.5000    0.0000   15.0000 2864.0347   16.5946
    0.0000    0.0000   15.0000 2904.4067   16.5075
    7.5000    0.0000   15.0000 2872.7864   16.5665
   -7.5000    7.5000   15.0000 2809.2825   17.2826
    0.0000    7.5000   15.0000 2841.0918   17.1840
    7.5000    7.5000   15.0000 2818.0151   17.2291
   -7.5000   15.0000   15.0000 2725.6343   18.3016
    0.0000   15.0000   15.0000 2751.3325   18.2446
    7.5000   15.0000   15.0000 2735.3618   18.2978
   -7.5000   22.5000   15.0000 2636.4702   19.6469
    0.0000   22.5000   15.0000 2659.1519   19.5544
    7.5000   22.5000   15.0000 2640.0400   19.6030
   -7.5000   30.0000   15.0000 2531.2869   21.2045
    0.0000   30.0000   15.0000 2552.1931   21.1280
    7.5000   30.0000   15.0000 2530.3447   21.2122
   -7.5000   37.5000   15.0000 2415.4246   23.3506
    0.0000   37.5000   15.0000 2433.7686   23.2088
    7.5000   37.5000   15.0000 2410.7786   23.3445
   -7.5000   45.0000   15.0000 2263.2922   26.1312
    0.0000   45.0000   15.0000 2280.4316   25.8734
    7.5000   45.0000   15.0000 2263.0007   26.1174
   -7.5000  -45.0000   22.5000 2583.7495   20.3643
    0.0000  -45.0000   22.5000 2603.8936   20.0143
    7.5000  -45.0000   22.5000 2584.2861   20.2319
   -7.5000  -37.5000   22.5000 2687.1807   19.0345
    0.0000  -37.5000   22.5000 2706.6863   18.7145
    7.5000  -37.5000   22.5000 2686.5276   18.9245
   -7.5000  -30.0000   22.5000 2774.8662   18.0599
    0.0000  -30.0000   22.5000 2790.3875   17.7548
    7.5000  -30.0000   22.5000 2773.1838   17.9583
   -7.5000  -22.5000   22.5000 2837.4426   17.2452
    0.0000  -22.5000   22.5000 2853.5547   16.9096
    7.5000  -22.5000   22.5000 2831.3994   17.1861
   -7.5000  -15.0000   22.5000 2863.3579   16.6528
    0.0000  -15.0000   22.5000 2874.0278   16.4105
    7.5000  -15.0000   22.5000 2859.4375   16.6864
   -7.5000   -7.5000   22.5000 2855.5857   16.6484
    0.0000   -7.5000   22.5000 2885.6067   16.4678
    7.5000   -7.5000   22.5000 2863.9355   16.6792
   -7.5000    0.0000   22.5000 2831.4822   17.1086
    0.0000    0.0000   22.5000 2866.2690   16.9578
    7.5000    0.0000   22.5000 2835.4524   17.0431
   -7.5000    7.5000   22.5000 2780.5034   17.8892
    0.0000    7.5000   22.5000 2809.9014   17.7725
    7.5000    7.5000   22.5000 2785.8582   17.8236
   -7.5000   15.0000   22.5000 2700.3318   18.9360
    0.0000   15.0000   22.5000 2730.0989   18.8991
    7.5000   15.0000   22.5000 2708.8940   18.9209
   -7.5000   22.5000   22.5000 2612.0862   20.2601
    0.0000   22.5000   22.5000 2637.1980   20.2335
    7.5000   22.5000   22.5000 2615.2944   20.2701
   -7.5000   30.0000   22.5000 2501.8616   21.8522
    0.0000   30.0000   22.5000 2524.4756   21.7703
    7.5000   30.0000   22.5000 2501.6672   21.8373
   -7.5000   37.5000   22.5000 2367.6157   23.8914
    0.0000   37.5000   22.5000 2385.4231   23.7359
    7.5000   37.5000   22.5000 2370.1995   23.8844
   -7.5000   45.0000   22.5000 2224.2520   26.6679
    0.0000   45.0000   22.5000 2241.4229   26.4115
    7.5000   45.0000   22.5000 2222.9336   26.6433
   -7.5000  -45.0000   30.0000 2549.1121   21.2232
    0.0000  -45.0000   30.0000 2571.2336   20.8360
    7.5000  -45.0000   30.0000 2551.2310   21.0191
   -7.5000  -37.5000   30.0000 2649.4465   19.8275
    0.0000  -37.5000   30.0000 2670.9766   19.4778
    7.5000  -37.5000   30.0000 2649.9314   19.6562
   -7.5000  -30.0000   30.0000 2731.7683   18.7292
    0.0000  -30.0000   30.0000 2753.0554   18.3928
    7.5000  -30.0000   30.0000 2730.2825   18.5845
   -7.5000  -22.5000   30.0000 2783.8550   17.8566
    0.0000  -22.5000   30.0000 2801.1230   17.4725
    7.5000  -22.5000   30.0000 2782.7144   17.7444
   -7.5000  -15.0000   30.0000 2813.1816   17.3111
    0.0000  -15.0000   30.0000 2823.7837   17.1378
    7.5000  -15.0000   30.0000 2809.8428   17.3238
   -7.5000   -7.5000   30.0000 2805.5388   17.3634
    0.0000   -7.5000   30.0000 2829.0752   17.1715
    7.5000   -7.5000   30.0000 2810.6799   17.3476
   -7.5000    0.0000   30.0000 2778.0127   17.7971
    0.0000    0.0000   30.0000 2804.9946   17.6331
    7.5000    0.0000   30.0000 2780.9695   17.7361
   -7.5000    7.5000   30.0000 2731.3389   18.5922
    0.0000    7.5000   30.0000 2757.0696   18.4769
    7.5000    7.5000   30.0000 2734.0349   18.5200
   -7.5000   15.0000   30.0000 2660.6533   19.6795
    0.0000   15.0000   30.0000 2691.0579   19.6267
    7.5000   15.0000   30.0000 2664.1270   19.6513
   -7.5000   22.5000   30.0000 2570.7095   21.0001
    0.0000   22.5000   30.0000 2604.5437   20.9962
    7.5000   22.5000   30.0000 2579.4854   21.0130
   -7.5000   30.0000   30.0000 2462.0635   22.7256
    0.0000   30.0000   30.0000 2482.2195   22.6580
    7.5000   30.0000   30.0000 2461.2747   22.6982
   -7.5000   37.5000   30.0000 2323.2471   24.8183
    0.0000   37.5000   30.0000 2338.8313   24.6699
    7.5000   37.5000   30.0000 2325.6621   24.7770
   -7.5000   45.0000   30.0000 2187.4724   27.5616
    0.0000   45.0000   30.0000 2199.6230   27.2789
    7.5000   45.0000   30.0000 2185.7378   27.5180
   -7.5000  -45.0000   37.5000 2504.0967   22.2718
    0.0000  -45.0000   37.5000 2527.3210   21.8673
    7.5000  -45.0000   37.5000 2506.3652   21.9356
   -7.5000  -37.5000   37.5000 2602.3057   20.7890
    0.0000  -37.5000   37.5000 2625.6055   20.4328
    7.5000  -37.5000   37.5000 2603.4238   20.5144
   -7.5000  -30.0000   37.5000 2671.7773   19.6210
    0.0000  -30.0000   37.5000 2700.1609   19.2474
    7.5000  -30.0000   37.5000 2679.6277   19.3941
   -7.5000  -22.5000   37.5000 2721.2705   18.7325
    0.0000  -22.5000   37.5000 2747.2795   18.4562
    7.5000  -22.5000   37.5000 2726.8267   18.6027
   -7.5000  -15.0000   37.5000 2750.9700   18.2616
    0.0000  -15.0000   37.5000 2768.2234   18.0874
    7.5000  -15.0000   37.5000 2748.6582   18.2002
   -7.5000   -7.5000   37.5000 2750.5220   18.2970
    0.0000   -7.5000   37.5000 2774.8562   18.1336
    7.5000   -7.5000   37.5000 2753.9309   18.2364
   -7.5000    0.0000   37.5000 2718.9272   18.7207
    0.0000    0.0000   37.5000 2745.5569   18.5577
    7.5000    0.0000   37.5000 2728.0896   18.6329
   -7.5000    7.5000   37.5000 2674.9946   19.5075
    0.0000    7.5000   37.5000 2701.0259   19.3722
    7.5000    7.5000   37.5000 2681.3616   19.4234
   -7.5000   15.0000   37.5000 2612.1821   20.6193
    0.0000   15.0000   37.5000 2640.9397   20.5004
    7.5000   15.0000   37.5000 2616.1682   20.5488
   -7.5000   22.5000   37.5000 2526.0574   21.9883
    0.0000   22.5000   37.5000 2548.8477   21.8962
    7.5000   22.5000   37.5000 2528.3391   21.9012
   -7.5000   30.0000   37.5000 2410.5073   23.7498
    0.0000   30.0000   37.5000 2430.6792   23.6738
    7.5000   30.0000   37.5000 2410.1633   23.6802
   -7.5000   37.5000   37.5000 2274.7275   25.9264
    0.0000   37.5000   37.5000 2288.6985   25.7512
    7.5000   37.5000   37.5000 2271.3093   25.8525
   -7.5000   45.0000   37.5000 2153.0044   28.8266
    0.0000   45.0000   37.5000 2155.3123   28.5001
    7.5000   45.0000   37.5000 2145.2971   28.7694
   -7.5000  -45.0000   45.0000 2450.3848   23.4619
    0.0000  -45.0000   45.0000 2476.6877   23.0726
    7.5000  -45.0000   45.0000 2456.9587   23.0703
   -7.5000  -37.5000   45.0000 2539.9387   21.9472
    0.0000  -37.5000   45.0000 2565.2446   21.5233
    7.5000  -37.5000   45.0000 2545.1348   21.5898
   -7.5000  -30.0000   45.0000 2601.6821   20.7627
    0.0000  -30.0000   45.0000 2630.0471   20.3899
    7.5000  -30.0000   45.0000 2609.7195   20.4922
   -7.5000  -22.5000   45.0000 2653.5103   19.8958
    0.0000  -22.5000   45.0000 2675.4980   19.6818
    7.5000  -22.5000   45.0000 2657.0818   19.7450
   -7.5000  -15.0000   45.0000 2674.4116   19.4494
    0.0000  -15.0000   45.0000 2693.5632   19.2650
    7.5000  -15.0000   45.0000 2674.2473   19.3571
   -7.5000   -7.5000   45.0000 2675.1516   19.4898
    0.0000   -7.5000   45.0000 2701.2158   19.3427
    7.5000   -7.5000   45.0000 2684.4722   19.3925
   -7.5000    0.0000   45.0000 2651.7900   19.8783
    0.0000    0.0000   45.0000 2678.2422   19.7265
    7.5000    0.0000   45.0000 2662.1987   19.7964
   -7.5000    7.5000   45.0000 2615.3650   20.6603
    0.0000    7.5000   45.0000 2642.3423   20.5260
    7.5000    7.5000   45.0000 2623.0989   20.5600
   -7.5000   15.0000   45.0000 2550.2041   21.7754
    0.0000   15.0000   45.0000 2579.9609   21.6527
    7.5000   15.0000   45.0000 2556.5291   21.6963
   -7.5000   22.5000   45.0000 2461.3892   23.1851
    0.0000   22.5000   45.0000 2484.9646   23.0264
    7.5000   22.5000   45.0000 2466.7935   23.0916
   -7.5000   30.0000   45.0000 2341.6660   25.0259
    0.0000   30.0000   45.0000 2361.9575   24.9249
    7.5000   30.0000   45.0000 2344.9851   24.9736
   -7.5000   37.5000   45.0000 2225.9768   27.4362
    0.0000   37.5000   45.0000 2232.0054   27.1770
    7.5000   37.5000   45.0000 2222.0413   27.3174
   -7.5000   45.0000   45.0000 2100.4197   30.4330
    0.0000   45.0000   45.0000 2101.3069   30.0762
    7.5000   45.0000   45.0000 2098.2437   30.3445

---------------------------------------------------------------------
imgreg_4dfp /usr/local/freesurfer/average/711-2C_as_mni_average_305 /usr/local/freesurfer/average/711-2B_as_mni_average_305_mask talsrcimg_g11 none talsrcimg_to_711-2C_as_mni_average_305_t4 1283
---------------------------------------------------------------------

freesurfer imgreg_4dfp.c
/usr/local/freesurfer/average/711-2C_as_mni_average_305.4dfp.img
       256       256       256         1
  1.000000  1.000000  1.000000
orientation T byte_order littleendian
Reading image: /usr/local/freesurfer/average/711-2C_as_mni_average_305.4dfp.img
dimensions:      256       256       256
mmppix:       1.0000   -1.0000   -1.0000
center:     128.0000 -129.0000 -129.0000
/usr/local/freesurfer/average/711-2B_as_mni_average_305_mask.4dfp.img
       256       256       256         1
  1.000000  1.000000  1.000000
orientation T byte_order littleendian
Reading mask: /usr/local/freesurfer/average/711-2B_as_mni_average_305_mask.4dfp.img (2306576 pixels)
talsrcimg_g11.4dfp.img
       256       256       256         1
  1.000000  1.000000  1.000000
orientation T byte_order littleendian
Reading image: talsrcimg_g11.4dfp.img
dimensions:      256       256       256
mmppix:       1.0000   -1.0000   -1.0000
center:     128.0000 -129.0000 -129.0000
rotation matrix determinant  1.000000
fimgreg.f
image alignment mode   1283 decimal      503 hex
parameters
    0.0000  -15.0000    7.5000    0.0000    0.0000    0.0000
eta,q 0.94015 16.09539
niter,ni,del,rscale     5    3   12.0000    1.2000
parameter  3  0.618534 ->  0.500000 qaram    1.1500
parameters
    0.1929  -13.4921    4.0500   -2.4060   -0.8505    1.6330
eta,q 0.94358 16.23262
  0.0700  0.0778  0.0595  0.0594  0.0617  0.0636
  0.0670  0.0705  0.0578  0.0569  0.0600  0.0607
  0.0653  0.0641  0.0584  0.0566  0.0576  0.0586
  0.0613  0.0606  0.0609  0.0580  0.0565  0.0568
  0.0608  0.0618  0.0638  0.0602  0.0582  0.0565
  0.0652  0.0639  0.0675  0.0627  0.0621  0.0574
  0.0710  0.0662  0.0735  0.0650  0.0667  0.0591
niter,ni,del,rscale     5    3   12.0000    1.2000
parameters
    0.5049  -13.0025    3.2361   -2.9069   -0.9009    2.0074
eta,q 0.94401 16.20771
  0.0688  0.0744  0.0638  0.0621  0.0629  0.0612
  0.0638  0.0654  0.0613  0.0596  0.0609  0.0589
  0.0592  0.0591  0.0575  0.0568  0.0586  0.0567
  0.0564  0.0561  0.0560  0.0560  0.0559  0.0559
  0.0560  0.0579  0.0587  0.0581  0.0562  0.0565
  0.0607  0.0635  0.0635  0.0612  0.0603  0.0578
  0.0680  0.0685  0.0693  0.0640  0.0645  0.0602
niter,ni,del,rscale     4    3   12.0000    1.2000
parameters
    0.5802  -12.9283    2.8932   -3.0434   -0.8706    2.0972
eta,q 0.94385 16.19969
  0.0680  0.0720  0.0642  0.0628  0.0632  0.0609
  0.0630  0.0644  0.0619  0.0604  0.0611  0.0586
  0.0584  0.0585  0.0588  0.0575  0.0588  0.0566
  0.0560  0.0559  0.0559  0.0562  0.0562  0.0561
  0.0563  0.0588  0.0574  0.0576  0.0564  0.0567
  0.0614  0.0652  0.0617  0.0607  0.0604  0.0581
  0.0688  0.0702  0.0677  0.0635  0.0643  0.0608
niter,ni,del,rscale     3    3   12.0000    1.2000
parameters
    0.5981  -12.9613    2.8049   -3.0243   -0.8499    2.1170
eta,q 0.94381 16.19875
  0.0679  0.0713  0.0646  0.0631  0.0632  0.0609
  0.0629  0.0643  0.0620  0.0606  0.0611  0.0586
  0.0584  0.0586  0.0593  0.0578  0.0588  0.0566
  0.0561  0.0561  0.0561  0.0562  0.0562  0.0562
  0.0567  0.0593  0.0569  0.0574  0.0565  0.0567
  0.0618  0.0658  0.0609  0.0604  0.0604  0.0582
  0.0690  0.0706  0.0668  0.0632  0.0642  0.0610
niter,ni,del,rscale     2    3   12.0000    1.2000
parameters
    0.6001  -12.9953    2.7977   -2.9868   -0.8395    2.1186
eta,q 0.94382 16.19927
  0.0679  0.0713  0.0647  0.0631  0.0632  0.0609
  0.0629  0.0643  0.0620  0.0606  0.0611  0.0585
  0.0585  0.0587  0.0594  0.0578  0.0588  0.0566
  0.0562  0.0562  0.0562  0.0562  0.0562  0.0562
  0.0568  0.0593  0.0567  0.0574  0.0566  0.0567
  0.0619  0.0658  0.0606  0.0604  0.0605  0.0582
  0.0691  0.0705  0.0666  0.0631  0.0642  0.0610
registration optimization eta report
parameter search radius
    6.0000    6.0000    6.9000    6.0000    6.0000    6.0000
100000*second partial in parameter space
       34.       39.       19.       18.       20.       13.
  0.0679  0.0713  0.0647  0.0631  0.0632  0.0609
  0.0629  0.0643  0.0620  0.0606  0.0611  0.0585
  0.0585  0.0587  0.0594  0.0578  0.0588  0.0566
  0.0562  0.0562  0.0562  0.0562  0.0562  0.0562
  0.0568  0.0593  0.0567  0.0574  0.0566  0.0567
  0.0619  0.0658  0.0606  0.0604  0.0605  0.0582
  0.0691  0.0705  0.0666  0.0631  0.0642  0.0610
    0.6001  -12.9953    2.7977   -2.9868   -0.8395    2.1186
eta,q 0.94382 16.19927

---------------------------------------------------------------------
imgreg_4dfp /usr/local/freesurfer/average/711-2C_as_mni_average_305 /usr/local/freesurfer/average/711-2B_as_mni_average_305_mask talsrcimg_g11 none talsrcimg_to_711-2C_as_mni_average_305_t4 3335
---------------------------------------------------------------------

freesurfer imgreg_4dfp.c
/usr/local/freesurfer/average/711-2C_as_mni_average_305.4dfp.img
       256       256       256         1
  1.000000  1.000000  1.000000
orientation T byte_order littleendian
Reading image: /usr/local/freesurfer/average/711-2C_as_mni_average_305.4dfp.img
dimensions:      256       256       256
mmppix:       1.0000   -1.0000   -1.0000
center:     128.0000 -129.0000 -129.0000
/usr/local/freesurfer/average/711-2B_as_mni_average_305_mask.4dfp.img
       256       256       256         1
  1.000000  1.000000  1.000000
orientation T byte_order littleendian
Reading mask: /usr/local/freesurfer/average/711-2B_as_mni_average_305_mask.4dfp.img (2306576 pixels)
talsrcimg_g11.4dfp.img
       256       256       256         1
  1.000000  1.000000  1.000000
orientation T byte_order littleendian
Reading image: talsrcimg_g11.4dfp.img
dimensions:      256       256       256
mmppix:       1.0000   -1.0000   -1.0000
center:     128.0000 -129.0000 -129.0000
fimgreg.f
image alignment mode   3335 decimal      D07 hex
parameters
    0.6001  -12.9953    2.7977   -0.0791   -0.2069   -0.1466
   -3.7681    1.2696    3.6964    5.2612   -1.4652   -5.2101
eta,q 0.94374 15.93569
niter,ni,del,rscale     5    3    5.0000    1.2000
parameter  3 -0.634874 -> -0.500000 qaram    1.1500
parameter  4 -9.779132 ->  0.500000 qaram    1.1500
parameter  5  1.689199 ->  0.500000 qaram    1.1500
parameter  6  1.836613 ->  0.500000 qaram    1.1500
parameter 10  0.755632 ->  0.500000 qaram    1.1500
parameter 12  0.803521 ->  0.500000 qaram    1.1500
parameters
    0.5810  -12.7458    4.1777   -4.2191   -4.3469   -4.2866
   -4.3192    1.6516    1.1888    1.1212   -0.2430   -9.3501
eta,q 0.96725 15.76302
  0.0581  0.0591  0.0583  0.0406  0.0376  0.0350  0.0391  0.0428  0.0365  0.0337  0.0358  0.0328
  0.0568  0.0577  0.0574  0.0453  0.0396  0.0356  0.0372  0.0396  0.0358  0.0336  0.0348  0.0327
  0.0562  0.0567  0.0567  0.0506  0.0425  0.0373  0.0361  0.0371  0.0356  0.0342  0.0341  0.0330
  0.0563  0.0563  0.0562  0.0559  0.0467  0.0403  0.0359  0.0359  0.0359  0.0356  0.0337  0.0336
  0.0566  0.0563  0.0560  0.0605  0.0522  0.0440  0.0366  0.0364  0.0366  0.0378  0.0336  0.0345
  0.0571  0.0570  0.0559  0.0650  0.0582  0.0473  0.0381  0.0386  0.0378  0.0410  0.0340  0.0357
  0.0579  0.0581  0.0560  0.0693  0.0640  0.0502  0.0401  0.0416  0.0394  0.0449  0.0348  0.0371
niter,ni,del,rscale     7    3    5.0000    1.2000
parameter  2 -0.599815 -> -0.500000 qaram    1.1500
parameter  4  1.091859 ->  0.500000 qaram    1.3225
parameter  5  0.681697 ->  0.500000 qaram    1.3225
parameters
    0.6917  -11.3658    3.4476   -8.9801   -9.1079   -4.4113
   -3.0752    2.5134    1.7694    1.7546   -1.3416  -11.0201
eta,q 0.97705 15.42876
  0.0376  0.0386  0.0328  0.0254  0.0230  0.0271  0.0279  0.0312  0.0257  0.0286  0.0240  0.0241
  0.0352  0.0362  0.0319  0.0254  0.0232  0.0253  0.0256  0.0274  0.0244  0.0259  0.0233  0.0233
  0.0335  0.0342  0.0315  0.0273  0.0240  0.0240  0.0241  0.0246  0.0235  0.0240  0.0230  0.0230
  0.0328  0.0327  0.0317  0.0315  0.0257  0.0233  0.0233  0.0232  0.0231  0.0231  0.0231  0.0230
  0.0331  0.0319  0.0324  0.0375  0.0290  0.0231  0.0233  0.0233  0.0232  0.0234  0.0234  0.0234
  0.0345  0.0317  0.0336  0.0438  0.0345  0.0239  0.0241  0.0250  0.0239  0.0248  0.0239  0.0243
  0.0370  0.0323  0.0352  0.0496  0.0415  0.0287  0.0255  0.0284  0.0250  0.0272  0.0248  0.0255
niter,ni,del,rscale     7    3    5.0000    1.2000
parameters
    0.5516  -10.6611    2.6645  -12.9830  -11.3188   -3.5654
   -2.8061    2.4701    2.3322    2.7603   -2.3791  -11.9589
eta,q 0.97783 15.10641
  0.0270  0.0285  0.0235  0.0234  0.0251  0.0260  0.0250  0.0268  0.0247  0.0279  0.0229  0.0235
  0.0246  0.0259  0.0228  0.0228  0.0234  0.0243  0.0236  0.0241  0.0235  0.0253  0.0224  0.0227
  0.0233  0.0240  0.0225  0.0225  0.0225  0.0231  0.0227  0.0227  0.0227  0.0233  0.0222  0.0223
  0.0229  0.0229  0.0226  0.0225  0.0226  0.0224  0.0223  0.0223  0.0223  0.0223  0.0222  0.0222
  0.0237  0.0227  0.0233  0.0251  0.0237  0.0220  0.0225  0.0227  0.0224  0.0224  0.0224  0.0225
  0.0255  0.0233  0.0243  0.0304  0.0259  0.0223  0.0233  0.0241  0.0230  0.0236  0.0228  0.0232
  0.0280  0.0248  0.0259  0.0370  0.0310  0.0255  0.0246  0.0270  0.0241  0.0258  0.0234  0.0243
niter,ni,del,rscale     6    3    5.0000    1.2000
parameters
    0.5749  -10.5332    2.6827  -14.1447  -11.6258   -3.8772
   -2.8675    2.4616    2.4268    3.0557   -2.8722  -11.8412
eta,q 0.97767 14.97136
  0.0255  0.0263  0.0240  0.0248  0.0262  0.0253  0.0247  0.0265  0.0245  0.0270  0.0231  0.0240
  0.0237  0.0241  0.0230  0.0233  0.0243  0.0238  0.0234  0.0240  0.0233  0.0247  0.0226  0.0231
  0.0226  0.0227  0.0224  0.0225  0.0228  0.0227  0.0226  0.0227  0.0226  0.0230  0.0224  0.0225
  0.0222  0.0222  0.0222  0.0222  0.0223  0.0223  0.0223  0.0223  0.0223  0.0223  0.0223  0.0223
  0.0225  0.0225  0.0223  0.0219  0.0228  0.0219  0.0226  0.0228  0.0226  0.0227  0.0225  0.0225
  0.0235  0.0237  0.0229  0.0237  0.0242  0.0229  0.0235  0.0241  0.0233  0.0242  0.0228  0.0230
  0.0254  0.0256  0.0240  0.0284  0.0271  0.0272  0.0248  0.0264  0.0244  0.0265  0.0233  0.0240
niter,ni,del,rscale     5    3    5.0000    1.2000
parameters
    0.5543  -10.5036    2.7326  -14.1466  -11.6513   -3.8687
   -2.8139    2.4672    2.5672    3.0561   -3.0026  -11.8187
eta,q 0.97768 14.97097
  0.0255  0.0261  0.0242  0.0256  0.0263  0.0255  0.0248  0.0266  0.0245  0.0267  0.0232  0.0240
  0.0237  0.0241  0.0232  0.0237  0.0244  0.0239  0.0235  0.0240  0.0234  0.0245  0.0227  0.0231
  0.0227  0.0228  0.0226  0.0227  0.0229  0.0228  0.0226  0.0227  0.0226  0.0229  0.0224  0.0225
  0.0223  0.0223  0.0223  0.0223  0.0223  0.0223  0.0223  0.0223  0.0223  0.0223  0.0223  0.0223
  0.0227  0.0228  0.0225  0.0220  0.0228  0.0220  0.0226  0.0228  0.0225  0.0229  0.0224  0.0225
  0.0238  0.0240  0.0231  0.0227  0.0240  0.0227  0.0235  0.0242  0.0232  0.0244  0.0227  0.0230
  0.0256  0.0259  0.0241  0.0264  0.0267  0.0266  0.0247  0.0264  0.0243  0.0268  0.0233  0.0240
niter,ni,del,rscale     4    3    5.0000    1.2000
parameters
    0.5534  -10.5050    2.7352  -14.1634  -11.6562   -3.8761
   -2.8089    2.4608    2.6085    3.0458   -3.0293  -11.8023
eta,q 0.97767 14.96851
  0.0255  0.0260  0.0241  0.0256  0.0263  0.0255  0.0248  0.0266  0.0244  0.0267  0.0232  0.0240
  0.0238  0.0240  0.0232  0.0237  0.0244  0.0239  0.0235  0.0240  0.0233  0.0245  0.0227  0.0231
  0.0227  0.0227  0.0225  0.0227  0.0229  0.0228  0.0226  0.0227  0.0226  0.0229  0.0224  0.0225
  0.0223  0.0223  0.0223  0.0223  0.0223  0.0223  0.0223  0.0223  0.0223  0.0223  0.0223  0.0223
  0.0227  0.0228  0.0225  0.0220  0.0228  0.0220  0.0226  0.0228  0.0226  0.0229  0.0224  0.0225
  0.0238  0.0241  0.0231  0.0228  0.0240  0.0227  0.0235  0.0242  0.0233  0.0244  0.0227  0.0230
  0.0255  0.0260  0.0242  0.0265  0.0266  0.0266  0.0248  0.0265  0.0244  0.0268  0.0232  0.0240
registration optimization eta report
parameter search radius
    2.4000    2.7600    2.7600    9.5220    9.5220    8.2800
    7.2000    7.2000    7.2000    8.2800    7.2000    8.2800
100000*second partial in parameter space
       56.       48.       24.        4.        5.        6.
        5.        8.        4.        6.        2.        2.
  0.0255  0.0260  0.0241  0.0256  0.0263  0.0255  0.0248  0.0266  0.0244  0.0267  0.0232  0.0240
  0.0238  0.0240  0.0232  0.0237  0.0244  0.0239  0.0235  0.0240  0.0233  0.0245  0.0227  0.0231
  0.0227  0.0227  0.0225  0.0227  0.0229  0.0228  0.0226  0.0227  0.0226  0.0229  0.0224  0.0225
  0.0223  0.0223  0.0223  0.0223  0.0223  0.0223  0.0223  0.0223  0.0223  0.0223  0.0223  0.0223
  0.0227  0.0228  0.0225  0.0220  0.0228  0.0220  0.0226  0.0228  0.0226  0.0229  0.0224  0.0225
  0.0238  0.0241  0.0231  0.0228  0.0240  0.0227  0.0235  0.0242  0.0233  0.0244  0.0227  0.0230
  0.0255  0.0260  0.0242  0.0265  0.0266  0.0266  0.0248  0.0265  0.0244  0.0268  0.0232  0.0240
    0.5534  -10.5050    2.7352  -14.1634  -11.6562   -3.8761
   -2.8089    2.4608    2.6085    3.0458   -3.0293  -11.8023
eta,q 0.97767 14.96851

---------------------------------------------------------------------
imgreg_4dfp /usr/local/freesurfer/average/711-2C_as_mni_average_305 /usr/local/freesurfer/average/711-2B_as_mni_average_305_mask talsrcimg_g11 none talsrcimg_to_711-2C_as_mni_average_305_t4 2311
---------------------------------------------------------------------

freesurfer imgreg_4dfp.c
/usr/local/freesurfer/average/711-2C_as_mni_average_305.4dfp.img
       256       256       256         1
  1.000000  1.000000  1.000000
orientation T byte_order littleendian
Reading image: /usr/local/freesurfer/average/711-2C_as_mni_average_305.4dfp.img
dimensions:      256       256       256
mmppix:       1.0000   -1.0000   -1.0000
center:     128.0000 -129.0000 -129.0000
/usr/local/freesurfer/average/711-2B_as_mni_average_305_mask.4dfp.img
       256       256       256         1
  1.000000  1.000000  1.000000
orientation T byte_order littleendian
Reading mask: /usr/local/freesurfer/average/711-2B_as_mni_average_305_mask.4dfp.img (2306576 pixels)
talsrcimg_g11.4dfp.img
       256       256       256         1
  1.000000  1.000000  1.000000
orientation T byte_order littleendian
Reading image: talsrcimg_g11.4dfp.img
dimensions:      256       256       256
mmppix:       1.0000   -1.0000   -1.0000
center:     128.0000 -129.0000 -129.0000
fimgreg.f
image alignment mode   2311 decimal      907 hex
parameters
    0.5534  -10.5050    2.7352  -14.1634  -11.6562   -3.8761
   -2.8089    2.4608    2.6085    3.0458   -3.0293  -11.8023
eta,q 0.97767 14.96852
niter,ni,del,rscale     5    3    5.0000    0.8000
parameter  4 -0.937348 -> -0.500000 qaram    1.1500
parameter  6 -0.605059 -> -0.500000 qaram    1.1500
parameters
    0.5493  -10.5370    2.7893  -11.4034  -11.1108   -1.1161
   -2.6629    2.8173    2.8929    2.6439   -2.0807  -12.6205
eta,q 0.97855 15.39597
  0.0238  0.0236  0.0230  0.0231  0.0235  0.0235  0.0230  0.0251  0.0228  0.0232  0.0225  0.0219
  0.0230  0.0229  0.0226  0.0227  0.0228  0.0228  0.0222  0.0230  0.0221  0.0222  0.0220  0.0216
  0.0225  0.0224  0.0224  0.0225  0.0223  0.0223  0.0217  0.0219  0.0217  0.0216  0.0217  0.0215
  0.0223  0.0223  0.0223  0.0223  0.0220  0.0220  0.0215  0.0215  0.0215  0.0215  0.0215  0.0215
  0.0225  0.0225  0.0224  0.0222  0.0221  0.0217  0.0216  0.0217  0.0216  0.0218  0.0215  0.0216
  0.0230  0.0230  0.0226  0.0220  0.0224  0.0214  0.0221  0.0225  0.0219  0.0226  0.0216  0.0219
  0.0238  0.0237  0.0229  0.0221  0.0230  0.0219  0.0228  0.0241  0.0225  0.0239  0.0219  0.0225
niter,ni,del,rscale     6    3    5.0000    0.9000
parameters
    0.5978  -10.5077    2.7485  -12.5943  -11.2593   -2.5744
   -2.7953    2.4576    2.6511    3.1269   -2.3088  -12.3324
eta,q 0.97806 15.22149
  0.0238  0.0233  0.0225  0.0227  0.0232  0.0231  0.0234  0.0242  0.0232  0.0244  0.0225  0.0228
  0.0225  0.0223  0.0218  0.0223  0.0224  0.0225  0.0226  0.0228  0.0225  0.0232  0.0222  0.0223
  0.0217  0.0217  0.0215  0.0219  0.0218  0.0221  0.0222  0.0221  0.0221  0.0223  0.0220  0.0221
  0.0215  0.0214  0.0214  0.0214  0.0217  0.0217  0.0220  0.0220  0.0220  0.0220  0.0219  0.0219
  0.0216  0.0216  0.0216  0.0215  0.0219  0.0218  0.0221  0.0223  0.0222  0.0221  0.0220  0.0220
  0.0223  0.0222  0.0220  0.0229  0.0225  0.0238  0.0227  0.0232  0.0226  0.0227  0.0222  0.0222
  0.0236  0.0231  0.0225  0.0260  0.0234  0.0281  0.0236  0.0249  0.0234  0.0237  0.0225  0.0226
niter,ni,del,rscale     5    3    5.0000    0.8000
parameters
    0.5807  -10.5067    2.6276  -12.4255  -11.1685   -2.7465
   -2.7394    2.5261    2.7444    3.0711   -2.3464  -12.4138
eta,q 0.97806 15.22758
  0.0234  0.0233  0.0225  0.0229  0.0232  0.0233  0.0232  0.0240  0.0230  0.0236  0.0224  0.0225
  0.0226  0.0225  0.0222  0.0225  0.0225  0.0226  0.0225  0.0228  0.0224  0.0227  0.0221  0.0222
  0.0221  0.0221  0.0220  0.0222  0.0221  0.0222  0.0221  0.0221  0.0221  0.0221  0.0220  0.0220
  0.0219  0.0219  0.0219  0.0219  0.0219  0.0219  0.0219  0.0219  0.0219  0.0219  0.0219  0.0219
  0.0221  0.0221  0.0220  0.0217  0.0221  0.0216  0.0220  0.0221  0.0220  0.0221  0.0220  0.0220
  0.0226  0.0226  0.0223  0.0219  0.0225  0.0221  0.0225  0.0227  0.0224  0.0227  0.0222  0.0222
  0.0235  0.0233  0.0227  0.0232  0.0231  0.0242  0.0231  0.0239  0.0229  0.0237  0.0224  0.0226
niter,ni,del,rscale     4    3    5.0000    0.7000
parameters
    0.5858  -10.4999    2.6114  -11.9478  -11.1286   -2.2577
   -2.7387    2.5897    2.7639    3.0300   -2.1773  -12.5718
eta,q 0.97824 15.29718
  0.0231  0.0230  0.0224  0.0227  0.0229  0.0230  0.0227  0.0235  0.0226  0.0231  0.0222  0.0222
  0.0224  0.0224  0.0221  0.0224  0.0223  0.0225  0.0222  0.0224  0.0221  0.0223  0.0220  0.0220
  0.0221  0.0221  0.0220  0.0222  0.0220  0.0222  0.0219  0.0219  0.0219  0.0219  0.0218  0.0218
  0.0219  0.0219  0.0219  0.0219  0.0219  0.0219  0.0218  0.0218  0.0218  0.0218  0.0218  0.0218
  0.0220  0.0221  0.0220  0.0217  0.0220  0.0215  0.0218  0.0219  0.0219  0.0219  0.0218  0.0218
  0.0224  0.0224  0.0222  0.0218  0.0223  0.0217  0.0222  0.0224  0.0221  0.0224  0.0219  0.0220
  0.0231  0.0230  0.0224  0.0227  0.0228  0.0230  0.0228  0.0234  0.0226  0.0231  0.0221  0.0223
niter,ni,del,rscale     3    3    5.0000    0.6000
parameters
    0.5924  -10.4951    2.5811  -11.5554  -11.1543   -1.9730
   -2.7677    2.6185    2.6848    3.0018   -2.0504  -12.6971
eta,q 0.97837 15.33938
  0.0227  0.0226  0.0221  0.0225  0.0224  0.0226  0.0223  0.0230  0.0222  0.0226  0.0220  0.0220
  0.0221  0.0221  0.0219  0.0222  0.0220  0.0222  0.0220  0.0222  0.0219  0.0221  0.0218  0.0218
  0.0219  0.0218  0.0218  0.0220  0.0218  0.0220  0.0217  0.0217  0.0217  0.0217  0.0217  0.0217
  0.0218  0.0218  0.0218  0.0218  0.0217  0.0217  0.0216  0.0216  0.0216  0.0216  0.0216  0.0216
  0.0218  0.0219  0.0218  0.0216  0.0218  0.0214  0.0217  0.0218  0.0217  0.0217  0.0217  0.0217
  0.0221  0.0221  0.0219  0.0217  0.0221  0.0216  0.0220  0.0222  0.0219  0.0221  0.0218  0.0218
  0.0226  0.0225  0.0221  0.0225  0.0224  0.0228  0.0224  0.0229  0.0223  0.0227  0.0219  0.0220
niter,ni,del,rscale     2    3    5.0000    0.5000
parameters
    0.5944  -10.4906    2.5695  -11.1642  -11.1950   -1.5901
   -2.8221    2.6651    2.6038    2.9387   -1.9213  -12.8289
eta,q 0.97852 15.38216
  0.0223  0.0222  0.0219  0.0223  0.0221  0.0223  0.0220  0.0226  0.0219  0.0222  0.0218  0.0217
  0.0219  0.0219  0.0217  0.0221  0.0218  0.0221  0.0217  0.0219  0.0217  0.0218  0.0216  0.0216
  0.0217  0.0217  0.0217  0.0218  0.0216  0.0218  0.0215  0.0216  0.0215  0.0215  0.0215  0.0215
  0.0216  0.0216  0.0216  0.0216  0.0216  0.0216  0.0215  0.0215  0.0215  0.0215  0.0215  0.0215
  0.0217  0.0217  0.0217  0.0215  0.0216  0.0213  0.0215  0.0216  0.0215  0.0216  0.0215  0.0215
  0.0219  0.0219  0.0218  0.0216  0.0218  0.0215  0.0217  0.0219  0.0217  0.0218  0.0216  0.0216
  0.0223  0.0222  0.0219  0.0222  0.0221  0.0223  0.0221  0.0225  0.0220  0.0223  0.0217  0.0218
niter,ni,del,rscale     1    3    5.0000    0.4000
parameters
    0.5963  -10.4797    2.5905  -10.8353  -11.2595   -1.2172
   -2.8804    2.7038    2.5059    2.8818   -1.8302  -12.9502
eta,q 0.97864 15.41593
  0.0219  0.0218  0.0217  0.0220  0.0218  0.0220  0.0217  0.0221  0.0216  0.0218  0.0216  0.0215
  0.0217  0.0216  0.0216  0.0218  0.0216  0.0219  0.0215  0.0217  0.0215  0.0216  0.0214  0.0214
  0.0215  0.0215  0.0215  0.0216  0.0215  0.0216  0.0214  0.0214  0.0214  0.0214  0.0214  0.0214
  0.0215  0.0215  0.0215  0.0215  0.0214  0.0214  0.0214  0.0214  0.0214  0.0214  0.0214  0.0214
  0.0215  0.0215  0.0215  0.0214  0.0215  0.0213  0.0214  0.0214  0.0214  0.0214  0.0214  0.0214
  0.0217  0.0216  0.0216  0.0215  0.0216  0.0214  0.0215  0.0217  0.0215  0.0216  0.0214  0.0214
  0.0219  0.0218  0.0217  0.0219  0.0218  0.0220  0.0218  0.0221  0.0217  0.0219  0.0215  0.0216
registration optimization eta report
parameter search radius
    0.8000    0.8000    0.8000    2.7600    2.4000    2.7600
    2.4000    2.4000    2.4000    2.4000    2.4000    2.4000
100000*second partial in parameter space
       70.       56.       30.        7.        6.        8.
        7.       13.        5.        9.        3.        3.
  0.0219  0.0218  0.0217  0.0220  0.0218  0.0220  0.0217  0.0221  0.0216  0.0218  0.0216  0.0215
  0.0217  0.0216  0.0216  0.0218  0.0216  0.0219  0.0215  0.0217  0.0215  0.0216  0.0214  0.0214
  0.0215  0.0215  0.0215  0.0216  0.0215  0.0216  0.0214  0.0214  0.0214  0.0214  0.0214  0.0214
  0.0215  0.0215  0.0215  0.0215  0.0214  0.0214  0.0214  0.0214  0.0214  0.0214  0.0214  0.0214
  0.0215  0.0215  0.0215  0.0214  0.0215  0.0213  0.0214  0.0214  0.0214  0.0214  0.0214  0.0214
  0.0217  0.0216  0.0216  0.0215  0.0216  0.0214  0.0215  0.0217  0.0215  0.0216  0.0214  0.0214
  0.0219  0.0218  0.0217  0.0219  0.0218  0.0220  0.0218  0.0221  0.0217  0.0219  0.0215  0.0216
    0.5963  -10.4797    2.5905  -10.8353  -11.2595   -1.2172
   -2.8804    2.7038    2.5059    2.8818   -1.8302  -12.9502
eta,q 0.97864 15.41593

---------------------------------------------------------------------
imgreg_4dfp /usr/local/freesurfer/average/711-2C_as_mni_average_305 /usr/local/freesurfer/average/711-2B_as_mni_average_305_mask talsrcimg_g11 none talsrcimg_to_711-2C_as_mni_average_305_t4 2311
---------------------------------------------------------------------

freesurfer imgreg_4dfp.c
/usr/local/freesurfer/average/711-2C_as_mni_average_305.4dfp.img
       256       256       256         1
  1.000000  1.000000  1.000000
orientation T byte_order littleendian
Reading image: /usr/local/freesurfer/average/711-2C_as_mni_average_305.4dfp.img
dimensions:      256       256       256
mmppix:       1.0000   -1.0000   -1.0000
center:     128.0000 -129.0000 -129.0000
/usr/local/freesurfer/average/711-2B_as_mni_average_305_mask.4dfp.img
       256       256       256         1
  1.000000  1.000000  1.000000
orientation T byte_order littleendian
Reading mask: /usr/local/freesurfer/average/711-2B_as_mni_average_305_mask.4dfp.img (2306576 pixels)
talsrcimg_g11.4dfp.img
       256       256       256         1
  1.000000  1.000000  1.000000
orientation T byte_order littleendian
Reading image: talsrcimg_g11.4dfp.img
dimensions:      256       256       256
mmppix:       1.0000   -1.0000   -1.0000
center:     128.0000 -129.0000 -129.0000
fimgreg.f
image alignment mode   2311 decimal      907 hex
parameters
    0.5963  -10.4797    2.5905  -10.8353  -11.2595   -1.2172
   -2.8804    2.7038    2.5059    2.8818   -1.8302  -12.9502
eta,q 0.97864 15.41594
niter,ni,del,rscale     5    3    5.0000    0.8000
parameters
    0.5768  -10.4590    2.7123  -11.7566  -11.2102   -2.0533
   -2.8148    2.5461    2.5941    3.1326   -1.9705  -12.6355
eta,q 0.97831 15.32237
  0.0232  0.0228  0.0224  0.0223  0.0229  0.0225  0.0230  0.0239  0.0228  0.0237  0.0222  0.0224
  0.0222  0.0220  0.0218  0.0220  0.0221  0.0222  0.0223  0.0225  0.0222  0.0226  0.0219  0.0220
  0.0216  0.0215  0.0215  0.0217  0.0217  0.0219  0.0219  0.0219  0.0218  0.0220  0.0217  0.0218
  0.0214  0.0214  0.0214  0.0214  0.0215  0.0215  0.0217  0.0217  0.0217  0.0217  0.0217  0.0217
  0.0216  0.0215  0.0214  0.0215  0.0217  0.0215  0.0218  0.0219  0.0218  0.0218  0.0218  0.0217
  0.0222  0.0220  0.0217  0.0225  0.0221  0.0225  0.0222  0.0227  0.0222  0.0224  0.0220  0.0219
  0.0234  0.0227  0.0221  0.0245  0.0228  0.0249  0.0230  0.0242  0.0228  0.0233  0.0222  0.0223
niter,ni,del,rscale     4    3    5.0000    0.7000
parameters
    0.5884  -10.4931    2.5918  -11.6187  -11.1711   -2.0531
   -2.7845    2.5968    2.6437    3.0223   -2.0003  -12.6869
eta,q 0.97834 15.32989
  0.0229  0.0227  0.0221  0.0224  0.0227  0.0226  0.0227  0.0236  0.0225  0.0230  0.0221  0.0221
  0.0223  0.0221  0.0219  0.0222  0.0221  0.0222  0.0221  0.0224  0.0221  0.0222  0.0218  0.0219
  0.0218  0.0218  0.0217  0.0219  0.0218  0.0220  0.0218  0.0218  0.0218  0.0218  0.0217  0.0217
  0.0217  0.0217  0.0217  0.0217  0.0217  0.0217  0.0217  0.0217  0.0217  0.0217  0.0217  0.0217
  0.0218  0.0218  0.0218  0.0215  0.0218  0.0214  0.0217  0.0218  0.0217  0.0218  0.0217  0.0217
  0.0222  0.0222  0.0220  0.0217  0.0221  0.0217  0.0221  0.0224  0.0220  0.0223  0.0219  0.0219
  0.0229  0.0228  0.0223  0.0227  0.0226  0.0231  0.0227  0.0235  0.0225  0.0231  0.0221  0.0222
niter,ni,del,rscale     3    3    5.0000    0.6000
parameters
    0.5909  -10.4908    2.5775  -11.2298  -11.1639   -1.6503
   -2.8263    2.6480    2.6078    2.9406   -1.8993  -12.8399
eta,q 0.97850 15.37709
  0.0226  0.0225  0.0220  0.0223  0.0224  0.0224  0.0222  0.0231  0.0221  0.0225  0.0219  0.0219
  0.0221  0.0220  0.0218  0.0221  0.0219  0.0221  0.0218  0.0222  0.0218  0.0219  0.0217  0.0217
  0.0218  0.0217  0.0217  0.0219  0.0217  0.0219  0.0216  0.0217  0.0216  0.0216  0.0215  0.0215
  0.0217  0.0217  0.0217  0.0217  0.0216  0.0216  0.0215  0.0215  0.0215  0.0215  0.0215  0.0215
  0.0217  0.0217  0.0217  0.0215  0.0217  0.0214  0.0216  0.0216  0.0216  0.0216  0.0215  0.0216
  0.0221  0.0220  0.0218  0.0217  0.0219  0.0215  0.0218  0.0221  0.0218  0.0220  0.0217  0.0217
  0.0226  0.0224  0.0220  0.0223  0.0223  0.0224  0.0223  0.0230  0.0222  0.0226  0.0218  0.0219
niter,ni,del,rscale     2    3    5.0000    0.5000
parameters
    0.5924  -10.4833    2.5889  -10.9462  -11.2224   -1.3340
   -2.8858    2.6795    2.5286    2.9091   -1.8249  -12.9434
eta,q 0.97861 15.40682
  0.0222  0.0221  0.0218  0.0221  0.0220  0.0221  0.0219  0.0226  0.0218  0.0221  0.0217  0.0216
  0.0218  0.0218  0.0216  0.0219  0.0217  0.0219  0.0216  0.0219  0.0216  0.0217  0.0215  0.0215
  0.0216  0.0216  0.0215  0.0217  0.0215  0.0217  0.0215  0.0215  0.0214  0.0215  0.0214  0.0214
  0.0215  0.0215  0.0215  0.0215  0.0215  0.0215  0.0214  0.0214  0.0214  0.0214  0.0214  0.0214
  0.0216  0.0216  0.0215  0.0214  0.0215  0.0213  0.0215  0.0215  0.0215  0.0215  0.0214  0.0214
  0.0218  0.0217  0.0216  0.0216  0.0217  0.0214  0.0217  0.0219  0.0216  0.0217  0.0215  0.0215
  0.0222  0.0220  0.0218  0.0221  0.0220  0.0221  0.0220  0.0225  0.0219  0.0222  0.0217  0.0217
niter,ni,del,rscale     1    3    5.0000    0.4000
parameters
    0.5895  -10.4726    2.6279  -10.7044  -11.2955   -1.0046
   -2.9247    2.7035    2.4613    2.8656   -1.7573  -13.0041
eta,q 0.97869 15.43187
  0.0219  0.0218  0.0216  0.0219  0.0217  0.0219  0.0217  0.0221  0.0216  0.0218  0.0215  0.0215
  0.0216  0.0216  0.0215  0.0217  0.0215  0.0217  0.0215  0.0217  0.0214  0.0215  0.0214  0.0214
  0.0215  0.0214  0.0214  0.0215  0.0214  0.0216  0.0213  0.0214  0.0213  0.0214  0.0213  0.0213
  0.0214  0.0214  0.0214  0.0214  0.0214  0.0214  0.0213  0.0213  0.0213  0.0213  0.0213  0.0213
  0.0214  0.0214  0.0214  0.0214  0.0214  0.0213  0.0213  0.0214  0.0213  0.0214  0.0213  0.0213
  0.0216  0.0215  0.0215  0.0215  0.0215  0.0214  0.0215  0.0216  0.0215  0.0215  0.0214  0.0214
  0.0219  0.0217  0.0216  0.0218  0.0217  0.0218  0.0217  0.0221  0.0216  0.0218  0.0215  0.0215
registration optimization eta report
parameter search radius
    0.8000    0.8000    0.8000    2.4000    2.4000    2.4000
    2.4000    2.4000    2.4000    2.4000    2.4000    2.4000
100000*second partial in parameter space
       73.       57.       32.        8.        6.        9.
        7.       14.        5.        9.        4.        3.
  0.0219  0.0218  0.0216  0.0219  0.0217  0.0219  0.0217  0.0221  0.0216  0.0218  0.0215  0.0215
  0.0216  0.0216  0.0215  0.0217  0.0215  0.0217  0.0215  0.0217  0.0214  0.0215  0.0214  0.0214
  0.0215  0.0214  0.0214  0.0215  0.0214  0.0216  0.0213  0.0214  0.0213  0.0214  0.0213  0.0213
  0.0214  0.0214  0.0214  0.0214  0.0214  0.0214  0.0213  0.0213  0.0213  0.0213  0.0213  0.0213
  0.0214  0.0214  0.0214  0.0214  0.0214  0.0213  0.0213  0.0214  0.0213  0.0214  0.0213  0.0213
  0.0216  0.0215  0.0215  0.0215  0.0215  0.0214  0.0215  0.0216  0.0215  0.0215  0.0214  0.0214
  0.0219  0.0217  0.0216  0.0218  0.0217  0.0218  0.0217  0.0221  0.0216  0.0218  0.0215  0.0215
    0.5895  -10.4726    2.6279  -10.7044  -11.2955   -1.0046
   -2.9247    2.7035    2.4613    2.8656   -1.7573  -13.0041
eta,q 0.97869 15.43187

---------------------------------------------------------------------
compute_vox2vox talsrcimg talsrcimg_to_711-2C_as_mni_average_305_t4 /usr/local/freesurfer/average/711-2C_as_mni_average_305
---------------------------------------------------------------------

freesurfer compute_vox2vox.c
Reading: talsrcimg.4dfp.ifh
Reading: talsrcimg_to_711-2C_as_mni_average_305_t4
Reading: /usr/local/freesurfer/average/711-2C_as_mni_average_305.4dfp.ifh
Writing: talsrcimg_to_711-2C_as_mni_average_305_t4_vox2vox.txt

start time Wed Jun 4 18:59:28 UTC 2025
end		time Wed Jun 4 18:59:47 UTC 2025

mpr2mni305 success

avi2talxfm orig_nu.mgz /usr/local/freesurfer/average/mni305.cor.mgz talsrcimg_to_711-2C_as_mni_average_305_t4_vox2vox.txt transforms/talairach.auto.xfm
avi2talxfm done
mv -f /home/freesurfer/subjects/sub-040/mri/talsrcimg_to_711-2C_as_mni_average_305_t4_vox2vox.txt /home/freesurfer/subjects/sub-040/mri/transforms/talsrcimg_to_711-2C_as_mni_average_305_t4_vox2vox.txt
lta_convert --src orig_nu.mgz --trg /usr/local/freesurfer/average/mni305.cor.mgz --inxfm transforms/talairach.auto.xfm --outlta transforms/talairach.auto.xfm.lta --subject fsaverage
7.4.1

--src: orig_nu.mgz src image (geometry).
--trg: /usr/local/freesurfer/average/mni305.cor.mgz trg image (geometry).
--inmni: transforms/talairach.auto.xfm input MNI/XFM transform.
--outlta: transforms/talairach.auto.xfm.lta output LTA.
--s: fsaverage subject name
 LTA read, type : 1
 1.11837  -0.03148   0.03226   0.23343;
 0.01571   1.00544   0.14792  -29.89381;
-0.03154  -0.03161   1.12167  -23.50407;
 0.00000   0.00000   0.00000   1.00000;
setting subject to fsaverage
Writing  LTA to file transforms/talairach.auto.xfm.lta...
lta_convert successful.
 
 
Started at Wed Jun 4 18:59:27 UTC 2025
Ended   at Wed Jun  4 18:59:47 UTC 2025
talairach_avi done
