status file for recon-all
Tue Jun  3 11:25:26 UTC 2025
#@# MotionCor Tue Jun  3 11:25:29 UTC 2025
#@# Talairach Tue Jun  3 11:25:37 UTC 2025
#@# Talairach Failure Detection Tue Jun  3 11:28:46 UTC 2025
#@# Nu Intensity Correction Tue Jun  3 11:28:46 UTC 2025
#@# Intensity Normalization Tue Jun  3 11:31:58 UTC 2025
#@# Skull Stripping Tue Jun  3 11:34:59 UTC 2025
#@# EM Registration Tue Jun  3 11:45:47 UTC 2025
#@# CA Normalize Tue Jun  3 11:55:20 UTC 2025
#@# CA Reg Tue Jun  3 11:56:41 UTC 2025
#@# SubCort Seg Tue Jun  3 14:03:33 UTC 2025
#@# CC Seg Tue Jun  3 14:51:19 UTC 2025
#@# Merge ASeg Tue Jun  3 14:52:16 UTC 2025
#@# Intensity Normalization2 Tue Jun  3 14:52:16 UTC 2025
#@# Mask BFS Tue Jun  3 14:56:28 UTC 2025
#@# WM Segmentation Tue Jun  3 14:56:30 UTC 2025
#@# Fill Tue Jun  3 15:01:24 UTC 2025
#@# Tessellate lh Tue Jun  3 15:03:05 UTC 2025
#@# Tessellate rh Tue Jun  3 15:03:09 UTC 2025
#@# Smooth1 lh Tue Jun  3 15:03:14 UTC 2025
#@# Smooth1 rh Tue Jun  3 15:03:16 UTC 2025
#@# Inflation1 lh Tue Jun  3 15:03:19 UTC 2025
#@# Inflation1 rh Tue Jun  3 15:03:32 UTC 2025
#@# QSphere lh Tue Jun  3 15:03:46 UTC 2025
#@# QSphere rh Tue Jun  3 15:05:32 UTC 2025
#@# Fix Topology lh Tue Jun  3 15:07:08 UTC 2025
#@# Fix Topology rh Tue Jun  3 15:08:11 UTC 2025
#@# Smooth2 lh Tue Jun  3 15:19:57 UTC 2025
#@# Smooth2 rh Tue Jun  3 15:20:00 UTC 2025
#@# Inflation2 lh Tue Jun  3 15:20:03 UTC 2025
#@# Inflation2 rh Tue Jun  3 15:20:19 UTC 2025
#@# Curv .H and .K lh Tue Jun  3 15:20:35 UTC 2025
#@# Curv .H and .K rh Tue Jun  3 15:21:14 UTC 2025
#@# Sphere lh Tue Jun  3 15:21:53 UTC 2025
#@# Sphere rh Tue Jun  3 15:27:30 UTC 2025
#@# Surf Reg lh Tue Jun  3 15:35:01 UTC 2025
#@# Surf Reg rh Tue Jun  3 15:40:48 UTC 2025
#@# Jacobian white lh Tue Jun  3 15:46:51 UTC 2025
#@# Jacobian white rh Tue Jun  3 15:46:52 UTC 2025
#@# AvgCurv lh Tue Jun  3 15:46:53 UTC 2025
#@# AvgCurv rh Tue Jun  3 15:46:54 UTC 2025
#@# Cortical Parc lh Tue Jun  3 15:46:54 UTC 2025
#@# Cortical Parc rh Tue Jun  3 15:47:06 UTC 2025
#@# white curv lh Tue Jun  3 16:01:36 UTC 2025
#@# white area lh Tue Jun  3 16:01:38 UTC 2025
#@# pial curv lh Tue Jun  3 16:01:39 UTC 2025
#@# pial area lh Tue Jun  3 16:01:40 UTC 2025
#@# thickness lh Tue Jun  3 16:01:41 UTC 2025
#@# area and vertex vol lh Tue Jun  3 16:02:05 UTC 2025
#@# white curv rh Tue Jun  3 16:02:06 UTC 2025
#@# white area rh Tue Jun  3 16:02:08 UTC 2025
#@# pial curv rh Tue Jun  3 16:02:09 UTC 2025
#@# pial area rh Tue Jun  3 16:02:10 UTC 2025
#@# thickness rh Tue Jun  3 16:02:11 UTC 2025
#@# area and vertex vol rh Tue Jun  3 16:02:35 UTC 2025
#@# Curvature Stats lh Tue Jun  3 16:02:37 UTC 2025
#@# Curvature Stats rh Tue Jun  3 16:02:39 UTC 2025
#@# Cortical ribbon mask Tue Jun  3 16:02:42 UTC 2025
#@# Cortical Parc 2 lh Tue Jun  3 16:08:17 UTC 2025
#@# Cortical Parc 2 rh Tue Jun  3 16:08:33 UTC 2025
#@# Cortical Parc 3 lh Tue Jun  3 16:08:50 UTC 2025
#@# Cortical Parc 3 rh Tue Jun  3 16:09:03 UTC 2025
#@# WM/GM Contrast lh Tue Jun  3 16:09:15 UTC 2025
#@# WM/GM Contrast rh Tue Jun  3 16:09:18 UTC 2025
#@# Relabel Hypointensities Tue Jun  3 16:09:22 UTC 2025
#@# APas-to-ASeg Tue Jun  3 16:09:47 UTC 2025
#@# AParc-to-ASeg aparc Tue Jun  3 16:10:00 UTC 2025
#@# AParc-to-ASeg aparc.a2009s Tue Jun  3 16:12:12 UTC 2025
#@# AParc-to-ASeg aparc.DKTatlas Tue Jun  3 16:14:25 UTC 2025
#@# WMParc Tue Jun  3 16:16:38 UTC 2025
#@# Parcellation Stats lh Tue Jun  3 16:23:35 UTC 2025
#@# Parcellation Stats rh Tue Jun  3 16:23:51 UTC 2025
#@# Parcellation Stats 2 lh Tue Jun  3 16:24:08 UTC 2025
#@# Parcellation Stats 2 rh Tue Jun  3 16:24:18 UTC 2025
#@# Parcellation Stats 3 lh Tue Jun  3 16:24:28 UTC 2025
#@# Parcellation Stats 3 rh Tue Jun  3 16:24:37 UTC 2025
#@# ASeg Stats Tue Jun  3 16:24:45 UTC 2025
#@# BA_exvivo Labels lh Tue Jun  3 16:27:52 UTC 2025
#@# BA_exvivo Labels rh Tue Jun  3 16:31:28 UTC 2025
recon-all -s sub-044 finished without error at Tue Jun  3 16:35:07 UTC 2025
