/home/freesurfer/subjects/sub-041/mri
/usr/local/freesurfer/bin/talairach_avi
--i orig_nu.mgz --xfm transforms/talairach.auto.xfm
talairach_avi 7.4.1
Linux f33eb0d45c3f 6.11.0-26-generic #26~24.04.1-Ubuntu SMP PREEMPT_DYNAMIC Thu Apr 17 19:20:47 UTC 2 x86_64 x86_64 x86_64 GNU/Linux
Mon Jun  2 19:10:57 UTC 2025
mri_convert orig_nu.mgz talsrcimg.img 
reading from orig_nu.mgz...
TR=8.39, TE=0.00, TI=0.00, flip angle=0.00
i_ras = (-1, -6.51926e-09, 0)
j_ras = (0, 0, -1)
k_ras = (9.31323e-10, 1, 1.49012e-08)
writing to talsrcimg.img...
Analyze Output Matrix
-1.00000   0.00000   0.00000   138.68585;
-0.00000   0.00000   1.00000  -111.13680;
 0.00000  -1.00000   0.00000   150.01898;
 0.00000   0.00000   0.00000   1.00000;
--------------------
INFO: set hdr.hist.orient to -1
mpr2mni305 talsrcimg
Mon Jun  2 19:10:58 UTC 2025
/usr/local/freesurfer/bin/mpr2mni305 talsrcimg
mpr2mni305 7.4.1
target=711-2C_as_mni_average_305

---------------------------------------------------------------------
analyzeto4dfp talsrcimg -O0 -y
---------------------------------------------------------------------

freesurfer ifh2hdr.c
Mon Jun  2 19:10:58 2025
Writing: talsrcimg.4dfp.hdr
freesurfer analyzeto4dfp.c
Reading: talsrcimg.hdr
header size 348 bytes
hdr.dime.datatype	offset=70	value=2
hdr.dime.bitpix		offset=72	value=8
hdr.hist.orient		offset=252	value=-1
dimensionality     4
dimensions       256       256       256         1
Reading: talsrcimg.img
Writing: talsrcimg.4dfp.img
Writing: talsrcimg.4dfp.ifh
ifh2hdr talsrcimg -r0to188
ori=2

---------------------------------------------------------------------
gauss_4dfp talsrcimg 1.1
---------------------------------------------------------------------

freesurfer gauss_4dfp.c
Reading: talsrcimg.4dfp.img
Writing: talsrcimg_g11.4dfp.img
image dimensions 256 256 256 padded to 288 288 288
processing volume 1freesurfer ifh2hdr.c
Mon Jun  2 19:11:01 2025
Writing: talsrcimg_g11.4dfp.hdr

Writing: talsrcimg_g11.4dfp.ifh
including: talsrcimg.4dfp.img.rec in talsrcimg_g11.4dfp.img.rec

---------------------------------------------------------------------
imgreg_4dfp /usr/local/freesurfer/average/711-2C_as_mni_average_305 none talsrcimg_g11 none talsrcimg_to_711-2C_as_mni_average_305_t4 4355
---------------------------------------------------------------------

freesurfer imgreg_4dfp.c
/usr/local/freesurfer/average/711-2C_as_mni_average_305.4dfp.img
       256       256       256         1
  1.000000  1.000000  1.000000
orientation T byte_order littleendian
Reading image: /usr/local/freesurfer/average/711-2C_as_mni_average_305.4dfp.img
dimensions:      256       256       256
mmppix:       1.0000   -1.0000   -1.0000
center:     128.0000 -129.0000 -129.0000
talsrcimg_g11.4dfp.img
       256       256       256         1
  1.000000  1.000000  1.000000
orientation T byte_order littleendian
Reading image: talsrcimg_g11.4dfp.img
dimensions:      256       256       256
mmppix:       1.0000   -1.0000   -1.0000
center:     128.0000 -129.0000 -129.0000
t4_read: open error in t4_sub.f l:  41 t4_file(1:l)talsrcimg_to_711-2C_as_mni_average_305_t4 
t4_read: transform initialized to I4
rotation matrix determinant  1.000000
image alignment mode   4355 decimal     1103 hex
   -7.5000  -45.0000  -45.0000 9381.3154   25.5289
    0.0000  -45.0000  -45.0000 9713.1426   25.5460
    7.5000  -45.0000  -45.0000 9200.9238   25.5931
   -7.5000  -37.5000  -45.0000 9791.8604   25.5335
    0.0000  -37.5000  -45.000010136.3887   25.5447
    7.5000  -37.5000  -45.0000 9597.1914   25.5866
   -7.5000  -30.0000  -45.000010490.6123   25.5132
    0.0000  -30.0000  -45.000010861.0674   25.5101
    7.5000  -30.0000  -45.000010275.6602   25.5499
   -7.5000  -22.5000  -45.000011167.7812   25.4604
    0.0000  -22.5000  -45.000011511.8008   25.4486
    7.5000  -22.5000  -45.000010887.9541   25.4923
   -7.5000  -15.0000  -45.000011741.7314   25.4302
    0.0000  -15.0000  -45.000012139.3457   25.4219
    7.5000  -15.0000  -45.000011466.9180   25.4715
   -7.5000   -7.5000  -45.000012296.0352   25.4580
    0.0000   -7.5000  -45.000012690.1475   25.4645
    7.5000   -7.5000  -45.000012022.8857   25.5154
   -7.5000    0.0000  -45.000012687.6338   25.5084
    0.0000    0.0000  -45.000013107.4668   25.5256
    7.5000    0.0000  -45.000012414.7578   25.5726
   -7.5000    7.5000  -45.000012037.7031   25.5333
    0.0000    7.5000  -45.000012403.8955   25.5445
    7.5000    7.5000  -45.000011739.5410   25.5864
   -7.5000   15.0000  -45.000011192.7539   25.5132
    0.0000   15.0000  -45.000011490.9688   25.5101
    7.5000   15.0000  -45.000010881.1182   25.5499
   -7.5000   22.5000  -45.000010254.4678   25.4569
    0.0000   22.5000  -45.000010512.7051   25.4451
    7.5000   22.5000  -45.0000 9967.6191   25.4888
   -7.5000   30.0000  -45.0000 9257.6670   25.0925
    0.0000   30.0000  -45.0000 9480.6992   25.0845
    7.5000   30.0000  -45.0000 8988.4229   25.1334
   -7.5000   37.5000  -45.0000 8642.5596   25.1509
    0.0000   37.5000  -45.0000 8897.7236   25.1578
    7.5000   37.5000  -45.0000 8410.2705   25.2079
   -7.5000   45.0000  -45.0000 7682.9819   24.6791
    0.0000   45.0000  -45.0000 7890.7163   24.6957
    7.5000   45.0000  -45.0000 7494.3457   24.7405
   -7.5000  -45.0000  -37.5000 9941.2529   25.4966
    0.0000  -45.0000  -37.500010258.9453   25.5216
    7.5000  -45.0000  -37.5000 9725.0234   25.5721
   -7.5000  -37.5000  -37.500010365.1670   25.4961
    0.0000  -37.5000  -37.500010693.5752   25.5189
    7.5000  -37.5000  -37.500010154.7881   25.5657
   -7.5000  -30.0000  -37.500011079.7920   25.4615
    0.0000  -30.0000  -37.500011439.3457   25.4740
    7.5000  -30.0000  -37.500010845.6729   25.5231
   -7.5000  -22.5000  -37.500011786.7803   25.3996
    0.0000  -22.5000  -37.500012165.4307   25.4041
    7.5000  -22.5000  -37.500011491.4053   25.4597
   -7.5000  -15.0000  -37.500012421.5000   25.3729
    0.0000  -15.0000  -37.500012844.9453   25.3774
    7.5000  -15.0000  -37.500012112.0332   25.4380
   -7.5000   -7.5000  -37.500013000.6211   25.4147
    0.0000   -7.5000  -37.500013437.3809   25.4298
    7.5000   -7.5000  -37.500012686.9609   25.4875
   -7.5000    0.0000  -37.500013395.9941   25.4759
    0.0000    0.0000  -37.500013861.3779   25.5010
    7.5000    0.0000  -37.500013061.0410   25.5515
   -7.5000    7.5000  -37.500012677.3213   25.4959
    0.0000    7.5000  -37.500013088.3252   25.5187
    7.5000    7.5000  -37.500012320.4902   25.5655
   -7.5000   15.0000  -37.500011770.3916   25.4615
    0.0000   15.0000  -37.500012096.3535   25.4740
    7.5000   15.0000  -37.500011413.8281   25.5231
   -7.5000   22.5000  -37.500010771.5508   25.3961
    0.0000   22.5000  -37.500011056.8369   25.4006
    7.5000   22.5000  -37.500010455.9297   25.4562
   -7.5000   30.0000  -37.5000 9687.7256   25.0361
    0.0000   30.0000  -37.5000 9933.1650   25.0406
    7.5000   30.0000  -37.5000 9414.9053   25.1004
   -7.5000   37.5000  -37.5000 9031.1895   25.1081
    0.0000   37.5000  -37.5000 9297.7666   25.1234
    7.5000   37.5000  -37.5000 8782.6689   25.1802
   -7.5000   45.0000  -37.5000 8008.5913   24.6478
    0.0000   45.0000  -37.5000 8238.8750   24.6721
    7.5000   45.0000  -37.5000 7823.5669   24.7203
   -7.5000  -45.0000  -30.000010636.2891   26.4944
    0.0000  -45.0000  -30.000010985.7236   26.5238
    7.5000  -45.0000  -30.000010413.8730   26.5824
   -7.5000  -37.5000  -30.000011103.7695   26.4942
    0.0000  -37.5000  -30.000011470.6406   26.5255
    7.5000  -37.5000  -30.000010890.9209   26.5842
   -7.5000  -30.0000  -30.000011865.1514   26.4513
    0.0000  -30.0000  -30.000012243.0215   26.4764
    7.5000  -30.0000  -30.000011594.6084   26.5411
   -7.5000  -22.5000  -30.000012567.3535   26.3807
    0.0000  -22.5000  -30.000012977.3281   26.3966
    7.5000  -22.5000  -30.000012263.3389   26.4667
   -7.5000  -15.0000  -30.000013246.7686   26.3522
    0.0000  -15.0000  -30.000013693.9297   26.3643
    7.5000  -15.0000  -30.000012899.4453   26.4354
   -7.5000   -7.5000  -30.000013916.7363   26.4018
    0.0000   -7.5000  -30.000014369.1865   26.4212
    7.5000   -7.5000  -30.000013513.5176   26.4867
   -7.5000    0.0000  -30.000014369.6953   26.4729
    0.0000    0.0000  -30.000014870.2266   26.5023
    7.5000    0.0000  -30.000013934.8418   26.5609
   -7.5000    7.5000  -30.000013590.4189   26.4940
    0.0000    7.5000  -30.000014051.4570   26.5253
    7.5000    7.5000  -30.000013180.8359   26.5840
   -7.5000   15.0000  -30.000012574.6396   26.4513
    0.0000   15.0000  -30.000012990.7334   26.4764
    7.5000   15.0000  -30.000012193.3408   26.5411
   -7.5000   22.5000  -30.000011483.6689   26.3744
    0.0000   22.5000  -30.000011814.6123   26.3902
    7.5000   22.5000  -30.000011122.5029   26.4603
   -7.5000   30.0000  -30.000010325.9404   26.0049
    0.0000   30.0000  -30.000010598.4395   26.0169
    7.5000   30.0000  -30.000010006.8096   26.0871
   -7.5000   37.5000  -30.0000 9566.4023   26.0854
    0.0000   37.5000  -30.0000 9839.7803   26.1049
    7.5000   37.5000  -30.0000 9313.6523   26.1696
   -7.5000   45.0000  -30.0000 8497.5146   25.6301
    0.0000   45.0000  -30.0000 8736.2998   25.6588
    7.5000   45.0000  -30.0000 8268.3340   25.7150
   -7.5000  -45.0000  -22.500011308.0752   27.3183
    0.0000  -45.0000  -22.500011688.2148   27.3426
    7.5000  -45.0000  -22.500011062.6006   27.4043
   -7.5000  -37.5000  -22.500011825.5400   27.3242
    0.0000  -37.5000  -22.500012239.3809   27.3517
    7.5000  -37.5000  -22.500011584.6152   27.4161
   -7.5000  -30.0000  -22.500012598.0303   27.2878
    0.0000  -30.0000  -22.500013003.5859   27.3088
    7.5000  -30.0000  -22.500012326.8975   27.3790
   -7.5000  -22.5000  -22.500013285.2275   27.2166
    0.0000  -22.5000  -22.500013730.0840   27.2265
    7.5000  -22.5000  -22.500012978.8730   27.2984
   -7.5000  -15.0000  -22.500014023.0830   27.1821
    0.0000  -15.0000  -22.500014478.4521   27.1875
    7.5000  -15.0000  -22.500013631.0283   27.2572
   -7.5000   -7.5000  -22.500014752.4404   27.2255
    0.0000   -7.5000  -22.500015241.4434   27.2388
    7.5000   -7.5000  -22.500014286.2314   27.3040
   -7.5000    0.0000  -22.500015272.9707   27.2962
    0.0000    0.0000  -22.500015782.8184   27.3206
    7.5000    0.0000  -22.500014766.3203   27.3822
   -7.5000    7.5000  -22.500014450.8525   27.3239
    0.0000    7.5000  -22.500014929.7334   27.3514
    7.5000    7.5000  -22.500013989.8799   27.4159
   -7.5000   15.0000  -22.500013353.4551   27.2878
    0.0000   15.0000  -22.500013770.0479   27.3088
    7.5000   15.0000  -22.500012922.7412   27.3790
   -7.5000   22.5000  -22.500012181.3857   27.2082
    0.0000   22.5000  -22.500012529.1807   27.2181
    7.5000   22.5000  -22.500011773.9658   27.2900
   -7.5000   30.0000  -22.500010973.0674   26.8279
    0.0000   30.0000  -22.500011277.2148   26.8333
    7.5000   30.0000  -22.500010619.7520   26.9021
   -7.5000   37.5000  -22.500010139.1777   26.9031
    0.0000   37.5000  -22.500010439.9102   26.9167
    7.5000   37.5000  -22.5000 9868.7021   26.9809
   -7.5000   45.0000  -22.5000 8995.6895   26.4454
    0.0000   45.0000  -22.5000 9250.4512   26.4694
    7.5000   45.0000  -22.5000 8754.0771   26.5287
   -7.5000  -45.0000  -15.000011867.6650   27.9183
    0.0000  -45.0000  -15.000012251.6387   27.9347
    7.5000  -45.0000  -15.000011598.7832   27.9954
   -7.5000  -37.5000  -15.000012454.9727   27.9341
    0.0000  -37.5000  -15.000012883.7725   27.9492
    7.5000  -37.5000  -15.000012180.1748   28.0113
   -7.5000  -30.0000  -15.000013292.8779   27.9150
    0.0000  -30.0000  -15.000013687.5146   27.9183
    7.5000  -30.0000  -15.000013009.2227   27.9817
   -7.5000  -22.5000  -15.000013964.1602   27.8494
    0.0000  -22.5000  -15.000014400.0889   27.8418
    7.5000  -22.5000  -15.000013666.0381   27.9039
   -7.5000  -15.0000  -15.000014704.5156   27.8058
    0.0000  -15.0000  -15.000015153.8477   27.7981
    7.5000  -15.0000  -15.000014303.1250   27.8593
   -7.5000   -7.5000  -15.000015483.1533   27.8330
    0.0000   -7.5000  -15.000015985.4248   27.8379
    7.5000   -7.5000  -15.000014998.9785   27.8990
   -7.5000    0.0000  -15.000016055.7070   27.8957
    0.0000    0.0000  -15.000016575.1582   27.9123
    7.5000    0.0000  -15.000015547.2559   27.9730
   -7.5000    7.5000  -15.000015194.0488   27.9339
    0.0000    7.5000  -15.000015685.9189   27.9490
    7.5000    7.5000  -15.000014736.3535   28.0111
   -7.5000   15.0000  -15.000014048.4570   27.9150
    0.0000   15.0000  -15.000014514.8672   27.9183
    7.5000   15.0000  -15.000013636.3877   27.9817
   -7.5000   22.5000  -15.000012860.9180   27.8396
    0.0000   22.5000  -15.000013273.1504   27.8320
    7.5000   22.5000  -15.000012466.4736   27.8941
   -7.5000   30.0000  -15.000011631.3672   27.4472
    0.0000   30.0000  -15.000011977.8477   27.4397
    7.5000   30.0000  -15.000011236.8096   27.5001
   -7.5000   37.5000  -15.000010783.0684   27.5072
    0.0000   37.5000  -15.000011118.4473   27.5125
    7.5000   37.5000  -15.000010454.5205   27.5727
   -7.5000   45.0000  -15.0000 9517.2764   27.0419
    0.0000   45.0000  -15.0000 9805.8145   27.0582
    7.5000   45.0000  -15.0000 9235.1748   27.1165
   -7.5000  -45.0000   -7.500012380.6797   28.2668
    0.0000  -45.0000   -7.500012780.2637   28.2811
    7.5000  -45.0000   -7.500012102.0303   28.3373
   -7.5000  -37.5000   -7.500013020.6289   28.2828
    0.0000  -37.5000   -7.500013472.9053   28.2904
    7.5000  -37.5000   -7.500012725.8828   28.3436
   -7.5000  -30.0000   -7.500014042.5303   28.2708
    0.0000  -30.0000   -7.500014469.4785   28.2620
    7.5000  -30.0000   -7.500013755.4531   28.3122
   -7.5000  -22.5000   -7.500014761.5029   28.2118
    0.0000  -22.5000   -7.500015262.2734   28.1932
    7.5000  -22.5000   -7.500014554.2041   28.2430
   -7.5000  -15.0000   -7.500015460.8418   28.1685
    0.0000  -15.0000   -7.500015972.9111   28.1545
    7.5000  -15.0000   -7.500015192.9805   28.2077
   -7.5000   -7.5000   -7.500016251.0371   28.1889
    0.0000   -7.5000   -7.500016828.9062   28.1916
    7.5000   -7.5000   -7.500015924.9619   28.2482
   -7.5000    0.0000   -7.500016909.1660   28.2440
    0.0000    0.0000   -7.500017512.2559   28.2585
    7.5000    0.0000   -7.500016488.8457   28.3147
   -7.5000    7.5000   -7.500016058.9814   28.2825
    0.0000    7.5000   -7.500016642.8301   28.2902
    7.5000    7.5000   -7.500015641.3633   28.3434
   -7.5000   15.0000   -7.500014930.8955   28.2708
    0.0000   15.0000   -7.500015467.0107   28.2620
    7.5000   15.0000   -7.500014485.4316   28.3122
   -7.5000   22.5000   -7.500013710.5547   28.1988
    0.0000   22.5000   -7.500014181.2354   28.1802
    7.5000   22.5000   -7.500013237.9512   28.2300
   -7.5000   30.0000   -7.500012415.1221   27.8045
    0.0000   30.0000   -7.500012794.1992   27.7908
    7.5000   30.0000   -7.500011926.6650   27.8434
   -7.5000   37.5000   -7.500011506.6045   27.8585
    0.0000   37.5000   -7.500011836.8018   27.8616
    7.5000   37.5000   -7.500011085.3555   27.9173
   -7.5000   45.0000   -7.500010112.3154   27.3856
    0.0000   45.0000   -7.500010402.0918   27.3996
    7.5000   45.0000   -7.5000 9749.6279   27.4534
   -7.5000  -45.0000    0.000012772.0850   28.3895
    0.0000  -45.0000    0.000013204.7773   28.4089
    7.5000  -45.0000    0.000012503.6807   28.4609
   -7.5000  -37.5000    0.000013425.5371   28.3962
    0.0000  -37.5000    0.000013885.2461   28.4092
    7.5000  -37.5000    0.000013130.7861   28.4556
   -7.5000  -30.0000    0.000014636.2227   28.3744
    0.0000  -30.0000    0.000015117.1768   28.3715
    7.5000  -30.0000    0.000014331.5117   28.4157
   -7.5000  -22.5000    0.000015616.4482   28.3147
    0.0000  -22.5000    0.000016257.9053   28.3021
    7.5000  -22.5000    0.000015538.4424   28.3506
   -7.5000  -15.0000    0.000016339.8613   28.2794
    0.0000  -15.0000    0.000016964.3555   28.2707
    7.5000  -15.0000    0.000016313.9434   28.3255
   -7.5000   -7.5000    0.000017064.1074   28.3097
    0.0000   -7.5000    0.000017733.0645   28.3173
    7.5000   -7.5000    0.000016962.5078   28.3736
   -7.5000    0.0000    0.000017705.3984   28.3666
    0.0000    0.0000    0.000018331.2793   28.3861
    7.5000    0.0000    0.000017347.1855   28.4381
   -7.5000    7.5000    0.000016860.0117   28.3960
    0.0000    7.5000    0.000017403.9824   28.4089
    7.5000    7.5000    0.000016341.1826   28.4553
   -7.5000   15.0000    0.000015720.8398   28.3744
    0.0000   15.0000    0.000016201.4912   28.3715
    7.5000   15.0000    0.000015101.6113   28.4157
   -7.5000   22.5000    0.000014398.7432   28.3016
    0.0000   22.5000    0.000014830.7148   28.2891
    7.5000   22.5000    0.000013774.9121   28.3375
   -7.5000   30.0000    0.000012992.9951   27.9148
    0.0000   30.0000    0.000013374.2793   27.9063
    7.5000   30.0000    0.000012403.4219   27.9605
   -7.5000   37.5000    0.000012005.8887   27.9789
    0.0000   37.5000    0.000012311.9346   27.9869
    7.5000   37.5000    0.000011478.1133   28.0423
   -7.5000   45.0000    0.000010500.5889   27.5080
    0.0000   45.0000    0.000010784.9238   27.5269
    7.5000   45.0000    0.000010060.6221   27.5765
   -7.5000  -45.0000    7.500012119.9355   28.4314
    0.0000  -45.0000    7.500012623.7480   28.4594
    7.5000  -45.0000    7.500011975.9531   28.5155
   -7.5000  -37.5000    7.500012724.7812   28.4313
    0.0000  -37.5000    7.500013262.4922   28.4568
    7.5000  -37.5000    7.500012570.0059   28.5089
   -7.5000  -30.0000    7.500013972.1152   28.3939
    0.0000  -30.0000    7.500014585.9189   28.4081
    7.5000  -30.0000    7.500013709.6514   28.4626
   -7.5000  -22.5000    7.500015228.7949   28.3258
    0.0000  -22.5000    7.500015882.1543   28.3309
    7.5000  -22.5000    7.500014919.6113   28.3927
   -7.5000  -15.0000    7.500016059.2197   28.2958
    0.0000  -15.0000    7.500016600.0957   28.3009
    7.5000  -15.0000    7.500015729.2305   28.3681
   -7.5000   -7.5000    7.500016723.8867   28.3412
    0.0000   -7.5000    7.500017241.9199   28.3582
    7.5000   -7.5000    7.500016324.1172   28.4221
   -7.5000    0.0000    7.500017212.6289   28.4085
    0.0000    0.0000    7.500017688.7129   28.4365
    7.5000    0.0000    7.500016665.9160   28.4926
   -7.5000    7.5000    7.500016248.1582   28.4310
    0.0000    7.5000    7.500016684.9941   28.4566
    7.5000    7.5000    7.500015628.0293   28.5087
   -7.5000   15.0000    7.500015048.8750   28.3939
    0.0000   15.0000    7.500015459.9053   28.4081
    7.5000   15.0000    7.500014434.6553   28.4626
   -7.5000   22.5000    7.500013754.0049   28.3128
    0.0000   22.5000    7.500014135.7607   28.3178
    7.5000   22.5000    7.500013186.0977   28.3797
   -7.5000   30.0000    7.500012432.5146   27.9310
    0.0000   30.0000    7.500012796.8984   27.9362
    7.5000   30.0000    7.500011930.2451   28.0026
   -7.5000   37.5000    7.500011546.4258   28.0100
    0.0000   37.5000    7.500011834.9580   28.0272
    7.5000   37.5000    7.500011070.4033   28.0903
   -7.5000   45.0000    7.500010089.5156   27.5491
    0.0000   45.0000    7.500010364.7451   27.5764
    7.5000   45.0000    7.5000 9688.1592   27.6300
   -7.5000  -45.0000   15.000011474.6826   28.4741
    0.0000  -45.0000   15.000011935.5449   28.5055
    7.5000  -45.0000   15.000011354.6797   28.5683
   -7.5000  -37.5000   15.000012081.6592   28.4733
    0.0000  -37.5000   15.000012558.9062   28.5066
    7.5000  -37.5000   15.000011928.5469   28.5696
   -7.5000  -30.0000   15.000013243.8516   28.4268
    0.0000  -30.0000   15.000013783.5566   28.4535
    7.5000  -30.0000   15.000013017.7324   28.5229
   -7.5000  -22.5000   15.000014281.1836   28.3513
    0.0000  -22.5000   15.000014767.3057   28.3681
    7.5000  -22.5000   15.000014013.6211   28.4432
   -7.5000  -15.0000   15.000014975.0029   28.3213
    0.0000  -15.0000   15.000015389.4844   28.3340
    7.5000  -15.0000   15.000014676.9170   28.4102
   -7.5000   -7.5000   15.000015743.6035   28.3749
    0.0000   -7.5000   15.000016186.6230   28.3955
    7.5000   -7.5000   15.000015310.1553   28.4657
   -7.5000    0.0000   15.000016297.8818   28.4510
    0.0000    0.0000   15.000016763.2910   28.4824
    7.5000    0.0000   15.000015758.8721   28.5452
   -7.5000    7.5000   15.000015423.5518   28.4731
    0.0000    7.5000   15.000015826.5332   28.5064
    7.5000    7.5000   15.000014847.4932   28.5693
   -7.5000   15.0000   15.000014230.1064   28.4268
    0.0000   15.0000   15.000014633.1035   28.4535
    7.5000   15.0000   15.000013699.3906   28.5229
   -7.5000   22.5000   15.000012919.4893   28.3382
    0.0000   22.5000   15.000013337.8486   28.3550
    7.5000   22.5000   15.000012494.4336   28.4301
   -7.5000   30.0000   15.000011636.1318   27.9562
    0.0000   30.0000   15.000012015.1865   27.9689
    7.5000   30.0000   15.000011277.6172   28.0442
   -7.5000   37.5000   15.000010763.5000   28.0432
    0.0000   37.5000   15.000011110.9971   28.0639
    7.5000   37.5000   15.000010464.0801   28.1332
   -7.5000   45.0000   15.0000 9426.9453   27.5900
    0.0000   45.0000   15.0000 9724.0176   27.6206
    7.5000   45.0000   15.0000 9153.4980   27.6810
   -7.5000  -45.0000   22.500010725.1172   28.5864
    0.0000  -45.0000   22.500011156.1514   28.6114
    7.5000  -45.0000   22.500010594.6064   28.6764
   -7.5000  -37.5000   22.500011230.0137   28.5928
    0.0000  -37.5000   22.500011706.3857   28.6212
    7.5000  -37.5000   22.500011121.6465   28.6891
   -7.5000  -30.0000   22.500012191.6309   28.5538
    0.0000  -30.0000   22.500012720.2568   28.5752
    7.5000  -30.0000   22.500012068.6172   28.6493
   -7.5000  -22.5000   22.500013057.4443   28.4776
    0.0000  -22.5000   22.500013527.0391   28.4875
    7.5000  -22.5000   22.500012899.8184   28.5632
   -7.5000  -15.0000   22.500013725.0215   28.4409
    0.0000  -15.0000   22.500014177.5498   28.4460
    7.5000  -15.0000   22.500013539.4160   28.5194
   -7.5000   -7.5000   22.500014419.7129   28.4875
    0.0000   -7.5000   22.500014962.5605   28.5009
    7.5000   -7.5000   22.500014191.0605   28.5696
   -7.5000    0.0000   22.500014941.0215   28.5630
    0.0000    0.0000   22.500015493.5723   28.5882
    7.5000    0.0000   22.500014643.8506   28.6530
   -7.5000    7.5000   22.500014156.2549   28.5926
    0.0000    7.5000   22.500014640.4453   28.6210
    7.5000    7.5000   22.500013802.9375   28.6888
   -7.5000   15.0000   22.500013111.9756   28.5538
    0.0000   15.0000   22.500013570.3672   28.5752
    7.5000   15.0000   22.500012758.2441   28.6493
   -7.5000   22.5000   22.500011951.6572   28.4645
    0.0000   22.5000   22.500012396.2578   28.4743
    7.5000   22.5000   22.500011623.2080   28.5500
   -7.5000   30.0000   22.500010753.2832   28.0738
    0.0000   30.0000   22.500011168.4912   28.0789
    7.5000   30.0000   22.500010510.5918   28.1514
   -7.5000   37.5000   22.5000 9945.4131   28.1524
    0.0000   37.5000   22.500010300.2061   28.1661
    7.5000   37.5000   22.5000 9753.0254   28.2337
   -7.5000   45.0000   22.5000 8723.1348   27.6938
    0.0000   45.0000   22.5000 9030.7471   27.7185
    7.5000   45.0000   22.5000 8557.3721   27.7809
   -7.5000  -45.0000   30.0000 9956.7314   29.2280
    0.0000  -45.0000   30.000010348.9141   29.2451
    7.5000  -45.0000   30.0000 9854.7012   29.3100
   -7.5000  -37.5000   30.000010409.9834   29.2465
    0.0000  -37.5000   30.000010856.8135   29.2616
    7.5000  -37.5000   30.000010353.0791   29.3280
   -7.5000  -30.0000   30.000011269.1846   29.2265
    0.0000  -30.0000   30.000011759.9648   29.2287
    7.5000  -30.0000   30.000011213.2686   29.2962
   -7.5000  -22.5000   30.000012044.4834   29.1551
    0.0000  -22.5000   30.000012498.8652   29.1458
    7.5000  -22.5000   30.000011949.2236   29.2116
   -7.5000  -15.0000   30.000012700.9082   29.1066
    0.0000  -15.0000   30.000013172.4541   29.0976
    7.5000  -15.0000   30.000012590.4951   29.1624
   -7.5000   -7.5000   30.000013351.0928   29.1352
    0.0000   -7.5000   30.000013882.5918   29.1399
    7.5000   -7.5000   30.000013227.7178   29.2050
   -7.5000    0.0000   30.000013784.0244   29.2036
    0.0000    0.0000   30.000014294.0322   29.2208
    7.5000    0.0000   30.000013617.6289   29.2856
   -7.5000    7.5000   30.000013058.4902   29.2462
    0.0000    7.5000   30.000013515.8633   29.2614
    7.5000    7.5000   30.000012855.7852   29.3277
   -7.5000   15.0000   30.000012083.2939   29.2265
    0.0000   15.0000   30.000012519.4668   29.2287
    7.5000   15.0000   30.000011851.5645   29.2962
   -7.5000   22.5000   30.000011050.2471   29.1417
    0.0000   22.5000   30.000011454.1562   29.1323
    7.5000   22.5000   30.000010813.7949   29.1982
   -7.5000   30.0000   30.0000 9970.9346   28.7304
    0.0000   30.0000   30.000010355.0166   28.7216
    7.5000   30.0000   30.0000 9780.5830   28.7856
   -7.5000   37.5000   30.0000 9218.6973   28.7862
    0.0000   37.5000   30.0000 9556.2783   28.7913
    7.5000   37.5000   30.0000 9063.4150   28.8553
   -7.5000   45.0000   30.0000 8095.5898   28.3017
    0.0000   45.0000   30.0000 8391.3242   28.3185
    7.5000   45.0000   30.0000 7967.4307   28.3807
   -7.5000  -45.0000   37.5000 9546.3311   30.0641
    0.0000  -45.0000   37.5000 9914.0488   30.0815
    7.5000  -45.0000   37.5000 9467.1396   30.1466
   -7.5000  -37.5000   37.500010011.4834   30.0834
    0.0000  -37.5000   37.500010440.0801   30.0925
    7.5000  -37.5000   37.5000 9945.1211   30.1530
   -7.5000  -30.0000   37.500010838.8408   30.0700
    0.0000  -30.0000   37.500011286.4648   30.0596
    7.5000  -30.0000   37.500010758.7129   30.1157
   -7.5000  -22.5000   37.500011580.7998   30.0028
    0.0000  -22.5000   37.500012034.6953   29.9812
    7.5000  -22.5000   37.500011478.0205   30.0369
   -7.5000  -15.0000   37.500012217.8066   29.9529
    0.0000  -15.0000   37.500012685.5693   29.9373
    7.5000  -15.0000   37.500012114.2539   29.9979
   -7.5000   -7.5000   37.500012821.0098   29.9752
    0.0000   -7.5000   37.500013321.0850   29.9795
    7.5000   -7.5000   37.500012727.4043   30.0450
   -7.5000    0.0000   37.500013221.2090   30.0384
    0.0000    0.0000   37.500013699.0107   30.0559
    7.5000    0.0000   37.500013103.8857   30.1210
   -7.5000    7.5000   37.500012480.9717   30.0831
    0.0000    7.5000   37.500012915.2070   30.0922
    7.5000    7.5000   37.500012323.0352   30.1527
   -7.5000   15.0000   37.500011553.4492   30.0700
    0.0000   15.0000   37.500011969.2891   30.0596
    7.5000   15.0000   37.500011356.2002   30.1157
   -7.5000   22.5000   37.500010586.3213   29.9889
    0.0000   22.5000   37.500010977.9424   29.9674
    7.5000   22.5000   37.500010384.7939   30.0230
   -7.5000   30.0000   37.5000 9551.2803   29.5655
    0.0000   30.0000   37.5000 9915.2568   29.5501
    7.5000   30.0000   37.5000 9384.4248   29.6099
   -7.5000   37.5000   37.5000 8846.7998   29.6104
    0.0000   37.5000   37.5000 9185.8252   29.6149
    7.5000   37.5000   37.5000 8707.7295   29.6793
   -7.5000   45.0000   37.5000 7809.7715   29.0969
    0.0000   45.0000   37.5000 8087.0098   29.1136
    7.5000   45.0000   37.5000 7690.0674   29.1758
   -7.5000  -45.0000   45.0000 8843.7188   31.0522
    0.0000  -45.0000   45.0000 9186.6475   31.0839
    7.5000  -45.0000   45.0000 8762.7832   31.1519
   -7.5000  -37.5000   45.0000 9301.3955   31.0601
    0.0000  -37.5000   45.0000 9686.2168   31.0822
    7.5000  -37.5000   45.0000 9215.9648   31.1420
   -7.5000  -30.0000   45.000010027.1582   31.0342
    0.0000  -30.0000   45.000010412.2275   31.0362
    7.5000  -30.0000   45.0000 9927.3037   31.0902
   -7.5000  -22.5000   45.000010702.5322   30.9638
    0.0000  -22.5000   45.000011118.7090   30.9551
    7.5000  -22.5000   45.000010602.0889   31.0128
   -7.5000  -15.0000   45.000011282.4375   30.9219
    0.0000  -15.0000   45.000011724.0205   30.9198
    7.5000  -15.0000   45.000011194.3242   30.9867
   -7.5000   -7.5000   45.000011831.3984   30.9571
    0.0000   -7.5000   45.000012296.8203   30.9756
    7.5000   -7.5000   45.000011748.7109   31.0470
   -7.5000    0.0000   45.000012211.3906   31.0246
    0.0000    0.0000   45.000012664.1074   31.0565
    7.5000    0.0000   45.000012110.8398   31.1245
   -7.5000    7.5000   45.000011527.4736   31.0598
    0.0000    7.5000   45.000011948.6650   31.0819
    7.5000    7.5000   45.000011392.6113   31.1417
   -7.5000   15.0000   45.000010667.5791   31.0342
    0.0000   15.0000   45.000011055.8154   31.0362
    7.5000   15.0000   45.000010504.9678   31.0902
   -7.5000   22.5000   45.0000 9740.4697   30.9494
    0.0000   22.5000   45.000010107.4023   30.9407
    7.5000   22.5000   45.0000 9579.6592   30.9985
   -7.5000   30.0000   45.0000 8790.5762   30.5192
    0.0000   30.0000   45.0000 9148.2178   30.5171
    7.5000   30.0000   45.0000 8678.7148   30.5831
   -7.5000   37.5000   45.0000 8166.6675   30.5725
    0.0000   37.5000   45.0000 8501.4287   30.5910
    7.5000   37.5000   45.0000 8070.9473   30.6612
   -7.5000   45.0000   45.0000 7214.4121   30.0539
    0.0000   45.0000   45.0000 7481.1777   30.0842
    7.5000   45.0000   45.0000 7122.9092   30.1488

---------------------------------------------------------------------
imgreg_4dfp /usr/local/freesurfer/average/711-2C_as_mni_average_305 /usr/local/freesurfer/average/711-2B_as_mni_average_305_mask talsrcimg_g11 none talsrcimg_to_711-2C_as_mni_average_305_t4 4355
---------------------------------------------------------------------

freesurfer imgreg_4dfp.c
/usr/local/freesurfer/average/711-2C_as_mni_average_305.4dfp.img
       256       256       256         1
  1.000000  1.000000  1.000000
orientation T byte_order littleendian
Reading image: /usr/local/freesurfer/average/711-2C_as_mni_average_305.4dfp.img
dimensions:      256       256       256
mmppix:       1.0000   -1.0000   -1.0000
center:     128.0000 -129.0000 -129.0000
/usr/local/freesurfer/average/711-2B_as_mni_average_305_mask.4dfp.img
       256       256       256         1
  1.000000  1.000000  1.000000
orientation T byte_order littleendian
Reading mask: /usr/local/freesurfer/average/711-2B_as_mni_average_305_mask.4dfp.img (2306576 pixels)
talsrcimg_g11.4dfp.img
       256       256       256         1
  1.000000  1.000000  1.000000
orientation T byte_order littleendian
Reading image: talsrcimg_g11.4dfp.img
dimensions:      256       256       256
mmppix:       1.0000   -1.0000   -1.0000
center:     128.0000 -129.0000 -129.0000
rotation matrix determinant  1.000000
image alignment mode   4355 decimal     1103 hex
   -7.5000  -45.0000  -45.0000 2352.0950   25.5824
    0.0000  -45.0000  -45.0000 2351.6587   25.4479
    7.5000  -45.0000  -45.0000 2326.8328   25.7444
   -7.5000  -37.5000  -45.0000 2397.7351   24.3324
    0.0000  -37.5000  -45.0000 2398.3057   24.2284
    7.5000  -37.5000  -45.0000 2364.1790   24.4400
   -7.5000  -30.0000  -45.0000 2417.9268   23.5483
    0.0000  -30.0000  -45.0000 2416.3245   23.4776
    7.5000  -30.0000  -45.0000 2391.5730   23.7121
   -7.5000  -22.5000  -45.0000 2431.0752   23.2099
    0.0000  -22.5000  -45.0000 2430.2336   23.1000
    7.5000  -22.5000  -45.0000 2402.1477   23.4136
   -7.5000  -15.0000  -45.0000 2426.9277   23.3139
    0.0000  -15.0000  -45.0000 2429.2615   23.1915
    7.5000  -15.0000  -45.0000 2397.7451   23.5038
   -7.5000   -7.5000  -45.0000 2411.9404   23.7988
    0.0000   -7.5000  -45.0000 2410.0730   23.6555
    7.5000   -7.5000  -45.0000 2385.5293   24.0321
   -7.5000    0.0000  -45.0000 2374.9265   24.8167
    0.0000    0.0000  -45.0000 2376.1301   24.6297
    7.5000    0.0000  -45.0000 2353.4170   25.0250
   -7.5000    7.5000  -45.0000 2318.7817   26.2131
    0.0000    7.5000  -45.0000 2320.5991   26.0197
    7.5000    7.5000  -45.0000 2300.5322   26.4388
   -7.5000   15.0000  -45.0000 2246.0044   27.9111
    0.0000   15.0000  -45.0000 2244.3059   27.6930
    7.5000   15.0000  -45.0000 2225.6128   28.1328
   -7.5000   22.5000  -45.0000 2154.8748   30.1032
    0.0000   22.5000  -45.0000 2152.1638   29.8182
    7.5000   22.5000  -45.0000 2136.8477   30.3547
   -7.5000   30.0000  -45.0000 2040.1997   33.2441
    0.0000   30.0000  -45.0000 2038.9674   32.8571
    7.5000   30.0000  -45.0000 2023.9398   33.3828
   -7.5000   37.5000  -45.0000 1929.3770   37.5335
    0.0000   37.5000  -45.0000 1940.5099   37.2034
    7.5000   37.5000  -45.0000 1909.2877   37.6359
   -7.5000   45.0000  -45.0000 1787.0493   43.0239
    0.0000   45.0000  -45.0000 1783.5897   42.8504
    7.5000   45.0000  -45.0000 1775.9366   43.3321
   -7.5000  -45.0000  -37.5000 2448.3608   24.1747
    0.0000  -45.0000  -37.5000 2441.9561   24.0603
    7.5000  -45.0000  -37.5000 2410.8208   24.2589
   -7.5000  -37.5000  -37.5000 2489.2004   22.9128
    0.0000  -37.5000  -37.5000 2483.3462   22.7763
    7.5000  -37.5000  -37.5000 2455.7896   22.9954
   -7.5000  -30.0000  -37.5000 2507.0112   22.1613
    0.0000  -30.0000  -37.5000 2505.5449   22.0773
    7.5000  -30.0000  -37.5000 2479.0200   22.2245
   -7.5000  -22.5000  -37.5000 2516.4390   21.8256
    0.0000  -22.5000  -37.5000 2518.6274   21.7342
    7.5000  -22.5000  -37.5000 2489.5830   21.9804
   -7.5000  -15.0000  -37.5000 2516.4885   21.9104
    0.0000  -15.0000  -37.5000 2525.5942   21.8589
    7.5000  -15.0000  -37.5000 2493.9690   22.0906
   -7.5000   -7.5000  -37.5000 2504.0437   22.4163
    0.0000   -7.5000  -37.5000 2504.9211   22.2975
    7.5000   -7.5000  -37.5000 2481.2861   22.6036
   -7.5000    0.0000  -37.5000 2467.7310   23.4039
    0.0000    0.0000  -37.5000 2470.5115   23.2647
    7.5000    0.0000  -37.5000 2440.6084   23.5401
   -7.5000    7.5000  -37.5000 2412.2471   24.6340
    0.0000    7.5000  -37.5000 2413.2209   24.5141
    7.5000    7.5000  -37.5000 2387.0630   24.8208
   -7.5000   15.0000  -37.5000 2331.2368   26.0922
    0.0000   15.0000  -37.5000 2331.7612   25.9136
    7.5000   15.0000  -37.5000 2313.0142   26.2892
   -7.5000   22.5000  -37.5000 2237.4124   28.1095
    0.0000   22.5000  -37.5000 2237.6062   27.9187
    7.5000   22.5000  -37.5000 2219.7063   28.3720
   -7.5000   30.0000  -37.5000 2115.0374   31.0419
    0.0000   30.0000  -37.5000 2118.4438   30.7460
    7.5000   30.0000  -37.5000 2101.5576   31.2616
   -7.5000   37.5000  -37.5000 2002.9269   34.9838
    0.0000   37.5000  -37.5000 2013.3721   34.7699
    7.5000   37.5000  -37.5000 1979.9331   35.2162
   -7.5000   45.0000  -37.5000 1858.6063   40.1800
    0.0000   45.0000  -37.5000 1863.9598   40.0182
    7.5000   45.0000  -37.5000 1847.2834   40.5684
   -7.5000  -45.0000  -30.0000 2558.9924   23.5860
    0.0000  -45.0000  -30.0000 2560.4031   23.4919
    7.5000  -45.0000  -30.0000 2529.5210   23.6588
   -7.5000  -37.5000  -30.0000 2610.5229   22.3315
    0.0000  -37.5000  -30.0000 2612.9326   22.2632
    7.5000  -37.5000  -30.0000 2584.9048   22.4514
   -7.5000  -30.0000  -30.0000 2630.6948   21.4673
    0.0000  -30.0000  -30.0000 2635.1343   21.4082
    7.5000  -30.0000  -30.0000 2603.0000   21.5775
   -7.5000  -22.5000  -30.0000 2637.4233   21.1030
    0.0000  -22.5000  -30.0000 2644.0706   21.0590
    7.5000  -22.5000  -30.0000 2619.3650   21.2397
   -7.5000  -15.0000  -30.0000 2634.3972   21.2654
    0.0000  -15.0000  -30.0000 2647.1218   21.1669
    7.5000  -15.0000  -30.0000 2617.9148   21.3646
   -7.5000   -7.5000  -30.0000 2628.3220   21.7922
    0.0000   -7.5000  -30.0000 2634.3479   21.7112
    7.5000   -7.5000  -30.0000 2605.7117   21.9347
   -7.5000    0.0000  -30.0000 2595.3784   22.7947
    0.0000    0.0000  -30.0000 2609.7798   22.7116
    7.5000    0.0000  -30.0000 2575.0149   22.9024
   -7.5000    7.5000  -30.0000 2535.5632   23.9085
    0.0000    7.5000  -30.0000 2548.1750   23.8522
    7.5000    7.5000  -30.0000 2518.5703   24.0804
   -7.5000   15.0000  -30.0000 2450.5054   25.2626
    0.0000   15.0000  -30.0000 2466.3071   25.1859
    7.5000   15.0000  -30.0000 2438.1826   25.5184
   -7.5000   22.5000  -30.0000 2350.7007   27.1589
    0.0000   22.5000  -30.0000 2361.5288   27.0987
    7.5000   22.5000  -30.0000 2337.4739   27.4786
   -7.5000   30.0000  -30.0000 2225.9067   29.9462
    0.0000   30.0000  -30.0000 2234.8191   29.7936
    7.5000   30.0000  -30.0000 2212.7239   30.2063
   -7.5000   37.5000  -30.0000 2095.4587   33.7521
    0.0000   37.5000  -30.0000 2105.6589   33.5681
    7.5000   37.5000  -30.0000 2081.5984   33.9757
   -7.5000   45.0000  -30.0000 1951.4730   38.7311
    0.0000   45.0000  -30.0000 1962.2526   38.6034
    7.5000   45.0000  -30.0000 1934.9906   39.0469
   -7.5000  -45.0000  -22.5000 2646.5081   22.7829
    0.0000  -45.0000  -22.5000 2647.4807   22.7142
    7.5000  -45.0000  -22.5000 2614.7163   22.9301
   -7.5000  -37.5000  -22.5000 2703.0183   21.5444
    0.0000  -37.5000  -22.5000 2708.1814   21.4813
    7.5000  -37.5000  -22.5000 2678.7307   21.6880
   -7.5000  -30.0000  -22.5000 2730.5740   20.6596
    0.0000  -30.0000  -22.5000 2736.0063   20.6167
    7.5000  -30.0000  -22.5000 2705.7375   20.8610
   -7.5000  -22.5000  -22.5000 2735.2288   20.1739
    0.0000  -22.5000  -22.5000 2739.1353   20.1827
    7.5000  -22.5000  -22.5000 2708.9934   20.3837
   -7.5000  -15.0000  -22.5000 2733.3804   20.3077
    0.0000  -15.0000  -22.5000 2743.4514   20.2523
    7.5000  -15.0000  -22.5000 2707.9602   20.4349
   -7.5000   -7.5000  -22.5000 2724.7715   20.8625
    0.0000   -7.5000  -22.5000 2740.5769   20.8253
    7.5000   -7.5000  -22.5000 2700.2466   20.9858
   -7.5000    0.0000  -22.5000 2690.1089   21.8245
    0.0000    0.0000  -22.5000 2709.3833   21.7991
    7.5000    0.0000  -22.5000 2668.9270   21.9691
   -7.5000    7.5000  -22.5000 2631.8645   22.9571
    0.0000    7.5000  -22.5000 2648.4717   22.9439
    7.5000    7.5000  -22.5000 2616.0286   23.1532
   -7.5000   15.0000  -22.5000 2547.4861   24.3388
    0.0000   15.0000  -22.5000 2561.4800   24.2631
    7.5000   15.0000  -22.5000 2530.3184   24.5982
   -7.5000   22.5000  -22.5000 2442.8809   26.2168
    0.0000   22.5000  -22.5000 2451.3162   26.0910
    7.5000   22.5000  -22.5000 2428.5637   26.5510
   -7.5000   30.0000  -22.5000 2311.6414   28.8638
    0.0000   30.0000  -22.5000 2320.5906   28.6967
    7.5000   30.0000  -22.5000 2303.2771   29.1624
   -7.5000   37.5000  -22.5000 2166.2104   32.4640
    0.0000   37.5000  -22.5000 2174.6008   32.2707
    7.5000   37.5000  -22.5000 2160.3450   32.7805
   -7.5000   45.0000  -22.5000 2013.7882   37.2788
    0.0000   45.0000  -22.5000 2022.2819   37.0497
    7.5000   45.0000  -22.5000 2003.5520   37.6178
   -7.5000  -45.0000  -15.0000 2685.1462   22.0839
    0.0000  -45.0000  -15.0000 2681.6350   21.9783
    7.5000  -45.0000  -15.0000 2656.9019   22.3138
   -7.5000  -37.5000  -15.0000 2747.1550   20.8976
    0.0000  -37.5000  -15.0000 2754.2417   20.8083
    7.5000  -37.5000  -15.0000 2722.7964   21.1178
   -7.5000  -30.0000  -15.0000 2786.4238   20.0477
    0.0000  -30.0000  -15.0000 2793.0515   19.9839
    7.5000  -30.0000  -15.0000 2757.2102   20.3289
   -7.5000  -22.5000  -15.0000 2794.3159   19.3429
    0.0000  -22.5000  -15.0000 2799.1138   19.3535
    7.5000  -22.5000  -15.0000 2764.3088   19.7216
   -7.5000  -15.0000  -15.0000 2791.7781   19.3713
    0.0000  -15.0000  -15.0000 2798.3347   19.3408
    7.5000  -15.0000  -15.0000 2759.6206   19.6211
   -7.5000   -7.5000  -15.0000 2785.4282   19.9213
    0.0000   -7.5000  -15.0000 2800.1890   19.9205
    7.5000   -7.5000  -15.0000 2756.4541   20.1362
   -7.5000    0.0000  -15.0000 2740.3574   20.9030
    0.0000    0.0000  -15.0000 2761.3728   20.8660
    7.5000    0.0000  -15.0000 2723.7664   21.1009
   -7.5000    7.5000  -15.0000 2680.7764   22.0860
    0.0000    7.5000  -15.0000 2700.2117   22.0593
    7.5000    7.5000  -15.0000 2670.0793   22.3979
   -7.5000   15.0000  -15.0000 2597.7019   23.5161
    0.0000   15.0000  -15.0000 2612.5354   23.4755
    7.5000   15.0000  -15.0000 2585.5742   23.9280
   -7.5000   22.5000  -15.0000 2497.7769   25.4083
    0.0000   22.5000  -15.0000 2510.0427   25.3064
    7.5000   22.5000  -15.0000 2481.7993   25.8042
   -7.5000   30.0000  -15.0000 2366.5835   28.0212
    0.0000   30.0000  -15.0000 2373.8171   27.8769
    7.5000   30.0000  -15.0000 2351.0471   28.3483
   -7.5000   37.5000  -15.0000 2215.9121   31.4943
    0.0000   37.5000  -15.0000 2221.3525   31.3631
    7.5000   37.5000  -15.0000 2206.0493   31.9176
   -7.5000   45.0000  -15.0000 2053.5139   36.0777
    0.0000   45.0000  -15.0000 2062.2336   35.9177
    7.5000   45.0000  -15.0000 2047.8911   36.4923
   -7.5000  -45.0000   -7.5000 2700.5474   21.6559
    0.0000  -45.0000   -7.5000 2694.0212   21.5782
    7.5000  -45.0000   -7.5000 2673.1768   22.0330
   -7.5000  -37.5000   -7.5000 2767.2512   20.4446
    0.0000  -37.5000   -7.5000 2771.9070   20.4017
    7.5000  -37.5000   -7.5000 2746.2629   20.8412
   -7.5000  -30.0000   -7.5000 2814.7698   19.7080
    0.0000  -30.0000   -7.5000 2826.3008   19.6664
    7.5000  -30.0000   -7.5000 2792.9648   20.0928
   -7.5000  -22.5000   -7.5000 2838.4065   18.9487
    0.0000  -22.5000   -7.5000 2852.3047   18.9999
    7.5000  -22.5000   -7.5000 2815.4585   19.5845
   -7.5000  -15.0000   -7.5000 2822.6956   18.6771
    0.0000  -15.0000   -7.5000 2832.2053   18.6982
    7.5000  -15.0000   -7.5000 2801.6101   19.2945
   -7.5000   -7.5000   -7.5000 2803.7183   19.2199
    0.0000   -7.5000   -7.5000 2823.0835   19.2278
    7.5000   -7.5000   -7.5000 2793.7625   19.7273
   -7.5000    0.0000   -7.5000 2774.7053   20.2639
    0.0000    0.0000   -7.5000 2795.7468   20.2729
    7.5000    0.0000   -7.5000 2766.2930   20.7390
   -7.5000    7.5000   -7.5000 2720.4902   21.4627
    0.0000    7.5000   -7.5000 2741.0354   21.4693
    7.5000    7.5000   -7.5000 2713.2339   21.9373
   -7.5000   15.0000   -7.5000 2637.8708   22.9279
    0.0000   15.0000   -7.5000 2654.7576   22.9266
    7.5000   15.0000   -7.5000 2626.6858   23.4417
   -7.5000   22.5000   -7.5000 2533.9619   24.8751
    0.0000   22.5000   -7.5000 2545.5562   24.8401
    7.5000   22.5000   -7.5000 2521.8904   25.3689
   -7.5000   30.0000   -7.5000 2407.2478   27.4887
    0.0000   30.0000   -7.5000 2417.6772   27.4313
    7.5000   30.0000   -7.5000 2393.8337   27.9478
   -7.5000   37.5000   -7.5000 2258.3540   30.9308
    0.0000   37.5000   -7.5000 2261.4778   30.8333
    7.5000   37.5000   -7.5000 2247.9375   31.3945
   -7.5000   45.0000   -7.5000 2083.9565   35.3157
    0.0000   45.0000   -7.5000 2092.0967   35.1762
    7.5000   45.0000   -7.5000 2080.5930   35.8200
   -7.5000  -45.0000    0.0000 2686.0762   21.5811
    0.0000  -45.0000    0.0000 2690.1699   21.5098
    7.5000  -45.0000    0.0000 2664.8081   22.1088
   -7.5000  -37.5000    0.0000 2770.7354   20.3375
    0.0000  -37.5000    0.0000 2776.2673   20.2997
    7.5000  -37.5000    0.0000 2752.7676   20.8927
   -7.5000  -30.0000    0.0000 2828.6689   19.6168
    0.0000  -30.0000    0.0000 2836.8755   19.5744
    7.5000  -30.0000    0.0000 2813.3992   20.1431
   -7.5000  -22.5000    0.0000 2860.6851   19.0883
    0.0000  -22.5000    0.0000 2879.8428   19.1219
    7.5000  -22.5000    0.0000 2853.8374   19.7734
   -7.5000  -15.0000    0.0000 2843.3835   18.6763
    0.0000  -15.0000    0.0000 2867.7434   18.7372
    7.5000  -15.0000    0.0000 2852.6658   19.6418
   -7.5000   -7.5000    0.0000 2819.2144   19.0931
    0.0000   -7.5000    0.0000 2849.4299   19.1276
    7.5000   -7.5000    0.0000 2831.6345   19.8118
   -7.5000    0.0000    0.0000 2786.2988   19.9565
    0.0000    0.0000    0.0000 2810.9822   19.9516
    7.5000    0.0000    0.0000 2780.2085   20.4736
   -7.5000    7.5000    0.0000 2733.5085   21.1686
    0.0000    7.5000    0.0000 2753.4580   21.1116
    7.5000    7.5000    0.0000 2720.1960   21.6186
   -7.5000   15.0000    0.0000 2647.4275   22.7460
    0.0000   15.0000    0.0000 2666.4136   22.6939
    7.5000   15.0000    0.0000 2632.6704   23.1638
   -7.5000   22.5000    0.0000 2546.2539   24.7178
    0.0000   22.5000    0.0000 2555.9873   24.6267
    7.5000   22.5000    0.0000 2528.7397   25.0704
   -7.5000   30.0000    0.0000 2425.1326   27.3551
    0.0000   30.0000    0.0000 2434.9910   27.2204
    7.5000   30.0000    0.0000 2407.7029   27.6350
   -7.5000   37.5000    0.0000 2280.3762   30.7950
    0.0000   37.5000    0.0000 2284.8850   30.5948
    7.5000   37.5000    0.0000 2262.3926   31.0436
   -7.5000   45.0000    0.0000 2098.2717   35.1086
    0.0000   45.0000    0.0000 2109.9900   34.8425
    7.5000   45.0000    0.0000 2090.5881   35.4208
   -7.5000  -45.0000    7.5000 2643.5999   21.6159
    0.0000  -45.0000    7.5000 2668.5457   21.6392
    7.5000  -45.0000    7.5000 2645.0791   22.3480
   -7.5000  -37.5000    7.5000 2736.4773   20.4167
    0.0000  -37.5000    7.5000 2761.3159   20.4032
    7.5000  -37.5000    7.5000 2740.0640   21.1229
   -7.5000  -30.0000    7.5000 2811.3232   19.8273
    0.0000  -30.0000    7.5000 2833.2266   19.7975
    7.5000  -30.0000    7.5000 2811.0830   20.4429
   -7.5000  -22.5000    7.5000 2866.9294   19.5966
    0.0000  -22.5000    7.5000 2893.0444   19.6115
    7.5000  -22.5000    7.5000 2857.8904   20.1156
   -7.5000  -15.0000    7.5000 2873.7002   19.3996
    0.0000  -15.0000    7.5000 2894.5359   19.2665
    7.5000  -15.0000    7.5000 2861.5854   19.9864
   -7.5000   -7.5000    7.5000 2847.8215   19.5114
    0.0000   -7.5000    7.5000 2864.1182   19.3794
    7.5000   -7.5000    7.5000 2836.5737   20.0304
   -7.5000    0.0000    7.5000 2798.9150   20.1481
    0.0000    0.0000    7.5000 2814.7141   20.0209
    7.5000    0.0000    7.5000 2790.0110   20.6389
   -7.5000    7.5000    7.5000 2726.7356   21.2496
    0.0000    7.5000    7.5000 2746.9426   21.1734
    7.5000    7.5000    7.5000 2719.0593   21.6609
   -7.5000   15.0000    7.5000 2639.7053   22.7392
    0.0000   15.0000    7.5000 2661.6926   22.6678
    7.5000   15.0000    7.5000 2628.6646   23.1149
   -7.5000   22.5000    7.5000 2531.2075   24.7726
    0.0000   22.5000    7.5000 2548.9497   24.6927
    7.5000   22.5000    7.5000 2523.2314   25.1003
   -7.5000   30.0000    7.5000 2420.3435   27.4389
    0.0000   30.0000    7.5000 2433.7664   27.2916
    7.5000   30.0000    7.5000 2406.7656   27.6878
   -7.5000   37.5000    7.5000 2290.0505   30.9587
    0.0000   37.5000    7.5000 2292.0100   30.7165
    7.5000   37.5000    7.5000 2269.6267   31.0783
   -7.5000   45.0000    7.5000 2114.2571   35.3404
    0.0000   45.0000    7.5000 2124.8557   35.0140
    7.5000   45.0000    7.5000 2095.5598   35.3359
   -7.5000  -45.0000   15.0000 2609.0864   22.2331
    0.0000  -45.0000   15.0000 2632.0388   22.1712
    7.5000  -45.0000   15.0000 2614.1541   23.0757
   -7.5000  -37.5000   15.0000 2708.0166   21.0844
    0.0000  -37.5000   15.0000 2731.5093   20.9634
    7.5000  -37.5000   15.0000 2709.1741   21.7541
   -7.5000  -30.0000   15.0000 2786.4534   20.4493
    0.0000  -30.0000   15.0000 2812.8940   20.2939
    7.5000  -30.0000   15.0000 2789.2109   21.0065
   -7.5000  -22.5000   15.0000 2847.3538   20.1146
    0.0000  -22.5000   15.0000 2870.9915   19.9488
    7.5000  -22.5000   15.0000 2834.8540   20.5580
   -7.5000  -15.0000   15.0000 2855.4365   19.8323
    0.0000  -15.0000   15.0000 2864.2422   19.5065
    7.5000  -15.0000   15.0000 2835.1912   20.3062
   -7.5000   -7.5000   15.0000 2837.4924   20.0808
    0.0000   -7.5000   15.0000 2842.8098   19.8335
    7.5000   -7.5000   15.0000 2817.8193   20.4344
   -7.5000    0.0000   15.0000 2794.6396   20.8779
    0.0000    0.0000   15.0000 2806.3909   20.7065
    7.5000    0.0000   15.0000 2776.4446   21.1386
   -7.5000    7.5000   15.0000 2728.0173   22.0384
    0.0000    7.5000   15.0000 2743.5891   21.9094
    7.5000    7.5000   15.0000 2712.9724   22.3073
   -7.5000   15.0000   15.0000 2633.2764   23.4105
    0.0000   15.0000   15.0000 2649.8237   23.2901
    7.5000   15.0000   15.0000 2616.9268   23.7401
   -7.5000   22.5000   15.0000 2517.8511   25.2654
    0.0000   22.5000   15.0000 2538.6357   25.1469
    7.5000   22.5000   15.0000 2512.5439   25.5595
   -7.5000   30.0000   15.0000 2401.3447   27.8119
    0.0000   30.0000   15.0000 2409.5618   27.7047
    7.5000   30.0000   15.0000 2390.7412   28.0833
   -7.5000   37.5000   15.0000 2265.3552   31.2420
    0.0000   37.5000   15.0000 2271.1609   31.0083
    7.5000   37.5000   15.0000 2257.0408   31.3794
   -7.5000   45.0000   15.0000 2095.9636   35.4787
    0.0000   45.0000   15.0000 2108.6985   35.1494
    7.5000   45.0000   15.0000 2083.2073   35.5977
   -7.5000  -45.0000   22.5000 2572.3472   23.2220
    0.0000  -45.0000   22.5000 2590.9731   23.1134
    7.5000  -45.0000   22.5000 2570.8274   24.0190
   -7.5000  -37.5000   22.5000 2663.7734   21.9190
    0.0000  -37.5000   22.5000 2685.8967   21.7718
    7.5000  -37.5000   22.5000 2666.5388   22.5935
   -7.5000  -30.0000   22.5000 2735.9307   21.1254
    0.0000  -30.0000   22.5000 2754.3782   20.9587
    7.5000  -30.0000   22.5000 2735.9771   21.6854
   -7.5000  -22.5000   22.5000 2790.6379   20.6877
    0.0000  -22.5000   22.5000 2805.9338   20.4973
    7.5000  -22.5000   22.5000 2780.7795   21.1575
   -7.5000  -15.0000   22.5000 2806.2476   20.3843
    0.0000  -15.0000   22.5000 2807.3337   20.0810
    7.5000  -15.0000   22.5000 2789.8860   20.8186
   -7.5000   -7.5000   22.5000 2791.0386   20.7265
    0.0000   -7.5000   22.5000 2802.6245   20.6127
    7.5000   -7.5000   22.5000 2780.8528   21.0855
   -7.5000    0.0000   22.5000 2755.5610   21.6292
    0.0000    0.0000   22.5000 2769.7117   21.5070
    7.5000    0.0000   22.5000 2743.5833   21.9790
   -7.5000    7.5000   22.5000 2693.0710   22.7869
    0.0000    7.5000   22.5000 2706.7869   22.6991
    7.5000    7.5000   22.5000 2677.4822   23.0940
   -7.5000   15.0000   22.5000 2608.4705   24.2588
    0.0000   15.0000   22.5000 2623.3813   24.1575
    7.5000   15.0000   22.5000 2589.6536   24.5485
   -7.5000   22.5000   22.5000 2505.4929   26.0556
    0.0000   22.5000   22.5000 2523.3777   25.9395
    7.5000   22.5000   22.5000 2492.1636   26.3463
   -7.5000   30.0000   22.5000 2379.7791   28.4430
    0.0000   30.0000   22.5000 2391.9951   28.3770
    7.5000   30.0000   22.5000 2369.4954   28.7946
   -7.5000   37.5000   22.5000 2234.4656   31.8713
    0.0000   37.5000   22.5000 2241.1123   31.6234
    7.5000   37.5000   22.5000 2236.0950   32.1039
   -7.5000   45.0000   22.5000 2075.6279   36.2389
    0.0000   45.0000   22.5000 2081.2715   35.8419
    7.5000   45.0000   22.5000 2071.4905   36.3186
   -7.5000  -45.0000   30.0000 2510.3037   24.4202
    0.0000  -45.0000   30.0000 2528.5396   24.2530
    7.5000  -45.0000   30.0000 2511.8809   25.2273
   -7.5000  -37.5000   30.0000 2601.4231   22.9892
    0.0000  -37.5000   30.0000 2622.1890   22.8316
    7.5000  -37.5000   30.0000 2607.3330   23.6651
   -7.5000  -30.0000   30.0000 2668.9929   22.0892
    0.0000  -30.0000   30.0000 2693.0271   21.9417
    7.5000  -30.0000   30.0000 2674.8284   22.6289
   -7.5000  -22.5000   30.0000 2718.6372   21.4856
    0.0000  -22.5000   30.0000 2736.4551   21.2607
    7.5000  -22.5000   30.0000 2714.4355   22.0165
   -7.5000  -15.0000   30.0000 2732.8621   21.2360
    0.0000  -15.0000   30.0000 2741.2839   21.0918
    7.5000  -15.0000   30.0000 2726.0198   21.7411
   -7.5000   -7.5000   30.0000 2720.0549   21.7430
    0.0000   -7.5000   30.0000 2734.3025   21.6775
    7.5000   -7.5000   30.0000 2716.7561   22.1578
   -7.5000    0.0000   30.0000 2683.6438   22.6824
    0.0000    0.0000   30.0000 2691.6575   22.5839
    7.5000    0.0000   30.0000 2676.1162   23.0448
   -7.5000    7.5000   30.0000 2632.7454   23.8649
    0.0000    7.5000   30.0000 2642.2307   23.7519
    7.5000    7.5000   30.0000 2623.7854   24.1735
   -7.5000   15.0000   30.0000 2553.4910   25.2161
    0.0000   15.0000   30.0000 2573.2957   25.1116
    7.5000   15.0000   30.0000 2544.5359   25.5683
   -7.5000   22.5000   30.0000 2466.4197   27.0551
    0.0000   22.5000   30.0000 2485.1785   26.8765
    7.5000   22.5000   30.0000 2457.3015   27.3242
   -7.5000   30.0000   30.0000 2351.3193   29.4670
    0.0000   30.0000   30.0000 2368.8469   29.3496
    7.5000   30.0000   30.0000 2345.0068   29.8044
   -7.5000   37.5000   30.0000 2202.1882   32.6973
    0.0000   37.5000   30.0000 2209.4390   32.6031
    7.5000   37.5000   30.0000 2199.4009   33.0595
   -7.5000   45.0000   30.0000 2050.7988   37.0692
    0.0000   45.0000   30.0000 2055.1396   36.8340
    7.5000   45.0000   30.0000 2041.3092   37.4284
   -7.5000  -45.0000   37.5000 2446.2349   25.8434
    0.0000  -45.0000   37.5000 2463.5967   25.6726
    7.5000  -45.0000   37.5000 2446.2822   26.6313
   -7.5000  -37.5000   37.5000 2535.8982   24.3161
    0.0000  -37.5000   37.5000 2558.9646   24.1603
    7.5000  -37.5000   37.5000 2537.7422   24.9995
   -7.5000  -30.0000   37.5000 2600.4783   23.3365
    0.0000  -30.0000   37.5000 2629.4983   23.1685
    7.5000  -30.0000   37.5000 2603.6089   23.8948
   -7.5000  -22.5000   37.5000 2646.1052   22.6679
    0.0000  -22.5000   37.5000 2667.3765   22.5057
    7.5000  -22.5000   37.5000 2641.0151   23.2036
   -7.5000  -15.0000   37.5000 2652.9189   22.4786
    0.0000  -15.0000   37.5000 2668.8665   22.3720
    7.5000  -15.0000   37.5000 2649.4592   22.9773
   -7.5000   -7.5000   37.5000 2639.2375   22.9961
    0.0000   -7.5000   37.5000 2655.1978   22.9311
    7.5000   -7.5000   37.5000 2638.7559   23.4169
   -7.5000    0.0000   37.5000 2605.1567   23.9929
    0.0000    0.0000   37.5000 2616.3965   23.9185
    7.5000    0.0000   37.5000 2607.1589   24.3699
   -7.5000    7.5000   37.5000 2557.6040   25.2067
    0.0000    7.5000   37.5000 2571.1497   25.0980
    7.5000    7.5000   37.5000 2555.7703   25.5714
   -7.5000   15.0000   37.5000 2485.6130   26.5470
    0.0000   15.0000   37.5000 2511.0886   26.4586
    7.5000   15.0000   37.5000 2487.0437   26.9208
   -7.5000   22.5000   37.5000 2415.4597   28.3580
    0.0000   22.5000   37.5000 2437.9944   28.1734
    7.5000   22.5000   37.5000 2412.7322   28.6226
   -7.5000   30.0000   37.5000 2304.6370   30.6068
    0.0000   30.0000   37.5000 2319.4954   30.5052
    7.5000   30.0000   37.5000 2300.6177   31.0114
   -7.5000   37.5000   37.5000 2168.9846   34.0780
    0.0000   37.5000   37.5000 2177.6619   33.9558
    7.5000   37.5000   37.5000 2164.7217   34.4507
   -7.5000   45.0000   37.5000 2029.7799   38.5221
    0.0000   45.0000   37.5000 2029.3440   38.3534
    7.5000   45.0000   37.5000 2020.1848   38.8905
   -7.5000  -45.0000   45.0000 2380.3037   27.6257
    0.0000  -45.0000   45.0000 2400.0918   27.3802
    7.5000  -45.0000   45.0000 2378.5908   28.3930
   -7.5000  -37.5000   45.0000 2468.4507   26.0518
    0.0000  -37.5000   45.0000 2491.8328   25.8370
    7.5000  -37.5000   45.0000 2466.4919   26.6206
   -7.5000  -30.0000   45.0000 2522.6292   24.9155
    0.0000  -30.0000   45.0000 2548.7202   24.6676
    7.5000  -30.0000   45.0000 2521.4612   25.4344
   -7.5000  -22.5000   45.0000 2564.2036   24.2157
    0.0000  -22.5000   45.0000 2583.9307   24.0552
    7.5000  -22.5000   45.0000 2556.8606   24.7412
   -7.5000  -15.0000   45.0000 2563.8220   24.0919
    0.0000  -15.0000   45.0000 2582.5208   23.9436
    7.5000  -15.0000   45.0000 2561.8499   24.5259
   -7.5000   -7.5000   45.0000 2547.7021   24.6013
    0.0000   -7.5000   45.0000 2565.6482   24.5030
    7.5000   -7.5000   45.0000 2551.1033   24.9799
   -7.5000    0.0000   45.0000 2521.2500   25.5287
    0.0000    0.0000   45.0000 2532.6370   25.4675
    7.5000    0.0000   45.0000 2526.0969   25.9138
   -7.5000    7.5000   45.0000 2481.2188   26.8409
    0.0000    7.5000   45.0000 2493.4851   26.7277
    7.5000    7.5000   45.0000 2484.6162   27.2025
   -7.5000   15.0000   45.0000 2418.6204   28.2844
    0.0000   15.0000   45.0000 2437.5198   28.1709
    7.5000   15.0000   45.0000 2420.8921   28.6125
   -7.5000   22.5000   45.0000 2347.2588   30.0000
    0.0000   22.5000   45.0000 2365.6033   29.8420
    7.5000   22.5000   45.0000 2346.6096   30.3037
   -7.5000   30.0000   45.0000 2240.4138   32.2464
    0.0000   30.0000   45.0000 2260.8679   32.0424
    7.5000   30.0000   45.0000 2246.5925   32.5719
   -7.5000   37.5000   45.0000 2122.4468   35.7440
    0.0000   37.5000   45.0000 2133.9111   35.5231
    7.5000   37.5000   45.0000 2123.8228   36.0671
   -7.5000   45.0000   45.0000 1986.2666   40.3638
    0.0000   45.0000   45.0000 1989.7397   40.2453
    7.5000   45.0000   45.0000 1983.6276   40.7663

---------------------------------------------------------------------
imgreg_4dfp /usr/local/freesurfer/average/711-2C_as_mni_average_305 /usr/local/freesurfer/average/711-2B_as_mni_average_305_mask talsrcimg_g11 none talsrcimg_to_711-2C_as_mni_average_305_t4 1283
---------------------------------------------------------------------

freesurfer imgreg_4dfp.c
/usr/local/freesurfer/average/711-2C_as_mni_average_305.4dfp.img
       256       256       256         1
  1.000000  1.000000  1.000000
orientation T byte_order littleendian
Reading image: /usr/local/freesurfer/average/711-2C_as_mni_average_305.4dfp.img
dimensions:      256       256       256
mmppix:       1.0000   -1.0000   -1.0000
center:     128.0000 -129.0000 -129.0000
/usr/local/freesurfer/average/711-2B_as_mni_average_305_mask.4dfp.img
       256       256       256         1
  1.000000  1.000000  1.000000
orientation T byte_order littleendian
Reading mask: /usr/local/freesurfer/average/711-2B_as_mni_average_305_mask.4dfp.img (2306576 pixels)
talsrcimg_g11.4dfp.img
       256       256       256         1
  1.000000  1.000000  1.000000
orientation T byte_order littleendian
Reading image: talsrcimg_g11.4dfp.img
dimensions:      256       256       256
mmppix:       1.0000   -1.0000   -1.0000
center:     128.0000 -129.0000 -129.0000
rotation matrix determinant  1.000000
fimgreg.f
image alignment mode   1283 decimal      503 hex
parameters
    0.0000  -15.0000    7.5000    0.0000    0.0000    0.0000
eta,q 0.91000 19.43257
niter,ni,del,rscale     5    3   12.0000    1.2000
parameter  4  0.800013 ->  0.500000 qaram    1.1500
parameters
    1.1381  -17.2609    5.6145   -3.4500   -0.1156   -0.1493
eta,q 0.91584 19.36668
  0.0954  0.0903  0.0914  0.0824  0.0873  0.0840
  0.0923  0.0888  0.0860  0.0839  0.0859  0.0844
  0.0923  0.0880  0.0842  0.0839  0.0846  0.0845
  0.0906  0.0879  0.0877  0.0843  0.0840  0.0841
  0.0868  0.0910  0.0915  0.0861  0.0833  0.0831
  0.0877  0.0967  0.0941  0.0887  0.0847  0.0833
  0.0942  0.1005  0.0960  0.0922  0.0891  0.0854
niter,ni,del,rscale     5    3   12.0000    1.2000
parameter  4 11.926585 ->  0.500000 qaram    1.3225
parameters
    0.6314  -16.1594    6.0997   -7.4175   -0.1846    0.3215
eta,q 0.91971 19.39648
  0.0904  0.0926  0.0942  0.0784  0.0863  0.0827
  0.0892  0.0880  0.0906  0.0798  0.0847  0.0830
  0.0871  0.0848  0.0854  0.0823  0.0821  0.0824
  0.0842  0.0843  0.0840  0.0843  0.0805  0.0805
  0.0841  0.0834  0.0857  0.0850  0.0814  0.0801
  0.0883  0.0837  0.0880  0.0866  0.0837  0.0811
  0.0969  0.0883  0.0915  0.0899  0.0877  0.0836
niter,ni,del,rscale     5    3   12.0000    1.2000
parameter  4  0.629388 ->  0.500000 qaram    1.5209
parameters
    0.7267  -14.5761    5.7016  -11.9801    0.2285   -1.1423
eta,q 0.92403 19.34746
  0.0905  0.0919  0.0883  0.0793  0.0822  0.0781
  0.0882  0.0863  0.0865  0.0765  0.0810  0.0771
  0.0848  0.0824  0.0811  0.0772  0.0788  0.0761
  0.0803  0.0802  0.0796  0.0793  0.0765  0.0761
  0.0809  0.0794  0.0826  0.0823  0.0759  0.0774
  0.0849  0.0804  0.0868  0.0842  0.0790  0.0794
  0.0930  0.0840  0.0916  0.0865  0.0821  0.0820
niter,ni,del,rscale     5    3   12.0000    1.2000
parameters
    0.1574  -13.1987    4.6881  -12.6877    0.8964   -2.6367
eta,q 0.92450 19.19610
  0.0834  0.0915  0.0837  0.0820  0.0830  0.0771
  0.0820  0.0858  0.0818  0.0801  0.0816  0.0766
  0.0791  0.0803  0.0767  0.0781  0.0782  0.0757
  0.0760  0.0765  0.0760  0.0755  0.0758  0.0753
  0.0774  0.0765  0.0806  0.0774  0.0753  0.0764
  0.0817  0.0798  0.0856  0.0808  0.0782  0.0786
  0.0902  0.0825  0.0906  0.0852  0.0818  0.0810
niter,ni,del,rscale     4    3   12.0000    1.2000
parameters
   -0.1923  -12.6430    4.1727  -13.2520    1.0583   -4.7705
eta,q 0.92289 19.16100
  0.0826  0.0887  0.0840  0.0819  0.0825  0.0771
  0.0812  0.0828  0.0830  0.0791  0.0805  0.0769
  0.0793  0.0774  0.0796  0.0784  0.0782  0.0771
  0.0755  0.0760  0.0762  0.0765  0.0770  0.0769
  0.0752  0.0773  0.0786  0.0756  0.0772  0.0771
  0.0799  0.0799  0.0840  0.0795  0.0798  0.0779
  0.0883  0.0846  0.0883  0.0853  0.0824  0.0793
niter,ni,del,rscale     3    3   12.0000    1.2000
parameters
   -0.5979  -12.4708    4.2039  -14.2930    0.4085   -6.1978
eta,q 0.92226 19.19188
  0.0833  0.0866  0.0841  0.0813  0.0803  0.0789
  0.0817  0.0811  0.0821  0.0785  0.0787  0.0781
  0.0800  0.0785  0.0806  0.0778  0.0784  0.0777
  0.0771  0.0776  0.0775  0.0775  0.0778  0.0781
  0.0767  0.0780  0.0778  0.0762  0.0775  0.0786
  0.0815  0.0803  0.0816  0.0795  0.0799  0.0792
  0.0880  0.0858  0.0851  0.0861  0.0823  0.0798
niter,ni,del,rscale     2    3   12.0000    1.2000
parameters
   -0.9428  -12.1528    4.5134  -15.5869   -0.0679   -6.6897
eta,q 0.92224 19.24001
  0.0831  0.0856  0.0843  0.0817  0.0797  0.0802
  0.0814  0.0815  0.0820  0.0787  0.0776  0.0789
  0.0796  0.0792  0.0808  0.0777  0.0777  0.0781
  0.0777  0.0781  0.0781  0.0778  0.0775  0.0777
  0.0766  0.0788  0.0776  0.0779  0.0769  0.0781
  0.0805  0.0800  0.0807  0.0803  0.0783  0.0795
  0.0875  0.0845  0.0843  0.0865  0.0810  0.0813
niter,ni,del,rscale     1    3   12.0000    1.2000
parameters
   -1.1263  -11.7473    4.2595  -17.1278   -0.6764   -6.1997
eta,q 0.92242 19.28369
  0.0828  0.0856  0.0834  0.0810  0.0794  0.0818
  0.0806  0.0816  0.0816  0.0789  0.0770  0.0801
  0.0783  0.0785  0.0805  0.0779  0.0772  0.0788
  0.0778  0.0778  0.0780  0.0783  0.0779  0.0778
  0.0768  0.0793  0.0780  0.0789  0.0776  0.0773
  0.0788  0.0799  0.0817  0.0802  0.0781  0.0789
  0.0859  0.0837  0.0858  0.0851  0.0799  0.0811
registration optimization eta report
parameter search radius
    6.0000    6.0000    6.0000    9.1253    6.0000    6.0000
100000*second partial in parameter space
       20.       18.       17.        6.        6.       10.
  0.0828  0.0856  0.0834  0.0810  0.0794  0.0818
  0.0806  0.0816  0.0816  0.0789  0.0770  0.0801
  0.0783  0.0785  0.0805  0.0779  0.0772  0.0788
  0.0778  0.0778  0.0780  0.0783  0.0779  0.0778
  0.0768  0.0793  0.0780  0.0789  0.0776  0.0773
  0.0788  0.0799  0.0817  0.0802  0.0781  0.0789
  0.0859  0.0837  0.0858  0.0851  0.0799  0.0811
   -1.1263  -11.7473    4.2595  -17.1278   -0.6764   -6.1997
eta,q 0.92242 19.28369

---------------------------------------------------------------------
imgreg_4dfp /usr/local/freesurfer/average/711-2C_as_mni_average_305 /usr/local/freesurfer/average/711-2B_as_mni_average_305_mask talsrcimg_g11 none talsrcimg_to_711-2C_as_mni_average_305_t4 3335
---------------------------------------------------------------------

freesurfer imgreg_4dfp.c
/usr/local/freesurfer/average/711-2C_as_mni_average_305.4dfp.img
       256       256       256         1
  1.000000  1.000000  1.000000
orientation T byte_order littleendian
Reading image: /usr/local/freesurfer/average/711-2C_as_mni_average_305.4dfp.img
dimensions:      256       256       256
mmppix:       1.0000   -1.0000   -1.0000
center:     128.0000 -129.0000 -129.0000
/usr/local/freesurfer/average/711-2B_as_mni_average_305_mask.4dfp.img
       256       256       256         1
  1.000000  1.000000  1.000000
orientation T byte_order littleendian
Reading mask: /usr/local/freesurfer/average/711-2B_as_mni_average_305_mask.4dfp.img (2306576 pixels)
talsrcimg_g11.4dfp.img
       256       256       256         1
  1.000000  1.000000  1.000000
orientation T byte_order littleendian
Reading image: talsrcimg_g11.4dfp.img
dimensions:      256       256       256
mmppix:       1.0000   -1.0000   -1.0000
center:     128.0000 -129.0000 -129.0000
fimgreg.f
image alignment mode   3335 decimal      D07 hex
parameters
   -1.1263  -11.7473    4.2595   -0.5918   -4.9564   -4.4417
    9.9749    4.3021  -10.7987   29.1564   -1.1806  -29.4484
eta,q 0.92612 19.21348
niter,ni,del,rscale     5    3    5.0000    1.2000
parameter  4 -9.546608 ->  0.500000 qaram    1.1500
parameter  5  2.179365 ->  0.500000 qaram    1.1500
parameter  6  1.067206 ->  0.500000 qaram    1.1500
parameter  7  0.696637 ->  0.500000 qaram    1.1500
parameter  9 -0.780988 -> -0.500000 qaram    1.1500
parameter 10  0.673236 ->  0.500000 qaram    1.1500
parameter 12 -0.962940 -> -0.500000 qaram    1.1500
parameters
   -1.4783  -11.4412    4.7788   -4.7318   -9.0964   -8.5817
    5.8349    5.7418   -6.6587   25.0164   -0.1232  -25.3084
eta,q 0.95133 18.87323
  0.0747  0.0761  0.0757  0.0594  0.0549  0.0526  0.0526  0.0574  0.0559  0.0501  0.0514  0.0541
  0.0741  0.0750  0.0749  0.0640  0.0573  0.0532  0.0522  0.0554  0.0542  0.0498  0.0507  0.0523
  0.0738  0.0742  0.0743  0.0690  0.0607  0.0547  0.0525  0.0535  0.0529  0.0502  0.0501  0.0508
  0.0739  0.0738  0.0738  0.0736  0.0654  0.0581  0.0535  0.0522  0.0520  0.0512  0.0498  0.0498
  0.0742  0.0739  0.0736  0.0782  0.0712  0.0628  0.0551  0.0521  0.0514  0.0529  0.0498  0.0490
  0.0746  0.0744  0.0739  0.0825  0.0774  0.0687  0.0572  0.0530  0.0511  0.0554  0.0501  0.0486
  0.0751  0.0752  0.0747  0.0865  0.0828  0.0741  0.0595  0.0548  0.0511  0.0585  0.0508  0.0484
niter,ni,del,rscale     7    3    5.0000    1.2000
parameter  2 -0.916610 -> -0.500000 qaram    1.1500
parameter  3  0.597336 ->  0.500000 qaram    1.1500
parameter  4  2.584899 ->  0.500000 qaram    1.3225
parameter  5  0.906670 ->  0.500000 qaram    1.3225
parameters
   -1.5651  -10.0612    3.3988   -9.4928  -13.8574  -12.1276
    5.7098    6.3821   -3.6043   26.2094   -1.9781  -25.0345
eta,q 0.96594 18.38046
  0.0507  0.0539  0.0471  0.0361  0.0340  0.0348  0.0383  0.0406  0.0375  0.0377  0.0347  0.0356
  0.0495  0.0518  0.0469  0.0378  0.0348  0.0345  0.0362  0.0378  0.0362  0.0361  0.0343  0.0347
  0.0488  0.0500  0.0470  0.0417  0.0361  0.0347  0.0350  0.0357  0.0352  0.0350  0.0341  0.0342
  0.0487  0.0487  0.0473  0.0469  0.0387  0.0351  0.0346  0.0346  0.0345  0.0343  0.0341  0.0341
  0.0490  0.0477  0.0479  0.0523  0.0431  0.0358  0.0351  0.0348  0.0343  0.0342  0.0345  0.0342
  0.0497  0.0472  0.0488  0.0574  0.0490  0.0393  0.0365  0.0363  0.0344  0.0349  0.0350  0.0347
  0.0510  0.0471  0.0500  0.0629  0.0555  0.0456  0.0385  0.0390  0.0350  0.0363  0.0358  0.0354
niter,ni,del,rscale     7    3    5.0000    1.2000
parameter  2 -1.059312 -> -0.500000 qaram    1.3225
parameter  3  0.622383 ->  0.500000 qaram    1.3225
parameter  4  0.609574 ->  0.500000 qaram    1.5209
parameter  5  0.559142 ->  0.500000 qaram    1.5209
parameter 10 -0.662379 -> -0.500000 qaram    1.3225
parameter 12  0.794026 ->  0.500000 qaram    1.3225
parameters
   -1.5264   -8.4742    1.8118  -14.9680  -19.3326  -15.3458
    5.0916    6.2722   -4.9074   30.9704   -4.1412  -29.7955
eta,q 0.97439 17.68805
  0.0377  0.0407  0.0317  0.0303  0.0285  0.0286  0.0303  0.0316  0.0293  0.0339  0.0266  0.0257
  0.0357  0.0382  0.0315  0.0299  0.0283  0.0279  0.0289  0.0295  0.0284  0.0315  0.0264  0.0256
  0.0345  0.0360  0.0316  0.0298  0.0288  0.0279  0.0281  0.0282  0.0279  0.0294  0.0263  0.0258
  0.0341  0.0341  0.0321  0.0315  0.0298  0.0284  0.0279  0.0279  0.0279  0.0278  0.0264  0.0263
  0.0344  0.0327  0.0329  0.0355  0.0318  0.0289  0.0284  0.0285  0.0284  0.0267  0.0265  0.0270
  0.0356  0.0319  0.0341  0.0412  0.0360  0.0292  0.0295  0.0297  0.0293  0.0264  0.0268  0.0279
  0.0375  0.0318  0.0356  0.0468  0.0423  0.0312  0.0311  0.0317  0.0306  0.0271  0.0271  0.0289
niter,ni,del,rscale     7    3    5.0000    1.2000
parameter  3  0.506285 ->  0.500000 qaram    1.5209
parameter 12  0.656833 ->  0.500000 qaram    1.5209
parameters
   -1.3448   -6.9080   -0.0132  -17.3875  -22.5694  -14.5498
    4.3034    6.7676   -5.4681   32.8792   -5.5628  -35.2707
eta,q 0.97717 17.45898
  0.0294  0.0337  0.0246  0.0268  0.0260  0.0267  0.0265  0.0286  0.0262  0.0307  0.0239  0.0232
  0.0275  0.0304  0.0240  0.0252  0.0245  0.0252  0.0249  0.0261  0.0248  0.0275  0.0236  0.0228
  0.0262  0.0276  0.0240  0.0243  0.0239  0.0242  0.0240  0.0244  0.0241  0.0251  0.0235  0.0229
  0.0256  0.0256  0.0246  0.0239  0.0242  0.0239  0.0239  0.0239  0.0239  0.0239  0.0235  0.0235
  0.0258  0.0246  0.0257  0.0248  0.0254  0.0242  0.0246  0.0243  0.0243  0.0235  0.0237  0.0244
  0.0267  0.0247  0.0272  0.0279  0.0282  0.0244  0.0259  0.0256  0.0254  0.0244  0.0240  0.0255
  0.0285  0.0258  0.0291  0.0336  0.0342  0.0258  0.0275  0.0273  0.0269  0.0270  0.0244  0.0268
niter,ni,del,rscale     7    3    5.0000    1.2000
parameters
   -1.3659   -6.8929   -0.4311  -17.6539  -23.4734  -13.8635
    4.1445    7.1928   -5.6574   33.6678   -5.9187  -36.1231
eta,q 0.97731 17.46141
  0.0261  0.0274  0.0252  0.0274  0.0268  0.0260  0.0261  0.0279  0.0256  0.0291  0.0234  0.0248
  0.0243  0.0249  0.0238  0.0251  0.0247  0.0244  0.0244  0.0250  0.0241  0.0260  0.0229  0.0235
  0.0232  0.0234  0.0230  0.0236  0.0233  0.0233  0.0232  0.0233  0.0232  0.0239  0.0227  0.0228
  0.0228  0.0228  0.0228  0.0228  0.0229  0.0229  0.0229  0.0229  0.0229  0.0229  0.0227  0.0227
  0.0232  0.0233  0.0234  0.0227  0.0234  0.0226  0.0234  0.0234  0.0233  0.0226  0.0228  0.0232
  0.0244  0.0249  0.0247  0.0247  0.0250  0.0232  0.0246  0.0247  0.0243  0.0241  0.0231  0.0241
  0.0263  0.0273  0.0267  0.0287  0.0294  0.0254  0.0263  0.0265  0.0258  0.0278  0.0235  0.0255
niter,ni,del,rscale     6    3    5.0000    1.2000
parameters
   -1.3866   -6.9518   -0.5647  -17.6522  -23.5596  -14.1885
    4.1681    7.2758   -5.6864   33.7165   -5.9757  -36.2621
eta,q 0.97726 17.43789
  0.0259  0.0270  0.0255  0.0275  0.0273  0.0256  0.0261  0.0273  0.0256  0.0283  0.0235  0.0251
  0.0242  0.0246  0.0238  0.0251  0.0251  0.0241  0.0243  0.0245  0.0241  0.0254  0.0230  0.0238
  0.0231  0.0232  0.0229  0.0235  0.0235  0.0231  0.0231  0.0231  0.0231  0.0236  0.0228  0.0230
  0.0227  0.0227  0.0227  0.0227  0.0227  0.0227  0.0227  0.0227  0.0227  0.0227  0.0227  0.0227
  0.0231  0.0233  0.0231  0.0225  0.0230  0.0223  0.0232  0.0234  0.0232  0.0228  0.0228  0.0231
  0.0242  0.0249  0.0242  0.0243  0.0244  0.0236  0.0244  0.0248  0.0242  0.0247  0.0231  0.0239
  0.0261  0.0273  0.0259  0.0283  0.0281  0.0272  0.0260  0.0267  0.0256  0.0288  0.0234  0.0252
niter,ni,del,rscale     5    3    5.0000    1.2000
parameters
   -1.3948   -6.9481   -0.5921  -17.6561  -23.5672  -14.1140
    4.1878    7.2925   -5.6757   33.7347   -5.9766  -36.3074
eta,q 0.97727 17.44404
  0.0260  0.0272  0.0257  0.0275  0.0274  0.0258  0.0261  0.0272  0.0256  0.0282  0.0235  0.0252
  0.0242  0.0248  0.0240  0.0251  0.0251  0.0243  0.0243  0.0245  0.0241  0.0254  0.0230  0.0238
  0.0231  0.0233  0.0231  0.0235  0.0235  0.0232  0.0231  0.0230  0.0231  0.0236  0.0228  0.0230
  0.0227  0.0227  0.0227  0.0227  0.0227  0.0227  0.0227  0.0227  0.0227  0.0227  0.0227  0.0227
  0.0231  0.0232  0.0231  0.0225  0.0230  0.0222  0.0232  0.0234  0.0231  0.0228  0.0228  0.0230
  0.0242  0.0248  0.0241  0.0244  0.0244  0.0234  0.0244  0.0248  0.0241  0.0248  0.0230  0.0239
  0.0261  0.0272  0.0258  0.0283  0.0280  0.0265  0.0260  0.0268  0.0256  0.0288  0.0234  0.0252
registration optimization eta report
parameter search radius
    2.4000    3.1740    3.6501   10.9503   10.9503    8.2800
    8.2800    7.2000    8.2800    9.5220    7.2000   10.9503
100000*second partial in parameter space
       57.       44.       23.        4.        4.        5.
        5.        8.        4.        7.        1.        2.
  0.0260  0.0272  0.0257  0.0275  0.0274  0.0258  0.0261  0.0272  0.0256  0.0282  0.0235  0.0252
  0.0242  0.0248  0.0240  0.0251  0.0251  0.0243  0.0243  0.0245  0.0241  0.0254  0.0230  0.0238
  0.0231  0.0233  0.0231  0.0235  0.0235  0.0232  0.0231  0.0230  0.0231  0.0236  0.0228  0.0230
  0.0227  0.0227  0.0227  0.0227  0.0227  0.0227  0.0227  0.0227  0.0227  0.0227  0.0227  0.0227
  0.0231  0.0232  0.0231  0.0225  0.0230  0.0222  0.0232  0.0234  0.0231  0.0228  0.0228  0.0230
  0.0242  0.0248  0.0241  0.0244  0.0244  0.0234  0.0244  0.0248  0.0241  0.0248  0.0230  0.0239
  0.0261  0.0272  0.0258  0.0283  0.0280  0.0265  0.0260  0.0268  0.0256  0.0288  0.0234  0.0252
   -1.3948   -6.9481   -0.5921  -17.6561  -23.5672  -14.1140
    4.1878    7.2925   -5.6757   33.7347   -5.9766  -36.3074
eta,q 0.97727 17.44404

---------------------------------------------------------------------
imgreg_4dfp /usr/local/freesurfer/average/711-2C_as_mni_average_305 /usr/local/freesurfer/average/711-2B_as_mni_average_305_mask talsrcimg_g11 none talsrcimg_to_711-2C_as_mni_average_305_t4 2311
---------------------------------------------------------------------

freesurfer imgreg_4dfp.c
/usr/local/freesurfer/average/711-2C_as_mni_average_305.4dfp.img
       256       256       256         1
  1.000000  1.000000  1.000000
orientation T byte_order littleendian
Reading image: /usr/local/freesurfer/average/711-2C_as_mni_average_305.4dfp.img
dimensions:      256       256       256
mmppix:       1.0000   -1.0000   -1.0000
center:     128.0000 -129.0000 -129.0000
/usr/local/freesurfer/average/711-2B_as_mni_average_305_mask.4dfp.img
       256       256       256         1
  1.000000  1.000000  1.000000
orientation T byte_order littleendian
Reading mask: /usr/local/freesurfer/average/711-2B_as_mni_average_305_mask.4dfp.img (2306576 pixels)
talsrcimg_g11.4dfp.img
       256       256       256         1
  1.000000  1.000000  1.000000
orientation T byte_order littleendian
Reading image: talsrcimg_g11.4dfp.img
dimensions:      256       256       256
mmppix:       1.0000   -1.0000   -1.0000
center:     128.0000 -129.0000 -129.0000
fimgreg.f
image alignment mode   2311 decimal      907 hex
parameters
   -1.3948   -6.9481   -0.5921  -17.6561  -23.5672  -14.1140
    4.1878    7.2925   -5.6757   33.7347   -5.9766  -36.3074
eta,q 0.97727 17.44404
niter,ni,del,rscale     5    3    5.0000    0.8000
parameters
   -1.3845   -6.9431   -0.6008  -15.5639  -22.4079  -12.4957
    4.2301    7.7189   -5.1883   34.5237   -4.2922  -37.0385
eta,q 0.97821 17.90428
  0.0242  0.0239  0.0233  0.0239  0.0238  0.0236  0.0234  0.0251  0.0233  0.0243  0.0226  0.0222
  0.0234  0.0233  0.0230  0.0234  0.0232  0.0230  0.0227  0.0233  0.0227  0.0234  0.0222  0.0220
  0.0229  0.0229  0.0228  0.0230  0.0227  0.0227  0.0222  0.0224  0.0222  0.0227  0.0220  0.0218
  0.0227  0.0227  0.0227  0.0227  0.0225  0.0224  0.0220  0.0220  0.0220  0.0220  0.0218  0.0218
  0.0229  0.0229  0.0228  0.0225  0.0224  0.0220  0.0222  0.0222  0.0221  0.0218  0.0218  0.0219
  0.0234  0.0233  0.0230  0.0225  0.0226  0.0219  0.0226  0.0229  0.0224  0.0223  0.0218  0.0222
  0.0242  0.0239  0.0233  0.0228  0.0230  0.0227  0.0234  0.0240  0.0229  0.0235  0.0220  0.0226
niter,ni,del,rscale     4    3    5.0000    0.7000
parameters
   -1.4495   -7.0163   -0.7172  -15.0361  -22.4559  -12.5160
    4.3784    7.6108   -5.1845   34.6819   -3.9064  -37.1832
eta,q 0.97833 17.94719
  0.0229  0.0228  0.0223  0.0228  0.0225  0.0230  0.0228  0.0236  0.0226  0.0235  0.0221  0.0221
  0.0223  0.0222  0.0220  0.0224  0.0221  0.0226  0.0222  0.0225  0.0221  0.0228  0.0219  0.0219
  0.0219  0.0219  0.0218  0.0221  0.0218  0.0221  0.0218  0.0219  0.0218  0.0221  0.0217  0.0217
  0.0218  0.0218  0.0218  0.0218  0.0217  0.0217  0.0217  0.0217  0.0217  0.0217  0.0217  0.0217
  0.0220  0.0220  0.0219  0.0216  0.0218  0.0217  0.0218  0.0219  0.0218  0.0217  0.0217  0.0217
  0.0224  0.0224  0.0222  0.0219  0.0221  0.0223  0.0221  0.0226  0.0221  0.0223  0.0218  0.0219
  0.0232  0.0230  0.0225  0.0226  0.0226  0.0233  0.0227  0.0238  0.0226  0.0235  0.0219  0.0222
niter,ni,del,rscale     3    3    5.0000    0.6000
parameters
   -1.4980   -7.0107   -0.7179  -14.8059  -22.4536  -12.3694
    4.3680    7.5922   -5.1576   34.7990   -3.7708  -37.2644
eta,q 0.97841 17.98115
  0.0226  0.0225  0.0222  0.0225  0.0223  0.0228  0.0224  0.0231  0.0223  0.0231  0.0219  0.0219
  0.0221  0.0220  0.0219  0.0222  0.0220  0.0224  0.0220  0.0223  0.0219  0.0225  0.0217  0.0218
  0.0218  0.0218  0.0217  0.0219  0.0217  0.0220  0.0217  0.0218  0.0217  0.0219  0.0216  0.0216
  0.0217  0.0217  0.0217  0.0217  0.0216  0.0216  0.0216  0.0216  0.0216  0.0216  0.0216  0.0216
  0.0218  0.0218  0.0217  0.0216  0.0217  0.0216  0.0217  0.0218  0.0217  0.0216  0.0216  0.0216
  0.0222  0.0220  0.0219  0.0219  0.0219  0.0221  0.0220  0.0222  0.0219  0.0222  0.0217  0.0218
  0.0228  0.0225  0.0222  0.0225  0.0223  0.0229  0.0224  0.0232  0.0223  0.0231  0.0218  0.0220
niter,ni,del,rscale     2    3    5.0000    0.5000
parameters
   -1.5064   -6.9826   -0.6614  -14.5900  -22.5007  -12.1745
    4.3253    7.6279   -5.1457   34.8999   -3.6213  -37.2653
eta,q 0.97848 18.01000
  0.0223  0.0222  0.0220  0.0223  0.0220  0.0226  0.0221  0.0227  0.0220  0.0227  0.0217  0.0218
  0.0219  0.0219  0.0218  0.0220  0.0218  0.0222  0.0218  0.0220  0.0218  0.0222  0.0216  0.0217
  0.0217  0.0217  0.0216  0.0218  0.0216  0.0219  0.0216  0.0217  0.0216  0.0218  0.0216  0.0216
  0.0216  0.0216  0.0216  0.0216  0.0216  0.0216  0.0215  0.0215  0.0215  0.0215  0.0215  0.0215
  0.0217  0.0217  0.0216  0.0216  0.0216  0.0215  0.0216  0.0216  0.0216  0.0216  0.0215  0.0216
  0.0219  0.0218  0.0217  0.0218  0.0218  0.0219  0.0218  0.0220  0.0218  0.0220  0.0216  0.0216
  0.0223  0.0221  0.0219  0.0222  0.0221  0.0225  0.0221  0.0226  0.0220  0.0227  0.0217  0.0218
niter,ni,del,rscale     1    3    5.0000    0.4000
parameters
   -1.5003   -6.9468   -0.5776  -14.3901  -22.5786  -11.9483
    4.2929    7.6755   -5.1396   34.9743   -3.4936  -37.2347
eta,q 0.97853 18.03467
  0.0220  0.0219  0.0218  0.0220  0.0218  0.0223  0.0218  0.0222  0.0218  0.0223  0.0216  0.0217
  0.0217  0.0217  0.0217  0.0218  0.0216  0.0220  0.0216  0.0218  0.0216  0.0219  0.0215  0.0216
  0.0216  0.0216  0.0216  0.0216  0.0215  0.0217  0.0215  0.0216  0.0215  0.0216  0.0215  0.0215
  0.0215  0.0215  0.0215  0.0215  0.0215  0.0215  0.0215  0.0215  0.0215  0.0215  0.0215  0.0215
  0.0216  0.0216  0.0215  0.0215  0.0216  0.0215  0.0215  0.0215  0.0215  0.0215  0.0215  0.0215
  0.0217  0.0217  0.0216  0.0217  0.0217  0.0217  0.0217  0.0218  0.0216  0.0218  0.0215  0.0215
  0.0220  0.0219  0.0217  0.0219  0.0218  0.0222  0.0219  0.0222  0.0218  0.0222  0.0216  0.0216
registration optimization eta report
parameter search radius
    0.8000    0.8000    0.8000    2.4000    2.4000    2.4000
    2.4000    2.4000    2.4000    2.4000    2.4000    2.4000
100000*second partial in parameter space
       74.       60.       39.        8.        5.       12.
        6.       13.        6.       14.        2.        3.
  0.0220  0.0219  0.0218  0.0220  0.0218  0.0223  0.0218  0.0222  0.0218  0.0223  0.0216  0.0217
  0.0217  0.0217  0.0217  0.0218  0.0216  0.0220  0.0216  0.0218  0.0216  0.0219  0.0215  0.0216
  0.0216  0.0216  0.0216  0.0216  0.0215  0.0217  0.0215  0.0216  0.0215  0.0216  0.0215  0.0215
  0.0215  0.0215  0.0215  0.0215  0.0215  0.0215  0.0215  0.0215  0.0215  0.0215  0.0215  0.0215
  0.0216  0.0216  0.0215  0.0215  0.0216  0.0215  0.0215  0.0215  0.0215  0.0215  0.0215  0.0215
  0.0217  0.0217  0.0216  0.0217  0.0217  0.0217  0.0217  0.0218  0.0216  0.0218  0.0215  0.0215
  0.0220  0.0219  0.0217  0.0219  0.0218  0.0222  0.0219  0.0222  0.0218  0.0222  0.0216  0.0216
   -1.5003   -6.9468   -0.5776  -14.3901  -22.5786  -11.9483
    4.2929    7.6755   -5.1396   34.9743   -3.4936  -37.2347
eta,q 0.97853 18.03467

---------------------------------------------------------------------
imgreg_4dfp /usr/local/freesurfer/average/711-2C_as_mni_average_305 /usr/local/freesurfer/average/711-2B_as_mni_average_305_mask talsrcimg_g11 none talsrcimg_to_711-2C_as_mni_average_305_t4 2311
---------------------------------------------------------------------

freesurfer imgreg_4dfp.c
/usr/local/freesurfer/average/711-2C_as_mni_average_305.4dfp.img
       256       256       256         1
  1.000000  1.000000  1.000000
orientation T byte_order littleendian
Reading image: /usr/local/freesurfer/average/711-2C_as_mni_average_305.4dfp.img
dimensions:      256       256       256
mmppix:       1.0000   -1.0000   -1.0000
center:     128.0000 -129.0000 -129.0000
/usr/local/freesurfer/average/711-2B_as_mni_average_305_mask.4dfp.img
       256       256       256         1
  1.000000  1.000000  1.000000
orientation T byte_order littleendian
Reading mask: /usr/local/freesurfer/average/711-2B_as_mni_average_305_mask.4dfp.img (2306576 pixels)
talsrcimg_g11.4dfp.img
       256       256       256         1
  1.000000  1.000000  1.000000
orientation T byte_order littleendian
Reading image: talsrcimg_g11.4dfp.img
dimensions:      256       256       256
mmppix:       1.0000   -1.0000   -1.0000
center:     128.0000 -129.0000 -129.0000
fimgreg.f
image alignment mode   2311 decimal      907 hex
parameters
   -1.5003   -6.9468   -0.5776  -14.3901  -22.5786  -11.9483
    4.2929    7.6755   -5.1396   34.9743   -3.4936  -37.2348
eta,q 0.97853 18.03468
niter,ni,del,rscale     5    3    5.0000    0.8000
parameters
   -1.4873   -6.8965   -0.4079  -15.0356  -22.8115  -12.3324
    4.4253    7.5265   -5.2061   34.7993   -3.8960  -36.9328
eta,q 0.97836 17.93314
  0.0234  0.0231  0.0227  0.0226  0.0226  0.0231  0.0231  0.0241  0.0228  0.0236  0.0220  0.0223
  0.0224  0.0222  0.0221  0.0222  0.0220  0.0226  0.0223  0.0227  0.0221  0.0228  0.0218  0.0220
  0.0217  0.0217  0.0216  0.0217  0.0217  0.0220  0.0218  0.0219  0.0217  0.0221  0.0217  0.0218
  0.0215  0.0215  0.0215  0.0215  0.0215  0.0215  0.0216  0.0216  0.0216  0.0216  0.0217  0.0216
  0.0217  0.0216  0.0215  0.0216  0.0217  0.0218  0.0218  0.0219  0.0218  0.0218  0.0217  0.0217
  0.0223  0.0221  0.0218  0.0225  0.0221  0.0227  0.0222  0.0228  0.0222  0.0227  0.0219  0.0219
  0.0234  0.0229  0.0222  0.0239  0.0228  0.0241  0.0229  0.0245  0.0228  0.0243  0.0221  0.0222
niter,ni,del,rscale     4    3    5.0000    0.7000
parameters
   -1.4797   -6.9850   -0.5832  -15.0378  -22.6181  -12.4040
    4.3525    7.5693   -5.2080   34.7623   -3.8945  -37.0720
eta,q 0.97837 17.94222
  0.0230  0.0226  0.0222  0.0226  0.0226  0.0229  0.0227  0.0237  0.0225  0.0234  0.0220  0.0221
  0.0223  0.0220  0.0218  0.0223  0.0221  0.0225  0.0221  0.0225  0.0220  0.0227  0.0218  0.0219
  0.0218  0.0217  0.0216  0.0219  0.0218  0.0221  0.0217  0.0219  0.0217  0.0220  0.0217  0.0217
  0.0216  0.0216  0.0216  0.0216  0.0216  0.0216  0.0216  0.0216  0.0216  0.0216  0.0216  0.0216
  0.0218  0.0218  0.0218  0.0216  0.0217  0.0216  0.0218  0.0218  0.0217  0.0217  0.0217  0.0217
  0.0222  0.0222  0.0221  0.0220  0.0220  0.0224  0.0221  0.0224  0.0221  0.0224  0.0218  0.0219
  0.0230  0.0229  0.0224  0.0229  0.0224  0.0233  0.0227  0.0236  0.0225  0.0237  0.0220  0.0222
niter,ni,del,rscale     3    3    5.0000    0.6000
parameters
   -1.4883   -6.9941   -0.6464  -14.8065  -22.5377  -12.3030
    4.3413    7.6015   -5.1761   34.8296   -3.7596  -37.1905
eta,q 0.97842 17.97830
  0.0226  0.0225  0.0221  0.0225  0.0223  0.0227  0.0224  0.0231  0.0223  0.0230  0.0219  0.0219
  0.0221  0.0220  0.0218  0.0222  0.0219  0.0224  0.0219  0.0223  0.0219  0.0224  0.0217  0.0217
  0.0218  0.0217  0.0217  0.0219  0.0217  0.0220  0.0217  0.0218  0.0217  0.0219  0.0216  0.0216
  0.0216  0.0216  0.0216  0.0216  0.0216  0.0216  0.0216  0.0216  0.0216  0.0216  0.0216  0.0216
  0.0218  0.0217  0.0217  0.0216  0.0217  0.0216  0.0217  0.0217  0.0217  0.0216  0.0216  0.0216
  0.0221  0.0220  0.0219  0.0218  0.0219  0.0221  0.0220  0.0222  0.0219  0.0222  0.0217  0.0218
  0.0227  0.0225  0.0222  0.0225  0.0223  0.0229  0.0224  0.0231  0.0222  0.0231  0.0218  0.0220
niter,ni,del,rscale     2    3    5.0000    0.5000
parameters
   -1.4963   -6.9753   -0.6196  -14.5829  -22.5469  -12.1361
    4.3229    7.6345   -5.1565   34.9176   -3.6219  -37.2266
eta,q 0.97848 18.00915
  0.0223  0.0222  0.0220  0.0223  0.0220  0.0225  0.0221  0.0226  0.0220  0.0227  0.0217  0.0218
  0.0219  0.0219  0.0217  0.0220  0.0218  0.0222  0.0218  0.0220  0.0217  0.0222  0.0216  0.0216
  0.0217  0.0216  0.0216  0.0217  0.0216  0.0219  0.0216  0.0217  0.0216  0.0218  0.0215  0.0216
  0.0216  0.0216  0.0216  0.0216  0.0216  0.0216  0.0215  0.0215  0.0215  0.0215  0.0215  0.0215
  0.0217  0.0216  0.0216  0.0216  0.0216  0.0215  0.0216  0.0216  0.0216  0.0216  0.0215  0.0215
  0.0219  0.0218  0.0217  0.0217  0.0218  0.0219  0.0218  0.0220  0.0217  0.0220  0.0216  0.0216
  0.0223  0.0221  0.0219  0.0222  0.0220  0.0225  0.0221  0.0226  0.0220  0.0227  0.0217  0.0218
niter,ni,del,rscale     1    3    5.0000    0.4000
parameters
   -1.4981   -6.9416   -0.5466  -14.3825  -22.6062  -11.9202
    4.2989    7.6819   -5.1470   34.9857   -3.4863  -37.1965
eta,q 0.97853 18.03445
  0.0220  0.0219  0.0218  0.0220  0.0218  0.0223  0.0218  0.0222  0.0218  0.0223  0.0216  0.0216
  0.0217  0.0217  0.0217  0.0218  0.0216  0.0220  0.0216  0.0218  0.0216  0.0219  0.0215  0.0216
  0.0216  0.0216  0.0216  0.0216  0.0215  0.0217  0.0215  0.0216  0.0215  0.0216  0.0215  0.0215
  0.0215  0.0215  0.0215  0.0215  0.0215  0.0215  0.0215  0.0215  0.0215  0.0215  0.0215  0.0215
  0.0216  0.0216  0.0215  0.0215  0.0215  0.0215  0.0215  0.0215  0.0215  0.0215  0.0215  0.0215
  0.0217  0.0217  0.0216  0.0216  0.0217  0.0217  0.0216  0.0218  0.0216  0.0218  0.0215  0.0215
  0.0220  0.0219  0.0217  0.0219  0.0218  0.0222  0.0218  0.0222  0.0218  0.0222  0.0216  0.0216
registration optimization eta report
parameter search radius
    0.8000    0.8000    0.8000    2.4000    2.4000    2.4000
    2.4000    2.4000    2.4000    2.4000    2.4000    2.4000
100000*second partial in parameter space
       74.       60.       39.        8.        5.       12.
        6.       13.        6.       14.        2.        3.
  0.0220  0.0219  0.0218  0.0220  0.0218  0.0223  0.0218  0.0222  0.0218  0.0223  0.0216  0.0216
  0.0217  0.0217  0.0217  0.0218  0.0216  0.0220  0.0216  0.0218  0.0216  0.0219  0.0215  0.0216
  0.0216  0.0216  0.0216  0.0216  0.0215  0.0217  0.0215  0.0216  0.0215  0.0216  0.0215  0.0215
  0.0215  0.0215  0.0215  0.0215  0.0215  0.0215  0.0215  0.0215  0.0215  0.0215  0.0215  0.0215
  0.0216  0.0216  0.0215  0.0215  0.0215  0.0215  0.0215  0.0215  0.0215  0.0215  0.0215  0.0215
  0.0217  0.0217  0.0216  0.0216  0.0217  0.0217  0.0216  0.0218  0.0216  0.0218  0.0215  0.0215
  0.0220  0.0219  0.0217  0.0219  0.0218  0.0222  0.0218  0.0222  0.0218  0.0222  0.0216  0.0216
   -1.4981   -6.9416   -0.5466  -14.3825  -22.6062  -11.9202
    4.2989    7.6819   -5.1470   34.9857   -3.4863  -37.1965
eta,q 0.97853 18.03445

---------------------------------------------------------------------
compute_vox2vox talsrcimg talsrcimg_to_711-2C_as_mni_average_305_t4 /usr/local/freesurfer/average/711-2C_as_mni_average_305
---------------------------------------------------------------------

freesurfer compute_vox2vox.c
Reading: talsrcimg.4dfp.ifh
Reading: talsrcimg_to_711-2C_as_mni_average_305_t4
Reading: /usr/local/freesurfer/average/711-2C_as_mni_average_305.4dfp.ifh
Writing: talsrcimg_to_711-2C_as_mni_average_305_t4_vox2vox.txt

start time Mon Jun 2 19:10:58 UTC 2025
end		time Mon Jun 2 19:11:17 UTC 2025

mpr2mni305 success

avi2talxfm orig_nu.mgz /usr/local/freesurfer/average/mni305.cor.mgz talsrcimg_to_711-2C_as_mni_average_305_t4_vox2vox.txt transforms/talairach.auto.xfm
avi2talxfm done
mv -f /home/freesurfer/subjects/sub-041/mri/talsrcimg_to_711-2C_as_mni_average_305_t4_vox2vox.txt /home/freesurfer/subjects/sub-041/mri/transforms/talsrcimg_to_711-2C_as_mni_average_305_t4_vox2vox.txt
lta_convert --src orig_nu.mgz --trg /usr/local/freesurfer/average/mni305.cor.mgz --inxfm transforms/talairach.auto.xfm --outlta transforms/talairach.auto.xfm.lta --subject fsaverage
7.4.1

--src: orig_nu.mgz src image (geometry).
--trg: /usr/local/freesurfer/average/mni305.cor.mgz trg image (geometry).
--inmni: transforms/talairach.auto.xfm input MNI/XFM transform.
--outlta: transforms/talairach.auto.xfm.lta output LTA.
--s: fsaverage subject name
 LTA read, type : 1
 1.15970  -0.06345  -0.09491  -7.12404;
 0.06589   0.94973   0.45279  -23.41016;
 0.04734  -0.43354   1.08110  -8.53267;
 0.00000   0.00000   0.00000   1.00000;
setting subject to fsaverage
Writing  LTA to file transforms/talairach.auto.xfm.lta...
lta_convert successful.
 
 
Started at Mon Jun 2 19:10:57 UTC 2025
Ended   at Mon Jun  2 19:11:17 UTC 2025
talairach_avi done
