/home/freesurfer/subjects/sub-001/mri
/usr/local/freesurfer/bin/talairach_avi
--i orig_nu.mgz --xfm transforms/talairach.auto.xfm
talairach_avi 7.4.1
Linux d0db95021450 6.11.0-26-generic #26~24.04.1-Ubuntu SMP PREEMPT_DYNAMIC Thu Apr 17 19:20:47 UTC 2 x86_64 x86_64 x86_64 GNU/Linux
Wed May 28 16:14:14 UTC 2025
mri_convert orig_nu.mgz talsrcimg.img 
reading from orig_nu.mgz...
TR=8.19, TE=0.00, TI=0.00, flip angle=0.00
i_ras = (-1, 1.16415e-09, 0)
j_ras = (0, 0, -1)
k_ras = (-5.12227e-09, 1, 3.72529e-09)
writing to talsrcimg.img...
Analyze Output Matrix
-1.00000   0.00000  -0.00000   125.43965;
 0.00000   0.00000   1.00000  -96.26326;
 0.00000  -1.00000   0.00000   144.04692;
 0.00000   0.00000   0.00000   1.00000;
--------------------
INFO: set hdr.hist.orient to -1
mpr2mni305 talsrcimg
Wed May 28 16:14:15 UTC 2025
/usr/local/freesurfer/bin/mpr2mni305 talsrcimg
mpr2mni305 7.4.1
target=711-2C_as_mni_average_305

---------------------------------------------------------------------
analyzeto4dfp talsrcimg -O0 -y
---------------------------------------------------------------------

freesurfer ifh2hdr.c
Wed May 28 16:14:15 2025
Writing: talsrcimg.4dfp.hdr
freesurfer analyzeto4dfp.c
Reading: talsrcimg.hdr
header size 348 bytes
hdr.dime.datatype	offset=70	value=2
hdr.dime.bitpix		offset=72	value=8
hdr.hist.orient		offset=252	value=-1
dimensionality     4
dimensions       256       256       256         1
Reading: talsrcimg.img
Writing: talsrcimg.4dfp.img
Writing: talsrcimg.4dfp.ifh
ifh2hdr talsrcimg -r0to241
ori=2

---------------------------------------------------------------------
gauss_4dfp talsrcimg 1.1
---------------------------------------------------------------------

freesurfer gauss_4dfp.c
Reading: talsrcimg.4dfp.img
Writing: talsrcimg_g11.4dfp.img
image dimensions 256 256 256 padded to 288 288 288
processing volume 1freesurfer ifh2hdr.c
Wed May 28 16:14:20 2025
Writing: talsrcimg_g11.4dfp.hdr

Writing: talsrcimg_g11.4dfp.ifh
including: talsrcimg.4dfp.img.rec in talsrcimg_g11.4dfp.img.rec

---------------------------------------------------------------------
imgreg_4dfp /usr/local/freesurfer/average/711-2C_as_mni_average_305 none talsrcimg_g11 none talsrcimg_to_711-2C_as_mni_average_305_t4 4355
---------------------------------------------------------------------

freesurfer imgreg_4dfp.c
/usr/local/freesurfer/average/711-2C_as_mni_average_305.4dfp.img
       256       256       256         1
  1.000000  1.000000  1.000000
orientation T byte_order littleendian
Reading image: /usr/local/freesurfer/average/711-2C_as_mni_average_305.4dfp.img
dimensions:      256       256       256
mmppix:       1.0000   -1.0000   -1.0000
center:     128.0000 -129.0000 -129.0000
talsrcimg_g11.4dfp.img
       256       256       256         1
  1.000000  1.000000  1.000000
orientation T byte_order littleendian
Reading image: talsrcimg_g11.4dfp.img
dimensions:      256       256       256
mmppix:       1.0000   -1.0000   -1.0000
center:     128.0000 -129.0000 -129.0000
t4_read: open error in t4_sub.f l:  41 t4_file(1:l)talsrcimg_to_711-2C_as_mni_average_305_t4 
t4_read: transform initialized to I4
rotation matrix determinant  1.000000
image alignment mode   4355 decimal     1103 hex
   -7.5000  -45.0000  -45.0000 9405.1455   16.7461
    0.0000  -45.0000  -45.0000 9790.2383   16.7837
    7.5000  -45.0000  -45.0000 9325.7383   16.8311
   -7.5000  -37.5000  -45.0000 9979.5361   16.7690
    0.0000  -37.5000  -45.000010381.5303   16.7941
    7.5000  -37.5000  -45.0000 9876.2539   16.8377
   -7.5000  -30.0000  -45.000010850.0859   16.7753
    0.0000  -30.0000  -45.000011275.5186   16.7909
    7.5000  -30.0000  -45.000010731.8457   16.8317
   -7.5000  -22.5000  -45.000011596.5410   16.7522
    0.0000  -22.5000  -45.000012035.9609   16.7720
    7.5000  -22.5000  -45.000011490.3213   16.8130
   -7.5000  -15.0000  -45.000012296.3965   16.7234
    0.0000  -15.0000  -45.000012762.0928   16.7554
    7.5000  -15.0000  -45.000012192.8770   16.7996
   -7.5000   -7.5000  -45.000013013.0557   16.7212
    0.0000   -7.5000  -45.000013510.3096   16.7614
    7.5000   -7.5000  -45.000012903.3535   16.8094
   -7.5000    0.0000  -45.000013640.7783   16.7437
    0.0000    0.0000  -45.000014170.4043   16.7812
    7.5000    0.0000  -45.000013504.8662   16.8287
   -7.5000    7.5000  -45.000013098.0674   16.7690
    0.0000    7.5000  -45.000013573.9355   16.7941
    7.5000    7.5000  -45.000012922.5527   16.8377
   -7.5000   15.0000  -45.000012232.2266   16.7753
    0.0000   15.0000  -45.000012679.2354   16.7909
    7.5000   15.0000  -45.000012046.8779   16.8317
   -7.5000   22.5000  -45.000011215.4258   16.7499
    0.0000   22.5000  -45.000011648.8125   16.7697
    7.5000   22.5000  -45.000011042.4688   16.8107
   -7.5000   30.0000  -45.000010137.7627   16.5005
    0.0000   30.0000  -45.000010546.5225   16.5321
    7.5000   30.0000  -45.0000 9995.3154   16.5758
   -7.5000   37.5000  -45.0000 9524.2998   16.4986
    0.0000   37.5000  -45.0000 9900.2197   16.5382
    7.5000   37.5000  -45.0000 9374.4268   16.5856
   -7.5000   45.0000  -45.0000 8629.8623   16.1432
    0.0000   45.0000  -45.0000 8976.7070   16.1792
    7.5000   45.0000  -45.0000 8486.5449   16.2248
   -7.5000  -45.0000  -37.5000 9905.3008   16.7130
    0.0000  -45.0000  -37.500010306.1914   16.7483
    7.5000  -45.0000  -37.5000 9812.2471   16.7893
   -7.5000  -37.5000  -37.500010534.6768   16.7338
    0.0000  -37.5000  -37.500010934.6152   16.7529
    7.5000  -37.5000  -37.500010402.6826   16.7868
   -7.5000  -30.0000  -37.500011474.7695   16.7475
    0.0000  -30.0000  -37.500011901.1064   16.7569
    7.5000  -30.0000  -37.500011336.2168   16.7857
   -7.5000  -22.5000  -37.500012265.2354   16.7352
    0.0000  -22.5000  -37.500012750.7422   16.7521
    7.5000  -22.5000  -37.500012154.5117   16.7822
   -7.5000  -15.0000  -37.500013000.0547   16.7104
    0.0000  -15.0000  -37.500013501.0137   16.7425
    7.5000  -15.0000  -37.500012888.1084   16.7791
   -7.5000   -7.5000  -37.500013697.1260   16.6996
    0.0000   -7.5000  -37.500014239.2207   16.7402
    7.5000   -7.5000  -37.500013612.5186   16.7826
   -7.5000    0.0000  -37.500014340.6025   16.7106
    0.0000    0.0000  -37.500014907.5859   16.7458
    7.5000    0.0000  -37.500014224.6846   16.7869
   -7.5000    7.5000  -37.500013747.4209   16.7338
    0.0000    7.5000  -37.500014265.2393   16.7529
    7.5000    7.5000  -37.500013600.6211   16.7868
   -7.5000   15.0000  -37.500012815.9580   16.7475
    0.0000   15.0000  -37.500013276.5752   16.7569
    7.5000   15.0000  -37.500012649.1348   16.7857
   -7.5000   22.5000  -37.500011740.0381   16.7329
    0.0000   22.5000  -37.500012143.7090   16.7498
    7.5000   22.5000  -37.500011584.8213   16.7799
   -7.5000   30.0000  -37.500010589.5508   16.4878
    0.0000   30.0000  -37.500010984.0244   16.5194
    7.5000   30.0000  -37.500010477.0479   16.5555
   -7.5000   37.5000  -37.5000 9922.9697   16.4772
    0.0000   37.5000  -37.500010303.6055   16.5173
    7.5000   37.5000  -37.5000 9810.3242   16.5592
   -7.5000   45.0000  -37.5000 8953.8545   16.1111
    0.0000   45.0000  -37.5000 9317.3223   16.1448
    7.5000   45.0000  -37.5000 8845.9941   16.1844
   -7.5000  -45.0000  -30.000010507.0498   17.4016
    0.0000  -45.0000  -30.000010943.0742   17.4366
    7.5000  -45.0000  -30.000010404.1904   17.4600
   -7.5000  -37.5000  -30.000011196.9941   17.4163
    0.0000  -37.5000  -30.000011645.1738   17.4332
    7.5000  -37.5000  -30.000011046.0410   17.4469
   -7.5000  -30.0000  -30.000012243.8896   17.4337
    0.0000  -30.0000  -30.000012716.7275   17.4406
    7.5000  -30.0000  -30.000012046.9502   17.4468
   -7.5000  -22.5000  -30.000013108.8975   17.4321
    0.0000  -22.5000  -30.000013649.2275   17.4482
    7.5000  -22.5000  -30.000012931.3438   17.4560
   -7.5000  -15.0000  -30.000013867.8203   17.4142
    0.0000  -15.0000  -30.000014419.1885   17.4475
    7.5000  -15.0000  -30.000013692.4736   17.4644
   -7.5000   -7.5000  -30.000014589.8320   17.3988
    0.0000   -7.5000  -30.000015181.2949   17.4408
    7.5000   -7.5000  -30.000014455.4707   17.4658
   -7.5000    0.0000  -30.000015251.0156   17.3991
    0.0000    0.0000  -30.000015862.5879   17.4341
    7.5000    0.0000  -30.000015115.4961   17.4575
   -7.5000    7.5000  -30.000014578.4082   17.4163
    0.0000    7.5000  -30.000015140.2812   17.4332
    7.5000    7.5000  -30.000014427.0078   17.4469
   -7.5000   15.0000  -30.000013556.1748   17.4337
    0.0000   15.0000  -30.000014055.5498   17.4406
    7.5000   15.0000  -30.000013401.9990   17.4468
   -7.5000   22.5000  -30.000012395.4141   17.4279
    0.0000   22.5000  -30.000012830.8076   17.4440
    7.5000   22.5000  -30.000012264.6230   17.4518
   -7.5000   30.0000  -30.000011203.2031   17.1838
    0.0000   30.0000  -30.000011605.8086   17.2166
    7.5000   30.0000  -30.000011098.7842   17.2333
   -7.5000   37.5000  -30.000010499.1025   17.1687
    0.0000   37.5000  -30.000010884.4072   17.2102
    7.5000   37.5000  -30.000010400.4873   17.2349
   -7.5000   45.0000  -30.0000 9456.7402   16.7875
    0.0000   45.0000  -30.0000 9820.2979   16.8211
    7.5000   45.0000  -30.0000 9343.2734   16.8437
   -7.5000  -45.0000  -22.500011101.3076   18.0307
    0.0000  -45.0000  -22.500011532.9209   18.0690
    7.5000  -45.0000  -22.500010949.9551   18.0817
   -7.5000  -37.5000  -22.500011808.1396   18.0413
    0.0000  -37.5000  -22.500012256.1592   18.0627
    7.5000  -37.5000  -22.500011590.1416   18.0658
   -7.5000  -30.0000  -22.500012964.0869   18.0544
    0.0000  -30.0000  -22.500013478.4893   18.0653
    7.5000  -30.0000  -22.500012699.5928   18.0602
   -7.5000  -22.5000  -22.500013935.4678   18.0521
    0.0000  -22.5000  -22.500014559.1826   18.0704
    7.5000  -22.5000  -22.500013660.3867   18.0662
   -7.5000  -15.0000  -22.500014725.3164   18.0377
    0.0000  -15.0000  -22.500015351.5635   18.0722
    7.5000  -15.0000  -22.500014484.4746   18.0771
   -7.5000   -7.5000  -22.500015448.6270   18.0269
    0.0000   -7.5000  -22.500016112.9170   18.0709
    7.5000   -7.5000  -22.500015279.2246   18.0842
   -7.5000    0.0000  -22.500016161.9775   18.0281
    0.0000    0.0000  -22.500016835.6797   18.0665
    7.5000    0.0000  -22.500015986.1201   18.0791
   -7.5000    7.5000  -22.500015434.6191   18.0413
    0.0000    7.5000  -22.500016072.8516   18.0627
    7.5000    7.5000  -22.500015233.4668   18.0658
   -7.5000   15.0000  -22.500014291.1689   18.0544
    0.0000   15.0000  -22.500014889.4492   18.0653
    7.5000   15.0000  -22.500014123.9082   18.0602
   -7.5000   22.5000  -22.500013095.1289   18.0465
    0.0000   22.5000  -22.500013610.2529   18.0649
    7.5000   22.5000  -22.500012961.2148   18.0606
   -7.5000   30.0000  -22.500011871.6494   17.8018
    0.0000   30.0000  -22.500012318.2188   17.8358
    7.5000   30.0000  -22.500011738.4131   17.8406
   -7.5000   37.5000  -22.500011140.7314   17.7913
    0.0000   37.5000  -22.500011562.2305   17.8347
    7.5000   37.5000  -22.500011005.5811   17.8479
   -7.5000   45.0000  -22.500010019.2842   17.4083
    0.0000   45.0000  -22.500010405.9668   17.4451
    7.5000   45.0000  -22.5000 9878.4531   17.4572
   -7.5000  -45.0000  -15.000011624.7920   18.5043
    0.0000  -45.0000  -15.000012072.2012   18.5466
    7.5000  -45.0000  -15.000011392.7334   18.5657
   -7.5000  -37.5000  -15.000012357.5127   18.5184
    0.0000  -37.5000  -15.000012834.3984   18.5468
    7.5000  -37.5000  -15.000012052.1445   18.5589
   -7.5000  -30.0000  -15.000013572.4600   18.5249
    0.0000  -30.0000  -15.000014148.4844   18.5427
    7.5000  -30.0000  -15.000013217.5938   18.5478
   -7.5000  -22.5000  -15.000014780.3438   18.5109
    0.0000  -22.5000  -15.000015480.2852   18.5328
    7.5000  -22.5000  -15.000014344.9492   18.5378
   -7.5000  -15.0000  -15.000015677.9590   18.4912
    0.0000  -15.0000  -15.000016423.7793   18.5266
    7.5000  -15.0000  -15.000015279.2637   18.5380
   -7.5000   -7.5000  -15.000016380.9355   18.4884
    0.0000   -7.5000  -15.000017158.3867   18.5334
    7.5000   -7.5000  -15.000016085.0537   18.5523
   -7.5000    0.0000  -15.000017094.1406   18.5017
    0.0000    0.0000  -15.000017882.7168   18.5439
    7.5000    0.0000  -15.000016785.4961   18.5631
   -7.5000    7.5000  -15.000016297.4199   18.5184
    0.0000    7.5000  -15.000017057.1094   18.5468
    7.5000    7.5000  -15.000015964.1309   18.5589
   -7.5000   15.0000  -15.000015102.1289   18.5249
    0.0000   15.0000  -15.000015794.7285   18.5427
    7.5000   15.0000  -15.000014811.5820   18.5478
   -7.5000   22.5000  -15.000013851.8330   18.5044
    0.0000   22.5000  -15.000014428.0254   18.5263
    7.5000   22.5000  -15.000013582.0547   18.5313
   -7.5000   30.0000  -15.000012565.0938   18.2519
    0.0000   30.0000  -15.000013060.2363   18.2868
    7.5000   30.0000  -15.000012338.5020   18.2981
   -7.5000   37.5000  -15.000011784.2070   18.2493
    0.0000   37.5000  -15.000012265.0400   18.2937
    7.5000   37.5000  -15.000011589.9268   18.3123
   -7.5000   45.0000  -15.000010591.8291   17.8768
    0.0000   45.0000  -15.000011033.2471   17.9174
    7.5000   45.0000  -15.000010395.0107   17.9358
   -7.5000  -45.0000   -7.500012096.2080   18.7268
    0.0000  -45.0000   -7.500012577.7559   18.7700
    7.5000  -45.0000   -7.500011790.9248   18.8085
   -7.5000  -37.5000   -7.500012861.1094   18.7484
    0.0000  -37.5000   -7.500013391.3164   18.7797
    7.5000  -37.5000   -7.500012503.3613   18.8140
   -7.5000  -30.0000   -7.500014179.6367   18.7518
    0.0000  -30.0000   -7.500014827.8057   18.7728
    7.5000  -30.0000   -7.500013750.0195   18.8031
   -7.5000  -22.5000   -7.500015584.2363   18.7261
    0.0000  -22.5000   -7.500016429.4062   18.7499
    7.5000  -22.5000   -7.500015003.9619   18.7797
   -7.5000  -15.0000   -7.500016864.1934   18.6974
    0.0000  -15.0000   -7.500017813.2500   18.7328
    7.5000  -15.0000   -7.500016172.0693   18.7664
   -7.5000   -7.5000   -7.500017631.3535   18.6988
    0.0000   -7.5000   -7.500018646.0020   18.7434
    7.5000   -7.5000   -7.500017017.4727   18.7818
   -7.5000    0.0000   -7.500018227.9082   18.7241
    0.0000    0.0000   -7.500019174.2871   18.7673
    7.5000    0.0000   -7.500017609.0039   18.8058
   -7.5000    7.5000   -7.500017225.8887   18.7484
    0.0000    7.5000   -7.500018127.8691   18.7797
    7.5000    7.5000   -7.500016637.2422   18.8140
   -7.5000   15.0000   -7.500015909.9551   18.7518
    0.0000   15.0000   -7.500016715.0840   18.7728
    7.5000   15.0000   -7.500015395.9766   18.8031
   -7.5000   22.5000   -7.500014555.8682   18.7175
    0.0000   22.5000   -7.500015237.4375   18.7413
    7.5000   22.5000   -7.500014100.3535   18.7710
   -7.5000   30.0000   -7.500013190.7578   18.4550
    0.0000   30.0000   -7.500013776.4258   18.4899
    7.5000   30.0000   -7.500012822.5645   18.5231
   -7.5000   37.5000   -7.500012377.6797   18.4565
    0.0000   37.5000   -7.500012941.1035   18.5005
    7.5000   37.5000   -7.500012065.3564   18.5384
   -7.5000   45.0000   -7.500011125.5283   18.0945
    0.0000   45.0000   -7.500011632.0742   18.1361
    7.5000   45.0000   -7.500010821.4795   18.1731
   -7.5000  -45.0000    0.000012373.8428   18.7387
    0.0000  -45.0000    0.000012893.5576   18.7807
    7.5000  -45.0000    0.000012079.2354   18.8338
   -7.5000  -37.5000    0.000013186.8965   18.7643
    0.0000  -37.5000    0.000013764.5625   18.7924
    7.5000  -37.5000    0.000012795.1123   18.8411
   -7.5000  -30.0000    0.000014602.5410   18.7714
    0.0000  -30.0000    0.000015322.4551   18.7888
    7.5000  -30.0000    0.000014068.8965   18.8345
   -7.5000  -22.5000    0.000016212.2646   18.7454
    0.0000  -22.5000    0.000017180.1562   18.7677
    7.5000  -22.5000    0.000015378.2988   18.8135
   -7.5000  -15.0000    0.000017723.4102   18.7132
    0.0000  -15.0000    0.000018937.3828   18.7490
    7.5000  -15.0000    0.000016609.8770   18.7985
   -7.5000   -7.5000    0.000018614.5078   18.7108
    0.0000   -7.5000    0.000019833.1328   18.7557
    7.5000   -7.5000    0.000017561.2930   18.8095
   -7.5000    0.0000    0.000019034.4941   18.7360
    0.0000    0.0000    0.000020101.4941   18.7780
    7.5000    0.0000    0.000018108.5078   18.8311
   -7.5000    7.5000    0.000017842.7012   18.7643
    0.0000    7.5000    0.000018820.5352   18.7924
    7.5000    7.5000    0.000017087.3203   18.8411
   -7.5000   15.0000    0.000016411.6602   18.7714
    0.0000   15.0000    0.000017301.5977   18.7888
    7.5000   15.0000    0.000015831.4492   18.8345
   -7.5000   22.5000    0.000014967.2773   18.7368
    0.0000   22.5000    0.000015721.7061   18.7591
    7.5000   22.5000    0.000014486.7891   18.8048
   -7.5000   30.0000    0.000013577.8721   18.4710
    0.0000   30.0000    0.000014236.5439   18.5064
    7.5000   30.0000    0.000013176.5967   18.5553
   -7.5000   37.5000    0.000012759.6758   18.4688
    0.0000   37.5000    0.000013380.9521   18.5132
    7.5000   37.5000    0.000012404.5986   18.5662
   -7.5000   45.0000    0.000011455.2412   18.1065
    0.0000   45.0000    0.000012026.8203   18.1469
    7.5000   45.0000    0.000011127.9043   18.1981
   -7.5000  -45.0000    7.500011710.2705   18.7023
    0.0000  -45.0000    7.500012188.8643   18.7417
    7.5000  -45.0000    7.500011424.5732   18.7877
   -7.5000  -37.5000    7.500012477.8555   18.7255
    0.0000  -37.5000    7.500012961.7754   18.7470
    7.5000  -37.5000    7.500012121.5928   18.7849
   -7.5000  -30.0000    7.500013785.1738   18.7408
    0.0000  -30.0000    7.500014408.2686   18.7514
    7.5000  -30.0000    7.500013369.0400   18.7837
   -7.5000  -22.5000    7.500015207.4463   18.7272
    0.0000  -22.5000    7.500016081.2158   18.7461
    7.5000  -22.5000    7.500014616.8408   18.7798
   -7.5000  -15.0000    7.500016434.1758   18.6994
    0.0000  -15.0000    7.500017479.4238   18.7353
    7.5000  -15.0000    7.500015725.4424   18.7762
   -7.5000   -7.5000    7.500017225.3555   18.6873
    0.0000   -7.5000    7.500018202.5195   18.7328
    7.5000   -7.5000    7.500016579.1074   18.7802
   -7.5000    0.0000    7.500017804.1973   18.6996
    0.0000    0.0000    7.500018758.8594   18.7390
    7.5000    0.0000    7.500017218.5273   18.7850
   -7.5000    7.5000    7.500016760.2109   18.7255
    0.0000    7.5000    7.500017746.9062   18.7470
    7.5000    7.5000    7.500016256.5967   18.7849
   -7.5000   15.0000    7.500015452.6709   18.7408
    0.0000   15.0000    7.500016403.2871   18.7514
    7.5000   15.0000    7.500015033.1885   18.7837
   -7.5000   22.5000    7.500014079.4180   18.7185
    0.0000   22.5000    7.500014900.8193   18.7374
    7.5000   22.5000    7.500013749.0176   18.7711
   -7.5000   30.0000    7.500012733.5488   18.4574
    0.0000   30.0000    7.500013435.3408   18.4929
    7.5000   30.0000    7.500012467.4082   18.5332
   -7.5000   37.5000    7.500011981.2988   18.4457
    0.0000   37.5000    7.500012649.2900   18.4905
    7.5000   37.5000    7.500011743.3291   18.5374
   -7.5000   45.0000    7.500010760.4727   18.0712
    0.0000   45.0000    7.500011347.5117   18.1091
    7.5000   45.0000    7.500010537.3828   18.1534
   -7.5000  -45.0000   15.000010864.0059   18.7085
    0.0000  -45.0000   15.000011257.6182   18.7462
    7.5000  -45.0000   15.000010670.6143   18.7713
   -7.5000  -37.5000   15.000011516.0498   18.7243
    0.0000  -37.5000   15.000011894.9141   18.7424
    7.5000  -37.5000   15.000011296.4395   18.7572
   -7.5000  -30.0000   15.000012650.7852   18.7430
    0.0000  -30.0000   15.000013131.7061   18.7505
    7.5000  -30.0000   15.000012433.6660   18.7571
   -7.5000  -22.5000   15.000013852.0586   18.7413
    0.0000  -22.5000   15.000014543.3525   18.7586
    7.5000  -22.5000   15.000013581.0840   18.7671
   -7.5000  -15.0000   15.000014910.0312   18.7221
    0.0000  -15.0000   15.000015672.0312   18.7580
    7.5000  -15.0000   15.000014595.1865   18.7762
   -7.5000   -7.5000   15.000015638.9229   18.7055
    0.0000   -7.5000   15.000016369.7236   18.7508
    7.5000   -7.5000   15.000015390.1348   18.7777
   -7.5000    0.0000   15.000016188.5430   18.7058
    0.0000    0.0000   15.000016948.8750   18.7435
    7.5000    0.0000   15.000015937.7588   18.7687
   -7.5000    7.5000   15.000015388.4082   18.7243
    0.0000    7.5000   15.000016188.3584   18.7424
    7.5000    7.5000   15.000015103.2715   18.7572
   -7.5000   15.0000   15.000014224.0703   18.7430
    0.0000   15.0000   15.000015015.6221   18.7505
    7.5000   15.0000   15.000013977.8545   18.7571
   -7.5000   22.5000   15.000012997.1494   18.7327
    0.0000   22.5000   15.000013694.9805   18.7500
    7.5000   22.5000   15.000012788.9707   18.7584
   -7.5000   30.0000   15.000011796.1279   18.4798
    0.0000   30.0000   15.000012398.4092   18.5152
    7.5000   30.0000   15.000011602.2178   18.5332
   -7.5000   37.5000   15.000011115.5146   18.4636
    0.0000   37.5000   15.000011688.7012   18.5083
    7.5000   37.5000   15.000010932.2822   18.5348
   -7.5000   45.0000   15.0000 9971.5049   18.0776
    0.0000   45.0000   15.000010458.2314   18.1138
    7.5000   45.0000   15.0000 9784.5869   18.1381
   -7.5000  -45.0000   22.500010087.8994   19.0082
    0.0000  -45.0000   22.500010445.3896   19.0495
    7.5000  -45.0000   22.5000 9972.9980   19.0634
   -7.5000  -37.5000   22.500010675.0176   19.0194
    0.0000  -37.5000   22.500011006.9863   19.0427
    7.5000  -37.5000   22.500010533.7686   19.0462
   -7.5000  -30.0000   22.500011710.7061   19.0339
    0.0000  -30.0000   22.500012092.8184   19.0459
    7.5000  -30.0000   22.500011552.2529   19.0404
   -7.5000  -22.5000   22.500012768.5625   19.0321
    0.0000  -22.5000   22.500013275.0967   19.0520
    7.5000  -22.5000   22.500012579.0176   19.0474
   -7.5000  -15.0000   22.500013710.9570   19.0169
    0.0000  -15.0000   22.500014238.1885   19.0540
    7.5000  -15.0000   22.500013493.0840   19.0594
   -7.5000   -7.5000   22.500014405.8779   19.0048
    0.0000   -7.5000   22.500014943.9199   19.0521
    7.5000   -7.5000   22.500014225.6973   19.0668
   -7.5000    0.0000   22.500014927.7930   19.0054
    0.0000    0.0000   22.500015541.4395   19.0468
    7.5000    0.0000   22.500014735.0996   19.0607
   -7.5000    7.5000   22.500014157.5889   19.0194
    0.0000    7.5000   22.500014773.0664   19.0427
    7.5000    7.5000   22.500013904.2031   19.0462
   -7.5000   15.0000   22.500013096.5186   19.0339
    0.0000   15.0000   22.500013717.9072   19.0459
    7.5000   15.0000   22.500012880.4541   19.0404
   -7.5000   22.5000   22.500011992.4727   19.0233
    0.0000   22.5000   22.500012561.9473   19.0432
    7.5000   22.5000   22.500011813.7617   19.0387
   -7.5000   30.0000   22.500010916.0977   18.7708
    0.0000   30.0000   22.500011437.0869   18.8075
    7.5000   30.0000   22.500010748.2080   18.8127
   -7.5000   37.5000   22.500010284.0020   18.7590
    0.0000   37.5000   22.500010796.2334   18.8058
    7.5000   37.5000   22.500010152.7168   18.8202
   -7.5000   45.0000   22.5000 9207.6592   18.3686
    0.0000   45.0000   22.5000 9654.2793   18.4084
    7.5000   45.0000   22.5000 9098.7197   18.4218
   -7.5000  -45.0000   30.0000 9304.1543   19.4197
    0.0000  -45.0000   30.0000 9652.1484   19.4659
    7.5000  -45.0000   30.0000 9233.5332   19.4842
   -7.5000  -37.5000   30.0000 9853.4668   19.4332
    0.0000  -37.5000   30.000010168.8477   19.4640
    7.5000  -37.5000   30.0000 9750.4746   19.4745
   -7.5000  -30.0000   30.000010789.7949   19.4389
    0.0000  -30.0000   30.000011132.4746   19.4580
    7.5000  -30.0000   30.000010648.2871   19.4608
   -7.5000  -22.5000   30.000011709.9932   19.4246
    0.0000  -22.5000   30.000012126.3799   19.4483
    7.5000  -22.5000   30.000011551.1670   19.4509
   -7.5000  -15.0000   30.000012534.1748   19.4052
    0.0000  -15.0000   30.000012937.6406   19.4438
    7.5000  -15.0000   30.000012361.8809   19.4534
   -7.5000   -7.5000   30.000013185.1719   19.4032
    0.0000   -7.5000   30.000013630.8584   19.4524
    7.5000   -7.5000   30.000013032.1064   19.4702
   -7.5000    0.0000   30.000013657.8965   19.4169
    0.0000    0.0000   30.000014150.7783   19.4630
    7.5000    0.0000   30.000013484.3584   19.4813
   -7.5000    7.5000   30.000012927.2178   19.4332
    0.0000    7.5000   30.000013416.4795   19.4640
    7.5000    7.5000   30.000012706.5771   19.4745
   -7.5000   15.0000   30.000011935.5283   19.4389
    0.0000   15.0000   30.000012436.0518   19.4580
    7.5000   15.0000   30.000011748.1348   19.4608
   -7.5000   22.5000   30.000010980.5615   19.4157
    0.0000   22.5000   30.000011435.9561   19.4393
    7.5000   22.5000   30.000010795.0459   19.4419
   -7.5000   30.0000   30.000010000.2959   19.1541
    0.0000   30.0000   30.000010450.8398   19.1921
    7.5000   30.0000   30.0000 9844.7031   19.2016
   -7.5000   37.5000   30.0000 9441.7168   19.1523
    0.0000   37.5000   30.0000 9886.4580   19.2009
    7.5000   37.5000   30.0000 9317.9570   19.2184
   -7.5000   45.0000   30.0000 8474.4238   18.7677
    0.0000   45.0000   30.0000 8856.7363   18.8122
    7.5000   45.0000   30.0000 8365.0762   18.8297
   -7.5000  -45.0000   37.5000 8951.8389   20.0229
    0.0000  -45.0000   37.5000 9302.7705   20.0725
    7.5000  -45.0000   37.5000 8890.8604   20.1138
   -7.5000  -37.5000   37.5000 9488.3838   20.0445
    0.0000  -37.5000   37.5000 9797.2305   20.0813
    7.5000  -37.5000   37.5000 9388.5723   20.1180
   -7.5000  -30.0000   37.500010358.9746   20.0484
    0.0000  -30.0000   37.500010670.0840   20.0742
    7.5000  -30.0000   37.500010217.2852   20.1062
   -7.5000  -22.5000   37.500011177.5283   20.0226
    0.0000  -22.5000   37.500011538.8242   20.0510
    7.5000  -22.5000   37.500011044.2119   20.0821
   -7.5000  -15.0000   37.500011912.8740   19.9932
    0.0000  -15.0000   37.500012282.1230   20.0340
    7.5000  -15.0000   37.500011794.6416   20.0691
   -7.5000   -7.5000   37.500012540.4062   19.9945
    0.0000   -7.5000   37.500012967.9854   20.0453
    7.5000   -7.5000   37.500012427.4150   20.0861
   -7.5000    0.0000   37.500012988.9023   20.0198
    0.0000    0.0000   37.500013439.2021   20.0694
    7.5000    0.0000   37.500012853.0400   20.1107
   -7.5000    7.5000   37.500012287.8984   20.0445
    0.0000    7.5000   37.500012737.4102   20.0813
    7.5000    7.5000   37.500012116.5645   20.1180
   -7.5000   15.0000   37.500011338.4980   20.0484
    0.0000   15.0000   37.500011790.4414   20.0742
    7.5000   15.0000   37.500011189.3184   20.1062
   -7.5000   22.5000   37.500010393.0850   20.0134
    0.0000   22.5000   37.500010847.7148   20.0417
    7.5000   22.5000   37.500010258.6025   20.0728
   -7.5000   30.0000   37.5000 9459.5586   19.7345
    0.0000   30.0000   37.5000 9887.0078   19.7747
    7.5000   30.0000   37.5000 9332.0547   19.8094
   -7.5000   37.5000   37.5000 8947.9004   19.7360
    0.0000   37.5000   37.5000 9369.2705   19.7861
    7.5000   37.5000   37.5000 8850.7217   19.8264
   -7.5000   45.0000   37.5000 8066.7451   19.3516
    0.0000   45.0000   37.5000 8440.3857   19.3994
    7.5000   45.0000   37.5000 7974.3057   19.4391
   -7.5000  -45.0000   45.0000 8239.2139   20.6798
    0.0000  -45.0000   45.0000 8583.7227   20.7343
    7.5000  -45.0000   45.0000 8188.4849   20.7895
   -7.5000  -37.5000   45.0000 8723.7207   20.7039
    0.0000  -37.5000   45.0000 9052.5361   20.7426
    7.5000  -37.5000   45.0000 8653.2070   20.7915
   -7.5000  -30.0000   45.0000 9513.1221   20.7140
    0.0000  -30.0000   45.0000 9826.3203   20.7407
    7.5000  -30.0000   45.0000 9413.0283   20.7839
   -7.5000  -22.5000   45.000010216.0254   20.6915
    0.0000  -22.5000   45.000010570.2627   20.7234
    7.5000  -22.5000   45.000010136.6240   20.7656
   -7.5000  -15.0000   45.000010861.7686   20.6594
    0.0000  -15.0000   45.000011223.1689   20.7065
    7.5000  -15.0000   45.000010794.7500   20.7537
   -7.5000   -7.5000   45.000011419.6406   20.6546
    0.0000   -7.5000   45.000011835.4336   20.7122
    7.5000   -7.5000   45.000011348.0898   20.7667
   -7.5000    0.0000   45.000011810.5654   20.6765
    0.0000    0.0000   45.000012257.7695   20.7310
    7.5000    0.0000   45.000011707.6562   20.7861
   -7.5000    7.5000   45.000011171.0273   20.7039
    0.0000    7.5000   45.000011596.3535   20.7426
    7.5000    7.5000   45.000011035.5674   20.7915
   -7.5000   15.0000   45.000010313.0713   20.7140
    0.0000   15.0000   45.000010738.1875   20.7407
    7.5000   15.0000   45.000010205.3975   20.7839
   -7.5000   22.5000   45.0000 9429.4297   20.6819
    0.0000   22.5000   45.0000 9855.9707   20.7138
    7.5000   22.5000   45.0000 9341.9766   20.7559
   -7.5000   30.0000   45.0000 8581.1357   20.3902
    0.0000   30.0000   45.0000 8978.2617   20.4367
    7.5000   30.0000   45.0000 8508.9463   20.4834
   -7.5000   37.5000   45.0000 8121.8613   20.3857
    0.0000   37.5000   45.0000 8510.5410   20.4426
    7.5000   37.5000   45.0000 8049.6714   20.4963
   -7.5000   45.0000   45.0000 7355.1099   19.9967
    0.0000   45.0000   45.0000 7685.9912   20.0492
    7.5000   45.0000   45.0000 7266.7505   20.1023

---------------------------------------------------------------------
imgreg_4dfp /usr/local/freesurfer/average/711-2C_as_mni_average_305 /usr/local/freesurfer/average/711-2B_as_mni_average_305_mask talsrcimg_g11 none talsrcimg_to_711-2C_as_mni_average_305_t4 4355
---------------------------------------------------------------------

freesurfer imgreg_4dfp.c
/usr/local/freesurfer/average/711-2C_as_mni_average_305.4dfp.img
       256       256       256         1
  1.000000  1.000000  1.000000
orientation T byte_order littleendian
Reading image: /usr/local/freesurfer/average/711-2C_as_mni_average_305.4dfp.img
dimensions:      256       256       256
mmppix:       1.0000   -1.0000   -1.0000
center:     128.0000 -129.0000 -129.0000
/usr/local/freesurfer/average/711-2B_as_mni_average_305_mask.4dfp.img
       256       256       256         1
  1.000000  1.000000  1.000000
orientation T byte_order littleendian
Reading mask: /usr/local/freesurfer/average/711-2B_as_mni_average_305_mask.4dfp.img (2306576 pixels)
talsrcimg_g11.4dfp.img
       256       256       256         1
  1.000000  1.000000  1.000000
orientation T byte_order littleendian
Reading image: talsrcimg_g11.4dfp.img
dimensions:      256       256       256
mmppix:       1.0000   -1.0000   -1.0000
center:     128.0000 -129.0000 -129.0000
rotation matrix determinant  1.000000
image alignment mode   4355 decimal     1103 hex
   -7.5000  -45.0000  -45.0000 2424.1750   18.6109
    0.0000  -45.0000  -45.0000 2433.2375   18.5734
    7.5000  -45.0000  -45.0000 2414.3435   18.8591
   -7.5000  -37.5000  -45.0000 2481.0049   17.4789
    0.0000  -37.5000  -45.0000 2487.4351   17.4642
    7.5000  -37.5000  -45.0000 2469.0454   17.7958
   -7.5000  -30.0000  -45.0000 2511.1450   16.6493
    0.0000  -30.0000  -45.0000 2517.2776   16.6655
    7.5000  -30.0000  -45.0000 2502.3018   16.9888
   -7.5000  -22.5000  -45.0000 2522.9497   16.0802
    0.0000  -22.5000  -45.0000 2524.4187   16.0786
    7.5000  -22.5000  -45.0000 2512.2891   16.4410
   -7.5000  -15.0000  -45.0000 2521.0061   15.7447
    0.0000  -15.0000  -45.0000 2521.7722   15.7351
    7.5000  -15.0000  -45.0000 2509.9519   16.1317
   -7.5000   -7.5000  -45.0000 2527.5842   15.6626
    0.0000   -7.5000  -45.0000 2523.4282   15.6586
    7.5000   -7.5000  -45.0000 2509.5537   16.0617
   -7.5000    0.0000  -45.0000 2514.1382   15.9102
    0.0000    0.0000  -45.0000 2525.3174   15.9585
    7.5000    0.0000  -45.0000 2499.6921   16.2917
   -7.5000    7.5000  -45.0000 2497.7249   16.5146
    0.0000    7.5000  -45.0000 2505.0957   16.5492
    7.5000    7.5000  -45.0000 2473.7930   16.8369
   -7.5000   15.0000  -45.0000 2451.1367   17.3768
    0.0000   15.0000  -45.0000 2460.6501   17.3830
    7.5000   15.0000  -45.0000 2427.3992   17.6738
   -7.5000   22.5000  -45.0000 2380.5884   18.4112
    0.0000   22.5000  -45.0000 2394.8555   18.4673
    7.5000   22.5000  -45.0000 2353.9275   18.7233
   -7.5000   30.0000  -45.0000 2279.3613   19.8056
    0.0000   30.0000  -45.0000 2297.8745   19.9263
    7.5000   30.0000  -45.0000 2261.5923   20.2273
   -7.5000   37.5000  -45.0000 2171.9573   21.7390
    0.0000   37.5000  -45.0000 2186.9160   21.9434
    7.5000   37.5000  -45.0000 2154.2332   22.2767
   -7.5000   45.0000  -45.0000 2040.6207   24.4191
    0.0000   45.0000  -45.0000 2050.5317   24.5995
    7.5000   45.0000  -45.0000 2024.7582   24.9712
   -7.5000  -45.0000  -37.5000 2502.7966   17.4631
    0.0000  -45.0000  -37.5000 2509.0071   17.3894
    7.5000  -45.0000  -37.5000 2490.3713   17.6807
   -7.5000  -37.5000  -37.5000 2561.0339   16.4682
    0.0000  -37.5000  -37.5000 2565.3901   16.4136
    7.5000  -37.5000  -37.5000 2549.0662   16.6813
   -7.5000  -30.0000  -37.5000 2590.0981   15.6820
    0.0000  -30.0000  -37.5000 2595.7776   15.6081
    7.5000  -30.0000  -37.5000 2585.7114   15.8770
   -7.5000  -22.5000  -37.5000 2605.9844   15.1284
    0.0000  -22.5000  -37.5000 2610.3423   15.0743
    7.5000  -22.5000  -37.5000 2604.0752   15.3786
   -7.5000  -15.0000  -37.5000 2607.2817   14.7997
    0.0000  -15.0000  -37.5000 2613.3589   14.7565
    7.5000  -15.0000  -37.5000 2602.6321   15.0840
   -7.5000   -7.5000  -37.5000 2601.6917   14.6144
    0.0000   -7.5000  -37.5000 2613.0891   14.6179
    7.5000   -7.5000  -37.5000 2599.4355   14.9926
   -7.5000    0.0000  -37.5000 2597.2334   14.8413
    0.0000    0.0000  -37.5000 2612.1543   14.8605
    7.5000    0.0000  -37.5000 2590.7415   15.2011
   -7.5000    7.5000  -37.5000 2585.1736   15.4033
    0.0000    7.5000  -37.5000 2591.0054   15.3571
    7.5000    7.5000  -37.5000 2569.3242   15.6845
   -7.5000   15.0000  -37.5000 2540.5703   16.2159
    0.0000   15.0000  -37.5000 2550.6274   16.1527
    7.5000   15.0000  -37.5000 2523.9695   16.4672
   -7.5000   22.5000  -37.5000 2467.6108   17.1968
    0.0000   22.5000  -37.5000 2478.8779   17.2144
    7.5000   22.5000  -37.5000 2451.6184   17.4919
   -7.5000   30.0000  -37.5000 2364.4438   18.5112
    0.0000   30.0000  -37.5000 2378.9512   18.5676
    7.5000   30.0000  -37.5000 2350.0767   18.8971
   -7.5000   37.5000  -37.5000 2250.8606   20.3064
    0.0000   37.5000  -37.5000 2264.6572   20.4229
    7.5000   37.5000  -37.5000 2237.3755   20.7575
   -7.5000   45.0000  -37.5000 2106.1912   22.7565
    0.0000   45.0000  -37.5000 2117.6047   22.8936
    7.5000   45.0000  -37.5000 2094.2366   23.2277
   -7.5000  -45.0000  -30.0000 2615.1887   17.0766
    0.0000  -45.0000  -30.0000 2622.4421   17.0412
    7.5000  -45.0000  -30.0000 2599.0308   17.2128
   -7.5000  -37.5000  -30.0000 2675.1406   16.0686
    0.0000  -37.5000  -30.0000 2681.9148   16.0089
    7.5000  -37.5000  -30.0000 2665.4324   16.2200
   -7.5000  -30.0000  -30.0000 2710.3650   15.3070
    0.0000  -30.0000  -30.0000 2718.6848   15.2397
    7.5000  -30.0000  -30.0000 2703.3677   15.4762
   -7.5000  -22.5000  -30.0000 2722.8367   14.7566
    0.0000  -22.5000  -30.0000 2735.2717   14.6856
    7.5000  -22.5000  -30.0000 2721.4822   14.9072
   -7.5000  -15.0000  -30.0000 2726.4731   14.3927
    0.0000  -15.0000  -30.0000 2739.2898   14.3161
    7.5000  -15.0000  -30.0000 2725.7876   14.6171
   -7.5000   -7.5000  -30.0000 2728.4397   14.1634
    0.0000   -7.5000  -30.0000 2740.6399   14.1489
    7.5000   -7.5000  -30.0000 2726.3018   14.5293
   -7.5000    0.0000  -30.0000 2725.1978   14.3961
    0.0000    0.0000  -30.0000 2738.2095   14.3608
    7.5000    0.0000  -30.0000 2723.3328   14.7341
   -7.5000    7.5000  -30.0000 2709.5420   14.9702
    0.0000    7.5000  -30.0000 2714.2275   14.8794
    7.5000    7.5000  -30.0000 2698.1514   15.2115
   -7.5000   15.0000  -30.0000 2663.0134   15.7623
    0.0000   15.0000  -30.0000 2670.9089   15.6571
    7.5000   15.0000  -30.0000 2646.2986   15.9482
   -7.5000   22.5000  -30.0000 2588.5403   16.7414
    0.0000   22.5000  -30.0000 2596.5298   16.7033
    7.5000   22.5000  -30.0000 2572.8645   16.9907
   -7.5000   30.0000  -30.0000 2484.4941   18.0898
    0.0000   30.0000  -30.0000 2493.7046   18.0862
    7.5000   30.0000  -30.0000 2467.0259   18.3984
   -7.5000   37.5000  -30.0000 2371.9468   19.8619
    0.0000   37.5000  -30.0000 2380.2766   19.9128
    7.5000   37.5000  -30.0000 2355.0217   20.2687
   -7.5000   45.0000  -30.0000 2220.3169   22.2420
    0.0000   45.0000  -30.0000 2226.8992   22.3275
    7.5000   45.0000  -30.0000 2197.8237   22.6556
   -7.5000  -45.0000  -22.5000 2683.0962   16.7476
    0.0000  -45.0000  -22.5000 2692.6777   16.6861
    7.5000  -45.0000  -22.5000 2666.7783   16.8305
   -7.5000  -37.5000  -22.5000 2751.4058   15.7428
    0.0000  -37.5000  -22.5000 2760.0623   15.6766
    7.5000  -37.5000  -22.5000 2736.4224   15.8399
   -7.5000  -30.0000  -22.5000 2798.9468   14.9761
    0.0000  -30.0000  -22.5000 2809.0881   14.9251
    7.5000  -30.0000  -22.5000 2786.3408   15.1102
   -7.5000  -22.5000  -22.5000 2814.6375   14.3605
    0.0000  -22.5000  -22.5000 2828.6030   14.3480
    7.5000  -22.5000  -22.5000 2809.3689   14.5462
   -7.5000  -15.0000  -22.5000 2816.2881   13.9537
    0.0000  -15.0000  -22.5000 2828.0403   13.9044
    7.5000  -15.0000  -22.5000 2817.3386   14.1969
   -7.5000   -7.5000  -22.5000 2819.9592   13.6644
    0.0000   -7.5000  -22.5000 2832.1221   13.6448
    7.5000   -7.5000  -22.5000 2823.1086   14.0524
   -7.5000    0.0000  -22.5000 2818.1416   13.9129
    0.0000    0.0000  -22.5000 2830.0752   13.8828
    7.5000    0.0000  -22.5000 2815.7866   14.2818
   -7.5000    7.5000  -22.5000 2801.3889   14.5260
    0.0000    7.5000  -22.5000 2810.6121   14.4610
    7.5000    7.5000  -22.5000 2790.6223   14.8132
   -7.5000   15.0000  -22.5000 2752.8909   15.2963
    0.0000   15.0000  -22.5000 2764.4241   15.2180
    7.5000   15.0000  -22.5000 2741.5203   15.5432
   -7.5000   22.5000  -22.5000 2682.9661   16.2730
    0.0000   22.5000  -22.5000 2694.0159   16.2182
    7.5000   22.5000  -22.5000 2671.6860   16.5701
   -7.5000   30.0000  -22.5000 2580.3911   17.6052
    0.0000   30.0000  -22.5000 2590.6309   17.6044
    7.5000   30.0000  -22.5000 2564.2539   17.9755
   -7.5000   37.5000  -22.5000 2464.5977   19.4130
    0.0000   37.5000  -22.5000 2474.8765   19.4401
    7.5000   37.5000  -22.5000 2446.7046   19.8308
   -7.5000   45.0000  -22.5000 2303.9272   21.7249
    0.0000   45.0000  -22.5000 2311.5938   21.7803
    7.5000   45.0000  -22.5000 2285.5334   22.1819
   -7.5000  -45.0000  -15.0000 2712.9204   16.5671
    0.0000  -45.0000  -15.0000 2717.1650   16.5058
    7.5000  -45.0000  -15.0000 2689.7549   16.6533
   -7.5000  -37.5000  -15.0000 2780.4922   15.5513
    0.0000  -37.5000  -15.0000 2789.2131   15.5281
    7.5000  -37.5000  -15.0000 2758.4673   15.6448
   -7.5000  -30.0000  -15.0000 2833.3909   14.7876
    0.0000  -30.0000  -15.0000 2846.3633   14.7846
    7.5000  -30.0000  -15.0000 2818.4565   14.8936
   -7.5000  -22.5000  -15.0000 2869.5938   14.2193
    0.0000  -22.5000  -15.0000 2884.6396   14.2348
    7.5000  -22.5000  -15.0000 2857.0320   14.3476
   -7.5000  -15.0000  -15.0000 2873.3940   13.7653
    0.0000  -15.0000  -15.0000 2890.3496   13.7479
    7.5000  -15.0000  -15.0000 2868.2708   13.9878
   -7.5000   -7.5000  -15.0000 2864.0334   13.3713
    0.0000   -7.5000  -15.0000 2878.3066   13.3964
    7.5000   -7.5000  -15.0000 2874.1440   13.8227
   -7.5000    0.0000  -15.0000 2869.8813   13.5933
    0.0000    0.0000  -15.0000 2884.4614   13.5948
    7.5000    0.0000  -15.0000 2875.6448   14.0472
   -7.5000    7.5000  -15.0000 2854.1252   14.1794
    0.0000    7.5000  -15.0000 2870.4656   14.1532
    7.5000    7.5000  -15.0000 2849.1838   14.5397
   -7.5000   15.0000  -15.0000 2814.6284   14.9351
    0.0000   15.0000  -15.0000 2825.5859   14.8973
    7.5000   15.0000  -15.0000 2805.6394   15.2605
   -7.5000   22.5000  -15.0000 2741.1619   15.9361
    0.0000   22.5000  -15.0000 2745.2668   15.8666
    7.5000   22.5000  -15.0000 2733.7156   16.2786
   -7.5000   30.0000  -15.0000 2633.6904   17.3012
    0.0000   30.0000  -15.0000 2643.3047   17.2319
    7.5000   30.0000  -15.0000 2626.8496   17.7051
   -7.5000   37.5000  -15.0000 2511.0952   19.0641
    0.0000   37.5000  -15.0000 2524.0637   19.0496
    7.5000   37.5000  -15.0000 2503.6370   19.5556
   -7.5000   45.0000  -15.0000 2351.5776   21.3271
    0.0000   45.0000  -15.0000 2364.2805   21.3736
    7.5000   45.0000  -15.0000 2341.5146   21.8551
   -7.5000  -45.0000   -7.5000 2711.6621   16.5006
    0.0000  -45.0000   -7.5000 2717.7734   16.4725
    7.5000  -45.0000   -7.5000 2685.5178   16.5533
   -7.5000  -37.5000   -7.5000 2781.9548   15.4789
    0.0000  -37.5000   -7.5000 2792.1355   15.5000
    7.5000  -37.5000   -7.5000 2760.8403   15.5490
   -7.5000  -30.0000   -7.5000 2841.1255   14.7413
    0.0000  -30.0000   -7.5000 2857.6562   14.8208
    7.5000  -30.0000   -7.5000 2831.5903   14.8167
   -7.5000  -22.5000   -7.5000 2884.6023   14.2466
    0.0000  -22.5000   -7.5000 2912.1194   14.3433
    7.5000  -22.5000   -7.5000 2884.2166   14.2980
   -7.5000  -15.0000   -7.5000 2913.3835   13.9125
    0.0000  -15.0000   -7.5000 2943.7053   14.0266
    7.5000  -15.0000   -7.5000 2908.2544   14.0006
   -7.5000   -7.5000   -7.5000 2903.1399   13.5117
    0.0000   -7.5000   -7.5000 2934.3530   13.6432
    7.5000   -7.5000   -7.5000 2905.6016   13.7850
   -7.5000    0.0000   -7.5000 2896.6204   13.5260
    0.0000    0.0000   -7.5000 2914.1006   13.6059
    7.5000    0.0000   -7.5000 2896.7363   13.9010
   -7.5000    7.5000   -7.5000 2879.6865   13.9861
    0.0000    7.5000   -7.5000 2897.3711   13.9814
    7.5000    7.5000   -7.5000 2876.1580   14.2772
   -7.5000   15.0000   -7.5000 2834.0540   14.7393
    0.0000   15.0000   -7.5000 2847.4746   14.6960
    7.5000   15.0000   -7.5000 2830.1082   15.0092
   -7.5000   22.5000   -7.5000 2763.0198   15.7993
    0.0000   22.5000   -7.5000 2770.9182   15.7004
    7.5000   22.5000   -7.5000 2754.2251   16.0447
   -7.5000   30.0000   -7.5000 2658.8347   17.1576
    0.0000   30.0000   -7.5000 2667.6357   17.0746
    7.5000   30.0000   -7.5000 2648.7573   17.4327
   -7.5000   37.5000   -7.5000 2537.5540   18.9198
    0.0000   37.5000   -7.5000 2551.1162   18.8722
    7.5000   37.5000   -7.5000 2528.3711   19.2271
   -7.5000   45.0000   -7.5000 2377.7742   21.1563
    0.0000   45.0000   -7.5000 2396.8564   21.1681
    7.5000   45.0000   -7.5000 2368.9558   21.4952
   -7.5000  -45.0000    0.0000 2679.7688   16.6252
    0.0000  -45.0000    0.0000 2685.7463   16.6177
    7.5000  -45.0000    0.0000 2661.7769   16.6622
   -7.5000  -37.5000    0.0000 2754.6377   15.5894
    0.0000  -37.5000    0.0000 2770.5906   15.6797
    7.5000  -37.5000    0.0000 2742.4729   15.6290
   -7.5000  -30.0000    0.0000 2831.8247   14.9003
    0.0000  -30.0000    0.0000 2856.2588   15.0908
    7.5000  -30.0000    0.0000 2815.5698   14.8985
   -7.5000  -22.5000    0.0000 2896.5500   14.5361
    0.0000  -22.5000    0.0000 2939.7427   14.7675
    7.5000  -22.5000    0.0000 2875.8066   14.4163
   -7.5000  -15.0000    0.0000 2941.0745   14.2944
    0.0000  -15.0000    0.0000 2996.3271   14.5462
    7.5000  -15.0000    0.0000 2910.3938   14.1590
   -7.5000   -7.5000    0.0000 2939.5142   13.9139
    0.0000   -7.5000    0.0000 2994.8462   14.2118
    7.5000   -7.5000    0.0000 2913.8884   13.9680
   -7.5000    0.0000    0.0000 2914.0818   13.7187
    0.0000    0.0000    0.0000 2944.2832   13.8730
    7.5000    0.0000    0.0000 2897.6084   13.9799
   -7.5000    7.5000    0.0000 2884.2561   14.0409
    0.0000    7.5000    0.0000 2905.9688   14.0709
    7.5000    7.5000    0.0000 2872.7874   14.3248
   -7.5000   15.0000    0.0000 2828.6960   14.7925
    0.0000   15.0000    0.0000 2851.0796   14.7494
    7.5000   15.0000    0.0000 2827.8577   15.0484
   -7.5000   22.5000    0.0000 2754.9873   15.8263
    0.0000   22.5000    0.0000 2766.4690   15.7807
    7.5000   22.5000    0.0000 2748.3870   16.0901
   -7.5000   30.0000    0.0000 2654.6694   17.1978
    0.0000   30.0000    0.0000 2664.1453   17.1649
    7.5000   30.0000    0.0000 2645.1611   17.4606
   -7.5000   37.5000    0.0000 2537.9954   18.9673
    0.0000   37.5000    0.0000 2549.3882   18.9603
    7.5000   37.5000    0.0000 2523.6860   19.2655
   -7.5000   45.0000    0.0000 2378.7441   21.1733
    0.0000   45.0000    0.0000 2396.5806   21.2025
    7.5000   45.0000    0.0000 2362.2144   21.4860
   -7.5000  -45.0000    7.5000 2644.4995   17.0365
    0.0000  -45.0000    7.5000 2654.2717   17.0429
    7.5000  -45.0000    7.5000 2633.8379   17.0424
   -7.5000  -37.5000    7.5000 2725.6802   15.9858
    0.0000  -37.5000    7.5000 2741.7495   16.0582
    7.5000  -37.5000    7.5000 2711.8613   15.9945
   -7.5000  -30.0000    7.5000 2814.9722   15.2526
    0.0000  -30.0000    7.5000 2834.8979   15.4125
    7.5000  -30.0000    7.5000 2796.5837   15.2710
   -7.5000  -22.5000    7.5000 2883.2458   14.8306
    0.0000  -22.5000    7.5000 2915.3667   15.0565
    7.5000  -22.5000    7.5000 2859.8774   14.8036
   -7.5000  -15.0000    7.5000 2930.2498   14.5665
    0.0000  -15.0000    7.5000 2974.6262   14.8220
    7.5000  -15.0000    7.5000 2897.1089   14.5330
   -7.5000   -7.5000    7.5000 2936.7148   14.1617
    0.0000   -7.5000    7.5000 2980.6533   14.4031
    7.5000   -7.5000    7.5000 2902.3040   14.3385
   -7.5000    0.0000    7.5000 2926.7078   14.1525
    0.0000    0.0000    7.5000 2950.2461   14.2302
    7.5000    0.0000    7.5000 2894.2551   14.4379
   -7.5000    7.5000    7.5000 2884.8276   14.5510
    0.0000    7.5000    7.5000 2909.2131   14.5712
    7.5000    7.5000    7.5000 2858.5210   14.7983
   -7.5000   15.0000    7.5000 2823.1416   15.2476
    0.0000   15.0000    7.5000 2852.7188   15.2811
    7.5000   15.0000    7.5000 2807.8367   15.4839
   -7.5000   22.5000    7.5000 2733.2297   16.2815
    0.0000   22.5000    7.5000 2752.1797   16.2932
    7.5000   22.5000    7.5000 2729.0713   16.5288
   -7.5000   30.0000    7.5000 2627.1360   17.5689
    0.0000   30.0000    7.5000 2641.2927   17.5862
    7.5000   30.0000    7.5000 2625.0920   17.8595
   -7.5000   37.5000    7.5000 2510.0813   19.2347
    0.0000   37.5000    7.5000 2528.1448   19.2459
    7.5000   37.5000    7.5000 2506.2161   19.5902
   -7.5000   45.0000    7.5000 2356.4563   21.3852
    0.0000   45.0000    7.5000 2376.1208   21.4364
    7.5000   45.0000    7.5000 2351.9380   21.7536
   -7.5000  -45.0000   15.0000 2599.4766   17.6273
    0.0000  -45.0000   15.0000 2605.1807   17.5438
    7.5000  -45.0000   15.0000 2598.9883   17.6912
   -7.5000  -37.5000   15.0000 2685.2917   16.5000
    0.0000  -37.5000   15.0000 2690.3105   16.4221
    7.5000  -37.5000   15.0000 2686.4241   16.5693
   -7.5000  -30.0000   15.0000 2767.4050   15.6913
    0.0000  -30.0000   15.0000 2774.6594   15.6832
    7.5000  -30.0000   15.0000 2768.3225   15.7923
   -7.5000  -22.5000   15.0000 2833.9324   15.2435
    0.0000  -22.5000   15.0000 2850.5986   15.3061
    7.5000  -22.5000   15.0000 2830.1868   15.3052
   -7.5000  -15.0000   15.0000 2878.1013   14.9367
    0.0000  -15.0000   15.0000 2905.1794   15.0705
    7.5000  -15.0000   15.0000 2862.6880   15.0550
   -7.5000   -7.5000   15.0000 2889.8003   14.5952
    0.0000   -7.5000   15.0000 2921.7432   14.6876
    7.5000   -7.5000   15.0000 2876.5034   14.9359
   -7.5000    0.0000   15.0000 2887.5474   14.6881
    0.0000    0.0000   15.0000 2912.3210   14.6714
    7.5000    0.0000   15.0000 2873.0662   15.0512
   -7.5000    7.5000   15.0000 2855.2263   15.1825
    0.0000    7.5000   15.0000 2880.4512   15.1861
    7.5000    7.5000   15.0000 2837.6089   15.4694
   -7.5000   15.0000   15.0000 2790.4038   15.9609
    0.0000   15.0000   15.0000 2812.8638   15.8946
    7.5000   15.0000   15.0000 2777.8723   16.1769
   -7.5000   22.5000   15.0000 2703.9001   17.0040
    0.0000   22.5000   15.0000 2723.8223   16.9744
    7.5000   22.5000   15.0000 2699.9834   17.2212
   -7.5000   30.0000   15.0000 2591.0955   18.3061
    0.0000   30.0000   15.0000 2606.3567   18.3192
    7.5000   30.0000   15.0000 2587.4417   18.5774
   -7.5000   37.5000   15.0000 2473.6580   19.9608
    0.0000   37.5000   15.0000 2489.2822   19.9392
    7.5000   37.5000   15.0000 2469.0830   20.2825
   -7.5000   45.0000   15.0000 2318.7129   22.0269
    0.0000   45.0000   15.0000 2328.1289   22.0350
    7.5000   45.0000   15.0000 2309.4951   22.3426
   -7.5000  -45.0000   22.5000 2546.8181   18.3433
    0.0000  -45.0000   22.5000 2550.0122   18.1470
    7.5000  -45.0000   22.5000 2549.4172   18.5056
   -7.5000  -37.5000   22.5000 2633.4756   17.1971
    0.0000  -37.5000   22.5000 2630.2585   16.9717
    7.5000  -37.5000   22.5000 2638.6062   17.3163
   -7.5000  -30.0000   22.5000 2713.8035   16.3551
    0.0000  -30.0000   22.5000 2706.2390   16.1971
    7.5000  -30.0000   22.5000 2715.4993   16.4722
   -7.5000  -22.5000   22.5000 2777.4766   15.8538
    0.0000  -22.5000   22.5000 2773.4817   15.7590
    7.5000  -22.5000   22.5000 2772.4001   15.9415
   -7.5000  -15.0000   22.5000 2813.3750   15.5305
    0.0000  -15.0000   22.5000 2822.1533   15.4854
    7.5000  -15.0000   22.5000 2804.5518   15.7060
   -7.5000   -7.5000   22.5000 2818.0430   15.2929
    0.0000   -7.5000   22.5000 2833.1306   15.2508
    7.5000   -7.5000   22.5000 2812.3657   15.6407
   -7.5000    0.0000   22.5000 2813.1689   15.5008
    0.0000    0.0000   22.5000 2831.9512   15.4534
    7.5000    0.0000   22.5000 2806.7122   15.8499
   -7.5000    7.5000   22.5000 2788.6531   16.0061
    0.0000    7.5000   22.5000 2810.9636   15.9757
    7.5000    7.5000   22.5000 2775.4578   16.2972
   -7.5000   15.0000   22.5000 2728.3604   16.8022
    0.0000   15.0000   22.5000 2752.2224   16.7387
    7.5000   15.0000   22.5000 2720.1584   17.0519
   -7.5000   22.5000   22.5000 2647.4045   17.8296
    0.0000   22.5000   22.5000 2668.6018   17.7867
    7.5000   22.5000   22.5000 2646.3477   18.0821
   -7.5000   30.0000   22.5000 2544.9141   19.1679
    0.0000   30.0000   22.5000 2563.1785   19.1378
    7.5000   30.0000   22.5000 2539.1501   19.4485
   -7.5000   37.5000   22.5000 2419.3315   20.8777
    0.0000   37.5000   22.5000 2440.0659   20.8616
    7.5000   37.5000   22.5000 2424.1343   21.1603
   -7.5000   45.0000   22.5000 2263.1553   22.9591
    0.0000   45.0000   22.5000 2272.3086   22.9504
    7.5000   45.0000   22.5000 2266.5413   23.2963
   -7.5000  -45.0000   30.0000 2487.7290   19.2722
    0.0000  -45.0000   30.0000 2491.7078   18.9492
    7.5000  -45.0000   30.0000 2496.8242   19.4507
   -7.5000  -37.5000   30.0000 2576.3589   18.0536
    0.0000  -37.5000   30.0000 2575.5276   17.7362
    7.5000  -37.5000   30.0000 2584.8823   18.1884
   -7.5000  -30.0000   30.0000 2652.6528   17.1656
    0.0000  -30.0000   30.0000 2645.8777   16.9152
    7.5000  -30.0000   30.0000 2653.2063   17.3111
   -7.5000  -22.5000   30.0000 2712.6467   16.6257
    0.0000  -22.5000   30.0000 2702.8186   16.4575
    7.5000  -22.5000   30.0000 2705.4429   16.7790
   -7.5000  -15.0000   30.0000 2741.4473   16.3323
    0.0000  -15.0000   30.0000 2738.3657   16.1706
    7.5000  -15.0000   30.0000 2731.4409   16.5658
   -7.5000   -7.5000   30.0000 2743.5874   16.2171
    0.0000   -7.5000   30.0000 2744.1858   16.1015
    7.5000   -7.5000   30.0000 2736.5273   16.5298
   -7.5000    0.0000   30.0000 2731.6799   16.5443
    0.0000    0.0000   30.0000 2735.5342   16.4325
    7.5000    0.0000   30.0000 2723.0596   16.8595
   -7.5000    7.5000   30.0000 2702.3718   17.0678
    0.0000    7.5000   30.0000 2714.6941   16.9887
    7.5000    7.5000   30.0000 2690.1411   17.3776
   -7.5000   15.0000   30.0000 2649.7383   17.8686
    0.0000   15.0000   30.0000 2668.4153   17.7504
    7.5000   15.0000   30.0000 2642.1145   18.1152
   -7.5000   22.5000   30.0000 2580.0193   18.8778
    0.0000   22.5000   30.0000 2596.5427   18.8045
    7.5000   22.5000   30.0000 2574.3218   19.1445
   -7.5000   30.0000   30.0000 2475.7783   20.2147
    0.0000   30.0000   30.0000 2497.1062   20.1837
    7.5000   30.0000   30.0000 2476.5947   20.5084
   -7.5000   37.5000   30.0000 2353.9026   21.8995
    0.0000   37.5000   30.0000 2373.5979   21.9081
    7.5000   37.5000   30.0000 2358.2070   22.2169
   -7.5000   45.0000   30.0000 2210.6172   24.1360
    0.0000   45.0000   30.0000 2220.7615   24.1794
    7.5000   45.0000   30.0000 2209.6313   24.4863
   -7.5000  -45.0000   37.5000 2431.7524   20.3947
    0.0000  -45.0000   37.5000 2437.7153   20.0112
    7.5000  -45.0000   37.5000 2439.6582   20.5606
   -7.5000  -37.5000   37.5000 2517.7903   19.1224
    0.0000  -37.5000   37.5000 2514.2161   18.7381
    7.5000  -37.5000   37.5000 2521.3220   19.2482
   -7.5000  -30.0000   37.5000 2583.8506   18.1927
    0.0000  -30.0000   37.5000 2574.8560   17.8321
    7.5000  -30.0000   37.5000 2579.4871   18.3279
   -7.5000  -22.5000   37.5000 2631.8779   17.6009
    0.0000  -22.5000   37.5000 2624.9978   17.3446
    7.5000  -22.5000   37.5000 2624.7249   17.7976
   -7.5000  -15.0000   37.5000 2654.6968   17.3663
    0.0000  -15.0000   37.5000 2652.3330   17.1383
    7.5000  -15.0000   37.5000 2648.4946   17.6177
   -7.5000   -7.5000   37.5000 2660.8540   17.3495
    0.0000   -7.5000   37.5000 2658.0251   17.2226
    7.5000   -7.5000   37.5000 2650.5479   17.6545
   -7.5000    0.0000   37.5000 2646.1572   17.7368
    0.0000    0.0000   37.5000 2645.2363   17.5965
    7.5000    0.0000   37.5000 2637.5518   18.0280
   -7.5000    7.5000   37.5000 2617.0078   18.3609
    0.0000    7.5000   37.5000 2623.5205   18.2233
    7.5000    7.5000   37.5000 2607.8542   18.6332
   -7.5000   15.0000   37.5000 2560.3311   19.1444
    0.0000   15.0000   37.5000 2578.1550   18.9791
    7.5000   15.0000   37.5000 2553.8630   19.3585
   -7.5000   22.5000   37.5000 2494.4214   20.1229
    0.0000   22.5000   37.5000 2520.0078   19.9822
    7.5000   22.5000   37.5000 2494.4646   20.3618
   -7.5000   30.0000   37.5000 2398.2100   21.4277
    0.0000   30.0000   37.5000 2422.6797   21.3620
    7.5000   30.0000   37.5000 2396.3125   21.6985
   -7.5000   37.5000   37.5000 2278.1497   23.2664
    0.0000   37.5000   37.5000 2299.9592   23.2641
    7.5000   37.5000   37.5000 2283.9636   23.5673
   -7.5000   45.0000   37.5000 2143.4897   25.6240
    0.0000   45.0000   37.5000 2155.9895   25.6618
    7.5000   45.0000   37.5000 2143.9236   25.9629
   -7.5000  -45.0000   45.0000 2362.2007   21.7900
    0.0000  -45.0000   45.0000 2374.7776   21.3594
    7.5000  -45.0000   45.0000 2363.1553   21.8758
   -7.5000  -37.5000   45.0000 2444.5530   20.4138
    0.0000  -37.5000   45.0000 2447.5764   20.0062
    7.5000  -37.5000   45.0000 2443.8799   20.5227
   -7.5000  -30.0000   45.0000 2502.6545   19.4476
    0.0000  -30.0000   45.0000 2498.6580   19.0559
    7.5000  -30.0000   45.0000 2497.4854   19.5647
   -7.5000  -22.5000   45.0000 2537.6521   18.8599
    0.0000  -22.5000   45.0000 2540.0122   18.5692
    7.5000  -22.5000   45.0000 2534.2678   19.0574
   -7.5000  -15.0000   45.0000 2554.7476   18.6489
    0.0000  -15.0000   45.0000 2558.8843   18.4255
    7.5000  -15.0000   45.0000 2548.8101   18.8688
   -7.5000   -7.5000   45.0000 2556.6899   18.7312
    0.0000   -7.5000   45.0000 2555.9209   18.5964
    7.5000   -7.5000   45.0000 2546.4839   18.9853
   -7.5000    0.0000   45.0000 2544.8135   19.1666
    0.0000    0.0000   45.0000 2550.5093   19.0333
    7.5000    0.0000   45.0000 2535.6531   19.3980
   -7.5000    7.5000   45.0000 2520.3000   19.8412
    0.0000    7.5000   45.0000 2527.9565   19.6992
    7.5000    7.5000   45.0000 2512.6045   20.0710
   -7.5000   15.0000   45.0000 2462.8870   20.6713
    0.0000   15.0000   45.0000 2482.8831   20.5196
    7.5000   15.0000   45.0000 2465.2441   20.8789
   -7.5000   22.5000   45.0000 2397.5566   21.6317
    0.0000   22.5000   45.0000 2425.6206   21.4975
    7.5000   22.5000   45.0000 2404.7778   21.8610
   -7.5000   30.0000   45.0000 2308.7295   22.9698
    0.0000   30.0000   45.0000 2333.7913   22.8571
    7.5000   30.0000   45.0000 2314.7500   23.1911
   -7.5000   37.5000   45.0000 2200.9651   24.8888
    0.0000   37.5000   45.0000 2223.2151   24.8884
    7.5000   37.5000   45.0000 2207.7258   25.1721
   -7.5000   45.0000   45.0000 2076.8403   27.4084
    0.0000   45.0000   45.0000 2090.3193   27.4644
    7.5000   45.0000   45.0000 2077.7183   27.7187

---------------------------------------------------------------------
imgreg_4dfp /usr/local/freesurfer/average/711-2C_as_mni_average_305 /usr/local/freesurfer/average/711-2B_as_mni_average_305_mask talsrcimg_g11 none talsrcimg_to_711-2C_as_mni_average_305_t4 1283
---------------------------------------------------------------------

freesurfer imgreg_4dfp.c
/usr/local/freesurfer/average/711-2C_as_mni_average_305.4dfp.img
       256       256       256         1
  1.000000  1.000000  1.000000
orientation T byte_order littleendian
Reading image: /usr/local/freesurfer/average/711-2C_as_mni_average_305.4dfp.img
dimensions:      256       256       256
mmppix:       1.0000   -1.0000   -1.0000
center:     128.0000 -129.0000 -129.0000
/usr/local/freesurfer/average/711-2B_as_mni_average_305_mask.4dfp.img
       256       256       256         1
  1.000000  1.000000  1.000000
orientation T byte_order littleendian
Reading mask: /usr/local/freesurfer/average/711-2B_as_mni_average_305_mask.4dfp.img (2306576 pixels)
talsrcimg_g11.4dfp.img
       256       256       256         1
  1.000000  1.000000  1.000000
orientation T byte_order littleendian
Reading image: talsrcimg_g11.4dfp.img
dimensions:      256       256       256
mmppix:       1.0000   -1.0000   -1.0000
center:     128.0000 -129.0000 -129.0000
rotation matrix determinant  1.000000
fimgreg.f
image alignment mode   1283 decimal      503 hex
parameters
    0.0000  -15.0000    0.0000    0.0000    0.0000    0.0000
eta,q 0.93649 14.58221
niter,ni,del,rscale     5    3   12.0000    1.2000
parameter  2 -0.974128 -> -0.500000 qaram    1.1500
parameter  4 -3.609076 ->  0.500000 qaram    1.1500
parameter  6  1.075345 ->  0.500000 qaram    1.1500
parameters
   -2.2603  -11.5500    2.6580   -3.4500   -1.0216   -3.4500
eta,q 0.95079 14.55904
  0.0715  0.0702  0.0746  0.0481  0.0582  0.0488
  0.0636  0.0642  0.0680  0.0505  0.0551  0.0490
  0.0600  0.0612  0.0608  0.0535  0.0524  0.0499
  0.0642  0.0599  0.0578  0.0563  0.0512  0.0514
  0.0744  0.0588  0.0568  0.0588  0.0537  0.0539
  0.0839  0.0579  0.0565  0.0607  0.0590  0.0565
  0.0893  0.0557  0.0589  0.0625  0.0664  0.0593
niter,ni,del,rscale     7    3   12.0000    1.2000
parameters
   -1.5496   -9.0419    1.8779   -6.7065   -1.6139   -3.2948
eta,q 0.95769 14.47348
  0.0770  0.0644  0.0551  0.0466  0.0513  0.0484
  0.0650  0.0600  0.0475  0.0435  0.0469  0.0459
  0.0545  0.0555  0.0450  0.0422  0.0435  0.0436
  0.0492  0.0490  0.0449  0.0445  0.0424  0.0423
  0.0509  0.0449  0.0481  0.0506  0.0445  0.0428
  0.0580  0.0473  0.0539  0.0569  0.0493  0.0451
  0.0666  0.0538  0.0599  0.0617  0.0562  0.0484
niter,ni,del,rscale     6    3   12.0000    1.2000
parameters
   -1.3091   -8.5816    1.1634   -8.1593   -2.0323   -2.7130
eta,q 0.95744 14.46746
  0.0683  0.0607  0.0539  0.0464  0.0517  0.0475
  0.0562  0.0515  0.0451  0.0452  0.0466  0.0451
  0.0462  0.0449  0.0425  0.0432  0.0436  0.0432
  0.0423  0.0423  0.0425  0.0422  0.0426  0.0426
  0.0453  0.0451  0.0457  0.0437  0.0445  0.0427
  0.0538  0.0502  0.0521  0.0483  0.0485  0.0438
  0.0643  0.0552  0.0582  0.0547  0.0547  0.0462
niter,ni,del,rscale     5    3   12.0000    1.2000
parameters
   -1.1597   -8.1950    0.6650   -9.6067   -2.4368   -2.7457
eta,q 0.95768 14.46314
  0.0667  0.0584  0.0545  0.0450  0.0510  0.0462
  0.0550  0.0494  0.0454  0.0440  0.0456  0.0444
  0.0460  0.0444  0.0421  0.0427  0.0427  0.0430
  0.0426  0.0425  0.0425  0.0422  0.0424  0.0423
  0.0451  0.0442  0.0454  0.0432  0.0443  0.0423
  0.0535  0.0489  0.0508  0.0459  0.0477  0.0440
  0.0645  0.0540  0.0566  0.0510  0.0532  0.0469
niter,ni,del,rscale     4    3   12.0000    1.2000
parameters
   -0.9625   -7.6739    0.2104  -11.0355   -2.7647   -3.1209
eta,q 0.95874 14.48490
  0.0661  0.0562  0.0538  0.0442  0.0498  0.0458
  0.0547  0.0487  0.0447  0.0429  0.0443  0.0439
  0.0460  0.0454  0.0410  0.0416  0.0416  0.0420
  0.0423  0.0422  0.0417  0.0413  0.0413  0.0412
  0.0443  0.0424  0.0445  0.0430  0.0430  0.0416
  0.0524  0.0476  0.0496  0.0451  0.0462  0.0441
  0.0636  0.0524  0.0556  0.0480  0.0511  0.0476
niter,ni,del,rscale     3    3   12.0000    1.2000
parameters
   -0.8251   -6.9491   -0.0205  -12.4060   -2.7635   -3.2471
eta,q 0.95976 14.50766
  0.0646  0.0544  0.0535  0.0437  0.0497  0.0462
  0.0537  0.0489  0.0445  0.0418  0.0440  0.0434
  0.0450  0.0454  0.0402  0.0407  0.0411  0.0411
  0.0413  0.0412  0.0403  0.0401  0.0402  0.0402
  0.0435  0.0408  0.0426  0.0421  0.0417  0.0409
  0.0520  0.0461  0.0473  0.0451  0.0448  0.0435
  0.0631  0.0506  0.0540  0.0470  0.0490  0.0469
niter,ni,del,rscale     2    3   12.0000    1.2000
parameters
   -0.8118   -6.0804   -0.2038  -13.8047   -2.5414   -3.1662
eta,q 0.96084 14.50101
  0.0627  0.0539  0.0525  0.0431  0.0498  0.0465
  0.0522  0.0485  0.0436  0.0409  0.0440  0.0432
  0.0435  0.0446  0.0392  0.0395  0.0406  0.0402
  0.0402  0.0402  0.0391  0.0390  0.0391  0.0392
  0.0432  0.0396  0.0413  0.0411  0.0405  0.0400
  0.0518  0.0451  0.0459  0.0447  0.0436  0.0429
  0.0628  0.0493  0.0528  0.0476  0.0479  0.0462
niter,ni,del,rscale     1    3   12.0000    1.2000
parameters
   -0.8737   -5.2093   -0.4848  -15.1146   -2.3739   -2.9753
eta,q 0.96167 14.47365
  0.0618  0.0536  0.0507  0.0426  0.0498  0.0466
  0.0507  0.0478  0.0429  0.0402  0.0437  0.0426
  0.0419  0.0436  0.0386  0.0387  0.0398  0.0395
  0.0392  0.0391  0.0381  0.0380  0.0383  0.0383
  0.0427  0.0392  0.0406  0.0399  0.0401  0.0393
  0.0515  0.0445  0.0455  0.0440  0.0435  0.0422
  0.0625  0.0484  0.0521  0.0476  0.0480  0.0455
registration optimization eta report
parameter search radius
    6.0000    6.9000    6.0000    6.9000    6.0000    6.9000
100000*second partial in parameter space
       63.       24.       37.       14.       29.       16.
  0.0618  0.0536  0.0507  0.0426  0.0498  0.0466
  0.0507  0.0478  0.0429  0.0402  0.0437  0.0426
  0.0419  0.0436  0.0386  0.0387  0.0398  0.0395
  0.0392  0.0391  0.0381  0.0380  0.0383  0.0383
  0.0427  0.0392  0.0406  0.0399  0.0401  0.0393
  0.0515  0.0445  0.0455  0.0440  0.0435  0.0422
  0.0625  0.0484  0.0521  0.0476  0.0480  0.0455
   -0.8737   -5.2093   -0.4848  -15.1146   -2.3739   -2.9753
eta,q 0.96167 14.47365

---------------------------------------------------------------------
imgreg_4dfp /usr/local/freesurfer/average/711-2C_as_mni_average_305 /usr/local/freesurfer/average/711-2B_as_mni_average_305_mask talsrcimg_g11 none talsrcimg_to_711-2C_as_mni_average_305_t4 3335
---------------------------------------------------------------------

freesurfer imgreg_4dfp.c
/usr/local/freesurfer/average/711-2C_as_mni_average_305.4dfp.img
       256       256       256         1
  1.000000  1.000000  1.000000
orientation T byte_order littleendian
Reading image: /usr/local/freesurfer/average/711-2C_as_mni_average_305.4dfp.img
dimensions:      256       256       256
mmppix:       1.0000   -1.0000   -1.0000
center:     128.0000 -129.0000 -129.0000
/usr/local/freesurfer/average/711-2B_as_mni_average_305_mask.4dfp.img
       256       256       256         1
  1.000000  1.000000  1.000000
orientation T byte_order littleendian
Reading mask: /usr/local/freesurfer/average/711-2B_as_mni_average_305_mask.4dfp.img (2306576 pixels)
talsrcimg_g11.4dfp.img
       256       256       256         1
  1.000000  1.000000  1.000000
orientation T byte_order littleendian
Reading image: talsrcimg_g11.4dfp.img
dimensions:      256       256       256
mmppix:       1.0000   -1.0000   -1.0000
center:     128.0000 -129.0000 -129.0000
fimgreg.f
image alignment mode   3335 decimal      D07 hex
parameters
   -0.8737   -5.2093   -0.4848   -0.2205   -3.5334   -3.5422
    3.9325    5.3468   -5.1862   25.8323   -4.1420  -26.0526
eta,q 0.96168 14.58400
niter,ni,del,rscale     5    3    5.0000    1.2000
parameter  3  0.593655 ->  0.500000 qaram    1.1500
parameter  4  0.826986 ->  0.500000 qaram    1.1500
parameter  5  1.366477 ->  0.500000 qaram    1.1500
parameter 12 -0.734879 -> -0.500000 qaram    1.1500
parameters
   -0.9616   -4.1818   -1.8648   -4.3605   -7.6734   -7.1070
    2.5634    5.8303   -5.1239   26.0290   -4.6668  -21.9126
eta,q 0.97390 14.28572
  0.0430  0.0422  0.0376  0.0323  0.0246  0.0272  0.0290  0.0324  0.0290  0.0295  0.0280  0.0298
  0.0403  0.0406  0.0370  0.0324  0.0269  0.0269  0.0275  0.0293  0.0278  0.0282  0.0273  0.0287
  0.0387  0.0393  0.0372  0.0337  0.0293  0.0272  0.0269  0.0275  0.0271  0.0273  0.0269  0.0276
  0.0383  0.0383  0.0378  0.0370  0.0326  0.0275  0.0270  0.0268  0.0268  0.0268  0.0268  0.0268
  0.0391  0.0379  0.0389  0.0428  0.0373  0.0299  0.0278  0.0272  0.0271  0.0271  0.0271  0.0263
  0.0409  0.0380  0.0402  0.0502  0.0434  0.0361  0.0292  0.0283  0.0277  0.0279  0.0276  0.0261
  0.0436  0.0387  0.0417  0.0579  0.0500  0.0429  0.0313  0.0311  0.0289  0.0293  0.0283  0.0263
niter,ni,del,rscale     7    3    5.0000    1.2000
parameter  2 -0.524685 -> -0.500000 qaram    1.1500
parameter  5  0.882307 ->  0.500000 qaram    1.3225
parameters
   -0.8825   -2.8018   -2.9251   -6.8488  -12.4344   -8.3420
    2.4330    5.9469   -5.3190   26.2173   -7.1348  -24.0578
eta,q 0.97793 13.95642
  0.0296  0.0304  0.0259  0.0270  0.0217  0.0239  0.0252  0.0262  0.0247  0.0257  0.0226  0.0232
  0.0277  0.0286  0.0254  0.0261  0.0221  0.0230  0.0237  0.0240  0.0234  0.0240  0.0223  0.0224
  0.0265  0.0271  0.0252  0.0255  0.0234  0.0225  0.0227  0.0228  0.0226  0.0230  0.0222  0.0221
  0.0261  0.0261  0.0254  0.0252  0.0254  0.0224  0.0224  0.0224  0.0224  0.0224  0.0224  0.0223
  0.0264  0.0255  0.0262  0.0263  0.0282  0.0224  0.0228  0.0228  0.0227  0.0226  0.0227  0.0229
  0.0274  0.0255  0.0275  0.0300  0.0327  0.0233  0.0238  0.0239  0.0236  0.0237  0.0231  0.0239
  0.0292  0.0260  0.0291  0.0366  0.0382  0.0275  0.0254  0.0259  0.0249  0.0255  0.0237  0.0252
niter,ni,del,rscale     7    3    5.0000    1.2000
parameters
   -0.8439   -3.0484   -3.0614   -7.0200  -15.7304   -8.1717
    2.3025    6.0688   -5.3719   26.2883   -7.4093  -25.4862
eta,q 0.97877 13.86274
  0.0253  0.0250  0.0238  0.0250  0.0237  0.0234  0.0244  0.0253  0.0238  0.0243  0.0222  0.0226
  0.0235  0.0232  0.0228  0.0237  0.0221  0.0224  0.0227  0.0229  0.0225  0.0227  0.0216  0.0217
  0.0225  0.0222  0.0222  0.0227  0.0213  0.0217  0.0217  0.0216  0.0216  0.0218  0.0213  0.0213
  0.0221  0.0221  0.0220  0.0220  0.0221  0.0213  0.0213  0.0213  0.0213  0.0213  0.0213  0.0213
  0.0224  0.0227  0.0223  0.0217  0.0240  0.0212  0.0217  0.0218  0.0216  0.0215  0.0215  0.0218
  0.0234  0.0242  0.0231  0.0228  0.0267  0.0213  0.0229  0.0230  0.0225  0.0225  0.0218  0.0226
  0.0251  0.0262  0.0242  0.0265  0.0311  0.0239  0.0246  0.0248  0.0239  0.0243  0.0222  0.0238
niter,ni,del,rscale     6    3    5.0000    1.2000
parameters
   -0.7895   -2.8911   -3.0536   -6.5062  -16.3448   -8.4038
    2.1631    6.1421   -5.4723   26.5113   -7.2108  -25.9019
eta,q 0.97893 13.86324
  0.0245  0.0254  0.0231  0.0247  0.0253  0.0231  0.0243  0.0253  0.0236  0.0242  0.0222  0.0228
  0.0227  0.0233  0.0221  0.0233  0.0234  0.0222  0.0226  0.0228  0.0223  0.0225  0.0215  0.0218
  0.0216  0.0218  0.0215  0.0221  0.0217  0.0214  0.0215  0.0214  0.0214  0.0215  0.0212  0.0212
  0.0212  0.0212  0.0212  0.0212  0.0211  0.0211  0.0211  0.0211  0.0211  0.0211  0.0211  0.0211
  0.0215  0.0215  0.0214  0.0207  0.0220  0.0210  0.0215  0.0217  0.0214  0.0213  0.0212  0.0214
  0.0225  0.0227  0.0220  0.0215  0.0240  0.0212  0.0227  0.0229  0.0224  0.0222  0.0215  0.0221
  0.0242  0.0246  0.0231  0.0249  0.0267  0.0244  0.0246  0.0248  0.0238  0.0239  0.0220  0.0231
niter,ni,del,rscale     5    3    5.0000    1.2000
parameters
   -0.7634   -2.8304   -3.0546   -6.4378  -16.4198   -8.2584
    2.1734    6.1715   -5.5073   26.6721   -7.1115  -25.9598
eta,q 0.97895 13.87578
  0.0243  0.0250  0.0229  0.0245  0.0257  0.0233  0.0244  0.0253  0.0237  0.0241  0.0222  0.0230
  0.0226  0.0230  0.0219  0.0231  0.0237  0.0223  0.0227  0.0227  0.0223  0.0225  0.0215  0.0219
  0.0215  0.0216  0.0213  0.0220  0.0219  0.0215  0.0215  0.0213  0.0214  0.0215  0.0211  0.0213
  0.0211  0.0211  0.0211  0.0211  0.0211  0.0211  0.0210  0.0210  0.0211  0.0211  0.0210  0.0210
  0.0214  0.0214  0.0213  0.0207  0.0217  0.0210  0.0214  0.0217  0.0214  0.0213  0.0212  0.0213
  0.0224  0.0227  0.0219  0.0218  0.0236  0.0210  0.0226  0.0229  0.0223  0.0222  0.0215  0.0220
  0.0242  0.0247  0.0229  0.0256  0.0261  0.0239  0.0244  0.0249  0.0237  0.0239  0.0220  0.0230
niter,ni,del,rscale     4    3    5.0000    1.2000
parameters
   -0.7600   -2.8212   -3.0463   -6.4032  -16.4329   -8.2195
    2.2065    6.1820   -5.5093   26.7068   -7.0766  -25.9520
eta,q 0.97897 13.87995
  0.0242  0.0248  0.0229  0.0245  0.0258  0.0232  0.0244  0.0253  0.0237  0.0240  0.0221  0.0230
  0.0225  0.0228  0.0219  0.0231  0.0237  0.0222  0.0227  0.0227  0.0223  0.0224  0.0215  0.0219
  0.0214  0.0215  0.0213  0.0219  0.0220  0.0215  0.0215  0.0213  0.0214  0.0214  0.0211  0.0213
  0.0210  0.0210  0.0210  0.0210  0.0210  0.0210  0.0210  0.0210  0.0210  0.0210  0.0210  0.0210
  0.0214  0.0215  0.0212  0.0206  0.0217  0.0209  0.0214  0.0217  0.0214  0.0213  0.0212  0.0213
  0.0225  0.0228  0.0219  0.0218  0.0235  0.0210  0.0226  0.0229  0.0223  0.0223  0.0215  0.0220
  0.0243  0.0248  0.0229  0.0256  0.0261  0.0241  0.0244  0.0249  0.0237  0.0240  0.0220  0.0229
registration optimization eta report
parameter search radius
    2.4000    2.7600    2.7600    8.2800    9.5220    7.2000
    7.2000    7.2000    7.2000    7.2000    7.2000    8.2800
100000*second partial in parameter space
       56.       49.       24.        6.        5.        5.
        6.        8.        5.        6.        2.        3.
  0.0242  0.0248  0.0229  0.0245  0.0258  0.0232  0.0244  0.0253  0.0237  0.0240  0.0221  0.0230
  0.0225  0.0228  0.0219  0.0231  0.0237  0.0222  0.0227  0.0227  0.0223  0.0224  0.0215  0.0219
  0.0214  0.0215  0.0213  0.0219  0.0220  0.0215  0.0215  0.0213  0.0214  0.0214  0.0211  0.0213
  0.0210  0.0210  0.0210  0.0210  0.0210  0.0210  0.0210  0.0210  0.0210  0.0210  0.0210  0.0210
  0.0214  0.0215  0.0212  0.0206  0.0217  0.0209  0.0214  0.0217  0.0214  0.0213  0.0212  0.0213
  0.0225  0.0228  0.0219  0.0218  0.0235  0.0210  0.0226  0.0229  0.0223  0.0223  0.0215  0.0220
  0.0243  0.0248  0.0229  0.0256  0.0261  0.0241  0.0244  0.0249  0.0237  0.0240  0.0220  0.0229
   -0.7600   -2.8212   -3.0463   -6.4032  -16.4329   -8.2195
    2.2065    6.1820   -5.5093   26.7068   -7.0766  -25.9520
eta,q 0.97897 13.87995

---------------------------------------------------------------------
imgreg_4dfp /usr/local/freesurfer/average/711-2C_as_mni_average_305 /usr/local/freesurfer/average/711-2B_as_mni_average_305_mask talsrcimg_g11 none talsrcimg_to_711-2C_as_mni_average_305_t4 2311
---------------------------------------------------------------------

freesurfer imgreg_4dfp.c
/usr/local/freesurfer/average/711-2C_as_mni_average_305.4dfp.img
       256       256       256         1
  1.000000  1.000000  1.000000
orientation T byte_order littleendian
Reading image: /usr/local/freesurfer/average/711-2C_as_mni_average_305.4dfp.img
dimensions:      256       256       256
mmppix:       1.0000   -1.0000   -1.0000
center:     128.0000 -129.0000 -129.0000
/usr/local/freesurfer/average/711-2B_as_mni_average_305_mask.4dfp.img
       256       256       256         1
  1.000000  1.000000  1.000000
orientation T byte_order littleendian
Reading mask: /usr/local/freesurfer/average/711-2B_as_mni_average_305_mask.4dfp.img (2306576 pixels)
talsrcimg_g11.4dfp.img
       256       256       256         1
  1.000000  1.000000  1.000000
orientation T byte_order littleendian
Reading image: talsrcimg_g11.4dfp.img
dimensions:      256       256       256
mmppix:       1.0000   -1.0000   -1.0000
center:     128.0000 -129.0000 -129.0000
fimgreg.f
image alignment mode   2311 decimal      907 hex
parameters
   -0.7600   -2.8212   -3.0463   -6.4032  -16.4329   -8.2195
    2.2065    6.1820   -5.5093   26.7068   -7.0766  -25.9520
eta,q 0.97897 13.87995
niter,ni,del,rscale     5    3    5.0000    0.8000
parameters
   -0.7434   -2.8071   -2.9883   -4.3033  -16.5389   -6.8774
    2.0797    6.4125   -5.5376   27.9736   -6.1741  -25.4827
eta,q 0.97955 14.06996
  0.0225  0.0224  0.0217  0.0227  0.0222  0.0218  0.0224  0.0233  0.0219  0.0226  0.0214  0.0214
  0.0217  0.0217  0.0214  0.0221  0.0214  0.0212  0.0214  0.0217  0.0212  0.0217  0.0209  0.0209
  0.0212  0.0212  0.0211  0.0215  0.0208  0.0208  0.0208  0.0209  0.0208  0.0211  0.0206  0.0206
  0.0210  0.0210  0.0210  0.0210  0.0206  0.0206  0.0206  0.0206  0.0206  0.0206  0.0205  0.0205
  0.0212  0.0212  0.0211  0.0207  0.0209  0.0206  0.0208  0.0209  0.0208  0.0205  0.0205  0.0205
  0.0216  0.0216  0.0213  0.0207  0.0215  0.0205  0.0215  0.0215  0.0212  0.0207  0.0206  0.0207
  0.0225  0.0224  0.0216  0.0213  0.0224  0.0210  0.0226  0.0227  0.0220  0.0213  0.0209  0.0211
niter,ni,del,rscale     4    3    5.0000    0.7000
parameters
   -0.7458   -2.8874   -2.9080   -4.2999  -16.3402   -6.0131
    2.4492    6.4858   -5.3206   28.2692   -5.6854  -25.2910
eta,q 0.97977 14.12108
  0.0217  0.0214  0.0210  0.0218  0.0220  0.0214  0.0220  0.0223  0.0214  0.0217  0.0209  0.0209
  0.0210  0.0209  0.0207  0.0212  0.0212  0.0210  0.0211  0.0211  0.0208  0.0210  0.0205  0.0205
  0.0206  0.0205  0.0205  0.0208  0.0207  0.0207  0.0205  0.0205  0.0204  0.0205  0.0203  0.0203
  0.0204  0.0204  0.0204  0.0204  0.0204  0.0204  0.0203  0.0203  0.0203  0.0203  0.0202  0.0202
  0.0206  0.0206  0.0205  0.0204  0.0206  0.0202  0.0203  0.0205  0.0203  0.0203  0.0203  0.0203
  0.0210  0.0210  0.0206  0.0209  0.0210  0.0201  0.0208  0.0210  0.0207  0.0207  0.0204  0.0205
  0.0218  0.0217  0.0209  0.0221  0.0217  0.0210  0.0215  0.0221  0.0212  0.0214  0.0206  0.0208
niter,ni,del,rscale     3    3    5.0000    0.6000
parameters
   -0.7955   -2.9325   -3.0009   -4.0927  -16.4229   -6.0077
    2.5871    6.4254   -5.2157   28.3516   -5.5168  -25.2822
eta,q 0.97981 14.12819
  0.0212  0.0210  0.0206  0.0214  0.0213  0.0210  0.0214  0.0216  0.0210  0.0212  0.0206  0.0206
  0.0206  0.0206  0.0204  0.0209  0.0207  0.0207  0.0208  0.0208  0.0206  0.0207  0.0204  0.0204
  0.0203  0.0203  0.0203  0.0205  0.0203  0.0205  0.0204  0.0203  0.0203  0.0204  0.0202  0.0202
  0.0202  0.0202  0.0202  0.0202  0.0202  0.0202  0.0202  0.0202  0.0202  0.0202  0.0202  0.0202
  0.0204  0.0203  0.0203  0.0202  0.0203  0.0200  0.0203  0.0204  0.0203  0.0203  0.0202  0.0202
  0.0207  0.0207  0.0205  0.0205  0.0208  0.0202  0.0206  0.0209  0.0205  0.0206  0.0204  0.0204
  0.0213  0.0211  0.0207  0.0214  0.0214  0.0215  0.0212  0.0217  0.0209  0.0212  0.0206  0.0206
niter,ni,del,rscale     2    3    5.0000    0.5000
parameters
   -0.8219   -2.9522   -3.0052   -3.8618  -16.4501   -5.6023
    2.5662    6.4367   -5.1406   28.5135   -5.3893  -25.2474
eta,q 0.97993 14.15320
  0.0209  0.0208  0.0205  0.0211  0.0210  0.0208  0.0208  0.0213  0.0207  0.0209  0.0204  0.0204
  0.0205  0.0204  0.0203  0.0207  0.0205  0.0206  0.0204  0.0206  0.0204  0.0205  0.0202  0.0202
  0.0203  0.0203  0.0202  0.0204  0.0203  0.0204  0.0202  0.0202  0.0201  0.0202  0.0201  0.0201
  0.0202  0.0202  0.0202  0.0202  0.0202  0.0202  0.0201  0.0201  0.0201  0.0201  0.0201  0.0201
  0.0203  0.0203  0.0202  0.0202  0.0203  0.0200  0.0202  0.0202  0.0201  0.0201  0.0201  0.0201
  0.0205  0.0205  0.0203  0.0204  0.0206  0.0201  0.0204  0.0206  0.0203  0.0204  0.0202  0.0202
  0.0209  0.0208  0.0205  0.0210  0.0210  0.0208  0.0209  0.0212  0.0206  0.0208  0.0204  0.0204
niter,ni,del,rscale     1    3    5.0000    0.4000
parameters
   -0.8286   -2.9686   -2.9765   -3.7586  -16.5258   -5.2871
    2.5682    6.4309   -5.0990   28.5690   -5.3374  -25.2345
eta,q 0.97999 14.16526
  0.0206  0.0204  0.0203  0.0207  0.0206  0.0206  0.0205  0.0208  0.0204  0.0206  0.0202  0.0202
  0.0203  0.0202  0.0202  0.0204  0.0203  0.0204  0.0202  0.0204  0.0202  0.0203  0.0201  0.0201
  0.0201  0.0201  0.0201  0.0202  0.0201  0.0203  0.0201  0.0201  0.0201  0.0201  0.0200  0.0200
  0.0201  0.0201  0.0201  0.0201  0.0201  0.0201  0.0200  0.0200  0.0200  0.0200  0.0200  0.0200
  0.0201  0.0201  0.0201  0.0201  0.0201  0.0200  0.0201  0.0201  0.0200  0.0201  0.0200  0.0200
  0.0203  0.0203  0.0202  0.0203  0.0203  0.0201  0.0202  0.0204  0.0202  0.0202  0.0201  0.0201
  0.0206  0.0205  0.0203  0.0207  0.0206  0.0205  0.0205  0.0208  0.0204  0.0205  0.0202  0.0202
registration optimization eta report
parameter search radius
    0.8000    0.8000    0.8000    2.4000    2.4000    2.4000
    2.4000    2.4000    2.4000    2.4000    2.4000    2.4000
100000*second partial in parameter space
       76.       61.       33.       11.        9.        9.
        9.       14.        6.        9.        4.        4.
  0.0206  0.0204  0.0203  0.0207  0.0206  0.0206  0.0205  0.0208  0.0204  0.0206  0.0202  0.0202
  0.0203  0.0202  0.0202  0.0204  0.0203  0.0204  0.0202  0.0204  0.0202  0.0203  0.0201  0.0201
  0.0201  0.0201  0.0201  0.0202  0.0201  0.0203  0.0201  0.0201  0.0201  0.0201  0.0200  0.0200
  0.0201  0.0201  0.0201  0.0201  0.0201  0.0201  0.0200  0.0200  0.0200  0.0200  0.0200  0.0200
  0.0201  0.0201  0.0201  0.0201  0.0201  0.0200  0.0201  0.0201  0.0200  0.0201  0.0200  0.0200
  0.0203  0.0203  0.0202  0.0203  0.0203  0.0201  0.0202  0.0204  0.0202  0.0202  0.0201  0.0201
  0.0206  0.0205  0.0203  0.0207  0.0206  0.0205  0.0205  0.0208  0.0204  0.0205  0.0202  0.0202
   -0.8286   -2.9686   -2.9765   -3.7586  -16.5258   -5.2871
    2.5682    6.4309   -5.0990   28.5690   -5.3374  -25.2345
eta,q 0.97999 14.16526

---------------------------------------------------------------------
imgreg_4dfp /usr/local/freesurfer/average/711-2C_as_mni_average_305 /usr/local/freesurfer/average/711-2B_as_mni_average_305_mask talsrcimg_g11 none talsrcimg_to_711-2C_as_mni_average_305_t4 2311
---------------------------------------------------------------------

freesurfer imgreg_4dfp.c
/usr/local/freesurfer/average/711-2C_as_mni_average_305.4dfp.img
       256       256       256         1
  1.000000  1.000000  1.000000
orientation T byte_order littleendian
Reading image: /usr/local/freesurfer/average/711-2C_as_mni_average_305.4dfp.img
dimensions:      256       256       256
mmppix:       1.0000   -1.0000   -1.0000
center:     128.0000 -129.0000 -129.0000
/usr/local/freesurfer/average/711-2B_as_mni_average_305_mask.4dfp.img
       256       256       256         1
  1.000000  1.000000  1.000000
orientation T byte_order littleendian
Reading mask: /usr/local/freesurfer/average/711-2B_as_mni_average_305_mask.4dfp.img (2306576 pixels)
talsrcimg_g11.4dfp.img
       256       256       256         1
  1.000000  1.000000  1.000000
orientation T byte_order littleendian
Reading image: talsrcimg_g11.4dfp.img
dimensions:      256       256       256
mmppix:       1.0000   -1.0000   -1.0000
center:     128.0000 -129.0000 -129.0000
fimgreg.f
image alignment mode   2311 decimal      907 hex
parameters
   -0.8286   -2.9686   -2.9765   -3.7586  -16.5258   -5.2871
    2.5682    6.4309   -5.0990   28.5690   -5.3374  -25.2345
eta,q 0.97999 14.16526
niter,ni,del,rscale     5    3    5.0000    0.8000
parameters
   -0.8327   -2.9781   -2.8597   -4.4381  -16.5332   -6.2767
    2.6517    6.2991   -5.1526   28.0131   -5.6997  -25.2505
eta,q 0.97967 14.09247
  0.0220  0.0215  0.0211  0.0217  0.0219  0.0213  0.0222  0.0226  0.0216  0.0216  0.0209  0.0211
  0.0209  0.0207  0.0205  0.0210  0.0210  0.0209  0.0212  0.0213  0.0209  0.0209  0.0205  0.0207
  0.0202  0.0202  0.0201  0.0203  0.0204  0.0205  0.0206  0.0205  0.0205  0.0205  0.0203  0.0204
  0.0200  0.0200  0.0200  0.0200  0.0201  0.0201  0.0203  0.0203  0.0203  0.0203  0.0203  0.0203
  0.0202  0.0202  0.0201  0.0203  0.0203  0.0201  0.0205  0.0206  0.0205  0.0206  0.0204  0.0204
  0.0209  0.0207  0.0204  0.0214  0.0210  0.0216  0.0211  0.0214  0.0210  0.0213  0.0207  0.0207
  0.0220  0.0216  0.0208  0.0238  0.0220  0.0249  0.0221  0.0229  0.0217  0.0225  0.0210  0.0211
niter,ni,del,rscale     4    3    5.0000    0.7000
parameters
   -0.8176   -2.9079   -2.9628   -4.2542  -16.3970   -6.3636
    2.5060    6.3425   -5.2310   28.1152   -5.7171  -25.2408
eta,q 0.97970 14.10200
  0.0217  0.0216  0.0208  0.0218  0.0218  0.0212  0.0216  0.0222  0.0213  0.0216  0.0208  0.0209
  0.0209  0.0209  0.0205  0.0212  0.0211  0.0208  0.0209  0.0211  0.0208  0.0210  0.0205  0.0206
  0.0205  0.0205  0.0204  0.0207  0.0205  0.0205  0.0204  0.0205  0.0204  0.0205  0.0203  0.0204
  0.0203  0.0203  0.0203  0.0203  0.0203  0.0203  0.0203  0.0203  0.0203  0.0203  0.0203  0.0203
  0.0205  0.0204  0.0204  0.0203  0.0204  0.0200  0.0205  0.0205  0.0204  0.0204  0.0204  0.0204
  0.0209  0.0208  0.0206  0.0207  0.0209  0.0203  0.0210  0.0211  0.0208  0.0208  0.0205  0.0206
  0.0216  0.0213  0.0209  0.0219  0.0217  0.0219  0.0218  0.0221  0.0214  0.0216  0.0208  0.0209
niter,ni,del,rscale     3    3    5.0000    0.6000
parameters
   -0.8081   -2.9324   -2.9672   -4.0465  -16.3731   -5.8824
    2.5050    6.4212   -5.1925   28.3753   -5.5301  -25.2358
eta,q 0.97984 14.13633
  0.0213  0.0211  0.0207  0.0215  0.0214  0.0210  0.0213  0.0217  0.0210  0.0213  0.0206  0.0206
  0.0208  0.0207  0.0205  0.0210  0.0208  0.0207  0.0207  0.0209  0.0205  0.0208  0.0204  0.0204
  0.0204  0.0204  0.0203  0.0206  0.0204  0.0205  0.0203  0.0204  0.0203  0.0204  0.0202  0.0202
  0.0203  0.0203  0.0203  0.0203  0.0203  0.0203  0.0202  0.0202  0.0202  0.0202  0.0202  0.0202
  0.0204  0.0204  0.0203  0.0203  0.0204  0.0200  0.0203  0.0203  0.0203  0.0202  0.0202  0.0202
  0.0207  0.0207  0.0205  0.0206  0.0208  0.0201  0.0207  0.0208  0.0205  0.0205  0.0203  0.0204
  0.0213  0.0212  0.0207  0.0214  0.0214  0.0210  0.0213  0.0216  0.0209  0.0211  0.0205  0.0206
niter,ni,del,rscale     2    3    5.0000    0.5000
parameters
   -0.8158   -2.9563   -2.9982   -3.8886  -16.4574   -5.6335
    2.5571    6.4372   -5.1401   28.4956   -5.4092  -25.2535
eta,q 0.97992 14.15081
  0.0209  0.0207  0.0204  0.0211  0.0209  0.0208  0.0209  0.0212  0.0207  0.0209  0.0204  0.0204
  0.0205  0.0204  0.0203  0.0207  0.0205  0.0206  0.0205  0.0206  0.0204  0.0205  0.0202  0.0202
  0.0202  0.0202  0.0202  0.0204  0.0202  0.0204  0.0202  0.0202  0.0202  0.0202  0.0201  0.0201
  0.0202  0.0202  0.0202  0.0202  0.0201  0.0201  0.0201  0.0201  0.0201  0.0201  0.0201  0.0201
  0.0202  0.0202  0.0202  0.0201  0.0203  0.0200  0.0202  0.0202  0.0201  0.0201  0.0201  0.0201
  0.0205  0.0204  0.0203  0.0204  0.0205  0.0201  0.0204  0.0206  0.0203  0.0204  0.0202  0.0202
  0.0209  0.0208  0.0205  0.0210  0.0210  0.0209  0.0208  0.0212  0.0206  0.0208  0.0204  0.0204
niter,ni,del,rscale     1    3    5.0000    0.4000
parameters
   -0.8276   -2.9643   -2.9844   -3.7546  -16.5279   -5.2804
    2.5601    6.4366   -5.0968   28.5706   -5.3410  -25.2431
eta,q 0.97999 14.16546
  0.0205  0.0205  0.0203  0.0207  0.0206  0.0206  0.0205  0.0208  0.0204  0.0206  0.0202  0.0202
  0.0203  0.0203  0.0202  0.0204  0.0203  0.0204  0.0202  0.0204  0.0202  0.0203  0.0201  0.0201
  0.0201  0.0201  0.0201  0.0202  0.0201  0.0203  0.0201  0.0201  0.0201  0.0201  0.0200  0.0200
  0.0201  0.0201  0.0201  0.0201  0.0201  0.0201  0.0200  0.0200  0.0200  0.0200  0.0200  0.0200
  0.0201  0.0201  0.0201  0.0201  0.0201  0.0200  0.0201  0.0201  0.0200  0.0201  0.0200  0.0200
  0.0203  0.0203  0.0202  0.0203  0.0203  0.0200  0.0202  0.0204  0.0202  0.0202  0.0201  0.0201
  0.0206  0.0205  0.0203  0.0207  0.0207  0.0205  0.0205  0.0208  0.0204  0.0205  0.0202  0.0202
registration optimization eta report
parameter search radius
    0.8000    0.8000    0.8000    2.4000    2.4000    2.4000
    2.4000    2.4000    2.4000    2.4000    2.4000    2.4000
100000*second partial in parameter space
       75.       61.       33.       11.        9.        9.
        9.       14.        6.        9.        4.        4.
  0.0205  0.0205  0.0203  0.0207  0.0206  0.0206  0.0205  0.0208  0.0204  0.0206  0.0202  0.0202
  0.0203  0.0203  0.0202  0.0204  0.0203  0.0204  0.0202  0.0204  0.0202  0.0203  0.0201  0.0201
  0.0201  0.0201  0.0201  0.0202  0.0201  0.0203  0.0201  0.0201  0.0201  0.0201  0.0200  0.0200
  0.0201  0.0201  0.0201  0.0201  0.0201  0.0201  0.0200  0.0200  0.0200  0.0200  0.0200  0.0200
  0.0201  0.0201  0.0201  0.0201  0.0201  0.0200  0.0201  0.0201  0.0200  0.0201  0.0200  0.0200
  0.0203  0.0203  0.0202  0.0203  0.0203  0.0200  0.0202  0.0204  0.0202  0.0202  0.0201  0.0201
  0.0206  0.0205  0.0203  0.0207  0.0207  0.0205  0.0205  0.0208  0.0204  0.0205  0.0202  0.0202
   -0.8276   -2.9643   -2.9844   -3.7546  -16.5279   -5.2804
    2.5601    6.4366   -5.0968   28.5706   -5.3410  -25.2431
eta,q 0.97999 14.16546

---------------------------------------------------------------------
compute_vox2vox talsrcimg talsrcimg_to_711-2C_as_mni_average_305_t4 /usr/local/freesurfer/average/711-2C_as_mni_average_305
---------------------------------------------------------------------

freesurfer compute_vox2vox.c
Reading: talsrcimg.4dfp.ifh
Reading: talsrcimg_to_711-2C_as_mni_average_305_t4
Reading: /usr/local/freesurfer/average/711-2C_as_mni_average_305.4dfp.ifh
Writing: talsrcimg_to_711-2C_as_mni_average_305_t4_vox2vox.txt

start time Wed May 28 16:14:15 UTC 2025
end		time Wed May 28 16:14:35 UTC 2025

mpr2mni305 success

avi2talxfm orig_nu.mgz /usr/local/freesurfer/average/mni305.cor.mgz talsrcimg_to_711-2C_as_mni_average_305_t4_vox2vox.txt transforms/talairach.auto.xfm
avi2talxfm done
mv -f /home/freesurfer/subjects/sub-001/mri/talsrcimg_to_711-2C_as_mni_average_305_t4_vox2vox.txt /home/freesurfer/subjects/sub-001/mri/transforms/talsrcimg_to_711-2C_as_mni_average_305_t4_vox2vox.txt
lta_convert --src orig_nu.mgz --trg /usr/local/freesurfer/average/mni305.cor.mgz --inxfm transforms/talairach.auto.xfm --outlta transforms/talairach.auto.xfm.lta --subject fsaverage
7.4.1

--src: orig_nu.mgz src image (geometry).
--trg: /usr/local/freesurfer/average/mni305.cor.mgz trg image (geometry).
--inmni: transforms/talairach.auto.xfm input MNI/XFM transform.
--outlta: transforms/talairach.auto.xfm.lta output LTA.
--s: fsaverage subject name
 LTA read, type : 1
 1.03336  -0.05559  -0.04851   6.71872;
 0.06881   0.96379   0.28935  -31.90557;
 0.03954  -0.33328   1.09600  -3.48648;
 0.00000   0.00000   0.00000   1.00000;
setting subject to fsaverage
Writing  LTA to file transforms/talairach.auto.xfm.lta...
lta_convert successful.
 
 
Started at Wed May 28 16:14:14 UTC 2025
Ended   at Wed May 28 16:14:35 UTC 2025
talairach_avi done
