/home/freesurfer/subjects/sub-009/mri
/usr/local/freesurfer/bin/talairach_avi
--i orig_nu.mgz --xfm transforms/talairach.auto.xfm
talairach_avi 7.4.1
Linux 83a0105d2b61 6.11.0-26-generic #26~24.04.1-Ubuntu SMP PREEMPT_DYNAMIC Thu Apr 17 19:20:47 UTC 2 x86_64 x86_64 x86_64 GNU/Linux
Fri May 30 19:30:09 UTC 2025
mri_convert orig_nu.mgz talsrcimg.img 
reading from orig_nu.mgz...
TR=8.27, TE=0.00, TI=0.00, flip angle=0.00
i_ras = (-1, 0, 0)
j_ras = (-9.31323e-10, -7.45058e-09, -1)
k_ras = (2.91038e-10, 1, -7.45058e-09)
writing to talsrcimg.img...
Analyze Output Matrix
-1.00000  -0.00000   0.00000   131.24420;
 0.00000  -0.00000   1.00000  -102.78899;
 0.00000  -1.00000  -0.00000   131.29688;
 0.00000   0.00000   0.00000   1.00000;
--------------------
INFO: set hdr.hist.orient to -1
mpr2mni305 talsrcimg
Fri May 30 19:30:10 UTC 2025
/usr/local/freesurfer/bin/mpr2mni305 talsrcimg
mpr2mni305 7.4.1
target=711-2C_as_mni_average_305

---------------------------------------------------------------------
analyzeto4dfp talsrcimg -O0 -y
---------------------------------------------------------------------

freesurfer ifh2hdr.c
Fri May 30 19:30:10 2025
Writing: talsrcimg.4dfp.hdr
freesurfer analyzeto4dfp.c
Reading: talsrcimg.hdr
header size 348 bytes
hdr.dime.datatype	offset=70	value=2
hdr.dime.bitpix		offset=72	value=8
hdr.hist.orient		offset=252	value=-1
dimensionality     4
dimensions       256       256       256         1
Reading: talsrcimg.img
Writing: talsrcimg.4dfp.img
Writing: talsrcimg.4dfp.ifh
ifh2hdr talsrcimg -r0to237
ori=2

---------------------------------------------------------------------
gauss_4dfp talsrcimg 1.1
---------------------------------------------------------------------

freesurfer gauss_4dfp.c
Reading: talsrcimg.4dfp.img
Writing: talsrcimg_g11.4dfp.img
image dimensions 256 256 256 padded to 288 288 288
processing volume 1freesurfer ifh2hdr.c
Fri May 30 19:30:14 2025
Writing: talsrcimg_g11.4dfp.hdr

Writing: talsrcimg_g11.4dfp.ifh
including: talsrcimg.4dfp.img.rec in talsrcimg_g11.4dfp.img.rec

---------------------------------------------------------------------
imgreg_4dfp /usr/local/freesurfer/average/711-2C_as_mni_average_305 none talsrcimg_g11 none talsrcimg_to_711-2C_as_mni_average_305_t4 4355
---------------------------------------------------------------------

freesurfer imgreg_4dfp.c
/usr/local/freesurfer/average/711-2C_as_mni_average_305.4dfp.img
       256       256       256         1
  1.000000  1.000000  1.000000
orientation T byte_order littleendian
Reading image: /usr/local/freesurfer/average/711-2C_as_mni_average_305.4dfp.img
dimensions:      256       256       256
mmppix:       1.0000   -1.0000   -1.0000
center:     128.0000 -129.0000 -129.0000
talsrcimg_g11.4dfp.img
       256       256       256         1
  1.000000  1.000000  1.000000
orientation T byte_order littleendian
Reading image: talsrcimg_g11.4dfp.img
dimensions:      256       256       256
mmppix:       1.0000   -1.0000   -1.0000
center:     128.0000 -129.0000 -129.0000
t4_read: open error in t4_sub.f l:  41 t4_file(1:l)talsrcimg_to_711-2C_as_mni_average_305_t4 
t4_read: transform initialized to I4
rotation matrix determinant  1.000000
image alignment mode   4355 decimal     1103 hex
   -7.5000  -45.0000  -45.0000 9785.2246   14.8776
    0.0000  -45.0000  -45.000010187.0273   14.8823
    7.5000  -45.0000  -45.0000 9681.2344   14.8733
   -7.5000  -37.5000  -45.000010322.2822   14.8898
    0.0000  -37.5000  -45.000010751.9180   14.8921
    7.5000  -37.5000  -45.000010224.2471   14.8914
   -7.5000  -30.0000  -45.000011169.3359   14.8885
    0.0000  -30.0000  -45.000011630.5068   14.8876
    7.5000  -30.0000  -45.000011047.9619   14.8902
   -7.5000  -22.5000  -45.000011905.7539   14.8751
    0.0000  -22.5000  -45.000012421.2412   14.8730
    7.5000  -22.5000  -45.000011789.0586   14.8705
   -7.5000  -15.0000  -45.000012629.4229   14.8661
    0.0000  -15.0000  -45.000013147.7002   14.8653
    7.5000  -15.0000  -45.000012474.1211   14.8541
   -7.5000   -7.5000  -45.000013312.5332   14.8675
    0.0000   -7.5000  -45.000013881.8916   14.8703
    7.5000   -7.5000  -45.000013141.9258   14.8557
   -7.5000    0.0000  -45.000013890.2822   14.8776
    0.0000    0.0000  -45.000014470.7021   14.8823
    7.5000    0.0000  -45.000013714.9277   14.8733
   -7.5000    7.5000  -45.000013235.1172   14.8898
    0.0000    7.5000  -45.000013790.3340   14.8921
    7.5000    7.5000  -45.000013042.1641   14.8914
   -7.5000   15.0000  -45.000012297.4971   14.8885
    0.0000   15.0000  -45.000012839.4248   14.8876
    7.5000   15.0000  -45.000012125.4785   14.8902
   -7.5000   22.5000  -45.000011229.5049   14.8731
    0.0000   22.5000  -45.000011726.3086   14.8710
    7.5000   22.5000  -45.000011097.9355   14.8684
   -7.5000   30.0000  -45.000010159.8252   14.6680
    0.0000   30.0000  -45.000010600.5322   14.6672
    7.5000   30.0000  -45.000010067.7217   14.6562
   -7.5000   37.5000  -45.0000 9540.0947   14.6694
    0.0000   37.5000  -45.0000 9966.1641   14.6722
    7.5000   37.5000  -45.0000 9460.0293   14.6578
   -7.5000   45.0000  -45.0000 8636.7715   14.3403
    0.0000   45.0000  -45.0000 9038.9492   14.3449
    7.5000   45.0000  -45.0000 8541.0449   14.3361
   -7.5000  -45.0000  -37.500010339.2344   14.8782
    0.0000  -45.0000  -37.500010755.7119   14.8881
    7.5000  -45.0000  -37.500010239.6094   14.8698
   -7.5000  -37.5000  -37.500010918.3945   14.8843
    0.0000  -37.5000  -37.500011359.7100   14.8930
    7.5000  -37.5000  -37.500010798.2764   14.8846
   -7.5000  -30.0000  -37.500011813.9404   14.8863
    0.0000  -30.0000  -37.500012293.6104   14.8923
    7.5000  -30.0000  -37.500011690.3936   14.8879
   -7.5000  -22.5000  -37.500012602.7637   14.8829
    0.0000  -22.5000  -37.500013130.0391   14.8868
    7.5000  -22.5000  -37.500012480.9707   14.8758
   -7.5000  -15.0000  -37.500013351.7568   14.8809
    0.0000  -15.0000  -37.500013891.6514   14.8845
    7.5000  -15.0000  -37.500013198.6191   14.8631
   -7.5000   -7.5000  -37.500014053.3613   14.8782
    0.0000   -7.5000  -37.500014619.8467   14.8852
    7.5000   -7.5000  -37.500013869.9658   14.8604
   -7.5000    0.0000  -37.500014638.1748   14.8781
    0.0000    0.0000  -37.500015221.7598   14.8881
    7.5000    0.0000  -37.500014433.5518   14.8698
   -7.5000    7.5000  -37.500013925.9561   14.8843
    0.0000    7.5000  -37.500014480.5117   14.8930
    7.5000    7.5000  -37.500013727.8525   14.8846
   -7.5000   15.0000  -37.500012906.1484   14.8863
    0.0000   15.0000  -37.500013438.2793   14.8923
    7.5000   15.0000  -37.500012739.6943   14.8879
   -7.5000   22.5000  -37.500011793.9268   14.8809
    0.0000   22.5000  -37.500012272.1602   14.8847
    7.5000   22.5000  -37.500011655.6143   14.8738
   -7.5000   30.0000  -37.500010638.9961   14.6825
    0.0000   30.0000  -37.500011076.4492   14.6861
    7.5000   30.0000  -37.500010553.7480   14.6650
   -7.5000   37.5000  -37.5000 9973.4629   14.6800
    0.0000   37.5000  -37.500010390.1338   14.6869
    7.5000   37.5000  -37.5000 9901.5586   14.6624
   -7.5000   45.0000  -37.5000 9002.5869   14.3408
    0.0000   45.0000  -37.5000 9387.9092   14.3504
    7.5000   45.0000  -37.5000 8901.3398   14.3328
   -7.5000  -45.0000  -30.000010969.2451   15.5050
    0.0000  -45.0000  -30.000011435.4863   15.5236
    7.5000  -45.0000  -30.000010885.8838   15.5107
   -7.5000  -37.5000  -30.000011589.6162   15.5039
    0.0000  -37.5000  -30.000012077.0195   15.5233
    7.5000  -37.5000  -30.000011462.9121   15.5223
   -7.5000  -30.0000  -30.000012584.2178   15.5040
    0.0000  -30.0000  -30.000013123.8145   15.5222
    7.5000  -30.0000  -30.000012458.8115   15.5256
   -7.5000  -22.5000  -30.000013468.6826   15.5051
    0.0000  -22.5000  -30.000014065.8779   15.5203
    7.5000  -22.5000  -30.000013324.4326   15.5151
   -7.5000  -15.0000  -30.000014282.4424   15.5107
    0.0000  -15.0000  -30.000014887.0215   15.5240
    7.5000  -15.0000  -30.000014097.3652   15.5062
   -7.5000   -7.5000  -30.000015001.3584   15.5106
    0.0000   -7.5000  -30.000015619.5859   15.5263
    7.5000   -7.5000  -30.000014806.3369   15.5051
   -7.5000    0.0000  -30.000015596.4014   15.5050
    0.0000    0.0000  -30.000016217.8984   15.5236
    7.5000    0.0000  -30.000015396.7930   15.5106
   -7.5000    7.5000  -30.000014817.7520   15.5039
    0.0000    7.5000  -30.000015394.5293   15.5233
    7.5000    7.5000  -30.000014639.8291   15.5223
   -7.5000   15.0000  -30.000013690.6055   15.5040
    0.0000   15.0000  -30.000014231.4521   15.5222
    7.5000   15.0000  -30.000013555.2793   15.5256
   -7.5000   22.5000  -30.000012497.8662   15.5014
    0.0000   22.5000  -30.000012986.2324   15.5166
    7.5000   22.5000  -30.000012391.4648   15.5114
   -7.5000   30.0000  -30.000011280.6084   15.3055
    0.0000   30.0000  -30.000011736.0332   15.3186
    7.5000   30.0000  -30.000011191.9463   15.3010
   -7.5000   37.5000  -30.000010568.7715   15.3054
    0.0000   37.5000  -30.000010992.7441   15.3209
    7.5000   37.5000  -30.000010495.9609   15.3000
   -7.5000   45.0000  -30.0000 9517.8555   14.9556
    0.0000   45.0000  -30.0000 9906.2549   14.9736
    7.5000   45.0000  -30.0000 9420.1660   14.9612
   -7.5000  -45.0000  -22.500011585.2314   16.0359
    0.0000  -45.0000  -22.500012080.5010   16.0578
    7.5000  -45.0000  -22.500011501.9092   16.0619
   -7.5000  -37.5000  -22.500012221.3281   16.0334
    0.0000  -37.5000  -22.500012753.6494   16.0569
    7.5000  -37.5000  -22.500012103.2998   16.0732
   -7.5000  -30.0000  -22.500013302.4707   16.0271
    0.0000  -30.0000  -22.500013895.8711   16.0503
    7.5000  -30.0000  -22.500013148.2812   16.0707
   -7.5000  -22.5000  -22.500014281.0205   16.0219
    0.0000  -22.5000  -22.500014929.7275   16.0422
    7.5000  -22.5000  -22.500014118.0273   16.0535
   -7.5000  -15.0000  -22.500015131.1396   16.0282
    0.0000  -15.0000  -22.500015826.0342   16.0467
    7.5000  -15.0000  -22.500014979.9951   16.0454
   -7.5000   -7.5000  -22.500015905.2598   16.0360
    0.0000   -7.5000  -22.500016610.1289   16.0557
    7.5000   -7.5000  -22.500015739.7256   16.0513
   -7.5000    0.0000  -22.500016497.4316   16.0359
    0.0000    0.0000  -22.500017223.7656   16.0578
    7.5000    0.0000  -22.500016312.7725   16.0618
   -7.5000    7.5000  -22.500015634.0938   16.0334
    0.0000    7.5000  -22.500016300.8525   16.0569
    7.5000    7.5000  -22.500015476.6924   16.0732
   -7.5000   15.0000  -22.500014450.7432   16.0271
    0.0000   15.0000  -22.500015056.9463   16.0503
    7.5000   15.0000  -22.500014328.2393   16.0707
   -7.5000   22.5000  -22.500013180.2197   16.0170
    0.0000   22.5000  -22.500013697.1504   16.0373
    7.5000   22.5000  -22.500013068.4258   16.0486
   -7.5000   30.0000  -22.500011927.1113   15.8186
    0.0000   30.0000  -22.500012385.0107   15.8368
    7.5000   30.0000  -22.500011820.1387   15.8355
   -7.5000   37.5000  -22.500011199.9121   15.8263
    0.0000   37.5000  -22.500011643.8896   15.8458
    7.5000   37.5000  -22.500011097.7725   15.8414
   -7.5000   45.0000  -22.500010077.8877   15.4791
    0.0000   45.0000  -22.500010478.1299   15.5002
    7.5000   45.0000  -22.5000 9951.3057   15.5042
   -7.5000  -45.0000  -15.000012112.5996   16.4162
    0.0000  -45.0000  -15.000012628.2295   16.4345
    7.5000  -45.0000  -15.000011997.5059   16.4503
   -7.5000  -37.5000  -15.000012772.3877   16.4198
    0.0000  -37.5000  -15.000013324.8486   16.4387
    7.5000  -37.5000  -15.000012649.7549   16.4656
   -7.5000  -30.0000  -15.000013931.0781   16.4097
    0.0000  -30.0000  -15.000014532.2119   16.4280
    7.5000  -30.0000  -15.000013772.2109   16.4582
   -7.5000  -22.5000  -15.000015036.2695   16.3937
    0.0000  -22.5000  -15.000015711.6553   16.4101
    7.5000  -22.5000  -15.000014859.7295   16.4321
   -7.5000  -15.0000  -15.000015988.7754   16.3932
    0.0000  -15.0000  -15.000016771.9180   16.4088
    7.5000  -15.0000  -15.000015834.2744   16.4195
   -7.5000   -7.5000  -15.000016788.7012   16.4056
    0.0000   -7.5000  -15.000017587.0078   16.4226
    7.5000   -7.5000  -15.000016610.3086   16.4303
   -7.5000    0.0000  -15.000017353.4199   16.4162
    0.0000    0.0000  -15.000018168.6504   16.4345
    7.5000    0.0000  -15.000017145.2246   16.4503
   -7.5000    7.5000  -15.000016421.8594   16.4198
    0.0000    7.5000  -15.000017165.7188   16.4387
    7.5000    7.5000  -15.000016210.5342   16.4656
   -7.5000   15.0000  -15.000015245.1748   16.4097
    0.0000   15.0000  -15.000015923.1230   16.4280
    7.5000   15.0000  -15.000015033.8770   16.4582
   -7.5000   22.5000  -15.000013923.4062   16.3879
    0.0000   22.5000  -15.000014490.1367   16.4043
    7.5000   22.5000  -15.000013713.5732   16.4262
   -7.5000   30.0000  -15.000012614.9980   16.1810
    0.0000   30.0000  -15.000013120.4131   16.1965
    7.5000   30.0000  -15.000012435.4121   16.2070
   -7.5000   37.5000  -15.000011880.9502   16.1933
    0.0000   37.5000  -15.000012372.8535   16.2101
    7.5000   37.5000  -15.000011722.8867   16.2177
   -7.5000   45.0000  -15.000010688.2207   15.8558
    0.0000   45.0000  -15.000011115.6816   15.8735
    7.5000   45.0000  -15.000010500.2617   15.8886
   -7.5000  -45.0000   -7.500012571.1416   16.6083
    0.0000  -45.0000   -7.500013121.6914   16.6184
    7.5000  -45.0000   -7.500012439.5430   16.6264
   -7.5000  -37.5000   -7.500013263.8770   16.6202
    0.0000  -37.5000   -7.500013833.2607   16.6287
    7.5000  -37.5000   -7.500013107.6367   16.6465
   -7.5000  -30.0000   -7.500014534.3604   16.6130
    0.0000  -30.0000   -7.500015179.5596   16.6191
    7.5000  -30.0000   -7.500014341.2822   16.6400
   -7.5000  -22.5000   -7.500015834.4434   16.5922
    0.0000  -22.5000   -7.500016631.4395   16.5971
    7.5000  -22.5000   -7.500015584.8018   16.6115
   -7.5000  -15.0000   -7.500017027.9434   16.5830
    0.0000  -15.0000   -7.500018046.6270   16.5891
    7.5000  -15.0000   -7.500016752.4941   16.5936
   -7.5000   -7.5000   -7.500017933.9004   16.5920
    0.0000   -7.5000   -7.500018984.9648   16.6008
    7.5000   -7.5000   -7.500017575.1211   16.6020
   -7.5000    0.0000   -7.500018449.1133   16.6083
    0.0000    0.0000   -7.500019418.0742   16.6184
    7.5000    0.0000   -7.500018005.1523   16.6264
   -7.5000    7.5000   -7.500017398.6719   16.6202
    0.0000    7.5000   -7.500018210.1738   16.6287
    7.5000    7.5000   -7.500016939.3301   16.6465
   -7.5000   15.0000   -7.500016096.9141   16.6130
    0.0000   15.0000   -7.500016814.0137   16.6191
    7.5000   15.0000   -7.500015664.8789   16.6400
   -7.5000   22.5000   -7.500014687.0234   16.5845
    0.0000   22.5000   -7.500015304.8789   16.5895
    7.5000   22.5000   -7.500014301.7783   16.6039
   -7.5000   30.0000   -7.500013311.5029   16.3680
    0.0000   30.0000   -7.500013853.2764   16.3740
    7.5000   30.0000   -7.500013014.9287   16.3784
   -7.5000   37.5000   -7.500012532.5762   16.3769
    0.0000   37.5000   -7.500013061.1064   16.3856
    7.5000   37.5000   -7.500012280.6523   16.3867
   -7.5000   45.0000   -7.500011239.2588   16.0447
    0.0000   45.0000   -7.500011702.1543   16.0545
    7.5000   45.0000   -7.500010983.6914   16.0621
   -7.5000  -45.0000    0.000012955.9336   16.6461
    0.0000  -45.0000    0.000013538.5684   16.6514
    7.5000  -45.0000    0.000012811.9189   16.6413
   -7.5000  -37.5000    0.000013673.9170   16.6598
    0.0000  -37.5000    0.000014281.1094   16.6624
    7.5000  -37.5000    0.000013480.1523   16.6616
   -7.5000  -30.0000    0.000015077.0010   16.6584
    0.0000  -30.0000    0.000015766.3262   16.6574
    7.5000  -30.0000    0.000014768.3818   16.6602
   -7.5000  -22.5000    0.000016612.9141   16.6434
    0.0000  -22.5000    0.000017545.9160   16.6410
    7.5000  -22.5000    0.000016150.7568   16.6381
   -7.5000  -15.0000    0.000017971.6309   16.6332
    0.0000  -15.0000    0.000019154.3789   16.6323
    7.5000  -15.0000    0.000017330.5859   16.6198
   -7.5000   -7.5000    0.000018938.8809   16.6347
    0.0000   -7.5000    0.000020136.9883   16.6378
    7.5000   -7.5000    0.000018153.6348   16.6215
   -7.5000    0.0000    0.000019381.6504   16.6461
    0.0000    0.0000    0.000020456.0254   16.6514
    7.5000    0.0000    0.000018567.1445   16.6413
   -7.5000    7.5000    0.000018169.8730   16.6598
    0.0000    7.5000    0.000019093.4727   16.6624
    7.5000    7.5000    0.000017480.7441   16.6616
   -7.5000   15.0000    0.000016668.5527   16.6584
    0.0000   15.0000    0.000017481.5586   16.6574
    7.5000   15.0000    0.000016143.8262   16.6602
   -7.5000   22.5000    0.000015174.1758   16.6357
    0.0000   22.5000    0.000015862.7451   16.6333
    7.5000   22.5000    0.000014749.7559   16.6304
   -7.5000   30.0000    0.000013752.9561   16.4179
    0.0000   30.0000    0.000014334.0811   16.4171
    7.5000   30.0000    0.000013415.6299   16.4047
   -7.5000   37.5000    0.000012947.8477   16.4195
    0.0000   37.5000    0.000013490.4121   16.4226
    7.5000   37.5000    0.000012664.7246   16.4065
   -7.5000   45.0000    0.000011573.7891   16.0828
    0.0000   45.0000    0.000012070.1445   16.0879
    7.5000   45.0000    0.000011332.4834   16.0781
   -7.5000  -45.0000    7.500012333.8340   16.6490
    0.0000  -45.0000    7.500012913.0049   16.6602
    7.5000  -45.0000    7.500012135.6807   16.6397
   -7.5000  -37.5000    7.500013077.7666   16.6559
    0.0000  -37.5000    7.500013672.2754   16.6657
    7.5000  -37.5000    7.500012801.6201   16.6563
   -7.5000  -30.0000    7.500014399.8760   16.6582
    0.0000  -30.0000    7.500015103.6895   16.6649
    7.5000  -30.0000    7.500014034.8789   16.6600
   -7.5000  -22.5000    7.500015759.4082   16.6543
    0.0000  -22.5000    7.500016712.5391   16.6587
    7.5000  -22.5000    7.500015316.8740   16.6464
   -7.5000  -15.0000    7.500016828.9238   16.6521
    0.0000  -15.0000    7.500017987.3848   16.6561
    7.5000  -15.0000    7.500016348.0264   16.6322
   -7.5000   -7.5000    7.500017667.6699   16.6491
    0.0000   -7.5000    7.500018793.6699   16.6570
    7.5000   -7.5000    7.500017132.2637   16.6292
   -7.5000    0.0000    7.500018193.3730   16.6490
    0.0000    0.0000    7.500019261.2520   16.6602
    7.5000    0.0000    7.500017630.6250   16.6397
   -7.5000    7.5000    7.500017128.5410   16.6559
    0.0000    7.5000    7.500018089.1855   16.6657
    7.5000    7.5000    7.500016620.9785   16.6563
   -7.5000   15.0000    7.500015789.5186   16.6582
    0.0000   15.0000    7.500016667.0879   16.6649
    7.5000   15.0000    7.500015365.1260   16.6600
   -7.5000   22.5000    7.500014390.0674   16.6467
    0.0000   22.5000    7.500015142.1074   16.6510
    7.5000   22.5000    7.500014026.1807   16.6387
   -7.5000   30.0000    7.500013034.6348   16.4366
    0.0000   30.0000    7.500013642.5518   16.4406
    7.5000   30.0000    7.500012735.7119   16.4169
   -7.5000   37.5000    7.500012238.3545   16.4337
    0.0000   37.5000    7.500012778.4082   16.4415
    7.5000   37.5000    7.500011999.5049   16.4141
   -7.5000   45.0000    7.500010932.8730   16.0855
    0.0000   45.0000    7.500011416.0684   16.0963
    7.5000   45.0000    7.500010741.4199   16.0766
   -7.5000  -45.0000   15.000011589.7939   16.6550
    0.0000  -45.0000   15.000012135.7197   16.6750
    7.5000  -45.0000   15.000011405.1982   16.6610
   -7.5000  -37.5000   15.000012236.3975   16.6538
    0.0000  -37.5000   15.000012793.7148   16.6747
    7.5000  -37.5000   15.000012035.2715   16.6735
   -7.5000  -30.0000   15.000013376.9189   16.6539
    0.0000  -30.0000   15.000014044.8135   16.6735
    7.5000  -30.0000   15.000013148.1230   16.6772
   -7.5000  -22.5000   15.000014486.6230   16.6551
    0.0000  -22.5000   15.000015347.0518   16.6714
    7.5000  -22.5000   15.000014257.3193   16.6659
   -7.5000  -15.0000   15.000015427.4600   16.6611
    0.0000  -15.0000   15.000016390.4102   16.6754
    7.5000  -15.0000   15.000015167.7881   16.6562
   -7.5000   -7.5000   15.000016226.5332   16.6610
    0.0000   -7.5000   15.000017191.8398   16.6778
    7.5000   -7.5000   15.000015949.4980   16.6550
   -7.5000    0.0000   15.000016730.9844   16.6550
    0.0000    0.0000   15.000017671.9336   16.6750
    7.5000    0.0000   15.000016445.9922   16.6610
   -7.5000    7.5000   15.000015801.0918   16.6538
    0.0000    7.5000   15.000016671.6191   16.6747
    7.5000    7.5000   15.000015496.6025   16.6735
   -7.5000   15.0000   15.000014615.1553   16.6539
    0.0000   15.0000   15.000015401.1758   16.6735
    7.5000   15.0000   15.000014318.8408   16.6772
   -7.5000   22.5000   15.000013313.7031   16.6474
    0.0000   22.5000   15.000014008.1504   16.6637
    7.5000   22.5000   15.000013044.8174   16.6582
   -7.5000   30.0000   15.000012085.0566   16.4455
    0.0000   30.0000   15.000012683.6045   16.4596
    7.5000   30.0000   15.000011831.4482   16.4407
   -7.5000   37.5000   15.000011360.1562   16.4454
    0.0000   37.5000   15.000011907.9756   16.4620
    7.5000   37.5000   15.000011151.9346   16.4395
   -7.5000   45.0000   15.000010133.1699   16.0909
    0.0000   45.0000   15.000010606.3105   16.1103
    7.5000   45.0000   15.0000 9961.5459   16.0969
   -7.5000  -45.0000   22.500010858.7979   16.8590
    0.0000  -45.0000   22.500011343.9268   16.8823
    7.5000  -45.0000   22.500010708.0479   16.8868
   -7.5000  -37.5000   22.500011417.9453   16.8563
    0.0000  -37.5000   22.500011935.6191   16.8813
    7.5000  -37.5000   22.500011267.5635   16.8989
   -7.5000  -30.0000   22.500012434.8359   16.8495
    0.0000  -30.0000   22.500013038.2344   16.8742
    7.5000  -30.0000   22.500012273.0605   16.8963
   -7.5000  -22.5000   22.500013420.4541   16.8438
    0.0000  -22.5000   22.500014144.1025   16.8655
    7.5000  -22.5000   22.500013263.3008   16.8778
   -7.5000  -15.0000   22.500014249.0371   16.8506
    0.0000  -15.0000   22.500015025.3252   16.8704
    7.5000  -15.0000   22.500014075.8936   16.8691
   -7.5000   -7.5000   22.500014986.6191   16.8589
    0.0000   -7.5000   22.500015757.0742   16.8800
    7.5000   -7.5000   22.500014807.6211   16.8754
   -7.5000    0.0000   22.500015464.1289   16.8590
    0.0000    0.0000   22.500016227.5312   16.8823
    7.5000    0.0000   22.500015263.3398   16.8868
   -7.5000    7.5000   22.500014578.1348   16.8563
    0.0000    7.5000   22.500015281.9424   16.8813
    7.5000    7.5000   22.500014343.8232   16.8989
   -7.5000   15.0000   22.500013509.8789   16.8495
    0.0000   15.0000   22.500014146.5439   16.8742
    7.5000   15.0000   22.500013270.5068   16.8963
   -7.5000   22.5000   22.500012315.2217   16.8361
    0.0000   22.5000   22.500012894.9834   16.8578
    7.5000   22.5000   22.500012097.7832   16.8700
   -7.5000   30.0000   22.500011181.3242   16.6325
    0.0000   30.0000   22.500011696.4170   16.6520
    7.5000   30.0000   22.500010975.6553   16.6508
   -7.5000   37.5000   22.500010531.4482   16.6408
    0.0000   37.5000   22.500011009.4277   16.6616
    7.5000   37.5000   22.500010352.0195   16.6571
   -7.5000   45.0000   22.5000 9389.8174   16.2882
    0.0000   45.0000   22.5000 9811.6719   16.3107
    7.5000   45.0000   22.5000 9254.4482   16.3151
   -7.5000  -45.0000   30.000010058.2080   17.1853
    0.0000  -45.0000   30.000010496.6436   17.2056
    7.5000  -45.0000   30.0000 9954.9111   17.2225
   -7.5000  -37.5000   30.000010577.8047   17.1900
    0.0000  -37.5000   30.000011037.7422   17.2107
    7.5000  -37.5000   30.000010464.1572   17.2397
   -7.5000  -30.0000   30.000011488.2959   17.1796
    0.0000  -30.0000   30.000012019.2852   17.1994
    7.5000  -30.0000   30.000011377.0488   17.2321
   -7.5000  -22.5000   30.000012364.7959   17.1618
    0.0000  -22.5000   30.000012966.5244   17.1795
    7.5000  -22.5000   30.000012250.6934   17.2034
   -7.5000  -15.0000   30.000013110.4756   17.1603
    0.0000  -15.0000   30.000013735.6738   17.1774
    7.5000  -15.0000   30.000012986.5918   17.1891
   -7.5000   -7.5000   30.000013770.8115   17.1733
    0.0000   -7.5000   30.000014427.3037   17.1921
    7.5000   -7.5000   30.000013650.6338   17.2006
   -7.5000    0.0000   30.000014193.7900   17.1853
    0.0000    0.0000   30.000014840.5576   17.2056
    7.5000    0.0000   30.000014037.7646   17.2225
   -7.5000    7.5000   30.000013374.7090   17.1900
    0.0000    7.5000   30.000013966.8193   17.2107
    7.5000    7.5000   30.000013175.8691   17.2397
   -7.5000   15.0000   30.000012395.8418   17.1796
    0.0000   15.0000   30.000012934.4189   17.1994
    7.5000   15.0000   30.000012193.2695   17.2321
   -7.5000   22.5000   30.000011329.8184   17.1539
    0.0000   22.5000   30.000011813.2637   17.1716
    7.5000   22.5000   30.000011147.9277   17.1955
   -7.5000   30.0000   30.000010307.0186   16.9382
    0.0000   30.0000   30.000010747.8076   16.9551
    7.5000   30.0000   30.000010140.6484   16.9666
   -7.5000   37.5000   30.0000 9691.1924   16.9511
    0.0000   37.5000   30.000010096.3799   16.9697
    7.5000   37.5000   30.0000 9540.4814   16.9780
   -7.5000   45.0000   30.0000 8647.0449   16.6043
    0.0000   45.0000   30.0000 9000.4873   16.6238
    7.5000   45.0000   30.0000 8520.4355   16.6401
   -7.5000  -45.0000   37.5000 9672.6270   17.7085
    0.0000  -45.0000   37.500010080.1191   17.7227
    7.5000  -45.0000   37.5000 9602.4707   17.7319
   -7.5000  -37.5000   37.500010159.7773   17.7237
    0.0000  -37.5000   37.500010588.0195   17.7355
    7.5000  -37.5000   37.500010097.2568   17.7549
   -7.5000  -30.0000   37.500011016.4355   17.7161
    0.0000  -30.0000   37.500011507.5791   17.7250
    7.5000  -30.0000   37.500010949.3623   17.7474
   -7.5000  -22.5000   37.500011820.8945   17.6911
    0.0000  -22.5000   37.500012348.8369   17.6990
    7.5000  -22.5000   37.500011729.1768   17.7146
   -7.5000  -15.0000   37.500012527.9756   17.6784
    0.0000  -15.0000   37.500013077.1221   17.6881
    7.5000  -15.0000   37.500012425.2002   17.6935
   -7.5000   -7.5000   37.500013152.6797   17.6882
    0.0000   -7.5000   37.500013736.1074   17.7013
    7.5000   -7.5000   37.500013043.2002   17.7032
   -7.5000    0.0000   37.500013569.2686   17.7085
    0.0000    0.0000   37.500014164.9121   17.7227
    7.5000    0.0000   37.500013430.3477   17.7319
   -7.5000    7.5000   37.500012783.3369   17.7237
    0.0000    7.5000   37.500013314.5996   17.7355
    7.5000    7.5000   37.500012600.0801   17.7549
   -7.5000   15.0000   37.500011845.6602   17.7161
    0.0000   15.0000   37.500012349.7715   17.7250
    7.5000   15.0000   37.500011656.7725   17.7474
   -7.5000   22.5000   37.500010828.1689   17.6830
    0.0000   22.5000   37.500011296.7461   17.6909
    7.5000   22.5000   37.500010650.8945   17.7064
   -7.5000   30.0000   37.5000 9825.9092   17.4496
    0.0000   30.0000   37.500010235.4209   17.4592
    7.5000   30.0000   37.5000 9670.6533   17.4645
   -7.5000   37.5000   37.5000 9229.2852   17.4593
    0.0000   37.5000   37.5000 9614.0059   17.4723
    7.5000   37.5000   37.5000 9084.0537   17.4742
   -7.5000   45.0000   37.5000 8261.4229   17.1099
    0.0000   45.0000   37.5000 8598.6572   17.1237
    7.5000   45.0000   37.5000 8136.4331   17.1324
   -7.5000  -45.0000   45.0000 8871.4912   18.3119
    0.0000  -45.0000   45.0000 9253.7998   18.3230
    7.5000  -45.0000   45.0000 8836.9863   18.3131
   -7.5000  -37.5000   45.0000 9317.5967   18.3246
    0.0000  -37.5000   45.0000 9718.4434   18.3310
    7.5000  -37.5000   45.0000 9286.7480   18.3309
   -7.5000  -30.0000   45.000010091.5107   18.3165
    0.0000  -30.0000   45.000010522.1406   18.3187
    7.5000  -30.0000   45.000010049.6514   18.3218
   -7.5000  -22.5000   45.000010799.5713   18.2956
    0.0000  -22.5000   45.000011263.3604   18.2979
    7.5000  -22.5000   45.000010730.6807   18.2948
   -7.5000  -15.0000   45.000011436.7822   18.2854
    0.0000  -15.0000   45.000011926.6104   18.2910
    7.5000  -15.0000   45.000011350.4883   18.2780
   -7.5000   -7.5000   45.000012024.8311   18.2938
    0.0000   -7.5000   45.000012551.5215   18.3039
    7.5000   -7.5000   45.000011933.3135   18.2873
   -7.5000    0.0000   45.000012414.7559   18.3119
    0.0000    0.0000   45.000012957.8564   18.3230
    7.5000    0.0000   45.000012300.4160   18.3131
   -7.5000    7.5000   45.000011660.9502   18.3246
    0.0000    7.5000   45.000012158.9736   18.3310
    7.5000    7.5000   45.000011526.5674   18.3309
   -7.5000   15.0000   45.000010782.9258   18.3165
    0.0000   15.0000   45.000011260.4473   18.3187
    7.5000   15.0000   45.000010645.5498   18.3218
   -7.5000   22.5000   45.0000 9867.8125   18.2871
    0.0000   22.5000   45.000010315.8389   18.2894
    7.5000   22.5000   45.0000 9725.4658   18.2863
   -7.5000   30.0000   45.0000 8979.1992   18.0472
    0.0000   30.0000   45.0000 9369.3037   18.0527
    7.5000   30.0000   45.0000 8853.3359   18.0399
   -7.5000   37.5000   45.0000 8440.8711   18.0555
    0.0000   37.5000   45.0000 8799.0273   18.0654
    7.5000   37.5000   45.0000 8317.1836   18.0490
   -7.5000   45.0000   45.0000 7569.6655   17.6958
    0.0000   45.0000   45.0000 7880.9365   17.7065
    7.5000   45.0000   45.0000 7454.1025   17.6969

---------------------------------------------------------------------
imgreg_4dfp /usr/local/freesurfer/average/711-2C_as_mni_average_305 /usr/local/freesurfer/average/711-2B_as_mni_average_305_mask talsrcimg_g11 none talsrcimg_to_711-2C_as_mni_average_305_t4 4355
---------------------------------------------------------------------

freesurfer imgreg_4dfp.c
/usr/local/freesurfer/average/711-2C_as_mni_average_305.4dfp.img
       256       256       256         1
  1.000000  1.000000  1.000000
orientation T byte_order littleendian
Reading image: /usr/local/freesurfer/average/711-2C_as_mni_average_305.4dfp.img
dimensions:      256       256       256
mmppix:       1.0000   -1.0000   -1.0000
center:     128.0000 -129.0000 -129.0000
/usr/local/freesurfer/average/711-2B_as_mni_average_305_mask.4dfp.img
       256       256       256         1
  1.000000  1.000000  1.000000
orientation T byte_order littleendian
Reading mask: /usr/local/freesurfer/average/711-2B_as_mni_average_305_mask.4dfp.img (2306576 pixels)
talsrcimg_g11.4dfp.img
       256       256       256         1
  1.000000  1.000000  1.000000
orientation T byte_order littleendian
Reading image: talsrcimg_g11.4dfp.img
dimensions:      256       256       256
mmppix:       1.0000   -1.0000   -1.0000
center:     128.0000 -129.0000 -129.0000
rotation matrix determinant  1.000000
image alignment mode   4355 decimal     1103 hex
   -7.5000  -45.0000  -45.0000 2472.3569   16.0150
    0.0000  -45.0000  -45.0000 2475.7161   16.0105
    7.5000  -45.0000  -45.0000 2440.9973   16.0985
   -7.5000  -37.5000  -45.0000 2522.3479   15.1840
    0.0000  -37.5000  -45.0000 2526.6997   15.1801
    7.5000  -37.5000  -45.0000 2495.8459   15.2861
   -7.5000  -30.0000  -45.0000 2555.0117   14.6106
    0.0000  -30.0000  -45.0000 2557.4583   14.5893
    7.5000  -30.0000  -45.0000 2524.9531   14.7088
   -7.5000  -22.5000  -45.0000 2568.2903   14.2403
    0.0000  -22.5000  -45.0000 2573.7610   14.1771
    7.5000  -22.5000  -45.0000 2543.5894   14.3627
   -7.5000  -15.0000  -45.0000 2573.4807   14.1064
    0.0000  -15.0000  -45.0000 2579.1799   14.0308
    7.5000  -15.0000  -45.0000 2549.5017   14.2047
   -7.5000   -7.5000  -45.0000 2579.2937   14.1743
    0.0000   -7.5000  -45.0000 2585.3662   14.1250
    7.5000   -7.5000  -45.0000 2557.8357   14.2616
   -7.5000    0.0000  -45.0000 2565.0691   14.5059
    0.0000    0.0000  -45.0000 2577.5088   14.4433
    7.5000    0.0000  -45.0000 2548.0044   14.6060
   -7.5000    7.5000  -45.0000 2536.3943   15.0891
    0.0000    7.5000  -45.0000 2549.2332   15.0213
    7.5000    7.5000  -45.0000 2517.9990   15.1757
   -7.5000   15.0000  -45.0000 2482.0662   15.8834
    0.0000   15.0000  -45.0000 2498.1353   15.8441
    7.5000   15.0000  -45.0000 2465.7869   15.9631
   -7.5000   22.5000  -45.0000 2407.6846   16.9402
    0.0000   22.5000  -45.0000 2421.4917   16.8964
    7.5000   22.5000  -45.0000 2392.2739   17.0235
   -7.5000   30.0000  -45.0000 2311.3323   18.3830
    0.0000   30.0000  -45.0000 2326.3118   18.3784
    7.5000   30.0000  -45.0000 2299.9429   18.4793
   -7.5000   37.5000  -45.0000 2201.6426   20.3120
    0.0000   37.5000  -45.0000 2215.2207   20.3362
    7.5000   37.5000  -45.0000 2191.1025   20.4258
   -7.5000   45.0000  -45.0000 2069.2351   22.7922
    0.0000   45.0000  -45.0000 2087.9739   22.8318
    7.5000   45.0000  -45.0000 2063.7925   22.9238
   -7.5000  -45.0000  -37.5000 2547.5432   14.9855
    0.0000  -45.0000  -37.5000 2554.7549   14.9546
    7.5000  -45.0000  -37.5000 2522.0151   15.0582
   -7.5000  -37.5000  -37.5000 2600.6001   14.2151
    0.0000  -37.5000  -37.5000 2607.0586   14.1707
    7.5000  -37.5000  -37.5000 2576.1555   14.2910
   -7.5000  -30.0000  -37.5000 2634.9565   13.6692
    0.0000  -30.0000  -37.5000 2639.2634   13.6097
    7.5000  -30.0000  -37.5000 2613.7739   13.7261
   -7.5000  -22.5000  -37.5000 2655.2979   13.3028
    0.0000  -22.5000  -37.5000 2660.2725   13.2107
    7.5000  -22.5000  -37.5000 2637.2104   13.3599
   -7.5000  -15.0000  -37.5000 2664.1785   13.1466
    0.0000  -15.0000  -37.5000 2669.5137   13.0517
    7.5000  -15.0000  -37.5000 2642.0173   13.2286
   -7.5000   -7.5000  -37.5000 2667.5623   13.2188
    0.0000   -7.5000  -37.5000 2673.4626   13.1632
    7.5000   -7.5000  -37.5000 2649.4075   13.3127
   -7.5000    0.0000  -37.5000 2656.8794   13.5156
    0.0000    0.0000  -37.5000 2669.4563   13.4369
    7.5000    0.0000  -37.5000 2642.9893   13.6145
   -7.5000    7.5000  -37.5000 2629.3442   14.0362
    0.0000    7.5000  -37.5000 2641.9443   13.9424
    7.5000    7.5000  -37.5000 2616.7517   14.1237
   -7.5000   15.0000  -37.5000 2573.9863   14.7654
    0.0000   15.0000  -37.5000 2590.8665   14.6773
    7.5000   15.0000  -37.5000 2561.5652   14.8605
   -7.5000   22.5000  -37.5000 2496.3577   15.7639
    0.0000   22.5000  -37.5000 2510.8208   15.6985
    7.5000   22.5000  -37.5000 2485.2017   15.8551
   -7.5000   30.0000  -37.5000 2391.1038   17.1301
    0.0000   30.0000  -37.5000 2405.0959   17.0801
    7.5000   30.0000  -37.5000 2382.0732   17.2086
   -7.5000   37.5000  -37.5000 2274.9487   18.9020
    0.0000   37.5000  -37.5000 2289.3909   18.8755
    7.5000   37.5000  -37.5000 2267.8438   18.9809
   -7.5000   45.0000  -37.5000 2137.7234   21.2159
    0.0000   45.0000  -37.5000 2156.4360   21.1967
    7.5000   45.0000  -37.5000 2132.1460   21.3063
   -7.5000  -45.0000  -30.0000 2661.1101   14.6083
    0.0000  -45.0000  -30.0000 2669.3291   14.5548
    7.5000  -45.0000  -30.0000 2644.7798   14.7195
   -7.5000  -37.5000  -30.0000 2717.2634   13.8114
    0.0000  -37.5000  -30.0000 2724.5247   13.7384
    7.5000  -37.5000  -30.0000 2696.9368   13.8922
   -7.5000  -30.0000  -30.0000 2759.4473   13.2380
    0.0000  -30.0000  -30.0000 2764.9136   13.1897
    7.5000  -30.0000  -30.0000 2740.3765   13.3136
   -7.5000  -22.5000  -30.0000 2782.3484   12.8615
    0.0000  -22.5000  -30.0000 2792.9861   12.8206
    7.5000  -22.5000  -30.0000 2765.7944   12.9542
   -7.5000  -15.0000  -30.0000 2797.9517   12.6930
    0.0000  -15.0000  -30.0000 2808.1404   12.6232
    7.5000  -15.0000  -30.0000 2775.6357   12.8064
   -7.5000   -7.5000  -30.0000 2803.4829   12.7498
    0.0000   -7.5000  -30.0000 2812.3757   12.7054
    7.5000   -7.5000  -30.0000 2782.3086   12.8885
   -7.5000    0.0000  -30.0000 2795.3064   13.0642
    0.0000    0.0000  -30.0000 2808.5220   12.9790
    7.5000    0.0000  -30.0000 2785.1221   13.2089
   -7.5000    7.5000  -30.0000 2764.8513   13.5852
    0.0000    7.5000  -30.0000 2781.0430   13.4729
    7.5000    7.5000  -30.0000 2758.8479   13.7006
   -7.5000   15.0000  -30.0000 2708.2502   14.3047
    0.0000   15.0000  -30.0000 2724.5920   14.1991
    7.5000   15.0000  -30.0000 2702.4958   14.4211
   -7.5000   22.5000  -30.0000 2623.5566   15.2946
    0.0000   22.5000  -30.0000 2639.0498   15.2069
    7.5000   22.5000  -30.0000 2620.7659   15.4091
   -7.5000   30.0000  -30.0000 2511.9041   16.6741
    0.0000   30.0000  -30.0000 2525.7141   16.6001
    7.5000   30.0000  -30.0000 2504.0066   16.7720
   -7.5000   37.5000  -30.0000 2382.4539   18.4264
    0.0000   37.5000  -30.0000 2399.5364   18.3647
    7.5000   37.5000  -30.0000 2379.1638   18.5292
   -7.5000   45.0000  -30.0000 2235.0669   20.6390
    0.0000   45.0000  -30.0000 2253.4570   20.5919
    7.5000   45.0000  -30.0000 2232.5596   20.7802
   -7.5000  -45.0000  -22.5000 2730.2190   14.2474
    0.0000  -45.0000  -22.5000 2739.1780   14.1828
    7.5000  -45.0000  -22.5000 2713.6082   14.4178
   -7.5000  -37.5000  -22.5000 2790.7627   13.3941
    0.0000  -37.5000  -22.5000 2798.6680   13.3315
    7.5000  -37.5000  -22.5000 2771.5303   13.5559
   -7.5000  -30.0000  -22.5000 2838.6301   12.7947
    0.0000  -30.0000  -22.5000 2847.7173   12.7564
    7.5000  -30.0000  -22.5000 2820.4912   12.9453
   -7.5000  -22.5000  -22.5000 2868.5146   12.3814
    0.0000  -22.5000  -22.5000 2881.9604   12.3769
    7.5000  -22.5000  -22.5000 2852.5574   12.5423
   -7.5000  -15.0000  -22.5000 2885.1309   12.1818
    0.0000  -15.0000  -22.5000 2900.1973   12.1590
    7.5000  -15.0000  -22.5000 2873.9048   12.3715
   -7.5000   -7.5000  -22.5000 2897.0876   12.2308
    0.0000   -7.5000  -22.5000 2909.5720   12.1770
    7.5000   -7.5000  -22.5000 2883.6018   12.4347
   -7.5000    0.0000  -22.5000 2893.4128   12.5614
    0.0000    0.0000  -22.5000 2910.3982   12.4655
    7.5000    0.0000  -22.5000 2883.9912   12.7611
   -7.5000    7.5000  -22.5000 2861.2888   13.1158
    0.0000    7.5000  -22.5000 2884.0923   13.0110
    7.5000    7.5000  -22.5000 2858.9360   13.2831
   -7.5000   15.0000  -22.5000 2801.9441   13.8383
    0.0000   15.0000  -22.5000 2819.1626   13.7451
    7.5000   15.0000  -22.5000 2801.2969   14.0244
   -7.5000   22.5000  -22.5000 2717.5066   14.8436
    0.0000   22.5000  -22.5000 2732.7925   14.7618
    7.5000   22.5000  -22.5000 2712.5764   15.0409
   -7.5000   30.0000  -22.5000 2604.3406   16.2117
    0.0000   30.0000  -22.5000 2616.8823   16.1439
    7.5000   30.0000  -22.5000 2594.2798   16.3884
   -7.5000   37.5000  -22.5000 2471.1816   17.9609
    0.0000   37.5000  -22.5000 2488.6394   17.8834
    7.5000   37.5000  -22.5000 2460.9526   18.1258
   -7.5000   45.0000  -22.5000 2311.1404   20.1157
    0.0000   45.0000  -22.5000 2331.0017   20.0454
    7.5000   45.0000  -22.5000 2304.5632   20.3096
   -7.5000  -45.0000  -15.0000 2752.4011   13.9962
    0.0000  -45.0000  -15.0000 2758.3369   13.8820
    7.5000  -45.0000  -15.0000 2739.9646   14.1195
   -7.5000  -37.5000  -15.0000 2818.1313   13.1279
    0.0000  -37.5000  -15.0000 2826.3213   13.0301
    7.5000  -37.5000  -15.0000 2806.1213   13.2646
   -7.5000  -30.0000  -15.0000 2871.8862   12.4905
    0.0000  -30.0000  -15.0000 2880.3359   12.4407
    7.5000  -30.0000  -15.0000 2866.5044   12.6369
   -7.5000  -22.5000  -15.0000 2911.2148   12.0678
    0.0000  -22.5000  -15.0000 2924.8035   12.0309
    7.5000  -22.5000  -15.0000 2906.6519   12.2352
   -7.5000  -15.0000  -15.0000 2931.1731   11.8425
    0.0000  -15.0000  -15.0000 2948.8442   11.8210
    7.5000  -15.0000  -15.0000 2928.1145   12.0578
   -7.5000   -7.5000  -15.0000 2947.0591   11.8707
    0.0000   -7.5000  -15.0000 2965.3154   11.8271
    7.5000   -7.5000  -15.0000 2937.0251   12.1072
   -7.5000    0.0000  -15.0000 2944.3167   12.1684
    0.0000    0.0000  -15.0000 2959.7473   12.1054
    7.5000    0.0000  -15.0000 2931.1167   12.4060
   -7.5000    7.5000  -15.0000 2912.4639   12.7388
    0.0000    7.5000  -15.0000 2932.8066   12.6519
    7.5000    7.5000  -15.0000 2905.8994   12.9540
   -7.5000   15.0000  -15.0000 2859.0786   13.4929
    0.0000   15.0000  -15.0000 2876.7825   13.4003
    7.5000   15.0000  -15.0000 2855.1252   13.6918
   -7.5000   22.5000  -15.0000 2768.1567   14.5281
    0.0000   22.5000  -15.0000 2783.5320   14.4296
    7.5000   22.5000  -15.0000 2767.1162   14.7324
   -7.5000   30.0000  -15.0000 2652.5374   15.9041
    0.0000   30.0000  -15.0000 2670.9949   15.8115
    7.5000   30.0000  -15.0000 2647.6326   16.1059
   -7.5000   37.5000  -15.0000 2518.8418   17.6224
    0.0000   37.5000  -15.0000 2538.7195   17.5474
    7.5000   37.5000  -15.0000 2513.0027   17.8286
   -7.5000   45.0000  -15.0000 2358.8936   19.7508
    0.0000   45.0000  -15.0000 2376.1428   19.6990
    7.5000   45.0000  -15.0000 2352.3611   19.9590
   -7.5000  -45.0000   -7.5000 2745.2708   13.8105
    0.0000  -45.0000   -7.5000 2748.5488   13.6952
    7.5000  -45.0000   -7.5000 2735.8716   13.8811
   -7.5000  -37.5000   -7.5000 2819.9824   12.9575
    0.0000  -37.5000   -7.5000 2819.3582   12.8602
    7.5000  -37.5000   -7.5000 2810.6838   13.0345
   -7.5000  -30.0000   -7.5000 2880.3655   12.3782
    0.0000  -30.0000   -7.5000 2889.5522   12.3243
    7.5000  -30.0000   -7.5000 2879.2192   12.4355
   -7.5000  -22.5000   -7.5000 2932.5784   12.0022
    0.0000  -22.5000   -7.5000 2951.0020   11.9656
    7.5000  -22.5000   -7.5000 2933.0420   12.0726
   -7.5000  -15.0000   -7.5000 2970.7478   11.8097
    0.0000  -15.0000   -7.5000 2993.5181   11.8364
    7.5000  -15.0000   -7.5000 2970.3381   11.9045
   -7.5000   -7.5000   -7.5000 2983.8516   11.8211
    0.0000   -7.5000   -7.5000 3015.2302   11.8809
    7.5000   -7.5000   -7.5000 2975.7981   11.9594
   -7.5000    0.0000   -7.5000 2969.3655   12.0314
    0.0000    0.0000   -7.5000 2993.4443   12.0390
    7.5000    0.0000   -7.5000 2951.3225   12.1502
   -7.5000    7.5000   -7.5000 2939.5261   12.5367
    0.0000    7.5000   -7.5000 2958.6499   12.4463
    7.5000    7.5000   -7.5000 2924.3257   12.6308
   -7.5000   15.0000   -7.5000 2877.6658   13.3176
    0.0000   15.0000   -7.5000 2894.9409   13.1835
    7.5000   15.0000   -7.5000 2870.3035   13.3915
   -7.5000   22.5000   -7.5000 2785.5127   14.3818
    0.0000   22.5000   -7.5000 2798.2256   14.2384
    7.5000   22.5000   -7.5000 2778.1548   14.4431
   -7.5000   30.0000   -7.5000 2673.7747   15.7367
    0.0000   30.0000   -7.5000 2688.8772   15.6207
    7.5000   30.0000   -7.5000 2664.8281   15.8213
   -7.5000   37.5000   -7.5000 2535.7698   17.4291
    0.0000   37.5000   -7.5000 2551.0024   17.3327
    7.5000   37.5000   -7.5000 2530.0020   17.5287
   -7.5000   45.0000   -7.5000 2374.7473   19.5227
    0.0000   45.0000   -7.5000 2391.1052   19.4492
    7.5000   45.0000   -7.5000 2367.3201   19.6325
   -7.5000  -45.0000    0.0000 2717.3811   13.8696
    0.0000  -45.0000    0.0000 2721.9033   13.7697
    7.5000  -45.0000    0.0000 2713.4839   13.9021
   -7.5000  -37.5000    0.0000 2794.7336   13.0097
    0.0000  -37.5000    0.0000 2801.4072   12.9584
    7.5000  -37.5000    0.0000 2795.1301   13.0515
   -7.5000  -30.0000    0.0000 2871.0281   12.4543
    0.0000  -30.0000    0.0000 2884.0913   12.4390
    7.5000  -30.0000    0.0000 2871.7156   12.4593
   -7.5000  -22.5000    0.0000 2944.7954   12.1664
    0.0000  -22.5000    0.0000 2961.6191   12.1779
    7.5000  -22.5000    0.0000 2937.8352   12.1094
   -7.5000  -15.0000    0.0000 2994.1189   12.0412
    0.0000  -15.0000    0.0000 3020.8064   12.1034
    7.5000  -15.0000    0.0000 2977.2642   11.9449
   -7.5000   -7.5000    0.0000 3009.3787   12.0128
    0.0000   -7.5000    0.0000 3044.0920   12.1016
    7.5000   -7.5000    0.0000 2983.2761   11.9472
   -7.5000    0.0000    0.0000 2985.2402   12.1225
    0.0000    0.0000    0.0000 3007.6267   12.1196
    7.5000    0.0000    0.0000 2957.9104   12.1191
   -7.5000    7.5000    0.0000 2946.2537   12.5908
    0.0000    7.5000    0.0000 2965.2322   12.5104
    7.5000    7.5000    0.0000 2924.2075   12.6326
   -7.5000   15.0000    0.0000 2870.6750   13.3205
    0.0000   15.0000    0.0000 2884.6294   13.2176
    7.5000   15.0000    0.0000 2860.9771   13.3759
   -7.5000   22.5000    0.0000 2775.2419   14.3809
    0.0000   22.5000    0.0000 2785.7712   14.2591
    7.5000   22.5000    0.0000 2768.3845   14.4442
   -7.5000   30.0000    0.0000 2662.1306   15.7384
    0.0000   30.0000    0.0000 2674.8757   15.6319
    7.5000   30.0000    0.0000 2655.5986   15.8025
   -7.5000   37.5000    0.0000 2529.7661   17.4475
    0.0000   37.5000    0.0000 2540.2629   17.3782
    7.5000   37.5000    0.0000 2523.2861   17.5467
   -7.5000   45.0000    0.0000 2367.0168   19.5054
    0.0000   45.0000    0.0000 2380.5659   19.4526
    7.5000   45.0000    0.0000 2362.3813   19.6216
   -7.5000  -45.0000    7.5000 2686.5757   14.2450
    0.0000  -45.0000    7.5000 2692.3879   14.1946
    7.5000  -45.0000    7.5000 2680.5754   14.2337
   -7.5000  -37.5000    7.5000 2770.9836   13.4031
    0.0000  -37.5000    7.5000 2778.7854   13.3839
    7.5000  -37.5000    7.5000 2762.7229   13.3767
   -7.5000  -30.0000    7.5000 2851.6804   12.8022
    0.0000  -30.0000    7.5000 2864.9060   12.8148
    7.5000  -30.0000    7.5000 2840.5100   12.7648
   -7.5000  -22.5000    7.5000 2929.4004   12.4327
    0.0000  -22.5000    7.5000 2951.7183   12.5151
    7.5000  -22.5000    7.5000 2912.2622   12.4023
   -7.5000  -15.0000    7.5000 2977.0808   12.2366
    0.0000  -15.0000    7.5000 3012.1970   12.3701
    7.5000  -15.0000    7.5000 2959.2129   12.2053
   -7.5000   -7.5000    7.5000 2994.5027   12.1500
    0.0000   -7.5000    7.5000 3025.3779   12.2244
    7.5000   -7.5000    7.5000 2972.0068   12.1601
   -7.5000    0.0000    7.5000 2974.8757   12.3486
    0.0000    0.0000    7.5000 2994.2292   12.3238
    7.5000    0.0000    7.5000 2949.3164   12.3903
   -7.5000    7.5000    7.5000 2926.9956   12.8489
    0.0000    7.5000    7.5000 2951.6963   12.7969
    7.5000    7.5000    7.5000 2909.6636   12.9261
   -7.5000   15.0000    7.5000 2849.0532   13.6457
    0.0000   15.0000    7.5000 2867.0232   13.5711
    7.5000   15.0000    7.5000 2837.1040   13.7543
   -7.5000   22.5000    7.5000 2748.8616   14.7444
    0.0000   22.5000    7.5000 2756.0344   14.6705
    7.5000   22.5000    7.5000 2740.1123   14.8566
   -7.5000   30.0000    7.5000 2630.7144   16.0767
    0.0000   30.0000    7.5000 2638.9233   15.9805
    7.5000   30.0000    7.5000 2630.0466   16.1799
   -7.5000   37.5000    7.5000 2500.5906   17.7009
    0.0000   37.5000    7.5000 2510.1326   17.6391
    7.5000   37.5000    7.5000 2499.2004   17.8237
   -7.5000   45.0000    7.5000 2337.5674   19.6706
    0.0000   45.0000    7.5000 2350.0254   19.6368
    7.5000   45.0000    7.5000 2339.3574   19.8262
   -7.5000  -45.0000   15.0000 2647.5662   14.7825
    0.0000  -45.0000   15.0000 2655.4136   14.7227
    7.5000  -45.0000   15.0000 2640.6316   14.7747
   -7.5000  -37.5000   15.0000 2733.3499   13.8617
    0.0000  -37.5000   15.0000 2741.1858   13.8274
    7.5000  -37.5000   15.0000 2727.8406   13.8509
   -7.5000  -30.0000   15.0000 2809.4739   13.1551
    0.0000  -30.0000   15.0000 2824.0574   13.1789
    7.5000  -30.0000   15.0000 2803.2864   13.1885
   -7.5000  -22.5000   15.0000 2884.5334   12.7203
    0.0000  -22.5000   15.0000 2903.6113   12.8295
    7.5000  -22.5000   15.0000 2874.0986   12.7779
   -7.5000  -15.0000   15.0000 2928.5823   12.5033
    0.0000  -15.0000   15.0000 2955.4873   12.6024
    7.5000  -15.0000   15.0000 2915.6985   12.5590
   -7.5000   -7.5000   15.0000 2951.5034   12.4758
    0.0000   -7.5000   15.0000 2973.4646   12.5072
    7.5000   -7.5000   15.0000 2934.5527   12.5854
   -7.5000    0.0000   15.0000 2931.7214   12.7318
    0.0000    0.0000   15.0000 2946.7742   12.6928
    7.5000    0.0000   15.0000 2915.0637   12.8520
   -7.5000    7.5000   15.0000 2884.4092   13.2706
    0.0000    7.5000   15.0000 2906.4456   13.2062
    7.5000    7.5000   15.0000 2872.2671   13.4183
   -7.5000   15.0000   15.0000 2804.1479   14.0903
    0.0000   15.0000   15.0000 2822.2305   14.0168
    7.5000   15.0000   15.0000 2797.0630   14.2627
   -7.5000   22.5000   15.0000 2697.6360   15.2568
    0.0000   22.5000   15.0000 2709.8752   15.1886
    7.5000   22.5000   15.0000 2697.3525   15.4080
   -7.5000   30.0000   15.0000 2581.9702   16.6355
    0.0000   30.0000   15.0000 2594.3501   16.5730
    7.5000   30.0000   15.0000 2581.9958   16.7858
   -7.5000   37.5000   15.0000 2448.2925   18.3104
    0.0000   37.5000   15.0000 2463.6204   18.2137
    7.5000   37.5000   15.0000 2451.6951   18.4148
   -7.5000   45.0000   15.0000 2289.0452   20.2259
    0.0000   45.0000   15.0000 2300.5986   20.1635
    7.5000   45.0000   15.0000 2292.3479   20.3057
   -7.5000  -45.0000   22.5000 2610.8684   15.4208
    0.0000  -45.0000   22.5000 2620.1238   15.3297
    7.5000  -45.0000   22.5000 2601.0859   15.4434
   -7.5000  -37.5000   22.5000 2691.5693   14.4035
    0.0000  -37.5000   22.5000 2703.7588   14.3464
    7.5000  -37.5000   22.5000 2684.7439   14.4523
   -7.5000  -30.0000   22.5000 2764.8933   13.6551
    0.0000  -30.0000   22.5000 2776.6143   13.6412
    7.5000  -30.0000   22.5000 2754.5127   13.7251
   -7.5000  -22.5000   22.5000 2832.6699   13.2050
    0.0000  -22.5000   22.5000 2849.7271   13.2394
    7.5000  -22.5000   22.5000 2825.4851   13.2736
   -7.5000  -15.0000   22.5000 2862.3582   12.9676
    0.0000  -15.0000   22.5000 2888.0151   13.0191
    7.5000  -15.0000   22.5000 2858.5532   13.0543
   -7.5000   -7.5000   22.5000 2875.9746   13.0065
    0.0000   -7.5000   22.5000 2898.2007   13.0104
    7.5000   -7.5000   22.5000 2867.8923   13.1460
   -7.5000    0.0000   22.5000 2857.5786   13.3304
    0.0000    0.0000   22.5000 2872.7048   13.2923
    7.5000    0.0000   22.5000 2849.9336   13.4563
   -7.5000    7.5000   22.5000 2809.8347   13.8634
    0.0000    7.5000   22.5000 2825.0642   13.7997
    7.5000    7.5000   22.5000 2799.3882   14.0011
   -7.5000   15.0000   22.5000 2739.4858   14.6878
    0.0000   15.0000   22.5000 2754.0767   14.5988
    7.5000   15.0000   22.5000 2733.9111   14.8370
   -7.5000   22.5000   22.5000 2641.4065   15.8350
    0.0000   22.5000   22.5000 2655.5796   15.7369
    7.5000   22.5000   22.5000 2641.9875   16.0032
   -7.5000   30.0000   22.5000 2523.5283   17.2793
    0.0000   30.0000   22.5000 2537.5903   17.1946
    7.5000   30.0000   22.5000 2529.7024   17.4150
   -7.5000   37.5000   22.5000 2387.8191   19.0051
    0.0000   37.5000   22.5000 2405.9795   18.9159
    7.5000   37.5000   22.5000 2396.4771   19.0735
   -7.5000   45.0000   22.5000 2229.4187   21.0038
    0.0000   45.0000   22.5000 2243.4363   20.9209
    7.5000   45.0000   22.5000 2236.7307   21.0652
   -7.5000  -45.0000   30.0000 2560.3337   16.2105
    0.0000  -45.0000   30.0000 2572.0930   16.0492
    7.5000  -45.0000   30.0000 2554.0105   16.2306
   -7.5000  -37.5000   30.0000 2642.6162   15.1188
    0.0000  -37.5000   30.0000 2652.6245   14.9914
    7.5000  -37.5000   30.0000 2634.9097   15.1855
   -7.5000  -30.0000   30.0000 2710.2249   14.3073
    0.0000  -30.0000   30.0000 2720.6870   14.2324
    7.5000  -30.0000   30.0000 2701.2734   14.3831
   -7.5000  -22.5000   30.0000 2767.7910   13.8257
    0.0000  -22.5000   30.0000 2782.5115   13.7525
    7.5000  -22.5000   30.0000 2762.9783   13.9057
   -7.5000  -15.0000   30.0000 2786.8772   13.6053
    0.0000  -15.0000   30.0000 2808.4087   13.5479
    7.5000  -15.0000   30.0000 2788.3711   13.6847
   -7.5000   -7.5000   30.0000 2789.5857   13.6938
    0.0000   -7.5000   30.0000 2810.5637   13.6686
    7.5000   -7.5000   30.0000 2788.5559   13.8222
   -7.5000    0.0000   30.0000 2762.1147   14.0700
    0.0000    0.0000   30.0000 2783.2834   14.0351
    7.5000    0.0000   30.0000 2762.3892   14.1964
   -7.5000    7.5000   30.0000 2720.9988   14.6174
    0.0000    7.5000   30.0000 2736.0066   14.5651
    7.5000    7.5000   30.0000 2714.7556   14.7599
   -7.5000   15.0000   30.0000 2657.5083   15.4477
    0.0000   15.0000   30.0000 2672.4302   15.3536
    7.5000   15.0000   30.0000 2651.9089   15.5592
   -7.5000   22.5000   30.0000 2567.0610   16.6248
    0.0000   22.5000   30.0000 2581.4731   16.4880
    7.5000   22.5000   30.0000 2567.8901   16.7290
   -7.5000   30.0000   30.0000 2457.2839   18.0406
    0.0000   30.0000   30.0000 2472.3257   17.9574
    7.5000   30.0000   30.0000 2459.5276   18.1536
   -7.5000   37.5000   30.0000 2321.0085   19.8083
    0.0000   37.5000   30.0000 2334.3862   19.7169
    7.5000   37.5000   30.0000 2325.8225   19.9161
   -7.5000   45.0000   30.0000 2170.9204   21.9958
    0.0000   45.0000   30.0000 2184.5093   21.9407
    7.5000   45.0000   30.0000 2175.1992   22.0784
   -7.5000  -45.0000   37.5000 2508.0984   17.1814
    0.0000  -45.0000   37.5000 2519.2849   16.9344
    7.5000  -45.0000   37.5000 2504.3818   17.2289
   -7.5000  -37.5000   37.5000 2583.9023   16.0466
    0.0000  -37.5000   37.5000 2592.2053   15.8321
    7.5000  -37.5000   37.5000 2581.5295   16.1397
   -7.5000  -30.0000   37.5000 2642.4397   15.1793
    0.0000  -30.0000   37.5000 2651.9265   15.0384
    7.5000  -30.0000   37.5000 2642.5959   15.2741
   -7.5000  -22.5000   37.5000 2690.2527   14.6496
    0.0000  -22.5000   37.5000 2698.4390   14.5124
    7.5000  -22.5000   37.5000 2686.6987   14.7188
   -7.5000  -15.0000   37.5000 2707.5386   14.4538
    0.0000  -15.0000   37.5000 2720.2327   14.3305
    7.5000  -15.0000   37.5000 2706.7949   14.5252
   -7.5000   -7.5000   37.5000 2700.0330   14.5473
    0.0000   -7.5000   37.5000 2718.9126   14.4799
    7.5000   -7.5000   37.5000 2697.1082   14.6580
   -7.5000    0.0000   37.5000 2671.2031   14.9924
    0.0000    0.0000   37.5000 2692.1392   14.9153
    7.5000    0.0000   37.5000 2670.2839   15.0871
   -7.5000    7.5000   37.5000 2632.3679   15.6259
    0.0000    7.5000   37.5000 2646.7478   15.5384
    7.5000    7.5000   37.5000 2631.5266   15.7260
   -7.5000   15.0000   37.5000 2569.3977   16.4270
    0.0000   15.0000   37.5000 2588.3062   16.2931
    7.5000   15.0000   37.5000 2568.2676   16.4950
   -7.5000   22.5000   37.5000 2486.0459   17.5135
    0.0000   22.5000   37.5000 2503.2717   17.4008
    7.5000   22.5000   37.5000 2489.1763   17.6141
   -7.5000   30.0000   37.5000 2374.1646   18.9753
    0.0000   30.0000   37.5000 2389.1299   18.8723
    7.5000   30.0000   37.5000 2374.7378   19.0476
   -7.5000   37.5000   37.5000 2242.1536   20.8741
    0.0000   37.5000   37.5000 2259.6743   20.8204
    7.5000   37.5000   37.5000 2247.0039   20.9414
   -7.5000   45.0000   37.5000 2109.8889   23.2303
    0.0000   45.0000   37.5000 2123.9524   23.1805
    7.5000   45.0000   37.5000 2112.2544   23.2835
   -7.5000  -45.0000   45.0000 2439.5569   18.4117
    0.0000  -45.0000   45.0000 2450.4648   18.0985
    7.5000  -45.0000   45.0000 2440.8840   18.4482
   -7.5000  -37.5000   45.0000 2511.0723   17.2189
    0.0000  -37.5000   45.0000 2520.2781   16.9644
    7.5000  -37.5000   45.0000 2514.1411   17.2816
   -7.5000  -30.0000   45.0000 2563.0925   16.3136
    0.0000  -30.0000   45.0000 2571.1172   16.1027
    7.5000  -30.0000   45.0000 2568.1353   16.3792
   -7.5000  -22.5000   45.0000 2598.6521   15.7648
    0.0000  -22.5000   45.0000 2604.9131   15.5564
    7.5000  -22.5000   45.0000 2598.2510   15.8368
   -7.5000  -15.0000   45.0000 2607.3296   15.5548
    0.0000  -15.0000   45.0000 2617.2676   15.3992
    7.5000  -15.0000   45.0000 2604.1848   15.6439
   -7.5000   -7.5000   45.0000 2601.2734   15.6789
    0.0000   -7.5000   45.0000 2614.1575   15.5738
    7.5000   -7.5000   45.0000 2596.5159   15.7853
   -7.5000    0.0000   45.0000 2573.5974   16.1258
    0.0000    0.0000   45.0000 2589.9558   16.0234
    7.5000    0.0000   45.0000 2570.1038   16.1922
   -7.5000    7.5000   45.0000 2529.5042   16.8287
    0.0000    7.5000   45.0000 2547.3459   16.7137
    7.5000    7.5000   45.0000 2531.2454   16.8778
   -7.5000   15.0000   45.0000 2462.9253   17.6344
    0.0000   15.0000   45.0000 2487.1189   17.4846
    7.5000   15.0000   45.0000 2470.1897   17.6844
   -7.5000   22.5000   45.0000 2391.9019   18.6421
    0.0000   22.5000   45.0000 2416.5596   18.4735
    7.5000   22.5000   45.0000 2397.5254   18.7089
   -7.5000   30.0000   45.0000 2288.7815   20.1985
    0.0000   30.0000   45.0000 2305.8467   20.0619
    7.5000   30.0000   45.0000 2291.2664   20.2445
   -7.5000   37.5000   45.0000 2162.3972   22.2037
    0.0000   37.5000   45.0000 2180.4114   22.1169
    7.5000   37.5000   45.0000 2165.8826   22.1918
   -7.5000   45.0000   45.0000 2039.9288   24.7978
    0.0000   45.0000   45.0000 2053.0356   24.6600
    7.5000   45.0000   45.0000 2041.0868   24.7620

---------------------------------------------------------------------
imgreg_4dfp /usr/local/freesurfer/average/711-2C_as_mni_average_305 /usr/local/freesurfer/average/711-2B_as_mni_average_305_mask talsrcimg_g11 none talsrcimg_to_711-2C_as_mni_average_305_t4 1283
---------------------------------------------------------------------

freesurfer imgreg_4dfp.c
/usr/local/freesurfer/average/711-2C_as_mni_average_305.4dfp.img
       256       256       256         1
  1.000000  1.000000  1.000000
orientation T byte_order littleendian
Reading image: /usr/local/freesurfer/average/711-2C_as_mni_average_305.4dfp.img
dimensions:      256       256       256
mmppix:       1.0000   -1.0000   -1.0000
center:     128.0000 -129.0000 -129.0000
/usr/local/freesurfer/average/711-2B_as_mni_average_305_mask.4dfp.img
       256       256       256         1
  1.000000  1.000000  1.000000
orientation T byte_order littleendian
Reading mask: /usr/local/freesurfer/average/711-2B_as_mni_average_305_mask.4dfp.img (2306576 pixels)
talsrcimg_g11.4dfp.img
       256       256       256         1
  1.000000  1.000000  1.000000
orientation T byte_order littleendian
Reading image: talsrcimg_g11.4dfp.img
dimensions:      256       256       256
mmppix:       1.0000   -1.0000   -1.0000
center:     128.0000 -129.0000 -129.0000
rotation matrix determinant  1.000000
fimgreg.f
image alignment mode   1283 decimal      503 hex
parameters
    0.0000   -7.5000    0.0000    0.0000    0.0000    0.0000
eta,q 0.95304 12.12756
niter,ni,del,rscale     5    3   12.0000    1.2000
parameter  4  0.986266 ->  0.500000 qaram    1.1500
parameter  6  0.510118 ->  0.500000 qaram    1.1500
parameters
   -1.3902   -8.3901    0.4579   -3.4500   -1.8362   -3.4500
eta,q 0.95875 12.03131
  0.0541  0.0513  0.0522  0.0417  0.0460  0.0422
  0.0483  0.0460  0.0482  0.0430  0.0438  0.0413
  0.0455  0.0441  0.0453  0.0434  0.0421  0.0414
  0.0472  0.0454  0.0446  0.0445  0.0431  0.0421
  0.0512  0.0479  0.0458  0.0477  0.0463  0.0435
  0.0569  0.0509  0.0473  0.0515  0.0485  0.0452
  0.0628  0.0531  0.0496  0.0547  0.0508  0.0474
niter,ni,del,rscale     6    3   12.0000    1.2000
parameter  4  9.095483 ->  0.500000 qaram    1.3225
parameters
   -1.2810   -7.7303   -0.0742   -7.4175   -1.3295   -2.0195
eta,q 0.96216 12.05264
  0.0584  0.0479  0.0474  0.0350  0.0458  0.0453
  0.0496  0.0428  0.0449  0.0369  0.0422  0.0421
  0.0432  0.0414  0.0422  0.0401  0.0392  0.0391
  0.0413  0.0413  0.0414  0.0413  0.0379  0.0377
  0.0437  0.0416  0.0432  0.0425  0.0387  0.0380
  0.0496  0.0427  0.0466  0.0444  0.0416  0.0387
  0.0565  0.0444  0.0498  0.0483  0.0431  0.0410
niter,ni,del,rscale     6    3   12.0000    1.2000
parameter  4  1.763877 ->  0.500000 qaram    1.5209
parameters
   -1.1595   -5.2727   -0.8066  -11.9801   -1.0850   -1.6193
eta,q 0.96948 12.03930
  0.0523  0.0483  0.0423  0.0307  0.0401  0.0395
  0.0459  0.0438  0.0393  0.0303  0.0356  0.0345
  0.0405  0.0399  0.0368  0.0321  0.0324  0.0315
  0.0378  0.0378  0.0370  0.0365  0.0306  0.0305
  0.0390  0.0371  0.0391  0.0409  0.0313  0.0313
  0.0444  0.0371  0.0414  0.0446  0.0345  0.0335
  0.0520  0.0389  0.0452  0.0473  0.0390  0.0374
niter,ni,del,rscale     6    3   12.0000    1.2000
parameters
   -1.3863   -3.9462   -1.1411  -14.3047   -1.0317   -1.8233
eta,q 0.97030 12.06500
  0.0473  0.0450  0.0419  0.0359  0.0396  0.0373
  0.0391  0.0374  0.0364  0.0318  0.0353  0.0328
  0.0327  0.0324  0.0316  0.0299  0.0317  0.0302
  0.0305  0.0305  0.0308  0.0306  0.0297  0.0297
  0.0338  0.0312  0.0339  0.0338  0.0313  0.0311
  0.0412  0.0329  0.0384  0.0393  0.0344  0.0336
  0.0497  0.0353  0.0439  0.0456  0.0397  0.0378
niter,ni,del,rscale     5    3   12.0000    1.2000
parameters
   -1.3906   -3.4254   -1.5241  -14.5106   -1.0711   -1.7129
eta,q 0.97028 12.05299
  0.0489  0.0408  0.0417  0.0405  0.0390  0.0378
  0.0398  0.0343  0.0364  0.0345  0.0351  0.0333
  0.0329  0.0307  0.0311  0.0308  0.0317  0.0305
  0.0297  0.0297  0.0299  0.0297  0.0297  0.0297
  0.0329  0.0311  0.0334  0.0312  0.0313  0.0307
  0.0402  0.0332  0.0389  0.0352  0.0345  0.0330
  0.0487  0.0366  0.0442  0.0415  0.0399  0.0371
niter,ni,del,rscale     4    3   12.0000    1.2000
parameters
   -1.3991   -3.3067   -1.6311  -14.5508   -1.1028   -1.6818
eta,q 0.97025 12.04978
  0.0488  0.0393  0.0426  0.0409  0.0390  0.0376
  0.0395  0.0335  0.0374  0.0349  0.0351  0.0331
  0.0328  0.0303  0.0319  0.0309  0.0317  0.0304
  0.0297  0.0297  0.0298  0.0297  0.0297  0.0298
  0.0329  0.0314  0.0326  0.0311  0.0313  0.0307
  0.0401  0.0337  0.0380  0.0350  0.0345  0.0331
  0.0485  0.0377  0.0434  0.0412  0.0398  0.0373
niter,ni,del,rscale     3    3   12.0000    1.2000
parameters
   -1.4027   -3.2755   -1.6592  -14.5597   -1.1114   -1.6717
eta,q 0.97024 12.04890
  0.0488  0.0390  0.0428  0.0410  0.0391  0.0375
  0.0395  0.0334  0.0377  0.0350  0.0352  0.0331
  0.0328  0.0302  0.0321  0.0309  0.0318  0.0304
  0.0298  0.0298  0.0298  0.0298  0.0298  0.0298
  0.0329  0.0314  0.0324  0.0311  0.0313  0.0307
  0.0401  0.0338  0.0377  0.0349  0.0345  0.0331
  0.0484  0.0381  0.0431  0.0411  0.0398  0.0374
registration optimization eta report
parameter search radius
    6.0000    6.0000    6.0000    9.1253    6.0000    6.9000
100000*second partial in parameter space
       51.       24.       35.       14.       25.       16.
  0.0488  0.0390  0.0428  0.0410  0.0391  0.0375
  0.0395  0.0334  0.0377  0.0350  0.0352  0.0331
  0.0328  0.0302  0.0321  0.0309  0.0318  0.0304
  0.0298  0.0298  0.0298  0.0298  0.0298  0.0298
  0.0329  0.0314  0.0324  0.0311  0.0313  0.0307
  0.0401  0.0338  0.0377  0.0349  0.0345  0.0331
  0.0484  0.0381  0.0431  0.0411  0.0398  0.0374
   -1.4027   -3.2755   -1.6592  -14.5597   -1.1114   -1.6717
eta,q 0.97024 12.04890

---------------------------------------------------------------------
imgreg_4dfp /usr/local/freesurfer/average/711-2C_as_mni_average_305 /usr/local/freesurfer/average/711-2B_as_mni_average_305_mask talsrcimg_g11 none talsrcimg_to_711-2C_as_mni_average_305_t4 3335
---------------------------------------------------------------------

freesurfer imgreg_4dfp.c
/usr/local/freesurfer/average/711-2C_as_mni_average_305.4dfp.img
       256       256       256         1
  1.000000  1.000000  1.000000
orientation T byte_order littleendian
Reading image: /usr/local/freesurfer/average/711-2C_as_mni_average_305.4dfp.img
dimensions:      256       256       256
mmppix:       1.0000   -1.0000   -1.0000
center:     128.0000 -129.0000 -129.0000
/usr/local/freesurfer/average/711-2B_as_mni_average_305_mask.4dfp.img
       256       256       256         1
  1.000000  1.000000  1.000000
orientation T byte_order littleendian
Reading mask: /usr/local/freesurfer/average/711-2B_as_mni_average_305_mask.4dfp.img (2306576 pixels)
talsrcimg_g11.4dfp.img
       256       256       256         1
  1.000000  1.000000  1.000000
orientation T byte_order littleendian
Reading image: talsrcimg_g11.4dfp.img
dimensions:      256       256       256
mmppix:       1.0000   -1.0000   -1.0000
center:     128.0000 -129.0000 -129.0000
fimgreg.f
image alignment mode   3335 decimal      D07 hex
parameters
   -1.4027   -3.2755   -1.6592   -0.0614   -3.2383   -3.2296
    2.3362    2.6099   -2.9167   25.0733   -1.9396  -25.1341
eta,q 0.96921 12.23711
niter,ni,del,rscale     5    3    5.0000    1.2000
parameter  4  0.728677 ->  0.500000 qaram    1.1500
parameter  5  5.336484 ->  0.500000 qaram    1.1500
parameter  6  0.526510 ->  0.500000 qaram    1.1500
parameter 12 -0.550526 -> -0.500000 qaram    1.1500
parameters
   -1.2294   -2.7912   -1.8838   -4.2014   -7.3783   -7.3696
    2.8390    3.2351   -1.7664   22.9948   -0.5916  -20.9941
eta,q 0.97604 12.04200
  0.0351  0.0330  0.0323  0.0289  0.0229  0.0246  0.0267  0.0298  0.0275  0.0254  0.0258  0.0255
  0.0329  0.0319  0.0314  0.0285  0.0245  0.0245  0.0255  0.0270  0.0260  0.0246  0.0249  0.0249
  0.0314  0.0312  0.0308  0.0289  0.0264  0.0242  0.0248  0.0252  0.0249  0.0242  0.0244  0.0244
  0.0308  0.0308  0.0307  0.0307  0.0285  0.0250  0.0244  0.0244  0.0244  0.0243  0.0241  0.0241
  0.0311  0.0307  0.0310  0.0339  0.0306  0.0269  0.0245  0.0247  0.0244  0.0251  0.0242  0.0240
  0.0322  0.0310  0.0318  0.0380  0.0328  0.0306  0.0251  0.0259  0.0250  0.0266  0.0244  0.0239
  0.0340  0.0318  0.0331  0.0420  0.0351  0.0346  0.0262  0.0282  0.0260  0.0287  0.0248  0.0241
niter,ni,del,rscale     7    3    5.0000    1.2000
parameter  5  1.066849 ->  0.500000 qaram    1.3225
parameters
   -1.0606   -3.8953   -2.8696   -5.2593  -12.1393   -8.4549
    2.4389    3.0742   -1.8404   22.9110    0.0733  -22.0116
eta,q 0.97892 11.88095
  0.0274  0.0242  0.0236  0.0259  0.0211  0.0232  0.0232  0.0250  0.0237  0.0242  0.0221  0.0224
  0.0257  0.0236  0.0232  0.0248  0.0207  0.0220  0.0220  0.0227  0.0223  0.0227  0.0215  0.0217
  0.0245  0.0235  0.0232  0.0240  0.0217  0.0213  0.0213  0.0214  0.0214  0.0216  0.0212  0.0212
  0.0240  0.0239  0.0234  0.0232  0.0234  0.0209  0.0211  0.0211  0.0211  0.0211  0.0211  0.0211
  0.0242  0.0250  0.0239  0.0234  0.0257  0.0209  0.0215  0.0216  0.0214  0.0214  0.0212  0.0215
  0.0251  0.0265  0.0246  0.0254  0.0282  0.0224  0.0224  0.0229  0.0224  0.0226  0.0214  0.0222
  0.0266  0.0284  0.0256  0.0292  0.0305  0.0264  0.0237  0.0253  0.0238  0.0245  0.0217  0.0233
niter,ni,del,rscale     7    3    5.0000    1.2000
parameters
   -1.0348   -3.9474   -2.5459   -4.2598  -13.9847   -7.7760
    2.4168    3.0538   -1.8262   23.2370   -0.1168  -22.5857
eta,q 0.97963 11.91694
  0.0239  0.0240  0.0226  0.0245  0.0240  0.0236  0.0229  0.0249  0.0232  0.0237  0.0213  0.0219
  0.0224  0.0224  0.0217  0.0231  0.0220  0.0221  0.0216  0.0224  0.0217  0.0222  0.0207  0.0210
  0.0214  0.0214  0.0213  0.0220  0.0207  0.0210  0.0207  0.0209  0.0208  0.0210  0.0204  0.0205
  0.0211  0.0211  0.0211  0.0211  0.0207  0.0205  0.0204  0.0204  0.0204  0.0204  0.0204  0.0204
  0.0213  0.0215  0.0211  0.0205  0.0223  0.0199  0.0207  0.0209  0.0207  0.0206  0.0205  0.0207
  0.0223  0.0226  0.0213  0.0212  0.0247  0.0207  0.0216  0.0224  0.0217  0.0215  0.0209  0.0213
  0.0239  0.0242  0.0219  0.0239  0.0276  0.0232  0.0230  0.0250  0.0232  0.0234  0.0214  0.0223
niter,ni,del,rscale     6    3    5.0000    1.2000
parameters
   -1.0513   -3.8533   -2.4889   -4.0613  -14.2811   -7.8425
    2.3749    3.0655   -1.8271   23.2975   -0.2173  -22.7780
eta,q 0.97969 11.91729
  0.0235  0.0237  0.0217  0.0239  0.0251  0.0232  0.0228  0.0249  0.0231  0.0234  0.0213  0.0220
  0.0218  0.0220  0.0209  0.0225  0.0229  0.0217  0.0215  0.0223  0.0216  0.0219  0.0207  0.0211
  0.0207  0.0208  0.0205  0.0214  0.0211  0.0207  0.0206  0.0208  0.0206  0.0208  0.0204  0.0205
  0.0204  0.0204  0.0204  0.0204  0.0203  0.0203  0.0203  0.0203  0.0203  0.0203  0.0203  0.0203
  0.0207  0.0206  0.0205  0.0200  0.0211  0.0198  0.0206  0.0208  0.0206  0.0206  0.0205  0.0206
  0.0218  0.0216  0.0208  0.0214  0.0232  0.0210  0.0215  0.0223  0.0216  0.0216  0.0208  0.0212
  0.0236  0.0233  0.0215  0.0245  0.0258  0.0242  0.0229  0.0249  0.0231  0.0235  0.0213  0.0221
niter,ni,del,rscale     5    3    5.0000    1.2000
parameters
   -1.0478   -3.8176   -2.4667   -4.0185  -14.3414   -7.8148
    2.3592    3.0779   -1.8262   23.3467   -0.2337  -22.8171
eta,q 0.97971 11.91994
  0.0235  0.0235  0.0216  0.0238  0.0253  0.0232  0.0229  0.0249  0.0231  0.0233  0.0214  0.0220
  0.0218  0.0218  0.0208  0.0225  0.0231  0.0217  0.0215  0.0223  0.0216  0.0218  0.0207  0.0211
  0.0207  0.0207  0.0204  0.0214  0.0212  0.0207  0.0206  0.0208  0.0206  0.0208  0.0203  0.0205
  0.0203  0.0203  0.0203  0.0203  0.0203  0.0203  0.0203  0.0203  0.0203  0.0203  0.0203  0.0203
  0.0207  0.0206  0.0204  0.0201  0.0210  0.0198  0.0206  0.0208  0.0206  0.0205  0.0204  0.0206
  0.0218  0.0217  0.0208  0.0215  0.0230  0.0209  0.0215  0.0223  0.0216  0.0216  0.0208  0.0211
  0.0235  0.0234  0.0215  0.0248  0.0256  0.0240  0.0229  0.0249  0.0231  0.0235  0.0213  0.0220
niter,ni,del,rscale     4    3    5.0000    1.2000
parameters
   -1.0456   -3.8107   -2.4686   -4.0089  -14.3495   -7.8174
    2.3558    3.0796   -1.8236   23.3520   -0.2318  -22.8244
eta,q 0.97971 11.92021
  0.0235  0.0235  0.0216  0.0238  0.0253  0.0232  0.0229  0.0249  0.0231  0.0233  0.0214  0.0220
  0.0218  0.0217  0.0208  0.0225  0.0231  0.0217  0.0215  0.0223  0.0216  0.0218  0.0207  0.0211
  0.0207  0.0207  0.0204  0.0213  0.0212  0.0207  0.0206  0.0208  0.0206  0.0208  0.0203  0.0205
  0.0203  0.0203  0.0203  0.0203  0.0203  0.0203  0.0203  0.0203  0.0203  0.0203  0.0203  0.0203
  0.0207  0.0206  0.0204  0.0201  0.0210  0.0198  0.0206  0.0208  0.0206  0.0205  0.0204  0.0206
  0.0218  0.0217  0.0208  0.0216  0.0230  0.0209  0.0215  0.0223  0.0216  0.0216  0.0208  0.0211
  0.0235  0.0234  0.0215  0.0248  0.0255  0.0241  0.0229  0.0249  0.0231  0.0235  0.0213  0.0220
registration optimization eta report
parameter search radius
    2.4000    2.4000    2.4000    8.2800    9.5220    8.2800
    7.2000    7.2000    7.2000    7.2000    7.2000    8.2800
100000*second partial in parameter space
       56.       55.       22.        6.        6.        5.
        5.        9.        5.        6.        2.        2.
  0.0235  0.0235  0.0216  0.0238  0.0253  0.0232  0.0229  0.0249  0.0231  0.0233  0.0214  0.0220
  0.0218  0.0217  0.0208  0.0225  0.0231  0.0217  0.0215  0.0223  0.0216  0.0218  0.0207  0.0211
  0.0207  0.0207  0.0204  0.0213  0.0212  0.0207  0.0206  0.0208  0.0206  0.0208  0.0203  0.0205
  0.0203  0.0203  0.0203  0.0203  0.0203  0.0203  0.0203  0.0203  0.0203  0.0203  0.0203  0.0203
  0.0207  0.0206  0.0204  0.0201  0.0210  0.0198  0.0206  0.0208  0.0206  0.0205  0.0204  0.0206
  0.0218  0.0217  0.0208  0.0216  0.0230  0.0209  0.0215  0.0223  0.0216  0.0216  0.0208  0.0211
  0.0235  0.0234  0.0215  0.0248  0.0255  0.0241  0.0229  0.0249  0.0231  0.0235  0.0213  0.0220
   -1.0456   -3.8107   -2.4686   -4.0089  -14.3495   -7.8174
    2.3558    3.0796   -1.8236   23.3520   -0.2318  -22.8244
eta,q 0.97971 11.92021

---------------------------------------------------------------------
imgreg_4dfp /usr/local/freesurfer/average/711-2C_as_mni_average_305 /usr/local/freesurfer/average/711-2B_as_mni_average_305_mask talsrcimg_g11 none talsrcimg_to_711-2C_as_mni_average_305_t4 2311
---------------------------------------------------------------------

freesurfer imgreg_4dfp.c
/usr/local/freesurfer/average/711-2C_as_mni_average_305.4dfp.img
       256       256       256         1
  1.000000  1.000000  1.000000
orientation T byte_order littleendian
Reading image: /usr/local/freesurfer/average/711-2C_as_mni_average_305.4dfp.img
dimensions:      256       256       256
mmppix:       1.0000   -1.0000   -1.0000
center:     128.0000 -129.0000 -129.0000
/usr/local/freesurfer/average/711-2B_as_mni_average_305_mask.4dfp.img
       256       256       256         1
  1.000000  1.000000  1.000000
orientation T byte_order littleendian
Reading mask: /usr/local/freesurfer/average/711-2B_as_mni_average_305_mask.4dfp.img (2306576 pixels)
talsrcimg_g11.4dfp.img
       256       256       256         1
  1.000000  1.000000  1.000000
orientation T byte_order littleendian
Reading image: talsrcimg_g11.4dfp.img
dimensions:      256       256       256
mmppix:       1.0000   -1.0000   -1.0000
center:     128.0000 -129.0000 -129.0000
fimgreg.f
image alignment mode   2311 decimal      907 hex
parameters
   -1.0456   -3.8107   -2.4686   -4.0089  -14.3495   -7.8174
    2.3558    3.0796   -1.8236   23.3520   -0.2318  -22.8244
eta,q 0.97971 11.92020
niter,ni,del,rscale     5    3    5.0000    0.8000
parameters
   -1.0480   -3.8028   -2.4799   -2.6250  -14.2916   -6.6373
    2.3546    3.2156   -1.7333   24.0903    0.0405  -22.5162
eta,q 0.98039 12.02486
  0.0218  0.0217  0.0208  0.0222  0.0218  0.0212  0.0211  0.0224  0.0211  0.0219  0.0204  0.0204
  0.0209  0.0209  0.0205  0.0215  0.0209  0.0206  0.0203  0.0210  0.0203  0.0209  0.0200  0.0200
  0.0204  0.0205  0.0203  0.0209  0.0203  0.0203  0.0199  0.0201  0.0199  0.0201  0.0197  0.0197
  0.0203  0.0203  0.0203  0.0203  0.0200  0.0200  0.0197  0.0197  0.0197  0.0197  0.0196  0.0196
  0.0205  0.0204  0.0203  0.0200  0.0202  0.0196  0.0199  0.0200  0.0198  0.0197  0.0197  0.0197
  0.0210  0.0209  0.0205  0.0202  0.0208  0.0197  0.0203  0.0208  0.0203  0.0201  0.0199  0.0199
  0.0218  0.0217  0.0208  0.0210  0.0218  0.0205  0.0211  0.0222  0.0210  0.0209  0.0202  0.0202
niter,ni,del,rscale     4    3    5.0000    0.7000
parameters
   -1.0938   -3.8221   -2.4483   -2.7234  -14.2733   -6.3850
    2.4141    3.1767   -1.6823   24.0877    0.0077  -22.4481
eta,q 0.98045 12.02960
  0.0209  0.0208  0.0203  0.0211  0.0211  0.0208  0.0206  0.0216  0.0206  0.0210  0.0201  0.0201
  0.0202  0.0201  0.0199  0.0204  0.0203  0.0204  0.0201  0.0205  0.0200  0.0203  0.0198  0.0198
  0.0197  0.0197  0.0197  0.0199  0.0198  0.0201  0.0197  0.0198  0.0197  0.0198  0.0196  0.0196
  0.0196  0.0196  0.0196  0.0196  0.0196  0.0196  0.0196  0.0196  0.0196  0.0196  0.0196  0.0196
  0.0198  0.0198  0.0197  0.0197  0.0198  0.0195  0.0197  0.0198  0.0197  0.0197  0.0196  0.0196
  0.0203  0.0202  0.0199  0.0203  0.0203  0.0200  0.0200  0.0205  0.0200  0.0202  0.0198  0.0198
  0.0210  0.0208  0.0202  0.0215  0.0211  0.0208  0.0206  0.0217  0.0206  0.0211  0.0201  0.0201
niter,ni,del,rscale     3    3    5.0000    0.6000
parameters
   -1.1056   -3.8210   -2.4127   -2.6332  -14.2841   -6.1865
    2.4012    3.1864   -1.6590   24.1047   -0.0155  -22.4297
eta,q 0.98049 12.03753
  0.0205  0.0204  0.0201  0.0208  0.0206  0.0205  0.0203  0.0211  0.0203  0.0206  0.0199  0.0199
  0.0200  0.0199  0.0198  0.0202  0.0201  0.0203  0.0199  0.0203  0.0199  0.0201  0.0197  0.0197
  0.0197  0.0196  0.0196  0.0198  0.0197  0.0199  0.0196  0.0197  0.0196  0.0197  0.0195  0.0196
  0.0196  0.0196  0.0196  0.0196  0.0195  0.0195  0.0195  0.0195  0.0195  0.0195  0.0195  0.0195
  0.0197  0.0196  0.0196  0.0196  0.0197  0.0195  0.0196  0.0197  0.0196  0.0196  0.0196  0.0196
  0.0200  0.0199  0.0198  0.0200  0.0200  0.0199  0.0199  0.0202  0.0198  0.0200  0.0197  0.0197
  0.0206  0.0204  0.0200  0.0208  0.0207  0.0206  0.0203  0.0211  0.0203  0.0206  0.0199  0.0199
niter,ni,del,rscale     2    3    5.0000    0.5000
parameters
   -1.1108   -3.8137   -2.3663   -2.5447  -14.3041   -5.9598
    2.3907    3.2035   -1.6419   24.1256   -0.0421  -22.4354
eta,q 0.98054 12.04592
  0.0202  0.0201  0.0199  0.0204  0.0203  0.0203  0.0200  0.0207  0.0200  0.0203  0.0197  0.0198
  0.0198  0.0198  0.0197  0.0200  0.0199  0.0201  0.0197  0.0200  0.0197  0.0199  0.0196  0.0196
  0.0196  0.0196  0.0196  0.0197  0.0196  0.0198  0.0195  0.0196  0.0195  0.0196  0.0195  0.0195
  0.0195  0.0195  0.0195  0.0195  0.0195  0.0195  0.0195  0.0195  0.0195  0.0195  0.0195  0.0195
  0.0196  0.0196  0.0195  0.0195  0.0196  0.0194  0.0195  0.0196  0.0195  0.0195  0.0195  0.0195
  0.0198  0.0198  0.0197  0.0198  0.0199  0.0198  0.0197  0.0200  0.0197  0.0198  0.0196  0.0196
  0.0202  0.0201  0.0198  0.0204  0.0203  0.0203  0.0200  0.0206  0.0200  0.0203  0.0197  0.0198
niter,ni,del,rscale     1    3    5.0000    0.4000
parameters
   -1.1168   -3.8059   -2.3000   -2.4781  -14.3339   -5.7380
    2.3891    3.2139   -1.6296   24.1420   -0.0804  -22.4050
eta,q 0.98057 12.05334
  0.0199  0.0199  0.0197  0.0201  0.0200  0.0202  0.0198  0.0202  0.0198  0.0200  0.0196  0.0196
  0.0197  0.0196  0.0196  0.0198  0.0197  0.0199  0.0196  0.0198  0.0196  0.0197  0.0195  0.0195
  0.0195  0.0195  0.0195  0.0196  0.0195  0.0197  0.0195  0.0195  0.0195  0.0195  0.0194  0.0195
  0.0195  0.0195  0.0195  0.0195  0.0195  0.0195  0.0194  0.0194  0.0194  0.0194  0.0194  0.0194
  0.0195  0.0195  0.0195  0.0195  0.0195  0.0194  0.0195  0.0195  0.0195  0.0195  0.0195  0.0194
  0.0197  0.0196  0.0195  0.0197  0.0197  0.0196  0.0196  0.0198  0.0196  0.0197  0.0195  0.0195
  0.0199  0.0198  0.0197  0.0200  0.0200  0.0200  0.0198  0.0202  0.0198  0.0200  0.0196  0.0196
registration optimization eta report
parameter search radius
    0.8000    0.8000    0.8000    2.4000    2.4000    2.4000
    2.4000    2.4000    2.4000    2.4000    2.4000    2.4000
100000*second partial in parameter space
       72.       61.       39.       10.        9.       11.
        6.       14.        6.        9.        3.        3.
  0.0199  0.0199  0.0197  0.0201  0.0200  0.0202  0.0198  0.0202  0.0198  0.0200  0.0196  0.0196
  0.0197  0.0196  0.0196  0.0198  0.0197  0.0199  0.0196  0.0198  0.0196  0.0197  0.0195  0.0195
  0.0195  0.0195  0.0195  0.0196  0.0195  0.0197  0.0195  0.0195  0.0195  0.0195  0.0194  0.0195
  0.0195  0.0195  0.0195  0.0195  0.0195  0.0195  0.0194  0.0194  0.0194  0.0194  0.0194  0.0194
  0.0195  0.0195  0.0195  0.0195  0.0195  0.0194  0.0195  0.0195  0.0195  0.0195  0.0195  0.0194
  0.0197  0.0196  0.0195  0.0197  0.0197  0.0196  0.0196  0.0198  0.0196  0.0197  0.0195  0.0195
  0.0199  0.0198  0.0197  0.0200  0.0200  0.0200  0.0198  0.0202  0.0198  0.0200  0.0196  0.0196
   -1.1168   -3.8059   -2.3000   -2.4781  -14.3339   -5.7380
    2.3891    3.2139   -1.6296   24.1420   -0.0804  -22.4050
eta,q 0.98057 12.05334

---------------------------------------------------------------------
imgreg_4dfp /usr/local/freesurfer/average/711-2C_as_mni_average_305 /usr/local/freesurfer/average/711-2B_as_mni_average_305_mask talsrcimg_g11 none talsrcimg_to_711-2C_as_mni_average_305_t4 2311
---------------------------------------------------------------------

freesurfer imgreg_4dfp.c
/usr/local/freesurfer/average/711-2C_as_mni_average_305.4dfp.img
       256       256       256         1
  1.000000  1.000000  1.000000
orientation T byte_order littleendian
Reading image: /usr/local/freesurfer/average/711-2C_as_mni_average_305.4dfp.img
dimensions:      256       256       256
mmppix:       1.0000   -1.0000   -1.0000
center:     128.0000 -129.0000 -129.0000
/usr/local/freesurfer/average/711-2B_as_mni_average_305_mask.4dfp.img
       256       256       256         1
  1.000000  1.000000  1.000000
orientation T byte_order littleendian
Reading mask: /usr/local/freesurfer/average/711-2B_as_mni_average_305_mask.4dfp.img (2306576 pixels)
talsrcimg_g11.4dfp.img
       256       256       256         1
  1.000000  1.000000  1.000000
orientation T byte_order littleendian
Reading image: talsrcimg_g11.4dfp.img
dimensions:      256       256       256
mmppix:       1.0000   -1.0000   -1.0000
center:     128.0000 -129.0000 -129.0000
fimgreg.f
image alignment mode   2311 decimal      907 hex
parameters
   -1.1168   -3.8059   -2.3000   -2.4781  -14.3339   -5.7380
    2.3891    3.2139   -1.6296   24.1420   -0.0804  -22.4050
eta,q 0.98057 12.05334
niter,ni,del,rscale     5    3    5.0000    0.8000
parameters
   -1.0983   -3.8057   -2.1853   -2.9203  -14.4163   -6.2524
    2.3905    3.1544   -1.6861   24.0198   -0.0542  -22.4666
eta,q 0.98043 12.02500
  0.0213  0.0210  0.0206  0.0211  0.0212  0.0208  0.0209  0.0221  0.0209  0.0213  0.0202  0.0203
  0.0203  0.0201  0.0200  0.0204  0.0203  0.0204  0.0202  0.0207  0.0202  0.0204  0.0198  0.0199
  0.0196  0.0196  0.0196  0.0197  0.0197  0.0199  0.0197  0.0199  0.0197  0.0198  0.0196  0.0196
  0.0194  0.0194  0.0194  0.0194  0.0195  0.0195  0.0196  0.0196  0.0196  0.0196  0.0196  0.0196
  0.0196  0.0196  0.0195  0.0197  0.0197  0.0197  0.0197  0.0199  0.0197  0.0198  0.0197  0.0197
  0.0202  0.0201  0.0198  0.0206  0.0204  0.0205  0.0202  0.0208  0.0202  0.0204  0.0199  0.0199
  0.0212  0.0210  0.0203  0.0223  0.0214  0.0219  0.0209  0.0223  0.0210  0.0216  0.0202  0.0203
niter,ni,del,rscale     4    3    5.0000    0.7000
parameters
   -1.0946   -3.8141   -2.3740   -2.7609  -14.3218   -6.3222
    2.3907    3.1764   -1.6798   24.0782   -0.0247  -22.4586
eta,q 0.98046 12.02966
  0.0209  0.0207  0.0201  0.0211  0.0210  0.0206  0.0206  0.0216  0.0206  0.0210  0.0201  0.0201
  0.0202  0.0201  0.0197  0.0205  0.0203  0.0203  0.0200  0.0205  0.0200  0.0203  0.0198  0.0198
  0.0197  0.0197  0.0196  0.0199  0.0198  0.0200  0.0197  0.0198  0.0197  0.0198  0.0196  0.0196
  0.0196  0.0196  0.0196  0.0196  0.0195  0.0195  0.0195  0.0195  0.0195  0.0195  0.0195  0.0195
  0.0197  0.0197  0.0197  0.0196  0.0197  0.0195  0.0197  0.0198  0.0197  0.0197  0.0196  0.0196
  0.0202  0.0201  0.0200  0.0201  0.0201  0.0201  0.0200  0.0205  0.0200  0.0202  0.0198  0.0198
  0.0209  0.0208  0.0204  0.0211  0.0209  0.0210  0.0206  0.0216  0.0206  0.0210  0.0200  0.0201
niter,ni,del,rscale     3    3    5.0000    0.6000
parameters
   -1.1046   -3.8189   -2.3973   -2.6321  -14.2977   -6.1822
    2.3983    3.1913   -1.6575   24.1063   -0.0207  -22.4371
eta,q 0.98050 12.03761
  0.0205  0.0204  0.0200  0.0208  0.0206  0.0205  0.0203  0.0211  0.0203  0.0206  0.0199  0.0199
  0.0200  0.0199  0.0197  0.0202  0.0201  0.0202  0.0199  0.0203  0.0199  0.0201  0.0197  0.0197
  0.0196  0.0196  0.0196  0.0198  0.0197  0.0199  0.0196  0.0197  0.0196  0.0197  0.0195  0.0196
  0.0195  0.0195  0.0195  0.0195  0.0195  0.0195  0.0195  0.0195  0.0195  0.0195  0.0195  0.0195
  0.0197  0.0196  0.0196  0.0196  0.0196  0.0195  0.0196  0.0197  0.0196  0.0196  0.0196  0.0196
  0.0200  0.0199  0.0198  0.0200  0.0200  0.0199  0.0199  0.0202  0.0198  0.0200  0.0197  0.0197
  0.0206  0.0204  0.0201  0.0208  0.0206  0.0206  0.0203  0.0211  0.0203  0.0206  0.0199  0.0199
niter,ni,del,rscale     2    3    5.0000    0.5000
parameters
   -1.1109   -3.8139   -2.3657   -2.5417  -14.3062   -5.9588
    2.3912    3.2046   -1.6389   24.1266   -0.0471  -22.4314
eta,q 0.98054 12.04597
  0.0202  0.0201  0.0199  0.0204  0.0203  0.0203  0.0200  0.0207  0.0200  0.0203  0.0197  0.0198
  0.0198  0.0198  0.0197  0.0200  0.0199  0.0201  0.0197  0.0200  0.0197  0.0199  0.0196  0.0196
  0.0196  0.0196  0.0196  0.0197  0.0196  0.0198  0.0195  0.0196  0.0195  0.0196  0.0195  0.0195
  0.0195  0.0195  0.0195  0.0195  0.0195  0.0195  0.0195  0.0195  0.0195  0.0195  0.0195  0.0195
  0.0196  0.0196  0.0195  0.0195  0.0196  0.0194  0.0195  0.0196  0.0195  0.0195  0.0195  0.0195
  0.0198  0.0198  0.0197  0.0198  0.0198  0.0198  0.0197  0.0200  0.0197  0.0198  0.0196  0.0196
  0.0202  0.0201  0.0198  0.0204  0.0203  0.0203  0.0200  0.0206  0.0200  0.0203  0.0197  0.0198
niter,ni,del,rscale     1    3    5.0000    0.4000
parameters
   -1.1150   -3.8050   -2.3007   -2.4785  -14.3332   -5.7395
    2.3867    3.2171   -1.6230   24.1442   -0.0723  -22.4130
eta,q 0.98058 12.05335
  0.0199  0.0199  0.0198  0.0201  0.0200  0.0202  0.0198  0.0202  0.0198  0.0200  0.0196  0.0196
  0.0197  0.0196  0.0196  0.0198  0.0197  0.0199  0.0196  0.0198  0.0196  0.0197  0.0195  0.0195
  0.0195  0.0195  0.0195  0.0196  0.0195  0.0197  0.0195  0.0195  0.0195  0.0195  0.0194  0.0195
  0.0195  0.0195  0.0195  0.0195  0.0195  0.0195  0.0194  0.0194  0.0194  0.0194  0.0194  0.0194
  0.0195  0.0195  0.0195  0.0195  0.0195  0.0194  0.0195  0.0195  0.0195  0.0195  0.0195  0.0194
  0.0197  0.0196  0.0195  0.0197  0.0197  0.0196  0.0196  0.0198  0.0196  0.0197  0.0195  0.0195
  0.0199  0.0198  0.0197  0.0200  0.0200  0.0201  0.0198  0.0202  0.0198  0.0200  0.0196  0.0196
registration optimization eta report
parameter search radius
    0.8000    0.8000    0.8000    2.4000    2.4000    2.4000
    2.4000    2.4000    2.4000    2.4000    2.4000    2.4000
100000*second partial in parameter space
       72.       61.       39.       10.        9.       11.
        6.       14.        6.        9.        3.        3.
  0.0199  0.0199  0.0198  0.0201  0.0200  0.0202  0.0198  0.0202  0.0198  0.0200  0.0196  0.0196
  0.0197  0.0196  0.0196  0.0198  0.0197  0.0199  0.0196  0.0198  0.0196  0.0197  0.0195  0.0195
  0.0195  0.0195  0.0195  0.0196  0.0195  0.0197  0.0195  0.0195  0.0195  0.0195  0.0194  0.0195
  0.0195  0.0195  0.0195  0.0195  0.0195  0.0195  0.0194  0.0194  0.0194  0.0194  0.0194  0.0194
  0.0195  0.0195  0.0195  0.0195  0.0195  0.0194  0.0195  0.0195  0.0195  0.0195  0.0195  0.0194
  0.0197  0.0196  0.0195  0.0197  0.0197  0.0196  0.0196  0.0198  0.0196  0.0197  0.0195  0.0195
  0.0199  0.0198  0.0197  0.0200  0.0200  0.0201  0.0198  0.0202  0.0198  0.0200  0.0196  0.0196
   -1.1150   -3.8050   -2.3007   -2.4785  -14.3332   -5.7395
    2.3867    3.2171   -1.6230   24.1442   -0.0723  -22.4130
eta,q 0.98058 12.05335

---------------------------------------------------------------------
compute_vox2vox talsrcimg talsrcimg_to_711-2C_as_mni_average_305_t4 /usr/local/freesurfer/average/711-2C_as_mni_average_305
---------------------------------------------------------------------

freesurfer compute_vox2vox.c
Reading: talsrcimg.4dfp.ifh
Reading: talsrcimg_to_711-2C_as_mni_average_305_t4
Reading: /usr/local/freesurfer/average/711-2C_as_mni_average_305.4dfp.ifh
Writing: talsrcimg_to_711-2C_as_mni_average_305_t4_vox2vox.txt

start time Fri May 30 19:30:10 UTC 2025
end		time Fri May 30 19:30:29 UTC 2025

mpr2mni305 success

avi2talxfm orig_nu.mgz /usr/local/freesurfer/average/mni305.cor.mgz talsrcimg_to_711-2C_as_mni_average_305_t4_vox2vox.txt transforms/talairach.auto.xfm
avi2talxfm done
mv -f /home/freesurfer/subjects/sub-009/mri/talsrcimg_to_711-2C_as_mni_average_305_t4_vox2vox.txt /home/freesurfer/subjects/sub-009/mri/transforms/talsrcimg_to_711-2C_as_mni_average_305_t4_vox2vox.txt
lta_convert --src orig_nu.mgz --trg /usr/local/freesurfer/average/mni305.cor.mgz --inxfm transforms/talairach.auto.xfm --outlta transforms/talairach.auto.xfm.lta --subject fsaverage
7.4.1

--src: orig_nu.mgz src image (geometry).
--trg: /usr/local/freesurfer/average/mni305.cor.mgz trg image (geometry).
--inmni: transforms/talairach.auto.xfm input MNI/XFM transform.
--outlta: transforms/talairach.auto.xfm.lta output LTA.
--s: fsaverage subject name
 LTA read, type : 1
 1.02481  -0.02593  -0.03533  -0.61656;
 0.00506   0.99413   0.25995  -23.38956;
 0.01799  -0.28068   1.09338   8.05907;
 0.00000   0.00000   0.00000   1.00000;
setting subject to fsaverage
Writing  LTA to file transforms/talairach.auto.xfm.lta...
lta_convert successful.
 
 
Started at Fri May 30 19:30:09 UTC 2025
Ended   at Fri May 30 19:30:29 UTC 2025
talairach_avi done
