/home/freesurfer/subjects/sub-039/mri
/usr/local/freesurfer/bin/talairach_avi
--i orig_nu.mgz --xfm transforms/talairach.auto.xfm
talairach_avi 7.4.1
Linux 52edc0a8b20c 6.11.0-26-generic #26~24.04.1-Ubuntu SMP PREEMPT_DYNAMIC Thu Apr 17 19:20:47 UTC 2 x86_64 x86_64 x86_64 GNU/Linux
Wed Jun  4 13:24:06 UTC 2025
mri_convert orig_nu.mgz talsrcimg.img 
reading from orig_nu.mgz...
TR=8.21, TE=0.00, TI=0.00, flip angle=0.00
i_ras = (-1, 1.16415e-10, 3.72529e-09)
j_ras = (0, -3.72529e-09, -1)
k_ras = (0, 1, 0)
writing to talsrcimg.img...
Analyze Output Matrix
-1.00000   0.00000   0.00000   136.78455;
 0.00000  -0.00000   1.00000  -101.32024;
 0.00000  -1.00000   0.00000   155.09618;
 0.00000   0.00000   0.00000   1.00000;
--------------------
INFO: set hdr.hist.orient to -1
mpr2mni305 talsrcimg
Wed Jun  4 13:24:07 UTC 2025
/usr/local/freesurfer/bin/mpr2mni305 talsrcimg
mpr2mni305 7.4.1
target=711-2C_as_mni_average_305

---------------------------------------------------------------------
analyzeto4dfp talsrcimg -O0 -y
---------------------------------------------------------------------

freesurfer ifh2hdr.c
Wed Jun  4 13:24:07 2025
Writing: talsrcimg.4dfp.hdr
freesurfer analyzeto4dfp.c
Reading: talsrcimg.hdr
header size 348 bytes
hdr.dime.datatype	offset=70	value=2
hdr.dime.bitpix		offset=72	value=8
hdr.hist.orient		offset=252	value=-1
dimensionality     4
dimensions       256       256       256         1
Reading: talsrcimg.img
Writing: talsrcimg.4dfp.img
Writing: talsrcimg.4dfp.ifh
ifh2hdr talsrcimg -r0to192
ori=2

---------------------------------------------------------------------
gauss_4dfp talsrcimg 1.1
---------------------------------------------------------------------

freesurfer gauss_4dfp.c
Reading: talsrcimg.4dfp.img
Writing: talsrcimg_g11.4dfp.img
image dimensions 256 256 256 padded to 288 288 288
processing volume 1freesurfer ifh2hdr.c
Wed Jun  4 13:24:11 2025
Writing: talsrcimg_g11.4dfp.hdr

Writing: talsrcimg_g11.4dfp.ifh
including: talsrcimg.4dfp.img.rec in talsrcimg_g11.4dfp.img.rec

---------------------------------------------------------------------
imgreg_4dfp /usr/local/freesurfer/average/711-2C_as_mni_average_305 none talsrcimg_g11 none talsrcimg_to_711-2C_as_mni_average_305_t4 4355
---------------------------------------------------------------------

freesurfer imgreg_4dfp.c
/usr/local/freesurfer/average/711-2C_as_mni_average_305.4dfp.img
       256       256       256         1
  1.000000  1.000000  1.000000
orientation T byte_order littleendian
Reading image: /usr/local/freesurfer/average/711-2C_as_mni_average_305.4dfp.img
dimensions:      256       256       256
mmppix:       1.0000   -1.0000   -1.0000
center:     128.0000 -129.0000 -129.0000
talsrcimg_g11.4dfp.img
       256       256       256         1
  1.000000  1.000000  1.000000
orientation T byte_order littleendian
Reading image: talsrcimg_g11.4dfp.img
dimensions:      256       256       256
mmppix:       1.0000   -1.0000   -1.0000
center:     128.0000 -129.0000 -129.0000
t4_read: open error in t4_sub.f l:  41 t4_file(1:l)talsrcimg_to_711-2C_as_mni_average_305_t4 
t4_read: transform initialized to I4
rotation matrix determinant  1.000000
image alignment mode   4355 decimal     1103 hex
   -7.5000  -45.0000  -45.0000 9479.2793   20.8263
    0.0000  -45.0000  -45.0000 9797.7939   20.7996
    7.5000  -45.0000  -45.0000 9280.4688   20.7671
   -7.5000  -37.5000  -45.000010056.4131   20.8014
    0.0000  -37.5000  -45.000010397.5947   20.7727
    7.5000  -37.5000  -45.0000 9813.7305   20.7440
   -7.5000  -30.0000  -45.000010921.6084   20.8223
    0.0000  -30.0000  -45.000011311.2471   20.8058
    7.5000  -30.0000  -45.000010683.0488   20.7923
   -7.5000  -22.5000  -45.000011722.5908   20.8671
    0.0000  -22.5000  -45.000012094.9912   20.8678
    7.5000  -22.5000  -45.000011428.5352   20.8657
   -7.5000  -15.0000  -45.000012397.6494   20.8921
    0.0000  -15.0000  -45.000012797.2246   20.8981
    7.5000  -15.0000  -45.000012052.6943   20.8944
   -7.5000   -7.5000  -45.000013062.4170   20.8695
    0.0000   -7.5000  -45.000013537.5303   20.8602
    7.5000   -7.5000  -45.000012729.0088   20.8413
   -7.5000    0.0000  -45.000013663.4502   20.8236
    0.0000    0.0000  -45.000014210.5586   20.7969
    7.5000    0.0000  -45.000013341.3789   20.7645
   -7.5000    7.5000  -45.000013227.3779   20.8014
    0.0000    7.5000  -45.000013787.0537   20.7727
    7.5000    7.5000  -45.000012918.5977   20.7440
   -7.5000   15.0000  -45.000012482.8311   20.8223
    0.0000   15.0000  -45.000013037.7314   20.8058
    7.5000   15.0000  -45.000012205.5518   20.7923
   -7.5000   22.5000  -45.000011481.5273   20.8643
    0.0000   22.5000  -45.000012037.1152   20.8649
    7.5000   22.5000  -45.000011241.8594   20.8628
   -7.5000   30.0000  -45.000010401.2021   20.6137
    0.0000   30.0000  -45.000010891.5801   20.6196
    7.5000   30.0000  -45.000010186.8516   20.6160
   -7.5000   37.5000  -45.0000 9744.8604   20.5914
    0.0000   37.5000  -45.000010210.9170   20.5822
    7.5000   37.5000  -45.0000 9594.4629   20.5636
   -7.5000   45.0000  -45.0000 8788.0400   20.0248
    0.0000   45.0000  -45.0000 9208.0186   19.9991
    7.5000   45.0000  -45.0000 8652.0264   19.9679
   -7.5000  -45.0000  -37.5000 9955.0498   20.8076
    0.0000  -45.0000  -37.500010276.3770   20.7756
    7.5000  -45.0000  -37.5000 9709.5498   20.7525
   -7.5000  -37.5000  -37.500010552.8369   20.7856
    0.0000  -37.5000  -37.500010905.0225   20.7511
    7.5000  -37.5000  -37.500010293.2061   20.7304
   -7.5000  -30.0000  -37.500011485.8135   20.8090
    0.0000  -30.0000  -37.500011890.7871   20.7876
    7.5000  -30.0000  -37.500011212.7783   20.7811
   -7.5000  -22.5000  -37.500012314.0654   20.8540
    0.0000  -22.5000  -37.500012698.3545   20.8516
    7.5000  -22.5000  -37.500011966.0986   20.8563
   -7.5000  -15.0000  -37.500012986.4219   20.8769
    0.0000  -15.0000  -37.500013414.6143   20.8808
    7.5000  -15.0000  -37.500012619.2520   20.8851
   -7.5000   -7.5000  -37.500013671.6172   20.8513
    0.0000   -7.5000  -37.500014173.4902   20.8388
    7.5000   -7.5000  -37.500013309.5156   20.8292
   -7.5000    0.0000  -37.500014333.1299   20.8050
    0.0000    0.0000  -37.500014878.6416   20.7730
    7.5000    0.0000  -37.500013959.5811   20.7499
   -7.5000    7.5000  -37.500013832.6758   20.7856
    0.0000    7.5000  -37.500014383.6680   20.7511
    7.5000    7.5000  -37.500013466.7158   20.7304
   -7.5000   15.0000  -37.500013008.1016   20.8090
    0.0000   15.0000  -37.500013564.6113   20.7876
    7.5000   15.0000  -37.500012705.1221   20.7811
   -7.5000   22.5000  -37.500011950.8740   20.8511
    0.0000   22.5000  -37.500012497.7686   20.8487
    7.5000   22.5000  -37.500011692.3789   20.8535
   -7.5000   30.0000  -37.500010813.9492   20.5987
    0.0000   30.0000  -37.500011323.0352   20.6026
    7.5000   30.0000  -37.500010605.0078   20.6068
   -7.5000   37.5000  -37.500010118.6152   20.5734
    0.0000   37.5000  -37.500010604.7578   20.5610
    7.5000   37.5000  -37.5000 9963.4062   20.5517
   -7.5000   45.0000  -37.5000 9085.5674   20.0069
    0.0000   45.0000  -37.5000 9527.7080   19.9761
    7.5000   45.0000  -37.5000 8959.2900   19.9539
   -7.5000  -45.0000  -30.000010548.7344   21.5923
    0.0000  -45.0000  -30.000010908.6885   21.5560
    7.5000  -45.0000  -30.000010257.3486   21.5400
   -7.5000  -37.5000  -30.000011171.3018   21.5690
    0.0000  -37.5000  -30.000011572.7803   21.5308
    7.5000  -37.5000  -30.000010888.2100   21.5199
   -7.5000  -30.0000  -30.000012226.1104   21.5865
    0.0000  -30.0000  -30.000012691.4355   21.5618
    7.5000  -30.0000  -30.000011908.5293   21.5650
   -7.5000  -22.5000  -30.000013124.2490   21.6276
    0.0000  -22.5000  -30.000013569.4092   21.6212
    7.5000  -22.5000  -30.000012721.5449   21.6327
   -7.5000  -15.0000  -30.000013771.4072   21.6522
    0.0000  -15.0000  -30.000014239.3643   21.6512
    7.5000  -15.0000  -30.000013383.9639   21.6595
   -7.5000   -7.5000  -30.000014498.6523   21.6317
    0.0000   -7.5000  -30.000015023.2100   21.6142
    7.5000   -7.5000  -30.000014109.0703   21.6092
   -7.5000    0.0000  -30.000015191.1836   21.5895
    0.0000    0.0000  -30.000015760.3896   21.5532
    7.5000    0.0000  -30.000014780.0117   21.5373
   -7.5000    7.5000  -30.000014655.1240   21.5690
    0.0000    7.5000  -30.000015226.3320   21.5308
    7.5000    7.5000  -30.000014270.2773   21.5199
   -7.5000   15.0000  -30.000013752.2412   21.5865
    0.0000   15.0000  -30.000014324.4883   21.5618
    7.5000   15.0000  -30.000013434.6455   21.5650
   -7.5000   22.5000  -30.000012625.2021   21.6224
    0.0000   22.5000  -30.000013170.1221   21.6160
    7.5000   22.5000  -30.000012353.6816   21.6275
   -7.5000   30.0000  -30.000011440.8262   21.3657
    0.0000   30.0000  -30.000011968.5518   21.3648
    7.5000   30.0000  -30.000011215.2080   21.3729
   -7.5000   37.5000  -30.000010707.5693   21.3455
    0.0000   37.5000  -30.000011220.1875   21.3282
    7.5000   37.5000  -30.000010539.6895   21.3233
   -7.5000   45.0000  -30.0000 9600.2324   20.7765
    0.0000   45.0000  -30.000010086.3496   20.7416
    7.5000   45.0000  -30.0000 9455.1826   20.7262
   -7.5000  -45.0000  -22.500011034.4766   22.2870
    0.0000  -45.0000  -22.500011445.7598   22.2510
    7.5000  -45.0000  -22.500010719.1016   22.2316
   -7.5000  -37.5000  -22.500011714.8398   22.2599
    0.0000  -37.5000  -22.500012164.6367   22.2242
    7.5000  -37.5000  -22.500011398.9248   22.2147
   -7.5000  -30.0000  -22.500012877.7793   22.2678
    0.0000  -30.0000  -22.500013413.4512   22.2450
    7.5000  -30.0000  -22.500012519.6523   22.2516
   -7.5000  -22.5000  -22.500013911.9570   22.3028
    0.0000  -22.5000  -22.500014427.0576   22.2954
    7.5000  -22.5000  -22.500013479.2900   22.3074
   -7.5000  -15.0000  -22.500014534.2422   22.3305
    0.0000  -15.0000  -22.500015044.0654   22.3258
    7.5000  -15.0000  -22.500014158.1514   22.3300
   -7.5000   -7.5000  -22.500015270.8887   22.3198
    0.0000   -7.5000  -22.500015808.1211   22.2994
    7.5000   -7.5000  -22.500014884.9736   22.2883
   -7.5000    0.0000  -22.500015993.4072   22.2841
    0.0000    0.0000  -22.500016599.7520   22.2482
    7.5000    0.0000  -22.500015566.9824   22.2288
   -7.5000    7.5000  -22.500015447.4209   22.2599
    0.0000    7.5000  -22.500016067.4131   22.2242
    7.5000    7.5000  -22.500015050.3730   22.2147
   -7.5000   15.0000  -22.500014496.2197   22.2678
    0.0000   15.0000  -22.500015098.1279   22.2450
    7.5000   15.0000  -22.500014152.4727   22.2516
   -7.5000   22.5000  -22.500013328.6270   22.2959
    0.0000   22.5000  -22.500013894.7852   22.2885
    7.5000   22.5000  -22.500013011.7305   22.3005
   -7.5000   30.0000  -22.500012124.8652   22.0384
    0.0000   30.0000  -22.500012688.9785   22.0338
    7.5000   30.0000  -22.500011861.5244   22.0379
   -7.5000   37.5000  -22.500011381.7197   22.0279
    0.0000   37.5000  -22.500011927.4902   22.0077
    7.5000   37.5000  -22.500011129.7314   21.9967
   -7.5000   45.0000  -22.500010203.5186   21.4611
    0.0000   45.0000  -22.500010696.9941   21.4264
    7.5000   45.0000  -22.5000 9965.7100   21.4078
   -7.5000  -45.0000  -15.000011384.5254   22.8153
    0.0000  -45.0000  -15.000011861.0068   22.7838
    7.5000  -45.0000  -15.000011064.0264   22.7538
   -7.5000  -37.5000  -15.000012120.4141   22.7841
    0.0000  -37.5000  -15.000012636.8037   22.7548
    7.5000  -37.5000  -15.000011757.9092   22.7369
   -7.5000  -30.0000  -15.000013435.1035   22.7886
    0.0000  -30.0000  -15.000014038.1719   22.7716
    7.5000  -30.0000  -15.000012953.5928   22.7715
   -7.5000  -22.5000  -15.000014679.0596   22.8239
    0.0000  -22.5000  -15.000015281.8203   22.8194
    7.5000  -22.5000  -15.000014099.1514   22.8246
   -7.5000  -15.0000  -15.000015436.2061   22.8550
    0.0000  -15.0000  -15.000016023.4541   22.8508
    7.5000  -15.0000  -15.000014978.1855   22.8460
   -7.5000   -7.5000  -15.000016099.6689   22.8480
    0.0000   -7.5000  -15.000016688.0273   22.8290
    7.5000   -7.5000  -15.000015680.9795   22.8068
   -7.5000    0.0000  -15.000016800.4512   22.8123
    0.0000    0.0000  -15.000017434.9375   22.7809
    7.5000    0.0000  -15.000016314.1904   22.7509
   -7.5000    7.5000  -15.000016242.0264   22.7841
    0.0000    7.5000  -15.000016889.9180   22.7548
    7.5000    7.5000  -15.000015725.0156   22.7369
   -7.5000   15.0000  -15.000015325.2529   22.7886
    0.0000   15.0000  -15.000015930.0645   22.7716
    7.5000   15.0000  -15.000014788.6221   22.7715
   -7.5000   22.5000  -15.000014136.7500   22.8158
    0.0000   22.5000  -15.000014701.0615   22.8114
    7.5000   22.5000  -15.000013596.4941   22.8165
   -7.5000   30.0000  -15.000012884.9395   22.5592
    0.0000   30.0000  -15.000013447.0371   22.5550
    7.5000   30.0000  -15.000012409.1836   22.5503
   -7.5000   37.5000  -15.000012091.5078   22.5523
    0.0000   37.5000  -15.000012625.6621   22.5336
    7.5000   37.5000  -15.000011659.3516   22.5117
   -7.5000   45.0000  -15.000010811.0254   21.9831
    0.0000   45.0000  -15.000011287.9082   21.9527
    7.5000   45.0000  -15.000010459.4990   21.9239
   -7.5000  -45.0000   -7.500011721.5557   23.0925
    0.0000  -45.0000   -7.500012249.9883   23.0649
    7.5000  -45.0000   -7.500011419.2842   23.0274
   -7.5000  -37.5000   -7.500012438.6592   23.0623
    0.0000  -37.5000   -7.500013009.6387   23.0352
    7.5000  -37.5000   -7.500012100.8457   23.0064
   -7.5000  -30.0000   -7.500013841.8076   23.0757
    0.0000  -30.0000   -7.500014532.6660   23.0607
    7.5000  -30.0000   -7.500013305.3369   23.0496
   -7.5000  -22.5000   -7.500015412.6787   23.1182
    0.0000  -22.5000   -7.500016163.4268   23.1178
    7.5000  -22.5000   -7.500014598.3564   23.1152
   -7.5000  -15.0000   -7.500016598.8477   23.1483
    0.0000  -15.0000   -7.500017363.7129   23.1501
    7.5000  -15.0000   -7.500015780.2988   23.1409
   -7.5000   -7.5000   -7.500017424.4766   23.1329
    0.0000   -7.5000   -7.500018070.7949   23.1197
    7.5000   -7.5000   -7.500016602.6914   23.0932
   -7.5000    0.0000   -7.500018050.9766   23.0896
    0.0000    0.0000   -7.500018680.5273   23.0620
    7.5000    0.0000   -7.500017156.0215   23.0245
   -7.5000    7.5000   -7.500017319.1777   23.0623
    0.0000    7.5000   -7.500017917.7656   23.0352
    7.5000    7.5000   -7.500016412.1270   23.0064
   -7.5000   15.0000   -7.500016247.0986   23.0757
    0.0000   15.0000   -7.500016793.3496   23.0607
    7.5000   15.0000   -7.500015381.9014   23.0496
   -7.5000   22.5000   -7.500014903.1641   23.1076
    0.0000   22.5000   -7.500015452.8213   23.1071
    7.5000   22.5000   -7.500014150.8242   23.1046
   -7.5000   30.0000   -7.500013522.8535   22.8481
    0.0000   30.0000   -7.500014053.2920   22.8499
    7.5000   30.0000   -7.500012905.8984   22.8408
   -7.5000   37.5000   -7.500012633.1621   22.8329
    0.0000   37.5000   -7.500013174.0977   22.8199
    7.5000   37.5000   -7.500012118.3535   22.7938
   -7.5000   45.0000   -7.500011251.4414   22.2544
    0.0000   45.0000   -7.500011757.8047   22.2278
    7.5000   45.0000   -7.500010863.3545   22.1917
   -7.5000  -45.0000    0.000011964.2256   23.1391
    0.0000  -45.0000    0.000012509.7402   23.1097
    7.5000  -45.0000    0.000011695.5117   23.0741
   -7.5000  -37.5000    0.000012712.8711   23.1120
    0.0000  -37.5000    0.000013273.4297   23.0803
    7.5000  -37.5000    0.000012358.9502   23.0487
   -7.5000  -30.0000    0.000014149.5449   23.1350
    0.0000  -30.0000    0.000014841.0381   23.1166
    7.5000  -30.0000    0.000013563.0918   23.1016
   -7.5000  -22.5000    0.000015836.8359   23.1840
    0.0000  -22.5000    0.000016667.2852   23.1846
    7.5000  -22.5000    0.000014913.3965   23.1821
   -7.5000  -15.0000    0.000017240.3457   23.2112
    0.0000  -15.0000    0.000018037.0312   23.2178
    7.5000  -15.0000    0.000016130.4785   23.2137
   -7.5000   -7.5000    0.000018234.4961   23.1864
    0.0000   -7.5000    0.000018888.5645   23.1762
    7.5000   -7.5000    0.000017023.1367   23.1555
   -7.5000    0.0000    0.000018873.4551   23.1362
    0.0000    0.0000    0.000019484.2773   23.1068
    7.5000    0.0000    0.000017645.1445   23.0712
   -7.5000    7.5000    0.000017976.4121   23.1120
    0.0000    7.5000    0.000018540.0410   23.0803
    7.5000    7.5000    0.000016891.6309   23.0487
   -7.5000   15.0000    0.000016655.5410   23.1350
    0.0000   15.0000    0.000017199.2715   23.1166
    7.5000   15.0000    0.000015771.9258   23.1016
   -7.5000   22.5000    0.000015165.7852   23.1733
    0.0000   22.5000    0.000015704.6143   23.1739
    7.5000   22.5000    0.000014468.5127   23.1715
   -7.5000   30.0000    0.000013698.2969   22.9108
    0.0000   30.0000    0.000014207.1465   22.9173
    7.5000   30.0000    0.000013164.8691   22.9133
   -7.5000   37.5000    0.000012810.6680   22.8863
    0.0000   37.5000    0.000013313.9707   22.8763
    7.5000   37.5000    0.000012371.5127   22.8559
   -7.5000   45.0000    0.000011490.6455   22.3011
    0.0000   45.0000    0.000011981.1533   22.2728
    7.5000   45.0000    0.000011145.2334   22.2384
   -7.5000  -45.0000    7.500011371.5352   23.1859
    0.0000  -45.0000    7.500011840.2686   23.1504
    7.5000  -45.0000    7.500011075.1582   23.1248
   -7.5000  -37.5000    7.500012070.7793   23.1614
    0.0000  -37.5000    7.500012558.0137   23.1232
    7.5000  -37.5000    7.500011722.3418   23.1002
   -7.5000  -30.0000    7.500013393.9014   23.1870
    0.0000  -30.0000    7.500014005.2529   23.1632
    7.5000  -30.0000    7.500012922.3896   23.1559
   -7.5000  -22.5000    7.500014832.6084   23.2365
    0.0000  -22.5000    7.500015522.9922   23.2338
    7.5000  -22.5000    7.500014199.6465   23.2390
   -7.5000  -15.0000    7.500015812.8496   23.2619
    0.0000  -15.0000    7.500016415.8418   23.2663
    7.5000  -15.0000    7.500015197.0420   23.2710
   -7.5000   -7.5000    7.500016585.2871   23.2339
    0.0000   -7.5000    7.500017128.2930   23.2201
    7.5000   -7.5000    7.500015994.5039   23.2096
   -7.5000    0.0000    7.500017328.9688   23.1830
    0.0000    0.0000    7.500017917.0723   23.1476
    7.5000    0.0000    7.500016643.6758   23.1219
   -7.5000    7.5000    7.500016700.0215   23.1614
    0.0000    7.5000    7.500017303.6035   23.1232
    7.5000    7.5000    7.500016006.9561   23.1002
   -7.5000   15.0000    7.500015552.1504   23.1870
    0.0000   15.0000    7.500016110.2988   23.1632
    7.5000   15.0000    7.500014933.0547   23.1559
   -7.5000   22.5000    7.500014204.2383   23.2258
    0.0000   22.5000    7.500014715.9062   23.2231
    7.5000   22.5000    7.500013655.0957   23.2283
   -7.5000   30.0000    7.500012861.3975   22.9609
    0.0000   30.0000    7.500013336.5811   22.9652
    7.5000   30.0000    7.500012416.7354   22.9699
   -7.5000   37.5000    7.500012022.4961   22.9332
    0.0000   37.5000    7.500012487.9131   22.9196
    7.5000   37.5000    7.500011657.2539   22.9092
   -7.5000   45.0000    7.500010779.8145   22.3462
    0.0000   45.0000    7.500011245.9258   22.3120
    7.5000   45.0000    7.500010528.2041   22.2873
   -7.5000  -45.0000   15.000010528.2734   23.3753
    0.0000  -45.0000   15.000010939.8818   23.3357
    7.5000  -45.0000   15.000010370.4189   23.3181
   -7.5000  -37.5000   15.000011117.2539   23.3513
    0.0000  -37.5000   15.000011545.7695   23.3095
    7.5000  -37.5000   15.000010962.4570   23.2976
   -7.5000  -30.0000   15.000012277.7168   23.3712
    0.0000  -30.0000   15.000012825.2881   23.3441
    7.5000  -30.0000   15.000012103.5107   23.3476
   -7.5000  -22.5000   15.000013453.9004   23.4158
    0.0000  -22.5000   15.000014006.2051   23.4088
    7.5000  -22.5000   15.000013220.5537   23.4213
   -7.5000  -15.0000   15.000014219.4043   23.4418
    0.0000  -15.0000   15.000014699.4766   23.4408
    7.5000  -15.0000   15.000014027.3350   23.4499
   -7.5000   -7.5000   15.000014980.8701   23.4188
    0.0000   -7.5000   15.000015474.3330   23.3997
    7.5000   -7.5000   15.000014786.1689   23.3942
   -7.5000    0.0000   15.000015748.8076   23.3728
    0.0000    0.0000   15.000016307.6982   23.3332
    7.5000    0.0000   15.000015446.2578   23.3156
   -7.5000    7.5000   15.000015222.3896   23.3513
    0.0000    7.5000   15.000015761.7891   23.3095
    7.5000    7.5000   15.000014862.7705   23.2976
   -7.5000   15.0000   15.000014238.4189   23.3712
    0.0000   15.0000   15.000014756.5332   23.3441
    7.5000   15.0000   15.000013872.2402   23.3476
   -7.5000   22.5000   15.000013038.5732   23.4050
    0.0000   22.5000   15.000013519.6445   23.3980
    7.5000   22.5000   15.000012711.4951   23.4106
   -7.5000   30.0000   15.000011845.7539   23.1384
    0.0000   30.0000   15.000012301.8672   23.1375
    7.5000   30.0000   15.000011557.1816   23.1464
   -7.5000   37.5000   15.000011085.0488   23.1157
    0.0000   37.5000   15.000011509.0264   23.0969
    7.5000   37.5000   15.000010821.0811   23.0915
   -7.5000   45.0000   15.0000 9929.9336   22.5291
    0.0000   45.0000   15.000010339.8652   22.4909
    7.5000   45.0000   15.0000 9732.4775   22.4740
   -7.5000  -45.0000   22.5000 9743.3418   23.8991
    0.0000  -45.0000   22.500010131.8770   23.8597
    7.5000  -45.0000   22.5000 9684.7539   23.8380
   -7.5000  -37.5000   22.500010271.6309   23.8738
    0.0000  -37.5000   22.500010705.8359   23.8343
    7.5000  -37.5000   22.500010237.3584   23.8234
   -7.5000  -30.0000   22.500011315.5459   23.8855
    0.0000  -30.0000   22.500011836.1582   23.8600
    7.5000  -30.0000   22.500011268.7002   23.8670
   -7.5000  -22.5000   22.500012334.6553   23.9237
    0.0000  -22.5000   22.500012802.4199   23.9153
    7.5000  -22.5000   22.500012232.7441   23.9285
   -7.5000  -15.0000   22.500013021.4102   23.9513
    0.0000  -15.0000   22.500013427.4453   23.9461
    7.5000  -15.0000   22.500012920.9092   23.9508
   -7.5000   -7.5000   22.500013769.7393   23.9363
    0.0000   -7.5000   22.500014228.7275   23.9140
    7.5000   -7.5000   22.500013658.4336   23.9017
   -7.5000    0.0000   22.500014502.2754   23.8970
    0.0000    0.0000   22.500015002.3105   23.8575
    7.5000    0.0000   22.500014316.5947   23.8359
   -7.5000    7.5000   22.500013998.9951   23.8738
    0.0000    7.5000   22.500014468.7451   23.8343
    7.5000    7.5000   22.500013756.4727   23.8234
   -7.5000   15.0000   22.500013100.7969   23.8855
    0.0000   15.0000   22.500013581.4150   23.8600
    7.5000   15.0000   22.500012845.6357   23.8670
   -7.5000   22.5000   22.500012019.0332   23.9127
    0.0000   22.5000   22.500012474.7773   23.9042
    7.5000   22.5000   22.500011786.7773   23.9174
   -7.5000   30.0000   22.500010956.3740   23.6413
    0.0000   30.0000   22.500011369.2627   23.6362
    7.5000   30.0000   22.500010751.8262   23.6408
   -7.5000   37.5000   22.500010245.9922   23.6265
    0.0000   37.5000   22.500010634.8047   23.6045
    7.5000   37.5000   22.500010072.5957   23.5924
   -7.5000   45.0000   22.5000 9155.5361   23.0343
    0.0000   45.0000   22.5000 9524.2246   22.9963
    7.5000   45.0000   22.5000 9024.9492   22.9754
   -7.5000  -45.0000   30.0000 9081.4551   24.6916
    0.0000  -45.0000   30.0000 9461.4941   24.6523
    7.5000  -45.0000   30.0000 9028.9521   24.6170
   -7.5000  -37.5000   30.0000 9587.6768   24.6608
    0.0000  -37.5000   30.0000 9999.7852   24.6228
    7.5000  -37.5000   30.0000 9537.2295   24.6011
   -7.5000  -30.0000   30.000010528.6289   24.6717
    0.0000  -30.0000   30.000011001.7607   24.6476
    7.5000  -30.0000   30.000010468.6934   24.6456
   -7.5000  -22.5000   30.000011394.8691   24.7141
    0.0000  -22.5000   30.000011801.5244   24.7059
    7.5000  -22.5000   30.000011273.4912   24.7101
   -7.5000  -15.0000   30.000012044.1807   24.7467
    0.0000  -15.0000   30.000012457.4844   24.7401
    7.5000  -15.0000   30.000011912.2100   24.7335
   -7.5000   -7.5000   30.000012744.7539   24.7332
    0.0000   -7.5000   30.000013202.4980   24.7095
    7.5000   -7.5000   30.000012607.3232   24.6831
   -7.5000    0.0000   30.000013394.7979   24.6898
    0.0000    0.0000   30.000013870.0293   24.6505
    7.5000    0.0000   30.000013210.5791   24.6153
   -7.5000    7.5000   30.000012909.7686   24.6608
    0.0000    7.5000   30.000013364.9238   24.6228
    7.5000    7.5000   30.000012698.3340   24.6011
   -7.5000   15.0000   30.000012073.7158   24.6717
    0.0000   15.0000   30.000012546.4746   24.6476
    7.5000   15.0000   30.000011857.6406   24.6456
   -7.5000   22.5000   30.000011114.5547   24.7027
    0.0000   22.5000   30.000011536.5137   24.6945
    7.5000   22.5000   30.000010898.7305   24.6987
   -7.5000   30.0000   30.000010141.4795   24.4265
    0.0000   30.0000   30.000010532.3906   24.4199
    7.5000   30.0000   30.0000 9959.2988   24.4134
   -7.5000   37.5000   30.0000 9483.8047   24.4131
    0.0000   37.5000   30.0000 9846.4844   24.3897
    7.5000   37.5000   30.0000 9324.7373   24.3636
   -7.5000   45.0000   30.0000 8470.2695   23.7985
    0.0000   45.0000   30.0000 8818.2871   23.7607
    7.5000   45.0000   30.0000 8346.4277   23.7267
   -7.5000  -45.0000   37.5000 8835.7441   25.6389
    0.0000  -45.0000   37.5000 9196.4102   25.6056
    7.5000  -45.0000   37.5000 8742.8887   25.5669
   -7.5000  -37.5000   37.5000 9312.7656   25.6113
    0.0000  -37.5000   37.5000 9712.5557   25.5777
    7.5000  -37.5000   37.5000 9234.3604   25.5490
   -7.5000  -30.0000   37.500010183.3975   25.6368
    0.0000  -30.0000   37.500010634.7617   25.6158
    7.5000  -30.0000   37.500010099.6641   25.6070
   -7.5000  -22.5000   37.500010972.8887   25.6902
    0.0000  -22.5000   37.500011378.9971   25.6864
    7.5000  -22.5000   37.500010826.6826   25.6874
   -7.5000  -15.0000   37.500011627.0791   25.7201
    0.0000  -15.0000   37.500012052.8750   25.7204
    7.5000  -15.0000   37.500011455.0293   25.7140
   -7.5000   -7.5000   37.500012322.0000   25.6928
    0.0000   -7.5000   37.500012791.1768   25.6762
    7.5000   -7.5000   37.500012158.1416   25.6499
   -7.5000    0.0000   37.500012914.9482   25.6375
    0.0000    0.0000   37.500013398.3076   25.6042
    7.5000    0.0000   37.500012718.6895   25.5655
   -7.5000    7.5000   37.500012395.7188   25.6113
    0.0000    7.5000   37.500012866.3623   25.5777
    7.5000    7.5000   37.500012190.6318   25.5490
   -7.5000   15.0000   37.500011584.8311   25.6368
    0.0000   15.0000   37.500012070.3145   25.6158
    7.5000   15.0000   37.500011371.2012   25.6070
   -7.5000   22.5000   37.500010656.7646   25.6783
    0.0000   22.5000   37.500011087.8125   25.6746
    7.5000   22.5000   37.500010451.3271   25.6756
   -7.5000   30.0000   37.5000 9728.2070   25.3873
    0.0000   30.0000   37.500010106.9775   25.3875
    7.5000   30.0000   37.5000 9545.7627   25.3812
   -7.5000   37.5000   37.5000 9130.3057   25.3602
    0.0000   37.5000   37.5000 9467.7480   25.3439
    7.5000   37.5000   37.5000 8962.4248   25.3179
   -7.5000   45.0000   37.5000 8200.0498   24.7121
    0.0000   45.0000   37.5000 8504.0947   24.6800
    7.5000   45.0000   37.5000 8068.3149   24.6427
   -7.5000  -45.0000   45.0000 8220.5312   26.5938
    0.0000  -45.0000   45.0000 8566.6729   26.5604
    7.5000  -45.0000   45.0000 8128.2910   26.5368
   -7.5000  -37.5000   45.0000 8675.3740   26.5683
    0.0000  -37.5000   45.0000 9043.9258   26.5311
    7.5000  -37.5000   45.0000 8584.6338   26.5131
   -7.5000  -30.0000   45.0000 9450.9316   26.6108
    0.0000  -30.0000   45.0000 9857.9707   26.5887
    7.5000  -30.0000   45.0000 9345.4434   26.5903
   -7.5000  -22.5000   45.000010158.8203   26.6800
    0.0000  -22.5000   45.000010544.3555   26.6816
    7.5000  -22.5000   45.000010016.6162   26.6974
   -7.5000  -15.0000   45.000010756.5098   26.7100
    0.0000  -15.0000   45.000011177.0186   26.7201
    7.5000  -15.0000   45.000010599.4463   26.7331
   -7.5000   -7.5000   45.000011415.5459   26.6651
    0.0000   -7.5000   45.000011874.4346   26.6552
    7.5000   -7.5000   45.000011248.3398   26.6483
   -7.5000    0.0000   45.000011924.9531   26.5927
    0.0000    0.0000   45.000012398.2070   26.5593
    7.5000    0.0000   45.000011753.4150   26.5357
   -7.5000    7.5000   45.000011428.2920   26.5683
    0.0000    7.5000   45.000011876.9902   26.5311
    7.5000    7.5000   45.000011246.2852   26.5131
   -7.5000   15.0000   45.000010655.0566   26.6108
    0.0000   15.0000   45.000011092.1680   26.5887
    7.5000   15.0000   45.000010481.8906   26.5903
   -7.5000   22.5000   45.0000 9800.2744   26.6677
    0.0000   22.5000   45.000010197.7988   26.6692
    7.5000   22.5000   45.0000 9640.5508   26.6850
   -7.5000   30.0000   45.0000 8932.3467   26.3620
    0.0000   30.0000   45.0000 9291.9961   26.3720
    7.5000   30.0000   45.0000 8804.7061   26.3848
   -7.5000   37.5000   45.0000 8397.7207   26.3177
    0.0000   37.5000   45.0000 8708.9121   26.3080
    7.5000   37.5000   45.0000 8281.2168   26.3012
   -7.5000   45.0000   45.0000 7558.1929   25.6445
    0.0000   45.0000   45.0000 7824.4888   25.6123
    7.5000   45.0000   45.0000 7454.8257   25.5895

---------------------------------------------------------------------
imgreg_4dfp /usr/local/freesurfer/average/711-2C_as_mni_average_305 /usr/local/freesurfer/average/711-2B_as_mni_average_305_mask talsrcimg_g11 none talsrcimg_to_711-2C_as_mni_average_305_t4 4355
---------------------------------------------------------------------

freesurfer imgreg_4dfp.c
/usr/local/freesurfer/average/711-2C_as_mni_average_305.4dfp.img
       256       256       256         1
  1.000000  1.000000  1.000000
orientation T byte_order littleendian
Reading image: /usr/local/freesurfer/average/711-2C_as_mni_average_305.4dfp.img
dimensions:      256       256       256
mmppix:       1.0000   -1.0000   -1.0000
center:     128.0000 -129.0000 -129.0000
/usr/local/freesurfer/average/711-2B_as_mni_average_305_mask.4dfp.img
       256       256       256         1
  1.000000  1.000000  1.000000
orientation T byte_order littleendian
Reading mask: /usr/local/freesurfer/average/711-2B_as_mni_average_305_mask.4dfp.img (2306576 pixels)
talsrcimg_g11.4dfp.img
       256       256       256         1
  1.000000  1.000000  1.000000
orientation T byte_order littleendian
Reading image: talsrcimg_g11.4dfp.img
dimensions:      256       256       256
mmppix:       1.0000   -1.0000   -1.0000
center:     128.0000 -129.0000 -129.0000
rotation matrix determinant  1.000000
image alignment mode   4355 decimal     1103 hex
   -7.5000  -45.0000  -45.0000 2399.9155   23.0428
    0.0000  -45.0000  -45.0000 2404.5308   22.8876
    7.5000  -45.0000  -45.0000 2379.7952   23.0148
   -7.5000  -37.5000  -45.0000 2472.0679   21.5594
    0.0000  -37.5000  -45.0000 2476.1821   21.4286
    7.5000  -37.5000  -45.0000 2447.2959   21.5220
   -7.5000  -30.0000  -45.0000 2503.4534   20.3515
    0.0000  -30.0000  -45.0000 2509.9543   20.2751
    7.5000  -30.0000  -45.0000 2488.1711   20.4375
   -7.5000  -22.5000  -45.0000 2523.9485   19.5217
    0.0000  -22.5000  -45.0000 2530.1160   19.4767
    7.5000  -22.5000  -45.0000 2513.2051   19.6710
   -7.5000  -15.0000  -45.0000 2526.0173   19.0072
    0.0000  -15.0000  -45.0000 2529.7627   19.0125
    7.5000  -15.0000  -45.0000 2520.2007   19.2748
   -7.5000   -7.5000  -45.0000 2532.1213   19.0194
    0.0000   -7.5000  -45.0000 2544.1567   19.0630
    7.5000   -7.5000  -45.0000 2526.6426   19.2847
   -7.5000    0.0000  -45.0000 2514.5540   19.3476
    0.0000    0.0000  -45.0000 2532.8076   19.4242
    7.5000    0.0000  -45.0000 2505.9158   19.5789
   -7.5000    7.5000  -45.0000 2485.1772   20.0133
    0.0000    7.5000  -45.0000 2506.7625   20.1053
    7.5000    7.5000  -45.0000 2470.9304   20.2054
   -7.5000   15.0000  -45.0000 2431.3174   21.0473
    0.0000   15.0000  -45.0000 2450.8623   21.1783
    7.5000   15.0000  -45.0000 2417.6111   21.2884
   -7.5000   22.5000  -45.0000 2361.5935   22.5477
    0.0000   22.5000  -45.0000 2381.5857   22.7047
    7.5000   22.5000  -45.0000 2346.5840   22.9147
   -7.5000   30.0000  -45.0000 2270.7939   24.5319
    0.0000   30.0000  -45.0000 2282.9536   24.6820
    7.5000   30.0000  -45.0000 2249.7688   24.9217
   -7.5000   37.5000  -45.0000 2154.9734   27.0693
    0.0000   37.5000  -45.0000 2164.6721   27.1676
    7.5000   37.5000  -45.0000 2139.1592   27.3784
   -7.5000   45.0000  -45.0000 2031.4661   30.1602
    0.0000   45.0000  -45.0000 2038.6272   30.2135
    7.5000   45.0000  -45.0000 2012.8700   30.4467
   -7.5000  -45.0000  -37.5000 2467.8599   21.9770
    0.0000  -45.0000  -37.5000 2469.2861   21.7570
    7.5000  -45.0000  -37.5000 2441.4966   21.9480
   -7.5000  -37.5000  -37.5000 2531.3267   20.5100
    0.0000  -37.5000  -37.5000 2536.2407   20.3453
    7.5000  -37.5000  -37.5000 2511.0928   20.4858
   -7.5000  -30.0000  -37.5000 2565.9006   19.3992
    0.0000  -30.0000  -37.5000 2573.4072   19.2719
    7.5000  -30.0000  -37.5000 2558.1382   19.4451
   -7.5000  -22.5000  -37.5000 2589.3760   18.5615
    0.0000  -22.5000  -37.5000 2594.7600   18.4677
    7.5000  -22.5000  -37.5000 2579.4531   18.6894
   -7.5000  -15.0000  -37.5000 2594.4121   17.9795
    0.0000  -15.0000  -37.5000 2602.5779   18.0036
    7.5000  -15.0000  -37.5000 2589.3250   18.2598
   -7.5000   -7.5000  -37.5000 2601.9106   17.9649
    0.0000   -7.5000  -37.5000 2618.8955   18.0529
    7.5000   -7.5000  -37.5000 2598.5508   18.2589
   -7.5000    0.0000  -37.5000 2593.0188   18.2547
    0.0000    0.0000  -37.5000 2609.5022   18.3099
    7.5000    0.0000  -37.5000 2582.4504   18.5238
   -7.5000    7.5000  -37.5000 2561.9661   18.8729
    0.0000    7.5000  -37.5000 2580.2068   18.9040
    7.5000    7.5000  -37.5000 2547.8999   19.1324
   -7.5000   15.0000  -37.5000 2500.9329   19.8510
    0.0000   15.0000  -37.5000 2524.0364   19.9326
    7.5000   15.0000  -37.5000 2496.7139   20.1124
   -7.5000   22.5000  -37.5000 2429.1553   21.2799
    0.0000   22.5000  -37.5000 2450.3350   21.4062
    7.5000   22.5000  -37.5000 2421.3945   21.6625
   -7.5000   30.0000  -37.5000 2337.6350   23.1487
    0.0000   30.0000  -37.5000 2353.8938   23.2969
    7.5000   30.0000  -37.5000 2321.6245   23.5517
   -7.5000   37.5000  -37.5000 2224.0015   25.5177
    0.0000   37.5000  -37.5000 2237.9661   25.6341
    7.5000   37.5000  -37.5000 2205.8818   25.8399
   -7.5000   45.0000  -37.5000 2083.1301   28.4657
    0.0000   45.0000  -37.5000 2095.3801   28.5014
    7.5000   45.0000  -37.5000 2069.2061   28.7472
   -7.5000  -45.0000  -30.0000 2560.4258   21.6605
    0.0000  -45.0000  -30.0000 2562.8679   21.4535
    7.5000  -45.0000  -30.0000 2545.0962   21.6529
   -7.5000  -37.5000  -30.0000 2622.9590   20.1595
    0.0000  -37.5000  -30.0000 2632.5950   20.0041
    7.5000  -37.5000  -30.0000 2619.6863   20.2298
   -7.5000  -30.0000  -30.0000 2665.2544   19.0573
    0.0000  -30.0000  -30.0000 2679.6060   18.9561
    7.5000  -30.0000  -30.0000 2667.0842   19.1658
   -7.5000  -22.5000  -30.0000 2696.3472   18.2375
    0.0000  -22.5000  -30.0000 2710.3088   18.1646
    7.5000  -22.5000  -30.0000 2691.1025   18.4276
   -7.5000  -15.0000  -30.0000 2697.3196   17.5456
    0.0000  -15.0000  -30.0000 2709.3801   17.5564
    7.5000  -15.0000  -30.0000 2699.7766   17.8936
   -7.5000   -7.5000  -30.0000 2709.6487   17.4852
    0.0000   -7.5000  -30.0000 2724.7986   17.5193
    7.5000   -7.5000  -30.0000 2711.4932   17.8558
   -7.5000    0.0000  -30.0000 2698.1099   17.8187
    0.0000    0.0000  -30.0000 2714.5139   17.8174
    7.5000    0.0000  -30.0000 2697.2678   18.1119
   -7.5000    7.5000  -30.0000 2668.7412   18.4463
    0.0000    7.5000  -30.0000 2687.2815   18.4267
    7.5000    7.5000  -30.0000 2666.1084   18.7323
   -7.5000   15.0000  -30.0000 2609.7004   19.4170
    0.0000   15.0000  -30.0000 2630.4590   19.4456
    7.5000   15.0000  -30.0000 2613.5454   19.7050
   -7.5000   22.5000  -30.0000 2534.0776   20.8288
    0.0000   22.5000  -30.0000 2550.5991   20.9087
    7.5000   22.5000  -30.0000 2530.1282   21.1906
   -7.5000   30.0000  -30.0000 2436.2080   22.7522
    0.0000   30.0000  -30.0000 2454.3438   22.8579
    7.5000   30.0000  -30.0000 2430.1091   23.1450
   -7.5000   37.5000  -30.0000 2319.8936   25.0842
    0.0000   37.5000  -30.0000 2335.0308   25.1839
    7.5000   37.5000  -30.0000 2313.3008   25.4228
   -7.5000   45.0000  -30.0000 2172.0066   28.0019
    0.0000   45.0000  -30.0000 2184.1177   28.0310
    7.5000   45.0000  -30.0000 2160.5947   28.3526
   -7.5000  -45.0000  -22.5000 2607.9419   21.2573
    0.0000  -45.0000  -22.5000 2622.7229   21.1052
    7.5000  -45.0000  -22.5000 2602.1160   21.2925
   -7.5000  -37.5000  -22.5000 2681.4094   19.8120
    0.0000  -37.5000  -22.5000 2696.1418   19.6419
    7.5000  -37.5000  -22.5000 2687.2961   19.9282
   -7.5000  -30.0000  -22.5000 2731.0452   18.7185
    0.0000  -30.0000  -22.5000 2753.1316   18.5872
    7.5000  -30.0000  -22.5000 2748.1421   18.9024
   -7.5000  -22.5000  -22.5000 2771.2107   17.9071
    0.0000  -22.5000  -22.5000 2794.2366   17.8326
    7.5000  -22.5000  -22.5000 2780.3994   18.1679
   -7.5000  -15.0000  -22.5000 2770.0720   17.1306
    0.0000  -15.0000  -22.5000 2786.5781   17.1103
    7.5000  -15.0000  -22.5000 2781.6089   17.5768
   -7.5000   -7.5000  -22.5000 2779.0811   16.9505
    0.0000   -7.5000  -22.5000 2790.9119   16.8808
    7.5000   -7.5000  -22.5000 2784.3696   17.3699
   -7.5000    0.0000  -22.5000 2763.7654   17.3068
    0.0000    0.0000  -22.5000 2781.7996   17.2186
    7.5000    0.0000  -22.5000 2769.2358   17.5899
   -7.5000    7.5000  -22.5000 2734.0088   17.9765
    0.0000    7.5000  -22.5000 2756.9592   17.9154
    7.5000    7.5000  -22.5000 2742.0471   18.2802
   -7.5000   15.0000  -22.5000 2671.5129   18.9729
    0.0000   15.0000  -22.5000 2697.5845   18.9844
    7.5000   15.0000  -22.5000 2688.0576   19.3566
   -7.5000   22.5000  -22.5000 2598.4487   20.4077
    0.0000   22.5000  -22.5000 2621.3857   20.4819
    7.5000   22.5000  -22.5000 2607.4312   20.8926
   -7.5000   30.0000  -22.5000 2506.0898   22.2816
    0.0000   30.0000  -22.5000 2529.7041   22.3729
    7.5000   30.0000  -22.5000 2507.6760   22.7624
   -7.5000   37.5000  -22.5000 2388.6274   24.5758
    0.0000   37.5000  -22.5000 2409.3821   24.6601
    7.5000   37.5000  -22.5000 2386.0623   25.0061
   -7.5000   45.0000  -22.5000 2233.3169   27.3946
    0.0000   45.0000  -22.5000 2249.6731   27.4712
    7.5000   45.0000  -22.5000 2223.3638   27.8231
   -7.5000  -45.0000  -15.0000 2618.6147   21.0839
    0.0000  -45.0000  -15.0000 2632.3655   20.9023
    7.5000  -45.0000  -15.0000 2620.7742   21.1572
   -7.5000  -37.5000  -15.0000 2702.2324   19.6846
    0.0000  -37.5000  -15.0000 2719.8198   19.5052
    7.5000  -37.5000  -15.0000 2709.3735   19.7630
   -7.5000  -30.0000  -15.0000 2771.2786   18.6395
    0.0000  -30.0000  -15.0000 2793.9324   18.5034
    7.5000  -30.0000  -15.0000 2778.5483   18.7039
   -7.5000  -22.5000  -15.0000 2819.6643   17.8506
    0.0000  -22.5000  -15.0000 2846.4800   17.7687
    7.5000  -22.5000  -15.0000 2824.0366   17.9719
   -7.5000  -15.0000  -15.0000 2833.9541   17.1224
    0.0000  -15.0000  -15.0000 2852.3821   17.0609
    7.5000  -15.0000  -15.0000 2835.8159   17.4519
   -7.5000   -7.5000  -15.0000 2817.3057   16.6579
    0.0000   -7.5000  -15.0000 2829.6575   16.5767
    7.5000   -7.5000  -15.0000 2824.8970   17.1478
   -7.5000    0.0000  -15.0000 2791.2222   16.9352
    0.0000    0.0000  -15.0000 2808.6165   16.8294
    7.5000    0.0000  -15.0000 2797.0374   17.2696
   -7.5000    7.5000  -15.0000 2765.6606   17.6679
    0.0000    7.5000  -15.0000 2790.0049   17.6177
    7.5000    7.5000  -15.0000 2772.2844   17.9811
   -7.5000   15.0000  -15.0000 2717.1296   18.7894
    0.0000   15.0000  -15.0000 2739.2231   18.7530
    7.5000   15.0000  -15.0000 2720.6646   19.1092
   -7.5000   22.5000  -15.0000 2645.9922   20.2545
    0.0000   22.5000  -15.0000 2663.6284   20.2380
    7.5000   22.5000  -15.0000 2639.2349   20.5787
   -7.5000   30.0000  -15.0000 2549.3745   22.1375
    0.0000   30.0000  -15.0000 2566.0850   22.1405
    7.5000   30.0000  -15.0000 2539.7461   22.4659
   -7.5000   37.5000  -15.0000 2433.2385   24.4104
    0.0000   37.5000  -15.0000 2450.4680   24.4227
    7.5000   37.5000  -15.0000 2425.1411   24.7286
   -7.5000   45.0000  -15.0000 2272.5215   27.1628
    0.0000   45.0000  -15.0000 2288.8325   27.1890
    7.5000   45.0000  -15.0000 2270.5583   27.4900
   -7.5000  -45.0000   -7.5000 2611.1277   21.0771
    0.0000  -45.0000   -7.5000 2632.1265   21.0655
    7.5000  -45.0000   -7.5000 2618.6885   21.2492
   -7.5000  -37.5000   -7.5000 2702.6484   19.6618
    0.0000  -37.5000   -7.5000 2728.8645   19.6014
    7.5000  -37.5000   -7.5000 2713.0715   19.7723
   -7.5000  -30.0000   -7.5000 2783.9338   18.6691
    0.0000  -30.0000   -7.5000 2815.2793   18.5917
    7.5000  -30.0000   -7.5000 2790.2522   18.6988
   -7.5000  -22.5000   -7.5000 2849.3743   18.0198
    0.0000  -22.5000   -7.5000 2887.2585   17.9682
    7.5000  -22.5000   -7.5000 2849.3340   18.0032
   -7.5000  -15.0000   -7.5000 2888.0562   17.4897
    0.0000  -15.0000   -7.5000 2923.7148   17.5105
    7.5000  -15.0000   -7.5000 2875.6421   17.5519
   -7.5000   -7.5000   -7.5000 2878.1809   17.0662
    0.0000   -7.5000   -7.5000 2898.3630   17.0242
    7.5000   -7.5000   -7.5000 2865.5681   17.3141
   -7.5000    0.0000   -7.5000 2828.9150   17.1148
    0.0000    0.0000   -7.5000 2849.2595   17.0696
    7.5000    0.0000   -7.5000 2815.6863   17.2887
   -7.5000    7.5000   -7.5000 2797.0388   17.7001
    0.0000    7.5000   -7.5000 2813.2954   17.5982
    7.5000    7.5000   -7.5000 2782.0811   17.8334
   -7.5000   15.0000   -7.5000 2742.3796   18.7517
    0.0000   15.0000   -7.5000 2752.1628   18.6260
    7.5000   15.0000   -7.5000 2728.6653   18.9021
   -7.5000   22.5000   -7.5000 2663.7466   20.2356
    0.0000   22.5000   -7.5000 2681.8379   20.1846
    7.5000   22.5000   -7.5000 2647.4277   20.4397
   -7.5000   30.0000   -7.5000 2567.8088   22.1004
    0.0000   30.0000   -7.5000 2583.1902   22.1559
    7.5000   30.0000   -7.5000 2548.7700   22.3392
   -7.5000   37.5000   -7.5000 2451.0527   24.3454
    0.0000   37.5000   -7.5000 2469.3250   24.4340
    7.5000   37.5000   -7.5000 2434.3044   24.5565
   -7.5000   45.0000   -7.5000 2290.7131   27.0345
    0.0000   45.0000   -7.5000 2310.2400   27.1254
    7.5000   45.0000   -7.5000 2280.3584   27.1864
   -7.5000  -45.0000    0.0000 2596.5083   21.2451
    0.0000  -45.0000    0.0000 2617.6887   21.3032
    7.5000  -45.0000    0.0000 2614.4053   21.5815
   -7.5000  -37.5000    0.0000 2698.8806   19.8696
    0.0000  -37.5000    0.0000 2719.2783   19.8756
    7.5000  -37.5000    0.0000 2708.7778   20.0302
   -7.5000  -30.0000    0.0000 2791.1362   18.9731
    0.0000  -30.0000    0.0000 2814.6680   18.9395
    7.5000  -30.0000    0.0000 2788.7632   18.9750
   -7.5000  -22.5000    0.0000 2881.0740   18.4373
    0.0000  -22.5000    0.0000 2912.4023   18.4582
    7.5000  -22.5000    0.0000 2851.5200   18.3230
   -7.5000  -15.0000    0.0000 2933.9045   18.0231
    0.0000  -15.0000    0.0000 2974.6133   18.1483
    7.5000  -15.0000    0.0000 2881.0266   17.9447
   -7.5000   -7.5000    0.0000 2935.3508   17.7206
    0.0000   -7.5000    0.0000 2964.8899   17.7118
    7.5000   -7.5000    0.0000 2875.7756   17.6624
   -7.5000    0.0000    0.0000 2878.6709   17.7015
    0.0000    0.0000    0.0000 2901.2151   17.6157
    7.5000    0.0000    0.0000 2829.7834   17.6368
   -7.5000    7.5000    0.0000 2813.0608   18.1008
    0.0000    7.5000    0.0000 2831.2830   17.9665
    7.5000    7.5000    0.0000 2787.2935   18.1621
   -7.5000   15.0000    0.0000 2729.2812   19.0275
    0.0000   15.0000    0.0000 2742.2832   18.9405
    7.5000   15.0000    0.0000 2723.4368   19.1780
   -7.5000   22.5000    0.0000 2647.7932   20.4045
    0.0000   22.5000    0.0000 2660.4309   20.3654
    7.5000   22.5000    0.0000 2639.9573   20.6265
   -7.5000   30.0000    0.0000 2555.4067   22.2208
    0.0000   30.0000    0.0000 2569.0344   22.2330
    7.5000   30.0000    0.0000 2543.3164   22.4524
   -7.5000   37.5000    0.0000 2443.0359   24.4334
    0.0000   37.5000    0.0000 2457.2122   24.5289
    7.5000   37.5000    0.0000 2428.9756   24.7132
   -7.5000   45.0000    0.0000 2292.4727   27.1903
    0.0000   45.0000    0.0000 2310.3779   27.2487
    7.5000   45.0000    0.0000 2280.1711   27.3883
   -7.5000  -45.0000    7.5000 2589.6892   21.8426
    0.0000  -45.0000    7.5000 2604.2620   21.8296
    7.5000  -45.0000    7.5000 2595.0364   22.0921
   -7.5000  -37.5000    7.5000 2695.0398   20.4473
    0.0000  -37.5000    7.5000 2710.8831   20.4221
    7.5000  -37.5000    7.5000 2692.8025   20.5655
   -7.5000  -30.0000    7.5000 2789.5703   19.5179
    0.0000  -30.0000    7.5000 2807.1338   19.4794
    7.5000  -30.0000    7.5000 2780.1057   19.5577
   -7.5000  -22.5000    7.5000 2873.2473   18.9450
    0.0000  -22.5000    7.5000 2896.1470   18.8951
    7.5000  -22.5000    7.5000 2850.5513   18.9306
   -7.5000  -15.0000    7.5000 2914.1890   18.3629
    0.0000  -15.0000    7.5000 2945.6704   18.3170
    7.5000  -15.0000    7.5000 2883.1399   18.4937
   -7.5000   -7.5000    7.5000 2914.3525   17.9392
    0.0000   -7.5000    7.5000 2932.6545   17.7588
    7.5000   -7.5000    7.5000 2877.9126   18.0877
   -7.5000    0.0000    7.5000 2872.8516   18.0512
    0.0000    0.0000    7.5000 2889.9390   17.8609
    7.5000    0.0000    7.5000 2834.7253   18.1162
   -7.5000    7.5000    7.5000 2823.6550   18.7147
    0.0000    7.5000    7.5000 2845.4968   18.5882
    7.5000    7.5000    7.5000 2796.7104   18.7506
   -7.5000   15.0000    7.5000 2740.9275   19.8614
    0.0000   15.0000    7.5000 2760.5242   19.7987
    7.5000   15.0000    7.5000 2724.3496   19.9249
   -7.5000   22.5000    7.5000 2645.7124   21.2647
    0.0000   22.5000    7.5000 2659.0684   21.2830
    7.5000   22.5000    7.5000 2630.3792   21.4226
   -7.5000   30.0000    7.5000 2540.8474   22.9841
    0.0000   30.0000    7.5000 2553.6633   23.0288
    7.5000   30.0000    7.5000 2527.7998   23.1899
   -7.5000   37.5000    7.5000 2424.9297   25.0096
    0.0000   37.5000    7.5000 2437.2556   25.0956
    7.5000   37.5000    7.5000 2411.2119   25.2292
   -7.5000   45.0000    7.5000 2273.2881   27.6368
    0.0000   45.0000    7.5000 2292.3335   27.6969
    7.5000   45.0000    7.5000 2266.4854   27.8594
   -7.5000  -45.0000   15.0000 2561.5972   22.5605
    0.0000  -45.0000   15.0000 2575.1067   22.5182
    7.5000  -45.0000   15.0000 2566.1086   22.9289
   -7.5000  -37.5000   15.0000 2660.8962   21.0173
    0.0000  -37.5000   15.0000 2674.7522   20.9799
    7.5000  -37.5000   15.0000 2666.3342   21.3456
   -7.5000  -30.0000   15.0000 2747.4849   19.9903
    0.0000  -30.0000   15.0000 2762.9941   19.9017
    7.5000  -30.0000   15.0000 2757.0605   20.2481
   -7.5000  -22.5000   15.0000 2824.2720   19.3137
    0.0000  -22.5000   15.0000 2841.6096   19.2195
    7.5000  -22.5000   15.0000 2822.9814   19.5603
   -7.5000  -15.0000   15.0000 2857.7224   18.7088
    0.0000  -15.0000   15.0000 2878.0366   18.5734
    7.5000  -15.0000   15.0000 2850.7737   19.0286
   -7.5000   -7.5000   15.0000 2861.1648   18.4172
    0.0000   -7.5000   15.0000 2873.4412   18.1548
    7.5000   -7.5000   15.0000 2851.9949   18.6949
   -7.5000    0.0000   15.0000 2835.9819   18.6504
    0.0000    0.0000   15.0000 2855.0903   18.4668
    7.5000    0.0000   15.0000 2815.3367   18.8031
   -7.5000    7.5000   15.0000 2801.6750   19.3815
    0.0000    7.5000   15.0000 2819.0112   19.2570
    7.5000    7.5000   15.0000 2779.9524   19.5090
   -7.5000   15.0000   15.0000 2727.5840   20.5791
    0.0000   15.0000   15.0000 2743.7856   20.4659
    7.5000   15.0000   15.0000 2708.7903   20.6569
   -7.5000   22.5000   15.0000 2625.9189   22.1390
    0.0000   22.5000   15.0000 2643.9607   22.1625
    7.5000   22.5000   15.0000 2613.8794   22.2714
   -7.5000   30.0000   15.0000 2520.0403   24.0079
    0.0000   30.0000   15.0000 2534.7454   24.0193
    7.5000   30.0000   15.0000 2503.5674   24.1446
   -7.5000   37.5000   15.0000 2397.1875   26.0602
    0.0000   37.5000   15.0000 2407.8562   26.1263
    7.5000   37.5000   15.0000 2379.7402   26.2153
   -7.5000   45.0000   15.0000 2242.3005   28.6251
    0.0000   45.0000   15.0000 2257.1150   28.6924
    7.5000   45.0000   15.0000 2232.0549   28.7615
   -7.5000  -45.0000   22.5000 2514.6545   23.3484
    0.0000  -45.0000   22.5000 2528.8191   23.2650
    7.5000  -45.0000   22.5000 2521.2837   23.8783
   -7.5000  -37.5000   22.5000 2607.7410   21.7672
    0.0000  -37.5000   22.5000 2623.0212   21.6759
    7.5000  -37.5000   22.5000 2618.1614   22.2256
   -7.5000  -30.0000   22.5000 2693.6555   20.6444
    0.0000  -30.0000   22.5000 2706.8408   20.5525
    7.5000  -30.0000   22.5000 2705.2156   21.0131
   -7.5000  -22.5000   22.5000 2762.0991   19.8963
    0.0000  -22.5000   22.5000 2780.4634   19.7826
    7.5000  -22.5000   22.5000 2768.1113   20.2273
   -7.5000  -15.0000   22.5000 2786.0212   19.2490
    0.0000  -15.0000   22.5000 2794.7073   19.0315
    7.5000  -15.0000   22.5000 2791.1260   19.6549
   -7.5000   -7.5000   22.5000 2791.7212   19.1371
    0.0000   -7.5000   22.5000 2805.2646   18.9192
    7.5000   -7.5000   22.5000 2793.7607   19.4319
   -7.5000    0.0000   22.5000 2783.3816   19.4808
    0.0000    0.0000   22.5000 2799.4180   19.2702
    7.5000    0.0000   22.5000 2774.3564   19.6631
   -7.5000    7.5000   22.5000 2749.6975   20.2292
    0.0000    7.5000   22.5000 2766.0625   20.0691
    7.5000    7.5000   22.5000 2735.9187   20.4141
   -7.5000   15.0000   22.5000 2687.7915   21.4101
    0.0000   15.0000   22.5000 2708.2878   21.2950
    7.5000   15.0000   22.5000 2670.5139   21.5729
   -7.5000   22.5000   22.5000 2593.7512   22.9762
    0.0000   22.5000   22.5000 2617.0623   22.9671
    7.5000   22.5000   22.5000 2585.3186   23.1598
   -7.5000   30.0000   22.5000 2492.2344   24.9541
    0.0000   30.0000   22.5000 2507.0696   24.9880
    7.5000   30.0000   22.5000 2482.7188   25.1001
   -7.5000   37.5000   22.5000 2357.1467   27.2014
    0.0000   37.5000   22.5000 2370.4719   27.2300
    7.5000   37.5000   22.5000 2349.6960   27.2918
   -7.5000   45.0000   22.5000 2198.9883   29.7890
    0.0000   45.0000   22.5000 2215.4583   29.8360
    7.5000   45.0000   22.5000 2190.6436   29.9247
   -7.5000  -45.0000   30.0000 2461.5161   24.4229
    0.0000  -45.0000   30.0000 2477.3884   24.3439
    7.5000  -45.0000   30.0000 2469.1702   25.0478
   -7.5000  -37.5000   30.0000 2553.1096   22.7724
    0.0000  -37.5000   30.0000 2570.6880   22.6929
    7.5000  -37.5000   30.0000 2563.6943   23.2860
   -7.5000  -30.0000   30.0000 2630.0930   21.6283
    0.0000  -30.0000   30.0000 2646.5435   21.5517
    7.5000  -30.0000   30.0000 2637.9104   22.0286
   -7.5000  -22.5000   30.0000 2687.7773   20.7713
    0.0000  -22.5000   30.0000 2702.5884   20.6255
    7.5000  -22.5000   30.0000 2690.6365   21.1472
   -7.5000  -15.0000   30.0000 2708.4001   20.1265
    0.0000  -15.0000   30.0000 2722.6335   20.0047
    7.5000  -15.0000   30.0000 2711.4836   20.5466
   -7.5000   -7.5000   30.0000 2714.3022   20.1501
    0.0000   -7.5000   30.0000 2732.8186   19.9768
    7.5000   -7.5000   30.0000 2719.0413   20.4317
   -7.5000    0.0000   30.0000 2704.9312   20.5345
    0.0000    0.0000   30.0000 2723.0137   20.3734
    7.5000    0.0000   30.0000 2704.6531   20.7459
   -7.5000    7.5000   30.0000 2680.3899   21.2680
    0.0000    7.5000   30.0000 2697.7659   21.1190
    7.5000    7.5000   30.0000 2674.7734   21.4873
   -7.5000   15.0000   30.0000 2625.8647   22.3659
    0.0000   15.0000   30.0000 2649.5129   22.2659
    7.5000   15.0000   30.0000 2616.6270   22.6322
   -7.5000   22.5000   30.0000 2546.1453   23.9370
    0.0000   22.5000   30.0000 2565.5681   23.9432
    7.5000   22.5000   30.0000 2534.8938   24.2023
   -7.5000   30.0000   30.0000 2446.9021   25.9708
    0.0000   30.0000   30.0000 2463.1602   26.0664
    7.5000   30.0000   30.0000 2438.1848   26.2612
   -7.5000   37.5000   30.0000 2311.3699   28.3427
    0.0000   37.5000   30.0000 2323.1990   28.4332
    7.5000   37.5000   30.0000 2303.5740   28.5498
   -7.5000   45.0000   30.0000 2154.4773   31.1890
    0.0000   45.0000   30.0000 2173.8076   31.1984
    7.5000   45.0000   30.0000 2148.0349   31.3530
   -7.5000  -45.0000   37.5000 2408.0613   25.7827
    0.0000  -45.0000   37.5000 2424.7556   25.7303
    7.5000  -45.0000   37.5000 2411.9121   26.4671
   -7.5000  -37.5000   37.5000 2489.3733   24.1150
    0.0000  -37.5000   37.5000 2509.4634   24.0311
    7.5000  -37.5000   37.5000 2499.9441   24.6222
   -7.5000  -30.0000   37.5000 2558.2104   22.8992
    0.0000  -30.0000   37.5000 2576.5911   22.7798
    7.5000  -30.0000   37.5000 2563.9521   23.3147
   -7.5000  -22.5000   37.5000 2605.6372   21.9863
    0.0000  -22.5000   37.5000 2623.5137   21.8453
    7.5000  -22.5000   37.5000 2606.3301   22.3788
   -7.5000  -15.0000   37.5000 2631.0713   21.4267
    0.0000  -15.0000   37.5000 2647.1887   21.3629
    7.5000  -15.0000   37.5000 2630.5237   21.8028
   -7.5000   -7.5000   37.5000 2639.7478   21.4801
    0.0000   -7.5000   37.5000 2662.1614   21.3754
    7.5000   -7.5000   37.5000 2647.7373   21.7528
   -7.5000    0.0000   37.5000 2629.3279   21.8863
    0.0000    0.0000   37.5000 2650.0789   21.7627
    7.5000    0.0000   37.5000 2635.6116   22.1066
   -7.5000    7.5000   37.5000 2605.9727   22.6085
    0.0000    7.5000   37.5000 2627.0496   22.5146
    7.5000    7.5000   37.5000 2605.6150   22.8438
   -7.5000   15.0000   37.5000 2560.6887   23.6257
    0.0000   15.0000   37.5000 2590.6306   23.5563
    7.5000   15.0000   37.5000 2558.2656   23.8994
   -7.5000   22.5000   37.5000 2487.6738   25.1437
    0.0000   22.5000   37.5000 2511.8994   25.1054
    7.5000   22.5000   37.5000 2482.0107   25.4147
   -7.5000   30.0000   37.5000 2388.6013   27.2774
    0.0000   30.0000   37.5000 2403.8816   27.3404
    7.5000   30.0000   37.5000 2384.2251   27.6022
   -7.5000   37.5000   37.5000 2257.9778   29.8069
    0.0000   37.5000   37.5000 2269.2759   29.9351
    7.5000   37.5000   37.5000 2250.9944   30.0446
   -7.5000   45.0000   37.5000 2115.8096   32.7894
    0.0000   45.0000   37.5000 2127.5947   32.8080
    7.5000   45.0000   37.5000 2109.6423   32.9537
   -7.5000  -45.0000   45.0000 2342.8411   27.5819
    0.0000  -45.0000   45.0000 2363.4082   27.4681
    7.5000  -45.0000   45.0000 2352.1763   28.1614
   -7.5000  -37.5000   45.0000 2423.2788   25.7825
    0.0000  -37.5000   45.0000 2446.4187   25.6661
    7.5000  -37.5000   45.0000 2436.0212   26.2557
   -7.5000  -30.0000   45.0000 2483.5386   24.5008
    0.0000  -30.0000   45.0000 2505.6584   24.3492
    7.5000  -30.0000   45.0000 2491.2812   24.8511
   -7.5000  -22.5000   45.0000 2524.6292   23.5522
    0.0000  -22.5000   45.0000 2545.4641   23.4504
    7.5000  -22.5000   45.0000 2528.4050   23.9164
   -7.5000  -15.0000   45.0000 2542.4055   23.0238
    0.0000  -15.0000   45.0000 2560.3296   22.9708
    7.5000  -15.0000   45.0000 2545.3323   23.3639
   -7.5000   -7.5000   45.0000 2558.2605   23.1079
    0.0000   -7.5000   45.0000 2579.8743   23.0342
    7.5000   -7.5000   45.0000 2561.3999   23.3593
   -7.5000    0.0000   45.0000 2549.4797   23.4961
    0.0000    0.0000   45.0000 2569.8596   23.4545
    7.5000    0.0000   45.0000 2554.4460   23.7507
   -7.5000    7.5000   45.0000 2529.7832   24.2183
    0.0000    7.5000   45.0000 2548.5835   24.1718
    7.5000    7.5000   45.0000 2528.7507   24.4641
   -7.5000   15.0000   45.0000 2486.6060   25.2187
    0.0000   15.0000   45.0000 2513.4944   25.1594
    7.5000   15.0000   45.0000 2488.2129   25.5188
   -7.5000   22.5000   45.0000 2420.1252   26.8137
    0.0000   22.5000   45.0000 2442.0491   26.6999
    7.5000   22.5000   45.0000 2417.4985   27.0613
   -7.5000   30.0000   45.0000 2316.2219   28.9200
    0.0000   30.0000   45.0000 2334.9451   28.9569
    7.5000   30.0000   45.0000 2318.5452   29.2879
   -7.5000   37.5000   45.0000 2195.3926   31.5944
    0.0000   37.5000   45.0000 2204.5996   31.6141
    7.5000   37.5000   45.0000 2187.8501   31.9000
   -7.5000   45.0000   45.0000 2066.2932   34.6844
    0.0000   45.0000   45.0000 2069.8311   34.6136
    7.5000   45.0000   45.0000 2055.5759   34.8667

---------------------------------------------------------------------
imgreg_4dfp /usr/local/freesurfer/average/711-2C_as_mni_average_305 /usr/local/freesurfer/average/711-2B_as_mni_average_305_mask talsrcimg_g11 none talsrcimg_to_711-2C_as_mni_average_305_t4 1283
---------------------------------------------------------------------

freesurfer imgreg_4dfp.c
/usr/local/freesurfer/average/711-2C_as_mni_average_305.4dfp.img
       256       256       256         1
  1.000000  1.000000  1.000000
orientation T byte_order littleendian
Reading image: /usr/local/freesurfer/average/711-2C_as_mni_average_305.4dfp.img
dimensions:      256       256       256
mmppix:       1.0000   -1.0000   -1.0000
center:     128.0000 -129.0000 -129.0000
/usr/local/freesurfer/average/711-2B_as_mni_average_305_mask.4dfp.img
       256       256       256         1
  1.000000  1.000000  1.000000
orientation T byte_order littleendian
Reading mask: /usr/local/freesurfer/average/711-2B_as_mni_average_305_mask.4dfp.img (2306576 pixels)
talsrcimg_g11.4dfp.img
       256       256       256         1
  1.000000  1.000000  1.000000
orientation T byte_order littleendian
Reading image: talsrcimg_g11.4dfp.img
dimensions:      256       256       256
mmppix:       1.0000   -1.0000   -1.0000
center:     128.0000 -129.0000 -129.0000
rotation matrix determinant  1.000000
fimgreg.f
image alignment mode   1283 decimal      503 hex
parameters
    0.0000  -15.0000    0.0000    0.0000    0.0000    0.0000
eta,q 0.93298 18.17144
niter,ni,del,rscale     5    3   12.0000    1.2000
parameter  4  0.902167 ->  0.500000 qaram    1.1500
parameter  6  0.721572 ->  0.500000 qaram    1.1500
parameters
   -2.2579  -12.6572    0.7255   -3.4500   -0.7285   -3.4500
eta,q 0.94466 17.99731
  0.0724  0.0834  0.0760  0.0574  0.0666  0.0560
  0.0650  0.0751  0.0689  0.0571  0.0611  0.0553
  0.0622  0.0672  0.0629  0.0588  0.0582  0.0558
  0.0670  0.0619  0.0610  0.0608  0.0575  0.0574
  0.0745  0.0612  0.0613  0.0626  0.0597  0.0604
  0.0825  0.0626  0.0641  0.0655  0.0651  0.0638
  0.0896  0.0651  0.0704  0.0708  0.0724  0.0673
niter,ni,del,rscale     6    3   12.0000    1.2000
parameters
   -1.9706  -12.2974    0.3737   -4.6082   -0.7774   -3.7780
eta,q 0.94502 18.00539
  0.0795  0.0723  0.0692  0.0605  0.0667  0.0602
  0.0672  0.0613  0.0615  0.0568  0.0597  0.0578
  0.0580  0.0553  0.0571  0.0547  0.0559  0.0557
  0.0553  0.0556  0.0563  0.0562  0.0550  0.0550
  0.0593  0.0600  0.0595  0.0589  0.0568  0.0558
  0.0651  0.0629  0.0651  0.0599  0.0606  0.0582
  0.0742  0.0650  0.0709  0.0629  0.0664  0.0617
niter,ni,del,rscale     5    3   12.0000    1.2000
parameters
   -1.9845  -11.8624    0.0640   -5.5508   -0.7337   -3.6159
eta,q 0.94538 18.02289
  0.0772  0.0710  0.0697  0.0601  0.0666  0.0610
  0.0647  0.0613  0.0620  0.0572  0.0593  0.0585
  0.0565  0.0555  0.0568  0.0546  0.0553  0.0561
  0.0550  0.0550  0.0556  0.0554  0.0546  0.0547
  0.0598  0.0588  0.0591  0.0583  0.0563  0.0551
  0.0658  0.0621  0.0655  0.0600  0.0599  0.0575
  0.0757  0.0640  0.0713  0.0610  0.0653  0.0611
niter,ni,del,rscale     4    3   12.0000    1.2000
parameters
   -2.0137  -11.3511   -0.2633   -7.0998   -0.7125   -3.4412
eta,q 0.94614 18.12279
  0.0774  0.0699  0.0699  0.0587  0.0660  0.0620
  0.0644  0.0616  0.0621  0.0565  0.0584  0.0593
  0.0559  0.0559  0.0565  0.0541  0.0541  0.0564
  0.0546  0.0546  0.0551  0.0550  0.0539  0.0540
  0.0596  0.0577  0.0588  0.0583  0.0557  0.0543
  0.0657  0.0613  0.0656  0.0602  0.0592  0.0578
  0.0759  0.0634  0.0720  0.0609  0.0647  0.0625
niter,ni,del,rscale     3    3   12.0000    1.2000
parameters
   -2.0249  -10.5258   -0.6826   -9.3254   -0.5356   -3.2675
eta,q 0.94636 18.27618
  0.0782  0.0700  0.0684  0.0570  0.0665  0.0631
  0.0645  0.0632  0.0610  0.0551  0.0593  0.0594
  0.0553  0.0575  0.0554  0.0537  0.0545  0.0562
  0.0539  0.0538  0.0539  0.0538  0.0536  0.0537
  0.0589  0.0557  0.0574  0.0575  0.0553  0.0543
  0.0654  0.0603  0.0645  0.0605  0.0588  0.0581
  0.0767  0.0626  0.0725  0.0615  0.0644  0.0632
niter,ni,del,rscale     2    3   12.0000    1.2000
parameters
   -2.1400   -9.5202   -1.2656  -10.9268   -0.4448   -3.3706
eta,q 0.94724 18.23344
  0.0788  0.0714  0.0647  0.0573  0.0664  0.0617
  0.0646  0.0650  0.0581  0.0535  0.0593  0.0573
  0.0550  0.0582  0.0540  0.0526  0.0540  0.0544
  0.0536  0.0535  0.0532  0.0531  0.0527  0.0527
  0.0593  0.0547  0.0559  0.0553  0.0549  0.0535
  0.0669  0.0596  0.0616  0.0592  0.0591  0.0575
  0.0788  0.0629  0.0702  0.0617  0.0650  0.0627
niter,ni,del,rscale     1    3   12.0000    1.2000
parameters
   -2.1632   -9.0663   -1.8952  -11.8881   -0.5105   -3.4799
eta,q 0.94826 18.17603
  0.0800  0.0704  0.0635  0.0583  0.0661  0.0607
  0.0655  0.0633  0.0564  0.0539  0.0584  0.0563
  0.0550  0.0563  0.0526  0.0516  0.0527  0.0533
  0.0528  0.0527  0.0529  0.0524  0.0517  0.0517
  0.0582  0.0559  0.0557  0.0546  0.0546  0.0523
  0.0664  0.0611  0.0606  0.0579  0.0594  0.0563
  0.0790  0.0654  0.0683  0.0609  0.0657  0.0619
registration optimization eta report
parameter search radius
    6.0000    6.0000    6.0000    6.9000    6.0000    6.9000
100000*second partial in parameter space
       73.       39.       36.       15.       39.       20.
  0.0800  0.0704  0.0635  0.0583  0.0661  0.0607
  0.0655  0.0633  0.0564  0.0539  0.0584  0.0563
  0.0550  0.0563  0.0526  0.0516  0.0527  0.0533
  0.0528  0.0527  0.0529  0.0524  0.0517  0.0517
  0.0582  0.0559  0.0557  0.0546  0.0546  0.0523
  0.0664  0.0611  0.0606  0.0579  0.0594  0.0563
  0.0790  0.0654  0.0683  0.0609  0.0657  0.0619
   -2.1632   -9.0663   -1.8952  -11.8881   -0.5105   -3.4799
eta,q 0.94826 18.17603

---------------------------------------------------------------------
imgreg_4dfp /usr/local/freesurfer/average/711-2C_as_mni_average_305 /usr/local/freesurfer/average/711-2B_as_mni_average_305_mask talsrcimg_g11 none talsrcimg_to_711-2C_as_mni_average_305_t4 3335
---------------------------------------------------------------------

freesurfer imgreg_4dfp.c
/usr/local/freesurfer/average/711-2C_as_mni_average_305.4dfp.img
       256       256       256         1
  1.000000  1.000000  1.000000
orientation T byte_order littleendian
Reading image: /usr/local/freesurfer/average/711-2C_as_mni_average_305.4dfp.img
dimensions:      256       256       256
mmppix:       1.0000   -1.0000   -1.0000
center:     128.0000 -129.0000 -129.0000
/usr/local/freesurfer/average/711-2B_as_mni_average_305_mask.4dfp.img
       256       256       256         1
  1.000000  1.000000  1.000000
orientation T byte_order littleendian
Reading mask: /usr/local/freesurfer/average/711-2B_as_mni_average_305_mask.4dfp.img (2306576 pixels)
talsrcimg_g11.4dfp.img
       256       256       256         1
  1.000000  1.000000  1.000000
orientation T byte_order littleendian
Reading image: talsrcimg_g11.4dfp.img
dimensions:      256       256       256
mmppix:       1.0000   -1.0000   -1.0000
center:     128.0000 -129.0000 -129.0000
fimgreg.f
image alignment mode   3335 decimal      D07 hex
parameters
   -2.1632   -9.0663   -1.8952   -0.1883   -2.3141   -2.1487
    5.7564    2.1207   -6.0695   20.5091   -0.8910  -20.5992
eta,q 0.94642 18.17752
niter,ni,del,rscale     5    3    5.0000    1.2000
parameter  4  2.120442 ->  0.500000 qaram    1.1500
parameter  5  1.745860 ->  0.500000 qaram    1.1500
parameter  6  0.527184 ->  0.500000 qaram    1.1500
parameters
   -1.8352   -8.3854   -1.8557   -4.3283   -6.4541   -6.2887
    4.7912    2.5691   -5.4171   17.6227   -0.7748  -17.0551
eta,q 0.96821 18.05485
  0.0591  0.0575  0.0554  0.0386  0.0314  0.0337  0.0362  0.0404  0.0361  0.0331  0.0334  0.0338
  0.0565  0.0556  0.0543  0.0413  0.0335  0.0328  0.0339  0.0362  0.0342  0.0323  0.0326  0.0329
  0.0546  0.0542  0.0536  0.0464  0.0369  0.0325  0.0327  0.0335  0.0330  0.0320  0.0321  0.0324
  0.0536  0.0534  0.0533  0.0533  0.0425  0.0342  0.0326  0.0325  0.0325  0.0325  0.0320  0.0320
  0.0535  0.0533  0.0534  0.0614  0.0496  0.0375  0.0337  0.0329  0.0327  0.0337  0.0321  0.0318
  0.0546  0.0537  0.0541  0.0701  0.0569  0.0428  0.0358  0.0348  0.0336  0.0356  0.0325  0.0318
  0.0569  0.0545  0.0553  0.0776  0.0634  0.0494  0.0386  0.0387  0.0350  0.0380  0.0333  0.0320
niter,ni,del,rscale     7    3    5.0000    1.2000
parameter  3  1.453395 ->  0.500000 qaram    1.1500
parameter  4  0.567960 ->  0.500000 qaram    1.3225
parameter  5  0.659662 ->  0.500000 qaram    1.3225
parameter 12  0.908004 ->  0.500000 qaram    1.1500
parameters
   -1.8736   -7.3479   -3.2357   -9.0893  -11.2151   -6.9373
    5.2940    2.4295   -5.4624   17.4419   -3.8577  -21.1951
eta,q 0.97570 17.54111
  0.0364  0.0377  0.0289  0.0282  0.0248  0.0281  0.0283  0.0286  0.0271  0.0278  0.0251  0.0242
  0.0338  0.0353  0.0292  0.0274  0.0247  0.0267  0.0267  0.0265  0.0260  0.0263  0.0249  0.0243
  0.0322  0.0332  0.0300  0.0274  0.0254  0.0257  0.0256  0.0253  0.0252  0.0254  0.0249  0.0245
  0.0318  0.0318  0.0311  0.0294  0.0273  0.0248  0.0250  0.0250  0.0250  0.0250  0.0250  0.0249
  0.0324  0.0311  0.0324  0.0343  0.0318  0.0246  0.0251  0.0254  0.0253  0.0253  0.0252  0.0254
  0.0341  0.0313  0.0339  0.0410  0.0389  0.0266  0.0260  0.0266  0.0260  0.0264  0.0256  0.0262
  0.0366  0.0324  0.0356  0.0497  0.0464  0.0309  0.0276  0.0290  0.0272  0.0282  0.0260  0.0271
niter,ni,del,rscale     7    3    5.0000    1.2000
parameter  3  0.941544 ->  0.500000 qaram    1.3225
parameter 12  0.643085 ->  0.500000 qaram    1.3225
parameters
   -1.7319   -6.2628   -4.8227  -10.7627  -13.9435   -7.6048
    5.2338    2.4905   -5.2421   18.5927   -3.8227  -25.9561
eta,q 0.97727 17.25533
  0.0285  0.0293  0.0226  0.0268  0.0258  0.0267  0.0260  0.0276  0.0254  0.0272  0.0241  0.0229
  0.0263  0.0271  0.0225  0.0251  0.0243  0.0252  0.0247  0.0250  0.0244  0.0254  0.0236  0.0227
  0.0249  0.0254  0.0229  0.0237  0.0232  0.0241  0.0238  0.0237  0.0237  0.0242  0.0233  0.0228
  0.0243  0.0243  0.0237  0.0226  0.0231  0.0232  0.0234  0.0234  0.0234  0.0234  0.0232  0.0232
  0.0246  0.0238  0.0248  0.0231  0.0244  0.0229  0.0237  0.0240  0.0236  0.0232  0.0233  0.0239
  0.0257  0.0238  0.0261  0.0273  0.0294  0.0251  0.0246  0.0253  0.0242  0.0239  0.0236  0.0248
  0.0277  0.0246  0.0276  0.0343  0.0379  0.0297  0.0262  0.0272  0.0252  0.0255  0.0240  0.0258
niter,ni,del,rscale     7    3    5.0000    1.2000
parameters
   -1.6329   -6.0394   -5.5520  -11.1135  -14.6860   -8.4039
    5.2090    2.5702   -5.1947   19.0567   -3.9136  -26.9088
eta,q 0.97694 17.15394
  0.0265  0.0259  0.0240  0.0274  0.0272  0.0267  0.0259  0.0275  0.0251  0.0263  0.0240  0.0244
  0.0245  0.0243  0.0229  0.0254  0.0253  0.0250  0.0245  0.0248  0.0241  0.0247  0.0234  0.0235
  0.0233  0.0232  0.0225  0.0238  0.0237  0.0238  0.0235  0.0234  0.0234  0.0237  0.0231  0.0231
  0.0227  0.0227  0.0227  0.0225  0.0226  0.0228  0.0231  0.0231  0.0231  0.0231  0.0231  0.0231
  0.0230  0.0229  0.0234  0.0221  0.0226  0.0224  0.0234  0.0237  0.0233  0.0232  0.0232  0.0234
  0.0241  0.0236  0.0244  0.0244  0.0247  0.0250  0.0244  0.0251  0.0240  0.0241  0.0235  0.0240
  0.0260  0.0249  0.0259  0.0301  0.0313  0.0308  0.0260  0.0270  0.0251  0.0258  0.0240  0.0250
niter,ni,del,rscale     6    3    5.0000    1.2000
parameters
   -1.6216   -5.9544   -5.6263  -11.1316  -14.6634   -8.5712
    5.1973    2.5959   -5.1644   19.1814   -3.9276  -26.9886
eta,q 0.97689 17.15114
  0.0265  0.0258  0.0252  0.0279  0.0280  0.0272  0.0259  0.0275  0.0252  0.0261  0.0241  0.0248
  0.0246  0.0243  0.0239  0.0258  0.0260  0.0254  0.0245  0.0247  0.0241  0.0246  0.0235  0.0237
  0.0235  0.0234  0.0232  0.0243  0.0243  0.0241  0.0235  0.0234  0.0234  0.0236  0.0232  0.0232
  0.0231  0.0231  0.0231  0.0231  0.0231  0.0231  0.0231  0.0231  0.0231  0.0231  0.0231  0.0231
  0.0234  0.0233  0.0233  0.0225  0.0227  0.0223  0.0234  0.0238  0.0233  0.0233  0.0232  0.0233
  0.0245  0.0241  0.0241  0.0243  0.0241  0.0243  0.0244  0.0251  0.0240  0.0243  0.0235  0.0239
  0.0265  0.0254  0.0253  0.0295  0.0297  0.0292  0.0261  0.0270  0.0252  0.0261  0.0240  0.0247
niter,ni,del,rscale     5    3    5.0000    1.2000
parameters
   -1.6226   -5.9405   -5.6459  -11.1330  -14.6540   -8.5805
    5.1988    2.6064   -5.1562   19.1936   -3.9255  -27.0106
eta,q 0.97689 17.15209
  0.0265  0.0257  0.0253  0.0279  0.0280  0.0273  0.0259  0.0275  0.0252  0.0260  0.0241  0.0248
  0.0247  0.0243  0.0240  0.0259  0.0260  0.0255  0.0245  0.0247  0.0241  0.0245  0.0235  0.0237
  0.0235  0.0234  0.0233  0.0244  0.0244  0.0241  0.0235  0.0234  0.0234  0.0235  0.0232  0.0232
  0.0231  0.0231  0.0231  0.0231  0.0231  0.0231  0.0231  0.0231  0.0231  0.0231  0.0231  0.0231
  0.0235  0.0234  0.0234  0.0226  0.0227  0.0223  0.0234  0.0238  0.0233  0.0234  0.0232  0.0233
  0.0246  0.0243  0.0241  0.0243  0.0242  0.0241  0.0244  0.0251  0.0240  0.0244  0.0235  0.0239
  0.0265  0.0256  0.0253  0.0295  0.0298  0.0289  0.0261  0.0271  0.0252  0.0262  0.0240  0.0247
registration optimization eta report
parameter search radius
    2.4000    2.4000    3.1740    9.5220    9.5220    8.2800
    7.2000    7.2000    7.2000    7.2000    7.2000    9.5220
100000*second partial in parameter space
       59.       44.       22.        6.        7.        8.
        6.        8.        4.        6.        2.        2.
  0.0265  0.0257  0.0253  0.0279  0.0280  0.0273  0.0259  0.0275  0.0252  0.0260  0.0241  0.0248
  0.0247  0.0243  0.0240  0.0259  0.0260  0.0255  0.0245  0.0247  0.0241  0.0245  0.0235  0.0237
  0.0235  0.0234  0.0233  0.0244  0.0244  0.0241  0.0235  0.0234  0.0234  0.0235  0.0232  0.0232
  0.0231  0.0231  0.0231  0.0231  0.0231  0.0231  0.0231  0.0231  0.0231  0.0231  0.0231  0.0231
  0.0235  0.0234  0.0234  0.0226  0.0227  0.0223  0.0234  0.0238  0.0233  0.0234  0.0232  0.0233
  0.0246  0.0243  0.0241  0.0243  0.0242  0.0241  0.0244  0.0251  0.0240  0.0244  0.0235  0.0239
  0.0265  0.0256  0.0253  0.0295  0.0298  0.0289  0.0261  0.0271  0.0252  0.0262  0.0240  0.0247
   -1.6226   -5.9405   -5.6459  -11.1330  -14.6540   -8.5805
    5.1988    2.6064   -5.1562   19.1936   -3.9255  -27.0106
eta,q 0.97689 17.15209

---------------------------------------------------------------------
imgreg_4dfp /usr/local/freesurfer/average/711-2C_as_mni_average_305 /usr/local/freesurfer/average/711-2B_as_mni_average_305_mask talsrcimg_g11 none talsrcimg_to_711-2C_as_mni_average_305_t4 2311
---------------------------------------------------------------------

freesurfer imgreg_4dfp.c
/usr/local/freesurfer/average/711-2C_as_mni_average_305.4dfp.img
       256       256       256         1
  1.000000  1.000000  1.000000
orientation T byte_order littleendian
Reading image: /usr/local/freesurfer/average/711-2C_as_mni_average_305.4dfp.img
dimensions:      256       256       256
mmppix:       1.0000   -1.0000   -1.0000
center:     128.0000 -129.0000 -129.0000
/usr/local/freesurfer/average/711-2B_as_mni_average_305_mask.4dfp.img
       256       256       256         1
  1.000000  1.000000  1.000000
orientation T byte_order littleendian
Reading mask: /usr/local/freesurfer/average/711-2B_as_mni_average_305_mask.4dfp.img (2306576 pixels)
talsrcimg_g11.4dfp.img
       256       256       256         1
  1.000000  1.000000  1.000000
orientation T byte_order littleendian
Reading image: talsrcimg_g11.4dfp.img
dimensions:      256       256       256
mmppix:       1.0000   -1.0000   -1.0000
center:     128.0000 -129.0000 -129.0000
fimgreg.f
image alignment mode   2311 decimal      907 hex
parameters
   -1.6226   -5.9405   -5.6459  -11.1330  -14.6540   -8.5805
    5.1988    2.6064   -5.1562   19.1936   -3.9255  -27.0106
eta,q 0.97689 17.15209
niter,ni,del,rscale     5    3    5.0000    0.8000
parameter  4 -0.586689 -> -0.500000 qaram    1.1500
parameters
   -1.6011   -5.9705   -5.6890   -8.3730  -12.7477   -7.4460
    4.2841    3.0898   -5.3463   19.5957   -2.6960  -26.1510
eta,q 0.97828 17.55032
  0.0247  0.0242  0.0236  0.0251  0.0246  0.0244  0.0230  0.0252  0.0230  0.0238  0.0229  0.0224
  0.0238  0.0236  0.0233  0.0244  0.0238  0.0235  0.0222  0.0233  0.0223  0.0229  0.0223  0.0221
  0.0233  0.0232  0.0232  0.0237  0.0231  0.0228  0.0218  0.0222  0.0219  0.0222  0.0219  0.0219
  0.0231  0.0231  0.0231  0.0231  0.0225  0.0222  0.0218  0.0218  0.0218  0.0218  0.0218  0.0217
  0.0233  0.0233  0.0232  0.0227  0.0223  0.0217  0.0223  0.0220  0.0220  0.0218  0.0218  0.0217
  0.0238  0.0237  0.0234  0.0226  0.0223  0.0218  0.0232  0.0227  0.0224  0.0224  0.0219  0.0218
  0.0246  0.0243  0.0236  0.0231  0.0229  0.0234  0.0246  0.0239  0.0232  0.0234  0.0221  0.0221
niter,ni,del,rscale     5    3    5.0000    0.8000
parameters
   -1.7052   -6.0336   -5.6640   -9.1137  -12.8576   -7.1368
    5.1070    2.9511   -5.3435   19.4426   -2.5600  -26.3709
eta,q 0.97832 17.51004
  0.0234  0.0230  0.0225  0.0237  0.0234  0.0239  0.0240  0.0240  0.0229  0.0234  0.0223  0.0221
  0.0224  0.0223  0.0220  0.0230  0.0226  0.0232  0.0229  0.0226  0.0223  0.0225  0.0219  0.0219
  0.0219  0.0218  0.0218  0.0222  0.0221  0.0225  0.0222  0.0218  0.0218  0.0219  0.0217  0.0217
  0.0217  0.0217  0.0217  0.0217  0.0218  0.0219  0.0218  0.0217  0.0217  0.0217  0.0217  0.0217
  0.0220  0.0219  0.0218  0.0219  0.0219  0.0215  0.0217  0.0220  0.0218  0.0219  0.0217  0.0217
  0.0228  0.0224  0.0220  0.0234  0.0224  0.0223  0.0221  0.0228  0.0222  0.0226  0.0219  0.0219
  0.0240  0.0232  0.0224  0.0263  0.0238  0.0240  0.0229  0.0242  0.0229  0.0237  0.0222  0.0223
niter,ni,del,rscale     4    3    5.0000    0.7000
parameters
   -1.7392   -6.0240   -5.6398   -9.0120  -12.8012   -6.9231
    5.0699    2.9203   -5.3195   19.4993   -2.4785  -26.3414
eta,q 0.97842 17.53381
  0.0230  0.0228  0.0223  0.0236  0.0229  0.0234  0.0229  0.0235  0.0225  0.0231  0.0221  0.0220
  0.0223  0.0222  0.0219  0.0229  0.0223  0.0228  0.0222  0.0223  0.0220  0.0223  0.0218  0.0218
  0.0218  0.0218  0.0217  0.0222  0.0219  0.0222  0.0218  0.0217  0.0217  0.0218  0.0216  0.0216
  0.0217  0.0217  0.0217  0.0217  0.0217  0.0217  0.0216  0.0216  0.0216  0.0216  0.0216  0.0216
  0.0219  0.0218  0.0217  0.0216  0.0217  0.0214  0.0217  0.0218  0.0217  0.0217  0.0216  0.0216
  0.0224  0.0222  0.0219  0.0222  0.0221  0.0221  0.0222  0.0225  0.0220  0.0222  0.0218  0.0217
  0.0232  0.0227  0.0222  0.0239  0.0230  0.0235  0.0230  0.0235  0.0225  0.0231  0.0220  0.0220
niter,ni,del,rscale     3    3    5.0000    0.6000
parameters
   -1.7471   -6.0084   -5.5949   -8.7483  -12.7294   -6.6892
    5.0150    2.9614   -5.3113   19.5281   -2.3163  -26.2391
eta,q 0.97854 17.56756
  0.0226  0.0224  0.0221  0.0232  0.0225  0.0230  0.0225  0.0230  0.0222  0.0226  0.0219  0.0218
  0.0221  0.0220  0.0218  0.0226  0.0220  0.0225  0.0219  0.0221  0.0218  0.0220  0.0216  0.0216
  0.0217  0.0217  0.0216  0.0220  0.0217  0.0220  0.0216  0.0216  0.0215  0.0216  0.0215  0.0215
  0.0216  0.0216  0.0216  0.0216  0.0215  0.0215  0.0215  0.0215  0.0215  0.0215  0.0215  0.0215
  0.0217  0.0217  0.0216  0.0215  0.0216  0.0213  0.0216  0.0216  0.0215  0.0216  0.0215  0.0215
  0.0221  0.0219  0.0218  0.0219  0.0218  0.0218  0.0219  0.0221  0.0218  0.0219  0.0216  0.0216
  0.0227  0.0224  0.0220  0.0231  0.0225  0.0230  0.0226  0.0229  0.0222  0.0226  0.0218  0.0218
niter,ni,del,rscale     2    3    5.0000    0.5000
parameters
   -1.7577   -6.0022   -5.5334   -8.4859  -12.6774   -6.4214
    5.0114    2.9969   -5.3014   19.5195   -2.1294  -26.1310
eta,q 0.97865 17.59863
  0.0222  0.0220  0.0219  0.0227  0.0221  0.0226  0.0221  0.0225  0.0219  0.0222  0.0217  0.0216
  0.0218  0.0217  0.0216  0.0222  0.0217  0.0222  0.0217  0.0218  0.0216  0.0217  0.0215  0.0215
  0.0215  0.0215  0.0215  0.0218  0.0215  0.0218  0.0214  0.0215  0.0214  0.0215  0.0214  0.0214
  0.0215  0.0215  0.0215  0.0215  0.0214  0.0214  0.0213  0.0213  0.0213  0.0213  0.0213  0.0213
  0.0215  0.0215  0.0215  0.0214  0.0214  0.0213  0.0214  0.0215  0.0214  0.0214  0.0214  0.0214
  0.0218  0.0217  0.0216  0.0217  0.0216  0.0216  0.0217  0.0218  0.0216  0.0217  0.0214  0.0214
  0.0222  0.0220  0.0218  0.0226  0.0221  0.0225  0.0221  0.0224  0.0219  0.0222  0.0216  0.0216
niter,ni,del,rscale     1    3    5.0000    0.4000
parameters
   -1.7729   -5.9950   -5.4469   -8.2716  -12.6650   -6.1354
    5.0380    3.0195   -5.3087   19.4829   -1.9509  -26.0139
eta,q 0.97873 17.62337
  0.0218  0.0217  0.0216  0.0222  0.0217  0.0223  0.0218  0.0220  0.0216  0.0218  0.0215  0.0214
  0.0216  0.0215  0.0215  0.0219  0.0215  0.0219  0.0215  0.0216  0.0214  0.0215  0.0214  0.0213
  0.0214  0.0214  0.0214  0.0215  0.0214  0.0216  0.0213  0.0213  0.0213  0.0213  0.0213  0.0213
  0.0213  0.0213  0.0213  0.0213  0.0213  0.0213  0.0213  0.0213  0.0213  0.0213  0.0213  0.0213
  0.0214  0.0214  0.0214  0.0213  0.0213  0.0212  0.0213  0.0213  0.0213  0.0213  0.0213  0.0213
  0.0216  0.0215  0.0214  0.0216  0.0215  0.0215  0.0215  0.0216  0.0214  0.0215  0.0213  0.0213
  0.0219  0.0217  0.0215  0.0221  0.0217  0.0221  0.0217  0.0220  0.0216  0.0219  0.0214  0.0214
registration optimization eta report
parameter search radius
    0.8000    0.8000    0.8000    2.7600    2.4000    2.4000
    2.4000    2.4000    2.4000    2.4000    2.4000    2.4000
100000*second partial in parameter space
       80.       58.       38.       11.        7.       14.
        8.       12.        6.       10.        3.        3.
  0.0218  0.0217  0.0216  0.0222  0.0217  0.0223  0.0218  0.0220  0.0216  0.0218  0.0215  0.0214
  0.0216  0.0215  0.0215  0.0219  0.0215  0.0219  0.0215  0.0216  0.0214  0.0215  0.0214  0.0213
  0.0214  0.0214  0.0214  0.0215  0.0214  0.0216  0.0213  0.0213  0.0213  0.0213  0.0213  0.0213
  0.0213  0.0213  0.0213  0.0213  0.0213  0.0213  0.0213  0.0213  0.0213  0.0213  0.0213  0.0213
  0.0214  0.0214  0.0214  0.0213  0.0213  0.0212  0.0213  0.0213  0.0213  0.0213  0.0213  0.0213
  0.0216  0.0215  0.0214  0.0216  0.0215  0.0215  0.0215  0.0216  0.0214  0.0215  0.0213  0.0213
  0.0219  0.0217  0.0215  0.0221  0.0217  0.0221  0.0217  0.0220  0.0216  0.0219  0.0214  0.0214
   -1.7729   -5.9950   -5.4469   -8.2716  -12.6650   -6.1354
    5.0380    3.0195   -5.3087   19.4829   -1.9509  -26.0139
eta,q 0.97873 17.62337

---------------------------------------------------------------------
imgreg_4dfp /usr/local/freesurfer/average/711-2C_as_mni_average_305 /usr/local/freesurfer/average/711-2B_as_mni_average_305_mask talsrcimg_g11 none talsrcimg_to_711-2C_as_mni_average_305_t4 2311
---------------------------------------------------------------------

freesurfer imgreg_4dfp.c
/usr/local/freesurfer/average/711-2C_as_mni_average_305.4dfp.img
       256       256       256         1
  1.000000  1.000000  1.000000
orientation T byte_order littleendian
Reading image: /usr/local/freesurfer/average/711-2C_as_mni_average_305.4dfp.img
dimensions:      256       256       256
mmppix:       1.0000   -1.0000   -1.0000
center:     128.0000 -129.0000 -129.0000
/usr/local/freesurfer/average/711-2B_as_mni_average_305_mask.4dfp.img
       256       256       256         1
  1.000000  1.000000  1.000000
orientation T byte_order littleendian
Reading mask: /usr/local/freesurfer/average/711-2B_as_mni_average_305_mask.4dfp.img (2306576 pixels)
talsrcimg_g11.4dfp.img
       256       256       256         1
  1.000000  1.000000  1.000000
orientation T byte_order littleendian
Reading image: talsrcimg_g11.4dfp.img
dimensions:      256       256       256
mmppix:       1.0000   -1.0000   -1.0000
center:     128.0000 -129.0000 -129.0000
fimgreg.f
image alignment mode   2311 decimal      907 hex
parameters
   -1.7729   -5.9950   -5.4469   -8.2716  -12.6650   -6.1354
    5.0380    3.0195   -5.3087   19.4829   -1.9509  -26.0139
eta,q 0.97873 17.62338
niter,ni,del,rscale     5    3    5.0000    0.8000
parameters
   -1.7842   -5.9876   -5.2569   -8.8605  -13.1010   -6.5831
    5.1807    2.9035   -5.3570   19.5292   -2.3381  -26.1412
eta,q 0.97851 17.54544
  0.0233  0.0228  0.0226  0.0230  0.0227  0.0233  0.0233  0.0239  0.0227  0.0233  0.0220  0.0220
  0.0222  0.0219  0.0219  0.0223  0.0220  0.0226  0.0224  0.0224  0.0220  0.0224  0.0217  0.0217
  0.0215  0.0214  0.0214  0.0217  0.0216  0.0220  0.0218  0.0217  0.0216  0.0218  0.0215  0.0216
  0.0213  0.0213  0.0213  0.0213  0.0214  0.0214  0.0215  0.0215  0.0215  0.0215  0.0215  0.0215
  0.0215  0.0214  0.0213  0.0215  0.0215  0.0215  0.0216  0.0218  0.0216  0.0216  0.0216  0.0215
  0.0222  0.0219  0.0216  0.0226  0.0222  0.0228  0.0222  0.0226  0.0221  0.0223  0.0218  0.0217
  0.0234  0.0227  0.0220  0.0249  0.0237  0.0249  0.0232  0.0240  0.0227  0.0234  0.0221  0.0221
niter,ni,del,rscale     4    3    5.0000    0.7000
parameters
   -1.7485   -6.0090   -5.4456   -8.7209  -12.8966   -6.7206
    5.0403    2.9530   -5.3392   19.5402   -2.3332  -26.1605
eta,q 0.97853 17.55846
  0.0230  0.0225  0.0220  0.0231  0.0227  0.0231  0.0228  0.0235  0.0224  0.0229  0.0220  0.0219
  0.0222  0.0220  0.0216  0.0225  0.0221  0.0225  0.0221  0.0223  0.0219  0.0222  0.0217  0.0217
  0.0217  0.0216  0.0215  0.0219  0.0217  0.0220  0.0216  0.0217  0.0216  0.0217  0.0215  0.0215
  0.0215  0.0215  0.0215  0.0215  0.0214  0.0214  0.0215  0.0215  0.0215  0.0215  0.0215  0.0215
  0.0216  0.0216  0.0216  0.0214  0.0214  0.0214  0.0216  0.0217  0.0216  0.0216  0.0215  0.0215
  0.0221  0.0220  0.0219  0.0219  0.0218  0.0223  0.0221  0.0223  0.0219  0.0221  0.0217  0.0217
  0.0229  0.0226  0.0223  0.0232  0.0227  0.0239  0.0230  0.0233  0.0224  0.0230  0.0219  0.0219
niter,ni,del,rscale     3    3    5.0000    0.6000
parameters
   -1.7520   -6.0114   -5.5126   -8.5097  -12.7823   -6.6120
    5.0107    2.9899   -5.3307   19.5504   -2.2045  -26.0932
eta,q 0.97860 17.58256
  0.0226  0.0223  0.0219  0.0228  0.0224  0.0229  0.0224  0.0229  0.0221  0.0225  0.0218  0.0217
  0.0220  0.0218  0.0216  0.0223  0.0219  0.0224  0.0219  0.0220  0.0217  0.0220  0.0216  0.0216
  0.0216  0.0216  0.0215  0.0218  0.0216  0.0219  0.0215  0.0215  0.0215  0.0216  0.0214  0.0214
  0.0215  0.0215  0.0215  0.0215  0.0214  0.0214  0.0214  0.0214  0.0214  0.0214  0.0214  0.0214
  0.0216  0.0216  0.0216  0.0214  0.0215  0.0213  0.0215  0.0216  0.0215  0.0215  0.0214  0.0214
  0.0220  0.0218  0.0217  0.0218  0.0217  0.0219  0.0219  0.0220  0.0217  0.0219  0.0216  0.0215
  0.0226  0.0223  0.0220  0.0227  0.0224  0.0231  0.0225  0.0228  0.0221  0.0226  0.0217  0.0217
niter,ni,del,rscale     2    3    5.0000    0.5000
parameters
   -1.7668   -6.0078   -5.4948   -8.3197  -12.7162   -6.3927
    5.0199    3.0145   -5.3151   19.5276   -2.0603  -26.0345
eta,q 0.97868 17.60679
  0.0222  0.0220  0.0218  0.0224  0.0220  0.0226  0.0221  0.0224  0.0218  0.0221  0.0216  0.0216
  0.0217  0.0217  0.0216  0.0220  0.0217  0.0222  0.0217  0.0218  0.0216  0.0217  0.0215  0.0214
  0.0215  0.0215  0.0214  0.0216  0.0215  0.0217  0.0214  0.0214  0.0214  0.0214  0.0214  0.0214
  0.0214  0.0214  0.0214  0.0214  0.0214  0.0214  0.0213  0.0213  0.0213  0.0213  0.0213  0.0213
  0.0215  0.0215  0.0214  0.0214  0.0214  0.0213  0.0214  0.0214  0.0214  0.0214  0.0213  0.0213
  0.0218  0.0216  0.0216  0.0217  0.0216  0.0217  0.0216  0.0218  0.0215  0.0217  0.0214  0.0214
  0.0222  0.0220  0.0217  0.0223  0.0220  0.0225  0.0221  0.0224  0.0218  0.0222  0.0216  0.0215
niter,ni,del,rscale     1    3    5.0000    0.4000
parameters
   -1.7787   -6.0032   -5.4271   -8.1584  -12.6810   -6.1234
    5.0482    3.0303   -5.3119   19.4796   -1.9036  -25.9759
eta,q 0.97875 17.62856
  0.0218  0.0217  0.0216  0.0220  0.0217  0.0222  0.0218  0.0220  0.0216  0.0218  0.0215  0.0214
  0.0215  0.0215  0.0215  0.0217  0.0215  0.0219  0.0215  0.0216  0.0214  0.0215  0.0213  0.0213
  0.0214  0.0214  0.0214  0.0215  0.0214  0.0216  0.0213  0.0213  0.0213  0.0213  0.0213  0.0213
  0.0213  0.0213  0.0213  0.0213  0.0213  0.0213  0.0213  0.0213  0.0213  0.0213  0.0212  0.0213
  0.0214  0.0214  0.0213  0.0213  0.0213  0.0212  0.0213  0.0213  0.0213  0.0213  0.0213  0.0213
  0.0216  0.0215  0.0214  0.0215  0.0215  0.0215  0.0215  0.0216  0.0214  0.0215  0.0213  0.0213
  0.0219  0.0217  0.0215  0.0219  0.0217  0.0221  0.0217  0.0220  0.0216  0.0219  0.0214  0.0214
registration optimization eta report
parameter search radius
    0.8000    0.8000    0.8000    2.4000    2.4000    2.4000
    2.4000    2.4000    2.4000    2.4000    2.4000    2.4000
100000*second partial in parameter space
       81.       58.       39.       12.        7.       15.
        9.       13.        6.       10.        3.        3.
  0.0218  0.0217  0.0216  0.0220  0.0217  0.0222  0.0218  0.0220  0.0216  0.0218  0.0215  0.0214
  0.0215  0.0215  0.0215  0.0217  0.0215  0.0219  0.0215  0.0216  0.0214  0.0215  0.0213  0.0213
  0.0214  0.0214  0.0214  0.0215  0.0214  0.0216  0.0213  0.0213  0.0213  0.0213  0.0213  0.0213
  0.0213  0.0213  0.0213  0.0213  0.0213  0.0213  0.0213  0.0213  0.0213  0.0213  0.0212  0.0213
  0.0214  0.0214  0.0213  0.0213  0.0213  0.0212  0.0213  0.0213  0.0213  0.0213  0.0213  0.0213
  0.0216  0.0215  0.0214  0.0215  0.0215  0.0215  0.0215  0.0216  0.0214  0.0215  0.0213  0.0213
  0.0219  0.0217  0.0215  0.0219  0.0217  0.0221  0.0217  0.0220  0.0216  0.0219  0.0214  0.0214
   -1.7787   -6.0032   -5.4271   -8.1584  -12.6810   -6.1234
    5.0482    3.0303   -5.3119   19.4796   -1.9036  -25.9759
eta,q 0.97875 17.62856

---------------------------------------------------------------------
compute_vox2vox talsrcimg talsrcimg_to_711-2C_as_mni_average_305_t4 /usr/local/freesurfer/average/711-2C_as_mni_average_305
---------------------------------------------------------------------

freesurfer compute_vox2vox.c
Reading: talsrcimg.4dfp.ifh
Reading: talsrcimg_to_711-2C_as_mni_average_305_t4
Reading: /usr/local/freesurfer/average/711-2C_as_mni_average_305.4dfp.ifh
Writing: talsrcimg_to_711-2C_as_mni_average_305_t4_vox2vox.txt

start time Wed Jun 4 13:24:07 UTC 2025
end		time Wed Jun 4 13:24:26 UTC 2025

mpr2mni305 success

avi2talxfm orig_nu.mgz /usr/local/freesurfer/average/mni305.cor.mgz talsrcimg_to_711-2C_as_mni_average_305_t4_vox2vox.txt transforms/talairach.auto.xfm
avi2talxfm done
mv -f /home/freesurfer/subjects/sub-039/mri/talsrcimg_to_711-2C_as_mni_average_305_t4_vox2vox.txt /home/freesurfer/subjects/sub-039/mri/transforms/talsrcimg_to_711-2C_as_mni_average_305_t4_vox2vox.txt
lta_convert --src orig_nu.mgz --trg /usr/local/freesurfer/average/mni305.cor.mgz --inxfm transforms/talairach.auto.xfm --outlta transforms/talairach.auto.xfm.lta --subject fsaverage
7.4.1

--src: orig_nu.mgz src image (geometry).
--trg: /usr/local/freesurfer/average/mni305.cor.mgz trg image (geometry).
--inmni: transforms/talairach.auto.xfm input MNI/XFM transform.
--outlta: transforms/talairach.auto.xfm.lta output LTA.
--s: fsaverage subject name
 LTA read, type : 1
 1.08442  -0.02072  -0.06886  -4.68907;
 0.03790   1.00257   0.29606  -28.48367;
 0.05751  -0.22492   1.07499  -17.16508;
 0.00000   0.00000   0.00000   1.00000;
setting subject to fsaverage
Writing  LTA to file transforms/talairach.auto.xfm.lta...
lta_convert successful.
 
 
Started at Wed Jun 4 13:24:06 UTC 2025
Ended   at Wed Jun  4 13:24:26 UTC 2025
talairach_avi done
