/home/freesurfer/subjects/sub-007/mri
/usr/local/freesurfer/bin/talairach_avi
--i orig_nu.mgz --xfm transforms/talairach.auto.xfm
talairach_avi 7.4.1
Linux 3cf10ead276d 6.11.0-26-generic #26~24.04.1-Ubuntu SMP PREEMPT_DYNAMIC Thu Apr 17 19:20:47 UTC 2 x86_64 x86_64 x86_64 GNU/Linux
Fri May 30 07:08:28 UTC 2025
mri_convert orig_nu.mgz talsrcimg.img 
reading from orig_nu.mgz...
TR=8.30, TE=0.00, TI=0.00, flip angle=0.00
i_ras = (-1, -2.32831e-10, -9.31323e-10)
j_ras = (0, 0, -1)
k_ras = (0, 1, 1.49012e-08)
writing to talsrcimg.img...
Analyze Output Matrix
-1.00000   0.00000   0.00000   122.15326;
-0.00000   0.00000   1.00000  -95.64945;
-0.00000  -1.00000   0.00000   139.39061;
 0.00000   0.00000   0.00000   1.00000;
--------------------
INFO: set hdr.hist.orient to -1
mpr2mni305 talsrcimg
Fri May 30 07:08:29 UTC 2025
/usr/local/freesurfer/bin/mpr2mni305 talsrcimg
mpr2mni305 7.4.1
target=711-2C_as_mni_average_305

---------------------------------------------------------------------
analyzeto4dfp talsrcimg -O0 -y
---------------------------------------------------------------------

freesurfer ifh2hdr.c
Fri May 30 07:08:29 2025
Writing: talsrcimg.4dfp.hdr
freesurfer analyzeto4dfp.c
Reading: talsrcimg.hdr
header size 348 bytes
hdr.dime.datatype	offset=70	value=2
hdr.dime.bitpix		offset=72	value=8
hdr.hist.orient		offset=252	value=-1
dimensionality     4
dimensions       256       256       256         1
Reading: talsrcimg.img
Writing: talsrcimg.4dfp.img
Writing: talsrcimg.4dfp.ifh
ifh2hdr talsrcimg -r0to232
ori=2

---------------------------------------------------------------------
gauss_4dfp talsrcimg 1.1
---------------------------------------------------------------------

freesurfer gauss_4dfp.c
Reading: talsrcimg.4dfp.img
Writing: talsrcimg_g11.4dfp.img
image dimensions 256 256 256 padded to 288 288 288
processing volume 1freesurfer ifh2hdr.c
Fri May 30 07:08:33 2025
Writing: talsrcimg_g11.4dfp.hdr

Writing: talsrcimg_g11.4dfp.ifh
including: talsrcimg.4dfp.img.rec in talsrcimg_g11.4dfp.img.rec

---------------------------------------------------------------------
imgreg_4dfp /usr/local/freesurfer/average/711-2C_as_mni_average_305 none talsrcimg_g11 none talsrcimg_to_711-2C_as_mni_average_305_t4 4355
---------------------------------------------------------------------

freesurfer imgreg_4dfp.c
/usr/local/freesurfer/average/711-2C_as_mni_average_305.4dfp.img
       256       256       256         1
  1.000000  1.000000  1.000000
orientation T byte_order littleendian
Reading image: /usr/local/freesurfer/average/711-2C_as_mni_average_305.4dfp.img
dimensions:      256       256       256
mmppix:       1.0000   -1.0000   -1.0000
center:     128.0000 -129.0000 -129.0000
talsrcimg_g11.4dfp.img
       256       256       256         1
  1.000000  1.000000  1.000000
orientation T byte_order littleendian
Reading image: talsrcimg_g11.4dfp.img
dimensions:      256       256       256
mmppix:       1.0000   -1.0000   -1.0000
center:     128.0000 -129.0000 -129.0000
t4_read: open error in t4_sub.f l:  41 t4_file(1:l)talsrcimg_to_711-2C_as_mni_average_305_t4 
t4_read: transform initialized to I4
rotation matrix determinant  1.000000
image alignment mode   4355 decimal     1103 hex
   -7.5000  -45.0000  -45.0000 8767.3486   16.9033
    0.0000  -45.0000  -45.0000 9188.4346   16.8631
    7.5000  -45.0000  -45.0000 8773.1260   16.8576
   -7.5000  -37.5000  -45.0000 9097.9414   16.8792
    0.0000  -37.5000  -45.0000 9553.8555   16.8357
    7.5000  -37.5000  -45.0000 9104.4492   16.8325
   -7.5000  -30.0000  -45.0000 9767.9551   16.8577
    0.0000  -30.0000  -45.000010246.5996   16.8164
    7.5000  -30.0000  -45.0000 9751.8232   16.8142
   -7.5000  -22.5000  -45.000010450.8096   16.8639
    0.0000  -22.5000  -45.000010976.4834   16.8272
    7.5000  -22.5000  -45.000010404.1846   16.8226
   -7.5000  -15.0000  -45.000011064.3818   16.8888
    0.0000  -15.0000  -45.000011601.8438   16.8544
    7.5000  -15.0000  -45.000011006.1836   16.8473
   -7.5000   -7.5000  -45.000011612.2578   16.9067
    0.0000   -7.5000  -45.000012161.9492   16.8711
    7.5000   -7.5000  -45.000011533.9014   16.8640
   -7.5000    0.0000  -45.000011929.5781   16.9033
    0.0000    0.0000  -45.000012462.7422   16.8631
    7.5000    0.0000  -45.000011831.4707   16.8575
   -7.5000    7.5000  -45.000011238.2617   16.8792
    0.0000    7.5000  -45.000011763.5312   16.8357
    7.5000    7.5000  -45.000011123.9287   16.8325
   -7.5000   15.0000  -45.000010443.1602   16.8577
    0.0000   15.0000  -45.000010982.6562   16.8164
    7.5000   15.0000  -45.000010342.4453   16.8142
   -7.5000   22.5000  -45.0000 9509.1064   16.8616
    0.0000   22.5000  -45.000010047.7090   16.8249
    7.5000   22.5000  -45.0000 9438.3496   16.8203
   -7.5000   30.0000  -45.0000 8551.5977   16.6638
    0.0000   30.0000  -45.0000 9044.5303   16.6298
    7.5000   30.0000  -45.0000 8514.6250   16.6228
   -7.5000   37.5000  -45.0000 7989.6313   16.7106
    0.0000   37.5000  -45.0000 8454.7607   16.6753
    7.5000   37.5000  -45.0000 7966.3584   16.6683
   -7.5000   45.0000  -45.0000 7195.4395   16.3939
    0.0000   45.0000  -45.0000 7594.0605   16.3552
    7.5000   45.0000  -45.0000 7174.9819   16.3499
   -7.5000  -45.0000  -37.5000 9283.1426   16.8385
    0.0000  -45.0000  -37.5000 9744.1904   16.7993
    7.5000  -45.0000  -37.5000 9288.0410   16.7932
   -7.5000  -37.5000  -37.5000 9648.3174   16.8207
    0.0000  -37.5000  -37.500010138.0850   16.7770
    7.5000  -37.5000  -37.5000 9659.2891   16.7707
   -7.5000  -30.0000  -37.500010340.8037   16.7987
    0.0000  -30.0000  -37.500010860.0850   16.7569
    7.5000  -30.0000  -37.500010308.6182   16.7487
   -7.5000  -22.5000  -37.500011061.5059   16.7961
    0.0000  -22.5000  -37.500011601.9346   16.7603
    7.5000  -22.5000  -37.500010982.0781   16.7499
   -7.5000  -15.0000  -37.500011678.1934   16.8126
    0.0000  -15.0000  -37.500012242.8115   16.7805
    7.5000  -15.0000  -37.500011574.2676   16.7698
   -7.5000   -7.5000  -37.500012242.9854   16.8329
    0.0000   -7.5000  -37.500012809.7734   16.7992
    7.5000   -7.5000  -37.500012106.9746   16.7910
   -7.5000    0.0000  -37.500012561.0361   16.8384
    0.0000    0.0000  -37.500013135.4893   16.7992
    7.5000    0.0000  -37.500012420.8467   16.7931
   -7.5000    7.5000  -37.500011834.5938   16.8207
    0.0000    7.5000  -37.500012425.5010   16.7770
    7.5000    7.5000  -37.500011701.2490   16.7707
   -7.5000   15.0000  -37.500010982.8057   16.7987
    0.0000   15.0000  -37.500011581.0176   16.7569
    7.5000   15.0000  -37.500010878.1436   16.7487
   -7.5000   22.5000  -37.5000 9992.5957   16.7938
    0.0000   22.5000  -37.500010595.9258   16.7580
    7.5000   22.5000  -37.5000 9920.9043   16.7476
   -7.5000   30.0000  -37.5000 8977.5127   16.5886
    0.0000   30.0000  -37.5000 9515.9463   16.5568
    7.5000   30.0000  -37.5000 8924.8711   16.5464
   -7.5000   37.5000  -37.5000 8348.2158   16.6376
    0.0000   37.5000  -37.5000 8839.5488   16.6044
    7.5000   37.5000  -37.5000 8336.4580   16.5963
   -7.5000   45.0000  -37.5000 7506.2036   16.3319
    0.0000   45.0000  -37.5000 7931.9287   16.2937
    7.5000   45.0000  -37.5000 7491.7275   16.2876
   -7.5000  -45.0000  -30.0000 9969.1729   17.5344
    0.0000  -45.0000  -30.000010484.1191   17.4946
    7.5000  -45.0000  -30.0000 9986.7793   17.4867
   -7.5000  -37.5000  -30.000010389.3223   17.5221
    0.0000  -37.5000  -30.000010922.2959   17.4754
    7.5000  -37.5000  -30.000010397.6289   17.4639
   -7.5000  -30.0000  -30.000011125.9844   17.5027
    0.0000  -30.0000  -30.000011703.7051   17.4561
    7.5000  -30.0000  -30.000011091.9141   17.4416
   -7.5000  -22.5000  -30.000011878.9756   17.4969
    0.0000  -22.5000  -30.000012444.8203   17.4576
    7.5000  -22.5000  -30.000011773.0703   17.4433
   -7.5000  -15.0000  -30.000012549.7236   17.5070
    0.0000  -15.0000  -30.000013126.7910   17.4737
    7.5000  -15.0000  -30.000012400.6025   17.4620
   -7.5000   -7.5000  -30.000013164.1367   17.5250
    0.0000   -7.5000  -30.000013755.6797   17.4914
    7.5000   -7.5000  -30.000012982.2891   17.4831
   -7.5000    0.0000  -30.000013512.8428   17.5343
    0.0000    0.0000  -30.000014115.5908   17.4945
    7.5000    0.0000  -30.000013308.9453   17.4866
   -7.5000    7.5000  -30.000012695.3525   17.5221
    0.0000    7.5000  -30.000013305.9053   17.4754
    7.5000    7.5000  -30.000012526.1357   17.4639
   -7.5000   15.0000  -30.000011737.5195   17.5027
    0.0000   15.0000  -30.000012352.6367   17.4561
    7.5000   15.0000  -30.000011608.9180   17.4416
   -7.5000   22.5000  -30.000010686.8242   17.4927
    0.0000   22.5000  -30.000011313.1553   17.4534
    7.5000   22.5000  -30.000010606.7676   17.4391
   -7.5000   30.0000  -30.0000 9623.4590   17.2754
    0.0000   30.0000  -30.000010187.1240   17.2425
    7.5000   30.0000  -30.0000 9557.0684   17.2310
   -7.5000   37.5000  -30.0000 8915.8623   17.3235
    0.0000   37.5000  -30.0000 9432.9941   17.2904
    7.5000   37.5000  -30.0000 8880.9033   17.2822
   -7.5000   45.0000  -30.0000 7966.6064   17.0204
    0.0000   45.0000  -30.0000 8416.5361   16.9811
    7.5000   45.0000  -30.0000 7940.4194   16.9730
   -7.5000  -45.0000  -22.500010644.4639   18.1383
    0.0000  -45.0000  -22.500011196.5947   18.0972
    7.5000  -45.0000  -22.500010693.9404   18.0862
   -7.5000  -37.5000  -22.500011128.8076   18.1250
    0.0000  -37.5000  -22.500011723.0391   18.0754
    7.5000  -37.5000  -22.500011164.7031   18.0608
   -7.5000  -30.0000  -22.500011951.1924   18.1069
    0.0000  -30.0000  -22.500012609.0391   18.0559
    7.5000  -30.0000  -22.500011938.3770   18.0407
   -7.5000  -22.5000  -22.500012743.8057   18.1047
    0.0000  -22.5000  -22.500013337.5029   18.0610
    7.5000  -22.5000  -22.500012636.0693   18.0485
   -7.5000  -15.0000  -22.500013456.2373   18.1165
    0.0000  -15.0000  -22.500014035.3584   18.0801
    7.5000  -15.0000  -22.500013256.3760   18.0701
   -7.5000   -7.5000  -22.500014121.6973   18.1319
    0.0000   -7.5000  -22.500014719.8076   18.0968
    7.5000   -7.5000  -22.500013884.2812   18.0877
   -7.5000    0.0000  -22.500014510.1533   18.1382
    0.0000    0.0000  -22.500015142.2480   18.0972
    7.5000    0.0000  -22.500014252.6963   18.0862
   -7.5000    7.5000  -22.500013636.6611   18.1250
    0.0000    7.5000  -22.500014269.1074   18.0754
    7.5000    7.5000  -22.500013429.5391   18.0608
   -7.5000   15.0000  -22.500012611.5322   18.1069
    0.0000   15.0000  -22.500013241.9131   18.0559
    7.5000   15.0000  -22.500012430.1211   18.0407
   -7.5000   22.5000  -22.500011495.3271   18.0991
    0.0000   22.5000  -22.500012112.3877   18.0554
    7.5000   22.5000  -22.500011361.4834   18.0429
   -7.5000   30.0000  -22.500010349.8535   17.8795
    0.0000   30.0000  -22.500010920.6299   17.8436
    7.5000   30.0000  -22.500010235.7500   17.8337
   -7.5000   37.5000  -22.5000 9592.5605   17.9263
    0.0000   37.5000  -22.500010130.5811   17.8916
    7.5000   37.5000  -22.5000 9503.3662   17.8826
   -7.5000   45.0000  -22.5000 8531.4639   17.6192
    0.0000   45.0000  -22.5000 9000.9512   17.5786
    7.5000   45.0000  -22.5000 8449.0781   17.5673
   -7.5000  -45.0000  -15.000011271.6211   18.5804
    0.0000  -45.0000  -15.000011839.1982   18.5365
    7.5000  -45.0000  -15.000011253.4834   18.5242
   -7.5000  -37.5000  -15.000011830.2344   18.5604
    0.0000  -37.5000  -15.000012452.4717   18.5091
    7.5000  -37.5000  -15.000011813.9727   18.4967
   -7.5000  -30.0000  -15.000012778.6357   18.5420
    0.0000  -30.0000  -15.000013490.7832   18.4898
    7.5000  -30.0000  -15.000012745.2246   18.4807
   -7.5000  -22.5000  -15.000013640.5049   18.5479
    0.0000  -22.5000  -15.000014258.0635   18.5020
    7.5000  -22.5000  -15.000013518.1748   18.4953
   -7.5000  -15.0000  -15.000014361.5420   18.5680
    0.0000  -15.0000  -15.000014899.1221   18.5280
    7.5000  -15.0000  -15.000014126.7480   18.5209
   -7.5000   -7.5000  -15.000015101.4648   18.5820
    0.0000   -7.5000  -15.000015639.9619   18.5432
    7.5000   -7.5000  -15.000014785.5420   18.5335
   -7.5000    0.0000  -15.000015530.0283   18.5803
    0.0000    0.0000  -15.000016111.8320   18.5364
    7.5000    0.0000  -15.000015185.8535   18.5241
   -7.5000    7.5000  -15.000014630.8877   18.5604
    0.0000    7.5000  -15.000015231.6035   18.5091
    7.5000    7.5000  -15.000014349.4365   18.4967
   -7.5000   15.0000  -15.000013527.0254   18.5420
    0.0000   15.0000  -15.000014136.8896   18.4898
    7.5000   15.0000  -15.000013307.1348   18.4807
   -7.5000   22.5000  -15.000012353.5000   18.5413
    0.0000   22.5000  -15.000012957.7227   18.4954
    7.5000   22.5000  -15.000012171.0947   18.4888
   -7.5000   30.0000  -15.000011146.3447   18.3277
    0.0000   30.0000  -15.000011714.2061   18.2882
    7.5000   30.0000  -15.000010952.0898   18.2812
   -7.5000   37.5000  -15.000010341.6230   18.3738
    0.0000   37.5000  -15.000010899.0000   18.3354
    7.5000   37.5000  -15.000010147.4648   18.3257
   -7.5000   45.0000  -15.0000 9173.8506   18.0580
    0.0000   45.0000  -15.0000 9673.9492   18.0151
    7.5000   45.0000  -15.0000 8996.2979   18.0026
   -7.5000  -45.0000   -7.500011834.1699   18.8028
    0.0000  -45.0000   -7.500012406.8447   18.7570
    7.5000  -45.0000   -7.500011825.1484   18.7479
   -7.5000  -37.5000   -7.500012448.4805   18.7763
    0.0000  -37.5000   -7.500013106.5127   18.7256
    7.5000  -37.5000   -7.500012467.4229   18.7192
   -7.5000  -30.0000   -7.500013563.1426   18.7551
    0.0000  -30.0000   -7.500014348.5645   18.7057
    7.5000  -30.0000   -7.500013589.3018   18.7031
   -7.5000  -22.5000   -7.500014639.1191   18.7651
    0.0000  -22.5000   -7.500015316.3564   18.7210
    7.5000  -22.5000   -7.500014560.6396   18.7187
   -7.5000  -15.0000   -7.500015436.4863   18.7929
    0.0000  -15.0000   -7.500015935.4814   18.7524
    7.5000  -15.0000   -7.500015172.7031   18.7471
   -7.5000   -7.5000   -7.500016252.7510   18.8092
    0.0000   -7.5000   -7.500016672.4902   18.7683
    7.5000   -7.5000   -7.500015847.2363   18.7602
   -7.5000    0.0000   -7.500016761.8770   18.8027
    0.0000    0.0000   -7.500017254.1465   18.7569
    7.5000    0.0000   -7.500016299.0586   18.7478
   -7.5000    7.5000   -7.500015850.8535   18.7763
    0.0000    7.5000   -7.500016433.7207   18.7256
    7.5000    7.5000   -7.500015462.8799   18.7192
   -7.5000   15.0000   -7.500014665.9492   18.7551
    0.0000   15.0000   -7.500015315.8203   18.7057
    7.5000   15.0000   -7.500014357.8838   18.7031
   -7.5000   22.5000   -7.500013372.7666   18.7564
    0.0000   22.5000   -7.500014046.7334   18.7124
    7.5000   22.5000   -7.500013091.2959   18.7100
   -7.5000   30.0000   -7.500012040.1484   18.5492
    0.0000   30.0000   -7.500012695.7314   18.5092
    7.5000   30.0000   -7.500011785.1875   18.5040
   -7.5000   37.5000   -7.500011196.8525   18.5978
    0.0000   37.5000   -7.500011820.4658   18.5572
    7.5000   37.5000   -7.500010912.4082   18.5491
   -7.5000   45.0000   -7.5000 9924.6582   18.2767
    0.0000   45.0000   -7.500010457.5947   18.2324
    7.5000   45.0000   -7.5000 9644.7314   18.2235
   -7.5000  -45.0000    0.000012290.7832   18.8441
    0.0000  -45.0000    0.000012882.8135   18.7990
    7.5000  -45.0000    0.000012278.7324   18.7925
   -7.5000  -37.5000    0.000012967.8271   18.8172
    0.0000  -37.5000    0.000013598.8975   18.7685
    7.5000  -37.5000    0.000012965.3076   18.7645
   -7.5000  -30.0000    0.000014282.3271   18.7920
    0.0000  -30.0000    0.000015100.9092   18.7458
    7.5000  -30.0000    0.000014280.2012   18.7432
   -7.5000  -22.5000    0.000015723.6309   18.7972
    0.0000  -22.5000    0.000016562.9336   18.7565
    7.5000  -22.5000    0.000015581.0215   18.7515
   -7.5000  -15.0000    0.000016835.4102   18.8247
    0.0000  -15.0000    0.000017465.6777   18.7865
    7.5000  -15.0000    0.000016394.4434   18.7787
   -7.5000   -7.5000    0.000017645.2715   18.8461
    0.0000   -7.5000    0.000018144.8027   18.8064
    7.5000   -7.5000    0.000017001.3164   18.7984
   -7.5000    0.0000    0.000018018.5664   18.8440
    0.0000    0.0000    0.000018644.6250   18.7989
    7.5000    0.0000    0.000017355.5039   18.7924
   -7.5000    7.5000    0.000016913.1055   18.8172
    0.0000    7.5000    0.000017656.3711   18.7685
    7.5000    7.5000    0.000016390.9141   18.7645
   -7.5000   15.0000    0.000015625.6279   18.7920
    0.0000   15.0000    0.000016411.2969   18.7458
    7.5000   15.0000    0.000015167.0635   18.7432
   -7.5000   22.5000    0.000014232.9072   18.7886
    0.0000   22.5000    0.000015016.8340   18.7479
    7.5000   22.5000    0.000013816.0244   18.7428
   -7.5000   30.0000    0.000012762.2354   18.5811
    0.0000   30.0000    0.000013523.4150   18.5434
    7.5000   30.0000    0.000012414.7188   18.5357
   -7.5000   37.5000    0.000011825.1475   18.6347
    0.0000   37.5000    0.000012516.7227   18.5953
    7.5000   37.5000    0.000011477.2168   18.5874
   -7.5000   45.0000    0.000010466.3467   18.3186
    0.0000   45.0000    0.000011040.0439   18.2752
    7.5000   45.0000    0.000010138.4395   18.2688
   -7.5000  -45.0000    7.500011886.5117   18.8386
    0.0000  -45.0000    7.500012429.2441   18.7947
    7.5000  -45.0000    7.500011813.6289   18.7879
   -7.5000  -37.5000    7.500012531.9395   18.8187
    0.0000  -37.5000    7.500013128.0234   18.7699
    7.5000  -37.5000    7.500012446.5771   18.7627
   -7.5000  -30.0000    7.500013874.9453   18.7941
    0.0000  -30.0000    7.500014677.1768   18.7474
    7.5000  -30.0000    7.500013703.7373   18.7382
   -7.5000  -22.5000    7.500015438.2725   18.7914
    0.0000  -22.5000    7.500016416.3535   18.7512
    7.5000  -22.5000    7.500015046.7764   18.7397
   -7.5000  -15.0000    7.500016635.8027   18.8098
    0.0000  -15.0000    7.500017593.4395   18.7738
    7.5000  -15.0000    7.500016007.9004   18.7620
   -7.5000   -7.5000    7.500017235.5098   18.8324
    0.0000   -7.5000    7.500018171.0156   18.7948
    7.5000   -7.5000    7.500016611.5879   18.7856
   -7.5000    0.0000    7.500017314.4961   18.8385
    0.0000    0.0000    7.500018327.6953   18.7947
    7.5000    0.0000    7.500016814.0000   18.7879
   -7.5000    7.5000    7.500016170.6865   18.8187
    0.0000    7.5000    7.500017132.4902   18.7699
    7.5000    7.5000    7.500015763.3779   18.7627
   -7.5000   15.0000    7.500014985.4365   18.7941
    0.0000   15.0000    7.500015829.7666   18.7474
    7.5000   15.0000    7.500014565.7246   18.7382
   -7.5000   22.5000    7.500013735.2432   18.7827
    0.0000   22.5000    7.500014502.7559   18.7426
    7.5000   22.5000    7.500013361.3730   18.7310
   -7.5000   30.0000    7.500012361.5068   18.5664
    0.0000   30.0000    7.500013058.6895   18.5309
    7.5000   30.0000    7.500012034.4648   18.5192
   -7.5000   37.5000    7.500011473.5840   18.6211
    0.0000   37.5000    7.500012060.6279   18.5840
    7.5000   37.5000    7.500011114.3311   18.5750
   -7.5000   45.0000    7.500010124.6240   18.3149
    0.0000   45.0000    7.500010603.9053   18.2720
    7.5000   45.0000    7.5000 9813.3574   18.2652
   -7.5000  -45.0000   15.000011319.6494   18.8297
    0.0000  -45.0000   15.000011860.4492   18.7870
    7.5000  -45.0000   15.000011170.1426   18.7785
   -7.5000  -37.5000   15.000011967.2656   18.8165
    0.0000  -37.5000   15.000012525.4189   18.7663
    7.5000  -37.5000   15.000011756.8135   18.7540
   -7.5000  -30.0000   15.000013282.9648   18.7957
    0.0000  -30.0000   15.000013965.3848   18.7456
    7.5000  -30.0000   15.000012881.6230   18.7300
   -7.5000  -22.5000   15.000014678.0420   18.7895
    0.0000  -22.5000   15.000015419.2178   18.7472
    7.5000  -22.5000   15.000014074.2129   18.7319
   -7.5000  -15.0000   15.000015485.7637   18.8003
    0.0000  -15.0000   15.000016224.2920   18.7646
    7.5000  -15.0000   15.000014953.7588   18.7520
   -7.5000   -7.5000   15.000015873.8711   18.8196
    0.0000   -7.5000   15.000016626.8887   18.7836
    7.5000   -7.5000   15.000015540.5918   18.7746
   -7.5000    0.0000   15.000016105.3379   18.8296
    0.0000    0.0000   15.000016940.3496   18.7869
    7.5000    0.0000   15.000015810.8975   18.7784
   -7.5000    7.5000   15.000015185.7080   18.8165
    0.0000    7.5000   15.000015988.4463   18.7663
    7.5000    7.5000   15.000014860.3594   18.7540
   -7.5000   15.0000   15.000014129.0020   18.7957
    0.0000   15.0000   15.000014844.4229   18.7456
    7.5000   15.0000   15.000013739.8945   18.7300
   -7.5000   22.5000   15.000012964.0771   18.7808
    0.0000   22.5000   15.000013639.0381   18.7386
    7.5000   22.5000   15.000012575.8301   18.7232
   -7.5000   30.0000   15.000011695.3359   18.5570
    0.0000   30.0000   15.000012313.7627   18.5217
    7.5000   30.0000   15.000011340.7100   18.5093
   -7.5000   37.5000   15.000010814.6445   18.6087
    0.0000   37.5000   15.000011352.8652   18.5731
    7.5000   37.5000   15.000010496.5557   18.5643
   -7.5000   45.0000   15.0000 9538.0195   18.3074
    0.0000   45.0000   15.0000 9982.7148   18.2651
    7.5000   45.0000   15.0000 9279.3467   18.2563
   -7.5000  -45.0000   22.500010555.6670   18.8931
    0.0000  -45.0000   22.500011037.9375   18.8504
    7.5000  -45.0000   22.500010368.6943   18.8388
   -7.5000  -37.5000   22.500011174.8057   18.8793
    0.0000  -37.5000   22.500011655.6201   18.8276
    7.5000  -37.5000   22.500010908.2334   18.8122
   -7.5000  -30.0000   22.500012355.9707   18.8604
    0.0000  -30.0000   22.500012962.2773   18.8073
    7.5000  -30.0000   22.500011943.6143   18.7911
   -7.5000  -22.5000   22.500013435.3262   18.8581
    0.0000  -22.5000   22.500014129.0820   18.8126
    7.5000  -22.5000   22.500013006.3145   18.7993
   -7.5000  -15.0000   22.500013977.7139   18.8703
    0.0000  -15.0000   22.500014670.8730   18.8325
    7.5000  -15.0000   22.500013721.9814   18.8219
   -7.5000   -7.5000   22.500014461.9893   18.8864
    0.0000   -7.5000   22.500015155.6768   18.8499
    7.5000   -7.5000   22.500014251.7314   18.8403
   -7.5000    0.0000   22.500014849.6719   18.8930
    0.0000    0.0000   22.500015564.3926   18.8503
    7.5000    0.0000   22.500014545.2510   18.8387
   -7.5000    7.5000   22.500014097.9355   18.8793
    0.0000    7.5000   22.500014765.6816   18.8276
    7.5000    7.5000   22.500013736.9160   18.8122
   -7.5000   15.0000   22.500013143.9893   18.8604
    0.0000   15.0000   22.500013740.1963   18.8073
    7.5000   15.0000   22.500012745.6133   18.7911
   -7.5000   22.5000   22.500012039.5898   18.8494
    0.0000   22.5000   22.500012608.7139   18.8039
    7.5000   22.5000   22.500011668.1074   18.7907
   -7.5000   30.0000   22.500010868.5850   18.6261
    0.0000   30.0000   22.500011388.3545   18.5888
    7.5000   30.0000   22.500010542.8408   18.5783
   -7.5000   37.5000   22.500010048.7725   18.6750
    0.0000   37.5000   22.500010495.4014   18.6389
    7.5000   37.5000   22.5000 9780.7441   18.6294
   -7.5000   45.0000   22.5000 8841.2920   18.3689
    0.0000   45.0000   22.5000 9235.4980   18.3265
    7.5000   45.0000   22.5000 8652.3018   18.3146
   -7.5000  -45.0000   30.0000 9822.2617   19.3249
    0.0000  -45.0000   30.000010231.2373   19.2780
    7.5000  -45.0000   30.0000 9617.4375   19.2643
   -7.5000  -37.5000   30.000010374.5986   19.3029
    0.0000  -37.5000   30.000010822.8936   19.2483
    7.5000  -37.5000   30.000010130.4727   19.2349
   -7.5000  -30.0000   30.000011383.7227   19.2831
    0.0000  -30.0000   30.000011981.8398   19.2276
    7.5000  -30.0000   30.000011101.8389   19.2178
   -7.5000  -22.5000   30.000012247.8779   19.2899
    0.0000  -22.5000   30.000012877.6904   19.2407
    7.5000  -22.5000   30.000012053.3535   19.2334
   -7.5000  -15.0000   30.000012776.8086   19.3118
    0.0000  -15.0000   30.000013378.7539   19.2687
    7.5000  -15.0000   30.000012667.7295   19.2605
   -7.5000   -7.5000   30.000013384.8369   19.3270
    0.0000   -7.5000   30.000013996.1426   19.2853
    7.5000   -7.5000   30.000013193.5127   19.2741
   -7.5000    0.0000   30.000013838.4131   19.3248
    0.0000    0.0000   30.000014461.0928   19.2779
    7.5000    0.0000   30.000013524.8135   19.2642
   -7.5000    7.5000   30.000013137.0732   19.3029
    0.0000    7.5000   30.000013727.9941   19.2483
    7.5000    7.5000   30.000012803.2578   19.2349
   -7.5000   15.0000   30.000012211.7471   19.2831
    0.0000   15.0000   30.000012737.7646   19.2276
    7.5000   15.0000   30.000011883.1162   19.2178
   -7.5000   22.5000   30.000011176.7012   19.2810
    0.0000   22.5000   30.000011685.5605   19.2318
    7.5000   22.5000   30.000010868.4082   19.2245
   -7.5000   30.0000   30.000010091.6299   19.0619
    0.0000   30.0000   30.000010547.0156   19.0194
    7.5000   30.0000   30.0000 9827.0332   19.0113
   -7.5000   37.5000   30.0000 9321.6426   19.1106
    0.0000   37.5000   30.0000 9705.3086   19.0693
    7.5000   37.5000   30.0000 9121.4541   19.0582
   -7.5000   45.0000   30.0000 8206.3291   18.7855
    0.0000   45.0000   30.0000 8545.4531   18.7396
    7.5000   45.0000   30.0000 8062.4878   18.7258
   -7.5000  -45.0000   37.5000 9443.8428   19.8882
    0.0000  -45.0000   37.5000 9863.3311   19.8373
    7.5000  -45.0000   37.5000 9272.2666   19.8246
   -7.5000  -37.5000   37.5000 9956.5498   19.8595
    0.0000  -37.5000   37.500010410.6621   19.8035
    7.5000  -37.5000   37.5000 9758.3516   19.7938
   -7.5000  -30.0000   37.500010849.0352   19.8376
    0.0000  -30.0000   37.500011417.4316   19.7833
    7.5000  -30.0000   37.500010691.1250   19.7775
   -7.5000  -22.5000   37.500011632.9014   19.8498
    0.0000  -22.5000   37.500012187.2891   19.8012
    7.5000  -22.5000   37.500011552.5488   19.7955
   -7.5000  -15.0000   37.500012229.9834   19.8800
    0.0000  -15.0000   37.500012755.9873   19.8351
    7.5000  -15.0000   37.500012118.6934   19.8263
   -7.5000   -7.5000   37.500012878.5996   19.8963
    0.0000   -7.5000   37.500013416.9668   19.8508
    7.5000   -7.5000   37.500012664.7314   19.8391
   -7.5000    0.0000   37.500013294.4170   19.8881
    0.0000    0.0000   37.500013852.1299   19.8372
    7.5000    0.0000   37.500013031.2051   19.8245
   -7.5000    7.5000   37.500012641.6641   19.8595
    0.0000    7.5000   37.500013162.8877   19.8035
    7.5000    7.5000   37.500012382.3906   19.7938
   -7.5000   15.0000   37.500011764.4814   19.8376
    0.0000   15.0000   37.500012257.6855   19.7833
    7.5000   15.0000   37.500011503.0557   19.7775
   -7.5000   22.5000   37.500010756.1201   19.8406
    0.0000   22.5000   37.500011210.5068   19.7921
    7.5000   22.5000   37.500010504.5996   19.7864
   -7.5000   30.0000   37.5000 9702.2490   19.6227
    0.0000   30.0000   37.500010117.1328   19.5784
    7.5000   30.0000   37.5000 9502.7754   19.5697
   -7.5000   37.5000   37.5000 8952.7803   19.6666
    0.0000   37.5000   37.5000 9308.7061   19.6215
    7.5000   37.5000   37.5000 8818.5527   19.6098
   -7.5000   45.0000   37.5000 7906.7017   19.3143
    0.0000   45.0000   37.5000 8209.0449   19.2652
    7.5000   45.0000   37.5000 7789.8682   19.2527
   -7.5000  -45.0000   45.0000 8726.2070   20.5260
    0.0000  -45.0000   45.0000 9099.8906   20.4730
    7.5000  -45.0000   45.0000 8621.3076   20.4594
   -7.5000  -37.5000   45.0000 9198.0889   20.4942
    0.0000  -37.5000   45.0000 9604.9668   20.4376
    7.5000  -37.5000   45.0000 9077.1768   20.4268
   -7.5000  -30.0000   45.0000 9990.6924   20.4649
    0.0000  -30.0000   45.000010480.4658   20.4118
    7.5000  -30.0000   45.0000 9884.4854   20.4019
   -7.5000  -22.5000   45.000010675.9229   20.4720
    0.0000  -22.5000   45.000011157.1807   20.4252
    7.5000  -22.5000   45.000010614.9785   20.4123
   -7.5000  -15.0000   45.000011262.6035   20.5048
    0.0000  -15.0000   45.000011727.0352   20.4606
    7.5000  -15.0000   45.000011147.8691   20.4447
   -7.5000   -7.5000   45.000011887.9580   20.5293
    0.0000   -7.5000   45.000012377.0742   20.4826
    7.5000   -7.5000   45.000011695.4893   20.4669
   -7.5000    0.0000   45.000012257.6631   20.5259
    0.0000    0.0000   45.000012757.8516   20.4729
    7.5000    0.0000   45.000012070.3682   20.4593
   -7.5000    7.5000   45.000011635.1934   20.4942
    0.0000    7.5000   45.000012102.4648   20.4376
    7.5000    7.5000   45.000011453.1113   20.4268
   -7.5000   15.0000   45.000010829.8672   20.4649
    0.0000   15.0000   45.000011278.7207   20.4118
    7.5000   15.0000   45.000010627.7432   20.4019
   -7.5000   22.5000   45.0000 9920.9541   20.4625
    0.0000   22.5000   45.000010324.3799   20.4157
    7.5000   22.5000   45.0000 9716.3994   20.4028
   -7.5000   30.0000   45.0000 8939.2480   20.2376
    0.0000   30.0000   45.0000 9328.2852   20.1940
    7.5000   30.0000   45.0000 8798.2705   20.1783
   -7.5000   37.5000   45.0000 8266.7129   20.2786
    0.0000   37.5000   45.0000 8589.0977   20.2324
    7.5000   37.5000   45.0000 8147.3853   20.2169
   -7.5000   45.0000   45.0000 7297.3560   19.9158
    0.0000   45.0000   45.0000 7570.8730   19.8647
    7.5000   45.0000   45.0000 7221.0615   19.8513

---------------------------------------------------------------------
imgreg_4dfp /usr/local/freesurfer/average/711-2C_as_mni_average_305 /usr/local/freesurfer/average/711-2B_as_mni_average_305_mask talsrcimg_g11 none talsrcimg_to_711-2C_as_mni_average_305_t4 4355
---------------------------------------------------------------------

freesurfer imgreg_4dfp.c
/usr/local/freesurfer/average/711-2C_as_mni_average_305.4dfp.img
       256       256       256         1
  1.000000  1.000000  1.000000
orientation T byte_order littleendian
Reading image: /usr/local/freesurfer/average/711-2C_as_mni_average_305.4dfp.img
dimensions:      256       256       256
mmppix:       1.0000   -1.0000   -1.0000
center:     128.0000 -129.0000 -129.0000
/usr/local/freesurfer/average/711-2B_as_mni_average_305_mask.4dfp.img
       256       256       256         1
  1.000000  1.000000  1.000000
orientation T byte_order littleendian
Reading mask: /usr/local/freesurfer/average/711-2B_as_mni_average_305_mask.4dfp.img (2306576 pixels)
talsrcimg_g11.4dfp.img
       256       256       256         1
  1.000000  1.000000  1.000000
orientation T byte_order littleendian
Reading image: talsrcimg_g11.4dfp.img
dimensions:      256       256       256
mmppix:       1.0000   -1.0000   -1.0000
center:     128.0000 -129.0000 -129.0000
rotation matrix determinant  1.000000
image alignment mode   4355 decimal     1103 hex
   -7.5000  -45.0000  -45.0000 2371.8362   18.1869
    0.0000  -45.0000  -45.0000 2390.2937   18.1856
    7.5000  -45.0000  -45.0000 2376.3108   18.1600
   -7.5000  -37.5000  -45.0000 2406.2410   17.4050
    0.0000  -37.5000  -45.0000 2428.9746   17.3584
    7.5000  -37.5000  -45.0000 2408.1912   17.3577
   -7.5000  -30.0000  -45.0000 2426.7039   16.9555
    0.0000  -30.0000  -45.0000 2451.7485   16.8778
    7.5000  -30.0000  -45.0000 2426.3064   16.9308
   -7.5000  -22.5000  -45.0000 2434.0039   16.8129
    0.0000  -22.5000  -45.0000 2459.2368   16.7168
    7.5000  -22.5000  -45.0000 2431.1489   16.7585
   -7.5000  -15.0000  -45.0000 2431.4951   17.0037
    0.0000  -15.0000  -45.0000 2450.6143   16.8619
    7.5000  -15.0000  -45.0000 2428.0071   16.9150
   -7.5000   -7.5000  -45.0000 2415.5779   17.5518
    0.0000   -7.5000  -45.0000 2441.3044   17.4466
    7.5000   -7.5000  -45.0000 2413.5222   17.4333
   -7.5000    0.0000  -45.0000 2379.9663   18.3651
    0.0000    0.0000  -45.0000 2403.4792   18.2652
    7.5000    0.0000  -45.0000 2380.1790   18.2212
   -7.5000    7.5000  -45.0000 2328.7117   19.3865
    0.0000    7.5000  -45.0000 2354.3879   19.2834
    7.5000    7.5000  -45.0000 2330.7427   19.2383
   -7.5000   15.0000  -45.0000 2260.2632   20.5924
    0.0000   15.0000  -45.0000 2284.6536   20.5586
    7.5000   15.0000  -45.0000 2263.8342   20.5345
   -7.5000   22.5000  -45.0000 2177.8501   22.3290
    0.0000   22.5000  -45.0000 2199.1262   22.2326
    7.5000   22.5000  -45.0000 2179.5835   22.2750
   -7.5000   30.0000  -45.0000 2077.5679   24.5919
    0.0000   30.0000  -45.0000 2094.8442   24.5174
    7.5000   30.0000  -45.0000 2079.9465   24.5692
   -7.5000   37.5000  -45.0000 1957.1625   27.6015
    0.0000   37.5000  -45.0000 1972.8578   27.3822
    7.5000   37.5000  -45.0000 1962.4271   27.5155
   -7.5000   45.0000  -45.0000 1827.2250   31.3268
    0.0000   45.0000  -45.0000 1838.3413   30.9585
    7.5000   45.0000  -45.0000 1833.6846   31.2194
   -7.5000  -45.0000  -37.5000 2465.6855   17.1758
    0.0000  -45.0000  -37.5000 2488.3960   17.2045
    7.5000  -45.0000  -37.5000 2463.9011   17.1096
   -7.5000  -37.5000  -37.5000 2497.9590   16.3746
    0.0000  -37.5000  -37.5000 2524.2188   16.3615
    7.5000  -37.5000  -37.5000 2501.1658   16.2694
   -7.5000  -30.0000  -37.5000 2519.1499   15.9152
    0.0000  -30.0000  -37.5000 2544.0710   15.8387
    7.5000  -30.0000  -37.5000 2520.2517   15.8010
   -7.5000  -22.5000  -37.5000 2531.4238   15.7263
    0.0000  -22.5000  -37.5000 2553.8779   15.6060
    7.5000  -22.5000  -37.5000 2528.9241   15.6134
   -7.5000  -15.0000  -37.5000 2526.5645   15.8153
    0.0000  -15.0000  -37.5000 2545.7390   15.6999
    7.5000  -15.0000  -37.5000 2522.7007   15.7014
   -7.5000   -7.5000  -37.5000 2513.2798   16.3072
    0.0000   -7.5000  -37.5000 2536.2280   16.2122
    7.5000   -7.5000  -37.5000 2509.9834   16.1672
   -7.5000    0.0000  -37.5000 2478.5552   17.0593
    0.0000    0.0000  -37.5000 2500.6968   16.9477
    7.5000    0.0000  -37.5000 2480.1604   16.9166
   -7.5000    7.5000  -37.5000 2421.6443   17.9384
    0.0000    7.5000  -37.5000 2451.5532   17.8738
    7.5000    7.5000  -37.5000 2430.6140   17.8494
   -7.5000   15.0000  -37.5000 2353.8489   19.0831
    0.0000   15.0000  -37.5000 2383.7051   19.0621
    7.5000   15.0000  -37.5000 2361.8521   19.0051
   -7.5000   22.5000  -37.5000 2270.8997   20.7132
    0.0000   22.5000  -37.5000 2301.0513   20.6500
    7.5000   22.5000  -37.5000 2275.3066   20.6350
   -7.5000   30.0000  -37.5000 2161.1460   22.7998
    0.0000   30.0000  -37.5000 2187.9775   22.7630
    7.5000   30.0000  -37.5000 2163.9939   22.7021
   -7.5000   37.5000  -37.5000 2035.7542   25.5197
    0.0000   37.5000  -37.5000 2055.4822   25.3624
    7.5000   37.5000  -37.5000 2040.8386   25.3737
   -7.5000   45.0000  -37.5000 1904.9653   28.9024
    0.0000   45.0000  -37.5000 1920.0845   28.6470
    7.5000   45.0000  -37.5000 1909.3398   28.7859
   -7.5000  -45.0000  -30.0000 2588.1602   16.7940
    0.0000  -45.0000  -30.0000 2616.8772   16.7766
    7.5000  -45.0000  -30.0000 2579.3362   16.6637
   -7.5000  -37.5000  -30.0000 2628.5642   16.0206
    0.0000  -37.5000  -30.0000 2661.1284   15.9814
    7.5000  -37.5000  -30.0000 2625.8809   15.8408
   -7.5000  -30.0000  -30.0000 2645.8811   15.5077
    0.0000  -30.0000  -30.0000 2676.0303   15.4037
    7.5000  -30.0000  -30.0000 2646.8008   15.3048
   -7.5000  -22.5000  -30.0000 2656.6995   15.2524
    0.0000  -22.5000  -30.0000 2678.8044   15.1100
    7.5000  -22.5000  -30.0000 2653.6831   15.0849
   -7.5000  -15.0000  -30.0000 2651.7505   15.2764
    0.0000  -15.0000  -30.0000 2673.0923   15.1492
    7.5000  -15.0000  -30.0000 2651.4226   15.1316
   -7.5000   -7.5000  -30.0000 2641.8035   15.7185
    0.0000   -7.5000  -30.0000 2669.6331   15.6200
    7.5000   -7.5000  -30.0000 2642.9326   15.6064
   -7.5000    0.0000  -30.0000 2613.4636   16.4196
    0.0000    0.0000  -30.0000 2635.7332   16.3055
    7.5000    0.0000  -30.0000 2615.9705   16.3191
   -7.5000    7.5000  -30.0000 2559.6831   17.2953
    0.0000    7.5000  -30.0000 2585.3323   17.1754
    7.5000    7.5000  -30.0000 2565.0410   17.1837
   -7.5000   15.0000  -30.0000 2484.9548   18.4107
    0.0000   15.0000  -30.0000 2507.6453   18.3210
    7.5000   15.0000  -30.0000 2490.5964   18.2830
   -7.5000   22.5000  -30.0000 2397.2085   19.9181
    0.0000   22.5000  -30.0000 2424.8752   19.8325
    7.5000   22.5000  -30.0000 2398.8469   19.8069
   -7.5000   30.0000  -30.0000 2287.9604   21.9467
    0.0000   30.0000  -30.0000 2312.4287   21.8809
    7.5000   30.0000  -30.0000 2285.4097   21.8164
   -7.5000   37.5000  -30.0000 2151.1399   24.5160
    0.0000   37.5000  -30.0000 2170.6665   24.4368
    7.5000   37.5000  -30.0000 2144.3188   24.3300
   -7.5000   45.0000  -30.0000 2001.0066   27.7726
    0.0000   45.0000  -30.0000 2021.1505   27.6223
    7.5000   45.0000  -30.0000 1996.8984   27.6085
   -7.5000  -45.0000  -22.5000 2673.3970   16.3478
    0.0000  -45.0000  -22.5000 2697.6453   16.2831
    7.5000  -45.0000  -22.5000 2659.7493   16.1959
   -7.5000  -37.5000  -22.5000 2720.9866   15.5429
    0.0000  -37.5000  -22.5000 2747.7288   15.4462
    7.5000  -37.5000  -22.5000 2710.2668   15.3310
   -7.5000  -30.0000  -22.5000 2742.4580   15.0012
    0.0000  -30.0000  -22.5000 2774.2832   14.8919
    7.5000  -30.0000  -22.5000 2738.5767   14.7787
   -7.5000  -22.5000  -22.5000 2748.8582   14.7045
    0.0000  -22.5000  -22.5000 2771.4517   14.4928
    7.5000  -22.5000  -22.5000 2742.5012   14.4708
   -7.5000  -15.0000  -22.5000 2746.4277   14.6834
    0.0000  -15.0000  -22.5000 2764.5144   14.4981
    7.5000  -15.0000  -22.5000 2738.6746   14.5005
   -7.5000   -7.5000  -22.5000 2743.0417   15.1055
    0.0000   -7.5000  -22.5000 2763.6030   14.9344
    7.5000   -7.5000  -22.5000 2741.1143   14.9631
   -7.5000    0.0000  -22.5000 2714.8948   15.8071
    0.0000    0.0000  -22.5000 2732.2659   15.6058
    7.5000    0.0000  -22.5000 2718.4500   15.6559
   -7.5000    7.5000  -22.5000 2662.7527   16.6352
    0.0000    7.5000  -22.5000 2680.5261   16.4439
    7.5000    7.5000  -22.5000 2665.9758   16.4708
   -7.5000   15.0000  -22.5000 2590.0767   17.7200
    0.0000   15.0000  -22.5000 2605.6870   17.5595
    7.5000   15.0000  -22.5000 2583.7227   17.5413
   -7.5000   22.5000  -22.5000 2493.5972   19.1831
    0.0000   22.5000  -22.5000 2516.4338   19.0813
    7.5000   22.5000  -22.5000 2489.5347   19.0526
   -7.5000   30.0000  -22.5000 2382.3401   21.1032
    0.0000   30.0000  -22.5000 2401.9585   20.9779
    7.5000   30.0000  -22.5000 2373.4265   20.9931
   -7.5000   37.5000  -22.5000 2238.8574   23.5269
    0.0000   37.5000  -22.5000 2258.4475   23.4275
    7.5000   37.5000  -22.5000 2230.5146   23.4035
   -7.5000   45.0000  -22.5000 2079.2185   26.6429
    0.0000   45.0000  -22.5000 2095.5193   26.4821
    7.5000   45.0000  -22.5000 2070.3767   26.5760
   -7.5000  -45.0000  -15.0000 2705.1426   16.0203
    0.0000  -45.0000  -15.0000 2726.4854   15.8506
    7.5000  -45.0000  -15.0000 2686.7825   15.7589
   -7.5000  -37.5000  -15.0000 2757.7754   15.1515
    0.0000  -37.5000  -15.0000 2782.1377   14.9647
    7.5000  -37.5000  -15.0000 2747.2256   14.9018
   -7.5000  -30.0000  -15.0000 2782.2542   14.6106
    0.0000  -30.0000  -15.0000 2812.3650   14.4041
    7.5000  -30.0000  -15.0000 2781.1885   14.3453
   -7.5000  -22.5000  -15.0000 2792.4385   14.2949
    0.0000  -22.5000  -15.0000 2816.3093   14.0162
    7.5000  -22.5000  -15.0000 2786.7117   14.0415
   -7.5000  -15.0000  -15.0000 2797.4380   14.2011
    0.0000  -15.0000  -15.0000 2802.4336   13.8843
    7.5000  -15.0000  -15.0000 2779.4629   13.9733
   -7.5000   -7.5000  -15.0000 2800.8323   14.6162
    0.0000   -7.5000  -15.0000 2802.2217   14.3024
    7.5000   -7.5000  -15.0000 2787.5090   14.4014
   -7.5000    0.0000  -15.0000 2775.0791   15.3384
    0.0000    0.0000  -15.0000 2777.8455   14.9963
    7.5000    0.0000  -15.0000 2769.6243   15.0849
   -7.5000    7.5000  -15.0000 2725.7366   16.1586
    0.0000    7.5000  -15.0000 2731.3198   15.8292
    7.5000    7.5000  -15.0000 2720.1956   15.8941
   -7.5000   15.0000  -15.0000 2647.5278   17.1577
    0.0000   15.0000  -15.0000 2653.9553   16.8615
    7.5000   15.0000  -15.0000 2643.4636   16.9728
   -7.5000   22.5000  -15.0000 2550.6614   18.5480
    0.0000   22.5000  -15.0000 2565.9070   18.3314
    7.5000   22.5000  -15.0000 2546.7090   18.4835
   -7.5000   30.0000  -15.0000 2436.7021   20.3927
    0.0000   30.0000  -15.0000 2455.3057   20.2051
    7.5000   30.0000  -15.0000 2429.0344   20.3403
   -7.5000   37.5000  -15.0000 2295.4797   22.6986
    0.0000   37.5000  -15.0000 2315.7000   22.5763
    7.5000   37.5000  -15.0000 2283.9333   22.6533
   -7.5000   45.0000  -15.0000 2129.5007   25.6771
    0.0000   45.0000  -15.0000 2147.6970   25.5379
    7.5000   45.0000  -15.0000 2120.9651   25.7451
   -7.5000  -45.0000   -7.5000 2715.4468   15.8131
    0.0000  -45.0000   -7.5000 2729.2068   15.5520
    7.5000  -45.0000   -7.5000 2702.9946   15.5723
   -7.5000  -37.5000   -7.5000 2764.6338   14.9282
    0.0000  -37.5000   -7.5000 2779.4548   14.6704
    7.5000  -37.5000   -7.5000 2761.5725   14.7139
   -7.5000  -30.0000   -7.5000 2793.8762   14.4106
    0.0000  -30.0000   -7.5000 2813.5400   14.1570
    7.5000  -30.0000   -7.5000 2800.0925   14.1765
   -7.5000  -22.5000   -7.5000 2814.5493   14.1226
    0.0000  -22.5000   -7.5000 2831.4028   13.8385
    7.5000  -22.5000   -7.5000 2816.7295   13.8993
   -7.5000  -15.0000   -7.5000 2817.1750   14.0050
    0.0000  -15.0000   -7.5000 2807.8245   13.5522
    7.5000  -15.0000   -7.5000 2806.9160   13.7734
   -7.5000   -7.5000   -7.5000 2833.9541   14.3558
    0.0000   -7.5000   -7.5000 2809.4619   13.8887
    7.5000   -7.5000   -7.5000 2817.5654   14.1072
   -7.5000    0.0000   -7.5000 2819.3113   15.0431
    0.0000    0.0000   -7.5000 2795.3123   14.5793
    7.5000    0.0000   -7.5000 2803.8271   14.7382
   -7.5000    7.5000   -7.5000 2778.0427   15.7962
    0.0000    7.5000   -7.5000 2764.1443   15.3936
    7.5000    7.5000   -7.5000 2762.3647   15.5073
   -7.5000   15.0000   -7.5000 2693.8298   16.7285
    0.0000   15.0000   -7.5000 2696.3054   16.4221
    7.5000   15.0000   -7.5000 2693.4314   16.5930
   -7.5000   22.5000   -7.5000 2602.0134   18.0862
    0.0000   22.5000   -7.5000 2612.8665   17.8453
    7.5000   22.5000   -7.5000 2598.8938   18.0362
   -7.5000   30.0000   -7.5000 2486.7480   19.8962
    0.0000   30.0000   -7.5000 2503.7756   19.7543
    7.5000   30.0000   -7.5000 2484.5491   19.8885
   -7.5000   37.5000   -7.5000 2345.4084   22.1339
    0.0000   37.5000   -7.5000 2361.4016   22.0756
    7.5000   37.5000   -7.5000 2334.1479   22.1833
   -7.5000   45.0000   -7.5000 2168.4539   24.9931
    0.0000   45.0000   -7.5000 2183.1162   24.8319
    7.5000   45.0000   -7.5000 2161.6467   25.0101
   -7.5000  -45.0000    0.0000 2700.0369   15.8344
    0.0000  -45.0000    0.0000 2714.3225   15.5674
    7.5000  -45.0000    0.0000 2696.3054   15.5767
   -7.5000  -37.5000    0.0000 2760.4624   14.9974
    0.0000  -37.5000    0.0000 2766.5112   14.6938
    7.5000  -37.5000    0.0000 2760.4614   14.7603
   -7.5000  -30.0000    0.0000 2804.7031   14.5615
    0.0000  -30.0000    0.0000 2804.3821   14.2816
    7.5000  -30.0000    0.0000 2811.8745   14.3164
   -7.5000  -22.5000    0.0000 2848.4788   14.3924
    0.0000  -22.5000    0.0000 2847.6216   14.1385
    7.5000  -22.5000    0.0000 2845.6331   14.1459
   -7.5000  -15.0000    0.0000 2871.1233   14.3217
    0.0000  -15.0000    0.0000 2860.7920   13.9997
    7.5000  -15.0000    0.0000 2848.0295   14.0816
   -7.5000   -7.5000    0.0000 2865.6621   14.4341
    0.0000   -7.5000    0.0000 2839.3618   14.0180
    7.5000   -7.5000    0.0000 2837.2195   14.1603
   -7.5000    0.0000    0.0000 2837.0623   14.8253
    0.0000    0.0000    0.0000 2821.6877   14.4890
    7.5000    0.0000    0.0000 2810.1594   14.5374
   -7.5000    7.5000    0.0000 2786.7637   15.4396
    0.0000    7.5000    0.0000 2787.6716   15.2203
    7.5000    7.5000    0.0000 2773.1223   15.2524
   -7.5000   15.0000    0.0000 2713.2373   16.3362
    0.0000   15.0000    0.0000 2723.9260   16.2102
    7.5000   15.0000    0.0000 2704.5828   16.2704
   -7.5000   22.5000    0.0000 2621.6946   17.6462
    0.0000   22.5000    0.0000 2642.0571   17.6093
    7.5000   22.5000    0.0000 2618.2139   17.6845
   -7.5000   30.0000    0.0000 2504.3938   19.4413
    0.0000   30.0000    0.0000 2534.3291   19.5220
    7.5000   30.0000    0.0000 2500.5457   19.4962
   -7.5000   37.5000    0.0000 2363.3499   21.7124
    0.0000   37.5000    0.0000 2393.4180   21.8059
    7.5000   37.5000    0.0000 2355.6157   21.7616
   -7.5000   45.0000    0.0000 2188.7583   24.4610
    0.0000   45.0000    0.0000 2213.1379   24.4863
    7.5000   45.0000    0.0000 2178.8645   24.4940
   -7.5000  -45.0000    7.5000 2673.0740   16.1632
    0.0000  -45.0000    7.5000 2676.6577   15.8710
    7.5000  -45.0000    7.5000 2671.6194   15.9052
   -7.5000  -37.5000    7.5000 2751.9172   15.3739
    0.0000  -37.5000    7.5000 2755.6482   15.1048
    7.5000  -37.5000    7.5000 2752.5759   15.1460
   -7.5000  -30.0000    7.5000 2815.2002   14.9656
    0.0000  -30.0000    7.5000 2821.3579   14.7513
    7.5000  -30.0000    7.5000 2811.8557   14.7338
   -7.5000  -22.5000    7.5000 2870.0801   14.7985
    0.0000  -22.5000    7.5000 2887.6094   14.6625
    7.5000  -22.5000    7.5000 2858.6829   14.5821
   -7.5000  -15.0000    7.5000 2895.8550   14.6800
    0.0000  -15.0000    7.5000 2917.9683   14.5459
    7.5000  -15.0000    7.5000 2865.7817   14.5044
   -7.5000   -7.5000    7.5000 2878.9304   14.5978
    0.0000   -7.5000    7.5000 2887.9434   14.4515
    7.5000   -7.5000    7.5000 2848.2236   14.4553
   -7.5000    0.0000    7.5000 2826.4617   14.7047
    0.0000    0.0000    7.5000 2843.5632   14.6349
    7.5000    0.0000    7.5000 2812.2849   14.6520
   -7.5000    7.5000    7.5000 2766.1682   15.1739
    0.0000    7.5000    7.5000 2782.5054   15.1316
    7.5000    7.5000    7.5000 2767.7488   15.2401
   -7.5000   15.0000    7.5000 2696.8992   16.1054
    0.0000   15.0000    7.5000 2711.7019   16.0563
    7.5000   15.0000    7.5000 2696.8442   16.1798
   -7.5000   22.5000    7.5000 2618.0918   17.4919
    0.0000   22.5000    7.5000 2637.4910   17.4510
    7.5000   22.5000    7.5000 2614.6755   17.5389
   -7.5000   30.0000    7.5000 2509.8450   19.3185
    0.0000   30.0000    7.5000 2533.7083   19.3002
    7.5000   30.0000    7.5000 2501.4990   19.3364
   -7.5000   37.5000    7.5000 2374.1104   21.5980
    0.0000   37.5000    7.5000 2397.8530   21.5894
    7.5000   37.5000    7.5000 2358.7078   21.5965
   -7.5000   45.0000    7.5000 2199.0542   24.3912
    0.0000   45.0000    7.5000 2222.7002   24.3471
    7.5000   45.0000    7.5000 2187.4114   24.3789
   -7.5000  -45.0000   15.0000 2645.6936   16.8549
    0.0000  -45.0000   15.0000 2650.8477   16.6126
    7.5000  -45.0000   15.0000 2643.1746   16.6581
   -7.5000  -37.5000   15.0000 2734.3240   15.9820
    0.0000  -37.5000   15.0000 2741.0823   15.7590
    7.5000  -37.5000   15.0000 2731.2307   15.7841
   -7.5000  -30.0000   15.0000 2806.2781   15.4419
    0.0000  -30.0000   15.0000 2820.3086   15.2349
    7.5000  -30.0000   15.0000 2796.7720   15.2466
   -7.5000  -22.5000   15.0000 2867.4929   15.1296
    0.0000  -22.5000   15.0000 2885.7864   14.9597
    7.5000  -22.5000   15.0000 2849.0879   14.9258
   -7.5000  -15.0000   15.0000 2885.0410   14.7948
    0.0000  -15.0000   15.0000 2902.3784   14.5999
    7.5000  -15.0000   15.0000 2855.3315   14.7182
   -7.5000   -7.5000   15.0000 2852.1177   14.5373
    0.0000   -7.5000   15.0000 2865.1077   14.3734
    7.5000   -7.5000   15.0000 2840.9099   14.6480
   -7.5000    0.0000   15.0000 2805.8118   14.6747
    0.0000    0.0000   15.0000 2822.3105   14.6015
    7.5000    0.0000   15.0000 2811.9460   14.9449
   -7.5000    7.5000   15.0000 2762.7588   15.3647
    0.0000    7.5000   15.0000 2781.4895   15.3276
    7.5000    7.5000   15.0000 2764.1777   15.5591
   -7.5000   15.0000   15.0000 2691.1289   16.4010
    0.0000   15.0000   15.0000 2708.5476   16.3861
    7.5000   15.0000   15.0000 2686.4512   16.5057
   -7.5000   22.5000   15.0000 2605.7217   17.8031
    0.0000   22.5000   15.0000 2629.8269   17.7844
    7.5000   22.5000   15.0000 2602.2607   17.8279
   -7.5000   30.0000   15.0000 2501.9451   19.5850
    0.0000   30.0000   15.0000 2525.8811   19.6190
    7.5000   30.0000   15.0000 2486.4072   19.5828
   -7.5000   37.5000   15.0000 2366.2551   21.7659
    0.0000   37.5000   15.0000 2386.7488   21.8169
    7.5000   37.5000   15.0000 2346.5107   21.7460
   -7.5000   45.0000   15.0000 2196.0774   24.5589
    0.0000   45.0000   15.0000 2222.4902   24.4702
    7.5000   45.0000   15.0000 2187.0742   24.4439
   -7.5000  -45.0000   22.5000 2606.3813   17.5454
    0.0000  -45.0000   22.5000 2618.7861   17.3212
    7.5000  -45.0000   22.5000 2606.6965   17.4552
   -7.5000  -37.5000   22.5000 2697.5725   16.5412
    0.0000  -37.5000   22.5000 2711.8984   16.2956
    7.5000  -37.5000   22.5000 2697.7668   16.4459
   -7.5000  -30.0000   22.5000 2774.6328   15.8648
    0.0000  -30.0000   22.5000 2789.6072   15.6403
    7.5000  -30.0000   22.5000 2769.0002   15.7401
   -7.5000  -22.5000   22.5000 2830.3213   15.4047
    0.0000  -22.5000   22.5000 2852.3691   15.2214
    7.5000  -22.5000   22.5000 2815.1094   15.2967
   -7.5000  -15.0000   22.5000 2831.6475   14.8445
    0.0000  -15.0000   22.5000 2856.3633   14.7232
    7.5000  -15.0000   22.5000 2821.4932   15.0385
   -7.5000   -7.5000   22.5000 2808.9473   14.5905
    0.0000   -7.5000   22.5000 2825.2524   14.4892
    7.5000   -7.5000   22.5000 2817.5466   14.9880
   -7.5000    0.0000   22.5000 2791.8572   14.9582
    0.0000    0.0000   22.5000 2808.5520   14.8700
    7.5000    0.0000   22.5000 2789.3311   15.2490
   -7.5000    7.5000   22.5000 2757.4697   15.7822
    0.0000    7.5000   22.5000 2773.2153   15.6895
    7.5000    7.5000   22.5000 2743.7563   15.9325
   -7.5000   15.0000   22.5000 2686.0066   16.9165
    0.0000   15.0000   22.5000 2703.0725   16.8690
    7.5000   15.0000   22.5000 2672.2766   17.0145
   -7.5000   22.5000   22.5000 2592.7925   18.3893
    0.0000   22.5000   22.5000 2618.0542   18.4059
    7.5000   22.5000   22.5000 2581.8035   18.4461
   -7.5000   30.0000   22.5000 2484.1482   20.2033
    0.0000   30.0000   22.5000 2508.9011   20.2424
    7.5000   30.0000   22.5000 2461.8047   20.2378
   -7.5000   37.5000   22.5000 2344.2190   22.3315
    0.0000   37.5000   22.5000 2364.5066   22.3607
    7.5000   37.5000   22.5000 2326.0320   22.3126
   -7.5000   45.0000   22.5000 2170.6057   24.9724
    0.0000   45.0000   22.5000 2199.5942   24.9360
    7.5000   45.0000   22.5000 2169.5286   24.9244
   -7.5000  -45.0000   30.0000 2552.7249   18.2784
    0.0000  -45.0000   30.0000 2567.4253   18.0829
    7.5000  -45.0000   30.0000 2555.0029   18.3142
   -7.5000  -37.5000   30.0000 2642.0049   17.1500
    0.0000  -37.5000   30.0000 2654.1235   16.9293
    7.5000  -37.5000   30.0000 2642.7400   17.1158
   -7.5000  -30.0000   30.0000 2710.0195   16.3320
    0.0000  -30.0000   30.0000 2727.6370   16.1404
    7.5000  -30.0000   30.0000 2709.4990   16.2908
   -7.5000  -22.5000   30.0000 2759.8350   15.7051
    0.0000  -22.5000   30.0000 2783.8928   15.5687
    7.5000  -22.5000   30.0000 2759.4175   15.8021
   -7.5000  -15.0000   30.0000 2756.2329   15.0786
    0.0000  -15.0000   30.0000 2773.7151   14.9918
    7.5000  -15.0000   30.0000 2769.5732   15.5166
   -7.5000   -7.5000   30.0000 2759.5051   15.1204
    0.0000   -7.5000   30.0000 2778.3831   15.0154
    7.5000   -7.5000   30.0000 2767.8213   15.5089
   -7.5000    0.0000   30.0000 2753.7383   15.5992
    0.0000    0.0000   30.0000 2774.7634   15.4879
    7.5000    0.0000   30.0000 2745.9160   15.8086
   -7.5000    7.5000   30.0000 2710.1440   16.3986
    0.0000    7.5000   30.0000 2730.2896   16.3113
    7.5000    7.5000   30.0000 2699.8079   16.5535
   -7.5000   15.0000   30.0000 2646.1182   17.4858
    0.0000   15.0000   30.0000 2661.9424   17.4487
    7.5000   15.0000   30.0000 2628.0271   17.6393
   -7.5000   22.5000   30.0000 2565.8193   19.0353
    0.0000   22.5000   30.0000 2587.2729   19.0296
    7.5000   22.5000   30.0000 2543.0581   19.1437
   -7.5000   30.0000   30.0000 2449.8042   20.9106
    0.0000   30.0000   30.0000 2474.8215   20.9373
    7.5000   30.0000   30.0000 2428.4512   20.9836
   -7.5000   37.5000   30.0000 2299.1907   23.0836
    0.0000   37.5000   30.0000 2319.3638   23.1343
    7.5000   37.5000   30.0000 2292.3323   23.0847
   -7.5000   45.0000   30.0000 2129.7529   25.7441
    0.0000   45.0000   30.0000 2153.5076   25.6793
    7.5000   45.0000   30.0000 2132.6101   25.7101
   -7.5000  -45.0000   37.5000 2492.4441   19.0933
    0.0000  -45.0000   37.5000 2508.0940   18.9248
    7.5000  -45.0000   37.5000 2497.1614   19.2075
   -7.5000  -37.5000   37.5000 2573.4705   17.8527
    0.0000  -37.5000   37.5000 2586.3918   17.6505
    7.5000  -37.5000   37.5000 2577.8218   17.8901
   -7.5000  -30.0000   37.5000 2633.3137   16.8802
    0.0000  -30.0000   37.5000 2646.9746   16.6947
    7.5000  -30.0000   37.5000 2643.4951   16.9629
   -7.5000  -22.5000   37.5000 2677.7954   16.1261
    0.0000  -22.5000   37.5000 2694.4983   15.9863
    7.5000  -22.5000   37.5000 2689.7615   16.4103
   -7.5000  -15.0000   37.5000 2690.5396   15.6479
    0.0000  -15.0000   37.5000 2698.0476   15.5386
    7.5000  -15.0000   37.5000 2703.1267   16.1079
   -7.5000   -7.5000   37.5000 2702.8689   15.9474
    0.0000   -7.5000   37.5000 2716.8000   15.8233
    7.5000   -7.5000   37.5000 2699.2048   16.2253
   -7.5000    0.0000   37.5000 2682.3777   16.4959
    0.0000    0.0000   37.5000 2697.0269   16.3781
    7.5000    0.0000   37.5000 2675.2900   16.6808
   -7.5000    7.5000   37.5000 2645.3875   17.2179
    0.0000    7.5000   37.5000 2660.2795   17.1401
    7.5000    7.5000   37.5000 2636.2832   17.3799
   -7.5000   15.0000   37.5000 2592.1941   18.2615
    0.0000   15.0000   37.5000 2605.9990   18.2219
    7.5000   15.0000   37.5000 2571.7668   18.4298
   -7.5000   22.5000   37.5000 2515.5000   19.7242
    0.0000   22.5000   37.5000 2531.7207   19.7691
    7.5000   22.5000   37.5000 2487.3523   19.9211
   -7.5000   30.0000   37.5000 2396.2693   21.6162
    0.0000   30.0000   37.5000 2422.2219   21.6948
    7.5000   30.0000   37.5000 2380.0759   21.8049
   -7.5000   37.5000   37.5000 2242.9658   23.9536
    0.0000   37.5000   37.5000 2263.0054   24.0109
    7.5000   37.5000   37.5000 2241.5757   24.0658
   -7.5000   45.0000   37.5000 2088.9172   26.6413
    0.0000   45.0000   37.5000 2099.2388   26.6017
    7.5000   45.0000   37.5000 2073.9358   26.7113
   -7.5000  -45.0000   45.0000 2421.1775   20.0224
    0.0000  -45.0000   45.0000 2429.1218   19.8026
    7.5000  -45.0000   45.0000 2432.2559   20.2662
   -7.5000  -37.5000   45.0000 2495.1428   18.6424
    0.0000  -37.5000   45.0000 2502.9165   18.4268
    7.5000  -37.5000   45.0000 2507.6599   18.8876
   -7.5000  -30.0000   45.0000 2554.3289   17.5811
    0.0000  -30.0000   45.0000 2565.6897   17.3805
    7.5000  -30.0000   45.0000 2567.2043   17.8520
   -7.5000  -22.5000   45.0000 2594.4758   16.8088
    0.0000  -22.5000   45.0000 2608.8347   16.6483
    7.5000  -22.5000   45.0000 2603.3542   17.1843
   -7.5000  -15.0000   45.0000 2618.3215   16.4809
    0.0000  -15.0000   45.0000 2624.4785   16.3638
    7.5000  -15.0000   45.0000 2616.9563   16.8299
   -7.5000   -7.5000   45.0000 2628.2712   16.8651
    0.0000   -7.5000   45.0000 2643.8318   16.7593
    7.5000   -7.5000   45.0000 2617.1792   17.0992
   -7.5000    0.0000   45.0000 2597.1013   17.5216
    0.0000    0.0000   45.0000 2613.6953   17.4048
    7.5000    0.0000   45.0000 2595.7773   17.6887
   -7.5000    7.5000   45.0000 2555.1182   18.2677
    0.0000    7.5000   45.0000 2570.8870   18.1766
    7.5000    7.5000   45.0000 2551.9832   18.4421
   -7.5000   15.0000   45.0000 2512.8643   19.2650
    0.0000   15.0000   45.0000 2528.4905   19.1847
    7.5000   15.0000   45.0000 2495.4822   19.4322
   -7.5000   22.5000   45.0000 2445.5186   20.6253
    0.0000   22.5000   45.0000 2461.0071   20.6384
    7.5000   22.5000   45.0000 2416.8535   20.8592
   -7.5000   30.0000   45.0000 2326.8262   22.5490
    0.0000   30.0000   45.0000 2350.4946   22.6071
    7.5000   30.0000   45.0000 2314.5286   22.7934
   -7.5000   37.5000   45.0000 2183.1956   24.9322
    0.0000   37.5000   45.0000 2194.5288   24.9302
    7.5000   37.5000   45.0000 2170.0474   25.1015
   -7.5000   45.0000   45.0000 2031.2362   27.8718
    0.0000   45.0000   45.0000 2037.0659   27.7209
    7.5000   45.0000   45.0000 2022.3115   27.9663

---------------------------------------------------------------------
imgreg_4dfp /usr/local/freesurfer/average/711-2C_as_mni_average_305 /usr/local/freesurfer/average/711-2B_as_mni_average_305_mask talsrcimg_g11 none talsrcimg_to_711-2C_as_mni_average_305_t4 1283
---------------------------------------------------------------------

freesurfer imgreg_4dfp.c
/usr/local/freesurfer/average/711-2C_as_mni_average_305.4dfp.img
       256       256       256         1
  1.000000  1.000000  1.000000
orientation T byte_order littleendian
Reading image: /usr/local/freesurfer/average/711-2C_as_mni_average_305.4dfp.img
dimensions:      256       256       256
mmppix:       1.0000   -1.0000   -1.0000
center:     128.0000 -129.0000 -129.0000
/usr/local/freesurfer/average/711-2B_as_mni_average_305_mask.4dfp.img
       256       256       256         1
  1.000000  1.000000  1.000000
orientation T byte_order littleendian
Reading mask: /usr/local/freesurfer/average/711-2B_as_mni_average_305_mask.4dfp.img (2306576 pixels)
talsrcimg_g11.4dfp.img
       256       256       256         1
  1.000000  1.000000  1.000000
orientation T byte_order littleendian
Reading image: talsrcimg_g11.4dfp.img
dimensions:      256       256       256
mmppix:       1.0000   -1.0000   -1.0000
center:     128.0000 -129.0000 -129.0000
rotation matrix determinant  1.000000
fimgreg.f
image alignment mode   1283 decimal      503 hex
parameters
    0.0000  -15.0000    7.5000    0.0000    0.0000    0.0000
eta,q 0.91633 14.63649
niter,ni,del,rscale     5    3   12.0000    1.2000
parameter  1  0.534660 ->  0.500000 qaram    1.1500
parameter  4 -1.154658 ->  0.500000 qaram    1.1500
parameter  5  0.707671 ->  0.500000 qaram    1.1500
parameters
   -3.4500  -14.7451    9.5739   -3.4500   -3.4500   -2.8214
eta,q 0.91898 14.80196
  0.0865  0.0894  0.0969  0.0792  0.0831  0.0821
  0.0860  0.0866  0.0917  0.0822  0.0817  0.0813
  0.0888  0.0858  0.0872  0.0841  0.0825  0.0810
  0.0895  0.0859  0.0854  0.0850  0.0829  0.0817
  0.0868  0.0844  0.0849  0.0854  0.0838  0.0835
  0.0894  0.0852  0.0860  0.0858  0.0841  0.0860
  0.0975  0.0897  0.0872  0.0875  0.0844  0.0889
niter,ni,del,rscale     7    3   12.0000    1.2000
parameter  4 -4.964787 ->  0.500000 qaram    1.3225
parameters
   -2.0931  -13.9484    8.8410   -7.4175   -1.6646   -3.1289
eta,q 0.92404 14.66963
  0.1053  0.0895  0.0862  0.0727  0.0839  0.0788
  0.0967  0.0854  0.0820  0.0746  0.0799  0.0768
  0.0870  0.0822  0.0811  0.0767  0.0775  0.0761
  0.0810  0.0810  0.0812  0.0811  0.0751  0.0760
  0.0831  0.0815  0.0826  0.0858  0.0765  0.0763
  0.0903  0.0820  0.0851  0.0881  0.0777  0.0777
  0.0914  0.0863  0.0884  0.0881  0.0778  0.0792
niter,ni,del,rscale     7    3   12.0000    1.2000
parameter  4  1.776597 ->  0.500000 qaram    1.5209
parameter  6 -0.680915 -> -0.500000 qaram    1.1500
parameters
   -1.4672  -13.2120    8.4237  -11.9801   -0.5046    0.3211
eta,q 0.92803 14.68964
  0.0945  0.0902  0.0839  0.0708  0.0801  0.0788
  0.0826  0.0844  0.0779  0.0723  0.0745  0.0767
  0.0750  0.0796  0.0765  0.0752  0.0721  0.0752
  0.0760  0.0775  0.0775  0.0771  0.0731  0.0737
  0.0814  0.0784  0.0796  0.0811  0.0743  0.0723
  0.0823  0.0813  0.0814  0.0865  0.0750  0.0721
  0.0851  0.0851  0.0831  0.0898  0.0744  0.0730
niter,ni,del,rscale     7    3   12.0000    1.2000
parameters
   -1.0917  -12.1257    8.3730  -15.3565    0.7700   -0.5914
eta,q 0.93004 14.73436
  0.0875  0.0895  0.0817  0.0747  0.0755  0.0745
  0.0746  0.0818  0.0761  0.0712  0.0697  0.0723
  0.0697  0.0758  0.0727  0.0690  0.0678  0.0706
  0.0720  0.0720  0.0711  0.0712  0.0691  0.0699
  0.0710  0.0714  0.0722  0.0764  0.0705  0.0710
  0.0732  0.0757  0.0764  0.0816  0.0713  0.0741
  0.0828  0.0805  0.0822  0.0873  0.0694  0.0784
niter,ni,del,rscale     6    3   12.0000    1.2000
parameters
   -1.7059  -10.8210    7.4229  -17.7685    1.5039   -0.8645
eta,q 0.93248 14.74446
  0.0803  0.0863  0.0747  0.0728  0.0721  0.0729
  0.0680  0.0811  0.0694  0.0702  0.0666  0.0703
  0.0668  0.0750  0.0674  0.0678  0.0657  0.0685
  0.0700  0.0696  0.0677  0.0674  0.0672  0.0675
  0.0681  0.0675  0.0694  0.0720  0.0679  0.0680
  0.0720  0.0717  0.0741  0.0771  0.0691  0.0706
  0.0857  0.0782  0.0813  0.0807  0.0676  0.0743
niter,ni,del,rscale     5    3   12.0000    1.2000
parameters
   -1.9579  -10.1373    6.8579  -19.0022    0.9965   -1.0952
eta,q 0.93331 14.74647
  0.0833  0.0839  0.0741  0.0742  0.0708  0.0722
  0.0682  0.0782  0.0674  0.0701  0.0655  0.0691
  0.0628  0.0721  0.0659  0.0681  0.0654  0.0673
  0.0675  0.0671  0.0663  0.0661  0.0669  0.0667
  0.0681  0.0669  0.0674  0.0683  0.0677  0.0674
  0.0706  0.0727  0.0706  0.0749  0.0693  0.0698
  0.0841  0.0794  0.0771  0.0794  0.0691  0.0729
niter,ni,del,rscale     4    3   12.0000    1.2000
parameters
   -1.7922   -9.8802    6.5968  -19.5591    1.1439   -1.0201
eta,q 0.93295 14.74509
  0.0864  0.0826  0.0759  0.0754  0.0720  0.0728
  0.0708  0.0761  0.0676  0.0711  0.0664  0.0697
  0.0626  0.0708  0.0657  0.0682  0.0654  0.0679
  0.0667  0.0670  0.0668  0.0666  0.0670  0.0671
  0.0683  0.0678  0.0679  0.0671  0.0677  0.0675
  0.0700  0.0739  0.0702  0.0728  0.0691  0.0698
  0.0821  0.0811  0.0760  0.0787  0.0689  0.0726
niter,ni,del,rscale     3    3   12.0000    1.2000
parameters
   -1.8607   -9.7366    6.4981  -19.8181    1.0565   -1.0817
eta,q 0.93309 14.74471
  0.0851  0.0817  0.0765  0.0759  0.0718  0.0725
  0.0698  0.0752  0.0677  0.0715  0.0661  0.0694
  0.0629  0.0703  0.0656  0.0682  0.0653  0.0677
  0.0671  0.0669  0.0668  0.0668  0.0669  0.0669
  0.0683  0.0679  0.0679  0.0665  0.0678  0.0674
  0.0706  0.0739  0.0698  0.0717  0.0692  0.0699
  0.0840  0.0813  0.0753  0.0782  0.0692  0.0726
niter,ni,del,rscale     2    3   12.0000    1.2000
parameters
   -1.8336   -9.6688    6.4396  -19.9311    1.0667   -1.0806
eta,q 0.93305 14.74298
  0.0855  0.0814  0.0769  0.0762  0.0720  0.0726
  0.0705  0.0749  0.0679  0.0718  0.0663  0.0695
  0.0630  0.0700  0.0657  0.0683  0.0652  0.0678
  0.0669  0.0670  0.0669  0.0669  0.0669  0.0670
  0.0683  0.0682  0.0681  0.0664  0.0678  0.0674
  0.0703  0.0741  0.0700  0.0713  0.0692  0.0698
  0.0834  0.0816  0.0753  0.0780  0.0691  0.0726
niter,ni,del,rscale     1    3   12.0000    1.2000
parameters
   -1.8454   -9.6403    6.4216  -19.9767    1.0560   -1.0942
eta,q 0.93309 14.74271
  0.0852  0.0811  0.0771  0.0764  0.0720  0.0726
  0.0703  0.0747  0.0680  0.0719  0.0662  0.0695
  0.0631  0.0699  0.0657  0.0683  0.0652  0.0678
  0.0670  0.0669  0.0669  0.0669  0.0669  0.0669
  0.0683  0.0682  0.0681  0.0664  0.0678  0.0674
  0.0704  0.0741  0.0700  0.0710  0.0692  0.0698
  0.0837  0.0816  0.0751  0.0779  0.0692  0.0726
registration optimization eta report
parameter search radius
    6.9000    6.0000    6.0000    9.1253    6.9000    6.9000
100000*second partial in parameter space
       41.       39.       27.       13.        9.       12.
  0.0852  0.0811  0.0771  0.0764  0.0720  0.0726
  0.0703  0.0747  0.0680  0.0719  0.0662  0.0695
  0.0631  0.0699  0.0657  0.0683  0.0652  0.0678
  0.0670  0.0669  0.0669  0.0669  0.0669  0.0669
  0.0683  0.0682  0.0681  0.0664  0.0678  0.0674
  0.0704  0.0741  0.0700  0.0710  0.0692  0.0698
  0.0837  0.0816  0.0751  0.0779  0.0692  0.0726
   -1.8454   -9.6403    6.4216  -19.9767    1.0560   -1.0942
eta,q 0.93309 14.74271

---------------------------------------------------------------------
imgreg_4dfp /usr/local/freesurfer/average/711-2C_as_mni_average_305 /usr/local/freesurfer/average/711-2B_as_mni_average_305_mask talsrcimg_g11 none talsrcimg_to_711-2C_as_mni_average_305_t4 3335
---------------------------------------------------------------------

freesurfer imgreg_4dfp.c
/usr/local/freesurfer/average/711-2C_as_mni_average_305.4dfp.img
       256       256       256         1
  1.000000  1.000000  1.000000
orientation T byte_order littleendian
Reading image: /usr/local/freesurfer/average/711-2C_as_mni_average_305.4dfp.img
dimensions:      256       256       256
mmppix:       1.0000   -1.0000   -1.0000
center:     128.0000 -129.0000 -129.0000
/usr/local/freesurfer/average/711-2B_as_mni_average_305_mask.4dfp.img
       256       256       256         1
  1.000000  1.000000  1.000000
orientation T byte_order littleendian
Reading mask: /usr/local/freesurfer/average/711-2B_as_mni_average_305_mask.4dfp.img (2306576 pixels)
talsrcimg_g11.4dfp.img
       256       256       256         1
  1.000000  1.000000  1.000000
orientation T byte_order littleendian
Reading image: talsrcimg_g11.4dfp.img
dimensions:      256       256       256
mmppix:       1.0000   -1.0000   -1.0000
center:     128.0000 -129.0000 -129.0000
fimgreg.f
image alignment mode   3335 decimal      D07 hex
parameters
   -1.8454   -9.6403    6.4216   -0.0352   -6.0460   -6.0328
    2.4243   -1.0794   -1.9093   34.1907    1.8430  -34.1581
eta,q 0.93732 14.88908
niter,ni,del,rscale     5    3    5.0000    1.2000
parameter  4-19.685240 ->  0.500000 qaram    1.1500
parameter  5  1.364056 ->  0.500000 qaram    1.1500
parameter  6  0.665794 ->  0.500000 qaram    1.1500
parameter 10  0.863892 ->  0.500000 qaram    1.1500
parameter 12  0.505542 ->  0.500000 qaram    1.1500
parameters
   -2.3451   -9.3372    6.0523   -4.1752  -10.1860  -10.1728
    3.9003   -2.7627   -0.6415   30.0507   -0.4351  -38.2981
eta,q 0.96517 14.96092
  0.0641  0.0660  0.0639  0.0382  0.0383  0.0380  0.0441  0.0432  0.0405  0.0348  0.0359  0.0351
  0.0632  0.0644  0.0630  0.0443  0.0404  0.0383  0.0414  0.0395  0.0391  0.0350  0.0353  0.0349
  0.0628  0.0633  0.0625  0.0530  0.0429  0.0392  0.0396  0.0377  0.0381  0.0359  0.0351  0.0348
  0.0627  0.0627  0.0626  0.0625  0.0464  0.0410  0.0384  0.0382  0.0376  0.0375  0.0352  0.0351
  0.0632  0.0627  0.0630  0.0709  0.0516  0.0447  0.0383  0.0411  0.0375  0.0399  0.0358  0.0356
  0.0644  0.0634  0.0638  0.0783  0.0580  0.0510  0.0391  0.0454  0.0380  0.0432  0.0368  0.0363
  0.0663  0.0647  0.0649  0.0850  0.0645  0.0594  0.0409  0.0504  0.0390  0.0475  0.0382  0.0372
niter,ni,del,rscale     7    3    5.0000    1.2000
parameter  2 -0.907003 -> -0.500000 qaram    1.1500
parameter  3  0.738877 ->  0.500000 qaram    1.1500
parameter  4  0.823754 ->  0.500000 qaram    1.3225
parameter  5  0.630174 ->  0.500000 qaram    1.3225
parameter 12  0.520064 ->  0.500000 qaram    1.3225
parameters
   -2.2055   -7.9572    4.6723   -8.9362  -14.9470   -9.4431
    3.5596   -2.9427   -0.5426   30.6063    0.7823  -43.0591
eta,q 0.97584 14.85620
  0.0412  0.0397  0.0328  0.0273  0.0244  0.0278  0.0275  0.0300  0.0268  0.0287  0.0259  0.0246
  0.0379  0.0378  0.0327  0.0268  0.0245  0.0265  0.0259  0.0266  0.0256  0.0268  0.0253  0.0242
  0.0357  0.0362  0.0329  0.0279  0.0254  0.0254  0.0249  0.0250  0.0249  0.0254  0.0248  0.0242
  0.0348  0.0348  0.0334  0.0327  0.0268  0.0247  0.0246  0.0246  0.0246  0.0246  0.0246  0.0246
  0.0353  0.0339  0.0342  0.0421  0.0294  0.0247  0.0251  0.0252  0.0249  0.0248  0.0246  0.0253
  0.0371  0.0334  0.0353  0.0524  0.0348  0.0247  0.0263  0.0271  0.0256  0.0259  0.0248  0.0264
  0.0398  0.0335  0.0366  0.0611  0.0423  0.0276  0.0281  0.0305  0.0267  0.0279  0.0253  0.0277
niter,ni,del,rscale     7    3    5.0000    1.2000
parameters
   -2.0576   -7.6611    3.9118  -11.6459  -17.8773  -10.7978
    4.0794   -2.9988   -0.8255   31.3655    0.8242  -44.5821
eta,q 0.97604 14.57782
  0.0288  0.0278  0.0249  0.0282  0.0263  0.0267  0.0272  0.0273  0.0259  0.0280  0.0249  0.0260
  0.0263  0.0260  0.0242  0.0263  0.0247  0.0254  0.0257  0.0256  0.0249  0.0261  0.0245  0.0244
  0.0248  0.0247  0.0239  0.0247  0.0241  0.0244  0.0246  0.0245  0.0243  0.0247  0.0242  0.0240
  0.0242  0.0241  0.0241  0.0239  0.0245  0.0241  0.0241  0.0241  0.0241  0.0241  0.0241  0.0241
  0.0245  0.0243  0.0247  0.0260  0.0258  0.0243  0.0243  0.0245  0.0244  0.0243  0.0242  0.0247
  0.0257  0.0251  0.0255  0.0340  0.0289  0.0258  0.0252  0.0256  0.0251  0.0253  0.0245  0.0258
  0.0278  0.0265  0.0267  0.0456  0.0354  0.0321  0.0264  0.0275  0.0262  0.0269  0.0249  0.0273
niter,ni,del,rscale     6    3    5.0000    1.2000
parameters
   -2.0630   -7.7843    3.8431  -12.1084  -18.3902  -11.0731
    4.2831   -2.9031   -0.9250   31.4767    0.7618  -44.9328
eta,q 0.97583 14.52199
  0.0271  0.0268  0.0257  0.0296  0.0279  0.0274  0.0269  0.0274  0.0261  0.0276  0.0250  0.0269
  0.0254  0.0251  0.0247  0.0276  0.0260  0.0260  0.0255  0.0257  0.0250  0.0258  0.0246  0.0249
  0.0243  0.0242  0.0241  0.0256  0.0246  0.0248  0.0245  0.0246  0.0244  0.0246  0.0243  0.0242
  0.0240  0.0240  0.0240  0.0240  0.0242  0.0242  0.0242  0.0242  0.0242  0.0242  0.0242  0.0242
  0.0243  0.0244  0.0242  0.0233  0.0246  0.0242  0.0245  0.0246  0.0245  0.0246  0.0243  0.0246
  0.0254  0.0255  0.0248  0.0257  0.0261  0.0248  0.0253  0.0256  0.0251  0.0257  0.0246  0.0256
  0.0271  0.0272  0.0258  0.0339  0.0294  0.0294  0.0266  0.0272  0.0262  0.0274  0.0250  0.0269
niter,ni,del,rscale     5    3    5.0000    1.2000
parameters
   -2.0705   -7.7926    3.7940  -12.0433  -18.4549  -11.1659
    4.3227   -2.9095   -0.9541   31.5380    0.7452  -44.9870
eta,q 0.97584 14.52136
  0.0272  0.0272  0.0259  0.0299  0.0282  0.0275  0.0268  0.0273  0.0261  0.0275  0.0250  0.0271
  0.0255  0.0255  0.0249  0.0279  0.0262  0.0261  0.0254  0.0256  0.0250  0.0257  0.0246  0.0250
  0.0245  0.0245  0.0243  0.0259  0.0247  0.0249  0.0244  0.0246  0.0244  0.0245  0.0243  0.0242
  0.0242  0.0242  0.0242  0.0242  0.0241  0.0241  0.0242  0.0242  0.0242  0.0242  0.0242  0.0242
  0.0245  0.0245  0.0244  0.0233  0.0245  0.0241  0.0245  0.0245  0.0244  0.0245  0.0242  0.0245
  0.0256  0.0256  0.0250  0.0250  0.0258  0.0246  0.0254  0.0256  0.0251  0.0257  0.0245  0.0255
  0.0272  0.0272  0.0260  0.0323  0.0287  0.0290  0.0267  0.0273  0.0261  0.0273  0.0250  0.0268
niter,ni,del,rscale     4    3    5.0000    1.2000
parameters
   -2.0672   -7.7941    3.7671  -12.0465  -18.4594  -11.1820
    4.3319   -2.9020   -0.9653   31.5534    0.7417  -45.0007
eta,q 0.97584 14.52115
  0.0272  0.0272  0.0259  0.0299  0.0282  0.0276  0.0268  0.0273  0.0261  0.0275  0.0250  0.0272
  0.0255  0.0255  0.0249  0.0278  0.0263  0.0261  0.0254  0.0256  0.0250  0.0256  0.0246  0.0250
  0.0245  0.0245  0.0243  0.0259  0.0247  0.0249  0.0244  0.0246  0.0244  0.0245  0.0243  0.0242
  0.0242  0.0242  0.0242  0.0241  0.0242  0.0242  0.0242  0.0242  0.0242  0.0242  0.0242  0.0242
  0.0245  0.0245  0.0244  0.0233  0.0245  0.0241  0.0245  0.0245  0.0244  0.0246  0.0242  0.0245
  0.0256  0.0255  0.0250  0.0251  0.0258  0.0246  0.0254  0.0256  0.0251  0.0257  0.0245  0.0254
  0.0272  0.0271  0.0259  0.0325  0.0287  0.0289  0.0267  0.0273  0.0261  0.0274  0.0250  0.0268
registration optimization eta report
parameter search radius
    2.4000    2.7600    2.7600    9.5220    9.5220    8.2800
    7.2000    7.2000    7.2000    8.2800    7.2000    9.5220
100000*second partial in parameter space
       53.       39.       23.        8.        5.        6.
        5.        6.        4.        5.        2.        3.
  0.0272  0.0272  0.0259  0.0299  0.0282  0.0276  0.0268  0.0273  0.0261  0.0275  0.0250  0.0272
  0.0255  0.0255  0.0249  0.0278  0.0263  0.0261  0.0254  0.0256  0.0250  0.0256  0.0246  0.0250
  0.0245  0.0245  0.0243  0.0259  0.0247  0.0249  0.0244  0.0246  0.0244  0.0245  0.0243  0.0242
  0.0242  0.0242  0.0242  0.0241  0.0242  0.0242  0.0242  0.0242  0.0242  0.0242  0.0242  0.0242
  0.0245  0.0245  0.0244  0.0233  0.0245  0.0241  0.0245  0.0245  0.0244  0.0246  0.0242  0.0245
  0.0256  0.0255  0.0250  0.0251  0.0258  0.0246  0.0254  0.0256  0.0251  0.0257  0.0245  0.0254
  0.0272  0.0271  0.0259  0.0325  0.0287  0.0289  0.0267  0.0273  0.0261  0.0274  0.0250  0.0268
   -2.0672   -7.7941    3.7671  -12.0465  -18.4594  -11.1820
    4.3319   -2.9020   -0.9653   31.5534    0.7417  -45.0007
eta,q 0.97584 14.52115

---------------------------------------------------------------------
imgreg_4dfp /usr/local/freesurfer/average/711-2C_as_mni_average_305 /usr/local/freesurfer/average/711-2B_as_mni_average_305_mask talsrcimg_g11 none talsrcimg_to_711-2C_as_mni_average_305_t4 2311
---------------------------------------------------------------------

freesurfer imgreg_4dfp.c
/usr/local/freesurfer/average/711-2C_as_mni_average_305.4dfp.img
       256       256       256         1
  1.000000  1.000000  1.000000
orientation T byte_order littleendian
Reading image: /usr/local/freesurfer/average/711-2C_as_mni_average_305.4dfp.img
dimensions:      256       256       256
mmppix:       1.0000   -1.0000   -1.0000
center:     128.0000 -129.0000 -129.0000
/usr/local/freesurfer/average/711-2B_as_mni_average_305_mask.4dfp.img
       256       256       256         1
  1.000000  1.000000  1.000000
orientation T byte_order littleendian
Reading mask: /usr/local/freesurfer/average/711-2B_as_mni_average_305_mask.4dfp.img (2306576 pixels)
talsrcimg_g11.4dfp.img
       256       256       256         1
  1.000000  1.000000  1.000000
orientation T byte_order littleendian
Reading image: talsrcimg_g11.4dfp.img
dimensions:      256       256       256
mmppix:       1.0000   -1.0000   -1.0000
center:     128.0000 -129.0000 -129.0000
fimgreg.f
image alignment mode   2311 decimal      907 hex
parameters
   -2.0672   -7.7941    3.7671  -12.0465  -18.4594  -11.1820
    4.3319   -2.9020   -0.9653   31.5534    0.7417  -45.0007
eta,q 0.97584 14.52115
niter,ni,del,rscale     5    3    5.0000    0.8000
parameter  4 -0.750158 -> -0.500000 qaram    1.1500
parameter  6 -0.558975 -> -0.500000 qaram    1.1500
parameters
   -2.0782   -7.8168    3.7258   -9.2865  -18.5101   -8.4220
    3.9738   -2.9846   -0.7802   33.1845    0.9725  -44.7500
eta,q 0.97697 14.85825
  0.0255  0.0252  0.0247  0.0269  0.0245  0.0252  0.0244  0.0252  0.0242  0.0252  0.0235  0.0240
  0.0248  0.0246  0.0244  0.0259  0.0238  0.0244  0.0237  0.0239  0.0236  0.0242  0.0232  0.0234
  0.0243  0.0243  0.0242  0.0249  0.0235  0.0238  0.0232  0.0233  0.0233  0.0235  0.0231  0.0231
  0.0242  0.0242  0.0242  0.0242  0.0234  0.0234  0.0231  0.0231  0.0231  0.0231  0.0230  0.0230
  0.0243  0.0243  0.0242  0.0236  0.0235  0.0232  0.0234  0.0233  0.0232  0.0230  0.0231  0.0231
  0.0248  0.0246  0.0244  0.0233  0.0239  0.0232  0.0240  0.0240  0.0236  0.0232  0.0232  0.0233
  0.0256  0.0252  0.0248  0.0237  0.0245  0.0233  0.0249  0.0254  0.0241  0.0235  0.0234  0.0237
niter,ni,del,rscale     6    3    5.0000    0.9000
parameters
   -2.0324   -7.7960    3.6803  -10.2913  -18.6561   -9.6706
    4.1661   -2.8980   -0.7688   32.3051    0.8639  -45.1853
eta,q 0.97665 14.71371
  0.0255  0.0244  0.0237  0.0262  0.0248  0.0249  0.0253  0.0257  0.0246  0.0244  0.0238  0.0241
  0.0241  0.0237  0.0233  0.0249  0.0239  0.0240  0.0243  0.0243  0.0240  0.0237  0.0236  0.0236
  0.0233  0.0232  0.0231  0.0238  0.0234  0.0235  0.0236  0.0237  0.0235  0.0234  0.0234  0.0234
  0.0230  0.0230  0.0230  0.0230  0.0233  0.0233  0.0234  0.0234  0.0234  0.0234  0.0234  0.0234
  0.0233  0.0232  0.0231  0.0233  0.0235  0.0232  0.0236  0.0236  0.0236  0.0238  0.0234  0.0235
  0.0240  0.0236  0.0234  0.0260  0.0240  0.0248  0.0241  0.0242  0.0240  0.0244  0.0236  0.0238
  0.0253  0.0244  0.0237  0.0316  0.0249  0.0300  0.0250  0.0256  0.0246  0.0252  0.0238  0.0244
niter,ni,del,rscale     5    3    5.0000    0.8000
parameters
   -2.0265   -7.8000    3.7685  -10.0751  -18.5646   -9.5170
    4.0781   -2.9341   -0.8009   32.4324    0.7727  -45.1264
eta,q 0.97672 14.74037
  0.0249  0.0244  0.0240  0.0262  0.0245  0.0249  0.0246  0.0249  0.0242  0.0245  0.0236  0.0240
  0.0241  0.0238  0.0237  0.0251  0.0238  0.0241  0.0239  0.0239  0.0237  0.0238  0.0234  0.0235
  0.0235  0.0235  0.0234  0.0241  0.0234  0.0236  0.0234  0.0234  0.0234  0.0234  0.0233  0.0233
  0.0234  0.0233  0.0233  0.0233  0.0233  0.0233  0.0233  0.0233  0.0233  0.0233  0.0233  0.0233
  0.0235  0.0235  0.0234  0.0231  0.0234  0.0232  0.0235  0.0234  0.0234  0.0234  0.0233  0.0234
  0.0240  0.0238  0.0236  0.0239  0.0238  0.0234  0.0240  0.0239  0.0237  0.0238  0.0235  0.0236
  0.0249  0.0244  0.0239  0.0266  0.0244  0.0252  0.0247  0.0250  0.0242  0.0244  0.0237  0.0240
niter,ni,del,rscale     4    3    5.0000    0.7000
parameters
   -2.0275   -7.7885    3.7580   -9.7764  -18.6588   -8.9820
    4.0413   -2.9087   -0.7794   32.7712    0.9058  -45.0682
eta,q 0.97683 14.79020
  0.0245  0.0241  0.0237  0.0256  0.0241  0.0245  0.0243  0.0245  0.0239  0.0242  0.0235  0.0238
  0.0238  0.0237  0.0235  0.0247  0.0236  0.0239  0.0236  0.0237  0.0235  0.0236  0.0233  0.0234
  0.0234  0.0234  0.0233  0.0239  0.0233  0.0234  0.0233  0.0233  0.0233  0.0233  0.0232  0.0232
  0.0233  0.0233  0.0233  0.0233  0.0232  0.0232  0.0232  0.0232  0.0232  0.0232  0.0232  0.0232
  0.0234  0.0234  0.0233  0.0231  0.0233  0.0231  0.0233  0.0233  0.0233  0.0232  0.0232  0.0232
  0.0238  0.0236  0.0235  0.0237  0.0236  0.0232  0.0237  0.0237  0.0235  0.0235  0.0233  0.0234
  0.0245  0.0241  0.0237  0.0257  0.0242  0.0243  0.0243  0.0245  0.0239  0.0239  0.0234  0.0237
niter,ni,del,rscale     3    3    5.0000    0.6000
parameters
   -2.0325   -7.7937    3.7352   -9.4853  -18.8130   -8.5619
    4.0480   -2.8884   -0.7254   33.0967    1.0144  -45.0642
eta,q 0.97693 14.82895
  0.0241  0.0238  0.0235  0.0251  0.0237  0.0240  0.0239  0.0241  0.0237  0.0238  0.0233  0.0235
  0.0236  0.0234  0.0233  0.0243  0.0234  0.0236  0.0234  0.0235  0.0233  0.0234  0.0232  0.0232
  0.0233  0.0232  0.0232  0.0237  0.0231  0.0233  0.0232  0.0232  0.0231  0.0232  0.0231  0.0231
  0.0232  0.0232  0.0232  0.0232  0.0231  0.0231  0.0231  0.0231  0.0231  0.0231  0.0231  0.0231
  0.0233  0.0232  0.0232  0.0230  0.0232  0.0230  0.0232  0.0231  0.0231  0.0231  0.0231  0.0231
  0.0236  0.0234  0.0233  0.0235  0.0235  0.0230  0.0235  0.0234  0.0233  0.0233  0.0231  0.0233
  0.0241  0.0238  0.0235  0.0250  0.0238  0.0239  0.0239  0.0241  0.0236  0.0236  0.0233  0.0235
niter,ni,del,rscale     2    3    5.0000    0.5000
parameters
   -2.0309   -7.8037    3.6487   -9.2203  -18.9713   -8.2000
    4.0369   -2.8795   -0.7007   33.4478    0.9803  -45.1044
eta,q 0.97704 14.86309
  0.0238  0.0235  0.0232  0.0246  0.0235  0.0236  0.0236  0.0238  0.0234  0.0235  0.0231  0.0233
  0.0234  0.0233  0.0231  0.0240  0.0232  0.0233  0.0232  0.0233  0.0231  0.0232  0.0230  0.0231
  0.0231  0.0231  0.0231  0.0234  0.0230  0.0231  0.0230  0.0231  0.0230  0.0230  0.0230  0.0230
  0.0231  0.0231  0.0231  0.0231  0.0230  0.0230  0.0230  0.0230  0.0230  0.0230  0.0230  0.0230
  0.0231  0.0231  0.0231  0.0230  0.0231  0.0229  0.0230  0.0230  0.0230  0.0230  0.0230  0.0230
  0.0234  0.0233  0.0232  0.0233  0.0233  0.0229  0.0232  0.0233  0.0231  0.0231  0.0230  0.0231
  0.0238  0.0235  0.0233  0.0244  0.0235  0.0236  0.0236  0.0238  0.0234  0.0233  0.0231  0.0233
niter,ni,del,rscale     1    3    5.0000    0.4000
parameters
   -2.0200   -7.8267    3.5600   -8.9835  -19.1584   -7.8177
    4.0267   -2.8792   -0.6968   33.7963    0.9389  -45.1270
eta,q 0.97715 14.89144
  0.0234  0.0232  0.0231  0.0241  0.0232  0.0234  0.0233  0.0235  0.0231  0.0232  0.0230  0.0231
  0.0232  0.0231  0.0230  0.0236  0.0230  0.0232  0.0230  0.0231  0.0230  0.0230  0.0229  0.0229
  0.0230  0.0230  0.0230  0.0232  0.0229  0.0231  0.0229  0.0229  0.0229  0.0229  0.0229  0.0229
  0.0230  0.0230  0.0230  0.0230  0.0229  0.0229  0.0229  0.0229  0.0229  0.0229  0.0229  0.0228
  0.0230  0.0230  0.0230  0.0229  0.0230  0.0228  0.0229  0.0229  0.0229  0.0229  0.0229  0.0229
  0.0232  0.0231  0.0230  0.0232  0.0231  0.0228  0.0230  0.0231  0.0230  0.0229  0.0229  0.0230
  0.0234  0.0232  0.0231  0.0239  0.0233  0.0233  0.0233  0.0235  0.0231  0.0231  0.0230  0.0231
registration optimization eta report
parameter search radius
    0.8000    0.8000    0.8000    2.7600    2.4000    2.7600
    2.4000    2.4000    2.4000    2.4000    2.4000    2.4000
100000*second partial in parameter space
       74.       42.       21.       14.        5.        6.
        7.       11.        5.        5.        2.        4.
  0.0234  0.0232  0.0231  0.0241  0.0232  0.0234  0.0233  0.0235  0.0231  0.0232  0.0230  0.0231
  0.0232  0.0231  0.0230  0.0236  0.0230  0.0232  0.0230  0.0231  0.0230  0.0230  0.0229  0.0229
  0.0230  0.0230  0.0230  0.0232  0.0229  0.0231  0.0229  0.0229  0.0229  0.0229  0.0229  0.0229
  0.0230  0.0230  0.0230  0.0230  0.0229  0.0229  0.0229  0.0229  0.0229  0.0229  0.0229  0.0228
  0.0230  0.0230  0.0230  0.0229  0.0230  0.0228  0.0229  0.0229  0.0229  0.0229  0.0229  0.0229
  0.0232  0.0231  0.0230  0.0232  0.0231  0.0228  0.0230  0.0231  0.0230  0.0229  0.0229  0.0230
  0.0234  0.0232  0.0231  0.0239  0.0233  0.0233  0.0233  0.0235  0.0231  0.0231  0.0230  0.0231
   -2.0200   -7.8267    3.5600   -8.9835  -19.1584   -7.8177
    4.0267   -2.8792   -0.6968   33.7963    0.9389  -45.1270
eta,q 0.97715 14.89144

---------------------------------------------------------------------
imgreg_4dfp /usr/local/freesurfer/average/711-2C_as_mni_average_305 /usr/local/freesurfer/average/711-2B_as_mni_average_305_mask talsrcimg_g11 none talsrcimg_to_711-2C_as_mni_average_305_t4 2311
---------------------------------------------------------------------

freesurfer imgreg_4dfp.c
/usr/local/freesurfer/average/711-2C_as_mni_average_305.4dfp.img
       256       256       256         1
  1.000000  1.000000  1.000000
orientation T byte_order littleendian
Reading image: /usr/local/freesurfer/average/711-2C_as_mni_average_305.4dfp.img
dimensions:      256       256       256
mmppix:       1.0000   -1.0000   -1.0000
center:     128.0000 -129.0000 -129.0000
/usr/local/freesurfer/average/711-2B_as_mni_average_305_mask.4dfp.img
       256       256       256         1
  1.000000  1.000000  1.000000
orientation T byte_order littleendian
Reading mask: /usr/local/freesurfer/average/711-2B_as_mni_average_305_mask.4dfp.img (2306576 pixels)
talsrcimg_g11.4dfp.img
       256       256       256         1
  1.000000  1.000000  1.000000
orientation T byte_order littleendian
Reading image: talsrcimg_g11.4dfp.img
dimensions:      256       256       256
mmppix:       1.0000   -1.0000   -1.0000
center:     128.0000 -129.0000 -129.0000
fimgreg.f
image alignment mode   2311 decimal      907 hex
parameters
   -2.0200   -7.8267    3.5600   -8.9835  -19.1584   -7.8177
    4.0267   -2.8792   -0.6968   33.7963    0.9389  -45.1270
eta,q 0.97715 14.89144
niter,ni,del,rscale     5    3    5.0000    0.8000
parameters
   -2.0053   -7.8373    3.6390   -9.6965  -19.0036   -8.8826
    4.1460   -2.8942   -0.6826   32.9161    0.9392  -45.1234
eta,q 0.97686 14.78915
  0.0249  0.0239  0.0236  0.0251  0.0244  0.0240  0.0247  0.0253  0.0242  0.0239  0.0235  0.0239
  0.0238  0.0233  0.0231  0.0242  0.0236  0.0236  0.0239  0.0240  0.0236  0.0234  0.0233  0.0234
  0.0231  0.0230  0.0229  0.0234  0.0232  0.0233  0.0234  0.0234  0.0233  0.0232  0.0232  0.0232
  0.0228  0.0228  0.0228  0.0229  0.0230  0.0230  0.0232  0.0232  0.0232  0.0232  0.0231  0.0231
  0.0231  0.0230  0.0229  0.0231  0.0231  0.0229  0.0233  0.0233  0.0233  0.0235  0.0232  0.0232
  0.0237  0.0234  0.0231  0.0248  0.0235  0.0243  0.0238  0.0239  0.0237  0.0239  0.0233  0.0235
  0.0249  0.0240  0.0234  0.0284  0.0242  0.0280  0.0246  0.0254  0.0242  0.0247  0.0235  0.0239
niter,ni,del,rscale     4    3    5.0000    0.7000
parameters
   -2.0197   -7.8130    3.7002   -9.4858  -18.8242   -8.6912
    4.0431   -2.9134   -0.6970   33.0469    0.9223  -45.0396
eta,q 0.97692 14.82011
  0.0244  0.0240  0.0236  0.0251  0.0241  0.0240  0.0242  0.0246  0.0238  0.0240  0.0234  0.0237
  0.0237  0.0235  0.0233  0.0243  0.0236  0.0235  0.0236  0.0237  0.0234  0.0235  0.0232  0.0233
  0.0233  0.0233  0.0232  0.0236  0.0232  0.0233  0.0232  0.0232  0.0232  0.0232  0.0231  0.0231
  0.0231  0.0231  0.0231  0.0231  0.0231  0.0231  0.0231  0.0231  0.0231  0.0231  0.0231  0.0231
  0.0233  0.0232  0.0232  0.0230  0.0232  0.0230  0.0232  0.0232  0.0232  0.0232  0.0231  0.0231
  0.0237  0.0235  0.0233  0.0235  0.0235  0.0230  0.0236  0.0236  0.0234  0.0234  0.0232  0.0233
  0.0245  0.0240  0.0235  0.0252  0.0240  0.0242  0.0243  0.0247  0.0238  0.0239  0.0234  0.0236
niter,ni,del,rscale     3    3    5.0000    0.6000
parameters
   -2.0238   -7.8051    3.6661   -9.2713  -18.9085   -8.2494
    4.0294   -2.8965   -0.6883   33.4009    0.9824  -45.0289
eta,q 0.97702 14.85945
  0.0241  0.0237  0.0234  0.0247  0.0237  0.0237  0.0239  0.0242  0.0236  0.0237  0.0232  0.0234
  0.0235  0.0234  0.0232  0.0240  0.0233  0.0234  0.0234  0.0235  0.0232  0.0233  0.0231  0.0232
  0.0232  0.0232  0.0231  0.0235  0.0231  0.0232  0.0231  0.0231  0.0230  0.0231  0.0230  0.0230
  0.0231  0.0231  0.0231  0.0231  0.0230  0.0230  0.0230  0.0230  0.0230  0.0230  0.0230  0.0230
  0.0232  0.0231  0.0231  0.0230  0.0231  0.0229  0.0231  0.0231  0.0231  0.0230  0.0230  0.0230
  0.0235  0.0233  0.0232  0.0234  0.0234  0.0229  0.0234  0.0234  0.0232  0.0232  0.0231  0.0232
  0.0241  0.0237  0.0234  0.0246  0.0238  0.0236  0.0239  0.0242  0.0236  0.0235  0.0232  0.0234
niter,ni,del,rscale     2    3    5.0000    0.5000
parameters
   -2.0214   -7.8198    3.5859   -9.0633  -19.0816   -7.9540
    4.0265   -2.8933   -0.6761   33.6652    0.9300  -45.0748
eta,q 0.97711 14.88174
  0.0237  0.0234  0.0232  0.0242  0.0234  0.0234  0.0235  0.0238  0.0233  0.0234  0.0231  0.0232
  0.0233  0.0232  0.0230  0.0237  0.0231  0.0232  0.0232  0.0233  0.0231  0.0231  0.0230  0.0230
  0.0231  0.0230  0.0230  0.0233  0.0230  0.0231  0.0230  0.0230  0.0229  0.0230  0.0229  0.0229
  0.0230  0.0230  0.0230  0.0230  0.0229  0.0229  0.0229  0.0229  0.0229  0.0229  0.0229  0.0229
  0.0231  0.0230  0.0230  0.0229  0.0230  0.0228  0.0230  0.0230  0.0229  0.0229  0.0229  0.0229
  0.0233  0.0232  0.0231  0.0233  0.0232  0.0228  0.0232  0.0233  0.0231  0.0230  0.0230  0.0230
  0.0237  0.0234  0.0232  0.0241  0.0235  0.0235  0.0235  0.0239  0.0233  0.0232  0.0231  0.0232
niter,ni,del,rscale     1    3    5.0000    0.4000
parameters
   -2.0106   -7.8401    3.5341   -8.8882  -19.2259   -7.6101
    4.0194   -2.8852   -0.6866   33.8933    0.8995  -45.0266
eta,q 0.97720 14.90070
  0.0234  0.0231  0.0230  0.0238  0.0232  0.0233  0.0232  0.0235  0.0231  0.0232  0.0229  0.0230
  0.0231  0.0230  0.0229  0.0234  0.0230  0.0231  0.0230  0.0231  0.0229  0.0230  0.0229  0.0229
  0.0230  0.0229  0.0229  0.0231  0.0229  0.0230  0.0229  0.0229  0.0228  0.0229  0.0228  0.0228
  0.0229  0.0229  0.0229  0.0229  0.0229  0.0229  0.0228  0.0228  0.0228  0.0228  0.0228  0.0228
  0.0229  0.0229  0.0229  0.0229  0.0229  0.0228  0.0229  0.0229  0.0228  0.0228  0.0228  0.0228
  0.0231  0.0230  0.0230  0.0231  0.0230  0.0228  0.0230  0.0231  0.0229  0.0229  0.0229  0.0229
  0.0234  0.0232  0.0231  0.0237  0.0232  0.0232  0.0232  0.0235  0.0231  0.0231  0.0229  0.0230
registration optimization eta report
parameter search radius
    0.8000    0.8000    0.8000    2.4000    2.4000    2.4000
    2.4000    2.4000    2.4000    2.4000    2.4000    2.4000
100000*second partial in parameter space
       78.       43.       23.       15.        6.        7.
        7.       12.        5.        5.        2.        4.
  0.0234  0.0231  0.0230  0.0238  0.0232  0.0233  0.0232  0.0235  0.0231  0.0232  0.0229  0.0230
  0.0231  0.0230  0.0229  0.0234  0.0230  0.0231  0.0230  0.0231  0.0229  0.0230  0.0229  0.0229
  0.0230  0.0229  0.0229  0.0231  0.0229  0.0230  0.0229  0.0229  0.0228  0.0229  0.0228  0.0228
  0.0229  0.0229  0.0229  0.0229  0.0229  0.0229  0.0228  0.0228  0.0228  0.0228  0.0228  0.0228
  0.0229  0.0229  0.0229  0.0229  0.0229  0.0228  0.0229  0.0229  0.0228  0.0228  0.0228  0.0228
  0.0231  0.0230  0.0230  0.0231  0.0230  0.0228  0.0230  0.0231  0.0229  0.0229  0.0229  0.0229
  0.0234  0.0232  0.0231  0.0237  0.0232  0.0232  0.0232  0.0235  0.0231  0.0231  0.0229  0.0230
   -2.0106   -7.8401    3.5341   -8.8882  -19.2259   -7.6101
    4.0194   -2.8852   -0.6866   33.8933    0.8995  -45.0266
eta,q 0.97720 14.90070

---------------------------------------------------------------------
compute_vox2vox talsrcimg talsrcimg_to_711-2C_as_mni_average_305_t4 /usr/local/freesurfer/average/711-2C_as_mni_average_305
---------------------------------------------------------------------

freesurfer compute_vox2vox.c
Reading: talsrcimg.4dfp.ifh
Reading: talsrcimg_to_711-2C_as_mni_average_305_t4
Reading: /usr/local/freesurfer/average/711-2C_as_mni_average_305.4dfp.ifh
Writing: talsrcimg_to_711-2C_as_mni_average_305_t4_vox2vox.txt

start time Fri May 30 07:08:29 UTC 2025
end		time Fri May 30 07:08:48 UTC 2025

mpr2mni305 success

avi2talxfm orig_nu.mgz /usr/local/freesurfer/average/mni305.cor.mgz talsrcimg_to_711-2C_as_mni_average_305_t4_vox2vox.txt transforms/talairach.auto.xfm
avi2talxfm done
mv -f /home/freesurfer/subjects/sub-007/mri/talsrcimg_to_711-2C_as_mni_average_305_t4_vox2vox.txt /home/freesurfer/subjects/sub-007/mri/transforms/talsrcimg_to_711-2C_as_mni_average_305_t4_vox2vox.txt
lta_convert --src orig_nu.mgz --trg /usr/local/freesurfer/average/mni305.cor.mgz --inxfm transforms/talairach.auto.xfm --outlta transforms/talairach.auto.xfm.lta --subject fsaverage
7.4.1

--src: orig_nu.mgz src image (geometry).
--trg: /usr/local/freesurfer/average/mni305.cor.mgz trg image (geometry).
--inmni: transforms/talairach.auto.xfm input MNI/XFM transform.
--outlta: transforms/talairach.auto.xfm.lta output LTA.
--s: fsaverage subject name
 LTA read, type : 1
 1.09689   0.04506  -0.02946   8.17363;
-0.00509   0.89840   0.50106  -34.56172;
 0.01146  -0.37659   1.02752   10.99460;
 0.00000   0.00000   0.00000   1.00000;
setting subject to fsaverage
Writing  LTA to file transforms/talairach.auto.xfm.lta...
lta_convert successful.
 
 
Started at Fri May 30 07:08:28 UTC 2025
Ended   at Fri May 30 07:08:48 UTC 2025
talairach_avi done
