/home/freesurfer/subjects/sub-043/mri
/usr/local/freesurfer/bin/talairach_avi
--i orig_nu.mgz --xfm transforms/talairach.auto.xfm
talairach_avi 7.4.1
Linux b89a7589830e 6.11.0-26-generic #26~24.04.1-Ubuntu SMP PREEMPT_DYNAMIC Thu Apr 17 19:20:47 UTC 2 x86_64 x86_64 x86_64 GNU/Linux
Tue Jun  3 06:04:35 UTC 2025
mri_convert orig_nu.mgz talsrcimg.img 
reading from orig_nu.mgz...
TR=8.37, TE=0.00, TI=0.00, flip angle=0.00
i_ras = (-1, 0, -1.86265e-09)
j_ras = (0, 0, -1)
k_ras = (-6.98492e-10, 1, 0)
writing to talsrcimg.img...
Analyze Output Matrix
-1.00000   0.00000  -0.00000   135.20389;
 0.00000   0.00000   1.00000  -104.00761;
-0.00000  -1.00000   0.00000   147.58830;
 0.00000   0.00000   0.00000   1.00000;
--------------------
INFO: set hdr.hist.orient to -1
mpr2mni305 talsrcimg
Tue Jun  3 06:04:36 UTC 2025
/usr/local/freesurfer/bin/mpr2mni305 talsrcimg
mpr2mni305 7.4.1
target=711-2C_as_mni_average_305

---------------------------------------------------------------------
analyzeto4dfp talsrcimg -O0 -y
---------------------------------------------------------------------

freesurfer ifh2hdr.c
Tue Jun  3 06:04:36 2025
Writing: talsrcimg.4dfp.hdr
freesurfer analyzeto4dfp.c
Reading: talsrcimg.hdr
header size 348 bytes
hdr.dime.datatype	offset=70	value=2
hdr.dime.bitpix		offset=72	value=8
hdr.hist.orient		offset=252	value=-1
dimensionality     4
dimensions       256       256       256         1
Reading: talsrcimg.img
Writing: talsrcimg.4dfp.img
Writing: talsrcimg.4dfp.ifh
ifh2hdr talsrcimg -r0to238
ori=2

---------------------------------------------------------------------
gauss_4dfp talsrcimg 1.1
---------------------------------------------------------------------

freesurfer gauss_4dfp.c
Reading: talsrcimg.4dfp.img
Writing: talsrcimg_g11.4dfp.img
image dimensions 256 256 256 padded to 288 288 288
processing volume 1freesurfer ifh2hdr.c
Tue Jun  3 06:04:40 2025
Writing: talsrcimg_g11.4dfp.hdr

Writing: talsrcimg_g11.4dfp.ifh
including: talsrcimg.4dfp.img.rec in talsrcimg_g11.4dfp.img.rec

---------------------------------------------------------------------
imgreg_4dfp /usr/local/freesurfer/average/711-2C_as_mni_average_305 none talsrcimg_g11 none talsrcimg_to_711-2C_as_mni_average_305_t4 4355
---------------------------------------------------------------------

freesurfer imgreg_4dfp.c
/usr/local/freesurfer/average/711-2C_as_mni_average_305.4dfp.img
       256       256       256         1
  1.000000  1.000000  1.000000
orientation T byte_order littleendian
Reading image: /usr/local/freesurfer/average/711-2C_as_mni_average_305.4dfp.img
dimensions:      256       256       256
mmppix:       1.0000   -1.0000   -1.0000
center:     128.0000 -129.0000 -129.0000
talsrcimg_g11.4dfp.img
       256       256       256         1
  1.000000  1.000000  1.000000
orientation T byte_order littleendian
Reading image: talsrcimg_g11.4dfp.img
dimensions:      256       256       256
mmppix:       1.0000   -1.0000   -1.0000
center:     128.0000 -129.0000 -129.0000
t4_read: open error in t4_sub.f l:  41 t4_file(1:l)talsrcimg_to_711-2C_as_mni_average_305_t4 
t4_read: transform initialized to I4
rotation matrix determinant  1.000000
image alignment mode   4355 decimal     1103 hex
   -7.5000  -45.0000  -45.0000 9738.2061   18.3394
    0.0000  -45.0000  -45.000010130.8184   18.3573
    7.5000  -45.0000  -45.0000 9614.2490   18.3304
   -7.5000  -37.5000  -45.000010227.0723   18.3507
    0.0000  -37.5000  -45.000010634.7334   18.3609
    7.5000  -37.5000  -45.000010049.1123   18.3320
   -7.5000  -30.0000  -45.000011023.9834   18.3919
    0.0000  -30.0000  -45.000011430.6904   18.3933
    7.5000  -30.0000  -45.000010812.3096   18.3607
   -7.5000  -22.5000  -45.000011733.3076   18.3934
    0.0000  -22.5000  -45.000012200.4639   18.3945
    7.5000  -22.5000  -45.000011531.0869   18.3606
   -7.5000  -15.0000  -45.000012434.4346   18.3566
    0.0000  -15.0000  -45.000012923.0615   18.3657
    7.5000  -15.0000  -45.000012196.2559   18.3347
   -7.5000   -7.5000  -45.000012987.9775   18.3164
    0.0000   -7.5000  -45.000013519.0098   18.3335
    7.5000   -7.5000  -45.000012733.1104   18.3056
   -7.5000    0.0000  -45.000013350.6494   18.3103
    0.0000    0.0000  -45.000013925.0244   18.3282
    7.5000    0.0000  -45.000013081.5156   18.3014
   -7.5000    7.5000  -45.000012552.8955   18.3491
    0.0000    7.5000  -45.000013136.6211   18.3593
    7.5000    7.5000  -45.000012337.6289   18.3304
   -7.5000   15.0000  -45.000011590.1631   18.3919
    0.0000   15.0000  -45.000012152.0293   18.3933
    7.5000   15.0000  -45.000011428.8828   18.3607
   -7.5000   22.5000  -45.000010587.7881   18.3909
    0.0000   22.5000  -45.000011085.2373   18.3920
    7.5000   22.5000  -45.000010441.5918   18.3581
   -7.5000   30.0000  -45.0000 9616.7451   18.1153
    0.0000   30.0000  -45.000010068.8711   18.1244
    7.5000   30.0000  -45.0000 9496.0088   18.0938
   -7.5000   37.5000  -45.0000 9105.0186   18.1312
    0.0000   37.5000  -45.0000 9518.5107   18.1482
    7.5000   37.5000  -45.0000 8979.6338   18.1204
   -7.5000   45.0000  -45.0000 8175.9927   17.8357
    0.0000   45.0000  -45.0000 8520.9365   17.8543
    7.5000   45.0000  -45.0000 8074.5068   17.8276
   -7.5000  -45.0000  -37.500010274.6846   18.3107
    0.0000  -45.0000  -37.500010690.7832   18.3223
    7.5000  -45.0000  -37.500010131.8408   18.2928
   -7.5000  -37.5000  -37.500010793.7246   18.3193
    0.0000  -37.5000  -37.500011228.8643   18.3217
    7.5000  -37.5000  -37.500010604.6729   18.2906
   -7.5000  -30.0000  -37.500011616.1133   18.3616
    0.0000  -30.0000  -37.500012055.2891   18.3552
    7.5000  -30.0000  -37.500011379.5605   18.3223
   -7.5000  -22.5000  -37.500012359.3105   18.3681
    0.0000  -22.5000  -37.500012849.4668   18.3633
    7.5000  -22.5000  -37.500012102.5801   18.3309
   -7.5000  -15.0000  -37.500013088.7725   18.3340
    0.0000  -15.0000  -37.500013587.5508   18.3390
    7.5000  -15.0000  -37.500012782.0029   18.3095
   -7.5000   -7.5000  -37.500013660.5801   18.2913
    0.0000   -7.5000  -37.500014215.0557   18.3039
    7.5000   -7.5000  -37.500013349.1816   18.2755
   -7.5000    0.0000  -37.500014024.8809   18.2815
    0.0000    0.0000  -37.500014635.4229   18.2931
    7.5000    0.0000  -37.500013708.2461   18.2636
   -7.5000    7.5000  -37.500013197.8516   18.3177
    0.0000    7.5000  -37.500013800.5693   18.3201
    7.5000    7.5000  -37.500012924.4883   18.2890
   -7.5000   15.0000  -37.500012187.0977   18.3616
    0.0000   15.0000  -37.500012767.7393   18.3552
    7.5000   15.0000  -37.500011967.8555   18.3223
   -7.5000   22.5000  -37.500011133.6846   18.3656
    0.0000   22.5000  -37.500011682.9492   18.3608
    7.5000   22.5000  -37.500010970.7041   18.3284
   -7.5000   30.0000  -37.500010075.2256   18.0932
    0.0000   30.0000  -37.500010564.0674   18.0982
    7.5000   30.0000  -37.5000 9962.2617   18.0691
   -7.5000   37.5000  -37.5000 9490.4941   18.1073
    0.0000   37.5000  -37.5000 9957.8359   18.1200
    7.5000   37.5000  -37.5000 9365.8174   18.0918
   -7.5000   45.0000  -37.5000 8490.2021   17.8094
    0.0000   45.0000  -37.5000 8885.9258   17.8218
    7.5000   45.0000  -37.5000 8391.3408   17.7925
   -7.5000  -45.0000  -30.000010948.0312   19.0055
    0.0000  -45.0000  -30.000011386.2305   19.0119
    7.5000  -45.0000  -30.000010775.4062   18.9960
   -7.5000  -37.5000  -30.000011505.7373   19.0131
    0.0000  -37.5000  -30.000011962.6143   19.0113
    7.5000  -37.5000  -30.000011299.6650   18.9941
   -7.5000  -30.0000  -30.000012328.1582   19.0593
    0.0000  -30.0000  -30.000012821.9180   19.0500
    7.5000  -30.0000  -30.000012089.1855   19.0323
   -7.5000  -22.5000  -30.000013110.2061   19.0700
    0.0000  -22.5000  -30.000013639.2939   19.0638
    7.5000  -22.5000  -30.000012834.4912   19.0480
   -7.5000  -15.0000  -30.000013883.9072   19.0364
    0.0000  -15.0000  -30.000014439.0869   19.0399
    7.5000  -15.0000  -30.000013576.0918   19.0271
   -7.5000   -7.5000  -30.000014552.1738   18.9895
    0.0000   -7.5000  -30.000015141.4189   18.9981
    7.5000   -7.5000  -30.000014209.9990   18.9846
   -7.5000    0.0000  -30.000014960.3730   18.9752
    0.0000    0.0000  -30.000015582.0576   18.9816
    7.5000    0.0000  -30.000014601.5049   18.9657
   -7.5000    7.5000  -30.000014074.5537   19.0115
    0.0000    7.5000  -30.000014687.6914   19.0097
    7.5000    7.5000  -30.000013785.6357   18.9925
   -7.5000   15.0000  -30.000012996.5645   19.0593
    0.0000   15.0000  -30.000013568.7578   19.0500
    7.5000   15.0000  -30.000012737.6133   19.0323
   -7.5000   22.5000  -30.000011874.0908   19.0654
    0.0000   22.5000  -30.000012432.1680   19.0592
    7.5000   22.5000  -30.000011681.2383   19.0434
   -7.5000   30.0000  -30.000010729.2500   18.7879
    0.0000   30.0000  -30.000011255.7568   18.7914
    7.5000   30.0000  -30.000010583.0225   18.7787
   -7.5000   37.5000  -30.000010043.8359   18.7999
    0.0000   37.5000  -30.000010534.8594   18.8088
    7.5000   37.5000  -30.0000 9884.8027   18.7956
   -7.5000   45.0000  -30.0000 8951.9053   18.4997
    0.0000   45.0000  -30.0000 9400.7891   18.5066
    7.5000   45.0000  -30.0000 8845.8154   18.4908
   -7.5000  -45.0000  -22.500011535.5371   19.5961
    0.0000  -45.0000  -22.500012013.1992   19.6014
    7.5000  -45.0000  -22.500011335.7725   19.6021
   -7.5000  -37.5000  -22.500012200.5645   19.6068
    0.0000  -37.5000  -22.500012661.9512   19.6075
    7.5000  -37.5000  -22.500011914.4844   19.6068
   -7.5000  -30.0000  -22.500013073.1572   19.6575
    0.0000  -30.0000  -22.500013560.8564   19.6531
    7.5000  -30.0000  -22.500012760.5557   19.6514
   -7.5000  -22.5000  -22.500013857.0518   19.6679
    0.0000  -22.5000  -22.500014349.2363   19.6656
    7.5000  -22.5000  -22.500013523.9814   19.6658
   -7.5000  -15.0000  -22.500014644.0156   19.6312
    0.0000  -15.0000  -22.500015164.1729   19.6356
    7.5000  -15.0000  -22.500014287.6123   19.6388
   -7.5000   -7.5000  -22.500015368.7627   19.5807
    0.0000   -7.5000  -22.500015925.4648   19.5875
    7.5000   -7.5000  -22.500014967.2793   19.5902
   -7.5000    0.0000  -22.500015862.3066   19.5650
    0.0000    0.0000  -22.500016433.7910   19.5702
    7.5000    0.0000  -22.500015435.7646   19.5708
   -7.5000    7.5000  -22.500014950.4453   19.6051
    0.0000    7.5000  -22.500015524.5625   19.6059
    7.5000    7.5000  -22.500014600.1162   19.6051
   -7.5000   15.0000  -22.500013811.1250   19.6575
    0.0000   15.0000  -22.500014336.6592   19.6531
    7.5000   15.0000  -22.500013492.5234   19.6514
   -7.5000   22.5000  -22.500012593.4229   19.6618
    0.0000   22.5000  -22.500013131.8467   19.6595
    7.5000   22.5000  -22.500012351.0000   19.6597
   -7.5000   30.0000  -22.500011380.2344   19.3775
    0.0000   30.0000  -22.500011901.4160   19.3818
    7.5000   30.0000  -22.500011187.5068   19.3849
   -7.5000   37.5000  -22.500010647.6807   19.3865
    0.0000   37.5000  -22.500011150.4092   19.3936
    7.5000   37.5000  -22.500010455.0693   19.3965
   -7.5000   45.0000  -22.5000 9495.2021   19.0880
    0.0000   45.0000  -22.5000 9949.6504   19.0935
    7.5000   45.0000  -22.5000 9340.9668   19.0938
   -7.5000  -45.0000  -15.000012003.7354   20.0473
    0.0000  -45.0000  -15.000012505.7451   20.0571
    7.5000  -45.0000  -15.000011802.0293   20.0595
   -7.5000  -37.5000  -15.000012773.7959   20.0614
    0.0000  -37.5000  -15.000013266.1445   20.0688
    7.5000  -37.5000  -15.000012466.8750   20.0697
   -7.5000  -30.0000  -15.000013817.2363   20.1135
    0.0000  -30.0000  -15.000014333.8398   20.1163
    7.5000  -30.0000  -15.000013440.0791   20.1148
   -7.5000  -22.5000  -15.000014606.9346   20.1196
    0.0000  -22.5000  -15.000015103.8496   20.1226
    7.5000  -22.5000  -15.000014242.3418   20.1217
   -7.5000  -15.0000  -15.000015379.4297   20.0791
    0.0000  -15.0000  -15.000015880.3193   20.0865
    7.5000  -15.0000  -15.000015012.6143   20.0883
   -7.5000   -7.5000  -15.000016187.4297   20.0287
    0.0000   -7.5000  -15.000016715.5527   20.0383
    7.5000   -7.5000  -15.000015741.3633   20.0410
   -7.5000    0.0000  -15.000016706.6504   20.0156
    0.0000    0.0000  -15.000017264.6289   20.0253
    7.5000    0.0000  -15.000016243.9736   20.0276
   -7.5000    7.5000  -15.000015751.5156   20.0597
    0.0000    7.5000  -15.000016299.7070   20.0671
    7.5000    7.5000  -15.000015374.6104   20.0680
   -7.5000   15.0000  -15.000014592.4697   20.1135
    0.0000   15.0000  -15.000015108.6797   20.1163
    7.5000   15.0000  -15.000014217.3945   20.1148
   -7.5000   22.5000  -15.000013337.9814   20.1124
    0.0000   22.5000  -15.000013857.2227   20.1155
    7.5000   22.5000  -15.000012994.3408   20.1146
   -7.5000   30.0000  -15.000012075.3662   19.8222
    0.0000   30.0000  -15.000012590.8184   19.8295
    7.5000   30.0000  -15.000011778.5576   19.8313
   -7.5000   37.5000  -15.000011309.4941   19.8315
    0.0000   37.5000  -15.000011808.0039   19.8412
    7.5000   37.5000  -15.000011014.1533   19.8441
   -7.5000   45.0000  -15.000010092.3242   19.5369
    0.0000   45.0000  -15.000010521.3916   19.5469
    7.5000   45.0000  -15.0000 9820.7207   19.5487
   -7.5000  -45.0000   -7.500012454.4561   20.3218
    0.0000  -45.0000   -7.500012957.5117   20.3400
    7.5000  -45.0000   -7.500012212.7432   20.3276
   -7.5000  -37.5000   -7.500013343.8018   20.3360
    0.0000  -37.5000   -7.500013851.6904   20.3494
    7.5000  -37.5000   -7.500012977.7090   20.3352
   -7.5000  -30.0000   -7.500014621.2236   20.3842
    0.0000  -30.0000   -7.500015158.1445   20.3904
    7.5000  -30.0000   -7.500014117.4365   20.3723
   -7.5000  -22.5000   -7.500015619.4893   20.3858
    0.0000  -22.5000   -7.500016143.2451   20.3911
    7.5000  -22.5000   -7.500015091.6982   20.3718
   -7.5000  -15.0000   -7.500016432.4141   20.3441
    0.0000  -15.0000   -7.500016924.0312   20.3551
    7.5000  -15.0000   -7.500015885.3809   20.3383
   -7.5000   -7.5000   -7.500017178.7070   20.2979
    0.0000   -7.5000   -7.500017673.7168   20.3145
    7.5000   -7.5000   -7.500016570.9531   20.3008
   -7.5000    0.0000   -7.500017600.1602   20.2897
    0.0000    0.0000   -7.500018137.7793   20.3078
    7.5000    0.0000   -7.500017013.1211   20.2953
   -7.5000    7.5000   -7.500016652.6836   20.3342
    0.0000    7.5000   -7.500017184.5977   20.3476
    7.5000    7.5000   -7.500016068.2373   20.3335
   -7.5000   15.0000   -7.500015484.1406   20.3842
    0.0000   15.0000   -7.500015974.2832   20.3904
    7.5000   15.0000   -7.500014886.1875   20.3723
   -7.5000   22.5000   -7.500014184.6074   20.3764
    0.0000   22.5000   -7.500014670.6240   20.3817
    7.5000   22.5000   -7.500013631.5400   20.3624
   -7.5000   30.0000   -7.500012842.8838   20.0836
    0.0000   30.0000   -7.500013347.0684   20.0945
    7.5000   30.0000   -7.500012380.5664   20.0779
   -7.5000   37.5000   -7.500011989.3975   20.0980
    0.0000   37.5000   -7.500012480.3379   20.1146
    7.5000   37.5000   -7.500011563.9248   20.1010
   -7.5000   45.0000   -7.500010663.6182   19.8066
    0.0000   45.0000   -7.500011082.4395   19.8252
    7.5000   45.0000   -7.500010283.6826   19.8125
   -7.5000  -45.0000    0.000012747.3037   20.4159
    0.0000  -45.0000    0.000013280.1230   20.4355
    7.5000  -45.0000    0.000012553.3633   20.4056
   -7.5000  -37.5000    0.000013681.7441   20.4280
    0.0000  -37.5000    0.000014241.6240   20.4391
    7.5000  -37.5000    0.000013349.3320   20.4069
   -7.5000  -30.0000    0.000015263.0176   20.4732
    0.0000  -30.0000    0.000015928.9570   20.4747
    7.5000  -30.0000    0.000014595.2158   20.4385
   -7.5000  -22.5000    0.000016723.8555   20.4747
    0.0000  -22.5000    0.000017392.2344   20.4759
    7.5000  -22.5000    0.000015807.2646   20.4383
   -7.5000  -15.0000    0.000017606.1406   20.4342
    0.0000  -15.0000    0.000018147.8379   20.4442
    7.5000  -15.0000    0.000016680.6738   20.4098
   -7.5000   -7.5000    0.000018104.2930   20.3900
    0.0000   -7.5000    0.000018576.1465   20.4088
    7.5000   -7.5000    0.000017246.8496   20.3779
   -7.5000    0.0000    0.000018424.2539   20.3835
    0.0000    0.0000    0.000018891.5430   20.4031
    7.5000    0.0000    0.000017571.4902   20.3732
   -7.5000    7.5000    0.000017393.3184   20.4263
    0.0000    7.5000    0.000017856.3145   20.4373
    7.5000    7.5000    0.000016539.7363   20.4052
   -7.5000   15.0000    0.000016166.8271   20.4732
    0.0000   15.0000    0.000016605.4473   20.4747
    7.5000   15.0000    0.000015351.2285   20.4385
   -7.5000   22.5000    0.000014783.6914   20.4653
    0.0000   22.5000    0.000015228.5596   20.4664
    7.5000   22.5000    0.000014090.2656   20.4289
   -7.5000   30.0000    0.000013330.7764   20.1735
    0.0000   30.0000    0.000013831.9922   20.1835
    7.5000   30.0000    0.000012815.9746   20.1495
   -7.5000   37.5000    0.000012377.0088   20.1913
    0.0000   37.5000    0.000012874.0859   20.2101
    7.5000   37.5000    0.000011924.1758   20.1793
   -7.5000   45.0000    0.000010983.9668   19.9006
    0.0000   45.0000    0.000011417.5000   19.9210
    7.5000   45.0000    0.000010600.4268   19.8912
   -7.5000  -45.0000    7.500012156.2891   20.4438
    0.0000  -45.0000    7.500012654.4531   20.4567
    7.5000  -45.0000    7.500011867.3027   20.4237
   -7.5000  -37.5000    7.500013072.0127   20.4532
    0.0000  -37.5000    7.500013586.3867   20.4558
    7.5000  -37.5000    7.500012633.4385   20.4210
   -7.5000  -30.0000    7.500014660.6875   20.5001
    0.0000  -30.0000    7.500015296.0254   20.4928
    7.5000  -30.0000    7.500013867.6543   20.4562
   -7.5000  -22.5000    7.500016080.2246   20.5073
    0.0000  -22.5000    7.500016718.7324   20.5019
    7.5000  -22.5000    7.500015034.2051   20.4656
   -7.5000  -15.0000    7.500016858.0996   20.4694
    0.0000  -15.0000    7.500017387.8184   20.4749
    7.5000  -15.0000    7.500015864.8994   20.4420
   -7.5000   -7.5000    7.500017352.3203   20.4221
    0.0000   -7.5000    7.500017867.6543   20.4361
    7.5000   -7.5000    7.500016452.6289   20.4044
   -7.5000    0.0000    7.500017643.7871   20.4113
    0.0000    0.0000    7.500018170.8125   20.4241
    7.5000    0.0000    7.500016786.5879   20.3912
   -7.5000    7.5000    7.500016561.3184   20.4515
    0.0000    7.5000    7.500017072.1699   20.4540
    7.5000    7.5000    7.500015770.9150   20.4193
   -7.5000   15.0000    7.500015327.8076   20.5001
    0.0000   15.0000    7.500015798.3887   20.4928
    7.5000   15.0000    7.500014625.4258   20.4562
   -7.5000   22.5000    7.500013993.4922   20.4979
    0.0000   22.5000    7.500014439.5215   20.4924
    7.5000   22.5000    7.500013423.2783   20.4562
   -7.5000   30.0000    7.500012653.1787   20.2084
    0.0000   30.0000    7.500013133.3232   20.2139
    7.5000   30.0000    7.500012247.2012   20.1815
   -7.5000   37.5000    7.500011780.9307   20.2244
    0.0000   37.5000    7.500012253.0615   20.2384
    7.5000   37.5000    7.500011447.8271   20.2070
   -7.5000   45.0000    7.500010433.8818   19.9305
    0.0000   45.0000    7.500010865.7314   19.9442
    7.5000   45.0000    7.500010171.0938   19.9114
   -7.5000  -45.0000   15.000011464.6680   20.4639
    0.0000  -45.0000   15.000011929.2803   20.4707
    7.5000  -45.0000   15.000011140.5000   20.4537
   -7.5000  -37.5000   15.000012207.7695   20.4733
    0.0000  -37.5000   15.000012712.5449   20.4712
    7.5000  -37.5000   15.000011866.1943   20.4527
   -7.5000  -30.0000   15.000013440.3047   20.5240
    0.0000  -30.0000   15.000014101.9814   20.5139
    7.5000  -30.0000   15.000013011.2256   20.4951
   -7.5000  -22.5000   15.000014478.0117   20.5353
    0.0000  -22.5000   15.000015147.7129   20.5285
    7.5000  -22.5000   15.000014054.4570   20.5117
   -7.5000  -15.0000   15.000015134.2656   20.4981
    0.0000  -15.0000   15.000015771.0615   20.5017
    7.5000  -15.0000   15.000014820.7852   20.4882
   -7.5000   -7.5000   15.000015787.7598   20.4466
    0.0000   -7.5000   15.000016424.8984   20.4557
    7.5000   -7.5000   15.000015428.7168   20.4414
   -7.5000    0.0000   15.000016283.2539   20.4313
    0.0000    0.0000   15.000016887.6152   20.4380
    7.5000    0.0000   15.000015813.7822   20.4210
   -7.5000    7.5000   15.000015399.5039   20.4715
    0.0000    7.5000   15.000015921.0762   20.4694
    7.5000    7.5000   15.000014890.3184   20.4510
   -7.5000   15.0000   15.000014279.2832   20.5240
    0.0000   15.0000   15.000014740.1299   20.5139
    7.5000   15.0000   15.000013767.6934   20.4951
   -7.5000   22.5000   15.000013066.5059   20.5258
    0.0000   22.5000   15.000013469.1338   20.5190
    7.5000   22.5000   15.000012592.0371   20.5023
   -7.5000   30.0000   15.000011808.1250   20.2365
    0.0000   30.0000   15.000012245.9727   20.2401
    7.5000   30.0000   15.000011449.5293   20.2267
   -7.5000   37.5000   15.000010984.9463   20.2487
    0.0000   37.5000   15.000011420.2598   20.2580
    7.5000   37.5000   15.000010713.4971   20.2440
   -7.5000   45.0000   15.0000 9743.3721   19.9522
    0.0000   45.0000   15.000010144.1592   19.9595
    7.5000   45.0000   15.0000 9556.8701   19.9426
   -7.5000  -45.0000   22.500010468.0723   20.5622
    0.0000  -45.0000   22.500010886.4258   20.5669
    7.5000  -45.0000   22.500010348.9912   20.5680
   -7.5000  -37.5000   22.500011069.1836   20.5759
    0.0000  -37.5000   22.500011566.5439   20.5758
    7.5000  -37.5000   22.500010975.7568   20.5754
   -7.5000  -30.0000   22.500012079.9619   20.6313
    0.0000  -30.0000   22.500012692.4951   20.6259
    7.5000  -30.0000   22.500011957.0811   20.6245
   -7.5000  -22.5000   22.500012960.4189   20.6412
    0.0000  -22.5000   22.500013543.2393   20.6382
    7.5000  -22.5000   22.500012855.8252   20.6388
   -7.5000  -15.0000   22.500013661.3066   20.6002
    0.0000  -15.0000   22.500014225.3184   20.6040
    7.5000  -15.0000   22.500013572.5693   20.6079
   -7.5000   -7.5000   22.500014354.9658   20.5453
    0.0000   -7.5000   22.500014936.1582   20.5515
    7.5000   -7.5000   22.500014194.3955   20.5548
   -7.5000    0.0000   22.500014769.8525   20.5293
    0.0000    0.0000   22.500015350.8164   20.5338
    7.5000    0.0000   22.500014559.5811   20.5349
   -7.5000    7.5000   22.500013992.3027   20.5742
    0.0000    7.5000   22.500014510.3867   20.5741
    7.5000    7.5000   22.500013743.3184   20.5737
   -7.5000   15.0000   22.500012997.9014   20.6313
    0.0000   15.0000   22.500013476.0156   20.6259
    7.5000   15.0000   22.500012728.0645   20.6245
   -7.5000   22.5000   22.500011954.4697   20.6317
    0.0000   22.5000   22.500012364.7744   20.6286
    7.5000   22.5000   22.500011662.2861   20.6293
   -7.5000   30.0000   22.500010860.9316   20.3368
    0.0000   30.0000   22.500011265.6533   20.3406
    7.5000   30.0000   22.500010614.9971   20.3444
   -7.5000   37.5000   22.500010107.2217   20.3450
    0.0000   37.5000   22.500010495.4307   20.3516
    7.5000   37.5000   22.5000 9915.5557   20.3552
   -7.5000   45.0000   22.5000 8991.1787   20.0489
    0.0000   45.0000   22.5000 9338.2119   20.0538
    7.5000   45.0000   22.5000 8832.5674   20.0545
   -7.5000  -45.0000   30.0000 9603.7529   21.1109
    0.0000  -45.0000   30.000010010.3936   21.1188
    7.5000  -45.0000   30.0000 9556.5000   21.1230
   -7.5000  -37.5000   30.000010187.9932   21.1296
    0.0000  -37.5000   30.000010634.5283   21.1339
    7.5000  -37.5000   30.000010122.3008   21.1364
   -7.5000  -30.0000   30.000011098.9189   21.1866
    0.0000  -30.0000   30.000011620.6758   21.1857
    7.5000  -30.0000   30.000011012.2021   21.1856
   -7.5000  -22.5000   30.000011866.1494   21.1892
    0.0000  -22.5000   30.000012352.9141   21.1895
    7.5000  -22.5000   30.000011789.5547   21.1904
   -7.5000  -15.0000   30.000012576.0674   21.1411
    0.0000  -15.0000   30.000013057.4326   21.1470
    7.5000  -15.0000   30.000012474.2373   21.1512
   -7.5000   -7.5000   30.000013240.1055   21.0867
    0.0000   -7.5000   30.000013772.8516   21.0950
    7.5000   -7.5000   30.000013102.6846   21.0999
   -7.5000    0.0000   30.000013608.5498   21.0762
    0.0000    0.0000   30.000014149.1777   21.0840
    7.5000    0.0000   30.000013449.4473   21.0881
   -7.5000    7.5000   30.000012871.5693   21.1278
    0.0000    7.5000   30.000013373.5801   21.1321
    7.5000    7.5000   30.000012670.0752   21.1345
   -7.5000   15.0000   30.000011948.1387   21.1866
    0.0000   15.0000   30.000012415.0293   21.1857
    7.5000   15.0000   30.000011745.7734   21.1856
   -7.5000   22.5000   30.000010998.3799   21.1794
    0.0000   22.5000   30.000011413.6055   21.1797
    7.5000   22.5000   30.000010785.3018   21.1806
   -7.5000   30.0000   30.000010026.5439   20.8704
    0.0000   30.0000   30.000010412.4424   20.8763
    7.5000   30.0000   30.0000 9823.6260   20.8804
   -7.5000   37.5000   30.0000 9351.0703   20.8796
    0.0000   37.5000   30.0000 9714.6191   20.8881
    7.5000   37.5000   30.0000 9174.3105   20.8932
   -7.5000   45.0000   30.0000 8345.4932   20.5820
    0.0000   45.0000   30.0000 8649.8818   20.5901
    7.5000   45.0000   30.0000 8219.1514   20.5936
   -7.5000  -45.0000   37.5000 9237.3057   21.8823
    0.0000  -45.0000   37.5000 9625.7910   21.8948
    7.5000  -45.0000   37.5000 9181.2910   21.8833
   -7.5000  -37.5000   37.5000 9829.0605   21.9049
    0.0000  -37.5000   37.500010256.5674   21.9110
    7.5000  -37.5000   37.5000 9737.0479   21.8965
   -7.5000  -30.0000   37.500010681.3623   21.9609
    0.0000  -30.0000   37.500011151.7627   21.9589
    7.5000  -30.0000   37.500010559.5977   21.9396
   -7.5000  -22.5000   37.500011393.4688   21.9551
    0.0000  -22.5000   37.500011839.7158   21.9535
    7.5000  -22.5000   37.500011263.0342   21.9341
   -7.5000  -15.0000   37.500012077.0664   21.8994
    0.0000  -15.0000   37.500012540.1621   21.9052
    7.5000  -15.0000   37.500011926.3730   21.8900
   -7.5000   -7.5000   37.500012715.4385   21.8473
    0.0000   -7.5000   37.500013227.5449   21.8592
    7.5000   -7.5000   37.500012552.4766   21.8469
   -7.5000    0.0000   37.500013091.9775   21.8451
    0.0000    0.0000   37.500013627.3691   21.8576
    7.5000    0.0000   37.500012935.0127   21.8459
   -7.5000    7.5000   37.500012407.8105   21.9029
    0.0000    7.5000   37.500012917.5654   21.9090
    7.5000    7.5000   37.500012190.5264   21.8945
   -7.5000   15.0000   37.500011517.2021   21.9609
    0.0000   15.0000   37.500011984.7344   21.9589
    7.5000   15.0000   37.500011290.3760   21.9396
   -7.5000   22.5000   37.500010575.7129   21.9450
    0.0000   22.5000   37.500010982.7764   21.9434
    7.5000   22.5000   37.500010349.7871   21.9240
   -7.5000   30.0000   37.5000 9628.5752   21.6168
    0.0000   30.0000   37.500010000.4277   21.6226
    7.5000   30.0000   37.5000 9441.5039   21.6076
   -7.5000   37.5000   37.5000 9017.6240   21.6206
    0.0000   37.5000   37.5000 9358.4834   21.6325
    7.5000   37.5000   37.5000 8854.9238   21.6204
   -7.5000   45.0000   37.5000 8090.9038   21.3081
    0.0000   45.0000   37.5000 8373.4180   21.3213
    7.5000   45.0000   37.5000 7961.3911   21.3093
   -7.5000  -45.0000   45.0000 8583.6299   22.7759
    0.0000  -45.0000   45.0000 8927.6650   22.7842
    7.5000  -45.0000   45.0000 8474.9463   22.7524
   -7.5000  -37.5000   45.0000 9139.7412   22.7911
    0.0000  -37.5000   45.0000 9515.0410   22.7877
    7.5000  -37.5000   45.0000 9001.2871   22.7510
   -7.5000  -30.0000   45.0000 9892.2549   22.8467
    0.0000  -30.0000   45.000010288.8652   22.8325
    7.5000  -30.0000   45.0000 9734.7500   22.7905
   -7.5000  -22.5000   45.000010546.2148   22.8476
    0.0000  -22.5000   45.000010959.2549   22.8351
    7.5000  -22.5000   45.000010374.1758   22.7938
   -7.5000  -15.0000   45.000011187.3545   22.7968
    0.0000  -15.0000   45.000011632.8486   22.7963
    7.5000  -15.0000   45.000010995.7715   22.7613
   -7.5000   -7.5000   45.000011767.1992   22.7424
    0.0000   -7.5000   45.000012257.4961   22.7518
    7.5000   -7.5000   45.000011593.2363   22.7209
   -7.5000    0.0000   45.000012143.0742   22.7353
    0.0000    0.0000   45.000012651.2383   22.7436
    7.5000    0.0000   45.000011981.6885   22.7118
   -7.5000    7.5000   45.000011514.1738   22.7889
    0.0000    7.5000   45.000011976.2246   22.7855
    7.5000    7.5000   45.000011296.1943   22.7488
   -7.5000   15.0000   45.000010699.8779   22.8467
    0.0000   15.0000   45.000011119.9541   22.8325
    7.5000   15.0000   45.000010458.7158   22.7905
   -7.5000   22.5000   45.0000 9811.2383   22.8370
    0.0000   22.5000   45.000010177.3467   22.8245
    7.5000   22.5000   45.0000 9579.2197   22.7832
   -7.5000   30.0000   45.0000 8922.5332   22.4999
    0.0000   30.0000   45.0000 9243.3379   22.4995
    7.5000   30.0000   45.0000 8736.4697   22.4650
   -7.5000   37.5000   45.0000 8373.3760   22.4898
    0.0000   37.5000   45.0000 8670.5078   22.4994
    7.5000   37.5000   45.0000 8224.1113   22.4687
   -7.5000   45.0000   45.0000 7533.8613   22.1479
    0.0000   45.0000   45.0000 7791.3306   22.1573
    7.5000   45.0000   45.0000 7401.8608   22.1256

---------------------------------------------------------------------
imgreg_4dfp /usr/local/freesurfer/average/711-2C_as_mni_average_305 /usr/local/freesurfer/average/711-2B_as_mni_average_305_mask talsrcimg_g11 none talsrcimg_to_711-2C_as_mni_average_305_t4 4355
---------------------------------------------------------------------

freesurfer imgreg_4dfp.c
/usr/local/freesurfer/average/711-2C_as_mni_average_305.4dfp.img
       256       256       256         1
  1.000000  1.000000  1.000000
orientation T byte_order littleendian
Reading image: /usr/local/freesurfer/average/711-2C_as_mni_average_305.4dfp.img
dimensions:      256       256       256
mmppix:       1.0000   -1.0000   -1.0000
center:     128.0000 -129.0000 -129.0000
/usr/local/freesurfer/average/711-2B_as_mni_average_305_mask.4dfp.img
       256       256       256         1
  1.000000  1.000000  1.000000
orientation T byte_order littleendian
Reading mask: /usr/local/freesurfer/average/711-2B_as_mni_average_305_mask.4dfp.img (2306576 pixels)
talsrcimg_g11.4dfp.img
       256       256       256         1
  1.000000  1.000000  1.000000
orientation T byte_order littleendian
Reading image: talsrcimg_g11.4dfp.img
dimensions:      256       256       256
mmppix:       1.0000   -1.0000   -1.0000
center:     128.0000 -129.0000 -129.0000
rotation matrix determinant  1.000000
image alignment mode   4355 decimal     1103 hex
   -7.5000  -45.0000  -45.0000 2430.3052   19.6154
    0.0000  -45.0000  -45.0000 2430.9807   19.6515
    7.5000  -45.0000  -45.0000 2405.1213   19.6862
   -7.5000  -37.5000  -45.0000 2465.6030   18.6924
    0.0000  -37.5000  -45.0000 2468.1592   18.6727
    7.5000  -37.5000  -45.0000 2439.3977   18.7513
   -7.5000  -30.0000  -45.0000 2483.4749   18.1388
    0.0000  -30.0000  -45.0000 2487.0686   18.1002
    7.5000  -30.0000  -45.0000 2457.6655   18.1716
   -7.5000  -22.5000  -45.0000 2487.1570   17.8154
    0.0000  -22.5000  -45.0000 2494.8506   17.8097
    7.5000  -22.5000  -45.0000 2473.2771   17.8922
   -7.5000  -15.0000  -45.0000 2499.7979   17.9024
    0.0000  -15.0000  -45.0000 2504.8682   17.8732
    7.5000  -15.0000  -45.0000 2485.9746   17.9670
   -7.5000   -7.5000  -45.0000 2490.0808   18.2467
    0.0000   -7.5000  -45.0000 2497.7375   18.2683
    7.5000   -7.5000  -45.0000 2477.6152   18.3652
   -7.5000    0.0000  -45.0000 2472.5083   18.9251
    0.0000    0.0000  -45.0000 2485.8074   18.9799
    7.5000    0.0000  -45.0000 2453.3345   19.0466
   -7.5000    7.5000  -45.0000 2434.1865   19.8906
    0.0000    7.5000  -45.0000 2445.6914   19.9683
    7.5000    7.5000  -45.0000 2412.9165   19.9978
   -7.5000   15.0000  -45.0000 2365.3792   21.1660
    0.0000   15.0000  -45.0000 2373.6262   21.2071
    7.5000   15.0000  -45.0000 2342.5562   21.2522
   -7.5000   22.5000  -45.0000 2275.6091   22.6854
    0.0000   22.5000  -45.0000 2278.3706   22.7394
    7.5000   22.5000  -45.0000 2255.1501   22.8384
   -7.5000   30.0000  -45.0000 2157.2695   24.6249
    0.0000   30.0000  -45.0000 2158.1882   24.6459
    7.5000   30.0000  -45.0000 2138.3733   24.7443
   -7.5000   37.5000  -45.0000 2044.3879   27.1547
    0.0000   37.5000  -45.0000 2047.0149   27.1367
    7.5000   37.5000  -45.0000 2025.8289   27.2896
   -7.5000   45.0000  -45.0000 1909.3048   30.5367
    0.0000   45.0000  -45.0000 1905.1061   30.5353
    7.5000   45.0000  -45.0000 1898.5190   30.8624
   -7.5000  -45.0000  -37.5000 2523.9832   18.6827
    0.0000  -45.0000  -37.5000 2525.0032   18.6271
    7.5000  -45.0000  -37.5000 2488.9885   18.6345
   -7.5000  -37.5000  -37.5000 2556.4402   17.6995
    0.0000  -37.5000  -37.5000 2556.7803   17.6287
    7.5000  -37.5000  -37.5000 2522.6472   17.6723
   -7.5000  -30.0000  -37.5000 2575.8376   17.1175
    0.0000  -30.0000  -37.5000 2579.5649   17.0471
    7.5000  -30.0000  -37.5000 2548.1248   17.0847
   -7.5000  -22.5000  -37.5000 2578.9041   16.7637
    0.0000  -22.5000  -37.5000 2588.0371   16.7700
    7.5000  -22.5000  -37.5000 2556.4524   16.7939
   -7.5000  -15.0000  -37.5000 2590.5208   16.8503
    0.0000  -15.0000  -37.5000 2593.1094   16.8368
    7.5000  -15.0000  -37.5000 2561.9866   16.8763
   -7.5000   -7.5000  -37.5000 2579.8643   17.1636
    0.0000   -7.5000  -37.5000 2590.9407   17.1990
    7.5000   -7.5000  -37.5000 2560.4333   17.2206
   -7.5000    0.0000  -37.5000 2563.6899   17.7934
    0.0000    0.0000  -37.5000 2580.2327   17.8309
    7.5000    0.0000  -37.5000 2544.3018   17.8687
   -7.5000    7.5000  -37.5000 2522.4180   18.6490
    0.0000    7.5000  -37.5000 2535.2595   18.6958
    7.5000    7.5000  -37.5000 2500.2324   18.7461
   -7.5000   15.0000  -37.5000 2452.4429   19.7908
    0.0000   15.0000  -37.5000 2465.2180   19.8311
    7.5000   15.0000  -37.5000 2430.3311   19.8994
   -7.5000   22.5000  -37.5000 2362.8979   21.2302
    0.0000   22.5000  -37.5000 2376.2012   21.3205
    7.5000   22.5000  -37.5000 2341.5300   21.4181
   -7.5000   30.0000  -37.5000 2237.7275   23.0271
    0.0000   30.0000  -37.5000 2242.0093   23.0876
    7.5000   30.0000  -37.5000 2223.0103   23.2221
   -7.5000   37.5000  -37.5000 2119.6899   25.3546
    0.0000   37.5000  -37.5000 2123.9517   25.4141
    7.5000   37.5000  -37.5000 2101.4941   25.5986
   -7.5000   45.0000  -37.5000 1980.0875   28.5015
    0.0000   45.0000  -37.5000 1976.8734   28.5891
    7.5000   45.0000  -37.5000 1966.8038   28.8857
   -7.5000  -45.0000  -30.0000 2634.2144   18.3387
    0.0000  -45.0000  -30.0000 2635.9473   18.2545
    7.5000  -45.0000  -30.0000 2601.7795   18.2586
   -7.5000  -37.5000  -30.0000 2668.3054   17.3698
    0.0000  -37.5000  -30.0000 2671.6167   17.2728
    7.5000  -37.5000  -30.0000 2644.8469   17.2867
   -7.5000  -30.0000  -30.0000 2682.9634   16.6479
    0.0000  -30.0000  -30.0000 2695.8054   16.6116
    7.5000  -30.0000  -30.0000 2664.8079   16.6162
   -7.5000  -22.5000  -30.0000 2690.7756   16.2283
    0.0000  -22.5000  -30.0000 2703.6453   16.2369
    7.5000  -22.5000  -30.0000 2668.3086   16.2737
   -7.5000  -15.0000  -30.0000 2703.0325   16.2875
    0.0000  -15.0000  -30.0000 2708.1213   16.2686
    7.5000  -15.0000  -30.0000 2681.6768   16.3806
   -7.5000   -7.5000  -30.0000 2703.3887   16.6249
    0.0000   -7.5000  -30.0000 2713.1279   16.6342
    7.5000   -7.5000  -30.0000 2687.9185   16.7247
   -7.5000    0.0000  -30.0000 2690.1641   17.2674
    0.0000    0.0000  -30.0000 2702.3518   17.2507
    7.5000    0.0000  -30.0000 2673.6516   17.3613
   -7.5000    7.5000  -30.0000 2645.3630   18.0918
    0.0000    7.5000  -30.0000 2653.8584   18.0643
    7.5000    7.5000  -30.0000 2633.1714   18.1933
   -7.5000   15.0000  -30.0000 2569.0129   19.1459
    0.0000   15.0000  -30.0000 2577.0427   19.1326
    7.5000   15.0000  -30.0000 2555.7683   19.2782
   -7.5000   22.5000  -30.0000 2476.0317   20.5191
    0.0000   22.5000  -30.0000 2487.6274   20.5485
    7.5000   22.5000  -30.0000 2464.0229   20.7111
   -7.5000   30.0000  -30.0000 2353.6931   22.2861
    0.0000   30.0000  -30.0000 2360.0762   22.2770
    7.5000   30.0000  -30.0000 2337.6890   22.4730
   -7.5000   37.5000  -30.0000 2220.9060   24.5168
    0.0000   37.5000  -30.0000 2221.7183   24.5740
    7.5000   37.5000  -30.0000 2203.7593   24.8028
   -7.5000   45.0000  -30.0000 2069.4995   27.6014
    0.0000   45.0000  -30.0000 2069.2771   27.6566
    7.5000   45.0000  -30.0000 2056.2480   27.9328
   -7.5000  -45.0000  -22.5000 2696.8362   17.8756
    0.0000  -45.0000  -22.5000 2709.6609   17.7856
    7.5000  -45.0000  -22.5000 2682.5476   17.8599
   -7.5000  -37.5000  -22.5000 2747.9338   16.9298
    0.0000  -37.5000  -22.5000 2752.4761   16.8052
    7.5000  -37.5000  -22.5000 2725.9810   16.8708
   -7.5000  -30.0000  -22.5000 2762.9150   16.1933
    0.0000  -30.0000  -22.5000 2770.6958   16.0753
    7.5000  -30.0000  -22.5000 2746.0339   16.1600
   -7.5000  -22.5000  -22.5000 2766.5664   15.6463
    0.0000  -22.5000  -22.5000 2771.1516   15.5721
    7.5000  -22.5000  -22.5000 2749.3081   15.7466
   -7.5000  -15.0000  -22.5000 2781.2273   15.6461
    0.0000  -15.0000  -22.5000 2781.4897   15.5511
    7.5000  -15.0000  -22.5000 2766.7629   15.7737
   -7.5000   -7.5000  -22.5000 2787.1833   15.9932
    0.0000   -7.5000  -22.5000 2794.9199   15.9333
    7.5000   -7.5000  -22.5000 2777.6265   16.0912
   -7.5000    0.0000  -22.5000 2773.5657   16.6145
    0.0000    0.0000  -22.5000 2781.0706   16.5417
    7.5000    0.0000  -22.5000 2764.0859   16.7307
   -7.5000    7.5000  -22.5000 2734.7302   17.4450
    0.0000    7.5000  -22.5000 2736.5588   17.3563
    7.5000    7.5000  -22.5000 2721.4587   17.5553
   -7.5000   15.0000  -22.5000 2656.3933   18.4747
    0.0000   15.0000  -22.5000 2655.9800   18.4259
    7.5000   15.0000  -22.5000 2639.5361   18.6610
   -7.5000   22.5000  -22.5000 2556.9927   19.8077
    0.0000   22.5000  -22.5000 2561.0708   19.7692
    7.5000   22.5000  -22.5000 2545.4243   20.0490
   -7.5000   30.0000  -22.5000 2430.5234   21.5024
    0.0000   30.0000  -22.5000 2433.8828   21.4842
    7.5000   30.0000  -22.5000 2420.5569   21.7640
   -7.5000   37.5000  -22.5000 2291.3760   23.6752
    0.0000   37.5000  -22.5000 2290.3999   23.7296
    7.5000   37.5000  -22.5000 2280.0730   24.0085
   -7.5000   45.0000  -22.5000 2132.5081   26.6838
    0.0000   45.0000  -22.5000 2130.4807   26.6736
    7.5000   45.0000  -22.5000 2125.4116   26.9796
   -7.5000  -45.0000  -15.0000 2715.6462   17.5244
    0.0000  -45.0000  -15.0000 2729.6316   17.4029
    7.5000  -45.0000  -15.0000 2716.6243   17.5773
   -7.5000  -37.5000  -15.0000 2773.9395   16.6121
    0.0000  -37.5000  -15.0000 2780.8088   16.4505
    7.5000  -37.5000  -15.0000 2768.8699   16.6279
   -7.5000  -30.0000  -15.0000 2808.8545   15.9074
    0.0000  -30.0000  -15.0000 2816.2844   15.7678
    7.5000  -30.0000  -15.0000 2798.4666   15.9363
   -7.5000  -22.5000  -15.0000 2809.3921   15.2914
    0.0000  -22.5000  -15.0000 2811.7249   15.1558
    7.5000  -22.5000  -15.0000 2805.4880   15.4556
   -7.5000  -15.0000  -15.0000 2816.0630   15.1462
    0.0000  -15.0000  -15.0000 2813.6338   15.0197
    7.5000  -15.0000  -15.0000 2811.1509   15.3686
   -7.5000   -7.5000  -15.0000 2824.0806   15.4818
    0.0000   -7.5000  -15.0000 2824.0081   15.3521
    7.5000   -7.5000  -15.0000 2817.8169   15.6536
   -7.5000    0.0000  -15.0000 2814.9651   16.0821
    0.0000    0.0000  -15.0000 2816.7539   15.9609
    7.5000    0.0000  -15.0000 2807.4209   16.2614
   -7.5000    7.5000  -15.0000 2771.7529   16.8600
    0.0000    7.5000  -15.0000 2772.6421   16.7683
    7.5000    7.5000  -15.0000 2769.6704   17.0932
   -7.5000   15.0000  -15.0000 2694.3835   17.8814
    0.0000   15.0000  -15.0000 2694.8081   17.8431
    7.5000   15.0000  -15.0000 2690.1946   18.1948
   -7.5000   22.5000  -15.0000 2597.8547   19.2283
    0.0000   22.5000  -15.0000 2605.8777   19.2123
    7.5000   22.5000  -15.0000 2598.3411   19.6121
   -7.5000   30.0000  -15.0000 2476.1201   20.8927
    0.0000   30.0000  -15.0000 2483.1719   20.9504
    7.5000   30.0000  -15.0000 2472.6174   21.2895
   -7.5000   37.5000  -15.0000 2338.8479   23.0446
    0.0000   37.5000  -15.0000 2344.4602   23.1379
    7.5000   37.5000  -15.0000 2330.5088   23.4291
   -7.5000   45.0000  -15.0000 2178.7776   25.9309
    0.0000   45.0000  -15.0000 2180.2268   25.9855
    7.5000   45.0000  -15.0000 2168.6057   26.2727
   -7.5000  -45.0000   -7.5000 2723.3479   17.4852
    0.0000  -45.0000   -7.5000 2734.8933   17.3213
    7.5000  -45.0000   -7.5000 2723.6304   17.5385
   -7.5000  -37.5000   -7.5000 2788.3584   16.5964
    0.0000  -37.5000   -7.5000 2797.2146   16.3833
    7.5000  -37.5000   -7.5000 2785.0369   16.5584
   -7.5000  -30.0000   -7.5000 2837.8838   15.9686
    0.0000  -30.0000   -7.5000 2841.3311   15.7431
    7.5000  -30.0000   -7.5000 2823.8452   15.9293
   -7.5000  -22.5000   -7.5000 2861.2629   15.4164
    0.0000  -22.5000   -7.5000 2858.1831   15.1996
    7.5000  -22.5000   -7.5000 2838.8867   15.4893
   -7.5000  -15.0000   -7.5000 2850.4631   15.0479
    0.0000  -15.0000   -7.5000 2844.5754   14.8945
    7.5000  -15.0000   -7.5000 2835.6914   15.3225
   -7.5000   -7.5000   -7.5000 2857.0823   15.2365
    0.0000   -7.5000   -7.5000 2852.3074   15.0846
    7.5000   -7.5000   -7.5000 2835.4167   15.4629
   -7.5000    0.0000   -7.5000 2845.7859   15.7170
    0.0000    0.0000   -7.5000 2840.0190   15.5895
    7.5000    0.0000   -7.5000 2823.6414   15.9170
   -7.5000    7.5000   -7.5000 2808.4028   16.4744
    0.0000    7.5000   -7.5000 2803.8789   16.3970
    7.5000    7.5000   -7.5000 2789.4392   16.7425
   -7.5000   15.0000   -7.5000 2736.1047   17.6128
    0.0000   15.0000   -7.5000 2732.2771   17.5495
    7.5000   15.0000   -7.5000 2718.5361   17.8766
   -7.5000   22.5000   -7.5000 2643.7930   19.0507
    0.0000   22.5000   -7.5000 2645.5591   19.0030
    7.5000   22.5000   -7.5000 2626.6497   19.2560
   -7.5000   30.0000   -7.5000 2520.6865   20.6929
    0.0000   30.0000   -7.5000 2530.2573   20.6872
    7.5000   30.0000   -7.5000 2512.3857   20.9284
   -7.5000   37.5000   -7.5000 2379.2727   22.7622
    0.0000   37.5000   -7.5000 2386.8992   22.8357
    7.5000   37.5000   -7.5000 2371.6799   23.0603
   -7.5000   45.0000   -7.5000 2211.3677   25.4752
    0.0000   45.0000   -7.5000 2216.2339   25.5634
    7.5000   45.0000   -7.5000 2201.7258   25.8302
   -7.5000  -45.0000    0.0000 2703.4470   17.7148
    0.0000  -45.0000    0.0000 2713.4592   17.5604
    7.5000  -45.0000    0.0000 2708.7681   17.8157
   -7.5000  -37.5000    0.0000 2781.5493   16.7896
    0.0000  -37.5000    0.0000 2793.0654   16.6442
    7.5000  -37.5000    0.0000 2786.4165   16.8559
   -7.5000  -30.0000    0.0000 2846.7852   16.2869
    0.0000  -30.0000    0.0000 2857.3403   16.1214
    7.5000  -30.0000    0.0000 2839.0227   16.2529
   -7.5000  -22.5000    0.0000 2906.5024   15.9587
    0.0000  -22.5000    0.0000 2917.2522   15.8197
    7.5000  -22.5000    0.0000 2860.1541   15.8217
   -7.5000  -15.0000    0.0000 2913.2458   15.5530
    0.0000  -15.0000    0.0000 2908.0291   15.4037
    7.5000  -15.0000    0.0000 2859.2952   15.5740
   -7.5000   -7.5000    0.0000 2880.9661   15.3666
    0.0000   -7.5000    0.0000 2869.0244   15.1785
    7.5000   -7.5000    0.0000 2840.0037   15.4774
   -7.5000    0.0000    0.0000 2849.6221   15.6210
    0.0000    0.0000    0.0000 2838.8940   15.4637
    7.5000    0.0000    0.0000 2822.4031   15.8376
   -7.5000    7.5000    0.0000 2818.8801   16.4247
    0.0000    7.5000    0.0000 2814.5183   16.3102
    7.5000    7.5000    0.0000 2788.1316   16.6135
   -7.5000   15.0000    0.0000 2752.5186   17.6526
    0.0000   15.0000    0.0000 2752.1826   17.5719
    7.5000   15.0000    0.0000 2719.3628   17.7555
   -7.5000   22.5000    0.0000 2662.8735   19.0835
    0.0000   22.5000    0.0000 2662.0725   19.0331
    7.5000   22.5000    0.0000 2633.4111   19.1565
   -7.5000   30.0000    0.0000 2540.5486   20.7287
    0.0000   30.0000    0.0000 2546.2979   20.7438
    7.5000   30.0000    0.0000 2519.6521   20.8141
   -7.5000   37.5000    0.0000 2404.7214   22.7443
    0.0000   37.5000    0.0000 2409.4688   22.8519
    7.5000   37.5000    0.0000 2382.7546   22.9283
   -7.5000   45.0000    0.0000 2237.2273   25.4223
    0.0000   45.0000    0.0000 2240.3247   25.5427
    7.5000   45.0000    0.0000 2217.0527   25.6559
   -7.5000  -45.0000    7.5000 2668.6951   18.2250
    0.0000  -45.0000    7.5000 2679.7778   18.1404
    7.5000  -45.0000    7.5000 2676.2759   18.3255
   -7.5000  -37.5000    7.5000 2772.7896   17.3575
    0.0000  -37.5000    7.5000 2781.8630   17.2695
    7.5000  -37.5000    7.5000 2761.1724   17.3574
   -7.5000  -30.0000    7.5000 2859.4802   16.8936
    0.0000  -30.0000    7.5000 2867.2534   16.8056
    7.5000  -30.0000    7.5000 2827.6411   16.7512
   -7.5000  -22.5000    7.5000 2925.1748   16.5709
    0.0000  -22.5000    7.5000 2937.8501   16.4902
    7.5000  -22.5000    7.5000 2861.9236   16.2880
   -7.5000  -15.0000    7.5000 2930.0693   16.0278
    0.0000  -15.0000    7.5000 2932.7068   15.9019
    7.5000  -15.0000    7.5000 2856.8281   15.9080
   -7.5000   -7.5000    7.5000 2891.8179   15.7921
    0.0000   -7.5000    7.5000 2890.1362   15.6294
    7.5000   -7.5000    7.5000 2839.8684   15.8615
   -7.5000    0.0000    7.5000 2857.9568   16.0247
    0.0000    0.0000    7.5000 2857.3499   15.9377
    7.5000    0.0000    7.5000 2816.8535   16.1642
   -7.5000    7.5000    7.5000 2814.0732   16.7576
    0.0000    7.5000    7.5000 2814.5334   16.6679
    7.5000    7.5000    7.5000 2780.0542   16.8698
   -7.5000   15.0000    7.5000 2745.7917   17.8210
    0.0000   15.0000    7.5000 2744.1392   17.7445
    7.5000   15.0000    7.5000 2716.6033   17.9148
   -7.5000   22.5000    7.5000 2651.5537   19.2178
    0.0000   22.5000    7.5000 2649.5510   19.1664
    7.5000   22.5000    7.5000 2633.1914   19.3126
   -7.5000   30.0000    7.5000 2536.4670   20.8996
    0.0000   30.0000    7.5000 2543.1453   20.8953
    7.5000   30.0000    7.5000 2525.2400   21.0507
   -7.5000   37.5000    7.5000 2413.1140   22.9286
    0.0000   37.5000    7.5000 2419.4849   23.0074
    7.5000   37.5000    7.5000 2394.8325   23.1493
   -7.5000   45.0000    7.5000 2241.7405   25.6031
    0.0000   45.0000    7.5000 2256.6223   25.6878
    7.5000   45.0000    7.5000 2228.6094   25.8189
   -7.5000  -45.0000   15.0000 2639.3101   19.0926
    0.0000  -45.0000   15.0000 2648.1729   19.0799
    7.5000  -45.0000   15.0000 2631.1277   19.2228
   -7.5000  -37.5000   15.0000 2733.1919   18.0374
    0.0000  -37.5000   15.0000 2743.5315   18.0143
    7.5000  -37.5000   15.0000 2720.1506   18.1545
   -7.5000  -30.0000   15.0000 2814.7070   17.3699
    0.0000  -30.0000   15.0000 2823.6028   17.3462
    7.5000  -30.0000   15.0000 2792.8447   17.4457
   -7.5000  -22.5000   15.0000 2874.7063   16.8335
    0.0000  -22.5000   15.0000 2893.2395   16.8360
    7.5000  -22.5000   15.0000 2836.6086   16.9022
   -7.5000  -15.0000   15.0000 2872.0874   16.2890
    0.0000  -15.0000   15.0000 2876.0576   16.1791
    7.5000  -15.0000   15.0000 2840.6340   16.5603
   -7.5000   -7.5000   15.0000 2858.5381   16.2433
    0.0000   -7.5000   15.0000 2865.1880   16.1161
    7.5000   -7.5000   15.0000 2828.0085   16.5050
   -7.5000    0.0000   15.0000 2854.2354   16.6887
    0.0000    0.0000   15.0000 2853.4351   16.5743
    7.5000    0.0000   15.0000 2810.7820   16.8111
   -7.5000    7.5000   15.0000 2804.7822   17.4497
    0.0000    7.5000   15.0000 2807.8333   17.3734
    7.5000    7.5000   15.0000 2765.3643   17.5430
   -7.5000   15.0000   15.0000 2732.1238   18.4980
    0.0000   15.0000   15.0000 2731.8389   18.4158
    7.5000   15.0000   15.0000 2697.6306   18.5617
   -7.5000   22.5000   15.0000 2643.3752   19.7689
    0.0000   22.5000   15.0000 2639.7798   19.7207
    7.5000   22.5000   15.0000 2611.6008   19.8596
   -7.5000   30.0000   15.0000 2524.3916   21.3887
    0.0000   30.0000   15.0000 2529.7205   21.3509
    7.5000   30.0000   15.0000 2506.6621   21.5068
   -7.5000   37.5000   15.0000 2392.1001   23.3479
    0.0000   37.5000   15.0000 2401.1609   23.3849
    7.5000   37.5000   15.0000 2383.7483   23.5252
   -7.5000   45.0000   15.0000 2227.8171   25.8969
    0.0000   45.0000   15.0000 2240.2644   25.9561
    7.5000   45.0000   15.0000 2226.5898   26.1236
   -7.5000  -45.0000   22.5000 2584.3254   19.8832
    0.0000  -45.0000   22.5000 2593.4641   19.9195
    7.5000  -45.0000   22.5000 2593.6731   20.3472
   -7.5000  -37.5000   22.5000 2671.3774   18.7038
    0.0000  -37.5000   22.5000 2682.0698   18.7192
    7.5000  -37.5000   22.5000 2677.1643   19.1040
   -7.5000  -30.0000   22.5000 2743.3884   17.9177
    0.0000  -30.0000   22.5000 2758.7483   17.9290
    7.5000  -30.0000   22.5000 2744.7944   18.2354
   -7.5000  -22.5000   22.5000 2798.6582   17.2732
    0.0000  -22.5000   22.5000 2814.8733   17.2242
    7.5000  -22.5000   22.5000 2788.3901   17.5979
   -7.5000  -15.0000   22.5000 2804.5249   16.7913
    0.0000  -15.0000   22.5000 2814.8416   16.7194
    7.5000  -15.0000   22.5000 2800.8323   17.2078
   -7.5000   -7.5000   22.5000 2805.1060   16.9113
    0.0000   -7.5000   22.5000 2821.1997   16.8355
    7.5000   -7.5000   22.5000 2793.3713   17.2065
   -7.5000    0.0000   22.5000 2787.6016   17.3773
    0.0000    0.0000   22.5000 2801.2773   17.3059
    7.5000    0.0000   22.5000 2774.4775   17.6108
   -7.5000    7.5000   22.5000 2753.0046   18.1050
    0.0000    7.5000   22.5000 2761.9749   18.0567
    7.5000    7.5000   22.5000 2735.6748   18.3098
   -7.5000   15.0000   22.5000 2694.8323   19.1680
    0.0000   15.0000   22.5000 2702.7122   19.1514
    7.5000   15.0000   22.5000 2671.4182   19.3532
   -7.5000   22.5000   22.5000 2621.8357   20.4893
    0.0000   22.5000   22.5000 2622.9009   20.4957
    7.5000   22.5000   22.5000 2595.3569   20.6337
   -7.5000   30.0000   22.5000 2507.6611   22.0525
    0.0000   30.0000   22.5000 2515.8845   22.0715
    7.5000   30.0000   22.5000 2490.4165   22.2253
   -7.5000   37.5000   22.5000 2368.2214   23.9711
    0.0000   37.5000   22.5000 2376.7786   24.0280
    7.5000   37.5000   22.5000 2361.2751   24.1991
   -7.5000   45.0000   22.5000 2213.7078   26.5147
    0.0000   45.0000   22.5000 2222.9775   26.5310
    7.5000   45.0000   22.5000 2204.1255   26.7747
   -7.5000  -45.0000   30.0000 2517.2356   20.8771
    0.0000  -45.0000   30.0000 2528.9636   20.9545
    7.5000  -45.0000   30.0000 2530.0337   21.5023
   -7.5000  -37.5000   30.0000 2604.0154   19.5951
    0.0000  -37.5000   30.0000 2612.6677   19.6331
    7.5000  -37.5000   30.0000 2607.6624   20.1289
   -7.5000  -30.0000   30.0000 2674.0378   18.6952
    0.0000  -30.0000   30.0000 2688.3311   18.7268
    7.5000  -30.0000   30.0000 2676.2954   19.1685
   -7.5000  -22.5000   30.0000 2717.4719   17.9703
    0.0000  -22.5000   30.0000 2731.4734   17.9533
    7.5000  -22.5000   30.0000 2715.5632   18.4566
   -7.5000  -15.0000   30.0000 2734.4507   17.6571
    0.0000  -15.0000   30.0000 2743.2634   17.6210
    7.5000  -15.0000   30.0000 2729.3818   18.0593
   -7.5000   -7.5000   30.0000 2734.4258   17.8356
    0.0000   -7.5000   30.0000 2753.4336   17.7878
    7.5000   -7.5000   30.0000 2732.7856   18.1457
   -7.5000    0.0000   30.0000 2711.0596   18.2923
    0.0000    0.0000   30.0000 2727.8765   18.2499
    7.5000    0.0000   30.0000 2711.6338   18.5606
   -7.5000    7.5000   30.0000 2685.1365   19.0133
    0.0000    7.5000   30.0000 2697.9160   18.9925
    7.5000    7.5000   30.0000 2677.6228   19.2717
   -7.5000   15.0000   30.0000 2639.6082   19.9958
    0.0000   15.0000   30.0000 2650.1521   20.0134
    7.5000   15.0000   30.0000 2630.0049   20.2709
   -7.5000   22.5000   30.0000 2580.4929   21.3328
    0.0000   22.5000   30.0000 2586.3420   21.3574
    7.5000   22.5000   30.0000 2561.2720   21.5432
   -7.5000   30.0000   30.0000 2471.1436   22.9105
    0.0000   30.0000   30.0000 2476.1699   22.9488
    7.5000   30.0000   30.0000 2451.4480   23.1425
   -7.5000   37.5000   30.0000 2329.5508   24.8433
    0.0000   37.5000   30.0000 2339.0764   24.9316
    7.5000   37.5000   30.0000 2316.3633   25.1514
   -7.5000   45.0000   30.0000 2188.5315   27.4221
    0.0000   45.0000   30.0000 2193.7410   27.5025
    7.5000   45.0000   30.0000 2180.5769   27.8106
   -7.5000  -45.0000   37.5000 2450.3682   22.1507
    0.0000  -45.0000   37.5000 2460.8093   22.2552
    7.5000  -45.0000   37.5000 2460.3264   22.8733
   -7.5000  -37.5000   37.5000 2537.5237   20.7500
    0.0000  -37.5000   37.5000 2543.7686   20.8289
    7.5000  -37.5000   37.5000 2535.0989   21.3726
   -7.5000  -30.0000   37.5000 2601.7659   19.7750
    0.0000  -30.0000   37.5000 2614.3733   19.8237
    7.5000  -30.0000   37.5000 2593.1895   20.2863
   -7.5000  -22.5000   37.5000 2638.8718   19.0359
    0.0000  -22.5000   37.5000 2648.4656   19.0328
    7.5000  -22.5000   37.5000 2627.7173   19.4947
   -7.5000  -15.0000   37.5000 2659.6113   18.8150
    0.0000  -15.0000   37.5000 2669.3015   18.7717
    7.5000  -15.0000   37.5000 2647.8936   19.1359
   -7.5000   -7.5000   37.5000 2661.1028   18.9819
    0.0000   -7.5000   37.5000 2679.5562   18.9520
    7.5000   -7.5000   37.5000 2657.1450   19.2441
   -7.5000    0.0000   37.5000 2640.1255   19.4565
    0.0000    0.0000   37.5000 2658.4871   19.4174
    7.5000    0.0000   37.5000 2643.8647   19.7175
   -7.5000    7.5000   37.5000 2621.7263   20.1896
    0.0000    7.5000   37.5000 2635.7163   20.1858
    7.5000    7.5000   37.5000 2614.1550   20.4515
   -7.5000   15.0000   37.5000 2575.7231   21.1825
    0.0000   15.0000   37.5000 2589.3257   21.1803
    7.5000   15.0000   37.5000 2564.0750   21.4158
   -7.5000   22.5000   37.5000 2524.8679   22.4266
    0.0000   22.5000   37.5000 2531.1160   22.4539
    7.5000   22.5000   37.5000 2505.7639   22.6468
   -7.5000   30.0000   37.5000 2412.6431   23.9576
    0.0000   30.0000   37.5000 2418.5940   23.9768
    7.5000   30.0000   37.5000 2398.1211   24.1725
   -7.5000   37.5000   37.5000 2285.7576   26.0111
    0.0000   37.5000   37.5000 2293.3650   26.0959
    7.5000   37.5000   37.5000 2275.8860   26.3024
   -7.5000   45.0000   37.5000 2155.0181   28.6834
    0.0000   45.0000   37.5000 2160.8547   28.7866
    7.5000   45.0000   37.5000 2152.7783   29.0901
   -7.5000  -45.0000   45.0000 2380.7180   23.7887
    0.0000  -45.0000   45.0000 2387.3281   23.8420
    7.5000  -45.0000   45.0000 2379.3418   24.4822
   -7.5000  -37.5000   45.0000 2462.6899   22.2791
    0.0000  -37.5000   45.0000 2469.8247   22.3538
    7.5000  -37.5000   45.0000 2453.8018   22.8855
   -7.5000  -30.0000   45.0000 2518.9724   21.1842
    0.0000  -30.0000   45.0000 2526.4382   21.1901
    7.5000  -30.0000   45.0000 2506.6511   21.7034
   -7.5000  -22.5000   45.0000 2552.9648   20.4172
    0.0000  -22.5000   45.0000 2561.6167   20.4687
    7.5000  -22.5000   45.0000 2536.7600   20.8395
   -7.5000  -15.0000   45.0000 2574.3887   20.2292
    0.0000  -15.0000   45.0000 2586.0859   20.2226
    7.5000  -15.0000   45.0000 2557.4563   20.5175
   -7.5000   -7.5000   45.0000 2573.8970   20.3629
    0.0000   -7.5000   45.0000 2593.9624   20.3836
    7.5000   -7.5000   45.0000 2572.4993   20.6097
   -7.5000    0.0000   45.0000 2560.2666   20.8158
    0.0000    0.0000   45.0000 2580.8252   20.8220
    7.5000    0.0000   45.0000 2569.3979   21.0583
   -7.5000    7.5000   45.0000 2546.1746   21.5693
    0.0000    7.5000   45.0000 2562.5916   21.5927
    7.5000    7.5000   45.0000 2546.2029   21.8455
   -7.5000   15.0000   45.0000 2508.3479   22.6025
    0.0000   15.0000   45.0000 2521.8196   22.6016
    7.5000   15.0000   45.0000 2495.1938   22.8174
   -7.5000   22.5000   45.0000 2447.5864   23.8729
    0.0000   22.5000   45.0000 2457.6760   23.8951
    7.5000   22.5000   45.0000 2431.4834   24.0409
   -7.5000   30.0000   45.0000 2343.4001   25.3899
    0.0000   30.0000   45.0000 2347.7900   25.3989
    7.5000   30.0000   45.0000 2331.7639   25.5841
   -7.5000   37.5000   45.0000 2232.7712   27.5025
    0.0000   37.5000   45.0000 2240.6184   27.5415
    7.5000   37.5000   45.0000 2229.3350   27.7375
   -7.5000   45.0000   45.0000 2113.5105   30.3511
    0.0000   45.0000   45.0000 2121.8296   30.4032
    7.5000   45.0000   45.0000 2109.6499   30.6734

---------------------------------------------------------------------
imgreg_4dfp /usr/local/freesurfer/average/711-2C_as_mni_average_305 /usr/local/freesurfer/average/711-2B_as_mni_average_305_mask talsrcimg_g11 none talsrcimg_to_711-2C_as_mni_average_305_t4 1283
---------------------------------------------------------------------

freesurfer imgreg_4dfp.c
/usr/local/freesurfer/average/711-2C_as_mni_average_305.4dfp.img
       256       256       256         1
  1.000000  1.000000  1.000000
orientation T byte_order littleendian
Reading image: /usr/local/freesurfer/average/711-2C_as_mni_average_305.4dfp.img
dimensions:      256       256       256
mmppix:       1.0000   -1.0000   -1.0000
center:     128.0000 -129.0000 -129.0000
/usr/local/freesurfer/average/711-2B_as_mni_average_305_mask.4dfp.img
       256       256       256         1
  1.000000  1.000000  1.000000
orientation T byte_order littleendian
Reading mask: /usr/local/freesurfer/average/711-2B_as_mni_average_305_mask.4dfp.img (2306576 pixels)
talsrcimg_g11.4dfp.img
       256       256       256         1
  1.000000  1.000000  1.000000
orientation T byte_order littleendian
Reading image: talsrcimg_g11.4dfp.img
dimensions:      256       256       256
mmppix:       1.0000   -1.0000   -1.0000
center:     128.0000 -129.0000 -129.0000
rotation matrix determinant  1.000000
fimgreg.f
image alignment mode   1283 decimal      503 hex
parameters
    0.0000  -22.5000    7.5000    0.0000    0.0000    0.0000
eta,q 0.92110 16.54085
niter,ni,del,rscale     5    3   12.0000    1.2000
parameter  2 -1.164756 -> -0.500000 qaram    1.1500
parameter  4  0.967433 ->  0.500000 qaram    1.1500
parameters
   -2.9894  -19.0500    4.9236   -3.4500   -0.3725   -0.6880
eta,q 0.93339 15.98120
  0.0813  0.0928  0.0747  0.0670  0.0745  0.0705
  0.0786  0.0893  0.0703  0.0668  0.0714  0.0684
  0.0800  0.0845  0.0705  0.0674  0.0678  0.0669
  0.0814  0.0791  0.0739  0.0700  0.0669  0.0667
  0.0851  0.0754  0.0762  0.0736  0.0684  0.0676
  0.0930  0.0734  0.0793  0.0771  0.0722  0.0699
  0.1024  0.0746  0.0853  0.0805  0.0772  0.0728
niter,ni,del,rscale     6    3   12.0000    1.2000
parameter  4  0.612189 ->  0.500000 qaram    1.3225
parameters
   -3.0803  -17.4829    5.2349   -7.4175    0.1215   -1.3742
eta,q 0.93491 16.18065
  0.0832  0.0859  0.0828  0.0646  0.0741  0.0670
  0.0765  0.0788  0.0734  0.0649  0.0694  0.0663
  0.0683  0.0708  0.0675  0.0653  0.0664  0.0656
  0.0666  0.0665  0.0654  0.0656  0.0650  0.0649
  0.0700  0.0654  0.0683  0.0679  0.0651  0.0650
  0.0758  0.0686  0.0729  0.0717  0.0670  0.0666
  0.0847  0.0749  0.0782  0.0760  0.0720  0.0693
niter,ni,del,rscale     6    3   12.0000    1.2000
parameters
   -3.4636  -15.3603    3.8560  -11.3075    0.6681   -1.6236
eta,q 0.94282 15.88051
  0.0810  0.0808  0.0707  0.0620  0.0666  0.0620
  0.0726  0.0738  0.0638  0.0584  0.0630  0.0594
  0.0654  0.0689  0.0616  0.0581  0.0602  0.0577
  0.0651  0.0647  0.0630  0.0615  0.0575  0.0572
  0.0690  0.0630  0.0678  0.0646  0.0579  0.0578
  0.0755  0.0646  0.0731  0.0686  0.0608  0.0598
  0.0850  0.0692  0.0792  0.0732  0.0645  0.0631
niter,ni,del,rscale     5    3   12.0000    1.2000
parameters
   -3.9008  -14.3348    3.2176  -12.6750    1.4696   -1.8592
eta,q 0.94365 15.77650
  0.0759  0.0790  0.0711  0.0624  0.0676  0.0613
  0.0663  0.0709  0.0601  0.0592  0.0633  0.0588
  0.0576  0.0619  0.0560  0.0571  0.0597  0.0569
  0.0572  0.0565  0.0571  0.0562  0.0566  0.0563
  0.0631  0.0593  0.0621  0.0583  0.0570  0.0570
  0.0712  0.0638  0.0682  0.0637  0.0598  0.0590
  0.0800  0.0695  0.0738  0.0688  0.0637  0.0625
niter,ni,del,rscale     4    3   12.0000    1.2000
parameters
   -4.3095  -14.0081    2.9537  -13.5374    1.8709   -1.8912
eta,q 0.94439 15.81132
  0.0763  0.0759  0.0726  0.0620  0.0668  0.0611
  0.0663  0.0658  0.0611  0.0587  0.0622  0.0586
  0.0566  0.0578  0.0555  0.0560  0.0582  0.0565
  0.0564  0.0556  0.0559  0.0556  0.0557  0.0556
  0.0628  0.0597  0.0600  0.0564  0.0569  0.0562
  0.0714  0.0648  0.0658  0.0608  0.0602  0.0582
  0.0798  0.0709  0.0725  0.0666  0.0646  0.0617
niter,ni,del,rscale     3    3   12.0000    1.2000
parameters
   -4.5032  -13.8673    2.7201  -13.9504    1.9856   -1.9889
eta,q 0.94490 15.82958
  0.0776  0.0748  0.0722  0.0625  0.0661  0.0607
  0.0676  0.0643  0.0611  0.0590  0.0614  0.0582
  0.0569  0.0571  0.0554  0.0557  0.0573  0.0561
  0.0556  0.0553  0.0554  0.0552  0.0551  0.0551
  0.0617  0.0597  0.0594  0.0559  0.0572  0.0558
  0.0701  0.0649  0.0654  0.0592  0.0607  0.0580
  0.0788  0.0713  0.0721  0.0652  0.0654  0.0615
niter,ni,del,rscale     2    3   12.0000    1.2000
parameters
   -4.5560  -13.7920    2.6077  -14.1075    2.0120   -2.0565
eta,q 0.94501 15.83154
  0.0784  0.0741  0.0729  0.0628  0.0657  0.0606
  0.0685  0.0638  0.0617  0.0593  0.0611  0.0581
  0.0573  0.0566  0.0555  0.0558  0.0571  0.0560
  0.0551  0.0550  0.0551  0.0550  0.0550  0.0550
  0.0610  0.0596  0.0589  0.0557  0.0573  0.0557
  0.0692  0.0647  0.0650  0.0585  0.0609  0.0578
  0.0779  0.0713  0.0715  0.0644  0.0655  0.0613
niter,ni,del,rscale     1    3   12.0000    1.2000
parameters
   -4.5641  -13.7607    2.5565  -14.1699    2.0139   -2.0944
eta,q 0.94503 15.83162
  0.0786  0.0737  0.0733  0.0629  0.0656  0.0606
  0.0688  0.0634  0.0621  0.0594  0.0610  0.0581
  0.0575  0.0564  0.0556  0.0559  0.0570  0.0560
  0.0550  0.0550  0.0550  0.0550  0.0550  0.0550
  0.0608  0.0595  0.0587  0.0557  0.0574  0.0556
  0.0689  0.0647  0.0648  0.0583  0.0610  0.0578
  0.0777  0.0714  0.0713  0.0641  0.0655  0.0612
registration optimization eta report
parameter search radius
    6.0000    6.9000    6.0000    7.9350    6.0000    6.0000
100000*second partial in parameter space
       61.       35.       48.       14.       28.       16.
  0.0786  0.0737  0.0733  0.0629  0.0656  0.0606
  0.0688  0.0634  0.0621  0.0594  0.0610  0.0581
  0.0575  0.0564  0.0556  0.0559  0.0570  0.0560
  0.0550  0.0550  0.0550  0.0550  0.0550  0.0550
  0.0608  0.0595  0.0587  0.0557  0.0574  0.0556
  0.0689  0.0647  0.0648  0.0583  0.0610  0.0578
  0.0777  0.0714  0.0713  0.0641  0.0655  0.0612
   -4.5641  -13.7607    2.5565  -14.1699    2.0139   -2.0944
eta,q 0.94503 15.83162

---------------------------------------------------------------------
imgreg_4dfp /usr/local/freesurfer/average/711-2C_as_mni_average_305 /usr/local/freesurfer/average/711-2B_as_mni_average_305_mask talsrcimg_g11 none talsrcimg_to_711-2C_as_mni_average_305_t4 3335
---------------------------------------------------------------------

freesurfer imgreg_4dfp.c
/usr/local/freesurfer/average/711-2C_as_mni_average_305.4dfp.img
       256       256       256         1
  1.000000  1.000000  1.000000
orientation T byte_order littleendian
Reading image: /usr/local/freesurfer/average/711-2C_as_mni_average_305.4dfp.img
dimensions:      256       256       256
mmppix:       1.0000   -1.0000   -1.0000
center:     128.0000 -129.0000 -129.0000
/usr/local/freesurfer/average/711-2B_as_mni_average_305_mask.4dfp.img
       256       256       256         1
  1.000000  1.000000  1.000000
orientation T byte_order littleendian
Reading mask: /usr/local/freesurfer/average/711-2B_as_mni_average_305_mask.4dfp.img (2306576 pixels)
talsrcimg_g11.4dfp.img
       256       256       256         1
  1.000000  1.000000  1.000000
orientation T byte_order littleendian
Reading image: talsrcimg_g11.4dfp.img
dimensions:      256       256       256
mmppix:       1.0000   -1.0000   -1.0000
center:     128.0000 -129.0000 -129.0000
fimgreg.f
image alignment mode   3335 decimal      D07 hex
parameters
   -4.5641  -13.7607    2.5565   -0.1285   -3.1388   -3.1025
    4.4032   -2.5104   -3.6524   24.5880    3.5143  -24.4647
eta,q 0.94440 15.98069
niter,ni,del,rscale     5    3    5.0000    1.2000
parameter  4  1.708013 ->  0.500000 qaram    1.1500
parameter  5  1.559009 ->  0.500000 qaram    1.1500
parameter  6  0.532735 ->  0.500000 qaram    1.1500
parameter 12 -1.111787 -> -0.500000 qaram    1.1500
parameters
   -4.1721  -13.6275    2.4945   -4.2685   -7.2788   -7.2425
    4.1028   -2.4291   -2.5980   22.8797    5.1403  -20.3247
eta,q 0.96294 15.96436
  0.0603  0.0581  0.0586  0.0443  0.0380  0.0392  0.0416  0.0441  0.0407  0.0398  0.0400  0.0418
  0.0581  0.0567  0.0567  0.0458  0.0391  0.0385  0.0398  0.0403  0.0395  0.0388  0.0390  0.0403
  0.0565  0.0558  0.0556  0.0495  0.0419  0.0382  0.0386  0.0386  0.0387  0.0382  0.0385  0.0391
  0.0556  0.0555  0.0554  0.0554  0.0466  0.0396  0.0383  0.0383  0.0383  0.0383  0.0382  0.0381
  0.0555  0.0556  0.0560  0.0621  0.0524  0.0444  0.0388  0.0389  0.0383  0.0390  0.0381  0.0374
  0.0563  0.0563  0.0571  0.0691  0.0585  0.0512  0.0402  0.0406  0.0387  0.0405  0.0383  0.0369
  0.0581  0.0575  0.0588  0.0761  0.0640  0.0595  0.0423  0.0434  0.0396  0.0429  0.0388  0.0367
niter,ni,del,rscale     7    3    5.0000    1.2000
parameter  2 -0.802172 -> -0.500000 qaram    1.1500
parameter  3  2.129267 ->  0.500000 qaram    1.1500
parameter  5  0.612771 ->  0.500000 qaram    1.3225
parameters
   -3.6837  -12.2475    1.1145   -8.1931  -12.0398   -9.2427
    3.1806   -3.4044   -4.7452   22.7994    5.6894  -20.9710
eta,q 0.96902 15.51309
  0.0419  0.0428  0.0321  0.0336  0.0311  0.0326  0.0328  0.0329  0.0315  0.0324  0.0319  0.0318
  0.0395  0.0406  0.0329  0.0326  0.0307  0.0319  0.0318  0.0316  0.0311  0.0316  0.0314  0.0313
  0.0379  0.0386  0.0340  0.0322  0.0308  0.0314  0.0312  0.0311  0.0310  0.0311  0.0311  0.0310
  0.0371  0.0369  0.0354  0.0331  0.0323  0.0307  0.0312  0.0312  0.0311  0.0310  0.0310  0.0310
  0.0370  0.0358  0.0370  0.0365  0.0363  0.0310  0.0316  0.0316  0.0314  0.0312  0.0310  0.0311
  0.0377  0.0354  0.0388  0.0419  0.0418  0.0339  0.0325  0.0326  0.0319  0.0317  0.0313  0.0315
  0.0391  0.0357  0.0408  0.0484  0.0476  0.0400  0.0339  0.0340  0.0327  0.0324  0.0316  0.0321
niter,ni,del,rscale     7    3    5.0000    1.2000
parameter  2 -1.301156 -> -0.500000 qaram    1.3225
parameter  3  1.188941 ->  0.500000 qaram    1.3225
parameter 10 -0.782231 -> -0.500000 qaram    1.1500
parameter 12  0.629538 ->  0.500000 qaram    1.3225
parameters
   -3.4532  -10.6605   -0.4725   -8.8403  -15.0031  -11.4315
    3.7303   -3.2522   -4.7811   26.9394    5.1582  -25.7320
eta,q 0.97324 15.36297
  0.0339  0.0379  0.0270  0.0306  0.0300  0.0288  0.0302  0.0305  0.0290  0.0309  0.0278  0.0269
  0.0324  0.0353  0.0272  0.0294  0.0286  0.0282  0.0290  0.0289  0.0284  0.0296  0.0274  0.0268
  0.0314  0.0330  0.0277  0.0283  0.0276  0.0279  0.0282  0.0281  0.0280  0.0286  0.0271  0.0268
  0.0310  0.0310  0.0285  0.0273  0.0275  0.0276  0.0278  0.0278  0.0278  0.0278  0.0271  0.0271
  0.0311  0.0294  0.0296  0.0271  0.0294  0.0278  0.0280  0.0281  0.0280  0.0273  0.0273  0.0276
  0.0317  0.0283  0.0309  0.0291  0.0342  0.0297  0.0286  0.0289  0.0284  0.0271  0.0275  0.0282
  0.0330  0.0279  0.0325  0.0334  0.0403  0.0358  0.0296  0.0301  0.0291  0.0272  0.0279  0.0290
niter,ni,del,rscale     7    3    5.0000    1.2000
parameter  2 -1.047860 -> -0.500000 qaram    1.5209
parameter  3  0.664662 ->  0.500000 qaram    1.5209
parameter 10 -0.514174 -> -0.500000 qaram    1.3225
parameter 12  0.536894 ->  0.500000 qaram    1.5209
parameters
   -3.4710   -8.8354   -2.2976   -9.1171  -17.5469  -13.4987
    4.0991   -3.1972   -3.8489   31.7004    4.0056  -31.2072
eta,q 0.97739 15.33110
  0.0294  0.0352  0.0235  0.0265  0.0266  0.0252  0.0263  0.0269  0.0259  0.0286  0.0237  0.0232
  0.0279  0.0321  0.0233  0.0252  0.0249  0.0243  0.0250  0.0250  0.0248  0.0265  0.0233  0.0227
  0.0271  0.0292  0.0235  0.0242  0.0237  0.0238  0.0241  0.0241  0.0241  0.0249  0.0232  0.0227
  0.0268  0.0268  0.0241  0.0233  0.0234  0.0236  0.0238  0.0238  0.0238  0.0237  0.0232  0.0232
  0.0270  0.0249  0.0252  0.0228  0.0249  0.0239  0.0239  0.0241  0.0238  0.0232  0.0234  0.0239
  0.0280  0.0239  0.0266  0.0242  0.0298  0.0260  0.0246  0.0251  0.0242  0.0233  0.0237  0.0249
  0.0295  0.0239  0.0285  0.0285  0.0363  0.0325  0.0258  0.0267  0.0250  0.0237  0.0241  0.0259
niter,ni,del,rscale     7    3    5.0000    1.2000
parameters
   -3.5195   -7.3295   -2.5456   -9.3792  -19.4256  -13.9784
    4.3065   -3.1576   -3.5629   32.6536    4.7852  -32.4434
eta,q 0.97808 15.25916
  0.0255  0.0316  0.0240  0.0248  0.0260  0.0250  0.0247  0.0258  0.0241  0.0264  0.0230  0.0239
  0.0239  0.0279  0.0226  0.0235  0.0240  0.0236  0.0233  0.0233  0.0230  0.0242  0.0225  0.0226
  0.0229  0.0248  0.0218  0.0224  0.0223  0.0226  0.0224  0.0222  0.0223  0.0227  0.0221  0.0220
  0.0226  0.0226  0.0215  0.0215  0.0216  0.0219  0.0220  0.0220  0.0220  0.0220  0.0220  0.0220
  0.0230  0.0216  0.0219  0.0211  0.0227  0.0215  0.0222  0.0225  0.0222  0.0222  0.0220  0.0225
  0.0240  0.0219  0.0230  0.0225  0.0274  0.0228  0.0231  0.0237  0.0228  0.0232  0.0222  0.0235
  0.0257  0.0237  0.0248  0.0268  0.0340  0.0276  0.0244  0.0254  0.0238  0.0250  0.0226  0.0247
niter,ni,del,rscale     6    3    5.0000    1.2000
parameters
   -3.6284   -7.1283   -2.4885   -9.1588  -20.0722  -13.7782
    4.4733   -3.1410   -3.4909   33.0587    4.9963  -32.7277
eta,q 0.97806 15.26837
  0.0246  0.0277  0.0245  0.0252  0.0271  0.0255  0.0246  0.0258  0.0239  0.0259  0.0229  0.0243
  0.0230  0.0248  0.0232  0.0239  0.0250  0.0239  0.0233  0.0233  0.0229  0.0239  0.0223  0.0228
  0.0221  0.0228  0.0223  0.0228  0.0230  0.0227  0.0223  0.0221  0.0222  0.0225  0.0220  0.0221
  0.0219  0.0219  0.0219  0.0219  0.0218  0.0220  0.0220  0.0220  0.0219  0.0220  0.0220  0.0220
  0.0223  0.0223  0.0220  0.0213  0.0218  0.0214  0.0222  0.0225  0.0222  0.0223  0.0220  0.0223
  0.0234  0.0238  0.0229  0.0223  0.0247  0.0222  0.0230  0.0237  0.0228  0.0234  0.0223  0.0232
  0.0251  0.0267  0.0245  0.0261  0.0308  0.0264  0.0244  0.0253  0.0238  0.0254  0.0227  0.0244
niter,ni,del,rscale     5    3    5.0000    1.2000
parameters
   -3.6456   -7.0218   -2.4460   -9.1152  -20.2749  -13.7640
    4.5350   -3.1544   -3.4632   33.1500    5.0374  -32.8391
eta,q 0.97803 15.26735
  0.0249  0.0273  0.0245  0.0253  0.0275  0.0254  0.0246  0.0258  0.0239  0.0258  0.0228  0.0245
  0.0232  0.0245  0.0232  0.0239  0.0253  0.0239  0.0232  0.0233  0.0229  0.0237  0.0223  0.0229
  0.0222  0.0226  0.0223  0.0229  0.0233  0.0227  0.0223  0.0221  0.0222  0.0224  0.0221  0.0222
  0.0219  0.0219  0.0219  0.0219  0.0219  0.0220  0.0220  0.0220  0.0220  0.0220  0.0220  0.0220
  0.0223  0.0224  0.0221  0.0214  0.0216  0.0213  0.0223  0.0225  0.0222  0.0224  0.0221  0.0223
  0.0233  0.0240  0.0229  0.0226  0.0239  0.0223  0.0231  0.0237  0.0229  0.0235  0.0223  0.0232
  0.0250  0.0268  0.0246  0.0265  0.0298  0.0269  0.0246  0.0254  0.0239  0.0257  0.0228  0.0244
niter,ni,del,rscale     4    3    5.0000    1.2000
parameters
   -3.6536   -6.9845   -2.4361   -9.1108  -20.3351  -13.7646
    4.5433   -3.1567   -3.4628   33.1792    5.0528  -32.8867
eta,q 0.97801 15.26676
  0.0249  0.0271  0.0245  0.0253  0.0276  0.0255  0.0246  0.0258  0.0239  0.0257  0.0229  0.0245
  0.0233  0.0244  0.0232  0.0240  0.0254  0.0239  0.0232  0.0233  0.0229  0.0237  0.0224  0.0229
  0.0223  0.0226  0.0224  0.0229  0.0234  0.0228  0.0223  0.0222  0.0222  0.0224  0.0221  0.0222
  0.0220  0.0220  0.0220  0.0220  0.0220  0.0220  0.0220  0.0220  0.0220  0.0220  0.0220  0.0220
  0.0223  0.0225  0.0221  0.0215  0.0216  0.0213  0.0223  0.0225  0.0222  0.0224  0.0221  0.0224
  0.0233  0.0242  0.0230  0.0227  0.0237  0.0223  0.0232  0.0237  0.0229  0.0236  0.0224  0.0232
  0.0250  0.0269  0.0247  0.0266  0.0295  0.0270  0.0246  0.0254  0.0239  0.0257  0.0228  0.0244
niter,ni,del,rscale     3    3    5.0000    1.2000
parameters
   -3.6568   -6.9724   -2.4322   -9.1064  -20.3550  -13.7636
    4.5456   -3.1574   -3.4575   33.1945    5.0666  -32.9032
eta,q 0.97801 15.26696
  0.0250  0.0270  0.0245  0.0253  0.0276  0.0255  0.0246  0.0258  0.0239  0.0257  0.0229  0.0245
  0.0233  0.0243  0.0232  0.0240  0.0254  0.0239  0.0232  0.0233  0.0229  0.0237  0.0224  0.0230
  0.0223  0.0226  0.0224  0.0229  0.0234  0.0228  0.0223  0.0222  0.0222  0.0224  0.0221  0.0222
  0.0220  0.0220  0.0220  0.0220  0.0220  0.0220  0.0220  0.0220  0.0220  0.0220  0.0220  0.0220
  0.0223  0.0226  0.0221  0.0215  0.0216  0.0213  0.0223  0.0225  0.0222  0.0224  0.0221  0.0224
  0.0233  0.0242  0.0230  0.0227  0.0237  0.0224  0.0232  0.0237  0.0229  0.0236  0.0224  0.0232
  0.0250  0.0270  0.0247  0.0266  0.0294  0.0270  0.0246  0.0254  0.0239  0.0258  0.0228  0.0243
registration optimization eta report
parameter search radius
    2.4000    3.6501    3.6501    8.2800    9.5220    8.2800
    7.2000    7.2000    7.2000    9.5220    7.2000   10.9503
100000*second partial in parameter space
       52.       38.       20.        6.        7.        7.
        5.        7.        4.        4.        2.        2.
  0.0250  0.0270  0.0245  0.0253  0.0276  0.0255  0.0246  0.0258  0.0239  0.0257  0.0229  0.0245
  0.0233  0.0243  0.0232  0.0240  0.0254  0.0239  0.0232  0.0233  0.0229  0.0237  0.0224  0.0230
  0.0223  0.0226  0.0224  0.0229  0.0234  0.0228  0.0223  0.0222  0.0222  0.0224  0.0221  0.0222
  0.0220  0.0220  0.0220  0.0220  0.0220  0.0220  0.0220  0.0220  0.0220  0.0220  0.0220  0.0220
  0.0223  0.0226  0.0221  0.0215  0.0216  0.0213  0.0223  0.0225  0.0222  0.0224  0.0221  0.0224
  0.0233  0.0242  0.0230  0.0227  0.0237  0.0224  0.0232  0.0237  0.0229  0.0236  0.0224  0.0232
  0.0250  0.0270  0.0247  0.0266  0.0294  0.0270  0.0246  0.0254  0.0239  0.0258  0.0228  0.0243
   -3.6568   -6.9724   -2.4322   -9.1064  -20.3550  -13.7636
    4.5456   -3.1574   -3.4575   33.1945    5.0666  -32.9032
eta,q 0.97801 15.26696

---------------------------------------------------------------------
imgreg_4dfp /usr/local/freesurfer/average/711-2C_as_mni_average_305 /usr/local/freesurfer/average/711-2B_as_mni_average_305_mask talsrcimg_g11 none talsrcimg_to_711-2C_as_mni_average_305_t4 2311
---------------------------------------------------------------------

freesurfer imgreg_4dfp.c
/usr/local/freesurfer/average/711-2C_as_mni_average_305.4dfp.img
       256       256       256         1
  1.000000  1.000000  1.000000
orientation T byte_order littleendian
Reading image: /usr/local/freesurfer/average/711-2C_as_mni_average_305.4dfp.img
dimensions:      256       256       256
mmppix:       1.0000   -1.0000   -1.0000
center:     128.0000 -129.0000 -129.0000
/usr/local/freesurfer/average/711-2B_as_mni_average_305_mask.4dfp.img
       256       256       256         1
  1.000000  1.000000  1.000000
orientation T byte_order littleendian
Reading mask: /usr/local/freesurfer/average/711-2B_as_mni_average_305_mask.4dfp.img (2306576 pixels)
talsrcimg_g11.4dfp.img
       256       256       256         1
  1.000000  1.000000  1.000000
orientation T byte_order littleendian
Reading image: talsrcimg_g11.4dfp.img
dimensions:      256       256       256
mmppix:       1.0000   -1.0000   -1.0000
center:     128.0000 -129.0000 -129.0000
fimgreg.f
image alignment mode   2311 decimal      907 hex
parameters
   -3.6568   -6.9724   -2.4322   -9.1064  -20.3550  -13.7636
    4.5456   -3.1574   -3.4575   33.1945    5.0666  -32.9032
eta,q 0.97801 15.26696
niter,ni,del,rscale     5    3    5.0000    0.8000
parameter  6 -0.563206 -> -0.500000 qaram    1.1500
parameters
   -3.6590   -6.9756   -2.1852   -6.8800  -18.6209  -11.0036
    3.9910   -2.7384   -3.3245   34.2781    6.0852  -31.2414
eta,q 0.97968 15.56175
  0.0233  0.0230  0.0226  0.0237  0.0238  0.0228  0.0217  0.0240  0.0217  0.0225  0.0215  0.0212
  0.0226  0.0224  0.0223  0.0231  0.0229  0.0221  0.0210  0.0219  0.0210  0.0216  0.0209  0.0208
  0.0221  0.0221  0.0221  0.0225  0.0221  0.0216  0.0206  0.0208  0.0206  0.0209  0.0206  0.0205
  0.0220  0.0220  0.0220  0.0220  0.0215  0.0212  0.0205  0.0205  0.0205  0.0205  0.0204  0.0204
  0.0221  0.0221  0.0220  0.0216  0.0212  0.0208  0.0208  0.0208  0.0206  0.0204  0.0204  0.0203
  0.0226  0.0225  0.0221  0.0215  0.0213  0.0205  0.0215  0.0215  0.0210  0.0207  0.0205  0.0204
  0.0233  0.0230  0.0223  0.0222  0.0220  0.0212  0.0225  0.0227  0.0215  0.0213  0.0208  0.0205
niter,ni,del,rscale     5    3    5.0000    0.8000
parameters
   -3.7281   -7.1875   -2.4405   -7.3860  -18.7357  -12.0257
    4.4856   -3.1758   -3.3741   34.0878    5.9237  -31.6987
eta,q 0.97941 15.51089
  0.0220  0.0212  0.0210  0.0219  0.0221  0.0224  0.0223  0.0223  0.0216  0.0217  0.0210  0.0210
  0.0210  0.0207  0.0205  0.0213  0.0213  0.0217  0.0214  0.0211  0.0210  0.0212  0.0208  0.0208
  0.0205  0.0203  0.0203  0.0207  0.0207  0.0210  0.0209  0.0206  0.0207  0.0208  0.0206  0.0206
  0.0203  0.0203  0.0203  0.0203  0.0204  0.0204  0.0206  0.0206  0.0206  0.0206  0.0206  0.0206
  0.0206  0.0206  0.0205  0.0204  0.0204  0.0208  0.0207  0.0210  0.0207  0.0207  0.0207  0.0207
  0.0212  0.0211  0.0209  0.0214  0.0210  0.0224  0.0211  0.0217  0.0211  0.0212  0.0208  0.0209
  0.0223  0.0219  0.0215  0.0236  0.0226  0.0266  0.0217  0.0230  0.0216  0.0221  0.0211  0.0212
niter,ni,del,rscale     4    3    5.0000    0.7000
parameters
   -3.6896   -7.1922   -2.6415   -7.1900  -18.5265  -12.1075
    4.2456   -3.1248   -3.3353   34.2463    5.9944  -31.8101
eta,q 0.97947 15.53426
  0.0219  0.0215  0.0210  0.0220  0.0220  0.0223  0.0215  0.0223  0.0213  0.0215  0.0209  0.0209
  0.0212  0.0210  0.0207  0.0215  0.0213  0.0217  0.0209  0.0212  0.0209  0.0210  0.0207  0.0207
  0.0208  0.0207  0.0206  0.0210  0.0208  0.0212  0.0206  0.0206  0.0206  0.0207  0.0206  0.0206
  0.0206  0.0206  0.0206  0.0206  0.0205  0.0205  0.0205  0.0205  0.0205  0.0205  0.0205  0.0205
  0.0207  0.0207  0.0207  0.0205  0.0205  0.0204  0.0207  0.0207  0.0206  0.0206  0.0206  0.0206
  0.0211  0.0210  0.0210  0.0209  0.0209  0.0212  0.0211  0.0213  0.0209  0.0209  0.0207  0.0207
  0.0218  0.0215  0.0213  0.0222  0.0220  0.0231  0.0218  0.0221  0.0213  0.0215  0.0209  0.0209
niter,ni,del,rscale     3    3    5.0000    0.6000
parameters
   -3.6908   -7.2356   -2.7162   -6.9287  -18.3825  -11.8094
    4.2042   -3.0300   -3.2511   34.3054    6.3010  -31.6337
eta,q 0.97963 15.56129
  0.0215  0.0212  0.0209  0.0217  0.0216  0.0220  0.0212  0.0218  0.0210  0.0212  0.0208  0.0207
  0.0210  0.0208  0.0207  0.0213  0.0211  0.0216  0.0207  0.0209  0.0207  0.0208  0.0205  0.0205
  0.0206  0.0206  0.0206  0.0208  0.0207  0.0210  0.0204  0.0205  0.0205  0.0205  0.0204  0.0204
  0.0205  0.0205  0.0205  0.0205  0.0205  0.0205  0.0204  0.0204  0.0204  0.0204  0.0204  0.0204
  0.0206  0.0206  0.0206  0.0204  0.0205  0.0203  0.0205  0.0205  0.0204  0.0204  0.0204  0.0204
  0.0209  0.0209  0.0208  0.0208  0.0208  0.0208  0.0208  0.0209  0.0206  0.0207  0.0205  0.0205
  0.0215  0.0213  0.0210  0.0217  0.0216  0.0221  0.0212  0.0216  0.0209  0.0212  0.0206  0.0206
niter,ni,del,rscale     2    3    5.0000    0.5000
parameters
   -3.7186   -7.2570   -2.7058   -6.7233  -18.2742  -11.4856
    4.2351   -3.0063   -3.1832   34.2522    6.4575  -31.3471
eta,q 0.97973 15.57743
  0.0210  0.0208  0.0207  0.0213  0.0211  0.0217  0.0209  0.0213  0.0207  0.0208  0.0205  0.0205
  0.0207  0.0206  0.0205  0.0209  0.0207  0.0213  0.0205  0.0207  0.0205  0.0205  0.0204  0.0204
  0.0204  0.0204  0.0204  0.0206  0.0205  0.0208  0.0203  0.0204  0.0203  0.0203  0.0203  0.0203
  0.0204  0.0204  0.0204  0.0204  0.0203  0.0203  0.0203  0.0203  0.0203  0.0203  0.0203  0.0203
  0.0205  0.0204  0.0204  0.0203  0.0204  0.0203  0.0203  0.0204  0.0203  0.0203  0.0203  0.0203
  0.0207  0.0206  0.0205  0.0206  0.0206  0.0207  0.0205  0.0207  0.0204  0.0205  0.0204  0.0203
  0.0211  0.0209  0.0207  0.0213  0.0211  0.0215  0.0208  0.0212  0.0207  0.0209  0.0205  0.0204
niter,ni,del,rscale     1    3    5.0000    0.4000
parameters
   -3.7400   -7.2561   -2.6329   -6.5876  -18.1851  -11.2236
    4.2264   -3.0207   -3.1917   34.1585    6.5111  -31.0800
eta,q 0.97979 15.58643
  0.0207  0.0206  0.0206  0.0209  0.0207  0.0213  0.0206  0.0209  0.0205  0.0206  0.0204  0.0204
  0.0205  0.0204  0.0204  0.0206  0.0205  0.0210  0.0204  0.0205  0.0203  0.0204  0.0203  0.0203
  0.0203  0.0203  0.0203  0.0204  0.0203  0.0206  0.0202  0.0203  0.0202  0.0202  0.0202  0.0202
  0.0203  0.0203  0.0203  0.0203  0.0202  0.0202  0.0202  0.0202  0.0202  0.0202  0.0202  0.0202
  0.0203  0.0203  0.0203  0.0203  0.0203  0.0202  0.0203  0.0203  0.0202  0.0203  0.0202  0.0202
  0.0205  0.0204  0.0203  0.0204  0.0204  0.0206  0.0204  0.0205  0.0203  0.0204  0.0203  0.0202
  0.0208  0.0206  0.0205  0.0209  0.0207  0.0211  0.0206  0.0209  0.0205  0.0206  0.0204  0.0203
registration optimization eta report
parameter search radius
    0.8000    0.8000    0.8000    2.4000    2.4000    2.7600
    2.4000    2.4000    2.4000    2.4000    2.4000    2.4000
100000*second partial in parameter space
       73.       50.       38.       11.        8.       13.
        7.       12.        5.        7.        3.        2.
  0.0207  0.0206  0.0206  0.0209  0.0207  0.0213  0.0206  0.0209  0.0205  0.0206  0.0204  0.0204
  0.0205  0.0204  0.0204  0.0206  0.0205  0.0210  0.0204  0.0205  0.0203  0.0204  0.0203  0.0203
  0.0203  0.0203  0.0203  0.0204  0.0203  0.0206  0.0202  0.0203  0.0202  0.0202  0.0202  0.0202
  0.0203  0.0203  0.0203  0.0203  0.0202  0.0202  0.0202  0.0202  0.0202  0.0202  0.0202  0.0202
  0.0203  0.0203  0.0203  0.0203  0.0203  0.0202  0.0203  0.0203  0.0202  0.0203  0.0202  0.0202
  0.0205  0.0204  0.0203  0.0204  0.0204  0.0206  0.0204  0.0205  0.0203  0.0204  0.0203  0.0202
  0.0208  0.0206  0.0205  0.0209  0.0207  0.0211  0.0206  0.0209  0.0205  0.0206  0.0204  0.0203
   -3.7400   -7.2561   -2.6329   -6.5876  -18.1851  -11.2236
    4.2264   -3.0207   -3.1917   34.1585    6.5111  -31.0800
eta,q 0.97979 15.58643

---------------------------------------------------------------------
imgreg_4dfp /usr/local/freesurfer/average/711-2C_as_mni_average_305 /usr/local/freesurfer/average/711-2B_as_mni_average_305_mask talsrcimg_g11 none talsrcimg_to_711-2C_as_mni_average_305_t4 2311
---------------------------------------------------------------------

freesurfer imgreg_4dfp.c
/usr/local/freesurfer/average/711-2C_as_mni_average_305.4dfp.img
       256       256       256         1
  1.000000  1.000000  1.000000
orientation T byte_order littleendian
Reading image: /usr/local/freesurfer/average/711-2C_as_mni_average_305.4dfp.img
dimensions:      256       256       256
mmppix:       1.0000   -1.0000   -1.0000
center:     128.0000 -129.0000 -129.0000
/usr/local/freesurfer/average/711-2B_as_mni_average_305_mask.4dfp.img
       256       256       256         1
  1.000000  1.000000  1.000000
orientation T byte_order littleendian
Reading mask: /usr/local/freesurfer/average/711-2B_as_mni_average_305_mask.4dfp.img (2306576 pixels)
talsrcimg_g11.4dfp.img
       256       256       256         1
  1.000000  1.000000  1.000000
orientation T byte_order littleendian
Reading image: talsrcimg_g11.4dfp.img
dimensions:      256       256       256
mmppix:       1.0000   -1.0000   -1.0000
center:     128.0000 -129.0000 -129.0000
fimgreg.f
image alignment mode   2311 decimal      907 hex
parameters
   -3.7400   -7.2561   -2.6329   -6.5876  -18.1851  -11.2236
    4.2264   -3.0207   -3.1917   34.1585    6.5111  -31.0800
eta,q 0.97979 15.58642
niter,ni,del,rscale     5    3    5.0000    0.8000
parameters
   -3.7587   -7.2821   -2.5283   -7.3564  -18.6269  -11.7810
    4.4334   -3.1345   -3.2289   34.0460    6.1920  -31.5989
eta,q 0.97951 15.52418
  0.0221  0.0214  0.0213  0.0218  0.0219  0.0221  0.0220  0.0226  0.0215  0.0218  0.0209  0.0209
  0.0210  0.0208  0.0207  0.0211  0.0211  0.0216  0.0212  0.0212  0.0209  0.0211  0.0207  0.0207
  0.0204  0.0203  0.0204  0.0206  0.0206  0.0209  0.0207  0.0206  0.0206  0.0207  0.0205  0.0205
  0.0202  0.0202  0.0202  0.0202  0.0203  0.0204  0.0205  0.0205  0.0205  0.0205  0.0205  0.0205
  0.0204  0.0203  0.0203  0.0205  0.0205  0.0206  0.0206  0.0208  0.0206  0.0206  0.0206  0.0206
  0.0211  0.0208  0.0206  0.0217  0.0213  0.0216  0.0210  0.0215  0.0209  0.0211  0.0208  0.0208
  0.0222  0.0216  0.0211  0.0241  0.0231  0.0242  0.0218  0.0227  0.0215  0.0220  0.0211  0.0211
niter,ni,del,rscale     4    3    5.0000    0.7000
parameters
   -3.7096   -7.2180   -2.6253   -7.1917  -18.5356  -11.7165
    4.2763   -3.0622   -3.2437   34.1937    6.2627  -31.6832
eta,q 0.97959 15.54327
  0.0218  0.0215  0.0210  0.0219  0.0219  0.0220  0.0214  0.0223  0.0212  0.0215  0.0208  0.0208
  0.0211  0.0210  0.0207  0.0214  0.0212  0.0215  0.0208  0.0211  0.0207  0.0210  0.0206  0.0206
  0.0207  0.0206  0.0205  0.0209  0.0207  0.0210  0.0205  0.0205  0.0205  0.0206  0.0205  0.0205
  0.0205  0.0205  0.0205  0.0205  0.0205  0.0204  0.0204  0.0204  0.0204  0.0204  0.0204  0.0204
  0.0206  0.0206  0.0206  0.0204  0.0204  0.0204  0.0206  0.0206  0.0205  0.0205  0.0204  0.0205
  0.0210  0.0208  0.0208  0.0208  0.0209  0.0210  0.0210  0.0212  0.0208  0.0208  0.0206  0.0206
  0.0217  0.0213  0.0212  0.0221  0.0220  0.0224  0.0216  0.0221  0.0212  0.0214  0.0208  0.0208
niter,ni,del,rscale     3    3    5.0000    0.6000
parameters
   -3.7173   -7.2316   -2.6449   -6.9402  -18.4210  -11.4900
    4.2707   -3.0163   -3.2044   34.2311    6.4193  -31.4956
eta,q 0.97970 15.56377
  0.0214  0.0211  0.0209  0.0216  0.0214  0.0217  0.0211  0.0218  0.0209  0.0211  0.0207  0.0206
  0.0208  0.0207  0.0206  0.0212  0.0209  0.0213  0.0207  0.0209  0.0206  0.0207  0.0205  0.0205
  0.0205  0.0205  0.0204  0.0207  0.0206  0.0208  0.0204  0.0204  0.0204  0.0204  0.0203  0.0203
  0.0204  0.0204  0.0204  0.0204  0.0204  0.0204  0.0203  0.0203  0.0203  0.0203  0.0203  0.0203
  0.0205  0.0205  0.0205  0.0203  0.0204  0.0203  0.0204  0.0205  0.0204  0.0204  0.0203  0.0203
  0.0208  0.0207  0.0206  0.0207  0.0207  0.0208  0.0207  0.0209  0.0206  0.0207  0.0204  0.0204
  0.0214  0.0211  0.0209  0.0216  0.0215  0.0217  0.0211  0.0216  0.0209  0.0211  0.0206  0.0206
niter,ni,del,rscale     2    3    5.0000    0.5000
parameters
   -3.7358   -7.2409   -2.6160   -6.7515  -18.3139  -11.2657
    4.2674   -3.0185   -3.1918   34.1875    6.4973  -31.2512
eta,q 0.97977 15.57679
  0.0210  0.0208  0.0207  0.0212  0.0210  0.0214  0.0208  0.0213  0.0206  0.0208  0.0205  0.0205
  0.0206  0.0205  0.0205  0.0209  0.0207  0.0211  0.0205  0.0206  0.0204  0.0205  0.0203  0.0203
  0.0204  0.0204  0.0203  0.0205  0.0204  0.0206  0.0203  0.0203  0.0203  0.0203  0.0203  0.0203
  0.0203  0.0203  0.0203  0.0203  0.0203  0.0203  0.0202  0.0202  0.0202  0.0202  0.0202  0.0202
  0.0204  0.0204  0.0203  0.0203  0.0203  0.0203  0.0203  0.0204  0.0203  0.0203  0.0203  0.0202
  0.0206  0.0205  0.0205  0.0205  0.0205  0.0206  0.0205  0.0207  0.0204  0.0205  0.0203  0.0203
  0.0210  0.0208  0.0206  0.0212  0.0210  0.0213  0.0208  0.0212  0.0206  0.0209  0.0205  0.0204
niter,ni,del,rscale     1    3    5.0000    0.4000
parameters
   -3.7478   -7.2360   -2.5635   -6.6157  -18.2194  -11.0814
    4.2484   -3.0234   -3.1964   34.1072    6.4863  -30.9691
eta,q 0.97981 15.58389
  0.0207  0.0205  0.0205  0.0209  0.0207  0.0211  0.0206  0.0209  0.0205  0.0206  0.0204  0.0203
  0.0204  0.0204  0.0204  0.0206  0.0205  0.0208  0.0204  0.0205  0.0203  0.0204  0.0203  0.0203
  0.0203  0.0203  0.0203  0.0204  0.0203  0.0204  0.0202  0.0203  0.0202  0.0202  0.0202  0.0202
  0.0202  0.0202  0.0202  0.0202  0.0202  0.0202  0.0202  0.0202  0.0202  0.0202  0.0202  0.0202
  0.0203  0.0203  0.0202  0.0202  0.0202  0.0202  0.0202  0.0203  0.0202  0.0202  0.0202  0.0202
  0.0204  0.0204  0.0203  0.0204  0.0204  0.0205  0.0204  0.0205  0.0203  0.0204  0.0203  0.0202
  0.0207  0.0205  0.0204  0.0209  0.0207  0.0210  0.0206  0.0209  0.0205  0.0206  0.0204  0.0203
registration optimization eta report
parameter search radius
    0.8000    0.8000    0.8000    2.4000    2.4000    2.4000
    2.4000    2.4000    2.4000    2.4000    2.4000    2.4000
100000*second partial in parameter space
       72.       49.       39.       11.        8.       14.
        7.       12.        5.        7.        3.        2.
  0.0207  0.0205  0.0205  0.0209  0.0207  0.0211  0.0206  0.0209  0.0205  0.0206  0.0204  0.0203
  0.0204  0.0204  0.0204  0.0206  0.0205  0.0208  0.0204  0.0205  0.0203  0.0204  0.0203  0.0203
  0.0203  0.0203  0.0203  0.0204  0.0203  0.0204  0.0202  0.0203  0.0202  0.0202  0.0202  0.0202
  0.0202  0.0202  0.0202  0.0202  0.0202  0.0202  0.0202  0.0202  0.0202  0.0202  0.0202  0.0202
  0.0203  0.0203  0.0202  0.0202  0.0202  0.0202  0.0202  0.0203  0.0202  0.0202  0.0202  0.0202
  0.0204  0.0204  0.0203  0.0204  0.0204  0.0205  0.0204  0.0205  0.0203  0.0204  0.0203  0.0202
  0.0207  0.0205  0.0204  0.0209  0.0207  0.0210  0.0206  0.0209  0.0205  0.0206  0.0204  0.0203
   -3.7478   -7.2360   -2.5635   -6.6157  -18.2194  -11.0814
    4.2484   -3.0234   -3.1964   34.1072    6.4863  -30.9691
eta,q 0.97981 15.58389

---------------------------------------------------------------------
compute_vox2vox talsrcimg talsrcimg_to_711-2C_as_mni_average_305_t4 /usr/local/freesurfer/average/711-2C_as_mni_average_305
---------------------------------------------------------------------

freesurfer compute_vox2vox.c
Reading: talsrcimg.4dfp.ifh
Reading: talsrcimg_to_711-2C_as_mni_average_305_t4
Reading: /usr/local/freesurfer/average/711-2C_as_mni_average_305.4dfp.ifh
Writing: talsrcimg_to_711-2C_as_mni_average_305_t4_vox2vox.txt

start time Tue Jun 3 06:04:36 UTC 2025
end		time Tue Jun 3 06:04:56 UTC 2025

mpr2mni305 success

avi2talxfm orig_nu.mgz /usr/local/freesurfer/average/mni305.cor.mgz talsrcimg_to_711-2C_as_mni_average_305_t4_vox2vox.txt transforms/talairach.auto.xfm
avi2talxfm done
mv -f /home/freesurfer/subjects/sub-043/mri/talsrcimg_to_711-2C_as_mni_average_305_t4_vox2vox.txt /home/freesurfer/subjects/sub-043/mri/transforms/talsrcimg_to_711-2C_as_mni_average_305_t4_vox2vox.txt
lta_convert --src orig_nu.mgz --trg /usr/local/freesurfer/average/mni305.cor.mgz --inxfm transforms/talairach.auto.xfm --outlta transforms/talairach.auto.xfm.lta --subject fsaverage
7.4.1

--src: orig_nu.mgz src image (geometry).
--trg: /usr/local/freesurfer/average/mni305.cor.mgz trg image (geometry).
--inmni: transforms/talairach.auto.xfm input MNI/XFM transform.
--outlta: transforms/talairach.auto.xfm.lta output LTA.
--s: fsaverage subject name
 LTA read, type : 1
 1.06611   0.05020  -0.03637  -3.28133;
-0.05523   0.97939   0.37375  -26.09435;
 0.06470  -0.40650   1.06549  -3.54384;
 0.00000   0.00000   0.00000   1.00000;
setting subject to fsaverage
Writing  LTA to file transforms/talairach.auto.xfm.lta...
lta_convert successful.
 
 
Started at Tue Jun 3 06:04:35 UTC 2025
Ended   at Tue Jun  3 06:04:56 UTC 2025
talairach_avi done
