/home/freesurfer/subjects/sub-030/mri
/usr/local/freesurfer/bin/talairach_avi
--i orig_nu.mgz --xfm transforms/talairach.auto.xfm
talairach_avi 7.4.1
Linux 68362b01c937 6.11.0-26-generic #26~24.04.1-Ubuntu SMP PREEMPT_DYNAMIC Thu Apr 17 19:20:47 UTC 2 x86_64 x86_64 x86_64 GNU/Linux
Sat May 31 00:20:40 UTC 2025
mri_convert orig_nu.mgz talsrcimg.img 
reading from orig_nu.mgz...
TR=8.39, TE=0.00, TI=0.00, flip angle=0.00
i_ras = (-1, -9.31323e-10, 0)
j_ras = (7.45058e-09, 0, -1)
k_ras = (9.31323e-10, 1, 0)
writing to talsrcimg.img...
Analyze Output Matrix
-1.00000   0.00000   0.00000   134.76836;
-0.00000   0.00000   1.00000  -106.59960;
 0.00000  -1.00000   0.00000   129.09253;
 0.00000   0.00000   0.00000   1.00000;
--------------------
INFO: set hdr.hist.orient to -1
mpr2mni305 talsrcimg
Sat May 31 00:20:41 UTC 2025
/usr/local/freesurfer/bin/mpr2mni305 talsrcimg
mpr2mni305 7.4.1
target=711-2C_as_mni_average_305

---------------------------------------------------------------------
analyzeto4dfp talsrcimg -O0 -y
---------------------------------------------------------------------

freesurfer ifh2hdr.c
Sat May 31 00:20:41 2025
Writing: talsrcimg.4dfp.hdr
freesurfer analyzeto4dfp.c
Reading: talsrcimg.hdr
header size 348 bytes
hdr.dime.datatype	offset=70	value=2
hdr.dime.bitpix		offset=72	value=8
hdr.hist.orient		offset=252	value=-1
dimensionality     4
dimensions       256       256       256         1
Reading: talsrcimg.img
Writing: talsrcimg.4dfp.img
Writing: talsrcimg.4dfp.ifh
ifh2hdr talsrcimg -r0to255
ori=2

---------------------------------------------------------------------
gauss_4dfp talsrcimg 1.1
---------------------------------------------------------------------

freesurfer gauss_4dfp.c
Reading: talsrcimg.4dfp.img
Writing: talsrcimg_g11.4dfp.img
image dimensions 256 256 256 padded to 288 288 288
processing volume 1freesurfer ifh2hdr.c
Sat May 31 00:20:45 2025
Writing: talsrcimg_g11.4dfp.hdr

Writing: talsrcimg_g11.4dfp.ifh
including: talsrcimg.4dfp.img.rec in talsrcimg_g11.4dfp.img.rec

---------------------------------------------------------------------
imgreg_4dfp /usr/local/freesurfer/average/711-2C_as_mni_average_305 none talsrcimg_g11 none talsrcimg_to_711-2C_as_mni_average_305_t4 4355
---------------------------------------------------------------------

freesurfer imgreg_4dfp.c
/usr/local/freesurfer/average/711-2C_as_mni_average_305.4dfp.img
       256       256       256         1
  1.000000  1.000000  1.000000
orientation T byte_order littleendian
Reading image: /usr/local/freesurfer/average/711-2C_as_mni_average_305.4dfp.img
dimensions:      256       256       256
mmppix:       1.0000   -1.0000   -1.0000
center:     128.0000 -129.0000 -129.0000
talsrcimg_g11.4dfp.img
       256       256       256         1
  1.000000  1.000000  1.000000
orientation T byte_order littleendian
Reading image: talsrcimg_g11.4dfp.img
dimensions:      256       256       256
mmppix:       1.0000   -1.0000   -1.0000
center:     128.0000 -129.0000 -129.0000
t4_read: open error in t4_sub.f l:  41 t4_file(1:l)talsrcimg_to_711-2C_as_mni_average_305_t4 
t4_read: transform initialized to I4
rotation matrix determinant  1.000000
image alignment mode   4355 decimal     1103 hex
   -7.5000  -45.0000  -45.0000 9481.9053   15.7544
    0.0000  -45.0000  -45.0000 9867.0518   15.7555
    7.5000  -45.0000  -45.0000 9373.9209   15.7933
   -7.5000  -37.5000  -45.0000 9856.6035   15.7239
    0.0000  -37.5000  -45.000010266.7754   15.7277
    7.5000  -37.5000  -45.0000 9748.5186   15.7599
   -7.5000  -30.0000  -45.000010549.8135   15.7317
    0.0000  -30.0000  -45.000011023.6016   15.7355
    7.5000  -30.0000  -45.000010428.9258   15.7611
   -7.5000  -22.5000  -45.000011250.4912   15.7520
    0.0000  -22.5000  -45.000011738.0820   15.7526
    7.5000  -22.5000  -45.000011101.2197   15.7767
   -7.5000  -15.0000  -45.000011838.4609   15.7611
    0.0000  -15.0000  -45.000012350.7871   15.7588
    7.5000  -15.0000  -45.000011691.3115   15.7879
   -7.5000   -7.5000  -45.000012361.7334   15.7489
    0.0000   -7.5000  -45.000012863.5381   15.7471
    7.5000   -7.5000  -45.000012189.2988   15.7830
   -7.5000    0.0000  -45.000012693.6338   15.7305
    0.0000    0.0000  -45.000013210.8262   15.7317
    7.5000    0.0000  -45.000012514.0869   15.7693
   -7.5000    7.5000  -45.000012032.9883   15.7225
    0.0000    7.5000  -45.000012508.6133   15.7263
    7.5000    7.5000  -45.000011813.6367   15.7585
   -7.5000   15.0000  -45.000011198.4053   15.7317
    0.0000   15.0000  -45.000011608.2324   15.7355
    7.5000   15.0000  -45.000010954.6748   15.7611
   -7.5000   22.5000  -45.000010259.4121   15.7498
    0.0000   22.5000  -45.000010577.2139   15.7504
    7.5000   22.5000  -45.0000 9980.2764   15.7745
   -7.5000   30.0000  -45.0000 9326.5273   15.5573
    0.0000   30.0000  -45.0000 9589.1934   15.5552
    7.5000   30.0000  -45.0000 9039.5967   15.5840
   -7.5000   37.5000  -45.0000 8746.6113   15.5897
    0.0000   37.5000  -45.0000 8983.9346   15.5883
    7.5000   37.5000  -45.0000 8479.7070   15.6242
   -7.5000   45.0000  -45.0000 7853.7368   15.3001
    0.0000   45.0000  -45.0000 8045.0747   15.3022
    7.5000   45.0000  -45.0000 7581.8599   15.3398
   -7.5000  -45.0000  -37.500010033.2344   15.6745
    0.0000  -45.0000  -37.500010434.7979   15.6858
    7.5000  -45.0000  -37.5000 9893.6777   15.7176
   -7.5000  -37.5000  -37.500010413.2598   15.6474
    0.0000  -37.5000  -37.500010857.3975   15.6596
    7.5000  -37.5000  -37.500010280.7031   15.6863
   -7.5000  -30.0000  -37.500011155.4854   15.6555
    0.0000  -30.0000  -37.500011644.4971   15.6677
    7.5000  -30.0000  -37.500011023.7168   15.6899
   -7.5000  -22.5000  -37.500011868.4404   15.6717
    0.0000  -22.5000  -37.500012385.9785   15.6830
    7.5000  -22.5000  -37.500011724.4053   15.7053
   -7.5000  -15.0000  -37.500012488.7695   15.6771
    0.0000  -15.0000  -37.500013035.8936   15.6876
    7.5000  -15.0000  -37.500012336.4414   15.7151
   -7.5000   -7.5000  -37.500013018.0498   15.6653
    0.0000   -7.5000  -37.500013561.9336   15.6759
    7.5000   -7.5000  -37.500012825.0674   15.7081
   -7.5000    0.0000  -37.500013359.7744   15.6505
    0.0000    0.0000  -37.500013923.0654   15.6618
    7.5000    0.0000  -37.500013169.9092   15.6934
   -7.5000    7.5000  -37.500012636.3848   15.6460
    0.0000    7.5000  -37.500013190.3789   15.6582
    7.5000    7.5000  -37.500012456.0332   15.6849
   -7.5000   15.0000  -37.500011741.5771   15.6555
    0.0000   15.0000  -37.500012228.1621   15.6677
    7.5000   15.0000  -37.500011523.0732   15.6899
   -7.5000   22.5000  -37.500010751.5039   15.6696
    0.0000   22.5000  -37.500011138.2783   15.6808
    7.5000   22.5000  -37.500010486.3545   15.7032
   -7.5000   30.0000  -37.5000 9749.9727   15.4743
    0.0000   30.0000  -37.500010072.4775   15.4848
    7.5000   30.0000  -37.5000 9498.3340   15.5120
   -7.5000   37.5000  -37.5000 9133.9766   15.5064
    0.0000   37.5000  -37.5000 9408.8955   15.5175
    7.5000   37.5000  -37.5000 8891.6582   15.5497
   -7.5000   45.0000  -37.5000 8180.6572   15.2213
    0.0000   45.0000  -37.5000 8376.2920   15.2333
    7.5000   45.0000  -37.5000 7935.8159   15.2644
   -7.5000  -45.0000  -30.000010726.2305   16.2816
    0.0000  -45.0000  -30.000011185.3545   16.2992
    7.5000  -45.0000  -30.000010581.6270   16.3324
   -7.5000  -37.5000  -30.000011135.9521   16.2505
    0.0000  -37.5000  -30.000011637.9062   16.2687
    7.5000  -37.5000  -30.000010998.6143   16.2969
   -7.5000  -30.0000  -30.000011939.4814   16.2551
    0.0000  -30.0000  -30.000012472.4150   16.2741
    7.5000  -30.0000  -30.000011809.1221   16.2999
   -7.5000  -22.5000  -30.000012690.8398   16.2707
    0.0000  -22.5000  -30.000013283.1377   16.2898
    7.5000  -22.5000  -30.000012565.1621   16.3183
   -7.5000  -15.0000  -30.000013369.4199   16.2785
    0.0000  -15.0000  -30.000014012.0586   16.2974
    7.5000  -15.0000  -30.000013230.7041   16.3316
   -7.5000   -7.5000  -30.000013917.9424   16.2705
    0.0000   -7.5000  -30.000014574.6367   16.2886
    7.5000   -7.5000  -30.000013768.3096   16.3250
   -7.5000    0.0000  -30.000014272.2646   16.2567
    0.0000    0.0000  -30.000014949.6992   16.2742
    7.5000    0.0000  -30.000014113.4678   16.3072
   -7.5000    7.5000  -30.000013498.9697   16.2491
    0.0000    7.5000  -30.000014125.2305   16.2673
    7.5000    7.5000  -30.000013316.0723   16.2955
   -7.5000   15.0000  -30.000012516.7061   16.2551
    0.0000   15.0000  -30.000013080.5908   16.2741
    7.5000   15.0000  -30.000012322.5029   16.2999
   -7.5000   22.5000  -30.000011463.0312   16.2668
    0.0000   22.5000  -30.000011910.5176   16.2859
    7.5000   22.5000  -30.000011221.8936   16.3144
   -7.5000   30.0000  -30.000010368.0527   16.0692
    0.0000   30.0000  -30.000010745.7900   16.0880
    7.5000   30.0000  -30.000010136.8857   16.1218
   -7.5000   37.5000  -30.0000 9689.8340   16.1062
    0.0000   37.5000  -30.000010015.1416   16.1248
    7.5000   37.5000  -30.0000 9466.3975   16.1612
   -7.5000   45.0000  -30.0000 8647.1504   15.8224
    0.0000   45.0000  -30.0000 8877.3555   15.8401
    7.5000   45.0000  -30.0000 8428.3037   15.8721
   -7.5000  -45.0000  -22.500011416.6455   16.7915
    0.0000  -45.0000  -22.500011954.7666   16.8036
    7.5000  -45.0000  -22.500011277.7520   16.8452
   -7.5000  -37.5000  -22.500011835.4932   16.7537
    0.0000  -37.5000  -22.500012424.8984   16.7679
    7.5000  -37.5000  -22.500011701.5381   16.8036
   -7.5000  -30.0000  -22.500012671.1455   16.7535
    0.0000  -30.0000  -22.500013295.9834   16.7685
    7.5000  -30.0000  -22.500012557.6865   16.8017
   -7.5000  -22.5000  -22.500013477.9043   16.7711
    0.0000  -22.5000  -22.500014146.4756   16.7850
    7.5000  -22.5000  -22.500013371.7783   16.8210
   -7.5000  -15.0000  -22.500014242.0137   16.7846
    0.0000  -15.0000  -22.500014964.3887   16.7967
    7.5000  -15.0000  -22.500014123.4443   16.8388
   -7.5000   -7.5000  -22.500014854.3457   16.7806
    0.0000   -7.5000  -22.500015607.9873   16.7919
    7.5000   -7.5000  -22.500014697.5664   16.8365
   -7.5000    0.0000  -22.500015240.4893   16.7658
    0.0000    0.0000  -22.500016018.5762   16.7779
    7.5000    0.0000  -22.500015075.7324   16.8192
   -7.5000    7.5000  -22.500014339.0176   16.7522
    0.0000    7.5000  -22.500015055.9502   16.7664
    7.5000    7.5000  -22.500014191.7012   16.8021
   -7.5000   15.0000  -22.500013294.2480   16.7535
    0.0000   15.0000  -22.500013941.9688   16.7685
    7.5000   15.0000  -22.500013139.1836   16.8017
   -7.5000   22.5000  -22.500012165.4014   16.7659
    0.0000   22.5000  -22.500012728.2393   16.7798
    7.5000   22.5000  -22.500012005.3105   16.8158
   -7.5000   30.0000  -22.500011007.9307   16.5710
    0.0000   30.0000  -22.500011456.8682   16.5831
    7.5000   30.0000  -22.500010837.9707   16.6247
   -7.5000   37.5000  -22.500010274.0996   16.6130
    0.0000   37.5000  -22.500010652.3350   16.6249
    7.5000   37.5000  -22.500010076.3633   16.6693
   -7.5000   45.0000  -22.5000 9175.0938   16.3306
    0.0000   45.0000  -22.5000 9449.9639   16.3424
    7.5000   45.0000  -22.5000 8987.2549   16.3824
   -7.5000  -45.0000  -15.000012087.3018   17.1638
    0.0000  -45.0000  -15.000012700.2100   17.1646
    7.5000  -45.0000  -15.000011986.6846   17.2139
   -7.5000  -37.5000  -15.000012538.9658   17.1200
    0.0000  -37.5000  -15.000013188.2939   17.1243
    7.5000  -37.5000  -15.000012441.4717   17.1670
   -7.5000  -30.0000  -15.000013391.8516   17.1165
    0.0000  -30.0000  -15.000014072.6094   17.1216
    7.5000  -30.0000  -15.000013324.0469   17.1595
   -7.5000  -22.5000  -15.000014212.5449   17.1374
    0.0000  -22.5000  -15.000014936.2383   17.1394
    7.5000  -22.5000  -15.000014165.1895   17.1785
   -7.5000  -15.0000  -15.000015035.5420   17.1567
    0.0000  -15.0000  -15.000015842.5010   17.1547
    7.5000  -15.0000  -15.000014984.6094   17.1999
   -7.5000   -7.5000  -15.000015732.8525   17.1549
    0.0000   -7.5000  -15.000016586.9980   17.1523
    7.5000   -7.5000  -15.000015654.4912   17.2027
   -7.5000    0.0000  -15.000016115.9766   17.1376
    0.0000    0.0000  -15.000017030.2910   17.1384
    7.5000    0.0000  -15.000016072.7715   17.1875
   -7.5000    7.5000  -15.000015130.6357   17.1185
    0.0000    7.5000  -15.000015981.6338   17.1228
    7.5000    7.5000  -15.000015102.0801   17.1655
   -7.5000   15.0000  -15.000014049.7236   17.1165
    0.0000   15.0000  -15.000014796.5781   17.1216
    7.5000   15.0000  -15.000013953.6475   17.1595
   -7.5000   22.5000  -15.000012883.6436   17.1314
    0.0000   22.5000  -15.000013535.1289   17.1333
    7.5000   22.5000  -15.000012759.2021   17.1725
   -7.5000   30.0000  -15.000011687.4951   16.9408
    0.0000   30.0000  -15.000012228.4453   16.9390
    7.5000   30.0000  -15.000011540.7842   16.9836
   -7.5000   37.5000  -15.000010904.8027   16.9859
    0.0000   37.5000  -15.000011363.7832   16.9839
    7.5000   37.5000  -15.000010742.0156   17.0339
   -7.5000   45.0000  -15.0000 9732.0059   16.7026
    0.0000   45.0000  -15.000010060.1260   16.7033
    7.5000   45.0000  -15.0000 9567.7021   16.7515
   -7.5000  -45.0000   -7.500012798.8174   17.3510
    0.0000  -45.0000   -7.500013408.6113   17.3470
    7.5000  -45.0000   -7.500012702.4150   17.3954
   -7.5000  -37.5000   -7.500013328.5215   17.3095
    0.0000  -37.5000   -7.500013994.0938   17.3097
    7.5000  -37.5000   -7.500013251.3838   17.3514
   -7.5000  -30.0000   -7.500014197.0801   17.3104
    0.0000  -30.0000   -7.500014872.2119   17.3112
    7.5000  -30.0000   -7.500014171.1367   17.3461
   -7.5000  -22.5000   -7.500014982.0420   17.3335
    0.0000  -22.5000   -7.500015714.9238   17.3300
    7.5000  -22.5000   -7.500015028.2949   17.3642
   -7.5000  -15.0000   -7.500015863.0840   17.3509
    0.0000  -15.0000   -7.500016692.0586   17.3425
    7.5000  -15.0000   -7.500015931.9043   17.3824
   -7.5000   -7.5000   -7.500016639.7578   17.3444
    0.0000   -7.5000   -7.500017564.6621   17.3361
    7.5000   -7.5000   -7.500016710.3672   17.3831
   -7.5000    0.0000   -7.500017033.3301   17.3245
    0.0000    0.0000   -7.500018061.8965   17.3206
    7.5000    0.0000   -7.500017138.9609   17.3687
   -7.5000    7.5000   -7.500016072.7197   17.3080
    0.0000    7.5000   -7.500017025.5137   17.3082
    7.5000    7.5000   -7.500016112.6465   17.3498
   -7.5000   15.0000   -7.500014948.9580   17.3104
    0.0000   15.0000   -7.500015811.9961   17.3112
    7.5000   15.0000   -7.500014888.6895   17.3461
   -7.5000   22.5000   -7.500013731.1611   17.3255
    0.0000   22.5000   -7.500014486.9619   17.3220
    7.5000   22.5000   -7.500013624.3730   17.3562
   -7.5000   30.0000   -7.500012471.7607   17.1324
    0.0000   30.0000   -7.500013087.4414   17.1242
    7.5000   30.0000   -7.500012329.5127   17.1637
   -7.5000   37.5000   -7.500011638.6650   17.1739
    0.0000   37.5000   -7.500012159.9932   17.1661
    7.5000   37.5000   -7.500011450.1748   17.2129
   -7.5000   45.0000   -7.500010350.0566   16.8871
    0.0000   45.0000   -7.500010744.3838   16.8836
    7.5000   45.0000   -7.500010176.6641   16.9316
   -7.5000  -45.0000    0.000013351.0967   17.3810
    0.0000  -45.0000    0.000013916.9170   17.3825
    7.5000  -45.0000    0.000013245.0029   17.4237
   -7.5000  -37.5000    0.000014037.2002   17.3478
    0.0000  -37.5000    0.000014684.8506   17.3522
    7.5000  -37.5000    0.000013931.3555   17.3872
   -7.5000  -30.0000    0.000015056.8633   17.3557
    0.0000  -30.0000    0.000015793.1709   17.3601
    7.5000  -30.0000    0.000015067.0654   17.3879
   -7.5000  -22.5000    0.000015864.9951   17.3768
    0.0000  -22.5000    0.000016692.7305   17.3777
    7.5000  -22.5000    0.000016058.8359   17.4038
   -7.5000  -15.0000    0.000016762.4551   17.3862
    0.0000  -15.0000    0.000017663.1016   17.3839
    7.5000  -15.0000    0.000016957.1973   17.4155
   -7.5000   -7.5000    0.000017544.5996   17.3735
    0.0000   -7.5000    0.000018548.4434   17.3718
    7.5000   -7.5000    0.000017661.2051   17.4109
   -7.5000    0.0000    0.000018008.5820   17.3546
    0.0000    0.0000    0.000019081.1289   17.3561
    7.5000    0.0000    0.000018042.6406   17.3970
   -7.5000    7.5000    0.000017018.2070   17.3463
    0.0000    7.5000    0.000018040.6738   17.3507
    7.5000    7.5000    0.000016934.8418   17.3856
   -7.5000   15.0000    0.000015826.8516   17.3557
    0.0000   15.0000    0.000016749.6309   17.3601
    7.5000   15.0000    0.000015629.3760   17.3879
   -7.5000   22.5000    0.000014538.8584   17.3688
    0.0000   22.5000    0.000015345.9404   17.3697
    7.5000   22.5000    0.000014328.1377   17.3958
   -7.5000   30.0000    0.000013189.8320   17.1680
    0.0000   30.0000    0.000013830.2529   17.1659
    7.5000   30.0000    0.000012958.2900   17.1971
   -7.5000   37.5000    0.000012256.7783   17.2038
    0.0000   37.5000    0.000012813.8398   17.2026
    7.5000   37.5000    0.000012033.8506   17.2417
   -7.5000   45.0000    0.000010862.5254   16.9168
    0.0000   45.0000    0.000011317.2207   16.9194
    7.5000   45.0000    0.000010678.4355   16.9603
   -7.5000  -45.0000    7.500012730.8467   17.4020
    0.0000  -45.0000    7.500013276.7598   17.4145
    7.5000  -45.0000    7.500012685.5322   17.4496
   -7.5000  -37.5000    7.500013507.6982   17.3721
    0.0000  -37.5000    7.500014148.9336   17.3856
    7.5000  -37.5000    7.500013387.2012   17.4150
   -7.5000  -30.0000    7.500014838.7041   17.3810
    0.0000  -30.0000    7.500015665.2139   17.3945
    7.5000  -30.0000    7.500014673.9561   17.4189
   -7.5000  -22.5000    7.500015846.3457   17.3987
    0.0000  -22.5000    7.500016754.2012   17.4111
    7.5000  -22.5000    7.500015749.8242   17.4357
   -7.5000  -15.0000    7.500016622.3262   17.4045
    0.0000  -15.0000    7.500017424.2754   17.4161
    7.5000  -15.0000    7.500016495.9863   17.4463
   -7.5000   -7.5000    7.500017226.5000   17.3916
    0.0000   -7.5000    7.500018086.2539   17.4033
    7.5000   -7.5000    7.500017065.4570   17.4388
   -7.5000    0.0000    7.500017601.5508   17.3755
    0.0000    0.0000    7.500018535.4121   17.3880
    7.5000    0.0000    7.500017408.7617   17.4228
   -7.5000    7.5000    7.500016558.6914   17.3706
    0.0000    7.5000    7.500017500.1309   17.3841
    7.5000    7.5000    7.500016369.7754   17.4135
   -7.5000   15.0000    7.500015363.7148   17.3810
    0.0000   15.0000    7.500016234.3711   17.3945
    7.5000   15.0000    7.500015179.1670   17.4189
   -7.5000   22.5000    7.500014101.8359   17.3907
    0.0000   22.5000    7.500014859.0820   17.4031
    7.5000   22.5000    7.500013917.9756   17.4276
   -7.5000   30.0000    7.500012789.7012   17.1860
    0.0000   30.0000    7.500013387.1836   17.1977
    7.5000   30.0000    7.500012560.2148   17.2276
   -7.5000   37.5000    7.500011869.7119   17.2215
    0.0000   37.5000    7.500012392.5684   17.2338
    7.5000   37.5000    7.500011624.6611   17.2692
   -7.5000   45.0000    7.500010493.1406   16.9372
    0.0000   45.0000    7.500010918.8750   16.9505
    7.5000   45.0000    7.500010298.7266   16.9849
   -7.5000  -45.0000   15.000012116.4932   17.4521
    0.0000  -45.0000   15.000012606.8076   17.4709
    7.5000  -45.0000   15.000012019.5635   17.5064
   -7.5000  -37.5000   15.000012854.4004   17.4188
    0.0000  -37.5000   15.000013457.3359   17.4384
    7.5000  -37.5000   15.000012714.0088   17.4684
   -7.5000  -30.0000   15.000014135.3057   17.4239
    0.0000  -30.0000   15.000014907.0391   17.4443
    7.5000  -30.0000   15.000013944.6025   17.4718
   -7.5000  -22.5000   15.000015135.9717   17.4408
    0.0000  -22.5000   15.000015801.5693   17.4613
    7.5000  -22.5000   15.000014858.1934   17.4917
   -7.5000  -15.0000   15.000015867.9717   17.4493
    0.0000  -15.0000   15.000016493.5898   17.4695
    7.5000  -15.0000   15.000015595.7148   17.5059
   -7.5000   -7.5000   15.000016470.7168   17.4404
    0.0000   -7.5000   15.000017201.4375   17.4598
    7.5000   -7.5000   15.000016215.5830   17.4986
   -7.5000    0.0000   15.000016818.0859   17.4254
    0.0000    0.0000   15.000017692.9238   17.4442
    7.5000    0.0000   15.000016604.9648   17.4794
   -7.5000    7.5000   15.000015784.2529   17.4172
    0.0000    7.5000   15.000016665.8145   17.4368
    7.5000    7.5000   15.000015594.7783   17.4669
   -7.5000   15.0000   15.000014588.1631   17.4239
    0.0000   15.0000   15.000015410.1191   17.4443
    7.5000   15.0000   15.000014447.1396   17.4718
   -7.5000   22.5000   15.000013395.6699   17.4328
    0.0000   22.5000   15.000014096.0498   17.4533
    7.5000   22.5000   15.000013266.3672   17.4836
   -7.5000   30.0000   15.000012163.7578   17.2299
    0.0000   30.0000   15.000012700.5332   17.2500
    7.5000   30.0000   15.000011976.2012   17.2861
   -7.5000   37.5000   15.000011284.2695   17.2693
    0.0000   37.5000   15.000011784.7217   17.2893
    7.5000   37.5000   15.000011074.2500   17.3280
   -7.5000   45.0000   15.000010004.5400   16.9870
    0.0000   45.0000   15.000010402.8955   17.0061
    7.5000   45.0000   15.0000 9792.4795   17.0402
   -7.5000  -45.0000   22.500011376.5264   17.5346
    0.0000  -45.0000   22.500011855.9092   17.5471
    7.5000  -45.0000   22.500011220.3145   17.5907
   -7.5000  -37.5000   22.500012020.8262   17.4946
    0.0000  -37.5000   22.500012574.3828   17.5094
    7.5000  -37.5000   22.500011869.0234   17.5469
   -7.5000  -30.0000   22.500013093.5127   17.4942
    0.0000  -30.0000   22.500013717.4033   17.5100
    7.5000  -30.0000   22.500012963.5576   17.5447
   -7.5000  -22.5000   22.500013921.1836   17.5128
    0.0000  -22.5000   22.500014433.9600   17.5273
    7.5000  -22.5000   22.500013725.1338   17.5651
   -7.5000  -15.0000   22.500014648.7500   17.5272
    0.0000  -15.0000   22.500015177.5361   17.5398
    7.5000  -15.0000   22.500014476.6221   17.5840
   -7.5000   -7.5000   22.500015326.3105   17.5231
    0.0000   -7.5000   22.500016014.5322   17.5348
    7.5000   -7.5000   22.500015192.9482   17.5816
   -7.5000    0.0000   22.500015748.9238   17.5076
    0.0000    0.0000   22.500016524.7402   17.5201
    7.5000    0.0000   22.500015607.4727   17.5634
   -7.5000    7.5000   22.500014813.3643   17.4930
    0.0000    7.5000   22.500015589.5781   17.5078
    7.5000    7.5000   22.500014679.1611   17.5453
   -7.5000   15.0000   22.500013685.4893   17.4942
    0.0000   15.0000   22.500014409.3105   17.5100
    7.5000   15.0000   22.500013573.8193   17.5447
   -7.5000   22.5000   22.500012552.1738   17.5047
    0.0000   22.5000   22.500013204.0176   17.5193
    7.5000   22.5000   22.500012447.0400   17.5570
   -7.5000   30.0000   22.500011372.3350   17.3066
    0.0000   30.0000   22.500011901.9082   17.3192
    7.5000   30.0000   22.500011242.8936   17.3629
   -7.5000   37.5000   22.500010546.4697   17.3509
    0.0000   37.5000   22.500011013.7500   17.3632
    7.5000   37.5000   22.500010393.5566   17.4097
   -7.5000   45.0000   22.5000 9379.5703   17.0691
    0.0000   45.0000   22.5000 9735.9404   17.0812
    7.5000   45.0000   22.5000 9204.6699   17.1232
   -7.5000  -45.0000   30.000010517.1670   17.8176
    0.0000  -45.0000   30.000010947.7373   17.8183
    7.5000  -45.0000   30.000010414.9482   17.8708
   -7.5000  -37.5000   30.000011067.1143   17.7713
    0.0000  -37.5000   30.000011576.8945   17.7756
    7.5000  -37.5000   30.000011007.3633   17.8210
   -7.5000  -30.0000   30.000012026.9932   17.7673
    0.0000  -30.0000   30.000012518.1875   17.7724
    7.5000  -30.0000   30.000011943.8760   17.8127
   -7.5000  -22.5000   30.000012761.8164   17.7890
    0.0000  -22.5000   30.000013188.0146   17.7909
    7.5000  -22.5000   30.000012611.3223   17.8326
   -7.5000  -15.0000   30.000013471.4443   17.8094
    0.0000  -15.0000   30.000013972.6309   17.8071
    7.5000  -15.0000   30.000013364.2373   17.8553
   -7.5000   -7.5000   30.000014117.8760   17.8077
    0.0000   -7.5000   30.000014719.1670   17.8049
    7.5000   -7.5000   30.000014048.9199   17.8586
   -7.5000    0.0000   30.000014552.3340   17.7898
    0.0000    0.0000   30.000015205.7793   17.7905
    7.5000    0.0000   30.000014472.0781   17.8427
   -7.5000    7.5000   30.000013739.1318   17.7697
    0.0000    7.5000   30.000014391.6475   17.7740
    7.5000    7.5000   30.000013651.7705   17.8194
   -7.5000   15.0000   30.000012716.6758   17.7673
    0.0000   15.0000   30.000013333.5186   17.7724
    7.5000   15.0000   30.000012632.3867   17.8127
   -7.5000   22.5000   30.000011657.5049   17.7809
    0.0000   22.5000   30.000012226.0488   17.7828
    7.5000   22.5000   30.000011575.5420   17.8244
   -7.5000   30.0000   30.000010569.7988   17.5852
    0.0000   30.0000   30.000011025.3574   17.5832
    7.5000   30.0000   30.000010461.3359   17.6308
   -7.5000   37.5000   30.0000 9799.1426   17.6315
    0.0000   37.5000   30.000010210.1592   17.6293
    7.5000   37.5000   30.0000 9684.8301   17.6826
   -7.5000   45.0000   30.0000 8711.6035   17.3417
    0.0000   45.0000   30.0000 9036.7490   17.3422
    7.5000   45.0000   30.0000 8588.4854   17.3935
   -7.5000  -45.0000   37.500010095.9219   18.2248
    0.0000  -45.0000   37.500010535.5283   18.2230
    7.5000  -45.0000   37.500010025.7559   18.2759
   -7.5000  -37.5000   37.500010624.8252   18.1801
    0.0000  -37.5000   37.500011120.0527   18.1827
    7.5000  -37.5000   37.500010585.5566   18.2281
   -7.5000  -30.0000   37.500011501.1250   18.1810
    0.0000  -30.0000   37.500011960.2617   18.1841
    7.5000  -30.0000   37.500011410.8350   18.2223
   -7.5000  -22.5000   37.500012191.6836   18.2051
    0.0000  -22.5000   37.500012639.5635   18.2036
    7.5000  -22.5000   37.500012063.7754   18.2414
   -7.5000  -15.0000   37.500012894.3271   18.2233
    0.0000  -15.0000   37.500013393.7119   18.2165
    7.5000  -15.0000   37.500012788.9277   18.2608
   -7.5000   -7.5000   37.500013518.7412   18.2164
    0.0000   -7.5000   37.500014066.1191   18.2099
    7.5000   -7.5000   37.500013438.7256   18.2617
   -7.5000    0.0000   37.500013929.6074   18.1957
    0.0000    0.0000   37.500014513.1904   18.1940
    7.5000    0.0000   37.500013844.3223   18.2465
   -7.5000    7.5000   37.500013166.0537   18.1784
    0.0000    7.5000   37.500013745.9980   18.1810
    7.5000    7.5000   37.500013091.8252   18.2264
   -7.5000   15.0000   37.500012226.6094   18.1810
    0.0000   15.0000   37.500012774.5068   18.1841
    7.5000   15.0000   37.500012149.6328   18.2223
   -7.5000   22.5000   37.500011242.0137   18.1968
    0.0000   22.5000   37.500011733.3311   18.1952
    7.5000   22.5000   37.500011154.3418   18.2330
   -7.5000   30.0000   37.500010203.9336   17.9913
    0.0000   30.0000   37.500010585.3584   17.9848
    7.5000   30.0000   37.500010079.5664   18.0286
   -7.5000   37.5000   37.5000 9444.2148   18.0278
    0.0000   37.5000   37.5000 9801.2725   18.0218
    7.5000   37.5000   37.5000 9316.9883   18.0731
   -7.5000   45.0000   37.5000 8404.9746   17.7233
    0.0000   45.0000   37.5000 8694.0938   17.7221
    7.5000   45.0000   37.5000 8282.0254   17.7743
   -7.5000  -45.0000   45.0000 9324.0088   18.7194
    0.0000  -45.0000   45.0000 9738.4170   18.7296
    7.5000  -45.0000   45.0000 9281.1748   18.7787
   -7.5000  -37.5000   45.0000 9799.5449   18.6817
    0.0000  -37.5000   45.000010284.5107   18.6942
    7.5000  -37.5000   45.0000 9775.5059   18.7363
   -7.5000  -30.0000   45.000010585.6035   18.6907
    0.0000  -30.0000   45.000011043.8457   18.7026
    7.5000  -30.0000   45.000010507.7510   18.7361
   -7.5000  -22.5000   45.000011219.4062   18.7139
    0.0000  -22.5000   45.000011680.6230   18.7221
    7.5000  -22.5000   45.000011123.1025   18.7533
   -7.5000  -15.0000   45.000011863.8398   18.7237
    0.0000  -15.0000   45.000012360.6211   18.7291
    7.5000  -15.0000   45.000011785.1123   18.7665
   -7.5000   -7.5000   45.000012445.3320   18.7092
    0.0000   -7.5000   45.000012962.9473   18.7159
    7.5000   -7.5000   45.000012386.5703   18.7623
   -7.5000    0.0000   45.000012828.5879   18.6885
    0.0000    0.0000   45.000013367.4590   18.6988
    7.5000    0.0000   45.000012778.6387   18.7475
   -7.5000    7.5000   45.000012134.5850   18.6799
    0.0000    7.5000   45.000012671.4766   18.6924
    7.5000    7.5000   45.000012089.2910   18.7345
   -7.5000   15.0000   45.000011279.5547   18.6907
    0.0000   15.0000   45.000011772.5166   18.7026
    7.5000   15.0000   45.000011234.5469   18.7361
   -7.5000   22.5000   45.000010381.5811   18.7052
    0.0000   22.5000   45.000010803.6084   18.7134
    7.5000   22.5000   45.000010293.8896   18.7446
   -7.5000   30.0000   45.0000 9440.6299   18.4818
    0.0000   30.0000   45.0000 9781.1611   18.4872
    7.5000   30.0000   45.0000 9307.3955   18.5242
   -7.5000   37.5000   45.0000 8766.4961   18.5023
    0.0000   37.5000   45.0000 9073.7549   18.5093
    7.5000   37.5000   45.0000 8645.0400   18.5554
   -7.5000   45.0000   45.0000 7809.9570   18.1890
    0.0000   45.0000   45.0000 8063.8140   18.2003
    7.5000   45.0000   45.0000 7700.5054   18.2489

---------------------------------------------------------------------
imgreg_4dfp /usr/local/freesurfer/average/711-2C_as_mni_average_305 /usr/local/freesurfer/average/711-2B_as_mni_average_305_mask talsrcimg_g11 none talsrcimg_to_711-2C_as_mni_average_305_t4 4355
---------------------------------------------------------------------

freesurfer imgreg_4dfp.c
/usr/local/freesurfer/average/711-2C_as_mni_average_305.4dfp.img
       256       256       256         1
  1.000000  1.000000  1.000000
orientation T byte_order littleendian
Reading image: /usr/local/freesurfer/average/711-2C_as_mni_average_305.4dfp.img
dimensions:      256       256       256
mmppix:       1.0000   -1.0000   -1.0000
center:     128.0000 -129.0000 -129.0000
/usr/local/freesurfer/average/711-2B_as_mni_average_305_mask.4dfp.img
       256       256       256         1
  1.000000  1.000000  1.000000
orientation T byte_order littleendian
Reading mask: /usr/local/freesurfer/average/711-2B_as_mni_average_305_mask.4dfp.img (2306576 pixels)
talsrcimg_g11.4dfp.img
       256       256       256         1
  1.000000  1.000000  1.000000
orientation T byte_order littleendian
Reading image: talsrcimg_g11.4dfp.img
dimensions:      256       256       256
mmppix:       1.0000   -1.0000   -1.0000
center:     128.0000 -129.0000 -129.0000
rotation matrix determinant  1.000000
image alignment mode   4355 decimal     1103 hex
   -7.5000  -45.0000  -45.0000 2422.3679   16.4762
    0.0000  -45.0000  -45.0000 2421.6355   16.4991
    7.5000  -45.0000  -45.0000 2405.8086   16.6570
   -7.5000  -37.5000  -45.0000 2455.6716   15.7410
    0.0000  -37.5000  -45.0000 2456.7659   15.7894
    7.5000  -37.5000  -45.0000 2436.6755   15.9479
   -7.5000  -30.0000  -45.0000 2468.7266   15.3470
    0.0000  -30.0000  -45.0000 2474.5771   15.3903
    7.5000  -30.0000  -45.0000 2450.9307   15.5503
   -7.5000  -22.5000  -45.0000 2476.7612   15.2695
    0.0000  -22.5000  -45.0000 2481.4065   15.2948
    7.5000  -22.5000  -45.0000 2456.6064   15.4762
   -7.5000  -15.0000  -45.0000 2469.4812   15.3985
    0.0000  -15.0000  -45.0000 2474.8552   15.4386
    7.5000  -15.0000  -45.0000 2448.2749   15.6557
   -7.5000   -7.5000  -45.0000 2452.2805   15.8761
    0.0000   -7.5000  -45.0000 2455.1140   15.8701
    7.5000   -7.5000  -45.0000 2432.3521   16.1156
   -7.5000    0.0000  -45.0000 2408.4456   16.5799
    0.0000    0.0000  -45.0000 2410.3811   16.5574
    7.5000    0.0000  -45.0000 2395.3889   16.8470
   -7.5000    7.5000  -45.0000 2347.0549   17.4920
    0.0000    7.5000  -45.0000 2351.5630   17.4456
    7.5000    7.5000  -45.0000 2332.6626   17.7322
   -7.5000   15.0000  -45.0000 2261.8364   18.7268
    0.0000   15.0000  -45.0000 2264.9744   18.6527
    7.5000   15.0000  -45.0000 2251.9670   18.9409
   -7.5000   22.5000  -45.0000 2169.7974   20.4043
    0.0000   22.5000  -45.0000 2166.4194   20.3078
    7.5000   22.5000  -45.0000 2155.1868   20.6889
   -7.5000   30.0000  -45.0000 2067.5305   22.7207
    0.0000   30.0000  -45.0000 2062.3916   22.6062
    7.5000   30.0000  -45.0000 2049.6165   22.9504
   -7.5000   37.5000  -45.0000 1951.5137   25.6792
    0.0000   37.5000  -45.0000 1954.2229   25.4827
    7.5000   37.5000  -45.0000 1943.0455   25.8011
   -7.5000   45.0000  -45.0000 1832.5719   29.3988
    0.0000   45.0000  -45.0000 1834.2847   29.2323
    7.5000   45.0000  -45.0000 1819.6323   29.5571
   -7.5000  -45.0000  -37.5000 2506.5779   15.4460
    0.0000  -45.0000  -37.5000 2505.7236   15.5074
    7.5000  -45.0000  -37.5000 2485.6753   15.6344
   -7.5000  -37.5000  -37.5000 2542.9685   14.7473
    0.0000  -37.5000  -37.5000 2550.5518   14.8268
    7.5000  -37.5000  -37.5000 2523.6865   14.9401
   -7.5000  -30.0000  -37.5000 2558.1326   14.3521
    0.0000  -30.0000  -37.5000 2567.4224   14.4055
    7.5000  -30.0000  -37.5000 2541.2192   14.5731
   -7.5000  -22.5000  -37.5000 2566.5840   14.2725
    0.0000  -22.5000  -37.5000 2573.2554   14.3146
    7.5000  -22.5000  -37.5000 2547.6067   14.4871
   -7.5000  -15.0000  -37.5000 2560.3511   14.3826
    0.0000  -15.0000  -37.5000 2568.1602   14.4457
    7.5000  -15.0000  -37.5000 2540.9563   14.6221
   -7.5000   -7.5000  -37.5000 2545.1445   14.8110
    0.0000   -7.5000  -37.5000 2547.1003   14.8269
    7.5000   -7.5000  -37.5000 2519.9075   15.0124
   -7.5000    0.0000  -37.5000 2502.7583   15.4176
    0.0000    0.0000  -37.5000 2508.3206   15.4327
    7.5000    0.0000  -37.5000 2481.2004   15.6460
   -7.5000    7.5000  -37.5000 2438.6406   16.2090
    0.0000    7.5000  -37.5000 2447.9849   16.2325
    7.5000    7.5000  -37.5000 2425.8499   16.4831
   -7.5000   15.0000  -37.5000 2351.6919   17.3370
    0.0000   15.0000  -37.5000 2360.3521   17.3199
    7.5000   15.0000  -37.5000 2338.8503   17.5796
   -7.5000   22.5000  -37.5000 2253.7500   18.9302
    0.0000   22.5000  -37.5000 2258.3882   18.9121
    7.5000   22.5000  -37.5000 2231.8245   19.2071
   -7.5000   30.0000  -37.5000 2141.4724   21.0275
    0.0000   30.0000  -37.5000 2147.9500   20.9710
    7.5000   30.0000  -37.5000 2120.8750   21.2684
   -7.5000   37.5000  -37.5000 2024.7314   23.6437
    0.0000   37.5000  -37.5000 2032.1592   23.5582
    7.5000   37.5000  -37.5000 2009.9111   23.8881
   -7.5000   45.0000  -37.5000 1897.0106   27.0240
    0.0000   45.0000  -37.5000 1896.2784   26.9390
    7.5000   45.0000  -37.5000 1880.3047   27.3375
   -7.5000  -45.0000  -30.0000 2614.7539   15.0237
    0.0000  -45.0000  -30.0000 2623.6116   15.1267
    7.5000  -45.0000  -30.0000 2596.9966   15.2468
   -7.5000  -37.5000  -30.0000 2662.8110   14.2609
    0.0000  -37.5000  -30.0000 2674.1509   14.3500
    7.5000  -37.5000  -30.0000 2644.6353   14.4804
   -7.5000  -30.0000  -30.0000 2692.8728   13.8717
    0.0000  -30.0000  -30.0000 2700.6206   13.9485
    7.5000  -30.0000  -30.0000 2672.4744   14.0982
   -7.5000  -22.5000  -30.0000 2699.6279   13.7791
    0.0000  -22.5000  -30.0000 2706.4758   13.8443
    7.5000  -22.5000  -30.0000 2686.7361   14.0155
   -7.5000  -15.0000  -30.0000 2696.1777   13.9112
    0.0000  -15.0000  -30.0000 2706.8613   13.9958
    7.5000  -15.0000  -30.0000 2679.2327   14.1560
   -7.5000   -7.5000  -30.0000 2676.8755   14.2953
    0.0000   -7.5000  -30.0000 2687.5745   14.3560
    7.5000   -7.5000  -30.0000 2657.1394   14.5177
   -7.5000    0.0000  -30.0000 2633.9812   14.8492
    0.0000    0.0000  -30.0000 2649.7744   14.8908
    7.5000    0.0000  -30.0000 2617.3652   15.0931
   -7.5000    7.5000  -30.0000 2568.8972   15.5890
    0.0000    7.5000  -30.0000 2585.9089   15.6592
    7.5000    7.5000  -30.0000 2555.6987   15.8554
   -7.5000   15.0000  -30.0000 2477.5254   16.6558
    0.0000   15.0000  -30.0000 2494.7026   16.7045
    7.5000   15.0000  -30.0000 2468.8413   16.9485
   -7.5000   22.5000  -30.0000 2375.0510   18.1734
    0.0000   22.5000  -30.0000 2384.9443   18.1967
    7.5000   22.5000  -30.0000 2356.7454   18.4730
   -7.5000   30.0000  -30.0000 2252.7661   20.1692
    0.0000   30.0000  -30.0000 2260.0696   20.1475
    7.5000   30.0000  -30.0000 2233.5649   20.4326
   -7.5000   37.5000  -30.0000 2132.2715   22.6703
    0.0000   37.5000  -30.0000 2141.1682   22.6185
    7.5000   37.5000  -30.0000 2115.5576   22.9465
   -7.5000   45.0000  -30.0000 1989.1749   25.8484
    0.0000   45.0000  -30.0000 1988.4041   25.7690
    7.5000   45.0000  -30.0000 1972.1880   26.1839
   -7.5000  -45.0000  -22.5000 2694.9077   14.5116
    0.0000  -45.0000  -22.5000 2710.3359   14.6238
    7.5000  -45.0000  -22.5000 2679.0537   14.7975
   -7.5000  -37.5000  -22.5000 2751.6992   13.6979
    0.0000  -37.5000  -22.5000 2765.8232   13.7937
    7.5000  -37.5000  -22.5000 2732.1331   13.9489
   -7.5000  -30.0000  -22.5000 2784.6067   13.2603
    0.0000  -30.0000  -22.5000 2797.9863   13.3526
    7.5000  -30.0000  -22.5000 2764.3501   13.5080
   -7.5000  -22.5000  -22.5000 2801.2673   13.1275
    0.0000  -22.5000  -22.5000 2809.0059   13.2153
    7.5000  -22.5000  -22.5000 2783.5222   13.3829
   -7.5000  -15.0000  -22.5000 2801.4749   13.2771
    0.0000  -15.0000  -22.5000 2816.2817   13.3729
    7.5000  -15.0000  -22.5000 2784.4016   13.5406
   -7.5000   -7.5000  -22.5000 2783.1011   13.6797
    0.0000   -7.5000  -22.5000 2797.8745   13.7424
    7.5000   -7.5000  -22.5000 2765.1699   13.9167
   -7.5000    0.0000  -22.5000 2736.5266   14.2203
    0.0000    0.0000  -22.5000 2754.9778   14.2665
    7.5000    0.0000  -22.5000 2722.6738   14.4739
   -7.5000    7.5000  -22.5000 2666.3613   14.9206
    0.0000    7.5000  -22.5000 2681.4824   14.9753
    7.5000    7.5000  -22.5000 2655.8899   15.2173
   -7.5000   15.0000  -22.5000 2568.9507   15.9561
    0.0000   15.0000  -22.5000 2586.0312   15.9712
    7.5000   15.0000  -22.5000 2565.5193   16.2599
   -7.5000   22.5000  -22.5000 2462.5959   17.4142
    0.0000   22.5000  -22.5000 2477.7410   17.3958
    7.5000   22.5000  -22.5000 2458.8958   17.7230
   -7.5000   30.0000  -22.5000 2331.7676   19.3198
    0.0000   30.0000  -22.5000 2342.1089   19.2674
    7.5000   30.0000  -22.5000 2323.1667   19.6046
   -7.5000   37.5000  -22.5000 2204.1475   21.7341
    0.0000   37.5000  -22.5000 2214.0845   21.6474
    7.5000   37.5000  -22.5000 2188.2917   22.0549
   -7.5000   45.0000  -22.5000 2057.2788   24.8270
    0.0000   45.0000  -22.5000 2059.3840   24.6590
    7.5000   45.0000  -22.5000 2047.5812   25.1497
   -7.5000  -45.0000  -15.0000 2733.9146   14.0612
    0.0000  -45.0000  -15.0000 2754.2063   14.1395
    7.5000  -45.0000  -15.0000 2719.4180   14.3768
   -7.5000  -37.5000  -15.0000 2796.7341   13.2308
    0.0000  -37.5000  -15.0000 2817.2791   13.3068
    7.5000  -37.5000  -15.0000 2781.6472   13.5301
   -7.5000  -30.0000  -15.0000 2838.5989   12.6835
    0.0000  -30.0000  -15.0000 2855.2510   12.7538
    7.5000  -30.0000  -15.0000 2818.7300   12.9840
   -7.5000  -22.5000  -15.0000 2861.6602   12.4795
    0.0000  -22.5000  -15.0000 2871.0349   12.5504
    7.5000  -22.5000  -15.0000 2839.9111   12.7651
   -7.5000  -15.0000  -15.0000 2866.5796   12.6395
    0.0000  -15.0000  -15.0000 2879.8489   12.7030
    7.5000  -15.0000  -15.0000 2850.2693   12.9105
   -7.5000   -7.5000  -15.0000 2850.3286   13.0725
    0.0000   -7.5000  -15.0000 2867.5933   13.0933
    7.5000   -7.5000  -15.0000 2839.1487   13.3023
   -7.5000    0.0000  -15.0000 2798.0374   13.6265
    0.0000    0.0000  -15.0000 2819.0383   13.6313
    7.5000    0.0000  -15.0000 2795.2842   13.8998
   -7.5000    7.5000  -15.0000 2725.9956   14.3209
    0.0000    7.5000  -15.0000 2743.1392   14.3445
    7.5000    7.5000  -15.0000 2721.9958   14.6357
   -7.5000   15.0000  -15.0000 2628.8433   15.3217
    0.0000   15.0000  -15.0000 2643.5479   15.3218
    7.5000   15.0000  -15.0000 2621.1013   15.6455
   -7.5000   22.5000  -15.0000 2521.0327   16.7383
    0.0000   22.5000  -15.0000 2538.3188   16.7122
    7.5000   22.5000  -15.0000 2514.3403   17.0517
   -7.5000   30.0000  -15.0000 2390.6436   18.5925
    0.0000   30.0000  -15.0000 2402.5298   18.5391
    7.5000   30.0000  -15.0000 2381.4602   18.9154
   -7.5000   37.5000  -15.0000 2253.7002   20.9413
    0.0000   37.5000  -15.0000 2266.0422   20.8579
    7.5000   37.5000  -15.0000 2243.1340   21.3027
   -7.5000   45.0000  -15.0000 2101.7300   23.8709
    0.0000   45.0000  -15.0000 2104.8262   23.7443
    7.5000   45.0000  -15.0000 2095.2124   24.2118
   -7.5000  -45.0000   -7.5000 2751.7061   13.7830
    0.0000  -45.0000   -7.5000 2769.8853   13.8219
    7.5000  -45.0000   -7.5000 2738.4180   14.0938
   -7.5000  -37.5000   -7.5000 2823.5400   12.9325
    0.0000  -37.5000   -7.5000 2838.9629   12.9688
    7.5000  -37.5000   -7.5000 2812.0574   13.2486
   -7.5000  -30.0000   -7.5000 2869.7268   12.2992
    0.0000  -30.0000   -7.5000 2883.6228   12.3497
    7.5000  -30.0000   -7.5000 2855.0261   12.6561
   -7.5000  -22.5000   -7.5000 2893.8938   11.9311
    0.0000  -22.5000   -7.5000 2903.0208   11.9745
    7.5000  -22.5000   -7.5000 2876.1089   12.3173
   -7.5000  -15.0000   -7.5000 2901.3123   12.0792
    0.0000  -15.0000   -7.5000 2911.4004   12.1072
    7.5000  -15.0000   -7.5000 2893.1372   12.4307
   -7.5000   -7.5000   -7.5000 2889.8833   12.5303
    0.0000   -7.5000   -7.5000 2907.1704   12.5392
    7.5000   -7.5000   -7.5000 2891.9849   12.8540
   -7.5000    0.0000   -7.5000 2842.3013   13.1107
    0.0000    0.0000   -7.5000 2864.3750   13.1215
    7.5000    0.0000   -7.5000 2848.8201   13.4468
   -7.5000    7.5000   -7.5000 2769.8303   13.8529
    0.0000    7.5000   -7.5000 2785.9536   13.8567
    7.5000    7.5000   -7.5000 2771.9719   14.1962
   -7.5000   15.0000   -7.5000 2670.1541   14.8279
    0.0000   15.0000   -7.5000 2689.6033   14.8326
    7.5000   15.0000   -7.5000 2671.8677   15.1880
   -7.5000   22.5000   -7.5000 2561.3132   16.2324
    0.0000   22.5000   -7.5000 2582.0317   16.2268
    7.5000   22.5000   -7.5000 2556.6021   16.5810
   -7.5000   30.0000   -7.5000 2430.7603   18.0264
    0.0000   30.0000   -7.5000 2442.3132   18.0200
    7.5000   30.0000   -7.5000 2420.5154   18.3988
   -7.5000   37.5000   -7.5000 2291.5088   20.2629
    0.0000   37.5000   -7.5000 2302.8423   20.2311
    7.5000   37.5000   -7.5000 2277.0405   20.6348
   -7.5000   45.0000   -7.5000 2129.9431   23.0377
    0.0000   45.0000   -7.5000 2135.2036   22.9298
    7.5000   45.0000   -7.5000 2120.6152   23.3695
   -7.5000  -45.0000    0.0000 2749.9229   13.7640
    0.0000  -45.0000    0.0000 2754.9856   13.7037
    7.5000  -45.0000    0.0000 2733.2566   14.0229
   -7.5000  -37.5000    0.0000 2831.5247   12.9286
    0.0000  -37.5000    0.0000 2837.6687   12.8826
    7.5000  -37.5000    0.0000 2822.6565   13.1842
   -7.5000  -30.0000    0.0000 2885.7163   12.3029
    0.0000  -30.0000    0.0000 2905.8281   12.2976
    7.5000  -30.0000    0.0000 2885.5256   12.6149
   -7.5000  -22.5000    0.0000 2910.6838   11.7920
    0.0000  -22.5000    0.0000 2926.6562   11.8187
    7.5000  -22.5000    0.0000 2914.2297   12.2395
   -7.5000  -15.0000    0.0000 2924.0515   11.8470
    0.0000  -15.0000    0.0000 2936.0791   11.8536
    7.5000  -15.0000    0.0000 2922.9390   12.2675
   -7.5000   -7.5000    0.0000 2911.4055   12.2308
    0.0000   -7.5000    0.0000 2932.5532   12.2541
    7.5000   -7.5000    0.0000 2909.5898   12.5464
   -7.5000    0.0000    0.0000 2867.5457   12.8287
    0.0000    0.0000    0.0000 2888.8108   12.8242
    7.5000    0.0000    0.0000 2868.3137   13.0798
   -7.5000    7.5000    0.0000 2797.8831   13.6118
    0.0000    7.5000    0.0000 2815.3198   13.5579
    7.5000    7.5000    0.0000 2796.8735   13.8379
   -7.5000   15.0000    0.0000 2697.5239   14.6449
    0.0000   15.0000    0.0000 2715.8286   14.6088
    7.5000   15.0000    0.0000 2691.8625   14.8630
   -7.5000   22.5000    0.0000 2590.7605   16.0340
    0.0000   22.5000    0.0000 2608.4070   16.0208
    7.5000   22.5000    0.0000 2579.6582   16.2803
   -7.5000   30.0000    0.0000 2458.6338   17.8019
    0.0000   30.0000    0.0000 2467.1616   17.7781
    7.5000   30.0000    0.0000 2448.4731   18.0652
   -7.5000   37.5000    0.0000 2315.4734   19.9844
    0.0000   37.5000    0.0000 2325.5288   19.8965
    7.5000   37.5000    0.0000 2307.2004   20.2717
   -7.5000   45.0000    0.0000 2146.2415   22.6882
    0.0000   45.0000    0.0000 2161.0085   22.5019
    7.5000   45.0000    0.0000 2143.3098   22.9539
   -7.5000  -45.0000    7.5000 2721.6260   13.9178
    0.0000  -45.0000    7.5000 2729.5291   13.7937
    7.5000  -45.0000    7.5000 2712.1960   14.1668
   -7.5000  -37.5000    7.5000 2812.3950   13.1041
    0.0000  -37.5000    7.5000 2822.6052   13.0114
    7.5000  -37.5000    7.5000 2810.0532   13.3372
   -7.5000  -30.0000    7.5000 2886.1721   12.6103
    0.0000  -30.0000    7.5000 2908.9441   12.5543
    7.5000  -30.0000    7.5000 2887.4287   12.8133
   -7.5000  -22.5000    7.5000 2937.2822   12.2059
    0.0000  -22.5000    7.5000 2968.0610   12.1839
    7.5000  -22.5000    7.5000 2927.6914   12.4316
   -7.5000  -15.0000    7.5000 2942.0415   12.0050
    0.0000  -15.0000    7.5000 2962.7131   12.0013
    7.5000  -15.0000    7.5000 2928.7068   12.2943
   -7.5000   -7.5000    7.5000 2918.6609   12.2105
    0.0000   -7.5000    7.5000 2939.7095   12.1609
    7.5000   -7.5000    7.5000 2905.9041   12.4083
   -7.5000    0.0000    7.5000 2872.9966   12.7390
    0.0000    0.0000    7.5000 2894.3245   12.6566
    7.5000    0.0000    7.5000 2868.7070   12.8827
   -7.5000    7.5000    7.5000 2803.4946   13.5192
    0.0000    7.5000    7.5000 2828.6887   13.4829
    7.5000    7.5000    7.5000 2804.2693   13.6826
   -7.5000   15.0000    7.5000 2712.2095   14.5760
    0.0000   15.0000    7.5000 2733.3735   14.5880
    7.5000   15.0000    7.5000 2709.2021   14.7641
   -7.5000   22.5000    7.5000 2607.2939   15.9726
    0.0000   22.5000    7.5000 2627.5037   15.9918
    7.5000   22.5000    7.5000 2602.4148   16.2051
   -7.5000   30.0000    7.5000 2474.4258   17.7701
    0.0000   30.0000    7.5000 2488.6697   17.7708
    7.5000   30.0000    7.5000 2465.4724   18.0053
   -7.5000   37.5000    7.5000 2329.4097   19.9570
    0.0000   37.5000    7.5000 2341.6282   19.8839
    7.5000   37.5000    7.5000 2318.9014   20.1589
   -7.5000   45.0000    7.5000 2161.3213   22.5487
    0.0000   45.0000    7.5000 2171.3027   22.3886
    7.5000   45.0000    7.5000 2157.3315   22.7282
   -7.5000  -45.0000   15.0000 2686.2395   14.4015
    0.0000  -45.0000   15.0000 2687.3069   14.2094
    7.5000  -45.0000   15.0000 2676.1440   14.6012
   -7.5000  -37.5000   15.0000 2789.4939   13.5730
    0.0000  -37.5000   15.0000 2792.1873   13.4161
    7.5000  -37.5000   15.0000 2779.0374   13.7198
   -7.5000  -30.0000   15.0000 2873.5525   13.0243
    0.0000  -30.0000   15.0000 2887.0857   12.8943
    7.5000  -30.0000   15.0000 2864.6946   13.1657
   -7.5000  -22.5000   15.0000 2924.8689   12.5692
    0.0000  -22.5000   15.0000 2951.9841   12.4787
    7.5000  -22.5000   15.0000 2903.9602   12.7072
   -7.5000  -15.0000   15.0000 2932.9727   12.3833
    0.0000  -15.0000   15.0000 2951.6641   12.2234
    7.5000  -15.0000   15.0000 2912.9497   12.5130
   -7.5000   -7.5000   15.0000 2913.2991   12.5192
    0.0000   -7.5000   15.0000 2930.5232   12.3891
    7.5000   -7.5000   15.0000 2896.1790   12.6242
   -7.5000    0.0000   15.0000 2865.8904   12.9460
    0.0000    0.0000   15.0000 2889.8921   12.8992
    7.5000    0.0000   15.0000 2857.8372   13.0681
   -7.5000    7.5000   15.0000 2795.6926   13.7142
    0.0000    7.5000   15.0000 2818.2732   13.6924
    7.5000    7.5000   15.0000 2793.5242   13.8359
   -7.5000   15.0000   15.0000 2701.7092   14.7672
    0.0000   15.0000   15.0000 2723.8984   14.7617
    7.5000   15.0000   15.0000 2707.5710   14.9231
   -7.5000   22.5000   15.0000 2600.1851   16.1516
    0.0000   22.5000   15.0000 2621.6980   16.1383
    7.5000   22.5000   15.0000 2608.6179   16.3575
   -7.5000   30.0000   15.0000 2474.6494   17.9131
    0.0000   30.0000   15.0000 2487.7576   17.8923
    7.5000   30.0000   15.0000 2472.2351   18.1355
   -7.5000   37.5000   15.0000 2325.6313   20.0217
    0.0000   37.5000   15.0000 2343.1133   19.9892
    7.5000   37.5000   15.0000 2323.0667   20.2625
   -7.5000   45.0000   15.0000 2162.2808   22.6099
    0.0000   45.0000   15.0000 2174.8308   22.5017
    7.5000   45.0000   15.0000 2150.2798   22.7717
   -7.5000  -45.0000   22.5000 2649.2429   15.0065
    0.0000  -45.0000   22.5000 2648.8643   14.8047
    7.5000  -45.0000   22.5000 2631.6309   15.1210
   -7.5000  -37.5000   22.5000 2751.5469   14.0930
    0.0000  -37.5000   22.5000 2750.0752   13.8802
    7.5000  -37.5000   22.5000 2732.7341   14.2043
   -7.5000  -30.0000   22.5000 2836.0063   13.4783
    0.0000  -30.0000   22.5000 2840.7739   13.2860
    7.5000  -30.0000   22.5000 2822.7444   13.6041
   -7.5000  -22.5000   22.5000 2884.8408   12.9440
    0.0000  -22.5000   22.5000 2894.9402   12.7535
    7.5000  -22.5000   22.5000 2863.6445   13.1011
   -7.5000  -15.0000   22.5000 2900.9556   12.7707
    0.0000  -15.0000   22.5000 2898.8477   12.5435
    7.5000  -15.0000   22.5000 2878.7300   12.8984
   -7.5000   -7.5000   22.5000 2889.0659   12.9442
    0.0000   -7.5000   22.5000 2909.0793   12.8464
    7.5000   -7.5000   22.5000 2881.3289   13.0567
   -7.5000    0.0000   22.5000 2848.0571   13.4274
    0.0000    0.0000   22.5000 2875.6760   13.4040
    7.5000    0.0000   22.5000 2841.3447   13.5143
   -7.5000    7.5000   22.5000 2780.4912   14.1747
    0.0000    7.5000   22.5000 2806.7251   14.1578
    7.5000    7.5000   22.5000 2774.2781   14.2493
   -7.5000   15.0000   22.5000 2684.3853   15.1616
    0.0000   15.0000   22.5000 2708.4167   15.1827
    7.5000   15.0000   22.5000 2685.3279   15.2721
   -7.5000   22.5000   22.5000 2583.5493   16.4939
    0.0000   22.5000   22.5000 2608.7695   16.5293
    7.5000   22.5000   22.5000 2586.5022   16.6575
   -7.5000   30.0000   22.5000 2454.6445   18.1991
    0.0000   30.0000   22.5000 2474.7085   18.2033
    7.5000   30.0000   22.5000 2456.7905   18.4002
   -7.5000   37.5000   22.5000 2308.6587   20.2899
    0.0000   37.5000   22.5000 2325.5046   20.2316
    7.5000   37.5000   22.5000 2309.7839   20.4999
   -7.5000   45.0000   22.5000 2157.1917   22.9443
    0.0000   45.0000   22.5000 2168.2307   22.7563
    7.5000   45.0000   22.5000 2149.9246   23.1097
   -7.5000  -45.0000   30.0000 2593.6570   15.6670
    0.0000  -45.0000   30.0000 2597.5923   15.4323
    7.5000  -45.0000   30.0000 2577.5559   15.7696
   -7.5000  -37.5000   30.0000 2692.5757   14.7064
    0.0000  -37.5000   30.0000 2695.7683   14.4848
    7.5000  -37.5000   30.0000 2676.3589   14.8240
   -7.5000  -30.0000   30.0000 2778.0059   14.0195
    0.0000  -30.0000   30.0000 2780.6321   13.8291
    7.5000  -30.0000   30.0000 2764.2095   14.1549
   -7.5000  -22.5000   30.0000 2824.3557   13.4823
    0.0000  -22.5000   30.0000 2820.7290   13.1907
    7.5000  -22.5000   30.0000 2803.4158   13.5797
   -7.5000  -15.0000   30.0000 2840.1304   13.3351
    0.0000  -15.0000   30.0000 2843.6841   13.1670
    7.5000  -15.0000   30.0000 2826.4600   13.4552
   -7.5000   -7.5000   30.0000 2833.2366   13.5433
    0.0000   -7.5000   30.0000 2847.9668   13.4703
    7.5000   -7.5000   30.0000 2828.8809   13.6766
   -7.5000    0.0000   30.0000 2798.9858   13.9942
    0.0000    0.0000   30.0000 2822.1770   13.9688
    7.5000    0.0000   30.0000 2793.4812   14.0952
   -7.5000    7.5000   30.0000 2745.7488   14.7113
    0.0000    7.5000   30.0000 2775.3188   14.7071
    7.5000    7.5000   30.0000 2739.8970   14.8050
   -7.5000   15.0000   30.0000 2654.2896   15.7056
    0.0000   15.0000   30.0000 2686.4946   15.7158
    7.5000   15.0000   30.0000 2653.7183   15.7925
   -7.5000   22.5000   30.0000 2554.8545   17.0130
    0.0000   22.5000   30.0000 2584.6316   17.0468
    7.5000   22.5000   30.0000 2557.6382   17.1305
   -7.5000   30.0000   30.0000 2426.3572   18.6918
    0.0000   30.0000   30.0000 2445.7498   18.6970
    7.5000   30.0000   30.0000 2428.0605   18.8376
   -7.5000   37.5000   30.0000 2282.5664   20.7893
    0.0000   37.5000   30.0000 2299.0684   20.7121
    7.5000   37.5000   30.0000 2285.6118   20.9405
   -7.5000   45.0000   30.0000 2141.0627   23.4087
    0.0000   45.0000   30.0000 2147.6572   23.2078
    7.5000   45.0000   30.0000 2136.9810   23.5672
   -7.5000  -45.0000   37.5000 2538.2522   16.4772
    0.0000  -45.0000   37.5000 2549.5349   16.2513
    7.5000  -45.0000   37.5000 2526.4834   16.5452
   -7.5000  -37.5000   37.5000 2634.6279   15.4613
    0.0000  -37.5000   37.5000 2647.1650   15.2542
    7.5000  -37.5000   37.5000 2625.0251   15.5600
   -7.5000  -30.0000   37.5000 2711.4553   14.7051
    0.0000  -30.0000   37.5000 2721.3760   14.4596
    7.5000  -30.0000   37.5000 2702.1440   14.7999
   -7.5000  -22.5000   37.5000 2753.9653   14.1209
    0.0000  -22.5000   37.5000 2758.4080   13.8734
    7.5000  -22.5000   37.5000 2740.6411   14.1998
   -7.5000  -15.0000   37.5000 2774.4343   14.0269
    0.0000  -15.0000   37.5000 2778.3394   13.8883
    7.5000  -15.0000   37.5000 2764.4395   14.1277
   -7.5000   -7.5000   37.5000 2767.6589   14.2587
    0.0000   -7.5000   37.5000 2774.9116   14.1540
    7.5000   -7.5000   37.5000 2763.4385   14.3616
   -7.5000    0.0000   37.5000 2736.1030   14.6580
    0.0000    0.0000   37.5000 2750.8323   14.6022
    7.5000    0.0000   37.5000 2731.7722   14.7732
   -7.5000    7.5000   37.5000 2686.5701   15.3313
    0.0000    7.5000   37.5000 2714.5647   15.3067
    7.5000    7.5000   37.5000 2687.2202   15.4339
   -7.5000   15.0000   37.5000 2612.8118   16.3179
    0.0000   15.0000   37.5000 2644.0764   16.3351
    7.5000   15.0000   37.5000 2613.4753   16.4278
   -7.5000   22.5000   37.5000 2523.2817   17.6482
    0.0000   22.5000   37.5000 2552.3291   17.6703
    7.5000   22.5000   37.5000 2522.7285   17.7480
   -7.5000   30.0000   37.5000 2396.0740   19.3291
    0.0000   30.0000   37.5000 2406.7788   19.3301
    7.5000   30.0000   37.5000 2389.6125   19.4554
   -7.5000   37.5000   37.5000 2253.9775   21.4314
    0.0000   37.5000   37.5000 2268.0466   21.3337
    7.5000   37.5000   37.5000 2250.9451   21.5646
   -7.5000   45.0000   37.5000 2119.5298   24.0617
    0.0000   45.0000   37.5000 2125.8525   23.8462
    7.5000   45.0000   37.5000 2119.4934   24.2410
   -7.5000  -45.0000   45.0000 2474.5198   17.4958
    0.0000  -45.0000   45.0000 2492.4185   17.2722
    7.5000  -45.0000   45.0000 2468.4785   17.5415
   -7.5000  -37.5000   45.0000 2564.2830   16.4113
    0.0000  -37.5000   45.0000 2587.2603   16.2186
    7.5000  -37.5000   45.0000 2560.9973   16.4957
   -7.5000  -30.0000   45.0000 2633.1514   15.5665
    0.0000  -30.0000   45.0000 2653.3489   15.3596
    7.5000  -30.0000   45.0000 2624.4084   15.6359
   -7.5000  -22.5000   45.0000 2676.6128   14.9556
    0.0000  -22.5000   45.0000 2688.3357   14.8107
    7.5000  -22.5000   45.0000 2663.8340   15.0676
   -7.5000  -15.0000   45.0000 2696.1223   14.8809
    0.0000  -15.0000   45.0000 2706.5010   14.7635
    7.5000  -15.0000   45.0000 2688.0684   14.9579
   -7.5000   -7.5000   45.0000 2689.9685   15.0686
    0.0000   -7.5000   45.0000 2698.2329   14.9546
    7.5000   -7.5000   45.0000 2688.0864   15.1489
   -7.5000    0.0000   45.0000 2659.7705   15.4928
    0.0000    0.0000   45.0000 2673.5913   15.4017
    7.5000    0.0000   45.0000 2661.5686   15.5823
   -7.5000    7.5000   45.0000 2620.0903   16.1077
    0.0000    7.5000   45.0000 2646.7488   16.0397
    7.5000    7.5000   45.0000 2623.6470   16.1920
   -7.5000   15.0000   45.0000 2555.4001   17.0306
    0.0000   15.0000   45.0000 2584.5488   17.0337
    7.5000   15.0000   45.0000 2558.6350   17.1355
   -7.5000   22.5000   45.0000 2471.9309   18.4023
    0.0000   22.5000   45.0000 2496.7292   18.3931
    7.5000   22.5000   45.0000 2467.4583   18.4634
   -7.5000   30.0000   45.0000 2350.4043   20.1580
    0.0000   30.0000   45.0000 2363.6631   20.1494
    7.5000   30.0000   45.0000 2339.5835   20.2734
   -7.5000   37.5000   45.0000 2219.7788   22.3127
    0.0000   37.5000   45.0000 2226.9607   22.2412
    7.5000   37.5000   45.0000 2214.3411   22.4374
   -7.5000   45.0000   45.0000 2092.6750   25.0185
    0.0000   45.0000   45.0000 2091.7063   24.8206
    7.5000   45.0000   45.0000 2086.5774   25.1246

---------------------------------------------------------------------
imgreg_4dfp /usr/local/freesurfer/average/711-2C_as_mni_average_305 /usr/local/freesurfer/average/711-2B_as_mni_average_305_mask talsrcimg_g11 none talsrcimg_to_711-2C_as_mni_average_305_t4 1283
---------------------------------------------------------------------

freesurfer imgreg_4dfp.c
/usr/local/freesurfer/average/711-2C_as_mni_average_305.4dfp.img
       256       256       256         1
  1.000000  1.000000  1.000000
orientation T byte_order littleendian
Reading image: /usr/local/freesurfer/average/711-2C_as_mni_average_305.4dfp.img
dimensions:      256       256       256
mmppix:       1.0000   -1.0000   -1.0000
center:     128.0000 -129.0000 -129.0000
/usr/local/freesurfer/average/711-2B_as_mni_average_305_mask.4dfp.img
       256       256       256         1
  1.000000  1.000000  1.000000
orientation T byte_order littleendian
Reading mask: /usr/local/freesurfer/average/711-2B_as_mni_average_305_mask.4dfp.img (2306576 pixels)
talsrcimg_g11.4dfp.img
       256       256       256         1
  1.000000  1.000000  1.000000
orientation T byte_order littleendian
Reading image: talsrcimg_g11.4dfp.img
dimensions:      256       256       256
mmppix:       1.0000   -1.0000   -1.0000
center:     128.0000 -129.0000 -129.0000
rotation matrix determinant  1.000000
fimgreg.f
image alignment mode   1283 decimal      503 hex
parameters
    0.0000  -22.5000    7.5000    0.0000    0.0000    0.0000
eta,q 0.93062 12.24587
niter,ni,del,rscale     5    3   12.0000    1.2000
parameter  2 -0.672709 -> -0.500000 qaram    1.1500
parameter  3 -0.765748 -> -0.500000 qaram    1.1500
parameter  4  1.913943 ->  0.500000 qaram    1.1500
parameters
   -1.9300  -19.0500   10.9500   -3.4500   -2.1348    1.9041
eta,q 0.94110 12.35140
  0.0747  0.0807  0.0800  0.0591  0.0625  0.0660
  0.0724  0.0762  0.0773  0.0602  0.0609  0.0635
  0.0711  0.0736  0.0731  0.0617  0.0599  0.0616
  0.0742  0.0710  0.0681  0.0647  0.0606  0.0599
  0.0752  0.0686  0.0648  0.0689  0.0628  0.0589
  0.0744  0.0679  0.0648  0.0729  0.0673  0.0594
  0.0789  0.0695  0.0668  0.0752  0.0724  0.0617
niter,ni,del,rscale     7    3   12.0000    1.2000
parameter  4  0.700374 ->  0.500000 qaram    1.3225
parameters
   -0.7634  -17.6380   10.6015   -7.4175   -2.8059    2.0581
eta,q 0.94502 12.36453
  0.0724  0.0738  0.0690  0.0548  0.0622  0.0603
  0.0677  0.0689  0.0634  0.0551  0.0591  0.0577
  0.0634  0.0630  0.0590  0.0553  0.0561  0.0559
  0.0589  0.0579  0.0569  0.0571  0.0551  0.0550
  0.0585  0.0575  0.0582  0.0608  0.0576  0.0555
  0.0624  0.0621  0.0642  0.0667  0.0614  0.0573
  0.0659  0.0659  0.0731  0.0721  0.0663  0.0599
niter,ni,del,rscale     7    3   12.0000    1.2000
parameters
   -0.5298  -17.0326    9.4766  -11.0475   -3.3241    2.1800
eta,q 0.94692 12.47112
  0.0696  0.0708  0.0655  0.0550  0.0613  0.0591
  0.0649  0.0605  0.0600  0.0535  0.0575  0.0566
  0.0591  0.0552  0.0559  0.0534  0.0545  0.0543
  0.0550  0.0549  0.0554  0.0552  0.0532  0.0531
  0.0577  0.0571  0.0590  0.0565  0.0556  0.0536
  0.0637  0.0606  0.0665  0.0601  0.0598  0.0557
  0.0679  0.0634  0.0750  0.0656  0.0642  0.0592
niter,ni,del,rscale     6    3   12.0000    1.2000
parameters
   -0.6310  -16.0447    8.6734  -12.2530   -3.5548    2.4757
eta,q 0.94719 12.44655
  0.0675  0.0700  0.0654  0.0580  0.0609  0.0591
  0.0627  0.0614  0.0588  0.0545  0.0573  0.0563
  0.0571  0.0559  0.0542  0.0528  0.0546  0.0539
  0.0531  0.0531  0.0534  0.0532  0.0528  0.0528
  0.0563  0.0549  0.0571  0.0555  0.0548  0.0534
  0.0636  0.0586  0.0638  0.0576  0.0584  0.0551
  0.0686  0.0615  0.0719  0.0608  0.0620  0.0583
niter,ni,del,rscale     5    3   12.0000    1.2000
parameters
   -0.8305  -15.3192    8.3904  -13.2215   -3.3705    2.6313
eta,q 0.94702 12.41971
  0.0654  0.0680  0.0668  0.0586  0.0620  0.0587
  0.0614  0.0598  0.0606  0.0554  0.0585  0.0558
  0.0570  0.0547  0.0552  0.0535  0.0555  0.0539
  0.0528  0.0530  0.0533  0.0533  0.0531  0.0530
  0.0551  0.0550  0.0563  0.0556  0.0543  0.0535
  0.0625  0.0587  0.0620  0.0580  0.0579  0.0552
  0.0679  0.0613  0.0691  0.0608  0.0613  0.0583
niter,ni,del,rscale     4    3   12.0000    1.2000
parameters
   -1.0485  -14.8033    8.1468  -14.1459   -3.0143    2.7646
eta,q 0.94675 12.40296
  0.0653  0.0668  0.0665  0.0587  0.0632  0.0583
  0.0611  0.0591  0.0608  0.0556  0.0598  0.0556
  0.0570  0.0542  0.0556  0.0539  0.0562  0.0540
  0.0530  0.0532  0.0535  0.0535  0.0534  0.0533
  0.0551  0.0553  0.0565  0.0555  0.0545  0.0535
  0.0626  0.0586  0.0619  0.0581  0.0582  0.0552
  0.0679  0.0617  0.0684  0.0610  0.0618  0.0581
niter,ni,del,rscale     3    3   12.0000    1.2000
parameters
   -1.2229  -14.4170    7.8186  -15.0280   -2.7174    2.7177
eta,q 0.94660 12.38094
  0.0664  0.0663  0.0659  0.0589  0.0639  0.0579
  0.0615  0.0586  0.0605  0.0555  0.0603  0.0554
  0.0571  0.0538  0.0556  0.0537  0.0564  0.0540
  0.0532  0.0534  0.0536  0.0536  0.0535  0.0534
  0.0555  0.0552  0.0565  0.0551  0.0547  0.0536
  0.0632  0.0585  0.0621  0.0581  0.0589  0.0553
  0.0681  0.0621  0.0684  0.0610  0.0626  0.0583
niter,ni,del,rscale     2    3   12.0000    1.2000
parameters
   -1.2993  -14.1625    7.4554  -15.6719   -2.5741    2.5527
eta,q 0.94669 12.36136
  0.0674  0.0662  0.0657  0.0594  0.0639  0.0577
  0.0620  0.0582  0.0601  0.0557  0.0598  0.0554
  0.0570  0.0537  0.0555  0.0534  0.0560  0.0538
  0.0534  0.0535  0.0535  0.0535  0.0533  0.0533
  0.0556  0.0550  0.0563  0.0549  0.0549  0.0536
  0.0632  0.0590  0.0619  0.0578  0.0595  0.0555
  0.0681  0.0627  0.0685  0.0608  0.0630  0.0586
niter,ni,del,rscale     1    3   12.0000    1.2000
parameters
   -1.3000  -14.0241    7.1862  -16.0386   -2.5105    2.4043
eta,q 0.94676 12.34632
  0.0678  0.0662  0.0661  0.0600  0.0637  0.0579
  0.0621  0.0579  0.0600  0.0561  0.0594  0.0555
  0.0567  0.0537  0.0554  0.0533  0.0557  0.0538
  0.0533  0.0533  0.0533  0.0534  0.0532  0.0532
  0.0556  0.0550  0.0557  0.0549  0.0550  0.0536
  0.0629  0.0596  0.0615  0.0574  0.0597  0.0555
  0.0677  0.0633  0.0683  0.0606  0.0631  0.0587
registration optimization eta report
parameter search radius
    6.0000    6.9000    6.9000    7.9350    6.0000    6.0000
100000*second partial in parameter space
       38.       24.       28.       11.       27.       14.
  0.0678  0.0662  0.0661  0.0600  0.0637  0.0579
  0.0621  0.0579  0.0600  0.0561  0.0594  0.0555
  0.0567  0.0537  0.0554  0.0533  0.0557  0.0538
  0.0533  0.0533  0.0533  0.0534  0.0532  0.0532
  0.0556  0.0550  0.0557  0.0549  0.0550  0.0536
  0.0629  0.0596  0.0615  0.0574  0.0597  0.0555
  0.0677  0.0633  0.0683  0.0606  0.0631  0.0587
   -1.3000  -14.0241    7.1862  -16.0386   -2.5105    2.4043
eta,q 0.94676 12.34632

---------------------------------------------------------------------
imgreg_4dfp /usr/local/freesurfer/average/711-2C_as_mni_average_305 /usr/local/freesurfer/average/711-2B_as_mni_average_305_mask talsrcimg_g11 none talsrcimg_to_711-2C_as_mni_average_305_t4 3335
---------------------------------------------------------------------

freesurfer imgreg_4dfp.c
/usr/local/freesurfer/average/711-2C_as_mni_average_305.4dfp.img
       256       256       256         1
  1.000000  1.000000  1.000000
orientation T byte_order littleendian
Reading image: /usr/local/freesurfer/average/711-2C_as_mni_average_305.4dfp.img
dimensions:      256       256       256
mmppix:       1.0000   -1.0000   -1.0000
center:     128.0000 -129.0000 -129.0000
/usr/local/freesurfer/average/711-2B_as_mni_average_305_mask.4dfp.img
       256       256       256         1
  1.000000  1.000000  1.000000
orientation T byte_order littleendian
Reading mask: /usr/local/freesurfer/average/711-2B_as_mni_average_305_mask.4dfp.img (2306576 pixels)
talsrcimg_g11.4dfp.img
       256       256       256         1
  1.000000  1.000000  1.000000
orientation T byte_order littleendian
Reading image: talsrcimg_g11.4dfp.img
dimensions:      256       256       256
mmppix:       1.0000   -1.0000   -1.0000
center:     128.0000 -129.0000 -129.0000
fimgreg.f
image alignment mode   3335 decimal      D07 hex
parameters
   -1.3000  -14.0241    7.1862   -0.1839   -4.0278   -3.9847
   -5.2410    3.0470    4.1911   27.7808   -4.3803  -27.6020
eta,q 0.94722 12.19813
niter,ni,del,rscale     5    3    5.0000    1.2000
parameter  4-14.610917 ->  0.500000 qaram    1.1500
parameter  5  8.258587 ->  0.500000 qaram    1.1500
parameter 11 -0.654140 -> -0.500000 qaram    1.1500
parameter 12 -0.770500 -> -0.500000 qaram    1.1500
parameters
   -0.8198  -13.9774    7.7582   -4.3239   -8.1678   -7.1252
   -4.5676    3.5615    4.1752   25.3718   -0.2403  -23.4620
eta,q 0.96789 12.23048
  0.0558  0.0542  0.0559  0.0379  0.0311  0.0357  0.0386  0.0413  0.0367  0.0355  0.0388  0.0390
  0.0543  0.0532  0.0544  0.0421  0.0339  0.0350  0.0367  0.0379  0.0355  0.0344  0.0368  0.0365
  0.0533  0.0528  0.0534  0.0474  0.0382  0.0345  0.0353  0.0354  0.0347  0.0341  0.0352  0.0346
  0.0528  0.0527  0.0527  0.0526  0.0435  0.0349  0.0346  0.0345  0.0345  0.0345  0.0341  0.0332
  0.0528  0.0529  0.0526  0.0575  0.0488  0.0377  0.0347  0.0348  0.0347  0.0354  0.0334  0.0325
  0.0532  0.0533  0.0530  0.0621  0.0533  0.0429  0.0357  0.0366  0.0355  0.0373  0.0332  0.0320
  0.0541  0.0539  0.0539  0.0661  0.0575  0.0493  0.0375  0.0396  0.0367  0.0405  0.0335  0.0320
niter,ni,del,rscale     7    3    5.0000    1.2000
parameter  4  0.850178 ->  0.500000 qaram    1.3225
parameter  5  0.955043 ->  0.500000 qaram    1.3225
parameter  6 -0.706618 -> -0.500000 qaram    1.1500
parameters
   -0.5519  -12.9224    7.0195   -9.0849  -12.9288   -2.9852
   -3.9634    3.5294    5.0859   25.1086    0.2754  -23.4918
eta,q 0.97809 12.15074
  0.0369  0.0367  0.0322  0.0279  0.0233  0.0264  0.0263  0.0309  0.0251  0.0257  0.0252  0.0249
  0.0345  0.0346  0.0316  0.0269  0.0233  0.0252  0.0240  0.0263  0.0236  0.0238  0.0234  0.0228
  0.0329  0.0331  0.0314  0.0276  0.0242  0.0243  0.0226  0.0231  0.0225  0.0225  0.0223  0.0219
  0.0321  0.0320  0.0315  0.0314  0.0269  0.0234  0.0220  0.0220  0.0220  0.0219  0.0219  0.0219
  0.0322  0.0316  0.0321  0.0366  0.0311  0.0225  0.0222  0.0230  0.0220  0.0222  0.0221  0.0224
  0.0332  0.0317  0.0330  0.0419  0.0359  0.0219  0.0233  0.0263  0.0226  0.0238  0.0230  0.0233
  0.0352  0.0324  0.0343  0.0472  0.0399  0.0231  0.0250  0.0312  0.0239  0.0268  0.0244  0.0245
niter,ni,del,rscale     7    3    5.0000    1.2000
parameters
   -0.8182  -12.2552    6.9783  -11.2385  -16.3057   -4.4286
   -3.9465    3.1391    5.8026   25.6820   -0.5473  -27.4068
eta,q 0.97789 11.93954
  0.0258  0.0262  0.0236  0.0267  0.0242  0.0250  0.0250  0.0273  0.0248  0.0254  0.0234  0.0228
  0.0233  0.0243  0.0223  0.0248  0.0229  0.0240  0.0237  0.0243  0.0237  0.0240  0.0229  0.0222
  0.0220  0.0228  0.0217  0.0229  0.0222  0.0231  0.0229  0.0230  0.0230  0.0231  0.0226  0.0222
  0.0219  0.0218  0.0215  0.0215  0.0222  0.0222  0.0227  0.0227  0.0227  0.0226  0.0226  0.0226
  0.0230  0.0215  0.0218  0.0238  0.0245  0.0220  0.0229  0.0231  0.0228  0.0226  0.0228  0.0233
  0.0250  0.0219  0.0225  0.0299  0.0295  0.0251  0.0237  0.0250  0.0233  0.0233  0.0231  0.0241
  0.0278  0.0232  0.0236  0.0366  0.0352  0.0311  0.0250  0.0287  0.0241  0.0248  0.0238  0.0251
niter,ni,del,rscale     6    3    5.0000    1.2000
parameters
   -0.9269  -11.7895    6.6256  -11.4185  -17.6536   -5.1599
   -4.3790    3.1424    5.7310   26.3065   -0.6251  -28.0254
eta,q 0.97752 11.87111
  0.0251  0.0253  0.0230  0.0277  0.0261  0.0253  0.0247  0.0276  0.0243  0.0253  0.0235  0.0243
  0.0234  0.0238  0.0224  0.0256  0.0242  0.0242  0.0234  0.0244  0.0233  0.0237  0.0228  0.0229
  0.0224  0.0227  0.0220  0.0238  0.0228  0.0232  0.0227  0.0229  0.0227  0.0228  0.0226  0.0224
  0.0221  0.0221  0.0220  0.0220  0.0221  0.0223  0.0225  0.0225  0.0225  0.0225  0.0225  0.0225
  0.0225  0.0220  0.0223  0.0213  0.0225  0.0217  0.0229  0.0229  0.0228  0.0227  0.0226  0.0230
  0.0237  0.0225  0.0229  0.0244  0.0256  0.0236  0.0238  0.0244  0.0234  0.0233  0.0229  0.0237
  0.0257  0.0236  0.0239  0.0301  0.0311  0.0290  0.0252  0.0275  0.0243  0.0244  0.0235  0.0246
niter,ni,del,rscale     5    3    5.0000    1.2000
parameters
   -0.9250  -11.7712    6.5727  -11.3184  -17.7848   -5.1791
   -4.4007    3.1586    5.7790   26.4292   -0.4473  -28.0974
eta,q 0.97754 11.87259
  0.0256  0.0247  0.0236  0.0279  0.0270  0.0257  0.0249  0.0277  0.0243  0.0249  0.0236  0.0247
  0.0239  0.0235  0.0230  0.0259  0.0250  0.0245  0.0235  0.0244  0.0233  0.0234  0.0228  0.0231
  0.0228  0.0227  0.0226  0.0242  0.0234  0.0234  0.0227  0.0228  0.0226  0.0226  0.0225  0.0225
  0.0225  0.0225  0.0225  0.0225  0.0224  0.0225  0.0225  0.0225  0.0225  0.0225  0.0225  0.0225
  0.0228  0.0227  0.0226  0.0217  0.0221  0.0216  0.0228  0.0228  0.0227  0.0227  0.0226  0.0229
  0.0238  0.0234  0.0230  0.0242  0.0240  0.0227  0.0236  0.0244  0.0233  0.0234  0.0228  0.0235
  0.0256  0.0246  0.0237  0.0294  0.0286  0.0276  0.0249  0.0276  0.0242  0.0247  0.0234  0.0244
niter,ni,del,rscale     4    3    5.0000    1.2000
parameters
   -0.9319  -11.7818    6.5548  -11.3080  -17.7754   -5.1661
   -4.3897    3.1234    5.8034   26.4453   -0.4256  -28.0950
eta,q 0.97755 11.87423
  0.0256  0.0246  0.0236  0.0279  0.0271  0.0258  0.0249  0.0276  0.0243  0.0249  0.0235  0.0248
  0.0238  0.0234  0.0230  0.0258  0.0251  0.0245  0.0236  0.0244  0.0232  0.0234  0.0228  0.0231
  0.0228  0.0227  0.0226  0.0242  0.0235  0.0235  0.0227  0.0228  0.0226  0.0226  0.0225  0.0224
  0.0225  0.0225  0.0225  0.0225  0.0225  0.0225  0.0225  0.0225  0.0224  0.0224  0.0224  0.0224
  0.0228  0.0227  0.0226  0.0217  0.0221  0.0216  0.0227  0.0228  0.0227  0.0228  0.0226  0.0228
  0.0239  0.0235  0.0230  0.0244  0.0238  0.0226  0.0236  0.0244  0.0233  0.0234  0.0229  0.0235
  0.0256  0.0247  0.0237  0.0296  0.0284  0.0276  0.0249  0.0278  0.0242  0.0248  0.0234  0.0243
registration optimization eta report
parameter search radius
    2.4000    2.4000    2.4000    9.5220    9.5220    8.2800
    7.2000    7.2000    7.2000    7.2000    8.2800    8.2800
100000*second partial in parameter space
       55.       38.       20.        7.        6.        7.
        5.       10.        3.        5.        2.        3.
  0.0256  0.0246  0.0236  0.0279  0.0271  0.0258  0.0249  0.0276  0.0243  0.0249  0.0235  0.0248
  0.0238  0.0234  0.0230  0.0258  0.0251  0.0245  0.0236  0.0244  0.0232  0.0234  0.0228  0.0231
  0.0228  0.0227  0.0226  0.0242  0.0235  0.0235  0.0227  0.0228  0.0226  0.0226  0.0225  0.0224
  0.0225  0.0225  0.0225  0.0225  0.0225  0.0225  0.0225  0.0225  0.0224  0.0224  0.0224  0.0224
  0.0228  0.0227  0.0226  0.0217  0.0221  0.0216  0.0227  0.0228  0.0227  0.0228  0.0226  0.0228
  0.0239  0.0235  0.0230  0.0244  0.0238  0.0226  0.0236  0.0244  0.0233  0.0234  0.0229  0.0235
  0.0256  0.0247  0.0237  0.0296  0.0284  0.0276  0.0249  0.0278  0.0242  0.0248  0.0234  0.0243
   -0.9319  -11.7818    6.5548  -11.3080  -17.7754   -5.1661
   -4.3897    3.1234    5.8034   26.4453   -0.4256  -28.0950
eta,q 0.97755 11.87423

---------------------------------------------------------------------
imgreg_4dfp /usr/local/freesurfer/average/711-2C_as_mni_average_305 /usr/local/freesurfer/average/711-2B_as_mni_average_305_mask talsrcimg_g11 none talsrcimg_to_711-2C_as_mni_average_305_t4 2311
---------------------------------------------------------------------

freesurfer imgreg_4dfp.c
/usr/local/freesurfer/average/711-2C_as_mni_average_305.4dfp.img
       256       256       256         1
  1.000000  1.000000  1.000000
orientation T byte_order littleendian
Reading image: /usr/local/freesurfer/average/711-2C_as_mni_average_305.4dfp.img
dimensions:      256       256       256
mmppix:       1.0000   -1.0000   -1.0000
center:     128.0000 -129.0000 -129.0000
/usr/local/freesurfer/average/711-2B_as_mni_average_305_mask.4dfp.img
       256       256       256         1
  1.000000  1.000000  1.000000
orientation T byte_order littleendian
Reading mask: /usr/local/freesurfer/average/711-2B_as_mni_average_305_mask.4dfp.img (2306576 pixels)
talsrcimg_g11.4dfp.img
       256       256       256         1
  1.000000  1.000000  1.000000
orientation T byte_order littleendian
Reading image: talsrcimg_g11.4dfp.img
dimensions:      256       256       256
mmppix:       1.0000   -1.0000   -1.0000
center:     128.0000 -129.0000 -129.0000
fimgreg.f
image alignment mode   2311 decimal      907 hex
parameters
   -0.9319  -11.7818    6.5548  -11.3080  -17.7754   -5.1661
   -4.3897    3.1234    5.8034   26.4453   -0.4256  -28.0950
eta,q 0.97755 11.87423
niter,ni,del,rscale     5    3    5.0000    0.8000
parameter  4 -0.532691 -> -0.500000 qaram    1.1500
parameters
   -0.9286  -11.7844    6.6008   -8.5480  -15.9543   -4.1156
   -4.5701    3.2505    5.2108   27.0887    0.2196  -27.4808
eta,q 0.97905 12.08686
  0.0238  0.0234  0.0230  0.0250  0.0235  0.0233  0.0227  0.0254  0.0219  0.0229  0.0222  0.0223
  0.0231  0.0229  0.0227  0.0242  0.0227  0.0226  0.0217  0.0231  0.0213  0.0219  0.0215  0.0215
  0.0226  0.0226  0.0225  0.0233  0.0221  0.0220  0.0212  0.0217  0.0210  0.0213  0.0211  0.0211
  0.0224  0.0225  0.0225  0.0224  0.0216  0.0213  0.0210  0.0210  0.0210  0.0210  0.0210  0.0209
  0.0226  0.0226  0.0225  0.0218  0.0214  0.0209  0.0213  0.0213  0.0212  0.0210  0.0210  0.0210
  0.0231  0.0229  0.0227  0.0217  0.0214  0.0211  0.0219  0.0227  0.0217  0.0213  0.0212  0.0213
  0.0238  0.0234  0.0230  0.0226  0.0220  0.0225  0.0230  0.0251  0.0224  0.0221  0.0216  0.0217
niter,ni,del,rscale     5    3    5.0000    0.8000
parameters
   -0.9681  -11.8469    6.7538   -9.6386  -16.1681   -3.5103
   -4.2343    3.0964    5.5099   26.9046    0.0732  -27.3327
eta,q 0.97913 12.06165
  0.0233  0.0221  0.0220  0.0235  0.0224  0.0232  0.0226  0.0244  0.0220  0.0223  0.0216  0.0219
  0.0219  0.0214  0.0214  0.0224  0.0218  0.0225  0.0217  0.0225  0.0214  0.0215  0.0212  0.0213
  0.0211  0.0211  0.0211  0.0213  0.0213  0.0218  0.0211  0.0213  0.0210  0.0210  0.0209  0.0209
  0.0209  0.0209  0.0209  0.0209  0.0210  0.0211  0.0209  0.0209  0.0209  0.0209  0.0209  0.0209
  0.0213  0.0211  0.0210  0.0219  0.0211  0.0206  0.0210  0.0213  0.0209  0.0210  0.0210  0.0210
  0.0221  0.0215  0.0212  0.0244  0.0216  0.0210  0.0214  0.0227  0.0212  0.0216  0.0212  0.0213
  0.0234  0.0223  0.0216  0.0276  0.0230  0.0229  0.0222  0.0251  0.0218  0.0226  0.0217  0.0217
niter,ni,del,rscale     4    3    5.0000    0.7000
parameters
   -1.0219  -11.8658    6.6317   -9.7644  -16.0423   -3.3660
   -4.3137    3.0871    5.5609   27.0031   -0.0573  -27.4192
eta,q 0.97917 12.06823
  0.0224  0.0217  0.0214  0.0236  0.0220  0.0226  0.0220  0.0238  0.0216  0.0221  0.0214  0.0216
  0.0215  0.0212  0.0211  0.0226  0.0215  0.0220  0.0213  0.0222  0.0212  0.0214  0.0211  0.0211
  0.0210  0.0210  0.0209  0.0216  0.0211  0.0214  0.0209  0.0212  0.0209  0.0210  0.0209  0.0209
  0.0209  0.0209  0.0209  0.0209  0.0209  0.0209  0.0208  0.0208  0.0208  0.0208  0.0208  0.0208
  0.0211  0.0210  0.0210  0.0209  0.0208  0.0206  0.0210  0.0211  0.0209  0.0209  0.0209  0.0210
  0.0217  0.0213  0.0212  0.0222  0.0212  0.0212  0.0214  0.0221  0.0212  0.0213  0.0211  0.0212
  0.0226  0.0218  0.0216  0.0246  0.0221  0.0230  0.0220  0.0239  0.0216  0.0220  0.0215  0.0216
niter,ni,del,rscale     3    3    5.0000    0.6000
parameters
   -1.0321  -11.8846    6.6032   -9.6182  -15.9342   -3.1726
   -4.3733    3.1057    5.4840   27.1297   -0.1227  -27.4182
eta,q 0.97928 12.08262
  0.0220  0.0215  0.0213  0.0232  0.0217  0.0223  0.0216  0.0232  0.0213  0.0217  0.0212  0.0213
  0.0213  0.0211  0.0210  0.0223  0.0213  0.0217  0.0211  0.0219  0.0210  0.0212  0.0209  0.0210
  0.0209  0.0209  0.0209  0.0214  0.0210  0.0212  0.0208  0.0210  0.0208  0.0209  0.0208  0.0208
  0.0208  0.0208  0.0208  0.0208  0.0208  0.0208  0.0207  0.0207  0.0207  0.0207  0.0207  0.0207
  0.0210  0.0209  0.0209  0.0208  0.0208  0.0206  0.0208  0.0210  0.0208  0.0208  0.0208  0.0208
  0.0214  0.0211  0.0211  0.0216  0.0210  0.0210  0.0211  0.0218  0.0210  0.0211  0.0209  0.0210
  0.0220  0.0215  0.0213  0.0234  0.0217  0.0224  0.0216  0.0232  0.0213  0.0216  0.0212  0.0213
niter,ni,del,rscale     2    3    5.0000    0.5000
parameters
   -1.0393  -11.8920    6.6340   -9.4683  -15.8245   -2.9648
   -4.4021    3.1142    5.4011   27.2039   -0.1772  -27.3564
eta,q 0.97937 12.09559
  0.0216  0.0212  0.0211  0.0226  0.0213  0.0219  0.0213  0.0225  0.0210  0.0214  0.0210  0.0211
  0.0211  0.0209  0.0209  0.0219  0.0210  0.0214  0.0209  0.0215  0.0208  0.0210  0.0208  0.0208
  0.0208  0.0208  0.0208  0.0212  0.0208  0.0210  0.0207  0.0209  0.0207  0.0208  0.0207  0.0207
  0.0207  0.0207  0.0207  0.0207  0.0207  0.0207  0.0206  0.0206  0.0206  0.0206  0.0206  0.0206
  0.0208  0.0208  0.0208  0.0207  0.0207  0.0206  0.0207  0.0208  0.0207  0.0207  0.0207  0.0207
  0.0211  0.0209  0.0209  0.0213  0.0209  0.0209  0.0209  0.0214  0.0208  0.0209  0.0208  0.0208
  0.0216  0.0212  0.0211  0.0226  0.0213  0.0219  0.0213  0.0225  0.0211  0.0213  0.0210  0.0210
niter,ni,del,rscale     1    3    5.0000    0.4000
parameters
   -1.0428  -11.8898    6.6869   -9.3523  -15.7309   -2.7606
   -4.4189    3.1229    5.3292   27.2489   -0.2421  -27.2766
eta,q 0.97942 12.10577
  0.0212  0.0209  0.0209  0.0220  0.0210  0.0215  0.0210  0.0218  0.0208  0.0211  0.0208  0.0209
  0.0209  0.0208  0.0208  0.0214  0.0208  0.0211  0.0208  0.0212  0.0207  0.0208  0.0207  0.0207
  0.0207  0.0207  0.0207  0.0209  0.0207  0.0208  0.0206  0.0207  0.0206  0.0207  0.0206  0.0206
  0.0206  0.0206  0.0206  0.0206  0.0206  0.0206  0.0206  0.0206  0.0206  0.0206  0.0206  0.0206
  0.0207  0.0207  0.0207  0.0207  0.0206  0.0206  0.0206  0.0207  0.0206  0.0206  0.0206  0.0206
  0.0209  0.0208  0.0207  0.0211  0.0207  0.0208  0.0208  0.0211  0.0207  0.0208  0.0207  0.0207
  0.0212  0.0209  0.0209  0.0219  0.0210  0.0214  0.0210  0.0218  0.0209  0.0211  0.0209  0.0208
registration optimization eta report
parameter search radius
    0.8000    0.8000    0.8000    2.7600    2.4000    2.4000
    2.4000    2.4000    2.4000    2.4000    2.4000    2.4000
100000*second partial in parameter space
       92.       48.       39.       17.        7.       14.
        7.       22.        5.        9.        5.        5.
  0.0212  0.0209  0.0209  0.0220  0.0210  0.0215  0.0210  0.0218  0.0208  0.0211  0.0208  0.0209
  0.0209  0.0208  0.0208  0.0214  0.0208  0.0211  0.0208  0.0212  0.0207  0.0208  0.0207  0.0207
  0.0207  0.0207  0.0207  0.0209  0.0207  0.0208  0.0206  0.0207  0.0206  0.0207  0.0206  0.0206
  0.0206  0.0206  0.0206  0.0206  0.0206  0.0206  0.0206  0.0206  0.0206  0.0206  0.0206  0.0206
  0.0207  0.0207  0.0207  0.0207  0.0206  0.0206  0.0206  0.0207  0.0206  0.0206  0.0206  0.0206
  0.0209  0.0208  0.0207  0.0211  0.0207  0.0208  0.0208  0.0211  0.0207  0.0208  0.0207  0.0207
  0.0212  0.0209  0.0209  0.0219  0.0210  0.0214  0.0210  0.0218  0.0209  0.0211  0.0209  0.0208
   -1.0428  -11.8898    6.6869   -9.3523  -15.7309   -2.7606
   -4.4189    3.1229    5.3292   27.2489   -0.2421  -27.2766
eta,q 0.97942 12.10577

---------------------------------------------------------------------
imgreg_4dfp /usr/local/freesurfer/average/711-2C_as_mni_average_305 /usr/local/freesurfer/average/711-2B_as_mni_average_305_mask talsrcimg_g11 none talsrcimg_to_711-2C_as_mni_average_305_t4 2311
---------------------------------------------------------------------

freesurfer imgreg_4dfp.c
/usr/local/freesurfer/average/711-2C_as_mni_average_305.4dfp.img
       256       256       256         1
  1.000000  1.000000  1.000000
orientation T byte_order littleendian
Reading image: /usr/local/freesurfer/average/711-2C_as_mni_average_305.4dfp.img
dimensions:      256       256       256
mmppix:       1.0000   -1.0000   -1.0000
center:     128.0000 -129.0000 -129.0000
/usr/local/freesurfer/average/711-2B_as_mni_average_305_mask.4dfp.img
       256       256       256         1
  1.000000  1.000000  1.000000
orientation T byte_order littleendian
Reading mask: /usr/local/freesurfer/average/711-2B_as_mni_average_305_mask.4dfp.img (2306576 pixels)
talsrcimg_g11.4dfp.img
       256       256       256         1
  1.000000  1.000000  1.000000
orientation T byte_order littleendian
Reading image: talsrcimg_g11.4dfp.img
dimensions:      256       256       256
mmppix:       1.0000   -1.0000   -1.0000
center:     128.0000 -129.0000 -129.0000
fimgreg.f
image alignment mode   2311 decimal      907 hex
parameters
   -1.0428  -11.8898    6.6869   -9.3523  -15.7309   -2.7606
   -4.4189    3.1229    5.3292   27.2489   -0.2421  -27.2766
eta,q 0.97942 12.10576
niter,ni,del,rscale     5    3    5.0000    0.8000
parameters
   -1.0197  -11.9139    6.7778   -9.8585  -16.3518   -3.3740
   -4.3065    3.1248    5.5896   26.8560   -0.1345  -27.3617
eta,q 0.97909 12.04994
  0.0231  0.0218  0.0218  0.0232  0.0219  0.0227  0.0224  0.0247  0.0220  0.0222  0.0217  0.0218
  0.0217  0.0211  0.0211  0.0222  0.0213  0.0220  0.0216  0.0226  0.0214  0.0214  0.0212  0.0212
  0.0208  0.0207  0.0207  0.0211  0.0209  0.0213  0.0211  0.0214  0.0211  0.0210  0.0210  0.0209
  0.0206  0.0206  0.0206  0.0206  0.0207  0.0207  0.0209  0.0209  0.0209  0.0209  0.0209  0.0209
  0.0209  0.0207  0.0207  0.0210  0.0208  0.0208  0.0210  0.0212  0.0210  0.0211  0.0210  0.0211
  0.0216  0.0212  0.0210  0.0227  0.0216  0.0223  0.0215  0.0225  0.0213  0.0217  0.0212  0.0214
  0.0229  0.0219  0.0215  0.0254  0.0232  0.0253  0.0223  0.0248  0.0218  0.0228  0.0216  0.0218
niter,ni,del,rscale     4    3    5.0000    0.7000
parameters
   -1.0179  -11.8725    6.6151   -9.6108  -16.1054   -3.4355
   -4.3595    3.1350    5.5204   26.9999   -0.0677  -27.4666
eta,q 0.97919 12.06853
  0.0225  0.0218  0.0214  0.0233  0.0220  0.0225  0.0220  0.0239  0.0216  0.0221  0.0215  0.0215
  0.0216  0.0213  0.0211  0.0225  0.0215  0.0219  0.0213  0.0223  0.0212  0.0214  0.0211  0.0211
  0.0211  0.0210  0.0209  0.0216  0.0211  0.0213  0.0209  0.0212  0.0209  0.0210  0.0209  0.0208
  0.0209  0.0209  0.0209  0.0209  0.0208  0.0208  0.0208  0.0208  0.0208  0.0208  0.0208  0.0208
  0.0211  0.0210  0.0210  0.0208  0.0208  0.0206  0.0210  0.0211  0.0209  0.0209  0.0209  0.0209
  0.0216  0.0213  0.0213  0.0216  0.0211  0.0214  0.0214  0.0222  0.0212  0.0212  0.0211  0.0212
  0.0225  0.0217  0.0217  0.0233  0.0220  0.0234  0.0220  0.0240  0.0216  0.0220  0.0214  0.0215
niter,ni,del,rscale     3    3    5.0000    0.6000
parameters
   -1.0288  -11.8810    6.6215   -9.4413  -15.9482   -3.2200
   -4.3758    3.1149    5.4312   27.1188   -0.0926  -27.4085
eta,q 0.97930 12.08561
  0.0220  0.0215  0.0213  0.0228  0.0217  0.0223  0.0216  0.0231  0.0213  0.0217  0.0212  0.0213
  0.0213  0.0211  0.0210  0.0220  0.0213  0.0217  0.0211  0.0218  0.0210  0.0212  0.0209  0.0209
  0.0209  0.0209  0.0209  0.0213  0.0210  0.0212  0.0208  0.0210  0.0208  0.0209  0.0207  0.0207
  0.0208  0.0208  0.0208  0.0208  0.0208  0.0208  0.0207  0.0207  0.0207  0.0207  0.0207  0.0207
  0.0210  0.0209  0.0209  0.0208  0.0207  0.0206  0.0208  0.0210  0.0208  0.0208  0.0208  0.0208
  0.0214  0.0211  0.0210  0.0214  0.0210  0.0210  0.0211  0.0218  0.0210  0.0210  0.0209  0.0210
  0.0220  0.0215  0.0213  0.0228  0.0217  0.0223  0.0216  0.0233  0.0213  0.0216  0.0212  0.0212
niter,ni,del,rscale     2    3    5.0000    0.5000
parameters
   -1.0364  -11.8845    6.6656   -9.3385  -15.8270   -2.9865
   -4.3969    3.1114    5.3671   27.1822   -0.1589  -27.3331
eta,q 0.97938 12.09797
  0.0216  0.0212  0.0211  0.0222  0.0213  0.0219  0.0213  0.0225  0.0210  0.0213  0.0210  0.0211
  0.0211  0.0209  0.0209  0.0216  0.0210  0.0214  0.0209  0.0215  0.0208  0.0210  0.0208  0.0208
  0.0208  0.0208  0.0207  0.0210  0.0208  0.0210  0.0207  0.0209  0.0207  0.0207  0.0207  0.0207
  0.0207  0.0207  0.0207  0.0207  0.0207  0.0207  0.0206  0.0206  0.0206  0.0206  0.0206  0.0206
  0.0208  0.0207  0.0207  0.0207  0.0207  0.0206  0.0207  0.0208  0.0207  0.0207  0.0207  0.0207
  0.0211  0.0209  0.0208  0.0212  0.0209  0.0209  0.0209  0.0215  0.0208  0.0209  0.0208  0.0208
  0.0216  0.0212  0.0210  0.0222  0.0213  0.0218  0.0213  0.0225  0.0211  0.0213  0.0210  0.0210
niter,ni,del,rscale     1    3    5.0000    0.4000
parameters
   -1.0449  -11.8865    6.7096   -9.2655  -15.7386   -2.7710
   -4.4156    3.1157    5.3095   27.2223   -0.2129  -27.2678
eta,q 0.97943 12.10677
  0.0212  0.0209  0.0209  0.0217  0.0210  0.0215  0.0210  0.0218  0.0208  0.0211  0.0208  0.0209
  0.0209  0.0208  0.0208  0.0212  0.0208  0.0211  0.0208  0.0212  0.0207  0.0208  0.0207  0.0207
  0.0207  0.0207  0.0207  0.0208  0.0207  0.0208  0.0206  0.0207  0.0206  0.0206  0.0206  0.0206
  0.0206  0.0206  0.0206  0.0206  0.0206  0.0206  0.0206  0.0206  0.0206  0.0206  0.0206  0.0206
  0.0207  0.0207  0.0206  0.0207  0.0206  0.0206  0.0206  0.0207  0.0206  0.0206  0.0206  0.0206
  0.0209  0.0208  0.0207  0.0210  0.0207  0.0208  0.0208  0.0211  0.0207  0.0208  0.0207  0.0207
  0.0212  0.0209  0.0208  0.0217  0.0210  0.0214  0.0210  0.0218  0.0209  0.0211  0.0208  0.0208
registration optimization eta report
parameter search radius
    0.8000    0.8000    0.8000    2.4000    2.4000    2.4000
    2.4000    2.4000    2.4000    2.4000    2.4000    2.4000
100000*second partial in parameter space
       95.       50.       40.       18.        7.       14.
        8.       22.        5.        9.        5.        5.
  0.0212  0.0209  0.0209  0.0217  0.0210  0.0215  0.0210  0.0218  0.0208  0.0211  0.0208  0.0209
  0.0209  0.0208  0.0208  0.0212  0.0208  0.0211  0.0208  0.0212  0.0207  0.0208  0.0207  0.0207
  0.0207  0.0207  0.0207  0.0208  0.0207  0.0208  0.0206  0.0207  0.0206  0.0206  0.0206  0.0206
  0.0206  0.0206  0.0206  0.0206  0.0206  0.0206  0.0206  0.0206  0.0206  0.0206  0.0206  0.0206
  0.0207  0.0207  0.0206  0.0207  0.0206  0.0206  0.0206  0.0207  0.0206  0.0206  0.0206  0.0206
  0.0209  0.0208  0.0207  0.0210  0.0207  0.0208  0.0208  0.0211  0.0207  0.0208  0.0207  0.0207
  0.0212  0.0209  0.0208  0.0217  0.0210  0.0214  0.0210  0.0218  0.0209  0.0211  0.0208  0.0208
   -1.0449  -11.8865    6.7096   -9.2655  -15.7386   -2.7710
   -4.4156    3.1157    5.3095   27.2223   -0.2129  -27.2678
eta,q 0.97943 12.10677

---------------------------------------------------------------------
compute_vox2vox talsrcimg talsrcimg_to_711-2C_as_mni_average_305_t4 /usr/local/freesurfer/average/711-2C_as_mni_average_305
---------------------------------------------------------------------

freesurfer compute_vox2vox.c
Reading: talsrcimg.4dfp.ifh
Reading: talsrcimg_to_711-2C_as_mni_average_305_t4
Reading: /usr/local/freesurfer/average/711-2C_as_mni_average_305.4dfp.ifh
Writing: talsrcimg_to_711-2C_as_mni_average_305_t4_vox2vox.txt

start time Sat May 31 00:20:41 UTC 2025
end		time Sat May 31 00:20:59 UTC 2025

mpr2mni305 success

avi2talxfm orig_nu.mgz /usr/local/freesurfer/average/mni305.cor.mgz talsrcimg_to_711-2C_as_mni_average_305_t4_vox2vox.txt transforms/talairach.auto.xfm
avi2talxfm done
mv -f /home/freesurfer/subjects/sub-030/mri/talsrcimg_to_711-2C_as_mni_average_305_t4_vox2vox.txt /home/freesurfer/subjects/sub-030/mri/transforms/talsrcimg_to_711-2C_as_mni_average_305_t4_vox2vox.txt
lta_convert --src orig_nu.mgz --trg /usr/local/freesurfer/average/mni305.cor.mgz --inxfm transforms/talairach.auto.xfm --outlta transforms/talairach.auto.xfm.lta --subject fsaverage
7.4.1

--src: orig_nu.mgz src image (geometry).
--trg: /usr/local/freesurfer/average/mni305.cor.mgz trg image (geometry).
--inmni: transforms/talairach.auto.xfm input MNI/XFM transform.
--outlta: transforms/talairach.auto.xfm.lta output LTA.
--s: fsaverage subject name
 LTA read, type : 1
 1.09953  -0.04710   0.04238  -3.36984;
-0.01561   0.94372   0.30458  -23.86214;
-0.06424  -0.30192   1.08571   21.59534;
 0.00000   0.00000   0.00000   1.00000;
setting subject to fsaverage
Writing  LTA to file transforms/talairach.auto.xfm.lta...
lta_convert successful.
 
 
Started at Sat May 31 00:20:40 UTC 2025
Ended   at Sat May 31 00:21:00 UTC 2025
talairach_avi done
