/home/freesurfer/subjects/sub-029/mri
/usr/local/freesurfer/bin/talairach_avi
--i orig_nu.mgz --xfm transforms/talairach.auto.xfm
talairach_avi 7.4.1
Linux 8b34bbfae573 6.11.0-26-generic #26~24.04.1-Ubuntu SMP PREEMPT_DYNAMIC Thu Apr 17 19:20:47 UTC 2 x86_64 x86_64 x86_64 GNU/Linux
Fri May 30 18:51:28 UTC 2025
mri_convert orig_nu.mgz talsrcimg.img 
reading from orig_nu.mgz...
TR=8.33, TE=0.00, TI=0.00, flip angle=0.00
i_ras = (-1, -1.45519e-11, 0)
j_ras = (0, 0, -1)
k_ras = (0, 1, -1.49012e-08)
writing to talsrcimg.img...
Analyze Output Matrix
-1.00000   0.00000   0.00000   132.38306;
-0.00000   0.00000   1.00000  -114.65161;
 0.00000  -1.00000  -0.00000   185.31136;
 0.00000   0.00000   0.00000   1.00000;
--------------------
INFO: set hdr.hist.orient to -1
mpr2mni305 talsrcimg
Fri May 30 18:51:29 UTC 2025
/usr/local/freesurfer/bin/mpr2mni305 talsrcimg
mpr2mni305 7.4.1
target=711-2C_as_mni_average_305

---------------------------------------------------------------------
analyzeto4dfp talsrcimg -O0 -y
---------------------------------------------------------------------

freesurfer ifh2hdr.c
Fri May 30 18:51:29 2025
Writing: talsrcimg.4dfp.hdr
freesurfer analyzeto4dfp.c
Reading: talsrcimg.hdr
header size 348 bytes
hdr.dime.datatype	offset=70	value=2
hdr.dime.bitpix		offset=72	value=8
hdr.hist.orient		offset=252	value=-1
dimensionality     4
dimensions       256       256       256         1
Reading: talsrcimg.img
Writing: talsrcimg.4dfp.img
Writing: talsrcimg.4dfp.ifh
ifh2hdr talsrcimg -r0to211
ori=2

---------------------------------------------------------------------
gauss_4dfp talsrcimg 1.1
---------------------------------------------------------------------

freesurfer gauss_4dfp.c
Reading: talsrcimg.4dfp.img
Writing: talsrcimg_g11.4dfp.img
image dimensions 256 256 256 padded to 288 288 288
processing volume 1freesurfer ifh2hdr.c
Fri May 30 18:51:33 2025
Writing: talsrcimg_g11.4dfp.hdr

Writing: talsrcimg_g11.4dfp.ifh
including: talsrcimg.4dfp.img.rec in talsrcimg_g11.4dfp.img.rec

---------------------------------------------------------------------
imgreg_4dfp /usr/local/freesurfer/average/711-2C_as_mni_average_305 none talsrcimg_g11 none talsrcimg_to_711-2C_as_mni_average_305_t4 4355
---------------------------------------------------------------------

freesurfer imgreg_4dfp.c
/usr/local/freesurfer/average/711-2C_as_mni_average_305.4dfp.img
       256       256       256         1
  1.000000  1.000000  1.000000
orientation T byte_order littleendian
Reading image: /usr/local/freesurfer/average/711-2C_as_mni_average_305.4dfp.img
dimensions:      256       256       256
mmppix:       1.0000   -1.0000   -1.0000
center:     128.0000 -129.0000 -129.0000
talsrcimg_g11.4dfp.img
       256       256       256         1
  1.000000  1.000000  1.000000
orientation T byte_order littleendian
Reading image: talsrcimg_g11.4dfp.img
dimensions:      256       256       256
mmppix:       1.0000   -1.0000   -1.0000
center:     128.0000 -129.0000 -129.0000
t4_read: open error in t4_sub.f l:  41 t4_file(1:l)talsrcimg_to_711-2C_as_mni_average_305_t4 
t4_read: transform initialized to I4
rotation matrix determinant  1.000000
image alignment mode   4355 decimal     1103 hex
   -7.5000  -45.0000  -45.0000 9282.2949   21.7275
    0.0000  -45.0000  -45.0000 9659.4961   21.6837
    7.5000  -45.0000  -45.0000 9195.8896   21.7096
   -7.5000  -37.5000  -45.0000 9684.7148   21.7355
    0.0000  -37.5000  -45.000010072.3164   21.6921
    7.5000  -37.5000  -45.0000 9605.2510   21.7123
   -7.5000  -30.0000  -45.000010370.4375   21.7572
    0.0000  -30.0000  -45.000010801.4600   21.7179
    7.5000  -30.0000  -45.000010280.6611   21.7379
   -7.5000  -22.5000  -45.000011008.0361   21.7586
    0.0000  -22.5000  -45.000011480.5908   21.7241
    7.5000  -22.5000  -45.000010914.1104   21.7500
   -7.5000  -15.0000  -45.000011592.5947   21.7410
    0.0000  -15.0000  -45.000012106.4424   21.7075
    7.5000  -15.0000  -45.000011497.2852   21.7405
   -7.5000   -7.5000  -45.000012144.7881   21.7250
    0.0000   -7.5000  -45.000012663.8672   21.6863
    7.5000   -7.5000  -45.000012069.5371   21.7191
   -7.5000    0.0000  -45.000012549.3174   21.7208
    0.0000    0.0000  -45.000013080.3965   21.6771
    7.5000    0.0000  -45.000012464.7334   21.7029
   -7.5000    7.5000  -45.000011961.5078   21.7355
    0.0000    7.5000  -45.000012466.1182   21.6921
    7.5000    7.5000  -45.000011845.5879   21.7123
   -7.5000   15.0000  -45.000011155.5303   21.7572
    0.0000   15.0000  -45.000011634.1807   21.7179
    7.5000   15.0000  -45.000011006.5146   21.7379
   -7.5000   22.5000  -45.000010166.6328   21.7556
    0.0000   22.5000  -45.000010604.5498   21.7211
    7.5000   22.5000  -45.000010029.3828   21.7470
   -7.5000   30.0000  -45.0000 9184.1924   21.4512
    0.0000   30.0000  -45.0000 9583.5010   21.4183
    7.5000   30.0000  -45.0000 9072.1982   21.4508
   -7.5000   37.5000  -45.0000 8625.9668   21.4527
    0.0000   37.5000  -45.0000 8982.7646   21.4144
    7.5000   37.5000  -45.0000 8501.8223   21.4466
   -7.5000   45.0000  -45.0000 7731.1558   20.9817
    0.0000   45.0000  -45.0000 8026.4243   20.9386
    7.5000   45.0000  -45.0000 7614.1738   20.9635
   -7.5000  -45.0000  -37.5000 9818.5879   21.6401
    0.0000  -45.0000  -37.500010217.5137   21.5881
    7.5000  -45.0000  -37.5000 9721.3105   21.6325
   -7.5000  -37.5000  -37.500010235.3418   21.6566
    0.0000  -37.5000  -37.500010669.2100   21.6045
    7.5000  -37.5000  -37.500010147.5225   21.6411
   -7.5000  -30.0000  -37.500010943.5195   21.6847
    0.0000  -30.0000  -37.500011421.6006   21.6335
    7.5000  -30.0000  -37.500010848.0342   21.6666
   -7.5000  -22.5000  -37.500011576.5352   21.6826
    0.0000  -22.5000  -37.500012114.1465   21.6341
    7.5000  -22.5000  -37.500011482.4492   21.6721
   -7.5000  -15.0000  -37.500012198.0469   21.6558
    0.0000  -15.0000  -37.500012774.2695   21.6087
    7.5000  -15.0000  -37.500012120.8438   21.6562
   -7.5000   -7.5000  -37.500012803.9746   21.6347
    0.0000   -7.5000  -37.500013379.8408   21.5852
    7.5000   -7.5000  -37.500012721.7803   21.6354
   -7.5000    0.0000  -37.500013212.4229   21.6333
    0.0000    0.0000  -37.500013817.4033   21.5814
    7.5000    0.0000  -37.500013125.8438   21.6258
   -7.5000    7.5000  -37.500012575.7246   21.6566
    0.0000    7.5000  -37.500013141.0518   21.6045
    7.5000    7.5000  -37.500012440.5068   21.6411
   -7.5000   15.0000  -37.500011690.8955   21.6847
    0.0000   15.0000  -37.500012251.9404   21.6335
    7.5000   15.0000  -37.500011557.5693   21.6666
   -7.5000   22.5000  -37.500010648.3975   21.6797
    0.0000   22.5000  -37.500011161.5605   21.6311
    7.5000   22.5000  -37.500010539.4932   21.6691
   -7.5000   30.0000  -37.5000 9577.2354   21.3672
    0.0000   30.0000  -37.500010032.2451   21.3208
    7.5000   30.0000  -37.5000 9495.6006   21.3676
   -7.5000   37.5000  -37.5000 8988.8789   21.3641
    0.0000   37.5000  -37.5000 9392.4180   21.3151
    7.5000   37.5000  -37.5000 8889.5352   21.3646
   -7.5000   45.0000  -37.5000 8058.0205   20.8980
    0.0000   45.0000  -37.5000 8369.6875   20.8471
    7.5000   45.0000  -37.5000 7953.1362   20.8900
   -7.5000  -45.0000  -30.000010503.1318   22.5105
    0.0000  -45.0000  -30.000010952.5781   22.4485
    7.5000  -45.0000  -30.000010406.0459   22.5047
   -7.5000  -37.5000  -30.000010962.5635   22.5259
    0.0000  -37.5000  -30.000011453.9795   22.4642
    7.5000  -37.5000  -30.000010862.7822   22.5116
   -7.5000  -30.0000  -30.000011711.4268   22.5634
    0.0000  -30.0000  -30.000012251.3672   22.4979
    7.5000  -30.0000  -30.000011610.6328   22.5370
   -7.5000  -22.5000  -30.000012389.1357   22.5728
    0.0000  -22.5000  -30.000012979.8125   22.5037
    7.5000  -22.5000  -30.000012300.4385   22.5440
   -7.5000  -15.0000  -30.000013059.8525   22.5491
    0.0000  -15.0000  -30.000013703.6416   22.4806
    7.5000  -15.0000  -30.000012980.8965   22.5312
   -7.5000   -7.5000  -30.000013685.2412   22.5174
    0.0000   -7.5000  -30.000014349.9004   22.4521
    7.5000   -7.5000  -30.000013586.4912   22.5103
   -7.5000    0.0000  -30.000014106.8203   22.5035
    0.0000    0.0000  -30.000014803.6279   22.4416
    7.5000    0.0000  -30.000013994.9678   22.4977
   -7.5000    7.5000  -30.000013403.2949   22.5259
    0.0000    7.5000  -30.000014065.0908   22.4642
    7.5000    7.5000  -30.000013268.9941   22.5116
   -7.5000   15.0000  -30.000012461.1963   22.5634
    0.0000   15.0000  -30.000013078.9219   22.4979
    7.5000   15.0000  -30.000012325.6055   22.5370
   -7.5000   22.5000  -30.000011363.5078   22.5673
    0.0000   22.5000  -30.000011931.0264   22.4983
    7.5000   22.5000  -30.000011243.3350   22.5386
   -7.5000   30.0000  -30.000010182.3213   22.2507
    0.0000   30.0000  -30.000010661.1631   22.1832
    7.5000   30.0000  -30.000010091.9287   22.2330
   -7.5000   37.5000  -30.0000 9511.3350   22.2374
    0.0000   37.5000  -30.0000 9940.2246   22.1728
    7.5000   37.5000  -30.0000 9420.2295   22.2302
   -7.5000   45.0000  -30.0000 8528.4258   21.7543
    0.0000   45.0000  -30.0000 8876.8008   21.6935
    7.5000   45.0000  -30.0000 8435.1846   21.7478
   -7.5000  -45.0000  -22.500011164.1885   23.2876
    0.0000  -45.0000  -22.500011638.7197   23.2256
    7.5000  -45.0000  -22.500011043.5840   23.2720
   -7.5000  -37.5000  -22.500011652.9072   23.2863
    0.0000  -37.5000  -22.500012178.8047   23.2260
    7.5000  -37.5000  -22.500011538.2686   23.2663
   -7.5000  -30.0000  -22.500012401.2217   23.3234
    0.0000  -30.0000  -22.500012982.2607   23.2582
    7.5000  -30.0000  -22.500012324.1748   23.2901
   -7.5000  -22.5000  -22.500013135.7520   23.3524
    0.0000  -22.5000  -22.500013761.4121   23.2803
    7.5000  -22.5000  -22.500013049.6328   23.3099
   -7.5000  -15.0000  -22.500013870.7705   23.3482
    0.0000  -15.0000  -22.500014560.6094   23.2756
    7.5000  -15.0000  -22.500013771.5947   23.3118
   -7.5000   -7.5000  -22.500014546.1543   23.3133
    0.0000   -7.5000  -22.500015278.3828   23.2458
    7.5000   -7.5000  -22.500014437.2920   23.2907
   -7.5000    0.0000  -22.500014987.7500   23.2803
    0.0000    0.0000  -22.500015755.0723   23.2184
    7.5000    0.0000  -22.500014879.9355   23.2648
   -7.5000    7.5000  -22.500014204.5586   23.2863
    0.0000    7.5000  -22.500014949.5879   23.2260
    7.5000    7.5000  -22.500014105.8730   23.2663
   -7.5000   15.0000  -22.500013198.1504   23.3234
    0.0000   15.0000  -22.500013868.2432   23.2582
    7.5000   15.0000  -22.500013068.8760   23.2901
   -7.5000   22.5000  -22.500012024.2402   23.3452
    0.0000   22.5000  -22.500012647.0449   23.2731
    7.5000   22.5000  -22.500011926.1426   23.3027
   -7.5000   30.0000  -22.500010784.4189   23.0428
    0.0000   30.0000  -22.500011334.4883   22.9711
    7.5000   30.0000  -22.500010717.9248   23.0069
   -7.5000   37.5000  -22.500010059.8398   23.0256
    0.0000   37.5000  -22.500010567.7002   22.9588
    7.5000   37.5000  -22.500010006.5049   23.0031
   -7.5000   45.0000  -22.5000 9008.1738   22.5203
    0.0000   45.0000  -22.5000 9414.6074   22.4594
    7.5000   45.0000  -22.5000 8940.6299   22.5041
   -7.5000  -45.0000  -15.000011724.4424   23.8544
    0.0000  -45.0000  -15.000012268.6982   23.7991
    7.5000  -45.0000  -15.000011633.9443   23.8266
   -7.5000  -37.5000  -15.000012277.3945   23.8401
    0.0000  -37.5000  -15.000012886.3379   23.7877
    7.5000  -37.5000  -15.000012170.8818   23.8124
   -7.5000  -30.0000  -15.000013067.8008   23.8700
    0.0000  -30.0000  -15.000013687.4443   23.8163
    7.5000  -30.0000  -15.000012981.8262   23.8358
   -7.5000  -22.5000  -15.000013785.9648   23.9066
    0.0000  -22.5000  -15.000014459.5586   23.8482
    7.5000  -22.5000  -15.000013729.5273   23.8644
   -7.5000  -15.0000  -15.000014577.7979   23.9162
    0.0000  -15.0000  -15.000015354.2422   23.8564
    7.5000  -15.0000  -15.000014502.8760   23.8753
   -7.5000   -7.5000  -15.000015324.8633   23.8863
    0.0000   -7.5000  -15.000016185.7725   23.8283
    7.5000   -7.5000  -15.000015272.6973   23.8535
   -7.5000    0.0000  -15.000015796.9375   23.8469
    0.0000    0.0000  -15.000016689.9590   23.7917
    7.5000    0.0000  -15.000015742.1299   23.8192
   -7.5000    7.5000  -15.000014955.2520   23.8401
    0.0000    7.5000  -15.000015806.2412   23.7877
    7.5000    7.5000  -15.000014919.8525   23.8124
   -7.5000   15.0000  -15.000013878.2979   23.8700
    0.0000   15.0000  -15.000014657.5869   23.8163
    7.5000   15.0000  -15.000013831.2031   23.8358
   -7.5000   22.5000  -15.000012658.8496   23.8982
    0.0000   22.5000  -15.000013393.0273   23.8398
    7.5000   22.5000  -15.000012647.3818   23.8560
   -7.5000   30.0000  -15.000011434.8232   23.6067
    0.0000   30.0000  -15.000012071.0762   23.5477
    7.5000   30.0000  -15.000011427.0049   23.5663
   -7.5000   37.5000  -15.000010651.5723   23.5941
    0.0000   37.5000  -15.000011246.3008   23.5367
    7.5000   37.5000  -15.000010642.6885   23.5615
   -7.5000   45.0000  -15.0000 9515.7646   23.0807
    0.0000   45.0000  -15.0000 9993.9033   23.0263
    7.5000   45.0000  -15.0000 9480.3867   23.0526
   -7.5000  -45.0000   -7.500012306.0127   24.1074
    0.0000  -45.0000   -7.500012896.4727   24.0594
    7.5000  -45.0000   -7.500012232.6699   24.0788
   -7.5000  -37.5000   -7.500012919.0371   24.1006
    0.0000  -37.5000   -7.500013578.5430   24.0548
    7.5000  -37.5000   -7.500012796.4473   24.0709
   -7.5000  -30.0000   -7.500013869.9639   24.1244
    0.0000  -30.0000   -7.500014568.9580   24.0817
    7.5000  -30.0000   -7.500013790.7051   24.0963
   -7.5000  -22.5000   -7.500014598.2500   24.1453
    0.0000  -22.5000   -7.500015412.6201   24.1037
    7.5000  -22.5000   -7.500014628.2588   24.1194
   -7.5000  -15.0000   -7.500015403.8232   24.1446
    0.0000  -15.0000   -7.500016301.5186   24.1025
    7.5000  -15.0000   -7.500015411.1465   24.1221
   -7.5000   -7.5000   -7.500016178.0752   24.1231
    0.0000   -7.5000   -7.500017146.5605   24.0776
    7.5000   -7.5000   -7.500016197.9072   24.0994
   -7.5000    0.0000   -7.500016707.8984   24.0999
    0.0000    0.0000   -7.500017668.8535   24.0519
    7.5000    0.0000   -7.500016713.3105   24.0713
   -7.5000    7.5000   -7.500015777.6416   24.1006
    0.0000    7.5000   -7.500016737.3262   24.0548
    7.5000    7.5000   -7.500015837.3115   24.0709
   -7.5000   15.0000   -7.500014629.3955   24.1244
    0.0000   15.0000   -7.500015559.4102   24.0817
    7.5000   15.0000   -7.500014699.4951   24.0963
   -7.5000   22.5000   -7.500013416.9160   24.1342
    0.0000   22.5000   -7.500014266.5645   24.0926
    7.5000   22.5000   -7.500013464.1436   24.1082
   -7.5000   30.0000   -7.500012146.7451   23.8315
    0.0000   30.0000   -7.500012866.4229   23.7899
    7.5000   30.0000   -7.500012169.2783   23.8092
   -7.5000   37.5000   -7.500011304.6660   23.8280
    0.0000   37.5000   -7.500011960.3574   23.7829
    7.5000   37.5000   -7.500011276.6660   23.8044
   -7.5000   45.0000   -7.500010052.2754   23.3304
    0.0000   45.0000   -7.500010596.7666   23.2830
    7.5000   45.0000   -7.5000 9980.1357   23.3015
   -7.5000  -45.0000    0.000012740.6475   24.1089
    0.0000  -45.0000    0.000013364.5127   24.0616
    7.5000  -45.0000    0.000012703.9307   24.0906
   -7.5000  -37.5000    0.000013433.6387   24.1173
    0.0000  -37.5000    0.000014156.9658   24.0704
    7.5000  -37.5000    0.000013324.3320   24.0933
   -7.5000  -30.0000    0.000014634.1836   24.1409
    0.0000  -30.0000    0.000015476.6143   24.0987
    7.5000  -30.0000    0.000014567.1670   24.1214
   -7.5000  -22.5000    0.000015507.1172   24.1425
    0.0000  -22.5000    0.000016433.9512   24.1056
    7.5000  -22.5000    0.000015610.1895   24.1348
   -7.5000  -15.0000    0.000016189.8848   24.1233
    0.0000  -15.0000    0.000017045.4434   24.0876
    7.5000  -15.0000    0.000016331.4355   24.1244
   -7.5000   -7.5000    0.000016872.3672   24.1059
    0.0000   -7.5000    0.000017760.3945   24.0643
    7.5000   -7.5000    0.000017050.1680   24.1009
   -7.5000    0.0000    0.000017437.5918   24.1014
    0.0000    0.0000    0.000018394.3438   24.0541
    7.5000    0.0000    0.000017602.9316   24.0831
   -7.5000    7.5000    0.000016544.3242   24.1173
    0.0000    7.5000    0.000017519.0215   24.0704
    7.5000    7.5000    0.000016678.7637   24.0932
   -7.5000   15.0000    0.000015398.4756   24.1409
    0.0000   15.0000    0.000016347.9980   24.0987
    7.5000   15.0000    0.000015468.1514   24.1214
   -7.5000   22.5000    0.000014157.9434   24.1313
    0.0000   22.5000    0.000015006.1318   24.0945
    7.5000   22.5000    0.000014131.1416   24.1237
   -7.5000   30.0000    0.000012805.4893   23.8111
    0.0000   30.0000    0.000013526.4990   23.7758
    7.5000   30.0000    0.000012729.1221   23.8122
   -7.5000   37.5000    0.000011899.4014   23.8129
    0.0000   37.5000    0.000012574.7969   23.7717
    7.5000   37.5000    0.000011790.2568   23.8077
   -7.5000   45.0000    0.000010538.4756   23.3352
    0.0000   45.0000    0.000011101.5469   23.2886
    7.5000   45.0000    0.000010431.3252   23.3165
   -7.5000  -45.0000    7.500012247.5361   24.1005
    0.0000  -45.0000    7.500012832.6973   24.0433
    7.5000  -45.0000    7.500012245.8037   24.0927
   -7.5000  -37.5000    7.500012895.1992   24.1191
    0.0000  -37.5000    7.500013619.6787   24.0617
    7.5000  -37.5000    7.500012882.9648   24.1024
   -7.5000  -30.0000    7.500014088.5967   24.1507
    0.0000  -30.0000    7.500014927.6094   24.0942
    7.5000  -30.0000    7.500014125.9951   24.1312
   -7.5000  -22.5000    7.500015052.4385   24.1484
    0.0000  -22.5000    7.500015797.6719   24.0950
    7.5000  -22.5000    7.500015147.0430   24.1374
   -7.5000  -15.0000    7.500015788.5127   24.1185
    0.0000  -15.0000    7.500016459.2402   24.0667
    7.5000  -15.0000    7.500015931.9043   24.1196
   -7.5000   -7.5000    7.500016514.2344   24.0947
    0.0000   -7.5000    7.500017259.0449   24.0403
    7.5000   -7.5000    7.500016680.7344   24.0961
   -7.5000    0.0000    7.500017067.9473   24.0930
    0.0000    0.0000    7.500017921.3008   24.0358
    7.5000    0.0000    7.500017146.2578   24.0853
   -7.5000    7.5000    7.500016132.3477   24.1191
    0.0000    7.5000    7.500017010.5215   24.0617
    7.5000    7.5000    7.500016132.6748   24.1024
   -7.5000   15.0000    7.500014974.1387   24.1507
    0.0000   15.0000    7.500015814.3379   24.0942
    7.5000   15.0000    7.500014883.3076   24.1312
   -7.5000   22.5000    7.500013759.3301   24.1373
    0.0000   22.5000    7.500014514.6660   24.0839
    7.5000   22.5000    7.500013619.4326   24.1263
   -7.5000   30.0000    7.500012419.8965   23.8063
    0.0000   30.0000    7.500013102.2764   23.7553
    7.5000   30.0000    7.500012277.6025   23.8074
   -7.5000   37.5000    7.500011516.3916   23.8025
    0.0000   37.5000    7.500012163.4385   23.7486
    7.5000   37.5000    7.500011346.9199   23.8037
   -7.5000   45.0000    7.500010173.5537   23.3284
    0.0000   45.0000    7.500010708.8242   23.2722
    7.5000   45.0000    7.5000 9991.0391   23.3200
   -7.5000  -45.0000   15.000011595.2588   24.1756
    0.0000  -45.0000   15.000012155.9189   24.1090
    7.5000  -45.0000   15.000011610.1973   24.1694
   -7.5000  -37.5000   15.000012220.4385   24.1914
    0.0000  -37.5000   15.000012860.4600   24.1251
    7.5000  -37.5000   15.000012231.0742   24.1762
   -7.5000  -30.0000   15.000013354.2324   24.2308
    0.0000  -30.0000   15.000014020.6240   24.1604
    7.5000  -30.0000   15.000013370.1924   24.2025
   -7.5000  -22.5000   15.000014293.5957   24.2405
    0.0000  -22.5000   15.000014860.8379   24.1663
    7.5000  -22.5000   15.000014196.6738   24.2098
   -7.5000  -15.0000   15.000015177.8672   24.2155
    0.0000  -15.0000   15.000015772.4795   24.1421
    7.5000  -15.0000   15.000014989.2207   24.1964
   -7.5000   -7.5000   15.000016030.2705   24.1825
    0.0000   -7.5000   15.000016785.7207   24.1124
    7.5000   -7.5000   15.000015830.6104   24.1750
   -7.5000    0.0000   15.000016533.0332   24.1680
    0.0000    0.0000   15.000017365.3848   24.1015
    7.5000    0.0000   15.000016310.9111   24.1619
   -7.5000    7.5000   15.000015479.4072   24.1914
    0.0000    7.5000   15.000016327.2178   24.1251
    7.5000    7.5000   15.000015357.4648   24.1762
   -7.5000   15.0000   15.000014262.7207   24.2308
    0.0000   15.0000   15.000015062.6709   24.1604
    7.5000   15.0000   15.000014167.3076   24.2025
   -7.5000   22.5000   15.000013007.6738   24.2293
    0.0000   22.5000   15.000013736.2422   24.1552
    7.5000   22.5000   15.000012930.6572   24.1986
   -7.5000   30.0000   15.000011722.3691   23.9022
    0.0000   30.0000   15.000012357.6016   23.8296
    7.5000   30.0000   15.000011658.6035   23.8832
   -7.5000   37.5000   15.000010884.1094   23.8889
    0.0000   37.5000   15.000011473.2324   23.8195
    7.5000   37.5000   15.000010774.3867   23.8811
   -7.5000   45.0000   15.0000 9677.2842   23.4012
    0.0000   45.0000   15.000010170.2607   23.3358
    7.5000   45.0000   15.0000 9528.2812   23.3943
   -7.5000  -45.0000   22.500010897.8389   24.3216
    0.0000  -45.0000   22.500011378.5273   24.2563
    7.5000  -45.0000   22.500010903.5381   24.3054
   -7.5000  -37.5000   22.500011501.3350   24.3184
    0.0000  -37.5000   22.500012067.2295   24.2549
    7.5000  -37.5000   22.500011504.8311   24.2976
   -7.5000  -30.0000   22.500012540.2998   24.3554
    0.0000  -30.0000   22.500013081.4102   24.2867
    7.5000  -30.0000   22.500012470.6348   24.3206
   -7.5000  -22.5000   22.500013375.9727   24.3855
    0.0000  -22.5000   22.500013887.5068   24.3096
    7.5000  -22.5000   22.500013201.7803   24.3410
   -7.5000  -15.0000   22.500014118.0039   24.3828
    0.0000  -15.0000   22.500014759.2773   24.3063
    7.5000  -15.0000   22.500013968.2803   24.3448
   -7.5000   -7.5000   22.500014854.7666   24.3482
    0.0000   -7.5000   22.500015629.0195   24.2771
    7.5000   -7.5000   22.500014739.2891   24.3247
   -7.5000    0.0000   22.500015355.5488   24.3139
    0.0000    0.0000   22.500016182.5713   24.2487
    7.5000    0.0000   22.500015235.6172   24.2978
   -7.5000    7.5000   22.500014445.1035   24.3183
    0.0000    7.5000   22.500015264.8555   24.2549
    7.5000    7.5000   22.500014404.6436   24.2976
   -7.5000   15.0000   22.500013364.5449   24.3554
    0.0000   15.0000   22.500014141.2412   24.2867
    7.5000   15.0000   22.500013321.7773   24.3206
   -7.5000   22.5000   22.500012190.1357   24.3743
    0.0000   22.5000   22.500012887.1455   24.2984
    7.5000   22.5000   22.500012162.2812   24.3298
   -7.5000   30.0000   22.500010989.2080   24.0673
    0.0000   30.0000   22.500011578.0850   23.9917
    7.5000   30.0000   22.500010964.7812   24.0297
   -7.5000   37.5000   22.500010199.7197   24.0512
    0.0000   37.5000   22.500010701.5322   23.9809
    7.5000   37.5000   22.500010134.8496   24.0278
   -7.5000   45.0000   22.5000 9059.3193   23.5412
    0.0000   45.0000   22.5000 9456.6387   23.4770
    7.5000   45.0000   22.5000 8963.2852   23.5244
   -7.5000  -45.0000   30.000010142.5537   24.6037
    0.0000  -45.0000   30.000010575.5479   24.5454
    7.5000  -45.0000   30.000010065.3428   24.5742
   -7.5000  -37.5000   30.000010656.1904   24.5859
    0.0000  -37.5000   30.000011157.6094   24.5307
    7.5000  -37.5000   30.000010614.9922   24.5565
   -7.5000  -30.0000   30.000011506.9385   24.6153
    0.0000  -30.0000   30.000011990.7549   24.5587
    7.5000  -30.0000   30.000011423.3301   24.5791
   -7.5000  -22.5000   30.000012222.5234   24.6549
    0.0000  -22.5000   30.000012736.2617   24.5933
    7.5000  -22.5000   30.000012099.3096   24.6101
   -7.5000  -15.0000   30.000012914.6270   24.6677
    0.0000  -15.0000   30.000013536.7031   24.6047
    7.5000  -15.0000   30.000012822.3906   24.6244
   -7.5000   -7.5000   30.000013556.4482   24.6380
    0.0000   -7.5000   30.000014245.1191   24.5768
    7.5000   -7.5000   30.000013507.3760   24.6031
   -7.5000    0.0000   30.000013991.8096   24.5959
    0.0000    0.0000   30.000014704.5430   24.5376
    7.5000    0.0000   30.000013964.0527   24.5664
   -7.5000    7.5000   30.000013222.9219   24.5859
    0.0000    7.5000   30.000013916.8838   24.5307
    7.5000    7.5000   30.000013231.1777   24.5565
   -7.5000   15.0000   30.000012293.5625   24.6153
    0.0000   15.0000   30.000012942.8555   24.5587
    7.5000   15.0000   30.000012284.9863   24.5791
   -7.5000   22.5000   30.000011265.1338   24.6435
    0.0000   22.5000   30.000011828.8711   24.5820
    7.5000   22.5000   30.000011234.7627   24.5988
   -7.5000   30.0000   30.000010176.2246   24.3484
    0.0000   30.0000   30.000010636.0986   24.2863
    7.5000   30.0000   30.000010119.8018   24.3057
   -7.5000   37.5000   30.0000 9407.4131   24.3355
    0.0000   37.5000   30.0000 9840.2900   24.2750
    7.5000   37.5000   30.0000 9368.9102   24.3008
   -7.5000   45.0000   30.0000 8345.1279   23.8090
    0.0000   45.0000   30.0000 8710.5146   23.7515
    7.5000   45.0000   30.0000 8301.5850   23.7791
   -7.5000  -45.0000   37.5000 9795.5898   25.2172
    0.0000  -45.0000   37.500010215.4160   25.1629
    7.5000  -45.0000   37.5000 9718.1689   25.1816
   -7.5000  -37.5000   37.500010230.5049   25.2067
    0.0000  -37.5000   37.500010717.1670   25.1549
    7.5000  -37.5000   37.500010190.1895   25.1698
   -7.5000  -30.0000   37.500011019.0625   25.2331
    0.0000  -30.0000   37.500011480.8506   25.1850
    7.5000  -30.0000   37.500010930.5830   25.1983
   -7.5000  -22.5000   37.500011698.2168   25.2595
    0.0000  -22.5000   37.500012194.2686   25.2126
    7.5000  -22.5000   37.500011590.7734   25.2273
   -7.5000  -15.0000   37.500012376.2529   25.2618
    0.0000  -15.0000   37.500012960.2119   25.2141
    7.5000  -15.0000   37.500012308.9922   25.2332
   -7.5000   -7.5000   37.500012995.4170   25.2378
    0.0000   -7.5000   37.500013616.5342   25.1861
    7.5000   -7.5000   37.500012948.9551   25.2078
   -7.5000    0.0000   37.500013434.7676   25.2090
    0.0000    0.0000   37.500014063.9121   25.1547
    7.5000    0.0000   37.500013378.5645   25.1734
   -7.5000    7.5000   37.500012706.2646   25.2067
    0.0000    7.5000   37.500013325.5723   25.1549
    7.5000    7.5000   37.500012664.4023   25.1698
   -7.5000   15.0000   37.500011810.4170   25.2331
    0.0000   15.0000   37.500012386.6465   25.1850
    7.5000   15.0000   37.500011768.1328   25.1983
   -7.5000   22.5000   37.500010826.3516   25.2479
    0.0000   22.5000   37.500011337.9736   25.2010
    7.5000   22.5000   37.500010784.0225   25.2156
   -7.5000   30.0000   37.5000 9793.1260   24.9348
    0.0000   30.0000   37.500010223.3477   24.8878
    7.5000   30.0000   37.5000 9717.2100   24.9067
   -7.5000   37.5000   37.5000 9093.6992   24.9193
    0.0000   37.5000   37.5000 9501.9521   24.8683
    7.5000   37.5000   37.5000 9041.3340   24.8896
   -7.5000   45.0000   37.5000 8055.8931   24.3875
    0.0000   45.0000   37.5000 8399.8594   24.3340
    7.5000   45.0000   37.5000 8006.0283   24.3519
   -7.5000  -45.0000   45.0000 8986.4004   25.8653
    0.0000  -45.0000   45.0000 9392.3232   25.8052
    7.5000  -45.0000   45.0000 8930.4033   25.8368
   -7.5000  -37.5000   45.0000 9404.3096   25.8763
    0.0000  -37.5000   45.0000 9837.0166   25.8177
    7.5000  -37.5000   45.0000 9351.7236   25.8433
   -7.5000  -30.0000   45.000010122.2910   25.9096
    0.0000  -30.0000   45.000010552.8994   25.8574
    7.5000  -30.0000   45.000010033.8584   25.8834
   -7.5000  -22.5000   45.000010756.6221   25.9162
    0.0000  -22.5000   45.000011224.6982   25.8702
    7.5000  -22.5000   45.000010666.0430   25.9030
   -7.5000  -15.0000   45.000011361.1299   25.8933
    0.0000  -15.0000   45.000011883.9883   25.8478
    7.5000  -15.0000   45.000011290.5283   25.8884
   -7.5000   -7.5000   45.000011938.4561   25.8672
    0.0000   -7.5000   45.000012491.5498   25.8139
    7.5000   -7.5000   45.000011865.9736   25.8538
   -7.5000    0.0000   45.000012359.7812   25.8566
    0.0000    0.0000   45.000012936.9141   25.7965
    7.5000    0.0000   45.000012296.6016   25.8281
   -7.5000    7.5000   45.000011708.1631   25.8763
    0.0000    7.5000   45.000012266.7646   25.8176
    7.5000    7.5000   45.000011647.3154   25.8433
   -7.5000   15.0000   45.000010873.0967   25.9096
    0.0000   15.0000   45.000011394.4541   25.8574
    7.5000   15.0000   45.000010822.8311   25.8834
   -7.5000   22.5000   45.0000 9946.7139   25.9042
    0.0000   22.5000   45.000010428.4062   25.8582
    7.5000   22.5000   45.0000 9921.0029   25.8910
   -7.5000   30.0000   45.0000 9003.8203   25.5560
    0.0000   30.0000   45.0000 9401.8701   25.5110
    7.5000   30.0000   45.0000 8951.6436   25.5512
   -7.5000   37.5000   45.0000 8393.0918   25.5331
    0.0000   37.5000   45.0000 8757.6484   25.4804
    7.5000   37.5000   45.0000 8348.4697   25.5197
   -7.5000   45.0000   45.0000 7442.1074   25.0114
    0.0000   45.0000   45.0000 7756.7021   24.9526
    7.5000   45.0000   45.0000 7383.1987   24.9832

---------------------------------------------------------------------
imgreg_4dfp /usr/local/freesurfer/average/711-2C_as_mni_average_305 /usr/local/freesurfer/average/711-2B_as_mni_average_305_mask talsrcimg_g11 none talsrcimg_to_711-2C_as_mni_average_305_t4 4355
---------------------------------------------------------------------

freesurfer imgreg_4dfp.c
/usr/local/freesurfer/average/711-2C_as_mni_average_305.4dfp.img
       256       256       256         1
  1.000000  1.000000  1.000000
orientation T byte_order littleendian
Reading image: /usr/local/freesurfer/average/711-2C_as_mni_average_305.4dfp.img
dimensions:      256       256       256
mmppix:       1.0000   -1.0000   -1.0000
center:     128.0000 -129.0000 -129.0000
/usr/local/freesurfer/average/711-2B_as_mni_average_305_mask.4dfp.img
       256       256       256         1
  1.000000  1.000000  1.000000
orientation T byte_order littleendian
Reading mask: /usr/local/freesurfer/average/711-2B_as_mni_average_305_mask.4dfp.img (2306576 pixels)
talsrcimg_g11.4dfp.img
       256       256       256         1
  1.000000  1.000000  1.000000
orientation T byte_order littleendian
Reading image: talsrcimg_g11.4dfp.img
dimensions:      256       256       256
mmppix:       1.0000   -1.0000   -1.0000
center:     128.0000 -129.0000 -129.0000
rotation matrix determinant  1.000000
image alignment mode   4355 decimal     1103 hex
   -7.5000  -45.0000  -45.0000 2316.3835   22.1752
    0.0000  -45.0000  -45.0000 2320.3499   22.1184
    7.5000  -45.0000  -45.0000 2302.8433   22.3031
   -7.5000  -37.5000  -45.0000 2364.2771   20.9641
    0.0000  -37.5000  -45.0000 2368.3213   20.9407
    7.5000  -37.5000  -45.0000 2349.1121   21.0062
   -7.5000  -30.0000  -45.0000 2390.0439   20.1549
    0.0000  -30.0000  -45.0000 2392.5032   20.1126
    7.5000  -30.0000  -45.0000 2374.4365   20.2562
   -7.5000  -22.5000  -45.0000 2409.2710   19.9158
    0.0000  -22.5000  -45.0000 2415.3987   19.8460
    7.5000  -22.5000  -45.0000 2393.0493   20.0403
   -7.5000  -15.0000  -45.0000 2415.8042   20.0736
    0.0000  -15.0000  -45.0000 2422.9829   20.0921
    7.5000  -15.0000  -45.0000 2394.6636   20.2636
   -7.5000   -7.5000  -45.0000 2404.1934   20.6849
    0.0000   -7.5000  -45.0000 2412.1240   20.6374
    7.5000   -7.5000  -45.0000 2386.9241   20.7945
   -7.5000    0.0000  -45.0000 2363.1094   21.5590
    0.0000    0.0000  -45.0000 2370.3748   21.4782
    7.5000    0.0000  -45.0000 2345.3069   21.6049
   -7.5000    7.5000  -45.0000 2310.4583   22.7521
    0.0000    7.5000  -45.0000 2320.5261   22.6793
    7.5000    7.5000  -45.0000 2294.6052   22.7775
   -7.5000   15.0000  -45.0000 2237.4038   24.4570
    0.0000   15.0000  -45.0000 2245.6301   24.3599
    7.5000   15.0000  -45.0000 2217.8049   24.5041
   -7.5000   22.5000  -45.0000 2138.7178   26.6940
    0.0000   22.5000  -45.0000 2146.3076   26.5255
    7.5000   22.5000  -45.0000 2120.7458   26.7730
   -7.5000   30.0000  -45.0000 2026.2252   29.6277
    0.0000   30.0000  -45.0000 2037.2200   29.3806
    7.5000   30.0000  -45.0000 2017.5931   29.6669
   -7.5000   37.5000  -45.0000 1908.4426   33.3822
    0.0000   37.5000  -45.0000 1919.2407   33.0911
    7.5000   37.5000  -45.0000 1902.3440   33.4681
   -7.5000   45.0000  -45.0000 1778.4934   38.2500
    0.0000   45.0000  -45.0000 1783.5248   37.8659
    7.5000   45.0000  -45.0000 1765.4641   38.3116
   -7.5000  -45.0000  -37.5000 2402.1831   20.7836
    0.0000  -45.0000  -37.5000 2407.7778   20.7698
    7.5000  -45.0000  -37.5000 2387.9214   20.8346
   -7.5000  -37.5000  -37.5000 2455.8374   19.5980
    0.0000  -37.5000  -37.5000 2463.9685   19.5678
    7.5000  -37.5000  -37.5000 2440.4976   19.6444
   -7.5000  -30.0000  -37.5000 2483.5735   18.8823
    0.0000  -30.0000  -37.5000 2492.6943   18.8747
    7.5000  -30.0000  -37.5000 2465.2930   18.9472
   -7.5000  -22.5000  -37.5000 2497.6833   18.6221
    0.0000  -22.5000  -37.5000 2508.1770   18.5809
    7.5000  -22.5000  -37.5000 2480.9331   18.7120
   -7.5000  -15.0000  -37.5000 2501.3291   18.7069
    0.0000  -15.0000  -37.5000 2515.2542   18.7077
    7.5000  -15.0000  -37.5000 2486.7996   18.8437
   -7.5000   -7.5000  -37.5000 2494.2791   19.2167
    0.0000   -7.5000  -37.5000 2503.5964   19.1668
    7.5000   -7.5000  -37.5000 2474.7053   19.2980
   -7.5000    0.0000  -37.5000 2454.2358   20.0070
    0.0000    0.0000  -37.5000 2466.9871   19.9660
    7.5000    0.0000  -37.5000 2437.2261   20.0961
   -7.5000    7.5000  -37.5000 2403.8401   21.1919
    0.0000    7.5000  -37.5000 2410.9016   21.1396
    7.5000    7.5000  -37.5000 2384.7952   21.2354
   -7.5000   15.0000  -37.5000 2323.0913   22.8110
    0.0000   15.0000  -37.5000 2335.2000   22.7344
    7.5000   15.0000  -37.5000 2308.8623   22.8473
   -7.5000   22.5000  -37.5000 2216.8845   24.7816
    0.0000   22.5000  -37.5000 2229.2053   24.6695
    7.5000   22.5000  -37.5000 2209.2979   24.8517
   -7.5000   30.0000  -37.5000 2093.6907   27.3902
    0.0000   30.0000  -37.5000 2104.8472   27.1979
    7.5000   30.0000  -37.5000 2091.2151   27.3895
   -7.5000   37.5000  -37.5000 1977.1039   30.8005
    0.0000   37.5000  -37.5000 1986.1218   30.5484
    7.5000   37.5000  -37.5000 1968.4705   30.8255
   -7.5000   45.0000  -37.5000 1838.0463   35.2824
    0.0000   45.0000  -37.5000 1841.0387   34.9690
    7.5000   45.0000  -37.5000 1829.3447   35.3528
   -7.5000  -45.0000  -30.0000 2527.8965   20.3458
    0.0000  -45.0000  -30.0000 2535.7517   20.3002
    7.5000  -45.0000  -30.0000 2510.2781   20.3574
   -7.5000  -37.5000  -30.0000 2589.6765   19.1471
    0.0000  -37.5000  -30.0000 2599.3330   19.1086
    7.5000  -37.5000  -30.0000 2570.8303   19.1684
   -7.5000  -30.0000  -30.0000 2624.0667   18.3520
    0.0000  -30.0000  -30.0000 2636.2927   18.3340
    7.5000  -30.0000  -30.0000 2601.2024   18.3825
   -7.5000  -22.5000  -30.0000 2642.4863   18.0910
    0.0000  -22.5000  -30.0000 2653.5242   18.0279
    7.5000  -22.5000  -30.0000 2626.2446   18.1256
   -7.5000  -15.0000  -30.0000 2643.4790   18.2273
    0.0000  -15.0000  -30.0000 2658.1675   18.1863
    7.5000  -15.0000  -30.0000 2630.6289   18.2619
   -7.5000   -7.5000  -30.0000 2628.1165   18.6853
    0.0000   -7.5000  -30.0000 2640.6536   18.6308
    7.5000   -7.5000  -30.0000 2613.1250   18.7312
   -7.5000    0.0000  -30.0000 2587.8669   19.4356
    0.0000    0.0000  -30.0000 2598.8740   19.3848
    7.5000    0.0000  -30.0000 2569.7212   19.4924
   -7.5000    7.5000  -30.0000 2539.3042   20.5466
    0.0000    7.5000  -30.0000 2550.1008   20.5314
    7.5000    7.5000  -30.0000 2518.6235   20.5940
   -7.5000   15.0000  -30.0000 2454.8059   22.0626
    0.0000   15.0000  -30.0000 2465.7605   22.0014
    7.5000   15.0000  -30.0000 2436.1318   22.1007
   -7.5000   22.5000  -30.0000 2344.0713   23.9707
    0.0000   22.5000  -30.0000 2358.9387   23.9056
    7.5000   22.5000  -30.0000 2330.8708   23.9805
   -7.5000   30.0000  -30.0000 2203.2629   26.3677
    0.0000   30.0000  -30.0000 2214.0938   26.2708
    7.5000   30.0000  -30.0000 2200.1853   26.4564
   -7.5000   37.5000  -30.0000 2074.0305   29.5881
    0.0000   37.5000  -30.0000 2081.5991   29.3932
    7.5000   37.5000  -30.0000 2067.6216   29.6866
   -7.5000   45.0000  -30.0000 1934.2988   33.8151
    0.0000   45.0000  -30.0000 1936.6686   33.5795
    7.5000   45.0000  -30.0000 1928.0381   33.9637
   -7.5000  -45.0000  -22.5000 2620.3606   19.7501
    0.0000  -45.0000  -22.5000 2624.1318   19.7184
    7.5000  -45.0000  -22.5000 2595.2717   19.7572
   -7.5000  -37.5000  -22.5000 2687.3213   18.5562
    0.0000  -37.5000  -22.5000 2694.9243   18.5112
    7.5000  -37.5000  -22.5000 2669.3516   18.5336
   -7.5000  -30.0000  -22.5000 2722.8762   17.7155
    0.0000  -30.0000  -22.5000 2734.2791   17.6651
    7.5000  -30.0000  -22.5000 2711.3745   17.7299
   -7.5000  -22.5000  -22.5000 2752.4497   17.3405
    0.0000  -22.5000  -22.5000 2760.8728   17.3125
    7.5000  -22.5000  -22.5000 2734.9236   17.4022
   -7.5000  -15.0000  -22.5000 2747.4189   17.5741
    0.0000  -15.0000  -22.5000 2764.7844   17.5153
    7.5000  -15.0000  -22.5000 2740.1470   17.5532
   -7.5000   -7.5000  -22.5000 2734.3655   18.0565
    0.0000   -7.5000  -22.5000 2750.0291   17.9768
    7.5000   -7.5000  -22.5000 2721.8076   18.0393
   -7.5000    0.0000  -22.5000 2696.2974   18.7874
    0.0000    0.0000  -22.5000 2710.2644   18.7527
    7.5000    0.0000  -22.5000 2684.1040   18.7916
   -7.5000    7.5000  -22.5000 2643.0156   19.8255
    0.0000    7.5000  -22.5000 2657.0276   19.7912
    7.5000    7.5000  -22.5000 2628.3796   19.8540
   -7.5000   15.0000  -22.5000 2552.4031   21.2224
    0.0000   15.0000  -22.5000 2564.3845   21.1654
    7.5000   15.0000  -22.5000 2540.7852   21.2748
   -7.5000   22.5000  -22.5000 2440.2451   23.0764
    0.0000   22.5000  -22.5000 2455.3293   23.0064
    7.5000   22.5000  -22.5000 2431.7566   23.1278
   -7.5000   30.0000  -22.5000 2293.0359   25.5196
    0.0000   30.0000  -22.5000 2308.3323   25.4288
    7.5000   30.0000  -22.5000 2294.7512   25.5382
   -7.5000   37.5000  -22.5000 2153.3518   28.4971
    0.0000   37.5000  -22.5000 2166.0854   28.3476
    7.5000   37.5000  -22.5000 2154.1118   28.5927
   -7.5000   45.0000  -22.5000 2004.5017   32.4412
    0.0000   45.0000  -22.5000 2006.9846   32.2317
    7.5000   45.0000  -22.5000 2002.3928   32.5729
   -7.5000  -45.0000  -15.0000 2665.0874   19.1880
    0.0000  -45.0000  -15.0000 2674.1853   19.1664
    7.5000  -45.0000  -15.0000 2645.6418   19.2200
   -7.5000  -37.5000  -15.0000 2743.1384   17.9769
    0.0000  -37.5000  -15.0000 2755.6985   17.9448
    7.5000  -37.5000  -15.0000 2727.5916   18.0031
   -7.5000  -30.0000  -15.0000 2788.7842   17.1320
    0.0000  -30.0000  -15.0000 2801.5103   17.1042
    7.5000  -30.0000  -15.0000 2769.0261   17.1907
   -7.5000  -22.5000  -15.0000 2815.8625   16.6251
    0.0000  -22.5000  -15.0000 2825.0291   16.5977
    7.5000  -22.5000  -15.0000 2796.0640   16.7410
   -7.5000  -15.0000  -15.0000 2819.6052   16.8112
    0.0000  -15.0000  -15.0000 2836.6716   16.7959
    7.5000  -15.0000  -15.0000 2805.5122   16.8339
   -7.5000   -7.5000  -15.0000 2805.4939   17.3335
    0.0000   -7.5000  -15.0000 2826.4170   17.2966
    7.5000   -7.5000  -15.0000 2798.5845   17.2832
   -7.5000    0.0000  -15.0000 2762.2490   18.0801
    0.0000    0.0000  -15.0000 2786.4065   18.0407
    7.5000    0.0000  -15.0000 2759.9158   18.0724
   -7.5000    7.5000  -15.0000 2700.2961   19.1098
    0.0000    7.5000  -15.0000 2718.6475   19.0698
    7.5000    7.5000  -15.0000 2698.4092   19.1490
   -7.5000   15.0000  -15.0000 2611.8386   20.4848
    0.0000   15.0000  -15.0000 2624.6768   20.4247
    7.5000   15.0000  -15.0000 2604.3201   20.5274
   -7.5000   22.5000  -15.0000 2497.5625   22.3656
    0.0000   22.5000  -15.0000 2516.4172   22.2959
    7.5000   22.5000  -15.0000 2496.2051   22.4120
   -7.5000   30.0000  -15.0000 2357.3418   24.7346
    0.0000   30.0000  -15.0000 2372.1865   24.6644
    7.5000   30.0000  -15.0000 2356.7104   24.7793
   -7.5000   37.5000  -15.0000 2210.4277   27.6267
    0.0000   37.5000  -15.0000 2223.8777   27.5319
    7.5000   37.5000  -15.0000 2208.0303   27.6813
   -7.5000   45.0000  -15.0000 2049.6848   31.3683
    0.0000   45.0000  -15.0000 2054.4695   31.1440
    7.5000   45.0000  -15.0000 2045.9105   31.3897
   -7.5000  -45.0000   -7.5000 2682.8833   18.7116
    0.0000  -45.0000   -7.5000 2698.3945   18.6889
    7.5000  -45.0000   -7.5000 2662.6592   18.7764
   -7.5000  -37.5000   -7.5000 2769.5903   17.5512
    0.0000  -37.5000   -7.5000 2786.9326   17.5180
    7.5000  -37.5000   -7.5000 2752.7085   17.5869
   -7.5000  -30.0000   -7.5000 2831.6711   16.7637
    0.0000  -30.0000   -7.5000 2851.0867   16.7423
    7.5000  -30.0000   -7.5000 2808.9658   16.8271
   -7.5000  -22.5000   -7.5000 2856.5015   16.1331
    0.0000  -22.5000   -7.5000 2876.5610   16.1211
    7.5000  -22.5000   -7.5000 2837.9165   16.3420
   -7.5000  -15.0000   -7.5000 2860.9109   16.1393
    0.0000  -15.0000   -7.5000 2882.8191   16.1270
    7.5000  -15.0000   -7.5000 2846.8184   16.2380
   -7.5000   -7.5000   -7.5000 2847.9099   16.5909
    0.0000   -7.5000   -7.5000 2870.7920   16.5755
    7.5000   -7.5000   -7.5000 2848.0540   16.6234
   -7.5000    0.0000   -7.5000 2805.3884   17.3753
    0.0000    0.0000   -7.5000 2823.5247   17.3121
    7.5000    0.0000   -7.5000 2806.2861   17.4316
   -7.5000    7.5000   -7.5000 2738.9238   18.4839
    0.0000    7.5000   -7.5000 2758.0847   18.3768
    7.5000    7.5000   -7.5000 2742.4790   18.5551
   -7.5000   15.0000   -7.5000 2643.7458   19.8750
    0.0000   15.0000   -7.5000 2659.5759   19.7719
    7.5000   15.0000   -7.5000 2642.1472   19.9895
   -7.5000   22.5000   -7.5000 2531.6023   21.6926
    0.0000   22.5000   -7.5000 2551.7185   21.6187
    7.5000   22.5000   -7.5000 2530.6550   21.8553
   -7.5000   30.0000   -7.5000 2397.1995   23.9619
    0.0000   30.0000   -7.5000 2409.7534   23.9259
    7.5000   30.0000   -7.5000 2393.1980   24.1077
   -7.5000   37.5000   -7.5000 2248.8328   26.7820
    0.0000   37.5000   -7.5000 2260.4426   26.7272
    7.5000   37.5000   -7.5000 2239.7437   26.8937
   -7.5000   45.0000   -7.5000 2080.3689   30.4380
    0.0000   45.0000   -7.5000 2087.8196   30.2226
    7.5000   45.0000   -7.5000 2069.3479   30.4464
   -7.5000  -45.0000    0.0000 2671.6650   18.5221
    0.0000  -45.0000    0.0000 2691.1406   18.4256
    7.5000  -45.0000    0.0000 2656.2717   18.6076
   -7.5000  -37.5000    0.0000 2766.9500   17.4002
    0.0000  -37.5000    0.0000 2787.5283   17.2819
    7.5000  -37.5000    0.0000 2750.5247   17.4509
   -7.5000  -30.0000    0.0000 2840.2319   16.6541
    0.0000  -30.0000    0.0000 2865.3889   16.5612
    7.5000  -30.0000    0.0000 2821.2090   16.6740
   -7.5000  -22.5000    0.0000 2888.2456   16.0297
    0.0000  -22.5000    0.0000 2916.8730   15.9533
    7.5000  -22.5000    0.0000 2868.4810   16.1950
   -7.5000  -15.0000    0.0000 2880.2439   15.7402
    0.0000  -15.0000    0.0000 2905.2307   15.6493
    7.5000  -15.0000    0.0000 2878.1462   16.0460
   -7.5000   -7.5000    0.0000 2855.5291   16.0940
    0.0000   -7.5000    0.0000 2875.5684   15.9474
    7.5000   -7.5000    0.0000 2866.0508   16.3125
   -7.5000    0.0000    0.0000 2816.3130   16.9771
    0.0000    0.0000    0.0000 2835.0903   16.7509
    7.5000    0.0000    0.0000 2828.7227   17.1390
   -7.5000    7.5000    0.0000 2752.6758   18.0850
    0.0000    7.5000    0.0000 2769.9758   17.9104
    7.5000    7.5000    0.0000 2756.3752   18.2317
   -7.5000   15.0000    0.0000 2657.1106   19.5127
    0.0000   15.0000    0.0000 2673.4111   19.3986
    7.5000   15.0000    0.0000 2657.3757   19.6329
   -7.5000   22.5000    0.0000 2547.5227   21.3352
    0.0000   22.5000    0.0000 2565.1812   21.2594
    7.5000   22.5000    0.0000 2543.9399   21.4759
   -7.5000   30.0000    0.0000 2414.8286   23.5716
    0.0000   30.0000    0.0000 2431.1270   23.5213
    7.5000   30.0000    0.0000 2410.8760   23.7370
   -7.5000   37.5000    0.0000 2268.6628   26.4344
    0.0000   37.5000    0.0000 2285.8384   26.3328
    7.5000   37.5000    0.0000 2261.4233   26.5725
   -7.5000   45.0000    0.0000 2099.0869   30.0656
    0.0000   45.0000    0.0000 2110.7700   29.8263
    7.5000   45.0000    0.0000 2094.1304   30.1173
   -7.5000  -45.0000    7.5000 2649.1848   18.7021
    0.0000  -45.0000    7.5000 2662.5664   18.4712
    7.5000  -45.0000    7.5000 2637.0996   18.7455
   -7.5000  -37.5000    7.5000 2747.8042   17.5266
    0.0000  -37.5000    7.5000 2757.9458   17.2704
    7.5000  -37.5000    7.5000 2735.5239   17.5643
   -7.5000  -30.0000    7.5000 2826.7515   16.7764
    0.0000  -30.0000    7.5000 2846.1226   16.5488
    7.5000  -30.0000    7.5000 2822.1265   16.8375
   -7.5000  -22.5000    7.5000 2875.9897   16.2053
    0.0000  -22.5000    7.5000 2911.8823   15.9643
    7.5000  -22.5000    7.5000 2883.1821   16.3271
   -7.5000  -15.0000    7.5000 2892.3677   16.0179
    0.0000  -15.0000    7.5000 2915.4751   15.6256
    7.5000  -15.0000    7.5000 2897.5354   16.1568
   -7.5000   -7.5000    7.5000 2877.1482   16.2700
    0.0000   -7.5000    7.5000 2897.0603   15.8982
    7.5000   -7.5000    7.5000 2888.1284   16.4219
   -7.5000    0.0000    7.5000 2832.9170   16.9281
    0.0000    0.0000    7.5000 2849.4153   16.6620
    7.5000    0.0000    7.5000 2834.8040   17.0499
   -7.5000    7.5000    7.5000 2758.5217   17.9961
    0.0000    7.5000    7.5000 2773.7629   17.7900
    7.5000    7.5000    7.5000 2762.1016   18.0588
   -7.5000   15.0000    7.5000 2657.6814   19.5325
    0.0000   15.0000    7.5000 2673.0835   19.3448
    7.5000   15.0000    7.5000 2656.8169   19.5531
   -7.5000   22.5000    7.5000 2549.7180   21.4055
    0.0000   22.5000    7.5000 2564.5659   21.2661
    7.5000   22.5000    7.5000 2546.2119   21.4440
   -7.5000   30.0000    7.5000 2416.7795   23.6470
    0.0000   30.0000    7.5000 2437.8555   23.5701
    7.5000   30.0000    7.5000 2419.6716   23.7208
   -7.5000   37.5000    7.5000 2270.2112   26.3638
    0.0000   37.5000    7.5000 2292.6548   26.3433
    7.5000   37.5000    7.5000 2267.7859   26.4587
   -7.5000   45.0000    7.5000 2103.9966   29.8735
    0.0000   45.0000    7.5000 2112.4473   29.7422
    7.5000   45.0000    7.5000 2098.2788   29.9209
   -7.5000  -45.0000   15.0000 2607.6899   19.2083
    0.0000  -45.0000   15.0000 2619.8582   18.8437
    7.5000  -45.0000   15.0000 2601.7695   19.1992
   -7.5000  -37.5000   15.0000 2708.8665   18.0182
    0.0000  -37.5000   15.0000 2715.2756   17.6451
    7.5000  -37.5000   15.0000 2705.0061   18.0234
   -7.5000  -30.0000   15.0000 2799.2856   17.2821
    0.0000  -30.0000   15.0000 2810.4656   16.9413
    7.5000  -30.0000   15.0000 2797.9553   17.2799
   -7.5000  -22.5000   15.0000 2860.4050   16.7872
    0.0000  -22.5000   15.0000 2883.1685   16.3634
    7.5000  -22.5000   15.0000 2860.9819   16.7460
   -7.5000  -15.0000   15.0000 2890.5322   16.6568
    0.0000  -15.0000   15.0000 2908.5759   16.1964
    7.5000  -15.0000   15.0000 2885.1731   16.5226
   -7.5000   -7.5000   15.0000 2881.8479   16.9219
    0.0000   -7.5000   15.0000 2910.9441   16.6371
    7.5000   -7.5000   15.0000 2884.9636   16.8097
   -7.5000    0.0000   15.0000 2830.6194   17.4917
    0.0000    0.0000   15.0000 2851.2219   17.3218
    7.5000    0.0000   15.0000 2828.2715   17.4317
   -7.5000    7.5000   15.0000 2748.0657   18.3830
    0.0000    7.5000   15.0000 2763.5796   18.2429
    7.5000    7.5000   15.0000 2757.5029   18.3641
   -7.5000   15.0000   15.0000 2643.4917   19.7481
    0.0000   15.0000   15.0000 2655.5730   19.6222
    7.5000   15.0000   15.0000 2648.6267   19.7686
   -7.5000   22.5000   15.0000 2529.6733   21.5578
    0.0000   22.5000   15.0000 2543.6096   21.4874
    7.5000   22.5000   15.0000 2531.9109   21.6042
   -7.5000   30.0000   15.0000 2394.3560   23.7928
    0.0000   30.0000   15.0000 2412.8430   23.7511
    7.5000   30.0000   15.0000 2399.2253   23.8303
   -7.5000   37.5000   15.0000 2251.7954   26.5115
    0.0000   37.5000   15.0000 2272.5388   26.4830
    7.5000   37.5000   15.0000 2255.8442   26.6096
   -7.5000   45.0000   15.0000 2098.3828   30.1613
    0.0000   45.0000   15.0000 2107.6833   29.9860
    7.5000   45.0000   15.0000 2091.9272   30.1678
   -7.5000  -45.0000   22.5000 2566.3865   20.1219
    0.0000  -45.0000   22.5000 2569.4143   19.6735
    7.5000  -45.0000   22.5000 2562.8257   20.0800
   -7.5000  -37.5000   22.5000 2671.6963   18.9470
    0.0000  -37.5000   22.5000 2675.1519   18.5333
    7.5000  -37.5000   22.5000 2663.5149   18.8564
   -7.5000  -30.0000   22.5000 2759.7588   18.1105
    0.0000  -30.0000   22.5000 2770.1348   17.7104
    7.5000  -30.0000   22.5000 2751.5410   17.9832
   -7.5000  -22.5000   22.5000 2823.9915   17.5130
    0.0000  -22.5000   22.5000 2838.1108   16.9854
    7.5000  -22.5000   22.5000 2808.3286   17.3228
   -7.5000  -15.0000   22.5000 2849.4890   17.2956
    0.0000  -15.0000   22.5000 2873.7241   16.9328
    7.5000  -15.0000   22.5000 2840.4353   17.1281
   -7.5000   -7.5000   22.5000 2845.9116   17.4925
    0.0000   -7.5000   22.5000 2876.5767   17.3204
    7.5000   -7.5000   22.5000 2848.5366   17.4095
   -7.5000    0.0000   22.5000 2794.6565   18.0858
    0.0000    0.0000   22.5000 2819.7405   17.9259
    7.5000    0.0000   22.5000 2796.9341   18.0150
   -7.5000    7.5000   22.5000 2716.0261   19.0080
    0.0000    7.5000   22.5000 2741.5945   18.9020
    7.5000    7.5000   22.5000 2725.9150   18.9548
   -7.5000   15.0000   22.5000 2620.0935   20.4120
    0.0000   15.0000   22.5000 2643.7102   20.3005
    7.5000   15.0000   22.5000 2622.6321   20.3488
   -7.5000   22.5000   22.5000 2505.6978   22.1987
    0.0000   22.5000   22.5000 2527.5249   22.1508
    7.5000   22.5000   22.5000 2512.5061   22.2096
   -7.5000   30.0000   22.5000 2371.9844   24.4629
    0.0000   30.0000   22.5000 2390.2324   24.4017
    7.5000   30.0000   22.5000 2380.0417   24.4578
   -7.5000   37.5000   22.5000 2227.0886   27.1664
    0.0000   37.5000   22.5000 2246.9070   27.0551
    7.5000   37.5000   22.5000 2235.7852   27.1082
   -7.5000   45.0000   22.5000 2076.3662   30.5472
    0.0000   45.0000   22.5000 2084.0793   30.3226
    7.5000   45.0000   22.5000 2076.5022   30.5138
   -7.5000  -45.0000   30.0000 2522.6555   21.3564
    0.0000  -45.0000   30.0000 2524.5669   20.8714
    7.5000  -45.0000   30.0000 2509.7935   21.1645
   -7.5000  -37.5000   30.0000 2617.0840   20.0607
    0.0000  -37.5000   30.0000 2620.8650   19.5857
    7.5000  -37.5000   30.0000 2609.6018   19.8266
   -7.5000  -30.0000   30.0000 2694.1116   19.0098
    0.0000  -30.0000   30.0000 2703.4302   18.5262
    7.5000  -30.0000   30.0000 2688.4089   18.8150
   -7.5000  -22.5000   30.0000 2750.8765   18.3195
    0.0000  -22.5000   30.0000 2764.5503   17.8073
    7.5000  -22.5000   30.0000 2740.1206   18.0953
   -7.5000  -15.0000   30.0000 2780.7661   18.0748
    0.0000  -15.0000   30.0000 2799.4263   17.7871
    7.5000  -15.0000   30.0000 2771.8459   17.9753
   -7.5000   -7.5000   30.0000 2770.0215   18.3172
    0.0000   -7.5000   30.0000 2789.5789   18.1113
    7.5000   -7.5000   30.0000 2768.5266   18.2728
   -7.5000    0.0000   30.0000 2728.2678   18.8672
    0.0000    0.0000   30.0000 2745.6067   18.6480
    7.5000    0.0000   30.0000 2730.3794   18.8285
   -7.5000    7.5000   30.0000 2662.4983   19.8036
    0.0000    7.5000   30.0000 2683.2715   19.6030
    7.5000    7.5000   30.0000 2668.5339   19.7425
   -7.5000   15.0000   30.0000 2575.1155   21.2002
    0.0000   15.0000   30.0000 2602.9526   21.0370
    7.5000   15.0000   30.0000 2584.2935   21.1113
   -7.5000   22.5000   30.0000 2472.1343   23.0176
    0.0000   22.5000   30.0000 2496.9241   22.8893
    7.5000   22.5000   30.0000 2482.6392   22.9649
   -7.5000   30.0000   30.0000 2341.0376   25.3632
    0.0000   30.0000   30.0000 2358.1887   25.2165
    7.5000   30.0000   30.0000 2346.6704   25.2827
   -7.5000   37.5000   30.0000 2193.5747   27.9983
    0.0000   37.5000   30.0000 2217.2773   27.8813
    7.5000   37.5000   30.0000 2199.9443   27.9848
   -7.5000   45.0000   30.0000 2051.5239   31.4411
    0.0000   45.0000   30.0000 2060.2693   31.1889
    7.5000   45.0000   30.0000 2049.2424   31.3915
   -7.5000  -45.0000   37.5000 2466.6506   22.6621
    0.0000  -45.0000   37.5000 2470.9417   22.0871
    7.5000  -45.0000   37.5000 2459.1990   22.3678
   -7.5000  -37.5000   37.5000 2551.5535   21.1806
    0.0000  -37.5000   37.5000 2562.5449   20.6491
    7.5000  -37.5000   37.5000 2552.5771   20.9240
   -7.5000  -30.0000   37.5000 2623.7991   20.0500
    0.0000  -30.0000   37.5000 2636.0471   19.5308
    7.5000  -30.0000   37.5000 2621.8474   19.8350
   -7.5000  -22.5000   37.5000 2675.6313   19.3083
    0.0000  -22.5000   37.5000 2688.8826   18.8668
    7.5000  -22.5000   37.5000 2666.9839   19.1214
   -7.5000  -15.0000   37.5000 2701.4495   19.0813
    0.0000  -15.0000   37.5000 2720.1284   18.7779
    7.5000  -15.0000   37.5000 2697.7063   18.9571
   -7.5000   -7.5000   37.5000 2689.3176   19.3393
    0.0000   -7.5000   37.5000 2706.1143   19.0745
    7.5000   -7.5000   37.5000 2688.6282   19.2418
   -7.5000    0.0000   37.5000 2652.3640   19.8892
    0.0000    0.0000   37.5000 2663.6008   19.6394
    7.5000    0.0000   37.5000 2652.5925   19.8216
   -7.5000    7.5000   37.5000 2601.1733   20.7982
    0.0000    7.5000   37.5000 2613.4946   20.5684
    7.5000    7.5000   37.5000 2599.6492   20.7208
   -7.5000   15.0000   37.5000 2524.9309   22.1755
    0.0000   15.0000   37.5000 2546.7451   21.9818
    7.5000   15.0000   37.5000 2529.4133   22.0950
   -7.5000   22.5000   37.5000 2429.8201   23.9742
    0.0000   22.5000   37.5000 2451.2209   23.8373
    7.5000   22.5000   37.5000 2434.9946   23.9403
   -7.5000   30.0000   37.5000 2298.4451   26.3005
    0.0000   30.0000   37.5000 2315.6248   26.1923
    7.5000   30.0000   37.5000 2300.5996   26.2901
   -7.5000   37.5000   37.5000 2161.9822   29.2014
    0.0000   37.5000   37.5000 2180.3938   29.0442
    7.5000   37.5000   37.5000 2166.7009   29.1284
   -7.5000   45.0000   37.5000 2023.4540   32.7177
    0.0000   45.0000   37.5000 2031.6255   32.5104
    7.5000   45.0000   37.5000 2024.9950   32.6709
   -7.5000  -45.0000   45.0000 2398.1096   24.1042
    0.0000  -45.0000   45.0000 2407.2295   23.5285
    7.5000  -45.0000   45.0000 2393.5686   23.7577
   -7.5000  -37.5000   45.0000 2477.4658   22.5381
    0.0000  -37.5000   45.0000 2491.7773   21.9702
    7.5000  -37.5000   45.0000 2480.8936   22.2374
   -7.5000  -30.0000   45.0000 2546.0886   21.3587
    0.0000  -30.0000   45.0000 2559.1892   20.8477
    7.5000  -30.0000   45.0000 2543.8438   21.0896
   -7.5000  -22.5000   45.0000 2592.8667   20.5479
    0.0000  -22.5000   45.0000 2608.1577   20.1716
    7.5000  -22.5000   45.0000 2588.4668   20.3515
   -7.5000  -15.0000   45.0000 2609.6133   20.3128
    0.0000  -15.0000   45.0000 2630.5156   20.0106
    7.5000  -15.0000   45.0000 2611.5554   20.1510
   -7.5000   -7.5000   45.0000 2602.6348   20.4805
    0.0000   -7.5000   45.0000 2620.8264   20.2437
    7.5000   -7.5000   45.0000 2603.0496   20.3797
   -7.5000    0.0000   45.0000 2569.0195   21.0611
    0.0000    0.0000   45.0000 2586.7048   20.8430
    7.5000    0.0000   45.0000 2573.0544   20.9792
   -7.5000    7.5000   45.0000 2518.7383   22.0536
    0.0000    7.5000   45.0000 2534.6248   21.8269
    7.5000    7.5000   45.0000 2521.6970   21.9682
   -7.5000   15.0000   45.0000 2453.9473   23.3664
    0.0000   15.0000   45.0000 2470.9099   23.2191
    7.5000   15.0000   45.0000 2456.8218   23.2722
   -7.5000   22.5000   45.0000 2365.3660   25.1802
    0.0000   22.5000   45.0000 2383.8591   25.0696
    7.5000   22.5000   45.0000 2372.7207   25.1037
   -7.5000   30.0000   45.0000 2243.0613   27.5377
    0.0000   30.0000   45.0000 2255.5107   27.4691
    7.5000   30.0000   45.0000 2243.7415   27.5412
   -7.5000   37.5000   45.0000 2117.4319   30.6239
    0.0000   37.5000   45.0000 2130.8464   30.4962
    7.5000   37.5000   45.0000 2120.6836   30.6177
   -7.5000   45.0000   45.0000 1986.4137   34.2825
    0.0000   45.0000   45.0000 2000.5573   34.0472
    7.5000   45.0000   45.0000 1988.3817   34.2470

---------------------------------------------------------------------
imgreg_4dfp /usr/local/freesurfer/average/711-2C_as_mni_average_305 /usr/local/freesurfer/average/711-2B_as_mni_average_305_mask talsrcimg_g11 none talsrcimg_to_711-2C_as_mni_average_305_t4 1283
---------------------------------------------------------------------

freesurfer imgreg_4dfp.c
/usr/local/freesurfer/average/711-2C_as_mni_average_305.4dfp.img
       256       256       256         1
  1.000000  1.000000  1.000000
orientation T byte_order littleendian
Reading image: /usr/local/freesurfer/average/711-2C_as_mni_average_305.4dfp.img
dimensions:      256       256       256
mmppix:       1.0000   -1.0000   -1.0000
center:     128.0000 -129.0000 -129.0000
/usr/local/freesurfer/average/711-2B_as_mni_average_305_mask.4dfp.img
       256       256       256         1
  1.000000  1.000000  1.000000
orientation T byte_order littleendian
Reading mask: /usr/local/freesurfer/average/711-2B_as_mni_average_305_mask.4dfp.img (2306576 pixels)
talsrcimg_g11.4dfp.img
       256       256       256         1
  1.000000  1.000000  1.000000
orientation T byte_order littleendian
Reading image: talsrcimg_g11.4dfp.img
dimensions:      256       256       256
mmppix:       1.0000   -1.0000   -1.0000
center:     128.0000 -129.0000 -129.0000
rotation matrix determinant  1.000000
fimgreg.f
image alignment mode   1283 decimal      503 hex
parameters
    0.0000  -22.5000    0.0000    0.0000    0.0000    0.0000
eta,q 0.91590 16.01449
niter,ni,del,rscale     5    3   12.0000    1.2000
parameter  3 -0.515870 -> -0.500000 qaram    1.1500
parameter  4  1.083250 ->  0.500000 qaram    1.1500
parameter  6  0.585486 ->  0.500000 qaram    1.1500
parameters
   -1.4376  -20.0057    3.4500   -3.4500   -2.4455   -3.4500
eta,q 0.92250 15.90329
  0.0907  0.0961  0.0975  0.0783  0.0802  0.0783
  0.0872  0.0920  0.0950  0.0788  0.0792  0.0775
  0.0869  0.0885  0.0896  0.0794  0.0779  0.0775
  0.0869  0.0863  0.0849  0.0813  0.0789  0.0781
  0.0885  0.0848  0.0823  0.0844  0.0816  0.0795
  0.0923  0.0849  0.0822  0.0878  0.0843  0.0807
  0.0974  0.0875  0.0864  0.0904  0.0874  0.0815
niter,ni,del,rscale     7    3   12.0000    1.2000
parameter  4  1.222004 ->  0.500000 qaram    1.3225
parameters
   -0.5963  -19.2110    3.5123   -7.4175   -5.1232   -1.4803
eta,q 0.92632 16.06976
  0.0892  0.0893  0.0890  0.0741  0.0754  0.0824
  0.0850  0.0833  0.0827  0.0745  0.0744  0.0795
  0.0799  0.0796  0.0794  0.0756  0.0741  0.0766
  0.0775  0.0781  0.0779  0.0779  0.0746  0.0742
  0.0796  0.0782  0.0815  0.0806  0.0769  0.0737
  0.0813  0.0807  0.0864  0.0842  0.0794  0.0749
  0.0844  0.0843  0.0853  0.0873  0.0822  0.0770
niter,ni,del,rscale     7    3   12.0000    1.2000
parameter  4  0.535711 ->  0.500000 qaram    1.5209
parameters
    0.7019  -17.4313    3.2212  -11.9801   -4.8705   -1.7201
eta,q 0.92904 16.01151
  0.0898  0.0930  0.0813  0.0720  0.0800  0.0748
  0.0842  0.0871  0.0762  0.0712  0.0760  0.0721
  0.0773  0.0794  0.0739  0.0708  0.0724  0.0707
  0.0737  0.0736  0.0720  0.0719  0.0711  0.0711
  0.0742  0.0721  0.0770  0.0761  0.0720  0.0727
  0.0771  0.0750  0.0802  0.0799  0.0752  0.0737
  0.0807  0.0803  0.0794  0.0852  0.0785  0.0738
niter,ni,del,rscale     7    3   12.0000    1.2000
parameters
    0.3973  -15.8516    2.6347  -14.1627   -4.9678   -0.9540
eta,q 0.92990 16.02931
  0.0863  0.0862  0.0829  0.0735  0.0776  0.0753
  0.0763  0.0795  0.0766  0.0704  0.0735  0.0729
  0.0704  0.0742  0.0724  0.0701  0.0704  0.0706
  0.0710  0.0706  0.0694  0.0696  0.0700  0.0700
  0.0756  0.0695  0.0762  0.0714  0.0709  0.0707
  0.0811  0.0721  0.0833  0.0754  0.0742  0.0718
  0.0861  0.0757  0.0832  0.0799  0.0778  0.0731
niter,ni,del,rscale     6    3   12.0000    1.2000
parameters
    0.2356  -14.8786    2.0251  -15.5588   -4.9799   -0.5596
eta,q 0.93003 16.01075
  0.0854  0.0822  0.0853  0.0740  0.0774  0.0748
  0.0760  0.0760  0.0774  0.0713  0.0737  0.0725
  0.0699  0.0713  0.0718  0.0700  0.0706  0.0705
  0.0701  0.0699  0.0701  0.0701  0.0699  0.0699
  0.0731  0.0704  0.0759  0.0709  0.0708  0.0706
  0.0789  0.0721  0.0853  0.0737  0.0738  0.0718
  0.0849  0.0758  0.0868  0.0778  0.0774  0.0737
niter,ni,del,rscale     5    3   12.0000    1.2000
parameters
    0.0741  -14.4473    1.6510  -16.0685   -4.9076   -0.5204
eta,q 0.93002 15.98234
  0.0847  0.0809  0.0867  0.0755  0.0779  0.0743
  0.0758  0.0744  0.0788  0.0721  0.0740  0.0723
  0.0698  0.0703  0.0719  0.0705  0.0709  0.0705
  0.0700  0.0698  0.0699  0.0699  0.0700  0.0700
  0.0728  0.0709  0.0744  0.0710  0.0708  0.0707
  0.0783  0.0734  0.0843  0.0729  0.0738  0.0722
  0.0845  0.0772  0.0878  0.0769  0.0775  0.0742
niter,ni,del,rscale     4    3   12.0000    1.2000
parameters
   -0.0454  -14.2574    1.4733  -16.2741   -4.8572   -0.5602
eta,q 0.92999 15.96774
  0.0848  0.0805  0.0874  0.0763  0.0779  0.0742
  0.0761  0.0741  0.0798  0.0724  0.0740  0.0723
  0.0700  0.0701  0.0726  0.0708  0.0709  0.0705
  0.0700  0.0699  0.0699  0.0699  0.0700  0.0700
  0.0727  0.0713  0.0733  0.0712  0.0709  0.0706
  0.0782  0.0742  0.0829  0.0729  0.0739  0.0722
  0.0843  0.0781  0.0878  0.0767  0.0776  0.0744
niter,ni,del,rscale     3    3   12.0000    1.2000
parameters
   -0.1048  -14.1681    1.4081  -16.3913   -4.8275   -0.6084
eta,q 0.92997 15.96127
  0.0850  0.0803  0.0878  0.0765  0.0779  0.0742
  0.0764  0.0740  0.0804  0.0726  0.0740  0.0723
  0.0702  0.0700  0.0730  0.0709  0.0708  0.0705
  0.0700  0.0700  0.0700  0.0700  0.0700  0.0700
  0.0726  0.0715  0.0729  0.0712  0.0709  0.0706
  0.0780  0.0745  0.0821  0.0730  0.0740  0.0722
  0.0840  0.0786  0.0877  0.0766  0.0777  0.0744
niter,ni,del,rscale     2    3   12.0000    1.2000
parameters
   -0.1285  -14.1199    1.3814  -16.4500   -4.8162   -0.6325
eta,q 0.92997 15.95792
  0.0851  0.0802  0.0879  0.0766  0.0779  0.0742
  0.0766  0.0740  0.0807  0.0727  0.0740  0.0723
  0.0703  0.0700  0.0732  0.0709  0.0708  0.0705
  0.0700  0.0700  0.0700  0.0700  0.0700  0.0700
  0.0725  0.0716  0.0727  0.0712  0.0710  0.0706
  0.0779  0.0746  0.0819  0.0730  0.0741  0.0722
  0.0839  0.0788  0.0877  0.0765  0.0777  0.0744
registration optimization eta report
parameter search radius
    6.0000    6.0000    6.9000    9.1253    6.0000    6.9000
100000*second partial in parameter space
       41.       27.       36.        8.       22.        9.
  0.0851  0.0802  0.0879  0.0766  0.0779  0.0742
  0.0766  0.0740  0.0807  0.0727  0.0740  0.0723
  0.0703  0.0700  0.0732  0.0709  0.0708  0.0705
  0.0700  0.0700  0.0700  0.0700  0.0700  0.0700
  0.0725  0.0716  0.0727  0.0712  0.0710  0.0706
  0.0779  0.0746  0.0819  0.0730  0.0741  0.0722
  0.0839  0.0788  0.0877  0.0765  0.0777  0.0744
   -0.1285  -14.1199    1.3814  -16.4500   -4.8162   -0.6325
eta,q 0.92997 15.95792

---------------------------------------------------------------------
imgreg_4dfp /usr/local/freesurfer/average/711-2C_as_mni_average_305 /usr/local/freesurfer/average/711-2B_as_mni_average_305_mask talsrcimg_g11 none talsrcimg_to_711-2C_as_mni_average_305_t4 3335
---------------------------------------------------------------------

freesurfer imgreg_4dfp.c
/usr/local/freesurfer/average/711-2C_as_mni_average_305.4dfp.img
       256       256       256         1
  1.000000  1.000000  1.000000
orientation T byte_order littleendian
Reading image: /usr/local/freesurfer/average/711-2C_as_mni_average_305.4dfp.img
dimensions:      256       256       256
mmppix:       1.0000   -1.0000   -1.0000
center:     128.0000 -129.0000 -129.0000
/usr/local/freesurfer/average/711-2B_as_mni_average_305_mask.4dfp.img
       256       256       256         1
  1.000000  1.000000  1.000000
orientation T byte_order littleendian
Reading mask: /usr/local/freesurfer/average/711-2B_as_mni_average_305_mask.4dfp.img (2306576 pixels)
talsrcimg_g11.4dfp.img
       256       256       256         1
  1.000000  1.000000  1.000000
orientation T byte_order littleendian
Reading image: talsrcimg_g11.4dfp.img
dimensions:      256       256       256
mmppix:       1.0000   -1.0000   -1.0000
center:     128.0000 -129.0000 -129.0000
fimgreg.f
image alignment mode   3335 decimal      D07 hex
parameters
   -0.1285  -14.1199    1.3814   -0.3591   -4.0729   -4.4319
   -1.3187    8.3643   -1.0999   28.2272   -8.3959  -28.2179
eta,q 0.92802 15.86425
niter,ni,del,rscale     5    3    5.0000    1.2000
parameter  4  1.538487 ->  0.500000 qaram    1.1500
parameter  5  1.803567 ->  0.500000 qaram    1.1500
parameter  6  1.644668 ->  0.500000 qaram    1.1500
parameter  8 -1.448614 ->  0.500000 qaram    1.1500
parameter  9  0.611462 ->  0.500000 qaram    1.1500
parameter 10-43.164738 ->  0.500000 qaram    1.1500
parameter 11  1.462309 ->  0.500000 qaram    1.1500
parameters
    0.3628  -14.7915    1.5810   -4.4991   -8.2129   -8.5719
   -1.3833    4.2243   -5.2399   24.0872  -12.5359  -26.7098
eta,q 0.94491 15.60912
  0.0748  0.0725  0.0742  0.0668  0.0611  0.0587  0.0634  0.0591  0.0599  0.0531  0.0549  0.0574
  0.0735  0.0719  0.0731  0.0678  0.0624  0.0604  0.0622  0.0599  0.0598  0.0556  0.0550  0.0562
  0.0726  0.0717  0.0721  0.0694  0.0648  0.0624  0.0614  0.0605  0.0598  0.0578  0.0555  0.0554
  0.0720  0.0718  0.0717  0.0716  0.0682  0.0629  0.0610  0.0610  0.0601  0.0598  0.0562  0.0551
  0.0718  0.0723  0.0718  0.0745  0.0724  0.0657  0.0613  0.0614  0.0605  0.0619  0.0572  0.0551
  0.0722  0.0731  0.0725  0.0779  0.0771  0.0682  0.0622  0.0616  0.0610  0.0641  0.0583  0.0554
  0.0733  0.0742  0.0735  0.0814  0.0812  0.0721  0.0635  0.0619  0.0617  0.0664  0.0592  0.0559
niter,ni,del,rscale     7    3    5.0000    1.2000
parameter  1 -0.816365 -> -0.500000 qaram    1.1500
parameter  2 -1.684942 -> -0.500000 qaram    1.1500
parameter  3 -1.186265 -> -0.500000 qaram    1.1500
parameter  4  0.672889 ->  0.500000 qaram    1.3225
parameter  5  1.081855 ->  0.500000 qaram    1.3225
parameter  6  2.355011 ->  0.500000 qaram    1.3225
parameter  8 -1.982817 -> -0.500000 qaram    1.3225
parameter  9 -1.150193 -> -0.500000 qaram    1.3225
parameter 10  1.240525 ->  0.500000 qaram    1.3225
parameter 11 -0.672611 -> -0.500000 qaram    1.3225
parameter 12  0.519193 ->  0.500000 qaram    1.1500
parameters
    1.7428  -13.4115    2.9610   -9.2601  -12.9739  -13.3329
   -2.6155    8.9853   -0.4789   19.3262   -7.7749  -30.8498
eta,q 0.97127 15.42281
  0.0616  0.0601  0.0555  0.0477  0.0433  0.0365  0.0413  0.0457  0.0415  0.0289  0.0367  0.0290
  0.0591  0.0577  0.0536  0.0478  0.0440  0.0393  0.0404  0.0437  0.0396  0.0299  0.0343  0.0288
  0.0568  0.0554  0.0521  0.0482  0.0454  0.0420  0.0400  0.0419  0.0378  0.0317  0.0320  0.0288
  0.0551  0.0535  0.0510  0.0495  0.0479  0.0443  0.0401  0.0400  0.0364  0.0349  0.0303  0.0291
  0.0539  0.0519  0.0501  0.0524  0.0517  0.0469  0.0405  0.0379  0.0354  0.0394  0.0293  0.0297
  0.0534  0.0507  0.0494  0.0572  0.0564  0.0515  0.0413  0.0361  0.0348  0.0446  0.0291  0.0305
  0.0536  0.0499  0.0491  0.0622  0.0611  0.0560  0.0424  0.0365  0.0345  0.0496  0.0295  0.0317
niter,ni,del,rscale     7    3    5.0000    1.2000
parameter  2 -1.417862 -> -0.500000 qaram    1.3225
parameters
    1.3698  -11.8245    2.9984  -11.9654  -17.3954  -15.6795
   -2.0417    7.2082    1.5917   18.9882   -7.5621  -31.5771
eta,q 0.97525 14.88635
  0.0320  0.0379  0.0276  0.0278  0.0264  0.0268  0.0275  0.0291  0.0293  0.0284  0.0263  0.0257
  0.0299  0.0345  0.0262  0.0267  0.0253  0.0259  0.0263  0.0260  0.0274  0.0264  0.0252  0.0251
  0.0288  0.0314  0.0254  0.0258  0.0249  0.0253  0.0256  0.0249  0.0259  0.0251  0.0247  0.0248
  0.0287  0.0286  0.0252  0.0252  0.0257  0.0250  0.0253  0.0252  0.0249  0.0247  0.0247  0.0247
  0.0297  0.0264  0.0256  0.0266  0.0285  0.0248  0.0254  0.0265  0.0248  0.0253  0.0250  0.0249
  0.0316  0.0249  0.0263  0.0310  0.0330  0.0281  0.0260  0.0292  0.0254  0.0266  0.0253  0.0254
  0.0344  0.0243  0.0273  0.0371  0.0376  0.0364  0.0269  0.0341  0.0268  0.0291  0.0259  0.0260
niter,ni,del,rscale     7    3    5.0000    1.2000
parameter  2 -0.711996 -> -0.500000 qaram    1.5209
parameters
    1.0179   -9.9995    2.5271  -11.8989  -18.5834  -16.2781
   -2.5293    6.8204    1.6850   20.6659   -7.6687  -34.6621
eta,q 0.97743 14.89682
  0.0271  0.0336  0.0238  0.0259  0.0269  0.0260  0.0250  0.0292  0.0268  0.0289  0.0241  0.0230
  0.0256  0.0301  0.0231  0.0243  0.0251  0.0245  0.0239  0.0253  0.0248  0.0261  0.0231  0.0226
  0.0248  0.0270  0.0228  0.0233  0.0235  0.0235  0.0232  0.0232  0.0235  0.0241  0.0227  0.0226
  0.0247  0.0247  0.0227  0.0227  0.0227  0.0229  0.0230  0.0230  0.0229  0.0229  0.0227  0.0227
  0.0254  0.0232  0.0231  0.0223  0.0234  0.0226  0.0233  0.0239  0.0233  0.0228  0.0230  0.0231
  0.0267  0.0227  0.0238  0.0232  0.0264  0.0237  0.0243  0.0261  0.0247  0.0239  0.0233  0.0237
  0.0288  0.0233  0.0248  0.0269  0.0307  0.0286  0.0257  0.0301  0.0267  0.0259  0.0239  0.0245
niter,ni,del,rscale     7    3    5.0000    1.2000
parameters
    0.9572   -9.5939    2.3370  -11.8520  -19.2174  -16.4978
   -2.8905    6.8780    1.8707   21.3440   -7.3172  -35.0932
eta,q 0.97739 14.88886
  0.0261  0.0296  0.0238  0.0257  0.0273  0.0263  0.0249  0.0299  0.0267  0.0280  0.0243  0.0239
  0.0242  0.0262  0.0230  0.0241  0.0253  0.0247  0.0236  0.0257  0.0246  0.0251  0.0230  0.0229
  0.0230  0.0238  0.0225  0.0231  0.0235  0.0235  0.0229  0.0231  0.0232  0.0234  0.0226  0.0225
  0.0226  0.0226  0.0225  0.0225  0.0225  0.0226  0.0226  0.0227  0.0227  0.0227  0.0226  0.0226
  0.0230  0.0227  0.0227  0.0221  0.0228  0.0221  0.0230  0.0235  0.0230  0.0229  0.0228  0.0229
  0.0243  0.0243  0.0233  0.0231  0.0255  0.0235  0.0239  0.0256  0.0244  0.0243  0.0232  0.0233
  0.0265  0.0272  0.0242  0.0266  0.0300  0.0283  0.0254  0.0295  0.0264  0.0267  0.0238  0.0239
niter,ni,del,rscale     6    3    5.0000    1.2000
parameters
    0.9523   -9.5194    2.2778  -11.6237  -19.3058  -16.3346
   -2.9758    6.8617    1.9396   21.5398   -6.9474  -35.2088
eta,q 0.97746 14.91630
  0.0262  0.0285  0.0240  0.0258  0.0278  0.0265  0.0249  0.0299  0.0265  0.0275  0.0243  0.0241
  0.0243  0.0255  0.0232  0.0242  0.0257  0.0248  0.0237  0.0257  0.0244  0.0247  0.0230  0.0229
  0.0231  0.0234  0.0227  0.0233  0.0238  0.0236  0.0228  0.0230  0.0230  0.0232  0.0225  0.0225
  0.0226  0.0226  0.0226  0.0226  0.0226  0.0226  0.0225  0.0225  0.0225  0.0225  0.0225  0.0225
  0.0230  0.0231  0.0228  0.0222  0.0226  0.0219  0.0228  0.0234  0.0230  0.0230  0.0227  0.0228
  0.0242  0.0250  0.0232  0.0230  0.0248  0.0230  0.0237  0.0256  0.0243  0.0245  0.0231  0.0232
  0.0263  0.0282  0.0241  0.0265  0.0291  0.0278  0.0251  0.0299  0.0264  0.0271  0.0237  0.0239
niter,ni,del,rscale     5    3    5.0000    1.2000
parameters
    0.9392   -9.5095    2.2527  -11.6061  -19.3365  -16.2891
   -2.9896    6.8079    1.9651   21.5727   -6.8727  -35.2331
eta,q 0.97747 14.91882
  0.0262  0.0283  0.0240  0.0257  0.0278  0.0264  0.0250  0.0299  0.0265  0.0273  0.0241  0.0242
  0.0242  0.0253  0.0231  0.0242  0.0257  0.0248  0.0237  0.0257  0.0244  0.0246  0.0229  0.0229
  0.0230  0.0233  0.0227  0.0232  0.0238  0.0235  0.0229  0.0230  0.0230  0.0231  0.0225  0.0225
  0.0225  0.0225  0.0225  0.0225  0.0225  0.0225  0.0225  0.0225  0.0225  0.0225  0.0225  0.0225
  0.0229  0.0231  0.0227  0.0221  0.0225  0.0219  0.0228  0.0233  0.0230  0.0230  0.0228  0.0228
  0.0242  0.0251  0.0232  0.0231  0.0247  0.0230  0.0236  0.0256  0.0243  0.0246  0.0232  0.0232
  0.0263  0.0283  0.0240  0.0268  0.0290  0.0281  0.0251  0.0300  0.0264  0.0273  0.0238  0.0238
registration optimization eta report
parameter search radius
    2.7600    3.6501    2.7600    9.5220    9.5220    9.5220
    7.2000    9.5220    9.5220    9.5220    9.5220    8.2800
100000*second partial in parameter space
       48.       43.       19.        4.        6.        5.
        5.        8.        4.        5.        2.        2.
  0.0262  0.0283  0.0240  0.0257  0.0278  0.0264  0.0250  0.0299  0.0265  0.0273  0.0241  0.0242
  0.0242  0.0253  0.0231  0.0242  0.0257  0.0248  0.0237  0.0257  0.0244  0.0246  0.0229  0.0229
  0.0230  0.0233  0.0227  0.0232  0.0238  0.0235  0.0229  0.0230  0.0230  0.0231  0.0225  0.0225
  0.0225  0.0225  0.0225  0.0225  0.0225  0.0225  0.0225  0.0225  0.0225  0.0225  0.0225  0.0225
  0.0229  0.0231  0.0227  0.0221  0.0225  0.0219  0.0228  0.0233  0.0230  0.0230  0.0228  0.0228
  0.0242  0.0251  0.0232  0.0231  0.0247  0.0230  0.0236  0.0256  0.0243  0.0246  0.0232  0.0232
  0.0263  0.0283  0.0240  0.0268  0.0290  0.0281  0.0251  0.0300  0.0264  0.0273  0.0238  0.0238
    0.9392   -9.5095    2.2527  -11.6061  -19.3365  -16.2891
   -2.9896    6.8079    1.9651   21.5727   -6.8727  -35.2331
eta,q 0.97747 14.91882

---------------------------------------------------------------------
imgreg_4dfp /usr/local/freesurfer/average/711-2C_as_mni_average_305 /usr/local/freesurfer/average/711-2B_as_mni_average_305_mask talsrcimg_g11 none talsrcimg_to_711-2C_as_mni_average_305_t4 2311
---------------------------------------------------------------------

freesurfer imgreg_4dfp.c
/usr/local/freesurfer/average/711-2C_as_mni_average_305.4dfp.img
       256       256       256         1
  1.000000  1.000000  1.000000
orientation T byte_order littleendian
Reading image: /usr/local/freesurfer/average/711-2C_as_mni_average_305.4dfp.img
dimensions:      256       256       256
mmppix:       1.0000   -1.0000   -1.0000
center:     128.0000 -129.0000 -129.0000
/usr/local/freesurfer/average/711-2B_as_mni_average_305_mask.4dfp.img
       256       256       256         1
  1.000000  1.000000  1.000000
orientation T byte_order littleendian
Reading mask: /usr/local/freesurfer/average/711-2B_as_mni_average_305_mask.4dfp.img (2306576 pixels)
talsrcimg_g11.4dfp.img
       256       256       256         1
  1.000000  1.000000  1.000000
orientation T byte_order littleendian
Reading image: talsrcimg_g11.4dfp.img
dimensions:      256       256       256
mmppix:       1.0000   -1.0000   -1.0000
center:     128.0000 -129.0000 -129.0000
fimgreg.f
image alignment mode   2311 decimal      907 hex
parameters
    0.9392   -9.5095    2.2527  -11.6061  -19.3365  -16.2891
   -2.9896    6.8079    1.9651   21.5727   -6.8727  -35.2331
eta,q 0.97747 14.91882
niter,ni,del,rscale     5    3    5.0000    0.8000
parameter  4 -0.760920 -> -0.500000 qaram    1.1500
parameters
    0.9717   -9.4609    2.2359   -8.8461  -18.4610  -14.5782
   -3.7369    7.2566    1.9717   22.5555   -5.9894  -35.1324
eta,q 0.97856 15.25970
  0.0238  0.0238  0.0230  0.0236  0.0244  0.0237  0.0227  0.0250  0.0229  0.0236  0.0227  0.0222
  0.0231  0.0231  0.0227  0.0232  0.0234  0.0231  0.0219  0.0233  0.0221  0.0226  0.0220  0.0217
  0.0227  0.0227  0.0226  0.0229  0.0227  0.0225  0.0216  0.0221  0.0216  0.0219  0.0216  0.0215
  0.0225  0.0225  0.0225  0.0225  0.0221  0.0220  0.0216  0.0215  0.0215  0.0215  0.0214  0.0214
  0.0226  0.0226  0.0226  0.0222  0.0220  0.0216  0.0219  0.0216  0.0217  0.0215  0.0215  0.0215
  0.0230  0.0230  0.0227  0.0221  0.0223  0.0217  0.0226  0.0224  0.0221  0.0218  0.0217  0.0218
  0.0237  0.0236  0.0230  0.0223  0.0234  0.0224  0.0236  0.0240  0.0228  0.0224  0.0220  0.0221
niter,ni,del,rscale     5    3    5.0000    0.8000
parameters
    0.9246   -9.4235    2.4575   -9.8260  -18.3928  -13.3944
   -3.2953    7.1965    1.9756   22.7988   -5.6591  -34.7517
eta,q 0.97879 15.27260
  0.0231  0.0228  0.0224  0.0228  0.0235  0.0233  0.0230  0.0243  0.0225  0.0229  0.0223  0.0222
  0.0221  0.0221  0.0219  0.0222  0.0226  0.0227  0.0221  0.0227  0.0218  0.0220  0.0217  0.0216
  0.0216  0.0216  0.0216  0.0217  0.0219  0.0221  0.0215  0.0216  0.0214  0.0214  0.0213  0.0213
  0.0214  0.0214  0.0214  0.0214  0.0215  0.0215  0.0212  0.0212  0.0212  0.0212  0.0212  0.0212
  0.0217  0.0215  0.0215  0.0217  0.0216  0.0212  0.0213  0.0215  0.0214  0.0213  0.0213  0.0213
  0.0223  0.0220  0.0216  0.0229  0.0223  0.0213  0.0217  0.0226  0.0218  0.0218  0.0216  0.0215
  0.0233  0.0227  0.0220  0.0251  0.0236  0.0224  0.0224  0.0246  0.0225  0.0226  0.0220  0.0219
niter,ni,del,rscale     4    3    5.0000    0.7000
parameters
    0.9158   -9.3157    2.6305   -9.9192  -18.3730  -13.0949
   -3.1731    7.1492    1.9815   22.8853   -5.7453  -34.5941
eta,q 0.97886 15.28809
  0.0225  0.0224  0.0220  0.0226  0.0227  0.0227  0.0224  0.0236  0.0221  0.0224  0.0218  0.0218
  0.0218  0.0218  0.0216  0.0221  0.0220  0.0222  0.0217  0.0223  0.0216  0.0217  0.0214  0.0214
  0.0214  0.0214  0.0213  0.0216  0.0215  0.0217  0.0213  0.0215  0.0212  0.0213  0.0212  0.0212
  0.0212  0.0212  0.0212  0.0212  0.0212  0.0212  0.0211  0.0211  0.0211  0.0211  0.0211  0.0211
  0.0214  0.0213  0.0212  0.0212  0.0213  0.0211  0.0212  0.0214  0.0213  0.0213  0.0212  0.0212
  0.0218  0.0216  0.0214  0.0218  0.0218  0.0215  0.0216  0.0223  0.0216  0.0216  0.0215  0.0214
  0.0225  0.0221  0.0217  0.0232  0.0229  0.0227  0.0222  0.0238  0.0221  0.0223  0.0218  0.0217
niter,ni,del,rscale     3    3    5.0000    0.6000
parameters
    0.9030   -9.2816    2.7191   -9.7328  -18.3279  -12.8374
   -3.2324    7.1902    1.9660   22.9460   -5.8214  -34.4732
eta,q 0.97893 15.31483
  0.0221  0.0219  0.0217  0.0224  0.0223  0.0224  0.0219  0.0231  0.0218  0.0220  0.0216  0.0216
  0.0216  0.0215  0.0214  0.0219  0.0217  0.0219  0.0214  0.0220  0.0214  0.0215  0.0213  0.0213
  0.0213  0.0212  0.0212  0.0215  0.0213  0.0215  0.0212  0.0213  0.0211  0.0212  0.0211  0.0211
  0.0211  0.0211  0.0211  0.0211  0.0211  0.0211  0.0211  0.0211  0.0211  0.0211  0.0211  0.0211
  0.0213  0.0212  0.0212  0.0211  0.0212  0.0210  0.0212  0.0212  0.0212  0.0212  0.0212  0.0211
  0.0216  0.0214  0.0213  0.0215  0.0216  0.0214  0.0215  0.0219  0.0214  0.0214  0.0213  0.0213
  0.0221  0.0219  0.0216  0.0224  0.0223  0.0223  0.0220  0.0230  0.0218  0.0220  0.0216  0.0215
niter,ni,del,rscale     2    3    5.0000    0.5000
parameters
    0.9035   -9.2602    2.8148   -9.5695  -18.2672  -12.5843
   -3.2748    7.2343    1.9409   22.9930   -5.8737  -34.3296
eta,q 0.97899 15.33905
  0.0218  0.0216  0.0215  0.0220  0.0219  0.0220  0.0216  0.0225  0.0215  0.0217  0.0214  0.0214
  0.0214  0.0213  0.0213  0.0216  0.0215  0.0217  0.0213  0.0217  0.0212  0.0213  0.0212  0.0212
  0.0211  0.0211  0.0211  0.0213  0.0212  0.0213  0.0211  0.0212  0.0211  0.0211  0.0210  0.0210
  0.0211  0.0211  0.0211  0.0211  0.0211  0.0210  0.0210  0.0210  0.0210  0.0210  0.0210  0.0210
  0.0211  0.0211  0.0211  0.0211  0.0211  0.0210  0.0211  0.0211  0.0211  0.0211  0.0211  0.0211
  0.0214  0.0213  0.0212  0.0214  0.0214  0.0213  0.0213  0.0216  0.0213  0.0213  0.0212  0.0212
  0.0218  0.0216  0.0214  0.0220  0.0219  0.0219  0.0216  0.0224  0.0216  0.0216  0.0215  0.0213
niter,ni,del,rscale     1    3    5.0000    0.4000
parameters
    0.9051   -9.2424    2.9062   -9.4578  -18.2124  -12.3606
   -3.2949    7.2715    1.9161   23.0186   -5.9362  -34.1768
eta,q 0.97902 15.35762
  0.0215  0.0214  0.0213  0.0217  0.0216  0.0217  0.0214  0.0220  0.0213  0.0214  0.0213  0.0212
  0.0212  0.0212  0.0212  0.0214  0.0213  0.0214  0.0211  0.0215  0.0211  0.0212  0.0211  0.0211
  0.0211  0.0211  0.0211  0.0211  0.0211  0.0212  0.0210  0.0211  0.0210  0.0210  0.0210  0.0210
  0.0210  0.0210  0.0210  0.0210  0.0210  0.0210  0.0210  0.0210  0.0210  0.0210  0.0210  0.0210
  0.0211  0.0210  0.0210  0.0210  0.0210  0.0210  0.0210  0.0211  0.0210  0.0210  0.0210  0.0210
  0.0212  0.0212  0.0211  0.0212  0.0212  0.0212  0.0212  0.0214  0.0211  0.0212  0.0211  0.0211
  0.0215  0.0213  0.0212  0.0217  0.0215  0.0216  0.0214  0.0219  0.0213  0.0214  0.0213  0.0212
registration optimization eta report
parameter search radius
    0.8000    0.8000    0.8000    2.7600    2.4000    2.4000
    2.4000    2.4000    2.4000    2.4000    2.4000    2.4000
100000*second partial in parameter space
       72.       54.       39.        9.       10.       11.
        7.       17.        6.        8.        5.        4.
  0.0215  0.0214  0.0213  0.0217  0.0216  0.0217  0.0214  0.0220  0.0213  0.0214  0.0213  0.0212
  0.0212  0.0212  0.0212  0.0214  0.0213  0.0214  0.0211  0.0215  0.0211  0.0212  0.0211  0.0211
  0.0211  0.0211  0.0211  0.0211  0.0211  0.0212  0.0210  0.0211  0.0210  0.0210  0.0210  0.0210
  0.0210  0.0210  0.0210  0.0210  0.0210  0.0210  0.0210  0.0210  0.0210  0.0210  0.0210  0.0210
  0.0211  0.0210  0.0210  0.0210  0.0210  0.0210  0.0210  0.0211  0.0210  0.0210  0.0210  0.0210
  0.0212  0.0212  0.0211  0.0212  0.0212  0.0212  0.0212  0.0214  0.0211  0.0212  0.0211  0.0211
  0.0215  0.0213  0.0212  0.0217  0.0215  0.0216  0.0214  0.0219  0.0213  0.0214  0.0213  0.0212
    0.9051   -9.2424    2.9062   -9.4578  -18.2124  -12.3606
   -3.2949    7.2715    1.9161   23.0186   -5.9362  -34.1768
eta,q 0.97902 15.35762

---------------------------------------------------------------------
imgreg_4dfp /usr/local/freesurfer/average/711-2C_as_mni_average_305 /usr/local/freesurfer/average/711-2B_as_mni_average_305_mask talsrcimg_g11 none talsrcimg_to_711-2C_as_mni_average_305_t4 2311
---------------------------------------------------------------------

freesurfer imgreg_4dfp.c
/usr/local/freesurfer/average/711-2C_as_mni_average_305.4dfp.img
       256       256       256         1
  1.000000  1.000000  1.000000
orientation T byte_order littleendian
Reading image: /usr/local/freesurfer/average/711-2C_as_mni_average_305.4dfp.img
dimensions:      256       256       256
mmppix:       1.0000   -1.0000   -1.0000
center:     128.0000 -129.0000 -129.0000
/usr/local/freesurfer/average/711-2B_as_mni_average_305_mask.4dfp.img
       256       256       256         1
  1.000000  1.000000  1.000000
orientation T byte_order littleendian
Reading mask: /usr/local/freesurfer/average/711-2B_as_mni_average_305_mask.4dfp.img (2306576 pixels)
talsrcimg_g11.4dfp.img
       256       256       256         1
  1.000000  1.000000  1.000000
orientation T byte_order littleendian
Reading image: talsrcimg_g11.4dfp.img
dimensions:      256       256       256
mmppix:       1.0000   -1.0000   -1.0000
center:     128.0000 -129.0000 -129.0000
fimgreg.f
image alignment mode   2311 decimal      907 hex
parameters
    0.9051   -9.2424    2.9062   -9.4578  -18.2124  -12.3606
   -3.2949    7.2715    1.9161   23.0186   -5.9362  -34.1768
eta,q 0.97902 15.35762
niter,ni,del,rscale     5    3    5.0000    0.8000
parameters
    0.9162   -9.2549    2.9996  -10.0520  -18.4994  -12.9254
   -2.9683    7.1305    2.0254   22.8747   -6.0277  -34.1879
eta,q 0.97884 15.28610
  0.0229  0.0223  0.0221  0.0223  0.0228  0.0227  0.0228  0.0240  0.0225  0.0226  0.0220  0.0219
  0.0218  0.0216  0.0215  0.0218  0.0219  0.0221  0.0219  0.0224  0.0218  0.0218  0.0215  0.0214
  0.0212  0.0211  0.0211  0.0213  0.0213  0.0215  0.0214  0.0215  0.0213  0.0213  0.0212  0.0212
  0.0210  0.0210  0.0210  0.0210  0.0210  0.0211  0.0212  0.0212  0.0212  0.0212  0.0212  0.0212
  0.0212  0.0211  0.0211  0.0212  0.0212  0.0211  0.0213  0.0215  0.0213  0.0214  0.0213  0.0213
  0.0218  0.0216  0.0214  0.0221  0.0220  0.0221  0.0217  0.0226  0.0217  0.0219  0.0216  0.0215
  0.0228  0.0224  0.0219  0.0238  0.0235  0.0248  0.0224  0.0245  0.0224  0.0229  0.0220  0.0219
niter,ni,del,rscale     4    3    5.0000    0.7000
parameters
    0.9165   -9.2598    2.8081   -9.7527  -18.4154  -13.0130
   -3.1723    7.1814    2.0058   22.8573   -5.9689  -34.3923
eta,q 0.97890 15.30126
  0.0224  0.0222  0.0216  0.0224  0.0227  0.0225  0.0221  0.0236  0.0221  0.0223  0.0219  0.0217
  0.0217  0.0216  0.0213  0.0219  0.0219  0.0220  0.0215  0.0223  0.0215  0.0216  0.0214  0.0213
  0.0213  0.0213  0.0212  0.0215  0.0214  0.0215  0.0212  0.0215  0.0212  0.0212  0.0212  0.0211
  0.0212  0.0212  0.0212  0.0211  0.0211  0.0211  0.0211  0.0211  0.0211  0.0211  0.0211  0.0211
  0.0213  0.0213  0.0213  0.0211  0.0212  0.0211  0.0213  0.0213  0.0212  0.0212  0.0212  0.0212
  0.0217  0.0216  0.0216  0.0214  0.0217  0.0216  0.0217  0.0221  0.0216  0.0216  0.0214  0.0214
  0.0224  0.0222  0.0220  0.0223  0.0227  0.0232  0.0224  0.0236  0.0221  0.0223  0.0218  0.0217
niter,ni,del,rscale     3    3    5.0000    0.6000
parameters
    0.9061   -9.2707    2.7940   -9.5438  -18.3391  -12.8444
   -3.2523    7.2159    1.9718   22.9276   -5.9283  -34.3732
eta,q 0.97895 15.32477
  0.0221  0.0218  0.0216  0.0221  0.0223  0.0223  0.0219  0.0230  0.0218  0.0220  0.0217  0.0215
  0.0215  0.0214  0.0213  0.0217  0.0217  0.0219  0.0214  0.0220  0.0214  0.0215  0.0213  0.0212
  0.0212  0.0212  0.0212  0.0214  0.0213  0.0214  0.0211  0.0213  0.0211  0.0212  0.0211  0.0211
  0.0211  0.0211  0.0211  0.0211  0.0211  0.0211  0.0210  0.0210  0.0210  0.0211  0.0211  0.0211
  0.0212  0.0212  0.0212  0.0211  0.0211  0.0210  0.0212  0.0212  0.0211  0.0211  0.0211  0.0211
  0.0216  0.0214  0.0213  0.0214  0.0215  0.0214  0.0215  0.0219  0.0214  0.0214  0.0213  0.0213
  0.0221  0.0219  0.0216  0.0221  0.0223  0.0224  0.0220  0.0230  0.0218  0.0219  0.0216  0.0215
niter,ni,del,rscale     2    3    5.0000    0.5000
parameters
    0.9074   -9.2574    2.8568   -9.4203  -18.2712  -12.5997
   -3.2856    7.2482    1.9415   22.9745   -5.9313  -34.2455
eta,q 0.97900 15.34578
  0.0218  0.0216  0.0215  0.0218  0.0219  0.0220  0.0216  0.0225  0.0215  0.0217  0.0214  0.0214
  0.0214  0.0213  0.0212  0.0215  0.0215  0.0216  0.0213  0.0217  0.0212  0.0213  0.0212  0.0212
  0.0211  0.0211  0.0211  0.0212  0.0212  0.0213  0.0211  0.0212  0.0211  0.0211  0.0210  0.0210
  0.0211  0.0211  0.0211  0.0210  0.0210  0.0210  0.0210  0.0210  0.0210  0.0210  0.0210  0.0210
  0.0211  0.0211  0.0211  0.0211  0.0211  0.0210  0.0211  0.0211  0.0211  0.0211  0.0211  0.0210
  0.0214  0.0213  0.0212  0.0213  0.0213  0.0213  0.0213  0.0216  0.0212  0.0213  0.0212  0.0211
  0.0217  0.0216  0.0214  0.0218  0.0219  0.0219  0.0216  0.0225  0.0215  0.0216  0.0214  0.0213
niter,ni,del,rscale     1    3    5.0000    0.4000
parameters
    0.9081   -9.2434    2.9336   -9.3561  -18.2076  -12.3757
   -3.2927    7.2736    1.9092   23.0049   -5.9711  -34.1336
eta,q 0.97902 15.36205
  0.0215  0.0214  0.0213  0.0215  0.0216  0.0217  0.0214  0.0220  0.0213  0.0214  0.0213  0.0212
  0.0212  0.0212  0.0212  0.0213  0.0213  0.0214  0.0211  0.0214  0.0211  0.0212  0.0211  0.0211
  0.0211  0.0210  0.0211  0.0211  0.0211  0.0212  0.0210  0.0211  0.0210  0.0210  0.0210  0.0210
  0.0210  0.0210  0.0210  0.0210  0.0210  0.0210  0.0210  0.0210  0.0210  0.0210  0.0210  0.0210
  0.0211  0.0210  0.0210  0.0210  0.0210  0.0210  0.0210  0.0211  0.0210  0.0210  0.0210  0.0210
  0.0212  0.0211  0.0211  0.0212  0.0212  0.0212  0.0212  0.0214  0.0211  0.0212  0.0211  0.0211
  0.0215  0.0213  0.0212  0.0215  0.0215  0.0216  0.0214  0.0220  0.0213  0.0214  0.0213  0.0212
registration optimization eta report
parameter search radius
    0.8000    0.8000    0.8000    2.4000    2.4000    2.4000
    2.4000    2.4000    2.4000    2.4000    2.4000    2.4000
100000*second partial in parameter space
       72.       55.       38.        9.       10.       11.
        7.       17.        6.        8.        5.        4.
  0.0215  0.0214  0.0213  0.0215  0.0216  0.0217  0.0214  0.0220  0.0213  0.0214  0.0213  0.0212
  0.0212  0.0212  0.0212  0.0213  0.0213  0.0214  0.0211  0.0214  0.0211  0.0212  0.0211  0.0211
  0.0211  0.0210  0.0211  0.0211  0.0211  0.0212  0.0210  0.0211  0.0210  0.0210  0.0210  0.0210
  0.0210  0.0210  0.0210  0.0210  0.0210  0.0210  0.0210  0.0210  0.0210  0.0210  0.0210  0.0210
  0.0211  0.0210  0.0210  0.0210  0.0210  0.0210  0.0210  0.0211  0.0210  0.0210  0.0210  0.0210
  0.0212  0.0211  0.0211  0.0212  0.0212  0.0212  0.0212  0.0214  0.0211  0.0212  0.0211  0.0211
  0.0215  0.0213  0.0212  0.0215  0.0215  0.0216  0.0214  0.0220  0.0213  0.0214  0.0213  0.0212
    0.9081   -9.2434    2.9336   -9.3561  -18.2076  -12.3757
   -3.2927    7.2736    1.9092   23.0049   -5.9711  -34.1336
eta,q 0.97902 15.36205

---------------------------------------------------------------------
compute_vox2vox talsrcimg talsrcimg_to_711-2C_as_mni_average_305_t4 /usr/local/freesurfer/average/711-2C_as_mni_average_305
---------------------------------------------------------------------

freesurfer compute_vox2vox.c
Reading: talsrcimg.4dfp.ifh
Reading: talsrcimg_to_711-2C_as_mni_average_305_t4
Reading: /usr/local/freesurfer/average/711-2C_as_mni_average_305.4dfp.ifh
Writing: talsrcimg_to_711-2C_as_mni_average_305_t4_vox2vox.txt

start time Fri May 30 18:51:29 UTC 2025
end		time Fri May 30 18:51:48 UTC 2025

mpr2mni305 success

avi2talxfm orig_nu.mgz /usr/local/freesurfer/average/mni305.cor.mgz talsrcimg_to_711-2C_as_mni_average_305_t4_vox2vox.txt transforms/talairach.auto.xfm
avi2talxfm done
mv -f /home/freesurfer/subjects/sub-029/mri/talsrcimg_to_711-2C_as_mni_average_305_t4_vox2vox.txt /home/freesurfer/subjects/sub-029/mri/transforms/talsrcimg_to_711-2C_as_mni_average_305_t4_vox2vox.txt
lta_convert --src orig_nu.mgz --trg /usr/local/freesurfer/average/mni305.cor.mgz --inxfm transforms/talairach.auto.xfm --outlta transforms/talairach.auto.xfm.lta --subject fsaverage
7.4.1

--src: orig_nu.mgz src image (geometry).
--trg: /usr/local/freesurfer/average/mni305.cor.mgz trg image (geometry).
--inmni: transforms/talairach.auto.xfm input MNI/XFM transform.
--outlta: transforms/talairach.auto.xfm.lta output LTA.
--s: fsaverage subject name
 LTA read, type : 1
 1.09701  -0.09252   0.00555  -3.46239;
 0.05838   1.02362   0.42953  -38.13411;
-0.04203  -0.28574   1.10167  -47.02048;
 0.00000   0.00000   0.00000   1.00000;
setting subject to fsaverage
Writing  LTA to file transforms/talairach.auto.xfm.lta...
lta_convert successful.
 
 
Started at Fri May 30 18:51:28 UTC 2025
Ended   at Fri May 30 18:51:48 UTC 2025
talairach_avi done
