/home/freesurfer/subjects/sub-020/mri
/usr/local/freesurfer/bin/talairach_avi
--i orig_nu.mgz --xfm transforms/talairach.auto.xfm
talairach_avi 7.4.1
Linux b6e4e79a68a8 6.11.0-26-generic #26~24.04.1-Ubuntu SMP PREEMPT_DYNAMIC Thu Apr 17 19:20:47 UTC 2 x86_64 x86_64 x86_64 GNU/Linux
Fri May 30 23:54:15 UTC 2025
mri_convert orig_nu.mgz talsrcimg.img 
reading from orig_nu.mgz...
TR=8.40, TE=0.00, TI=0.00, flip angle=0.00
i_ras = (-1, -1.86265e-09, 7.45058e-09)
j_ras = (-7.45058e-09, -1.49012e-08, -1)
k_ras = (1.86265e-09, 1, 0)
writing to talsrcimg.img...
Analyze Output Matrix
-1.00000  -0.00000   0.00000   132.31161;
-0.00000  -0.00000   1.00000  -108.49663;
 0.00000  -1.00000   0.00000   162.98175;
 0.00000   0.00000   0.00000   1.00000;
--------------------
INFO: set hdr.hist.orient to -1
mpr2mni305 talsrcimg
Fri May 30 23:54:16 UTC 2025
/usr/local/freesurfer/bin/mpr2mni305 talsrcimg
mpr2mni305 7.4.1
target=711-2C_as_mni_average_305

---------------------------------------------------------------------
analyzeto4dfp talsrcimg -O0 -y
---------------------------------------------------------------------

freesurfer ifh2hdr.c
Fri May 30 23:54:16 2025
Writing: talsrcimg.4dfp.hdr
freesurfer analyzeto4dfp.c
Reading: talsrcimg.hdr
header size 348 bytes
hdr.dime.datatype	offset=70	value=2
hdr.dime.bitpix		offset=72	value=8
hdr.hist.orient		offset=252	value=-1
dimensionality     4
dimensions       256       256       256         1
Reading: talsrcimg.img
Writing: talsrcimg.4dfp.img
Writing: talsrcimg.4dfp.ifh
ifh2hdr talsrcimg -r0to234
ori=2

---------------------------------------------------------------------
gauss_4dfp talsrcimg 1.1
---------------------------------------------------------------------

freesurfer gauss_4dfp.c
Reading: talsrcimg.4dfp.img
Writing: talsrcimg_g11.4dfp.img
image dimensions 256 256 256 padded to 288 288 288
processing volume 1freesurfer ifh2hdr.c
Fri May 30 23:54:22 2025
Writing: talsrcimg_g11.4dfp.hdr

Writing: talsrcimg_g11.4dfp.ifh
including: talsrcimg.4dfp.img.rec in talsrcimg_g11.4dfp.img.rec

---------------------------------------------------------------------
imgreg_4dfp /usr/local/freesurfer/average/711-2C_as_mni_average_305 none talsrcimg_g11 none talsrcimg_to_711-2C_as_mni_average_305_t4 4355
---------------------------------------------------------------------

freesurfer imgreg_4dfp.c
/usr/local/freesurfer/average/711-2C_as_mni_average_305.4dfp.img
       256       256       256         1
  1.000000  1.000000  1.000000
orientation T byte_order littleendian
Reading image: /usr/local/freesurfer/average/711-2C_as_mni_average_305.4dfp.img
dimensions:      256       256       256
mmppix:       1.0000   -1.0000   -1.0000
center:     128.0000 -129.0000 -129.0000
talsrcimg_g11.4dfp.img
       256       256       256         1
  1.000000  1.000000  1.000000
orientation T byte_order littleendian
Reading image: talsrcimg_g11.4dfp.img
dimensions:      256       256       256
mmppix:       1.0000   -1.0000   -1.0000
center:     128.0000 -129.0000 -129.0000
t4_read: open error in t4_sub.f l:  41 t4_file(1:l)talsrcimg_to_711-2C_as_mni_average_305_t4 
t4_read: transform initialized to I4
rotation matrix determinant  1.000000
image alignment mode   4355 decimal     1103 hex
   -7.5000  -45.0000  -45.000010058.8721   20.8367
    0.0000  -45.0000  -45.000010389.7578   20.8870
    7.5000  -45.0000  -45.0000 9855.3047   20.8815
   -7.5000  -37.5000  -45.000010529.9688   20.8561
    0.0000  -37.5000  -45.000010868.4082   20.9065
    7.5000  -37.5000  -45.000010304.2666   20.8946
   -7.5000  -30.0000  -45.000011318.7568   20.8887
    0.0000  -30.0000  -45.000011674.3174   20.9380
    7.5000  -30.0000  -45.000011083.7031   20.9264
   -7.5000  -22.5000  -45.000012043.4932   20.8897
    0.0000  -22.5000  -45.000012424.7363   20.9370
    7.5000  -22.5000  -45.000011783.0059   20.9340
   -7.5000  -15.0000  -45.000012686.2080   20.8584
    0.0000  -15.0000  -45.000013104.6611   20.9047
    7.5000  -15.0000  -45.000012422.1670   20.9108
   -7.5000   -7.5000  -45.000013223.4590   20.8243
    0.0000   -7.5000  -45.000013670.6465   20.8722
    7.5000   -7.5000  -45.000012934.1465   20.8761
   -7.5000    0.0000  -45.000013634.5117   20.8227
    0.0000    0.0000  -45.000014070.3711   20.8730
    7.5000    0.0000  -45.000013279.1777   20.8675
   -7.5000    7.5000  -45.000012904.4150   20.8559
    0.0000    7.5000  -45.000013286.2275   20.9064
    7.5000    7.5000  -45.000012559.7988   20.8944
   -7.5000   15.0000  -45.000011951.1719   20.8887
    0.0000   15.0000  -45.000012310.9219   20.9380
    7.5000   15.0000  -45.000011629.2979   20.9264
   -7.5000   22.5000  -45.000010888.0586   20.8869
    0.0000   22.5000  -45.000011221.2197   20.9342
    7.5000   22.5000  -45.000010625.7803   20.9312
   -7.5000   30.0000  -45.0000 9827.7676   20.5894
    0.0000   30.0000  -45.000010122.1621   20.6349
    7.5000   30.0000  -45.0000 9599.0703   20.6410
   -7.5000   37.5000  -45.0000 9132.9199   20.6028
    0.0000   37.5000  -45.0000 9398.2256   20.6498
    7.5000   37.5000  -45.0000 8935.1270   20.6539
   -7.5000   45.0000  -45.0000 8136.7715   20.2370
    0.0000   45.0000  -45.0000 8366.2129   20.2865
    7.5000   45.0000  -45.0000 7976.2896   20.2822
   -7.5000  -45.0000  -37.500010524.7188   20.7965
    0.0000  -45.0000  -37.500010886.7012   20.8568
    7.5000  -45.0000  -37.500010330.2314   20.8551
   -7.5000  -37.5000  -37.500011020.6162   20.8131
    0.0000  -37.5000  -37.500011388.5967   20.8721
    7.5000  -37.5000  -37.500010766.4873   20.8678
   -7.5000  -30.0000  -37.500011863.9814   20.8505
    0.0000  -30.0000  -37.500012230.8350   20.9076
    7.5000  -30.0000  -37.500011547.6982   20.8993
   -7.5000  -22.5000  -37.500012610.6250   20.8591
    0.0000  -22.5000  -37.500013009.1660   20.9157
    7.5000  -22.5000  -37.500012282.1494   20.9074
   -7.5000  -15.0000  -37.500013284.3672   20.8306
    0.0000  -15.0000  -37.500013708.0547   20.8876
    7.5000  -15.0000  -37.500012928.8779   20.8848
   -7.5000   -7.5000  -37.500013848.5186   20.7914
    0.0000   -7.5000  -37.500014309.3096   20.8504
    7.5000   -7.5000  -37.500013455.0928   20.8501
   -7.5000    0.0000  -37.500014244.7930   20.7825
    0.0000    0.0000  -37.500014707.0674   20.8427
    7.5000    0.0000  -37.500013813.7002   20.8411
   -7.5000    7.5000  -37.500013480.3984   20.8129
    0.0000    7.5000  -37.500013895.0752   20.8719
    7.5000    7.5000  -37.500013062.9834   20.8677
   -7.5000   15.0000  -37.500012457.8193   20.8505
    0.0000   15.0000  -37.500012873.7637   20.9076
    7.5000   15.0000  -37.500012136.1758   20.8993
   -7.5000   22.5000  -37.500011311.6523   20.8563
    0.0000   22.5000  -37.500011707.9297   20.9129
    7.5000   22.5000  -37.500011070.2480   20.9046
   -7.5000   30.0000  -37.500010206.0654   20.5616
    0.0000   30.0000  -37.500010508.3086   20.6177
    7.5000   30.0000  -37.5000 9984.8906   20.6150
   -7.5000   37.5000  -37.5000 9478.3184   20.5703
    0.0000   37.5000  -37.5000 9753.3545   20.6282
    7.5000   37.5000  -37.5000 9286.8545   20.6281
   -7.5000   45.0000  -37.5000 8439.2656   20.1951
    0.0000   45.0000  -37.5000 8666.1211   20.2547
    7.5000   45.0000  -37.5000 8276.5107   20.2546
   -7.5000  -45.0000  -30.000011116.5996   21.6569
    0.0000  -45.0000  -30.000011509.9346   21.7258
    7.5000  -45.0000  -30.000010939.0947   21.7234
   -7.5000  -37.5000  -30.000011619.5586   21.6729
    0.0000  -37.5000  -30.000012041.6367   21.7392
    7.5000  -37.5000  -30.000011401.1357   21.7387
   -7.5000  -30.0000  -30.000012497.1074   21.7165
    0.0000  -30.0000  -30.000012920.9922   21.7816
    7.5000  -30.0000  -30.000012196.9482   21.7759
   -7.5000  -22.5000  -30.000013296.6357   21.7310
    0.0000  -22.5000  -30.000013741.7998   21.7982
    7.5000  -22.5000  -30.000012942.5459   21.7862
   -7.5000  -15.0000  -30.000013995.8574   21.7036
    0.0000  -15.0000  -30.000014482.1963   21.7731
    7.5000  -15.0000  -30.000013614.1719   21.7618
   -7.5000   -7.5000  -30.000014591.2256   21.6586
    0.0000   -7.5000  -30.000015105.0674   21.7285
    7.5000   -7.5000  -30.000014152.0459   21.7218
   -7.5000    0.0000  -30.000015040.5898   21.6424
    0.0000    0.0000  -30.000015575.2969   21.7112
    7.5000    0.0000  -30.000014563.0215   21.7089
   -7.5000    7.5000  -30.000014198.5811   21.6727
    0.0000    7.5000  -30.000014723.0752   21.7390
    7.5000    7.5000  -30.000013775.7930   21.7385
   -7.5000   15.0000  -30.000013119.2061   21.7165
    0.0000   15.0000  -30.000013604.7500   21.7816
    7.5000   15.0000  -30.000012776.1699   21.7759
   -7.5000   22.5000  -30.000011927.0137   21.7258
    0.0000   22.5000  -30.000012352.6523   21.7930
    7.5000   22.5000  -30.000011652.5947   21.7810
   -7.5000   30.0000  -30.000010738.8398   21.4252
    0.0000   30.0000  -30.000011078.1494   21.4936
    7.5000   30.0000  -30.000010467.9697   21.4825
   -7.5000   37.5000  -30.0000 9979.0791   21.4304
    0.0000   37.5000  -30.000010283.2422   21.4991
    7.5000   37.5000  -30.0000 9746.2510   21.4926
   -7.5000   45.0000  -30.0000 8868.1250   21.0431
    0.0000   45.0000  -30.0000 9131.6299   21.1112
    7.5000   45.0000  -30.0000 8681.8066   21.1104
   -7.5000  -45.0000  -22.500011676.7822   22.4217
    0.0000  -45.0000  -22.500012095.2773   22.4879
    7.5000  -45.0000  -22.500011504.3682   22.4780
   -7.5000  -37.5000  -22.500012202.0156   22.4417
    0.0000  -37.5000  -22.500012659.4648   22.5048
    7.5000  -37.5000  -22.500011972.0713   22.4973
   -7.5000  -30.0000  -22.500013080.5479   22.4882
    0.0000  -30.0000  -22.500013541.3672   22.5508
    7.5000  -30.0000  -22.500012759.1768   22.5416
   -7.5000  -22.5000  -22.500013906.1182   22.5002
    0.0000  -22.5000  -22.500014383.6602   22.5671
    7.5000  -22.5000  -22.500013517.1162   22.5536
   -7.5000  -15.0000  -22.500014662.9971   22.4699
    0.0000  -15.0000  -22.500015201.6016   22.5401
    7.5000  -15.0000  -22.500014235.2070   22.5258
   -7.5000   -7.5000  -22.500015322.6201   22.4229
    0.0000   -7.5000  -22.500015906.9941   22.4922
    7.5000   -7.5000  -22.500014855.7373   22.4797
   -7.5000    0.0000  -22.500015757.7832   22.4067
    0.0000    0.0000  -22.500016418.9395   22.4729
    7.5000    0.0000  -22.500015306.2979   22.4629
   -7.5000    7.5000  -22.500014875.5938   22.4415
    0.0000    7.5000  -22.500015488.0127   22.5046
    7.5000    7.5000  -22.500014455.2783   22.4971
   -7.5000   15.0000  -22.500013786.7861   22.4882
    0.0000   15.0000  -22.500014359.6230   22.5508
    7.5000   15.0000  -22.500013408.0498   22.5416
   -7.5000   22.5000  -22.500012561.6953   22.4934
    0.0000   22.5000  -22.500013061.1123   22.5602
    7.5000   22.5000  -22.500012218.2656   22.5467
   -7.5000   30.0000  -22.500011308.7383   22.1851
    0.0000   30.0000  -22.500011707.2832   22.2543
    7.5000   30.0000  -22.500010971.3701   22.2402
   -7.5000   37.5000  -22.500010508.9355   22.1901
    0.0000   37.5000  -22.500010858.9609   22.2582
    7.5000   37.5000  -22.500010210.3818   22.2459
   -7.5000   45.0000  -22.5000 9345.5918   21.8021
    0.0000   45.0000  -22.5000 9633.3359   21.8675
    7.5000   45.0000  -22.5000 9090.5771   21.8589
   -7.5000  -45.0000  -15.000012164.5244   22.9737
    0.0000  -45.0000  -15.000012589.5693   23.0292
    7.5000  -45.0000  -15.000011987.0254   23.0127
   -7.5000  -37.5000  -15.000012740.9502   22.9979
    0.0000  -37.5000  -15.000013190.5996   23.0515
    7.5000  -37.5000  -15.000012505.1172   23.0357
   -7.5000  -30.0000  -15.000013710.2314   23.0400
    0.0000  -30.0000  -15.000014178.2090   23.0952
    7.5000  -30.0000  -15.000013338.1777   23.0834
   -7.5000  -22.5000  -15.000014553.0625   23.0426
    0.0000  -22.5000  -15.000015109.8125   23.1026
    7.5000  -22.5000  -15.000014138.2139   23.0940
   -7.5000  -15.0000  -15.000015333.4551   23.0083
    0.0000  -15.0000  -15.000015972.0918   23.0703
    7.5000  -15.0000  -15.000014952.9023   23.0625
   -7.5000   -7.5000  -15.000015983.9277   22.9662
    0.0000   -7.5000  -15.000016695.9629   23.0252
    7.5000   -7.5000  -15.000015657.7188   23.0136
   -7.5000    0.0000  -15.000016389.3770   22.9583
    0.0000    0.0000  -15.000017137.3867   23.0138
    7.5000    0.0000  -15.000016072.2021   22.9973
   -7.5000    7.5000  -15.000015451.8330   22.9977
    0.0000    7.5000  -15.000016149.5176   23.0514
    7.5000    7.5000  -15.000015133.1211   23.0355
   -7.5000   15.0000  -15.000014362.9570   23.0400
    0.0000   15.0000  -15.000014996.2432   23.0952
    7.5000   15.0000  -15.000014002.0498   23.0834
   -7.5000   22.5000  -15.000013151.4463   23.0345
    0.0000   22.5000  -15.000013700.7041   23.0946
    7.5000   22.5000  -15.000012760.4717   23.0859
   -7.5000   30.0000  -15.000011859.5322   22.7202
    0.0000   30.0000  -15.000012301.5703   22.7813
    7.5000   30.0000  -15.000011449.1816   22.7735
   -7.5000   37.5000  -15.000011015.9600   22.7308
    0.0000   37.5000  -15.000011373.9971   22.7888
    7.5000   37.5000  -15.000010618.3438   22.7774
   -7.5000   45.0000  -15.0000 9767.9961   22.3547
    0.0000   45.0000  -15.000010057.9258   22.4090
    7.5000   45.0000  -15.0000 9420.4873   22.3937
   -7.5000  -45.0000   -7.500012600.3467   23.2379
    0.0000  -45.0000   -7.500013013.3965   23.2881
    7.5000  -45.0000   -7.500012409.4248   23.2749
   -7.5000  -37.5000   -7.500013257.5703   23.2619
    0.0000  -37.5000   -7.500013683.7764   23.3125
    7.5000  -37.5000   -7.500013007.6543   23.2949
   -7.5000  -30.0000   -7.500014444.0518   23.2975
    0.0000  -30.0000   -7.500014932.0430   23.3495
    7.5000  -30.0000   -7.500013979.5078   23.3372
   -7.5000  -22.5000   -7.500015404.7520   23.2946
    0.0000  -22.5000   -7.500015968.3252   23.3478
    7.5000  -22.5000   -7.500014907.3135   23.3461
   -7.5000  -15.0000   -7.500015945.6348   23.2592
    0.0000  -15.0000   -7.500016592.5703   23.3114
    7.5000  -15.0000   -7.500015722.6260   23.3160
   -7.5000   -7.5000   -7.500016460.0273   23.2227
    0.0000   -7.5000   -7.500017206.4004   23.2734
    7.5000   -7.5000   -7.500016380.3525   23.2719
   -7.5000    0.0000   -7.500016903.4004   23.2224
    0.0000    0.0000   -7.500017688.6836   23.2724
    7.5000    0.0000   -7.500016743.2695   23.2594
   -7.5000    7.5000   -7.500015994.5605   23.2617
    0.0000    7.5000   -7.500016714.9570   23.3123
    7.5000    7.5000   -7.500015741.4814   23.2947
   -7.5000   15.0000   -7.500014956.1777   23.2975
    0.0000   15.0000   -7.500015562.1660   23.3495
    7.5000   15.0000   -7.500014538.7969   23.3372
   -7.5000   22.5000   -7.500013700.2227   23.2839
    0.0000   22.5000   -7.500014224.1152   23.3371
    7.5000   22.5000   -7.500013235.2031   23.3354
   -7.5000   30.0000   -7.500012398.0557   22.9676
    0.0000   30.0000   -7.500012829.6357   23.0190
    7.5000   30.0000   -7.500011897.9912   23.0236
   -7.5000   37.5000   -7.500011499.9131   22.9839
    0.0000   37.5000   -7.500011844.7432   23.0336
    7.5000   37.5000   -7.500011041.3613   23.0324
   -7.5000   45.0000   -7.500010203.3887   22.6194
    0.0000   45.0000   -7.500010473.7666   22.6683
    7.5000   45.0000   -7.5000 9786.0205   22.6564
   -7.5000  -45.0000    0.000012896.6318   23.2687
    0.0000  -45.0000    0.000013312.5254   23.3250
    7.5000  -45.0000    0.000012747.2324   23.3188
   -7.5000  -37.5000    0.000013607.0615   23.2903
    0.0000  -37.5000    0.000014036.8701   23.3467
    7.5000  -37.5000    0.000013391.0957   23.3334
   -7.5000  -30.0000    0.000015011.8740   23.3267
    0.0000  -30.0000    0.000015452.8506   23.3817
    7.5000  -30.0000    0.000014475.1523   23.3688
   -7.5000  -22.5000    0.000016057.8945   23.3276
    0.0000  -22.5000    0.000016509.8496   23.3804
    7.5000  -22.5000    0.000015510.0938   23.3771
   -7.5000  -15.0000    0.000016532.4922   23.2928
    0.0000  -15.0000    0.000017092.4746   23.3445
    7.5000  -15.0000    0.000016313.2021   23.3512
   -7.5000   -7.5000    0.000017086.0723   23.2549
    0.0000   -7.5000    0.000017689.4414   23.3084
    7.5000   -7.5000    0.000016911.2168   23.3127
   -7.5000    0.0000    0.000017598.4629   23.2531
    0.0000    0.0000    0.000018242.5996   23.3093
    7.5000    0.0000    0.000017301.4453   23.3032
   -7.5000    7.5000    0.000016679.0820   23.2901
    0.0000    7.5000    0.000017239.1953   23.3465
    7.5000    7.5000    0.000016268.7705   23.3332
   -7.5000   15.0000    0.000015544.4971   23.3267
    0.0000   15.0000    0.000016036.9756   23.3817
    7.5000   15.0000    0.000015006.8643   23.3688
   -7.5000   22.5000    0.000014169.5762   23.3169
    0.0000   22.5000    0.000014621.9277   23.3697
    7.5000   22.5000    0.000013634.0713   23.3664
   -7.5000   30.0000    0.000012797.6738   23.0013
    0.0000   30.0000    0.000013190.6289   23.0522
    7.5000   30.0000    0.000012296.8037   23.0589
   -7.5000   37.5000    0.000011853.2920   23.0163
    0.0000   37.5000    0.000012201.6855   23.0688
    7.5000   37.5000    0.000011413.4600   23.0734
   -7.5000   45.0000    0.000010494.3506   22.6519
    0.0000   45.0000    0.000010765.3896   22.7072
    7.5000   45.0000    0.000010089.8555   22.7025
   -7.5000  -45.0000    7.500012249.5752   23.2612
    0.0000  -45.0000    7.500012655.7490   23.3286
    7.5000  -45.0000    7.500012111.8838   23.3268
   -7.5000  -37.5000    7.500012936.0156   23.2798
    0.0000  -37.5000    7.500013312.1348   23.3457
    7.5000  -37.5000    7.500012703.0430   23.3410
   -7.5000  -30.0000    7.500014245.3438   23.3216
    0.0000  -30.0000    7.500014633.0430   23.3854
    7.5000  -30.0000    7.500013742.9336   23.3762
   -7.5000  -22.5000    7.500015345.6455   23.3312
    0.0000  -22.5000    7.500015686.7021   23.3945
    7.5000  -22.5000    7.500014744.0654   23.3852
   -7.5000  -15.0000    7.500016138.5195   23.2994
    0.0000  -15.0000    7.500016500.3887   23.3631
    7.5000  -15.0000    7.500015581.8535   23.3599
   -7.5000   -7.5000    7.500016778.1914   23.2556
    0.0000   -7.5000    7.500017192.2109   23.3215
    7.5000   -7.5000    7.500016213.9385   23.3212
   -7.5000    0.0000    7.500017109.8027   23.2456
    0.0000    0.0000    7.500017562.7324   23.3129
    7.5000    0.0000    7.500016567.3574   23.3111
   -7.5000    7.5000    7.500016013.6152   23.2796
    0.0000    7.5000    7.500016467.4121   23.3455
    7.5000    7.5000    7.500015559.7666   23.3408
   -7.5000   15.0000    7.500014823.6572   23.3216
    0.0000   15.0000    7.500015266.7275   23.3854
    7.5000   15.0000    7.500014367.4199   23.3762
   -7.5000   22.5000    7.500013462.4082   23.3206
    0.0000   22.5000    7.500013889.3770   23.3838
    7.5000   22.5000    7.500013035.5166   23.3745
   -7.5000   30.0000    7.500012119.6680   23.0075
    0.0000   30.0000    7.500012520.5752   23.0702
    7.5000   30.0000    7.500011742.3496   23.0671
   -7.5000   37.5000    7.500011203.5859   23.0171
    0.0000   37.5000    7.500011571.3262   23.0819
    7.5000   37.5000    7.500010890.2490   23.0819
   -7.5000   45.0000    7.5000 9931.2139   22.6417
    0.0000   45.0000    7.500010208.7002   22.7085
    7.5000   45.0000    7.5000 9631.3906   22.7083
   -7.5000  -45.0000   15.000011511.1543   23.3166
    0.0000  -45.0000   15.000011911.3096   23.3909
    7.5000  -45.0000   15.000011350.6436   23.3883
   -7.5000  -37.5000   15.000012146.2109   23.3338
    0.0000  -37.5000   15.000012584.2500   23.4053
    7.5000  -37.5000   15.000011913.0020   23.4046
   -7.5000  -30.0000   15.000013247.7314   23.3808
    0.0000  -30.0000   15.000013681.2334   23.4510
    7.5000  -30.0000   15.000012867.4102   23.4446
   -7.5000  -22.5000   15.000014105.2686   23.3965
    0.0000  -22.5000   15.000014502.6816   23.4689
    7.5000  -22.5000   15.000013754.5781   23.4558
   -7.5000  -15.0000   15.000014886.4990   23.3670
    0.0000  -15.0000   15.000015310.3242   23.4419
    7.5000  -15.0000   15.000014567.4023   23.4297
   -7.5000   -7.5000   15.000015582.4385   23.3185
    0.0000   -7.5000   15.000016066.8301   23.3939
    7.5000   -7.5000   15.000015263.9385   23.3866
   -7.5000    0.0000   15.000015923.1660   23.3009
    0.0000    0.0000   15.000016452.8984   23.3751
    7.5000    0.0000   15.000015602.3857   23.3725
   -7.5000    7.5000   15.000014944.4941   23.3336
    0.0000    7.5000   15.000015410.1611   23.4051
    7.5000    7.5000   15.000014621.5713   23.4044
   -7.5000   15.0000   15.000013816.0732   23.3808
    0.0000   15.0000   15.000014250.6289   23.4510
    7.5000   15.0000   15.000013441.6807   23.4446
   -7.5000   22.5000   15.000012574.8320   23.3858
    0.0000   22.5000   15.000012990.8223   23.4582
    7.5000   22.5000   15.000012202.5830   23.4451
   -7.5000   30.0000   15.000011315.3320   23.0741
    0.0000   30.0000   15.000011705.5371   23.1478
    7.5000   30.0000   15.000010987.0713   23.1357
   -7.5000   37.5000   15.000010458.6943   23.0797
    0.0000   37.5000   15.000010826.4375   23.1539
    7.5000   37.5000   15.000010213.1104   23.1468
   -7.5000   45.0000   15.0000 9280.2539   22.6930
    0.0000   45.0000   15.0000 9572.8574   22.7667
    7.5000   45.0000   15.0000 9068.2393   22.7657
   -7.5000  -45.0000   22.500010718.7305   23.4605
    0.0000  -45.0000   22.500011093.6377   23.5305
    7.5000  -45.0000   22.500010542.1367   23.5198
   -7.5000  -37.5000   22.500011265.1592   23.4816
    0.0000  -37.5000   22.500011670.0439   23.5481
    7.5000  -37.5000   22.500011061.6172   23.5400
   -7.5000  -30.0000   22.500012174.4531   23.5306
    0.0000  -30.0000   22.500012565.1982   23.5965
    7.5000  -30.0000   22.500011927.2002   23.5866
   -7.5000  -22.5000   22.500012932.6523   23.5433
    0.0000  -22.5000   22.500013305.1768   23.6138
    7.5000  -22.5000   22.500012722.5176   23.5992
   -7.5000  -15.0000   22.500013654.2979   23.5113
    0.0000  -15.0000   22.500014047.0410   23.5854
    7.5000  -15.0000   22.500013457.4287   23.5700
   -7.5000   -7.5000   22.500014287.3418   23.4619
    0.0000   -7.5000   22.500014702.8857   23.5349
    7.5000   -7.5000   22.500014083.9648   23.5215
   -7.5000    0.0000   22.500014614.7979   23.4447
    0.0000    0.0000   22.500015067.1309   23.5145
    7.5000    0.0000   22.500014437.5225   23.5039
   -7.5000    7.5000   22.500013761.7539   23.4814
    0.0000    7.5000   22.500014155.4521   23.5479
    7.5000    7.5000   22.500013527.0381   23.5398
   -7.5000   15.0000   22.500012732.5537   23.5306
    0.0000   15.0000   22.500013096.8652   23.5965
    7.5000   15.0000   22.500012439.6201   23.5866
   -7.5000   22.5000   22.500011616.9424   23.5325
    0.0000   22.5000   22.500011983.2051   23.6030
    7.5000   22.5000   22.500011328.1250   23.5884
   -7.5000   30.0000   22.500010446.8252   23.2167
    0.0000   30.0000   22.500010784.0645   23.2896
    7.5000   30.0000   22.500010194.2568   23.2745
   -7.5000   37.5000   22.5000 9679.2285   23.2220
    0.0000   37.5000   22.500010011.2871   23.2938
    7.5000   37.5000   22.5000 9474.3809   23.2806
   -7.5000   45.0000   22.5000 8622.5273   22.8338
    0.0000   45.0000   22.5000 8916.0508   22.9028
    7.5000   45.0000   22.5000 8454.8281   22.8935
   -7.5000  -45.0000   30.0000 9793.8496   23.8427
    0.0000  -45.0000   30.000010156.3496   23.9015
    7.5000  -45.0000   30.0000 9635.6885   23.8837
   -7.5000  -37.5000   30.000010316.4561   23.8681
    0.0000  -37.5000   30.000010695.0215   23.9249
    7.5000  -37.5000   30.000010130.0889   23.9078
   -7.5000  -30.0000   30.000011104.1396   23.9125
    0.0000  -30.0000   30.000011478.7158   23.9711
    7.5000  -30.0000   30.000010910.8428   23.9583
   -7.5000  -22.5000   30.000011812.5566   23.9154
    0.0000  -22.5000   30.000012166.9482   23.9791
    7.5000  -22.5000   30.000011626.4678   23.9697
   -7.5000  -15.0000   30.000012474.9424   23.8793
    0.0000  -15.0000   30.000012831.7510   23.9451
    7.5000  -15.0000   30.000012295.8799   23.9365
   -7.5000   -7.5000   30.000013056.3291   23.8349
    0.0000   -7.5000   30.000013429.0508   23.8974
    7.5000   -7.5000   30.000012867.2695   23.8848
   -7.5000    0.0000   30.000013356.1211   23.8264
    0.0000    0.0000   30.000013758.8701   23.8851
    7.5000    0.0000   30.000013197.4033   23.8673
   -7.5000    7.5000   30.000012576.8809   23.8679
    0.0000    7.5000   30.000012942.6592   23.9247
    7.5000    7.5000   30.000012395.5840   23.9076
   -7.5000   15.0000   30.000011623.3799   23.9125
    0.0000   15.0000   30.000011973.8291   23.9711
    7.5000   15.0000   30.000011427.6816   23.9583
   -7.5000   22.5000   30.000010593.7051   23.9045
    0.0000   22.5000   30.000010939.2529   23.9682
    7.5000   22.5000   30.000010393.5234   23.9588
   -7.5000   30.0000   30.0000 9531.6299   23.5806
    0.0000   30.0000   30.0000 9850.8477   23.6453
    7.5000   30.0000   30.0000 9357.6514   23.6368
   -7.5000   37.5000   30.0000 8865.3750   23.5905
    0.0000   37.5000   30.0000 9164.6152   23.6519
    7.5000   37.5000   30.0000 8714.2637   23.6395
   -7.5000   45.0000   30.0000 7920.4126   23.2052
    0.0000   45.0000   30.0000 8205.2354   23.2628
    7.5000   45.0000   30.0000 7828.8613   23.2462
   -7.5000  -45.0000   37.5000 9316.9316   24.5487
    0.0000  -45.0000   37.5000 9669.0723   24.6050
    7.5000  -45.0000   37.5000 9165.3193   24.5877
   -7.5000  -37.5000   37.5000 9815.1436   24.5735
    0.0000  -37.5000   37.500010200.5107   24.6305
    7.5000  -37.5000   37.5000 9646.0547   24.6086
   -7.5000  -30.0000   37.500010561.4756   24.6110
    0.0000  -30.0000   37.500010930.1367   24.6694
    7.5000  -30.0000   37.500010384.0439   24.6540
   -7.5000  -22.5000   37.500011245.7402   24.6073
    0.0000  -22.5000   37.500011589.5596   24.6670
    7.5000  -22.5000   37.500011072.2148   24.6635
   -7.5000  -15.0000   37.500011892.3066   24.5695
    0.0000  -15.0000   37.500012235.5957   24.6281
    7.5000  -15.0000   37.500011712.3154   24.6313
   -7.5000   -7.5000   37.500012428.0762   24.5312
    0.0000   -7.5000   37.500012780.6562   24.5879
    7.5000   -7.5000   37.500012249.1260   24.5838
   -7.5000    0.0000   37.500012735.3779   24.5314
    0.0000    0.0000   37.500013119.5312   24.5876
    7.5000    0.0000   37.500012585.5547   24.5703
   -7.5000    7.5000   37.500011986.6377   24.5733
    0.0000    7.5000   37.500012357.2520   24.6302
    7.5000    7.5000   37.500011827.4473   24.6084
   -7.5000   15.0000   37.500011050.0000   24.6110
    0.0000   15.0000   37.500011413.1768   24.6694
    7.5000   15.0000   37.500010918.3799   24.6540
   -7.5000   22.5000   37.500010062.4854   24.5960
    0.0000   22.5000   37.500010414.7139   24.6557
    7.5000   22.5000   37.5000 9918.5850   24.6521
   -7.5000   30.0000   37.5000 9063.3867   24.2591
    0.0000   30.0000   37.5000 9397.6445   24.3167
    7.5000   30.0000   37.5000 8954.2314   24.3200
   -7.5000   37.5000   37.5000 8464.7686   24.2694
    0.0000   37.5000   37.5000 8779.3438   24.3250
    7.5000   37.5000   37.5000 8361.6680   24.3214
   -7.5000   45.0000   37.5000 7608.9507   23.8797
    0.0000   45.0000   37.5000 7899.4043   23.9347
    7.5000   45.0000   37.5000 7519.8911   23.9188
   -7.5000  -45.0000   45.0000 8454.7314   25.3622
    0.0000  -45.0000   45.0000 8806.3750   25.4321
    7.5000  -45.0000   45.0000 8361.7412   25.4245
   -7.5000  -37.5000   45.0000 8917.0107   25.3921
    0.0000  -37.5000   45.0000 9289.1572   25.4615
    7.5000  -37.5000   45.0000 8795.7920   25.4458
   -7.5000  -30.0000   45.0000 9617.1338   25.4395
    0.0000  -30.0000   45.0000 9988.2773   25.5074
    7.5000  -30.0000   45.0000 9468.6885   25.4918
   -7.5000  -22.5000   45.000010250.1416   25.4396
    0.0000  -22.5000   45.000010615.4971   25.5057
    7.5000  -22.5000   45.000010107.0947   25.5014
   -7.5000  -15.0000   45.000010850.2246   25.3936
    0.0000  -15.0000   45.000011216.0215   25.4589
    7.5000  -15.0000   45.000010713.0674   25.4664
   -7.5000   -7.5000   45.000011357.2998   25.3452
    0.0000   -7.5000   45.000011722.3164   25.4125
    7.5000   -7.5000   45.000011213.5410   25.4171
   -7.5000    0.0000   45.000011643.6660   25.3435
    0.0000    0.0000   45.000012022.8281   25.4133
    7.5000    0.0000   45.000011500.8760   25.4059
   -7.5000    7.5000   45.000010953.9404   25.3919
    0.0000    7.5000   45.000011322.3145   25.4613
    7.5000    7.5000   45.000010813.7402   25.4455
   -7.5000   15.0000   45.000010088.4180   25.4395
    0.0000   15.0000   45.000010439.2188   25.5074
    7.5000   15.0000   45.0000 9968.1055   25.4918
   -7.5000   22.5000   45.0000 9192.4785   25.4278
    0.0000   22.5000   45.0000 9506.1455   25.4939
    7.5000   22.5000   45.0000 9069.4590   25.4895
   -7.5000   30.0000   45.0000 8311.4912   25.0676
    0.0000   30.0000   45.0000 8605.5625   25.1320
    7.5000   30.0000   45.0000 8219.2852   25.1394
   -7.5000   37.5000   45.0000 7775.2134   25.0629
    0.0000   37.5000   45.0000 8055.0493   25.1291
    7.5000   37.5000   45.0000 7690.6978   25.1341
   -7.5000   45.0000   45.0000 7009.8267   24.6679
    0.0000   45.0000   45.0000 7271.8550   24.7367
    7.5000   45.0000   45.0000 6936.3203   24.7310

---------------------------------------------------------------------
imgreg_4dfp /usr/local/freesurfer/average/711-2C_as_mni_average_305 /usr/local/freesurfer/average/711-2B_as_mni_average_305_mask talsrcimg_g11 none talsrcimg_to_711-2C_as_mni_average_305_t4 4355
---------------------------------------------------------------------

freesurfer imgreg_4dfp.c
/usr/local/freesurfer/average/711-2C_as_mni_average_305.4dfp.img
       256       256       256         1
  1.000000  1.000000  1.000000
orientation T byte_order littleendian
Reading image: /usr/local/freesurfer/average/711-2C_as_mni_average_305.4dfp.img
dimensions:      256       256       256
mmppix:       1.0000   -1.0000   -1.0000
center:     128.0000 -129.0000 -129.0000
/usr/local/freesurfer/average/711-2B_as_mni_average_305_mask.4dfp.img
       256       256       256         1
  1.000000  1.000000  1.000000
orientation T byte_order littleendian
Reading mask: /usr/local/freesurfer/average/711-2B_as_mni_average_305_mask.4dfp.img (2306576 pixels)
talsrcimg_g11.4dfp.img
       256       256       256         1
  1.000000  1.000000  1.000000
orientation T byte_order littleendian
Reading image: talsrcimg_g11.4dfp.img
dimensions:      256       256       256
mmppix:       1.0000   -1.0000   -1.0000
center:     128.0000 -129.0000 -129.0000
rotation matrix determinant  1.000000
image alignment mode   4355 decimal     1103 hex
   -7.5000  -45.0000  -45.0000 2426.9604   20.1973
    0.0000  -45.0000  -45.0000 2425.1873   20.2458
    7.5000  -45.0000  -45.0000 2391.3787   20.4845
   -7.5000  -37.5000  -45.0000 2474.6580   19.3612
    0.0000  -37.5000  -45.0000 2465.1902   19.3558
    7.5000  -37.5000  -45.0000 2430.4517   19.5991
   -7.5000  -30.0000  -45.0000 2496.1663   18.9356
    0.0000  -30.0000  -45.0000 2482.2305   18.9552
    7.5000  -30.0000  -45.0000 2449.4934   19.1286
   -7.5000  -22.5000  -45.0000 2500.5771   18.7770
    0.0000  -22.5000  -45.0000 2490.6902   18.7926
    7.5000  -22.5000  -45.0000 2459.5591   18.9346
   -7.5000  -15.0000  -45.0000 2492.6125   18.9733
    0.0000  -15.0000  -45.0000 2487.1992   18.9257
    7.5000  -15.0000  -45.0000 2454.2202   19.1433
   -7.5000   -7.5000  -45.0000 2473.7463   19.2878
    0.0000   -7.5000  -45.0000 2467.5156   19.3496
    7.5000   -7.5000  -45.0000 2442.1001   19.6083
   -7.5000    0.0000  -45.0000 2445.1960   20.0390
    0.0000    0.0000  -45.0000 2433.7092   20.0431
    7.5000    0.0000  -45.0000 2406.9634   20.3740
   -7.5000    7.5000  -45.0000 2392.9631   21.1647
    0.0000    7.5000  -45.0000 2381.2478   21.1418
    7.5000    7.5000  -45.0000 2354.8679   21.4128
   -7.5000   15.0000  -45.0000 2319.7056   22.6285
    0.0000   15.0000  -45.0000 2309.5032   22.5722
    7.5000   15.0000  -45.0000 2275.4517   22.8757
   -7.5000   22.5000  -45.0000 2221.0898   24.4596
    0.0000   22.5000  -45.0000 2215.4036   24.4331
    7.5000   22.5000  -45.0000 2186.2961   24.7821
   -7.5000   30.0000  -45.0000 2108.1494   26.9325
    0.0000   30.0000  -45.0000 2103.3772   26.7943
    7.5000   30.0000  -45.0000 2079.4207   27.2631
   -7.5000   37.5000  -45.0000 1997.1110   30.1636
    0.0000   37.5000  -45.0000 1995.5695   30.0893
    7.5000   37.5000  -45.0000 1974.3358   30.5246
   -7.5000   45.0000  -45.0000 1857.5679   34.5513
    0.0000   45.0000  -45.0000 1859.6772   34.5732
    7.5000   45.0000  -45.0000 1844.0542   35.0184
   -7.5000  -45.0000  -37.5000 2506.4585   18.9718
    0.0000  -45.0000  -37.5000 2501.0515   19.0129
    7.5000  -45.0000  -37.5000 2468.3188   19.1952
   -7.5000  -37.5000  -37.5000 2556.1001   18.0980
    0.0000  -37.5000  -37.5000 2548.2810   18.0969
    7.5000  -37.5000  -37.5000 2510.5298   18.3070
   -7.5000  -30.0000  -37.5000 2587.7173   17.6608
    0.0000  -30.0000  -37.5000 2573.6807   17.6505
    7.5000  -30.0000  -37.5000 2538.3386   17.8137
   -7.5000  -22.5000  -37.5000 2593.2368   17.5673
    0.0000  -22.5000  -37.5000 2580.9856   17.5319
    7.5000  -22.5000  -37.5000 2552.2329   17.6368
   -7.5000  -15.0000  -37.5000 2582.8796   17.7799
    0.0000  -15.0000  -37.5000 2576.5530   17.6866
    7.5000  -15.0000  -37.5000 2546.4336   17.8026
   -7.5000   -7.5000  -37.5000 2562.0381   18.0972
    0.0000   -7.5000  -37.5000 2562.4026   18.1326
    7.5000   -7.5000  -37.5000 2529.8948   18.2419
   -7.5000    0.0000  -37.5000 2529.2764   18.7826
    0.0000    0.0000  -37.5000 2526.5923   18.8456
    7.5000    0.0000  -37.5000 2495.7668   19.0268
   -7.5000    7.5000  -37.5000 2476.6658   19.8256
    0.0000    7.5000  -37.5000 2467.5483   19.8549
    7.5000    7.5000  -37.5000 2441.5879   20.0572
   -7.5000   15.0000  -37.5000 2393.8813   21.1294
    0.0000   15.0000  -37.5000 2390.6206   21.1375
    7.5000   15.0000  -37.5000 2360.7195   21.3955
   -7.5000   22.5000  -37.5000 2293.0098   22.8423
    0.0000   22.5000  -37.5000 2297.2083   22.8284
    7.5000   22.5000  -37.5000 2268.5632   23.1462
   -7.5000   30.0000  -37.5000 2176.5715   25.1125
    0.0000   30.0000  -37.5000 2173.9934   25.0295
    7.5000   30.0000  -37.5000 2152.5764   25.4252
   -7.5000   37.5000  -37.5000 2057.9741   28.1141
    0.0000   37.5000  -37.5000 2056.5994   28.0203
    7.5000   37.5000  -37.5000 2039.7859   28.5473
   -7.5000   45.0000  -37.5000 1922.4310   32.2516
    0.0000   45.0000  -37.5000 1915.4150   32.1625
    7.5000   45.0000  -37.5000 1902.9036   32.7172
   -7.5000  -45.0000  -30.0000 2615.8308   18.5188
    0.0000  -45.0000  -30.0000 2612.0957   18.5652
    7.5000  -45.0000  -30.0000 2581.4543   18.7974
   -7.5000  -37.5000  -30.0000 2670.1562   17.6565
    0.0000  -37.5000  -30.0000 2666.3281   17.6526
    7.5000  -37.5000  -30.0000 2635.0396   17.8459
   -7.5000  -30.0000  -30.0000 2709.1621   17.1251
    0.0000  -30.0000  -30.0000 2700.7061   17.1307
    7.5000  -30.0000  -30.0000 2670.7659   17.3151
   -7.5000  -22.5000  -30.0000 2727.1538   16.9812
    0.0000  -22.5000  -30.0000 2717.2239   16.9822
    7.5000  -22.5000  -30.0000 2686.8435   17.0923
   -7.5000  -15.0000  -30.0000 2717.3318   17.1731
    0.0000  -15.0000  -30.0000 2713.6687   17.1472
    7.5000  -15.0000  -30.0000 2681.5015   17.2256
   -7.5000   -7.5000  -30.0000 2692.6921   17.5399
    0.0000   -7.5000  -30.0000 2697.4407   17.5929
    7.5000   -7.5000  -30.0000 2664.3484   17.6759
   -7.5000    0.0000  -30.0000 2660.8877   18.2910
    0.0000    0.0000  -30.0000 2664.7397   18.3430
    7.5000    0.0000  -30.0000 2634.6372   18.4440
   -7.5000    7.5000  -30.0000 2596.2219   19.2535
    0.0000    7.5000  -30.0000 2598.4116   19.2924
    7.5000    7.5000  -30.0000 2571.3132   19.4672
   -7.5000   15.0000  -30.0000 2508.4553   20.5422
    0.0000   15.0000  -30.0000 2508.4109   20.5705
    7.5000   15.0000  -30.0000 2484.0081   20.8483
   -7.5000   22.5000  -30.0000 2412.2102   22.2144
    0.0000   22.5000  -30.0000 2413.9883   22.1745
    7.5000   22.5000  -30.0000 2391.9189   22.4991
   -7.5000   30.0000  -30.0000 2289.3899   24.4285
    0.0000   30.0000  -30.0000 2285.1560   24.3385
    7.5000   30.0000  -30.0000 2262.7017   24.7010
   -7.5000   37.5000  -30.0000 2159.4978   27.3651
    0.0000   37.5000  -30.0000 2155.9663   27.2421
    7.5000   37.5000  -30.0000 2138.2463   27.7137
   -7.5000   45.0000  -30.0000 2008.5906   31.2611
    0.0000   45.0000  -30.0000 2007.2206   31.1334
    7.5000   45.0000  -30.0000 1995.5027   31.6737
   -7.5000  -45.0000  -22.5000 2694.2500   18.0429
    0.0000  -45.0000  -22.5000 2690.1052   18.1290
    7.5000  -45.0000  -22.5000 2662.0173   18.4104
   -7.5000  -37.5000  -22.5000 2755.3240   17.1641
    0.0000  -37.5000  -22.5000 2755.0979   17.2299
    7.5000  -37.5000  -22.5000 2717.2534   17.4276
   -7.5000  -30.0000  -22.5000 2797.5408   16.6746
    0.0000  -30.0000  -22.5000 2790.8496   16.6868
    7.5000  -30.0000  -22.5000 2755.1560   16.8345
   -7.5000  -22.5000  -22.5000 2821.5234   16.3782
    0.0000  -22.5000  -22.5000 2810.5217   16.4431
    7.5000  -22.5000  -22.5000 2769.9326   16.5691
   -7.5000  -15.0000  -22.5000 2819.4377   16.4847
    0.0000  -15.0000  -22.5000 2808.6890   16.5357
    7.5000  -15.0000  -22.5000 2775.5110   16.6821
   -7.5000   -7.5000  -22.5000 2800.6870   16.9112
    0.0000   -7.5000  -22.5000 2800.4165   16.9675
    7.5000   -7.5000  -22.5000 2763.8208   17.0993
   -7.5000    0.0000  -22.5000 2763.9016   17.6609
    0.0000    0.0000  -22.5000 2774.1250   17.7047
    7.5000    0.0000  -22.5000 2739.9358   17.8306
   -7.5000    7.5000  -22.5000 2695.7712   18.6127
    0.0000    7.5000  -22.5000 2707.1028   18.6856
    7.5000    7.5000  -22.5000 2677.1843   18.8409
   -7.5000   15.0000  -22.5000 2604.5159   19.8638
    0.0000   15.0000  -22.5000 2609.4700   19.9145
    7.5000   15.0000  -22.5000 2582.1240   20.1680
   -7.5000   22.5000  -22.5000 2499.7954   21.5452
    0.0000   22.5000  -22.5000 2502.0681   21.5658
    7.5000   22.5000  -22.5000 2475.8928   21.8507
   -7.5000   30.0000  -22.5000 2374.4697   23.7837
    0.0000   30.0000  -22.5000 2372.4490   23.7676
    7.5000   30.0000  -22.5000 2346.8337   24.0500
   -7.5000   37.5000  -22.5000 2235.0977   26.6147
    0.0000   37.5000  -22.5000 2236.0955   26.5369
    7.5000   37.5000  -22.5000 2212.4141   26.8996
   -7.5000   45.0000  -22.5000 2078.1270   30.2917
    0.0000   45.0000  -22.5000 2076.5327   30.2681
    7.5000   45.0000  -22.5000 2061.3977   30.6956
   -7.5000  -45.0000  -15.0000 2729.4973   17.7430
    0.0000  -45.0000  -15.0000 2719.8284   17.8071
    7.5000  -45.0000  -15.0000 2690.1721   18.2204
   -7.5000  -37.5000  -15.0000 2796.0430   16.7962
    0.0000  -37.5000  -15.0000 2790.1550   16.8947
    7.5000  -37.5000  -15.0000 2757.4072   17.2055
   -7.5000  -30.0000  -15.0000 2840.0100   16.3138
    0.0000  -30.0000  -15.0000 2838.6450   16.3490
    7.5000  -30.0000  -15.0000 2798.4851   16.5449
   -7.5000  -22.5000  -15.0000 2870.2598   15.9335
    0.0000  -22.5000  -15.0000 2866.0544   16.0141
    7.5000  -22.5000  -15.0000 2818.0332   16.2386
   -7.5000  -15.0000  -15.0000 2875.6240   15.8892
    0.0000  -15.0000  -15.0000 2871.8447   16.0205
    7.5000  -15.0000  -15.0000 2835.0627   16.2908
   -7.5000   -7.5000  -15.0000 2858.2727   16.3430
    0.0000   -7.5000  -15.0000 2863.3469   16.4280
    7.5000   -7.5000  -15.0000 2832.4963   16.6735
   -7.5000    0.0000  -15.0000 2818.6394   17.0314
    0.0000    0.0000  -15.0000 2834.9050   17.1111
    7.5000    0.0000  -15.0000 2800.2456   17.3296
   -7.5000    7.5000  -15.0000 2746.9055   17.9929
    0.0000    7.5000  -15.0000 2764.2983   18.0625
    7.5000    7.5000  -15.0000 2734.4919   18.3250
   -7.5000   15.0000  -15.0000 2653.0520   19.3266
    0.0000   15.0000  -15.0000 2664.2661   19.3859
    7.5000   15.0000  -15.0000 2639.4160   19.6907
   -7.5000   22.5000  -15.0000 2549.8970   20.9877
    0.0000   22.5000  -15.0000 2551.1880   21.0507
    7.5000   22.5000  -15.0000 2528.1809   21.3727
   -7.5000   30.0000  -15.0000 2425.5896   23.1427
    0.0000   30.0000  -15.0000 2421.7183   23.1476
    7.5000   30.0000  -15.0000 2397.9849   23.5247
   -7.5000   37.5000  -15.0000 2277.6602   25.9290
    0.0000   37.5000  -15.0000 2273.9629   25.8646
    7.5000   37.5000  -15.0000 2254.9321   26.2618
   -7.5000   45.0000  -15.0000 2111.8940   29.4404
    0.0000   45.0000  -15.0000 2110.7949   29.3359
    7.5000   45.0000  -15.0000 2089.3533   29.7729
   -7.5000  -45.0000   -7.5000 2719.0793   17.6554
    0.0000  -45.0000   -7.5000 2709.6174   17.6252
    7.5000  -45.0000   -7.5000 2679.8162   18.1173
   -7.5000  -37.5000   -7.5000 2798.6174   16.6578
    0.0000  -37.5000   -7.5000 2788.8682   16.6649
    7.5000  -37.5000   -7.5000 2760.0649   17.0432
   -7.5000  -30.0000   -7.5000 2852.5166   16.1220
    0.0000  -30.0000   -7.5000 2847.5115   16.1360
    7.5000  -30.0000   -7.5000 2817.1680   16.3613
   -7.5000  -22.5000   -7.5000 2893.9771   15.7826
    0.0000  -22.5000   -7.5000 2889.9558   15.8035
    7.5000  -22.5000   -7.5000 2848.0637   16.0053
   -7.5000  -15.0000   -7.5000 2893.7034   15.4824
    0.0000  -15.0000   -7.5000 2898.4814   15.6513
    7.5000  -15.0000   -7.5000 2862.4297   15.9970
   -7.5000   -7.5000   -7.5000 2872.1682   15.7766
    0.0000   -7.5000   -7.5000 2886.0635   15.8999
    7.5000   -7.5000   -7.5000 2853.0684   16.2983
   -7.5000    0.0000   -7.5000 2835.3535   16.4805
    0.0000    0.0000   -7.5000 2854.5000   16.5575
    7.5000    0.0000   -7.5000 2820.0984   16.9394
   -7.5000    7.5000   -7.5000 2767.7444   17.5526
    0.0000    7.5000   -7.5000 2789.9736   17.6361
    7.5000    7.5000   -7.5000 2760.0071   17.9021
   -7.5000   15.0000   -7.5000 2679.9041   18.9329
    0.0000   15.0000   -7.5000 2693.1213   18.9998
    7.5000   15.0000   -7.5000 2668.7156   19.2175
   -7.5000   22.5000   -7.5000 2563.1401   20.6138
    0.0000   22.5000   -7.5000 2569.3584   20.6426
    7.5000   22.5000   -7.5000 2552.5686   20.9039
   -7.5000   30.0000   -7.5000 2439.2170   22.7598
    0.0000   30.0000   -7.5000 2442.9768   22.7152
    7.5000   30.0000   -7.5000 2416.1123   23.0409
   -7.5000   37.5000   -7.5000 2295.0779   25.4566
    0.0000   37.5000   -7.5000 2291.6028   25.3556
    7.5000   37.5000   -7.5000 2275.1343   25.7629
   -7.5000   45.0000   -7.5000 2133.7681   28.8671
    0.0000   45.0000   -7.5000 2128.7954   28.7324
    7.5000   45.0000   -7.5000 2108.9673   29.1793
   -7.5000  -45.0000    0.0000 2684.6401   17.7872
    0.0000  -45.0000    0.0000 2675.7329   17.6818
    7.5000  -45.0000    0.0000 2653.4297   18.2071
   -7.5000  -37.5000    0.0000 2771.0474   16.7714
    0.0000  -37.5000    0.0000 2760.6484   16.6721
    7.5000  -37.5000    0.0000 2740.7300   17.1520
   -7.5000  -30.0000    0.0000 2836.0024   16.2069
    0.0000  -30.0000    0.0000 2826.3118   16.1204
    7.5000  -30.0000    0.0000 2807.4697   16.4866
   -7.5000  -22.5000    0.0000 2889.1597   15.9434
    0.0000  -22.5000    0.0000 2880.5022   15.8542
    7.5000  -22.5000    0.0000 2850.1245   16.0949
   -7.5000  -15.0000    0.0000 2887.4226   15.6063
    0.0000  -15.0000    0.0000 2885.5842   15.6156
    7.5000  -15.0000    0.0000 2858.1323   16.0102
   -7.5000   -7.5000    0.0000 2865.0525   15.7578
    0.0000   -7.5000    0.0000 2864.1072   15.7966
    7.5000   -7.5000    0.0000 2842.1753   16.2340
   -7.5000    0.0000    0.0000 2837.1543   16.4956
    0.0000    0.0000    0.0000 2844.6548   16.4856
    7.5000    0.0000    0.0000 2814.4221   16.7779
   -7.5000    7.5000    0.0000 2777.6357   17.5938
    0.0000    7.5000    0.0000 2784.9392   17.5450
    7.5000    7.5000    0.0000 2757.9268   17.7674
   -7.5000   15.0000    0.0000 2684.5386   18.9771
    0.0000   15.0000    0.0000 2695.1968   18.9183
    7.5000   15.0000    0.0000 2665.4961   19.0794
   -7.5000   22.5000    0.0000 2567.2056   20.6543
    0.0000   22.5000    0.0000 2575.6401   20.5970
    7.5000   22.5000    0.0000 2552.5017   20.7814
   -7.5000   30.0000    0.0000 2446.7046   22.7429
    0.0000   30.0000    0.0000 2445.8831   22.6907
    7.5000   30.0000    0.0000 2421.3965   22.9104
   -7.5000   37.5000    0.0000 2300.2500   25.4133
    0.0000   37.5000    0.0000 2298.6584   25.3119
    7.5000   37.5000    0.0000 2282.3076   25.5726
   -7.5000   45.0000    0.0000 2136.4253   28.7909
    0.0000   45.0000    0.0000 2132.5051   28.5833
    7.5000   45.0000    0.0000 2116.9744   28.9154
   -7.5000  -45.0000    7.5000 2641.7344   18.2284
    0.0000  -45.0000    7.5000 2630.7048   18.0947
    7.5000  -45.0000    7.5000 2617.1870   18.6225
   -7.5000  -37.5000    7.5000 2732.9956   17.1983
    0.0000  -37.5000    7.5000 2714.9329   17.0493
    7.5000  -37.5000    7.5000 2703.3362   17.5497
   -7.5000  -30.0000    7.5000 2802.1130   16.6429
    0.0000  -30.0000    7.5000 2788.8547   16.5482
    7.5000  -30.0000    7.5000 2768.7932   16.8755
   -7.5000  -22.5000    7.5000 2862.2002   16.3685
    0.0000  -22.5000    7.5000 2847.5420   16.2966
    7.5000  -22.5000    7.5000 2811.7285   16.5273
   -7.5000  -15.0000    7.5000 2870.8445   16.1602
    0.0000  -15.0000    7.5000 2852.7969   16.0649
    7.5000  -15.0000    7.5000 2826.7029   16.3695
   -7.5000   -7.5000    7.5000 2859.4397   16.3472
    0.0000   -7.5000    7.5000 2852.9846   16.3182
    7.5000   -7.5000    7.5000 2818.0984   16.5467
   -7.5000    0.0000    7.5000 2819.5498   16.9059
    0.0000    0.0000    7.5000 2823.1455   16.8928
    7.5000    0.0000    7.5000 2791.7944   17.0650
   -7.5000    7.5000    7.5000 2752.8567   17.8704
    0.0000    7.5000    7.5000 2762.1350   17.8123
    7.5000    7.5000    7.5000 2736.4805   17.9729
   -7.5000   15.0000    7.5000 2668.1516   19.2031
    0.0000   15.0000    7.5000 2675.0039   19.1048
    7.5000   15.0000    7.5000 2647.3271   19.2676
   -7.5000   22.5000    7.5000 2562.1611   20.8474
    0.0000   22.5000    7.5000 2568.3269   20.7845
    7.5000   22.5000    7.5000 2539.5784   20.9567
   -7.5000   30.0000    7.5000 2436.9512   22.9503
    0.0000   30.0000    7.5000 2439.3872   22.9350
    7.5000   30.0000    7.5000 2416.3779   23.0998
   -7.5000   37.5000    7.5000 2287.7385   25.6147
    0.0000   37.5000    7.5000 2291.5239   25.5235
    7.5000   37.5000    7.5000 2277.7354   25.7799
   -7.5000   45.0000    7.5000 2126.3525   28.9769
    0.0000   45.0000    7.5000 2124.8198   28.8424
    7.5000   45.0000    7.5000 2111.8965   29.1280
   -7.5000  -45.0000   15.0000 2587.2861   19.0769
    0.0000  -45.0000   15.0000 2576.1472   19.0469
    7.5000  -45.0000   15.0000 2556.6077   19.4702
   -7.5000  -37.5000   15.0000 2673.9370   18.0680
    0.0000  -37.5000   15.0000 2662.0735   18.0306
    7.5000  -37.5000   15.0000 2641.0103   18.3788
   -7.5000  -30.0000   15.0000 2743.6377   17.4568
    0.0000  -30.0000   15.0000 2733.2808   17.4246
    7.5000  -30.0000   15.0000 2701.0044   17.6801
   -7.5000  -22.5000   15.0000 2792.4734   16.9687
    0.0000  -22.5000   15.0000 2778.2524   16.9123
    7.5000  -22.5000   15.0000 2746.4092   17.2695
   -7.5000  -15.0000   15.0000 2810.5923   16.7611
    0.0000  -15.0000   15.0000 2796.5881   16.7679
    7.5000  -15.0000   15.0000 2771.8484   17.0957
   -7.5000   -7.5000   15.0000 2802.4404   17.1262
    0.0000   -7.5000   15.0000 2797.8191   17.1434
    7.5000   -7.5000   15.0000 2770.2820   17.3580
   -7.5000    0.0000   15.0000 2761.8210   17.7963
    0.0000    0.0000   15.0000 2763.0447   17.8179
    7.5000    0.0000   15.0000 2732.7295   17.9541
   -7.5000    7.5000   15.0000 2705.2778   18.6888
    0.0000    7.5000   15.0000 2708.5237   18.6907
    7.5000    7.5000   15.0000 2678.6128   18.8223
   -7.5000   15.0000   15.0000 2624.6050   19.8593
    0.0000   15.0000   15.0000 2631.0615   19.7889
    7.5000   15.0000   15.0000 2593.6499   19.9171
   -7.5000   22.5000   15.0000 2536.2876   21.3614
    0.0000   22.5000   15.0000 2543.1091   21.2944
    7.5000   22.5000   15.0000 2504.4092   21.4516
   -7.5000   30.0000   15.0000 2412.6868   23.4149
    0.0000   30.0000   15.0000 2418.0723   23.3361
    7.5000   30.0000   15.0000 2390.3696   23.4816
   -7.5000   37.5000   15.0000 2263.5461   26.0102
    0.0000   37.5000   15.0000 2268.3638   25.8672
    7.5000   37.5000   15.0000 2262.5916   26.0856
   -7.5000   45.0000   15.0000 2102.9995   29.2993
    0.0000   45.0000   15.0000 2105.4983   29.1654
    7.5000   45.0000   15.0000 2097.4446   29.4884
   -7.5000  -45.0000   22.5000 2524.4705   20.2961
    0.0000  -45.0000   22.5000 2520.7500   20.2922
    7.5000  -45.0000   22.5000 2494.3281   20.6644
   -7.5000  -37.5000   22.5000 2604.5312   19.1045
    0.0000  -37.5000   22.5000 2600.6738   19.0986
    7.5000  -37.5000   22.5000 2577.7314   19.4220
   -7.5000  -30.0000   22.5000 2669.4900   18.3321
    0.0000  -30.0000   22.5000 2662.9751   18.2803
    7.5000  -30.0000   22.5000 2636.3577   18.6466
   -7.5000  -22.5000   22.5000 2714.1719   17.7057
    0.0000  -22.5000   22.5000 2704.9666   17.6916
    7.5000  -22.5000   22.5000 2682.9890   18.1494
   -7.5000  -15.0000   22.5000 2733.1169   17.6087
    0.0000  -15.0000   22.5000 2722.2920   17.6015
    7.5000  -15.0000   22.5000 2707.1562   18.0059
   -7.5000   -7.5000   22.5000 2729.3364   17.9855
    0.0000   -7.5000   22.5000 2720.7100   17.9730
    7.5000   -7.5000   22.5000 2700.5034   18.2727
   -7.5000    0.0000   22.5000 2692.1648   18.6921
    0.0000    0.0000   22.5000 2688.7593   18.6868
    7.5000    0.0000   22.5000 2667.7795   18.8992
   -7.5000    7.5000   22.5000 2640.7625   19.6512
    0.0000    7.5000   22.5000 2637.7773   19.6034
    7.5000    7.5000   22.5000 2612.7285   19.8209
   -7.5000   15.0000   22.5000 2566.4573   20.8721
    0.0000   15.0000   22.5000 2569.8088   20.8000
    7.5000   15.0000   22.5000 2534.7356   20.9586
   -7.5000   22.5000   22.5000 2493.4556   22.3940
    0.0000   22.5000   22.5000 2498.4919   22.2735
    7.5000   22.5000   22.5000 2457.8784   22.4463
   -7.5000   30.0000   22.5000 2372.3564   24.2437
    0.0000   30.0000   22.5000 2373.1377   24.1562
    7.5000   30.0000   22.5000 2346.0679   24.3715
   -7.5000   37.5000   22.5000 2235.2415   26.7452
    0.0000   37.5000   22.5000 2238.0181   26.6446
    7.5000   37.5000   22.5000 2221.6145   26.8151
   -7.5000   45.0000   22.5000 2086.2959   30.0454
    0.0000   45.0000   22.5000 2085.6069   29.8889
    7.5000   45.0000   22.5000 2079.1077   30.1113
   -7.5000  -45.0000   30.0000 2442.5349   21.6426
    0.0000  -45.0000   30.0000 2453.2798   21.6425
    7.5000  -45.0000   30.0000 2423.3696   22.0084
   -7.5000  -37.5000   30.0000 2526.0164   20.3621
    0.0000  -37.5000   30.0000 2530.7979   20.3494
    7.5000  -37.5000   30.0000 2502.7344   20.7067
   -7.5000  -30.0000   30.0000 2584.8916   19.4323
    0.0000  -30.0000   30.0000 2589.4133   19.3887
    7.5000  -30.0000   30.0000 2560.6487   19.8105
   -7.5000  -22.5000   30.0000 2630.9858   18.8452
    0.0000  -22.5000   30.0000 2624.9097   18.8276
    7.5000  -22.5000   30.0000 2604.1951   19.2485
   -7.5000  -15.0000   30.0000 2642.4341   18.7890
    0.0000  -15.0000   30.0000 2635.3091   18.7363
    7.5000  -15.0000   30.0000 2623.0991   19.1338
   -7.5000   -7.5000   30.0000 2637.1489   19.0841
    0.0000   -7.5000   30.0000 2631.1040   19.0576
    7.5000   -7.5000   30.0000 2612.2046   19.3795
   -7.5000    0.0000   30.0000 2602.6484   19.7721
    0.0000    0.0000   30.0000 2598.6104   19.7512
    7.5000    0.0000   30.0000 2582.1204   19.9917
   -7.5000    7.5000   30.0000 2562.0957   20.7580
    0.0000    7.5000   30.0000 2558.4856   20.6988
    7.5000    7.5000   30.0000 2537.1687   20.9639
   -7.5000   15.0000   30.0000 2498.3667   22.0209
    0.0000   15.0000   30.0000 2501.9028   21.9169
    7.5000   15.0000   30.0000 2471.6345   22.1784
   -7.5000   22.5000   30.0000 2425.7131   23.5719
    0.0000   22.5000   30.0000 2432.3328   23.4473
    7.5000   22.5000   30.0000 2396.4050   23.6474
   -7.5000   30.0000   30.0000 2312.8545   25.3880
    0.0000   30.0000   30.0000 2313.6350   25.2822
    7.5000   30.0000   30.0000 2289.7146   25.5238
   -7.5000   37.5000   30.0000 2191.3132   27.8200
    0.0000   37.5000   30.0000 2187.1619   27.7166
    7.5000   37.5000   30.0000 2173.9177   27.9308
   -7.5000   45.0000   30.0000 2050.1438   31.1730
    0.0000   45.0000   30.0000 2047.3269   31.0636
    7.5000   45.0000   30.0000 2045.7946   31.2611
   -7.5000  -45.0000   37.5000 2363.5071   23.3272
    0.0000  -45.0000   37.5000 2379.0491   23.3583
    7.5000  -45.0000   37.5000 2349.2004   23.7380
   -7.5000  -37.5000   37.5000 2444.0452   21.8743
    0.0000  -37.5000   37.5000 2461.4834   21.9257
    7.5000  -37.5000   37.5000 2426.0906   22.3026
   -7.5000  -30.0000   37.5000 2500.5044   20.8675
    0.0000  -30.0000   37.5000 2511.9915   20.8435
    7.5000  -30.0000   37.5000 2482.5632   21.2857
   -7.5000  -22.5000   37.5000 2545.2742   20.2363
    0.0000  -22.5000   37.5000 2540.1104   20.2150
    7.5000  -22.5000   37.5000 2522.4290   20.6014
   -7.5000  -15.0000   37.5000 2556.9180   20.1967
    0.0000  -15.0000   37.5000 2551.2651   20.1127
    7.5000  -15.0000   37.5000 2535.4180   20.4969
   -7.5000   -7.5000   37.5000 2545.4143   20.4765
    0.0000   -7.5000   37.5000 2538.0796   20.4302
    7.5000   -7.5000   37.5000 2521.0034   20.7375
   -7.5000    0.0000   37.5000 2518.6309   21.1505
    0.0000    0.0000   37.5000 2512.1521   21.1185
    7.5000    0.0000   37.5000 2496.3066   21.3829
   -7.5000    7.5000   37.5000 2483.8867   22.1696
    0.0000    7.5000   37.5000 2479.1660   22.0943
    7.5000    7.5000   37.5000 2459.4365   22.3797
   -7.5000   15.0000   37.5000 2423.8955   23.4786
    0.0000   15.0000   37.5000 2424.1006   23.3681
    7.5000   15.0000   37.5000 2406.3943   23.6467
   -7.5000   22.5000   37.5000 2352.2070   24.9865
    0.0000   22.5000   37.5000 2357.3467   24.8927
    7.5000   22.5000   37.5000 2332.9375   25.1105
   -7.5000   30.0000   37.5000 2245.8071   26.7797
    0.0000   30.0000   37.5000 2250.4346   26.6743
    7.5000   30.0000   37.5000 2230.2510   26.9233
   -7.5000   37.5000   37.5000 2134.6836   29.3277
    0.0000   37.5000   37.5000 2135.8069   29.2056
    7.5000   37.5000   37.5000 2121.7620   29.3984
   -7.5000   45.0000   37.5000 2012.5637   32.7842
    0.0000   45.0000   37.5000 2010.9371   32.6490
    7.5000   45.0000   37.5000 1998.6189   32.8465
   -7.5000  -45.0000   45.0000 2275.4167   25.3778
    0.0000  -45.0000   45.0000 2296.9167   25.4298
    7.5000  -45.0000   45.0000 2274.0020   25.8423
   -7.5000  -37.5000   45.0000 2354.8203   23.7888
    0.0000  -37.5000   45.0000 2378.4160   23.8411
    7.5000  -37.5000   45.0000 2346.1160   24.2657
   -7.5000  -30.0000   45.0000 2407.2026   22.6596
    0.0000  -30.0000   45.0000 2424.7268   22.6876
    7.5000  -30.0000   45.0000 2395.0908   23.0872
   -7.5000  -22.5000   45.0000 2448.6973   22.0003
    0.0000  -22.5000   45.0000 2452.6804   21.9760
    7.5000  -22.5000   45.0000 2431.8018   22.3290
   -7.5000  -15.0000   45.0000 2461.2830   21.9127
    0.0000  -15.0000   45.0000 2460.8193   21.8257
    7.5000  -15.0000   45.0000 2445.5645   22.1981
   -7.5000   -7.5000   45.0000 2451.7930   22.1824
    0.0000   -7.5000   45.0000 2447.5347   22.1381
    7.5000   -7.5000   45.0000 2431.6631   22.4400
   -7.5000    0.0000   45.0000 2423.7981   22.8642
    0.0000    0.0000   45.0000 2419.9316   22.8033
    7.5000    0.0000   45.0000 2402.4314   23.0815
   -7.5000    7.5000   45.0000 2393.0020   23.8816
    0.0000    7.5000   45.0000 2392.3962   23.8244
    7.5000    7.5000   45.0000 2370.1394   24.1342
   -7.5000   15.0000   45.0000 2338.6858   25.2248
    0.0000   15.0000   45.0000 2338.1619   25.1211
    7.5000   15.0000   45.0000 2319.6982   25.4345
   -7.5000   22.5000   45.0000 2272.7656   26.7551
    0.0000   22.5000   45.0000 2268.0762   26.6803
    7.5000   22.5000   45.0000 2251.5425   26.9600
   -7.5000   30.0000   45.0000 2175.5308   28.6184
    0.0000   30.0000   45.0000 2174.0356   28.5283
    7.5000   30.0000   45.0000 2160.0740   28.8069
   -7.5000   37.5000   45.0000 2074.8745   31.2357
    0.0000   37.5000   45.0000 2070.1975   31.1304
    7.5000   37.5000   45.0000 2057.4158   31.3348
   -7.5000   45.0000   45.0000 1959.3669   34.8644
    0.0000   45.0000   45.0000 1959.4200   34.7272
    7.5000   45.0000   45.0000 1942.2797   34.9701

---------------------------------------------------------------------
imgreg_4dfp /usr/local/freesurfer/average/711-2C_as_mni_average_305 /usr/local/freesurfer/average/711-2B_as_mni_average_305_mask talsrcimg_g11 none talsrcimg_to_711-2C_as_mni_average_305_t4 1283
---------------------------------------------------------------------

freesurfer imgreg_4dfp.c
/usr/local/freesurfer/average/711-2C_as_mni_average_305.4dfp.img
       256       256       256         1
  1.000000  1.000000  1.000000
orientation T byte_order littleendian
Reading image: /usr/local/freesurfer/average/711-2C_as_mni_average_305.4dfp.img
dimensions:      256       256       256
mmppix:       1.0000   -1.0000   -1.0000
center:     128.0000 -129.0000 -129.0000
/usr/local/freesurfer/average/711-2B_as_mni_average_305_mask.4dfp.img
       256       256       256         1
  1.000000  1.000000  1.000000
orientation T byte_order littleendian
Reading mask: /usr/local/freesurfer/average/711-2B_as_mni_average_305_mask.4dfp.img (2306576 pixels)
talsrcimg_g11.4dfp.img
       256       256       256         1
  1.000000  1.000000  1.000000
orientation T byte_order littleendian
Reading image: talsrcimg_g11.4dfp.img
dimensions:      256       256       256
mmppix:       1.0000   -1.0000   -1.0000
center:     128.0000 -129.0000 -129.0000
rotation matrix determinant  1.000000
fimgreg.f
image alignment mode   1283 decimal      503 hex
parameters
    0.0000  -15.0000   -7.5000    0.0000    0.0000    0.0000
eta,q 0.90787 15.61221
niter,ni,del,rscale     5    3   12.0000    1.2000
parameter  1  0.803866 ->  0.500000 qaram    1.1500
parameter  2  3.540138 ->  0.500000 qaram    1.1500
parameter  4 13.332253 ->  0.500000 qaram    1.1500
parameter  5  0.622004 ->  0.500000 qaram    1.1500
parameter  6  1.459955 -> -0.500000 qaram    1.1500
parameters
   -3.4500  -18.4500   -6.6009   -3.4500   -3.4500    3.4500
eta,q 0.91684 15.32025
  0.0931  0.0884  0.0956  0.0840  0.0866  0.0877
  0.0910  0.0883  0.0953  0.0863  0.0865  0.0870
  0.0925  0.0897  0.0905  0.0882  0.0859  0.0871
  0.0943  0.0907  0.0882  0.0893  0.0868  0.0863
  0.0971  0.0930  0.0909  0.0912  0.0895  0.0844
  0.1007  0.0950  0.0923  0.0934  0.0919  0.0828
  0.1027  0.0948  0.0929  0.0954  0.0939  0.0824
niter,ni,del,rscale     7    3   12.0000    1.2000
parameter  4  2.650950 ->  0.500000 qaram    1.3225
parameters
   -2.9249  -17.9507   -6.5379   -7.4175   -4.2369    5.5969
eta,q 0.92214 15.42585
  0.0948  0.0939  0.0917  0.0755  0.0836  0.0823
  0.0916  0.0885  0.0883  0.0778  0.0812  0.0828
  0.0873  0.0835  0.0824  0.0805  0.0796  0.0813
  0.0832  0.0827  0.0830  0.0831  0.0786  0.0788
  0.0832  0.0851  0.0857  0.0852  0.0794  0.0779
  0.0878  0.0878  0.0879  0.0884  0.0830  0.0791
  0.0937  0.0899  0.0904  0.0934  0.0873  0.0810
niter,ni,del,rscale     7    3   12.0000    1.2000
parameter  4-28.337450 ->  0.500000 qaram    1.5209
parameters
   -2.4343  -15.8610   -6.4243  -11.9801   -5.3487    5.2224
eta,q 0.93059 15.32245
  0.0925  0.0921  0.0868  0.0681  0.0758  0.0733
  0.0885  0.0860  0.0837  0.0686  0.0730  0.0713
  0.0827  0.0802  0.0787  0.0732  0.0698  0.0699
  0.0779  0.0777  0.0781  0.0782  0.0696  0.0693
  0.0798  0.0783  0.0802  0.0828  0.0722  0.0692
  0.0850  0.0797  0.0827  0.0859  0.0767  0.0715
  0.0903  0.0810  0.0860  0.0877  0.0811  0.0751
niter,ni,del,rscale     7    3   12.0000    1.2000
parameters
   -2.0610  -14.9396   -6.9182  -15.1229   -5.6431    5.8288
eta,q 0.93227 15.22609
  0.0842  0.0896  0.0813  0.0745  0.0761  0.0726
  0.0795  0.0808  0.0764  0.0706  0.0725  0.0708
  0.0735  0.0730  0.0712  0.0678  0.0695  0.0694
  0.0694  0.0695  0.0695  0.0695  0.0679  0.0680
  0.0727  0.0713  0.0732  0.0755  0.0696  0.0676
  0.0767  0.0764  0.0803  0.0823  0.0735  0.0690
  0.0821  0.0806  0.0846  0.0867  0.0777  0.0720
niter,ni,del,rscale     6    3   12.0000    1.2000
parameters
   -1.8761  -14.6499   -7.7245  -16.4850   -5.8933    6.0217
eta,q 0.93169 15.27740
  0.0848  0.0847  0.0778  0.0750  0.0761  0.0722
  0.0797  0.0755  0.0737  0.0729  0.0715  0.0710
  0.0714  0.0686  0.0694  0.0698  0.0690  0.0694
  0.0677  0.0679  0.0682  0.0681  0.0684  0.0683
  0.0731  0.0714  0.0720  0.0702  0.0700  0.0687
  0.0773  0.0763  0.0787  0.0757  0.0730  0.0701
  0.0834  0.0796  0.0834  0.0824  0.0766  0.0725
niter,ni,del,rscale     5    3   12.0000    1.2000
parameters
   -2.0726  -14.2069   -8.1470  -17.7152   -5.7940    5.6066
eta,q 0.93139 15.35218
  0.0845  0.0833  0.0787  0.0738  0.0765  0.0714
  0.0789  0.0747  0.0742  0.0719  0.0715  0.0704
  0.0707  0.0696  0.0697  0.0701  0.0691  0.0690
  0.0683  0.0681  0.0682  0.0682  0.0686  0.0686
  0.0741  0.0703  0.0708  0.0696  0.0696  0.0694
  0.0794  0.0748  0.0764  0.0734  0.0721  0.0705
  0.0858  0.0780  0.0819  0.0798  0.0753  0.0724
niter,ni,del,rscale     4    3   12.0000    1.2000
parameters
   -2.5666  -13.6076   -8.3352  -18.8794   -5.3250    5.2418
eta,q 0.93141 15.41527
  0.0834  0.0819  0.0804  0.0732  0.0765  0.0709
  0.0781  0.0748  0.0750  0.0706  0.0720  0.0699
  0.0708  0.0706  0.0698  0.0698  0.0695  0.0689
  0.0686  0.0682  0.0682  0.0681  0.0686  0.0686
  0.0744  0.0697  0.0711  0.0695  0.0691  0.0693
  0.0806  0.0737  0.0763  0.0726  0.0713  0.0699
  0.0873  0.0770  0.0814  0.0773  0.0742  0.0716
niter,ni,del,rscale     3    3   12.0000    1.2000
parameters
   -2.9892  -12.8902   -8.5040  -20.0956   -4.8905    4.9402
eta,q 0.93139 15.46321
  0.0831  0.0815  0.0813  0.0734  0.0761  0.0708
  0.0781  0.0753  0.0751  0.0698  0.0721  0.0699
  0.0715  0.0709  0.0697  0.0693  0.0695  0.0692
  0.0686  0.0685  0.0685  0.0684  0.0686  0.0686
  0.0735  0.0696  0.0718  0.0695  0.0693  0.0691
  0.0800  0.0732  0.0772  0.0731  0.0713  0.0700
  0.0870  0.0767  0.0814  0.0763  0.0741  0.0714
niter,ni,del,rscale     2    3   12.0000    1.2000
parameters
   -3.2026  -12.0400   -8.7406  -21.2979   -4.7945    4.2873
eta,q 0.93132 15.48376
  0.0835  0.0820  0.0811  0.0739  0.0756  0.0708
  0.0787  0.0754  0.0744  0.0699  0.0718  0.0699
  0.0724  0.0710  0.0692  0.0691  0.0691  0.0692
  0.0686  0.0686  0.0684  0.0682  0.0685  0.0685
  0.0725  0.0694  0.0719  0.0699  0.0696  0.0691
  0.0791  0.0730  0.0777  0.0735  0.0716  0.0705
  0.0861  0.0762  0.0809  0.0768  0.0750  0.0721
niter,ni,del,rscale     1    3   12.0000    1.2000
parameters
   -3.3518  -11.4029   -9.1527  -22.1909   -4.6367    3.6337
eta,q 0.93118 15.49106
  0.0831  0.0812  0.0802  0.0745  0.0758  0.0708
  0.0785  0.0746  0.0740  0.0709  0.0717  0.0699
  0.0727  0.0709  0.0687  0.0690  0.0692  0.0692
  0.0687  0.0687  0.0687  0.0684  0.0686  0.0686
  0.0715  0.0698  0.0722  0.0702  0.0697  0.0689
  0.0785  0.0737  0.0785  0.0732  0.0714  0.0705
  0.0854  0.0765  0.0809  0.0769  0.0749  0.0721
registration optimization eta report
parameter search radius
    6.9000    6.9000    6.0000    9.1253    6.9000    6.9000
100000*second partial in parameter space
       30.       21.       32.        9.       14.        6.
  0.0831  0.0812  0.0802  0.0745  0.0758  0.0708
  0.0785  0.0746  0.0740  0.0709  0.0717  0.0699
  0.0727  0.0709  0.0687  0.0690  0.0692  0.0692
  0.0687  0.0687  0.0687  0.0684  0.0686  0.0686
  0.0715  0.0698  0.0722  0.0702  0.0697  0.0689
  0.0785  0.0737  0.0785  0.0732  0.0714  0.0705
  0.0854  0.0765  0.0809  0.0769  0.0749  0.0721
   -3.3518  -11.4029   -9.1527  -22.1909   -4.6367    3.6337
eta,q 0.93118 15.49106

---------------------------------------------------------------------
imgreg_4dfp /usr/local/freesurfer/average/711-2C_as_mni_average_305 /usr/local/freesurfer/average/711-2B_as_mni_average_305_mask talsrcimg_g11 none talsrcimg_to_711-2C_as_mni_average_305_t4 3335
---------------------------------------------------------------------

freesurfer imgreg_4dfp.c
/usr/local/freesurfer/average/711-2C_as_mni_average_305.4dfp.img
       256       256       256         1
  1.000000  1.000000  1.000000
orientation T byte_order littleendian
Reading image: /usr/local/freesurfer/average/711-2C_as_mni_average_305.4dfp.img
dimensions:      256       256       256
mmppix:       1.0000   -1.0000   -1.0000
center:     128.0000 -129.0000 -129.0000
/usr/local/freesurfer/average/711-2B_as_mni_average_305_mask.4dfp.img
       256       256       256         1
  1.000000  1.000000  1.000000
orientation T byte_order littleendian
Reading mask: /usr/local/freesurfer/average/711-2B_as_mni_average_305_mask.4dfp.img (2306576 pixels)
talsrcimg_g11.4dfp.img
       256       256       256         1
  1.000000  1.000000  1.000000
orientation T byte_order littleendian
Reading image: talsrcimg_g11.4dfp.img
dimensions:      256       256       256
mmppix:       1.0000   -1.0000   -1.0000
center:     128.0000 -129.0000 -129.0000
fimgreg.f
image alignment mode   3335 decimal      D07 hex
parameters
   -3.3518  -11.4029   -9.1527   -0.5276   -7.7866   -7.7100
   -8.9153    5.0762    6.3169   38.1678   -8.0837  -37.6458
eta,q 0.93069 15.53559
niter,ni,del,rscale     5    3    5.0000    1.2000
parameter  4  7.314891 ->  0.500000 qaram    1.1500
parameter  5  3.905571 ->  0.500000 qaram    1.1500
parameter  6  2.489901 ->  0.500000 qaram    1.1500
parameter 10  1.950536 ->  0.500000 qaram    1.1500
parameter 11 -0.766180 -> -0.500000 qaram    1.1500
parameter 12 -1.523733 -> -0.500000 qaram    1.1500
parameters
   -3.3710  -10.7817   -9.1534   -4.6676  -11.9266  -11.8500
   -8.4411    6.2308    4.5442   34.0278   -3.9437  -33.5058
eta,q 0.95293 15.25356
  0.0714  0.0714  0.0702  0.0593  0.0538  0.0477  0.0551  0.0552  0.0520  0.0471  0.0514  0.0529
  0.0703  0.0704  0.0698  0.0620  0.0559  0.0509  0.0532  0.0536  0.0516  0.0488  0.0506  0.0511
  0.0696  0.0697  0.0696  0.0654  0.0589  0.0531  0.0520  0.0524  0.0514  0.0503  0.0499  0.0497
  0.0693  0.0693  0.0693  0.0693  0.0629  0.0566  0.0515  0.0515  0.0514  0.0514  0.0492  0.0486
  0.0696  0.0693  0.0692  0.0734  0.0673  0.0596  0.0518  0.0516  0.0517  0.0526  0.0487  0.0476
  0.0703  0.0695  0.0696  0.0774  0.0713  0.0638  0.0527  0.0522  0.0523  0.0548  0.0486  0.0469
  0.0715  0.0699  0.0704  0.0809  0.0748  0.0690  0.0542  0.0536  0.0531  0.0581  0.0488  0.0463
niter,ni,del,rscale     7    3    5.0000    1.2000
parameter  2 -2.360098 -> -0.500000 qaram    1.1500
parameter  3 -1.260592 -> -0.500000 qaram    1.1500
parameter  4  0.775766 ->  0.500000 qaram    1.3225
parameter  5  1.235792 ->  0.500000 qaram    1.3225
parameter  6  0.907579 ->  0.500000 qaram    1.3225
parameter 10  0.636273 ->  0.500000 qaram    1.3225
parameter 12 -0.530378 -> -0.500000 qaram    1.3225
parameters
   -2.9127   -9.4017   -7.7734   -9.4286  -16.6876  -16.6110
   -8.0864    5.1234    6.8257   29.2668   -7.2789  -28.7448
eta,q 0.97051 14.84390
  0.0515  0.0536  0.0486  0.0387  0.0337  0.0322  0.0338  0.0347  0.0324  0.0307  0.0305  0.0352
  0.0495  0.0513  0.0471  0.0391  0.0350  0.0315  0.0325  0.0327  0.0319  0.0302  0.0301  0.0331
  0.0480  0.0490  0.0455  0.0401  0.0368  0.0333  0.0318  0.0316  0.0316  0.0304  0.0300  0.0312
  0.0471  0.0469  0.0439  0.0421  0.0393  0.0354  0.0315  0.0316  0.0315  0.0315  0.0302  0.0300
  0.0469  0.0450  0.0426  0.0466  0.0432  0.0394  0.0318  0.0324  0.0315  0.0339  0.0308  0.0295
  0.0477  0.0435  0.0420  0.0532  0.0481  0.0423  0.0324  0.0346  0.0315  0.0372  0.0316  0.0295
  0.0492  0.0426  0.0420  0.0595  0.0531  0.0482  0.0332  0.0375  0.0316  0.0404  0.0327  0.0299
niter,ni,del,rscale     7    3    5.0000    1.2000
parameter  2 -1.345391 -> -0.500000 qaram    1.3225
parameter  5  0.506010 ->  0.500000 qaram    1.5209
parameters
   -3.1241   -7.8147   -8.6349  -11.7354  -22.1628  -18.5853
   -8.7407    5.7760    5.6917   28.7412   -5.6484  -32.1190
eta,q 0.97444 14.31079
  0.0313  0.0358  0.0283  0.0280  0.0265  0.0300  0.0281  0.0302  0.0270  0.0298  0.0271  0.0268
  0.0302  0.0334  0.0271  0.0272  0.0260  0.0281  0.0270  0.0283  0.0264  0.0277  0.0266  0.0257
  0.0296  0.0313  0.0269  0.0270  0.0263  0.0266  0.0263  0.0268  0.0261  0.0264  0.0262  0.0256
  0.0295  0.0295  0.0273  0.0269  0.0270  0.0260  0.0262  0.0262  0.0261  0.0261  0.0261  0.0260
  0.0298  0.0281  0.0281  0.0267  0.0283  0.0284  0.0266  0.0263  0.0264  0.0268  0.0260  0.0269
  0.0307  0.0271  0.0293  0.0285  0.0313  0.0312  0.0277  0.0273  0.0270  0.0281  0.0261  0.0281
  0.0321  0.0266  0.0308  0.0342  0.0361  0.0352  0.0289  0.0291  0.0278  0.0308  0.0265  0.0296
niter,ni,del,rscale     7    3    5.0000    1.2000
parameter  2 -0.551116 -> -0.500000 qaram    1.5209
parameters
   -3.3497   -5.9897   -8.5299  -12.4925  -24.5356  -19.2043
   -8.4475    5.7381    6.0521   29.2174   -5.2849  -33.8084
eta,q 0.97589 14.22877
  0.0277  0.0325  0.0270  0.0260  0.0269  0.0288  0.0268  0.0277  0.0264  0.0285  0.0252  0.0261
  0.0264  0.0297  0.0255  0.0249  0.0251  0.0267  0.0255  0.0259  0.0253  0.0263  0.0247  0.0246
  0.0257  0.0273  0.0246  0.0243  0.0242  0.0252  0.0247  0.0247  0.0246  0.0249  0.0244  0.0241
  0.0256  0.0255  0.0244  0.0244  0.0244  0.0241  0.0243  0.0243  0.0243  0.0243  0.0243  0.0243
  0.0260  0.0246  0.0247  0.0246  0.0253  0.0250  0.0245  0.0247  0.0245  0.0247  0.0243  0.0250
  0.0271  0.0245  0.0255  0.0248  0.0274  0.0278  0.0253  0.0259  0.0251  0.0260  0.0246  0.0262
  0.0287  0.0253  0.0265  0.0271  0.0319  0.0303  0.0265  0.0278  0.0260  0.0277  0.0251  0.0276
niter,ni,del,rscale     7    3    5.0000    1.2000
parameters
   -3.4043   -5.9338   -8.5591  -12.3775  -24.8553  -19.3878
   -8.4500    5.6565    6.0936   29.4080   -5.1888  -34.0576
eta,q 0.97584 14.22311
  0.0269  0.0295  0.0262  0.0263  0.0282  0.0291  0.0265  0.0275  0.0262  0.0282  0.0250  0.0269
  0.0253  0.0267  0.0249  0.0249  0.0261  0.0269  0.0253  0.0258  0.0251  0.0260  0.0246  0.0252
  0.0244  0.0248  0.0242  0.0241  0.0246  0.0252  0.0244  0.0246  0.0244  0.0246  0.0243  0.0242
  0.0241  0.0241  0.0241  0.0241  0.0241  0.0241  0.0242  0.0242  0.0242  0.0242  0.0242  0.0242
  0.0245  0.0247  0.0245  0.0244  0.0246  0.0246  0.0245  0.0246  0.0244  0.0246  0.0242  0.0247
  0.0255  0.0265  0.0251  0.0246  0.0259  0.0271  0.0253  0.0257  0.0251  0.0260  0.0245  0.0256
  0.0271  0.0292  0.0261  0.0262  0.0292  0.0298  0.0265  0.0278  0.0261  0.0278  0.0251  0.0269
niter,ni,del,rscale     6    3    5.0000    1.2000
parameters
   -3.4102   -5.8966   -8.6123  -12.4195  -24.8782  -19.4812
   -8.4770    5.6370    6.0851   29.4776   -5.2081  -34.1382
eta,q 0.97583 14.21909
  0.0270  0.0295  0.0262  0.0263  0.0284  0.0292  0.0265  0.0275  0.0261  0.0281  0.0250  0.0270
  0.0254  0.0267  0.0249  0.0249  0.0263  0.0270  0.0252  0.0258  0.0250  0.0259  0.0246  0.0253
  0.0245  0.0249  0.0242  0.0241  0.0247  0.0253  0.0244  0.0246  0.0244  0.0246  0.0243  0.0242
  0.0242  0.0242  0.0242  0.0241  0.0241  0.0241  0.0242  0.0242  0.0242  0.0242  0.0242  0.0242
  0.0245  0.0247  0.0245  0.0245  0.0246  0.0246  0.0245  0.0245  0.0244  0.0247  0.0242  0.0247
  0.0255  0.0265  0.0252  0.0247  0.0258  0.0270  0.0253  0.0257  0.0251  0.0260  0.0245  0.0256
  0.0270  0.0293  0.0261  0.0263  0.0288  0.0297  0.0265  0.0277  0.0261  0.0279  0.0251  0.0268
niter,ni,del,rscale     5    3    5.0000    1.2000
parameters
   -3.4147   -5.8836   -8.6418  -12.4056  -24.8814  -19.5313
   -8.4828    5.6328    6.0955   29.5040   -5.2054  -34.1750
eta,q 0.97582 14.21950
  0.0270  0.0294  0.0262  0.0263  0.0284  0.0292  0.0265  0.0276  0.0261  0.0281  0.0250  0.0270
  0.0255  0.0267  0.0249  0.0249  0.0263  0.0270  0.0253  0.0258  0.0251  0.0259  0.0246  0.0254
  0.0245  0.0248  0.0242  0.0242  0.0248  0.0253  0.0245  0.0246  0.0244  0.0246  0.0243  0.0242
  0.0242  0.0242  0.0242  0.0242  0.0242  0.0242  0.0242  0.0242  0.0242  0.0242  0.0242  0.0242
  0.0245  0.0248  0.0245  0.0245  0.0246  0.0246  0.0245  0.0245  0.0244  0.0247  0.0242  0.0247
  0.0255  0.0266  0.0251  0.0247  0.0258  0.0270  0.0253  0.0257  0.0251  0.0260  0.0245  0.0256
  0.0270  0.0294  0.0261  0.0263  0.0288  0.0297  0.0265  0.0277  0.0261  0.0279  0.0251  0.0268
niter,ni,del,rscale     4    3    5.0000    1.2000
parameters
   -3.4164   -5.8780   -8.6568  -12.4108  -24.8830  -19.5574
   -8.4881    5.6305    6.0958   29.5150   -5.2031  -34.1918
eta,q 0.97581 14.21853
  0.0270  0.0294  0.0262  0.0263  0.0285  0.0292  0.0265  0.0276  0.0261  0.0281  0.0250  0.0270
  0.0255  0.0267  0.0249  0.0249  0.0263  0.0270  0.0253  0.0258  0.0251  0.0259  0.0246  0.0254
  0.0245  0.0248  0.0243  0.0242  0.0248  0.0253  0.0245  0.0246  0.0244  0.0246  0.0243  0.0242
  0.0242  0.0242  0.0242  0.0242  0.0242  0.0242  0.0242  0.0242  0.0242  0.0242  0.0242  0.0242
  0.0245  0.0248  0.0245  0.0245  0.0246  0.0245  0.0245  0.0245  0.0244  0.0247  0.0243  0.0247
  0.0255  0.0266  0.0251  0.0247  0.0258  0.0270  0.0253  0.0257  0.0251  0.0261  0.0245  0.0256
  0.0270  0.0294  0.0261  0.0263  0.0289  0.0296  0.0265  0.0277  0.0261  0.0279  0.0251  0.0268
registration optimization eta report
parameter search radius
    2.4000    3.6501    2.7600    9.5220   10.9503    9.5220
    7.2000    7.2000    7.2000    9.5220    8.2800    9.5220
100000*second partial in parameter space
       49.       39.       26.        2.        4.        6.
        4.        7.        4.        4.        1.        3.
  0.0270  0.0294  0.0262  0.0263  0.0285  0.0292  0.0265  0.0276  0.0261  0.0281  0.0250  0.0270
  0.0255  0.0267  0.0249  0.0249  0.0263  0.0270  0.0253  0.0258  0.0251  0.0259  0.0246  0.0254
  0.0245  0.0248  0.0243  0.0242  0.0248  0.0253  0.0245  0.0246  0.0244  0.0246  0.0243  0.0242
  0.0242  0.0242  0.0242  0.0242  0.0242  0.0242  0.0242  0.0242  0.0242  0.0242  0.0242  0.0242
  0.0245  0.0248  0.0245  0.0245  0.0246  0.0245  0.0245  0.0245  0.0244  0.0247  0.0243  0.0247
  0.0255  0.0266  0.0251  0.0247  0.0258  0.0270  0.0253  0.0257  0.0251  0.0261  0.0245  0.0256
  0.0270  0.0294  0.0261  0.0263  0.0289  0.0296  0.0265  0.0277  0.0261  0.0279  0.0251  0.0268
   -3.4164   -5.8780   -8.6568  -12.4108  -24.8830  -19.5574
   -8.4881    5.6305    6.0958   29.5150   -5.2031  -34.1918
eta,q 0.97581 14.21853

---------------------------------------------------------------------
imgreg_4dfp /usr/local/freesurfer/average/711-2C_as_mni_average_305 /usr/local/freesurfer/average/711-2B_as_mni_average_305_mask talsrcimg_g11 none talsrcimg_to_711-2C_as_mni_average_305_t4 2311
---------------------------------------------------------------------

freesurfer imgreg_4dfp.c
/usr/local/freesurfer/average/711-2C_as_mni_average_305.4dfp.img
       256       256       256         1
  1.000000  1.000000  1.000000
orientation T byte_order littleendian
Reading image: /usr/local/freesurfer/average/711-2C_as_mni_average_305.4dfp.img
dimensions:      256       256       256
mmppix:       1.0000   -1.0000   -1.0000
center:     128.0000 -129.0000 -129.0000
/usr/local/freesurfer/average/711-2B_as_mni_average_305_mask.4dfp.img
       256       256       256         1
  1.000000  1.000000  1.000000
orientation T byte_order littleendian
Reading mask: /usr/local/freesurfer/average/711-2B_as_mni_average_305_mask.4dfp.img (2306576 pixels)
talsrcimg_g11.4dfp.img
       256       256       256         1
  1.000000  1.000000  1.000000
orientation T byte_order littleendian
Reading image: talsrcimg_g11.4dfp.img
dimensions:      256       256       256
mmppix:       1.0000   -1.0000   -1.0000
center:     128.0000 -129.0000 -129.0000
fimgreg.f
image alignment mode   2311 decimal      907 hex
parameters
   -3.4164   -5.8780   -8.6568  -12.4108  -24.8830  -19.5574
   -8.4881    5.6305    6.0958   29.5150   -5.2031  -34.1918
eta,q 0.97581 14.21852
niter,ni,del,rscale     5    3    5.0000    0.8000
parameters
   -3.4254   -5.8648   -8.8452  -13.3254  -24.5720  -19.2706
   -8.4928    5.6118    5.9105   29.4006   -5.4757  -34.4170
eta,q 0.97600 14.17729
  0.0255  0.0253  0.0247  0.0245  0.0251  0.0260  0.0251  0.0257  0.0248  0.0251  0.0243  0.0248
  0.0248  0.0247  0.0243  0.0242  0.0246  0.0252  0.0245  0.0247  0.0244  0.0245  0.0241  0.0242
  0.0243  0.0243  0.0242  0.0241  0.0242  0.0247  0.0241  0.0242  0.0241  0.0241  0.0240  0.0240
  0.0242  0.0242  0.0242  0.0242  0.0241  0.0241  0.0240  0.0240  0.0240  0.0240  0.0240  0.0240
  0.0243  0.0243  0.0243  0.0243  0.0242  0.0239  0.0241  0.0242  0.0241  0.0242  0.0241  0.0242
  0.0248  0.0247  0.0246  0.0245  0.0244  0.0247  0.0245  0.0248  0.0245  0.0245  0.0242  0.0244
  0.0255  0.0253  0.0249  0.0246  0.0248  0.0259  0.0251  0.0257  0.0250  0.0252  0.0244  0.0248
niter,ni,del,rscale     4    3    5.0000    0.7000
parameters
   -3.4548   -5.8934   -8.7578  -13.5037  -24.6258  -19.1222
   -8.4562    5.5943    5.9381   29.3685   -5.5711  -34.4570
eta,q 0.97605 14.16788
  0.0250  0.0248  0.0247  0.0244  0.0247  0.0255  0.0248  0.0252  0.0247  0.0248  0.0242  0.0246
  0.0244  0.0244  0.0243  0.0241  0.0243  0.0249  0.0244  0.0245  0.0243  0.0243  0.0241  0.0241
  0.0241  0.0241  0.0241  0.0240  0.0241  0.0245  0.0241  0.0241  0.0240  0.0240  0.0240  0.0240
  0.0240  0.0240  0.0240  0.0240  0.0240  0.0240  0.0239  0.0240  0.0240  0.0240  0.0240  0.0240
  0.0241  0.0241  0.0241  0.0241  0.0241  0.0239  0.0240  0.0241  0.0240  0.0241  0.0240  0.0240
  0.0245  0.0244  0.0242  0.0243  0.0243  0.0245  0.0243  0.0245  0.0243  0.0243  0.0241  0.0242
  0.0251  0.0249  0.0245  0.0244  0.0247  0.0256  0.0248  0.0252  0.0246  0.0248  0.0242  0.0246
niter,ni,del,rscale     3    3    5.0000    0.6000
parameters
   -3.4595   -5.8927   -8.7292  -13.7114  -24.6863  -18.9591
   -8.4469    5.5611    5.9461   29.3650   -5.6416  -34.4325
eta,q 0.97609 14.15581
  0.0247  0.0246  0.0244  0.0243  0.0244  0.0252  0.0245  0.0249  0.0244  0.0246  0.0241  0.0244
  0.0243  0.0242  0.0241  0.0241  0.0242  0.0247  0.0242  0.0243  0.0241  0.0242  0.0240  0.0241
  0.0240  0.0240  0.0240  0.0240  0.0240  0.0243  0.0240  0.0240  0.0240  0.0240  0.0239  0.0239
  0.0240  0.0239  0.0240  0.0240  0.0239  0.0239  0.0239  0.0239  0.0239  0.0239  0.0239  0.0239
  0.0240  0.0240  0.0240  0.0240  0.0240  0.0239  0.0240  0.0240  0.0240  0.0240  0.0239  0.0240
  0.0243  0.0242  0.0241  0.0242  0.0242  0.0243  0.0242  0.0244  0.0242  0.0242  0.0240  0.0241
  0.0247  0.0246  0.0244  0.0243  0.0245  0.0252  0.0245  0.0249  0.0244  0.0246  0.0241  0.0243
niter,ni,del,rscale     2    3    5.0000    0.5000
parameters
   -3.4617   -5.8946   -8.6982  -13.8708  -24.7385  -18.7565
   -8.4224    5.5297    5.9427   29.3670   -5.7076  -34.3915
eta,q 0.97614 14.14852
  0.0245  0.0244  0.0243  0.0242  0.0243  0.0249  0.0243  0.0245  0.0242  0.0243  0.0240  0.0242
  0.0241  0.0241  0.0240  0.0240  0.0241  0.0245  0.0241  0.0242  0.0240  0.0241  0.0239  0.0240
  0.0240  0.0240  0.0239  0.0239  0.0239  0.0242  0.0239  0.0239  0.0239  0.0239  0.0239  0.0239
  0.0239  0.0239  0.0239  0.0239  0.0239  0.0239  0.0239  0.0239  0.0239  0.0239  0.0239  0.0239
  0.0240  0.0240  0.0239  0.0240  0.0240  0.0238  0.0239  0.0239  0.0239  0.0239  0.0239  0.0239
  0.0242  0.0241  0.0240  0.0241  0.0241  0.0242  0.0241  0.0242  0.0240  0.0241  0.0239  0.0240
  0.0245  0.0244  0.0242  0.0242  0.0243  0.0248  0.0243  0.0245  0.0242  0.0243  0.0240  0.0242
niter,ni,del,rscale     1    3    5.0000    0.4000
parameters
   -3.4609   -5.9001   -8.6476  -13.9956  -24.7936  -18.5229
   -8.4048    5.5155    5.9513   29.3652   -5.7319  -34.3072
eta,q 0.97617 14.14393
  0.0242  0.0242  0.0241  0.0240  0.0241  0.0246  0.0241  0.0243  0.0241  0.0241  0.0239  0.0241
  0.0240  0.0240  0.0240  0.0239  0.0240  0.0243  0.0240  0.0240  0.0239  0.0240  0.0239  0.0239
  0.0239  0.0239  0.0239  0.0239  0.0239  0.0241  0.0239  0.0239  0.0239  0.0239  0.0238  0.0238
  0.0239  0.0239  0.0239  0.0239  0.0239  0.0239  0.0238  0.0238  0.0238  0.0238  0.0238  0.0238
  0.0239  0.0239  0.0239  0.0239  0.0239  0.0238  0.0238  0.0239  0.0239  0.0239  0.0238  0.0238
  0.0240  0.0240  0.0239  0.0240  0.0240  0.0240  0.0239  0.0240  0.0239  0.0240  0.0239  0.0239
  0.0242  0.0242  0.0240  0.0241  0.0241  0.0245  0.0241  0.0243  0.0241  0.0241  0.0239  0.0240
registration optimization eta report
parameter search radius
    0.8000    0.8000    0.8000    2.4000    2.4000    2.4000
    2.4000    2.4000    2.4000    2.4000    2.4000    2.4000
100000*second partial in parameter space
       55.       45.       34.        3.        4.       12.
        5.        8.        4.        6.        2.        4.
  0.0242  0.0242  0.0241  0.0240  0.0241  0.0246  0.0241  0.0243  0.0241  0.0241  0.0239  0.0241
  0.0240  0.0240  0.0240  0.0239  0.0240  0.0243  0.0240  0.0240  0.0239  0.0240  0.0239  0.0239
  0.0239  0.0239  0.0239  0.0239  0.0239  0.0241  0.0239  0.0239  0.0239  0.0239  0.0238  0.0238
  0.0239  0.0239  0.0239  0.0239  0.0239  0.0239  0.0238  0.0238  0.0238  0.0238  0.0238  0.0238
  0.0239  0.0239  0.0239  0.0239  0.0239  0.0238  0.0238  0.0239  0.0239  0.0239  0.0238  0.0238
  0.0240  0.0240  0.0239  0.0240  0.0240  0.0240  0.0239  0.0240  0.0239  0.0240  0.0239  0.0239
  0.0242  0.0242  0.0240  0.0241  0.0241  0.0245  0.0241  0.0243  0.0241  0.0241  0.0239  0.0240
   -3.4609   -5.9001   -8.6476  -13.9956  -24.7936  -18.5229
   -8.4048    5.5155    5.9513   29.3652   -5.7319  -34.3072
eta,q 0.97617 14.14393

---------------------------------------------------------------------
imgreg_4dfp /usr/local/freesurfer/average/711-2C_as_mni_average_305 /usr/local/freesurfer/average/711-2B_as_mni_average_305_mask talsrcimg_g11 none talsrcimg_to_711-2C_as_mni_average_305_t4 2311
---------------------------------------------------------------------

freesurfer imgreg_4dfp.c
/usr/local/freesurfer/average/711-2C_as_mni_average_305.4dfp.img
       256       256       256         1
  1.000000  1.000000  1.000000
orientation T byte_order littleendian
Reading image: /usr/local/freesurfer/average/711-2C_as_mni_average_305.4dfp.img
dimensions:      256       256       256
mmppix:       1.0000   -1.0000   -1.0000
center:     128.0000 -129.0000 -129.0000
/usr/local/freesurfer/average/711-2B_as_mni_average_305_mask.4dfp.img
       256       256       256         1
  1.000000  1.000000  1.000000
orientation T byte_order littleendian
Reading mask: /usr/local/freesurfer/average/711-2B_as_mni_average_305_mask.4dfp.img (2306576 pixels)
talsrcimg_g11.4dfp.img
       256       256       256         1
  1.000000  1.000000  1.000000
orientation T byte_order littleendian
Reading image: talsrcimg_g11.4dfp.img
dimensions:      256       256       256
mmppix:       1.0000   -1.0000   -1.0000
center:     128.0000 -129.0000 -129.0000
fimgreg.f
image alignment mode   2311 decimal      907 hex
parameters
   -3.4609   -5.9001   -8.6476  -13.9956  -24.7936  -18.5229
   -8.4048    5.5155    5.9513   29.3652   -5.7319  -34.3072
eta,q 0.97617 14.14393
niter,ni,del,rscale     5    3    5.0000    0.8000
parameters
   -3.4475   -5.9056   -8.4904  -13.4188  -24.7142  -18.8813
   -8.4493    5.6407    6.0177   29.2539   -5.5111  -34.3004
eta,q 0.97608 14.17899
  0.0253  0.0250  0.0249  0.0246  0.0248  0.0255  0.0250  0.0257  0.0249  0.0250  0.0243  0.0248
  0.0245  0.0243  0.0243  0.0242  0.0243  0.0248  0.0244  0.0247  0.0244  0.0244  0.0241  0.0242
  0.0240  0.0240  0.0240  0.0239  0.0239  0.0243  0.0240  0.0241  0.0240  0.0240  0.0240  0.0239
  0.0238  0.0238  0.0238  0.0238  0.0238  0.0238  0.0239  0.0239  0.0239  0.0239  0.0239  0.0239
  0.0240  0.0240  0.0239  0.0239  0.0239  0.0241  0.0240  0.0241  0.0240  0.0241  0.0240  0.0240
  0.0244  0.0243  0.0241  0.0241  0.0242  0.0251  0.0245  0.0246  0.0243  0.0245  0.0241  0.0243
  0.0252  0.0250  0.0245  0.0242  0.0247  0.0263  0.0251  0.0255  0.0248  0.0251  0.0242  0.0247
niter,ni,del,rscale     4    3    5.0000    0.7000
parameters
   -3.4334   -5.8944   -8.6237  -13.4743  -24.7031  -18.9496
   -8.4537    5.6111    5.9525   29.3080   -5.5427  -34.3951
eta,q 0.97608 14.17263
  0.0250  0.0248  0.0244  0.0244  0.0246  0.0253  0.0248  0.0252  0.0246  0.0248  0.0242  0.0246
  0.0244  0.0243  0.0241  0.0241  0.0242  0.0248  0.0243  0.0245  0.0242  0.0243  0.0240  0.0241
  0.0240  0.0240  0.0239  0.0239  0.0240  0.0243  0.0240  0.0240  0.0240  0.0240  0.0240  0.0239
  0.0239  0.0239  0.0239  0.0239  0.0239  0.0239  0.0239  0.0239  0.0239  0.0239  0.0239  0.0239
  0.0240  0.0240  0.0240  0.0240  0.0240  0.0239  0.0240  0.0241  0.0240  0.0240  0.0240  0.0240
  0.0244  0.0243  0.0243  0.0242  0.0242  0.0247  0.0243  0.0245  0.0243  0.0243  0.0240  0.0242
  0.0250  0.0248  0.0246  0.0243  0.0246  0.0257  0.0248  0.0252  0.0247  0.0248  0.0242  0.0245
niter,ni,del,rscale     3    3    5.0000    0.6000
parameters
   -3.4464   -5.8926   -8.6708  -13.6905  -24.7207  -18.8896
   -8.4407    5.5681    5.9377   29.3307   -5.6311  -34.4194
eta,q 0.97611 14.15822
  0.0247  0.0246  0.0243  0.0242  0.0244  0.0251  0.0245  0.0248  0.0244  0.0246  0.0241  0.0244
  0.0243  0.0242  0.0241  0.0240  0.0241  0.0247  0.0242  0.0243  0.0241  0.0242  0.0240  0.0240
  0.0240  0.0240  0.0239  0.0239  0.0240  0.0243  0.0240  0.0240  0.0240  0.0240  0.0239  0.0239
  0.0239  0.0239  0.0239  0.0239  0.0239  0.0239  0.0239  0.0239  0.0239  0.0239  0.0239  0.0239
  0.0240  0.0240  0.0240  0.0240  0.0240  0.0239  0.0240  0.0240  0.0240  0.0240  0.0239  0.0240
  0.0243  0.0242  0.0241  0.0241  0.0241  0.0244  0.0242  0.0243  0.0241  0.0242  0.0240  0.0241
  0.0247  0.0246  0.0244  0.0243  0.0244  0.0253  0.0245  0.0249  0.0244  0.0246  0.0241  0.0243
niter,ni,del,rscale     2    3    5.0000    0.5000
parameters
   -3.4558   -5.8936   -8.6695  -13.8668  -24.7530  -18.7324
   -8.4279    5.5299    5.9353   29.3427   -5.6883  -34.3810
eta,q 0.97614 14.14879
  0.0244  0.0243  0.0242  0.0241  0.0242  0.0248  0.0243  0.0245  0.0242  0.0243  0.0240  0.0242
  0.0241  0.0241  0.0240  0.0240  0.0240  0.0245  0.0241  0.0241  0.0240  0.0241  0.0239  0.0240
  0.0239  0.0239  0.0239  0.0239  0.0239  0.0242  0.0239  0.0239  0.0239  0.0239  0.0239  0.0239
  0.0239  0.0239  0.0239  0.0239  0.0239  0.0239  0.0239  0.0239  0.0239  0.0239  0.0239  0.0239
  0.0240  0.0239  0.0239  0.0240  0.0239  0.0238  0.0239  0.0239  0.0239  0.0239  0.0239  0.0239
  0.0241  0.0241  0.0240  0.0240  0.0241  0.0242  0.0241  0.0242  0.0240  0.0241  0.0239  0.0240
  0.0245  0.0243  0.0242  0.0242  0.0242  0.0249  0.0243  0.0245  0.0242  0.0243  0.0240  0.0241
niter,ni,del,rscale     1    3    5.0000    0.4000
parameters
   -3.4591   -5.8993   -8.6368  -13.9930  -24.7812  -18.5190
   -8.4093    5.5163    5.9427   29.3490   -5.7392  -34.3111
eta,q 0.97617 14.14497
  0.0242  0.0241  0.0241  0.0240  0.0241  0.0246  0.0241  0.0243  0.0241  0.0241  0.0239  0.0240
  0.0240  0.0240  0.0240  0.0239  0.0240  0.0243  0.0240  0.0240  0.0239  0.0240  0.0239  0.0239
  0.0239  0.0239  0.0239  0.0239  0.0239  0.0241  0.0239  0.0239  0.0239  0.0239  0.0238  0.0238
  0.0239  0.0239  0.0239  0.0239  0.0239  0.0239  0.0238  0.0238  0.0238  0.0238  0.0238  0.0238
  0.0239  0.0239  0.0239  0.0239  0.0239  0.0238  0.0239  0.0239  0.0239  0.0239  0.0238  0.0238
  0.0240  0.0240  0.0239  0.0240  0.0240  0.0240  0.0239  0.0240  0.0239  0.0240  0.0239  0.0239
  0.0242  0.0242  0.0240  0.0241  0.0241  0.0245  0.0241  0.0243  0.0241  0.0241  0.0239  0.0240
registration optimization eta report
parameter search radius
    0.8000    0.8000    0.8000    2.4000    2.4000    2.4000
    2.4000    2.4000    2.4000    2.4000    2.4000    2.4000
100000*second partial in parameter space
       56.       45.       33.        3.        4.       12.
        5.        8.        4.        6.        2.        4.
  0.0242  0.0241  0.0241  0.0240  0.0241  0.0246  0.0241  0.0243  0.0241  0.0241  0.0239  0.0240
  0.0240  0.0240  0.0240  0.0239  0.0240  0.0243  0.0240  0.0240  0.0239  0.0240  0.0239  0.0239
  0.0239  0.0239  0.0239  0.0239  0.0239  0.0241  0.0239  0.0239  0.0239  0.0239  0.0238  0.0238
  0.0239  0.0239  0.0239  0.0239  0.0239  0.0239  0.0238  0.0238  0.0238  0.0238  0.0238  0.0238
  0.0239  0.0239  0.0239  0.0239  0.0239  0.0238  0.0239  0.0239  0.0239  0.0239  0.0238  0.0238
  0.0240  0.0240  0.0239  0.0240  0.0240  0.0240  0.0239  0.0240  0.0239  0.0240  0.0239  0.0239
  0.0242  0.0242  0.0240  0.0241  0.0241  0.0245  0.0241  0.0243  0.0241  0.0241  0.0239  0.0240
   -3.4591   -5.8993   -8.6368  -13.9930  -24.7812  -18.5190
   -8.4093    5.5163    5.9427   29.3490   -5.7392  -34.3111
eta,q 0.97617 14.14497

---------------------------------------------------------------------
compute_vox2vox talsrcimg talsrcimg_to_711-2C_as_mni_average_305_t4 /usr/local/freesurfer/average/711-2C_as_mni_average_305
---------------------------------------------------------------------

freesurfer compute_vox2vox.c
Reading: talsrcimg.4dfp.ifh
Reading: talsrcimg_to_711-2C_as_mni_average_305_t4
Reading: /usr/local/freesurfer/average/711-2C_as_mni_average_305.4dfp.ifh
Writing: talsrcimg_to_711-2C_as_mni_average_305_t4_vox2vox.txt

start time Fri May 30 23:54:16 UTC 2025
end		time Fri May 30 23:54:39 UTC 2025

mpr2mni305 success

avi2talxfm orig_nu.mgz /usr/local/freesurfer/average/mni305.cor.mgz talsrcimg_to_711-2C_as_mni_average_305_t4_vox2vox.txt transforms/talairach.auto.xfm
avi2talxfm done
mv -f /home/freesurfer/subjects/sub-020/mri/talsrcimg_to_711-2C_as_mni_average_305_t4_vox2vox.txt /home/freesurfer/subjects/sub-020/mri/transforms/talsrcimg_to_711-2C_as_mni_average_305_t4_vox2vox.txt
lta_convert --src orig_nu.mgz --trg /usr/local/freesurfer/average/mni305.cor.mgz --inxfm transforms/talairach.auto.xfm --outlta transforms/talairach.auto.xfm.lta --subject fsaverage
7.4.1

--src: orig_nu.mgz src image (geometry).
--trg: /usr/local/freesurfer/average/mni305.cor.mgz trg image (geometry).
--inmni: transforms/talairach.auto.xfm input MNI/XFM transform.
--outlta: transforms/talairach.auto.xfm.lta output LTA.
--s: fsaverage subject name
 LTA read, type : 1
 1.15006  -0.10665   0.07993  -0.91596;
 0.03671   1.05069   0.48338  -25.98627;
-0.10519  -0.40153   1.13454  -27.51280;
 0.00000   0.00000   0.00000   1.00000;
setting subject to fsaverage
Writing  LTA to file transforms/talairach.auto.xfm.lta...
lta_convert successful.
 
 
Started at Fri May 30 23:54:15 UTC 2025
Ended   at Fri May 30 23:54:39 UTC 2025
talairach_avi done
