/home/freesurfer/subjects/sub-024/mri
/usr/local/freesurfer/bin/talairach_avi
--i orig_nu.mgz --xfm transforms/talairach.auto.xfm
talairach_avi 7.4.1
Linux 5afd1ee071eb 6.11.0-26-generic #26~24.04.1-Ubuntu SMP PREEMPT_DYNAMIC Thu Apr 17 19:20:47 UTC 2 x86_64 x86_64 x86_64 GNU/Linux
Thu May 29 12:44:07 UTC 2025
mri_convert orig_nu.mgz talsrcimg.img 
reading from orig_nu.mgz...
TR=8.33, TE=0.00, TI=0.00, flip angle=0.00
i_ras = (-1, -1.39698e-09, 0)
j_ras = (0, 0, -1)
k_ras = (-4.65661e-10, 1, 0)
writing to talsrcimg.img...
Analyze Output Matrix
-1.00000   0.00000  -0.00000   141.22964;
-0.00000   0.00000   1.00000  -107.45705;
 0.00000  -1.00000   0.00000   161.16953;
 0.00000   0.00000   0.00000   1.00000;
--------------------
INFO: set hdr.hist.orient to -1
mpr2mni305 talsrcimg
Thu May 29 12:44:08 UTC 2025
/usr/local/freesurfer/bin/mpr2mni305 talsrcimg
mpr2mni305 7.4.1
target=711-2C_as_mni_average_305

---------------------------------------------------------------------
analyzeto4dfp talsrcimg -O0 -y
---------------------------------------------------------------------

freesurfer ifh2hdr.c
Thu May 29 12:44:08 2025
Writing: talsrcimg.4dfp.hdr
freesurfer analyzeto4dfp.c
Reading: talsrcimg.hdr
header size 348 bytes
hdr.dime.datatype	offset=70	value=2
hdr.dime.bitpix		offset=72	value=8
hdr.hist.orient		offset=252	value=-1
dimensionality     4
dimensions       256       256       256         1
Reading: talsrcimg.img
Writing: talsrcimg.4dfp.img
Writing: talsrcimg.4dfp.ifh
ifh2hdr talsrcimg -r0to220
ori=2

---------------------------------------------------------------------
gauss_4dfp talsrcimg 1.1
---------------------------------------------------------------------

freesurfer gauss_4dfp.c
Reading: talsrcimg.4dfp.img
Writing: talsrcimg_g11.4dfp.img
image dimensions 256 256 256 padded to 288 288 288
processing volume 1freesurfer ifh2hdr.c
Thu May 29 12:44:13 2025
Writing: talsrcimg_g11.4dfp.hdr

Writing: talsrcimg_g11.4dfp.ifh
including: talsrcimg.4dfp.img.rec in talsrcimg_g11.4dfp.img.rec

---------------------------------------------------------------------
imgreg_4dfp /usr/local/freesurfer/average/711-2C_as_mni_average_305 none talsrcimg_g11 none talsrcimg_to_711-2C_as_mni_average_305_t4 4355
---------------------------------------------------------------------

freesurfer imgreg_4dfp.c
/usr/local/freesurfer/average/711-2C_as_mni_average_305.4dfp.img
       256       256       256         1
  1.000000  1.000000  1.000000
orientation T byte_order littleendian
Reading image: /usr/local/freesurfer/average/711-2C_as_mni_average_305.4dfp.img
dimensions:      256       256       256
mmppix:       1.0000   -1.0000   -1.0000
center:     128.0000 -129.0000 -129.0000
talsrcimg_g11.4dfp.img
       256       256       256         1
  1.000000  1.000000  1.000000
orientation T byte_order littleendian
Reading image: talsrcimg_g11.4dfp.img
dimensions:      256       256       256
mmppix:       1.0000   -1.0000   -1.0000
center:     128.0000 -129.0000 -129.0000
t4_read: open error in t4_sub.f l:  41 t4_file(1:l)talsrcimg_to_711-2C_as_mni_average_305_t4 
t4_read: transform initialized to I4
rotation matrix determinant  1.000000
image alignment mode   4355 decimal     1103 hex
   -7.5000  -45.0000  -45.0000 9698.0547   21.3609
    0.0000  -45.0000  -45.000010042.9717   21.3233
    7.5000  -45.0000  -45.0000 9496.7451   21.3099
   -7.5000  -37.5000  -45.000010247.6777   21.3288
    0.0000  -37.5000  -45.000010609.7061   21.2864
    7.5000  -37.5000  -45.0000 9997.4180   21.2845
   -7.5000  -30.0000  -45.000011084.0996   21.3022
    0.0000  -30.0000  -45.000011461.5625   21.2577
    7.5000  -30.0000  -45.000010818.1035   21.2683
   -7.5000  -22.5000  -45.000011847.9102   21.2972
    0.0000  -22.5000  -45.000012246.8652   21.2548
    7.5000  -22.5000  -45.000011561.8174   21.2644
   -7.5000  -15.0000  -45.000012511.4043   21.3116
    0.0000  -15.0000  -45.000012934.2646   21.2722
    7.5000  -15.0000  -45.000012167.8301   21.2704
   -7.5000   -7.5000  -45.000013124.9727   21.3362
    0.0000   -7.5000  -45.000013589.0234   21.2997
    7.5000   -7.5000  -45.000012754.4395   21.2876
   -7.5000    0.0000  -45.000013622.4678   21.3486
    0.0000    0.0000  -45.000014103.8486   21.3110
    7.5000    0.0000  -45.000013240.0713   21.2978
   -7.5000    7.5000  -45.000012996.9717   21.3288
    0.0000    7.5000  -45.000013452.5146   21.2864
    7.5000    7.5000  -45.000012631.4951   21.2845
   -7.5000   15.0000  -45.000012157.1836   21.3022
    0.0000   15.0000  -45.000012573.6719   21.2577
    7.5000   15.0000  -45.000011789.3203   21.2683
   -7.5000   22.5000  -45.000011183.4551   21.2942
    0.0000   22.5000  -45.000011532.6729   21.2519
    7.5000   22.5000  -45.000010782.9961   21.2615
   -7.5000   30.0000  -45.000010099.4336   21.0276
    0.0000   30.0000  -45.000010377.2715   20.9887
    7.5000   30.0000  -45.0000 9724.8115   20.9869
   -7.5000   37.5000  -45.0000 9409.9590   21.0639
    0.0000   37.5000  -45.0000 9641.6885   21.0277
    7.5000   37.5000  -45.0000 9060.3105   21.0157
   -7.5000   45.0000  -45.0000 8505.2480   20.6350
    0.0000   45.0000  -45.0000 8729.4932   20.5980
    7.5000   45.0000  -45.0000 8199.9619   20.5858
   -7.5000  -45.0000  -37.500010180.5234   21.3177
    0.0000  -45.0000  -37.500010533.4912   21.2690
    7.5000  -45.0000  -37.5000 9963.3486   21.2530
   -7.5000  -37.5000  -37.500010731.0205   21.2935
    0.0000  -37.5000  -37.500011092.0117   21.2474
    7.5000  -37.5000  -37.500010476.0352   21.2422
   -7.5000  -30.0000  -37.500011580.2812   21.2740
    0.0000  -30.0000  -37.500011964.1826   21.2297
    7.5000  -30.0000  -37.500011302.2314   21.2349
   -7.5000  -22.5000  -37.500012391.3242   21.2671
    0.0000  -22.5000  -37.500012790.4727   21.2207
    7.5000  -22.5000  -37.500012076.9883   21.2235
   -7.5000  -15.0000  -37.500013090.5596   21.2754
    0.0000  -15.0000  -37.500013530.8555   21.2245
    7.5000  -15.0000  -37.500012733.1123   21.2158
   -7.5000   -7.5000  -37.500013764.3926   21.2939
    0.0000   -7.5000  -37.500014233.6904   21.2427
    7.5000   -7.5000  -37.500013359.7793   21.2258
   -7.5000    0.0000  -37.500014280.9854   21.3053
    0.0000    0.0000  -37.500014790.0928   21.2567
    7.5000    0.0000  -37.500013848.0488   21.2408
   -7.5000    7.5000  -37.500013609.6113   21.2935
    0.0000    7.5000  -37.500014078.8223   21.2474
    7.5000    7.5000  -37.500013156.9082   21.2422
   -7.5000   15.0000  -37.500012695.2148   21.2740
    0.0000   15.0000  -37.500013112.9238   21.2297
    7.5000   15.0000  -37.500012255.5605   21.2349
   -7.5000   22.5000  -37.500011659.6289   21.2642
    0.0000   22.5000  -37.500012012.2578   21.2178
    7.5000   22.5000  -37.500011221.5957   21.2206
   -7.5000   30.0000  -37.500010566.3535   20.9919
    0.0000   30.0000  -37.500010854.7285   20.9416
    7.5000   30.0000  -37.500010143.6855   20.9331
   -7.5000   37.5000  -37.5000 9822.3008   21.0215
    0.0000   37.5000  -37.500010083.0635   20.9708
    7.5000   37.5000  -37.5000 9450.0225   20.9541
   -7.5000   45.0000  -37.5000 8828.4121   20.5914
    0.0000   45.0000  -37.5000 9088.5762   20.5438
    7.5000   45.0000  -37.5000 8533.8604   20.5291
   -7.5000  -45.0000  -30.000010779.5166   22.1895
    0.0000  -45.0000  -30.000011151.0420   22.1430
    7.5000  -45.0000  -30.000010534.3213   22.1269
   -7.5000  -37.5000  -30.000011312.2930   22.1699
    0.0000  -37.5000  -30.000011691.9570   22.1296
    7.5000  -37.5000  -30.000011064.0791   22.1200
   -7.5000  -30.0000  -30.000012214.5273   22.1624
    0.0000  -30.0000  -30.000012626.9385   22.1249
    7.5000  -30.0000  -30.000011939.1553   22.1209
   -7.5000  -22.5000  -30.000013054.8818   22.1603
    0.0000  -22.5000  -30.000013496.3604   22.1186
    7.5000  -22.5000  -30.000012767.5635   22.1122
   -7.5000  -15.0000  -30.000013781.7275   22.1646
    0.0000  -15.0000  -30.000014254.8096   22.1150
    7.5000  -15.0000  -30.000013462.3203   22.1012
   -7.5000   -7.5000  -30.000014483.4141   22.1734
    0.0000   -7.5000  -30.000015001.7969   22.1222
    7.5000   -7.5000  -30.000014107.7646   22.1042
   -7.5000    0.0000  -30.000015083.5479   22.1766
    0.0000    0.0000  -30.000015628.4160   22.1303
    7.5000    0.0000  -30.000014619.4814   22.1142
   -7.5000    7.5000  -30.000014385.3291   22.1699
    0.0000    7.5000  -30.000014915.7920   22.1296
    7.5000    7.5000  -30.000013900.5576   22.1200
   -7.5000   15.0000  -30.000013410.6123   22.1624
    0.0000   15.0000  -30.000013863.3770   22.1249
    7.5000   15.0000  -30.000012953.0596   22.1209
   -7.5000   22.5000  -30.000012317.9131   22.1550
    0.0000   22.5000  -30.000012706.2383   22.1133
    7.5000   22.5000  -30.000011871.0576   22.1069
   -7.5000   30.0000  -30.000011152.0820   21.8713
    0.0000   30.0000  -30.000011480.4531   21.8224
    7.5000   30.0000  -30.000010741.3496   21.8088
   -7.5000   37.5000  -30.000010409.6074   21.8917
    0.0000   37.5000  -30.000010704.0400   21.8409
    7.5000   37.5000  -30.000010018.1426   21.8232
   -7.5000   45.0000  -30.0000 9340.7227   21.4486
    0.0000   45.0000  -30.0000 9623.4219   21.4031
    7.5000   45.0000  -30.0000 9030.5547   21.3883
   -7.5000  -45.0000  -22.500011300.1064   22.9360
    0.0000  -45.0000  -22.500011687.6768   22.9044
    7.5000  -45.0000  -22.500011058.4102   22.8888
   -7.5000  -37.5000  -22.500011862.4629   22.9152
    0.0000  -37.5000  -22.500012269.5498   22.8852
    7.5000  -37.5000  -22.500011646.7705   22.8725
   -7.5000  -30.0000  -22.500012835.5254   22.9103
    0.0000  -30.0000  -22.500013291.2031   22.8800
    7.5000  -30.0000  -22.500012596.0537   22.8706
   -7.5000  -22.5000  -22.500013699.7070   22.9097
    0.0000  -22.5000  -22.500014167.0088   22.8774
    7.5000  -22.5000  -22.500013459.1758   22.8680
   -7.5000  -15.0000  -22.500014435.7539   22.9134
    0.0000  -15.0000  -22.500014937.0049   22.8783
    7.5000  -15.0000  -22.500014181.8857   22.8655
   -7.5000   -7.5000  -22.500015154.1807   22.9215
    0.0000   -7.5000  -22.500015708.0557   22.8867
    7.5000   -7.5000  -22.500014831.0068   22.8711
   -7.5000    0.0000  -22.500015806.7148   22.9228
    0.0000    0.0000  -22.500016420.3887   22.8911
    7.5000    0.0000  -22.500015379.9893   22.8757
   -7.5000    7.5000  -22.500015088.5645   22.9152
    0.0000    7.5000  -22.500015690.9873   22.8852
    7.5000    7.5000  -22.500014653.6475   22.8725
   -7.5000   15.0000  -22.500014092.7686   22.9103
    0.0000   15.0000  -22.500014607.0625   22.8800
    7.5000   15.0000  -22.500013668.1143   22.8706
   -7.5000   22.5000  -22.500012945.2510   22.9027
    0.0000   22.5000  -22.500013368.8359   22.8703
    7.5000   22.5000  -22.500012520.3018   22.8609
   -7.5000   30.0000  -22.500011701.4561   22.6136
    0.0000   30.0000  -22.500012062.0391   22.5791
    7.5000   30.0000  -22.500011325.2910   22.5664
   -7.5000   37.5000  -22.500010925.8545   22.6342
    0.0000   37.5000  -22.500011278.6172   22.5998
    7.5000   37.5000  -22.500010585.9121   22.5844
   -7.5000   45.0000  -22.5000 9826.3438   22.1878
    0.0000   45.0000  -22.500010140.5459   22.1565
    7.5000   45.0000  -22.5000 9531.1816   22.1424
   -7.5000  -45.0000  -15.000011743.2090   23.4645
    0.0000  -45.0000  -15.000012178.1133   23.4457
    7.5000  -45.0000  -15.000011564.3330   23.4300
   -7.5000  -37.5000  -15.000012352.2246   23.4343
    0.0000  -37.5000  -15.000012810.4248   23.4080
    7.5000  -37.5000  -15.000012170.0898   23.3964
   -7.5000  -30.0000  -15.000013394.9805   23.4187
    0.0000  -30.0000  -15.000013905.3154   23.3876
    7.5000  -30.0000  -15.000013217.8818   23.3825
   -7.5000  -22.5000  -15.000014342.2266   23.4165
    0.0000  -22.5000  -15.000014877.9717   23.3894
    7.5000  -22.5000  -15.000014159.1396   23.3868
   -7.5000  -15.0000  -15.000015114.3125   23.4264
    0.0000  -15.0000  -15.000015718.3594   23.4060
    7.5000  -15.0000  -15.000014963.0371   23.4000
   -7.5000   -7.5000  -15.000015858.7754   23.4452
    0.0000   -7.5000  -15.000016488.7793   23.4285
    7.5000   -7.5000  -15.000015669.1357   23.4159
   -7.5000    0.0000  -15.000016518.4863   23.4509
    0.0000    0.0000  -15.000017168.9492   23.4321
    7.5000    0.0000  -15.000016227.8926   23.4166
   -7.5000    7.5000  -15.000015717.0420   23.4343
    0.0000    7.5000  -15.000016325.5830   23.4080
    7.5000    7.5000  -15.000015409.2979   23.3963
   -7.5000   15.0000  -15.000014663.4014   23.4187
    0.0000   15.0000  -15.000015242.4131   23.3876
    7.5000   15.0000  -15.000014339.8008   23.3825
   -7.5000   22.5000  -15.000013475.1162   23.4083
    0.0000   22.5000  -15.000013983.1133   23.3811
    7.5000   22.5000  -15.000013147.5000   23.3786
   -7.5000   30.0000  -15.000012188.4531   23.1232
    0.0000   30.0000  -15.000012627.4004   23.1031
    7.5000   30.0000  -15.000011885.9697   23.0972
   -7.5000   37.5000  -15.000011424.9170   23.1552
    0.0000   37.5000  -15.000011834.0029   23.1385
    7.5000   37.5000  -15.000011095.9814   23.1261
   -7.5000   45.0000  -15.000010298.9707   22.7140
    0.0000   45.0000  -15.000010651.5176   22.6952
    7.5000   45.0000  -15.0000 9976.6006   22.6810
   -7.5000  -45.0000   -7.500012142.0371   23.6955
    0.0000  -45.0000   -7.500012621.8945   23.6721
    7.5000  -45.0000   -7.500012047.9951   23.6583
   -7.5000  -37.5000   -7.500012780.9297   23.6580
    0.0000  -37.5000   -7.500013262.0273   23.6236
    7.5000  -37.5000   -7.500012669.9854   23.6187
   -7.5000  -30.0000   -7.500013935.5391   23.6313
    0.0000  -30.0000   -7.500014482.8486   23.5913
    7.5000  -30.0000   -7.500013788.3623   23.5977
   -7.5000  -22.5000   -7.500015105.4160   23.6278
    0.0000  -22.5000   -7.500015730.6104   23.5939
    7.5000  -22.5000   -7.500014912.1113   23.6021
   -7.5000  -15.0000   -7.500015904.3965   23.6438
    0.0000  -15.0000   -7.500016540.9844   23.6199
    7.5000  -15.0000   -7.500015890.9766   23.6200
   -7.5000   -7.5000   -7.500016563.6211   23.6711
    0.0000   -7.5000   -7.500017197.6914   23.6520
    7.5000   -7.5000   -7.500016606.9277   23.6417
   -7.5000    0.0000   -7.500017154.5957   23.6818
    0.0000    0.0000   -7.500017841.4355   23.6584
    7.5000    0.0000   -7.500017136.4004   23.6447
   -7.5000    7.5000   -7.500016324.6396   23.6580
    0.0000    7.5000   -7.500017002.5762   23.6236
    7.5000    7.5000   -7.500016238.0557   23.6187
   -7.5000   15.0000   -7.500015261.1201   23.6313
    0.0000   15.0000   -7.500015926.9658   23.5913
    7.5000   15.0000   -7.500015093.0781   23.5977
   -7.5000   22.5000   -7.500014085.3799   23.6169
    0.0000   22.5000   -7.500014659.8760   23.5830
    7.5000   22.5000   -7.500013840.0557   23.5912
   -7.5000   30.0000   -7.500012749.8125   23.3372
    0.0000   30.0000   -7.500013231.2080   23.3136
    7.5000   30.0000   -7.500012457.7373   23.3137
   -7.5000   37.5000   -7.500011921.1436   23.3778
    0.0000   37.5000   -7.500012358.9932   23.3587
    7.5000   37.5000   -7.500011581.8564   23.3486
   -7.5000   45.0000   -7.500010751.9609   22.9424
    0.0000   45.0000   -7.500011114.9922   22.9191
    7.5000   45.0000   -7.500010409.7139   22.9066
   -7.5000  -45.0000    0.000012536.5332   23.7309
    0.0000  -45.0000    0.000013008.4717   23.6893
    7.5000  -45.0000    0.000012426.5791   23.6746
   -7.5000  -37.5000    0.000013136.6367   23.6956
    0.0000  -37.5000    0.000013637.6621   23.6488
    7.5000  -37.5000    0.000013068.9424   23.6467
   -7.5000  -30.0000    0.000014280.8740   23.6662
    0.0000  -30.0000    0.000014833.2822   23.6171
    7.5000  -30.0000    0.000014199.5205   23.6290
   -7.5000  -22.5000    0.000015557.1406   23.6602
    0.0000  -22.5000    0.000016157.2930   23.6136
    7.5000  -22.5000    0.000015388.4404   23.6243
   -7.5000  -15.0000    0.000016438.4590   23.6757
    0.0000  -15.0000    0.000017051.1367   23.6323
    7.5000  -15.0000    0.000016508.2793   23.6304
   -7.5000   -7.5000    0.000017096.5645   23.7031
    0.0000   -7.5000    0.000017773.8281   23.6627
    7.5000   -7.5000    0.000017312.3672   23.6494
   -7.5000    0.0000    0.000017771.8457   23.7172
    0.0000    0.0000    0.000018512.7129   23.6757
    7.5000    0.0000    0.000017846.2578   23.6611
   -7.5000    7.5000    0.000016967.6074   23.6956
    0.0000    7.5000    0.000017669.8730   23.6488
    7.5000    7.5000    0.000016853.8027   23.6467
   -7.5000   15.0000    0.000015839.7314   23.6662
    0.0000   15.0000    0.000016450.8066   23.6171
    7.5000   15.0000    0.000015589.7402   23.6290
   -7.5000   22.5000    0.000014560.4570   23.6493
    0.0000   22.5000    0.000015042.7012   23.6027
    7.5000   22.5000    0.000014230.9756   23.6134
   -7.5000   30.0000    0.000013174.9414   23.3693
    0.0000   30.0000    0.000013556.7559   23.3264
    7.5000   30.0000    0.000012827.2812   23.3246
   -7.5000   37.5000    0.000012313.8682   23.4096
    0.0000   37.5000    0.000012655.6807   23.3695
    7.5000   37.5000    0.000011936.7246   23.3564
   -7.5000   45.0000    0.000011075.0449   22.9775
    0.0000   45.0000    0.000011382.8086   22.9365
    7.5000   45.0000    0.000010695.3613   22.9232
   -7.5000  -45.0000    7.500011897.3799   23.7709
    0.0000  -45.0000    7.500012363.5791   23.7167
    7.5000  -45.0000    7.500011766.1260   23.6989
   -7.5000  -37.5000    7.500012442.8135   23.7436
    0.0000  -37.5000    7.500012916.9434   23.6924
    7.5000  -37.5000    7.500012348.6270   23.6866
   -7.5000  -30.0000    7.500013484.2539   23.7223
    0.0000  -30.0000    7.500013994.8955   23.6731
    7.5000  -30.0000    7.500013403.7705   23.6790
   -7.5000  -22.5000    7.500014630.3965   23.7155
    0.0000  -22.5000    7.500015138.0615   23.6640
    7.5000  -22.5000    7.500014481.2412   23.6671
   -7.5000  -15.0000    7.500015661.8115   23.7251
    0.0000  -15.0000    7.500016152.8691   23.6685
    7.5000  -15.0000    7.500015472.0566   23.6588
   -7.5000   -7.5000    7.500016627.6777   23.7453
    0.0000   -7.5000    7.500017149.0527   23.6882
    7.5000   -7.5000    7.500016353.0312   23.6694
   -7.5000    0.0000    7.500017343.2500   23.7571
    0.0000    0.0000    7.500017907.7148   23.7031
    7.5000    0.0000    7.500016977.5020   23.6853
   -7.5000    7.5000    7.500016462.9785   23.7436
    0.0000    7.5000    7.500016988.6387   23.6924
    7.5000    7.5000    7.500016050.1309   23.6866
   -7.5000   15.0000    7.500015199.8613   23.7223
    0.0000   15.0000    7.500015672.0107   23.6731
    7.5000   15.0000    7.500014826.5039   23.6790
   -7.5000   22.5000    7.500013817.3613   23.7046
    0.0000   22.5000    7.500014228.0586   23.6531
    7.5000   22.5000    7.500013477.8760   23.6562
   -7.5000   30.0000    7.500012491.1367   23.4181
    0.0000   30.0000    7.500012844.6816   23.3622
    7.5000   30.0000    7.500012172.1533   23.3526
   -7.5000   37.5000    7.500011689.1973   23.4506
    0.0000   37.5000    7.500012010.5918   23.3941
    7.5000   37.5000    7.500011370.9316   23.3755
   -7.5000   45.0000    7.500010524.2500   23.0148
    0.0000   45.0000    7.500010785.0498   22.9617
    7.5000   45.0000    7.500010211.8965   22.9452
   -7.5000  -45.0000   15.000011174.9131   23.8727
    0.0000  -45.0000   15.000011573.2314   23.8226
    7.5000  -45.0000   15.000011003.6152   23.8048
   -7.5000  -37.5000   15.000011720.1855   23.8517
    0.0000  -37.5000   15.000012125.9160   23.8082
    7.5000  -37.5000   15.000011548.2139   23.7975
   -7.5000  -30.0000   15.000012742.6797   23.8437
    0.0000  -30.0000   15.000013180.6387   23.8033
    7.5000  -30.0000   15.000012570.3672   23.7986
   -7.5000  -22.5000   15.000013762.7793   23.8415
    0.0000  -22.5000   15.000014188.9941   23.7965
    7.5000  -22.5000   15.000013554.4023   23.7892
   -7.5000  -15.0000   15.000014624.7119   23.8460
    0.0000  -15.0000   15.000015048.7988   23.7926
    7.5000  -15.0000   15.000014416.3574   23.7773
   -7.5000   -7.5000   15.000015483.6494   23.8554
    0.0000   -7.5000   15.000015946.4453   23.8001
    7.5000   -7.5000   15.000015213.9346   23.7804
   -7.5000    0.0000   15.000016168.3984   23.8589
    0.0000    0.0000   15.000016639.7793   23.8088
    7.5000    0.0000   15.000015834.9180   23.7911
   -7.5000    7.5000   15.000015360.4209   23.8517
    0.0000    7.5000   15.000015811.6260   23.8082
    7.5000    7.5000   15.000015007.6855   23.7975
   -7.5000   15.0000   15.000014255.8086   23.8437
    0.0000   15.0000   15.000014676.6748   23.8033
    7.5000   15.0000   15.000013922.1572   23.7986
   -7.5000   22.5000   15.000012999.6162   23.8305
    0.0000   22.5000   15.000013370.3477   23.7855
    7.5000   22.5000   15.000012672.9785   23.7783
   -7.5000   30.0000   15.000011750.7412   23.5374
    0.0000   30.0000   15.000012106.3652   23.4847
    7.5000   30.0000   15.000011459.8340   23.4696
   -7.5000   37.5000   15.000010986.2832   23.5592
    0.0000   37.5000   15.000011302.5127   23.5045
    7.5000   37.5000   15.000010729.7002   23.4850
   -7.5000   45.0000   15.0000 9871.5674   23.1132
    0.0000   45.0000   15.000010127.9648   23.0640
    7.5000   45.0000   15.0000 9606.9580   23.0477
   -7.5000  -45.0000   22.500010396.8203   24.0935
    0.0000  -45.0000   22.500010788.9355   24.0597
    7.5000  -45.0000   22.500010213.1211   24.0414
   -7.5000  -37.5000   22.500010951.2266   24.0705
    0.0000  -37.5000   22.500011361.4502   24.0384
    7.5000  -37.5000   22.500010742.0586   24.0232
   -7.5000  -30.0000   22.500011895.7607   24.0650
    0.0000  -30.0000   22.500012342.0371   24.0327
    7.5000  -30.0000   22.500011688.0410   24.0211
   -7.5000  -22.5000   22.500012749.0869   24.0652
    0.0000  -22.5000   22.500013189.2344   24.0308
    7.5000  -22.5000   22.500012548.1279   24.0193
   -7.5000  -15.0000   22.500013501.8418   24.0700
    0.0000  -15.0000   22.500013968.1904   24.0328
    7.5000  -15.0000   22.500013322.3223   24.0177
   -7.5000   -7.5000   22.500014260.6201   24.0787
    0.0000   -7.5000   22.500014752.2871   24.0417
    7.5000   -7.5000   22.500014075.8281   24.0236
   -7.5000    0.0000   22.500014797.7900   24.0794
    0.0000    0.0000   22.500015308.5664   24.0456
    7.5000    0.0000   22.500014590.9238   24.0274
   -7.5000    7.5000   22.500014059.0039   24.0704
    0.0000    7.5000   22.500014531.7393   24.0384
    7.5000    7.5000   22.500013823.6523   24.0232
   -7.5000   15.0000   22.500013130.8047   24.0650
    0.0000   15.0000   22.500013573.5957   24.0327
    7.5000   15.0000   22.500012867.4365   24.0211
   -7.5000   22.5000   22.500012068.6387   24.0541
    0.0000   22.5000   22.500012454.3193   24.0197
    7.5000   22.5000   22.500011792.7559   24.0083
   -7.5000   30.0000   22.500010955.4658   23.7585
    0.0000   30.0000   22.500011313.6006   23.7217
    7.5000   30.0000   22.500010708.5918   23.7068
   -7.5000   37.5000   22.500010239.8330   23.7804
    0.0000   37.5000   22.500010539.9922   23.7437
    7.5000   37.5000   22.500010006.8828   23.7257
   -7.5000   45.0000   22.5000 9177.9248   23.3286
    0.0000   45.0000   22.5000 9448.9229   23.2952
    7.5000   45.0000   22.5000 8959.2734   23.2784
   -7.5000  -45.0000   30.0000 9650.4404   24.6696
    0.0000  -45.0000   30.000010036.8281   24.6485
    7.5000  -45.0000   30.0000 9493.4873   24.6300
   -7.5000  -37.5000   30.000010136.0303   24.6368
    0.0000  -37.5000   30.000010561.3018   24.6073
    7.5000  -37.5000   30.0000 9986.9141   24.5930
   -7.5000  -30.0000   30.000010971.0801   24.6204
    0.0000  -30.0000   30.000011422.2500   24.5858
    7.5000  -30.0000   30.000010821.2109   24.5784
   -7.5000  -22.5000   30.000011751.9111   24.6185
    0.0000  -22.5000   30.000012197.8662   24.5883
    7.5000  -22.5000   30.000011589.4893   24.5838
   -7.5000  -15.0000   30.000012458.8760   24.6292
    0.0000  -15.0000   30.000012934.3848   24.6065
    7.5000  -15.0000   30.000012316.7861   24.5983
   -7.5000   -7.5000   30.000013143.4551   24.6492
    0.0000   -7.5000   30.000013659.5391   24.6305
    7.5000   -7.5000   30.000013011.3799   24.6153
   -7.5000    0.0000   30.000013628.5312   24.6548
    0.0000    0.0000   30.000014129.6045   24.6338
    7.5000    0.0000   30.000013495.3604   24.6153
   -7.5000    7.5000   30.000012934.9551   24.6368
    0.0000    7.5000   30.000013371.5322   24.6073
    7.5000    7.5000   30.000012775.2227   24.5930
   -7.5000   15.0000   30.000012079.9609   24.6204
    0.0000   15.0000   30.000012528.4619   24.5858
    7.5000   15.0000   30.000011903.1787   24.5784
   -7.5000   22.5000   30.000011112.1406   24.6071
    0.0000   22.5000   30.000011511.6416   24.5770
    7.5000   22.5000   30.000010927.2646   24.5724
   -7.5000   30.0000   30.000010116.1221   24.3104
    0.0000   30.0000   30.000010481.3633   24.2881
    7.5000   30.0000   30.0000 9961.5889   24.2800
   -7.5000   37.5000   30.0000 9482.7598   24.3391
    0.0000   37.5000   30.0000 9811.6025   24.3205
    7.5000   37.5000   30.0000 9328.7793   24.3056
   -7.5000   45.0000   30.0000 8512.8164   23.8724
    0.0000   45.0000   30.0000 8802.9297   23.8515
    7.5000   45.0000   30.0000 8368.1416   23.8345
   -7.5000  -45.0000   37.5000 9261.3467   25.3793
    0.0000  -45.0000   37.5000 9653.6699   25.3485
    7.5000  -45.0000   37.5000 9118.8340   25.3307
   -7.5000  -37.5000   37.5000 9729.8789   25.3340
    0.0000  -37.5000   37.500010147.3135   25.2899
    7.5000  -37.5000   37.5000 9578.6729   25.2816
   -7.5000  -30.0000   37.500010525.7393   25.3027
    0.0000  -30.0000   37.500010956.1240   25.2514
    7.5000  -30.0000   37.500010375.0723   25.2564
   -7.5000  -22.5000   37.500011263.2363   25.3005
    0.0000  -22.5000   37.500011695.6221   25.2561
    7.5000  -22.5000   37.500011117.4678   25.2642
   -7.5000  -15.0000   37.500011949.1504   25.3214
    0.0000  -15.0000   37.500012393.4375   25.2892
    7.5000  -15.0000   37.500011801.5156   25.2888
   -7.5000   -7.5000   37.500012608.1133   25.3533
    0.0000   -7.5000   37.500013093.7500   25.3274
    7.5000   -7.5000   37.500012480.9678   25.3146
   -7.5000    0.0000   37.500013079.3428   25.3637
    0.0000    0.0000   37.500013547.8721   25.3329
    7.5000    0.0000   37.500012925.7559   25.3152
   -7.5000    7.5000   37.500012395.7158   25.3340
    0.0000    7.5000   37.500012808.4512   25.2899
    7.5000    7.5000   37.500012235.1426   25.2816
   -7.5000   15.0000   37.500011550.4072   25.3027
    0.0000   15.0000   37.500011977.1836   25.2514
    7.5000   15.0000   37.500011404.4912   25.2564
   -7.5000   22.5000   37.500010630.7148   25.2888
    0.0000   22.5000   37.500011027.8330   25.2445
    7.5000   22.5000   37.500010508.8057   25.2526
   -7.5000   30.0000   37.5000 9701.0107   24.9937
    0.0000   30.0000   37.500010061.6006   24.9620
    7.5000   30.0000   37.5000 9579.9512   24.9616
   -7.5000   37.5000   37.5000 9101.4414   25.0305
    0.0000   37.5000   37.5000 9440.2930   25.0048
    7.5000   37.5000   37.5000 8996.9756   24.9923
   -7.5000   45.0000   37.5000 8197.4326   24.5446
    0.0000   45.0000   37.5000 8498.3760   24.5143
    7.5000   45.0000   37.5000 8082.6558   24.4981
   -7.5000  -45.0000   45.0000 8522.0938   26.1830
    0.0000  -45.0000   45.0000 8862.2676   26.1253
    7.5000  -45.0000   45.0000 8379.0879   26.1041
   -7.5000  -37.5000   45.0000 8952.1826   26.1328
    0.0000  -37.5000   45.0000 9321.0879   26.0681
    7.5000  -37.5000   45.0000 8813.5693   26.0630
   -7.5000  -30.0000   45.0000 9684.2715   26.0980
    0.0000  -30.0000   45.000010058.7998   26.0306
    7.5000  -30.0000   45.0000 9541.9395   26.0432
   -7.5000  -22.5000   45.000010351.1826   26.0994
    0.0000  -22.5000   45.000010733.7646   26.0362
    7.5000  -22.5000   45.000010231.3564   26.0471
   -7.5000  -15.0000   45.000010980.0029   26.1260
    0.0000  -15.0000   45.000011370.5234   26.0679
    7.5000  -15.0000   45.000010856.4521   26.0630
   -7.5000   -7.5000   45.000011578.7275   26.1577
    0.0000   -7.5000   45.000012005.4385   26.1029
    7.5000   -7.5000   45.000011469.2842   26.0834
   -7.5000    0.0000   45.000012022.7090   26.1661
    0.0000    0.0000   45.000012444.0010   26.1085
    7.5000    0.0000   45.000011887.8682   26.0875
   -7.5000    7.5000   45.000011397.9775   26.1328
    0.0000    7.5000   45.000011781.3555   26.0681
    7.5000    7.5000   45.000011264.0381   26.0630
   -7.5000   15.0000   45.000010610.5938   26.0980
    0.0000   15.0000   45.000010988.5928   26.0306
    7.5000   15.0000   45.000010483.8691   26.0432
   -7.5000   22.5000   45.0000 9767.6299   26.0873
    0.0000   22.5000   45.000010124.0166   26.0241
    7.5000   22.5000   45.0000 9640.7832   26.0350
   -7.5000   30.0000   45.0000 8927.0928   25.7857
    0.0000   30.0000   45.0000 9232.7324   25.7283
    7.5000   30.0000   45.0000 8794.8340   25.7234
   -7.5000   37.5000   45.0000 8431.4941   25.8198
    0.0000   37.5000   45.0000 8709.2998   25.7656
    7.5000   37.5000   45.0000 8297.0898   25.7465
   -7.5000   45.0000   45.0000 7605.3491   25.3190
    0.0000   45.0000   45.0000 7845.7285   25.2629
    7.5000   45.0000   45.0000 7469.0386   25.2434

---------------------------------------------------------------------
imgreg_4dfp /usr/local/freesurfer/average/711-2C_as_mni_average_305 /usr/local/freesurfer/average/711-2B_as_mni_average_305_mask talsrcimg_g11 none talsrcimg_to_711-2C_as_mni_average_305_t4 4355
---------------------------------------------------------------------

freesurfer imgreg_4dfp.c
/usr/local/freesurfer/average/711-2C_as_mni_average_305.4dfp.img
       256       256       256         1
  1.000000  1.000000  1.000000
orientation T byte_order littleendian
Reading image: /usr/local/freesurfer/average/711-2C_as_mni_average_305.4dfp.img
dimensions:      256       256       256
mmppix:       1.0000   -1.0000   -1.0000
center:     128.0000 -129.0000 -129.0000
/usr/local/freesurfer/average/711-2B_as_mni_average_305_mask.4dfp.img
       256       256       256         1
  1.000000  1.000000  1.000000
orientation T byte_order littleendian
Reading mask: /usr/local/freesurfer/average/711-2B_as_mni_average_305_mask.4dfp.img (2306576 pixels)
talsrcimg_g11.4dfp.img
       256       256       256         1
  1.000000  1.000000  1.000000
orientation T byte_order littleendian
Reading image: talsrcimg_g11.4dfp.img
dimensions:      256       256       256
mmppix:       1.0000   -1.0000   -1.0000
center:     128.0000 -129.0000 -129.0000
rotation matrix determinant  1.000000
image alignment mode   4355 decimal     1103 hex
   -7.5000  -45.0000  -45.0000 2376.3083   21.4455
    0.0000  -45.0000  -45.0000 2374.0945   21.4773
    7.5000  -45.0000  -45.0000 2349.5532   21.6457
   -7.5000  -37.5000  -45.0000 2439.9041   20.2648
    0.0000  -37.5000  -45.0000 2439.1282   20.3376
    7.5000  -37.5000  -45.0000 2402.0432   20.5364
   -7.5000  -30.0000  -45.0000 2473.7610   19.5476
    0.0000  -30.0000  -45.0000 2469.2136   19.5782
    7.5000  -30.0000  -45.0000 2433.2078   19.7439
   -7.5000  -22.5000  -45.0000 2478.7754   19.1491
    0.0000  -22.5000  -45.0000 2478.6667   19.1927
    7.5000  -22.5000  -45.0000 2447.9604   19.3760
   -7.5000  -15.0000  -45.0000 2475.6079   19.0239
    0.0000  -15.0000  -45.0000 2478.7798   19.0461
    7.5000  -15.0000  -45.0000 2446.9932   19.2762
   -7.5000   -7.5000  -45.0000 2471.8667   19.2479
    0.0000   -7.5000  -45.0000 2475.1350   19.2650
    7.5000   -7.5000  -45.0000 2441.2571   19.4865
   -7.5000    0.0000  -45.0000 2461.3320   19.6362
    0.0000    0.0000  -45.0000 2458.2913   19.6532
    7.5000    0.0000  -45.0000 2424.4897   19.9074
   -7.5000    7.5000  -45.0000 2433.8225   20.3874
    0.0000    7.5000  -45.0000 2433.2529   20.3878
    7.5000    7.5000  -45.0000 2402.5278   20.7219
   -7.5000   15.0000  -45.0000 2384.4983   21.5491
    0.0000   15.0000  -45.0000 2385.2092   21.5563
    7.5000   15.0000  -45.0000 2355.4275   21.9059
   -7.5000   22.5000  -45.0000 2312.4065   23.1769
    0.0000   22.5000  -45.0000 2310.9746   23.1626
    7.5000   22.5000  -45.0000 2276.9204   23.5128
   -7.5000   30.0000  -45.0000 2217.6123   25.3022
    0.0000   30.0000  -45.0000 2215.5686   25.2912
    7.5000   30.0000  -45.0000 2185.5322   25.7315
   -7.5000   37.5000  -45.0000 2100.8689   28.0123
    0.0000   37.5000  -45.0000 2098.1716   28.0059
    7.5000   37.5000  -45.0000 2072.0876   28.4300
   -7.5000   45.0000  -45.0000 1986.7904   31.5360
    0.0000   45.0000  -45.0000 1984.3035   31.5071
    7.5000   45.0000  -45.0000 1951.4213   31.9570
   -7.5000  -45.0000  -37.5000 2458.8792   20.2302
    0.0000  -45.0000  -37.5000 2451.9141   20.2088
    7.5000  -45.0000  -37.5000 2424.5950   20.3964
   -7.5000  -37.5000  -37.5000 2522.3721   19.0559
    0.0000  -37.5000  -37.5000 2513.3970   19.0744
    7.5000  -37.5000  -37.5000 2479.1428   19.2432
   -7.5000  -30.0000  -37.5000 2549.5354   18.2421
    0.0000  -30.0000  -37.5000 2541.3442   18.2427
    7.5000  -30.0000  -37.5000 2509.2205   18.4189
   -7.5000  -22.5000  -37.5000 2565.4568   17.8465
    0.0000  -22.5000  -37.5000 2560.0378   17.8633
    7.5000  -22.5000  -37.5000 2530.0503   18.0249
   -7.5000  -15.0000  -37.5000 2568.9832   17.7523
    0.0000  -15.0000  -37.5000 2568.5898   17.7674
    7.5000  -15.0000  -37.5000 2534.3845   17.9651
   -7.5000   -7.5000  -37.5000 2578.1858   18.0264
    0.0000   -7.5000  -37.5000 2581.4719   18.0512
    7.5000   -7.5000  -37.5000 2538.6782   18.2327
   -7.5000    0.0000  -37.5000 2560.5337   18.4717
    0.0000    0.0000  -37.5000 2563.1865   18.4775
    7.5000    0.0000  -37.5000 2525.3533   18.6948
   -7.5000    7.5000  -37.5000 2528.9382   19.2470
    0.0000    7.5000  -37.5000 2530.1792   19.2336
    7.5000    7.5000  -37.5000 2491.2266   19.4986
   -7.5000   15.0000  -37.5000 2472.4158   20.3163
    0.0000   15.0000  -37.5000 2478.2905   20.3462
    7.5000   15.0000  -37.5000 2436.5269   20.6030
   -7.5000   22.5000  -37.5000 2394.0408   21.8374
    0.0000   22.5000  -37.5000 2396.2637   21.8610
    7.5000   22.5000  -37.5000 2358.5625   22.1612
   -7.5000   30.0000  -37.5000 2297.3074   23.8119
    0.0000   30.0000  -37.5000 2298.1846   23.8373
    7.5000   30.0000  -37.5000 2260.6218   24.1815
   -7.5000   37.5000  -37.5000 2173.9836   26.2616
    0.0000   37.5000  -37.5000 2173.9324   26.3535
    7.5000   37.5000  -37.5000 2143.7876   26.7043
   -7.5000   45.0000  -37.5000 2045.3461   29.5493
    0.0000   45.0000  -37.5000 2048.4165   29.5971
    7.5000   45.0000  -37.5000 2015.7991   30.0230
   -7.5000  -45.0000  -30.0000 2563.3467   19.7941
    0.0000  -45.0000  -30.0000 2556.6938   19.7383
    7.5000  -45.0000  -30.0000 2521.1025   20.0205
   -7.5000  -37.5000  -30.0000 2623.2620   18.5509
    0.0000  -37.5000  -30.0000 2614.6431   18.5353
    7.5000  -37.5000  -30.0000 2584.7151   18.7839
   -7.5000  -30.0000  -30.0000 2661.8201   17.7163
    0.0000  -30.0000  -30.0000 2656.8232   17.7180
    7.5000  -30.0000  -30.0000 2623.7859   17.9099
   -7.5000  -22.5000  -30.0000 2690.9907   17.2192
    0.0000  -22.5000  -30.0000 2689.2869   17.2462
    7.5000  -22.5000  -30.0000 2655.5696   17.4513
   -7.5000  -15.0000  -30.0000 2699.2661   17.1191
    0.0000  -15.0000  -30.0000 2698.8152   17.1492
    7.5000  -15.0000  -30.0000 2664.9492   17.3500
   -7.5000   -7.5000  -30.0000 2708.8130   17.4202
    0.0000   -7.5000  -30.0000 2711.5366   17.4239
    7.5000   -7.5000  -30.0000 2666.5525   17.6097
   -7.5000    0.0000  -30.0000 2695.7214   17.9711
    0.0000    0.0000  -30.0000 2702.0300   17.9786
    7.5000    0.0000  -30.0000 2649.4993   18.1606
   -7.5000    7.5000  -30.0000 2665.1470   18.7530
    0.0000    7.5000  -30.0000 2669.3845   18.8002
    7.5000    7.5000  -30.0000 2620.6956   18.9961
   -7.5000   15.0000  -30.0000 2599.2847   19.8345
    0.0000   15.0000  -30.0000 2605.4912   19.8665
    7.5000   15.0000  -30.0000 2557.6863   20.1384
   -7.5000   22.5000  -30.0000 2514.8806   21.3389
    0.0000   22.5000  -30.0000 2519.3989   21.3893
    7.5000   22.5000  -30.0000 2478.0903   21.7234
   -7.5000   30.0000  -30.0000 2407.5552   23.2531
    0.0000   30.0000  -30.0000 2407.1780   23.2949
    7.5000   30.0000  -30.0000 2375.4756   23.6478
   -7.5000   37.5000  -30.0000 2282.8984   25.7389
    0.0000   37.5000  -30.0000 2282.9294   25.7275
    7.5000   37.5000  -30.0000 2249.6611   26.0819
   -7.5000   45.0000  -30.0000 2145.9380   28.8926
    0.0000   45.0000  -30.0000 2141.4534   28.8714
    7.5000   45.0000  -30.0000 2110.7515   29.3121
   -7.5000  -45.0000  -22.5000 2615.2019   19.2570
    0.0000  -45.0000  -22.5000 2612.3682   19.2410
    7.5000  -45.0000  -22.5000 2583.4131   19.6393
   -7.5000  -37.5000  -22.5000 2686.6558   18.0110
    0.0000  -37.5000  -22.5000 2684.9006   18.0130
    7.5000  -37.5000  -22.5000 2659.1323   18.3702
   -7.5000  -30.0000  -22.5000 2742.6284   17.1732
    0.0000  -30.0000  -22.5000 2743.9731   17.1740
    7.5000  -30.0000  -22.5000 2710.6873   17.4886
   -7.5000  -22.5000  -22.5000 2786.4377   16.6171
    0.0000  -22.5000  -22.5000 2785.7358   16.6561
    7.5000  -22.5000  -22.5000 2749.9539   16.9542
   -7.5000  -15.0000  -22.5000 2802.3804   16.4120
    0.0000  -15.0000  -22.5000 2799.2168   16.4703
    7.5000  -15.0000  -22.5000 2759.5432   16.7426
   -7.5000   -7.5000  -22.5000 2807.2854   16.6768
    0.0000   -7.5000  -22.5000 2806.2595   16.7034
    7.5000   -7.5000  -22.5000 2758.5669   16.9959
   -7.5000    0.0000  -22.5000 2796.6755   17.2966
    0.0000    0.0000  -22.5000 2801.6970   17.3184
    7.5000    0.0000  -22.5000 2742.7183   17.5364
   -7.5000    7.5000  -22.5000 2758.2427   18.1201
    0.0000    7.5000  -22.5000 2764.5127   18.1654
    7.5000    7.5000  -22.5000 2710.7332   18.3819
   -7.5000   15.0000  -22.5000 2686.2200   19.2182
    0.0000   15.0000  -22.5000 2690.0986   19.2357
    7.5000   15.0000  -22.5000 2649.8459   19.5704
   -7.5000   22.5000  -22.5000 2595.8545   20.7052
    0.0000   22.5000  -22.5000 2597.1135   20.7246
    7.5000   22.5000  -22.5000 2565.4297   21.1111
   -7.5000   30.0000  -22.5000 2480.9966   22.6558
    0.0000   30.0000  -22.5000 2478.7051   22.6483
    7.5000   30.0000  -22.5000 2454.2788   23.0705
   -7.5000   37.5000  -22.5000 2360.2341   25.0471
    0.0000   37.5000  -22.5000 2356.9368   25.0130
    7.5000   37.5000  -22.5000 2323.7310   25.4682
   -7.5000   45.0000  -22.5000 2207.3594   28.0816
    0.0000   45.0000  -22.5000 2202.3582   28.0283
    7.5000   45.0000  -22.5000 2177.5520   28.4798
   -7.5000  -45.0000  -15.0000 2624.7354   18.8333
    0.0000  -45.0000  -15.0000 2625.4861   18.8610
    7.5000  -45.0000  -15.0000 2608.2747   19.3709
   -7.5000  -37.5000  -15.0000 2708.6333   17.5976
    0.0000  -37.5000  -15.0000 2712.4524   17.6180
    7.5000  -37.5000  -15.0000 2691.1387   18.0843
   -7.5000  -30.0000  -15.0000 2779.8049   16.7334
    0.0000  -30.0000  -15.0000 2787.3049   16.7620
    7.5000  -30.0000  -15.0000 2754.9565   17.1813
   -7.5000  -22.5000  -15.0000 2838.6062   16.1602
    0.0000  -22.5000  -15.0000 2843.0454   16.1920
    7.5000  -22.5000  -15.0000 2799.8408   16.6081
   -7.5000  -15.0000  -15.0000 2865.1138   15.8655
    0.0000  -15.0000  -15.0000 2867.4216   15.9278
    7.5000  -15.0000  -15.0000 2817.6809   16.3689
   -7.5000   -7.5000  -15.0000 2871.8176   16.0739
    0.0000   -7.5000  -15.0000 2875.8557   16.1052
    7.5000   -7.5000  -15.0000 2823.2185   16.5421
   -7.5000    0.0000  -15.0000 2858.2339   16.6781
    0.0000    0.0000  -15.0000 2865.3582   16.6991
    7.5000    0.0000  -15.0000 2808.6445   17.0547
   -7.5000    7.5000  -15.0000 2803.4819   17.4802
    0.0000    7.5000  -15.0000 2812.7595   17.4976
    7.5000    7.5000  -15.0000 2767.5134   17.8577
   -7.5000   15.0000  -15.0000 2724.5867   18.6172
    0.0000   15.0000  -15.0000 2733.8594   18.6095
    7.5000   15.0000  -15.0000 2702.5156   19.0599
   -7.5000   22.5000  -15.0000 2629.9521   20.1409
    0.0000   22.5000  -15.0000 2638.3586   20.1612
    7.5000   22.5000  -15.0000 2608.5154   20.6739
   -7.5000   30.0000  -15.0000 2515.1899   22.0734
    0.0000   30.0000  -15.0000 2515.8955   22.1471
    7.5000   30.0000  -15.0000 2491.5930   22.6069
   -7.5000   37.5000  -15.0000 2397.5344   24.4544
    0.0000   37.5000  -15.0000 2396.9382   24.5159
    7.5000   37.5000  -15.0000 2361.2852   24.9544
   -7.5000   45.0000  -15.0000 2242.3496   27.3869
    0.0000   45.0000  -15.0000 2243.6797   27.4109
    7.5000   45.0000  -15.0000 2208.2925   27.8780
   -7.5000  -45.0000   -7.5000 2613.8840   18.5836
    0.0000  -45.0000   -7.5000 2625.1360   18.6102
    7.5000  -45.0000   -7.5000 2612.9441   19.2528
   -7.5000  -37.5000   -7.5000 2709.0583   17.3224
    0.0000  -37.5000   -7.5000 2713.9573   17.3080
    7.5000  -37.5000   -7.5000 2696.8018   17.9170
   -7.5000  -30.0000   -7.5000 2783.7236   16.4364
    0.0000  -30.0000   -7.5000 2791.9443   16.4330
    7.5000  -30.0000   -7.5000 2768.2234   16.9975
   -7.5000  -22.5000   -7.5000 2852.6492   15.9217
    0.0000  -22.5000   -7.5000 2861.5769   15.9037
    7.5000  -22.5000   -7.5000 2822.7075   16.4177
   -7.5000  -15.0000   -7.5000 2895.6858   15.5613
    0.0000  -15.0000   -7.5000 2903.7991   15.6262
    7.5000  -15.0000   -7.5000 2847.8301   16.2099
   -7.5000   -7.5000   -7.5000 2909.6140   15.5205
    0.0000   -7.5000   -7.5000 2916.7014   15.5833
    7.5000   -7.5000   -7.5000 2861.7078   16.2989
   -7.5000    0.0000   -7.5000 2880.5430   16.1247
    0.0000    0.0000   -7.5000 2896.1909   16.1235
    7.5000    0.0000   -7.5000 2841.7427   16.7565
   -7.5000    7.5000   -7.5000 2818.2959   17.0484
    0.0000    7.5000   -7.5000 2840.1833   17.0440
    7.5000    7.5000   -7.5000 2796.2339   17.6208
   -7.5000   15.0000   -7.5000 2739.4480   18.2019
    0.0000   15.0000   -7.5000 2758.6440   18.3099
    7.5000   15.0000   -7.5000 2726.4646   18.7212
   -7.5000   22.5000   -7.5000 2647.8225   19.7238
    0.0000   22.5000   -7.5000 2663.0405   19.8614
    7.5000   22.5000   -7.5000 2636.8372   20.2556
   -7.5000   30.0000   -7.5000 2533.3201   21.7346
    0.0000   30.0000   -7.5000 2545.2852   21.8542
    7.5000   30.0000   -7.5000 2517.0522   22.2353
   -7.5000   37.5000   -7.5000 2409.2991   24.1506
    0.0000   37.5000   -7.5000 2422.1768   24.2393
    7.5000   37.5000   -7.5000 2386.0291   24.6347
   -7.5000   45.0000   -7.5000 2263.5547   27.0444
    0.0000   45.0000   -7.5000 2267.8328   27.0989
    7.5000   45.0000   -7.5000 2238.7480   27.5110
   -7.5000  -45.0000    0.0000 2594.3345   18.7339
    0.0000  -45.0000    0.0000 2604.2412   18.6341
    7.5000  -45.0000    0.0000 2593.7585   19.3692
   -7.5000  -37.5000    0.0000 2689.6426   17.3930
    0.0000  -37.5000    0.0000 2698.0732   17.2885
    7.5000  -37.5000    0.0000 2680.7051   18.0016
   -7.5000  -30.0000    0.0000 2767.1257   16.4240
    0.0000  -30.0000    0.0000 2777.7688   16.3452
    7.5000  -30.0000    0.0000 2758.8728   17.0555
   -7.5000  -22.5000    0.0000 2834.7087   15.8847
    0.0000  -22.5000    0.0000 2848.1968   15.7935
    7.5000  -22.5000    0.0000 2822.6782   16.4540
   -7.5000  -15.0000    0.0000 2879.6548   15.6687
    0.0000  -15.0000    0.0000 2892.1084   15.6303
    7.5000  -15.0000    0.0000 2857.4668   16.2729
   -7.5000   -7.5000    0.0000 2905.3669   15.5740
    0.0000   -7.5000    0.0000 2920.3188   15.5736
    7.5000   -7.5000    0.0000 2879.2422   16.3972
   -7.5000    0.0000    0.0000 2891.6104   16.0524
    0.0000    0.0000    0.0000 2910.7898   16.1005
    7.5000    0.0000    0.0000 2860.9866   16.7876
   -7.5000    7.5000    0.0000 2827.6921   16.9328
    0.0000    7.5000    0.0000 2856.2993   16.9978
    7.5000    7.5000    0.0000 2804.9666   17.4703
   -7.5000   15.0000    0.0000 2743.1855   18.2031
    0.0000   15.0000    0.0000 2762.2883   18.2577
    7.5000   15.0000    0.0000 2728.4646   18.6161
   -7.5000   22.5000    0.0000 2650.1328   19.7852
    0.0000   22.5000    0.0000 2658.6279   19.7796
    7.5000   22.5000    0.0000 2634.5522   20.1628
   -7.5000   30.0000    0.0000 2538.9731   21.7888
    0.0000   30.0000    0.0000 2542.6458   21.7574
    7.5000   30.0000    0.0000 2514.9463   22.1325
   -7.5000   37.5000    0.0000 2416.7786   24.1287
    0.0000   37.5000    0.0000 2420.5176   24.1189
    7.5000   37.5000    0.0000 2388.6733   24.4897
   -7.5000   45.0000    0.0000 2269.9304   27.0014
    0.0000   45.0000    0.0000 2275.2830   26.9425
    7.5000   45.0000    0.0000 2241.5027   27.3036
   -7.5000  -45.0000    7.5000 2558.8308   19.0956
    0.0000  -45.0000    7.5000 2573.4941   18.9564
    7.5000  -45.0000    7.5000 2555.9658   19.6690
   -7.5000  -37.5000    7.5000 2646.9858   17.7156
    0.0000  -37.5000    7.5000 2660.9695   17.5769
    7.5000  -37.5000    7.5000 2644.5063   18.2845
   -7.5000  -30.0000    7.5000 2723.1426   16.7262
    0.0000  -30.0000    7.5000 2733.4314   16.6139
    7.5000  -30.0000    7.5000 2719.3657   17.3326
   -7.5000  -22.5000    7.5000 2797.8831   16.2279
    0.0000  -22.5000    7.5000 2804.8938   16.1145
    7.5000  -22.5000    7.5000 2787.0479   16.7633
   -7.5000  -15.0000    7.5000 2855.5583   16.1243
    0.0000  -15.0000    7.5000 2863.0354   16.0199
    7.5000  -15.0000    7.5000 2832.5540   16.6280
   -7.5000   -7.5000    7.5000 2891.9790   16.2943
    0.0000   -7.5000    7.5000 2896.7385   16.1359
    7.5000   -7.5000    7.5000 2860.6670   16.7566
   -7.5000    0.0000    7.5000 2881.7878   16.7412
    0.0000    0.0000    7.5000 2892.8323   16.6994
    7.5000    0.0000    7.5000 2842.4397   17.0937
   -7.5000    7.5000    7.5000 2826.9651   17.4321
    0.0000    7.5000    7.5000 2846.4150   17.3985
    7.5000    7.5000    7.5000 2794.7661   17.7514
   -7.5000   15.0000    7.5000 2735.7900   18.4750
    0.0000   15.0000    7.5000 2750.3413   18.4751
    7.5000   15.0000    7.5000 2718.1587   18.8090
   -7.5000   22.5000    7.5000 2635.7300   19.9544
    0.0000   22.5000    7.5000 2639.8513   19.9376
    7.5000   22.5000    7.5000 2620.0100   20.2775
   -7.5000   30.0000    7.5000 2528.6204   21.8518
    0.0000   30.0000    7.5000 2530.8821   21.8596
    7.5000   30.0000    7.5000 2505.1584   22.1758
   -7.5000   37.5000    7.5000 2405.2053   24.1272
    0.0000   37.5000    7.5000 2409.3860   24.1307
    7.5000   37.5000    7.5000 2382.7446   24.4768
   -7.5000   45.0000    7.5000 2262.8833   27.0292
    0.0000   45.0000    7.5000 2265.1731   26.9917
    7.5000   45.0000    7.5000 2236.9158   27.3096
   -7.5000  -45.0000   15.0000 2511.8711   19.8441
    0.0000  -45.0000   15.0000 2528.3782   19.6627
    7.5000  -45.0000   15.0000 2508.5227   20.3702
   -7.5000  -37.5000   15.0000 2598.6555   18.4542
    0.0000  -37.5000   15.0000 2613.0808   18.3082
    7.5000  -37.5000   15.0000 2593.9465   18.9763
   -7.5000  -30.0000   15.0000 2674.2351   17.5283
    0.0000  -30.0000   15.0000 2688.2456   17.3894
    7.5000  -30.0000   15.0000 2665.4111   17.9968
   -7.5000  -22.5000   15.0000 2751.8279   16.9976
    0.0000  -22.5000   15.0000 2759.9338   16.8305
    7.5000  -22.5000   15.0000 2735.9062   17.4054
   -7.5000  -15.0000   15.0000 2800.7678   16.6848
    0.0000  -15.0000   15.0000 2800.8618   16.5235
    7.5000  -15.0000   15.0000 2779.9409   17.1630
   -7.5000   -7.5000   15.0000 2823.6082   16.8606
    0.0000   -7.5000   15.0000 2830.2371   16.7557
    7.5000   -7.5000   15.0000 2802.4185   17.2308
   -7.5000    0.0000   15.0000 2819.5300   17.3743
    0.0000    0.0000   15.0000 2825.4675   17.2895
    7.5000    0.0000   15.0000 2792.1558   17.6783
   -7.5000    7.5000   15.0000 2778.4839   18.0729
    0.0000    7.5000   15.0000 2787.9583   17.9893
    7.5000    7.5000   15.0000 2750.2095   18.3475
   -7.5000   15.0000   15.0000 2712.3181   19.1224
    0.0000   15.0000   15.0000 2723.5737   19.0795
    7.5000   15.0000   15.0000 2685.3162   19.3724
   -7.5000   22.5000   15.0000 2611.0796   20.5456
    0.0000   22.5000   15.0000 2616.4280   20.5187
    7.5000   22.5000   15.0000 2590.9189   20.8301
   -7.5000   30.0000   15.0000 2499.8711   22.3536
    0.0000   30.0000   15.0000 2509.0344   22.3185
    7.5000   30.0000   15.0000 2484.3743   22.6668
   -7.5000   37.5000   15.0000 2378.6172   24.5756
    0.0000   37.5000   15.0000 2384.9624   24.5019
    7.5000   37.5000   15.0000 2366.3091   24.8635
   -7.5000   45.0000   15.0000 2237.0488   27.3324
    0.0000   45.0000   15.0000 2240.1633   27.2122
    7.5000   45.0000   15.0000 2218.3013   27.5580
   -7.5000  -45.0000   22.5000 2473.9619   20.9312
    0.0000  -45.0000   22.5000 2487.1326   20.8341
    7.5000  -45.0000   22.5000 2462.7986   21.4134
   -7.5000  -37.5000   22.5000 2563.3345   19.5618
    0.0000  -37.5000   22.5000 2579.6738   19.4862
    7.5000  -37.5000   22.5000 2545.1982   19.9992
   -7.5000  -30.0000   22.5000 2634.4238   18.5452
    0.0000  -30.0000   22.5000 2649.4614   18.4212
    7.5000  -30.0000   22.5000 2616.7891   18.9416
   -7.5000  -22.5000   22.5000 2697.1521   17.8249
    0.0000  -22.5000   22.5000 2710.8550   17.6604
    7.5000  -22.5000   22.5000 2678.3435   18.2287
   -7.5000  -15.0000   22.5000 2733.4873   17.4597
    0.0000  -15.0000   22.5000 2738.8755   17.3689
    7.5000  -15.0000   22.5000 2715.3359   17.8811
   -7.5000   -7.5000   22.5000 2746.9387   17.6688
    0.0000   -7.5000   22.5000 2757.0688   17.6113
    7.5000   -7.5000   22.5000 2735.3281   18.0306
   -7.5000    0.0000   22.5000 2737.1890   18.1480
    0.0000    0.0000   22.5000 2747.4658   18.1123
    7.5000    0.0000   22.5000 2721.1172   18.4841
   -7.5000    7.5000   22.5000 2708.3357   18.8346
    0.0000    7.5000   22.5000 2715.1865   18.7379
    7.5000    7.5000   22.5000 2688.1951   19.1326
   -7.5000   15.0000   22.5000 2655.4539   19.8599
    0.0000   15.0000   22.5000 2663.7671   19.7649
    7.5000   15.0000   22.5000 2628.9988   20.0817
   -7.5000   22.5000   22.5000 2576.8074   21.2997
    0.0000   22.5000   22.5000 2582.2239   21.2541
    7.5000   22.5000   22.5000 2553.0015   21.5346
   -7.5000   30.0000   22.5000 2473.4653   23.1148
    0.0000   30.0000   22.5000 2483.4795   23.1277
    7.5000   30.0000   22.5000 2453.2256   23.4138
   -7.5000   37.5000   22.5000 2348.5754   25.3054
    0.0000   37.5000   22.5000 2349.4119   25.2921
    7.5000   37.5000   22.5000 2331.7170   25.6396
   -7.5000   45.0000   22.5000 2204.2791   28.0510
    0.0000   45.0000   22.5000 2205.3979   27.9701
    7.5000   45.0000   22.5000 2183.8635   28.4213
   -7.5000  -45.0000   30.0000 2428.2739   22.3608
    0.0000  -45.0000   30.0000 2446.1497   22.2744
    7.5000  -45.0000   30.0000 2412.4329   22.7463
   -7.5000  -37.5000   30.0000 2510.5002   20.8281
    0.0000  -37.5000   30.0000 2531.7791   20.7579
    7.5000  -37.5000   30.0000 2496.5940   21.2464
   -7.5000  -30.0000   30.0000 2574.4136   19.6255
    0.0000  -30.0000   30.0000 2595.8474   19.5427
    7.5000  -30.0000   30.0000 2558.7913   20.0428
   -7.5000  -22.5000   30.0000 2626.8025   18.8524
    0.0000  -22.5000   30.0000 2646.2126   18.7190
    7.5000  -22.5000   30.0000 2611.6523   19.2209
   -7.5000  -15.0000   30.0000 2657.3589   18.5307
    0.0000  -15.0000   30.0000 2668.3264   18.4679
    7.5000  -15.0000   30.0000 2643.4680   18.9006
   -7.5000   -7.5000   30.0000 2667.3862   18.7369
    0.0000   -7.5000   30.0000 2685.5466   18.7045
    7.5000   -7.5000   30.0000 2658.0017   19.0832
   -7.5000    0.0000   30.0000 2653.1208   19.1816
    0.0000    0.0000   30.0000 2665.4795   19.1484
    7.5000    0.0000   30.0000 2646.3667   19.4933
   -7.5000    7.5000   30.0000 2632.2085   19.8786
    0.0000    7.5000   30.0000 2635.6182   19.7981
    7.5000    7.5000   30.0000 2619.5061   20.1417
   -7.5000   15.0000   30.0000 2585.6548   20.8066
    0.0000   15.0000   30.0000 2601.9519   20.7212
    7.5000   15.0000   30.0000 2568.4163   21.0772
   -7.5000   22.5000   30.0000 2522.3662   22.1378
    0.0000   22.5000   30.0000 2531.2739   22.0809
    7.5000   22.5000   30.0000 2503.2771   22.4223
   -7.5000   30.0000   30.0000 2426.0647   24.0649
    0.0000   30.0000   30.0000 2432.2253   23.9948
    7.5000   30.0000   30.0000 2411.1162   24.3134
   -7.5000   37.5000   30.0000 2307.7622   26.4310
    0.0000   37.5000   30.0000 2311.0374   26.3970
    7.5000   37.5000   30.0000 2294.0322   26.6966
   -7.5000   45.0000   30.0000 2162.7578   29.1765
    0.0000   45.0000   30.0000 2163.6689   29.1804
    7.5000   45.0000   30.0000 2149.5798   29.5279
   -7.5000  -45.0000   37.5000 2374.1760   23.8930
    0.0000  -45.0000   37.5000 2396.5916   23.7593
    7.5000  -45.0000   37.5000 2358.1611   24.1560
   -7.5000  -37.5000   37.5000 2453.2842   22.2254
    0.0000  -37.5000   37.5000 2480.2288   22.1094
    7.5000  -37.5000   37.5000 2436.8860   22.5155
   -7.5000  -30.0000   37.5000 2512.8601   20.9509
    0.0000  -30.0000   37.5000 2535.6033   20.8107
    7.5000  -30.0000   37.5000 2497.8330   21.2739
   -7.5000  -22.5000   37.5000 2559.1101   20.1234
    0.0000  -22.5000   37.5000 2576.3494   19.9997
    7.5000  -22.5000   37.5000 2548.0698   20.4367
   -7.5000  -15.0000   37.5000 2580.7412   19.8232
    0.0000  -15.0000   37.5000 2591.0752   19.7245
    7.5000  -15.0000   37.5000 2570.5955   20.1173
   -7.5000   -7.5000   37.5000 2584.4265   20.0054
    0.0000   -7.5000   37.5000 2600.2461   19.9605
    7.5000   -7.5000   37.5000 2576.7881   20.3099
   -7.5000    0.0000   37.5000 2573.3853   20.4617
    0.0000    0.0000   37.5000 2582.1047   20.4077
    7.5000    0.0000   37.5000 2564.7803   20.7490
   -7.5000    7.5000   37.5000 2557.9824   21.1780
    0.0000    7.5000   37.5000 2560.5608   21.1178
    7.5000    7.5000   37.5000 2545.8074   21.4377
   -7.5000   15.0000   37.5000 2521.5835   22.0783
    0.0000   15.0000   37.5000 2535.5261   22.0276
    7.5000   15.0000   37.5000 2510.3555   22.3618
   -7.5000   22.5000   37.5000 2463.7070   23.3766
    0.0000   22.5000   37.5000 2472.8521   23.2784
    7.5000   22.5000   37.5000 2454.9019   23.6374
   -7.5000   30.0000   37.5000 2373.9954   25.3117
    0.0000   30.0000   37.5000 2378.8672   25.2242
    7.5000   30.0000   37.5000 2360.5676   25.5767
   -7.5000   37.5000   37.5000 2260.1145   27.7133
    0.0000   37.5000   37.5000 2264.0354   27.6276
    7.5000   37.5000   37.5000 2246.3440   28.0281
   -7.5000   45.0000   37.5000 2122.9666   30.7633
    0.0000   45.0000   37.5000 2127.3704   30.6766
    7.5000   45.0000   37.5000 2109.9958   31.0491
   -7.5000  -45.0000   45.0000 2299.0627   25.7156
    0.0000  -45.0000   45.0000 2320.6094   25.5032
    7.5000  -45.0000   45.0000 2285.9946   25.7750
   -7.5000  -37.5000   45.0000 2374.4104   23.9153
    0.0000  -37.5000   45.0000 2401.9197   23.7154
    7.5000  -37.5000   45.0000 2363.7251   24.0362
   -7.5000  -30.0000   45.0000 2436.3752   22.5486
    0.0000  -30.0000   45.0000 2456.6624   22.3214
    7.5000  -30.0000   45.0000 2425.3154   22.7354
   -7.5000  -22.5000   45.0000 2476.0896   21.6474
    0.0000  -22.5000   45.0000 2487.5845   21.5148
    7.5000  -22.5000   45.0000 2467.2251   21.8930
   -7.5000  -15.0000   45.0000 2490.0632   21.3113
    0.0000  -15.0000   45.0000 2498.5452   21.1517
    7.5000  -15.0000   45.0000 2481.9016   21.5543
   -7.5000   -7.5000   45.0000 2487.5508   21.4760
    0.0000   -7.5000   45.0000 2497.7314   21.3688
    7.5000   -7.5000   45.0000 2483.8359   21.7299
   -7.5000    0.0000   45.0000 2479.9316   21.9623
    0.0000    0.0000   45.0000 2485.9302   21.8594
    7.5000    0.0000   45.0000 2474.7917   22.2162
   -7.5000    7.5000   45.0000 2475.4595   22.7064
    0.0000    7.5000   45.0000 2476.4795   22.6320
    7.5000    7.5000   45.0000 2463.9250   22.9401
   -7.5000   15.0000   45.0000 2448.3335   23.6508
    0.0000   15.0000   45.0000 2454.8267   23.6157
    7.5000   15.0000   45.0000 2434.3782   23.9025
   -7.5000   22.5000   45.0000 2398.2075   24.9665
    0.0000   22.5000   45.0000 2404.6824   24.8506
    7.5000   22.5000   45.0000 2381.3628   25.1713
   -7.5000   30.0000   45.0000 2314.6870   26.8592
    0.0000   30.0000   45.0000 2313.9009   26.8216
    7.5000   30.0000   45.0000 2294.4851   27.1584
   -7.5000   37.5000   45.0000 2208.6936   29.3225
    0.0000   37.5000   45.0000 2205.9136   29.2245
    7.5000   37.5000   45.0000 2187.0569   29.6170
   -7.5000   45.0000   45.0000 2077.8005   32.5289
    0.0000   45.0000   45.0000 2074.7910   32.4057
    7.5000   45.0000   45.0000 2057.4407   32.8075

---------------------------------------------------------------------
imgreg_4dfp /usr/local/freesurfer/average/711-2C_as_mni_average_305 /usr/local/freesurfer/average/711-2B_as_mni_average_305_mask talsrcimg_g11 none talsrcimg_to_711-2C_as_mni_average_305_t4 1283
---------------------------------------------------------------------

freesurfer imgreg_4dfp.c
/usr/local/freesurfer/average/711-2C_as_mni_average_305.4dfp.img
       256       256       256         1
  1.000000  1.000000  1.000000
orientation T byte_order littleendian
Reading image: /usr/local/freesurfer/average/711-2C_as_mni_average_305.4dfp.img
dimensions:      256       256       256
mmppix:       1.0000   -1.0000   -1.0000
center:     128.0000 -129.0000 -129.0000
/usr/local/freesurfer/average/711-2B_as_mni_average_305_mask.4dfp.img
       256       256       256         1
  1.000000  1.000000  1.000000
orientation T byte_order littleendian
Reading mask: /usr/local/freesurfer/average/711-2B_as_mni_average_305_mask.4dfp.img (2306576 pixels)
talsrcimg_g11.4dfp.img
       256       256       256         1
  1.000000  1.000000  1.000000
orientation T byte_order littleendian
Reading image: talsrcimg_g11.4dfp.img
dimensions:      256       256       256
mmppix:       1.0000   -1.0000   -1.0000
center:     128.0000 -129.0000 -129.0000
rotation matrix determinant  1.000000
fimgreg.f
image alignment mode   1283 decimal      503 hex
parameters
    0.0000   -7.5000    0.0000    0.0000    0.0000    0.0000
eta,q 0.91558 15.60566
niter,ni,del,rscale     5    3   12.0000    1.2000
parameter  3  0.521795 ->  0.500000 qaram    1.1500
parameter  4  2.317928 ->  0.500000 qaram    1.1500
parameters
   -0.3150   -6.5062   -3.4500   -3.4500    1.5753    0.8733
eta,q 0.91829 15.41652
  0.0919  0.0923  0.0863  0.0791  0.0889  0.0839
  0.0903  0.0896  0.0857  0.0813  0.0858  0.0823
  0.0890  0.0870  0.0850  0.0832  0.0835  0.0820
  0.0864  0.0861  0.0864  0.0848  0.0818  0.0818
  0.0852  0.0867  0.0881  0.0871  0.0819  0.0817
  0.0890  0.0876  0.0895  0.0900  0.0830  0.0820
  0.0967  0.0891  0.0922  0.0937  0.0841  0.0827
niter,ni,del,rscale     6    3   12.0000    1.2000
parameter  4  0.530072 ->  0.500000 qaram    1.3225
parameters
   -0.5130   -8.7159   -4.2301   -7.4175   -0.6774    0.4137
eta,q 0.92069 15.46478
  0.0873  0.0835  0.0867  0.0802  0.0803  0.0808
  0.0853  0.0800  0.0832  0.0796  0.0801  0.0802
  0.0830  0.0799  0.0820  0.0792  0.0792  0.0795
  0.0817  0.0818  0.0797  0.0807  0.0793  0.0793
  0.0801  0.0835  0.0805  0.0832  0.0810  0.0793
  0.0819  0.0849  0.0871  0.0876  0.0832  0.0800
  0.0923  0.0838  0.0905  0.0927  0.0854  0.0820
niter,ni,del,rscale     6    3   12.0000    1.2000
parameter  4 -4.027999 ->  0.500000 qaram    1.5209
parameter  6  0.897484 ->  0.500000 qaram    1.1500
parameters
   -1.3829   -6.4235   -6.7854  -11.9801   -1.4002   -3.0363
eta,q 0.92382 15.55368
  0.0817  0.0865  0.0816  0.0733  0.0807  0.0761
  0.0810  0.0825  0.0798  0.0755  0.0792  0.0760
  0.0798  0.0802  0.0812  0.0784  0.0771  0.0763
  0.0793  0.0796  0.0808  0.0810  0.0763  0.0765
  0.0784  0.0807  0.0802  0.0822  0.0770  0.0768
  0.0802  0.0808  0.0854  0.0834  0.0802  0.0774
  0.0882  0.0797  0.0875  0.0864  0.0848  0.0780
niter,ni,del,rscale     7    3   12.0000    1.2000
parameters
   -3.9079   -5.4325   -8.1307  -15.1203   -1.6735   -2.5356
eta,q 0.92413 15.58652
  0.0775  0.0831  0.0810  0.0781  0.0790  0.0796
  0.0755  0.0785  0.0776  0.0769  0.0766  0.0772
  0.0754  0.0753  0.0760  0.0758  0.0757  0.0756
  0.0762  0.0753  0.0760  0.0762  0.0758  0.0757
  0.0794  0.0766  0.0767  0.0784  0.0772  0.0762
  0.0822  0.0769  0.0826  0.0812  0.0780  0.0766
  0.0876  0.0782  0.0883  0.0832  0.0783  0.0783
niter,ni,del,rscale     6    3   12.0000    1.2000
parameters
   -2.9349   -4.8265   -8.1549  -15.5420   -1.4538   -2.4760
eta,q 0.92342 15.61851
  0.0871  0.0821  0.0826  0.0785  0.0793  0.0784
  0.0798  0.0773  0.0803  0.0784  0.0781  0.0772
  0.0762  0.0752  0.0783  0.0775  0.0772  0.0765
  0.0759  0.0759  0.0765  0.0765  0.0766  0.0766
  0.0758  0.0774  0.0740  0.0767  0.0768  0.0766
  0.0770  0.0778  0.0784  0.0779  0.0775  0.0769
  0.0806  0.0783  0.0854  0.0798  0.0792  0.0785
niter,ni,del,rscale     5    3   12.0000    1.2000
parameters
   -2.9467   -4.9292   -8.0112  -15.7544   -1.4057   -2.4200
eta,q 0.92374 15.61746
  0.0828  0.0805  0.0830  0.0788  0.0791  0.0782
  0.0775  0.0761  0.0806  0.0784  0.0779  0.0769
  0.0764  0.0751  0.0787  0.0773  0.0771  0.0762
  0.0766  0.0766  0.0765  0.0762  0.0763  0.0762
  0.0762  0.0778  0.0737  0.0767  0.0766  0.0762
  0.0787  0.0781  0.0781  0.0778  0.0774  0.0766
  0.0820  0.0787  0.0852  0.0798  0.0794  0.0783
niter,ni,del,rscale     4    3   12.0000    1.2000
parameters
   -2.8527   -5.0035   -7.9281  -15.8046   -1.3952   -2.3616
eta,q 0.92400 15.61681
  0.0831  0.0808  0.0830  0.0789  0.0791  0.0780
  0.0777  0.0760  0.0806  0.0784  0.0779  0.0768
  0.0763  0.0747  0.0789  0.0773  0.0770  0.0759
  0.0763  0.0762  0.0762  0.0760  0.0760  0.0760
  0.0759  0.0778  0.0737  0.0766  0.0763  0.0759
  0.0786  0.0781  0.0784  0.0777  0.0773  0.0763
  0.0820  0.0786  0.0856  0.0797  0.0797  0.0782
niter,ni,del,rscale     3    3   12.0000    1.2000
parameters
   -2.8308   -5.0339   -7.8965  -15.8099   -1.4152   -2.3130
eta,q 0.92410 15.61684
  0.0829  0.0809  0.0830  0.0790  0.0790  0.0779
  0.0776  0.0760  0.0806  0.0784  0.0779  0.0767
  0.0761  0.0745  0.0789  0.0773  0.0770  0.0758
  0.0760  0.0760  0.0759  0.0759  0.0759  0.0759
  0.0757  0.0777  0.0737  0.0765  0.0761  0.0758
  0.0786  0.0781  0.0786  0.0776  0.0773  0.0763
  0.0822  0.0786  0.0858  0.0797  0.0798  0.0781
registration optimization eta report
parameter search radius
    6.0000    6.0000    6.9000    9.1253    6.0000    6.9000
100000*second partial in parameter space
       20.       11.       19.        4.        9.        5.
  0.0829  0.0809  0.0830  0.0790  0.0790  0.0779
  0.0776  0.0760  0.0806  0.0784  0.0779  0.0767
  0.0761  0.0745  0.0789  0.0773  0.0770  0.0758
  0.0760  0.0760  0.0759  0.0759  0.0759  0.0759
  0.0757  0.0777  0.0737  0.0765  0.0761  0.0758
  0.0786  0.0781  0.0786  0.0776  0.0773  0.0763
  0.0822  0.0786  0.0858  0.0797  0.0798  0.0781
   -2.8308   -5.0339   -7.8965  -15.8099   -1.4152   -2.3130
eta,q 0.92410 15.61684

---------------------------------------------------------------------
imgreg_4dfp /usr/local/freesurfer/average/711-2C_as_mni_average_305 /usr/local/freesurfer/average/711-2B_as_mni_average_305_mask talsrcimg_g11 none talsrcimg_to_711-2C_as_mni_average_305_t4 3335
---------------------------------------------------------------------

freesurfer imgreg_4dfp.c
/usr/local/freesurfer/average/711-2C_as_mni_average_305.4dfp.img
       256       256       256         1
  1.000000  1.000000  1.000000
orientation T byte_order littleendian
Reading image: /usr/local/freesurfer/average/711-2C_as_mni_average_305.4dfp.img
dimensions:      256       256       256
mmppix:       1.0000   -1.0000   -1.0000
center:     128.0000 -129.0000 -129.0000
/usr/local/freesurfer/average/711-2B_as_mni_average_305_mask.4dfp.img
       256       256       256         1
  1.000000  1.000000  1.000000
orientation T byte_order littleendian
Reading mask: /usr/local/freesurfer/average/711-2B_as_mni_average_305_mask.4dfp.img (2306576 pixels)
talsrcimg_g11.4dfp.img
       256       256       256         1
  1.000000  1.000000  1.000000
orientation T byte_order littleendian
Reading image: talsrcimg_g11.4dfp.img
dimensions:      256       256       256
mmppix:       1.0000   -1.0000   -1.0000
center:     128.0000 -129.0000 -129.0000
fimgreg.f
image alignment mode   3335 decimal      D07 hex
parameters
   -2.8308   -5.0339   -7.8965   -0.1120   -3.8341   -3.8122
    3.2108    3.4739   -4.0346   27.1265   -2.4697  -27.2363
eta,q 0.92889 15.46480
niter,ni,del,rscale     5    3    5.0000    1.2000
parameter  4 13.730693 ->  0.500000 qaram    1.1500
parameter  5  2.444986 ->  0.500000 qaram    1.1500
parameter  6  1.267699 ->  0.500000 qaram    1.1500
parameter 10  2.066104 ->  0.500000 qaram    1.1500
parameter 11  2.897013 ->  0.500000 qaram    1.1500
parameter 12 -0.894157 -> -0.500000 qaram    1.1500
parameters
   -2.7486   -5.7715   -7.0465   -4.2520   -7.9741   -7.9522
    1.0947    0.2797   -6.6787   22.9865   -6.6097  -23.0963
eta,q 0.94584 15.13349
  0.0736  0.0715  0.0727  0.0616  0.0604  0.0575  0.0609  0.0591  0.0591  0.0559  0.0548  0.0602
  0.0725  0.0711  0.0719  0.0647  0.0612  0.0590  0.0596  0.0588  0.0588  0.0568  0.0552  0.0586
  0.0716  0.0710  0.0713  0.0678  0.0630  0.0601  0.0590  0.0589  0.0587  0.0577  0.0560  0.0569
  0.0711  0.0711  0.0710  0.0708  0.0656  0.0616  0.0594  0.0590  0.0588  0.0587  0.0571  0.0554
  0.0713  0.0715  0.0708  0.0745  0.0688  0.0635  0.0606  0.0593  0.0592  0.0599  0.0583  0.0545
  0.0721  0.0720  0.0709  0.0781  0.0715  0.0664  0.0625  0.0598  0.0598  0.0613  0.0593  0.0541
  0.0735  0.0726  0.0713  0.0811  0.0738  0.0704  0.0646  0.0605  0.0606  0.0631  0.0603  0.0542
niter,ni,del,rscale     7    3    5.0000    1.2000
parameter  1 -0.867216 -> -0.500000 qaram    1.1500
parameter  2 -1.249625 -> -0.500000 qaram    1.1500
parameter  3 -1.006965 -> -0.500000 qaram    1.1500
parameter  4  1.315588 ->  0.500000 qaram    1.3225
parameter  6  0.721836 ->  0.500000 qaram    1.3225
parameter  8 -0.999911 -> -0.500000 qaram    1.1500
parameter  9 -0.697824 -> -0.500000 qaram    1.1500
parameter 10  2.142531 ->  0.500000 qaram    1.3225
parameter 11 -0.831522 -> -0.500000 qaram    1.3225
parameters
   -1.3686   -4.3915   -5.6665   -9.0130  -11.9543  -12.7132
   -0.4438    4.4197   -2.5387   18.2255   -1.8487  -23.2533
eta,q 0.96817 15.09622
  0.0608  0.0580  0.0562  0.0420  0.0435  0.0406  0.0430  0.0472  0.0412  0.0312  0.0383  0.0346
  0.0581  0.0559  0.0540  0.0426  0.0429  0.0412  0.0417  0.0449  0.0401  0.0326  0.0364  0.0327
  0.0559  0.0540  0.0520  0.0449  0.0425  0.0417  0.0411  0.0428  0.0394  0.0351  0.0346  0.0319
  0.0542  0.0523  0.0504  0.0488  0.0431  0.0426  0.0413  0.0411  0.0389  0.0386  0.0332  0.0318
  0.0529  0.0511  0.0493  0.0539  0.0454  0.0445  0.0421  0.0397  0.0387  0.0427  0.0322  0.0323
  0.0523  0.0503  0.0487  0.0591  0.0489  0.0473  0.0435  0.0388  0.0385  0.0470  0.0318  0.0331
  0.0525  0.0499  0.0485  0.0647  0.0521  0.0519  0.0453  0.0392  0.0385  0.0507  0.0320  0.0345
niter,ni,del,rscale     7    3    5.0000    1.2000
parameter  2 -1.391943 -> -0.500000 qaram    1.3225
parameter  4  0.613179 ->  0.500000 qaram    1.5209
parameters
   -2.2691   -2.8045   -5.2466  -14.4881  -10.7518  -13.2903
    0.8859    4.1299   -1.3623   14.0346   -0.9677  -19.8891
eta,q 0.97688 14.96887
  0.0342  0.0403  0.0314  0.0265  0.0310  0.0309  0.0302  0.0321  0.0280  0.0258  0.0264  0.0294
  0.0319  0.0369  0.0293  0.0256  0.0289  0.0285  0.0278  0.0279  0.0266  0.0238  0.0249  0.0268
  0.0311  0.0338  0.0282  0.0252  0.0269  0.0266  0.0261  0.0256  0.0255  0.0237  0.0239  0.0248
  0.0318  0.0311  0.0277  0.0277  0.0253  0.0249  0.0252  0.0250  0.0250  0.0250  0.0235  0.0235
  0.0341  0.0288  0.0278  0.0332  0.0248  0.0235  0.0251  0.0258  0.0250  0.0273  0.0237  0.0231
  0.0375  0.0274  0.0284  0.0400  0.0264  0.0271  0.0259  0.0284  0.0256  0.0307  0.0243  0.0234
  0.0416  0.0268  0.0295  0.0463  0.0291  0.0363  0.0276  0.0334  0.0268  0.0352  0.0255  0.0241
niter,ni,del,rscale     7    3    5.0000    1.2000
parameters
   -2.4276   -2.0267   -4.8743  -16.6973  -10.1963  -12.4574
    0.6650    3.8543   -1.1574   13.8087   -1.4729  -18.9249
eta,q 0.97707 14.91090
  0.0282  0.0310  0.0256  0.0272  0.0286  0.0288  0.0264  0.0290  0.0264  0.0290  0.0245  0.0268
  0.0253  0.0276  0.0242  0.0251  0.0265  0.0263  0.0245  0.0254  0.0246  0.0255  0.0236  0.0247
  0.0236  0.0248  0.0232  0.0236  0.0245  0.0244  0.0233  0.0235  0.0234  0.0234  0.0231  0.0234
  0.0231  0.0231  0.0226  0.0226  0.0232  0.0231  0.0230  0.0230  0.0229  0.0229  0.0229  0.0229
  0.0240  0.0226  0.0227  0.0234  0.0237  0.0225  0.0235  0.0238  0.0233  0.0239  0.0232  0.0232
  0.0262  0.0236  0.0233  0.0286  0.0255  0.0231  0.0248  0.0258  0.0243  0.0261  0.0238  0.0240
  0.0296  0.0261  0.0244  0.0367  0.0276  0.0285  0.0268  0.0299  0.0261  0.0293  0.0249  0.0252
niter,ni,del,rscale     6    3    5.0000    1.2000
parameters
   -2.3766   -2.0883   -4.7404  -17.1253  -10.1064  -12.4673
    0.5185    3.9022   -1.0749   13.3311   -1.5903  -18.6398
eta,q 0.97698 14.86845
  0.0283  0.0284  0.0255  0.0286  0.0280  0.0281  0.0264  0.0293  0.0262  0.0286  0.0246  0.0263
  0.0254  0.0255  0.0242  0.0260  0.0260  0.0258  0.0245  0.0257  0.0245  0.0253  0.0237  0.0244
  0.0236  0.0236  0.0233  0.0241  0.0241  0.0241  0.0234  0.0237  0.0234  0.0234  0.0232  0.0233
  0.0229  0.0229  0.0229  0.0229  0.0231  0.0230  0.0231  0.0230  0.0230  0.0231  0.0230  0.0230
  0.0234  0.0236  0.0231  0.0222  0.0239  0.0223  0.0235  0.0238  0.0234  0.0241  0.0232  0.0234
  0.0251  0.0257  0.0238  0.0250  0.0257  0.0236  0.0248  0.0256  0.0244  0.0263  0.0238  0.0243
  0.0280  0.0290  0.0251  0.0318  0.0280  0.0302  0.0267  0.0290  0.0261  0.0296  0.0247  0.0256
niter,ni,del,rscale     5    3    5.0000    1.2000
parameters
   -2.3541   -2.1265   -4.6650  -17.1355  -10.1193  -12.3863
    0.5027    3.9133   -1.0603   13.1788   -1.5828  -18.5377
eta,q 0.97700 14.86852
  0.0282  0.0286  0.0255  0.0289  0.0279  0.0281  0.0265  0.0292  0.0262  0.0290  0.0246  0.0261
  0.0254  0.0257  0.0242  0.0263  0.0259  0.0258  0.0246  0.0256  0.0245  0.0256  0.0237  0.0243
  0.0237  0.0237  0.0234  0.0243  0.0240  0.0240  0.0234  0.0236  0.0234  0.0235  0.0232  0.0232
  0.0230  0.0230  0.0230  0.0230  0.0230  0.0230  0.0230  0.0230  0.0230  0.0230  0.0230  0.0230
  0.0236  0.0237  0.0232  0.0222  0.0239  0.0224  0.0234  0.0238  0.0234  0.0240  0.0232  0.0235
  0.0253  0.0258  0.0240  0.0244  0.0257  0.0235  0.0247  0.0257  0.0244  0.0261  0.0237  0.0244
  0.0281  0.0289  0.0253  0.0308  0.0281  0.0298  0.0265  0.0291  0.0262  0.0292  0.0246  0.0257
niter,ni,del,rscale     4    3    5.0000    1.2000
parameters
   -2.3490   -2.1396   -4.6400  -17.1268  -10.1409  -12.3723
    0.5073    3.9126   -1.0586   13.1183   -1.5894  -18.5146
eta,q 0.97701 14.86782
  0.0281  0.0287  0.0254  0.0289  0.0278  0.0280  0.0265  0.0292  0.0262  0.0291  0.0246  0.0260
  0.0254  0.0257  0.0242  0.0263  0.0259  0.0257  0.0246  0.0256  0.0245  0.0257  0.0237  0.0242
  0.0236  0.0237  0.0233  0.0243  0.0240  0.0240  0.0234  0.0236  0.0234  0.0235  0.0232  0.0232
  0.0230  0.0230  0.0230  0.0230  0.0230  0.0230  0.0230  0.0230  0.0230  0.0230  0.0230  0.0230
  0.0236  0.0237  0.0232  0.0221  0.0239  0.0224  0.0234  0.0238  0.0234  0.0239  0.0232  0.0235
  0.0253  0.0257  0.0241  0.0244  0.0257  0.0236  0.0246  0.0257  0.0244  0.0260  0.0237  0.0244
  0.0281  0.0288  0.0254  0.0308  0.0281  0.0299  0.0265  0.0291  0.0262  0.0291  0.0246  0.0257
registration optimization eta report
parameter search radius
    2.7600    3.1740    2.7600   10.9503    8.2800    9.5220
    7.2000    8.2800    8.2800    9.5220    9.5220    8.2800
100000*second partial in parameter space
       67.       57.       32.        6.        7.        7.
        7.        9.        5.        7.        2.        4.
  0.0281  0.0287  0.0254  0.0289  0.0278  0.0280  0.0265  0.0292  0.0262  0.0291  0.0246  0.0260
  0.0254  0.0257  0.0242  0.0263  0.0259  0.0257  0.0246  0.0256  0.0245  0.0257  0.0237  0.0242
  0.0236  0.0237  0.0233  0.0243  0.0240  0.0240  0.0234  0.0236  0.0234  0.0235  0.0232  0.0232
  0.0230  0.0230  0.0230  0.0230  0.0230  0.0230  0.0230  0.0230  0.0230  0.0230  0.0230  0.0230
  0.0236  0.0237  0.0232  0.0221  0.0239  0.0224  0.0234  0.0238  0.0234  0.0239  0.0232  0.0235
  0.0253  0.0257  0.0241  0.0244  0.0257  0.0236  0.0246  0.0257  0.0244  0.0260  0.0237  0.0244
  0.0281  0.0288  0.0254  0.0308  0.0281  0.0299  0.0265  0.0291  0.0262  0.0291  0.0246  0.0257
   -2.3490   -2.1396   -4.6400  -17.1268  -10.1409  -12.3723
    0.5073    3.9126   -1.0586   13.1183   -1.5894  -18.5146
eta,q 0.97701 14.86782

---------------------------------------------------------------------
imgreg_4dfp /usr/local/freesurfer/average/711-2C_as_mni_average_305 /usr/local/freesurfer/average/711-2B_as_mni_average_305_mask talsrcimg_g11 none talsrcimg_to_711-2C_as_mni_average_305_t4 2311
---------------------------------------------------------------------

freesurfer imgreg_4dfp.c
/usr/local/freesurfer/average/711-2C_as_mni_average_305.4dfp.img
       256       256       256         1
  1.000000  1.000000  1.000000
orientation T byte_order littleendian
Reading image: /usr/local/freesurfer/average/711-2C_as_mni_average_305.4dfp.img
dimensions:      256       256       256
mmppix:       1.0000   -1.0000   -1.0000
center:     128.0000 -129.0000 -129.0000
/usr/local/freesurfer/average/711-2B_as_mni_average_305_mask.4dfp.img
       256       256       256         1
  1.000000  1.000000  1.000000
orientation T byte_order littleendian
Reading mask: /usr/local/freesurfer/average/711-2B_as_mni_average_305_mask.4dfp.img (2306576 pixels)
talsrcimg_g11.4dfp.img
       256       256       256         1
  1.000000  1.000000  1.000000
orientation T byte_order littleendian
Reading image: talsrcimg_g11.4dfp.img
dimensions:      256       256       256
mmppix:       1.0000   -1.0000   -1.0000
center:     128.0000 -129.0000 -129.0000
fimgreg.f
image alignment mode   2311 decimal      907 hex
parameters
   -2.3490   -2.1396   -4.6400  -17.1268  -10.1409  -12.3723
    0.5073    3.9126   -1.0586   13.1183   -1.5894  -18.5146
eta,q 0.97701 14.86782
niter,ni,del,rscale     5    3    5.0000    0.8000
parameter  4 -1.036844 -> -0.500000 qaram    1.1500
parameter  6 -1.191405 -> -0.500000 qaram    1.1500
parameters
   -2.3360   -2.1065   -4.5896  -14.3668  -10.4493   -9.6123
    0.4266    4.1626   -0.9923   14.1995   -0.9242  -18.3608
eta,q 0.97876 15.23034
  0.0248  0.0246  0.0239  0.0248  0.0245  0.0243  0.0238  0.0252  0.0230  0.0248  0.0221  0.0228
  0.0238  0.0238  0.0234  0.0241  0.0233  0.0234  0.0225  0.0231  0.0221  0.0232  0.0216  0.0219
  0.0232  0.0232  0.0231  0.0235  0.0225  0.0227  0.0217  0.0219  0.0216  0.0221  0.0214  0.0214
  0.0230  0.0230  0.0230  0.0230  0.0222  0.0222  0.0214  0.0214  0.0214  0.0214  0.0212  0.0212
  0.0232  0.0231  0.0231  0.0225  0.0227  0.0218  0.0217  0.0216  0.0216  0.0213  0.0213  0.0214
  0.0238  0.0236  0.0233  0.0221  0.0238  0.0213  0.0226  0.0226  0.0221  0.0217  0.0214  0.0219
  0.0247  0.0245  0.0238  0.0224  0.0251  0.0213  0.0239  0.0245  0.0229  0.0227  0.0217  0.0225
niter,ni,del,rscale     6    3    5.0000    0.9000
parameters
   -2.3773   -2.1893   -4.5648  -14.9776  -10.5923  -10.4560
    0.6115    4.0064   -1.0299   13.6128   -0.6878  -18.4692
eta,q 0.97817 15.13612
  0.0241  0.0233  0.0227  0.0239  0.0247  0.0241  0.0246  0.0251  0.0235  0.0239  0.0224  0.0233
  0.0225  0.0222  0.0218  0.0230  0.0233  0.0231  0.0231  0.0232  0.0226  0.0226  0.0221  0.0224
  0.0215  0.0215  0.0213  0.0221  0.0220  0.0223  0.0222  0.0222  0.0220  0.0220  0.0219  0.0219
  0.0212  0.0212  0.0212  0.0212  0.0215  0.0215  0.0219  0.0219  0.0219  0.0219  0.0218  0.0218
  0.0216  0.0216  0.0214  0.0213  0.0219  0.0212  0.0221  0.0221  0.0221  0.0224  0.0219  0.0221
  0.0227  0.0224  0.0218  0.0231  0.0234  0.0234  0.0229  0.0233  0.0226  0.0234  0.0220  0.0226
  0.0244  0.0238  0.0225  0.0266  0.0252  0.0285  0.0242  0.0256  0.0235  0.0249  0.0224  0.0233
niter,ni,del,rscale     5    3    5.0000    0.8000
parameters
   -2.3882   -2.1640   -4.6888  -14.6796  -10.6140  -10.3527
    0.6132    4.0318   -1.0018   13.8110   -0.6746  -18.5617
eta,q 0.97835 15.16097
  0.0239  0.0236  0.0225  0.0240  0.0245  0.0239  0.0239  0.0246  0.0231  0.0240  0.0222  0.0229
  0.0227  0.0227  0.0221  0.0233  0.0232  0.0230  0.0227  0.0229  0.0223  0.0227  0.0219  0.0221
  0.0221  0.0221  0.0218  0.0226  0.0222  0.0223  0.0219  0.0220  0.0218  0.0220  0.0217  0.0217
  0.0218  0.0218  0.0218  0.0218  0.0217  0.0217  0.0217  0.0217  0.0217  0.0217  0.0217  0.0217
  0.0221  0.0220  0.0219  0.0215  0.0221  0.0211  0.0219  0.0219  0.0218  0.0218  0.0217  0.0219
  0.0228  0.0225  0.0222  0.0222  0.0232  0.0219  0.0227  0.0228  0.0223  0.0225  0.0218  0.0223
  0.0239  0.0235  0.0227  0.0243  0.0246  0.0247  0.0239  0.0246  0.0231  0.0236  0.0222  0.0229
niter,ni,del,rscale     4    3    5.0000    0.7000
parameters
   -2.3976   -2.1654   -4.7117  -14.3711  -10.6503  -10.0282
    0.5874    4.0228   -1.0065   13.9896   -0.7202  -18.5715
eta,q 0.97858 15.19710
  0.0233  0.0230  0.0223  0.0236  0.0238  0.0234  0.0232  0.0238  0.0226  0.0233  0.0218  0.0225
  0.0224  0.0223  0.0219  0.0230  0.0228  0.0227  0.0222  0.0225  0.0219  0.0223  0.0216  0.0218
  0.0218  0.0218  0.0217  0.0223  0.0219  0.0221  0.0216  0.0217  0.0215  0.0217  0.0215  0.0215
  0.0217  0.0217  0.0216  0.0216  0.0216  0.0216  0.0214  0.0214  0.0214  0.0214  0.0214  0.0214
  0.0218  0.0218  0.0217  0.0214  0.0218  0.0210  0.0216  0.0216  0.0216  0.0216  0.0215  0.0216
  0.0224  0.0222  0.0219  0.0220  0.0227  0.0216  0.0223  0.0224  0.0219  0.0221  0.0216  0.0219
  0.0234  0.0230  0.0223  0.0237  0.0240  0.0237  0.0233  0.0240  0.0226  0.0231  0.0219  0.0224
niter,ni,del,rscale     3    3    5.0000    0.6000
parameters
   -2.4050   -2.1670   -4.7035  -14.0906  -10.7152   -9.6686
    0.5482    4.0124   -1.0277   14.1198   -0.8564  -18.5518
eta,q 0.97882 15.22848
  0.0227  0.0224  0.0219  0.0231  0.0231  0.0230  0.0226  0.0231  0.0220  0.0227  0.0215  0.0220
  0.0220  0.0219  0.0216  0.0226  0.0223  0.0224  0.0218  0.0221  0.0216  0.0219  0.0213  0.0215
  0.0216  0.0215  0.0215  0.0220  0.0216  0.0219  0.0213  0.0214  0.0213  0.0214  0.0212  0.0213
  0.0214  0.0214  0.0214  0.0214  0.0214  0.0214  0.0212  0.0212  0.0212  0.0212  0.0212  0.0212
  0.0216  0.0215  0.0215  0.0213  0.0216  0.0209  0.0214  0.0213  0.0213  0.0213  0.0212  0.0213
  0.0220  0.0219  0.0216  0.0218  0.0223  0.0214  0.0219  0.0220  0.0216  0.0218  0.0214  0.0216
  0.0227  0.0224  0.0219  0.0231  0.0233  0.0231  0.0226  0.0233  0.0221  0.0225  0.0216  0.0220
niter,ni,del,rscale     2    3    5.0000    0.5000
parameters
   -2.4103   -2.1643   -4.6515  -13.8408  -10.7808   -9.2717
    0.4978    4.0071   -1.0623   14.2127   -0.9962  -18.5325
eta,q 0.97903 15.25611
  0.0221  0.0219  0.0216  0.0226  0.0225  0.0225  0.0220  0.0225  0.0216  0.0221  0.0213  0.0216
  0.0216  0.0215  0.0214  0.0221  0.0218  0.0221  0.0214  0.0217  0.0212  0.0215  0.0211  0.0212
  0.0213  0.0213  0.0212  0.0216  0.0213  0.0217  0.0211  0.0212  0.0210  0.0211  0.0210  0.0210
  0.0212  0.0212  0.0212  0.0212  0.0211  0.0211  0.0210  0.0210  0.0210  0.0210  0.0210  0.0210
  0.0213  0.0213  0.0212  0.0211  0.0213  0.0208  0.0211  0.0211  0.0210  0.0211  0.0210  0.0210
  0.0216  0.0215  0.0213  0.0215  0.0218  0.0212  0.0215  0.0216  0.0213  0.0214  0.0211  0.0212
  0.0222  0.0219  0.0215  0.0225  0.0226  0.0225  0.0221  0.0226  0.0216  0.0220  0.0213  0.0215
niter,ni,del,rscale     1    3    5.0000    0.4000
parameters
   -2.4144   -2.1603   -4.5509  -13.6377  -10.8610   -8.8348
    0.4601    3.9958   -1.1036   14.2581   -1.1478  -18.4609
eta,q 0.97922 15.28086
  0.0216  0.0214  0.0214  0.0221  0.0218  0.0221  0.0215  0.0219  0.0212  0.0216  0.0210  0.0212
  0.0213  0.0212  0.0211  0.0216  0.0213  0.0218  0.0211  0.0213  0.0210  0.0212  0.0209  0.0210
  0.0210  0.0210  0.0210  0.0212  0.0210  0.0214  0.0209  0.0209  0.0208  0.0209  0.0208  0.0208
  0.0210  0.0210  0.0210  0.0210  0.0209  0.0209  0.0208  0.0208  0.0208  0.0208  0.0208  0.0208
  0.0210  0.0210  0.0210  0.0209  0.0211  0.0207  0.0209  0.0209  0.0208  0.0208  0.0208  0.0208
  0.0213  0.0212  0.0211  0.0213  0.0214  0.0210  0.0211  0.0213  0.0210  0.0211  0.0209  0.0210
  0.0216  0.0214  0.0212  0.0219  0.0220  0.0218  0.0215  0.0219  0.0212  0.0216  0.0211  0.0212
registration optimization eta report
parameter search radius
    0.8000    0.8000    0.8000    2.7600    2.4000    2.7600
    2.4000    2.4000    2.4000    2.4000    2.4000    2.4000
100000*second partial in parameter space
      103.       76.       47.       14.       17.       14.
       12.       19.        7.       14.        4.        7.
  0.0216  0.0214  0.0214  0.0221  0.0218  0.0221  0.0215  0.0219  0.0212  0.0216  0.0210  0.0212
  0.0213  0.0212  0.0211  0.0216  0.0213  0.0218  0.0211  0.0213  0.0210  0.0212  0.0209  0.0210
  0.0210  0.0210  0.0210  0.0212  0.0210  0.0214  0.0209  0.0209  0.0208  0.0209  0.0208  0.0208
  0.0210  0.0210  0.0210  0.0210  0.0209  0.0209  0.0208  0.0208  0.0208  0.0208  0.0208  0.0208
  0.0210  0.0210  0.0210  0.0209  0.0211  0.0207  0.0209  0.0209  0.0208  0.0208  0.0208  0.0208
  0.0213  0.0212  0.0211  0.0213  0.0214  0.0210  0.0211  0.0213  0.0210  0.0211  0.0209  0.0210
  0.0216  0.0214  0.0212  0.0219  0.0220  0.0218  0.0215  0.0219  0.0212  0.0216  0.0211  0.0212
   -2.4144   -2.1603   -4.5509  -13.6377  -10.8610   -8.8348
    0.4601    3.9958   -1.1036   14.2581   -1.1478  -18.4609
eta,q 0.97922 15.28086

---------------------------------------------------------------------
imgreg_4dfp /usr/local/freesurfer/average/711-2C_as_mni_average_305 /usr/local/freesurfer/average/711-2B_as_mni_average_305_mask talsrcimg_g11 none talsrcimg_to_711-2C_as_mni_average_305_t4 2311
---------------------------------------------------------------------

freesurfer imgreg_4dfp.c
/usr/local/freesurfer/average/711-2C_as_mni_average_305.4dfp.img
       256       256       256         1
  1.000000  1.000000  1.000000
orientation T byte_order littleendian
Reading image: /usr/local/freesurfer/average/711-2C_as_mni_average_305.4dfp.img
dimensions:      256       256       256
mmppix:       1.0000   -1.0000   -1.0000
center:     128.0000 -129.0000 -129.0000
/usr/local/freesurfer/average/711-2B_as_mni_average_305_mask.4dfp.img
       256       256       256         1
  1.000000  1.000000  1.000000
orientation T byte_order littleendian
Reading mask: /usr/local/freesurfer/average/711-2B_as_mni_average_305_mask.4dfp.img (2306576 pixels)
talsrcimg_g11.4dfp.img
       256       256       256         1
  1.000000  1.000000  1.000000
orientation T byte_order littleendian
Reading image: talsrcimg_g11.4dfp.img
dimensions:      256       256       256
mmppix:       1.0000   -1.0000   -1.0000
center:     128.0000 -129.0000 -129.0000
fimgreg.f
image alignment mode   2311 decimal      907 hex
parameters
   -2.4144   -2.1603   -4.5509  -13.6377  -10.8610   -8.8348
    0.4601    3.9958   -1.1036   14.2581   -1.1478  -18.4609
eta,q 0.97922 15.28085
niter,ni,del,rscale     5    3    5.0000    0.8000
parameters
   -2.4167   -2.1726   -4.3230  -14.2192  -10.9366   -9.4065
    0.5464    4.0002   -1.0577   13.8758   -0.9219  -18.3865
eta,q 0.97882 15.23540
  0.0235  0.0227  0.0226  0.0228  0.0238  0.0230  0.0236  0.0246  0.0226  0.0232  0.0219  0.0226
  0.0220  0.0217  0.0216  0.0221  0.0225  0.0224  0.0223  0.0226  0.0218  0.0220  0.0215  0.0218
  0.0211  0.0210  0.0210  0.0213  0.0214  0.0217  0.0215  0.0216  0.0214  0.0214  0.0213  0.0213
  0.0208  0.0208  0.0208  0.0208  0.0209  0.0209  0.0212  0.0212  0.0212  0.0212  0.0212  0.0212
  0.0211  0.0210  0.0208  0.0211  0.0213  0.0209  0.0214  0.0214  0.0213  0.0216  0.0212  0.0214
  0.0220  0.0217  0.0212  0.0225  0.0225  0.0225  0.0222  0.0225  0.0218  0.0225  0.0214  0.0218
  0.0235  0.0228  0.0217  0.0250  0.0242  0.0258  0.0234  0.0247  0.0226  0.0240  0.0218  0.0225
niter,ni,del,rscale     4    3    5.0000    0.7000
parameters
   -2.4051   -2.1329   -4.5673  -14.0605  -10.9120   -9.5093
    0.5502    4.0238   -1.0408   13.9869   -0.8728  -18.4624
eta,q 0.97888 15.23396
  0.0230  0.0226  0.0217  0.0230  0.0235  0.0228  0.0230  0.0239  0.0223  0.0231  0.0217  0.0222
  0.0220  0.0219  0.0213  0.0223  0.0224  0.0222  0.0220  0.0224  0.0217  0.0221  0.0214  0.0215
  0.0214  0.0214  0.0211  0.0217  0.0215  0.0217  0.0214  0.0215  0.0213  0.0214  0.0212  0.0212
  0.0212  0.0212  0.0212  0.0211  0.0211  0.0211  0.0211  0.0211  0.0211  0.0211  0.0211  0.0211
  0.0214  0.0213  0.0214  0.0210  0.0213  0.0208  0.0213  0.0213  0.0213  0.0213  0.0212  0.0213
  0.0220  0.0217  0.0217  0.0217  0.0222  0.0217  0.0220  0.0222  0.0216  0.0219  0.0213  0.0217
  0.0230  0.0225  0.0222  0.0232  0.0236  0.0238  0.0230  0.0239  0.0223  0.0230  0.0217  0.0222
niter,ni,del,rscale     3    3    5.0000    0.6000
parameters
   -2.4099   -2.1475   -4.5998  -13.8401  -10.8867   -9.2801
    0.5177    4.0010   -1.0609   14.1123   -0.9544  -18.4695
eta,q 0.97903 15.25387
  0.0225  0.0221  0.0217  0.0227  0.0230  0.0225  0.0224  0.0231  0.0219  0.0226  0.0214  0.0218
  0.0217  0.0216  0.0213  0.0221  0.0221  0.0221  0.0216  0.0219  0.0214  0.0218  0.0212  0.0213
  0.0213  0.0212  0.0212  0.0216  0.0214  0.0216  0.0211  0.0212  0.0211  0.0212  0.0210  0.0210
  0.0211  0.0211  0.0211  0.0211  0.0211  0.0211  0.0210  0.0210  0.0210  0.0210  0.0210  0.0210
  0.0213  0.0212  0.0212  0.0210  0.0213  0.0208  0.0211  0.0212  0.0211  0.0211  0.0210  0.0211
  0.0218  0.0216  0.0214  0.0215  0.0219  0.0213  0.0217  0.0219  0.0214  0.0216  0.0212  0.0214
  0.0225  0.0222  0.0217  0.0226  0.0230  0.0227  0.0225  0.0233  0.0219  0.0224  0.0215  0.0218
niter,ni,del,rscale     2    3    5.0000    0.5000
parameters
   -2.4172   -2.1546   -4.5384  -13.6686  -10.9002   -8.9248
    0.4811    3.9847   -1.0916   14.1825   -1.1000  -18.4313
eta,q 0.97919 15.27569
  0.0220  0.0217  0.0215  0.0222  0.0223  0.0222  0.0219  0.0224  0.0215  0.0220  0.0211  0.0215
  0.0214  0.0213  0.0212  0.0217  0.0216  0.0219  0.0213  0.0216  0.0211  0.0214  0.0209  0.0211
  0.0211  0.0211  0.0210  0.0213  0.0211  0.0214  0.0209  0.0210  0.0209  0.0210  0.0208  0.0209
  0.0210  0.0210  0.0210  0.0210  0.0209  0.0209  0.0208  0.0208  0.0208  0.0208  0.0208  0.0208
  0.0211  0.0211  0.0210  0.0209  0.0211  0.0207  0.0209  0.0210  0.0209  0.0209  0.0209  0.0209
  0.0214  0.0213  0.0212  0.0213  0.0216  0.0211  0.0213  0.0215  0.0211  0.0213  0.0210  0.0211
  0.0220  0.0217  0.0214  0.0222  0.0224  0.0221  0.0219  0.0225  0.0215  0.0220  0.0212  0.0214
niter,ni,del,rscale     1    3    5.0000    0.4000
parameters
   -2.4234   -2.1532   -4.4273  -13.5260  -10.9461   -8.5478
    0.4453    3.9803   -1.1245   14.1996   -1.2435  -18.3669
eta,q 0.97933 15.29398
  0.0215  0.0213  0.0212  0.0217  0.0217  0.0219  0.0214  0.0218  0.0211  0.0215  0.0209  0.0211
  0.0211  0.0210  0.0210  0.0213  0.0212  0.0216  0.0210  0.0212  0.0209  0.0211  0.0208  0.0209
  0.0209  0.0209  0.0209  0.0210  0.0209  0.0212  0.0207  0.0208  0.0207  0.0208  0.0207  0.0207
  0.0208  0.0208  0.0208  0.0208  0.0208  0.0208  0.0207  0.0207  0.0207  0.0207  0.0207  0.0207
  0.0209  0.0209  0.0208  0.0208  0.0209  0.0206  0.0208  0.0208  0.0207  0.0207  0.0207  0.0207
  0.0211  0.0210  0.0209  0.0211  0.0212  0.0209  0.0210  0.0212  0.0209  0.0210  0.0208  0.0209
  0.0215  0.0213  0.0210  0.0216  0.0218  0.0216  0.0214  0.0219  0.0211  0.0215  0.0210  0.0211
registration optimization eta report
parameter search radius
    0.8000    0.8000    0.8000    2.4000    2.4000    2.4000
    2.4000    2.4000    2.4000    2.4000    2.4000    2.4000
100000*second partial in parameter space
      107.       77.       53.       15.       17.       17.
       13.       20.        7.       14.        5.        8.
  0.0215  0.0213  0.0212  0.0217  0.0217  0.0219  0.0214  0.0218  0.0211  0.0215  0.0209  0.0211
  0.0211  0.0210  0.0210  0.0213  0.0212  0.0216  0.0210  0.0212  0.0209  0.0211  0.0208  0.0209
  0.0209  0.0209  0.0209  0.0210  0.0209  0.0212  0.0207  0.0208  0.0207  0.0208  0.0207  0.0207
  0.0208  0.0208  0.0208  0.0208  0.0208  0.0208  0.0207  0.0207  0.0207  0.0207  0.0207  0.0207
  0.0209  0.0209  0.0208  0.0208  0.0209  0.0206  0.0208  0.0208  0.0207  0.0207  0.0207  0.0207
  0.0211  0.0210  0.0209  0.0211  0.0212  0.0209  0.0210  0.0212  0.0209  0.0210  0.0208  0.0209
  0.0215  0.0213  0.0210  0.0216  0.0218  0.0216  0.0214  0.0219  0.0211  0.0215  0.0210  0.0211
   -2.4234   -2.1532   -4.4273  -13.5260  -10.9461   -8.5478
    0.4453    3.9803   -1.1245   14.1996   -1.2435  -18.3669
eta,q 0.97933 15.29398

---------------------------------------------------------------------
compute_vox2vox talsrcimg talsrcimg_to_711-2C_as_mni_average_305_t4 /usr/local/freesurfer/average/711-2C_as_mni_average_305
---------------------------------------------------------------------

freesurfer compute_vox2vox.c
Reading: talsrcimg.4dfp.ifh
Reading: talsrcimg_to_711-2C_as_mni_average_305_t4
Reading: /usr/local/freesurfer/average/711-2C_as_mni_average_305.4dfp.ifh
Writing: talsrcimg_to_711-2C_as_mni_average_305_t4_vox2vox.txt

start time Thu May 29 12:44:08 UTC 2025
end		time Thu May 29 12:44:28 UTC 2025

mpr2mni305 success

avi2talxfm orig_nu.mgz /usr/local/freesurfer/average/mni305.cor.mgz talsrcimg_to_711-2C_as_mni_average_305_t4_vox2vox.txt transforms/talairach.auto.xfm
avi2talxfm done
mv -f /home/freesurfer/subjects/sub-024/mri/talsrcimg_to_711-2C_as_mni_average_305_t4_vox2vox.txt /home/freesurfer/subjects/sub-024/mri/transforms/talsrcimg_to_711-2C_as_mni_average_305_t4_vox2vox.txt
lta_convert --src orig_nu.mgz --trg /usr/local/freesurfer/average/mni305.cor.mgz --inxfm transforms/talairach.auto.xfm --outlta transforms/talairach.auto.xfm.lta --subject fsaverage
7.4.1

--src: orig_nu.mgz src image (geometry).
--trg: /usr/local/freesurfer/average/mni305.cor.mgz trg image (geometry).
--inmni: transforms/talairach.auto.xfm input MNI/XFM transform.
--outlta: transforms/talairach.auto.xfm.lta output LTA.
--s: fsaverage subject name
 LTA read, type : 1
 1.15552  -0.04786  -0.01565  -10.09027;
 0.01806   1.05879   0.21828  -24.79215;
 0.01171  -0.16943   1.08791  -30.03957;
 0.00000   0.00000   0.00000   1.00000;
setting subject to fsaverage
Writing  LTA to file transforms/talairach.auto.xfm.lta...
lta_convert successful.
 
 
Started at Thu May 29 12:44:07 UTC 2025
Ended   at Thu May 29 12:44:29 UTC 2025
talairach_avi done
