Log file for defect2seg
Thu May 29 10:58:04 UTC 2025

setenv SUBJECTS_DIR /home/freesurfer/subjects
cd /home/freesurfer/subjects/sub-023/scripts
/usr/local/freesurfer/bin/defect2seg --s sub-023 --cortex

freesurfer-linux-centos8_x86_64-7.4.1-20230613-7eb8460
defect2seg 7.4.1
Linux da9db1b8f4bf 6.11.0-26-generic #26~24.04.1-Ubuntu SMP PREEMPT_DYNAMIC Thu Apr 17 19:20:47 UTC 2 x86_64 x86_64 x86_64 GNU/Linux
pid 1283
mri_label2label --label-cortex /home/freesurfer/subjects/sub-023/surf/lh.orig.nofix /home/freesurfer/subjects/sub-023/mri/aseg.presurf.mgz 0 /home/freesurfer/subjects/sub-023/label/lh.nofix.cortex.label

 Generating cortex label... RemoveHipAmgy=0
 NucAccIsMedialWall=0
 mris->useRealRAS=0
5 non-cortical segments detected
only using segment with 7024 vertices
erasing segment 1 (vno[0] = 69299)
erasing segment 2 (vno[0] = 93367)
erasing segment 3 (vno[0] = 94161)
erasing segment 4 (vno[0] = 95253)
mri_label2vol --defects /home/freesurfer/subjects/sub-023/surf/lh.orig.nofix /home/freesurfer/subjects/sub-023/surf/lh.defect_labels /home/freesurfer/subjects/sub-023/mri/orig.mgz 1000 0 /home/freesurfer/subjects/sub-023/mri/surface.defects.mgz /home/freesurfer/subjects/sub-023/label/lh.nofix.cortex.label
mri_label2vol supposed to be reproducible but seed not set
Contraining to label /home/freesurfer/subjects/sub-023/label/lh.nofix.cortex.label
Changing input type 0 to MRI_INT
Converting defects to volume: offset=1000, merge=0
Writing to /home/freesurfer/subjects/sub-023/mri/surface.defects.mgz
mris_defects_pointset -s /home/freesurfer/subjects/sub-023/surf/lh.orig.nofix -d /home/freesurfer/subjects/sub-023/surf/lh.defect_labels -o /home/freesurfer/subjects/sub-023/surf/lh.defects.pointset --label /home/freesurfer/subjects/sub-023/label/lh.nofix.cortex.label
Reading in surface /home/freesurfer/subjects/sub-023/surf/lh.orig.nofix
Reading in defect segmentation /home/freesurfer/subjects/sub-023/surf/lh.defect_labels
Reading in label /home/freesurfer/subjects/sub-023/label/lh.nofix.cortex.label
#VMPC# mris_defects_pointset 186244
mris_defects_pointset done
mri_label2label --label-cortex /home/freesurfer/subjects/sub-023/surf/rh.orig.nofix /home/freesurfer/subjects/sub-023/mri/aseg.presurf.mgz 0 /home/freesurfer/subjects/sub-023/label/rh.nofix.cortex.label

 Generating cortex label... RemoveHipAmgy=0
 NucAccIsMedialWall=0
 mris->useRealRAS=0
20 non-cortical segments detected
only using segment with 7524 vertices
erasing segment 1 (vno[0] = 66263)
erasing segment 2 (vno[0] = 71567)
erasing segment 3 (vno[0] = 86342)
erasing segment 4 (vno[0] = 95831)
erasing segment 5 (vno[0] = 95898)
erasing segment 6 (vno[0] = 95912)
erasing segment 7 (vno[0] = 95998)
erasing segment 8 (vno[0] = 98116)
erasing segment 9 (vno[0] = 99267)
erasing segment 10 (vno[0] = 99993)
erasing segment 11 (vno[0] = 101881)
erasing segment 12 (vno[0] = 101915)
erasing segment 13 (vno[0] = 103253)
erasing segment 14 (vno[0] = 104288)
erasing segment 15 (vno[0] = 109471)
erasing segment 16 (vno[0] = 111108)
erasing segment 17 (vno[0] = 111294)
erasing segment 18 (vno[0] = 114173)
erasing segment 19 (vno[0] = 115815)
mri_label2vol --defects /home/freesurfer/subjects/sub-023/surf/rh.orig.nofix /home/freesurfer/subjects/sub-023/surf/rh.defect_labels /home/freesurfer/subjects/sub-023/mri/surface.defects.mgz 2000 1 /home/freesurfer/subjects/sub-023/mri/surface.defects.mgz /home/freesurfer/subjects/sub-023/label/rh.nofix.cortex.label
mri_label2vol supposed to be reproducible but seed not set
Contraining to label /home/freesurfer/subjects/sub-023/label/rh.nofix.cortex.label
Converting defects to volume: offset=2000, merge=1
Writing to /home/freesurfer/subjects/sub-023/mri/surface.defects.mgz
mris_defects_pointset -s /home/freesurfer/subjects/sub-023/surf/rh.orig.nofix -d /home/freesurfer/subjects/sub-023/surf/rh.defect_labels -o /home/freesurfer/subjects/sub-023/surf/rh.defects.pointset --label /home/freesurfer/subjects/sub-023/label/rh.nofix.cortex.label
Reading in surface /home/freesurfer/subjects/sub-023/surf/rh.orig.nofix
Reading in defect segmentation /home/freesurfer/subjects/sub-023/surf/rh.defect_labels
Reading in label /home/freesurfer/subjects/sub-023/label/rh.nofix.cortex.label
#VMPC# mris_defects_pointset 189880
mris_defects_pointset done
 
Started at Thu May 29 10:58:04 UTC 2025 
Ended   at Thu May 29 10:58:47 UTC 2025
Defect2seg-Run-Time-Sec 43
Defect2seg-Run-Time-Min 0.86
Defect2seg-Run-Time-Hours 0.01
 
defect2seg Done
