/home/freesurfer/subjects/sub-026/mri
/usr/local/freesurfer/bin/talairach_avi
--i orig_nu.mgz --xfm transforms/talairach.auto.xfm
talairach_avi 7.4.1
Linux 7bd0b5054ed6 6.11.0-26-generic #26~24.04.1-Ubuntu SMP PREEMPT_DYNAMIC Thu Apr 17 19:20:47 UTC 2 x86_64 x86_64 x86_64 GNU/Linux
Thu May 29 23:50:15 UTC 2025
mri_convert orig_nu.mgz talsrcimg.img 
reading from orig_nu.mgz...
TR=8.34, TE=0.00, TI=0.00, flip angle=0.00
i_ras = (-1, 4.88944e-09, -1.86265e-09)
j_ras = (1.86265e-09, 0, -1)
k_ras = (2.56114e-09, 1, 0)
writing to talsrcimg.img...
Analyze Output Matrix
-1.00000   0.00000   0.00000   133.47318;
 0.00000   0.00000   1.00000  -111.30369;
-0.00000  -1.00000   0.00000   158.89874;
 0.00000   0.00000   0.00000   1.00000;
--------------------
INFO: set hdr.hist.orient to -1
mpr2mni305 talsrcimg
Thu May 29 23:50:16 UTC 2025
/usr/local/freesurfer/bin/mpr2mni305 talsrcimg
mpr2mni305 7.4.1
target=711-2C_as_mni_average_305

---------------------------------------------------------------------
analyzeto4dfp talsrcimg -O0 -y
---------------------------------------------------------------------

freesurfer ifh2hdr.c
Thu May 29 23:50:16 2025
Writing: talsrcimg.4dfp.hdr
freesurfer analyzeto4dfp.c
Reading: talsrcimg.hdr
header size 348 bytes
hdr.dime.datatype	offset=70	value=2
hdr.dime.bitpix		offset=72	value=8
hdr.hist.orient		offset=252	value=-1
dimensionality     4
dimensions       256       256       256         1
Reading: talsrcimg.img
Writing: talsrcimg.4dfp.img
Writing: talsrcimg.4dfp.ifh
ifh2hdr talsrcimg -r0to255
ori=2

---------------------------------------------------------------------
gauss_4dfp talsrcimg 1.1
---------------------------------------------------------------------

freesurfer gauss_4dfp.c
Reading: talsrcimg.4dfp.img
Writing: talsrcimg_g11.4dfp.img
image dimensions 256 256 256 padded to 288 288 288
processing volume 1freesurfer ifh2hdr.c
Thu May 29 23:50:20 2025
Writing: talsrcimg_g11.4dfp.hdr

Writing: talsrcimg_g11.4dfp.ifh
including: talsrcimg.4dfp.img.rec in talsrcimg_g11.4dfp.img.rec

---------------------------------------------------------------------
imgreg_4dfp /usr/local/freesurfer/average/711-2C_as_mni_average_305 none talsrcimg_g11 none talsrcimg_to_711-2C_as_mni_average_305_t4 4355
---------------------------------------------------------------------

freesurfer imgreg_4dfp.c
/usr/local/freesurfer/average/711-2C_as_mni_average_305.4dfp.img
       256       256       256         1
  1.000000  1.000000  1.000000
orientation T byte_order littleendian
Reading image: /usr/local/freesurfer/average/711-2C_as_mni_average_305.4dfp.img
dimensions:      256       256       256
mmppix:       1.0000   -1.0000   -1.0000
center:     128.0000 -129.0000 -129.0000
talsrcimg_g11.4dfp.img
       256       256       256         1
  1.000000  1.000000  1.000000
orientation T byte_order littleendian
Reading image: talsrcimg_g11.4dfp.img
dimensions:      256       256       256
mmppix:       1.0000   -1.0000   -1.0000
center:     128.0000 -129.0000 -129.0000
t4_read: open error in t4_sub.f l:  41 t4_file(1:l)talsrcimg_to_711-2C_as_mni_average_305_t4 
t4_read: transform initialized to I4
rotation matrix determinant  1.000000
image alignment mode   4355 decimal     1103 hex
   -7.5000  -45.0000  -45.0000 9753.2432   15.5468
    0.0000  -45.0000  -45.000010139.9492   15.5619
    7.5000  -45.0000  -45.0000 9626.3057   15.5729
   -7.5000  -37.5000  -45.000010242.4463   15.5284
    0.0000  -37.5000  -45.000010658.9902   15.5412
    7.5000  -37.5000  -45.000010081.0713   15.5503
   -7.5000  -30.0000  -45.000011081.1182   15.5315
    0.0000  -30.0000  -45.000011521.4834   15.5430
    7.5000  -30.0000  -45.000010874.2324   15.5520
   -7.5000  -22.5000  -45.000011877.7734   15.5145
    0.0000  -22.5000  -45.000012332.6992   15.5287
    7.5000  -22.5000  -45.000011686.9697   15.5391
   -7.5000  -15.0000  -45.000012597.8604   15.4883
    0.0000  -15.0000  -45.000013075.4150   15.5059
    7.5000  -15.0000  -45.000012386.6172   15.5182
   -7.5000   -7.5000  -45.000013259.5967   15.4781
    0.0000   -7.5000  -45.000013762.6611   15.4951
    7.5000   -7.5000  -45.000012992.9941   15.5079
   -7.5000    0.0000  -45.000013676.0234   15.4939
    0.0000    0.0000  -45.000014189.7627   15.5088
    7.5000    0.0000  -45.000013370.9326   15.5198
   -7.5000    7.5000  -45.000012924.7031   15.5211
    0.0000    7.5000  -45.000013415.1289   15.5339
    7.5000    7.5000  -45.000012613.6523   15.5430
   -7.5000   15.0000  -45.000011980.3789   15.5315
    0.0000   15.0000  -45.000012418.4697   15.5430
    7.5000   15.0000  -45.000011686.9814   15.5520
   -7.5000   22.5000  -45.000010962.6006   15.5124
    0.0000   22.5000  -45.000011390.9443   15.5265
    7.5000   22.5000  -45.000010734.1484   15.5370
   -7.5000   30.0000  -45.0000 9994.2002   15.2846
    0.0000   30.0000  -45.000010400.6436   15.3019
    7.5000   30.0000  -45.0000 9818.2344   15.3141
   -7.5000   37.5000  -45.0000 9427.5537   15.3278
    0.0000   37.5000  -45.0000 9797.2314   15.3445
    7.5000   37.5000  -45.0000 9246.5391   15.3575
   -7.5000   45.0000  -45.0000 8586.5127   15.1381
    0.0000   45.0000  -45.0000 8898.9199   15.1527
    7.5000   45.0000  -45.0000 8392.5488   15.1650
   -7.5000  -45.0000  -37.500010275.8828   15.4905
    0.0000  -45.0000  -37.500010663.0312   15.5068
    7.5000  -45.0000  -37.500010134.5195   15.5211
   -7.5000  -37.5000  -37.500010812.7793   15.4692
    0.0000  -37.5000  -37.500011220.6738   15.4839
    7.5000  -37.5000  -37.500010641.8867   15.4971
   -7.5000  -30.0000  -37.500011720.3857   15.4740
    0.0000  -30.0000  -37.500012160.8760   15.4894
    7.5000  -30.0000  -37.500011515.1611   15.5027
   -7.5000  -22.5000  -37.500012549.4180   15.4608
    0.0000  -22.5000  -37.500013017.2285   15.4800
    7.5000  -22.5000  -37.500012338.1162   15.4940
   -7.5000  -15.0000  -37.500013300.0332   15.4356
    0.0000  -15.0000  -37.500013774.6719   15.4570
    7.5000  -15.0000  -37.500013045.1787   15.4718
   -7.5000   -7.5000  -37.500013916.2910   15.4230
    0.0000   -7.5000  -37.500014449.6543   15.4420
    7.5000   -7.5000  -37.500013646.7188   15.4571
   -7.5000    0.0000  -37.500014360.6738   15.4350
    0.0000    0.0000  -37.500014885.9717   15.4511
    7.5000    0.0000  -37.500014048.6377   15.4654
   -7.5000    7.5000  -37.500013582.7295   15.4609
    0.0000    7.5000  -37.500014087.9014   15.4756
    7.5000    7.5000  -37.500013290.6191   15.4888
   -7.5000   15.0000  -37.500012583.7773   15.4740
    0.0000   15.0000  -37.500013043.9814   15.4894
    7.5000   15.0000  -37.500012309.0820   15.5027
   -7.5000   22.5000  -37.500011510.0410   15.4586
    0.0000   22.5000  -37.500011960.5869   15.4778
    7.5000   22.5000  -37.500011285.0312   15.4919
   -7.5000   30.0000  -37.500010467.3984   15.2327
    0.0000   30.0000  -37.500010888.0098   15.2537
    7.5000   30.0000  -37.500010279.9834   15.2684
   -7.5000   37.5000  -37.5000 9865.1953   15.2734
    0.0000   37.5000  -37.500010251.7607   15.2921
    7.5000   37.5000  -37.5000 9683.3086   15.3072
   -7.5000   45.0000  -37.5000 8964.9912   15.0809
    0.0000   45.0000  -37.5000 9301.9131   15.0966
    7.5000   45.0000  -37.5000 8783.2803   15.1125
   -7.5000  -45.0000  -30.000010907.9805   16.0817
    0.0000  -45.0000  -30.000011334.0928   16.0974
    7.5000  -45.0000  -30.000010803.0684   16.1156
   -7.5000  -37.5000  -30.000011527.8828   16.0507
    0.0000  -37.5000  -30.000011959.2617   16.0647
    7.5000  -37.5000  -30.000011376.6260   16.0857
   -7.5000  -30.0000  -30.000012523.6416   16.0480
    0.0000  -30.0000  -30.000012985.4102   16.0647
    7.5000  -30.0000  -30.000012326.4736   16.0872
   -7.5000  -22.5000  -30.000013381.7441   16.0348
    0.0000  -22.5000  -30.000013871.9551   16.0573
    7.5000  -22.5000  -30.000013164.0703   16.0779
   -7.5000  -15.0000  -30.000014158.0596   16.0151
    0.0000  -15.0000  -30.000014666.8477   16.0397
    7.5000  -15.0000  -30.000013893.1143   16.0571
   -7.5000   -7.5000  -30.000014809.3145   16.0096
    0.0000   -7.5000  -30.000015375.7402   16.0298
    7.5000   -7.5000  -30.000014544.5254   16.0461
   -7.5000    0.0000  -30.000015321.5254   16.0229
    0.0000    0.0000  -30.000015894.7344   16.0383
    7.5000    0.0000  -30.000015023.7920   16.0565
   -7.5000    7.5000  -30.000014494.3086   16.0417
    0.0000    7.5000  -30.000015035.0645   16.0557
    7.5000    7.5000  -30.000014215.2764   16.0767
   -7.5000   15.0000  -30.000013424.1221   16.0480
    0.0000   15.0000  -30.000013912.9883   16.0647
    7.5000   15.0000  -30.000013161.7715   16.0872
   -7.5000   22.5000  -30.000012280.0098   16.0309
    0.0000   22.5000  -30.000012752.2070   16.0535
    7.5000   22.5000  -30.000012066.6289   16.0741
   -7.5000   30.0000  -30.000011141.7510   15.8061
    0.0000   30.0000  -30.000011578.4512   15.8304
    7.5000   30.0000  -30.000010953.2822   15.8475
   -7.5000   37.5000  -30.000010497.5586   15.8559
    0.0000   37.5000  -30.000010892.4189   15.8757
    7.5000   37.5000  -30.000010309.4639   15.8921
   -7.5000   45.0000  -30.0000 9496.6348   15.6682
    0.0000   45.0000  -30.0000 9842.0508   15.6836
    7.5000   45.0000  -30.0000 9307.3691   15.7036
   -7.5000  -45.0000  -22.500011506.6084   16.5842
    0.0000  -45.0000  -22.500011982.7324   16.5971
    7.5000  -45.0000  -22.500011416.6348   16.6161
   -7.5000  -37.5000  -22.500012182.6006   16.5449
    0.0000  -37.5000  -22.500012663.4297   16.5553
    7.5000  -37.5000  -22.500012035.7852   16.5798
   -7.5000  -30.0000  -22.500013260.7100   16.5318
    0.0000  -30.0000  -22.500013791.2695   16.5453
    7.5000  -30.0000  -22.500013069.5508   16.5729
   -7.5000  -22.5000  -22.500014210.7119   16.5149
    0.0000  -22.5000  -22.500014785.1191   16.5361
    7.5000  -22.5000  -22.500013983.5703   16.5605
   -7.5000  -15.0000  -22.500014994.8525   16.5003
    0.0000  -15.0000  -22.500015594.3125   16.5252
    7.5000  -15.0000  -22.500014754.3672   16.5436
   -7.5000   -7.5000  -22.500015682.1006   16.5051
    0.0000   -7.5000  -22.500016304.5938   16.5245
    7.5000   -7.5000  -22.500015422.8164   16.5407
   -7.5000    0.0000  -22.500016253.2334   16.5234
    0.0000    0.0000  -22.500016889.2656   16.5361
    7.5000    0.0000  -22.500015955.7617   16.5550
   -7.5000    7.5000  -22.500015357.8545   16.5356
    0.0000    7.5000  -22.500015947.9883   16.5459
    7.5000    7.5000  -22.500015069.7559   16.5705
   -7.5000   15.0000  -22.500014205.7461   16.5318
    0.0000   15.0000  -22.500014742.5576   16.5453
    7.5000   15.0000  -22.500013956.2246   16.5729
   -7.5000   22.5000  -22.500013012.5859   16.5098
    0.0000   22.5000  -22.500013529.1348   16.5310
    7.5000   22.5000  -22.500012804.6875   16.5554
   -7.5000   30.0000  -22.500011824.8037   16.2874
    0.0000   30.0000  -22.500012294.6484   16.3120
    7.5000   30.0000  -22.500011637.7393   16.3302
   -7.5000   37.5000  -22.500011136.0186   16.3487
    0.0000   37.5000  -22.500011558.5127   16.3677
    7.5000   37.5000  -22.500010935.3203   16.3840
   -7.5000   45.0000  -22.500010068.7695   16.1702
    0.0000   45.0000  -22.500010427.7451   16.1833
    7.5000   45.0000  -22.5000 9858.6162   16.2039
   -7.5000  -45.0000  -15.000012054.1025   16.9641
    0.0000  -45.0000  -15.000012556.6572   16.9721
    7.5000  -45.0000  -15.000011938.0479   16.9863
   -7.5000  -37.5000  -15.000012754.1904   16.9243
    0.0000  -37.5000  -15.000013254.2852   16.9298
    7.5000  -37.5000  -15.000012575.8838   16.9494
   -7.5000  -30.0000  -15.000013925.3535   16.9085
    0.0000  -30.0000  -15.000014475.4990   16.9167
    7.5000  -30.0000  -15.000013684.1992   16.9403
   -7.5000  -22.5000  -15.000015033.0283   16.8885
    0.0000  -22.5000  -15.000015648.9072   16.9043
    7.5000  -22.5000  -15.000014725.7520   16.9255
   -7.5000  -15.0000  -15.000015871.0039   16.8733
    0.0000  -15.0000  -15.000016513.5801   16.8935
    7.5000  -15.0000  -15.000015610.9863   16.9094
   -7.5000   -7.5000  -15.000016540.3750   16.8804
    0.0000   -7.5000  -15.000017168.8984   16.8954
    7.5000   -7.5000  -15.000016286.6836   16.9082
   -7.5000    0.0000  -15.000017131.6816   16.9019
    0.0000    0.0000  -15.000017794.7402   16.9098
    7.5000    0.0000  -15.000016826.3828   16.9239
   -7.5000    7.5000  -15.000016220.0371   16.9148
    0.0000    7.5000  -15.000016849.5703   16.9202
    7.5000    7.5000  -15.000015883.4092   16.9399
   -7.5000   15.0000  -15.000015006.1455   16.9085
    0.0000   15.0000  -15.000015611.3408   16.9167
    7.5000   15.0000  -15.000014732.9307   16.9403
   -7.5000   22.5000  -15.000013767.4277   16.8826
    0.0000   22.5000  -15.000014342.6934   16.8983
    7.5000   22.5000  -15.000013542.6465   16.9195
   -7.5000   30.0000  -15.000012544.3799   16.6578
    0.0000   30.0000  -15.000013069.0127   16.6778
    7.5000   30.0000  -15.000012353.0801   16.6935
   -7.5000   37.5000  -15.000011841.4785   16.7222
    0.0000   37.5000  -15.000012325.5215   16.7369
    7.5000   37.5000  -15.000011600.2275   16.7499
   -7.5000   45.0000  -15.000010702.5039   16.5491
    0.0000   45.0000  -15.000011118.7559   16.5574
    7.5000   45.0000  -15.000010449.5107   16.5731
   -7.5000  -45.0000   -7.500012608.9980   17.1683
    0.0000  -45.0000   -7.500013129.8359   17.1781
    7.5000  -45.0000   -7.500012480.6396   17.1882
   -7.5000  -37.5000   -7.500013305.0215   17.1367
    0.0000  -37.5000   -7.500013848.6992   17.1442
    7.5000  -37.5000   -7.500013130.5752   17.1561
   -7.5000  -30.0000   -7.500014532.5176   17.1290
    0.0000  -30.0000   -7.500015137.9014   17.1364
    7.5000  -30.0000   -7.500014300.7656   17.1506
   -7.5000  -22.5000   -7.500015826.5127   17.1087
    0.0000  -22.5000   -7.500016516.7090   17.1209
    7.5000  -22.5000   -7.500015472.5713   17.1347
   -7.5000  -15.0000   -7.500016931.5332   17.0865
    0.0000  -15.0000   -7.500017673.4766   17.1028
    7.5000  -15.0000   -7.500016601.2695   17.1148
   -7.5000   -7.5000   -7.500017668.4961   17.0850
    0.0000   -7.5000   -7.500018405.2422   17.0988
    7.5000   -7.5000   -7.500017354.9512   17.1095
   -7.5000    0.0000   -7.500018214.3066   17.1053
    0.0000    0.0000   -7.500018985.6895   17.1149
    7.5000    0.0000   -7.500017816.0488   17.1250
   -7.5000    7.5000   -7.500017207.2578   17.1271
    0.0000    7.5000   -7.500017972.4629   17.1345
    7.5000    7.5000   -7.500016781.5586   17.1464
   -7.5000   15.0000   -7.500015952.0039   17.1290
    0.0000   15.0000   -7.500016651.7695   17.1364
    7.5000   15.0000   -7.500015543.9590   17.1506
   -7.5000   22.5000   -7.500014660.7920   17.1008
    0.0000   22.5000   -7.500015307.4824   17.1130
    7.5000   22.5000   -7.500014292.0459   17.1267
   -7.5000   30.0000   -7.500013400.8818   16.8678
    0.0000   30.0000   -7.500014002.0283   16.8839
    7.5000   30.0000   -7.500013098.1309   16.8958
   -7.5000   37.5000   -7.500012659.2256   16.9243
    0.0000   37.5000   -7.500013197.1885   16.9379
    7.5000   37.5000   -7.500012325.4863   16.9488
   -7.5000   45.0000   -7.500011424.3115   16.7489
    0.0000   45.0000   -7.500011873.4219   16.7586
    7.5000   45.0000   -7.500011093.9082   16.7701
   -7.5000  -45.0000    0.000013049.4883   17.2128
    0.0000  -45.0000    0.000013621.5996   17.2290
    7.5000  -45.0000    0.000012954.5264   17.2404
   -7.5000  -37.5000    0.000013783.1436   17.1894
    0.0000  -37.5000    0.000014380.9141   17.2030
    7.5000  -37.5000    0.000013656.0684   17.2124
   -7.5000  -30.0000    0.000015070.5186   17.1915
    0.0000  -30.0000    0.000015728.8418   17.2036
    7.5000  -30.0000    0.000014908.3438   17.2129
   -7.5000  -22.5000    0.000016578.2031   17.1730
    0.0000  -22.5000    0.000017364.1797   17.1880
    7.5000  -22.5000    0.000016219.1689   17.1988
   -7.5000  -15.0000    0.000018060.4375   17.1441
    0.0000  -15.0000    0.000018975.5879   17.1629
    7.5000  -15.0000    0.000017482.8594   17.1757
   -7.5000   -7.5000    0.000018910.7070   17.1326
    0.0000   -7.5000    0.000019878.8086   17.1506
    7.5000   -7.5000    0.000018324.0156   17.1641
   -7.5000    0.0000    0.000019272.6875   17.1496
    0.0000    0.0000    0.000020214.4492   17.1655
    7.5000    0.0000    0.000018708.6621   17.1769
   -7.5000    7.5000    0.000018010.2285   17.1796
    0.0000    7.5000    0.000018885.8320   17.1933
    7.5000    7.5000    0.000017494.6660   17.2027
   -7.5000   15.0000    0.000016679.6895   17.1915
    0.0000   15.0000    0.000017449.4727   17.2036
    7.5000   15.0000    0.000016188.3350   17.2129
   -7.5000   22.5000    0.000015349.6211   17.1651
    0.0000   22.5000    0.000016042.1348   17.1801
    7.5000   22.5000    0.000014901.3369   17.1909
   -7.5000   30.0000    0.000014023.5078   16.9251
    0.0000   30.0000    0.000014669.2500   16.9436
    7.5000   30.0000    0.000013676.9395   16.9563
   -7.5000   37.5000    0.000013217.6973   16.9720
    0.0000   37.5000    0.000013779.2285   16.9899
    7.5000   37.5000    0.000012837.5010   17.0035
   -7.5000   45.0000    0.000011907.9795   16.7923
    0.0000   45.0000    0.000012370.0146   16.8079
    7.5000   45.0000    0.000011525.6982   16.8209
   -7.5000  -45.0000    7.500012474.3857   17.2263
    0.0000  -45.0000    7.500013043.3828   17.2441
    7.5000  -45.0000    7.500012372.0400   17.2596
   -7.5000  -37.5000    7.500013215.0312   17.2014
    0.0000  -37.5000    7.500013845.9824   17.2175
    7.5000  -37.5000    7.500013076.0615   17.2318
   -7.5000  -30.0000    7.500014548.5527   17.2062
    0.0000  -30.0000    7.500015248.4072   17.2230
    7.5000  -30.0000    7.500014321.9629   17.2374
   -7.5000  -22.5000    7.500016063.3018   17.1915
    0.0000  -22.5000    7.500016967.4707   17.2125
    7.5000  -22.5000    7.500015624.1953   17.2277
   -7.5000  -15.0000    7.500017426.7910   17.1637
    0.0000  -15.0000    7.500018486.1855   17.1869
    7.5000  -15.0000    7.500016808.1758   17.2030
   -7.5000   -7.5000    7.500018100.0625   17.1496
    0.0000   -7.5000    7.500019143.1406   17.1704
    7.5000   -7.5000    7.500017526.5137   17.1866
   -7.5000    0.0000    7.500018400.7910   17.1630
    0.0000    0.0000    7.500019394.7090   17.1805
    7.5000    0.0000    7.500017945.8730   17.1960
   -7.5000    7.5000    7.500017266.6191   17.1917
    0.0000    7.5000    7.500018155.8105   17.2077
    7.5000    7.5000    7.500016860.8848   17.2220
   -7.5000   15.0000    7.500016014.0840   17.2062
    0.0000   15.0000    7.500016815.7031   17.2230
    7.5000   15.0000    7.500015630.0762   17.2374
   -7.5000   22.5000    7.500014771.5039   17.1836
    0.0000   22.5000    7.500015489.4082   17.2045
    7.5000   22.5000    7.500014414.3115   17.2197
   -7.5000   30.0000    7.500013479.6826   16.9446
    0.0000   30.0000    7.500014127.0186   16.9675
    7.5000   30.0000    7.500013193.2754   16.9834
   -7.5000   37.5000    7.500012709.9082   16.9895
    0.0000   37.5000    7.500013252.0947   17.0099
    7.5000   37.5000    7.500012370.6367   17.0263
   -7.5000   45.0000    7.500011469.8369   16.8070
    0.0000   45.0000    7.500011904.2471   16.8242
    7.5000   45.0000    7.500011115.4375   16.8414
   -7.5000  -45.0000   15.000011821.1719   17.2607
    0.0000  -45.0000   15.000012382.3496   17.2777
    7.5000  -45.0000   15.000011688.8271   17.2974
   -7.5000  -37.5000   15.000012545.2773   17.2273
    0.0000  -37.5000   15.000013104.6719   17.2426
    7.5000  -37.5000   15.000012369.6504   17.2652
   -7.5000  -30.0000   15.000013797.5166   17.2249
    0.0000  -30.0000   15.000014428.6602   17.2431
    7.5000  -30.0000   15.000013571.0195   17.2674
   -7.5000  -22.5000   15.000015130.1074   17.2112
    0.0000  -22.5000   15.000015940.1162   17.2357
    7.5000  -22.5000   15.000014794.5303   17.2579
   -7.5000  -15.0000   15.000016235.3535   17.1900
    0.0000  -15.0000   15.000017099.3828   17.2165
    7.5000  -15.0000   15.000015847.8789   17.2353
   -7.5000   -7.5000   15.000016749.9648   17.1834
    0.0000   -7.5000   15.000017587.7266   17.2053
    7.5000   -7.5000   15.000016515.6152   17.2229
   -7.5000    0.0000   15.000017114.1328   17.1971
    0.0000    0.0000   15.000017927.2676   17.2139
    7.5000    0.0000   15.000016922.1445   17.2336
   -7.5000    7.5000   15.000016216.3467   17.2176
    0.0000    7.5000   15.000017015.1758   17.2328
    7.5000    7.5000   15.000015966.6826   17.2554
   -7.5000   15.0000   15.000015091.3623   17.2249
    0.0000   15.0000   15.000015861.6143   17.2431
    7.5000   15.0000   15.000014836.3936   17.2674
   -7.5000   22.5000   15.000013922.3516   17.2033
    0.0000   22.5000   15.000014621.8516   17.2277
    7.5000   22.5000   15.000013701.4883   17.2499
   -7.5000   30.0000   15.000012710.1592   16.9706
    0.0000   30.0000   15.000013344.2656   16.9969
    7.5000   30.0000   15.000012506.4453   17.0154
   -7.5000   37.5000   15.000012016.7539   17.0234
    0.0000   37.5000   15.000012546.6611   17.0448
    7.5000   37.5000   15.000011722.6299   17.0626
   -7.5000   45.0000   15.000010834.4277   16.8436
    0.0000   45.0000   15.000011256.1104   16.8604
    7.5000   45.0000   15.000010537.1982   16.8820
   -7.5000  -45.0000   22.500011031.5674   17.3588
    0.0000  -45.0000   22.500011500.3203   17.3736
    7.5000  -45.0000   22.500010906.8643   17.3941
   -7.5000  -37.5000   22.500011679.4795   17.3179
    0.0000  -37.5000   22.500012138.6553   17.3300
    7.5000  -37.5000   22.500011528.6670   17.3565
   -7.5000  -30.0000   22.500012804.5010   17.3053
    0.0000  -30.0000   22.500013357.8389   17.3207
    7.5000  -30.0000   22.500012632.2412   17.3504
   -7.5000  -22.5000   22.500013980.5586   17.2879
    0.0000  -22.5000   22.500014651.9834   17.3114
    7.5000  -22.5000   22.500013759.4707   17.3377
   -7.5000  -15.0000   22.500014894.2480   17.2719
    0.0000  -15.0000   22.500015584.2578   17.2993
    7.5000  -15.0000   22.500014705.8135   17.3193
   -7.5000   -7.5000   22.500015446.1904   17.2759
    0.0000   -7.5000   22.500016129.1826   17.2975
    7.5000   -7.5000   22.500015349.3203   17.3151
   -7.5000    0.0000   22.500015893.5762   17.2946
    0.0000    0.0000   22.500016583.9844   17.3092
    7.5000    0.0000   22.500015770.1816   17.3296
   -7.5000    7.5000   22.500015009.8779   17.3081
    0.0000    7.5000   22.500015693.1553   17.3202
    7.5000    7.5000   22.500014861.7139   17.3466
   -7.5000   15.0000   22.500013959.4141   17.3053
    0.0000   15.0000   22.500014582.4512   17.3207
    7.5000   15.0000   22.500013777.0850   17.3504
   -7.5000   22.5000   22.500012899.8281   17.2799
    0.0000   22.5000   22.500013473.8027   17.3035
    7.5000   22.5000   22.500012739.5625   17.3298
   -7.5000   30.0000   22.500011814.1133   17.0515
    0.0000   30.0000   22.500012362.9316   17.0786
    7.5000   30.0000   22.500011678.9141   17.0983
   -7.5000   37.5000   22.500011184.4111   17.1150
    0.0000   37.5000   22.500011666.8721   17.1362
    7.5000   37.5000   22.500010991.9297   17.1539
   -7.5000   45.0000   22.500010092.4014   16.9417
    0.0000   45.0000   22.500010481.0742   16.9567
    7.5000   45.0000   22.5000 9894.4961   16.9790
   -7.5000  -45.0000   30.000010235.4912   17.7362
    0.0000  -45.0000   30.000010622.2080   17.7470
    7.5000  -45.0000   30.000010098.4980   17.7629
   -7.5000  -37.5000   30.000010804.2920   17.6956
    0.0000  -37.5000   30.000011211.3301   17.7034
    7.5000  -37.5000   30.000010679.6641   17.7252
   -7.5000  -30.0000   30.000011848.6328   17.6802
    0.0000  -30.0000   30.000012310.1934   17.6910
    7.5000  -30.0000   30.000011683.3867   17.7171
   -7.5000  -22.5000   30.000012907.0879   17.6581
    0.0000  -22.5000   30.000013436.7344   17.6772
    7.5000  -22.5000   30.000012701.7051   17.7008
   -7.5000  -15.0000   30.000013719.2607   17.6396
    0.0000  -15.0000   30.000014267.6680   17.6636
    7.5000  -15.0000   30.000013580.4033   17.6814
   -7.5000   -7.5000   30.000014293.4746   17.6458
    0.0000   -7.5000   30.000014873.1289   17.6641
    7.5000   -7.5000   30.000014204.4678   17.6785
   -7.5000    0.0000   30.000014721.3604   17.6692
    0.0000    0.0000   30.000015302.3213   17.6798
    7.5000    0.0000   30.000014575.3838   17.6956
   -7.5000    7.5000   30.000013885.5596   17.6853
    0.0000    7.5000   30.000014444.6768   17.6931
    7.5000    7.5000   30.000013723.3447   17.7149
   -7.5000   15.0000   30.000012897.2705   17.6802
    0.0000   15.0000   30.000013415.4424   17.6910
    7.5000   15.0000   30.000012730.4541   17.7171
   -7.5000   22.5000   30.000011959.6348   17.6500
    0.0000   22.5000   30.000012437.2959   17.6690
    7.5000   22.5000   30.000011807.9717   17.6926
   -7.5000   30.0000   30.000010997.9600   17.4135
    0.0000   30.0000   30.000011442.1562   17.4372
    7.5000   30.0000   30.000010852.7305   17.4548
   -7.5000   37.5000   30.000010405.3320   17.4763
    0.0000   37.5000   30.000010813.8164   17.4943
    7.5000   37.5000   30.000010242.6963   17.5089
   -7.5000   45.0000   30.0000 9357.1016   17.3011
    0.0000   45.0000   30.0000 9708.4004   17.3121
    7.5000   45.0000   30.0000 9209.9053   17.3296
   -7.5000  -45.0000   37.5000 9858.8369   18.2444
    0.0000  -45.0000   37.500010212.2695   18.2592
    7.5000  -45.0000   37.5000 9722.8594   18.2717
   -7.5000  -37.5000   37.500010410.1895   18.2109
    0.0000  -37.5000   37.500010786.8936   18.2225
    7.5000  -37.5000   37.500010277.2480   18.2367
   -7.5000  -30.0000   37.500011402.8340   18.2025
    0.0000  -30.0000   37.500011828.4541   18.2135
    7.5000  -30.0000   37.500011227.3584   18.2298
   -7.5000  -22.5000   37.500012342.4893   18.1778
    0.0000  -22.5000   37.500012834.2773   18.1942
    7.5000  -22.5000   37.500012164.0176   18.2100
   -7.5000  -15.0000   37.500013108.5254   18.1506
    0.0000  -15.0000   37.500013617.9199   18.1722
    7.5000  -15.0000   37.500012998.7178   18.1864
   -7.5000   -7.5000   37.500013720.8457   18.1487
    0.0000   -7.5000   37.500014258.6416   18.1680
    7.5000   -7.5000   37.500013621.8916   18.1811
   -7.5000    0.0000   37.500014122.9619   18.1734
    0.0000    0.0000   37.500014677.7783   18.1880
    7.5000    0.0000   37.500013967.1240   18.2005
   -7.5000    7.5000   37.500013320.6035   18.2001
    0.0000    7.5000   37.500013840.8770   18.2116
    7.5000    7.5000   37.500013144.3340   18.2258
   -7.5000   15.0000   37.500012377.6123   18.2025
    0.0000   15.0000   37.500012860.9990   18.2135
    7.5000   15.0000   37.500012209.2695   18.2298
   -7.5000   22.5000   37.500011483.8838   18.1694
    0.0000   22.5000   37.500011937.9150   18.1858
    7.5000   22.5000   37.500011324.4746   18.2016
   -7.5000   30.0000   37.500010584.0957   17.9166
    0.0000   30.0000   37.500010985.0488   17.9379
    7.5000   30.0000   37.500010424.5615   17.9519
   -7.5000   37.5000   37.500010014.4043   17.9669
    0.0000   37.5000   37.500010384.4424   17.9859
    7.5000   37.5000   37.5000 9851.4336   17.9992
   -7.5000   45.0000   37.5000 9019.1455   17.7822
    0.0000   45.0000   37.5000 9344.7891   17.7968
    7.5000   45.0000   37.5000 8867.5811   17.8110
   -7.5000  -45.0000   45.0000 9119.4521   18.8180
    0.0000  -45.0000   45.0000 9421.1211   18.8412
    7.5000  -45.0000   45.0000 8988.7852   18.8547
   -7.5000  -37.5000   45.0000 9643.2979   18.7861
    0.0000  -37.5000   45.0000 9973.3838   18.8071
    7.5000  -37.5000   45.0000 9499.1045   18.8193
   -7.5000  -30.0000   45.000010531.9883   18.7799
    0.0000  -30.0000   45.000010917.3242   18.7997
    7.5000  -30.0000   45.000010354.3193   18.8136
   -7.5000  -22.5000   45.000011356.7627   18.7524
    0.0000  -22.5000   45.000011780.6064   18.7753
    7.5000  -22.5000   45.000011179.4697   18.7916
   -7.5000  -15.0000   45.000012062.0488   18.7199
    0.0000  -15.0000   45.000012525.4277   18.7466
    7.5000  -15.0000   45.000011945.4443   18.7643
   -7.5000   -7.5000   45.000012642.2178   18.7148
    0.0000   -7.5000   45.000013140.7285   18.7403
    7.5000   -7.5000   45.000012523.2900   18.7570
   -7.5000    0.0000   45.000013021.6982   18.7419
    0.0000    0.0000   45.000013538.1182   18.7648
    7.5000    0.0000   45.000012872.4355   18.7783
   -7.5000    7.5000   45.000012273.4141   18.7744
    0.0000    7.5000   45.000012764.2178   18.7953
    7.5000    7.5000   45.000012118.2715   18.8076
   -7.5000   15.0000   45.000011390.0078   18.7798
    0.0000   15.0000   45.000011845.4512   18.7997
    7.5000   15.0000   45.000011241.6123   18.8136
   -7.5000   22.5000   45.000010542.9375   18.7437
    0.0000   22.5000   45.000010987.2080   18.7666
    7.5000   22.5000   45.000010398.5176   18.7829
   -7.5000   30.0000   45.0000 9709.2100   18.4763
    0.0000   30.0000   45.000010111.8848   18.5026
    7.5000   30.0000   45.0000 9584.9141   18.5201
   -7.5000   37.5000   45.0000 9198.0195   18.5179
    0.0000   37.5000   45.0000 9568.1016   18.5431
    7.5000   37.5000   45.0000 9074.3467   18.5599
   -7.5000   45.0000   45.0000 8330.3662   18.3348
    0.0000   45.0000   45.0000 8647.6787   18.3574
    7.5000   45.0000   45.0000 8196.3760   18.3726

---------------------------------------------------------------------
imgreg_4dfp /usr/local/freesurfer/average/711-2C_as_mni_average_305 /usr/local/freesurfer/average/711-2B_as_mni_average_305_mask talsrcimg_g11 none talsrcimg_to_711-2C_as_mni_average_305_t4 4355
---------------------------------------------------------------------

freesurfer imgreg_4dfp.c
/usr/local/freesurfer/average/711-2C_as_mni_average_305.4dfp.img
       256       256       256         1
  1.000000  1.000000  1.000000
orientation T byte_order littleendian
Reading image: /usr/local/freesurfer/average/711-2C_as_mni_average_305.4dfp.img
dimensions:      256       256       256
mmppix:       1.0000   -1.0000   -1.0000
center:     128.0000 -129.0000 -129.0000
/usr/local/freesurfer/average/711-2B_as_mni_average_305_mask.4dfp.img
       256       256       256         1
  1.000000  1.000000  1.000000
orientation T byte_order littleendian
Reading mask: /usr/local/freesurfer/average/711-2B_as_mni_average_305_mask.4dfp.img (2306576 pixels)
talsrcimg_g11.4dfp.img
       256       256       256         1
  1.000000  1.000000  1.000000
orientation T byte_order littleendian
Reading image: talsrcimg_g11.4dfp.img
dimensions:      256       256       256
mmppix:       1.0000   -1.0000   -1.0000
center:     128.0000 -129.0000 -129.0000
rotation matrix determinant  1.000000
image alignment mode   4355 decimal     1103 hex
   -7.5000  -45.0000  -45.0000 2486.2869   18.0003
    0.0000  -45.0000  -45.0000 2493.6213   18.0112
    7.5000  -45.0000  -45.0000 2472.6292   18.0940
   -7.5000  -37.5000  -45.0000 2514.8748   17.2482
    0.0000  -37.5000  -45.0000 2523.5872   17.2324
    7.5000  -37.5000  -45.0000 2498.8743   17.3573
   -7.5000  -30.0000  -45.0000 2528.4121   16.7761
    0.0000  -30.0000  -45.0000 2534.3416   16.7502
    7.5000  -30.0000  -45.0000 2509.3057   16.8726
   -7.5000  -22.5000  -45.0000 2542.9722   16.4920
    0.0000  -22.5000  -45.0000 2546.0242   16.4616
    7.5000  -22.5000  -45.0000 2520.8823   16.5848
   -7.5000  -15.0000  -45.0000 2552.5725   16.3990
    0.0000  -15.0000  -45.0000 2552.1284   16.3855
    7.5000  -15.0000  -45.0000 2529.6577   16.5644
   -7.5000   -7.5000  -45.0000 2557.9211   16.5635
    0.0000   -7.5000  -45.0000 2561.7388   16.5193
    7.5000   -7.5000  -45.0000 2536.5486   16.7429
   -7.5000    0.0000  -45.0000 2542.5393   16.9624
    0.0000    0.0000  -45.0000 2548.6470   16.9655
    7.5000    0.0000  -45.0000 2520.0901   17.1417
   -7.5000    7.5000  -45.0000 2516.1692   17.6748
    0.0000    7.5000  -45.0000 2524.2578   17.6442
    7.5000    7.5000  -45.0000 2492.8589   17.8304
   -7.5000   15.0000  -45.0000 2462.6470   18.6106
    0.0000   15.0000  -45.0000 2465.8850   18.5612
    7.5000   15.0000  -45.0000 2438.0781   18.7411
   -7.5000   22.5000  -45.0000 2384.2888   19.7827
    0.0000   22.5000  -45.0000 2390.4397   19.7207
    7.5000   22.5000  -45.0000 2369.7825   19.8704
   -7.5000   30.0000  -45.0000 2292.1992   21.3185
    0.0000   30.0000  -45.0000 2299.9778   21.2482
    7.5000   30.0000  -45.0000 2281.2332   21.4175
   -7.5000   37.5000  -45.0000 2196.4668   23.4028
    0.0000   37.5000  -45.0000 2196.2703   23.3174
    7.5000   37.5000  -45.0000 2175.4805   23.4709
   -7.5000   45.0000  -45.0000 2080.6611   26.1534
    0.0000   45.0000  -45.0000 2081.8552   26.0030
    7.5000   45.0000  -45.0000 2059.1680   26.1805
   -7.5000  -45.0000  -37.5000 2573.9961   16.9864
    0.0000  -45.0000  -37.5000 2579.5649   16.9513
    7.5000  -45.0000  -37.5000 2555.9404   17.0551
   -7.5000  -37.5000  -37.5000 2607.2151   16.2481
    0.0000  -37.5000  -37.5000 2614.1824   16.1966
    7.5000  -37.5000  -37.5000 2587.8840   16.3165
   -7.5000  -30.0000  -37.5000 2626.2715   15.7690
    0.0000  -30.0000  -37.5000 2627.1057   15.7272
    7.5000  -30.0000  -37.5000 2602.1501   15.8287
   -7.5000  -22.5000  -37.5000 2634.2395   15.4990
    0.0000  -22.5000  -37.5000 2634.9929   15.4489
    7.5000  -22.5000  -37.5000 2610.2705   15.5802
   -7.5000  -15.0000  -37.5000 2639.9644   15.3875
    0.0000  -15.0000  -37.5000 2636.7739   15.3677
    7.5000  -15.0000  -37.5000 2614.1362   15.5445
   -7.5000   -7.5000  -37.5000 2642.2771   15.5004
    0.0000   -7.5000  -37.5000 2642.9221   15.4685
    7.5000   -7.5000  -37.5000 2621.1790   15.6683
   -7.5000    0.0000  -37.5000 2634.1240   15.8475
    0.0000    0.0000  -37.5000 2637.4683   15.8488
    7.5000    0.0000  -37.5000 2610.4854   16.0392
   -7.5000    7.5000  -37.5000 2609.6841   16.4622
    0.0000    7.5000  -37.5000 2614.5637   16.4410
    7.5000    7.5000  -37.5000 2585.8879   16.6226
   -7.5000   15.0000  -37.5000 2554.7009   17.3247
    0.0000   15.0000  -37.5000 2558.2217   17.2933
    7.5000   15.0000  -37.5000 2529.4580   17.4706
   -7.5000   22.5000  -37.5000 2477.0640   18.4157
    0.0000   22.5000  -37.5000 2483.4087   18.3778
    7.5000   22.5000  -37.5000 2457.8926   18.5144
   -7.5000   30.0000  -37.5000 2381.9326   19.8420
    0.0000   30.0000  -37.5000 2388.9402   19.7874
    7.5000   30.0000  -37.5000 2365.1672   19.9564
   -7.5000   37.5000  -37.5000 2277.8325   21.7665
    0.0000   37.5000  -37.5000 2277.7656   21.6613
    7.5000   37.5000  -37.5000 2257.9414   21.8428
   -7.5000   45.0000  -37.5000 2154.3206   24.3017
    0.0000   45.0000  -37.5000 2153.7952   24.1463
    7.5000   45.0000  -37.5000 2133.5676   24.3166
   -7.5000  -45.0000  -30.0000 2691.5481   16.6029
    0.0000  -45.0000  -30.0000 2699.7383   16.5847
    7.5000  -45.0000  -30.0000 2676.9014   16.7445
   -7.5000  -37.5000  -30.0000 2730.6091   15.8606
    0.0000  -37.5000  -30.0000 2738.1572   15.8100
    7.5000  -37.5000  -30.0000 2713.7847   15.9658
   -7.5000  -30.0000  -30.0000 2752.3040   15.3403
    0.0000  -30.0000  -30.0000 2756.8330   15.2822
    7.5000  -30.0000  -30.0000 2732.8987   15.4220
   -7.5000  -22.5000  -30.0000 2762.2153   15.0511
    0.0000  -22.5000  -30.0000 2759.7725   14.9899
    7.5000  -22.5000  -30.0000 2738.9395   15.1431
   -7.5000  -15.0000  -30.0000 2764.8896   14.9103
    0.0000  -15.0000  -30.0000 2764.7585   14.8699
    7.5000  -15.0000  -30.0000 2739.0562   15.0361
   -7.5000   -7.5000  -30.0000 2768.9412   15.0142
    0.0000   -7.5000  -30.0000 2774.6584   14.9869
    7.5000   -7.5000  -30.0000 2752.7554   15.1828
   -7.5000    0.0000  -30.0000 2767.3020   15.3837
    0.0000    0.0000  -30.0000 2773.5881   15.3679
    7.5000    0.0000  -30.0000 2747.1875   15.5606
   -7.5000    7.5000  -30.0000 2744.6230   15.9646
    0.0000    7.5000  -30.0000 2746.6760   15.9284
    7.5000    7.5000  -30.0000 2722.0474   16.1536
   -7.5000   15.0000  -30.0000 2687.3943   16.7556
    0.0000   15.0000  -30.0000 2690.4358   16.7184
    7.5000   15.0000  -30.0000 2665.6423   16.9096
   -7.5000   22.5000  -30.0000 2609.5171   17.7939
    0.0000   22.5000  -30.0000 2615.3782   17.7318
    7.5000   22.5000  -30.0000 2590.8022   17.8975
   -7.5000   30.0000  -30.0000 2509.6636   19.1747
    0.0000   30.0000  -30.0000 2515.8967   19.1181
    7.5000   30.0000  -30.0000 2491.7217   19.2710
   -7.5000   37.5000  -30.0000 2400.1921   21.0010
    0.0000   37.5000  -30.0000 2399.4917   20.9140
    7.5000   37.5000  -30.0000 2379.4941   21.0647
   -7.5000   45.0000  -30.0000 2261.0137   23.3581
    0.0000   45.0000  -30.0000 2261.2107   23.2638
    7.5000   45.0000  -30.0000 2240.8364   23.4448
   -7.5000  -45.0000  -22.5000 2767.0737   16.1416
    0.0000  -45.0000  -22.5000 2777.4756   16.0878
    7.5000  -45.0000  -22.5000 2762.5598   16.2792
   -7.5000  -37.5000  -22.5000 2815.1814   15.3808
    0.0000  -37.5000  -22.5000 2821.3188   15.3165
    7.5000  -37.5000  -22.5000 2803.3359   15.4678
   -7.5000  -30.0000  -22.5000 2838.1814   14.8225
    0.0000  -30.0000  -22.5000 2847.6536   14.8049
    7.5000  -30.0000  -22.5000 2823.2532   14.9112
   -7.5000  -22.5000  -22.5000 2847.9844   14.5155
    0.0000  -22.5000  -22.5000 2858.4268   14.4989
    7.5000  -22.5000  -22.5000 2828.2385   14.6183
   -7.5000  -15.0000  -22.5000 2856.9402   14.3434
    0.0000  -15.0000  -22.5000 2865.1609   14.3147
    7.5000  -15.0000  -22.5000 2828.9185   14.5035
   -7.5000   -7.5000  -22.5000 2866.9812   14.4067
    0.0000   -7.5000  -22.5000 2871.7659   14.3738
    7.5000   -7.5000  -22.5000 2847.5908   14.5844
   -7.5000    0.0000  -22.5000 2864.4619   14.7970
    0.0000    0.0000  -22.5000 2871.4324   14.7495
    7.5000    0.0000  -22.5000 2847.0066   14.9578
   -7.5000    7.5000  -22.5000 2836.9995   15.4026
    0.0000    7.5000  -22.5000 2845.4192   15.3471
    7.5000    7.5000  -22.5000 2818.9229   15.5481
   -7.5000   15.0000  -22.5000 2780.9294   16.1438
    0.0000   15.0000  -22.5000 2784.6565   16.0881
    7.5000   15.0000  -22.5000 2761.4514   16.2969
   -7.5000   22.5000  -22.5000 2702.7290   17.1166
    0.0000   22.5000  -22.5000 2710.2871   17.0588
    7.5000   22.5000  -22.5000 2689.2903   17.2700
   -7.5000   30.0000  -22.5000 2598.8950   18.4088
    0.0000   30.0000  -22.5000 2607.8225   18.3618
    7.5000   30.0000  -22.5000 2586.4360   18.5604
   -7.5000   37.5000  -22.5000 2487.6123   20.1606
    0.0000   37.5000  -22.5000 2493.6453   20.0629
    7.5000   37.5000  -22.5000 2470.1919   20.2569
   -7.5000   45.0000  -22.5000 2343.7654   22.4350
    0.0000   45.0000  -22.5000 2343.4089   22.3415
    7.5000   45.0000  -22.5000 2322.9688   22.5438
   -7.5000  -45.0000  -15.0000 2793.6724   15.7156
    0.0000  -45.0000  -15.0000 2804.9785   15.6626
    7.5000  -45.0000  -15.0000 2786.4954   15.8603
   -7.5000  -37.5000  -15.0000 2846.6858   14.9077
    0.0000  -37.5000  -15.0000 2853.4006   14.8396
    7.5000  -37.5000  -15.0000 2831.1821   15.0173
   -7.5000  -30.0000  -15.0000 2880.7249   14.3496
    0.0000  -30.0000  -15.0000 2886.6006   14.2901
    7.5000  -30.0000  -15.0000 2861.4919   14.4389
   -7.5000  -22.5000  -15.0000 2902.0388   14.0580
    0.0000  -22.5000  -15.0000 2908.2190   14.0026
    7.5000  -22.5000  -15.0000 2875.9353   14.1340
   -7.5000  -15.0000  -15.0000 2912.7446   13.9166
    0.0000  -15.0000  -15.0000 2917.1362   13.8260
    7.5000  -15.0000  -15.0000 2882.1252   14.0442
   -7.5000   -7.5000  -15.0000 2916.5798   13.8590
    0.0000   -7.5000  -15.0000 2913.9993   13.8005
    7.5000   -7.5000  -15.0000 2888.7993   14.0785
   -7.5000    0.0000  -15.0000 2912.8052   14.2610
    0.0000    0.0000  -15.0000 2919.8958   14.1914
    7.5000    0.0000  -15.0000 2892.6807   14.4444
   -7.5000    7.5000  -15.0000 2892.4160   14.8626
    0.0000    7.5000  -15.0000 2898.4109   14.7927
    7.5000    7.5000  -15.0000 2867.9075   15.0108
   -7.5000   15.0000  -15.0000 2835.5332   15.6007
    0.0000   15.0000  -15.0000 2841.6748   15.5327
    7.5000   15.0000  -15.0000 2815.9976   15.7673
   -7.5000   22.5000  -15.0000 2749.4629   16.5041
    0.0000   22.5000  -15.0000 2762.4153   16.4552
    7.5000   22.5000  -15.0000 2742.6907   16.7058
   -7.5000   30.0000  -15.0000 2652.8816   17.7744
    0.0000   30.0000  -15.0000 2662.6899   17.7325
    7.5000   30.0000  -15.0000 2645.1494   17.9939
   -7.5000   37.5000  -15.0000 2544.8643   19.4922
    0.0000   37.5000  -15.0000 2555.1260   19.4110
    7.5000   37.5000  -15.0000 2525.8376   19.6693
   -7.5000   45.0000  -15.0000 2402.1938   21.6828
    0.0000   45.0000  -15.0000 2405.6858   21.6234
    7.5000   45.0000  -15.0000 2378.3923   21.8816
   -7.5000  -45.0000   -7.5000 2800.3184   15.4981
    0.0000  -45.0000   -7.5000 2802.5942   15.4132
    7.5000  -45.0000   -7.5000 2781.0493   15.6248
   -7.5000  -37.5000   -7.5000 2853.6545   14.6496
    0.0000  -37.5000   -7.5000 2856.4077   14.5876
    7.5000  -37.5000   -7.5000 2832.1150   14.7642
   -7.5000  -30.0000   -7.5000 2893.4561   14.0629
    0.0000  -30.0000   -7.5000 2894.8726   13.9901
    7.5000  -30.0000   -7.5000 2870.0940   14.1539
   -7.5000  -22.5000   -7.5000 2923.1555   13.7909
    0.0000  -22.5000   -7.5000 2927.3621   13.7030
    7.5000  -22.5000   -7.5000 2895.4282   13.8241
   -7.5000  -15.0000   -7.5000 2944.7249   13.7443
    0.0000  -15.0000   -7.5000 2951.3225   13.6388
    7.5000  -15.0000   -7.5000 2916.2009   13.7707
   -7.5000   -7.5000   -7.5000 2950.0547   13.6392
    0.0000   -7.5000   -7.5000 2952.5476   13.5936
    7.5000   -7.5000   -7.5000 2922.2004   13.8418
   -7.5000    0.0000   -7.5000 2945.6438   13.8612
    0.0000    0.0000   -7.5000 2947.5969   13.8206
    7.5000    0.0000   -7.5000 2913.7173   14.0505
   -7.5000    7.5000   -7.5000 2919.9646   14.4499
    0.0000    7.5000   -7.5000 2924.9080   14.3875
    7.5000    7.5000   -7.5000 2886.6558   14.5404
   -7.5000   15.0000   -7.5000 2868.6523   15.1837
    0.0000   15.0000   -7.5000 2871.8816   15.0949
    7.5000   15.0000   -7.5000 2840.7998   15.2791
   -7.5000   22.5000   -7.5000 2790.7893   16.1433
    0.0000   22.5000   -7.5000 2794.3342   16.0460
    7.5000   22.5000   -7.5000 2771.7285   16.2427
   -7.5000   30.0000   -7.5000 2696.1104   17.4180
    0.0000   30.0000   -7.5000 2701.4341   17.3381
    7.5000   30.0000   -7.5000 2681.7576   17.5592
   -7.5000   37.5000   -7.5000 2585.3152   19.0751
    0.0000   37.5000   -7.5000 2594.0720   18.9746
    7.5000   37.5000   -7.5000 2566.1638   19.2052
   -7.5000   45.0000   -7.5000 2438.5259   21.1653
    0.0000   45.0000   -7.5000 2439.1216   21.0788
    7.5000   45.0000   -7.5000 2415.6377   21.3220
   -7.5000  -45.0000    0.0000 2781.9639   15.4984
    0.0000  -45.0000    0.0000 2786.4167   15.4460
    7.5000  -45.0000    0.0000 2766.2571   15.6593
   -7.5000  -37.5000    0.0000 2841.6479   14.6489
    0.0000  -37.5000    0.0000 2843.7153   14.5851
    7.5000  -37.5000    0.0000 2822.2261   14.7812
   -7.5000  -30.0000    0.0000 2884.7126   14.0811
    0.0000  -30.0000    0.0000 2887.4751   14.0272
    7.5000  -30.0000    0.0000 2868.3433   14.1989
   -7.5000  -22.5000    0.0000 2924.2747   13.8413
    0.0000  -22.5000    0.0000 2932.4084   13.7849
    7.5000  -22.5000    0.0000 2907.2896   13.8582
   -7.5000  -15.0000    0.0000 2962.5049   13.8290
    0.0000  -15.0000    0.0000 2974.8472   13.8052
    7.5000  -15.0000    0.0000 2932.8792   13.7511
   -7.5000   -7.5000    0.0000 2973.3567   13.7236
    0.0000   -7.5000    0.0000 2985.1370   13.7530
    7.5000   -7.5000    0.0000 2936.2100   13.7389
   -7.5000    0.0000    0.0000 2956.8823   13.7745
    0.0000    0.0000    0.0000 2960.8618   13.8155
    7.5000    0.0000    0.0000 2924.1482   13.9164
   -7.5000    7.5000    0.0000 2920.0242   14.1886
    0.0000    7.5000    0.0000 2926.1094   14.1774
    7.5000    7.5000    0.0000 2890.1299   14.3126
   -7.5000   15.0000    0.0000 2869.0750   14.8961
    0.0000   15.0000    0.0000 2871.1631   14.8294
    7.5000   15.0000    0.0000 2842.1892   15.0301
   -7.5000   22.5000    0.0000 2798.2808   15.9269
    0.0000   22.5000    0.0000 2796.1064   15.8435
    7.5000   22.5000    0.0000 2773.1787   16.0041
   -7.5000   30.0000    0.0000 2703.8486   17.2037
    0.0000   30.0000    0.0000 2706.6238   17.1181
    7.5000   30.0000    0.0000 2686.3203   17.2881
   -7.5000   37.5000    0.0000 2598.0867   18.8065
    0.0000   37.5000    0.0000 2602.6082   18.7074
    7.5000   37.5000    0.0000 2573.9197   18.8866
   -7.5000   45.0000    0.0000 2455.0488   20.8365
    0.0000   45.0000    0.0000 2452.1367   20.7784
    7.5000   45.0000    0.0000 2426.0415   20.9488
   -7.5000  -45.0000    7.5000 2745.2842   15.7427
    0.0000  -45.0000    7.5000 2742.8323   15.7393
    7.5000  -45.0000    7.5000 2731.5342   15.9282
   -7.5000  -37.5000    7.5000 2816.9473   14.9033
    0.0000  -37.5000    7.5000 2817.8486   14.9287
    7.5000  -37.5000    7.5000 2796.6248   15.0646
   -7.5000  -30.0000    7.5000 2871.0020   14.3410
    0.0000  -30.0000    7.5000 2877.8096   14.4023
    7.5000  -30.0000    7.5000 2853.1174   14.4763
   -7.5000  -22.5000    7.5000 2915.0405   14.0801
    0.0000  -22.5000    7.5000 2928.8057   14.1248
    7.5000  -22.5000    7.5000 2891.3647   14.1124
   -7.5000  -15.0000    7.5000 2953.4233   13.9795
    0.0000  -15.0000    7.5000 2972.8059   14.0590
    7.5000  -15.0000    7.5000 2921.1284   13.9310
   -7.5000   -7.5000    7.5000 2969.3958   13.7898
    0.0000   -7.5000    7.5000 2982.4031   13.8892
    7.5000   -7.5000    7.5000 2921.8965   13.8246
   -7.5000    0.0000    7.5000 2951.5498   13.8246
    0.0000    0.0000    7.5000 2958.2493   13.8454
    7.5000    0.0000    7.5000 2914.8181   13.9803
   -7.5000    7.5000    7.5000 2916.0867   14.2328
    0.0000    7.5000    7.5000 2924.1335   14.2088
    7.5000    7.5000    7.5000 2889.1807   14.3916
   -7.5000   15.0000    7.5000 2865.3906   14.9546
    0.0000   15.0000    7.5000 2878.5833   14.8964
    7.5000   15.0000    7.5000 2845.2148   15.1196
   -7.5000   22.5000    7.5000 2794.1323   15.9673
    0.0000   22.5000    7.5000 2798.8198   15.8937
    7.5000   22.5000    7.5000 2778.8013   16.0765
   -7.5000   30.0000    7.5000 2699.8853   17.2168
    0.0000   30.0000    7.5000 2701.7466   17.1307
    7.5000   30.0000    7.5000 2692.4094   17.3209
   -7.5000   37.5000    7.5000 2599.2209   18.8162
    0.0000   37.5000    7.5000 2597.7698   18.7008
    7.5000   37.5000    7.5000 2578.2241   18.9150
   -7.5000   45.0000    7.5000 2458.8230   20.8436
    0.0000   45.0000    7.5000 2459.0469   20.7504
    7.5000   45.0000    7.5000 2438.8936   20.9625
   -7.5000  -45.0000   15.0000 2699.8611   16.2471
    0.0000  -45.0000   15.0000 2701.9507   16.2907
    7.5000  -45.0000   15.0000 2682.4922   16.4439
   -7.5000  -37.5000   15.0000 2775.6572   15.3329
    0.0000  -37.5000   15.0000 2779.1296   15.3524
    7.5000  -37.5000   15.0000 2756.1033   15.4978
   -7.5000  -30.0000   15.0000 2842.5015   14.7198
    0.0000  -30.0000   15.0000 2846.2664   14.6877
    7.5000  -30.0000   15.0000 2819.1650   14.8430
   -7.5000  -22.5000   15.0000 2887.7085   14.3932
    0.0000  -22.5000   15.0000 2900.0596   14.3764
    7.5000  -22.5000   15.0000 2864.7053   14.4371
   -7.5000  -15.0000   15.0000 2922.7766   14.2049
    0.0000  -15.0000   15.0000 2933.7375   14.2214
    7.5000  -15.0000   15.0000 2892.4487   14.2229
   -7.5000   -7.5000   15.0000 2926.7417   13.9379
    0.0000   -7.5000   15.0000 2937.0039   13.9597
    7.5000   -7.5000   15.0000 2893.0574   14.1305
   -7.5000    0.0000   15.0000 2920.0190   14.0264
    0.0000    0.0000   15.0000 2926.0569   13.9742
    7.5000    0.0000   15.0000 2892.0474   14.2741
   -7.5000    7.5000   15.0000 2905.8950   14.5488
    0.0000    7.5000   15.0000 2912.9590   14.5034
    7.5000    7.5000   15.0000 2874.4370   14.7352
   -7.5000   15.0000   15.0000 2859.3652   15.3429
    0.0000   15.0000   15.0000 2872.0046   15.2785
    7.5000   15.0000   15.0000 2834.8315   15.4652
   -7.5000   22.5000   15.0000 2783.5999   16.3774
    0.0000   22.5000   15.0000 2791.8757   16.3433
    7.5000   22.5000   15.0000 2771.1765   16.4802
   -7.5000   30.0000   15.0000 2685.9314   17.6524
    0.0000   30.0000   15.0000 2691.7454   17.5891
    7.5000   30.0000   15.0000 2679.6992   17.7212
   -7.5000   37.5000   15.0000 2584.8918   19.1589
    0.0000   37.5000   15.0000 2584.7639   19.0735
    7.5000   37.5000   15.0000 2562.4202   19.2397
   -7.5000   45.0000   15.0000 2445.4802   21.0867
    0.0000   45.0000   15.0000 2442.3022   21.0011
    7.5000   45.0000   15.0000 2423.6138   21.1649
   -7.5000  -45.0000   22.5000 2645.1428   16.9631
    0.0000  -45.0000   22.5000 2647.3701   16.9311
    7.5000  -45.0000   22.5000 2630.0779   17.1576
   -7.5000  -37.5000   22.5000 2726.2473   15.9214
    0.0000  -37.5000   22.5000 2719.7061   15.8621
    7.5000  -37.5000   22.5000 2702.8784   16.1063
   -7.5000  -30.0000   22.5000 2790.0383   15.2339
    0.0000  -30.0000   22.5000 2787.9514   15.1489
    7.5000  -30.0000   22.5000 2763.0833   15.3506
   -7.5000  -22.5000   22.5000 2843.1064   14.8063
    0.0000  -22.5000   22.5000 2844.1377   14.7535
    7.5000  -22.5000   22.5000 2815.6443   14.9138
   -7.5000  -15.0000   22.5000 2868.5793   14.5478
    0.0000  -15.0000   22.5000 2872.2783   14.4911
    7.5000  -15.0000   22.5000 2842.5442   14.6806
   -7.5000   -7.5000   22.5000 2877.6370   14.3167
    0.0000   -7.5000   22.5000 2876.9290   14.2603
    7.5000   -7.5000   22.5000 2851.3235   14.6109
   -7.5000    0.0000   22.5000 2888.1582   14.5558
    0.0000    0.0000   22.5000 2887.8562   14.4614
    7.5000    0.0000   22.5000 2859.4004   14.8027
   -7.5000    7.5000   22.5000 2871.3938   15.0747
    0.0000    7.5000   22.5000 2874.7256   15.0294
    7.5000    7.5000   22.5000 2842.3804   15.2464
   -7.5000   15.0000   22.5000 2829.1575   15.8050
    0.0000   15.0000   22.5000 2833.5605   15.7258
    7.5000   15.0000   22.5000 2800.0886   15.9280
   -7.5000   22.5000   22.5000 2761.4165   16.7931
    0.0000   22.5000   22.5000 2768.8652   16.7162
    7.5000   22.5000   22.5000 2745.6653   16.8835
   -7.5000   30.0000   22.5000 2665.5864   18.1102
    0.0000   30.0000   22.5000 2676.4973   17.9936
    7.5000   30.0000   22.5000 2660.4727   18.1467
   -7.5000   37.5000   22.5000 2561.5325   19.6201
    0.0000   37.5000   22.5000 2568.9976   19.5316
    7.5000   37.5000   22.5000 2552.0544   19.7233
   -7.5000   45.0000   22.5000 2420.2041   21.6066
    0.0000   45.0000   22.5000 2421.5322   21.5011
    7.5000   45.0000   22.5000 2405.7361   21.6670
   -7.5000  -45.0000   30.0000 2579.3162   17.9023
    0.0000  -45.0000   30.0000 2579.2532   17.7280
    7.5000  -45.0000   30.0000 2565.1694   18.0001
   -7.5000  -37.5000   30.0000 2654.2063   16.7724
    0.0000  -37.5000   30.0000 2650.7009   16.6176
    7.5000  -37.5000   30.0000 2635.7537   16.8976
   -7.5000  -30.0000   30.0000 2720.0396   15.9767
    0.0000  -30.0000   30.0000 2716.0757   15.8347
    7.5000  -30.0000   30.0000 2695.9192   16.0918
   -7.5000  -22.5000   30.0000 2776.9128   15.4509
    0.0000  -22.5000   30.0000 2771.2812   15.3279
    7.5000  -22.5000   30.0000 2745.7131   15.5326
   -7.5000  -15.0000   30.0000 2800.8960   15.1158
    0.0000  -15.0000   30.0000 2799.7754   15.0080
    7.5000  -15.0000   30.0000 2777.0972   15.2832
   -7.5000   -7.5000   30.0000 2819.9724   14.9797
    0.0000   -7.5000   30.0000 2811.9414   14.9028
    7.5000   -7.5000   30.0000 2796.1753   15.2762
   -7.5000    0.0000   30.0000 2830.1106   15.3285
    0.0000    0.0000   30.0000 2823.1519   15.2223
    7.5000    0.0000   30.0000 2801.4878   15.5310
   -7.5000    7.5000   30.0000 2813.6155   15.8075
    0.0000    7.5000   30.0000 2811.8667   15.7382
    7.5000    7.5000   30.0000 2785.9460   15.9651
   -7.5000   15.0000   30.0000 2778.4224   16.4621
    0.0000   15.0000   30.0000 2779.1960   16.3999
    7.5000   15.0000   30.0000 2749.8301   16.5859
   -7.5000   22.5000   30.0000 2725.0046   17.4034
    0.0000   22.5000   30.0000 2730.6018   17.3113
    7.5000   22.5000   30.0000 2702.6440   17.5025
   -7.5000   30.0000   30.0000 2639.3889   18.6753
    0.0000   30.0000   30.0000 2645.7668   18.5601
    7.5000   30.0000   30.0000 2622.9360   18.7404
   -7.5000   37.5000   30.0000 2524.3516   20.2608
    0.0000   37.5000   30.0000 2531.7957   20.1376
    7.5000   37.5000   30.0000 2517.6394   20.3131
   -7.5000   45.0000   30.0000 2382.7605   22.2903
    0.0000   45.0000   30.0000 2382.5708   22.1546
    7.5000   45.0000   30.0000 2371.5166   22.3363
   -7.5000  -45.0000   37.5000 2518.6416   19.0233
    0.0000  -45.0000   37.5000 2515.6309   18.7166
    7.5000  -45.0000   37.5000 2504.7715   19.0751
   -7.5000  -37.5000   37.5000 2590.3210   17.7994
    0.0000  -37.5000   37.5000 2588.6550   17.5389
    7.5000  -37.5000   37.5000 2573.5698   17.8934
   -7.5000  -30.0000   37.5000 2651.2830   16.8590
    0.0000  -30.0000   37.5000 2649.7925   16.6819
    7.5000  -30.0000   37.5000 2628.7205   16.9799
   -7.5000  -22.5000   37.5000 2702.9263   16.2323
    0.0000  -22.5000   37.5000 2700.5361   16.0823
    7.5000  -22.5000   37.5000 2674.6960   16.3451
   -7.5000  -15.0000   37.5000 2724.0723   15.8563
    0.0000  -15.0000   37.5000 2723.9214   15.7513
    7.5000  -15.0000   37.5000 2701.9087   16.1053
   -7.5000   -7.5000   37.5000 2751.7107   15.8734
    0.0000   -7.5000   37.5000 2744.2288   15.7911
    7.5000   -7.5000   37.5000 2727.9353   16.1105
   -7.5000    0.0000   37.5000 2758.6990   16.2608
    0.0000    0.0000   37.5000 2753.8420   16.1470
    7.5000    0.0000   37.5000 2730.8789   16.4360
   -7.5000    7.5000   37.5000 2744.2126   16.7310
    0.0000    7.5000   37.5000 2741.5115   16.6399
    7.5000    7.5000   37.5000 2717.8274   16.8798
   -7.5000   15.0000   37.5000 2716.9426   17.3312
    0.0000   15.0000   37.5000 2717.0112   17.2384
    7.5000   15.0000   37.5000 2692.6738   17.4615
   -7.5000   22.5000   37.5000 2672.6348   18.1802
    0.0000   22.5000   37.5000 2680.3025   18.0732
    7.5000   22.5000   37.5000 2649.4338   18.2925
   -7.5000   30.0000   37.5000 2593.4058   19.3693
    0.0000   30.0000   37.5000 2597.5747   19.2790
    7.5000   30.0000   37.5000 2573.5881   19.4771
   -7.5000   37.5000   37.5000 2477.4153   21.0226
    0.0000   37.5000   37.5000 2480.3425   20.9368
    7.5000   37.5000   37.5000 2461.4485   21.1005
   -7.5000   45.0000   37.5000 2339.9517   23.0950
    0.0000   45.0000   37.5000 2338.7678   23.0227
    7.5000   45.0000   37.5000 2325.4319   23.2420
   -7.5000  -45.0000   45.0000 2455.4934   20.3563
    0.0000  -45.0000   45.0000 2448.3606   19.9856
    7.5000  -45.0000   45.0000 2439.1780   20.3952
   -7.5000  -37.5000   45.0000 2525.7324   19.0034
    0.0000  -37.5000   45.0000 2521.6768   18.6965
    7.5000  -37.5000   45.0000 2506.6455   19.0996
   -7.5000  -30.0000   45.0000 2576.5139   17.9928
    0.0000  -30.0000   45.0000 2577.6929   17.7952
    7.5000  -30.0000   45.0000 2553.6011   18.1166
   -7.5000  -22.5000   45.0000 2622.6250   17.2475
    0.0000  -22.5000   45.0000 2623.3064   17.1169
    7.5000  -22.5000   45.0000 2592.1902   17.4031
   -7.5000  -15.0000   45.0000 2645.9436   16.8650
    0.0000  -15.0000   45.0000 2646.8318   16.7792
    7.5000  -15.0000   45.0000 2619.5835   17.1552
   -7.5000   -7.5000   45.0000 2670.2854   16.8922
    0.0000   -7.5000   45.0000 2666.0015   16.8405
    7.5000   -7.5000   45.0000 2646.6597   17.1516
   -7.5000    0.0000   45.0000 2680.0134   17.2737
    0.0000    0.0000   45.0000 2679.8889   17.2099
    7.5000    0.0000   45.0000 2656.8757   17.4801
   -7.5000    7.5000   45.0000 2670.4404   17.8146
    0.0000    7.5000   45.0000 2671.7173   17.7588
    7.5000    7.5000   45.0000 2646.9280   18.0072
   -7.5000   15.0000   45.0000 2639.6897   18.4174
    0.0000   15.0000   45.0000 2642.7195   18.3519
    7.5000   15.0000   45.0000 2616.1431   18.5708
   -7.5000   22.5000   45.0000 2598.9058   19.1949
    0.0000   22.5000   45.0000 2613.4434   19.0878
    7.5000   22.5000   45.0000 2574.9568   19.3231
   -7.5000   30.0000   45.0000 2523.4846   20.3197
    0.0000   30.0000   45.0000 2535.6824   20.2087
    7.5000   30.0000   45.0000 2506.0674   20.4315
   -7.5000   37.5000   45.0000 2416.0608   21.9903
    0.0000   37.5000   45.0000 2425.7332   21.9094
    7.5000   37.5000   45.0000 2403.8357   22.1159
   -7.5000   45.0000   45.0000 2291.9939   24.1732
    0.0000   45.0000   45.0000 2294.3037   24.0949
    7.5000   45.0000   45.0000 2278.3220   24.2855

---------------------------------------------------------------------
imgreg_4dfp /usr/local/freesurfer/average/711-2C_as_mni_average_305 /usr/local/freesurfer/average/711-2B_as_mni_average_305_mask talsrcimg_g11 none talsrcimg_to_711-2C_as_mni_average_305_t4 1283
---------------------------------------------------------------------

freesurfer imgreg_4dfp.c
/usr/local/freesurfer/average/711-2C_as_mni_average_305.4dfp.img
       256       256       256         1
  1.000000  1.000000  1.000000
orientation T byte_order littleendian
Reading image: /usr/local/freesurfer/average/711-2C_as_mni_average_305.4dfp.img
dimensions:      256       256       256
mmppix:       1.0000   -1.0000   -1.0000
center:     128.0000 -129.0000 -129.0000
/usr/local/freesurfer/average/711-2B_as_mni_average_305_mask.4dfp.img
       256       256       256         1
  1.000000  1.000000  1.000000
orientation T byte_order littleendian
Reading mask: /usr/local/freesurfer/average/711-2B_as_mni_average_305_mask.4dfp.img (2306576 pixels)
talsrcimg_g11.4dfp.img
       256       256       256         1
  1.000000  1.000000  1.000000
orientation T byte_order littleendian
Reading image: talsrcimg_g11.4dfp.img
dimensions:      256       256       256
mmppix:       1.0000   -1.0000   -1.0000
center:     128.0000 -129.0000 -129.0000
rotation matrix determinant  1.000000
fimgreg.f
image alignment mode   1283 decimal      503 hex
parameters
    0.0000   -7.5000    0.0000    0.0000    0.0000    0.0000
eta,q 0.93557 13.82610
niter,ni,del,rscale     5    3   12.0000    1.2000
parameter  1  0.598107 ->  0.500000 qaram    1.1500
parameter  3 -0.664212 -> -0.500000 qaram    1.1500
parameter  4 -2.362126 ->  0.500000 qaram    1.1500
parameter  6 -0.608065 -> -0.500000 qaram    1.1500
parameters
   -3.4500  -10.0043    3.4500   -3.4500    1.5134    3.4500
eta,q 0.94678 13.90577
  0.0664  0.0625  0.0701  0.0527  0.0638  0.0635
  0.0631  0.0615  0.0672  0.0554  0.0616  0.0604
  0.0637  0.0622  0.0652  0.0580  0.0589  0.0578
  0.0672  0.0626  0.0623  0.0603  0.0563  0.0553
  0.0714  0.0628  0.0609  0.0628  0.0553  0.0536
  0.0765  0.0651  0.0607  0.0647  0.0565  0.0532
  0.0821  0.0690  0.0618  0.0654  0.0599  0.0549
niter,ni,del,rscale     7    3   12.0000    1.2000
parameter  4  1.744082 ->  0.500000 qaram    1.3225
parameters
   -2.8862   -8.1930    3.9317   -7.4175   -0.1588    3.5758
eta,q 0.95275 13.80732
  0.0790  0.0672  0.0602  0.0448  0.0515  0.0539
  0.0684  0.0618  0.0573  0.0477  0.0485  0.0500
  0.0582  0.0567  0.0542  0.0497  0.0473  0.0480
  0.0532  0.0533  0.0524  0.0524  0.0483  0.0473
  0.0562  0.0525  0.0528  0.0566  0.0505  0.0474
  0.0637  0.0545  0.0550  0.0615  0.0540  0.0497
  0.0720  0.0572  0.0591  0.0666  0.0591  0.0535
niter,ni,del,rscale     7    3   12.0000    1.2000
parameter  4  2.338496 ->  0.500000 qaram    1.5209
parameters
   -2.0927   -7.8496    3.1442  -11.9801   -0.1487    2.7398
eta,q 0.95827 13.84722
  0.0713  0.0585  0.0538  0.0378  0.0490  0.0475
  0.0614  0.0512  0.0511  0.0409  0.0458  0.0440
  0.0528  0.0470  0.0480  0.0450  0.0435  0.0419
  0.0472  0.0469  0.0472  0.0473  0.0420  0.0420
  0.0488  0.0492  0.0483  0.0500  0.0425  0.0438
  0.0546  0.0519  0.0524  0.0556  0.0448  0.0468
  0.0634  0.0541  0.0596  0.0615  0.0500  0.0501
niter,ni,del,rscale     7    3   12.0000    1.2000
parameter  4  1.324953 ->  0.500000 qaram    1.7490
parameters
   -2.0546   -6.2472    2.0152  -17.2272   -0.6093    2.6295
eta,q 0.96750 13.92725
  0.0633  0.0526  0.0499  0.0344  0.0432  0.0414
  0.0528  0.0488  0.0449  0.0325  0.0374  0.0361
  0.0442  0.0448  0.0408  0.0348  0.0336  0.0328
  0.0417  0.0418  0.0407  0.0404  0.0327  0.0325
  0.0460  0.0407  0.0438  0.0470  0.0362  0.0343
  0.0530  0.0420  0.0507  0.0517  0.0407  0.0374
  0.0619  0.0461  0.0590  0.0556  0.0455  0.0410
niter,ni,del,rscale     7    3   12.0000    1.2000
parameters
   -2.0287   -4.7123    0.6843  -21.0660   -0.7340    2.4828
eta,q 0.97088 14.00091
  0.0586  0.0508  0.0420  0.0354  0.0389  0.0374
  0.0478  0.0422  0.0361  0.0309  0.0338  0.0336
  0.0370  0.0357  0.0310  0.0291  0.0300  0.0304
  0.0325  0.0325  0.0318  0.0307  0.0292  0.0291
  0.0368  0.0319  0.0368  0.0368  0.0309  0.0306
  0.0466  0.0339  0.0442  0.0457  0.0340  0.0340
  0.0589  0.0384  0.0536  0.0544  0.0397  0.0382
niter,ni,del,rscale     6    3   12.0000    1.2000
parameters
   -1.9888   -3.9860   -0.6588  -22.0887   -0.7715    2.7465
eta,q 0.97284 13.90057
  0.0567  0.0434  0.0397  0.0408  0.0368  0.0379
  0.0431  0.0372  0.0317  0.0332  0.0320  0.0328
  0.0325  0.0330  0.0267  0.0289  0.0283  0.0286
  0.0291  0.0291  0.0285  0.0268  0.0271  0.0271
  0.0340  0.0289  0.0344  0.0310  0.0285  0.0286
  0.0430  0.0323  0.0418  0.0381  0.0316  0.0320
  0.0553  0.0391  0.0504  0.0466  0.0373  0.0362
niter,ni,del,rscale     5    3   12.0000    1.2000
parameters
   -2.0393   -3.8161   -0.9956  -22.4188   -0.7693    2.8330
eta,q 0.97300 13.87090
  0.0557  0.0423  0.0428  0.0423  0.0368  0.0375
  0.0414  0.0367  0.0354  0.0349  0.0320  0.0320
  0.0302  0.0311  0.0279  0.0296  0.0282  0.0280
  0.0272  0.0271  0.0270  0.0268  0.0270  0.0270
  0.0325  0.0280  0.0307  0.0294  0.0283  0.0287
  0.0425  0.0334  0.0374  0.0367  0.0315  0.0321
  0.0554  0.0429  0.0456  0.0443  0.0371  0.0365
niter,ni,del,rscale     4    3   12.0000    1.2000
parameters
   -2.0684   -3.7388   -1.0949  -22.5428   -0.7629    2.8586
eta,q 0.97303 13.86154
  0.0558  0.0426  0.0436  0.0426  0.0368  0.0373
  0.0416  0.0365  0.0363  0.0356  0.0319  0.0318
  0.0302  0.0307  0.0284  0.0299  0.0282  0.0279
  0.0270  0.0270  0.0269  0.0269  0.0270  0.0270
  0.0323  0.0281  0.0300  0.0288  0.0283  0.0288
  0.0424  0.0339  0.0364  0.0363  0.0315  0.0321
  0.0553  0.0439  0.0445  0.0437  0.0371  0.0366
niter,ni,del,rscale     3    3   12.0000    1.2000
parameters
   -2.0830   -3.7103   -1.1252  -22.5904   -0.7574    2.8681
eta,q 0.97303 13.85860
  0.0559  0.0427  0.0438  0.0427  0.0368  0.0373
  0.0417  0.0363  0.0365  0.0358  0.0319  0.0318
  0.0303  0.0305  0.0286  0.0300  0.0282  0.0278
  0.0270  0.0270  0.0269  0.0269  0.0270  0.0270
  0.0322  0.0282  0.0298  0.0286  0.0283  0.0288
  0.0423  0.0343  0.0361  0.0361  0.0315  0.0322
  0.0552  0.0444  0.0441  0.0435  0.0371  0.0366
registration optimization eta report
parameter search radius
    6.9000    6.0000    6.9000   10.4940    6.0000    6.9000
100000*second partial in parameter space
       59.       45.       35.       14.       27.       21.
  0.0559  0.0427  0.0438  0.0427  0.0368  0.0373
  0.0417  0.0363  0.0365  0.0358  0.0319  0.0318
  0.0303  0.0305  0.0286  0.0300  0.0282  0.0278
  0.0270  0.0270  0.0269  0.0269  0.0270  0.0270
  0.0322  0.0282  0.0298  0.0286  0.0283  0.0288
  0.0423  0.0343  0.0361  0.0361  0.0315  0.0322
  0.0552  0.0444  0.0441  0.0435  0.0371  0.0366
   -2.0830   -3.7103   -1.1252  -22.5904   -0.7574    2.8681
eta,q 0.97303 13.85860

---------------------------------------------------------------------
imgreg_4dfp /usr/local/freesurfer/average/711-2C_as_mni_average_305 /usr/local/freesurfer/average/711-2B_as_mni_average_305_mask talsrcimg_g11 none talsrcimg_to_711-2C_as_mni_average_305_t4 3335
---------------------------------------------------------------------

freesurfer imgreg_4dfp.c
/usr/local/freesurfer/average/711-2C_as_mni_average_305.4dfp.img
       256       256       256         1
  1.000000  1.000000  1.000000
orientation T byte_order littleendian
Reading image: /usr/local/freesurfer/average/711-2C_as_mni_average_305.4dfp.img
dimensions:      256       256       256
mmppix:       1.0000   -1.0000   -1.0000
center:     128.0000 -129.0000 -129.0000
/usr/local/freesurfer/average/711-2B_as_mni_average_305_mask.4dfp.img
       256       256       256         1
  1.000000  1.000000  1.000000
orientation T byte_order littleendian
Reading mask: /usr/local/freesurfer/average/711-2B_as_mni_average_305_mask.4dfp.img (2306576 pixels)
talsrcimg_g11.4dfp.img
       256       256       256         1
  1.000000  1.000000  1.000000
orientation T byte_order littleendian
Reading image: talsrcimg_g11.4dfp.img
dimensions:      256       256       256
mmppix:       1.0000   -1.0000   -1.0000
center:     128.0000 -129.0000 -129.0000
fimgreg.f
image alignment mode   3335 decimal      D07 hex
parameters
   -2.0830   -3.7103   -1.1252   -0.1340   -7.8136   -7.6806
   -5.1269   -0.7032    5.0033   38.4270   -1.3218  -38.4107
eta,q 0.97305 13.94542
niter,ni,del,rscale     5    3    5.0000    1.2000
parameter  4  0.777038 ->  0.500000 qaram    1.1500
parameters
   -2.2160   -3.2181   -1.0001   -4.2740  -11.2304   -8.7893
   -5.0943   -0.1128    6.3901   36.9004   -1.8248  -37.0107
eta,q 0.97667 13.85828
  0.0312  0.0314  0.0300  0.0244  0.0241  0.0270  0.0267  0.0303  0.0264  0.0255  0.0249  0.0260
  0.0288  0.0293  0.0284  0.0239  0.0234  0.0257  0.0251  0.0270  0.0251  0.0243  0.0240  0.0247
  0.0273  0.0278  0.0273  0.0245  0.0234  0.0244  0.0240  0.0247  0.0241  0.0235  0.0235  0.0239
  0.0269  0.0269  0.0268  0.0267  0.0239  0.0233  0.0236  0.0236  0.0235  0.0234  0.0234  0.0234
  0.0277  0.0268  0.0270  0.0306  0.0255  0.0246  0.0239  0.0238  0.0235  0.0243  0.0237  0.0234
  0.0296  0.0275  0.0279  0.0353  0.0280  0.0272  0.0250  0.0255  0.0239  0.0262  0.0244  0.0238
  0.0322  0.0289  0.0295  0.0396  0.0313  0.0313  0.0267  0.0286  0.0249  0.0291  0.0254  0.0245
niter,ni,del,rscale     5    3    5.0000    1.2000
parameters
   -2.1957   -3.0002   -1.9245   -5.5486  -10.6362   -9.3593
   -5.2069   -0.0118    6.4685   36.4875   -2.1645  -37.5621
eta,q 0.97679 13.80821
  0.0274  0.0265  0.0239  0.0267  0.0265  0.0266  0.0261  0.0287  0.0254  0.0260  0.0246  0.0248
  0.0252  0.0249  0.0231  0.0251  0.0249  0.0253  0.0246  0.0257  0.0242  0.0246  0.0238  0.0239
  0.0238  0.0238  0.0229  0.0236  0.0237  0.0242  0.0236  0.0239  0.0235  0.0237  0.0234  0.0233
  0.0233  0.0233  0.0233  0.0229  0.0230  0.0230  0.0232  0.0232  0.0232  0.0232  0.0232  0.0232
  0.0237  0.0235  0.0242  0.0237  0.0230  0.0236  0.0235  0.0237  0.0234  0.0236  0.0235  0.0236
  0.0251  0.0242  0.0255  0.0267  0.0239  0.0255  0.0246  0.0254  0.0241  0.0248  0.0240  0.0243
  0.0273  0.0256  0.0269  0.0314  0.0258  0.0290  0.0264  0.0285  0.0253  0.0271  0.0248  0.0253
niter,ni,del,rscale     4    3    5.0000    1.2000
parameters
   -2.1712   -3.0696   -2.1506   -5.8423  -10.4505   -9.5967
   -5.2924    0.0737    6.4786   36.5067   -2.2409  -37.7492
eta,q 0.97669 13.79611
  0.0270  0.0257  0.0250  0.0274  0.0264  0.0267  0.0262  0.0286  0.0254  0.0263  0.0247  0.0251
  0.0250  0.0243  0.0238  0.0258  0.0249  0.0255  0.0247  0.0257  0.0243  0.0249  0.0239  0.0241
  0.0237  0.0235  0.0232  0.0243  0.0238  0.0244  0.0237  0.0239  0.0236  0.0238  0.0234  0.0235
  0.0232  0.0232  0.0232  0.0232  0.0232  0.0232  0.0233  0.0233  0.0233  0.0233  0.0233  0.0233
  0.0236  0.0236  0.0237  0.0232  0.0233  0.0234  0.0236  0.0238  0.0235  0.0235  0.0235  0.0236
  0.0248  0.0245  0.0245  0.0252  0.0243  0.0251  0.0247  0.0254  0.0243  0.0245  0.0240  0.0243
  0.0269  0.0260  0.0256  0.0293  0.0264  0.0281  0.0265  0.0284  0.0255  0.0266  0.0247  0.0252
niter,ni,del,rscale     3    3    5.0000    1.2000
parameters
   -2.1527   -3.0868   -2.2451   -5.8856  -10.4154   -9.7012
   -5.3083    0.1032    6.4663   36.5323   -2.2337  -37.8245
eta,q 0.97666 13.79268
  0.0270  0.0259  0.0253  0.0276  0.0264  0.0268  0.0263  0.0285  0.0255  0.0263  0.0248  0.0253
  0.0250  0.0245  0.0241  0.0260  0.0249  0.0255  0.0248  0.0257  0.0243  0.0249  0.0240  0.0241
  0.0238  0.0236  0.0234  0.0245  0.0238  0.0245  0.0238  0.0239  0.0236  0.0239  0.0235  0.0235
  0.0233  0.0233  0.0233  0.0233  0.0233  0.0233  0.0233  0.0233  0.0233  0.0233  0.0233  0.0233
  0.0237  0.0236  0.0237  0.0232  0.0234  0.0234  0.0236  0.0238  0.0236  0.0235  0.0235  0.0237
  0.0249  0.0245  0.0244  0.0249  0.0245  0.0250  0.0247  0.0255  0.0243  0.0246  0.0240  0.0243
  0.0270  0.0259  0.0255  0.0289  0.0266  0.0279  0.0265  0.0285  0.0255  0.0266  0.0247  0.0252
niter,ni,del,rscale     2    3    5.0000    1.2000
parameters
   -2.1493   -3.0893   -2.2828   -5.8876  -10.4060   -9.7455
   -5.3040    0.1076    6.4588   36.5440   -2.2167  -37.8530
eta,q 0.97665 13.79160
  0.0270  0.0259  0.0254  0.0276  0.0264  0.0269  0.0263  0.0285  0.0255  0.0263  0.0248  0.0253
  0.0250  0.0245  0.0242  0.0260  0.0249  0.0256  0.0248  0.0257  0.0243  0.0249  0.0240  0.0242
  0.0238  0.0236  0.0235  0.0245  0.0239  0.0245  0.0238  0.0239  0.0236  0.0239  0.0235  0.0235
  0.0233  0.0233  0.0233  0.0233  0.0233  0.0233  0.0234  0.0234  0.0234  0.0234  0.0234  0.0233
  0.0237  0.0237  0.0237  0.0232  0.0235  0.0234  0.0236  0.0239  0.0236  0.0236  0.0235  0.0237
  0.0250  0.0245  0.0244  0.0249  0.0246  0.0250  0.0247  0.0256  0.0243  0.0246  0.0240  0.0243
  0.0270  0.0259  0.0254  0.0288  0.0267  0.0278  0.0265  0.0285  0.0255  0.0266  0.0247  0.0252
niter,ni,del,rscale     1    3    5.0000    1.2000
parameters
   -2.1499   -3.0895   -2.2974   -5.8894  -10.4010   -9.7632
   -5.3005    0.1058    6.4648   36.5507   -2.2107  -37.8637
eta,q 0.97664 13.79131
  0.0270  0.0259  0.0255  0.0276  0.0264  0.0269  0.0264  0.0285  0.0255  0.0263  0.0248  0.0253
  0.0250  0.0245  0.0242  0.0261  0.0249  0.0256  0.0248  0.0257  0.0243  0.0249  0.0240  0.0242
  0.0238  0.0236  0.0235  0.0245  0.0239  0.0245  0.0238  0.0239  0.0236  0.0239  0.0235  0.0236
  0.0234  0.0234  0.0234  0.0233  0.0233  0.0233  0.0234  0.0234  0.0234  0.0234  0.0234  0.0234
  0.0237  0.0237  0.0237  0.0232  0.0235  0.0234  0.0236  0.0239  0.0236  0.0236  0.0236  0.0237
  0.0250  0.0245  0.0244  0.0249  0.0246  0.0250  0.0247  0.0256  0.0243  0.0246  0.0240  0.0243
  0.0271  0.0259  0.0254  0.0288  0.0267  0.0278  0.0265  0.0286  0.0255  0.0266  0.0247  0.0252
registration optimization eta report
parameter search radius
    2.4000    2.4000    2.4000    8.2800    7.2000    7.2000
    7.2000    7.2000    7.2000    7.2000    7.2000    7.2000
100000*second partial in parameter space
       64.       45.       36.        7.        6.        8.
        6.       10.        4.        6.        3.        4.
  0.0270  0.0259  0.0255  0.0276  0.0264  0.0269  0.0264  0.0285  0.0255  0.0263  0.0248  0.0253
  0.0250  0.0245  0.0242  0.0261  0.0249  0.0256  0.0248  0.0257  0.0243  0.0249  0.0240  0.0242
  0.0238  0.0236  0.0235  0.0245  0.0239  0.0245  0.0238  0.0239  0.0236  0.0239  0.0235  0.0236
  0.0234  0.0234  0.0234  0.0233  0.0233  0.0233  0.0234  0.0234  0.0234  0.0234  0.0234  0.0234
  0.0237  0.0237  0.0237  0.0232  0.0235  0.0234  0.0236  0.0239  0.0236  0.0236  0.0236  0.0237
  0.0250  0.0245  0.0244  0.0249  0.0246  0.0250  0.0247  0.0256  0.0243  0.0246  0.0240  0.0243
  0.0271  0.0259  0.0254  0.0288  0.0267  0.0278  0.0265  0.0286  0.0255  0.0266  0.0247  0.0252
   -2.1499   -3.0895   -2.2974   -5.8894  -10.4010   -9.7632
   -5.3005    0.1058    6.4648   36.5507   -2.2107  -37.8637
eta,q 0.97664 13.79131

---------------------------------------------------------------------
imgreg_4dfp /usr/local/freesurfer/average/711-2C_as_mni_average_305 /usr/local/freesurfer/average/711-2B_as_mni_average_305_mask talsrcimg_g11 none talsrcimg_to_711-2C_as_mni_average_305_t4 2311
---------------------------------------------------------------------

freesurfer imgreg_4dfp.c
/usr/local/freesurfer/average/711-2C_as_mni_average_305.4dfp.img
       256       256       256         1
  1.000000  1.000000  1.000000
orientation T byte_order littleendian
Reading image: /usr/local/freesurfer/average/711-2C_as_mni_average_305.4dfp.img
dimensions:      256       256       256
mmppix:       1.0000   -1.0000   -1.0000
center:     128.0000 -129.0000 -129.0000
/usr/local/freesurfer/average/711-2B_as_mni_average_305_mask.4dfp.img
       256       256       256         1
  1.000000  1.000000  1.000000
orientation T byte_order littleendian
Reading mask: /usr/local/freesurfer/average/711-2B_as_mni_average_305_mask.4dfp.img (2306576 pixels)
talsrcimg_g11.4dfp.img
       256       256       256         1
  1.000000  1.000000  1.000000
orientation T byte_order littleendian
Reading image: talsrcimg_g11.4dfp.img
dimensions:      256       256       256
mmppix:       1.0000   -1.0000   -1.0000
center:     128.0000 -129.0000 -129.0000
fimgreg.f
image alignment mode   2311 decimal      907 hex
parameters
   -2.1499   -3.0895   -2.2974   -5.8894  -10.4010   -9.7632
   -5.3005    0.1058    6.4648   36.5507   -2.2107  -37.8637
eta,q 0.97664 13.79130
niter,ni,del,rscale     5    3    5.0000    0.8000
parameters
   -2.1357   -3.0950   -2.3805   -4.6560  -10.2971   -9.4090
   -5.3857    0.2632    6.3589   36.8705   -2.0656  -37.6332
eta,q 0.97703 13.84193
  0.0251  0.0245  0.0242  0.0257  0.0246  0.0254  0.0245  0.0260  0.0240  0.0248  0.0239  0.0241
  0.0241  0.0239  0.0237  0.0248  0.0239  0.0247  0.0237  0.0244  0.0235  0.0239  0.0234  0.0235
  0.0236  0.0235  0.0234  0.0240  0.0234  0.0239  0.0232  0.0234  0.0231  0.0233  0.0231  0.0231
  0.0234  0.0234  0.0234  0.0234  0.0231  0.0231  0.0230  0.0230  0.0230  0.0230  0.0230  0.0230
  0.0235  0.0235  0.0235  0.0231  0.0232  0.0230  0.0232  0.0232  0.0231  0.0231  0.0231  0.0231
  0.0241  0.0239  0.0239  0.0234  0.0237  0.0239  0.0237  0.0241  0.0235  0.0236  0.0234  0.0234
  0.0250  0.0245  0.0244  0.0243  0.0246  0.0252  0.0247  0.0257  0.0241  0.0245  0.0238  0.0239
niter,ni,del,rscale     4    3    5.0000    0.7000
parameters
   -2.1771   -3.1060   -2.2236   -4.6476  -10.2786   -9.0857
   -5.2300    0.1914    6.3301   36.8748   -2.0619  -37.4598
eta,q 0.97713 13.84859
  0.0243  0.0239  0.0241  0.0246  0.0241  0.0251  0.0241  0.0251  0.0237  0.0242  0.0236  0.0237
  0.0236  0.0234  0.0235  0.0238  0.0235  0.0244  0.0235  0.0239  0.0232  0.0236  0.0232  0.0233
  0.0231  0.0231  0.0231  0.0233  0.0231  0.0236  0.0230  0.0231  0.0230  0.0231  0.0230  0.0230
  0.0230  0.0230  0.0230  0.0230  0.0230  0.0230  0.0229  0.0229  0.0229  0.0229  0.0229  0.0229
  0.0232  0.0231  0.0230  0.0230  0.0230  0.0229  0.0230  0.0231  0.0230  0.0230  0.0230  0.0230
  0.0237  0.0234  0.0233  0.0236  0.0234  0.0237  0.0233  0.0239  0.0232  0.0235  0.0232  0.0232
  0.0245  0.0239  0.0237  0.0247  0.0241  0.0248  0.0240  0.0253  0.0237  0.0243  0.0236  0.0236
niter,ni,del,rscale     3    3    5.0000    0.6000
parameters
   -2.1877   -3.1029   -2.1030   -4.5660  -10.2973   -8.8452
   -5.2151    0.1846    6.3233   36.8883   -2.1024  -37.3304
eta,q 0.97720 13.85456
  0.0239  0.0236  0.0237  0.0241  0.0237  0.0247  0.0237  0.0245  0.0234  0.0239  0.0234  0.0234
  0.0233  0.0232  0.0233  0.0235  0.0233  0.0241  0.0232  0.0236  0.0231  0.0234  0.0230  0.0231
  0.0230  0.0229  0.0230  0.0231  0.0230  0.0234  0.0229  0.0230  0.0229  0.0230  0.0229  0.0229
  0.0229  0.0229  0.0229  0.0229  0.0229  0.0229  0.0228  0.0228  0.0228  0.0228  0.0228  0.0228
  0.0230  0.0230  0.0229  0.0229  0.0229  0.0229  0.0229  0.0230  0.0229  0.0229  0.0229  0.0229
  0.0233  0.0232  0.0231  0.0233  0.0232  0.0235  0.0232  0.0236  0.0231  0.0233  0.0231  0.0231
  0.0239  0.0236  0.0234  0.0241  0.0237  0.0245  0.0237  0.0246  0.0234  0.0239  0.0234  0.0234
niter,ni,del,rscale     2    3    5.0000    0.5000
parameters
   -2.1908   -3.0962   -2.0020   -4.4874  -10.3090   -8.6337
   -5.2063    0.1942    6.3274   36.8950   -2.1431  -37.2123
eta,q 0.97724 13.85928
  0.0235  0.0233  0.0234  0.0237  0.0234  0.0243  0.0234  0.0240  0.0232  0.0236  0.0232  0.0232
  0.0231  0.0230  0.0231  0.0233  0.0231  0.0238  0.0230  0.0233  0.0230  0.0232  0.0229  0.0230
  0.0229  0.0229  0.0229  0.0230  0.0229  0.0232  0.0228  0.0229  0.0228  0.0229  0.0228  0.0228
  0.0228  0.0228  0.0228  0.0228  0.0228  0.0228  0.0228  0.0228  0.0228  0.0228  0.0228  0.0228
  0.0229  0.0229  0.0228  0.0228  0.0229  0.0228  0.0228  0.0229  0.0228  0.0229  0.0228  0.0228
  0.0231  0.0230  0.0230  0.0231  0.0230  0.0233  0.0230  0.0233  0.0230  0.0231  0.0230  0.0229
  0.0235  0.0233  0.0232  0.0237  0.0234  0.0241  0.0234  0.0240  0.0232  0.0236  0.0232  0.0232
niter,ni,del,rscale     1    3    5.0000    0.4000
parameters
   -2.1923   -3.0858   -1.9119   -4.4320  -10.3334   -8.4532
   -5.2044    0.2030    6.3191   36.8981   -2.1761  -37.1197
eta,q 0.97727 13.86275
  0.0232  0.0231  0.0232  0.0233  0.0231  0.0239  0.0231  0.0236  0.0230  0.0233  0.0230  0.0230
  0.0230  0.0229  0.0230  0.0230  0.0229  0.0235  0.0229  0.0231  0.0229  0.0230  0.0228  0.0229
  0.0228  0.0228  0.0228  0.0228  0.0228  0.0230  0.0228  0.0228  0.0228  0.0228  0.0228  0.0228
  0.0228  0.0228  0.0228  0.0228  0.0228  0.0228  0.0227  0.0227  0.0227  0.0227  0.0227  0.0227
  0.0228  0.0228  0.0228  0.0228  0.0228  0.0228  0.0228  0.0228  0.0228  0.0228  0.0228  0.0228
  0.0230  0.0229  0.0229  0.0230  0.0229  0.0231  0.0229  0.0231  0.0229  0.0230  0.0229  0.0229
  0.0232  0.0231  0.0230  0.0233  0.0231  0.0237  0.0231  0.0235  0.0230  0.0233  0.0230  0.0230
registration optimization eta report
parameter search radius
    0.8000    0.8000    0.8000    2.4000    2.4000    2.4000
    2.4000    2.4000    2.4000    2.4000    2.4000    2.4000
100000*second partial in parameter space
       75.       52.       52.       10.        6.       18.
        7.       14.        5.       10.        5.        5.
  0.0232  0.0231  0.0232  0.0233  0.0231  0.0239  0.0231  0.0236  0.0230  0.0233  0.0230  0.0230
  0.0230  0.0229  0.0230  0.0230  0.0229  0.0235  0.0229  0.0231  0.0229  0.0230  0.0228  0.0229
  0.0228  0.0228  0.0228  0.0228  0.0228  0.0230  0.0228  0.0228  0.0228  0.0228  0.0228  0.0228
  0.0228  0.0228  0.0228  0.0228  0.0228  0.0228  0.0227  0.0227  0.0227  0.0227  0.0227  0.0227
  0.0228  0.0228  0.0228  0.0228  0.0228  0.0228  0.0228  0.0228  0.0228  0.0228  0.0228  0.0228
  0.0230  0.0229  0.0229  0.0230  0.0229  0.0231  0.0229  0.0231  0.0229  0.0230  0.0229  0.0229
  0.0232  0.0231  0.0230  0.0233  0.0231  0.0237  0.0231  0.0235  0.0230  0.0233  0.0230  0.0230
   -2.1923   -3.0858   -1.9119   -4.4320  -10.3334   -8.4532
   -5.2044    0.2030    6.3191   36.8981   -2.1761  -37.1197
eta,q 0.97727 13.86275

---------------------------------------------------------------------
imgreg_4dfp /usr/local/freesurfer/average/711-2C_as_mni_average_305 /usr/local/freesurfer/average/711-2B_as_mni_average_305_mask talsrcimg_g11 none talsrcimg_to_711-2C_as_mni_average_305_t4 2311
---------------------------------------------------------------------

freesurfer imgreg_4dfp.c
/usr/local/freesurfer/average/711-2C_as_mni_average_305.4dfp.img
       256       256       256         1
  1.000000  1.000000  1.000000
orientation T byte_order littleendian
Reading image: /usr/local/freesurfer/average/711-2C_as_mni_average_305.4dfp.img
dimensions:      256       256       256
mmppix:       1.0000   -1.0000   -1.0000
center:     128.0000 -129.0000 -129.0000
/usr/local/freesurfer/average/711-2B_as_mni_average_305_mask.4dfp.img
       256       256       256         1
  1.000000  1.000000  1.000000
orientation T byte_order littleendian
Reading mask: /usr/local/freesurfer/average/711-2B_as_mni_average_305_mask.4dfp.img (2306576 pixels)
talsrcimg_g11.4dfp.img
       256       256       256         1
  1.000000  1.000000  1.000000
orientation T byte_order littleendian
Reading image: talsrcimg_g11.4dfp.img
dimensions:      256       256       256
mmppix:       1.0000   -1.0000   -1.0000
center:     128.0000 -129.0000 -129.0000
fimgreg.f
image alignment mode   2311 decimal      907 hex
parameters
   -2.1923   -3.0858   -1.9119   -4.4320  -10.3334   -8.4532
   -5.2044    0.2030    6.3191   36.8981   -2.1761  -37.1197
eta,q 0.97727 13.86276
niter,ni,del,rscale     5    3    5.0000    0.8000
parameters
   -2.1965   -3.0749   -1.8049   -4.8462  -10.5307   -8.6368
   -5.2041    0.1328    6.4106   36.7884   -2.1548  -37.1790
eta,q 0.97719 13.84879
  0.0246  0.0241  0.0242  0.0246  0.0241  0.0251  0.0243  0.0256  0.0239  0.0245  0.0237  0.0238
  0.0236  0.0233  0.0234  0.0237  0.0234  0.0244  0.0235  0.0241  0.0233  0.0237  0.0232  0.0232
  0.0229  0.0229  0.0229  0.0230  0.0229  0.0235  0.0230  0.0231  0.0230  0.0231  0.0229  0.0229
  0.0227  0.0227  0.0227  0.0227  0.0228  0.0228  0.0228  0.0228  0.0228  0.0228  0.0228  0.0228
  0.0229  0.0229  0.0228  0.0230  0.0229  0.0231  0.0229  0.0231  0.0229  0.0230  0.0229  0.0230
  0.0236  0.0233  0.0232  0.0239  0.0234  0.0243  0.0235  0.0241  0.0232  0.0237  0.0232  0.0233
  0.0247  0.0240  0.0239  0.0257  0.0244  0.0259  0.0243  0.0258  0.0238  0.0248  0.0237  0.0238
niter,ni,del,rscale     4    3    5.0000    0.7000
parameters
   -2.1791   -3.0816   -1.9136   -4.6933  -10.4293   -8.6558
   -5.2442    0.1726    6.3866   36.8203   -2.1442  -37.2061
eta,q 0.97722 13.85290
  0.0243  0.0238  0.0236  0.0245  0.0239  0.0248  0.0239  0.0251  0.0236  0.0242  0.0235  0.0236
  0.0235  0.0232  0.0231  0.0237  0.0233  0.0242  0.0233  0.0239  0.0231  0.0235  0.0231  0.0231
  0.0230  0.0229  0.0229  0.0231  0.0230  0.0234  0.0229  0.0231  0.0229  0.0230  0.0229  0.0229
  0.0228  0.0228  0.0228  0.0228  0.0228  0.0228  0.0228  0.0228  0.0228  0.0228  0.0228  0.0228
  0.0230  0.0229  0.0230  0.0228  0.0228  0.0230  0.0229  0.0230  0.0229  0.0229  0.0229  0.0229
  0.0234  0.0233  0.0234  0.0233  0.0232  0.0240  0.0233  0.0238  0.0231  0.0234  0.0231  0.0232
  0.0242  0.0238  0.0239  0.0244  0.0239  0.0252  0.0240  0.0250  0.0236  0.0242  0.0235  0.0236
niter,ni,del,rscale     3    3    5.0000    0.6000
parameters
   -2.1823   -3.0846   -1.9236   -4.5852  -10.3868   -8.5959
   -5.2295    0.1855    6.3656   36.8565   -2.1579  -37.1749
eta,q 0.97723 13.85694
  0.0238  0.0235  0.0235  0.0241  0.0236  0.0245  0.0236  0.0245  0.0234  0.0239  0.0233  0.0234
  0.0233  0.0231  0.0231  0.0234  0.0232  0.0239  0.0232  0.0236  0.0230  0.0233  0.0230  0.0230
  0.0229  0.0229  0.0229  0.0230  0.0229  0.0233  0.0229  0.0230  0.0228  0.0229  0.0228  0.0228
  0.0228  0.0228  0.0228  0.0228  0.0228  0.0228  0.0228  0.0228  0.0228  0.0228  0.0228  0.0228
  0.0229  0.0229  0.0229  0.0228  0.0228  0.0229  0.0228  0.0229  0.0228  0.0229  0.0228  0.0228
  0.0232  0.0231  0.0231  0.0232  0.0231  0.0237  0.0231  0.0235  0.0230  0.0232  0.0230  0.0230
  0.0238  0.0235  0.0235  0.0240  0.0236  0.0246  0.0236  0.0245  0.0234  0.0239  0.0233  0.0233
niter,ni,del,rscale     2    3    5.0000    0.5000
parameters
   -2.1870   -3.0847   -1.8962   -4.5004  -10.3670   -8.4839
   -5.2190    0.1985    6.3431   36.8779   -2.1752  -37.1306
eta,q 0.97726 13.86062
  0.0235  0.0233  0.0233  0.0237  0.0233  0.0242  0.0234  0.0240  0.0232  0.0235  0.0231  0.0232
  0.0231  0.0230  0.0230  0.0232  0.0230  0.0237  0.0230  0.0233  0.0229  0.0232  0.0229  0.0229
  0.0228  0.0228  0.0228  0.0229  0.0228  0.0231  0.0228  0.0229  0.0228  0.0229  0.0228  0.0228
  0.0228  0.0228  0.0228  0.0228  0.0228  0.0228  0.0227  0.0227  0.0227  0.0227  0.0227  0.0227
  0.0228  0.0228  0.0228  0.0228  0.0228  0.0229  0.0228  0.0229  0.0228  0.0228  0.0228  0.0228
  0.0231  0.0230  0.0230  0.0231  0.0230  0.0234  0.0230  0.0233  0.0229  0.0231  0.0229  0.0229
  0.0235  0.0233  0.0232  0.0236  0.0233  0.0242  0.0234  0.0240  0.0232  0.0236  0.0231  0.0232
niter,ni,del,rscale     1    3    5.0000    0.4000
parameters
   -2.1884   -3.0807   -1.8417   -4.4340  -10.3731   -8.3623
   -5.2047    0.2087    6.3317   36.8879   -2.1935  -37.0661
eta,q 0.97727 13.86355
  0.0232  0.0231  0.0231  0.0233  0.0231  0.0239  0.0231  0.0235  0.0230  0.0233  0.0230  0.0230
  0.0229  0.0229  0.0229  0.0230  0.0229  0.0234  0.0229  0.0231  0.0228  0.0230  0.0228  0.0229
  0.0228  0.0228  0.0228  0.0228  0.0228  0.0230  0.0228  0.0228  0.0228  0.0228  0.0227  0.0228
  0.0227  0.0227  0.0227  0.0227  0.0227  0.0227  0.0227  0.0227  0.0227  0.0227  0.0227  0.0227
  0.0228  0.0228  0.0228  0.0228  0.0228  0.0228  0.0228  0.0228  0.0228  0.0228  0.0228  0.0228
  0.0230  0.0229  0.0229  0.0230  0.0229  0.0232  0.0229  0.0231  0.0228  0.0230  0.0228  0.0229
  0.0232  0.0231  0.0230  0.0233  0.0231  0.0238  0.0231  0.0235  0.0230  0.0233  0.0230  0.0230
registration optimization eta report
parameter search radius
    0.8000    0.8000    0.8000    2.4000    2.4000    2.4000
    2.4000    2.4000    2.4000    2.4000    2.4000    2.4000
100000*second partial in parameter space
       75.       52.       53.       10.        6.       18.
        7.       14.        5.       10.        5.        5.
  0.0232  0.0231  0.0231  0.0233  0.0231  0.0239  0.0231  0.0235  0.0230  0.0233  0.0230  0.0230
  0.0229  0.0229  0.0229  0.0230  0.0229  0.0234  0.0229  0.0231  0.0228  0.0230  0.0228  0.0229
  0.0228  0.0228  0.0228  0.0228  0.0228  0.0230  0.0228  0.0228  0.0228  0.0228  0.0227  0.0228
  0.0227  0.0227  0.0227  0.0227  0.0227  0.0227  0.0227  0.0227  0.0227  0.0227  0.0227  0.0227
  0.0228  0.0228  0.0228  0.0228  0.0228  0.0228  0.0228  0.0228  0.0228  0.0228  0.0228  0.0228
  0.0230  0.0229  0.0229  0.0230  0.0229  0.0232  0.0229  0.0231  0.0228  0.0230  0.0228  0.0229
  0.0232  0.0231  0.0230  0.0233  0.0231  0.0238  0.0231  0.0235  0.0230  0.0233  0.0230  0.0230
   -2.1884   -3.0807   -1.8417   -4.4340  -10.3731   -8.3623
   -5.2047    0.2087    6.3317   36.8879   -2.1935  -37.0661
eta,q 0.97727 13.86355

---------------------------------------------------------------------
compute_vox2vox talsrcimg talsrcimg_to_711-2C_as_mni_average_305_t4 /usr/local/freesurfer/average/711-2C_as_mni_average_305
---------------------------------------------------------------------

freesurfer compute_vox2vox.c
Reading: talsrcimg.4dfp.ifh
Reading: talsrcimg_to_711-2C_as_mni_average_305_t4
Reading: /usr/local/freesurfer/average/711-2C_as_mni_average_305.4dfp.ifh
Writing: talsrcimg_to_711-2C_as_mni_average_305_t4_vox2vox.txt

start time Thu May 29 23:50:16 UTC 2025
end		time Thu May 29 23:50:35 UTC 2025

mpr2mni305 success

avi2talxfm orig_nu.mgz /usr/local/freesurfer/average/mni305.cor.mgz talsrcimg_to_711-2C_as_mni_average_305_t4_vox2vox.txt transforms/talairach.auto.xfm
avi2talxfm done
mv -f /home/freesurfer/subjects/sub-026/mri/talsrcimg_to_711-2C_as_mni_average_305_t4_vox2vox.txt /home/freesurfer/subjects/sub-026/mri/transforms/talsrcimg_to_711-2C_as_mni_average_305_t4_vox2vox.txt
lta_convert --src orig_nu.mgz --trg /usr/local/freesurfer/average/mni305.cor.mgz --inxfm transforms/talairach.auto.xfm --outlta transforms/talairach.auto.xfm.lta --subject fsaverage
7.4.1

--src: orig_nu.mgz src image (geometry).
--trg: /usr/local/freesurfer/average/mni305.cor.mgz trg image (geometry).
--inmni: transforms/talairach.auto.xfm input MNI/XFM transform.
--outlta: transforms/talairach.auto.xfm.lta output LTA.
--s: fsaverage subject name
 LTA read, type : 1
 1.04249  -0.02293   0.05106  -3.41054;
-0.00415   0.93561   0.38669  -25.25877;
-0.07194  -0.38345   0.95298  -19.69673;
 0.00000   0.00000   0.00000   1.00000;
setting subject to fsaverage
Writing  LTA to file transforms/talairach.auto.xfm.lta...
lta_convert successful.
 
 
Started at Thu May 29 23:50:15 UTC 2025
Ended   at Thu May 29 23:50:35 UTC 2025
talairach_avi done
