Log file for defect2seg
Fri May 30 16:33:13 UTC 2025

setenv SUBJECTS_DIR /home/freesurfer/subjects
cd /home/freesurfer/subjects/sub-018/scripts
/usr/local/freesurfer/bin/defect2seg --s sub-018 --cortex

freesurfer-linux-centos8_x86_64-7.4.1-20230613-7eb8460
defect2seg 7.4.1
Linux 39947d776090 6.11.0-26-generic #26~24.04.1-Ubuntu SMP PREEMPT_DYNAMIC Thu Apr 17 19:20:47 UTC 2 x86_64 x86_64 x86_64 GNU/Linux
pid 1283
mri_label2label --label-cortex /home/freesurfer/subjects/sub-018/surf/lh.orig.nofix /home/freesurfer/subjects/sub-018/mri/aseg.presurf.mgz 0 /home/freesurfer/subjects/sub-018/label/lh.nofix.cortex.label

 Generating cortex label... RemoveHipAmgy=0
 NucAccIsMedialWall=0
 mris->useRealRAS=0
14 non-cortical segments detected
only using segment with 7720 vertices
erasing segment 1 (vno[0] = 107134)
erasing segment 2 (vno[0] = 108093)
erasing segment 3 (vno[0] = 109071)
erasing segment 4 (vno[0] = 109259)
erasing segment 5 (vno[0] = 110251)
erasing segment 6 (vno[0] = 111306)
erasing segment 7 (vno[0] = 111317)
erasing segment 8 (vno[0] = 111433)
erasing segment 9 (vno[0] = 112239)
erasing segment 10 (vno[0] = 113296)
erasing segment 11 (vno[0] = 117244)
erasing segment 12 (vno[0] = 123823)
erasing segment 13 (vno[0] = 128940)
mri_label2vol --defects /home/freesurfer/subjects/sub-018/surf/lh.orig.nofix /home/freesurfer/subjects/sub-018/surf/lh.defect_labels /home/freesurfer/subjects/sub-018/mri/orig.mgz 1000 0 /home/freesurfer/subjects/sub-018/mri/surface.defects.mgz /home/freesurfer/subjects/sub-018/label/lh.nofix.cortex.label
mri_label2vol supposed to be reproducible but seed not set
Contraining to label /home/freesurfer/subjects/sub-018/label/lh.nofix.cortex.label
Changing input type 0 to MRI_INT
Converting defects to volume: offset=1000, merge=0
Writing to /home/freesurfer/subjects/sub-018/mri/surface.defects.mgz
mris_defects_pointset -s /home/freesurfer/subjects/sub-018/surf/lh.orig.nofix -d /home/freesurfer/subjects/sub-018/surf/lh.defect_labels -o /home/freesurfer/subjects/sub-018/surf/lh.defects.pointset --label /home/freesurfer/subjects/sub-018/label/lh.nofix.cortex.label
Reading in surface /home/freesurfer/subjects/sub-018/surf/lh.orig.nofix
Reading in defect segmentation /home/freesurfer/subjects/sub-018/surf/lh.defect_labels
Reading in label /home/freesurfer/subjects/sub-018/label/lh.nofix.cortex.label
#VMPC# mris_defects_pointset 210072
mris_defects_pointset done
mri_label2label --label-cortex /home/freesurfer/subjects/sub-018/surf/rh.orig.nofix /home/freesurfer/subjects/sub-018/mri/aseg.presurf.mgz 0 /home/freesurfer/subjects/sub-018/label/rh.nofix.cortex.label

 Generating cortex label... RemoveHipAmgy=0
 NucAccIsMedialWall=0
 mris->useRealRAS=0
7 non-cortical segments detected
only using segment with 7800 vertices
erasing segment 1 (vno[0] = 57865)
erasing segment 2 (vno[0] = 83928)
erasing segment 3 (vno[0] = 107002)
erasing segment 4 (vno[0] = 108049)
erasing segment 5 (vno[0] = 110109)
erasing segment 6 (vno[0] = 111067)
mri_label2vol --defects /home/freesurfer/subjects/sub-018/surf/rh.orig.nofix /home/freesurfer/subjects/sub-018/surf/rh.defect_labels /home/freesurfer/subjects/sub-018/mri/surface.defects.mgz 2000 1 /home/freesurfer/subjects/sub-018/mri/surface.defects.mgz /home/freesurfer/subjects/sub-018/label/rh.nofix.cortex.label
mri_label2vol supposed to be reproducible but seed not set
Contraining to label /home/freesurfer/subjects/sub-018/label/rh.nofix.cortex.label
Converting defects to volume: offset=2000, merge=1
Writing to /home/freesurfer/subjects/sub-018/mri/surface.defects.mgz
mris_defects_pointset -s /home/freesurfer/subjects/sub-018/surf/rh.orig.nofix -d /home/freesurfer/subjects/sub-018/surf/rh.defect_labels -o /home/freesurfer/subjects/sub-018/surf/rh.defects.pointset --label /home/freesurfer/subjects/sub-018/label/rh.nofix.cortex.label
Reading in surface /home/freesurfer/subjects/sub-018/surf/rh.orig.nofix
Reading in defect segmentation /home/freesurfer/subjects/sub-018/surf/rh.defect_labels
Reading in label /home/freesurfer/subjects/sub-018/label/rh.nofix.cortex.label
#VMPC# mris_defects_pointset 209824
mris_defects_pointset done
 
Started at Fri May 30 16:33:13 UTC 2025 
Ended   at Fri May 30 16:34:03 UTC 2025
Defect2seg-Run-Time-Sec 50
Defect2seg-Run-Time-Min 1.00
Defect2seg-Run-Time-Hours 0.01
 
defect2seg Done
