status file for recon-all
Thu May 29 01:11:07 UTC 2025
#@# MotionCor Thu May 29 01:11:09 UTC 2025
#@# Talairach Thu May 29 01:11:18 UTC 2025
#@# Talairach Failure Detection Thu May 29 01:14:34 UTC 2025
#@# Nu Intensity Correction Thu May 29 01:14:34 UTC 2025
#@# Intensity Normalization Thu May 29 01:17:52 UTC 2025
#@# Skull Stripping Thu May 29 01:20:56 UTC 2025
#@# EM Registration Thu May 29 01:39:18 UTC 2025
#@# CA Normalize Thu May 29 01:50:07 UTC 2025
#@# CA Reg Thu May 29 01:51:30 UTC 2025
#@# SubCort Seg Thu May 29 04:13:30 UTC 2025
#@# CC Seg Thu May 29 05:01:59 UTC 2025
#@# Merge ASeg Thu May 29 05:03:51 UTC 2025
#@# Intensity Normalization2 Thu May 29 05:03:51 UTC 2025
#@# Mask BFS Thu May 29 05:08:11 UTC 2025
#@# WM Segmentation Thu May 29 05:08:13 UTC 2025
#@# Fill Thu May 29 05:13:09 UTC 2025
#@# Tessellate lh Thu May 29 05:14:41 UTC 2025
#@# Tessellate rh Thu May 29 05:14:46 UTC 2025
#@# Smooth1 lh Thu May 29 05:14:50 UTC 2025
#@# Smooth1 rh Thu May 29 05:14:54 UTC 2025
#@# Inflation1 lh Thu May 29 05:14:57 UTC 2025
#@# Inflation1 rh Thu May 29 05:15:15 UTC 2025
#@# QSphere lh Thu May 29 05:15:32 UTC 2025
#@# QSphere rh Thu May 29 05:17:46 UTC 2025
#@# Fix Topology lh Thu May 29 05:19:51 UTC 2025
#@# Fix Topology rh Thu May 29 05:22:54 UTC 2025
#@# Smooth2 lh Thu May 29 05:36:41 UTC 2025
#@# Smooth2 rh Thu May 29 05:36:44 UTC 2025
#@# Inflation2 lh Thu May 29 05:36:48 UTC 2025
#@# Inflation2 rh Thu May 29 05:37:06 UTC 2025
#@# Curv .H and .K lh Thu May 29 05:37:25 UTC 2025
#@# Curv .H and .K rh Thu May 29 05:38:08 UTC 2025
#@# Sphere lh Thu May 29 05:38:51 UTC 2025
#@# Sphere rh Thu May 29 05:48:13 UTC 2025
#@# Surf Reg lh Thu May 29 05:58:43 UTC 2025
#@# Surf Reg rh Thu May 29 06:07:28 UTC 2025
#@# Jacobian white lh Thu May 29 06:15:45 UTC 2025
#@# Jacobian white rh Thu May 29 06:15:46 UTC 2025
#@# AvgCurv lh Thu May 29 06:15:47 UTC 2025
#@# AvgCurv rh Thu May 29 06:15:48 UTC 2025
#@# Cortical Parc lh Thu May 29 06:15:49 UTC 2025
#@# Cortical Parc rh Thu May 29 06:16:03 UTC 2025
#@# white curv lh Thu May 29 06:33:46 UTC 2025
#@# white area lh Thu May 29 06:33:49 UTC 2025
#@# pial curv lh Thu May 29 06:33:50 UTC 2025
#@# pial area lh Thu May 29 06:33:52 UTC 2025
#@# thickness lh Thu May 29 06:33:53 UTC 2025
#@# area and vertex vol lh Thu May 29 06:34:26 UTC 2025
#@# white curv rh Thu May 29 06:34:28 UTC 2025
#@# white area rh Thu May 29 06:34:31 UTC 2025
#@# pial curv rh Thu May 29 06:34:32 UTC 2025
#@# pial area rh Thu May 29 06:34:34 UTC 2025
#@# thickness rh Thu May 29 06:34:35 UTC 2025
#@# area and vertex vol rh Thu May 29 06:35:07 UTC 2025
#@# Curvature Stats lh Thu May 29 06:35:09 UTC 2025
#@# Curvature Stats rh Thu May 29 06:35:12 UTC 2025
#@# Cortical ribbon mask Thu May 29 06:35:15 UTC 2025
#@# Cortical Parc 2 lh Thu May 29 06:45:27 UTC 2025
#@# Cortical Parc 2 rh Thu May 29 06:45:46 UTC 2025
#@# Cortical Parc 3 lh Thu May 29 06:46:05 UTC 2025
#@# Cortical Parc 3 rh Thu May 29 06:46:18 UTC 2025
#@# WM/GM Contrast lh Thu May 29 06:46:32 UTC 2025
#@# WM/GM Contrast rh Thu May 29 06:46:36 UTC 2025
#@# Relabel Hypointensities Thu May 29 06:46:40 UTC 2025
#@# APas-to-ASeg Thu May 29 06:47:07 UTC 2025
#@# AParc-to-ASeg aparc Thu May 29 06:47:24 UTC 2025
#@# AParc-to-ASeg aparc.a2009s Thu May 29 06:50:02 UTC 2025
#@# AParc-to-ASeg aparc.DKTatlas Thu May 29 06:52:52 UTC 2025
#@# WMParc Thu May 29 06:55:37 UTC 2025
#@# Parcellation Stats lh Thu May 29 07:02:53 UTC 2025
#@# Parcellation Stats rh Thu May 29 07:03:12 UTC 2025
#@# Parcellation Stats 2 lh Thu May 29 07:03:34 UTC 2025
#@# Parcellation Stats 2 rh Thu May 29 07:03:44 UTC 2025
#@# Parcellation Stats 3 lh Thu May 29 07:03:54 UTC 2025
#@# Parcellation Stats 3 rh Thu May 29 07:04:03 UTC 2025
#@# ASeg Stats Thu May 29 07:04:12 UTC 2025
#@# BA_exvivo Labels lh Thu May 29 07:07:39 UTC 2025
#@# BA_exvivo Labels rh Thu May 29 07:12:01 UTC 2025
recon-all -s sub-002 finished without error at Thu May 29 07:16:19 UTC 2025
