Log file for defect2seg
Fri May 30 22:16:41 UTC 2025

setenv SUBJECTS_DIR /home/freesurfer/subjects
cd /home/freesurfer/subjects/sub-019/scripts
/usr/local/freesurfer/bin/defect2seg --s sub-019 --cortex

freesurfer-linux-centos8_x86_64-7.4.1-20230613-7eb8460
defect2seg 7.4.1
Linux 43db1a7b9db5 6.11.0-26-generic #26~24.04.1-Ubuntu SMP PREEMPT_DYNAMIC Thu Apr 17 19:20:47 UTC 2 x86_64 x86_64 x86_64 GNU/Linux
pid 1283
mri_label2label --label-cortex /home/freesurfer/subjects/sub-019/surf/lh.orig.nofix /home/freesurfer/subjects/sub-019/mri/aseg.presurf.mgz 0 /home/freesurfer/subjects/sub-019/label/lh.nofix.cortex.label

 Generating cortex label... RemoveHipAmgy=0
 NucAccIsMedialWall=0
 mris->useRealRAS=0
14 non-cortical segments detected
only using segment with 7477 vertices
erasing segment 1 (vno[0] = 58002)
erasing segment 2 (vno[0] = 59105)
erasing segment 3 (vno[0] = 77771)
erasing segment 4 (vno[0] = 92161)
erasing segment 5 (vno[0] = 92201)
erasing segment 6 (vno[0] = 92239)
erasing segment 7 (vno[0] = 92280)
erasing segment 8 (vno[0] = 93035)
erasing segment 9 (vno[0] = 93960)
erasing segment 10 (vno[0] = 94018)
erasing segment 11 (vno[0] = 96562)
erasing segment 12 (vno[0] = 97539)
erasing segment 13 (vno[0] = 98149)
mri_label2vol --defects /home/freesurfer/subjects/sub-019/surf/lh.orig.nofix /home/freesurfer/subjects/sub-019/surf/lh.defect_labels /home/freesurfer/subjects/sub-019/mri/orig.mgz 1000 0 /home/freesurfer/subjects/sub-019/mri/surface.defects.mgz /home/freesurfer/subjects/sub-019/label/lh.nofix.cortex.label
mri_label2vol supposed to be reproducible but seed not set
Contraining to label /home/freesurfer/subjects/sub-019/label/lh.nofix.cortex.label
Changing input type 0 to MRI_INT
Converting defects to volume: offset=1000, merge=0
Writing to /home/freesurfer/subjects/sub-019/mri/surface.defects.mgz
mris_defects_pointset -s /home/freesurfer/subjects/sub-019/surf/lh.orig.nofix -d /home/freesurfer/subjects/sub-019/surf/lh.defect_labels -o /home/freesurfer/subjects/sub-019/surf/lh.defects.pointset --label /home/freesurfer/subjects/sub-019/label/lh.nofix.cortex.label
Reading in surface /home/freesurfer/subjects/sub-019/surf/lh.orig.nofix
Reading in defect segmentation /home/freesurfer/subjects/sub-019/surf/lh.defect_labels
Reading in label /home/freesurfer/subjects/sub-019/label/lh.nofix.cortex.label
#VMPC# mris_defects_pointset 181592
mris_defects_pointset done
mri_label2label --label-cortex /home/freesurfer/subjects/sub-019/surf/rh.orig.nofix /home/freesurfer/subjects/sub-019/mri/aseg.presurf.mgz 0 /home/freesurfer/subjects/sub-019/label/rh.nofix.cortex.label

 Generating cortex label... RemoveHipAmgy=0
 NucAccIsMedialWall=0
 mris->useRealRAS=0
13 non-cortical segments detected
only using segment with 7467 vertices
erasing segment 1 (vno[0] = 46323)
erasing segment 2 (vno[0] = 83385)
erasing segment 3 (vno[0] = 88571)
erasing segment 4 (vno[0] = 91733)
erasing segment 5 (vno[0] = 91835)
erasing segment 6 (vno[0] = 92724)
erasing segment 7 (vno[0] = 92740)
erasing segment 8 (vno[0] = 95337)
erasing segment 9 (vno[0] = 96190)
erasing segment 10 (vno[0] = 107316)
erasing segment 11 (vno[0] = 108982)
erasing segment 12 (vno[0] = 110105)
mri_label2vol --defects /home/freesurfer/subjects/sub-019/surf/rh.orig.nofix /home/freesurfer/subjects/sub-019/surf/rh.defect_labels /home/freesurfer/subjects/sub-019/mri/surface.defects.mgz 2000 1 /home/freesurfer/subjects/sub-019/mri/surface.defects.mgz /home/freesurfer/subjects/sub-019/label/rh.nofix.cortex.label
mri_label2vol supposed to be reproducible but seed not set
Contraining to label /home/freesurfer/subjects/sub-019/label/rh.nofix.cortex.label
Converting defects to volume: offset=2000, merge=1
Writing to /home/freesurfer/subjects/sub-019/mri/surface.defects.mgz
mris_defects_pointset -s /home/freesurfer/subjects/sub-019/surf/rh.orig.nofix -d /home/freesurfer/subjects/sub-019/surf/rh.defect_labels -o /home/freesurfer/subjects/sub-019/surf/rh.defects.pointset --label /home/freesurfer/subjects/sub-019/label/rh.nofix.cortex.label
Reading in surface /home/freesurfer/subjects/sub-019/surf/rh.orig.nofix
Reading in defect segmentation /home/freesurfer/subjects/sub-019/surf/rh.defect_labels
Reading in label /home/freesurfer/subjects/sub-019/label/rh.nofix.cortex.label
#VMPC# mris_defects_pointset 180536
mris_defects_pointset done
 
Started at Fri May 30 22:16:41 UTC 2025 
Ended   at Fri May 30 22:17:23 UTC 2025
Defect2seg-Run-Time-Sec 42
Defect2seg-Run-Time-Min 0.84
Defect2seg-Run-Time-Hours 0.01
 
defect2seg Done
