/home/freesurfer/subjects/sub-004/mri
/usr/local/freesurfer/bin/talairach_avi
--i orig_nu.mgz --xfm transforms/talairach.auto.xfm
talairach_avi 7.4.1
Linux 7df6e1946399 6.11.0-26-generic #26~24.04.1-Ubuntu SMP PREEMPT_DYNAMIC Thu Apr 17 19:20:47 UTC 2 x86_64 x86_64 x86_64 GNU/Linux
Thu May 29 12:53:57 UTC 2025
mri_convert orig_nu.mgz talsrcimg.img 
reading from orig_nu.mgz...
TR=8.40, TE=0.00, TI=0.00, flip angle=0.00
i_ras = (-1, -1.86265e-09, 3.72529e-09)
j_ras = (0, 2.98023e-08, -1)
k_ras = (0, 1, 0)
writing to talsrcimg.img...
Analyze Output Matrix
-1.00000   0.00000   0.00000   124.97444;
-0.00000   0.00000   1.00000  -107.84697;
 0.00000  -1.00000   0.00000   171.44991;
 0.00000   0.00000   0.00000   1.00000;
--------------------
INFO: set hdr.hist.orient to -1
mpr2mni305 talsrcimg
Thu May 29 12:53:58 UTC 2025
/usr/local/freesurfer/bin/mpr2mni305 talsrcimg
mpr2mni305 7.4.1
target=711-2C_as_mni_average_305

---------------------------------------------------------------------
analyzeto4dfp talsrcimg -O0 -y
---------------------------------------------------------------------

freesurfer ifh2hdr.c
Thu May 29 12:53:58 2025
Writing: talsrcimg.4dfp.hdr
freesurfer analyzeto4dfp.c
Reading: talsrcimg.hdr
header size 348 bytes
hdr.dime.datatype	offset=70	value=2
hdr.dime.bitpix		offset=72	value=8
hdr.hist.orient		offset=252	value=-1
dimensionality     4
dimensions       256       256       256         1
Reading: talsrcimg.img
Writing: talsrcimg.4dfp.img
Writing: talsrcimg.4dfp.ifh
ifh2hdr talsrcimg -r0to221
ori=2

---------------------------------------------------------------------
gauss_4dfp talsrcimg 1.1
---------------------------------------------------------------------

freesurfer gauss_4dfp.c
Reading: talsrcimg.4dfp.img
Writing: talsrcimg_g11.4dfp.img
image dimensions 256 256 256 padded to 288 288 288
processing volume 1freesurfer ifh2hdr.c
Thu May 29 12:54:02 2025
Writing: talsrcimg_g11.4dfp.hdr

Writing: talsrcimg_g11.4dfp.ifh
including: talsrcimg.4dfp.img.rec in talsrcimg_g11.4dfp.img.rec

---------------------------------------------------------------------
imgreg_4dfp /usr/local/freesurfer/average/711-2C_as_mni_average_305 none talsrcimg_g11 none talsrcimg_to_711-2C_as_mni_average_305_t4 4355
---------------------------------------------------------------------

freesurfer imgreg_4dfp.c
/usr/local/freesurfer/average/711-2C_as_mni_average_305.4dfp.img
       256       256       256         1
  1.000000  1.000000  1.000000
orientation T byte_order littleendian
Reading image: /usr/local/freesurfer/average/711-2C_as_mni_average_305.4dfp.img
dimensions:      256       256       256
mmppix:       1.0000   -1.0000   -1.0000
center:     128.0000 -129.0000 -129.0000
talsrcimg_g11.4dfp.img
       256       256       256         1
  1.000000  1.000000  1.000000
orientation T byte_order littleendian
Reading image: talsrcimg_g11.4dfp.img
dimensions:      256       256       256
mmppix:       1.0000   -1.0000   -1.0000
center:     128.0000 -129.0000 -129.0000
t4_read: open error in t4_sub.f l:  41 t4_file(1:l)talsrcimg_to_711-2C_as_mni_average_305_t4 
t4_read: transform initialized to I4
rotation matrix determinant  1.000000
image alignment mode   4355 decimal     1103 hex
   -7.5000  -45.0000  -45.0000 9346.9395   17.5102
    0.0000  -45.0000  -45.0000 9759.9541   17.5208
    7.5000  -45.0000  -45.0000 9297.6904   17.5014
   -7.5000  -37.5000  -45.0000 9778.8828   17.4549
    0.0000  -37.5000  -45.000010218.6729   17.4582
    7.5000  -37.5000  -45.0000 9736.1104   17.4422
   -7.5000  -30.0000  -45.000010511.6279   17.4184
    0.0000  -30.0000  -45.000010985.3379   17.4232
    7.5000  -30.0000  -45.000010485.9316   17.4204
   -7.5000  -22.5000  -45.000011175.3779   17.4194
    0.0000  -22.5000  -45.000011664.0938   17.4329
    7.5000  -22.5000  -45.000011152.5234   17.4411
   -7.5000  -15.0000  -45.000011725.0215   17.4431
    0.0000  -15.0000  -45.000012222.2656   17.4631
    7.5000  -15.0000  -45.000011674.8232   17.4696
   -7.5000   -7.5000  -45.000012252.1084   17.4603
    0.0000   -7.5000  -45.000012760.9473   17.4789
    7.5000   -7.5000  -45.000012146.0791   17.4711
   -7.5000    0.0000  -45.000012624.0449   17.4535
    0.0000    0.0000  -45.000013146.1572   17.4640
    7.5000    0.0000  -45.000012467.4023   17.4447
   -7.5000    7.5000  -45.000011863.7930   17.4255
    0.0000    7.5000  -45.000012399.6631   17.4289
    7.5000    7.5000  -45.000011731.8906   17.4128
   -7.5000   15.0000  -45.000011006.6904   17.4055
    0.0000   15.0000  -45.000011527.7256   17.4103
    7.5000   15.0000  -45.000010910.7070   17.4076
   -7.5000   22.5000  -45.000010077.5488   17.4383
    0.0000   22.5000  -45.000010548.6943   17.4518
    7.5000   22.5000  -45.000010014.8877   17.4601
   -7.5000   30.0000  -45.0000 9125.7148   17.3159
    0.0000   30.0000  -45.0000 9563.8564   17.3357
    7.5000   30.0000  -45.0000 9088.7744   17.3420
   -7.5000   37.5000  -45.0000 8549.0908   17.4900
    0.0000   37.5000  -45.0000 8967.1787   17.5071
    7.5000   37.5000  -45.0000 8521.1641   17.4985
   -7.5000   45.0000  -45.0000 7783.4810   17.3122
    0.0000   45.0000  -45.0000 8135.5874   17.3233
    7.5000   45.0000  -45.0000 7712.2949   17.3050
   -7.5000  -45.0000  -37.5000 9845.3652   17.4103
    0.0000  -45.0000  -37.500010278.8525   17.4228
    7.5000  -45.0000  -37.5000 9800.0996   17.4081
   -7.5000  -37.5000  -37.500010298.5439   17.3562
    0.0000  -37.5000  -37.500010751.0938   17.3619
    7.5000  -37.5000  -37.500010262.6445   17.3496
   -7.5000  -30.0000  -37.500011089.1816   17.3200
    0.0000  -30.0000  -37.500011579.4023   17.3282
    7.5000  -30.0000  -37.500011075.5928   17.3272
   -7.5000  -22.5000  -37.500011797.1641   17.3187
    0.0000  -22.5000  -37.500012288.6670   17.3359
    7.5000  -22.5000  -37.500011770.4111   17.3444
   -7.5000  -15.0000  -37.500012373.4424   17.3396
    0.0000  -15.0000  -37.500012878.9766   17.3622
    7.5000  -15.0000  -37.500012316.4736   17.3690
   -7.5000   -7.5000  -37.500012922.4316   17.3562
    0.0000   -7.5000  -37.500013444.4453   17.3765
    7.5000   -7.5000  -37.500012828.4629   17.3713
   -7.5000    0.0000  -37.500013259.6787   17.3510
    0.0000    0.0000  -37.500013821.9365   17.3634
    7.5000    0.0000  -37.500013146.8613   17.3486
   -7.5000    7.5000  -37.500012467.6240   17.3255
    0.0000    7.5000  -37.500013026.0088   17.3312
    7.5000    7.5000  -37.500012384.1729   17.3190
   -7.5000   15.0000  -37.500011589.4619   17.3067
    0.0000   15.0000  -37.500012103.2773   17.3149
    7.5000   15.0000  -37.500011510.7627   17.3139
   -7.5000   22.5000  -37.500010609.4844   17.3381
    0.0000   22.5000  -37.500011069.6533   17.3554
    7.5000   22.5000  -37.500010576.4014   17.3639
   -7.5000   30.0000  -37.5000 9620.6475   17.2135
    0.0000   30.0000  -37.500010029.9805   17.2355
    7.5000   30.0000  -37.5000 9606.9922   17.2421
   -7.5000   37.5000  -37.5000 8988.5518   17.3855
    0.0000   37.5000  -37.5000 9396.5889   17.4051
    7.5000   37.5000  -37.5000 8994.0127   17.3996
   -7.5000   45.0000  -37.5000 8158.3877   17.2045
    0.0000   45.0000  -37.5000 8521.2305   17.2194
    7.5000   45.0000  -37.5000 8120.5889   17.2072
   -7.5000  -45.0000  -30.000010527.7090   18.1012
    0.0000  -45.0000  -30.000010990.3340   18.1087
    7.5000  -45.0000  -30.000010486.5361   18.1034
   -7.5000  -37.5000  -30.000011040.3203   18.0477
    0.0000  -37.5000  -30.000011505.7139   18.0516
    7.5000  -37.5000  -30.000011000.9023   18.0510
   -7.5000  -30.0000  -30.000011906.9990   18.0133
    0.0000  -30.0000  -30.000012426.3311   18.0219
    7.5000  -30.0000  -30.000011887.2891   18.0304
   -7.5000  -22.5000  -30.000012691.4873   18.0109
    0.0000  -22.5000  -30.000013205.2129   18.0267
    7.5000  -22.5000  -30.000012642.8057   18.0402
   -7.5000  -15.0000  -30.000013285.2500   18.0302
    0.0000  -15.0000  -30.000013850.0049   18.0476
    7.5000  -15.0000  -30.000013237.2949   18.0571
   -7.5000   -7.5000  -30.000013853.0752   18.0460
    0.0000   -7.5000  -30.000014435.0283   18.0596
    7.5000   -7.5000  -30.000013771.8037   18.0591
   -7.5000    0.0000  -30.000014207.2715   18.0398
    0.0000    0.0000  -30.000014818.7637   18.0472
    7.5000    0.0000  -30.000014119.4600   18.0418
   -7.5000    7.5000  -30.000013376.4590   18.0159
    0.0000    7.5000  -30.000013979.6191   18.0199
    7.5000    7.5000  -30.000013328.7295   18.0192
   -7.5000   15.0000  -30.000012433.2783   17.9992
    0.0000   15.0000  -30.000012965.4395   18.0078
    7.5000   15.0000  -30.000012405.3936   18.0163
   -7.5000   22.5000  -30.000011399.1963   18.0295
    0.0000   22.5000  -30.000011870.9824   18.0453
    7.5000   22.5000  -30.000011392.7754   18.0589
   -7.5000   30.0000  -30.000010336.7725   17.8989
    0.0000   30.0000  -30.000010764.3252   17.9157
    7.5000   30.0000  -30.000010323.3193   17.9251
   -7.5000   37.5000  -30.0000 9641.8486   18.0806
    0.0000   37.5000  -30.000010057.8584   18.0946
    7.5000   37.5000  -30.0000 9656.5566   18.0944
   -7.5000   45.0000  -30.0000 8721.1191   17.9046
    0.0000   45.0000  -30.0000 9083.7627   17.9148
    7.5000   45.0000  -30.0000 8696.3730   17.9128
   -7.5000  -45.0000  -22.500011188.8193   18.6930
    0.0000  -45.0000  -22.500011706.9902   18.6922
    7.5000  -45.0000  -22.500011208.7383   18.6911
   -7.5000  -37.5000  -22.500011758.3779   18.6379
    0.0000  -37.5000  -22.500012296.8096   18.6371
    7.5000  -37.5000  -22.500011773.1523   18.6431
   -7.5000  -30.0000  -22.500012718.8848   18.6075
    0.0000  -30.0000  -22.500013286.2539   18.6122
    7.5000  -30.0000  -22.500012725.3496   18.6272
   -7.5000  -22.5000  -22.500013532.9512   18.6091
    0.0000  -22.5000  -22.500014128.3525   18.6184
    7.5000  -22.5000  -22.500013515.9424   18.6361
   -7.5000  -15.0000  -22.500014186.0186   18.6294
    0.0000  -15.0000  -22.500014822.6309   18.6375
    7.5000  -15.0000  -22.500014151.7373   18.6490
   -7.5000   -7.5000  -22.500014779.7168   18.6415
    0.0000   -7.5000  -22.500015442.7803   18.6450
    7.5000   -7.5000  -22.500014712.0430   18.6465
   -7.5000    0.0000  -22.500015170.0000   18.6296
    0.0000    0.0000  -22.500015863.8662   18.6288
    7.5000    0.0000  -22.500015114.0986   18.6275
   -7.5000    7.5000  -22.500014348.6289   18.6052
    0.0000    7.5000  -22.500014995.2783   18.6043
    7.5000    7.5000  -22.500014324.9541   18.6103
   -7.5000   15.0000  -22.500013351.5781   18.5929
    0.0000   15.0000  -22.500013919.3125   18.5976
    7.5000   15.0000  -22.500013329.9541   18.6126
   -7.5000   22.5000  -22.500012242.7422   18.6263
    0.0000   22.5000  -22.500012722.0693   18.6357
    7.5000   22.5000  -22.500012230.0254   18.6535
   -7.5000   30.0000  -22.500011104.1182   18.4934
    0.0000   30.0000  -22.500011532.3955   18.5013
    7.5000   30.0000  -22.500011079.6553   18.5130
   -7.5000   37.5000  -22.500010358.6250   18.6811
    0.0000   37.5000  -22.500010796.0527   18.6853
    7.5000   37.5000  -22.500010368.9229   18.6873
   -7.5000   45.0000  -22.5000 9346.8711   18.5121
    0.0000   45.0000  -22.5000 9746.4072   18.5123
    7.5000   45.0000  -22.5000 9329.6729   18.5136
   -7.5000  -45.0000  -15.000011774.7607   19.1134
    0.0000  -45.0000  -15.000012344.6719   19.1092
    7.5000  -45.0000  -15.000011821.0352   19.1040
   -7.5000  -37.5000  -15.000012404.2031   19.0564
    0.0000  -37.5000  -15.000013024.8145   19.0518
    7.5000  -37.5000  -15.000012450.0029   19.0545
   -7.5000  -30.0000  -15.000013477.2295   19.0282
    0.0000  -30.0000  -15.000014143.8730   19.0280
    7.5000  -30.0000  -15.000013495.9561   19.0414
   -7.5000  -22.5000  -15.000014327.7441   19.0339
    0.0000  -22.5000  -15.000015055.6377   19.0378
    7.5000  -22.5000  -15.000014334.8379   19.0549
   -7.5000  -15.0000  -15.000015067.6846   19.0557
    0.0000  -15.0000  -15.000015830.5635   19.0594
    7.5000  -15.0000  -15.000015055.1377   19.0704
   -7.5000   -7.5000  -15.000015695.0664   19.0646
    0.0000   -7.5000  -15.000016463.4141   19.0646
    7.5000   -7.5000  -15.000015624.8691   19.0637
   -7.5000    0.0000  -15.000016108.6650   19.0484
    0.0000    0.0000  -15.000016938.9414   19.0442
    7.5000    0.0000  -15.000016070.8848   19.0389
   -7.5000    7.5000  -15.000015275.6768   19.0230
    0.0000    7.5000  -15.000016023.9238   19.0185
    7.5000    7.5000  -15.000015263.9814   19.0211
   -7.5000   15.0000  -15.000014251.2383   19.0134
    0.0000   15.0000  -15.000014916.3555   19.0133
    7.5000   15.0000  -15.000014228.9814   19.0266
   -7.5000   22.5000  -15.000013096.9932   19.0497
    0.0000   22.5000  -15.000013669.2148   19.0537
    7.5000   22.5000  -15.000013066.8936   19.0710
   -7.5000   30.0000  -15.000011892.0586   18.9180
    0.0000   30.0000  -15.000012389.9961   18.9220
    7.5000   30.0000  -15.000011854.9971   18.9331
   -7.5000   37.5000  -15.000011071.9219   19.1055
    0.0000   37.5000  -15.000011571.3906   19.1054
    7.5000   37.5000  -15.000011081.0938   19.1045
   -7.5000   45.0000  -15.0000 9980.4990   18.9418
    0.0000   45.0000  -15.000010426.6201   18.9363
    7.5000   45.0000  -15.0000 9959.6357   18.9321
   -7.5000  -45.0000   -7.500012342.8428   19.3219
    0.0000  -45.0000   -7.500012927.4375   19.3231
    7.5000  -45.0000   -7.500012358.3271   19.3079
   -7.5000  -37.5000   -7.500013065.3203   19.2614
    0.0000  -37.5000   -7.500013700.1650   19.2585
    7.5000  -37.5000   -7.500013030.0967   19.2495
   -7.5000  -30.0000   -7.500014253.0977   19.2281
    0.0000  -30.0000   -7.500014986.7920   19.2278
    7.5000  -30.0000   -7.500014211.1650   19.2322
   -7.5000  -22.5000   -7.500015246.8184   19.2334
    0.0000  -22.5000   -7.500016051.3359   19.2396
    7.5000  -22.5000   -7.500015189.5078   19.2522
   -7.5000  -15.0000   -7.500016057.8154   19.2582
    0.0000  -15.0000   -7.500016905.5156   19.2680
    7.5000  -15.0000   -7.500015991.1768   19.2762
   -7.5000   -7.5000   -7.500016688.3711   19.2704
    0.0000   -7.5000   -7.500017585.8574   19.2778
    7.5000   -7.5000   -7.500016609.2988   19.2715
   -7.5000    0.0000   -7.500017154.8203   19.2561
    0.0000    0.0000   -7.500018126.5996   19.2573
    7.5000    0.0000   -7.500017101.3320   19.2421
   -7.5000    7.5000   -7.500016287.1777   19.2276
    0.0000    7.5000   -7.500017183.8926   19.2248
    7.5000    7.5000   -7.500016263.6016   19.2158
   -7.5000   15.0000   -7.500015222.3154   19.2134
    0.0000   15.0000   -7.500015996.4707   19.2132
    7.5000   15.0000   -7.500015198.8486   19.2176
   -7.5000   22.5000   -7.500014010.9531   19.2471
    0.0000   22.5000   -7.500014696.0566   19.2534
    7.5000   22.5000   -7.500013978.1191   19.2662
   -7.5000   30.0000   -7.500012757.2383   19.1204
    0.0000   30.0000   -7.500013352.7061   19.1305
    7.5000   30.0000   -7.500012697.1133   19.1386
   -7.5000   37.5000   -7.500011938.5117   19.3079
    0.0000   37.5000   -7.500012504.9023   19.3141
    7.5000   37.5000   -7.500011912.0801   19.3071
   -7.5000   45.0000   -7.500010730.5547   19.1451
    0.0000   45.0000   -7.500011233.8926   19.1448
    7.5000   45.0000   -7.500010676.6846   19.1299
   -7.5000  -45.0000    0.000012751.5020   19.3728
    0.0000  -45.0000    0.000013393.1201   19.3832
    7.5000  -45.0000    0.000012752.1416   19.3614
   -7.5000  -37.5000    0.000013490.6807   19.3100
    0.0000  -37.5000    0.000014184.7822   19.3128
    7.5000  -37.5000    0.000013457.5498   19.2946
   -7.5000  -30.0000    0.000014857.1123   19.2701
    0.0000  -30.0000    0.000015702.6865   19.2748
    7.5000  -30.0000    0.000014794.6875   19.2712
   -7.5000  -22.5000    0.000016115.8701   19.2724
    0.0000  -22.5000    0.000017176.8066   19.2865
    7.5000  -22.5000    0.000016066.2998   19.2950
   -7.5000  -15.0000    0.000017087.7461   19.2987
    0.0000  -15.0000    0.000018255.1250   19.3196
    7.5000  -15.0000    0.000017057.6055   19.3261
   -7.5000   -7.5000    0.000017757.1641   19.3161
    0.0000   -7.5000    0.000018956.4199   19.3352
    7.5000   -7.5000    0.000017684.7383   19.3260
   -7.5000    0.0000    0.000018138.0605   19.3069
    0.0000    0.0000    0.000019378.3711   19.3172
    7.5000    0.0000    0.000018072.8027   19.2953
   -7.5000    7.5000    0.000017209.7969   19.2761
    0.0000    7.5000    0.000018347.9805   19.2790
    7.5000    7.5000    0.000017152.5664   19.2608
   -7.5000   15.0000    0.000016130.3418   19.2556
    0.0000   15.0000    0.000017120.3242   19.2603
    7.5000   15.0000    0.000016039.8740   19.2567
   -7.5000   22.5000    0.000014851.7354   19.2867
    0.0000   22.5000    0.000015723.1904   19.3009
    7.5000   22.5000    0.000014788.4512   19.3095
   -7.5000   30.0000    0.000013523.0928   19.1641
    0.0000   30.0000    0.000014285.3477   19.1848
    7.5000   30.0000    0.000013458.3818   19.1910
   -7.5000   37.5000    0.000012678.9902   19.3531
    0.0000   37.5000    0.000013364.7539   19.3705
    7.5000   37.5000    0.000012638.8311   19.3604
   -7.5000   45.0000    0.000011401.2578   19.1888
    0.0000   45.0000    0.000011992.4873   19.1997
    7.5000   45.0000    0.000011342.7900   19.1790
   -7.5000  -45.0000    7.500012240.9600   19.4069
    0.0000  -45.0000    7.500012856.0088   19.4207
    7.5000  -45.0000    7.500012292.8740   19.4043
   -7.5000  -37.5000    7.500012942.2607   19.3465
    0.0000  -37.5000    7.500013605.9463   19.3527
    7.5000  -37.5000    7.500012963.6787   19.3392
   -7.5000  -30.0000    7.500014359.9248   19.3061
    0.0000  -30.0000    7.500015194.5342   19.3151
    7.5000  -30.0000    7.500014362.0820   19.3141
   -7.5000  -22.5000    7.500015782.9072   19.3047
    0.0000  -22.5000    7.500017067.3945   19.3236
    7.5000  -22.5000    7.500015825.2598   19.3332
   -7.5000  -15.0000    7.500016835.0801   19.3280
    0.0000  -15.0000    7.500018447.6992   19.3530
    7.5000  -15.0000    7.500016944.5176   19.3606
   -7.5000   -7.5000    7.500017398.2578   19.3467
    0.0000   -7.5000    7.500018977.9199   19.3691
    7.5000   -7.5000    7.500017441.8184   19.3634
   -7.5000    0.0000    7.500017685.4277   19.3410
    0.0000    0.0000    7.500019144.4043   19.3546
    7.5000    0.0000    7.500017666.2227   19.3382
   -7.5000    7.5000    7.500016697.4590   19.3124
    0.0000    7.5000    7.500017946.6699   19.3187
    7.5000    7.5000    7.500016656.8125   19.3052
   -7.5000   15.0000    7.500015614.2881   19.2913
    0.0000   15.0000    7.500016665.6641   19.3003
    7.5000   15.0000    7.500015580.6904   19.2993
   -7.5000   22.5000    7.500014432.9863   19.3199
    0.0000   22.5000    7.500015322.1543   19.3390
    7.5000   22.5000    7.500014407.0820   19.3486
   -7.5000   30.0000    7.500013158.3916   19.1945
    0.0000   30.0000    7.500013943.4629   19.2188
    7.5000   30.0000    7.500013151.2061   19.2262
   -7.5000   37.5000    7.500012332.3291   19.3857
    0.0000   37.5000    7.500013041.0859   19.4074
    7.5000   37.5000    7.500012326.9775   19.4013
   -7.5000   45.0000    7.500011058.5479   19.2206
    0.0000   45.0000    7.500011649.0869   19.2369
    7.5000   45.0000    7.500011027.3379   19.2234
   -7.5000  -45.0000   15.000011614.5107   19.4487
    0.0000  -45.0000   15.000012262.8721   19.4567
    7.5000  -45.0000   15.000011707.1885   19.4510
   -7.5000  -37.5000   15.000012331.0303   19.3911
    0.0000  -37.5000   15.000013024.5156   19.3954
    7.5000  -37.5000   15.000012393.7686   19.3948
   -7.5000  -30.0000   15.000013740.4717   19.3545
    0.0000  -30.0000   15.000014633.8027   19.3637
    7.5000  -30.0000   15.000013799.0322   19.3729
   -7.5000  -22.5000   15.000015093.9414   19.3522
    0.0000  -22.5000   15.000016400.5684   19.3691
    7.5000  -22.5000   15.000015215.6650   19.3837
   -7.5000  -15.0000   15.000015985.1025   19.3730
    0.0000  -15.0000   15.000017404.4258   19.3917
    7.5000  -15.0000   15.000016140.0186   19.4020
   -7.5000   -7.5000   15.000016423.3574   19.3897
    0.0000   -7.5000   15.000017701.0488   19.4042
    7.5000   -7.5000   15.000016548.7383   19.4037
   -7.5000    0.0000   15.000016693.7441   19.3827
    0.0000    0.0000   15.000017871.2949   19.3906
    7.5000    0.0000   15.000016811.8125   19.3848
   -7.5000    7.5000   15.000015762.1582   19.3569
    0.0000    7.5000   15.000016826.9277   19.3612
    7.5000    7.5000   15.000015901.2734   19.3606
   -7.5000   15.0000   15.000014692.7568   19.3394
    0.0000   15.0000   15.000015650.7451   19.3485
    7.5000   15.0000   15.000014815.2754   19.3577
   -7.5000   22.5000   15.000013574.2432   19.3679
    0.0000   22.5000   15.000014446.0967   19.3849
    7.5000   22.5000   15.000013664.0586   19.3996
   -7.5000   30.0000   15.000012422.4814   19.2376
    0.0000   30.0000   15.000013211.1729   19.2557
    7.5000   30.0000   15.000012481.6504   19.2658
   -7.5000   37.5000   15.000011718.6055   19.4327
    0.0000   37.5000   15.000012437.7646   19.4477
    7.5000   37.5000   15.000011730.2334   19.4475
   -7.5000   45.0000   15.000010540.1484   19.2689
    0.0000   45.0000   15.000011131.6982   19.2799
    7.5000   45.0000   15.000010497.8096   19.2777
   -7.5000  -45.0000   22.500011043.7520   19.5150
    0.0000  -45.0000   22.500011662.6914   19.5142
    7.5000  -45.0000   22.500011137.4697   19.5132
   -7.5000  -37.5000   22.500011715.8750   19.4575
    0.0000  -37.5000   22.500012380.0039   19.4567
    7.5000  -37.5000   22.500011808.9951   19.4631
   -7.5000  -30.0000   22.500012935.7861   19.4259
    0.0000  -30.0000   22.500013743.1953   19.4308
    7.5000  -30.0000   22.500013047.0430   19.4467
   -7.5000  -22.5000   22.500014042.5518   19.4274
    0.0000  -22.5000   22.500015104.3936   19.4372
    7.5000  -22.5000   22.500014205.5596   19.4560
   -7.5000  -15.0000   22.500014809.2031   19.4484
    0.0000  -15.0000   22.500015795.6162   19.4569
    7.5000  -15.0000   22.500014989.2168   19.4692
   -7.5000   -7.5000   22.500015221.7637   19.4608
    0.0000   -7.5000   22.500016085.5088   19.4646
    7.5000   -7.5000   22.500015387.6318   19.4663
   -7.5000    0.0000   22.500015524.6602   19.4485
    0.0000    0.0000   22.500016386.3555   19.4476
    7.5000    0.0000   22.500015703.1895   19.4464
   -7.5000    7.5000   22.500014697.8281   19.4232
    0.0000    7.5000   22.500015562.3262   19.4223
    7.5000    7.5000   22.500014900.8633   19.4287
   -7.5000   15.0000   22.500013773.8350   19.4106
    0.0000   15.0000   22.500014596.6270   19.4155
    7.5000   15.0000   22.500013943.3926   19.4314
   -7.5000   22.5000   22.500012731.9355   19.4425
    0.0000   22.5000   22.500013494.7168   19.4525
    7.5000   22.5000   22.500012855.4658   19.4713
   -7.5000   30.0000   22.500011629.2881   19.3098
    0.0000   30.0000   22.500012330.3242   19.3181
    7.5000   30.0000   22.500011710.1562   19.3305
   -7.5000   37.5000   22.500010964.8711   19.5066
    0.0000   37.5000   22.500011612.8682   19.5111
    7.5000   37.5000   22.500011009.1367   19.5133
   -7.5000   45.0000   22.5000 9872.1982   19.3461
    0.0000   45.0000   22.500010421.8730   19.3463
    7.5000   45.0000   22.5000 9873.9922   19.3478
   -7.5000  -45.0000   30.000010292.9492   19.6722
    0.0000  -45.0000   30.000010868.1621   19.6681
    7.5000  -45.0000   30.000010407.4482   19.6634
   -7.5000  -37.5000   30.000010877.1514   19.6125
    0.0000  -37.5000   30.000011475.7217   19.6079
    7.5000  -37.5000   30.000010982.0693   19.6114
   -7.5000  -30.0000   30.000011900.6133   19.5826
    0.0000  -30.0000   30.000012618.9902   19.5826
    7.5000  -30.0000   30.000012041.6523   19.5973
   -7.5000  -22.5000   30.000012844.2686   19.5882
    0.0000  -22.5000   30.000013667.5137   19.5926
    7.5000  -22.5000   30.000012991.8066   19.6112
   -7.5000  -15.0000   30.000013554.5117   19.6112
    0.0000  -15.0000   30.000014290.5195   19.6154
    7.5000  -15.0000   30.000013657.4971   19.6276
   -7.5000   -7.5000   30.000014012.0088   19.6210
    0.0000   -7.5000   30.000014697.1641   19.6212
    7.5000   -7.5000   30.000014108.8721   19.6211
   -7.5000    0.0000   30.000014343.6279   19.6043
    0.0000    0.0000   30.000015077.0645   19.6002
    7.5000    0.0000   30.000014451.9922   19.5954
   -7.5000    7.5000   30.000013602.2051   19.5776
    0.0000    7.5000   30.000014328.2002   19.5731
    7.5000    7.5000   30.000013709.6953   19.5765
   -7.5000   15.0000   30.000012742.5273   19.5672
    0.0000   15.0000   30.000013425.6855   19.5672
    7.5000   15.0000   30.000012845.4111   19.5818
   -7.5000   22.5000   30.000011766.3164   19.6027
    0.0000   22.5000   30.000012408.9131   19.6073
    7.5000   22.5000   30.000011858.0469   19.6261
   -7.5000   30.0000   30.000010740.5059   19.4711
    0.0000   30.0000   30.000011340.4688   19.4757
    7.5000   30.0000   30.000010800.9287   19.4881
   -7.5000   37.5000   30.000010119.2871   19.6676
    0.0000   37.5000   30.000010646.1885   19.6678
    7.5000   37.5000   30.000010143.8037   19.6677
   -7.5000   45.0000   30.0000 9123.3252   19.5092
    0.0000   45.0000   30.0000 9603.3555   19.5038
    7.5000   45.0000   30.0000 9141.5957   19.5001
   -7.5000  -45.0000   37.5000 9989.7998   20.2149
    0.0000  -45.0000   37.500010542.9014   20.2176
    7.5000  -45.0000   37.500010073.2080   20.2018
   -7.5000  -37.5000   37.500010528.1846   20.1485
    0.0000  -37.5000   37.500011097.3535   20.1463
    7.5000  -37.5000   37.500010619.6807   20.1370
   -7.5000  -30.0000   37.500011485.2715   20.1125
    0.0000  -30.0000   37.500012126.8477   20.1131
    7.5000  -30.0000   37.500011611.7471   20.1184
   -7.5000  -22.5000   37.500012386.8262   20.1192
    0.0000  -22.5000   37.500013034.7695   20.1271
    7.5000  -22.5000   37.500012459.9453   20.1416
   -7.5000  -15.0000   37.500013090.7070   20.1465
    0.0000  -15.0000   37.500013673.2793   20.1587
    7.5000  -15.0000   37.500013124.9746   20.1687
   -7.5000   -7.5000   37.500013582.8340   20.1593
    0.0000   -7.5000   37.500014148.4746   20.1691
    7.5000   -7.5000   37.500013622.0127   20.1632
   -7.5000    0.0000   37.500013904.2861   20.1431
    0.0000    0.0000   37.500014513.2979   20.1457
    7.5000    0.0000   37.500013954.0889   20.1299
   -7.5000    7.5000   37.500013178.6318   20.1116
    0.0000    7.5000   37.500013794.6328   20.1095
    7.5000    7.5000   37.500013229.9453   20.1002
   -7.5000   15.0000   37.500012344.3047   20.0965
    0.0000   15.0000   37.500012958.6699   20.0971
    7.5000   15.0000   37.500012385.3818   20.1025
   -7.5000   22.5000   37.500011407.3633   20.1345
    0.0000   22.5000   37.500011996.9092   20.1427
    7.5000   22.5000   37.500011466.4941   20.1573
   -7.5000   30.0000   37.500010422.3379   20.0081
    0.0000   30.0000   37.500010961.5381   20.0206
    7.5000   30.0000   37.500010465.0059   20.0306
   -7.5000   37.5000   37.5000 9803.6299   20.2125
    0.0000   37.5000   37.500010287.0264   20.2209
    7.5000   37.5000   37.5000 9805.5518   20.2144
   -7.5000   45.0000   37.5000 8862.6641   20.0562
    0.0000   45.0000   37.5000 9313.2959   20.0572
    7.5000   45.0000   37.5000 8861.9238   20.0417
   -7.5000  -45.0000   45.0000 9204.1729   20.6912
    0.0000  -45.0000   45.0000 9677.7100   20.7026
    7.5000  -45.0000   45.0000 9236.4189   20.6790
   -7.5000  -37.5000   45.0000 9701.0312   20.6195
    0.0000  -37.5000   45.000010179.4199   20.6213
    7.5000  -37.5000   45.0000 9737.1738   20.6013
   -7.5000  -30.0000   45.000010597.2402   20.5743
    0.0000  -30.0000   45.000011125.8242   20.5772
    7.5000  -30.0000   45.000010659.9961   20.5738
   -7.5000  -22.5000   45.000011406.7588   20.5773
    0.0000  -22.5000   45.000011927.8662   20.5910
    7.5000  -22.5000   45.000011419.7354   20.6017
   -7.5000  -15.0000   45.000012040.5234   20.6071
    0.0000  -15.0000   45.000012540.7910   20.6295
    7.5000  -15.0000   45.000012036.5400   20.6383
   -7.5000   -7.5000   45.000012515.5674   20.6263
    0.0000   -7.5000   45.000013033.2979   20.6474
    7.5000   -7.5000   45.000012514.9893   20.6384
   -7.5000    0.0000   45.000012823.1318   20.6156
    0.0000    0.0000   45.000013355.8760   20.6268
    7.5000    0.0000   45.000012830.4590   20.6032
   -7.5000    7.5000   45.000012145.7764   20.5806
    0.0000    7.5000   45.000012676.3438   20.5824
    7.5000    7.5000   45.000012157.6836   20.5625
   -7.5000   15.0000   45.000011352.6055   20.5576
    0.0000   15.0000   45.000011900.6592   20.5606
    7.5000   15.0000   45.000011395.7979   20.5572
   -7.5000   22.5000   45.000010503.1797   20.5944
    0.0000   22.5000   45.000011037.7070   20.6081
    7.5000   22.5000   45.000010542.8623   20.6190
   -7.5000   30.0000   45.0000 9607.8125   20.4703
    0.0000   30.0000   45.000010099.2852   20.4925
    7.5000   30.0000   45.0000 9624.7949   20.5010
   -7.5000   37.5000   45.0000 9029.7920   20.6845
    0.0000   37.5000   45.0000 9470.3486   20.7038
    7.5000   37.5000   45.0000 9014.4961   20.6938
   -7.5000   45.0000   45.0000 8188.5098   20.5380
    0.0000   45.0000   45.0000 8579.4551   20.5500
    7.5000   45.0000   45.0000 8164.3120   20.5276

---------------------------------------------------------------------
imgreg_4dfp /usr/local/freesurfer/average/711-2C_as_mni_average_305 /usr/local/freesurfer/average/711-2B_as_mni_average_305_mask talsrcimg_g11 none talsrcimg_to_711-2C_as_mni_average_305_t4 4355
---------------------------------------------------------------------

freesurfer imgreg_4dfp.c
/usr/local/freesurfer/average/711-2C_as_mni_average_305.4dfp.img
       256       256       256         1
  1.000000  1.000000  1.000000
orientation T byte_order littleendian
Reading image: /usr/local/freesurfer/average/711-2C_as_mni_average_305.4dfp.img
dimensions:      256       256       256
mmppix:       1.0000   -1.0000   -1.0000
center:     128.0000 -129.0000 -129.0000
/usr/local/freesurfer/average/711-2B_as_mni_average_305_mask.4dfp.img
       256       256       256         1
  1.000000  1.000000  1.000000
orientation T byte_order littleendian
Reading mask: /usr/local/freesurfer/average/711-2B_as_mni_average_305_mask.4dfp.img (2306576 pixels)
talsrcimg_g11.4dfp.img
       256       256       256         1
  1.000000  1.000000  1.000000
orientation T byte_order littleendian
Reading image: talsrcimg_g11.4dfp.img
dimensions:      256       256       256
mmppix:       1.0000   -1.0000   -1.0000
center:     128.0000 -129.0000 -129.0000
rotation matrix determinant  1.000000
image alignment mode   4355 decimal     1103 hex
   -7.5000  -45.0000  -45.0000 2437.6680   20.9247
    0.0000  -45.0000  -45.0000 2443.0178   20.8664
    7.5000  -45.0000  -45.0000 2436.2087   20.9727
   -7.5000  -37.5000  -45.0000 2468.8359   20.3101
    0.0000  -37.5000  -45.0000 2475.5698   20.1960
    7.5000  -37.5000  -45.0000 2467.7124   20.3993
   -7.5000  -30.0000  -45.0000 2488.4185   20.0526
    0.0000  -30.0000  -45.0000 2494.1074   19.9284
    7.5000  -30.0000  -45.0000 2483.6472   20.1496
   -7.5000  -22.5000  -45.0000 2497.1658   20.0858
    0.0000  -22.5000  -45.0000 2506.5037   19.9805
    7.5000  -22.5000  -45.0000 2496.8591   20.1743
   -7.5000  -15.0000  -45.0000 2500.0369   20.2687
    0.0000  -15.0000  -45.0000 2506.1287   20.1773
    7.5000  -15.0000  -45.0000 2494.7830   20.3566
   -7.5000   -7.5000  -45.0000 2488.8440   20.7148
    0.0000   -7.5000  -45.0000 2495.9297   20.6445
    7.5000   -7.5000  -45.0000 2478.8892   20.7843
   -7.5000    0.0000  -45.0000 2460.2554   21.4241
    0.0000    0.0000  -45.0000 2464.6460   21.3359
    7.5000    0.0000  -45.0000 2447.6511   21.4614
   -7.5000    7.5000  -45.0000 2411.1565   22.3917
    0.0000    7.5000  -45.0000 2419.1465   22.3075
    7.5000    7.5000  -45.0000 2397.8882   22.3849
   -7.5000   15.0000  -45.0000 2347.3523   23.5470
    0.0000   15.0000  -45.0000 2356.3875   23.4786
    7.5000   15.0000  -45.0000 2337.5127   23.5862
   -7.5000   22.5000  -45.0000 2268.6821   25.1488
    0.0000   22.5000  -45.0000 2277.9280   25.1456
    7.5000   22.5000  -45.0000 2260.3723   25.2598
   -7.5000   30.0000  -45.0000 2163.8945   27.3192
    0.0000   30.0000  -45.0000 2175.7354   27.3316
    7.5000   30.0000  -45.0000 2159.3044   27.4573
   -7.5000   37.5000  -45.0000 2051.0564   30.1550
    0.0000   37.5000  -45.0000 2064.5125   30.1560
    7.5000   37.5000  -45.0000 2046.6309   30.2222
   -7.5000   45.0000  -45.0000 1933.7909   33.7046
    0.0000   45.0000  -45.0000 1944.0062   33.6580
    7.5000   45.0000  -45.0000 1927.3887   33.7136
   -7.5000  -45.0000  -37.5000 2522.9780   19.6981
    0.0000  -45.0000  -37.5000 2533.5649   19.5537
    7.5000  -45.0000  -37.5000 2527.8462   19.7321
   -7.5000  -37.5000  -37.5000 2550.1248   19.0526
    0.0000  -37.5000  -37.5000 2562.4050   18.8397
    7.5000  -37.5000  -37.5000 2557.7903   19.0698
   -7.5000  -30.0000  -37.5000 2573.4695   18.7373
    0.0000  -30.0000  -37.5000 2583.1421   18.5143
    7.5000  -30.0000  -37.5000 2578.3010   18.7700
   -7.5000  -22.5000  -37.5000 2590.4299   18.6966
    0.0000  -22.5000  -37.5000 2595.2021   18.4924
    7.5000  -22.5000  -37.5000 2588.1372   18.7569
   -7.5000  -15.0000  -37.5000 2595.3000   18.8615
    0.0000  -15.0000  -37.5000 2597.3599   18.6997
    7.5000  -15.0000  -37.5000 2589.3794   18.9397
   -7.5000   -7.5000  -37.5000 2588.8877   19.2922
    0.0000   -7.5000  -37.5000 2594.1641   19.1534
    7.5000   -7.5000  -37.5000 2582.8772   19.3805
   -7.5000    0.0000  -37.5000 2554.0906   19.9171
    0.0000    0.0000  -37.5000 2558.3547   19.7970
    7.5000    0.0000  -37.5000 2545.0332   19.9953
   -7.5000    7.5000  -37.5000 2500.7817   20.7651
    0.0000    7.5000  -37.5000 2515.2063   20.6810
    7.5000    7.5000  -37.5000 2490.5615   20.8329
   -7.5000   15.0000  -37.5000 2439.4016   21.8223
    0.0000   15.0000  -37.5000 2456.9004   21.7600
    7.5000   15.0000  -37.5000 2434.3904   21.9133
   -7.5000   22.5000  -37.5000 2357.8862   23.2982
    0.0000   22.5000  -37.5000 2373.1150   23.2439
    7.5000   22.5000  -37.5000 2356.4810   23.3746
   -7.5000   30.0000  -37.5000 2251.5623   25.2637
    0.0000   30.0000  -37.5000 2267.7607   25.2120
    7.5000   30.0000  -37.5000 2250.9355   25.3421
   -7.5000   37.5000  -37.5000 2135.3582   27.8236
    0.0000   37.5000  -37.5000 2151.9241   27.7734
    7.5000   37.5000  -37.5000 2132.2314   27.8587
   -7.5000   45.0000  -37.5000 2017.4700   31.0415
    0.0000   45.0000  -37.5000 2030.1262   31.0768
    7.5000   45.0000  -37.5000 2012.1611   31.1238
   -7.5000  -45.0000  -30.0000 2642.7388   19.1730
    0.0000  -45.0000  -30.0000 2657.2117   18.9454
    7.5000  -45.0000  -30.0000 2649.7964   19.1757
   -7.5000  -37.5000  -30.0000 2683.4326   18.5049
    0.0000  -37.5000  -30.0000 2691.5042   18.2351
    7.5000  -37.5000  -30.0000 2688.6155   18.4875
   -7.5000  -30.0000  -30.0000 2703.1047   18.1491
    0.0000  -30.0000  -30.0000 2711.0142   17.8685
    7.5000  -30.0000  -30.0000 2706.6221   18.1351
   -7.5000  -22.5000  -30.0000 2726.6477   18.0818
    0.0000  -22.5000  -30.0000 2729.0974   17.8229
    7.5000  -22.5000  -30.0000 2726.0120   18.0703
   -7.5000  -15.0000  -30.0000 2727.1982   18.1898
    0.0000  -15.0000  -30.0000 2734.1816   17.9913
    7.5000  -15.0000  -30.0000 2729.5105   18.2421
   -7.5000   -7.5000  -30.0000 2722.9622   18.6075
    0.0000   -7.5000  -30.0000 2732.5820   18.4448
    7.5000   -7.5000  -30.0000 2723.9446   18.7019
   -7.5000    0.0000  -30.0000 2690.6052   19.1684
    0.0000    0.0000  -30.0000 2701.1699   19.0274
    7.5000    0.0000  -30.0000 2688.2703   19.2585
   -7.5000    7.5000  -30.0000 2635.8816   19.9229
    0.0000    7.5000  -30.0000 2654.3013   19.7878
    7.5000    7.5000  -30.0000 2635.5835   20.0126
   -7.5000   15.0000  -30.0000 2573.0620   20.9536
    0.0000   15.0000  -30.0000 2584.7607   20.7863
    7.5000   15.0000  -30.0000 2572.6152   21.0128
   -7.5000   22.5000  -30.0000 2492.4360   22.3965
    0.0000   22.5000  -30.0000 2504.5894   22.2165
    7.5000   22.5000  -30.0000 2494.5037   22.4291
   -7.5000   30.0000  -30.0000 2385.4780   24.2812
    0.0000   30.0000  -30.0000 2396.4292   24.1065
    7.5000   30.0000  -30.0000 2382.4731   24.3165
   -7.5000   37.5000  -30.0000 2261.3733   26.7050
    0.0000   37.5000  -30.0000 2273.0415   26.5584
    7.5000   37.5000  -30.0000 2253.3643   26.6942
   -7.5000   45.0000  -30.0000 2132.6309   29.8207
    0.0000   45.0000  -30.0000 2146.8838   29.7513
    7.5000   45.0000  -30.0000 2124.9648   29.8356
   -7.5000  -45.0000  -22.5000 2739.3210   18.5812
    0.0000  -45.0000  -22.5000 2753.4189   18.3558
    7.5000  -45.0000  -22.5000 2753.1101   18.6369
   -7.5000  -37.5000  -22.5000 2781.6997   17.8660
    0.0000  -37.5000  -22.5000 2789.7517   17.5976
    7.5000  -37.5000  -22.5000 2789.8838   17.8479
   -7.5000  -30.0000  -22.5000 2807.1531   17.4722
    0.0000  -30.0000  -22.5000 2810.8616   17.2137
    7.5000  -30.0000  -22.5000 2807.8391   17.4601
   -7.5000  -22.5000  -22.5000 2818.0693   17.3401
    0.0000  -22.5000  -22.5000 2821.3843   17.0826
    7.5000  -22.5000  -22.5000 2822.5261   17.3004
   -7.5000  -15.0000  -22.5000 2815.2344   17.4125
    0.0000  -15.0000  -22.5000 2825.0630   17.2004
    7.5000  -15.0000  -22.5000 2823.3804   17.4049
   -7.5000   -7.5000  -22.5000 2817.5059   17.8152
    0.0000   -7.5000  -22.5000 2828.5249   17.6004
    7.5000   -7.5000  -22.5000 2824.3684   17.8377
   -7.5000    0.0000  -22.5000 2788.0767   18.3237
    0.0000    0.0000  -22.5000 2800.9360   18.1356
    7.5000    0.0000  -22.5000 2794.6191   18.3949
   -7.5000    7.5000  -22.5000 2743.3896   19.0551
    0.0000    7.5000  -22.5000 2758.9561   18.8491
    7.5000    7.5000  -22.5000 2750.2178   19.1292
   -7.5000   15.0000  -22.5000 2680.4880   20.0261
    0.0000   15.0000  -22.5000 2689.6323   19.8273
    7.5000   15.0000  -22.5000 2680.4829   20.0948
   -7.5000   22.5000  -22.5000 2595.3333   21.4017
    0.0000   22.5000  -22.5000 2606.8906   21.1948
    7.5000   22.5000  -22.5000 2603.5488   21.4569
   -7.5000   30.0000  -22.5000 2488.1812   23.2148
    0.0000   30.0000  -22.5000 2496.3511   23.0031
    7.5000   30.0000  -22.5000 2488.1113   23.2655
   -7.5000   37.5000  -22.5000 2359.7842   25.5667
    0.0000   37.5000  -22.5000 2369.8584   25.3624
    7.5000   37.5000  -22.5000 2354.9258   25.5744
   -7.5000   45.0000  -22.5000 2221.6685   28.5200
    0.0000   45.0000  -22.5000 2235.2505   28.3341
    7.5000   45.0000  -22.5000 2215.7791   28.5566
   -7.5000  -45.0000  -15.0000 2792.5422   18.0413
    0.0000  -45.0000  -15.0000 2801.1152   17.8757
    7.5000  -45.0000  -15.0000 2799.6995   18.1042
   -7.5000  -37.5000  -15.0000 2837.8318   17.2664
    0.0000  -37.5000  -15.0000 2841.9878   17.0900
    7.5000  -37.5000  -15.0000 2841.7898   17.2737
   -7.5000  -30.0000  -15.0000 2858.7859   16.8337
    0.0000  -30.0000  -15.0000 2862.0117   16.6309
    7.5000  -30.0000  -15.0000 2861.2588   16.8121
   -7.5000  -22.5000  -15.0000 2864.5415   16.6121
    0.0000  -22.5000  -15.0000 2869.5923   16.4206
    7.5000  -22.5000  -15.0000 2865.4871   16.5883
   -7.5000  -15.0000  -15.0000 2866.0603   16.6658
    0.0000  -15.0000  -15.0000 2871.2556   16.4656
    7.5000  -15.0000  -15.0000 2868.7219   16.6549
   -7.5000   -7.5000  -15.0000 2869.0056   17.0384
    0.0000   -7.5000  -15.0000 2871.4402   16.8098
    7.5000   -7.5000  -15.0000 2865.5374   17.0178
   -7.5000    0.0000  -15.0000 2835.8894   17.5023
    0.0000    0.0000  -15.0000 2851.2292   17.3404
    7.5000    0.0000  -15.0000 2841.6477   17.5442
   -7.5000    7.5000  -15.0000 2799.4409   18.2293
    0.0000    7.5000  -15.0000 2817.3811   18.0803
    7.5000    7.5000  -15.0000 2805.6985   18.2803
   -7.5000   15.0000  -15.0000 2740.5547   19.1969
    0.0000   15.0000  -15.0000 2754.6423   19.0524
    7.5000   15.0000  -15.0000 2744.0696   19.2736
   -7.5000   22.5000  -15.0000 2662.8750   20.5311
    0.0000   22.5000  -15.0000 2673.8647   20.3511
    7.5000   22.5000  -15.0000 2670.7932   20.6357
   -7.5000   30.0000  -15.0000 2558.2227   22.3192
    0.0000   30.0000  -15.0000 2566.5261   22.0987
    7.5000   30.0000  -15.0000 2558.6172   22.4002
   -7.5000   37.5000  -15.0000 2419.6870   24.5313
    0.0000   37.5000  -15.0000 2432.4893   24.3095
    7.5000   37.5000  -15.0000 2421.2085   24.5904
   -7.5000   45.0000  -15.0000 2273.2510   27.3215
    0.0000   45.0000  -15.0000 2286.3518   27.1471
    7.5000   45.0000  -15.0000 2271.7778   27.3960
   -7.5000  -45.0000   -7.5000 2812.3757   17.6669
    0.0000  -45.0000   -7.5000 2816.6934   17.5087
    7.5000  -45.0000   -7.5000 2810.4519   17.6899
   -7.5000  -37.5000   -7.5000 2859.8792   16.8720
    0.0000  -37.5000   -7.5000 2858.9019   16.7150
    7.5000  -37.5000   -7.5000 2851.6123   16.8367
   -7.5000  -30.0000   -7.5000 2882.4949   16.3934
    0.0000  -30.0000   -7.5000 2879.7297   16.2713
    7.5000  -30.0000   -7.5000 2875.2180   16.3380
   -7.5000  -22.5000   -7.5000 2889.6853   16.1376
    0.0000  -22.5000   -7.5000 2891.1384   16.0635
    7.5000  -22.5000   -7.5000 2885.5728   16.1161
   -7.5000  -15.0000   -7.5000 2886.3687   16.0585
    0.0000  -15.0000   -7.5000 2885.7249   15.9103
    7.5000  -15.0000   -7.5000 2882.8567   16.0824
   -7.5000   -7.5000   -7.5000 2883.0369   16.3487
    0.0000   -7.5000   -7.5000 2880.8267   16.1755
    7.5000   -7.5000   -7.5000 2876.6846   16.3579
   -7.5000    0.0000   -7.5000 2856.6055   16.8248
    0.0000    0.0000   -7.5000 2869.5620   16.7160
    7.5000    0.0000   -7.5000 2856.6331   16.8544
   -7.5000    7.5000   -7.5000 2828.0452   17.5091
    0.0000    7.5000   -7.5000 2843.9109   17.4119
    7.5000    7.5000   -7.5000 2830.1489   17.5795
   -7.5000   15.0000   -7.5000 2773.4824   18.4676
    0.0000   15.0000   -7.5000 2788.0823   18.3455
    7.5000   15.0000   -7.5000 2781.2544   18.5656
   -7.5000   22.5000   -7.5000 2707.8464   19.8440
    0.0000   22.5000   -7.5000 2715.5466   19.6554
    7.5000   22.5000   -7.5000 2707.8813   19.8953
   -7.5000   30.0000   -7.5000 2603.7126   21.6077
    0.0000   30.0000   -7.5000 2610.9773   21.4076
    7.5000   30.0000   -7.5000 2598.0901   21.6646
   -7.5000   37.5000   -7.5000 2474.2256   23.8339
    0.0000   37.5000   -7.5000 2482.4587   23.5962
    7.5000   37.5000   -7.5000 2469.1133   23.8385
   -7.5000   45.0000   -7.5000 2316.1868   26.4889
    0.0000   45.0000   -7.5000 2327.5972   26.2948
    7.5000   45.0000   -7.5000 2310.0183   26.5214
   -7.5000  -45.0000    0.0000 2805.4260   17.5482
    0.0000  -45.0000    0.0000 2811.7322   17.4648
    7.5000  -45.0000    0.0000 2800.0688   17.5588
   -7.5000  -37.5000    0.0000 2854.3240   16.7076
    0.0000  -37.5000    0.0000 2859.0149   16.6788
    7.5000  -37.5000    0.0000 2843.1338   16.6882
   -7.5000  -30.0000    0.0000 2883.0681   16.2829
    0.0000  -30.0000    0.0000 2889.2825   16.3219
    7.5000  -30.0000    0.0000 2871.5125   16.2628
   -7.5000  -22.5000    0.0000 2897.6853   16.1102
    0.0000  -22.5000    0.0000 2913.1086   16.2103
    7.5000  -22.5000    0.0000 2890.1255   16.0862
   -7.5000  -15.0000    0.0000 2897.6934   15.9773
    0.0000  -15.0000    0.0000 2915.3027   16.1156
    7.5000  -15.0000    0.0000 2893.7571   16.0367
   -7.5000   -7.5000    0.0000 2888.8940   16.0533
    0.0000   -7.5000    0.0000 2900.2368   16.1349
    7.5000   -7.5000    0.0000 2880.9600   16.1492
   -7.5000    0.0000    0.0000 2862.1570   16.4120
    0.0000    0.0000    0.0000 2891.6641   16.5203
    7.5000    0.0000    0.0000 2858.8792   16.4934
   -7.5000    7.5000    0.0000 2834.7937   17.0268
    0.0000    7.5000    0.0000 2871.5364   17.0879
    7.5000    7.5000    0.0000 2839.6956   17.0898
   -7.5000   15.0000    0.0000 2792.3464   18.0183
    0.0000   15.0000    0.0000 2820.5454   17.9841
    7.5000   15.0000    0.0000 2795.3987   18.0304
   -7.5000   22.5000    0.0000 2730.6877   19.4248
    0.0000   22.5000    0.0000 2749.3276   19.3461
    7.5000   22.5000    0.0000 2727.6729   19.3897
   -7.5000   30.0000    0.0000 2637.0874   21.2675
    0.0000   30.0000    0.0000 2656.2041   21.1533
    7.5000   30.0000    0.0000 2629.4492   21.1992
   -7.5000   37.5000    0.0000 2516.2795   23.5109
    0.0000   37.5000    0.0000 2532.9800   23.3722
    7.5000   37.5000    0.0000 2508.5918   23.4370
   -7.5000   45.0000    0.0000 2355.5720   26.1679
    0.0000   45.0000    0.0000 2365.6401   26.0924
    7.5000   45.0000    0.0000 2346.1875   26.1227
   -7.5000  -45.0000    7.5000 2785.3281   17.7446
    0.0000  -45.0000    7.5000 2787.9338   17.6482
    7.5000  -45.0000    7.5000 2776.6936   17.7525
   -7.5000  -37.5000    7.5000 2843.0837   16.8959
    0.0000  -37.5000    7.5000 2845.4451   16.8804
    7.5000  -37.5000    7.5000 2833.9641   16.9324
   -7.5000  -30.0000    7.5000 2878.5952   16.5391
    0.0000  -30.0000    7.5000 2890.4968   16.6154
    7.5000  -30.0000    7.5000 2872.9709   16.5561
   -7.5000  -22.5000    7.5000 2909.7036   16.4437
    0.0000  -22.5000    7.5000 2940.0652   16.7005
    7.5000  -22.5000    7.5000 2904.1882   16.4621
   -7.5000  -15.0000    7.5000 2913.4690   16.3060
    0.0000  -15.0000    7.5000 2978.2581   16.8206
    7.5000  -15.0000    7.5000 2918.8552   16.4416
   -7.5000   -7.5000    7.5000 2898.6968   16.1276
    0.0000   -7.5000    7.5000 2955.4058   16.5656
    7.5000   -7.5000    7.5000 2895.5513   16.2908
   -7.5000    0.0000    7.5000 2871.4949   16.2606
    0.0000    0.0000    7.5000 2909.6638   16.4743
    7.5000    0.0000    7.5000 2866.6958   16.3239
   -7.5000    7.5000    7.5000 2851.4236   16.8539
    0.0000    7.5000    7.5000 2873.2690   16.8474
    7.5000    7.5000    7.5000 2846.4258   16.8390
   -7.5000   15.0000    7.5000 2806.8679   17.8734
    0.0000   15.0000    7.5000 2827.0894   17.7679
    7.5000   15.0000    7.5000 2810.8726   17.8137
   -7.5000   22.5000    7.5000 2748.1089   19.2831
    0.0000   22.5000    7.5000 2763.6272   19.1074
    7.5000   22.5000    7.5000 2749.2822   19.2435
   -7.5000   30.0000    7.5000 2659.7285   21.1602
    0.0000   30.0000    7.5000 2673.6873   20.9467
    7.5000   30.0000    7.5000 2657.6750   21.1250
   -7.5000   37.5000    7.5000 2545.4326   23.4463
    0.0000   37.5000    7.5000 2558.0959   23.2385
    7.5000   37.5000    7.5000 2537.8950   23.3926
   -7.5000   45.0000    7.5000 2376.3369   26.0686
    0.0000   45.0000    7.5000 2388.5378   25.9694
    7.5000   45.0000    7.5000 2372.3835   26.0587
   -7.5000  -45.0000   15.0000 2733.4980   18.2337
    0.0000  -45.0000   15.0000 2737.0132   18.1731
    7.5000  -45.0000   15.0000 2730.3074   18.2628
   -7.5000  -37.5000   15.0000 2806.5422   17.3986
    0.0000  -37.5000   15.0000 2820.1477   17.4809
    7.5000  -37.5000   15.0000 2801.7910   17.4833
   -7.5000  -30.0000   15.0000 2861.3647   17.0030
    0.0000  -30.0000   15.0000 2889.3359   17.1682
    7.5000  -30.0000   15.0000 2856.6038   17.0540
   -7.5000  -22.5000   15.0000 2908.4868   16.8538
    0.0000  -22.5000   15.0000 2948.9766   17.1853
    7.5000  -22.5000   15.0000 2906.9939   16.9835
   -7.5000  -15.0000   15.0000 2911.1140   16.6362
    0.0000  -15.0000   15.0000 2974.7808   17.0985
    7.5000  -15.0000   15.0000 2915.2434   16.8396
   -7.5000   -7.5000   15.0000 2886.6846   16.2873
    0.0000   -7.5000   15.0000 2923.3284   16.5239
    7.5000   -7.5000   15.0000 2884.0024   16.5036
   -7.5000    0.0000   15.0000 2879.1775   16.4294
    0.0000    0.0000   15.0000 2892.1919   16.3871
    7.5000    0.0000   15.0000 2867.3142   16.4900
   -7.5000    7.5000   15.0000 2863.9285   16.9806
    0.0000    7.5000   15.0000 2884.2056   16.8672
    7.5000    7.5000   15.0000 2860.0671   16.9999
   -7.5000   15.0000   15.0000 2809.5225   17.9131
    0.0000   15.0000   15.0000 2831.0732   17.7623
    7.5000   15.0000   15.0000 2819.2708   17.9237
   -7.5000   22.5000   15.0000 2740.5471   19.2922
    0.0000   22.5000   15.0000 2756.4270   19.0920
    7.5000   22.5000   15.0000 2748.7649   19.2616
   -7.5000   30.0000   15.0000 2655.7646   21.1666
    0.0000   30.0000   15.0000 2669.1726   20.9904
    7.5000   30.0000   15.0000 2656.5139   21.1106
   -7.5000   37.5000   15.0000 2543.6580   23.4833
    0.0000   37.5000   15.0000 2556.4836   23.2488
    7.5000   37.5000   15.0000 2542.7124   23.3683
   -7.5000   45.0000   15.0000 2384.0664   26.1503
    0.0000   45.0000   15.0000 2395.3796   25.9412
    7.5000   45.0000   15.0000 2380.2705   26.0546
   -7.5000  -45.0000   22.5000 2690.7598   19.1214
    0.0000  -45.0000   22.5000 2694.9099   19.0409
    7.5000  -45.0000   22.5000 2684.5002   19.1713
   -7.5000  -37.5000   22.5000 2772.8496   18.1828
    0.0000  -37.5000   22.5000 2786.6270   18.1804
    7.5000  -37.5000   22.5000 2767.4973   18.1980
   -7.5000  -30.0000   22.5000 2832.5076   17.5762
    0.0000  -30.0000   22.5000 2853.4226   17.5719
    7.5000  -30.0000   22.5000 2831.8027   17.5880
   -7.5000  -22.5000   22.5000 2874.8801   17.1686
    0.0000  -22.5000   22.5000 2910.8130   17.3106
    7.5000  -22.5000   22.5000 2883.4963   17.2868
   -7.5000  -15.0000   22.5000 2881.0469   16.8211
    0.0000  -15.0000   22.5000 2920.1497   16.9806
    7.5000  -15.0000   22.5000 2888.4360   16.9808
   -7.5000   -7.5000   22.5000 2875.5413   16.5834
    0.0000   -7.5000   22.5000 2881.1924   16.4449
    7.5000   -7.5000   22.5000 2869.5422   16.7175
   -7.5000    0.0000   22.5000 2880.9033   16.7248
    0.0000    0.0000   22.5000 2886.4001   16.5322
    7.5000    0.0000   22.5000 2867.0017   16.7612
   -7.5000    7.5000   22.5000 2865.6926   17.3095
    0.0000    7.5000   22.5000 2884.4229   17.1125
    7.5000    7.5000   22.5000 2867.8496   17.3228
   -7.5000   15.0000   22.5000 2815.0269   18.2913
    0.0000   15.0000   22.5000 2839.3823   18.1208
    7.5000   15.0000   22.5000 2828.8833   18.3221
   -7.5000   22.5000   22.5000 2747.9971   19.6677
    0.0000   22.5000   22.5000 2765.3181   19.4673
    7.5000   22.5000   22.5000 2756.6738   19.6583
   -7.5000   30.0000   22.5000 2650.5037   21.4915
    0.0000   30.0000   22.5000 2664.9207   21.2976
    7.5000   30.0000   22.5000 2654.6890   21.4778
   -7.5000   37.5000   22.5000 2530.4539   23.7718
    0.0000   37.5000   22.5000 2543.4619   23.5819
    7.5000   37.5000   22.5000 2529.0647   23.6498
   -7.5000   45.0000   22.5000 2365.8552   26.4000
    0.0000   45.0000   22.5000 2374.9929   26.1709
    7.5000   45.0000   22.5000 2365.9236   26.2502
   -7.5000  -45.0000   30.0000 2637.8252   20.1330
    0.0000  -45.0000   30.0000 2638.5039   19.9485
    7.5000  -45.0000   30.0000 2631.6550   20.1040
   -7.5000  -37.5000   30.0000 2723.6069   18.9810
    0.0000  -37.5000   30.0000 2723.7454   18.8044
    7.5000  -37.5000   30.0000 2715.5396   18.9485
   -7.5000  -30.0000   30.0000 2785.0522   18.1902
    0.0000  -30.0000   30.0000 2791.2190   18.0915
    7.5000  -30.0000   30.0000 2778.8271   18.2224
   -7.5000  -22.5000   30.0000 2824.6250   17.5833
    0.0000  -22.5000   30.0000 2834.7825   17.5539
    7.5000  -22.5000   30.0000 2820.5864   17.6844
   -7.5000  -15.0000   30.0000 2848.3135   17.1846
    0.0000  -15.0000   30.0000 2851.8320   17.0533
    7.5000  -15.0000   30.0000 2832.3340   17.2483
   -7.5000   -7.5000   30.0000 2855.5916   17.0550
    0.0000   -7.5000   30.0000 2846.8228   16.7949
    7.5000   -7.5000   30.0000 2834.7339   17.0927
   -7.5000    0.0000   30.0000 2862.6011   17.2502
    0.0000    0.0000   30.0000 2867.0593   17.0406
    7.5000    0.0000   30.0000 2843.1350   17.2654
   -7.5000    7.5000   30.0000 2839.7566   17.8265
    0.0000    7.5000   30.0000 2858.1287   17.6339
    7.5000    7.5000   30.0000 2836.3613   17.8347
   -7.5000   15.0000   30.0000 2788.7634   18.7846
    0.0000   15.0000   30.0000 2807.5295   18.6112
    7.5000   15.0000   30.0000 2793.0930   18.8081
   -7.5000   22.5000   30.0000 2728.2969   20.1976
    0.0000   22.5000   30.0000 2740.5679   19.9458
    7.5000   22.5000   30.0000 2731.1501   20.1426
   -7.5000   30.0000   30.0000 2632.7126   21.9690
    0.0000   30.0000   30.0000 2653.5359   21.7473
    7.5000   30.0000   30.0000 2635.2771   21.9111
   -7.5000   37.5000   30.0000 2502.3809   24.2391
    0.0000   37.5000   30.0000 2513.3015   23.9949
    7.5000   37.5000   30.0000 2500.6377   24.0820
   -7.5000   45.0000   30.0000 2339.5945   26.9322
    0.0000   45.0000   30.0000 2348.6941   26.6640
    7.5000   45.0000   30.0000 2338.1809   26.7510
   -7.5000  -45.0000   37.5000 2578.5703   21.2316
    0.0000  -45.0000   37.5000 2575.3521   20.9844
    7.5000  -45.0000   37.5000 2562.2151   21.1561
   -7.5000  -37.5000   37.5000 2663.2520   19.9407
    0.0000  -37.5000   37.5000 2657.1550   19.6681
    7.5000  -37.5000   37.5000 2647.8831   19.8396
   -7.5000  -30.0000   37.5000 2713.0566   18.9050
    0.0000  -30.0000   37.5000 2713.6372   18.7309
    7.5000  -30.0000   37.5000 2702.2241   18.9120
   -7.5000  -22.5000   37.5000 2764.1418   18.2110
    0.0000  -22.5000   37.5000 2762.2351   18.0224
    7.5000  -22.5000   37.5000 2748.2888   18.2063
   -7.5000  -15.0000   37.5000 2794.7847   17.8138
    0.0000  -15.0000   37.5000 2787.3181   17.5137
    7.5000  -15.0000   37.5000 2772.0352   17.7785
   -7.5000   -7.5000   37.5000 2811.7681   17.7589
    0.0000   -7.5000   37.5000 2799.6438   17.4620
    7.5000   -7.5000   37.5000 2788.4480   17.7423
   -7.5000    0.0000   37.5000 2807.8682   18.0263
    0.0000    0.0000   37.5000 2799.3479   17.7675
    7.5000    0.0000   37.5000 2785.5581   17.9971
   -7.5000    7.5000   37.5000 2788.7249   18.5968
    0.0000    7.5000   37.5000 2794.6831   18.3478
    7.5000    7.5000   37.5000 2778.5371   18.5888
   -7.5000   15.0000   37.5000 2744.8098   19.5146
    0.0000   15.0000   37.5000 2758.7664   19.2875
    7.5000   15.0000   37.5000 2739.0156   19.4803
   -7.5000   22.5000   37.5000 2683.3701   20.8753
    0.0000   22.5000   37.5000 2695.5537   20.6079
    7.5000   22.5000   37.5000 2686.1445   20.8254
   -7.5000   30.0000   37.5000 2589.3137   22.6510
    0.0000   30.0000   37.5000 2606.4243   22.3715
    7.5000   30.0000   37.5000 2594.4614   22.5992
   -7.5000   37.5000   37.5000 2456.3960   24.8933
    0.0000   37.5000   37.5000 2466.3760   24.6281
    7.5000   37.5000   37.5000 2454.4219   24.7914
   -7.5000   45.0000   37.5000 2300.2734   27.5500
    0.0000   45.0000   37.5000 2314.0579   27.3826
    7.5000   45.0000   37.5000 2298.8296   27.4781
   -7.5000  -45.0000   45.0000 2507.5786   22.5558
    0.0000  -45.0000   45.0000 2502.5642   22.2389
    7.5000  -45.0000   45.0000 2489.0259   22.4137
   -7.5000  -37.5000   45.0000 2585.3550   21.0046
    0.0000  -37.5000   45.0000 2579.3689   20.6986
    7.5000  -37.5000   45.0000 2566.1860   20.8896
   -7.5000  -30.0000   45.0000 2646.9541   19.8778
    0.0000  -30.0000   45.0000 2643.7615   19.5804
    7.5000  -30.0000   45.0000 2631.3577   19.7894
   -7.5000  -22.5000   45.0000 2699.7917   19.0869
    0.0000  -22.5000   45.0000 2691.6555   18.7464
    7.5000  -22.5000   45.0000 2678.8923   18.9569
   -7.5000  -15.0000   45.0000 2727.2422   18.6542
    0.0000  -15.0000   45.0000 2718.5979   18.3235
    7.5000  -15.0000   45.0000 2708.5676   18.5969
   -7.5000   -7.5000   45.0000 2745.3074   18.6459
    0.0000   -7.5000   45.0000 2739.8738   18.3593
    7.5000   -7.5000   45.0000 2725.9319   18.6310
   -7.5000    0.0000   45.0000 2735.1128   19.0389
    0.0000    0.0000   45.0000 2727.1135   18.7224
    7.5000    0.0000   45.0000 2715.2522   18.9262
   -7.5000    7.5000   45.0000 2714.5881   19.6480
    0.0000    7.5000   45.0000 2712.7095   19.3135
    7.5000    7.5000   45.0000 2701.0359   19.5452
   -7.5000   15.0000   45.0000 2670.3101   20.4882
    0.0000   15.0000   45.0000 2684.0059   20.2059
    7.5000   15.0000   45.0000 2672.1123   20.4263
   -7.5000   22.5000   45.0000 2618.1970   21.7769
    0.0000   22.5000   45.0000 2631.8135   21.5062
    7.5000   22.5000   45.0000 2620.6558   21.7273
   -7.5000   30.0000   45.0000 2524.2195   23.5291
    0.0000   30.0000   45.0000 2538.6587   23.2875
    7.5000   30.0000   45.0000 2525.7415   23.4925
   -7.5000   37.5000   45.0000 2391.1445   25.7827
    0.0000   37.5000   45.0000 2403.3660   25.5753
    7.5000   37.5000   45.0000 2390.3186   25.6995
   -7.5000   45.0000   45.0000 2251.4417   28.5247
    0.0000   45.0000   45.0000 2269.2578   28.3952
    7.5000   45.0000   45.0000 2252.1577   28.4494

---------------------------------------------------------------------
imgreg_4dfp /usr/local/freesurfer/average/711-2C_as_mni_average_305 /usr/local/freesurfer/average/711-2B_as_mni_average_305_mask talsrcimg_g11 none talsrcimg_to_711-2C_as_mni_average_305_t4 1283
---------------------------------------------------------------------

freesurfer imgreg_4dfp.c
/usr/local/freesurfer/average/711-2C_as_mni_average_305.4dfp.img
       256       256       256         1
  1.000000  1.000000  1.000000
orientation T byte_order littleendian
Reading image: /usr/local/freesurfer/average/711-2C_as_mni_average_305.4dfp.img
dimensions:      256       256       256
mmppix:       1.0000   -1.0000   -1.0000
center:     128.0000 -129.0000 -129.0000
/usr/local/freesurfer/average/711-2B_as_mni_average_305_mask.4dfp.img
       256       256       256         1
  1.000000  1.000000  1.000000
orientation T byte_order littleendian
Reading mask: /usr/local/freesurfer/average/711-2B_as_mni_average_305_mask.4dfp.img (2306576 pixels)
talsrcimg_g11.4dfp.img
       256       256       256         1
  1.000000  1.000000  1.000000
orientation T byte_order littleendian
Reading image: talsrcimg_g11.4dfp.img
dimensions:      256       256       256
mmppix:       1.0000   -1.0000   -1.0000
center:     128.0000 -129.0000 -129.0000
rotation matrix determinant  1.000000
fimgreg.f
image alignment mode   1283 decimal      503 hex
parameters
    0.0000  -15.0000    7.5000    0.0000    0.0000    0.0000
eta,q 0.93339 16.86521
niter,ni,del,rscale     5    3   12.0000    1.2000
parameter  4  2.058644 ->  0.500000 qaram    1.1500
parameter  6 -0.522416 -> -0.500000 qaram    1.1500
parameters
   -0.4797  -14.8979    9.9723   -3.4500    0.1113    3.4500
eta,q 0.93922 16.89271
  0.0792  0.0722  0.0817  0.0610  0.0693  0.0673
  0.0740  0.0688  0.0740  0.0613  0.0658  0.0648
  0.0677  0.0658  0.0674  0.0619  0.0633  0.0629
  0.0641  0.0641  0.0640  0.0633  0.0614  0.0614
  0.0674  0.0648  0.0631  0.0634  0.0622  0.0608
  0.0767  0.0672  0.0626  0.0642  0.0656  0.0608
  0.0864  0.0728  0.0659  0.0658  0.0689  0.0614
niter,ni,del,rscale     6    3   12.0000    1.2000
parameter  4 -8.120355 ->  0.500000 qaram    1.3225
parameter  6-26.582247 ->  0.500000 qaram    1.3225
parameters
    0.0651  -14.0328   10.2578   -7.4175   -0.2172   -0.5175
eta,q 0.94072 16.84912
  0.0833  0.0704  0.0734  0.0581  0.0683  0.0598
  0.0757  0.0660  0.0663  0.0609  0.0644  0.0591
  0.0664  0.0627  0.0620  0.0610  0.0619  0.0601
  0.0608  0.0608  0.0609  0.0607  0.0612  0.0612
  0.0635  0.0619  0.0611  0.0625  0.0622  0.0614
  0.0704  0.0639  0.0651  0.0634  0.0656  0.0616
  0.0775  0.0659  0.0710  0.0642  0.0702  0.0620
niter,ni,del,rscale     7    3   12.0000    1.2000
parameter  4  1.338357 ->  0.500000 qaram    1.5209
parameter  6 -0.842344 -> -0.500000 qaram    1.5209
parameters
   -0.3249  -11.8092   10.2606  -11.9801   -0.4142    4.0451
eta,q 0.94896 16.83998
  0.0757  0.0718  0.0667  0.0540  0.0604  0.0685
  0.0684  0.0673  0.0606  0.0542  0.0566  0.0621
  0.0613  0.0630  0.0592  0.0557  0.0550  0.0577
  0.0593  0.0591  0.0573  0.0573  0.0546  0.0546
  0.0649  0.0574  0.0576  0.0604  0.0545  0.0524
  0.0724  0.0581  0.0615  0.0625  0.0576  0.0507
  0.0787  0.0621  0.0666  0.0657  0.0613  0.0509
niter,ni,del,rscale     7    3   12.0000    1.2000
parameter  4  0.562397 ->  0.500000 qaram    1.7490
parameters
    0.2493  -11.1329    9.9527  -17.2272   -1.2707    4.4291
eta,q 0.94933 16.74425
  0.0736  0.0686  0.0572  0.0507  0.0582  0.0581
  0.0642  0.0612  0.0530  0.0509  0.0535  0.0538
  0.0556  0.0548  0.0526  0.0511  0.0511  0.0516
  0.0510  0.0509  0.0505  0.0508  0.0514  0.0509
  0.0527  0.0513  0.0508  0.0542  0.0540  0.0504
  0.0589  0.0566  0.0543  0.0601  0.0577  0.0528
  0.0670  0.0627  0.0594  0.0640  0.0622  0.0572
niter,ni,del,rscale     7    3   12.0000    1.2000
parameters
    0.4739   -9.5782    8.2086  -21.2338   -1.8224    3.8788
eta,q 0.95326 16.84705
  0.0705  0.0619  0.0529  0.0501  0.0545  0.0517
  0.0624  0.0584  0.0489  0.0477  0.0503  0.0479
  0.0559  0.0548  0.0477  0.0463  0.0473  0.0473
  0.0507  0.0504  0.0479  0.0475  0.0465  0.0464
  0.0532  0.0476  0.0518  0.0520  0.0485  0.0463
  0.0606  0.0494  0.0577  0.0539  0.0528  0.0492
  0.0685  0.0562  0.0639  0.0573  0.0577  0.0537
niter,ni,del,rscale     6    3   12.0000    1.2000
parameters
    0.4314   -8.2668    7.3113  -23.0795   -1.8574    3.9331
eta,q 0.95530 16.85618
  0.0684  0.0608  0.0555  0.0503  0.0542  0.0518
  0.0594  0.0557  0.0478  0.0473  0.0501  0.0480
  0.0517  0.0510  0.0442  0.0452  0.0464  0.0463
  0.0467  0.0468  0.0447  0.0440  0.0448  0.0447
  0.0505  0.0443  0.0485  0.0462  0.0467  0.0445
  0.0602  0.0474  0.0549  0.0519  0.0498  0.0478
  0.0692  0.0539  0.0626  0.0569  0.0546  0.0523
niter,ni,del,rscale     5    3   12.0000    1.2000
parameters
    0.3953   -7.3811    6.5571  -24.0359   -1.7616    3.6665
eta,q 0.95589 16.81385
  0.0666  0.0583  0.0559  0.0517  0.0547  0.0513
  0.0576  0.0539  0.0483  0.0480  0.0497  0.0468
  0.0496  0.0486  0.0445  0.0440  0.0458  0.0448
  0.0447  0.0447  0.0441  0.0439  0.0440  0.0440
  0.0481  0.0444  0.0478  0.0451  0.0457  0.0444
  0.0576  0.0483  0.0547  0.0492  0.0489  0.0472
  0.0679  0.0535  0.0618  0.0566  0.0542  0.0527
niter,ni,del,rscale     4    3   12.0000    1.2000
parameters
    0.3954   -6.8924    6.1734  -24.4572   -1.7185    3.5834
eta,q 0.95623 16.78565
  0.0674  0.0567  0.0579  0.0532  0.0552  0.0520
  0.0574  0.0517  0.0495  0.0487  0.0496  0.0470
  0.0487  0.0469  0.0451  0.0440  0.0455  0.0447
  0.0441  0.0441  0.0438  0.0439  0.0438  0.0438
  0.0475  0.0444  0.0464  0.0450  0.0453  0.0444
  0.0568  0.0489  0.0534  0.0489  0.0491  0.0470
  0.0683  0.0538  0.0610  0.0554  0.0551  0.0526
niter,ni,del,rscale     3    3   12.0000    1.2000
parameters
    0.3912   -6.6981    6.0164  -24.6258   -1.7022    3.5422
eta,q 0.95627 16.77182
  0.0681  0.0558  0.0593  0.0540  0.0554  0.0523
  0.0574  0.0506  0.0503  0.0491  0.0496  0.0472
  0.0482  0.0464  0.0454  0.0442  0.0454  0.0448
  0.0438  0.0438  0.0437  0.0438  0.0437  0.0437
  0.0474  0.0448  0.0455  0.0451  0.0452  0.0445
  0.0568  0.0495  0.0526  0.0489  0.0492  0.0471
  0.0688  0.0548  0.0604  0.0549  0.0555  0.0528
niter,ni,del,rscale     2    3   12.0000    1.2000
parameters
    0.3922   -6.6268    5.9596  -24.6875   -1.7014    3.5277
eta,q 0.95628 16.76656
  0.0684  0.0555  0.0599  0.0543  0.0554  0.0525
  0.0575  0.0502  0.0507  0.0493  0.0495  0.0472
  0.0481  0.0462  0.0456  0.0443  0.0453  0.0449
  0.0437  0.0437  0.0437  0.0437  0.0437  0.0437
  0.0474  0.0451  0.0451  0.0452  0.0452  0.0445
  0.0569  0.0498  0.0521  0.0489  0.0493  0.0471
  0.0690  0.0553  0.0602  0.0547  0.0556  0.0528
niter,ni,del,rscale     1    3   12.0000    1.2000
parameters
    0.3931   -6.6045    5.9392  -24.7059   -1.7009    3.5226
eta,q 0.95628 16.76454
  0.0685  0.0554  0.0602  0.0544  0.0555  0.0525
  0.0575  0.0501  0.0509  0.0494  0.0495  0.0473
  0.0480  0.0461  0.0457  0.0444  0.0453  0.0449
  0.0437  0.0437  0.0437  0.0437  0.0437  0.0437
  0.0475  0.0452  0.0449  0.0452  0.0452  0.0445
  0.0570  0.0499  0.0520  0.0489  0.0493  0.0471
  0.0691  0.0555  0.0601  0.0546  0.0557  0.0528
registration optimization eta report
parameter search radius
    6.0000    6.0000    6.0000   10.4940    6.0000    9.1253
100000*second partial in parameter space
       67.       31.       46.       10.       33.       11.
  0.0685  0.0554  0.0602  0.0544  0.0555  0.0525
  0.0575  0.0501  0.0509  0.0494  0.0495  0.0473
  0.0480  0.0461  0.0457  0.0444  0.0453  0.0449
  0.0437  0.0437  0.0437  0.0437  0.0437  0.0437
  0.0475  0.0452  0.0449  0.0452  0.0452  0.0445
  0.0570  0.0499  0.0520  0.0489  0.0493  0.0471
  0.0691  0.0555  0.0601  0.0546  0.0557  0.0528
    0.3931   -6.6045    5.9392  -24.7059   -1.7009    3.5226
eta,q 0.95628 16.76454

---------------------------------------------------------------------
imgreg_4dfp /usr/local/freesurfer/average/711-2C_as_mni_average_305 /usr/local/freesurfer/average/711-2B_as_mni_average_305_mask talsrcimg_g11 none talsrcimg_to_711-2C_as_mni_average_305_t4 3335
---------------------------------------------------------------------

freesurfer imgreg_4dfp.c
/usr/local/freesurfer/average/711-2C_as_mni_average_305.4dfp.img
       256       256       256         1
  1.000000  1.000000  1.000000
orientation T byte_order littleendian
Reading image: /usr/local/freesurfer/average/711-2C_as_mni_average_305.4dfp.img
dimensions:      256       256       256
mmppix:       1.0000   -1.0000   -1.0000
center:     128.0000 -129.0000 -129.0000
/usr/local/freesurfer/average/711-2B_as_mni_average_305_mask.4dfp.img
       256       256       256         1
  1.000000  1.000000  1.000000
orientation T byte_order littleendian
Reading mask: /usr/local/freesurfer/average/711-2B_as_mni_average_305_mask.4dfp.img (2306576 pixels)
talsrcimg_g11.4dfp.img
       256       256       256         1
  1.000000  1.000000  1.000000
orientation T byte_order littleendian
Reading image: talsrcimg_g11.4dfp.img
dimensions:      256       256       256
mmppix:       1.0000   -1.0000   -1.0000
center:     128.0000 -129.0000 -129.0000
fimgreg.f
image alignment mode   3335 decimal      D07 hex
parameters
    0.3931   -6.6045    5.9392   -0.2329   -9.4013   -9.1935
   -6.8201    0.1233    6.1415   41.8827   -2.9682  -41.7776
eta,q 0.95646 16.95579
niter,ni,del,rscale     5    3    5.0000    1.2000
parameter  4  0.836502 ->  0.500000 qaram    1.1500
parameter  5  1.697754 ->  0.500000 qaram    1.1500
parameter  6  0.742869 ->  0.500000 qaram    1.1500
parameter 10  0.575282 ->  0.500000 qaram    1.1500
parameter 12 -1.043799 -> -0.500000 qaram    1.1500
parameters
    0.3253   -6.6287    6.2842   -4.3729  -13.5413  -13.3335
   -5.7739    0.3857    6.1185   37.7427   -1.9530  -37.6376
eta,q 0.97215 16.96563
  0.0484  0.0460  0.0476  0.0385  0.0307  0.0311  0.0332  0.0367  0.0315  0.0293  0.0297  0.0319
  0.0455  0.0447  0.0454  0.0392  0.0331  0.0301  0.0316  0.0329  0.0306  0.0288  0.0292  0.0307
  0.0439  0.0439  0.0440  0.0405  0.0360  0.0308  0.0306  0.0308  0.0301  0.0289  0.0289  0.0296
  0.0435  0.0435  0.0435  0.0435  0.0394  0.0339  0.0301  0.0300  0.0300  0.0300  0.0288  0.0287
  0.0444  0.0438  0.0437  0.0491  0.0442  0.0395  0.0301  0.0305  0.0301  0.0323  0.0287  0.0281
  0.0462  0.0447  0.0445  0.0565  0.0501  0.0469  0.0307  0.0324  0.0307  0.0359  0.0289  0.0278
  0.0487  0.0462  0.0456  0.0646  0.0559  0.0525  0.0318  0.0357  0.0315  0.0401  0.0293  0.0277
niter,ni,del,rscale     7    3    5.0000    1.2000
parameter  2 -0.508522 -> -0.500000 qaram    1.1500
parameter  3  0.970044 ->  0.500000 qaram    1.1500
parameter  5  0.852868 ->  0.500000 qaram    1.3225
parameters
    0.1671   -5.2487    4.9042   -6.2172  -18.3023  -14.6448
   -5.3182    0.9611    7.8522   37.0816   -1.8001  -37.0532
eta,q 0.97611 16.77708
  0.0303  0.0315  0.0261  0.0282  0.0226  0.0268  0.0264  0.0280  0.0262  0.0270  0.0243  0.0255
  0.0288  0.0299  0.0262  0.0274  0.0231  0.0255  0.0252  0.0260  0.0251  0.0256  0.0241  0.0247
  0.0280  0.0287  0.0266  0.0268  0.0244  0.0245  0.0244  0.0246  0.0244  0.0245  0.0239  0.0241
  0.0278  0.0278  0.0273  0.0263  0.0266  0.0234  0.0240  0.0239  0.0239  0.0238  0.0239  0.0239
  0.0283  0.0274  0.0283  0.0264  0.0295  0.0233  0.0241  0.0240  0.0238  0.0239  0.0239  0.0240
  0.0294  0.0274  0.0295  0.0288  0.0341  0.0264  0.0248  0.0250  0.0241  0.0257  0.0240  0.0244
  0.0310  0.0278  0.0310  0.0347  0.0405  0.0335  0.0259  0.0271  0.0248  0.0293  0.0243  0.0251
niter,ni,del,rscale     7    3    5.0000    1.2000
parameter 12  0.565761 ->  0.500000 qaram    1.3225
parameters
    0.1198   -5.1392    3.8170   -4.8920  -22.4906  -15.5523
   -5.7961    0.6466    8.3183   37.8696   -3.0316  -41.8142
eta,q 0.97757 16.78107
  0.0264  0.0268  0.0242  0.0267  0.0236  0.0256  0.0247  0.0263  0.0246  0.0261  0.0229  0.0227
  0.0249  0.0253  0.0237  0.0256  0.0229  0.0244  0.0238  0.0245  0.0238  0.0247  0.0229  0.0224
  0.0241  0.0243  0.0236  0.0245  0.0227  0.0235  0.0232  0.0234  0.0232  0.0238  0.0228  0.0225
  0.0239  0.0239  0.0239  0.0236  0.0232  0.0227  0.0230  0.0230  0.0230  0.0230  0.0228  0.0228
  0.0242  0.0241  0.0244  0.0228  0.0250  0.0221  0.0233  0.0233  0.0231  0.0225  0.0228  0.0235
  0.0251  0.0249  0.0251  0.0230  0.0280  0.0244  0.0241  0.0246  0.0235  0.0231  0.0229  0.0243
  0.0265  0.0264  0.0261  0.0261  0.0327  0.0295  0.0253  0.0273  0.0243  0.0258  0.0231  0.0253
niter,ni,del,rscale     7    3    5.0000    1.2000
parameters
    0.1207   -4.8540    3.8939   -4.6326  -25.2600  -15.5759
   -5.8976    0.6199    8.0493   38.9156   -4.5873  -43.8357
eta,q 0.97802 16.77052
  0.0251  0.0256  0.0236  0.0253  0.0238  0.0254  0.0242  0.0256  0.0236  0.0249  0.0222  0.0231
  0.0236  0.0240  0.0229  0.0243  0.0228  0.0240  0.0231  0.0237  0.0228  0.0234  0.0221  0.0222
  0.0227  0.0230  0.0225  0.0233  0.0222  0.0229  0.0224  0.0226  0.0223  0.0226  0.0221  0.0220
  0.0224  0.0224  0.0224  0.0224  0.0223  0.0222  0.0222  0.0222  0.0222  0.0222  0.0221  0.0221
  0.0227  0.0225  0.0225  0.0216  0.0233  0.0213  0.0225  0.0224  0.0224  0.0219  0.0221  0.0225
  0.0236  0.0232  0.0228  0.0224  0.0254  0.0227  0.0232  0.0236  0.0230  0.0221  0.0222  0.0233
  0.0250  0.0246  0.0235  0.0264  0.0283  0.0270  0.0243  0.0259  0.0239  0.0241  0.0224  0.0243
niter,ni,del,rscale     6    3    5.0000    1.2000
parameters
    0.1209   -4.4386    4.1995   -4.4861  -26.3450  -15.4670
   -5.9528    0.6083    7.7701   39.1440   -4.1078  -44.5611
eta,q 0.97822 16.76013
  0.0247  0.0254  0.0232  0.0248  0.0245  0.0253  0.0240  0.0253  0.0234  0.0240  0.0221  0.0235
  0.0232  0.0238  0.0224  0.0238  0.0231  0.0238  0.0228  0.0233  0.0225  0.0226  0.0219  0.0222
  0.0222  0.0226  0.0221  0.0229  0.0222  0.0226  0.0221  0.0222  0.0220  0.0220  0.0218  0.0218
  0.0220  0.0220  0.0219  0.0219  0.0218  0.0219  0.0218  0.0218  0.0218  0.0218  0.0218  0.0218
  0.0223  0.0220  0.0219  0.0211  0.0223  0.0208  0.0221  0.0221  0.0221  0.0217  0.0218  0.0222
  0.0232  0.0226  0.0221  0.0221  0.0240  0.0222  0.0229  0.0232  0.0227  0.0220  0.0219  0.0229
  0.0247  0.0239  0.0227  0.0261  0.0265  0.0267  0.0241  0.0254  0.0237  0.0241  0.0221  0.0238
niter,ni,del,rscale     5    3    5.0000    1.2000
parameters
    0.1193   -4.2929    4.3204   -4.4633  -26.6033  -15.4462
   -5.8646    0.5728    7.8191   39.1881   -4.0090  -44.7039
eta,q 0.97824 16.75564
  0.0245  0.0248  0.0229  0.0247  0.0251  0.0253  0.0241  0.0252  0.0235  0.0238  0.0221  0.0238
  0.0230  0.0233  0.0222  0.0237  0.0233  0.0238  0.0228  0.0232  0.0226  0.0225  0.0219  0.0224
  0.0221  0.0222  0.0219  0.0227  0.0223  0.0226  0.0221  0.0221  0.0220  0.0219  0.0218  0.0218
  0.0218  0.0218  0.0218  0.0218  0.0217  0.0218  0.0218  0.0218  0.0218  0.0218  0.0218  0.0218
  0.0221  0.0220  0.0218  0.0210  0.0220  0.0207  0.0220  0.0220  0.0219  0.0217  0.0218  0.0221
  0.0230  0.0228  0.0221  0.0221  0.0233  0.0223  0.0228  0.0232  0.0225  0.0220  0.0218  0.0227
  0.0245  0.0243  0.0228  0.0262  0.0258  0.0268  0.0239  0.0253  0.0235  0.0241  0.0221  0.0236
niter,ni,del,rscale     4    3    5.0000    1.2000
parameters
    0.1157   -4.2464    4.3422   -4.4617  -26.6547  -15.4520
   -5.8613    0.5623    7.8331   39.2129   -4.0066  -44.7434
eta,q 0.97825 16.75570
  0.0245  0.0246  0.0228  0.0247  0.0252  0.0253  0.0240  0.0252  0.0235  0.0238  0.0221  0.0238
  0.0230  0.0231  0.0222  0.0237  0.0234  0.0238  0.0228  0.0232  0.0225  0.0225  0.0219  0.0224
  0.0220  0.0221  0.0219  0.0227  0.0223  0.0226  0.0220  0.0221  0.0220  0.0219  0.0218  0.0218
  0.0218  0.0218  0.0218  0.0217  0.0217  0.0218  0.0218  0.0218  0.0218  0.0218  0.0218  0.0218
  0.0221  0.0220  0.0218  0.0210  0.0219  0.0207  0.0220  0.0220  0.0219  0.0218  0.0218  0.0220
  0.0230  0.0229  0.0221  0.0221  0.0232  0.0223  0.0228  0.0231  0.0225  0.0220  0.0219  0.0227
  0.0245  0.0245  0.0228  0.0263  0.0256  0.0269  0.0240  0.0253  0.0235  0.0241  0.0221  0.0236
niter,ni,del,rscale     3    3    5.0000    1.2000
parameters
    0.1149   -4.2372    4.3392   -4.4592  -26.6660  -15.4608
   -5.8625    0.5632    7.8310   39.2148   -4.0261  -44.7604
eta,q 0.97824 16.75564
  0.0245  0.0246  0.0228  0.0247  0.0252  0.0253  0.0240  0.0252  0.0235  0.0238  0.0221  0.0239
  0.0230  0.0231  0.0222  0.0237  0.0235  0.0238  0.0228  0.0232  0.0225  0.0225  0.0219  0.0224
  0.0220  0.0221  0.0219  0.0227  0.0223  0.0226  0.0220  0.0221  0.0220  0.0219  0.0218  0.0218
  0.0218  0.0218  0.0218  0.0218  0.0218  0.0218  0.0218  0.0218  0.0218  0.0218  0.0218  0.0218
  0.0221  0.0220  0.0218  0.0210  0.0219  0.0207  0.0220  0.0220  0.0219  0.0218  0.0218  0.0220
  0.0230  0.0230  0.0221  0.0221  0.0232  0.0223  0.0228  0.0231  0.0225  0.0220  0.0219  0.0227
  0.0245  0.0246  0.0229  0.0263  0.0256  0.0269  0.0240  0.0253  0.0235  0.0241  0.0221  0.0236
registration optimization eta report
parameter search radius
    2.4000    2.7600    2.7600    8.2800    9.5220    8.2800
    7.2000    7.2000    7.2000    8.2800    7.2000    9.5220
100000*second partial in parameter space
       48.       37.       14.        6.        4.        7.
        4.        7.        3.        3.        1.        2.
  0.0245  0.0246  0.0228  0.0247  0.0252  0.0253  0.0240  0.0252  0.0235  0.0238  0.0221  0.0239
  0.0230  0.0231  0.0222  0.0237  0.0235  0.0238  0.0228  0.0232  0.0225  0.0225  0.0219  0.0224
  0.0220  0.0221  0.0219  0.0227  0.0223  0.0226  0.0220  0.0221  0.0220  0.0219  0.0218  0.0218
  0.0218  0.0218  0.0218  0.0218  0.0218  0.0218  0.0218  0.0218  0.0218  0.0218  0.0218  0.0218
  0.0221  0.0220  0.0218  0.0210  0.0219  0.0207  0.0220  0.0220  0.0219  0.0218  0.0218  0.0220
  0.0230  0.0230  0.0221  0.0221  0.0232  0.0223  0.0228  0.0231  0.0225  0.0220  0.0219  0.0227
  0.0245  0.0246  0.0229  0.0263  0.0256  0.0269  0.0240  0.0253  0.0235  0.0241  0.0221  0.0236
    0.1149   -4.2372    4.3392   -4.4592  -26.6660  -15.4608
   -5.8625    0.5632    7.8310   39.2148   -4.0261  -44.7604
eta,q 0.97824 16.75564

---------------------------------------------------------------------
imgreg_4dfp /usr/local/freesurfer/average/711-2C_as_mni_average_305 /usr/local/freesurfer/average/711-2B_as_mni_average_305_mask talsrcimg_g11 none talsrcimg_to_711-2C_as_mni_average_305_t4 2311
---------------------------------------------------------------------

freesurfer imgreg_4dfp.c
/usr/local/freesurfer/average/711-2C_as_mni_average_305.4dfp.img
       256       256       256         1
  1.000000  1.000000  1.000000
orientation T byte_order littleendian
Reading image: /usr/local/freesurfer/average/711-2C_as_mni_average_305.4dfp.img
dimensions:      256       256       256
mmppix:       1.0000   -1.0000   -1.0000
center:     128.0000 -129.0000 -129.0000
/usr/local/freesurfer/average/711-2B_as_mni_average_305_mask.4dfp.img
       256       256       256         1
  1.000000  1.000000  1.000000
orientation T byte_order littleendian
Reading mask: /usr/local/freesurfer/average/711-2B_as_mni_average_305_mask.4dfp.img (2306576 pixels)
talsrcimg_g11.4dfp.img
       256       256       256         1
  1.000000  1.000000  1.000000
orientation T byte_order littleendian
Reading image: talsrcimg_g11.4dfp.img
dimensions:      256       256       256
mmppix:       1.0000   -1.0000   -1.0000
center:     128.0000 -129.0000 -129.0000
fimgreg.f
image alignment mode   2311 decimal      907 hex
parameters
    0.1149   -4.2372    4.3392   -4.4592  -26.6660  -15.4608
   -5.8625    0.5632    7.8310   39.2148   -4.0261  -44.7604
eta,q 0.97824 16.75563
niter,ni,del,rscale     5    3    5.0000    0.8000
parameter  4 -0.695723 -> -0.500000 qaram    1.1500
parameter  6 -0.647042 -> -0.500000 qaram    1.1500
parameters
    0.1149   -4.1994    4.4723   -1.6992  -26.3356  -12.7008
   -5.8166    0.5054    7.4648   40.4832   -4.5061  -42.8943
eta,q 0.98047 17.01437
  0.0230  0.0228  0.0221  0.0234  0.0221  0.0229  0.0213  0.0232  0.0207  0.0217  0.0204  0.0211
  0.0223  0.0222  0.0219  0.0229  0.0216  0.0221  0.0206  0.0213  0.0202  0.0210  0.0199  0.0203
  0.0219  0.0219  0.0218  0.0223  0.0212  0.0215  0.0201  0.0202  0.0200  0.0204  0.0196  0.0198
  0.0218  0.0218  0.0218  0.0218  0.0210  0.0210  0.0199  0.0199  0.0199  0.0199  0.0196  0.0196
  0.0219  0.0218  0.0218  0.0212  0.0210  0.0203  0.0200  0.0203  0.0201  0.0196  0.0198  0.0195
  0.0223  0.0222  0.0218  0.0210  0.0213  0.0199  0.0205  0.0214  0.0204  0.0197  0.0201  0.0196
  0.0230  0.0227  0.0220  0.0216  0.0219  0.0209  0.0213  0.0233  0.0211  0.0207  0.0207  0.0197
niter,ni,del,rscale     6    3    5.0000    0.9000
parameters
    0.0295   -4.2500    4.8160   -3.0856  -25.0905  -13.6349
   -5.6818    0.5302    7.8579   40.2948   -4.3150  -42.8274
eta,q 0.97988 16.97744
  0.0219  0.0210  0.0216  0.0218  0.0215  0.0230  0.0217  0.0232  0.0214  0.0217  0.0206  0.0208
  0.0205  0.0201  0.0205  0.0209  0.0208  0.0220  0.0209  0.0214  0.0207  0.0211  0.0203  0.0204
  0.0197  0.0197  0.0198  0.0200  0.0202  0.0208  0.0203  0.0204  0.0203  0.0206  0.0202  0.0202
  0.0195  0.0195  0.0195  0.0195  0.0198  0.0196  0.0201  0.0201  0.0201  0.0201  0.0201  0.0201
  0.0199  0.0197  0.0195  0.0202  0.0196  0.0202  0.0202  0.0204  0.0201  0.0199  0.0202  0.0202
  0.0209  0.0203  0.0199  0.0229  0.0198  0.0231  0.0207  0.0213  0.0205  0.0207  0.0203  0.0204
  0.0224  0.0212  0.0204  0.0276  0.0206  0.0277  0.0216  0.0231  0.0211  0.0227  0.0206  0.0208
niter,ni,del,rscale     5    3    5.0000    0.8000
parameters
    0.0731   -4.3233    4.3269   -3.0258  -24.9193  -13.8911
   -5.7609    0.4858    8.0000   40.6125   -4.8205  -42.7520
eta,q 0.97993 17.00297
  0.0218  0.0211  0.0204  0.0223  0.0212  0.0229  0.0213  0.0225  0.0211  0.0217  0.0204  0.0206
  0.0209  0.0206  0.0201  0.0216  0.0207  0.0220  0.0207  0.0212  0.0206  0.0211  0.0202  0.0203
  0.0203  0.0202  0.0200  0.0208  0.0203  0.0211  0.0203  0.0204  0.0203  0.0206  0.0201  0.0201
  0.0201  0.0201  0.0201  0.0200  0.0200  0.0200  0.0201  0.0201  0.0201  0.0201  0.0201  0.0201
  0.0203  0.0203  0.0203  0.0198  0.0200  0.0197  0.0203  0.0204  0.0202  0.0199  0.0201  0.0201
  0.0208  0.0207  0.0207  0.0207  0.0204  0.0216  0.0207  0.0212  0.0205  0.0204  0.0203  0.0203
  0.0216  0.0214  0.0212  0.0231  0.0212  0.0248  0.0214  0.0227  0.0210  0.0218  0.0205  0.0206
niter,ni,del,rscale     4    3    5.0000    0.7000
parameters
    0.0750   -4.3493    4.1854   -2.7048  -24.8423  -13.8218
   -5.8540    0.5449    7.9885   40.7690   -5.0012  -42.5456
eta,q 0.98012 17.02658
  0.0213  0.0209  0.0205  0.0221  0.0209  0.0226  0.0209  0.0221  0.0206  0.0213  0.0202  0.0203
  0.0206  0.0204  0.0202  0.0214  0.0205  0.0219  0.0204  0.0209  0.0202  0.0208  0.0200  0.0201
  0.0202  0.0202  0.0201  0.0207  0.0201  0.0210  0.0200  0.0202  0.0200  0.0203  0.0199  0.0199
  0.0201  0.0201  0.0201  0.0201  0.0200  0.0200  0.0199  0.0199  0.0199  0.0199  0.0199  0.0199
  0.0202  0.0202  0.0202  0.0198  0.0200  0.0196  0.0200  0.0201  0.0200  0.0198  0.0199  0.0199
  0.0206  0.0205  0.0204  0.0204  0.0203  0.0209  0.0204  0.0208  0.0202  0.0203  0.0201  0.0200
  0.0213  0.0210  0.0207  0.0222  0.0210  0.0234  0.0210  0.0220  0.0206  0.0215  0.0203  0.0203
niter,ni,del,rscale     3    3    5.0000    0.6000
parameters
    0.0744   -4.3304    4.2103   -2.4312  -24.7618  -13.5597
   -5.8597    0.5796    7.9464   40.8322   -5.0582  -42.3074
eta,q 0.98034 17.04374
  0.0208  0.0206  0.0204  0.0216  0.0206  0.0222  0.0204  0.0214  0.0202  0.0209  0.0200  0.0200
  0.0203  0.0202  0.0201  0.0210  0.0202  0.0215  0.0200  0.0205  0.0199  0.0204  0.0198  0.0198
  0.0200  0.0200  0.0199  0.0204  0.0200  0.0207  0.0198  0.0199  0.0197  0.0200  0.0197  0.0197
  0.0199  0.0199  0.0199  0.0199  0.0198  0.0198  0.0197  0.0197  0.0197  0.0197  0.0197  0.0197
  0.0200  0.0199  0.0199  0.0197  0.0199  0.0195  0.0198  0.0198  0.0197  0.0196  0.0197  0.0197
  0.0203  0.0202  0.0201  0.0202  0.0201  0.0204  0.0200  0.0204  0.0199  0.0201  0.0198  0.0198
  0.0208  0.0205  0.0203  0.0216  0.0206  0.0224  0.0205  0.0214  0.0203  0.0211  0.0200  0.0200
niter,ni,del,rscale     2    3    5.0000    0.5000
parameters
    0.0697   -4.2970    4.3239   -2.2125  -24.6895  -13.2353
   -5.8346    0.5956    7.8857   40.8276   -5.0571  -42.1469
eta,q 0.98052 17.05428
  0.0204  0.0202  0.0202  0.0210  0.0202  0.0218  0.0201  0.0208  0.0199  0.0205  0.0197  0.0197
  0.0200  0.0199  0.0199  0.0205  0.0199  0.0211  0.0197  0.0201  0.0197  0.0201  0.0196  0.0196
  0.0197  0.0197  0.0197  0.0200  0.0197  0.0203  0.0196  0.0196  0.0195  0.0197  0.0195  0.0195
  0.0197  0.0197  0.0197  0.0197  0.0196  0.0196  0.0195  0.0195  0.0195  0.0195  0.0195  0.0195
  0.0197  0.0197  0.0197  0.0196  0.0196  0.0194  0.0195  0.0196  0.0195  0.0195  0.0195  0.0195
  0.0200  0.0199  0.0198  0.0200  0.0198  0.0201  0.0197  0.0201  0.0197  0.0199  0.0196  0.0196
  0.0204  0.0201  0.0200  0.0210  0.0202  0.0215  0.0200  0.0208  0.0199  0.0207  0.0197  0.0197
niter,ni,del,rscale     1    3    5.0000    0.4000
parameters
    0.0641   -4.2650    4.4711   -2.0479  -24.6473  -12.9212
   -5.7905    0.6079    7.8185   40.7954   -4.9991  -42.0078
eta,q 0.98065 17.05936
  0.0200  0.0198  0.0199  0.0205  0.0198  0.0212  0.0197  0.0203  0.0196  0.0201  0.0196  0.0195
  0.0197  0.0196  0.0197  0.0201  0.0196  0.0206  0.0195  0.0198  0.0195  0.0197  0.0194  0.0194
  0.0195  0.0195  0.0195  0.0197  0.0195  0.0200  0.0194  0.0195  0.0194  0.0195  0.0194  0.0194
  0.0195  0.0195  0.0195  0.0195  0.0195  0.0195  0.0194  0.0194  0.0194  0.0194  0.0194  0.0194
  0.0195  0.0195  0.0195  0.0195  0.0195  0.0193  0.0194  0.0194  0.0194  0.0194  0.0194  0.0194
  0.0197  0.0196  0.0195  0.0198  0.0196  0.0198  0.0195  0.0198  0.0195  0.0197  0.0194  0.0194
  0.0200  0.0198  0.0197  0.0204  0.0198  0.0208  0.0197  0.0202  0.0197  0.0202  0.0195  0.0195
registration optimization eta report
parameter search radius
    0.8000    0.8000    0.8000    2.7600    2.4000    2.7600
    2.4000    2.4000    2.4000    2.4000    2.4000    2.4000
100000*second partial in parameter space
       75.       53.       44.       13.        7.       20.
        6.       16.        5.       13.        3.        3.
  0.0200  0.0198  0.0199  0.0205  0.0198  0.0212  0.0197  0.0203  0.0196  0.0201  0.0196  0.0195
  0.0197  0.0196  0.0197  0.0201  0.0196  0.0206  0.0195  0.0198  0.0195  0.0197  0.0194  0.0194
  0.0195  0.0195  0.0195  0.0197  0.0195  0.0200  0.0194  0.0195  0.0194  0.0195  0.0194  0.0194
  0.0195  0.0195  0.0195  0.0195  0.0195  0.0195  0.0194  0.0194  0.0194  0.0194  0.0194  0.0194
  0.0195  0.0195  0.0195  0.0195  0.0195  0.0193  0.0194  0.0194  0.0194  0.0194  0.0194  0.0194
  0.0197  0.0196  0.0195  0.0198  0.0196  0.0198  0.0195  0.0198  0.0195  0.0197  0.0194  0.0194
  0.0200  0.0198  0.0197  0.0204  0.0198  0.0208  0.0197  0.0202  0.0197  0.0202  0.0195  0.0195
    0.0641   -4.2650    4.4711   -2.0479  -24.6473  -12.9212
   -5.7905    0.6079    7.8185   40.7954   -4.9991  -42.0078
eta,q 0.98065 17.05936

---------------------------------------------------------------------
imgreg_4dfp /usr/local/freesurfer/average/711-2C_as_mni_average_305 /usr/local/freesurfer/average/711-2B_as_mni_average_305_mask talsrcimg_g11 none talsrcimg_to_711-2C_as_mni_average_305_t4 2311
---------------------------------------------------------------------

freesurfer imgreg_4dfp.c
/usr/local/freesurfer/average/711-2C_as_mni_average_305.4dfp.img
       256       256       256         1
  1.000000  1.000000  1.000000
orientation T byte_order littleendian
Reading image: /usr/local/freesurfer/average/711-2C_as_mni_average_305.4dfp.img
dimensions:      256       256       256
mmppix:       1.0000   -1.0000   -1.0000
center:     128.0000 -129.0000 -129.0000
/usr/local/freesurfer/average/711-2B_as_mni_average_305_mask.4dfp.img
       256       256       256         1
  1.000000  1.000000  1.000000
orientation T byte_order littleendian
Reading mask: /usr/local/freesurfer/average/711-2B_as_mni_average_305_mask.4dfp.img (2306576 pixels)
talsrcimg_g11.4dfp.img
       256       256       256         1
  1.000000  1.000000  1.000000
orientation T byte_order littleendian
Reading image: talsrcimg_g11.4dfp.img
dimensions:      256       256       256
mmppix:       1.0000   -1.0000   -1.0000
center:     128.0000 -129.0000 -129.0000
fimgreg.f
image alignment mode   2311 decimal      907 hex
parameters
    0.0641   -4.2650    4.4711   -2.0479  -24.6473  -12.9212
   -5.7905    0.6079    7.8185   40.7954   -4.9991  -42.0078
eta,q 0.98065 17.05936
niter,ni,del,rscale     5    3    5.0000    0.8000
parameters
    0.0534   -4.2533    4.6740   -2.7357  -24.9206  -13.2535
   -5.7741    0.5659    7.8630   40.3824   -4.7689  -42.4246
eta,q 0.98028 17.01330
  0.0213  0.0208  0.0209  0.0212  0.0207  0.0224  0.0209  0.0225  0.0206  0.0213  0.0203  0.0202
  0.0202  0.0200  0.0201  0.0205  0.0201  0.0215  0.0202  0.0208  0.0201  0.0207  0.0200  0.0199
  0.0196  0.0195  0.0196  0.0198  0.0197  0.0205  0.0198  0.0199  0.0198  0.0201  0.0198  0.0198
  0.0194  0.0194  0.0194  0.0194  0.0195  0.0195  0.0196  0.0196  0.0196  0.0196  0.0197  0.0197
  0.0196  0.0195  0.0194  0.0196  0.0196  0.0197  0.0198  0.0199  0.0197  0.0197  0.0198  0.0198
  0.0203  0.0200  0.0197  0.0210  0.0202  0.0215  0.0202  0.0209  0.0200  0.0207  0.0199  0.0200
  0.0214  0.0207  0.0202  0.0237  0.0212  0.0242  0.0209  0.0226  0.0206  0.0227  0.0202  0.0204
niter,ni,del,rscale     4    3    5.0000    0.7000
parameters
    0.0801   -4.3412    4.4766   -2.4748  -24.8239  -13.2463
   -5.7945    0.5502    7.8366   40.4970   -4.8538  -42.2627
eta,q 0.98041 17.02972
  0.0211  0.0205  0.0202  0.0215  0.0206  0.0220  0.0206  0.0219  0.0204  0.0212  0.0200  0.0201
  0.0203  0.0201  0.0199  0.0208  0.0202  0.0213  0.0201  0.0206  0.0200  0.0206  0.0198  0.0198
  0.0199  0.0198  0.0197  0.0202  0.0198  0.0205  0.0197  0.0199  0.0197  0.0200  0.0196  0.0197
  0.0197  0.0197  0.0197  0.0197  0.0196  0.0196  0.0196  0.0196  0.0196  0.0196  0.0196  0.0196
  0.0198  0.0199  0.0199  0.0195  0.0197  0.0195  0.0197  0.0199  0.0197  0.0195  0.0196  0.0196
  0.0203  0.0202  0.0202  0.0201  0.0200  0.0207  0.0201  0.0206  0.0199  0.0201  0.0198  0.0198
  0.0210  0.0208  0.0206  0.0215  0.0207  0.0228  0.0207  0.0219  0.0204  0.0214  0.0201  0.0200
niter,ni,del,rscale     3    3    5.0000    0.6000
parameters
    0.0681   -4.3316    4.4742   -2.2653  -24.7263  -13.0661
   -5.7830    0.5664    7.8137   40.5606   -4.8937  -42.1205
eta,q 0.98053 17.04292
  0.0206  0.0203  0.0202  0.0210  0.0203  0.0217  0.0203  0.0213  0.0200  0.0208  0.0198  0.0198
  0.0200  0.0199  0.0198  0.0205  0.0200  0.0211  0.0198  0.0203  0.0197  0.0203  0.0196  0.0196
  0.0197  0.0197  0.0196  0.0200  0.0197  0.0203  0.0196  0.0197  0.0196  0.0198  0.0195  0.0195
  0.0196  0.0196  0.0196  0.0196  0.0196  0.0196  0.0195  0.0195  0.0195  0.0195  0.0195  0.0195
  0.0197  0.0197  0.0197  0.0195  0.0196  0.0194  0.0196  0.0197  0.0195  0.0195  0.0195  0.0195
  0.0201  0.0199  0.0199  0.0200  0.0198  0.0202  0.0198  0.0203  0.0197  0.0199  0.0196  0.0196
  0.0206  0.0203  0.0201  0.0210  0.0203  0.0218  0.0203  0.0213  0.0201  0.0210  0.0198  0.0198
niter,ni,del,rscale     2    3    5.0000    0.5000
parameters
    0.0618   -4.3058    4.5480   -2.1065  -24.6695  -12.8428
   -5.7646    0.5775    7.7679   40.5998   -4.9052  -42.0017
eta,q 0.98064 17.05075
  0.0202  0.0200  0.0200  0.0206  0.0200  0.0213  0.0199  0.0207  0.0198  0.0204  0.0196  0.0196
  0.0198  0.0197  0.0197  0.0201  0.0197  0.0207  0.0196  0.0200  0.0196  0.0200  0.0195  0.0195
  0.0195  0.0195  0.0195  0.0197  0.0195  0.0200  0.0194  0.0195  0.0194  0.0196  0.0194  0.0194
  0.0195  0.0195  0.0195  0.0195  0.0194  0.0194  0.0194  0.0194  0.0194  0.0194  0.0194  0.0194
  0.0195  0.0195  0.0195  0.0194  0.0195  0.0194  0.0194  0.0195  0.0194  0.0194  0.0194  0.0194
  0.0198  0.0197  0.0196  0.0198  0.0197  0.0200  0.0196  0.0200  0.0196  0.0198  0.0195  0.0195
  0.0202  0.0200  0.0198  0.0206  0.0200  0.0212  0.0199  0.0207  0.0198  0.0205  0.0196  0.0196
niter,ni,del,rscale     1    3    5.0000    0.4000
parameters
    0.0577   -4.2773    4.6506   -1.9824  -24.6370  -12.6258
   -5.7373    0.5919    7.7332   40.6187   -4.8473  -41.9170
eta,q 0.98071 17.05494
  0.0199  0.0197  0.0197  0.0202  0.0197  0.0208  0.0197  0.0202  0.0196  0.0200  0.0195  0.0195
  0.0196  0.0195  0.0195  0.0198  0.0195  0.0202  0.0195  0.0197  0.0194  0.0197  0.0194  0.0194
  0.0194  0.0194  0.0194  0.0195  0.0194  0.0197  0.0193  0.0194  0.0193  0.0194  0.0193  0.0193
  0.0194  0.0194  0.0194  0.0194  0.0193  0.0193  0.0193  0.0193  0.0193  0.0193  0.0193  0.0193
  0.0194  0.0194  0.0194  0.0194  0.0194  0.0193  0.0193  0.0194  0.0193  0.0193  0.0193  0.0193
  0.0196  0.0195  0.0194  0.0196  0.0195  0.0197  0.0195  0.0197  0.0194  0.0196  0.0194  0.0193
  0.0199  0.0197  0.0196  0.0201  0.0197  0.0205  0.0197  0.0202  0.0196  0.0201  0.0195  0.0195
registration optimization eta report
parameter search radius
    0.8000    0.8000    0.8000    2.4000    2.4000    2.4000
    2.4000    2.4000    2.4000    2.4000    2.4000    2.4000
100000*second partial in parameter space
       78.       54.       47.       13.        7.       23.
        7.       16.        5.       13.        3.        3.
  0.0199  0.0197  0.0197  0.0202  0.0197  0.0208  0.0197  0.0202  0.0196  0.0200  0.0195  0.0195
  0.0196  0.0195  0.0195  0.0198  0.0195  0.0202  0.0195  0.0197  0.0194  0.0197  0.0194  0.0194
  0.0194  0.0194  0.0194  0.0195  0.0194  0.0197  0.0193  0.0194  0.0193  0.0194  0.0193  0.0193
  0.0194  0.0194  0.0194  0.0194  0.0193  0.0193  0.0193  0.0193  0.0193  0.0193  0.0193  0.0193
  0.0194  0.0194  0.0194  0.0194  0.0194  0.0193  0.0193  0.0194  0.0193  0.0193  0.0193  0.0193
  0.0196  0.0195  0.0194  0.0196  0.0195  0.0197  0.0195  0.0197  0.0194  0.0196  0.0194  0.0193
  0.0199  0.0197  0.0196  0.0201  0.0197  0.0205  0.0197  0.0202  0.0196  0.0201  0.0195  0.0195
    0.0577   -4.2773    4.6506   -1.9824  -24.6370  -12.6258
   -5.7373    0.5919    7.7332   40.6187   -4.8473  -41.9170
eta,q 0.98071 17.05494

---------------------------------------------------------------------
compute_vox2vox talsrcimg talsrcimg_to_711-2C_as_mni_average_305_t4 /usr/local/freesurfer/average/711-2C_as_mni_average_305
---------------------------------------------------------------------

freesurfer compute_vox2vox.c
Reading: talsrcimg.4dfp.ifh
Reading: talsrcimg_to_711-2C_as_mni_average_305_t4
Reading: /usr/local/freesurfer/average/711-2C_as_mni_average_305.4dfp.ifh
Writing: talsrcimg_to_711-2C_as_mni_average_305_t4_vox2vox.txt

start time Thu May 29 12:53:58 UTC 2025
end		time Thu May 29 12:54:17 UTC 2025

mpr2mni305 success

avi2talxfm orig_nu.mgz /usr/local/freesurfer/average/mni305.cor.mgz talsrcimg_to_711-2C_as_mni_average_305_t4_vox2vox.txt transforms/talairach.auto.xfm
avi2talxfm done
mv -f /home/freesurfer/subjects/sub-004/mri/talsrcimg_to_711-2C_as_mni_average_305_t4_vox2vox.txt /home/freesurfer/subjects/sub-004/mri/transforms/talsrcimg_to_711-2C_as_mni_average_305_t4_vox2vox.txt
lta_convert --src orig_nu.mgz --trg /usr/local/freesurfer/average/mni305.cor.mgz --inxfm transforms/talairach.auto.xfm --outlta transforms/talairach.auto.xfm.lta --subject fsaverage
7.4.1

--src: orig_nu.mgz src image (geometry).
--trg: /usr/local/freesurfer/average/mni305.cor.mgz trg image (geometry).
--inmni: transforms/talairach.auto.xfm input MNI/XFM transform.
--outlta: transforms/talairach.auto.xfm.lta output LTA.
--s: fsaverage subject name
 LTA read, type : 1
 1.01395  -0.03397   0.05830   2.64041;
 0.00503   0.90920   0.50608  -42.84997;
-0.10676  -0.48655   1.04816  -28.36656;
 0.00000   0.00000   0.00000   1.00000;
setting subject to fsaverage
Writing  LTA to file transforms/talairach.auto.xfm.lta...
lta_convert successful.
 
 
Started at Thu May 29 12:53:57 UTC 2025
Ended   at Thu May 29 12:54:17 UTC 2025
talairach_avi done
