Log file for defect2seg
Fri May 30 10:40:25 UTC 2025

setenv SUBJECTS_DIR /home/freesurfer/subjects
cd /home/freesurfer/subjects/sub-017/scripts
/usr/local/freesurfer/bin/defect2seg --s sub-017 --cortex

freesurfer-linux-centos8_x86_64-7.4.1-20230613-7eb8460
defect2seg 7.4.1
Linux fc7a91ddd541 6.11.0-26-generic #26~24.04.1-Ubuntu SMP PREEMPT_DYNAMIC Thu Apr 17 19:20:47 UTC 2 x86_64 x86_64 x86_64 GNU/Linux
pid 1283
mri_label2label --label-cortex /home/freesurfer/subjects/sub-017/surf/lh.orig.nofix /home/freesurfer/subjects/sub-017/mri/aseg.presurf.mgz 0 /home/freesurfer/subjects/sub-017/label/lh.nofix.cortex.label

 Generating cortex label... RemoveHipAmgy=0
 NucAccIsMedialWall=0
 mris->useRealRAS=0
6 non-cortical segments detected
only using segment with 8018 vertices
erasing segment 1 (vno[0] = 59645)
erasing segment 2 (vno[0] = 82544)
erasing segment 3 (vno[0] = 102319)
erasing segment 4 (vno[0] = 104253)
erasing segment 5 (vno[0] = 123855)
mri_label2vol --defects /home/freesurfer/subjects/sub-017/surf/lh.orig.nofix /home/freesurfer/subjects/sub-017/surf/lh.defect_labels /home/freesurfer/subjects/sub-017/mri/orig.mgz 1000 0 /home/freesurfer/subjects/sub-017/mri/surface.defects.mgz /home/freesurfer/subjects/sub-017/label/lh.nofix.cortex.label
mri_label2vol supposed to be reproducible but seed not set
Contraining to label /home/freesurfer/subjects/sub-017/label/lh.nofix.cortex.label
Changing input type 0 to MRI_INT
Converting defects to volume: offset=1000, merge=0
Writing to /home/freesurfer/subjects/sub-017/mri/surface.defects.mgz
mris_defects_pointset -s /home/freesurfer/subjects/sub-017/surf/lh.orig.nofix -d /home/freesurfer/subjects/sub-017/surf/lh.defect_labels -o /home/freesurfer/subjects/sub-017/surf/lh.defects.pointset --label /home/freesurfer/subjects/sub-017/label/lh.nofix.cortex.label
Reading in surface /home/freesurfer/subjects/sub-017/surf/lh.orig.nofix
Reading in defect segmentation /home/freesurfer/subjects/sub-017/surf/lh.defect_labels
Reading in label /home/freesurfer/subjects/sub-017/label/lh.nofix.cortex.label
#VMPC# mris_defects_pointset 203460
mris_defects_pointset done
mri_label2label --label-cortex /home/freesurfer/subjects/sub-017/surf/rh.orig.nofix /home/freesurfer/subjects/sub-017/mri/aseg.presurf.mgz 0 /home/freesurfer/subjects/sub-017/label/rh.nofix.cortex.label

 Generating cortex label... RemoveHipAmgy=0
 NucAccIsMedialWall=0
 mris->useRealRAS=0
14 non-cortical segments detected
only using segment with 7305 vertices
erasing segment 1 (vno[0] = 67407)
erasing segment 2 (vno[0] = 67410)
erasing segment 3 (vno[0] = 70242)
erasing segment 4 (vno[0] = 88562)
erasing segment 5 (vno[0] = 97781)
erasing segment 6 (vno[0] = 99688)
erasing segment 7 (vno[0] = 100547)
erasing segment 8 (vno[0] = 102287)
erasing segment 9 (vno[0] = 104304)
erasing segment 10 (vno[0] = 104326)
erasing segment 11 (vno[0] = 104380)
erasing segment 12 (vno[0] = 106227)
erasing segment 13 (vno[0] = 106239)
mri_label2vol --defects /home/freesurfer/subjects/sub-017/surf/rh.orig.nofix /home/freesurfer/subjects/sub-017/surf/rh.defect_labels /home/freesurfer/subjects/sub-017/mri/surface.defects.mgz 2000 1 /home/freesurfer/subjects/sub-017/mri/surface.defects.mgz /home/freesurfer/subjects/sub-017/label/rh.nofix.cortex.label
mri_label2vol supposed to be reproducible but seed not set
Contraining to label /home/freesurfer/subjects/sub-017/label/rh.nofix.cortex.label
Converting defects to volume: offset=2000, merge=1
Writing to /home/freesurfer/subjects/sub-017/mri/surface.defects.mgz
mris_defects_pointset -s /home/freesurfer/subjects/sub-017/surf/rh.orig.nofix -d /home/freesurfer/subjects/sub-017/surf/rh.defect_labels -o /home/freesurfer/subjects/sub-017/surf/rh.defects.pointset --label /home/freesurfer/subjects/sub-017/label/rh.nofix.cortex.label
Reading in surface /home/freesurfer/subjects/sub-017/surf/rh.orig.nofix
Reading in defect segmentation /home/freesurfer/subjects/sub-017/surf/rh.defect_labels
Reading in label /home/freesurfer/subjects/sub-017/label/rh.nofix.cortex.label
#VMPC# mris_defects_pointset 203376
mris_defects_pointset done
 
Started at Fri May 30 10:40:25 UTC 2025 
Ended   at Fri May 30 10:41:16 UTC 2025
Defect2seg-Run-Time-Sec 51
Defect2seg-Run-Time-Min 1.02
Defect2seg-Run-Time-Hours 0.01
 
defect2seg Done
