status file for recon-all
Fri May 30 06:36:09 UTC 2025
#@# MotionCor Fri May 30 06:36:12 UTC 2025
#@# Talairach Fri May 30 06:36:21 UTC 2025
#@# Talairach Failure Detection Fri May 30 06:39:37 UTC 2025
#@# Nu Intensity Correction Fri May 30 06:39:37 UTC 2025
#@# Intensity Normalization Fri May 30 06:42:57 UTC 2025
#@# Skull Stripping Fri May 30 06:46:11 UTC 2025
#@# EM Registration Fri May 30 06:58:10 UTC 2025
#@# CA Normalize Fri May 30 07:11:15 UTC 2025
#@# CA Reg Fri May 30 07:12:38 UTC 2025
#@# SubCort Seg Fri May 30 09:28:45 UTC 2025
#@# CC Seg Fri May 30 10:19:58 UTC 2025
#@# Merge ASeg Fri May 30 10:20:56 UTC 2025
#@# Intensity Normalization2 Fri May 30 10:20:56 UTC 2025
#@# Mask BFS Fri May 30 10:25:26 UTC 2025
#@# WM Segmentation Fri May 30 10:25:28 UTC 2025
#@# Fill Fri May 30 10:30:33 UTC 2025
#@# Tessellate lh Fri May 30 10:32:09 UTC 2025
#@# Tessellate rh Fri May 30 10:32:15 UTC 2025
#@# Smooth1 lh Fri May 30 10:32:20 UTC 2025
#@# Smooth1 rh Fri May 30 10:32:24 UTC 2025
#@# Inflation1 lh Fri May 30 10:32:27 UTC 2025
#@# Inflation1 rh Fri May 30 10:32:43 UTC 2025
#@# QSphere lh Fri May 30 10:33:00 UTC 2025
#@# QSphere rh Fri May 30 10:35:03 UTC 2025
#@# Fix Topology lh Fri May 30 10:37:14 UTC 2025
#@# Fix Topology rh Fri May 30 10:38:36 UTC 2025
#@# Smooth2 lh Fri May 30 10:53:31 UTC 2025
#@# Smooth2 rh Fri May 30 10:53:35 UTC 2025
#@# Inflation2 lh Fri May 30 10:53:38 UTC 2025
#@# Inflation2 rh Fri May 30 10:53:58 UTC 2025
#@# Curv .H and .K lh Fri May 30 10:54:17 UTC 2025
#@# Curv .H and .K rh Fri May 30 10:55:04 UTC 2025
#@# Sphere lh Fri May 30 10:55:51 UTC 2025
#@# Sphere rh Fri May 30 11:05:22 UTC 2025
#@# Surf Reg lh Fri May 30 11:16:40 UTC 2025
#@# Surf Reg rh Fri May 30 11:24:19 UTC 2025
#@# Jacobian white lh Fri May 30 11:32:43 UTC 2025
#@# Jacobian white rh Fri May 30 11:32:44 UTC 2025
#@# AvgCurv lh Fri May 30 11:32:45 UTC 2025
#@# AvgCurv rh Fri May 30 11:32:46 UTC 2025
#@# Cortical Parc lh Fri May 30 11:32:47 UTC 2025
#@# Cortical Parc rh Fri May 30 11:33:02 UTC 2025
#@# white curv lh Fri May 30 11:51:55 UTC 2025
#@# white area lh Fri May 30 11:51:57 UTC 2025
#@# pial curv lh Fri May 30 11:51:58 UTC 2025
#@# pial area lh Fri May 30 11:52:00 UTC 2025
#@# thickness lh Fri May 30 11:52:01 UTC 2025
#@# area and vertex vol lh Fri May 30 11:52:33 UTC 2025
#@# white curv rh Fri May 30 11:52:35 UTC 2025
#@# white area rh Fri May 30 11:52:37 UTC 2025
#@# pial curv rh Fri May 30 11:52:38 UTC 2025
#@# pial area rh Fri May 30 11:52:40 UTC 2025
#@# thickness rh Fri May 30 11:52:41 UTC 2025
#@# area and vertex vol rh Fri May 30 11:53:12 UTC 2025
#@# Curvature Stats lh Fri May 30 11:53:14 UTC 2025
#@# Curvature Stats rh Fri May 30 11:53:18 UTC 2025
#@# Cortical ribbon mask Fri May 30 11:53:21 UTC 2025
#@# Cortical Parc 2 lh Fri May 30 12:03:04 UTC 2025
#@# Cortical Parc 2 rh Fri May 30 12:03:26 UTC 2025
#@# Cortical Parc 3 lh Fri May 30 12:03:47 UTC 2025
#@# Cortical Parc 3 rh Fri May 30 12:04:02 UTC 2025
#@# WM/GM Contrast lh Fri May 30 12:04:18 UTC 2025
#@# WM/GM Contrast rh Fri May 30 12:04:23 UTC 2025
#@# Relabel Hypointensities Fri May 30 12:04:27 UTC 2025
#@# APas-to-ASeg Fri May 30 12:04:57 UTC 2025
#@# AParc-to-ASeg aparc Fri May 30 12:05:15 UTC 2025
#@# AParc-to-ASeg aparc.a2009s Fri May 30 12:08:31 UTC 2025
#@# AParc-to-ASeg aparc.DKTatlas Fri May 30 12:11:19 UTC 2025
#@# WMParc Fri May 30 12:14:02 UTC 2025
#@# Parcellation Stats lh Fri May 30 12:21:28 UTC 2025
#@# Parcellation Stats rh Fri May 30 12:21:50 UTC 2025
#@# Parcellation Stats 2 lh Fri May 30 12:22:14 UTC 2025
#@# Parcellation Stats 2 rh Fri May 30 12:22:28 UTC 2025
#@# Parcellation Stats 3 lh Fri May 30 12:22:41 UTC 2025
#@# Parcellation Stats 3 rh Fri May 30 12:22:53 UTC 2025
#@# ASeg Stats Fri May 30 12:23:05 UTC 2025
#@# BA_exvivo Labels lh Fri May 30 12:26:56 UTC 2025
#@# BA_exvivo Labels rh Fri May 30 12:31:54 UTC 2025
recon-all -s sub-017 finished without error at Fri May 30 12:36:04 UTC 2025
