Log file for defect2seg
Sat May 31 04:23:16 UTC 2025

setenv SUBJECTS_DIR /home/freesurfer/subjects
cd /home/freesurfer/subjects/sub-030/scripts
/usr/local/freesurfer/bin/defect2seg --s sub-030 --cortex

freesurfer-linux-centos8_x86_64-7.4.1-20230613-7eb8460
defect2seg 7.4.1
Linux 68362b01c937 6.11.0-26-generic #26~24.04.1-Ubuntu SMP PREEMPT_DYNAMIC Thu Apr 17 19:20:47 UTC 2 x86_64 x86_64 x86_64 GNU/Linux
pid 1283
mri_label2label --label-cortex /home/freesurfer/subjects/sub-030/surf/lh.orig.nofix /home/freesurfer/subjects/sub-030/mri/aseg.presurf.mgz 0 /home/freesurfer/subjects/sub-030/label/lh.nofix.cortex.label

 Generating cortex label... RemoveHipAmgy=0
 NucAccIsMedialWall=0
 mris->useRealRAS=0
12 non-cortical segments detected
only using segment with 7577 vertices
erasing segment 1 (vno[0] = 63533)
erasing segment 2 (vno[0] = 87049)
erasing segment 3 (vno[0] = 99248)
erasing segment 4 (vno[0] = 99292)
erasing segment 5 (vno[0] = 100294)
erasing segment 6 (vno[0] = 101377)
erasing segment 7 (vno[0] = 101413)
erasing segment 8 (vno[0] = 103347)
erasing segment 9 (vno[0] = 103364)
erasing segment 10 (vno[0] = 104257)
erasing segment 11 (vno[0] = 104325)
mri_label2vol --defects /home/freesurfer/subjects/sub-030/surf/lh.orig.nofix /home/freesurfer/subjects/sub-030/surf/lh.defect_labels /home/freesurfer/subjects/sub-030/mri/orig.mgz 1000 0 /home/freesurfer/subjects/sub-030/mri/surface.defects.mgz /home/freesurfer/subjects/sub-030/label/lh.nofix.cortex.label
mri_label2vol supposed to be reproducible but seed not set
Contraining to label /home/freesurfer/subjects/sub-030/label/lh.nofix.cortex.label
Changing input type 0 to MRI_INT
Converting defects to volume: offset=1000, merge=0
Writing to /home/freesurfer/subjects/sub-030/mri/surface.defects.mgz
mris_defects_pointset -s /home/freesurfer/subjects/sub-030/surf/lh.orig.nofix -d /home/freesurfer/subjects/sub-030/surf/lh.defect_labels -o /home/freesurfer/subjects/sub-030/surf/lh.defects.pointset --label /home/freesurfer/subjects/sub-030/label/lh.nofix.cortex.label
Reading in surface /home/freesurfer/subjects/sub-030/surf/lh.orig.nofix
Reading in defect segmentation /home/freesurfer/subjects/sub-030/surf/lh.defect_labels
Reading in label /home/freesurfer/subjects/sub-030/label/lh.nofix.cortex.label
#VMPC# mris_defects_pointset 199776
mris_defects_pointset done
mri_label2label --label-cortex /home/freesurfer/subjects/sub-030/surf/rh.orig.nofix /home/freesurfer/subjects/sub-030/mri/aseg.presurf.mgz 0 /home/freesurfer/subjects/sub-030/label/rh.nofix.cortex.label

 Generating cortex label... RemoveHipAmgy=0
 NucAccIsMedialWall=0
 mris->useRealRAS=0
15 non-cortical segments detected
only using segment with 7861 vertices
erasing segment 1 (vno[0] = 64379)
erasing segment 2 (vno[0] = 64591)
erasing segment 3 (vno[0] = 66480)
erasing segment 4 (vno[0] = 81668)
erasing segment 5 (vno[0] = 88181)
erasing segment 6 (vno[0] = 97579)
erasing segment 7 (vno[0] = 97867)
erasing segment 8 (vno[0] = 98452)
erasing segment 9 (vno[0] = 98800)
erasing segment 10 (vno[0] = 98830)
erasing segment 11 (vno[0] = 100904)
erasing segment 12 (vno[0] = 101470)
erasing segment 13 (vno[0] = 101772)
erasing segment 14 (vno[0] = 105143)
mri_label2vol --defects /home/freesurfer/subjects/sub-030/surf/rh.orig.nofix /home/freesurfer/subjects/sub-030/surf/rh.defect_labels /home/freesurfer/subjects/sub-030/mri/surface.defects.mgz 2000 1 /home/freesurfer/subjects/sub-030/mri/surface.defects.mgz /home/freesurfer/subjects/sub-030/label/rh.nofix.cortex.label
mri_label2vol supposed to be reproducible but seed not set
Contraining to label /home/freesurfer/subjects/sub-030/label/rh.nofix.cortex.label
Converting defects to volume: offset=2000, merge=1
Writing to /home/freesurfer/subjects/sub-030/mri/surface.defects.mgz
mris_defects_pointset -s /home/freesurfer/subjects/sub-030/surf/rh.orig.nofix -d /home/freesurfer/subjects/sub-030/surf/rh.defect_labels -o /home/freesurfer/subjects/sub-030/surf/rh.defects.pointset --label /home/freesurfer/subjects/sub-030/label/rh.nofix.cortex.label
Reading in surface /home/freesurfer/subjects/sub-030/surf/rh.orig.nofix
Reading in defect segmentation /home/freesurfer/subjects/sub-030/surf/rh.defect_labels
Reading in label /home/freesurfer/subjects/sub-030/label/rh.nofix.cortex.label
#VMPC# mris_defects_pointset 198356
mris_defects_pointset done
 
Started at Sat May 31 04:23:16 UTC 2025 
Ended   at Sat May 31 04:24:04 UTC 2025
Defect2seg-Run-Time-Sec 48
Defect2seg-Run-Time-Min 0.96
Defect2seg-Run-Time-Hours 0.01
 
defect2seg Done
