status file for recon-all
Sat May 31 00:17:42 UTC 2025
#@# MotionCor Sat May 31 00:17:45 UTC 2025
#@# Talairach Sat May 31 00:17:53 UTC 2025
#@# Talairach Failure Detection Sat May 31 00:21:02 UTC 2025
#@# Nu Intensity Correction Sat May 31 00:21:02 UTC 2025
#@# Intensity Normalization Sat May 31 00:24:15 UTC 2025
#@# Skull Stripping Sat May 31 00:27:32 UTC 2025
#@# EM Registration Sat May 31 00:43:22 UTC 2025
#@# CA Normalize Sat May 31 00:52:27 UTC 2025
#@# CA Reg Sat May 31 00:53:49 UTC 2025
#@# SubCort Seg Sat May 31 03:10:30 UTC 2025
#@# CC Seg Sat May 31 04:02:58 UTC 2025
#@# Merge ASeg Sat May 31 04:04:14 UTC 2025
#@# Intensity Normalization2 Sat May 31 04:04:14 UTC 2025
#@# Mask BFS Sat May 31 04:08:45 UTC 2025
#@# WM Segmentation Sat May 31 04:08:48 UTC 2025
#@# Fill Sat May 31 04:13:42 UTC 2025
#@# Tessellate lh Sat May 31 04:15:17 UTC 2025
#@# Tessellate rh Sat May 31 04:15:22 UTC 2025
#@# Smooth1 lh Sat May 31 04:15:27 UTC 2025
#@# Smooth1 rh Sat May 31 04:15:30 UTC 2025
#@# Inflation1 lh Sat May 31 04:15:34 UTC 2025
#@# Inflation1 rh Sat May 31 04:15:51 UTC 2025
#@# QSphere lh Sat May 31 04:16:08 UTC 2025
#@# QSphere rh Sat May 31 04:18:19 UTC 2025
#@# Fix Topology lh Sat May 31 04:20:18 UTC 2025
#@# Fix Topology rh Sat May 31 04:22:10 UTC 2025
#@# Smooth2 lh Sat May 31 04:35:22 UTC 2025
#@# Smooth2 rh Sat May 31 04:35:26 UTC 2025
#@# Inflation2 lh Sat May 31 04:35:29 UTC 2025
#@# Inflation2 rh Sat May 31 04:35:48 UTC 2025
#@# Curv .H and .K lh Sat May 31 04:36:06 UTC 2025
#@# Curv .H and .K rh Sat May 31 04:36:50 UTC 2025
#@# Sphere lh Sat May 31 04:37:34 UTC 2025
#@# Sphere rh Sat May 31 04:47:22 UTC 2025
#@# Surf Reg lh Sat May 31 04:58:01 UTC 2025
#@# Surf Reg rh Sat May 31 05:05:26 UTC 2025
#@# Jacobian white lh Sat May 31 05:13:31 UTC 2025
#@# Jacobian white rh Sat May 31 05:13:32 UTC 2025
#@# AvgCurv lh Sat May 31 05:13:33 UTC 2025
#@# AvgCurv rh Sat May 31 05:13:34 UTC 2025
#@# Cortical Parc lh Sat May 31 05:13:35 UTC 2025
#@# Cortical Parc rh Sat May 31 05:13:49 UTC 2025
#@# white curv lh Sat May 31 05:31:18 UTC 2025
#@# white area lh Sat May 31 05:31:20 UTC 2025
#@# pial curv lh Sat May 31 05:31:21 UTC 2025
#@# pial area lh Sat May 31 05:31:23 UTC 2025
#@# thickness lh Sat May 31 05:31:24 UTC 2025
#@# area and vertex vol lh Sat May 31 05:31:53 UTC 2025
#@# white curv rh Sat May 31 05:31:55 UTC 2025
#@# white area rh Sat May 31 05:31:57 UTC 2025
#@# pial curv rh Sat May 31 05:31:58 UTC 2025
#@# pial area rh Sat May 31 05:32:00 UTC 2025
#@# thickness rh Sat May 31 05:32:01 UTC 2025
#@# area and vertex vol rh Sat May 31 05:32:28 UTC 2025
#@# Curvature Stats lh Sat May 31 05:32:30 UTC 2025
#@# Curvature Stats rh Sat May 31 05:32:33 UTC 2025
#@# Cortical ribbon mask Sat May 31 05:32:37 UTC 2025
#@# Cortical Parc 2 lh Sat May 31 05:37:38 UTC 2025
#@# Cortical Parc 2 rh Sat May 31 05:37:56 UTC 2025
#@# Cortical Parc 3 lh Sat May 31 05:38:15 UTC 2025
#@# Cortical Parc 3 rh Sat May 31 05:38:29 UTC 2025
#@# WM/GM Contrast lh Sat May 31 05:38:42 UTC 2025
#@# WM/GM Contrast rh Sat May 31 05:38:46 UTC 2025
#@# Relabel Hypointensities Sat May 31 05:38:50 UTC 2025
#@# APas-to-ASeg Sat May 31 05:39:17 UTC 2025
#@# AParc-to-ASeg aparc Sat May 31 05:39:32 UTC 2025
#@# AParc-to-ASeg aparc.a2009s Sat May 31 05:41:43 UTC 2025
#@# AParc-to-ASeg aparc.DKTatlas Sat May 31 05:43:57 UTC 2025
#@# WMParc Sat May 31 05:46:09 UTC 2025
#@# Parcellation Stats lh Sat May 31 05:53:12 UTC 2025
#@# Parcellation Stats rh Sat May 31 05:53:33 UTC 2025
#@# Parcellation Stats 2 lh Sat May 31 05:53:54 UTC 2025
#@# Parcellation Stats 2 rh Sat May 31 05:54:07 UTC 2025
#@# Parcellation Stats 3 lh Sat May 31 05:54:20 UTC 2025
#@# Parcellation Stats 3 rh Sat May 31 05:54:30 UTC 2025
#@# ASeg Stats Sat May 31 05:54:40 UTC 2025
#@# BA_exvivo Labels lh Sat May 31 05:57:51 UTC 2025
#@# BA_exvivo Labels rh Sat May 31 06:01:55 UTC 2025
recon-all -s sub-030 finished without error at Sat May 31 06:06:16 UTC 2025
