Log file for defect2seg
Fri May 30 16:35:58 UTC 2025

setenv SUBJECTS_DIR /home/freesurfer/subjects
cd /home/freesurfer/subjects/sub-028/scripts
/usr/local/freesurfer/bin/defect2seg --s sub-028 --cortex

freesurfer-linux-centos8_x86_64-7.4.1-20230613-7eb8460
defect2seg 7.4.1
Linux ad5bf2457d96 6.11.0-26-generic #26~24.04.1-Ubuntu SMP PREEMPT_DYNAMIC Thu Apr 17 19:20:47 UTC 2 x86_64 x86_64 x86_64 GNU/Linux
pid 1283
mri_label2label --label-cortex /home/freesurfer/subjects/sub-028/surf/lh.orig.nofix /home/freesurfer/subjects/sub-028/mri/aseg.presurf.mgz 0 /home/freesurfer/subjects/sub-028/label/lh.nofix.cortex.label

 Generating cortex label... RemoveHipAmgy=0
 NucAccIsMedialWall=0
 mris->useRealRAS=0
10 non-cortical segments detected
only using segment with 8749 vertices
erasing segment 1 (vno[0] = 61577)
erasing segment 2 (vno[0] = 113728)
erasing segment 3 (vno[0] = 114825)
erasing segment 4 (vno[0] = 115971)
erasing segment 5 (vno[0] = 117085)
erasing segment 6 (vno[0] = 118355)
erasing segment 7 (vno[0] = 119368)
erasing segment 8 (vno[0] = 120541)
erasing segment 9 (vno[0] = 121806)
mri_label2vol --defects /home/freesurfer/subjects/sub-028/surf/lh.orig.nofix /home/freesurfer/subjects/sub-028/surf/lh.defect_labels /home/freesurfer/subjects/sub-028/mri/orig.mgz 1000 0 /home/freesurfer/subjects/sub-028/mri/surface.defects.mgz /home/freesurfer/subjects/sub-028/label/lh.nofix.cortex.label
mri_label2vol supposed to be reproducible but seed not set
Contraining to label /home/freesurfer/subjects/sub-028/label/lh.nofix.cortex.label
Changing input type 0 to MRI_INT
Converting defects to volume: offset=1000, merge=0
Writing to /home/freesurfer/subjects/sub-028/mri/surface.defects.mgz
mris_defects_pointset -s /home/freesurfer/subjects/sub-028/surf/lh.orig.nofix -d /home/freesurfer/subjects/sub-028/surf/lh.defect_labels -o /home/freesurfer/subjects/sub-028/surf/lh.defects.pointset --label /home/freesurfer/subjects/sub-028/label/lh.nofix.cortex.label
Reading in surface /home/freesurfer/subjects/sub-028/surf/lh.orig.nofix
Reading in defect segmentation /home/freesurfer/subjects/sub-028/surf/lh.defect_labels
Reading in label /home/freesurfer/subjects/sub-028/label/lh.nofix.cortex.label
#VMPC# mris_defects_pointset 223832
mris_defects_pointset done
mri_label2label --label-cortex /home/freesurfer/subjects/sub-028/surf/rh.orig.nofix /home/freesurfer/subjects/sub-028/mri/aseg.presurf.mgz 0 /home/freesurfer/subjects/sub-028/label/rh.nofix.cortex.label

 Generating cortex label... RemoveHipAmgy=0
 NucAccIsMedialWall=0
 mris->useRealRAS=0
11 non-cortical segments detected
only using segment with 8731 vertices
erasing segment 1 (vno[0] = 119266)
erasing segment 2 (vno[0] = 120330)
erasing segment 3 (vno[0] = 120434)
erasing segment 4 (vno[0] = 121466)
erasing segment 5 (vno[0] = 122557)
erasing segment 6 (vno[0] = 123568)
erasing segment 7 (vno[0] = 126270)
erasing segment 8 (vno[0] = 127285)
erasing segment 9 (vno[0] = 135114)
erasing segment 10 (vno[0] = 135128)
mri_label2vol --defects /home/freesurfer/subjects/sub-028/surf/rh.orig.nofix /home/freesurfer/subjects/sub-028/surf/rh.defect_labels /home/freesurfer/subjects/sub-028/mri/surface.defects.mgz 2000 1 /home/freesurfer/subjects/sub-028/mri/surface.defects.mgz /home/freesurfer/subjects/sub-028/label/rh.nofix.cortex.label
mri_label2vol supposed to be reproducible but seed not set
Contraining to label /home/freesurfer/subjects/sub-028/label/rh.nofix.cortex.label
Converting defects to volume: offset=2000, merge=1
Writing to /home/freesurfer/subjects/sub-028/mri/surface.defects.mgz
mris_defects_pointset -s /home/freesurfer/subjects/sub-028/surf/rh.orig.nofix -d /home/freesurfer/subjects/sub-028/surf/rh.defect_labels -o /home/freesurfer/subjects/sub-028/surf/rh.defects.pointset --label /home/freesurfer/subjects/sub-028/label/rh.nofix.cortex.label
Reading in surface /home/freesurfer/subjects/sub-028/surf/rh.orig.nofix
Reading in defect segmentation /home/freesurfer/subjects/sub-028/surf/rh.defect_labels
Reading in label /home/freesurfer/subjects/sub-028/label/rh.nofix.cortex.label
#VMPC# mris_defects_pointset 225508
mris_defects_pointset done
 
Started at Fri May 30 16:35:58 UTC 2025 
Ended   at Fri May 30 16:36:52 UTC 2025
Defect2seg-Run-Time-Sec 54
Defect2seg-Run-Time-Min 1.08
Defect2seg-Run-Time-Hours 0.01
 
defect2seg Done
