status file for recon-all
Fri May 30 12:31:53 UTC 2025
#@# MotionCor Fri May 30 12:31:56 UTC 2025
#@# Talairach Fri May 30 12:32:05 UTC 2025
#@# Talairach Failure Detection Fri May 30 12:35:19 UTC 2025
#@# Nu Intensity Correction Fri May 30 12:35:19 UTC 2025
#@# Intensity Normalization Fri May 30 12:38:34 UTC 2025
#@# Skull Stripping Fri May 30 12:41:54 UTC 2025
#@# EM Registration Fri May 30 12:55:19 UTC 2025
#@# CA Normalize Fri May 30 13:06:14 UTC 2025
#@# CA Reg Fri May 30 13:07:35 UTC 2025
#@# SubCort Seg Fri May 30 15:17:50 UTC 2025
#@# CC Seg Fri May 30 16:12:31 UTC 2025
#@# Merge ASeg Fri May 30 16:13:40 UTC 2025
#@# Intensity Normalization2 Fri May 30 16:13:40 UTC 2025
#@# Mask BFS Fri May 30 16:18:06 UTC 2025
#@# WM Segmentation Fri May 30 16:18:08 UTC 2025
#@# Fill Fri May 30 16:23:08 UTC 2025
#@# Tessellate lh Fri May 30 16:24:42 UTC 2025
#@# Tessellate rh Fri May 30 16:24:47 UTC 2025
#@# Smooth1 lh Fri May 30 16:24:53 UTC 2025
#@# Smooth1 rh Fri May 30 16:24:56 UTC 2025
#@# Inflation1 lh Fri May 30 16:25:00 UTC 2025
#@# Inflation1 rh Fri May 30 16:25:21 UTC 2025
#@# QSphere lh Fri May 30 16:25:41 UTC 2025
#@# QSphere rh Fri May 30 16:28:11 UTC 2025
#@# Fix Topology lh Fri May 30 16:30:17 UTC 2025
#@# Fix Topology rh Fri May 30 16:33:02 UTC 2025
#@# Smooth2 lh Fri May 30 16:50:41 UTC 2025
#@# Smooth2 rh Fri May 30 16:50:45 UTC 2025
#@# Inflation2 lh Fri May 30 16:50:49 UTC 2025
#@# Inflation2 rh Fri May 30 16:51:14 UTC 2025
#@# Curv .H and .K lh Fri May 30 16:51:37 UTC 2025
#@# Curv .H and .K rh Fri May 30 16:52:29 UTC 2025
#@# Sphere lh Fri May 30 16:53:21 UTC 2025
#@# Sphere rh Fri May 30 17:02:44 UTC 2025
#@# Surf Reg lh Fri May 30 17:13:13 UTC 2025
#@# Surf Reg rh Fri May 30 17:22:50 UTC 2025
#@# Jacobian white lh Fri May 30 17:34:16 UTC 2025
#@# Jacobian white rh Fri May 30 17:34:18 UTC 2025
#@# AvgCurv lh Fri May 30 17:34:19 UTC 2025
#@# AvgCurv rh Fri May 30 17:34:20 UTC 2025
#@# Cortical Parc lh Fri May 30 17:34:21 UTC 2025
#@# Cortical Parc rh Fri May 30 17:34:37 UTC 2025
#@# white curv lh Fri May 30 17:56:26 UTC 2025
#@# white area lh Fri May 30 17:56:29 UTC 2025
#@# pial curv lh Fri May 30 17:56:30 UTC 2025
#@# pial area lh Fri May 30 17:56:33 UTC 2025
#@# thickness lh Fri May 30 17:56:34 UTC 2025
#@# area and vertex vol lh Fri May 30 17:57:08 UTC 2025
#@# white curv rh Fri May 30 17:57:10 UTC 2025
#@# white area rh Fri May 30 17:57:13 UTC 2025
#@# pial curv rh Fri May 30 17:57:14 UTC 2025
#@# pial area rh Fri May 30 17:57:17 UTC 2025
#@# thickness rh Fri May 30 17:57:18 UTC 2025
#@# area and vertex vol rh Fri May 30 17:57:53 UTC 2025
#@# Curvature Stats lh Fri May 30 17:57:55 UTC 2025
#@# Curvature Stats rh Fri May 30 17:57:59 UTC 2025
#@# Cortical ribbon mask Fri May 30 17:58:03 UTC 2025
#@# Cortical Parc 2 lh Fri May 30 18:12:44 UTC 2025
#@# Cortical Parc 2 rh Fri May 30 18:13:09 UTC 2025
#@# Cortical Parc 3 lh Fri May 30 18:13:33 UTC 2025
#@# Cortical Parc 3 rh Fri May 30 18:13:50 UTC 2025
#@# WM/GM Contrast lh Fri May 30 18:14:08 UTC 2025
#@# WM/GM Contrast rh Fri May 30 18:14:12 UTC 2025
#@# Relabel Hypointensities Fri May 30 18:14:17 UTC 2025
#@# APas-to-ASeg Fri May 30 18:14:49 UTC 2025
#@# AParc-to-ASeg aparc Fri May 30 18:15:09 UTC 2025
#@# AParc-to-ASeg aparc.a2009s Fri May 30 18:19:00 UTC 2025
#@# AParc-to-ASeg aparc.DKTatlas Fri May 30 18:22:42 UTC 2025
#@# WMParc Fri May 30 18:26:08 UTC 2025
#@# Parcellation Stats lh Fri May 30 18:34:14 UTC 2025
#@# Parcellation Stats rh Fri May 30 18:34:41 UTC 2025
#@# Parcellation Stats 2 lh Fri May 30 18:35:10 UTC 2025
#@# Parcellation Stats 2 rh Fri May 30 18:35:26 UTC 2025
#@# Parcellation Stats 3 lh Fri May 30 18:35:40 UTC 2025
#@# Parcellation Stats 3 rh Fri May 30 18:35:52 UTC 2025
#@# ASeg Stats Fri May 30 18:36:05 UTC 2025
#@# BA_exvivo Labels lh Fri May 30 18:39:17 UTC 2025
#@# BA_exvivo Labels rh Fri May 30 18:43:49 UTC 2025
recon-all -s sub-028 finished without error at Fri May 30 18:48:28 UTC 2025
