/home/freesurfer/subjects/sub-010/mri
/usr/local/freesurfer/bin/talairach_avi
--i orig_nu.mgz --xfm transforms/talairach.auto.xfm
talairach_avi 7.4.1
Linux 179776139c20 6.11.0-26-generic #26~24.04.1-Ubuntu SMP PREEMPT_DYNAMIC Thu Apr 17 19:20:47 UTC 2 x86_64 x86_64 x86_64 GNU/Linux
Sat May 31 01:08:16 UTC 2025
mri_convert orig_nu.mgz talsrcimg.img 
reading from orig_nu.mgz...
TR=8.38, TE=0.00, TI=0.00, flip angle=0.00
i_ras = (-1, -1.30385e-08, -1.49012e-08)
j_ras = (-1.49012e-08, 0, -1)
k_ras = (-1.30385e-08, 1, -1.49012e-08)
writing to talsrcimg.img...
Analyze Output Matrix
-1.00000  -0.00000  -0.00000   133.26817;
-0.00000   0.00000   1.00000  -108.59629;
-0.00000  -1.00000  -0.00000   159.92850;
 0.00000   0.00000   0.00000   1.00000;
--------------------
INFO: set hdr.hist.orient to -1
mpr2mni305 talsrcimg
Sat May 31 01:08:17 UTC 2025
/usr/local/freesurfer/bin/mpr2mni305 talsrcimg
mpr2mni305 7.4.1
target=711-2C_as_mni_average_305

---------------------------------------------------------------------
analyzeto4dfp talsrcimg -O0 -y
---------------------------------------------------------------------

freesurfer ifh2hdr.c
Sat May 31 01:08:17 2025
Writing: talsrcimg.4dfp.hdr
freesurfer analyzeto4dfp.c
Reading: talsrcimg.hdr
header size 348 bytes
hdr.dime.datatype	offset=70	value=2
hdr.dime.bitpix		offset=72	value=8
hdr.hist.orient		offset=252	value=-1
dimensionality     4
dimensions       256       256       256         1
Reading: talsrcimg.img
Writing: talsrcimg.4dfp.img
Writing: talsrcimg.4dfp.ifh
ifh2hdr talsrcimg -r0to228
ori=2

---------------------------------------------------------------------
gauss_4dfp talsrcimg 1.1
---------------------------------------------------------------------

freesurfer gauss_4dfp.c
Reading: talsrcimg.4dfp.img
Writing: talsrcimg_g11.4dfp.img
image dimensions 256 256 256 padded to 288 288 288
processing volume 1freesurfer ifh2hdr.c
Sat May 31 01:08:22 2025
Writing: talsrcimg_g11.4dfp.hdr

Writing: talsrcimg_g11.4dfp.ifh
including: talsrcimg.4dfp.img.rec in talsrcimg_g11.4dfp.img.rec

---------------------------------------------------------------------
imgreg_4dfp /usr/local/freesurfer/average/711-2C_as_mni_average_305 none talsrcimg_g11 none talsrcimg_to_711-2C_as_mni_average_305_t4 4355
---------------------------------------------------------------------

freesurfer imgreg_4dfp.c
/usr/local/freesurfer/average/711-2C_as_mni_average_305.4dfp.img
       256       256       256         1
  1.000000  1.000000  1.000000
orientation T byte_order littleendian
Reading image: /usr/local/freesurfer/average/711-2C_as_mni_average_305.4dfp.img
dimensions:      256       256       256
mmppix:       1.0000   -1.0000   -1.0000
center:     128.0000 -129.0000 -129.0000
talsrcimg_g11.4dfp.img
       256       256       256         1
  1.000000  1.000000  1.000000
orientation T byte_order littleendian
Reading image: talsrcimg_g11.4dfp.img
dimensions:      256       256       256
mmppix:       1.0000   -1.0000   -1.0000
center:     128.0000 -129.0000 -129.0000
t4_read: open error in t4_sub.f l:  41 t4_file(1:l)talsrcimg_to_711-2C_as_mni_average_305_t4 
t4_read: transform initialized to I4
rotation matrix determinant  1.000000
image alignment mode   4355 decimal     1103 hex
   -7.5000  -45.0000  -45.0000 9165.0938   23.6660
    0.0000  -45.0000  -45.0000 9457.6650   23.6180
    7.5000  -45.0000  -45.0000 8952.9492   23.6842
   -7.5000  -37.5000  -45.0000 9583.7852   23.7441
    0.0000  -37.5000  -45.0000 9888.0010   23.7001
    7.5000  -37.5000  -45.0000 9383.8545   23.7562
   -7.5000  -30.0000  -45.000010306.1562   23.7702
    0.0000  -30.0000  -45.000010604.3994   23.7376
    7.5000  -30.0000  -45.000010052.5303   23.7923
   -7.5000  -22.5000  -45.000010946.1514   23.7132
    0.0000  -22.5000  -45.000011259.7920   23.6870
    7.5000  -22.5000  -45.000010650.3887   23.7495
   -7.5000  -15.0000  -45.000011563.8818   23.6342
    0.0000  -15.0000  -45.000011879.7197   23.6050
    7.5000  -15.0000  -45.000011209.3301   23.6776
   -7.5000   -7.5000  -45.000012097.0527   23.6131
    0.0000   -7.5000  -45.000012463.7842   23.5735
    7.5000   -7.5000  -45.000011735.3936   23.6483
   -7.5000    0.0000  -45.000012562.6924   23.6660
    0.0000    0.0000  -45.000012962.8555   23.6180
    7.5000    0.0000  -45.000012149.6875   23.6842
   -7.5000    7.5000  -45.000012004.1836   23.7441
    0.0000    7.5000  -45.000012392.4014   23.7001
    7.5000    7.5000  -45.000011598.6553   23.7562
   -7.5000   15.0000  -45.000011229.3877   23.7702
    0.0000   15.0000  -45.000011570.6582   23.7376
    7.5000   15.0000  -45.000010813.2031   23.7923
   -7.5000   22.5000  -45.000010256.4863   23.7099
    0.0000   22.5000  -45.000010548.1445   23.6838
    7.5000   22.5000  -45.0000 9861.0752   23.7462
   -7.5000   30.0000  -45.0000 9256.3936   23.3193
    0.0000   30.0000  -45.0000 9534.5547   23.2905
    7.5000   30.0000  -45.0000 8876.7959   23.3621
   -7.5000   37.5000  -45.0000 8601.6621   23.2985
    0.0000   37.5000  -45.0000 8872.5166   23.2594
    7.5000   37.5000  -45.0000 8242.0645   23.3332
   -7.5000   45.0000  -45.0000 7650.4302   22.7926
    0.0000   45.0000  -45.0000 7913.4355   22.7469
    7.5000   45.0000  -45.0000 7351.9385   22.8107
   -7.5000  -45.0000  -37.5000 9708.8135   23.6387
    0.0000  -45.0000  -37.5000 9984.9307   23.5958
    7.5000  -45.0000  -37.5000 9449.0820   23.6712
   -7.5000  -37.5000  -37.500010154.8145   23.7055
    0.0000  -37.5000  -37.500010439.3672   23.6651
    7.5000  -37.5000  -37.5000 9900.2490   23.7406
   -7.5000  -30.0000  -37.500010895.3916   23.7213
    0.0000  -30.0000  -37.500011203.5732   23.6893
    7.5000  -30.0000  -37.500010606.1748   23.7711
   -7.5000  -22.5000  -37.500011598.3643   23.6667
    0.0000  -22.5000  -37.500011893.3652   23.6402
    7.5000  -22.5000  -37.500011251.0732   23.7260
   -7.5000  -15.0000  -37.500012240.7041   23.5995
    0.0000  -15.0000  -37.500012559.6172   23.5717
    7.5000  -15.0000  -37.500011825.8115   23.6579
   -7.5000   -7.5000  -37.500012791.6992   23.5873
    0.0000   -7.5000  -37.500013157.5234   23.5515
    7.5000   -7.5000  -37.500012361.7686   23.6335
   -7.5000    0.0000  -37.500013255.4287   23.6387
    0.0000    0.0000  -37.500013634.6934   23.5958
    7.5000    0.0000  -37.500012780.4453   23.6712
   -7.5000    7.5000  -37.500012645.0527   23.7055
    0.0000    7.5000  -37.500013004.8506   23.6651
    7.5000    7.5000  -37.500012163.6758   23.7406
   -7.5000   15.0000  -37.500011816.4004   23.7213
    0.0000   15.0000  -37.500012134.8125   23.6893
    7.5000   15.0000  -37.500011340.6768   23.7711
   -7.5000   22.5000  -37.500010778.8691   23.6635
    0.0000   22.5000  -37.500011065.2705   23.6369
    7.5000   22.5000  -37.500010337.3984   23.7227
   -7.5000   30.0000  -37.5000 9700.3770   23.2851
    0.0000   30.0000  -37.5000 9979.4180   23.2576
    7.5000   30.0000  -37.5000 9319.8994   23.3426
   -7.5000   37.5000  -37.5000 8996.9521   23.2730
    0.0000   37.5000  -37.5000 9288.9600   23.2377
    7.5000   37.5000  -37.5000 8638.2490   23.3186
   -7.5000   45.0000  -37.5000 7963.4087   22.7662
    0.0000   45.0000  -37.5000 8252.1846   22.7256
    7.5000   45.0000  -37.5000 7682.4370   22.7983
   -7.5000  -45.0000  -30.000010411.3506   24.6414
    0.0000  -45.0000  -30.000010692.8643   24.5954
    7.5000  -45.0000  -30.000010061.1367   24.6777
   -7.5000  -37.5000  -30.000010878.7744   24.7030
    0.0000  -37.5000  -30.000011168.6240   24.6537
    7.5000  -37.5000  -30.000010541.8115   24.7438
   -7.5000  -30.0000  -30.000011632.2598   24.7151
    0.0000  -30.0000  -30.000011972.8389   24.6702
    7.5000  -30.0000  -30.000011303.2109   24.7746
   -7.5000  -22.5000  -30.000012367.3311   24.6633
    0.0000  -22.5000  -30.000012714.9756   24.6263
    7.5000  -22.5000  -30.000011993.7168   24.7341
   -7.5000  -15.0000  -30.000013029.5908   24.6016
    0.0000  -15.0000  -30.000013425.0371   24.5691
    7.5000  -15.0000  -30.000012617.3086   24.6705
   -7.5000   -7.5000  -30.000013639.1816   24.5917
    0.0000   -7.5000  -30.000014037.8799   24.5547
    7.5000   -7.5000  -30.000013198.3662   24.6448
   -7.5000    0.0000  -30.000014123.5771   24.6414
    0.0000    0.0000  -30.000014545.6602   24.5954
    7.5000    0.0000  -30.000013643.4473   24.6777
   -7.5000    7.5000  -30.000013417.5479   24.7030
    0.0000    7.5000  -30.000013831.4268   24.6537
    7.5000    7.5000  -30.000012965.6191   24.7438
   -7.5000   15.0000  -30.000012518.9297   24.7151
    0.0000   15.0000  -30.000012885.0586   24.6702
    7.5000   15.0000  -30.000012072.3008   24.7746
   -7.5000   22.5000  -30.000011430.1738   24.6574
    0.0000   22.5000  -30.000011768.3145   24.6203
    7.5000   22.5000  -30.000011011.2031   24.7282
   -7.5000   30.0000  -30.000010282.8066   24.2760
    0.0000   30.0000  -30.000010612.6855   24.2440
    7.5000   30.0000  -30.0000 9923.9512   24.3441
   -7.5000   37.5000  -30.0000 9526.1270   24.2663
    0.0000   37.5000  -30.0000 9868.5615   24.2299
    7.5000   37.5000  -30.0000 9209.6650   24.3188
   -7.5000   45.0000  -30.0000 8442.0566   23.7489
    0.0000   45.0000  -30.0000 8753.8057   23.7055
    7.5000   45.0000  -30.0000 8156.1133   23.7850
   -7.5000  -45.0000  -22.500011071.5527   25.5287
    0.0000  -45.0000  -22.500011403.2109   25.4775
    7.5000  -45.0000  -22.500010705.5234   25.5592
   -7.5000  -37.5000  -22.500011565.7061   25.6001
    0.0000  -37.5000  -22.500011907.0840   25.5401
    7.5000  -37.5000  -22.500011217.9795   25.6252
   -7.5000  -30.0000  -22.500012316.1084   25.6252
    0.0000  -30.0000  -22.500012736.2686   25.5675
    7.5000  -30.0000  -22.500012027.7793   25.6651
   -7.5000  -22.5000  -22.500013027.3906   25.5760
    0.0000  -22.5000  -22.500013480.9375   25.5296
    7.5000  -22.5000  -22.500012746.7979   25.6339
   -7.5000  -15.0000  -22.500013712.2764   25.5046
    0.0000  -15.0000  -22.500014211.9346   25.4678
    7.5000  -15.0000  -22.500013404.6943   25.5704
   -7.5000   -7.5000  -22.500014387.1123   25.4823
    0.0000   -7.5000  -22.500014896.2305   25.4428
    7.5000   -7.5000  -22.500014021.0811   25.5357
   -7.5000    0.0000  -22.500014899.8213   25.5287
    0.0000    0.0000  -22.500015429.6748   25.4775
    7.5000    0.0000  -22.500014504.4023   25.5592
   -7.5000    7.5000  -22.500014175.8076   25.6001
    0.0000    7.5000  -22.500014679.1982   25.5401
    7.5000    7.5000  -22.500013816.7041   25.6252
   -7.5000   15.0000  -22.500013195.4180   25.6252
    0.0000   15.0000  -22.500013637.2695   25.5675
    7.5000   15.0000  -22.500012829.5195   25.6651
   -7.5000   22.5000  -22.500012051.1064   25.5681
    0.0000   22.5000  -22.500012440.1104   25.5217
    7.5000   22.5000  -22.500011703.6455   25.6260
   -7.5000   30.0000  -22.500010868.2822   25.1710
    0.0000   30.0000  -22.500011253.5547   25.1346
    7.5000   30.0000  -22.500010548.1416   25.2359
   -7.5000   37.5000  -22.500010068.5059   25.1491
    0.0000   37.5000  -22.500010437.8389   25.1101
    7.5000   37.5000  -22.5000 9752.0498   25.2018
   -7.5000   45.0000  -22.5000 8898.4980   24.6225
    0.0000   45.0000  -22.5000 9235.0576   24.5738
    7.5000   45.0000  -22.5000 8611.4727   24.6528
   -7.5000  -45.0000  -15.000011639.5088   26.1725
    0.0000  -45.0000  -15.000012029.2070   26.1177
    7.5000  -45.0000  -15.000011289.1934   26.1929
   -7.5000  -37.5000  -15.000012208.6182   26.2586
    0.0000  -37.5000  -15.000012599.0176   26.1942
    7.5000  -37.5000  -15.000011825.9072   26.2604
   -7.5000  -30.0000  -15.000013001.8506   26.2962
    0.0000  -30.0000  -15.000013485.9209   26.2358
    7.5000  -30.0000  -15.000012673.9951   26.3057
   -7.5000  -22.5000  -15.000013654.0518   26.2431
    0.0000  -22.5000  -15.000014223.1484   26.1968
    7.5000  -22.5000  -15.000013475.9463   26.2777
   -7.5000  -15.0000  -15.000014318.5859   26.1562
    0.0000  -15.0000  -15.000014908.8896   26.1200
    7.5000  -15.0000  -15.000014188.3740   26.2113
   -7.5000   -7.5000  -15.000015045.9707   26.1230
    0.0000   -7.5000  -15.000015649.1152   26.0824
    7.5000   -7.5000  -15.000014838.3184   26.1718
   -7.5000    0.0000  -15.000015605.2109   26.1725
    0.0000    0.0000  -15.000016230.7461   26.1177
    7.5000    0.0000  -15.000015363.3096   26.1929
   -7.5000    7.5000  -15.000014836.3467   26.2586
    0.0000    7.5000  -15.000015454.6035   26.1942
    7.5000    7.5000  -15.000014623.4062   26.2604
   -7.5000   15.0000  -15.000013847.0977   26.2962
    0.0000   15.0000  -15.000014382.2617   26.2358
    7.5000   15.0000  -15.000013567.6035   26.3057
   -7.5000   22.5000  -15.000012684.7832   26.2339
    0.0000   22.5000  -15.000013151.9736   26.1875
    7.5000   22.5000  -15.000012359.2129   26.2684
   -7.5000   30.0000  -15.000011438.4736   25.8177
    0.0000   30.0000  -15.000011878.6621   25.7819
    7.5000   30.0000  -15.000011115.1318   25.8720
   -7.5000   37.5000  -15.000010587.5527   25.7850
    0.0000   37.5000  -15.000011016.8721   25.7449
    7.5000   37.5000  -15.000010276.7422   25.8331
   -7.5000   45.0000  -15.0000 9351.9863   25.2588
    0.0000   45.0000  -15.0000 9731.0908   25.2063
    7.5000   45.0000  -15.0000 9049.1123   25.2790
   -7.5000  -45.0000   -7.500012176.8975   26.4676
    0.0000  -45.0000   -7.500012607.6348   26.4103
    7.5000  -45.0000   -7.500011852.7793   26.4797
   -7.5000  -37.5000   -7.500012839.8477   26.5595
    0.0000  -37.5000   -7.500013252.1650   26.4995
    7.5000  -37.5000   -7.500012415.2959   26.5533
   -7.5000  -30.0000   -7.500013777.7578   26.5961
    0.0000  -30.0000   -7.500014308.7510   26.5458
    7.5000  -30.0000   -7.500013390.0918   26.5971
   -7.5000  -22.5000   -7.500014381.8359   26.5352
    0.0000  -22.5000   -7.500015066.2686   26.4969
    7.5000  -22.5000   -7.500014331.6904   26.5604
   -7.5000  -15.0000   -7.500014949.7832   26.4418
    0.0000  -15.0000   -7.500015676.2998   26.4070
    7.5000  -15.0000   -7.500015084.0137   26.4865
   -7.5000   -7.5000   -7.500015698.6367   26.4107
    0.0000   -7.5000   -7.500016432.9590   26.3667
    7.5000   -7.5000   -7.500015730.9863   26.4495
   -7.5000    0.0000   -7.500016319.4785   26.4676
    0.0000    0.0000   -7.500017086.7715   26.4103
    7.5000    0.0000   -7.500016239.3232   26.4797
   -7.5000    7.5000   -7.500015564.4033   26.5595
    0.0000    7.5000   -7.500016291.2920   26.4995
    7.5000    7.5000   -7.500015413.2441   26.5533
   -7.5000   15.0000   -7.500014574.3389   26.5961
    0.0000   15.0000   -7.500015191.9287   26.5458
    7.5000   15.0000   -7.500014271.6250   26.5971
   -7.5000   22.5000   -7.500013357.1484   26.5229
    0.0000   22.5000   -7.500013875.0010   26.4847
    7.5000   22.5000   -7.500012974.2412   26.5481
   -7.5000   30.0000   -7.500012049.6484   26.0989
    0.0000   30.0000   -7.500012516.9951   26.0645
    7.5000   30.0000   -7.500011676.6338   26.1431
   -7.5000   37.5000   -7.500011138.7324   26.0683
    0.0000   37.5000   -7.500011570.0752   26.0248
    7.5000   37.5000   -7.500010787.7559   26.1065
   -7.5000   45.0000   -7.5000 9850.4941   25.5487
    0.0000   45.0000   -7.500010216.0557   25.4937
    7.5000   45.0000   -7.5000 9500.0381   25.5608
   -7.5000  -45.0000    0.000012510.1279   26.4818
    0.0000  -45.0000    0.000013014.0186   26.4281
    7.5000  -45.0000    0.000012303.8057   26.5022
   -7.5000  -37.5000    0.000013233.7012   26.5691
    0.0000  -37.5000    0.000013691.9297   26.5199
    7.5000  -37.5000    0.000012900.7764   26.5827
   -7.5000  -30.0000    0.000014373.7695   26.5984
    0.0000  -30.0000    0.000014930.4268   26.5619
    7.5000  -30.0000    0.000013955.2842   26.6231
   -7.5000  -22.5000    0.000015115.5703   26.5346
    0.0000  -22.5000    0.000015896.0166   26.5054
    7.5000  -22.5000    0.000015055.2881   26.5753
   -7.5000  -15.0000    0.000015634.0000   26.4463
    0.0000  -15.0000    0.000016439.8984   26.4137
    7.5000  -15.0000    0.000015791.8115   26.4949
   -7.5000   -7.5000    0.000016274.7686   26.4227
    0.0000   -7.5000    0.000017056.4180   26.3784
    7.5000   -7.5000    0.000016333.6318   26.4621
   -7.5000    0.0000    0.000016926.1582   26.4818
    0.0000    0.0000    0.000017669.1035   26.4281
    7.5000    0.0000    0.000016778.6641   26.5022
   -7.5000    7.5000    0.000016198.0918   26.5691
    0.0000    7.5000    0.000016843.4082   26.5199
    7.5000    7.5000    0.000015930.5918   26.5827
   -7.5000   15.0000    0.000015178.6035   26.5984
    0.0000   15.0000    0.000015651.1338   26.5619
    7.5000   15.0000    0.000014756.1533   26.6231
   -7.5000   22.5000    0.000013896.5137   26.5224
    0.0000   22.5000    0.000014247.5195   26.4932
    7.5000   22.5000    0.000013422.6406   26.5631
   -7.5000   30.0000    0.000012514.3760   26.1041
    0.0000   30.0000    0.000012847.2822   26.0719
    7.5000   30.0000    0.000012067.6475   26.1520
   -7.5000   37.5000    0.000011584.2754   26.0808
    0.0000   37.5000    0.000011945.0723   26.0371
    7.5000   37.5000    0.000011176.4541   26.1197
   -7.5000   45.0000    0.000010250.5908   25.5646
    0.0000   45.0000    0.000010585.4102   25.5133
    7.5000   45.0000    0.0000 9858.8594   25.5848
   -7.5000  -45.0000    7.500011919.5596   26.4524
    0.0000  -45.0000    7.500012402.6094   26.4043
    7.5000  -45.0000    7.500011770.2832   26.4887
   -7.5000  -37.5000    7.500012549.0371   26.5271
    0.0000  -37.5000    7.500013048.3311   26.4819
    7.5000  -37.5000    7.500012334.4678   26.5664
   -7.5000  -30.0000    7.500013735.5645   26.5447
    0.0000  -30.0000    7.500014249.5586   26.5090
    7.5000  -30.0000    7.500013360.3340   26.6005
   -7.5000  -22.5000    7.500014725.6416   26.4837
    0.0000  -22.5000    7.500015204.6406   26.4540
    7.5000  -22.5000    7.500014362.2314   26.5500
   -7.5000  -15.0000    7.500015392.5674   26.4085
    0.0000  -15.0000    7.500015813.1543   26.3774
    7.5000  -15.0000    7.500014992.8271   26.4738
   -7.5000   -7.5000    7.500016023.0840   26.3948
    0.0000   -7.5000    7.500016447.4395   26.3548
    7.5000   -7.5000    7.500015540.0127   26.4466
   -7.5000    0.0000    7.500016509.7070   26.4524
    0.0000    0.0000    7.500016972.9785   26.4043
    7.5000    0.0000    7.500015982.6885   26.4887
   -7.5000    7.5000    7.500015711.9268   26.5271
    0.0000    7.5000    7.500016108.5762   26.4819
    7.5000    7.5000    7.500015175.8896   26.5664
   -7.5000   15.0000    7.500014589.9414   26.5447
    0.0000   15.0000    7.500014883.4062   26.5090
    7.5000   15.0000    7.500014028.1191   26.6005
   -7.5000   22.5000    7.500013327.9609   26.4715
    0.0000   22.5000    7.500013571.2734   26.4418
    7.5000   22.5000    7.500012796.5605   26.5377
   -7.5000   30.0000    7.500012010.4541   26.0668
    0.0000   30.0000    7.500012250.3496   26.0360
    7.5000   30.0000    7.500011533.1250   26.1312
   -7.5000   37.5000    7.500011098.7051   26.0533
    0.0000   37.5000    7.500011355.6865   26.0138
    7.5000   37.5000    7.500010675.6006   26.1044
   -7.5000   45.0000    7.5000 9767.2871   25.5360
    0.0000   45.0000    7.5000 9990.5186   25.4904
    7.5000   45.0000    7.5000 9371.6562   25.5720
   -7.5000  -45.0000   15.000011204.2441   26.4614
    0.0000  -45.0000   15.000011634.8535   26.4121
    7.5000  -45.0000   15.000011042.3584   26.5004
   -7.5000  -37.5000   15.000011770.0742   26.5276
    0.0000  -37.5000   15.000012215.8486   26.4747
    7.5000  -37.5000   15.000011568.2998   26.5715
   -7.5000  -30.0000   15.000012895.6504   26.5406
    0.0000  -30.0000   15.000013297.6826   26.4923
    7.5000  -30.0000   15.000012553.5107   26.6045
   -7.5000  -22.5000   15.000013814.4668   26.4850
    0.0000  -22.5000   15.000014057.5146   26.4452
    7.5000  -22.5000   15.000013367.2520   26.5610
   -7.5000  -15.0000   15.000014486.5791   26.4187
    0.0000  -15.0000   15.000014680.1152   26.3838
    7.5000  -15.0000   15.000013947.2109   26.4927
   -7.5000   -7.5000   15.000015243.7363   26.4080
    0.0000   -7.5000   15.000015454.1221   26.3684
    7.5000   -7.5000   15.000014582.7988   26.4651
   -7.5000    0.0000   15.000015785.4609   26.4614
    0.0000    0.0000   15.000016029.2559   26.4121
    7.5000    0.0000   15.000015097.2803   26.5004
   -7.5000    7.5000   15.000014946.0303   26.5276
    0.0000    7.5000   15.000015170.3135   26.4747
    7.5000    7.5000   15.000014312.9355   26.5715
   -7.5000   15.0000   15.000013765.4727   26.5406
    0.0000   15.0000   15.000013967.0303   26.4923
    7.5000   15.0000   15.000013182.1494   26.6045
   -7.5000   22.5000   15.000012501.4590   26.4728
    0.0000   22.5000   15.000012714.9014   26.4330
    7.5000   22.5000   15.000012000.6084   26.5488
   -7.5000   30.0000   15.000011224.0635   26.0768
    0.0000   30.0000   15.000011474.0889   26.0424
    7.5000   30.0000   15.000010806.1689   26.1499
   -7.5000   37.5000   15.000010358.6494   26.0663
    0.0000   37.5000   15.000010616.1367   26.0272
    7.5000   37.5000   15.000010010.5762   26.1227
   -7.5000   45.0000   15.0000 9096.6689   25.5444
    0.0000   45.0000   15.0000 9293.6221   25.4977
    7.5000   45.0000   15.0000 8771.6152   25.5832
   -7.5000  -45.0000   22.500010491.7900   26.5256
    0.0000  -45.0000   22.500010845.1016   26.4723
    7.5000  -45.0000   22.500010308.8750   26.5572
   -7.5000  -37.5000   22.500011022.6826   26.5998
    0.0000  -37.5000   22.500011396.9824   26.5374
    7.5000  -37.5000   22.500010809.1748   26.6259
   -7.5000  -30.0000   22.500011968.5732   26.6259
    0.0000  -30.0000   22.500012310.4238   26.5659
    7.5000  -30.0000   22.500011689.1016   26.6674
   -7.5000  -22.5000   22.500012718.4482   26.5747
    0.0000  -22.5000   22.500012974.4688   26.5265
    7.5000  -22.5000   22.500012385.8174   26.6349
   -7.5000  -15.0000   22.500013286.8604   26.5005
    0.0000  -15.0000   22.500013587.1885   26.4621
    7.5000  -15.0000   22.500012969.6562   26.5688
   -7.5000   -7.5000   22.500013897.3242   26.4773
    0.0000   -7.5000   22.500014289.1416   26.4362
    7.5000   -7.5000   22.500013566.3135   26.5328
   -7.5000    0.0000   22.500014441.4688   26.5256
    0.0000    0.0000   22.500014824.8193   26.4723
    7.5000    0.0000   22.500014058.5361   26.5572
   -7.5000    7.5000   22.500013744.5410   26.5998
    0.0000    7.5000   22.500014093.3994   26.5374
    7.5000    7.5000   22.500013340.6152   26.6259
   -7.5000   15.0000   22.500012717.8643   26.6259
    0.0000   15.0000   22.500013049.0566   26.5659
    7.5000   15.0000   22.500012334.0732   26.6674
   -7.5000   22.5000   22.500011582.0869   26.5625
    0.0000   22.5000   22.500011900.6191   26.5142
    7.5000   22.5000   22.500011228.0996   26.6226
   -7.5000   30.0000   22.500010389.3750   26.1575
    0.0000   30.0000   22.500010683.5293   26.1197
    7.5000   30.0000   22.500010090.9053   26.2250
   -7.5000   37.5000   22.5000 9572.6826   26.1347
    0.0000   37.5000   22.5000 9824.8584   26.0942
    7.5000   37.5000   22.5000 9313.2246   26.1895
   -7.5000   45.0000   22.5000 8364.7480   25.6062
    0.0000   45.0000   22.5000 8565.6318   25.5554
    7.5000   45.0000   22.5000 8161.3706   25.6377
   -7.5000  -45.0000   30.0000 9736.2725   26.8853
    0.0000  -45.0000   30.000010078.3477   26.8286
    7.5000  -45.0000   30.0000 9565.0439   26.9070
   -7.5000  -37.5000   30.000010190.8311   26.9747
    0.0000  -37.5000   30.000010587.4648   26.9081
    7.5000  -37.5000   30.000010021.9131   26.9772
   -7.5000  -30.0000   30.000011003.9238   27.0143
    0.0000  -30.0000   30.000011369.7666   26.9516
    7.5000  -30.0000   30.000010769.8574   27.0243
   -7.5000  -22.5000   30.000011659.2676   26.9598
    0.0000  -22.5000   30.000011978.6650   26.9114
    7.5000  -22.5000   30.000011386.2666   26.9953
   -7.5000  -15.0000   30.000012180.4375   26.8696
    0.0000  -15.0000   30.000012558.6211   26.8316
    7.5000  -15.0000   30.000011967.8398   26.9262
   -7.5000   -7.5000   30.000012723.3154   26.8345
    0.0000   -7.5000   30.000013175.8398   26.7922
    7.5000   -7.5000   30.000012544.6504   26.8851
   -7.5000    0.0000   30.000013195.8457   26.8853
    0.0000    0.0000   30.000013619.9980   26.8286
    7.5000    0.0000   30.000012977.3896   26.9070
   -7.5000    7.5000   30.000012569.2480   26.9747
    0.0000    7.5000   30.000012951.5635   26.9081
    7.5000    7.5000   30.000012315.6816   26.9772
   -7.5000   15.0000   30.000011649.8223   27.0143
    0.0000   15.0000   30.000012008.2949   26.9516
    7.5000   15.0000   30.000011393.5352   27.0243
   -7.5000   22.5000   30.000010615.1074   26.9474
    0.0000   22.5000   30.000010954.1133   26.8990
    7.5000   22.5000   30.000010355.2334   26.9828
   -7.5000   30.0000   30.0000 9517.7568   26.5218
    0.0000   30.0000   30.0000 9830.2764   26.4844
    7.5000   30.0000   30.0000 9283.6943   26.5777
   -7.5000   37.5000   30.0000 8751.4502   26.4873
    0.0000   37.5000   30.0000 9038.6924   26.4455
    7.5000   37.5000   30.0000 8562.4170   26.5372
   -7.5000   45.0000   30.0000 7657.6460   25.9540
    0.0000   45.0000   30.0000 7885.7627   25.8997
    7.5000   45.0000   30.0000 7497.5332   25.9755
   -7.5000  -45.0000   37.5000 9412.4414   27.6199
    0.0000  -45.0000   37.5000 9771.3154   27.5560
    7.5000  -45.0000   37.5000 9237.6699   27.6329
   -7.5000  -37.5000   37.5000 9842.0947   27.7213
    0.0000  -37.5000   37.500010262.6250   27.6548
    7.5000  -37.5000   37.5000 9700.8047   27.7153
   -7.5000  -30.0000   37.500010597.5547   27.7634
    0.0000  -30.0000   37.500010984.6445   27.7084
    7.5000  -30.0000   37.500010394.5039   27.7663
   -7.5000  -22.5000   37.500011186.7285   27.6980
    0.0000  -22.5000   37.500011576.5010   27.6562
    7.5000  -22.5000   37.500010978.4248   27.7271
   -7.5000  -15.0000   37.500011706.9854   27.5956
    0.0000  -15.0000   37.500012156.2705   27.5569
    7.5000  -15.0000   37.500011554.9014   27.6447
   -7.5000   -7.5000   37.500012224.4629   27.5595
    0.0000   -7.5000   37.500012702.2080   27.5102
    7.5000   -7.5000   37.500012106.9766   27.6013
   -7.5000    0.0000   37.500012669.2842   27.6199
    0.0000    0.0000   37.500013124.1553   27.5560
    7.5000    0.0000   37.500012522.0586   27.6329
   -7.5000    7.5000   37.500012061.9434   27.7213
    0.0000    7.5000   37.500012456.8701   27.6548
    7.5000    7.5000   37.500011857.5039   27.7153
   -7.5000   15.0000   37.500011148.8711   27.7634
    0.0000   15.0000   37.500011544.9648   27.7084
    7.5000   15.0000   37.500010977.7246   27.7663
   -7.5000   22.5000   37.500010172.3174   27.6853
    0.0000   22.5000   37.500010518.3789   27.6434
    7.5000   22.5000   37.5000 9968.3955   27.7143
   -7.5000   30.0000   37.5000 9124.4473   27.2384
    0.0000   30.0000   37.5000 9413.0576   27.2003
    7.5000   30.0000   37.5000 8929.2920   27.2869
   -7.5000   37.5000   37.5000 8418.4688   27.2029
    0.0000   37.5000   37.5000 8694.3301   27.1543
    7.5000   37.5000   37.5000 8259.1592   27.2442
   -7.5000   45.0000   37.5000 7397.5220   26.6646
    0.0000   45.0000   37.5000 7609.6865   26.6032
    7.5000   45.0000   37.5000 7246.6006   26.6776
   -7.5000  -45.0000   45.0000 8651.6748   28.3810
    0.0000  -45.0000   45.0000 9013.4326   28.3066
    7.5000  -45.0000   45.0000 8525.5693   28.3934
   -7.5000  -37.5000   45.0000 9057.1436   28.4754
    0.0000  -37.5000   45.0000 9464.9736   28.4069
    7.5000  -37.5000   45.0000 8959.1309   28.4816
   -7.5000  -30.0000   45.0000 9719.2900   28.5078
    0.0000  -30.0000   45.000010128.1641   28.4568
    7.5000  -30.0000   45.0000 9578.5234   28.5317
   -7.5000  -22.5000   45.000010276.8340   28.4400
    0.0000  -22.5000   45.000010685.3428   28.3993
    7.5000  -22.5000   45.000010122.7920   28.4857
   -7.5000  -15.0000   45.000010776.3242   28.3449
    0.0000  -15.0000   45.000011213.2031   28.2998
    7.5000  -15.0000   45.000010656.0723   28.3986
   -7.5000   -7.5000   45.000011275.3496   28.3181
    0.0000   -7.5000   45.000011696.9648   28.2570
    7.5000   -7.5000   45.000011155.0986   28.3563
   -7.5000    0.0000   45.000011669.5947   28.3810
    0.0000    0.0000   45.000012092.8193   28.3066
    7.5000    0.0000   45.000011526.3076   28.3934
   -7.5000    7.5000   45.000011070.3379   28.4754
    0.0000    7.5000   45.000011470.8320   28.4069
    7.5000    7.5000   45.000010915.8281   28.4816
   -7.5000   15.0000   45.000010231.0322   28.5078
    0.0000   15.0000   45.000010611.4395   28.4568
    7.5000   15.0000   45.000010092.3184   28.5317
   -7.5000   22.5000   45.0000 9328.8867   28.4268
    0.0000   22.5000   45.0000 9647.1787   28.3861
    7.5000   22.5000   45.0000 9164.8955   28.4725
   -7.5000   30.0000   45.0000 8370.6367   27.9756
    0.0000   30.0000   45.0000 8644.7949   27.9311
    7.5000   30.0000   45.0000 8225.4561   28.0286
   -7.5000   37.5000   45.0000 7765.9707   27.9492
    0.0000   37.5000   45.0000 8018.5615   27.8889
    7.5000   37.5000   45.0000 7637.0234   27.9870
   -7.5000   45.0000   45.0000 6846.1807   27.4134
    0.0000   45.0000   45.0000 7047.6602   27.3421
    7.5000   45.0000   45.0000 6717.5771   27.4260

---------------------------------------------------------------------
imgreg_4dfp /usr/local/freesurfer/average/711-2C_as_mni_average_305 /usr/local/freesurfer/average/711-2B_as_mni_average_305_mask talsrcimg_g11 none talsrcimg_to_711-2C_as_mni_average_305_t4 4355
---------------------------------------------------------------------

freesurfer imgreg_4dfp.c
/usr/local/freesurfer/average/711-2C_as_mni_average_305.4dfp.img
       256       256       256         1
  1.000000  1.000000  1.000000
orientation T byte_order littleendian
Reading image: /usr/local/freesurfer/average/711-2C_as_mni_average_305.4dfp.img
dimensions:      256       256       256
mmppix:       1.0000   -1.0000   -1.0000
center:     128.0000 -129.0000 -129.0000
/usr/local/freesurfer/average/711-2B_as_mni_average_305_mask.4dfp.img
       256       256       256         1
  1.000000  1.000000  1.000000
orientation T byte_order littleendian
Reading mask: /usr/local/freesurfer/average/711-2B_as_mni_average_305_mask.4dfp.img (2306576 pixels)
talsrcimg_g11.4dfp.img
       256       256       256         1
  1.000000  1.000000  1.000000
orientation T byte_order littleendian
Reading image: talsrcimg_g11.4dfp.img
dimensions:      256       256       256
mmppix:       1.0000   -1.0000   -1.0000
center:     128.0000 -129.0000 -129.0000
rotation matrix determinant  1.000000
image alignment mode   4355 decimal     1103 hex
   -7.5000  -45.0000  -45.0000 2303.8467   22.0469
    0.0000  -45.0000  -45.0000 2296.3604   22.1784
    7.5000  -45.0000  -45.0000 2258.1770   22.5853
   -7.5000  -37.5000  -45.0000 2366.4790   20.9473
    0.0000  -37.5000  -45.0000 2358.6494   21.0395
    7.5000  -37.5000  -45.0000 2323.0693   21.4379
   -7.5000  -30.0000  -45.0000 2402.2573   20.2344
    0.0000  -30.0000  -45.0000 2387.6875   20.3138
    7.5000  -30.0000  -45.0000 2350.8789   20.7655
   -7.5000  -22.5000  -45.0000 2412.2507   19.8852
    0.0000  -22.5000  -45.0000 2403.2080   20.0180
    7.5000  -22.5000  -45.0000 2361.8450   20.4232
   -7.5000  -15.0000  -45.0000 2411.4348   19.9615
    0.0000  -15.0000  -45.0000 2393.7683   20.0677
    7.5000  -15.0000  -45.0000 2354.8921   20.5378
   -7.5000   -7.5000  -45.0000 2386.1902   20.3514
    0.0000   -7.5000  -45.0000 2375.3345   20.5034
    7.5000   -7.5000  -45.0000 2334.6343   21.0149
   -7.5000    0.0000  -45.0000 2350.7378   21.2439
    0.0000    0.0000  -45.0000 2340.4731   21.3840
    7.5000    0.0000  -45.0000 2295.1252   21.9982
   -7.5000    7.5000  -45.0000 2286.8967   22.5647
    0.0000    7.5000  -45.0000 2277.8694   22.7152
    7.5000    7.5000  -45.0000 2235.9092   23.2122
   -7.5000   15.0000  -45.0000 2200.3486   24.2850
    0.0000   15.0000  -45.0000 2190.2078   24.4571
    7.5000   15.0000  -45.0000 2150.1743   24.9549
   -7.5000   22.5000  -45.0000 2101.1760   26.4517
    0.0000   22.5000  -45.0000 2096.7732   26.7329
    7.5000   22.5000  -45.0000 2062.4570   27.2546
   -7.5000   30.0000  -45.0000 1988.8116   29.3479
    0.0000   30.0000  -45.0000 1991.7692   29.5967
    7.5000   30.0000  -45.0000 1954.2007   30.2189
   -7.5000   37.5000  -45.0000 1871.3049   33.0746
    0.0000   37.5000  -45.0000 1872.4923   33.3687
    7.5000   37.5000  -45.0000 1828.6005   34.0195
   -7.5000   45.0000  -45.0000 1720.3116   38.2811
    0.0000   45.0000  -45.0000 1723.5000   38.3825
    7.5000   45.0000  -45.0000 1699.6812   39.3128
   -7.5000  -45.0000  -37.5000 2388.3513   20.7069
    0.0000  -45.0000  -37.5000 2374.5374   20.6595
    7.5000  -45.0000  -37.5000 2333.3025   21.0678
   -7.5000  -37.5000  -37.5000 2455.7695   19.4975
    0.0000  -37.5000  -37.5000 2441.9910   19.5226
    7.5000  -37.5000  -37.5000 2401.0247   19.9231
   -7.5000  -30.0000  -37.5000 2495.2119   18.7886
    0.0000  -30.0000  -37.5000 2479.2261   18.8453
    7.5000  -30.0000  -37.5000 2436.3250   19.2658
   -7.5000  -22.5000  -37.5000 2509.8665   18.4772
    0.0000  -22.5000  -37.5000 2493.5781   18.5362
    7.5000  -22.5000  -37.5000 2455.3887   19.0020
   -7.5000  -15.0000  -37.5000 2512.3525   18.5470
    0.0000  -15.0000  -37.5000 2490.5911   18.6313
    7.5000  -15.0000  -37.5000 2452.0007   19.0585
   -7.5000   -7.5000  -37.5000 2488.9602   18.8588
    0.0000   -7.5000  -37.5000 2476.1880   18.9925
    7.5000   -7.5000  -37.5000 2433.7820   19.4596
   -7.5000    0.0000  -37.5000 2448.3401   19.6744
    0.0000    0.0000  -37.5000 2435.6245   19.7701
    7.5000    0.0000  -37.5000 2388.9331   20.2761
   -7.5000    7.5000  -37.5000 2382.5579   20.8770
    0.0000    7.5000  -37.5000 2371.8889   20.9701
    7.5000    7.5000  -37.5000 2325.1707   21.4379
   -7.5000   15.0000  -37.5000 2296.7717   22.4930
    0.0000   15.0000  -37.5000 2281.7332   22.5593
    7.5000   15.0000  -37.5000 2242.2869   23.1177
   -7.5000   22.5000  -37.5000 2190.8894   24.4598
    0.0000   22.5000  -37.5000 2178.8674   24.5953
    7.5000   22.5000  -37.5000 2143.3132   25.2036
   -7.5000   30.0000  -37.5000 2064.7017   27.0222
    0.0000   30.0000  -37.5000 2062.1746   27.1984
    7.5000   30.0000  -37.5000 2030.6370   27.7897
   -7.5000   37.5000  -37.5000 1941.8695   30.4701
    0.0000   37.5000  -37.5000 1942.1396   30.7099
    7.5000   37.5000  -37.5000 1903.1875   31.2665
   -7.5000   45.0000  -37.5000 1787.6890   35.2541
    0.0000   45.0000  -37.5000 1792.8398   35.3779
    7.5000   45.0000  -37.5000 1766.6577   36.0594
   -7.5000  -45.0000  -30.0000 2515.6553   20.1480
    0.0000  -45.0000  -30.0000 2495.1853   20.0805
    7.5000  -45.0000  -30.0000 2449.7634   20.5245
   -7.5000  -37.5000  -30.0000 2581.2307   18.9159
    0.0000  -37.5000  -30.0000 2565.9954   18.8798
    7.5000  -37.5000  -30.0000 2522.0132   19.3298
   -7.5000  -30.0000  -30.0000 2626.8035   18.1035
    0.0000  -30.0000  -30.0000 2610.4031   18.1187
    7.5000  -30.0000  -30.0000 2569.0139   18.5835
   -7.5000  -22.5000  -30.0000 2649.8850   17.7514
    0.0000  -22.5000  -30.0000 2636.5759   17.7956
    7.5000  -22.5000  -30.0000 2594.9922   18.3143
   -7.5000  -15.0000  -30.0000 2653.4932   17.7813
    0.0000  -15.0000  -30.0000 2640.8535   17.8898
    7.5000  -15.0000  -30.0000 2594.8162   18.3591
   -7.5000   -7.5000  -30.0000 2632.9785   18.1809
    0.0000   -7.5000  -30.0000 2620.8059   18.2876
    7.5000   -7.5000  -30.0000 2575.1108   18.7457
   -7.5000    0.0000  -30.0000 2588.5437   18.9632
    0.0000    0.0000  -30.0000 2573.4062   19.0037
    7.5000    0.0000  -30.0000 2529.7729   19.5326
   -7.5000    7.5000  -30.0000 2518.3430   20.1150
    0.0000    7.5000  -30.0000 2506.0024   20.1219
    7.5000    7.5000  -30.0000 2466.6892   20.6792
   -7.5000   15.0000  -30.0000 2427.8779   21.6544
    0.0000   15.0000  -30.0000 2411.4146   21.6903
    7.5000   15.0000  -30.0000 2376.7424   22.3251
   -7.5000   22.5000  -30.0000 2314.4382   23.5940
    0.0000   22.5000  -30.0000 2309.1309   23.6876
    7.5000   22.5000  -30.0000 2267.4211   24.3241
   -7.5000   30.0000  -30.0000 2180.3679   26.0369
    0.0000   30.0000  -30.0000 2178.9700   26.1473
    7.5000   30.0000  -30.0000 2143.1680   26.8248
   -7.5000   37.5000  -30.0000 2040.5281   29.3156
    0.0000   37.5000  -30.0000 2046.3405   29.4048
    7.5000   37.5000  -30.0000 2010.9438   30.1200
   -7.5000   45.0000  -30.0000 1889.9349   33.8101
    0.0000   45.0000  -30.0000 1893.7731   33.9838
    7.5000   45.0000  -30.0000 1863.5541   34.6690
   -7.5000  -45.0000  -22.5000 2595.8376   19.5117
    0.0000  -45.0000  -22.5000 2582.1760   19.4944
    7.5000  -45.0000  -22.5000 2540.5647   19.9840
   -7.5000  -37.5000  -22.5000 2672.6519   18.2690
    0.0000  -37.5000  -22.5000 2661.6184   18.2472
    7.5000  -37.5000  -22.5000 2622.0955   18.7619
   -7.5000  -30.0000  -22.5000 2721.5549   17.3545
    0.0000  -30.0000  -22.5000 2714.8696   17.4424
    7.5000  -30.0000  -22.5000 2679.2024   17.9849
   -7.5000  -22.5000  -22.5000 2751.1433   16.8906
    0.0000  -22.5000  -22.5000 2742.5413   17.0178
    7.5000  -22.5000  -22.5000 2704.1072   17.6173
   -7.5000  -15.0000  -22.5000 2762.6802   16.8748
    0.0000  -15.0000  -22.5000 2754.9048   17.0325
    7.5000  -15.0000  -22.5000 2706.1782   17.5905
   -7.5000   -7.5000  -22.5000 2746.5381   17.3076
    0.0000   -7.5000  -22.5000 2740.0156   17.4066
    7.5000   -7.5000  -22.5000 2688.1770   17.9384
   -7.5000    0.0000  -22.5000 2698.7117   18.1318
    0.0000    0.0000  -22.5000 2690.2100   18.1978
    7.5000    0.0000  -22.5000 2647.2510   18.7468
   -7.5000    7.5000  -22.5000 2631.3147   19.2787
    0.0000    7.5000  -22.5000 2619.7905   19.3150
    7.5000    7.5000  -22.5000 2586.7319   19.9037
   -7.5000   15.0000  -22.5000 2530.9915   20.8057
    0.0000   15.0000  -22.5000 2523.1907   20.8583
    7.5000   15.0000  -22.5000 2490.4700   21.5098
   -7.5000   22.5000  -22.5000 2416.5203   22.7192
    0.0000   22.5000  -22.5000 2409.3938   22.7917
    7.5000   22.5000  -22.5000 2375.5479   23.5091
   -7.5000   30.0000  -22.5000 2277.3601   25.1684
    0.0000   30.0000  -22.5000 2279.7244   25.2284
    7.5000   30.0000  -22.5000 2248.5579   25.9504
   -7.5000   37.5000  -22.5000 2129.4292   28.3784
    0.0000   37.5000  -22.5000 2129.3291   28.4338
    7.5000   37.5000  -22.5000 2102.4451   29.1892
   -7.5000   45.0000  -22.5000 1963.0674   32.6379
    0.0000   45.0000  -22.5000 1960.2001   32.6941
    7.5000   45.0000  -22.5000 1940.8544   33.4485
   -7.5000  -45.0000  -15.0000 2635.6936   18.9779
    0.0000  -45.0000  -15.0000 2626.4756   19.0033
    7.5000  -45.0000  -15.0000 2593.0227   19.5736
   -7.5000  -37.5000  -15.0000 2722.6650   17.7310
    0.0000  -37.5000  -15.0000 2719.5037   17.7689
    7.5000  -37.5000  -15.0000 2680.9680   18.3423
   -7.5000  -30.0000  -15.0000 2785.2727   16.7938
    0.0000  -30.0000  -15.0000 2781.0544   16.9286
    7.5000  -30.0000  -15.0000 2737.6296   17.5320
   -7.5000  -22.5000  -15.0000 2822.1458   16.1354
    0.0000  -22.5000  -15.0000 2814.3174   16.3680
    7.5000  -22.5000  -15.0000 2774.6294   17.0848
   -7.5000  -15.0000  -15.0000 2832.3662   16.0481
    0.0000  -15.0000  -15.0000 2825.3291   16.2282
    7.5000  -15.0000  -15.0000 2783.2314   16.9597
   -7.5000   -7.5000  -15.0000 2822.1584   16.4606
    0.0000   -7.5000  -15.0000 2815.0364   16.5608
    7.5000   -7.5000  -15.0000 2767.5073   17.2685
   -7.5000    0.0000  -15.0000 2771.9983   17.3123
    0.0000    0.0000  -15.0000 2769.3284   17.4231
    7.5000    0.0000  -15.0000 2730.3044   18.0870
   -7.5000    7.5000  -15.0000 2689.1960   18.5084
    0.0000    7.5000  -15.0000 2694.7332   18.5914
    7.5000    7.5000  -15.0000 2668.2766   19.3068
   -7.5000   15.0000  -15.0000 2595.0830   20.0665
    0.0000   15.0000  -15.0000 2595.1045   20.1348
    7.5000   15.0000  -15.0000 2568.3745   20.8820
   -7.5000   22.5000  -15.0000 2478.8582   21.9670
    0.0000   22.5000  -15.0000 2478.0620   22.0489
    7.5000   22.5000  -15.0000 2450.2979   22.8067
   -7.5000   30.0000  -15.0000 2338.8887   24.3460
    0.0000   30.0000  -15.0000 2342.0903   24.4711
    7.5000   30.0000  -15.0000 2312.3184   25.2676
   -7.5000   37.5000  -15.0000 2178.0129   27.4436
    0.0000   37.5000  -15.0000 2183.0322   27.6026
    7.5000   37.5000  -15.0000 2154.6360   28.3669
   -7.5000   45.0000  -15.0000 2002.3246   31.5766
    0.0000   45.0000  -15.0000 2007.9821   31.6648
    7.5000   45.0000  -15.0000 1979.3544   32.4228
   -7.5000  -45.0000   -7.5000 2649.2097   18.5738
    0.0000  -45.0000   -7.5000 2644.2202   18.6520
    7.5000  -45.0000   -7.5000 2609.3711   19.3073
   -7.5000  -37.5000   -7.5000 2746.1758   17.3465
    0.0000  -37.5000   -7.5000 2749.7642   17.3994
    7.5000  -37.5000   -7.5000 2711.7156   18.0698
   -7.5000  -30.0000   -7.5000 2822.0540   16.4440
    0.0000  -30.0000   -7.5000 2823.5181   16.5512
    7.5000  -30.0000   -7.5000 2777.9390   17.1942
   -7.5000  -22.5000   -7.5000 2864.4441   15.6320
    0.0000  -22.5000   -7.5000 2867.7678   15.9270
    7.5000  -22.5000   -7.5000 2818.2190   16.6607
   -7.5000  -15.0000   -7.5000 2868.0046   15.3413
    0.0000  -15.0000   -7.5000 2871.7534   15.5847
    7.5000  -15.0000   -7.5000 2829.2808   16.4931
   -7.5000   -7.5000   -7.5000 2855.4778   15.7419
    0.0000   -7.5000   -7.5000 2861.0295   15.8940
    7.5000   -7.5000   -7.5000 2815.6311   16.7792
   -7.5000    0.0000   -7.5000 2809.0562   16.6462
    0.0000    0.0000   -7.5000 2825.9045   16.8061
    7.5000    0.0000   -7.5000 2782.0342   17.6018
   -7.5000    7.5000   -7.5000 2732.6235   17.8994
    0.0000    7.5000   -7.5000 2751.4177   18.0463
    7.5000    7.5000   -7.5000 2718.1450   18.7478
   -7.5000   15.0000   -7.5000 2632.3867   19.4434
    0.0000   15.0000   -7.5000 2644.3809   19.5950
    7.5000   15.0000   -7.5000 2612.4434   20.2866
   -7.5000   22.5000   -7.5000 2512.1282   21.3567
    0.0000   22.5000   -7.5000 2520.8533   21.5348
    7.5000   22.5000   -7.5000 2490.3945   22.2319
   -7.5000   30.0000   -7.5000 2372.9463   23.7266
    0.0000   30.0000   -7.5000 2384.2136   23.9536
    7.5000   30.0000   -7.5000 2347.8762   24.6345
   -7.5000   37.5000   -7.5000 2210.4314   26.7821
    0.0000   37.5000   -7.5000 2219.7544   26.9832
    7.5000   37.5000   -7.5000 2189.9238   27.6678
   -7.5000   45.0000   -7.5000 2030.7921   30.7551
    0.0000   45.0000   -7.5000 2039.4559   30.9228
    7.5000   45.0000   -7.5000 2008.0999   31.6446
   -7.5000  -45.0000    0.0000 2641.8477   18.4515
    0.0000  -45.0000    0.0000 2644.2490   18.5208
    7.5000  -45.0000    0.0000 2615.1782   19.3455
   -7.5000  -37.5000    0.0000 2743.2788   17.2249
    0.0000  -37.5000    0.0000 2749.7942   17.2749
    7.5000  -37.5000    0.0000 2721.5095   18.0510
   -7.5000  -30.0000    0.0000 2823.1538   16.3499
    0.0000  -30.0000    0.0000 2833.1384   16.3747
    7.5000  -30.0000    0.0000 2799.0439   17.1209
   -7.5000  -22.5000    0.0000 2875.4766   15.6115
    0.0000  -22.5000    0.0000 2887.2883   15.7740
    7.5000  -22.5000    0.0000 2844.9917   16.5639
   -7.5000  -15.0000    0.0000 2873.1160   15.1429
    0.0000  -15.0000    0.0000 2899.8452   15.4025
    7.5000  -15.0000    0.0000 2860.6191   16.3607
   -7.5000   -7.5000    0.0000 2861.3555   15.4400
    0.0000   -7.5000    0.0000 2890.9941   15.6413
    7.5000   -7.5000    0.0000 2846.0928   16.5403
   -7.5000    0.0000    0.0000 2816.2678   16.3332
    0.0000    0.0000    0.0000 2848.0420   16.3999
    7.5000    0.0000    0.0000 2801.1675   17.1847
   -7.5000    7.5000    0.0000 2739.9497   17.6051
    0.0000    7.5000    0.0000 2767.7014   17.6598
    7.5000    7.5000    0.0000 2735.5037   18.3656
   -7.5000   15.0000    0.0000 2645.8806   19.1893
    0.0000   15.0000    0.0000 2659.8164   19.2813
    7.5000   15.0000    0.0000 2631.7878   19.9630
   -7.5000   22.5000    0.0000 2531.4421   21.1830
    0.0000   22.5000    0.0000 2534.7800   21.2648
    7.5000   22.5000    0.0000 2511.1304   21.9234
   -7.5000   30.0000    0.0000 2391.3208   23.6299
    0.0000   30.0000    0.0000 2398.5039   23.7148
    7.5000   30.0000    0.0000 2367.1985   24.3723
   -7.5000   37.5000    0.0000 2230.2483   26.6552
    0.0000   37.5000    0.0000 2238.2014   26.7520
    7.5000   37.5000    0.0000 2206.1475   27.4332
   -7.5000   45.0000    0.0000 2049.4666   30.6561
    0.0000   45.0000    0.0000 2062.6719   30.7222
    7.5000   45.0000    0.0000 2032.6802   31.3653
   -7.5000  -45.0000    7.5000 2621.9758   18.6326
    0.0000  -45.0000    7.5000 2631.9551   18.6707
    7.5000  -45.0000    7.5000 2604.0925   19.5857
   -7.5000  -37.5000    7.5000 2720.4587   17.3863
    0.0000  -37.5000    7.5000 2734.2954   17.3813
    7.5000  -37.5000    7.5000 2713.0542   18.2848
   -7.5000  -30.0000    7.5000 2804.8650   16.5653
    0.0000  -30.0000    7.5000 2821.7092   16.5470
    7.5000  -30.0000    7.5000 2799.9041   17.3431
   -7.5000  -22.5000    7.5000 2872.7332   16.0286
    0.0000  -22.5000    7.5000 2885.7014   15.9931
    7.5000  -22.5000    7.5000 2855.8718   16.7656
   -7.5000  -15.0000    7.5000 2896.1165   15.6742
    0.0000  -15.0000    7.5000 2911.5208   15.5954
    7.5000  -15.0000    7.5000 2875.6946   16.4797
   -7.5000   -7.5000    7.5000 2883.4187   15.8281
    0.0000   -7.5000    7.5000 2896.1965   15.7132
    7.5000   -7.5000    7.5000 2855.7053   16.5013
   -7.5000    0.0000    7.5000 2821.2612   16.5020
    0.0000    0.0000    7.5000 2849.1804   16.4386
    7.5000    0.0000    7.5000 2809.4121   17.1431
   -7.5000    7.5000    7.5000 2744.1287   17.7199
    0.0000    7.5000    7.5000 2767.0684   17.7218
    7.5000    7.5000    7.5000 2741.6440   18.4223
   -7.5000   15.0000    7.5000 2646.6130   19.3757
    0.0000   15.0000    7.5000 2657.0488   19.4053
    7.5000   15.0000    7.5000 2631.8787   20.0978
   -7.5000   22.5000    7.5000 2535.5513   21.4335
    0.0000   22.5000    7.5000 2536.9893   21.4321
    7.5000   22.5000    7.5000 2513.4795   22.0772
   -7.5000   30.0000    7.5000 2397.0134   23.8850
    0.0000   30.0000    7.5000 2403.7256   23.9100
    7.5000   30.0000    7.5000 2373.6038   24.5186
   -7.5000   37.5000    7.5000 2238.2402   26.8876
    0.0000   37.5000    7.5000 2242.0085   26.9056
    7.5000   37.5000    7.5000 2213.6824   27.5221
   -7.5000   45.0000    7.5000 2060.0320   30.8680
    0.0000   45.0000    7.5000 2052.8474   30.7630
    7.5000   45.0000    7.5000 2031.8705   31.3358
   -7.5000  -45.0000   15.0000 2581.6707   19.2252
    0.0000  -45.0000   15.0000 2601.3062   19.1926
    7.5000  -45.0000   15.0000 2574.0208   20.1297
   -7.5000  -37.5000   15.0000 2675.5823   18.0162
    0.0000  -37.5000   15.0000 2697.9451   17.9592
    7.5000  -37.5000   15.0000 2675.5256   18.7941
   -7.5000  -30.0000   15.0000 2773.9275   17.3041
    0.0000  -30.0000   15.0000 2784.0193   17.1386
    7.5000  -30.0000   15.0000 2766.1553   17.8600
   -7.5000  -22.5000   15.0000 2848.2852   16.7533
    0.0000  -22.5000   15.0000 2851.6484   16.5478
    7.5000  -22.5000   15.0000 2826.8105   17.2566
   -7.5000  -15.0000   15.0000 2878.1799   16.4232
    0.0000  -15.0000   15.0000 2871.7205   16.0988
    7.5000  -15.0000   15.0000 2845.5891   16.8235
   -7.5000   -7.5000   15.0000 2876.7234   16.6583
    0.0000   -7.5000   15.0000 2875.6904   16.3468
    7.5000   -7.5000   15.0000 2831.2017   16.9263
   -7.5000    0.0000   15.0000 2820.3867   17.4000
    0.0000    0.0000   15.0000 2830.1755   17.1442
    7.5000    0.0000   15.0000 2790.0540   17.6979
   -7.5000    7.5000   15.0000 2738.9448   18.5032
    0.0000    7.5000   15.0000 2748.4023   18.3355
    7.5000    7.5000   15.0000 2720.1604   18.9196
   -7.5000   15.0000   15.0000 2626.5405   19.9790
    0.0000   15.0000   15.0000 2631.4070   19.9221
    7.5000   15.0000   15.0000 2603.9998   20.5319
   -7.5000   22.5000   15.0000 2508.5337   21.9125
    0.0000   22.5000   15.0000 2511.4597   21.9013
    7.5000   22.5000   15.0000 2482.8015   22.4690
   -7.5000   30.0000   15.0000 2362.2236   24.2819
    0.0000   30.0000   15.0000 2377.8584   24.3224
    7.5000   30.0000   15.0000 2346.2573   24.8427
   -7.5000   37.5000   15.0000 2213.6372   27.2389
    0.0000   37.5000   15.0000 2222.6260   27.3518
    7.5000   37.5000   15.0000 2196.2876   27.8698
   -7.5000   45.0000   15.0000 2042.3229   31.2174
    0.0000   45.0000   15.0000 2033.9169   31.2483
    7.5000   45.0000   15.0000 2017.2788   31.7158
   -7.5000  -45.0000   22.5000 2536.8794   20.2066
    0.0000  -45.0000   22.5000 2557.1113   20.0607
    7.5000  -45.0000   22.5000 2534.5776   20.9152
   -7.5000  -37.5000   22.5000 2633.2593   19.0239
    0.0000  -37.5000   22.5000 2653.2559   18.8286
    7.5000  -37.5000   22.5000 2630.8479   19.5732
   -7.5000  -30.0000   22.5000 2718.3079   18.1595
    0.0000  -30.0000   22.5000 2734.3875   17.9333
    7.5000  -30.0000   22.5000 2715.0735   18.5947
   -7.5000  -22.5000   22.5000 2788.2185   17.4816
    0.0000  -22.5000   22.5000 2793.4517   17.1960
    7.5000  -22.5000   22.5000 2773.7253   17.8962
   -7.5000  -15.0000   22.5000 2814.2529   17.0954
    0.0000  -15.0000   22.5000 2814.0554   16.8376
    7.5000  -15.0000   22.5000 2793.1531   17.4434
   -7.5000   -7.5000   22.5000 2811.6768   17.3638
    0.0000   -7.5000   22.5000 2818.5759   17.1553
    7.5000   -7.5000   22.5000 2783.2239   17.6679
   -7.5000    0.0000   22.5000 2768.3306   18.1305
    0.0000    0.0000   22.5000 2773.1685   17.9439
    7.5000    0.0000   22.5000 2737.7637   18.4283
   -7.5000    7.5000   22.5000 2689.6323   19.3019
    0.0000    7.5000   22.5000 2702.7356   19.1545
    7.5000    7.5000   22.5000 2666.9587   19.6625
   -7.5000   15.0000   22.5000 2580.8601   20.8884
    0.0000   15.0000   22.5000 2595.9817   20.7639
    7.5000   15.0000   22.5000 2562.9351   21.2927
   -7.5000   22.5000   22.5000 2466.3975   22.8101
    0.0000   22.5000   22.5000 2482.8228   22.7497
    7.5000   22.5000   22.5000 2449.5823   23.2646
   -7.5000   30.0000   22.5000 2322.5369   25.1408
    0.0000   30.0000   22.5000 2335.6958   25.1039
    7.5000   30.0000   22.5000 2314.8735   25.6705
   -7.5000   37.5000   22.5000 2175.1938   28.0934
    0.0000   37.5000   22.5000 2176.9563   28.0481
    7.5000   37.5000   22.5000 2164.5034   28.6326
   -7.5000   45.0000   22.5000 2004.3065   31.8382
    0.0000   45.0000   22.5000 2003.3638   31.8578
    7.5000   45.0000   22.5000 1990.3474   32.3957
   -7.5000  -45.0000   30.0000 2491.4954   21.4158
    0.0000  -45.0000   30.0000 2510.0986   21.2144
    7.5000  -45.0000   30.0000 2485.3633   21.9380
   -7.5000  -37.5000   30.0000 2577.4622   20.1258
    0.0000  -37.5000   30.0000 2601.2271   19.9331
    7.5000  -37.5000   30.0000 2577.0107   20.5491
   -7.5000  -30.0000   30.0000 2650.6616   19.1635
    0.0000  -30.0000   30.0000 2675.4998   18.9427
    7.5000  -30.0000   30.0000 2649.1616   19.5303
   -7.5000  -22.5000   30.0000 2710.7068   18.4245
    0.0000  -22.5000   30.0000 2724.6721   18.1516
    7.5000  -22.5000   30.0000 2700.2554   18.7408
   -7.5000  -15.0000   30.0000 2724.9697   18.0482
    0.0000  -15.0000   30.0000 2740.5686   17.8742
    7.5000  -15.0000   30.0000 2719.2336   18.3836
   -7.5000   -7.5000   30.0000 2717.1216   18.3473
    0.0000   -7.5000   30.0000 2735.6812   18.2117
    7.5000   -7.5000   30.0000 2709.2036   18.6764
   -7.5000    0.0000   30.0000 2679.5798   19.1074
    0.0000    0.0000   30.0000 2690.0862   18.9905
    7.5000    0.0000   30.0000 2663.8987   19.4593
   -7.5000    7.5000   30.0000 2613.3420   20.3037
    0.0000    7.5000   30.0000 2626.0386   20.1763
    7.5000    7.5000   30.0000 2597.8259   20.6968
   -7.5000   15.0000   30.0000 2515.2244   21.9155
    0.0000   15.0000   30.0000 2535.0459   21.7878
    7.5000   15.0000   30.0000 2504.6177   22.3196
   -7.5000   22.5000   30.0000 2407.7224   23.8744
    0.0000   22.5000   30.0000 2423.9248   23.7746
    7.5000   22.5000   30.0000 2394.5557   24.2831
   -7.5000   30.0000   30.0000 2273.4067   26.1986
    0.0000   30.0000   30.0000 2286.0142   26.1660
    7.5000   30.0000   30.0000 2265.4648   26.7186
   -7.5000   37.5000   30.0000 2122.2019   29.1395
    0.0000   37.5000   30.0000 2128.7725   29.1230
    7.5000   37.5000   30.0000 2116.3018   29.7816
   -7.5000   45.0000   30.0000 1960.2950   32.9842
    0.0000   45.0000   30.0000 1958.8430   32.9360
    7.5000   45.0000   30.0000 1949.6625   33.6178
   -7.5000  -45.0000   37.5000 2432.4197   22.8229
    0.0000  -45.0000   37.5000 2454.9231   22.6224
    7.5000  -45.0000   37.5000 2428.2974   23.2535
   -7.5000  -37.5000   37.5000 2510.5002   21.4483
    0.0000  -37.5000   37.5000 2541.9141   21.2836
    7.5000  -37.5000   37.5000 2514.9460   21.8432
   -7.5000  -30.0000   37.5000 2577.4089   20.4240
    0.0000  -30.0000   37.5000 2609.3203   20.2217
    7.5000  -30.0000   37.5000 2578.7283   20.7298
   -7.5000  -22.5000   37.5000 2622.4573   19.6116
    0.0000  -22.5000   37.5000 2645.8181   19.4493
    7.5000  -22.5000   37.5000 2619.7019   19.9375
   -7.5000  -15.0000   37.5000 2633.4705   19.2923
    0.0000  -15.0000   37.5000 2660.5022   19.1779
    7.5000  -15.0000   37.5000 2636.2000   19.6617
   -7.5000   -7.5000   37.5000 2620.3096   19.5527
    0.0000   -7.5000   37.5000 2642.2456   19.4587
    7.5000   -7.5000   37.5000 2623.2542   19.9209
   -7.5000    0.0000   37.5000 2584.3269   20.3511
    0.0000    0.0000   37.5000 2600.9312   20.2812
    7.5000    0.0000   37.5000 2580.6968   20.7300
   -7.5000    7.5000   37.5000 2523.2603   21.5450
    0.0000    7.5000   37.5000 2543.2148   21.4430
    7.5000    7.5000   37.5000 2518.7759   21.9054
   -7.5000   15.0000   37.5000 2434.0334   23.1336
    0.0000   15.0000   37.5000 2458.9541   23.0045
    7.5000   15.0000   37.5000 2441.1965   23.4886
   -7.5000   22.5000   37.5000 2339.2239   25.0867
    0.0000   22.5000   37.5000 2354.2563   25.0338
    7.5000   22.5000   37.5000 2332.6433   25.4683
   -7.5000   30.0000   37.5000 2209.2661   27.4557
    0.0000   30.0000   37.5000 2215.9519   27.4060
    7.5000   30.0000   37.5000 2202.1589   27.9419
   -7.5000   37.5000   37.5000 2065.0215   30.5846
    0.0000   37.5000   37.5000 2072.9727   30.5381
    7.5000   37.5000   37.5000 2065.1619   31.1440
   -7.5000   45.0000   37.5000 1915.3861   34.5370
    0.0000   45.0000   37.5000 1917.9580   34.5265
    7.5000   45.0000   37.5000 1911.1827   35.2277
   -7.5000  -45.0000   45.0000 2351.7822   24.5566
    0.0000  -45.0000   45.0000 2382.6816   24.3763
    7.5000  -45.0000   45.0000 2356.4968   24.9189
   -7.5000  -37.5000   45.0000 2427.0205   23.0956
    0.0000  -37.5000   45.0000 2465.1077   22.9169
    7.5000  -37.5000   45.0000 2443.7515   23.4162
   -7.5000  -30.0000   45.0000 2483.5691   21.9524
    0.0000  -30.0000   45.0000 2526.2444   21.7866
    7.5000  -30.0000   45.0000 2502.2939   22.2472
   -7.5000  -22.5000   45.0000 2526.4688   21.1237
    0.0000  -22.5000   45.0000 2556.4146   21.0017
    7.5000  -22.5000   45.0000 2533.7144   21.4855
   -7.5000  -15.0000   45.0000 2533.9534   20.8164
    0.0000  -15.0000   45.0000 2564.4749   20.7185
    7.5000  -15.0000   45.0000 2543.8748   21.1973
   -7.5000   -7.5000   45.0000 2522.3198   21.0165
    0.0000   -7.5000   45.0000 2542.4949   20.9643
    7.5000   -7.5000   45.0000 2530.2012   21.3964
   -7.5000    0.0000   45.0000 2485.6045   21.8248
    0.0000    0.0000   45.0000 2501.7104   21.7696
    7.5000    0.0000   45.0000 2487.4963   22.2154
   -7.5000    7.5000   45.0000 2423.3618   23.0269
    0.0000    7.5000   45.0000 2446.6257   22.9918
    7.5000    7.5000   45.0000 2431.3945   23.4571
   -7.5000   15.0000   45.0000 2348.0928   24.5650
    0.0000   15.0000   45.0000 2371.6885   24.4968
    7.5000   15.0000   45.0000 2361.5061   24.9437
   -7.5000   22.5000   45.0000 2260.0354   26.5247
    0.0000   22.5000   45.0000 2275.0413   26.4589
    7.5000   22.5000   45.0000 2260.1958   26.9008
   -7.5000   30.0000   45.0000 2135.3816   29.0057
    0.0000   30.0000   45.0000 2141.8169   28.9101
    7.5000   30.0000   45.0000 2132.3728   29.4482
   -7.5000   37.5000   45.0000 2004.4680   32.2956
    0.0000   37.5000   45.0000 2011.3556   32.1634
    7.5000   37.5000   45.0000 2001.3375   32.7793
   -7.5000   45.0000   45.0000 1865.5934   36.4491
    0.0000   45.0000   45.0000 1871.8761   36.3883
    7.5000   45.0000   45.0000 1860.7197   37.0394

---------------------------------------------------------------------
imgreg_4dfp /usr/local/freesurfer/average/711-2C_as_mni_average_305 /usr/local/freesurfer/average/711-2B_as_mni_average_305_mask talsrcimg_g11 none talsrcimg_to_711-2C_as_mni_average_305_t4 1283
---------------------------------------------------------------------

freesurfer imgreg_4dfp.c
/usr/local/freesurfer/average/711-2C_as_mni_average_305.4dfp.img
       256       256       256         1
  1.000000  1.000000  1.000000
orientation T byte_order littleendian
Reading image: /usr/local/freesurfer/average/711-2C_as_mni_average_305.4dfp.img
dimensions:      256       256       256
mmppix:       1.0000   -1.0000   -1.0000
center:     128.0000 -129.0000 -129.0000
/usr/local/freesurfer/average/711-2B_as_mni_average_305_mask.4dfp.img
       256       256       256         1
  1.000000  1.000000  1.000000
orientation T byte_order littleendian
Reading mask: /usr/local/freesurfer/average/711-2B_as_mni_average_305_mask.4dfp.img (2306576 pixels)
talsrcimg_g11.4dfp.img
       256       256       256         1
  1.000000  1.000000  1.000000
orientation T byte_order littleendian
Reading image: talsrcimg_g11.4dfp.img
dimensions:      256       256       256
mmppix:       1.0000   -1.0000   -1.0000
center:     128.0000 -129.0000 -129.0000
rotation matrix determinant  1.000000
fimgreg.f
image alignment mode   1283 decimal      503 hex
parameters
    0.0000  -15.0000    7.5000    0.0000    0.0000    0.0000
eta,q 0.91296 15.81528
niter,ni,del,rscale     5    3   12.0000    1.2000
parameter  1  0.864074 ->  0.500000 qaram    1.1500
parameter  3  1.022011 ->  0.500000 qaram    1.1500
parameter  4  2.035339 ->  0.500000 qaram    1.1500
parameter  6  2.480364 ->  0.500000 qaram    1.1500
parameters
   -3.4500  -14.7969    4.0500   -3.4500   -1.2286   -3.4500
eta,q 0.92527 15.47458
  0.0887  0.0946  0.0855  0.0791  0.0833  0.0730
  0.0888  0.0924  0.0847  0.0788  0.0818  0.0743
  0.0914  0.0903  0.0868  0.0807  0.0790  0.0760
  0.0911  0.0888  0.0885  0.0853  0.0791  0.0785
  0.0892  0.0902  0.0883  0.0901  0.0831  0.0818
  0.0892  0.0925  0.0899  0.0936  0.0852  0.0848
  0.0943  0.0935  0.0941  0.0961  0.0851  0.0873
niter,ni,del,rscale     7    3   12.0000    1.2000
parameter  4  0.582878 ->  0.500000 qaram    1.3225
parameter  6  0.657585 ->  0.500000 qaram    1.3225
parameters
   -1.3267  -14.2802    3.8260   -7.4175   -2.1675   -7.4175
eta,q 0.92671 15.36292
  0.0886  0.0885  0.0904  0.0764  0.0812  0.0743
  0.0871  0.0833  0.0832  0.0756  0.0789  0.0732
  0.0829  0.0781  0.0795  0.0757  0.0754  0.0740
  0.0747  0.0768  0.0771  0.0770  0.0757  0.0750
  0.0771  0.0791  0.0802  0.0803  0.0792  0.0765
  0.0796  0.0826  0.0858  0.0848  0.0823  0.0789
  0.0812  0.0838  0.0910  0.0895  0.0836  0.0813
niter,ni,del,rscale     7    3   12.0000    1.2000
parameters
   -2.1233  -14.1925    3.9187   -7.4236   -2.2409   -6.8013
eta,q 0.92741 15.39304
  0.0839  0.0807  0.0853  0.0790  0.0803  0.0812
  0.0811  0.0770  0.0781  0.0761  0.0786  0.0769
  0.0747  0.0744  0.0736  0.0735  0.0748  0.0736
  0.0733  0.0724  0.0723  0.0724  0.0724  0.0724
  0.0802  0.0734  0.0747  0.0722  0.0744  0.0736
  0.0848  0.0770  0.0801  0.0750  0.0783  0.0757
  0.0872  0.0803  0.0827  0.0802  0.0812  0.0785
niter,ni,del,rscale     6    3   12.0000    1.2000
parameters
   -2.2728  -14.2379    3.8937   -7.4089   -2.1609   -6.7412
eta,q 0.92743 15.39653
  0.0845  0.0799  0.0850  0.0788  0.0804  0.0802
  0.0827  0.0767  0.0776  0.0759  0.0790  0.0761
  0.0775  0.0745  0.0734  0.0736  0.0754  0.0730
  0.0726  0.0726  0.0726  0.0726  0.0726  0.0726
  0.0779  0.0734  0.0752  0.0722  0.0741  0.0741
  0.0831  0.0771  0.0803  0.0748  0.0780  0.0764
  0.0854  0.0803  0.0828  0.0799  0.0809  0.0793
niter,ni,del,rscale     5    3   12.0000    1.2000
parameters
   -2.3056  -14.2547    3.8675   -7.4031   -2.1182   -6.7211
eta,q 0.92746 15.39728
  0.0847  0.0798  0.0851  0.0787  0.0804  0.0801
  0.0830  0.0766  0.0777  0.0758  0.0789  0.0760
  0.0779  0.0745  0.0735  0.0736  0.0753  0.0730
  0.0726  0.0726  0.0726  0.0726  0.0725  0.0725
  0.0775  0.0733  0.0752  0.0721  0.0742  0.0741
  0.0829  0.0769  0.0803  0.0747  0.0782  0.0764
  0.0852  0.0801  0.0830  0.0799  0.0810  0.0794
registration optimization eta report
parameter search radius
    6.9000    6.0000    6.9000    7.9350    6.0000    7.9350
100000*second partial in parameter space
       21.       20.       24.       11.       20.       11.
  0.0847  0.0798  0.0851  0.0787  0.0804  0.0801
  0.0830  0.0766  0.0777  0.0758  0.0789  0.0760
  0.0779  0.0745  0.0735  0.0736  0.0753  0.0730
  0.0726  0.0726  0.0726  0.0726  0.0725  0.0725
  0.0775  0.0733  0.0752  0.0721  0.0742  0.0741
  0.0829  0.0769  0.0803  0.0747  0.0782  0.0764
  0.0852  0.0801  0.0830  0.0799  0.0810  0.0794
   -2.3056  -14.2547    3.8675   -7.4031   -2.1182   -6.7211
eta,q 0.92746 15.39728

---------------------------------------------------------------------
imgreg_4dfp /usr/local/freesurfer/average/711-2C_as_mni_average_305 /usr/local/freesurfer/average/711-2B_as_mni_average_305_mask talsrcimg_g11 none talsrcimg_to_711-2C_as_mni_average_305_t4 3335
---------------------------------------------------------------------

freesurfer imgreg_4dfp.c
/usr/local/freesurfer/average/711-2C_as_mni_average_305.4dfp.img
       256       256       256         1
  1.000000  1.000000  1.000000
orientation T byte_order littleendian
Reading image: /usr/local/freesurfer/average/711-2C_as_mni_average_305.4dfp.img
dimensions:      256       256       256
mmppix:       1.0000   -1.0000   -1.0000
center:     128.0000 -129.0000 -129.0000
/usr/local/freesurfer/average/711-2B_as_mni_average_305_mask.4dfp.img
       256       256       256         1
  1.000000  1.000000  1.000000
orientation T byte_order littleendian
Reading mask: /usr/local/freesurfer/average/711-2B_as_mni_average_305_mask.4dfp.img (2306576 pixels)
talsrcimg_g11.4dfp.img
       256       256       256         1
  1.000000  1.000000  1.000000
orientation T byte_order littleendian
Reading image: talsrcimg_g11.4dfp.img
dimensions:      256       256       256
mmppix:       1.0000   -1.0000   -1.0000
center:     128.0000 -129.0000 -129.0000
fimgreg.f
image alignment mode   3335 decimal      D07 hex
parameters
   -2.3056  -14.2547    3.8675   -0.7551   -1.4594   -0.9013
   11.1331    5.1481  -11.6956   12.3675   -3.6961  -12.8762
eta,q 0.92285 15.44551
niter,ni,del,rscale     5    3    5.0000    1.2000
parameter  1 -0.875904 -> -0.500000 qaram    1.1500
parameter  2 -0.553345 -> -0.500000 qaram    1.1500
parameter  4 21.961632 ->  0.500000 qaram    1.1500
parameter  5 16.030449 ->  0.500000 qaram    1.1500
parameter  6  2.688724 ->  0.500000 qaram    1.1500
parameter  7  0.927533 ->  0.500000 qaram    1.1500
parameter  8 -2.261224 -> -0.500000 qaram    1.1500
parameter  9 -0.676475 -> -0.500000 qaram    1.1500
parameter 11 -1.068025 -> -0.500000 qaram    1.1500
parameters
   -0.9256  -12.8747    4.6291   -4.8951   -5.5994   -5.0413
    6.9931    9.2881   -7.5556   11.0607    0.4439  -14.8392
eta,q 0.94962 15.40670
  0.0782  0.0785  0.0791  0.0660  0.0589  0.0537  0.0553  0.0622  0.0545  0.0537  0.0558  0.0512
  0.0776  0.0778  0.0784  0.0691  0.0620  0.0559  0.0552  0.0600  0.0536  0.0525  0.0545  0.0505
  0.0772  0.0773  0.0775  0.0726  0.0658  0.0593  0.0557  0.0578  0.0528  0.0519  0.0531  0.0504
  0.0772  0.0770  0.0769  0.0766  0.0700  0.0630  0.0566  0.0553  0.0523  0.0518  0.0518  0.0505
  0.0771  0.0769  0.0766  0.0797  0.0736  0.0685  0.0579  0.0534  0.0520  0.0524  0.0509  0.0510
  0.0769  0.0768  0.0769  0.0829  0.0774  0.0730  0.0595  0.0519  0.0518  0.0539  0.0505  0.0516
  0.0768  0.0769  0.0775  0.0872  0.0814  0.0776  0.0612  0.0512  0.0519  0.0560  0.0505  0.0524
niter,ni,del,rscale     7    3    5.0000    1.2000
parameter  1  0.536398 ->  0.500000 qaram    1.3225
parameter  4  2.977133 ->  0.500000 qaram    1.3225
parameter  5  1.357525 ->  0.500000 qaram    1.3225
parameter 10 -0.657921 -> -0.500000 qaram    1.1500
parameters
   -2.5126  -12.3660    5.0025   -9.6561  -10.3604   -8.6833
    7.2285   10.2237   -8.8159   15.2007   -2.2543  -17.3925
eta,q 0.96834 15.32238
  0.0502  0.0526  0.0527  0.0360  0.0326  0.0341  0.0385  0.0422  0.0351  0.0382  0.0329  0.0321
  0.0495  0.0510  0.0510  0.0375  0.0332  0.0336  0.0359  0.0379  0.0338  0.0361  0.0320  0.0318
  0.0496  0.0500  0.0499  0.0419  0.0351  0.0333  0.0341  0.0350  0.0331  0.0344  0.0318  0.0317
  0.0504  0.0495  0.0494  0.0493  0.0384  0.0336  0.0334  0.0334  0.0332  0.0331  0.0321  0.0318
  0.0520  0.0494  0.0495  0.0565  0.0429  0.0372  0.0339  0.0334  0.0338  0.0323  0.0328  0.0322
  0.0544  0.0499  0.0501  0.0618  0.0474  0.0431  0.0355  0.0355  0.0350  0.0321  0.0340  0.0329
  0.0574  0.0509  0.0511  0.0678  0.0518  0.0535  0.0379  0.0392  0.0365  0.0324  0.0356  0.0338
niter,ni,del,rscale     7    3    5.0000    1.2000
parameter  2 -0.750332 -> -0.500000 qaram    1.3225
parameter  3  0.994367 ->  0.500000 qaram    1.1500
parameter  5  0.505076 ->  0.500000 qaram    1.5209
parameter 10 -0.757471 -> -0.500000 qaram    1.3225
parameter 11  0.504660 ->  0.500000 qaram    1.3225
parameter 12  1.027591 ->  0.500000 qaram    1.1500
parameters
   -2.1496  -10.7790    3.6225  -14.2252  -15.8356  -10.2858
    7.2589   13.1917  -10.9381   19.9617   -7.0153  -21.5325
eta,q 0.97706 15.01732
  0.0412  0.0386  0.0285  0.0302  0.0278  0.0285  0.0299  0.0347  0.0269  0.0328  0.0240  0.0229
  0.0366  0.0358  0.0287  0.0285  0.0269  0.0277  0.0285  0.0313  0.0261  0.0302  0.0238  0.0229
  0.0332  0.0335  0.0292  0.0275  0.0269  0.0272  0.0275  0.0289  0.0259  0.0278  0.0238  0.0232
  0.0317  0.0316  0.0300  0.0288  0.0277  0.0268  0.0271  0.0271  0.0260  0.0259  0.0241  0.0238
  0.0321  0.0304  0.0311  0.0343  0.0303  0.0264  0.0272  0.0260  0.0265  0.0245  0.0246  0.0245
  0.0342  0.0299  0.0325  0.0427  0.0349  0.0287  0.0282  0.0262  0.0274  0.0240  0.0254  0.0254
  0.0377  0.0303  0.0343  0.0491  0.0396  0.0335  0.0302  0.0286  0.0287  0.0246  0.0265  0.0265
niter,ni,del,rscale     7    3    5.0000    1.2000
parameter  3  0.578059 ->  0.500000 qaram    1.3225
parameter 12  0.963022 ->  0.500000 qaram    1.3225
parameters
   -1.7658   -9.8414    2.0355  -15.3004  -16.9845  -10.9201
    7.0815   13.8613  -11.4765   21.4166   -7.0983  -26.2935
eta,q 0.97871 14.98673
  0.0309  0.0300  0.0221  0.0274  0.0275  0.0260  0.0259  0.0305  0.0247  0.0294  0.0236  0.0213
  0.0269  0.0268  0.0219  0.0254  0.0249  0.0246  0.0242  0.0261  0.0235  0.0266  0.0227  0.0212
  0.0242  0.0243  0.0220  0.0235  0.0230  0.0235  0.0231  0.0237  0.0228  0.0242  0.0224  0.0216
  0.0229  0.0228  0.0224  0.0219  0.0224  0.0224  0.0227  0.0227  0.0226  0.0226  0.0223  0.0223
  0.0231  0.0224  0.0232  0.0218  0.0231  0.0213  0.0230  0.0227  0.0230  0.0222  0.0224  0.0232
  0.0247  0.0231  0.0245  0.0260  0.0260  0.0236  0.0242  0.0244  0.0239  0.0235  0.0228  0.0242
  0.0279  0.0248  0.0262  0.0339  0.0314  0.0303  0.0264  0.0284  0.0253  0.0268  0.0236  0.0255
niter,ni,del,rscale     7    3    5.0000    1.2000
parameters
   -1.8787   -9.8926    1.2253  -15.3624  -17.5756  -11.6241
    6.7305   13.8859  -11.7192   22.0500   -7.5434  -29.3915
eta,q 0.97888 14.97170
  0.0272  0.0261  0.0224  0.0274  0.0272  0.0255  0.0248  0.0287  0.0240  0.0276  0.0229  0.0222
  0.0238  0.0234  0.0215  0.0251  0.0242  0.0238  0.0231  0.0243  0.0226  0.0249  0.0218  0.0214
  0.0218  0.0217  0.0211  0.0230  0.0220  0.0224  0.0220  0.0222  0.0218  0.0228  0.0214  0.0211
  0.0213  0.0213  0.0213  0.0211  0.0212  0.0212  0.0215  0.0216  0.0215  0.0215  0.0214  0.0214
  0.0221  0.0220  0.0219  0.0202  0.0218  0.0202  0.0220  0.0219  0.0219  0.0216  0.0217  0.0222
  0.0244  0.0237  0.0231  0.0229  0.0244  0.0232  0.0233  0.0241  0.0228  0.0231  0.0222  0.0233
  0.0281  0.0263  0.0248  0.0301  0.0297  0.0305  0.0256  0.0288  0.0243  0.0268  0.0230  0.0245
niter,ni,del,rscale     6    3    5.0000    1.2000
parameters
   -1.9519   -9.8749    0.8633  -15.4368  -17.9322  -12.2080
    6.4339   13.9364  -11.9186   22.4570   -7.7174  -29.8582
eta,q 0.97864 14.93417
  0.0272  0.0261  0.0232  0.0273  0.0274  0.0257  0.0248  0.0286  0.0239  0.0270  0.0231  0.0235
  0.0238  0.0234  0.0218  0.0249  0.0244  0.0239  0.0230  0.0241  0.0225  0.0243  0.0218  0.0222
  0.0217  0.0216  0.0212  0.0228  0.0221  0.0224  0.0218  0.0220  0.0217  0.0224  0.0214  0.0215
  0.0211  0.0211  0.0211  0.0211  0.0211  0.0211  0.0214  0.0214  0.0214  0.0214  0.0214  0.0214
  0.0219  0.0217  0.0216  0.0201  0.0216  0.0201  0.0218  0.0218  0.0218  0.0216  0.0216  0.0218
  0.0241  0.0234  0.0227  0.0229  0.0240  0.0234  0.0232  0.0239  0.0227  0.0231  0.0222  0.0227
  0.0278  0.0259  0.0243  0.0299  0.0294  0.0299  0.0255  0.0285  0.0241  0.0266  0.0230  0.0238
niter,ni,del,rscale     5    3    5.0000    1.2000
parameters
   -1.9826   -9.8676    0.7480  -15.4263  -17.9862  -12.4160
    6.3803   13.9585  -11.9539   22.4971   -7.7326  -30.0280
eta,q 0.97854 14.92396
  0.0275  0.0263  0.0237  0.0274  0.0279  0.0262  0.0250  0.0286  0.0241  0.0267  0.0233  0.0238
  0.0241  0.0235  0.0223  0.0251  0.0249  0.0242  0.0232  0.0241  0.0226  0.0241  0.0219  0.0223
  0.0220  0.0219  0.0216  0.0231  0.0225  0.0226  0.0219  0.0220  0.0217  0.0223  0.0215  0.0217
  0.0214  0.0214  0.0214  0.0214  0.0214  0.0214  0.0215  0.0215  0.0215  0.0215  0.0215  0.0215
  0.0221  0.0220  0.0217  0.0204  0.0217  0.0201  0.0218  0.0219  0.0218  0.0218  0.0217  0.0218
  0.0242  0.0237  0.0226  0.0229  0.0239  0.0228  0.0231  0.0240  0.0227  0.0235  0.0222  0.0227
  0.0277  0.0261  0.0240  0.0297  0.0290  0.0290  0.0253  0.0286  0.0241  0.0271  0.0230  0.0238
niter,ni,del,rscale     4    3    5.0000    1.2000
parameters
   -1.9895   -9.8655    0.7114  -15.4196  -18.0112  -12.4655
    6.3687   13.9579  -11.9641   22.5183   -7.7259  -30.0709
eta,q 0.97852 14.92148
  0.0276  0.0263  0.0238  0.0274  0.0280  0.0263  0.0250  0.0286  0.0241  0.0267  0.0233  0.0239
  0.0242  0.0236  0.0224  0.0251  0.0250  0.0243  0.0232  0.0241  0.0227  0.0241  0.0219  0.0224
  0.0221  0.0219  0.0217  0.0231  0.0226  0.0227  0.0220  0.0220  0.0218  0.0223  0.0215  0.0217
  0.0215  0.0215  0.0215  0.0215  0.0215  0.0215  0.0215  0.0215  0.0215  0.0215  0.0215  0.0215
  0.0221  0.0221  0.0217  0.0205  0.0218  0.0201  0.0218  0.0219  0.0218  0.0218  0.0217  0.0218
  0.0242  0.0237  0.0225  0.0230  0.0240  0.0226  0.0231  0.0240  0.0227  0.0235  0.0222  0.0226
  0.0277  0.0262  0.0239  0.0297  0.0290  0.0286  0.0252  0.0287  0.0241  0.0271  0.0230  0.0237
niter,ni,del,rscale     3    3    5.0000    1.2000
parameters
   -1.9930   -9.8649    0.7027  -15.4166  -18.0169  -12.4768
    6.3642   13.9568  -11.9674   22.5216   -7.7301  -30.0828
eta,q 0.97852 14.92095
  0.0277  0.0264  0.0239  0.0274  0.0280  0.0263  0.0251  0.0286  0.0241  0.0266  0.0233  0.0239
  0.0242  0.0236  0.0225  0.0252  0.0250  0.0244  0.0232  0.0241  0.0227  0.0240  0.0219  0.0224
  0.0222  0.0220  0.0217  0.0231  0.0226  0.0227  0.0220  0.0220  0.0218  0.0223  0.0215  0.0217
  0.0215  0.0215  0.0215  0.0215  0.0215  0.0215  0.0215  0.0215  0.0215  0.0215  0.0215  0.0215
  0.0222  0.0221  0.0217  0.0206  0.0218  0.0201  0.0218  0.0219  0.0218  0.0218  0.0217  0.0218
  0.0242  0.0238  0.0225  0.0230  0.0240  0.0225  0.0231  0.0241  0.0227  0.0235  0.0222  0.0226
  0.0277  0.0262  0.0239  0.0297  0.0290  0.0285  0.0252  0.0287  0.0241  0.0272  0.0230  0.0237
registration optimization eta report
parameter search radius
    3.1740    3.1740    3.1740    9.5220   10.9503    8.2800
    8.2800    8.2800    8.2800    9.5220    9.5220    9.5220
100000*second partial in parameter space
       62.       47.       24.        8.        6.        9.
        5.       11.        4.        6.        2.        3.
  0.0277  0.0264  0.0239  0.0274  0.0280  0.0263  0.0251  0.0286  0.0241  0.0266  0.0233  0.0239
  0.0242  0.0236  0.0225  0.0252  0.0250  0.0244  0.0232  0.0241  0.0227  0.0240  0.0219  0.0224
  0.0222  0.0220  0.0217  0.0231  0.0226  0.0227  0.0220  0.0220  0.0218  0.0223  0.0215  0.0217
  0.0215  0.0215  0.0215  0.0215  0.0215  0.0215  0.0215  0.0215  0.0215  0.0215  0.0215  0.0215
  0.0222  0.0221  0.0217  0.0206  0.0218  0.0201  0.0218  0.0219  0.0218  0.0218  0.0217  0.0218
  0.0242  0.0238  0.0225  0.0230  0.0240  0.0225  0.0231  0.0241  0.0227  0.0235  0.0222  0.0226
  0.0277  0.0262  0.0239  0.0297  0.0290  0.0285  0.0252  0.0287  0.0241  0.0272  0.0230  0.0237
   -1.9930   -9.8649    0.7027  -15.4166  -18.0169  -12.4768
    6.3642   13.9568  -11.9674   22.5216   -7.7301  -30.0828
eta,q 0.97852 14.92095

---------------------------------------------------------------------
imgreg_4dfp /usr/local/freesurfer/average/711-2C_as_mni_average_305 /usr/local/freesurfer/average/711-2B_as_mni_average_305_mask talsrcimg_g11 none talsrcimg_to_711-2C_as_mni_average_305_t4 2311
---------------------------------------------------------------------

freesurfer imgreg_4dfp.c
/usr/local/freesurfer/average/711-2C_as_mni_average_305.4dfp.img
       256       256       256         1
  1.000000  1.000000  1.000000
orientation T byte_order littleendian
Reading image: /usr/local/freesurfer/average/711-2C_as_mni_average_305.4dfp.img
dimensions:      256       256       256
mmppix:       1.0000   -1.0000   -1.0000
center:     128.0000 -129.0000 -129.0000
/usr/local/freesurfer/average/711-2B_as_mni_average_305_mask.4dfp.img
       256       256       256         1
  1.000000  1.000000  1.000000
orientation T byte_order littleendian
Reading mask: /usr/local/freesurfer/average/711-2B_as_mni_average_305_mask.4dfp.img (2306576 pixels)
talsrcimg_g11.4dfp.img
       256       256       256         1
  1.000000  1.000000  1.000000
orientation T byte_order littleendian
Reading image: talsrcimg_g11.4dfp.img
dimensions:      256       256       256
mmppix:       1.0000   -1.0000   -1.0000
center:     128.0000 -129.0000 -129.0000
fimgreg.f
image alignment mode   2311 decimal      907 hex
parameters
   -1.9930   -9.8649    0.7027  -15.4166  -18.0169  -12.4768
    6.3642   13.9568  -11.9674   22.5216   -7.7301  -30.0828
eta,q 0.97852 14.92094
niter,ni,del,rscale     5    3    5.0000    0.8000
parameter  4 -0.670769 -> -0.500000 qaram    1.1500
parameters
   -1.9869   -9.9254    0.7048  -12.6566  -17.2093  -10.8065
    6.1728   14.2874  -11.5506   22.9251   -6.9135  -29.7931
eta,q 0.98045 15.18448
  0.0231  0.0227  0.0221  0.0241  0.0224  0.0234  0.0212  0.0249  0.0211  0.0218  0.0212  0.0205
  0.0222  0.0220  0.0217  0.0232  0.0215  0.0223  0.0204  0.0222  0.0203  0.0207  0.0203  0.0200
  0.0217  0.0216  0.0215  0.0223  0.0209  0.0214  0.0198  0.0204  0.0198  0.0200  0.0198  0.0197
  0.0215  0.0215  0.0215  0.0215  0.0206  0.0205  0.0196  0.0196  0.0196  0.0196  0.0196  0.0196
  0.0217  0.0217  0.0215  0.0208  0.0206  0.0197  0.0198  0.0199  0.0197  0.0196  0.0196  0.0196
  0.0222  0.0221  0.0217  0.0206  0.0209  0.0195  0.0205  0.0212  0.0200  0.0201  0.0198  0.0198
  0.0230  0.0229  0.0221  0.0212  0.0215  0.0215  0.0216  0.0237  0.0206  0.0213  0.0203  0.0203
niter,ni,del,rscale     5    3    5.0000    0.8000
parameters
   -1.9347   -9.8143    0.8721  -13.6663  -17.1619  -10.8135
    6.4137   14.1128  -11.7782   23.1824   -7.0248  -29.8228
eta,q 0.98028 15.16922
  0.0222  0.0212  0.0209  0.0222  0.0212  0.0225  0.0214  0.0231  0.0207  0.0217  0.0205  0.0205
  0.0208  0.0203  0.0201  0.0211  0.0204  0.0216  0.0206  0.0211  0.0202  0.0207  0.0200  0.0201
  0.0199  0.0198  0.0197  0.0201  0.0199  0.0207  0.0200  0.0201  0.0198  0.0201  0.0198  0.0198
  0.0196  0.0195  0.0195  0.0195  0.0197  0.0197  0.0197  0.0197  0.0197  0.0197  0.0197  0.0197
  0.0198  0.0196  0.0196  0.0202  0.0199  0.0192  0.0198  0.0201  0.0199  0.0198  0.0198  0.0198
  0.0206  0.0201  0.0199  0.0227  0.0203  0.0206  0.0203  0.0214  0.0203  0.0203  0.0201  0.0201
  0.0219  0.0208  0.0203  0.0268  0.0212  0.0238  0.0212  0.0238  0.0209  0.0215  0.0205  0.0205
niter,ni,del,rscale     4    3    5.0000    0.7000
parameters
   -1.9541   -9.8278    0.7676  -13.6417  -17.1832  -10.7125
    6.4203   14.2004  -11.8252   23.2159   -7.0993  -29.8915
eta,q 0.98037 15.17482
  0.0213  0.0208  0.0203  0.0224  0.0208  0.0221  0.0208  0.0227  0.0205  0.0211  0.0203  0.0202
  0.0204  0.0202  0.0199  0.0214  0.0202  0.0214  0.0202  0.0210  0.0200  0.0204  0.0199  0.0199
  0.0199  0.0198  0.0197  0.0204  0.0198  0.0206  0.0198  0.0200  0.0197  0.0199  0.0197  0.0197
  0.0197  0.0197  0.0197  0.0197  0.0197  0.0197  0.0196  0.0196  0.0196  0.0196  0.0196  0.0196
  0.0199  0.0199  0.0198  0.0196  0.0198  0.0192  0.0197  0.0199  0.0198  0.0197  0.0197  0.0197
  0.0205  0.0202  0.0201  0.0206  0.0202  0.0203  0.0202  0.0208  0.0200  0.0202  0.0199  0.0199
  0.0214  0.0208  0.0205  0.0231  0.0208  0.0229  0.0209  0.0225  0.0205  0.0212  0.0203  0.0203
niter,ni,del,rscale     3    3    5.0000    0.6000
parameters
   -1.9547   -9.8285    0.7792  -13.4285  -17.2258  -10.4581
    6.4016   14.2591  -11.7990   23.2390   -7.0760  -29.7978
eta,q 0.98057 15.18857
  0.0209  0.0204  0.0202  0.0219  0.0204  0.0217  0.0203  0.0219  0.0201  0.0206  0.0200  0.0199
  0.0202  0.0200  0.0199  0.0210  0.0199  0.0210  0.0199  0.0206  0.0197  0.0200  0.0197  0.0197
  0.0198  0.0197  0.0197  0.0202  0.0197  0.0203  0.0195  0.0197  0.0195  0.0196  0.0195  0.0195
  0.0196  0.0196  0.0196  0.0196  0.0196  0.0196  0.0194  0.0194  0.0194  0.0194  0.0194  0.0194
  0.0198  0.0197  0.0197  0.0195  0.0197  0.0192  0.0195  0.0196  0.0195  0.0195  0.0195  0.0195
  0.0202  0.0200  0.0199  0.0202  0.0199  0.0199  0.0198  0.0204  0.0197  0.0199  0.0197  0.0196
  0.0209  0.0204  0.0202  0.0219  0.0204  0.0219  0.0204  0.0218  0.0201  0.0207  0.0200  0.0199
niter,ni,del,rscale     2    3    5.0000    0.5000
parameters
   -1.9426   -9.8182    0.8751  -13.2372  -17.2873  -10.0999
    6.3804   14.2937  -11.7576   23.2402   -7.0509  -29.5963
eta,q 0.98078 15.20094
  0.0204  0.0200  0.0200  0.0212  0.0199  0.0212  0.0199  0.0211  0.0197  0.0201  0.0197  0.0196
  0.0198  0.0197  0.0197  0.0205  0.0196  0.0206  0.0195  0.0201  0.0194  0.0197  0.0194  0.0194
  0.0195  0.0195  0.0195  0.0199  0.0194  0.0200  0.0193  0.0195  0.0193  0.0194  0.0193  0.0193
  0.0194  0.0194  0.0194  0.0194  0.0194  0.0194  0.0192  0.0192  0.0192  0.0192  0.0192  0.0192
  0.0195  0.0195  0.0195  0.0194  0.0195  0.0191  0.0193  0.0194  0.0193  0.0193  0.0193  0.0192
  0.0198  0.0197  0.0196  0.0199  0.0197  0.0195  0.0195  0.0200  0.0194  0.0196  0.0194  0.0193
  0.0203  0.0200  0.0198  0.0211  0.0200  0.0209  0.0199  0.0211  0.0197  0.0202  0.0196  0.0195
niter,ni,del,rscale     1    3    5.0000    0.4000
parameters
   -1.9263   -9.8013    1.0279  -13.0824  -17.3690   -9.7163
    6.3770   14.3142  -11.7167   23.2303   -7.0473  -29.3593
eta,q 0.98096 15.21040
  0.0199  0.0196  0.0197  0.0204  0.0195  0.0206  0.0195  0.0204  0.0194  0.0196  0.0194  0.0193
  0.0195  0.0194  0.0194  0.0199  0.0193  0.0201  0.0192  0.0196  0.0192  0.0193  0.0192  0.0192
  0.0193  0.0193  0.0193  0.0195  0.0192  0.0196  0.0191  0.0192  0.0191  0.0191  0.0191  0.0191
  0.0192  0.0192  0.0192  0.0192  0.0192  0.0192  0.0190  0.0190  0.0190  0.0190  0.0190  0.0190
  0.0193  0.0193  0.0192  0.0192  0.0192  0.0190  0.0191  0.0192  0.0191  0.0191  0.0191  0.0191
  0.0195  0.0194  0.0193  0.0195  0.0194  0.0193  0.0192  0.0196  0.0192  0.0193  0.0192  0.0191
  0.0198  0.0196  0.0194  0.0204  0.0196  0.0202  0.0195  0.0203  0.0194  0.0197  0.0194  0.0192
registration optimization eta report
parameter search radius
    0.8000    0.8000    0.8000    2.7600    2.4000    2.4000
    2.4000    2.4000    2.4000    2.4000    2.4000    2.4000
100000*second partial in parameter space
       95.       58.       51.       16.        6.       21.
        8.       23.        6.       11.        6.        4.
  0.0199  0.0196  0.0197  0.0204  0.0195  0.0206  0.0195  0.0204  0.0194  0.0196  0.0194  0.0193
  0.0195  0.0194  0.0194  0.0199  0.0193  0.0201  0.0192  0.0196  0.0192  0.0193  0.0192  0.0192
  0.0193  0.0193  0.0193  0.0195  0.0192  0.0196  0.0191  0.0192  0.0191  0.0191  0.0191  0.0191
  0.0192  0.0192  0.0192  0.0192  0.0192  0.0192  0.0190  0.0190  0.0190  0.0190  0.0190  0.0190
  0.0193  0.0193  0.0192  0.0192  0.0192  0.0190  0.0191  0.0192  0.0191  0.0191  0.0191  0.0191
  0.0195  0.0194  0.0193  0.0195  0.0194  0.0193  0.0192  0.0196  0.0192  0.0193  0.0192  0.0191
  0.0198  0.0196  0.0194  0.0204  0.0196  0.0202  0.0195  0.0203  0.0194  0.0197  0.0194  0.0192
   -1.9263   -9.8013    1.0279  -13.0824  -17.3690   -9.7163
    6.3770   14.3142  -11.7167   23.2303   -7.0473  -29.3593
eta,q 0.98096 15.21040

---------------------------------------------------------------------
imgreg_4dfp /usr/local/freesurfer/average/711-2C_as_mni_average_305 /usr/local/freesurfer/average/711-2B_as_mni_average_305_mask talsrcimg_g11 none talsrcimg_to_711-2C_as_mni_average_305_t4 2311
---------------------------------------------------------------------

freesurfer imgreg_4dfp.c
/usr/local/freesurfer/average/711-2C_as_mni_average_305.4dfp.img
       256       256       256         1
  1.000000  1.000000  1.000000
orientation T byte_order littleendian
Reading image: /usr/local/freesurfer/average/711-2C_as_mni_average_305.4dfp.img
dimensions:      256       256       256
mmppix:       1.0000   -1.0000   -1.0000
center:     128.0000 -129.0000 -129.0000
/usr/local/freesurfer/average/711-2B_as_mni_average_305_mask.4dfp.img
       256       256       256         1
  1.000000  1.000000  1.000000
orientation T byte_order littleendian
Reading mask: /usr/local/freesurfer/average/711-2B_as_mni_average_305_mask.4dfp.img (2306576 pixels)
talsrcimg_g11.4dfp.img
       256       256       256         1
  1.000000  1.000000  1.000000
orientation T byte_order littleendian
Reading image: talsrcimg_g11.4dfp.img
dimensions:      256       256       256
mmppix:       1.0000   -1.0000   -1.0000
center:     128.0000 -129.0000 -129.0000
fimgreg.f
image alignment mode   2311 decimal      907 hex
parameters
   -1.9263   -9.8013    1.0279  -13.0824  -17.3690   -9.7163
    6.3770   14.3142  -11.7167   23.2303   -7.0473  -29.3593
eta,q 0.98096 15.21039
niter,ni,del,rscale     5    3    5.0000    0.8000
parameters
   -1.9192   -9.7543    1.2995  -13.6762  -17.3480  -10.2565
    6.4295   14.1978  -11.7523   23.2122   -7.0475  -29.3276
eta,q 0.98053 15.17916
  0.0216  0.0207  0.0210  0.0215  0.0207  0.0220  0.0211  0.0230  0.0206  0.0214  0.0203  0.0203
  0.0202  0.0198  0.0200  0.0204  0.0198  0.0211  0.0202  0.0210  0.0199  0.0204  0.0198  0.0198
  0.0193  0.0192  0.0193  0.0196  0.0193  0.0201  0.0197  0.0198  0.0196  0.0198  0.0195  0.0196
  0.0190  0.0190  0.0190  0.0190  0.0192  0.0192  0.0195  0.0195  0.0195  0.0195  0.0195  0.0195
  0.0193  0.0192  0.0191  0.0193  0.0193  0.0193  0.0196  0.0198  0.0196  0.0196  0.0196  0.0196
  0.0202  0.0197  0.0194  0.0210  0.0198  0.0215  0.0201  0.0211  0.0200  0.0202  0.0199  0.0198
  0.0216  0.0205  0.0200  0.0241  0.0207  0.0252  0.0210  0.0235  0.0206  0.0216  0.0203  0.0203
niter,ni,del,rscale     4    3    5.0000    0.7000
parameters
   -1.9095   -9.8184    0.9973  -13.4660  -17.2683  -10.4315
    6.4330   14.2341  -11.7704   23.1631   -7.0642  -29.6079
eta,q 0.98056 15.18363
  0.0211  0.0205  0.0199  0.0217  0.0205  0.0218  0.0207  0.0226  0.0203  0.0209  0.0202  0.0200
  0.0202  0.0199  0.0195  0.0208  0.0199  0.0211  0.0200  0.0208  0.0198  0.0202  0.0197  0.0197
  0.0196  0.0195  0.0194  0.0200  0.0195  0.0202  0.0196  0.0198  0.0195  0.0197  0.0195  0.0195
  0.0195  0.0195  0.0195  0.0194  0.0193  0.0193  0.0194  0.0194  0.0194  0.0194  0.0194  0.0194
  0.0196  0.0196  0.0197  0.0193  0.0195  0.0191  0.0195  0.0197  0.0196  0.0196  0.0195  0.0195
  0.0202  0.0200  0.0201  0.0200  0.0198  0.0206  0.0200  0.0207  0.0198  0.0201  0.0198  0.0198
  0.0211  0.0206  0.0205  0.0218  0.0204  0.0234  0.0207  0.0226  0.0203  0.0211  0.0201  0.0202
niter,ni,del,rscale     3    3    5.0000    0.6000
parameters
   -1.9278   -9.8212    0.9121  -13.2653  -17.2630  -10.3201
    6.3966   14.2570  -11.7594   23.2062   -7.0383  -29.6338
eta,q 0.98067 15.19502
  0.0207  0.0203  0.0200  0.0213  0.0202  0.0215  0.0202  0.0218  0.0200  0.0205  0.0199  0.0198
  0.0200  0.0198  0.0196  0.0205  0.0198  0.0209  0.0197  0.0205  0.0196  0.0199  0.0196  0.0195
  0.0196  0.0195  0.0195  0.0199  0.0195  0.0201  0.0194  0.0196  0.0194  0.0195  0.0194  0.0194
  0.0194  0.0194  0.0194  0.0194  0.0194  0.0194  0.0193  0.0193  0.0193  0.0193  0.0193  0.0193
  0.0196  0.0195  0.0195  0.0193  0.0195  0.0191  0.0194  0.0196  0.0194  0.0194  0.0194  0.0194
  0.0200  0.0198  0.0198  0.0199  0.0197  0.0199  0.0197  0.0204  0.0196  0.0198  0.0196  0.0195
  0.0207  0.0202  0.0201  0.0213  0.0202  0.0220  0.0203  0.0218  0.0200  0.0206  0.0199  0.0198
niter,ni,del,rscale     2    3    5.0000    0.5000
parameters
   -1.9298   -9.8100    0.9525  -13.1112  -17.3123  -10.0365
    6.3757   14.2818  -11.7338   23.2206   -7.0216  -29.5182
eta,q 0.98083 15.20485
  0.0202  0.0199  0.0198  0.0207  0.0199  0.0211  0.0198  0.0211  0.0197  0.0200  0.0196  0.0196
  0.0197  0.0196  0.0195  0.0201  0.0195  0.0205  0.0195  0.0200  0.0194  0.0196  0.0194  0.0193
  0.0194  0.0194  0.0194  0.0196  0.0194  0.0199  0.0193  0.0194  0.0192  0.0193  0.0192  0.0192
  0.0193  0.0193  0.0193  0.0193  0.0193  0.0193  0.0192  0.0192  0.0192  0.0192  0.0192  0.0192
  0.0194  0.0194  0.0194  0.0193  0.0194  0.0190  0.0192  0.0194  0.0192  0.0192  0.0192  0.0192
  0.0197  0.0196  0.0195  0.0197  0.0196  0.0195  0.0195  0.0200  0.0194  0.0195  0.0194  0.0193
  0.0203  0.0199  0.0197  0.0207  0.0199  0.0210  0.0199  0.0211  0.0196  0.0201  0.0196  0.0195
niter,ni,del,rscale     1    3    5.0000    0.4000
parameters
   -1.9211   -9.7936    1.0701  -12.9881  -17.3800   -9.6860
    6.3665   14.3045  -11.7016   23.2181   -7.0163  -29.3168
eta,q 0.98098 15.21307
  0.0198  0.0196  0.0196  0.0201  0.0195  0.0206  0.0194  0.0204  0.0193  0.0196  0.0194  0.0193
  0.0195  0.0193  0.0194  0.0197  0.0193  0.0201  0.0192  0.0196  0.0192  0.0193  0.0192  0.0192
  0.0192  0.0192  0.0192  0.0194  0.0192  0.0196  0.0191  0.0192  0.0191  0.0191  0.0190  0.0191
  0.0192  0.0192  0.0192  0.0192  0.0191  0.0191  0.0190  0.0190  0.0190  0.0190  0.0190  0.0190
  0.0192  0.0192  0.0192  0.0192  0.0192  0.0190  0.0191  0.0192  0.0191  0.0191  0.0191  0.0190
  0.0194  0.0193  0.0193  0.0194  0.0193  0.0193  0.0192  0.0196  0.0192  0.0193  0.0192  0.0191
  0.0198  0.0195  0.0194  0.0201  0.0195  0.0202  0.0195  0.0203  0.0193  0.0197  0.0193  0.0192
registration optimization eta report
parameter search radius
    0.8000    0.8000    0.8000    2.4000    2.4000    2.4000
    2.4000    2.4000    2.4000    2.4000    2.4000    2.4000
100000*second partial in parameter space
       97.       58.       52.       16.        6.       22.
        8.       23.        5.       11.        6.        4.
  0.0198  0.0196  0.0196  0.0201  0.0195  0.0206  0.0194  0.0204  0.0193  0.0196  0.0194  0.0193
  0.0195  0.0193  0.0194  0.0197  0.0193  0.0201  0.0192  0.0196  0.0192  0.0193  0.0192  0.0192
  0.0192  0.0192  0.0192  0.0194  0.0192  0.0196  0.0191  0.0192  0.0191  0.0191  0.0190  0.0191
  0.0192  0.0192  0.0192  0.0192  0.0191  0.0191  0.0190  0.0190  0.0190  0.0190  0.0190  0.0190
  0.0192  0.0192  0.0192  0.0192  0.0192  0.0190  0.0191  0.0192  0.0191  0.0191  0.0191  0.0190
  0.0194  0.0193  0.0193  0.0194  0.0193  0.0193  0.0192  0.0196  0.0192  0.0193  0.0192  0.0191
  0.0198  0.0195  0.0194  0.0201  0.0195  0.0202  0.0195  0.0203  0.0193  0.0197  0.0193  0.0192
   -1.9211   -9.7936    1.0701  -12.9881  -17.3800   -9.6860
    6.3665   14.3045  -11.7016   23.2181   -7.0163  -29.3168
eta,q 0.98098 15.21307

---------------------------------------------------------------------
compute_vox2vox talsrcimg talsrcimg_to_711-2C_as_mni_average_305_t4 /usr/local/freesurfer/average/711-2C_as_mni_average_305
---------------------------------------------------------------------

freesurfer compute_vox2vox.c
Reading: talsrcimg.4dfp.ifh
Reading: talsrcimg_to_711-2C_as_mni_average_305_t4
Reading: /usr/local/freesurfer/average/711-2C_as_mni_average_305.4dfp.ifh
Writing: talsrcimg_to_711-2C_as_mni_average_305_t4_vox2vox.txt

start time Sat May 31 01:08:17 UTC 2025
end		time Sat May 31 01:08:40 UTC 2025

mpr2mni305 success

avi2talxfm orig_nu.mgz /usr/local/freesurfer/average/mni305.cor.mgz talsrcimg_to_711-2C_as_mni_average_305_t4_vox2vox.txt transforms/talairach.auto.xfm
avi2talxfm done
mv -f /home/freesurfer/subjects/sub-010/mri/talsrcimg_to_711-2C_as_mni_average_305_t4_vox2vox.txt /home/freesurfer/subjects/sub-010/mri/transforms/talsrcimg_to_711-2C_as_mni_average_305_t4_vox2vox.txt
lta_convert --src orig_nu.mgz --trg /usr/local/freesurfer/average/mni305.cor.mgz --inxfm transforms/talairach.auto.xfm --outlta transforms/talairach.auto.xfm.lta --subject fsaverage
7.4.1

--src: orig_nu.mgz src image (geometry).
--trg: /usr/local/freesurfer/average/mni305.cor.mgz trg image (geometry).
--inmni: transforms/talairach.auto.xfm input MNI/XFM transform.
--outlta: transforms/talairach.auto.xfm.lta output LTA.
--s: fsaverage subject name
 LTA read, type : 1
 1.11942  -0.14216  -0.13670   3.17238;
 0.12686   0.99858   0.34456  -29.02467;
 0.12290  -0.30076   1.09417  -17.25601;
 0.00000   0.00000   0.00000   1.00000;
setting subject to fsaverage
Writing  LTA to file transforms/talairach.auto.xfm.lta...
lta_convert successful.
 
 
Started at Sat May 31 01:08:16 UTC 2025
Ended   at Sat May 31 01:08:40 UTC 2025
talairach_avi done
