/home/freesurfer/subjects/sub-006/mri
/usr/local/freesurfer/bin/talairach_avi
--i orig_nu.mgz --xfm transforms/talairach.auto.xfm
talairach_avi 7.4.1
Linux 1ddd4338bdf1 6.11.0-26-generic #26~24.04.1-Ubuntu SMP PREEMPT_DYNAMIC Thu Apr 17 19:20:47 UTC 2 x86_64 x86_64 x86_64 GNU/Linux
Fri May 30 00:36:36 UTC 2025
mri_convert orig_nu.mgz talsrcimg.img 
reading from orig_nu.mgz...
TR=8.24, TE=0.00, TI=0.00, flip angle=0.00
i_ras = (-1, -1.42609e-09, -4.65661e-10)
j_ras = (-9.31323e-10, -7.45058e-09, -1)
k_ras = (1.33878e-09, 1, 3.72529e-09)
writing to talsrcimg.img...
Analyze Output Matrix
-1.00000  -0.00000   0.00000   126.55545;
-0.00000  -0.00000   1.00000  -99.28034;
-0.00000  -1.00000   0.00000   176.39455;
 0.00000   0.00000   0.00000   1.00000;
--------------------
INFO: set hdr.hist.orient to -1
mpr2mni305 talsrcimg
Fri May 30 00:36:37 UTC 2025
/usr/local/freesurfer/bin/mpr2mni305 talsrcimg
mpr2mni305 7.4.1
target=711-2C_as_mni_average_305

---------------------------------------------------------------------
analyzeto4dfp talsrcimg -O0 -y
---------------------------------------------------------------------

freesurfer ifh2hdr.c
Fri May 30 00:36:37 2025
Writing: talsrcimg.4dfp.hdr
freesurfer analyzeto4dfp.c
Reading: talsrcimg.hdr
header size 348 bytes
hdr.dime.datatype	offset=70	value=2
hdr.dime.bitpix		offset=72	value=8
hdr.hist.orient		offset=252	value=-1
dimensionality     4
dimensions       256       256       256         1
Reading: talsrcimg.img
Writing: talsrcimg.4dfp.img
Writing: talsrcimg.4dfp.ifh
ifh2hdr talsrcimg -r0to222
ori=2

---------------------------------------------------------------------
gauss_4dfp talsrcimg 1.1
---------------------------------------------------------------------

freesurfer gauss_4dfp.c
Reading: talsrcimg.4dfp.img
Writing: talsrcimg_g11.4dfp.img
image dimensions 256 256 256 padded to 288 288 288
processing volume 1freesurfer ifh2hdr.c
Fri May 30 00:36:42 2025
Writing: talsrcimg_g11.4dfp.hdr

Writing: talsrcimg_g11.4dfp.ifh
including: talsrcimg.4dfp.img.rec in talsrcimg_g11.4dfp.img.rec

---------------------------------------------------------------------
imgreg_4dfp /usr/local/freesurfer/average/711-2C_as_mni_average_305 none talsrcimg_g11 none talsrcimg_to_711-2C_as_mni_average_305_t4 4355
---------------------------------------------------------------------

freesurfer imgreg_4dfp.c
/usr/local/freesurfer/average/711-2C_as_mni_average_305.4dfp.img
       256       256       256         1
  1.000000  1.000000  1.000000
orientation T byte_order littleendian
Reading image: /usr/local/freesurfer/average/711-2C_as_mni_average_305.4dfp.img
dimensions:      256       256       256
mmppix:       1.0000   -1.0000   -1.0000
center:     128.0000 -129.0000 -129.0000
talsrcimg_g11.4dfp.img
       256       256       256         1
  1.000000  1.000000  1.000000
orientation T byte_order littleendian
Reading image: talsrcimg_g11.4dfp.img
dimensions:      256       256       256
mmppix:       1.0000   -1.0000   -1.0000
center:     128.0000 -129.0000 -129.0000
t4_read: open error in t4_sub.f l:  41 t4_file(1:l)talsrcimg_to_711-2C_as_mni_average_305_t4 
t4_read: transform initialized to I4
rotation matrix determinant  1.000000
image alignment mode   4355 decimal     1103 hex
   -7.5000  -45.0000  -45.0000 9371.1475   19.0061
    0.0000  -45.0000  -45.0000 9769.2031   18.9872
    7.5000  -45.0000  -45.0000 9266.0088   18.9764
   -7.5000  -37.5000  -45.0000 9882.3584   19.0147
    0.0000  -37.5000  -45.000010296.3252   19.0031
    7.5000  -37.5000  -45.0000 9753.2383   18.9961
   -7.5000  -30.0000  -45.000010749.6514   19.0067
    0.0000  -30.0000  -45.000011191.6631   19.0055
    7.5000  -30.0000  -45.000010583.8975   19.0054
   -7.5000  -22.5000  -45.000011595.7578   18.9661
    0.0000  -22.5000  -45.000012063.4229   18.9683
    7.5000  -22.5000  -45.000011413.3604   18.9715
   -7.5000  -15.0000  -45.000012395.3643   18.9351
    0.0000  -15.0000  -45.000012914.3916   18.9325
    7.5000  -15.0000  -45.000012176.1904   18.9326
   -7.5000   -7.5000  -45.000013064.3623   18.9500
    0.0000   -7.5000  -45.000013626.4229   18.9369
    7.5000   -7.5000  -45.000012835.0518   18.9300
   -7.5000    0.0000  -45.000013526.5645   18.9892
    0.0000    0.0000  -45.000014105.5518   18.9702
    7.5000    0.0000  -45.000013314.4365   18.9595
   -7.5000    7.5000  -45.000012784.9824   19.0147
    0.0000    7.5000  -45.000013360.1641   19.0031
    7.5000    7.5000  -45.000012620.7627   18.9961
   -7.5000   15.0000  -45.000011918.5352   19.0067
    0.0000   15.0000  -45.000012448.9365   19.0055
    7.5000   15.0000  -45.000011759.9209   19.0054
   -7.5000   22.5000  -45.000010977.5986   18.9635
    0.0000   22.5000  -45.000011470.4697   18.9657
    7.5000   22.5000  -45.000010836.0557   18.9689
   -7.5000   30.0000  -45.000010022.7637   18.6828
    0.0000   30.0000  -45.000010470.8438   18.6802
    7.5000   30.0000  -45.0000 9891.3018   18.6803
   -7.5000   37.5000  -45.0000 9380.2080   18.6977
    0.0000   37.5000  -45.0000 9796.9971   18.6847
    7.5000   37.5000  -45.0000 9264.4434   18.6779
   -7.5000   45.0000  -45.0000 8454.2832   18.3904
    0.0000   45.0000  -45.0000 8833.4648   18.3713
    7.5000   45.0000  -45.0000 8356.4775   18.3608
   -7.5000  -45.0000  -37.5000 9904.6260   18.9022
    0.0000  -45.0000  -37.500010300.6133   18.8869
    7.5000  -45.0000  -37.5000 9809.0938   18.8829
   -7.5000  -37.5000  -37.500010432.6855   18.9165
    0.0000  -37.5000  -37.500010851.3350   18.9049
    7.5000  -37.5000  -37.500010317.2061   18.9032
   -7.5000  -30.0000  -37.500011354.3350   18.9149
    0.0000  -30.0000  -37.500011796.0752   18.9099
    7.5000  -30.0000  -37.500011209.9365   18.9127
   -7.5000  -22.5000  -37.500012255.2002   18.8737
    0.0000  -22.5000  -37.500012729.6885   18.8713
    7.5000  -22.5000  -37.500012073.9541   18.8758
   -7.5000  -15.0000  -37.500013097.8291   18.8364
    0.0000  -15.0000  -37.500013633.3799   18.8323
    7.5000  -15.0000  -37.500012891.9648   18.8350
   -7.5000   -7.5000  -37.500013788.1562   18.8448
    0.0000   -7.5000  -37.500014365.6455   18.8343
    7.5000   -7.5000  -37.500013586.7041   18.8332
   -7.5000    0.0000  -37.500014274.1064   18.8838
    0.0000    0.0000  -37.500014879.3730   18.8684
    7.5000    0.0000  -37.500014081.8564   18.8644
   -7.5000    7.5000  -37.500013496.1797   18.9165
    0.0000    7.5000  -37.500014064.2412   18.9049
    7.5000    7.5000  -37.500013327.0059   18.9032
   -7.5000   15.0000  -37.500012558.6279   18.9149
    0.0000   15.0000  -37.500013073.8105   18.9099
    7.5000   15.0000  -37.500012377.2510   18.9127
   -7.5000   22.5000  -37.500011527.9033   18.8711
    0.0000   22.5000  -37.500012024.4639   18.8687
    7.5000   22.5000  -37.500011404.1465   18.8732
   -7.5000   30.0000  -37.500010503.9961   18.5854
    0.0000   30.0000  -37.500010961.6787   18.5814
    7.5000   30.0000  -37.500010401.3662   18.5840
   -7.5000   37.5000  -37.5000 9817.0410   18.5939
    0.0000   37.5000  -37.500010245.8164   18.5835
    7.5000   37.5000  -37.5000 9736.4160   18.5824
   -7.5000   45.0000  -37.5000 8807.8906   18.2882
    0.0000   45.0000  -37.5000 9211.2490   18.2726
    7.5000   45.0000  -37.5000 8744.4180   18.2684
   -7.5000  -45.0000  -30.000010530.4541   19.6035
    0.0000  -45.0000  -30.000010955.4404   19.5919
    7.5000  -45.0000  -30.000010435.0381   19.6058
   -7.5000  -37.5000  -30.000011103.1777   19.6183
    0.0000  -37.5000  -30.000011542.5820   19.6051
    7.5000  -37.5000  -30.000010988.2432   19.6191
   -7.5000  -30.0000  -30.000012106.4629   19.6195
    0.0000  -30.0000  -30.000012577.1094   19.6074
    7.5000  -30.0000  -30.000011965.2988   19.6222
   -7.5000  -22.5000  -30.000013099.5156   19.5795
    0.0000  -22.5000  -30.000013608.3799   19.5696
    7.5000  -22.5000  -30.000012898.1875   19.5836
   -7.5000  -15.0000  -30.000014011.9062   19.5416
    0.0000  -15.0000  -30.000014580.5166   19.5346
    7.5000  -15.0000  -30.000013796.3828   19.5484
   -7.5000   -7.5000  -30.000014715.8799   19.5459
    0.0000   -7.5000  -30.000015352.6084   19.5385
    7.5000   -7.5000  -30.000014563.9268   19.5529
   -7.5000    0.0000  -30.000015231.4336   19.5828
    0.0000    0.0000  -30.000015868.6494   19.5711
    7.5000    0.0000  -30.000015063.0254   19.5851
   -7.5000    7.5000  -30.000014393.1748   19.6183
    0.0000    7.5000  -30.000014998.4092   19.6051
    7.5000    7.5000  -30.000014261.0557   19.6191
   -7.5000   15.0000  -30.000013361.3604   19.6195
    0.0000   15.0000  -30.000013919.4668   19.6074
    7.5000   15.0000  -30.000013242.1855   19.6222
   -7.5000   22.5000  -30.000012267.1943   19.5748
    0.0000   22.5000  -30.000012790.9922   19.5648
    7.5000   22.5000  -30.000012182.8477   19.5789
   -7.5000   30.0000  -30.000011151.6943   19.2830
    0.0000   30.0000  -30.000011650.3691   19.2761
    7.5000   30.0000  -30.000011095.8936   19.2897
   -7.5000   37.5000  -30.000010427.8379   19.2875
    0.0000   37.5000  -30.000010894.9980   19.2802
    7.5000   37.5000  -30.000010389.7705   19.2944
   -7.5000   45.0000  -30.0000 9339.8760   18.9793
    0.0000   45.0000  -30.0000 9768.0039   18.9673
    7.5000   45.0000  -30.0000 9291.0850   18.9804
   -7.5000  -45.0000  -22.500011112.8193   20.2360
    0.0000  -45.0000  -22.500011586.4902   20.2258
    7.5000  -45.0000  -22.500011055.0605   20.2528
   -7.5000  -37.5000  -22.500011752.3027   20.2426
    0.0000  -37.5000  -22.500012233.1279   20.2297
    7.5000  -37.5000  -22.500011651.5215   20.2566
   -7.5000  -30.0000  -22.500012851.7910   20.2353
    0.0000  -30.0000  -22.500013378.4521   20.2221
    7.5000  -30.0000  -22.500012718.5781   20.2488
   -7.5000  -22.5000  -22.500013925.0928   20.1939
    0.0000  -22.5000  -22.500014517.6836   20.1826
    7.5000  -22.5000  -22.500013748.5322   20.2079
   -7.5000  -15.0000  -22.500014878.0840   20.1623
    0.0000  -15.0000  -22.500015513.0996   20.1553
    7.5000  -15.0000  -22.500014719.7988   20.1802
   -7.5000   -7.5000  -22.500015632.5527   20.1742
    0.0000   -7.5000  -22.500016330.6084   20.1681
    7.5000   -7.5000  -22.500015534.4824   20.1943
   -7.5000    0.0000  -22.500016199.0469   20.2132
    0.0000    0.0000  -22.500016939.7461   20.2029
    7.5000    0.0000  -22.500016088.8730   20.2299
   -7.5000    7.5000  -22.500015298.7129   20.2426
    0.0000    7.5000  -22.500016012.8047   20.2297
    7.5000    7.5000  -22.500015230.5645   20.2566
   -7.5000   15.0000  -22.500014194.5840   20.2353
    0.0000   15.0000  -22.500014820.5566   20.2221
    7.5000   15.0000  -22.500014136.8037   20.2488
   -7.5000   22.5000  -22.500013031.1670   20.1876
    0.0000   22.5000  -22.500013585.4961   20.1764
    7.5000   22.5000  -22.500012984.3730   20.2017
   -7.5000   30.0000  -22.500011841.9824   19.8986
    0.0000   30.0000  -22.500012361.8877   19.8916
    7.5000   30.0000  -22.500011804.1172   19.9162
   -7.5000   37.5000  -22.500011106.7305   19.9105
    0.0000   37.5000  -22.500011618.0703   19.9045
    7.5000   37.5000  -22.500011047.0547   19.9304
   -7.5000   45.0000  -22.5000 9970.0361   19.6048
    0.0000   45.0000  -22.500010438.0391   19.5942
    7.5000   45.0000  -22.5000 9918.9131   19.6201
   -7.5000  -45.0000  -15.000011639.4766   20.7377
    0.0000  -45.0000  -15.000012128.5312   20.7250
    7.5000  -45.0000  -15.000011550.5508   20.7502
   -7.5000  -37.5000  -15.000012332.4072   20.7384
    0.0000  -37.5000  -15.000012852.5518   20.7257
    7.5000  -37.5000  -15.000012220.2217   20.7516
   -7.5000  -30.0000  -15.000013565.1152   20.7222
    0.0000  -30.0000  -15.000014139.8018   20.7133
    7.5000  -30.0000  -15.000013409.1436   20.7414
   -7.5000  -22.5000  -15.000014753.1455   20.6773
    0.0000  -22.5000  -15.000015444.1846   20.6717
    7.5000  -22.5000  -15.000014577.3301   20.7009
   -7.5000  -15.0000  -15.000015805.1270   20.6500
    0.0000  -15.0000  -15.000016524.6055   20.6465
    7.5000  -15.0000  -15.000015647.3359   20.6749
   -7.5000   -7.5000  -15.000016563.9863   20.6710
    0.0000   -7.5000  -15.000017344.6426   20.6640
    7.5000   -7.5000  -15.000016494.8535   20.6906
   -7.5000    0.0000  -15.000017174.4805   20.7145
    0.0000    0.0000  -15.000018006.0664   20.7017
    7.5000    0.0000  -15.000017112.4863   20.7268
   -7.5000    7.5000  -15.000016252.7900   20.7384
    0.0000    7.5000  -15.000017064.4551   20.7257
    7.5000    7.5000  -15.000016229.2920   20.7516
   -7.5000   15.0000  -15.000015122.3955   20.7222
    0.0000   15.0000  -15.000015828.6289   20.7133
    7.5000   15.0000  -15.000015065.9033   20.7414
   -7.5000   22.5000  -15.000013901.8115   20.6700
    0.0000   22.5000  -15.000014501.9121   20.6644
    7.5000   22.5000  -15.000013826.9033   20.6936
   -7.5000   30.0000  -15.000012627.6094   20.3828
    0.0000   30.0000  -15.000013195.1074   20.3793
    7.5000   30.0000  -15.000012595.5947   20.4074
   -7.5000   37.5000  -15.000011849.6367   20.4037
    0.0000   37.5000  -15.000012413.2705   20.3968
    7.5000   37.5000  -15.000011794.6797   20.4230
   -7.5000   45.0000  -15.000010656.9922   20.1026
    0.0000   45.0000  -15.000011164.3506   20.0897
    7.5000   45.0000  -15.000010590.5361   20.1141
   -7.5000  -45.0000   -7.500012163.6475   21.0314
    0.0000  -45.0000   -7.500012669.5156   21.0133
    7.5000  -45.0000   -7.500012007.7812   21.0182
   -7.5000  -37.5000   -7.500012907.5410   21.0305
    0.0000  -37.5000   -7.500013474.3867   21.0172
    7.5000  -37.5000   -7.500012746.9375   21.0245
   -7.5000  -30.0000   -7.500014259.8857   21.0144
    0.0000  -30.0000   -7.500014944.4639   21.0105
    7.5000  -30.0000   -7.500014071.2520   21.0237
   -7.5000  -22.5000   -7.500015646.7559   20.9695
    0.0000  -22.5000   -7.500016561.6367   20.9702
    7.5000  -22.5000   -7.500015462.0693   20.9869
   -7.5000  -15.0000   -7.500016939.8164   20.9418
    0.0000  -15.0000   -7.500017946.7520   20.9402
    7.5000  -15.0000   -7.500016807.6367   20.9551
   -7.5000   -7.5000   -7.500017798.5410   20.9642
    0.0000   -7.5000   -7.500018826.2344   20.9531
    7.5000   -7.5000   -7.500017693.4668   20.9618
   -7.5000    0.0000   -7.500018371.0156   21.0079
    0.0000    0.0000   -7.500019424.0195   20.9897
    7.5000    0.0000   -7.500018226.0391   20.9945
   -7.5000    7.5000   -7.500017405.7324   21.0305
    0.0000    7.5000   -7.500018349.1035   21.0172
    7.5000    7.5000   -7.500017234.0156   21.0245
   -7.5000   15.0000   -7.500016200.8164   21.0144
    0.0000   15.0000   -7.500016995.9473   21.0105
    7.5000   15.0000   -7.500015982.3857   21.0237
   -7.5000   22.5000   -7.500014900.5889   20.9598
    0.0000   22.5000   -7.500015577.3799   20.9605
    7.5000   22.5000   -7.500014662.7031   20.9772
   -7.5000   30.0000   -7.500013546.7881   20.6702
    0.0000   30.0000   -7.500014161.8896   20.6687
    7.5000   30.0000   -7.500013335.6846   20.6833
   -7.5000   37.5000   -7.500012708.2324   20.6926
    0.0000   37.5000   -7.500013298.2930   20.6815
    7.5000   37.5000   -7.500012517.5322   20.6902
   -7.5000   45.0000   -7.500011379.8340   20.3907
    0.0000   45.0000   -7.500011918.8145   20.3724
    7.5000   45.0000   -7.500011228.8008   20.3771
   -7.5000  -45.0000    0.000012557.3701   21.1022
    0.0000  -45.0000    0.000013173.0469   21.0820
    7.5000  -45.0000    0.000012419.7598   21.0698
   -7.5000  -37.5000    0.000013350.8838   21.1066
    0.0000  -37.5000    0.000014063.6768   21.0943
    7.5000  -37.5000    0.000013204.6514   21.0863
   -7.5000  -30.0000    0.000014803.8965   21.0972
    0.0000  -30.0000    0.000015675.8584   21.0964
    7.5000  -30.0000    0.000014586.8701   21.0960
   -7.5000  -22.5000    0.000016387.0859   21.0520
    0.0000  -22.5000    0.000017600.2969   21.0550
    7.5000  -22.5000    0.000016051.9756   21.0584
   -7.5000  -15.0000    0.000018025.5957   21.0178
    0.0000  -15.0000    0.000019362.4590   21.0157
    7.5000  -15.0000    0.000017519.0527   21.0158
   -7.5000   -7.5000    0.000019054.8242   21.0349
    0.0000   -7.5000    0.000020257.5742   21.0211
    7.5000   -7.5000    0.000018429.9375   21.0133
   -7.5000    0.0000    0.000019503.1797   21.0786
    0.0000    0.0000    0.000020600.7109   21.0583
    7.5000    0.0000    0.000018876.9922   21.0462
   -7.5000    7.5000    0.000018287.8438   21.1066
    0.0000    7.5000    0.000019234.1289   21.0943
    7.5000    7.5000    0.000017760.4453   21.0863
   -7.5000   15.0000    0.000016883.1250   21.0972
    0.0000   15.0000    0.000017741.7207   21.0964
    7.5000   15.0000    0.000016485.8145   21.0960
   -7.5000   22.5000    0.000015508.9189   21.0423
    0.0000   22.5000    0.000016248.2998   21.0453
    7.5000   22.5000    0.000015186.3467   21.0487
   -7.5000   30.0000    0.000014120.6309   20.7458
    0.0000   30.0000    0.000014764.6172   20.7437
    7.5000   30.0000    0.000013809.1416   20.7438
   -7.5000   37.5000    0.000013258.0898   20.7629
    0.0000   37.5000    0.000013856.9688   20.7492
    7.5000   37.5000    0.000012978.7715   20.7416
   -7.5000   45.0000    0.000011858.1133   20.4608
    0.0000   45.0000    0.000012414.5518   20.4403
    7.5000   45.0000    0.000011636.0850   20.4284
   -7.5000  -45.0000    7.500012049.1299   21.0668
    0.0000  -45.0000    7.500012626.7686   21.0501
    7.5000  -45.0000    7.500011864.7275   21.0458
   -7.5000  -37.5000    7.500012864.2617   21.0800
    0.0000  -37.5000    7.500013535.0654   21.0675
    7.5000  -37.5000    7.500012606.3916   21.0656
   -7.5000  -30.0000    7.500014241.4453   21.0791
    0.0000  -30.0000    7.500015109.2168   21.0740
    7.5000  -30.0000    7.500013898.8623   21.0770
   -7.5000  -22.5000    7.500015682.7607   21.0337
    0.0000  -22.5000    7.500016863.6133   21.0315
    7.5000  -22.5000    7.500015296.5107   21.0366
   -7.5000  -15.0000    7.500017054.2480   20.9919
    0.0000  -15.0000    7.500018214.7676   20.9879
    7.5000  -15.0000    7.500016544.9902   20.9909
   -7.5000   -7.5000    7.500017892.9199   21.0003
    0.0000   -7.5000    7.500018934.0098   20.9891
    7.5000   -7.5000    7.500017304.1387   20.9879
   -7.5000    0.0000    7.500018363.7793   21.0431
    0.0000    0.0000    7.500019413.6348   21.0264
    7.5000    0.0000    7.500017813.6699   21.0221
   -7.5000    7.5000    7.500017266.2773   21.0800
    0.0000    7.5000    7.500018278.9141   21.0675
    7.5000    7.5000    7.500016841.4473   21.0656
   -7.5000   15.0000    7.500015986.9863   21.0791
    0.0000   15.0000    7.500016919.6289   21.0740
    7.5000   15.0000    7.500015674.8555   21.0770
   -7.5000   22.5000    7.500014670.2539   21.0240
    0.0000   22.5000    7.500015462.6973   21.0218
    7.5000   22.5000    7.500014408.2441   21.0269
   -7.5000   30.0000    7.500013363.7373   20.7203
    0.0000   30.0000    7.500014043.1875   20.7163
    7.5000   30.0000    7.500013095.3467   20.7192
   -7.5000   37.5000    7.500012548.5527   20.7288
    0.0000   37.5000    7.500013164.8096   20.7176
    7.5000   37.5000    7.500012302.1426   20.7164
   -7.5000   45.0000    7.500011258.8516   20.4268
    0.0000   45.0000    7.500011811.8662   20.4098
    7.5000   45.0000    7.500011065.5117   20.4052
   -7.5000  -45.0000   15.000011353.0566   21.0385
    0.0000  -45.0000   15.000011884.3057   21.0261
    7.5000  -45.0000   15.000011151.9307   21.0411
   -7.5000  -37.5000   15.000012053.0469   21.0527
    0.0000  -37.5000   15.000012636.1963   21.0386
    7.5000  -37.5000   15.000011817.9727   21.0537
   -7.5000  -30.0000   15.000013261.7803   21.0537
    0.0000  -30.0000   15.000014012.4297   21.0408
    7.5000  -30.0000   15.000013020.2500   21.0566
   -7.5000  -22.5000   15.000014473.3018   21.0107
    0.0000  -22.5000   15.000015422.8428   21.0001
    7.5000  -22.5000   15.000014281.0664   21.0151
   -7.5000  -15.0000   15.000015555.0371   20.9701
    0.0000  -15.0000   15.000016448.0430   20.9627
    7.5000  -15.0000   15.000015280.5664   20.9774
   -7.5000   -7.5000   15.000016260.0674   20.9750
    0.0000   -7.5000   15.000017107.9746   20.9671
    7.5000   -7.5000   15.000015958.6055   20.9825
   -7.5000    0.0000   15.000016772.8086   21.0148
    0.0000    0.0000   15.000017726.7051   21.0023
    7.5000    0.0000   15.000016510.2070   21.0173
   -7.5000    7.5000   15.000015916.5225   21.0527
    0.0000    7.5000   15.000016838.8984   21.0386
    7.5000    7.5000   15.000015693.2080   21.0537
   -7.5000   15.0000   15.000014831.4707   21.0537
    0.0000   15.0000   15.000015665.4346   21.0408
    7.5000   15.0000   15.000014660.8232   21.0566
   -7.5000   22.5000   15.000013649.6143   21.0010
    0.0000   22.5000   15.000014356.7773   20.9904
    7.5000   22.5000   15.000013471.5879   21.0054
   -7.5000   30.0000   15.000012443.3213   20.6987
    0.0000   30.0000   15.000013060.6436   20.6914
    7.5000   30.0000   15.000012253.8027   20.7059
   -7.5000   37.5000   15.000011692.1045   20.7037
    0.0000   37.5000   15.000012261.7705   20.6960
    7.5000   37.5000   15.000011517.3857   20.7111
   -7.5000   45.0000   15.000010492.7881   20.3999
    0.0000   45.0000   15.000011006.7627   20.3871
    7.5000   45.0000   15.000010335.1289   20.4011
   -7.5000  -45.0000   22.500010586.3477   21.3857
    0.0000  -45.0000   22.500011005.5439   21.3743
    7.5000  -45.0000   22.500010458.2510   21.4031
   -7.5000  -37.5000   22.500011189.9248   21.3930
    0.0000  -37.5000   22.500011648.7812   21.3789
    7.5000  -37.5000   22.500011068.7803   21.4075
   -7.5000  -30.0000   22.500012303.2402   21.3846
    0.0000  -30.0000   22.500012892.3164   21.3703
    7.5000  -30.0000   22.500012200.5195   21.3986
   -7.5000  -22.5000   22.500013413.9766   21.3391
    0.0000  -22.5000   22.500014114.8184   21.3267
    7.5000  -22.5000   22.500013341.3301   21.3534
   -7.5000  -15.0000   22.500014344.2354   21.3045
    0.0000  -15.0000   22.500015003.5059   21.2967
    7.5000  -15.0000   22.500014200.3848   21.3230
   -7.5000   -7.5000   22.500015016.1455   21.3181
    0.0000   -7.5000   22.500015680.0293   21.3111
    7.5000   -7.5000   22.500014859.0557   21.3391
   -7.5000    0.0000   22.500015493.7803   21.3611
    0.0000    0.0000   22.500016271.0898   21.3497
    7.5000    0.0000   22.500015360.9658   21.3785
   -7.5000    7.5000   22.500014740.6758   21.3930
    0.0000    7.5000   22.500015485.3516   21.3789
    7.5000    7.5000   22.500014594.1914   21.4075
   -7.5000   15.0000   22.500013755.8691   21.3846
    0.0000   15.0000   22.500014456.6270   21.3703
    7.5000   15.0000   22.500013636.5859   21.3986
   -7.5000   22.5000   22.500012650.8955   21.3292
    0.0000   22.5000   22.500013279.5918   21.3169
    7.5000   22.5000   22.500012554.8672   21.3436
   -7.5000   30.0000   22.500011530.5234   21.0288
    0.0000   30.0000   22.500012092.4023   21.0211
    7.5000   30.0000   22.500011433.0166   21.0471
   -7.5000   37.5000   22.500010881.2666   21.0423
    0.0000   37.5000   22.500011390.6816   21.0355
    7.5000   37.5000   22.500010783.0850   21.0631
   -7.5000   45.0000   22.5000 9769.5381   20.7356
    0.0000   45.0000   22.500010215.1660   20.7239
    7.5000   45.0000   22.5000 9681.9150   20.7515
   -7.5000  -45.0000   30.0000 9832.6787   21.9757
    0.0000  -45.0000   30.000010162.4082   21.9604
    7.5000  -45.0000   30.0000 9727.2793   21.9899
   -7.5000  -37.5000   30.000010403.3701   21.9756
    0.0000  -37.5000   30.000010792.2803   21.9598
    7.5000  -37.5000   30.000010321.3496   21.9900
   -7.5000  -30.0000   30.000011433.9268   21.9549
    0.0000  -30.0000   30.000011891.7861   21.9431
    7.5000  -30.0000   30.000011377.3604   21.9758
   -7.5000  -22.5000   30.000012451.2949   21.9031
    0.0000  -22.5000   30.000012933.8730   21.8956
    7.5000  -22.5000   30.000012368.4639   21.9294
   -7.5000  -15.0000   30.000013292.0400   21.8730
    0.0000  -15.0000   30.000013771.1836   21.8683
    7.5000  -15.0000   30.000013150.9141   21.9015
   -7.5000   -7.5000   30.000013912.1328   21.8991
    0.0000   -7.5000   30.000014420.5000   21.8906
    7.5000   -7.5000   30.000013785.0596   21.9218
   -7.5000    0.0000   30.000014333.4482   21.9499
    0.0000    0.0000   30.000014923.8994   21.9346
    7.5000    0.0000   30.000014223.3193   21.9639
   -7.5000    7.5000   30.000013591.7256   21.9756
    0.0000    7.5000   30.000014162.1260   21.9598
    7.5000    7.5000   30.000013479.2969   21.9900
   -7.5000   15.0000   30.000012705.8887   21.9549
    0.0000   15.0000   30.000013262.4453   21.9431
    7.5000   15.0000   30.000012586.4326   21.9758
   -7.5000   22.5000   30.000011719.7686   21.8930
    0.0000   22.5000   30.000012250.7607   21.8855
    7.5000   22.5000   30.000011627.8311   21.9193
   -7.5000   30.0000   30.000010686.5908   21.5900
    0.0000   30.0000   30.000011183.3555   21.5853
    7.5000   30.0000   30.000010610.8457   21.6180
   -7.5000   37.5000   30.000010074.9873   21.6159
    0.0000   37.5000   30.000010525.6816   21.6074
    7.5000   37.5000   30.000010000.1504   21.6383
   -7.5000   45.0000   30.0000 9039.5371   21.3060
    0.0000   45.0000   30.0000 9433.4814   21.2905
    7.5000   45.0000   30.0000 8984.4395   21.3189
   -7.5000  -45.0000   37.5000 9530.0527   22.7610
    0.0000  -45.0000   37.5000 9845.4014   22.7414
    7.5000  -45.0000   37.5000 9429.7441   22.7492
   -7.5000  -37.5000   37.500010088.7109   22.7618
    0.0000  -37.5000   37.500010436.6143   22.7468
    7.5000  -37.5000   37.500010011.7139   22.7567
   -7.5000  -30.0000   37.500011044.0840   22.7391
    0.0000  -30.0000   37.500011439.8291   22.7345
    7.5000  -30.0000   37.500010968.2021   22.7505
   -7.5000  -22.5000   37.500011989.4336   22.6806
    0.0000  -22.5000   37.500012391.8057   22.6821
    7.5000  -22.5000   37.500011869.7695   22.7023
   -7.5000  -15.0000   37.500012794.9570   22.6462
    0.0000  -15.0000   37.500013235.8691   22.6460
    7.5000  -15.0000   37.500012641.4180   22.6649
   -7.5000   -7.5000   37.500013412.6309   22.6763
    0.0000   -7.5000   37.500013892.3623   22.6655
    7.5000   -7.5000   37.500013285.1006   22.6781
   -7.5000    0.0000   37.500013807.7764   22.7335
    0.0000    0.0000   37.500014331.6152   22.7138
    7.5000    0.0000   37.500013695.6504   22.7216
   -7.5000    7.5000   37.500013083.2500   22.7618
    0.0000    7.5000   37.500013598.7070   22.7468
    7.5000    7.5000   37.500012962.7275   22.7567
   -7.5000   15.0000   37.500012205.8760   22.7391
    0.0000   15.0000   37.500012736.1465   22.7345
    7.5000   15.0000   37.500012106.0664   22.7505
   -7.5000   22.5000   37.500011259.5176   22.6702
    0.0000   22.5000   37.500011770.8574   22.6716
    7.5000   22.5000   37.500011187.9092   22.6918
   -7.5000   30.0000   37.500010292.1621   22.3531
    0.0000   30.0000   37.500010728.2783   22.3530
    7.5000   30.0000   37.500010186.6455   22.3716
   -7.5000   37.5000   37.5000 9687.8076   22.3830
    0.0000   37.5000   37.500010101.5791   22.3723
    7.5000   37.5000   37.5000 9587.5371   22.3847
   -7.5000   45.0000   37.5000 8678.9482   22.0570
    0.0000   45.0000   37.5000 9051.8047   22.0370
    7.5000   45.0000   37.5000 8610.4287   22.0446
   -7.5000  -45.0000   45.0000 8864.1250   23.5628
    0.0000  -45.0000   45.0000 9164.2529   23.5379
    7.5000  -45.0000   45.0000 8747.7207   23.5226
   -7.5000  -37.5000   45.0000 9379.4023   23.5675
    0.0000  -37.5000   45.0000 9714.5283   23.5527
    7.5000  -37.5000   45.0000 9289.0557   23.5423
   -7.5000  -30.0000   45.000010242.3848   23.5489
    0.0000  -30.0000   45.000010625.3223   23.5491
    7.5000  -30.0000   45.000010150.2373   23.5485
   -7.5000  -22.5000   45.000011067.8770   23.4861
    0.0000  -22.5000   45.000011464.5664   23.4915
    7.5000  -22.5000   45.000010947.6641   23.4960
   -7.5000  -15.0000   45.000011793.1455   23.4442
    0.0000  -15.0000   45.000012230.2891   23.4428
    7.5000  -15.0000   45.000011650.5518   23.4436
   -7.5000   -7.5000   45.000012391.3369   23.4724
    0.0000   -7.5000   45.000012845.7500   23.4562
    7.5000   -7.5000   45.000012246.5869   23.4468
   -7.5000    0.0000   45.000012752.3604   23.5331
    0.0000    0.0000   45.000013209.9131   23.5082
    7.5000    0.0000   45.000012609.6729   23.4929
   -7.5000    7.5000   45.000012059.0068   23.5675
    0.0000    7.5000   45.000012515.3691   23.5527
    7.5000    7.5000   45.000011916.4453   23.5423
   -7.5000   15.0000   45.000011227.7490   23.5489
    0.0000   15.0000   45.000011710.6074   23.5491
    7.5000   15.0000   45.000011121.9980   23.5485
   -7.5000   22.5000   45.000010353.7881   23.4752
    0.0000   22.5000   45.000010824.5469   23.4806
    7.5000   22.5000   45.000010272.5498   23.4851
   -7.5000   30.0000   45.0000 9446.6992   23.1388
    0.0000   30.0000   45.0000 9864.3223   23.1374
    7.5000   30.0000   45.0000 9359.1699   23.1382
   -7.5000   37.5000   45.0000 8894.6650   23.1667
    0.0000   37.5000   45.0000 9266.5605   23.1506
    7.5000   37.5000   45.0000 8795.0010   23.1414
   -7.5000   45.0000   45.0000 8001.4102   22.8342
    0.0000   45.0000   45.0000 8328.3867   22.8089
    7.5000   45.0000   45.0000 7924.0801   22.7937

---------------------------------------------------------------------
imgreg_4dfp /usr/local/freesurfer/average/711-2C_as_mni_average_305 /usr/local/freesurfer/average/711-2B_as_mni_average_305_mask talsrcimg_g11 none talsrcimg_to_711-2C_as_mni_average_305_t4 4355
---------------------------------------------------------------------

freesurfer imgreg_4dfp.c
/usr/local/freesurfer/average/711-2C_as_mni_average_305.4dfp.img
       256       256       256         1
  1.000000  1.000000  1.000000
orientation T byte_order littleendian
Reading image: /usr/local/freesurfer/average/711-2C_as_mni_average_305.4dfp.img
dimensions:      256       256       256
mmppix:       1.0000   -1.0000   -1.0000
center:     128.0000 -129.0000 -129.0000
/usr/local/freesurfer/average/711-2B_as_mni_average_305_mask.4dfp.img
       256       256       256         1
  1.000000  1.000000  1.000000
orientation T byte_order littleendian
Reading mask: /usr/local/freesurfer/average/711-2B_as_mni_average_305_mask.4dfp.img (2306576 pixels)
talsrcimg_g11.4dfp.img
       256       256       256         1
  1.000000  1.000000  1.000000
orientation T byte_order littleendian
Reading image: talsrcimg_g11.4dfp.img
dimensions:      256       256       256
mmppix:       1.0000   -1.0000   -1.0000
center:     128.0000 -129.0000 -129.0000
rotation matrix determinant  1.000000
image alignment mode   4355 decimal     1103 hex
   -7.5000  -45.0000  -45.0000 2502.9937   23.0227
    0.0000  -45.0000  -45.0000 2504.3901   23.0351
    7.5000  -45.0000  -45.0000 2479.6477   23.1638
   -7.5000  -37.5000  -45.0000 2546.1104   21.9640
    0.0000  -37.5000  -45.0000 2546.9478   22.0024
    7.5000  -37.5000  -45.0000 2520.0168   22.1161
   -7.5000  -30.0000  -45.0000 2565.5273   21.1990
    0.0000  -30.0000  -45.0000 2565.5891   21.2356
    7.5000  -30.0000  -45.0000 2540.2275   21.3566
   -7.5000  -22.5000  -45.0000 2579.3689   20.7567
    0.0000  -22.5000  -45.0000 2580.1069   20.7588
    7.5000  -22.5000  -45.0000 2552.6951   20.9242
   -7.5000  -15.0000  -45.0000 2577.6458   20.5339
    0.0000  -15.0000  -45.0000 2583.2625   20.5731
    7.5000  -15.0000  -45.0000 2552.9775   20.7700
   -7.5000   -7.5000  -45.0000 2583.2817   20.6178
    0.0000   -7.5000  -45.0000 2585.5913   20.6412
    7.5000   -7.5000  -45.0000 2554.9819   20.9106
   -7.5000    0.0000  -45.0000 2575.3452   21.0379
    0.0000    0.0000  -45.0000 2581.3376   21.1038
    7.5000    0.0000  -45.0000 2548.9661   21.3203
   -7.5000    7.5000  -45.0000 2553.1826   21.8258
    0.0000    7.5000  -45.0000 2565.3298   21.8785
    7.5000    7.5000  -45.0000 2530.3784   22.0659
   -7.5000   15.0000  -45.0000 2510.9292   22.8564
    0.0000   15.0000  -45.0000 2518.3755   22.9340
    7.5000   15.0000  -45.0000 2490.7720   23.0980
   -7.5000   22.5000  -45.0000 2454.0857   24.1152
    0.0000   22.5000  -45.0000 2461.1755   24.1756
    7.5000   22.5000  -45.0000 2428.1631   24.2993
   -7.5000   30.0000  -45.0000 2378.7566   25.8157
    0.0000   30.0000  -45.0000 2384.5918   25.8001
    7.5000   30.0000  -45.0000 2354.9260   25.9817
   -7.5000   37.5000  -45.0000 2287.6082   28.1149
    0.0000   37.5000  -45.0000 2294.7495   28.0622
    7.5000   37.5000  -45.0000 2266.8574   28.2266
   -7.5000   45.0000  -45.0000 2169.3813   31.0748
    0.0000   45.0000  -45.0000 2182.1252   31.0306
    7.5000   45.0000  -45.0000 2157.5200   31.2253
   -7.5000  -45.0000  -37.5000 2572.0667   21.6747
    0.0000  -45.0000  -37.5000 2574.7605   21.5877
    7.5000  -45.0000  -37.5000 2553.1785   21.7914
   -7.5000  -37.5000  -37.5000 2613.6897   20.6459
    0.0000  -37.5000  -37.5000 2615.0105   20.5828
    7.5000  -37.5000  -37.5000 2594.0190   20.7614
   -7.5000  -30.0000  -37.5000 2638.4717   19.9097
    0.0000  -30.0000  -37.5000 2636.6240   19.8442
    7.5000  -30.0000  -37.5000 2617.7117   19.9946
   -7.5000  -22.5000  -37.5000 2654.0706   19.4385
    0.0000  -22.5000  -37.5000 2648.1621   19.3859
    7.5000  -22.5000  -37.5000 2630.7888   19.5757
   -7.5000  -15.0000  -37.5000 2656.9722   19.2366
    0.0000  -15.0000  -37.5000 2658.2236   19.2131
    7.5000  -15.0000  -37.5000 2634.3025   19.3985
   -7.5000   -7.5000  -37.5000 2658.9773   19.2734
    0.0000   -7.5000  -37.5000 2660.8696   19.2733
    7.5000   -7.5000  -37.5000 2635.9729   19.5090
   -7.5000    0.0000  -37.5000 2655.1438   19.6062
    0.0000    0.0000  -37.5000 2664.6667   19.6374
    7.5000    0.0000  -37.5000 2632.8718   19.8840
   -7.5000    7.5000  -37.5000 2635.8025   20.3436
    0.0000    7.5000  -37.5000 2644.6970   20.3442
    7.5000    7.5000  -37.5000 2615.0747   20.5896
   -7.5000   15.0000  -37.5000 2592.3594   21.3314
    0.0000   15.0000  -37.5000 2602.4792   21.3507
    7.5000   15.0000  -37.5000 2576.0708   21.5711
   -7.5000   22.5000  -37.5000 2532.0903   22.5075
    0.0000   22.5000  -37.5000 2544.1594   22.5303
    7.5000   22.5000  -37.5000 2517.4619   22.7391
   -7.5000   30.0000  -37.5000 2452.6995   24.0773
    0.0000   30.0000  -37.5000 2465.9585   24.0798
    7.5000   30.0000  -37.5000 2439.8826   24.3187
   -7.5000   37.5000  -37.5000 2356.6162   26.1701
    0.0000   37.5000  -37.5000 2371.1580   26.1736
    7.5000   37.5000  -37.5000 2343.8948   26.3712
   -7.5000   45.0000  -37.5000 2232.6477   28.9051
    0.0000   45.0000  -37.5000 2251.5911   28.9406
    7.5000   45.0000  -37.5000 2226.6572   29.1355
   -7.5000  -45.0000  -30.0000 2677.4104   21.1527
    0.0000  -45.0000  -30.0000 2679.0200   21.0492
    7.5000  -45.0000  -30.0000 2662.9861   21.3864
   -7.5000  -37.5000  -30.0000 2719.2004   20.1038
    0.0000  -37.5000  -30.0000 2717.4958   19.9900
    7.5000  -37.5000  -30.0000 2704.5010   20.2874
   -7.5000  -30.0000  -30.0000 2745.3406   19.3149
    0.0000  -30.0000  -30.0000 2742.3108   19.2122
    7.5000  -30.0000  -30.0000 2728.5518   19.4522
   -7.5000  -22.5000  -30.0000 2766.9160   18.8664
    0.0000  -22.5000  -30.0000 2761.4324   18.7597
    7.5000  -22.5000  -30.0000 2740.7974   18.9497
   -7.5000  -15.0000  -30.0000 2768.6355   18.6172
    0.0000  -15.0000  -30.0000 2773.2603   18.5605
    7.5000  -15.0000  -30.0000 2743.2935   18.7668
   -7.5000   -7.5000  -30.0000 2768.0310   18.6180
    0.0000   -7.5000  -30.0000 2774.9883   18.6121
    7.5000   -7.5000  -30.0000 2755.9482   18.8946
   -7.5000    0.0000  -30.0000 2764.7905   18.9946
    0.0000    0.0000  -30.0000 2773.5176   18.9198
    7.5000    0.0000  -30.0000 2757.3218   19.2706
   -7.5000    7.5000  -30.0000 2752.5674   19.6890
    0.0000    7.5000  -30.0000 2758.4165   19.6141
    7.5000    7.5000  -30.0000 2740.2222   19.9595
   -7.5000   15.0000  -30.0000 2708.3228   20.6432
    0.0000   15.0000  -30.0000 2719.8020   20.5794
    7.5000   15.0000  -30.0000 2699.7261   20.8644
   -7.5000   22.5000  -30.0000 2648.7102   21.8118
    0.0000   22.5000  -30.0000 2659.8171   21.7463
    7.5000   22.5000  -30.0000 2643.1560   22.0386
   -7.5000   30.0000  -30.0000 2562.1394   23.3992
    0.0000   30.0000  -30.0000 2581.4614   23.3250
    7.5000   30.0000  -30.0000 2564.4075   23.6019
   -7.5000   37.5000  -30.0000 2466.6929   25.4514
    0.0000   37.5000  -30.0000 2485.8232   25.4215
    7.5000   37.5000  -30.0000 2467.3965   25.6575
   -7.5000   45.0000  -30.0000 2335.9558   28.1479
    0.0000   45.0000  -30.0000 2356.6511   28.1290
    7.5000   45.0000  -30.0000 2333.7007   28.3812
   -7.5000  -45.0000  -22.5000 2744.8210   20.6992
    0.0000  -45.0000  -22.5000 2750.8306   20.6478
    7.5000  -45.0000  -22.5000 2738.4653   20.9479
   -7.5000  -37.5000  -22.5000 2794.2690   19.6308
    0.0000  -37.5000  -22.5000 2790.1616   19.5399
    7.5000  -37.5000  -22.5000 2784.0552   19.8438
   -7.5000  -30.0000  -22.5000 2818.9968   18.7747
    0.0000  -30.0000  -22.5000 2820.6484   18.7248
    7.5000  -30.0000  -22.5000 2813.7183   19.0139
   -7.5000  -22.5000  -22.5000 2837.9524   18.2429
    0.0000  -22.5000  -22.5000 2840.5520   18.1699
    7.5000  -22.5000  -22.5000 2828.4856   18.4464
   -7.5000  -15.0000  -22.5000 2838.9490   17.9599
    0.0000  -15.0000  -22.5000 2847.5879   17.8943
    7.5000  -15.0000  -22.5000 2829.6414   18.1764
   -7.5000   -7.5000  -22.5000 2838.9651   17.9025
    0.0000   -7.5000  -22.5000 2846.0759   17.8553
    7.5000   -7.5000  -22.5000 2841.2327   18.2407
   -7.5000    0.0000  -22.5000 2838.8306   18.3232
    0.0000    0.0000  -22.5000 2849.8250   18.2143
    7.5000    0.0000  -22.5000 2842.2732   18.6045
   -7.5000    7.5000  -22.5000 2825.2590   19.0199
    0.0000    7.5000  -22.5000 2839.7673   18.9335
    7.5000    7.5000  -22.5000 2830.7742   19.2962
   -7.5000   15.0000  -22.5000 2789.0090   19.9733
    0.0000   15.0000  -22.5000 2796.7830   19.8550
    7.5000   15.0000  -22.5000 2790.2673   20.1981
   -7.5000   22.5000  -22.5000 2734.1033   21.1300
    0.0000   22.5000  -22.5000 2741.9104   21.0030
    7.5000   22.5000  -22.5000 2733.8564   21.3621
   -7.5000   30.0000  -22.5000 2653.5303   22.6939
    0.0000   30.0000  -22.5000 2665.6714   22.5863
    7.5000   30.0000  -22.5000 2654.5422   22.9046
   -7.5000   37.5000  -22.5000 2557.5959   24.7328
    0.0000   37.5000  -22.5000 2576.3799   24.6365
    7.5000   37.5000  -22.5000 2554.3481   24.9260
   -7.5000   45.0000  -22.5000 2420.6338   27.3506
    0.0000   45.0000  -22.5000 2441.4177   27.2963
    7.5000   45.0000  -22.5000 2423.9097   27.6315
   -7.5000  -45.0000  -15.0000 2770.7141   20.4471
    0.0000  -45.0000  -15.0000 2768.4714   20.3715
    7.5000  -45.0000  -15.0000 2762.4622   20.6659
   -7.5000  -37.5000  -15.0000 2819.2292   19.3599
    0.0000  -37.5000  -15.0000 2816.5344   19.2968
    7.5000  -37.5000  -15.0000 2812.5732   19.5709
   -7.5000  -30.0000  -15.0000 2850.0547   18.5256
    0.0000  -30.0000  -15.0000 2851.2666   18.4571
    7.5000  -30.0000  -15.0000 2850.7476   18.7615
   -7.5000  -22.5000  -15.0000 2866.3848   17.8956
    0.0000  -22.5000  -15.0000 2868.8884   17.8699
    7.5000  -22.5000  -15.0000 2870.8550   18.1904
   -7.5000  -15.0000  -15.0000 2874.7737   17.5832
    0.0000  -15.0000  -15.0000 2874.3081   17.5184
    7.5000  -15.0000  -15.0000 2869.3567   17.8599
   -7.5000   -7.5000  -15.0000 2866.7866   17.4052
    0.0000   -7.5000  -15.0000 2868.0010   17.3049
    7.5000   -7.5000  -15.0000 2878.5911   17.8179
   -7.5000    0.0000  -15.0000 2860.1687   17.7828
    0.0000    0.0000  -15.0000 2873.2397   17.6623
    7.5000    0.0000  -15.0000 2882.3867   18.1088
   -7.5000    7.5000  -15.0000 2852.6907   18.5066
    0.0000    7.5000  -15.0000 2871.3665   18.4251
    7.5000    7.5000  -15.0000 2880.3789   18.8268
   -7.5000   15.0000  -15.0000 2824.8738   19.4487
    0.0000   15.0000  -15.0000 2838.7012   19.3344
    7.5000   15.0000  -15.0000 2846.5625   19.7538
   -7.5000   22.5000  -15.0000 2775.1680   20.5928
    0.0000   22.5000  -15.0000 2784.8486   20.4463
    7.5000   22.5000  -15.0000 2795.4788   20.9053
   -7.5000   30.0000  -15.0000 2696.2427   22.1656
    0.0000   30.0000  -15.0000 2712.2544   22.0002
    7.5000   30.0000  -15.0000 2715.5129   22.4203
   -7.5000   37.5000  -15.0000 2601.1040   24.1559
    0.0000   37.5000  -15.0000 2622.5898   24.0516
    7.5000   37.5000  -15.0000 2613.0225   24.4723
   -7.5000   45.0000  -15.0000 2466.5613   26.6845
    0.0000   45.0000  -15.0000 2484.9109   26.6829
    7.5000   45.0000  -15.0000 2476.1038   27.0482
   -7.5000  -45.0000   -7.5000 2770.7107   20.4197
    0.0000  -45.0000   -7.5000 2761.9019   20.2954
    7.5000  -45.0000   -7.5000 2747.3213   20.5104
   -7.5000  -37.5000   -7.5000 2819.9636   19.3106
    0.0000  -37.5000   -7.5000 2813.6379   19.2478
    7.5000  -37.5000   -7.5000 2806.8972   19.4245
   -7.5000  -30.0000   -7.5000 2857.2737   18.5197
    0.0000  -30.0000   -7.5000 2856.6931   18.4546
    7.5000  -30.0000   -7.5000 2855.4482   18.6151
   -7.5000  -22.5000   -7.5000 2883.3579   17.9308
    0.0000  -22.5000   -7.5000 2894.5369   17.9421
    7.5000  -22.5000   -7.5000 2893.2041   18.0619
   -7.5000  -15.0000   -7.5000 2903.2314   17.6185
    0.0000  -15.0000   -7.5000 2916.7375   17.6232
    7.5000  -15.0000   -7.5000 2911.6450   17.8169
   -7.5000   -7.5000   -7.5000 2900.3572   17.3907
    0.0000   -7.5000   -7.5000 2910.1621   17.3205
    7.5000   -7.5000   -7.5000 2914.4514   17.7025
   -7.5000    0.0000   -7.5000 2883.5959   17.5451
    0.0000    0.0000   -7.5000 2899.9067   17.4237
    7.5000    0.0000   -7.5000 2902.3726   17.7645
   -7.5000    7.5000   -7.5000 2869.4302   18.2336
    0.0000    7.5000   -7.5000 2884.7903   18.0851
    7.5000    7.5000   -7.5000 2889.7495   18.3649
   -7.5000   15.0000   -7.5000 2853.7007   19.2059
    0.0000   15.0000   -7.5000 2852.1279   18.9765
    7.5000   15.0000   -7.5000 2857.6895   19.3084
   -7.5000   22.5000   -7.5000 2810.9050   20.4092
    0.0000   22.5000   -7.5000 2805.8943   20.1078
    7.5000   22.5000   -7.5000 2808.5032   20.4622
   -7.5000   30.0000   -7.5000 2731.1331   21.9300
    0.0000   30.0000   -7.5000 2732.7385   21.6765
    7.5000   30.0000   -7.5000 2730.7905   22.0131
   -7.5000   37.5000   -7.5000 2631.6941   23.9254
    0.0000   37.5000   -7.5000 2645.3618   23.7442
    7.5000   37.5000   -7.5000 2633.4275   24.0136
   -7.5000   45.0000   -7.5000 2494.8650   26.4686
    0.0000   45.0000   -7.5000 2509.8540   26.3521
    7.5000   45.0000   -7.5000 2497.2109   26.5817
   -7.5000  -45.0000    0.0000 2738.9172   20.5535
    0.0000  -45.0000    0.0000 2746.8660   20.5513
    7.5000  -45.0000    0.0000 2727.9155   20.6354
   -7.5000  -37.5000    0.0000 2789.6350   19.4213
    0.0000  -37.5000    0.0000 2806.5723   19.4992
    7.5000  -37.5000    0.0000 2787.0205   19.5040
   -7.5000  -30.0000    0.0000 2839.3489   18.6659
    0.0000  -30.0000    0.0000 2861.0203   18.7774
    7.5000  -30.0000    0.0000 2839.7554   18.6988
   -7.5000  -22.5000    0.0000 2886.2603   18.1751
    0.0000  -22.5000    0.0000 2919.8018   18.3450
    7.5000  -22.5000    0.0000 2882.4307   18.1063
   -7.5000  -15.0000    0.0000 2923.7292   17.9386
    0.0000  -15.0000    0.0000 2963.1965   18.1172
    7.5000  -15.0000    0.0000 2904.5439   17.7901
   -7.5000   -7.5000    0.0000 2934.3191   17.7292
    0.0000   -7.5000    0.0000 2963.6670   17.7535
    7.5000   -7.5000    0.0000 2911.6567   17.6357
   -7.5000    0.0000    0.0000 2905.3118   17.6866
    0.0000    0.0000    0.0000 2930.0706   17.5761
    7.5000    0.0000    0.0000 2894.3428   17.6581
   -7.5000    7.5000    0.0000 2876.4878   18.1363
    0.0000    7.5000    0.0000 2890.2151   17.9049
    7.5000    7.5000    0.0000 2875.1392   18.0993
   -7.5000   15.0000    0.0000 2846.0254   19.0478
    0.0000   15.0000    0.0000 2849.8169   18.8020
    7.5000   15.0000    0.0000 2842.4695   19.0291
   -7.5000   22.5000    0.0000 2807.7563   20.3109
    0.0000   22.5000    0.0000 2805.3848   20.0833
    7.5000   22.5000    0.0000 2800.1877   20.3161
   -7.5000   30.0000    0.0000 2737.8076   21.8748
    0.0000   30.0000    0.0000 2740.5908   21.6962
    7.5000   30.0000    0.0000 2725.8748   21.8936
   -7.5000   37.5000    0.0000 2642.6667   23.9166
    0.0000   37.5000    0.0000 2652.7649   23.7994
    7.5000   37.5000    0.0000 2632.4014   23.9433
   -7.5000   45.0000    0.0000 2505.0776   26.5086
    0.0000   45.0000    0.0000 2525.9771   26.4544
    7.5000   45.0000    0.0000 2495.2698   26.5089
   -7.5000  -45.0000    7.5000 2713.6602   21.1014
    0.0000  -45.0000    7.5000 2722.3018   21.1057
    7.5000  -45.0000    7.5000 2700.2754   21.0477
   -7.5000  -37.5000    7.5000 2777.5583   19.9500
    0.0000  -37.5000    7.5000 2796.0959   20.0533
    7.5000  -37.5000    7.5000 2761.7983   19.8711
   -7.5000  -30.0000    7.5000 2838.3215   19.1226
    0.0000  -30.0000    7.5000 2862.3315   19.3049
    7.5000  -30.0000    7.5000 2817.4470   18.9931
   -7.5000  -22.5000    7.5000 2887.8022   18.5173
    0.0000  -22.5000    7.5000 2927.4358   18.7446
    7.5000  -22.5000    7.5000 2862.8923   18.3480
   -7.5000  -15.0000    7.5000 2921.2036   18.1461
    0.0000  -15.0000    7.5000 2966.7285   18.3622
    7.5000  -15.0000    7.5000 2885.1389   17.9517
   -7.5000   -7.5000    7.5000 2927.1621   17.8690
    0.0000   -7.5000    7.5000 2951.7366   17.8251
    7.5000   -7.5000    7.5000 2889.2861   17.7032
   -7.5000    0.0000    7.5000 2905.1550   17.8719
    0.0000    0.0000    7.5000 2918.9373   17.6965
    7.5000    0.0000    7.5000 2876.5964   17.7277
   -7.5000    7.5000    7.5000 2881.4932   18.3786
    0.0000    7.5000    7.5000 2900.9690   18.2240
    7.5000    7.5000    7.5000 2870.8027   18.3040
   -7.5000   15.0000    7.5000 2845.8228   19.3025
    0.0000   15.0000    7.5000 2863.6406   19.1845
    7.5000   15.0000    7.5000 2843.6055   19.2725
   -7.5000   22.5000    7.5000 2798.9521   20.5685
    0.0000   22.5000    7.5000 2801.0591   20.4280
    7.5000   22.5000    7.5000 2790.3267   20.5733
   -7.5000   30.0000    7.5000 2723.7927   22.1539
    0.0000   30.0000    7.5000 2730.8093   21.9762
    7.5000   30.0000    7.5000 2719.1768   22.1657
   -7.5000   37.5000    7.5000 2626.0923   24.1882
    0.0000   37.5000    7.5000 2636.8484   24.0540
    7.5000   37.5000    7.5000 2623.1785   24.2273
   -7.5000   45.0000    7.5000 2488.0078   26.7124
    0.0000   45.0000    7.5000 2509.2876   26.7178
    7.5000   45.0000    7.5000 2489.4265   26.8039
   -7.5000  -45.0000   15.0000 2683.1855   21.7754
    0.0000  -45.0000   15.0000 2679.1746   21.7554
    7.5000  -45.0000   15.0000 2656.6890   21.6901
   -7.5000  -37.5000   15.0000 2746.1348   20.4581
    0.0000  -37.5000   15.0000 2745.1091   20.5324
    7.5000  -37.5000   15.0000 2721.4221   20.3893
   -7.5000  -30.0000   15.0000 2807.2122   19.4618
    0.0000  -30.0000   15.0000 2811.0974   19.5768
    7.5000  -30.0000   15.0000 2776.7957   19.3534
   -7.5000  -22.5000   15.0000 2851.1951   18.7404
    0.0000  -22.5000   15.0000 2870.7905   18.8783
    7.5000  -22.5000   15.0000 2825.0054   18.6402
   -7.5000  -15.0000   15.0000 2879.7258   18.3077
    0.0000  -15.0000   15.0000 2904.5215   18.3410
    7.5000  -15.0000   15.0000 2846.4829   18.2199
   -7.5000   -7.5000   15.0000 2898.5701   18.0162
    0.0000   -7.5000   15.0000 2898.9561   17.8147
    7.5000   -7.5000   15.0000 2860.3713   17.9173
   -7.5000    0.0000   15.0000 2893.1843   18.1109
    0.0000    0.0000   15.0000 2913.7129   17.9540
    7.5000    0.0000   15.0000 2870.9138   18.0103
   -7.5000    7.5000   15.0000 2880.4272   18.7072
    0.0000    7.5000   15.0000 2905.5618   18.6017
    7.5000    7.5000   15.0000 2872.8071   18.6787
   -7.5000   15.0000   15.0000 2846.9114   19.7344
    0.0000   15.0000   15.0000 2864.7007   19.6132
    7.5000   15.0000   15.0000 2846.1748   19.7257
   -7.5000   22.5000   15.0000 2789.1245   21.1574
    0.0000   22.5000   15.0000 2801.2476   21.0401
    7.5000   22.5000   15.0000 2784.8250   21.1441
   -7.5000   30.0000   15.0000 2703.7273   22.7790
    0.0000   30.0000   15.0000 2716.7769   22.6473
    7.5000   30.0000   15.0000 2700.3813   22.7954
   -7.5000   37.5000   15.0000 2592.4866   24.7623
    0.0000   37.5000   15.0000 2610.8630   24.6842
    7.5000   37.5000   15.0000 2597.1628   24.8356
   -7.5000   45.0000   15.0000 2455.2310   27.2277
    0.0000   45.0000   15.0000 2475.7312   27.2223
    7.5000   45.0000   15.0000 2451.9775   27.3357
   -7.5000  -45.0000   22.5000 2636.4392   22.4663
    0.0000  -45.0000   22.5000 2614.9277   22.2652
    7.5000  -45.0000   22.5000 2610.2551   22.4393
   -7.5000  -37.5000   22.5000 2699.3789   20.9908
    0.0000  -37.5000   22.5000 2675.0813   20.8629
    7.5000  -37.5000   22.5000 2674.2310   21.0016
   -7.5000  -30.0000   22.5000 2763.6772   19.8669
    0.0000  -30.0000   22.5000 2746.8594   19.8410
    7.5000  -30.0000   22.5000 2737.1340   19.9272
   -7.5000  -22.5000   22.5000 2815.9087   19.1359
    0.0000  -22.5000   22.5000 2817.6655   19.1441
    7.5000  -22.5000   22.5000 2793.6465   19.1801
   -7.5000  -15.0000   22.5000 2840.7971   18.6692
    0.0000  -15.0000   22.5000 2846.6331   18.5239
    7.5000  -15.0000   22.5000 2812.8740   18.6543
   -7.5000   -7.5000   22.5000 2859.4395   18.4424
    0.0000   -7.5000   22.5000 2857.4880   18.2089
    7.5000   -7.5000   22.5000 2825.0374   18.4045
   -7.5000    0.0000   22.5000 2861.5183   18.6552
    0.0000    0.0000   22.5000 2885.5798   18.5222
    7.5000    0.0000   22.5000 2845.7910   18.6363
   -7.5000    7.5000   22.5000 2861.8545   19.3119
    0.0000    7.5000   22.5000 2884.6179   19.1998
    7.5000    7.5000   22.5000 2851.8684   19.2905
   -7.5000   15.0000   22.5000 2832.8523   20.3500
    0.0000   15.0000   22.5000 2849.5063   20.2014
    7.5000   15.0000   22.5000 2827.2649   20.3255
   -7.5000   22.5000   22.5000 2767.3999   21.7346
    0.0000   22.5000   22.5000 2786.8296   21.5841
    7.5000   22.5000   22.5000 2767.2822   21.7411
   -7.5000   30.0000   22.5000 2678.5583   23.5194
    0.0000   30.0000   22.5000 2693.0537   23.3646
    7.5000   30.0000   22.5000 2676.9868   23.4664
   -7.5000   37.5000   22.5000 2561.8105   25.6091
    0.0000   37.5000   22.5000 2577.2119   25.4453
    7.5000   37.5000   22.5000 2562.6052   25.5842
   -7.5000   45.0000   22.5000 2410.3445   28.0962
    0.0000   45.0000   22.5000 2429.0649   28.0289
    7.5000   45.0000   22.5000 2410.5415   28.1538
   -7.5000  -45.0000   30.0000 2572.5491   23.4085
    0.0000  -45.0000   30.0000 2538.6814   22.9849
    7.5000  -45.0000   30.0000 2551.7847   23.3667
   -7.5000  -37.5000   30.0000 2641.8745   21.8179
    0.0000  -37.5000   30.0000 2615.9165   21.4992
    7.5000  -37.5000   30.0000 2625.9636   21.8008
   -7.5000  -30.0000   30.0000 2711.2920   20.5766
    0.0000  -30.0000   30.0000 2690.5867   20.4062
    7.5000  -30.0000   30.0000 2694.4526   20.6309
   -7.5000  -22.5000   30.0000 2766.5913   19.7438
    0.0000  -22.5000   30.0000 2754.1123   19.5573
    7.5000  -22.5000   30.0000 2749.1230   19.8032
   -7.5000  -15.0000   30.0000 2792.4636   19.2395
    0.0000  -15.0000   30.0000 2783.6594   18.9862
    7.5000  -15.0000   30.0000 2772.4072   19.2949
   -7.5000   -7.5000   30.0000 2807.3687   19.1092
    0.0000   -7.5000   30.0000 2805.9917   18.9056
    7.5000   -7.5000   30.0000 2789.7683   19.1702
   -7.5000    0.0000   30.0000 2814.8086   19.4204
    0.0000    0.0000   30.0000 2831.2952   19.2807
    7.5000    0.0000   30.0000 2806.5071   19.4523
   -7.5000    7.5000   30.0000 2814.0017   20.0712
    0.0000    7.5000   30.0000 2831.5928   19.9466
    7.5000    7.5000   30.0000 2806.1670   20.0609
   -7.5000   15.0000   30.0000 2789.5461   21.1335
    0.0000   15.0000   30.0000 2806.5779   20.9504
    7.5000   15.0000   30.0000 2777.0198   21.0652
   -7.5000   22.5000   30.0000 2731.7825   22.5453
    0.0000   22.5000   30.0000 2751.2720   22.3574
    7.5000   22.5000   30.0000 2727.3582   22.5072
   -7.5000   30.0000   30.0000 2636.3730   24.3128
    0.0000   30.0000   30.0000 2657.3389   24.1773
    7.5000   30.0000   30.0000 2638.0461   24.3082
   -7.5000   37.5000   30.0000 2511.8237   26.5230
    0.0000   37.5000   30.0000 2529.6670   26.3912
    7.5000   37.5000   30.0000 2515.0381   26.5023
   -7.5000   45.0000   30.0000 2361.4055   29.1901
    0.0000   45.0000   30.0000 2384.6912   29.0958
    7.5000   45.0000   30.0000 2369.7517   29.2248
   -7.5000  -45.0000   37.5000 2519.1011   24.5559
    0.0000  -45.0000   37.5000 2487.8184   24.0354
    7.5000  -45.0000   37.5000 2503.6028   24.4419
   -7.5000  -37.5000   37.5000 2591.5857   22.8619
    0.0000  -37.5000   37.5000 2567.4897   22.4711
    7.5000  -37.5000   37.5000 2581.5161   22.8044
   -7.5000  -30.0000   37.5000 2653.1924   21.5328
    0.0000  -30.0000   37.5000 2633.7952   21.2198
    7.5000  -30.0000   37.5000 2641.7131   21.5532
   -7.5000  -22.5000   37.5000 2708.9963   20.6631
    0.0000  -22.5000   37.5000 2695.8767   20.3423
    7.5000  -22.5000   37.5000 2690.5847   20.6831
   -7.5000  -15.0000   37.5000 2732.7781   20.1403
    0.0000  -15.0000   37.5000 2731.2778   19.8888
    7.5000  -15.0000   37.5000 2721.5293   20.2150
   -7.5000   -7.5000   37.5000 2753.0425   20.1272
    0.0000   -7.5000   37.5000 2758.2434   19.9009
    7.5000   -7.5000   37.5000 2746.6079   20.1727
   -7.5000    0.0000   37.5000 2759.7104   20.4372
    0.0000    0.0000   37.5000 2774.1719   20.2545
    7.5000    0.0000   37.5000 2758.2188   20.4556
   -7.5000    7.5000   37.5000 2754.0720   21.1031
    0.0000    7.5000   37.5000 2775.1550   20.9486
    7.5000    7.5000   37.5000 2751.7283   21.1106
   -7.5000   15.0000   37.5000 2730.0803   22.0506
    0.0000   15.0000   37.5000 2752.5933   21.8757
    7.5000   15.0000   37.5000 2723.5481   22.0465
   -7.5000   22.5000   37.5000 2673.8516   23.4489
    0.0000   22.5000   37.5000 2695.5918   23.2706
    7.5000   22.5000   37.5000 2674.3379   23.4376
   -7.5000   30.0000   37.5000 2582.6152   25.2435
    0.0000   30.0000   37.5000 2599.5437   25.1550
    7.5000   30.0000   37.5000 2580.1729   25.2625
   -7.5000   37.5000   37.5000 2459.6870   27.5246
    0.0000   37.5000   37.5000 2478.7297   27.4526
    7.5000   37.5000   37.5000 2456.7764   27.5175
   -7.5000   45.0000   37.5000 2314.8479   30.3398
    0.0000   45.0000   37.5000 2337.7498   30.3153
    7.5000   45.0000   37.5000 2318.8889   30.3795
   -7.5000  -45.0000   45.0000 2462.1084   25.8651
    0.0000  -45.0000   45.0000 2440.1814   25.3094
    7.5000  -45.0000   45.0000 2444.3713   25.6643
   -7.5000  -37.5000   45.0000 2532.2083   24.1057
    0.0000  -37.5000   45.0000 2518.1763   23.6635
    7.5000  -37.5000   45.0000 2522.6860   23.9784
   -7.5000  -30.0000   45.0000 2585.3940   22.7164
    0.0000  -30.0000   45.0000 2579.7673   22.3694
    7.5000  -30.0000   45.0000 2578.5732   22.6785
   -7.5000  -22.5000   45.0000 2632.1096   21.8026
    0.0000  -22.5000   45.0000 2631.8669   21.4721
    7.5000  -22.5000   45.0000 2618.8140   21.7994
   -7.5000  -15.0000   45.0000 2656.5896   21.3399
    0.0000  -15.0000   45.0000 2660.0708   21.1039
    7.5000  -15.0000   45.0000 2648.1277   21.3569
   -7.5000   -7.5000   45.0000 2682.7622   21.4254
    0.0000   -7.5000   45.0000 2689.9458   21.1774
    7.5000   -7.5000   45.0000 2675.8882   21.3567
   -7.5000    0.0000   45.0000 2685.7515   21.7662
    0.0000    0.0000   45.0000 2697.9272   21.5329
    7.5000    0.0000   45.0000 2681.5178   21.6861
   -7.5000    7.5000   45.0000 2675.7517   22.4509
    0.0000    7.5000   45.0000 2694.5608   22.2835
    7.5000    7.5000   45.0000 2670.9138   22.3927
   -7.5000   15.0000   45.0000 2645.2720   23.3741
    0.0000   15.0000   45.0000 2669.4568   23.1766
    7.5000   15.0000   45.0000 2644.9951   23.3386
   -7.5000   22.5000   45.0000 2595.4106   24.6855
    0.0000   22.5000   45.0000 2619.4736   24.4319
    7.5000   22.5000   45.0000 2599.8372   24.5934
   -7.5000   30.0000   45.0000 2503.7937   26.5003
    0.0000   30.0000   45.0000 2524.8481   26.3448
    7.5000   30.0000   45.0000 2505.2920   26.4278
   -7.5000   37.5000   45.0000 2386.8591   28.8954
    0.0000   37.5000   45.0000 2404.1426   28.7446
    7.5000   37.5000   45.0000 2387.5884   28.8085
   -7.5000   45.0000   45.0000 2260.4263   31.9025
    0.0000   45.0000   45.0000 2280.1545   31.7695
    7.5000   45.0000   45.0000 2265.4460   31.8323

---------------------------------------------------------------------
imgreg_4dfp /usr/local/freesurfer/average/711-2C_as_mni_average_305 /usr/local/freesurfer/average/711-2B_as_mni_average_305_mask talsrcimg_g11 none talsrcimg_to_711-2C_as_mni_average_305_t4 1283
---------------------------------------------------------------------

freesurfer imgreg_4dfp.c
/usr/local/freesurfer/average/711-2C_as_mni_average_305.4dfp.img
       256       256       256         1
  1.000000  1.000000  1.000000
orientation T byte_order littleendian
Reading image: /usr/local/freesurfer/average/711-2C_as_mni_average_305.4dfp.img
dimensions:      256       256       256
mmppix:       1.0000   -1.0000   -1.0000
center:     128.0000 -129.0000 -129.0000
/usr/local/freesurfer/average/711-2B_as_mni_average_305_mask.4dfp.img
       256       256       256         1
  1.000000  1.000000  1.000000
orientation T byte_order littleendian
Reading mask: /usr/local/freesurfer/average/711-2B_as_mni_average_305_mask.4dfp.img (2306576 pixels)
talsrcimg_g11.4dfp.img
       256       256       256         1
  1.000000  1.000000  1.000000
orientation T byte_order littleendian
Reading image: talsrcimg_g11.4dfp.img
dimensions:      256       256       256
mmppix:       1.0000   -1.0000   -1.0000
center:     128.0000 -129.0000 -129.0000
rotation matrix determinant  1.000000
fimgreg.f
image alignment mode   1283 decimal      503 hex
parameters
    0.0000  -15.0000    7.5000    0.0000    0.0000    0.0000
eta,q 0.92745 18.48418
niter,ni,del,rscale     5    3   12.0000    1.2000
parameter  2-18.747063 -> -0.500000 qaram    1.1500
parameter  3  0.708476 ->  0.500000 qaram    1.1500
parameter  4  1.632523 ->  0.500000 qaram    1.1500
parameters
   -1.1584  -11.5500    4.0500   -3.4500   -1.7447   -0.4621
eta,q 0.93989 18.18173
  0.0847  0.0800  0.0657  0.0617  0.0649  0.0645
  0.0782  0.0797  0.0656  0.0606  0.0621  0.0621
  0.0751  0.0785  0.0662  0.0616  0.0600  0.0608
  0.0754  0.0745  0.0685  0.0659  0.0605  0.0599
  0.0801  0.0708  0.0725  0.0713  0.0639  0.0598
  0.0862  0.0684  0.0776  0.0752  0.0699  0.0626
  0.0943  0.0695  0.0845  0.0757  0.0775  0.0675
niter,ni,del,rscale     7    3   12.0000    1.2000
parameters
   -1.2832  -10.6014    3.0787   -6.8311   -2.3623   -1.6098
eta,q 0.94206 18.11384
  0.0796  0.0753  0.0702  0.0585  0.0671  0.0589
  0.0715  0.0710  0.0624  0.0583  0.0628  0.0581
  0.0627  0.0642  0.0581  0.0578  0.0592  0.0580
  0.0601  0.0601  0.0595  0.0581  0.0581  0.0580
  0.0637  0.0600  0.0639  0.0613  0.0602  0.0581
  0.0714  0.0652  0.0685  0.0666  0.0653  0.0589
  0.0820  0.0701  0.0763  0.0717  0.0724  0.0606
niter,ni,del,rscale     6    3   12.0000    1.2000
parameter  4  0.643861 ->  0.500000 qaram    1.3225
parameters
   -1.1078   -9.3831    2.2941  -10.7986   -3.1942   -0.0898
eta,q 0.94506 18.22340
  0.0814  0.0739  0.0709  0.0550  0.0609  0.0597
  0.0719  0.0646  0.0629  0.0543  0.0560  0.0577
  0.0623  0.0589  0.0578  0.0551  0.0544  0.0553
  0.0579  0.0580  0.0579  0.0572  0.0542  0.0542
  0.0612  0.0577  0.0628  0.0574  0.0556  0.0552
  0.0693  0.0597  0.0681  0.0606  0.0603  0.0555
  0.0795  0.0645  0.0769  0.0655  0.0657  0.0561
niter,ni,del,rscale     6    3   12.0000    1.2000
parameters
   -0.9471   -6.4685    0.9820  -14.4707   -3.1307   -0.7016
eta,q 0.95073 18.18954
  0.0759  0.0726  0.0675  0.0525  0.0605  0.0529
  0.0654  0.0677  0.0580  0.0492  0.0550  0.0501
  0.0570  0.0609  0.0514  0.0496  0.0517  0.0491
  0.0549  0.0551  0.0527  0.0508  0.0494  0.0493
  0.0573  0.0528  0.0607  0.0552  0.0495  0.0498
  0.0629  0.0537  0.0708  0.0610  0.0537  0.0516
  0.0742  0.0583  0.0800  0.0660  0.0613  0.0546
niter,ni,del,rscale     5    3   12.0000    1.2000
parameters
   -0.9215   -5.9882    0.0086  -15.5538   -3.1703   -0.6230
eta,q 0.95227 18.11313
  0.0733  0.0688  0.0653  0.0556  0.0587  0.0532
  0.0616  0.0599  0.0576  0.0511  0.0527  0.0499
  0.0519  0.0531  0.0502  0.0478  0.0495  0.0482
  0.0493  0.0493  0.0489  0.0484  0.0477  0.0478
  0.0531  0.0494  0.0549  0.0504  0.0481  0.0476
  0.0607  0.0553  0.0663  0.0550  0.0524  0.0495
  0.0729  0.0654  0.0765  0.0606  0.0598  0.0532
niter,ni,del,rscale     4    3   12.0000    1.2000
parameters
   -0.9226   -5.5168   -0.4054  -16.1914   -3.1119   -0.5581
eta,q 0.95322 18.04003
  0.0723  0.0683  0.0673  0.0564  0.0580  0.0529
  0.0594  0.0596  0.0599  0.0521  0.0523  0.0495
  0.0497  0.0530  0.0512  0.0477  0.0491  0.0475
  0.0477  0.0477  0.0471  0.0472  0.0468  0.0468
  0.0515  0.0476  0.0519  0.0502  0.0471  0.0467
  0.0596  0.0543  0.0619  0.0540  0.0514  0.0489
  0.0715  0.0655  0.0740  0.0594  0.0586  0.0531
niter,ni,del,rscale     3    3   12.0000    1.2000
parameters
   -0.9693   -5.2588   -0.6067  -16.5668   -3.0490   -0.5138
eta,q 0.95367 18.00453
  0.0719  0.0674  0.0684  0.0569  0.0576  0.0528
  0.0581  0.0595  0.0612  0.0527  0.0522  0.0492
  0.0484  0.0524  0.0518  0.0481  0.0489  0.0471
  0.0468  0.0467  0.0464  0.0465  0.0464  0.0463
  0.0509  0.0473  0.0511  0.0498  0.0467  0.0463
  0.0596  0.0554  0.0610  0.0537  0.0512  0.0487
  0.0712  0.0672  0.0728  0.0588  0.0582  0.0531
niter,ni,del,rscale     2    3   12.0000    1.2000
parameters
   -1.0129   -5.1032   -0.7038  -16.7940   -2.9992   -0.4772
eta,q 0.95392 17.98724
  0.0721  0.0671  0.0690  0.0571  0.0573  0.0527
  0.0578  0.0596  0.0619  0.0531  0.0522  0.0490
  0.0480  0.0520  0.0521  0.0483  0.0488  0.0469
  0.0463  0.0463  0.0461  0.0462  0.0461  0.0461
  0.0506  0.0473  0.0507  0.0494  0.0466  0.0461
  0.0597  0.0562  0.0608  0.0536  0.0513  0.0486
  0.0711  0.0680  0.0722  0.0584  0.0581  0.0530
niter,ni,del,rscale     1    3   12.0000    1.2000
parameters
   -1.0479   -5.0073   -0.7470  -16.9217   -2.9620   -0.4480
eta,q 0.95405 17.97934
  0.0723  0.0671  0.0694  0.0573  0.0572  0.0527
  0.0578  0.0596  0.0624  0.0534  0.0523  0.0489
  0.0478  0.0517  0.0523  0.0485  0.0488  0.0468
  0.0461  0.0461  0.0460  0.0460  0.0460  0.0460
  0.0504  0.0475  0.0505  0.0490  0.0465  0.0460
  0.0597  0.0568  0.0608  0.0535  0.0513  0.0485
  0.0710  0.0685  0.0719  0.0581  0.0581  0.0530
registration optimization eta report
parameter search radius
    6.0000    6.9000    6.9000    7.9350    6.0000    6.0000
100000*second partial in parameter space
       71.       44.       48.       17.       32.       20.
  0.0723  0.0671  0.0694  0.0573  0.0572  0.0527
  0.0578  0.0596  0.0624  0.0534  0.0523  0.0489
  0.0478  0.0517  0.0523  0.0485  0.0488  0.0468
  0.0461  0.0461  0.0460  0.0460  0.0460  0.0460
  0.0504  0.0475  0.0505  0.0490  0.0465  0.0460
  0.0597  0.0568  0.0608  0.0535  0.0513  0.0485
  0.0710  0.0685  0.0719  0.0581  0.0581  0.0530
   -1.0479   -5.0073   -0.7470  -16.9217   -2.9620   -0.4480
eta,q 0.95405 17.97934

---------------------------------------------------------------------
imgreg_4dfp /usr/local/freesurfer/average/711-2C_as_mni_average_305 /usr/local/freesurfer/average/711-2B_as_mni_average_305_mask talsrcimg_g11 none talsrcimg_to_711-2C_as_mni_average_305_t4 3335
---------------------------------------------------------------------

freesurfer imgreg_4dfp.c
/usr/local/freesurfer/average/711-2C_as_mni_average_305.4dfp.img
       256       256       256         1
  1.000000  1.000000  1.000000
orientation T byte_order littleendian
Reading image: /usr/local/freesurfer/average/711-2C_as_mni_average_305.4dfp.img
dimensions:      256       256       256
mmppix:       1.0000   -1.0000   -1.0000
center:     128.0000 -129.0000 -129.0000
/usr/local/freesurfer/average/711-2B_as_mni_average_305_mask.4dfp.img
       256       256       256         1
  1.000000  1.000000  1.000000
orientation T byte_order littleendian
Reading mask: /usr/local/freesurfer/average/711-2B_as_mni_average_305_mask.4dfp.img (2306576 pixels)
talsrcimg_g11.4dfp.img
       256       256       256         1
  1.000000  1.000000  1.000000
orientation T byte_order littleendian
Reading image: talsrcimg_g11.4dfp.img
dimensions:      256       256       256
mmppix:       1.0000   -1.0000   -1.0000
center:     128.0000 -129.0000 -129.0000
fimgreg.f
image alignment mode   3335 decimal      D07 hex
parameters
   -1.0479   -5.0073   -0.7470   -0.1366   -4.3208   -4.4575
   -0.7559    5.1711   -0.7809   29.0670   -5.1674  -29.0676
eta,q 0.95481 18.25564
niter,ni,del,rscale     5    3    5.0000    1.2000
parameter  4  2.035402 ->  0.500000 qaram    1.1500
parameter  5  1.117024 ->  0.500000 qaram    1.1500
parameter 12 -0.891303 -> -0.500000 qaram    1.1500
parameters
   -0.8295   -4.8750   -0.5872   -4.2766   -8.4608   -7.4845
    0.0109    5.6559    1.0166   26.8312   -3.6547  -24.9276
eta,q 0.97245 18.61115
  0.0520  0.0487  0.0492  0.0309  0.0285  0.0312  0.0349  0.0406  0.0331  0.0294  0.0316  0.0310
  0.0485  0.0469  0.0473  0.0324  0.0290  0.0298  0.0321  0.0348  0.0310  0.0286  0.0299  0.0297
  0.0462  0.0457  0.0459  0.0373  0.0306  0.0286  0.0299  0.0306  0.0295  0.0283  0.0288  0.0288
  0.0452  0.0452  0.0451  0.0451  0.0334  0.0293  0.0288  0.0288  0.0287  0.0285  0.0283  0.0282
  0.0456  0.0454  0.0453  0.0543  0.0375  0.0341  0.0291  0.0295  0.0285  0.0292  0.0283  0.0278
  0.0472  0.0464  0.0464  0.0628  0.0423  0.0411  0.0305  0.0325  0.0290  0.0307  0.0287  0.0275
  0.0499  0.0480  0.0484  0.0697  0.0470  0.0501  0.0329  0.0381  0.0302  0.0333  0.0296  0.0274
niter,ni,del,rscale     7    3    5.0000    1.2000
parameter  3  0.677064 ->  0.500000 qaram    1.1500
parameters
   -0.5913   -3.6950   -1.9672   -7.6069  -11.1109   -7.3469
   -0.1770    5.5254    1.4051   26.7951   -4.4588  -28.4114
eta,q 0.97518 18.57714
  0.0350  0.0332  0.0260  0.0283  0.0273  0.0298  0.0283  0.0321  0.0279  0.0274  0.0259  0.0253
  0.0313  0.0309  0.0258  0.0266  0.0260  0.0282  0.0266  0.0280  0.0265  0.0262  0.0253  0.0249
  0.0288  0.0289  0.0260  0.0251  0.0252  0.0268  0.0255  0.0258  0.0255  0.0254  0.0251  0.0248
  0.0276  0.0275  0.0266  0.0258  0.0253  0.0252  0.0251  0.0251  0.0251  0.0251  0.0251  0.0251
  0.0279  0.0267  0.0277  0.0308  0.0270  0.0242  0.0255  0.0257  0.0253  0.0252  0.0253  0.0255
  0.0296  0.0267  0.0292  0.0394  0.0307  0.0263  0.0267  0.0280  0.0260  0.0260  0.0257  0.0263
  0.0326  0.0277  0.0310  0.0491  0.0353  0.0313  0.0288  0.0329  0.0274  0.0276  0.0263  0.0271
niter,ni,del,rscale     7    3    5.0000    1.2000
parameters
   -0.5905   -2.9545   -2.3713   -8.5980  -11.9544   -7.7655
   -0.6061    5.7045    1.4430   27.4701   -3.9678  -29.8580
eta,q 0.97475 18.55308
  0.0292  0.0292  0.0262  0.0298  0.0287  0.0296  0.0281  0.0319  0.0278  0.0278  0.0264  0.0264
  0.0268  0.0273  0.0249  0.0280  0.0271  0.0280  0.0266  0.0279  0.0265  0.0265  0.0257  0.0255
  0.0253  0.0258  0.0244  0.0262  0.0257  0.0266  0.0257  0.0259  0.0257  0.0257  0.0254  0.0252
  0.0248  0.0248  0.0245  0.0244  0.0249  0.0251  0.0253  0.0253  0.0253  0.0253  0.0253  0.0253
  0.0253  0.0245  0.0250  0.0245  0.0253  0.0244  0.0258  0.0257  0.0256  0.0255  0.0254  0.0258
  0.0268  0.0248  0.0260  0.0286  0.0276  0.0275  0.0270  0.0274  0.0264  0.0260  0.0256  0.0264
  0.0293  0.0260  0.0274  0.0366  0.0319  0.0329  0.0290  0.0313  0.0278  0.0271  0.0260  0.0272
niter,ni,del,rscale     6    3    5.0000    1.2000
parameters
   -0.5258   -2.7993   -2.6527   -8.6545  -12.1448   -8.0740
   -0.6149    5.6779    1.4483   27.6957   -3.6827  -30.2262
eta,q 0.97456 18.55051
  0.0291  0.0283  0.0269  0.0307  0.0294  0.0299  0.0286  0.0317  0.0278  0.0277  0.0265  0.0270
  0.0270  0.0268  0.0257  0.0290  0.0277  0.0283  0.0270  0.0279  0.0266  0.0265  0.0258  0.0260
  0.0257  0.0257  0.0252  0.0271  0.0262  0.0268  0.0259  0.0260  0.0258  0.0257  0.0255  0.0255
  0.0253  0.0252  0.0252  0.0252  0.0252  0.0253  0.0255  0.0255  0.0255  0.0255  0.0255  0.0255
  0.0256  0.0254  0.0256  0.0242  0.0253  0.0245  0.0257  0.0259  0.0257  0.0257  0.0255  0.0258
  0.0267  0.0262  0.0264  0.0267  0.0270  0.0275  0.0268  0.0278  0.0265  0.0263  0.0258  0.0264
  0.0288  0.0277  0.0276  0.0335  0.0309  0.0328  0.0287  0.0320  0.0279  0.0274  0.0263  0.0271
niter,ni,del,rscale     5    3    5.0000    1.2000
parameters
   -0.5279   -2.7629   -2.7435   -8.6066  -12.1974   -8.1865
   -0.6023    5.6217    1.4413   27.7690   -3.5921  -30.3334
eta,q 0.97451 18.55215
  0.0290  0.0282  0.0273  0.0309  0.0297  0.0301  0.0286  0.0318  0.0279  0.0276  0.0265  0.0272
  0.0270  0.0268  0.0261  0.0292  0.0279  0.0285  0.0270  0.0280  0.0266  0.0264  0.0258  0.0261
  0.0258  0.0258  0.0255  0.0274  0.0264  0.0270  0.0260  0.0260  0.0258  0.0257  0.0256  0.0255
  0.0254  0.0254  0.0254  0.0254  0.0254  0.0254  0.0255  0.0255  0.0255  0.0255  0.0255  0.0255
  0.0258  0.0257  0.0257  0.0244  0.0254  0.0244  0.0258  0.0259  0.0257  0.0257  0.0256  0.0258
  0.0270  0.0266  0.0264  0.0268  0.0270  0.0272  0.0269  0.0279  0.0266  0.0264  0.0259  0.0264
  0.0291  0.0281  0.0275  0.0333  0.0308  0.0323  0.0288  0.0322  0.0279  0.0275  0.0264  0.0271
niter,ni,del,rscale     4    3    5.0000    1.2000
parameters
   -0.5361   -2.7522   -2.7666   -8.5883  -12.2138   -8.2184
   -0.6070    5.5977    1.4484   27.7857   -3.5711  -30.3689
eta,q 0.97450 18.55270
  0.0291  0.0281  0.0274  0.0310  0.0297  0.0302  0.0286  0.0319  0.0279  0.0276  0.0265  0.0273
  0.0271  0.0268  0.0262  0.0292  0.0280  0.0285  0.0270  0.0280  0.0266  0.0264  0.0258  0.0261
  0.0259  0.0259  0.0256  0.0274  0.0264  0.0270  0.0260  0.0261  0.0258  0.0257  0.0256  0.0256
  0.0255  0.0255  0.0255  0.0255  0.0255  0.0255  0.0255  0.0255  0.0255  0.0255  0.0255  0.0255
  0.0259  0.0257  0.0257  0.0245  0.0254  0.0244  0.0258  0.0259  0.0257  0.0258  0.0256  0.0258
  0.0271  0.0266  0.0263  0.0269  0.0270  0.0271  0.0269  0.0279  0.0266  0.0264  0.0259  0.0264
  0.0292  0.0282  0.0274  0.0334  0.0308  0.0321  0.0288  0.0321  0.0279  0.0276  0.0265  0.0271
registration optimization eta report
parameter search radius
    2.4000    2.4000    2.7600    8.2800    8.2800    7.2000
    7.2000    7.2000    7.2000    7.2000    7.2000    8.2800
100000*second partial in parameter space
       63.       46.       25.       10.        7.       11.
        6.       13.        5.        4.        2.        2.
  0.0291  0.0281  0.0274  0.0310  0.0297  0.0302  0.0286  0.0319  0.0279  0.0276  0.0265  0.0273
  0.0271  0.0268  0.0262  0.0292  0.0280  0.0285  0.0270  0.0280  0.0266  0.0264  0.0258  0.0261
  0.0259  0.0259  0.0256  0.0274  0.0264  0.0270  0.0260  0.0261  0.0258  0.0257  0.0256  0.0256
  0.0255  0.0255  0.0255  0.0255  0.0255  0.0255  0.0255  0.0255  0.0255  0.0255  0.0255  0.0255
  0.0259  0.0257  0.0257  0.0245  0.0254  0.0244  0.0258  0.0259  0.0257  0.0258  0.0256  0.0258
  0.0271  0.0266  0.0263  0.0269  0.0270  0.0271  0.0269  0.0279  0.0266  0.0264  0.0259  0.0264
  0.0292  0.0282  0.0274  0.0334  0.0308  0.0321  0.0288  0.0321  0.0279  0.0276  0.0265  0.0271
   -0.5361   -2.7522   -2.7666   -8.5883  -12.2138   -8.2184
   -0.6070    5.5977    1.4484   27.7857   -3.5711  -30.3689
eta,q 0.97450 18.55270

---------------------------------------------------------------------
imgreg_4dfp /usr/local/freesurfer/average/711-2C_as_mni_average_305 /usr/local/freesurfer/average/711-2B_as_mni_average_305_mask talsrcimg_g11 none talsrcimg_to_711-2C_as_mni_average_305_t4 2311
---------------------------------------------------------------------

freesurfer imgreg_4dfp.c
/usr/local/freesurfer/average/711-2C_as_mni_average_305.4dfp.img
       256       256       256         1
  1.000000  1.000000  1.000000
orientation T byte_order littleendian
Reading image: /usr/local/freesurfer/average/711-2C_as_mni_average_305.4dfp.img
dimensions:      256       256       256
mmppix:       1.0000   -1.0000   -1.0000
center:     128.0000 -129.0000 -129.0000
/usr/local/freesurfer/average/711-2B_as_mni_average_305_mask.4dfp.img
       256       256       256         1
  1.000000  1.000000  1.000000
orientation T byte_order littleendian
Reading mask: /usr/local/freesurfer/average/711-2B_as_mni_average_305_mask.4dfp.img (2306576 pixels)
talsrcimg_g11.4dfp.img
       256       256       256         1
  1.000000  1.000000  1.000000
orientation T byte_order littleendian
Reading image: talsrcimg_g11.4dfp.img
dimensions:      256       256       256
mmppix:       1.0000   -1.0000   -1.0000
center:     128.0000 -129.0000 -129.0000
fimgreg.f
image alignment mode   2311 decimal      907 hex
parameters
   -0.5361   -2.7522   -2.7666   -8.5883  -12.2138   -8.2184
   -0.6070    5.5977    1.4484   27.7857   -3.5711  -30.3689
eta,q 0.97450 18.55270
niter,ni,del,rscale     5    3    5.0000    0.8000
parameters
   -0.5287   -2.7110   -2.8733   -6.3384  -11.8242   -7.9414
   -0.7037    5.6678    1.3120   28.1977   -3.3762  -29.6531
eta,q 0.97569 18.63415
  0.0271  0.0268  0.0260  0.0288  0.0265  0.0275  0.0264  0.0290  0.0257  0.0256  0.0255  0.0253
  0.0262  0.0261  0.0257  0.0277  0.0256  0.0265  0.0253  0.0265  0.0249  0.0249  0.0248  0.0248
  0.0257  0.0257  0.0255  0.0266  0.0249  0.0255  0.0246  0.0249  0.0245  0.0245  0.0245  0.0245
  0.0255  0.0255  0.0255  0.0255  0.0245  0.0245  0.0243  0.0243  0.0243  0.0243  0.0243  0.0243
  0.0257  0.0256  0.0256  0.0247  0.0245  0.0239  0.0246  0.0248  0.0245  0.0244  0.0244  0.0244
  0.0262  0.0260  0.0258  0.0247  0.0250  0.0248  0.0254  0.0262  0.0250  0.0247  0.0248  0.0245
  0.0271  0.0267  0.0261  0.0259  0.0262  0.0280  0.0266  0.0288  0.0259  0.0252  0.0253  0.0248
niter,ni,del,rscale     4    3    5.0000    0.7000
parameters
   -0.5657   -2.8570   -2.6502   -6.7424  -11.4396   -7.1043
   -0.4864    5.6432    1.2682   27.9571   -3.4189  -29.2759
eta,q 0.97614 18.62953
  0.0262  0.0251  0.0252  0.0267  0.0259  0.0272  0.0256  0.0275  0.0249  0.0247  0.0247  0.0246
  0.0251  0.0247  0.0247  0.0257  0.0252  0.0263  0.0247  0.0255  0.0243  0.0242  0.0242  0.0242
  0.0245  0.0244  0.0244  0.0248  0.0247  0.0253  0.0241  0.0242  0.0240  0.0239  0.0239  0.0239
  0.0243  0.0243  0.0243  0.0243  0.0244  0.0243  0.0239  0.0239  0.0239  0.0239  0.0239  0.0239
  0.0246  0.0245  0.0243  0.0246  0.0244  0.0236  0.0240  0.0243  0.0240  0.0240  0.0240  0.0239
  0.0253  0.0249  0.0245  0.0260  0.0247  0.0241  0.0245  0.0255  0.0243  0.0243  0.0243  0.0241
  0.0264  0.0256  0.0247  0.0285  0.0256  0.0262  0.0253  0.0276  0.0250  0.0249  0.0247  0.0243
niter,ni,del,rscale     3    3    5.0000    0.6000
parameters
   -0.5889   -2.9228   -2.5235   -6.7669  -11.3066   -6.8335
   -0.4310    5.6487    1.2700   27.8718   -3.5257  -29.0865
eta,q 0.97628 18.62887
  0.0252  0.0245  0.0246  0.0260  0.0249  0.0263  0.0250  0.0264  0.0245  0.0244  0.0243  0.0242
  0.0244  0.0241  0.0242  0.0251  0.0244  0.0254  0.0243  0.0249  0.0241  0.0240  0.0240  0.0239
  0.0240  0.0239  0.0239  0.0243  0.0240  0.0246  0.0239  0.0240  0.0238  0.0238  0.0238  0.0238
  0.0239  0.0239  0.0239  0.0239  0.0239  0.0239  0.0237  0.0237  0.0237  0.0237  0.0237  0.0237
  0.0240  0.0240  0.0239  0.0239  0.0239  0.0235  0.0238  0.0240  0.0238  0.0238  0.0238  0.0238
  0.0245  0.0242  0.0240  0.0247  0.0242  0.0243  0.0242  0.0249  0.0241  0.0240  0.0240  0.0239
  0.0253  0.0247  0.0243  0.0265  0.0249  0.0262  0.0249  0.0264  0.0245  0.0245  0.0244  0.0241
niter,ni,del,rscale     2    3    5.0000    0.5000
parameters
   -0.6029   -2.9477   -2.4620   -6.6615  -11.2397   -6.5824
   -0.4342    5.6629    1.2734   27.8331   -3.5819  -28.8841
eta,q 0.97641 18.62923
  0.0247  0.0242  0.0242  0.0254  0.0244  0.0257  0.0245  0.0256  0.0242  0.0241  0.0241  0.0240
  0.0241  0.0239  0.0239  0.0247  0.0241  0.0250  0.0240  0.0245  0.0238  0.0238  0.0238  0.0238
  0.0238  0.0238  0.0238  0.0241  0.0238  0.0243  0.0237  0.0238  0.0236  0.0236  0.0236  0.0236
  0.0237  0.0237  0.0237  0.0237  0.0237  0.0237  0.0236  0.0236  0.0236  0.0236  0.0236  0.0236
  0.0238  0.0238  0.0238  0.0237  0.0237  0.0235  0.0237  0.0238  0.0236  0.0236  0.0237  0.0236
  0.0242  0.0240  0.0239  0.0243  0.0240  0.0241  0.0240  0.0245  0.0238  0.0238  0.0238  0.0237
  0.0248  0.0243  0.0241  0.0254  0.0244  0.0255  0.0245  0.0256  0.0242  0.0241  0.0241  0.0239
niter,ni,del,rscale     1    3    5.0000    0.4000
parameters
   -0.6108   -2.9682   -2.3878   -6.5672  -11.1974   -6.3403
   -0.4300    5.6653    1.2678   27.7498   -3.6245  -28.6883
eta,q 0.97651 18.62758
  0.0243  0.0239  0.0240  0.0248  0.0241  0.0251  0.0241  0.0249  0.0239  0.0238  0.0238  0.0238
  0.0239  0.0237  0.0238  0.0242  0.0238  0.0245  0.0238  0.0241  0.0237  0.0236  0.0236  0.0236
  0.0237  0.0236  0.0236  0.0238  0.0236  0.0240  0.0236  0.0236  0.0235  0.0235  0.0235  0.0235
  0.0236  0.0236  0.0236  0.0236  0.0236  0.0236  0.0235  0.0235  0.0235  0.0235  0.0235  0.0235
  0.0237  0.0236  0.0236  0.0236  0.0236  0.0235  0.0236  0.0237  0.0235  0.0235  0.0235  0.0235
  0.0239  0.0237  0.0237  0.0240  0.0237  0.0238  0.0237  0.0241  0.0237  0.0236  0.0237  0.0236
  0.0243  0.0240  0.0239  0.0247  0.0240  0.0248  0.0241  0.0249  0.0239  0.0238  0.0238  0.0237
registration optimization eta report
parameter search radius
    0.8000    0.8000    0.8000    2.4000    2.4000    2.4000
    2.4000    2.4000    2.4000    2.4000    2.4000    2.4000
100000*second partial in parameter space
      107.       55.       52.       20.        8.       24.
       10.       24.        6.        6.        6.        4.
  0.0243  0.0239  0.0240  0.0248  0.0241  0.0251  0.0241  0.0249  0.0239  0.0238  0.0238  0.0238
  0.0239  0.0237  0.0238  0.0242  0.0238  0.0245  0.0238  0.0241  0.0237  0.0236  0.0236  0.0236
  0.0237  0.0236  0.0236  0.0238  0.0236  0.0240  0.0236  0.0236  0.0235  0.0235  0.0235  0.0235
  0.0236  0.0236  0.0236  0.0236  0.0236  0.0236  0.0235  0.0235  0.0235  0.0235  0.0235  0.0235
  0.0237  0.0236  0.0236  0.0236  0.0236  0.0235  0.0236  0.0237  0.0235  0.0235  0.0235  0.0235
  0.0239  0.0237  0.0237  0.0240  0.0237  0.0238  0.0237  0.0241  0.0237  0.0236  0.0237  0.0236
  0.0243  0.0240  0.0239  0.0247  0.0240  0.0248  0.0241  0.0249  0.0239  0.0238  0.0238  0.0237
   -0.6108   -2.9682   -2.3878   -6.5672  -11.1974   -6.3403
   -0.4300    5.6653    1.2678   27.7498   -3.6245  -28.6883
eta,q 0.97651 18.62758

---------------------------------------------------------------------
imgreg_4dfp /usr/local/freesurfer/average/711-2C_as_mni_average_305 /usr/local/freesurfer/average/711-2B_as_mni_average_305_mask talsrcimg_g11 none talsrcimg_to_711-2C_as_mni_average_305_t4 2311
---------------------------------------------------------------------

freesurfer imgreg_4dfp.c
/usr/local/freesurfer/average/711-2C_as_mni_average_305.4dfp.img
       256       256       256         1
  1.000000  1.000000  1.000000
orientation T byte_order littleendian
Reading image: /usr/local/freesurfer/average/711-2C_as_mni_average_305.4dfp.img
dimensions:      256       256       256
mmppix:       1.0000   -1.0000   -1.0000
center:     128.0000 -129.0000 -129.0000
/usr/local/freesurfer/average/711-2B_as_mni_average_305_mask.4dfp.img
       256       256       256         1
  1.000000  1.000000  1.000000
orientation T byte_order littleendian
Reading mask: /usr/local/freesurfer/average/711-2B_as_mni_average_305_mask.4dfp.img (2306576 pixels)
talsrcimg_g11.4dfp.img
       256       256       256         1
  1.000000  1.000000  1.000000
orientation T byte_order littleendian
Reading image: talsrcimg_g11.4dfp.img
dimensions:      256       256       256
mmppix:       1.0000   -1.0000   -1.0000
center:     128.0000 -129.0000 -129.0000
fimgreg.f
image alignment mode   2311 decimal      907 hex
parameters
   -0.6108   -2.9682   -2.3878   -6.5672  -11.1974   -6.3403
   -0.4300    5.6653    1.2678   27.7498   -3.6245  -28.6883
eta,q 0.97651 18.62758
niter,ni,del,rscale     5    3    5.0000    0.8000
parameters
   -0.6124   -3.0208   -2.2277   -7.1976  -11.4062   -6.7915
   -0.3727    5.6475    1.3092   27.6231   -3.7867  -28.9135
eta,q 0.97614 18.61630
  0.0262  0.0248  0.0252  0.0264  0.0253  0.0268  0.0258  0.0280  0.0252  0.0250  0.0247  0.0245
  0.0247  0.0241  0.0243  0.0252  0.0245  0.0257  0.0248  0.0257  0.0245  0.0243  0.0242  0.0241
  0.0238  0.0236  0.0237  0.0241  0.0239  0.0246  0.0241  0.0243  0.0240  0.0240  0.0239  0.0239
  0.0235  0.0235  0.0235  0.0235  0.0236  0.0237  0.0239  0.0239  0.0239  0.0239  0.0239  0.0239
  0.0238  0.0237  0.0236  0.0240  0.0238  0.0239  0.0240  0.0243  0.0240  0.0240  0.0240  0.0240
  0.0247  0.0242  0.0240  0.0260  0.0245  0.0261  0.0247  0.0256  0.0244  0.0244  0.0243  0.0242
  0.0262  0.0251  0.0246  0.0295  0.0259  0.0293  0.0258  0.0281  0.0252  0.0252  0.0248  0.0246
niter,ni,del,rscale     4    3    5.0000    0.7000
parameters
   -0.5966   -2.9363   -2.4447   -7.0030  -11.3547   -6.8934
   -0.4708    5.7219    1.3295   27.8036   -3.7515  -29.1288
eta,q 0.97619 18.62452
  0.0257  0.0250  0.0244  0.0266  0.0252  0.0265  0.0253  0.0273  0.0249  0.0248  0.0246  0.0243
  0.0247  0.0244  0.0240  0.0256  0.0245  0.0256  0.0245  0.0254  0.0243  0.0243  0.0241  0.0240
  0.0241  0.0240  0.0238  0.0246  0.0240  0.0246  0.0240  0.0242  0.0239  0.0239  0.0239  0.0238
  0.0239  0.0239  0.0239  0.0238  0.0238  0.0238  0.0238  0.0238  0.0238  0.0238  0.0238  0.0238
  0.0241  0.0239  0.0241  0.0237  0.0238  0.0236  0.0240  0.0241  0.0239  0.0239  0.0239  0.0239
  0.0246  0.0242  0.0244  0.0246  0.0243  0.0251  0.0246  0.0252  0.0243  0.0241  0.0241  0.0241
  0.0256  0.0248  0.0249  0.0267  0.0253  0.0277  0.0255  0.0271  0.0249  0.0246  0.0245  0.0244
niter,ni,del,rscale     3    3    5.0000    0.6000
parameters
   -0.5905   -2.9327   -2.4803   -6.8214  -11.2948   -6.7844
   -0.4646    5.7309    1.2999   27.8586   -3.6795  -29.0583
eta,q 0.97630 18.62840
  0.0252  0.0246  0.0244  0.0260  0.0248  0.0261  0.0249  0.0264  0.0245  0.0244  0.0244  0.0242
  0.0244  0.0242  0.0240  0.0252  0.0243  0.0253  0.0243  0.0249  0.0241  0.0240  0.0240  0.0239
  0.0240  0.0239  0.0238  0.0244  0.0239  0.0245  0.0239  0.0240  0.0238  0.0238  0.0238  0.0237
  0.0238  0.0238  0.0238  0.0238  0.0238  0.0238  0.0237  0.0237  0.0237  0.0237  0.0237  0.0237
  0.0240  0.0239  0.0239  0.0238  0.0238  0.0235  0.0238  0.0240  0.0238  0.0238  0.0238  0.0238
  0.0244  0.0241  0.0241  0.0244  0.0241  0.0245  0.0242  0.0249  0.0241  0.0240  0.0240  0.0239
  0.0252  0.0246  0.0244  0.0260  0.0248  0.0265  0.0249  0.0264  0.0245  0.0244  0.0243  0.0241
niter,ni,del,rscale     2    3    5.0000    0.5000
parameters
   -0.5952   -2.9477   -2.4520   -6.6805  -11.2384   -6.5758
   -0.4370    5.7147    1.2776   27.8342   -3.6506  -28.8827
eta,q 0.97641 18.62919
  0.0247  0.0242  0.0242  0.0254  0.0244  0.0256  0.0245  0.0256  0.0241  0.0241  0.0241  0.0239
  0.0241  0.0239  0.0239  0.0247  0.0240  0.0249  0.0240  0.0245  0.0238  0.0238  0.0238  0.0238
  0.0238  0.0238  0.0238  0.0241  0.0238  0.0242  0.0237  0.0238  0.0236  0.0236  0.0236  0.0236
  0.0237  0.0237  0.0237  0.0237  0.0237  0.0237  0.0236  0.0236  0.0236  0.0236  0.0236  0.0236
  0.0238  0.0238  0.0238  0.0237  0.0237  0.0235  0.0237  0.0238  0.0236  0.0236  0.0236  0.0236
  0.0242  0.0239  0.0239  0.0242  0.0239  0.0241  0.0240  0.0245  0.0238  0.0238  0.0238  0.0237
  0.0247  0.0243  0.0241  0.0254  0.0244  0.0256  0.0245  0.0256  0.0242  0.0241  0.0241  0.0239
niter,ni,del,rscale     1    3    5.0000    0.4000
parameters
   -0.6054   -2.9676   -2.3835   -6.5736  -11.2041   -6.3356
   -0.4197    5.6921    1.2636   27.7515   -3.6589  -28.6876
eta,q 0.97651 18.62734
  0.0242  0.0239  0.0240  0.0248  0.0240  0.0251  0.0241  0.0249  0.0239  0.0238  0.0238  0.0238
  0.0239  0.0237  0.0238  0.0242  0.0238  0.0245  0.0238  0.0241  0.0237  0.0236  0.0236  0.0236
  0.0237  0.0236  0.0236  0.0238  0.0236  0.0240  0.0236  0.0236  0.0235  0.0235  0.0235  0.0235
  0.0236  0.0236  0.0236  0.0236  0.0236  0.0236  0.0235  0.0235  0.0235  0.0235  0.0235  0.0235
  0.0237  0.0236  0.0236  0.0236  0.0236  0.0235  0.0236  0.0237  0.0235  0.0235  0.0235  0.0235
  0.0239  0.0237  0.0237  0.0240  0.0237  0.0238  0.0237  0.0241  0.0237  0.0237  0.0237  0.0236
  0.0243  0.0240  0.0239  0.0247  0.0240  0.0248  0.0241  0.0249  0.0239  0.0238  0.0238  0.0237
registration optimization eta report
parameter search radius
    0.8000    0.8000    0.8000    2.4000    2.4000    2.4000
    2.4000    2.4000    2.4000    2.4000    2.4000    2.4000
100000*second partial in parameter space
      105.       55.       51.       20.        8.       24.
       10.       24.        7.        6.        6.        4.
  0.0242  0.0239  0.0240  0.0248  0.0240  0.0251  0.0241  0.0249  0.0239  0.0238  0.0238  0.0238
  0.0239  0.0237  0.0238  0.0242  0.0238  0.0245  0.0238  0.0241  0.0237  0.0236  0.0236  0.0236
  0.0237  0.0236  0.0236  0.0238  0.0236  0.0240  0.0236  0.0236  0.0235  0.0235  0.0235  0.0235
  0.0236  0.0236  0.0236  0.0236  0.0236  0.0236  0.0235  0.0235  0.0235  0.0235  0.0235  0.0235
  0.0237  0.0236  0.0236  0.0236  0.0236  0.0235  0.0236  0.0237  0.0235  0.0235  0.0235  0.0235
  0.0239  0.0237  0.0237  0.0240  0.0237  0.0238  0.0237  0.0241  0.0237  0.0237  0.0237  0.0236
  0.0243  0.0240  0.0239  0.0247  0.0240  0.0248  0.0241  0.0249  0.0239  0.0238  0.0238  0.0237
   -0.6054   -2.9676   -2.3835   -6.5736  -11.2041   -6.3356
   -0.4197    5.6921    1.2636   27.7515   -3.6589  -28.6876
eta,q 0.97651 18.62734

---------------------------------------------------------------------
compute_vox2vox talsrcimg talsrcimg_to_711-2C_as_mni_average_305_t4 /usr/local/freesurfer/average/711-2C_as_mni_average_305
---------------------------------------------------------------------

freesurfer compute_vox2vox.c
Reading: talsrcimg.4dfp.ifh
Reading: talsrcimg_to_711-2C_as_mni_average_305_t4
Reading: /usr/local/freesurfer/average/711-2C_as_mni_average_305.4dfp.ifh
Writing: talsrcimg_to_711-2C_as_mni_average_305_t4_vox2vox.txt

start time Fri May 30 00:36:37 UTC 2025
end		time Fri May 30 00:36:58 UTC 2025

mpr2mni305 success

avi2talxfm orig_nu.mgz /usr/local/freesurfer/average/mni305.cor.mgz talsrcimg_to_711-2C_as_mni_average_305_t4_vox2vox.txt transforms/talairach.auto.xfm
avi2talxfm done
mv -f /home/freesurfer/subjects/sub-006/mri/talsrcimg_to_711-2C_as_mni_average_305_t4_vox2vox.txt /home/freesurfer/subjects/sub-006/mri/transforms/talsrcimg_to_711-2C_as_mni_average_305_t4_vox2vox.txt
lta_convert --src orig_nu.mgz --trg /usr/local/freesurfer/average/mni305.cor.mgz --inxfm transforms/talairach.auto.xfm --outlta transforms/talairach.auto.xfm.lta --subject fsaverage
7.4.1

--src: orig_nu.mgz src image (geometry).
--trg: /usr/local/freesurfer/average/mni305.cor.mgz trg image (geometry).
--inmni: transforms/talairach.auto.xfm input MNI/XFM transform.
--outlta: transforms/talairach.auto.xfm.lta output LTA.
--s: fsaverage subject name
 LTA read, type : 1
 1.06818  -0.06061  -0.01453   5.49972;
 0.03383   0.97245   0.31433  -40.47237;
-0.02578  -0.30306   1.02815  -37.77464;
 0.00000   0.00000   0.00000   1.00000;
setting subject to fsaverage
Writing  LTA to file transforms/talairach.auto.xfm.lta...
lta_convert successful.
 
 
Started at Fri May 30 00:36:36 UTC 2025
Ended   at Fri May 30 00:36:58 UTC 2025
talairach_avi done
