Log file for defect2seg
Wed May 28 22:29:00 UTC 2025

setenv SUBJECTS_DIR /home/freesurfer/subjects
cd /home/freesurfer/subjects/sub-021/scripts
/usr/local/freesurfer/bin/defect2seg --s sub-021 --cortex

freesurfer-linux-centos8_x86_64-7.4.1-20230613-7eb8460
defect2seg 7.4.1
Linux 827de292ffbb 6.11.0-26-generic #26~24.04.1-Ubuntu SMP PREEMPT_DYNAMIC Thu Apr 17 19:20:47 UTC 2 x86_64 x86_64 x86_64 GNU/Linux
pid 1283
mri_label2label --label-cortex /home/freesurfer/subjects/sub-021/surf/lh.orig.nofix /home/freesurfer/subjects/sub-021/mri/aseg.presurf.mgz 0 /home/freesurfer/subjects/sub-021/label/lh.nofix.cortex.label

 Generating cortex label... RemoveHipAmgy=0
 NucAccIsMedialWall=0
 mris->useRealRAS=0
10 non-cortical segments detected
only using segment with 8108 vertices
erasing segment 1 (vno[0] = 88878)
erasing segment 2 (vno[0] = 109429)
erasing segment 3 (vno[0] = 109502)
erasing segment 4 (vno[0] = 110482)
erasing segment 5 (vno[0] = 111454)
erasing segment 6 (vno[0] = 111531)
erasing segment 7 (vno[0] = 112407)
erasing segment 8 (vno[0] = 115318)
erasing segment 9 (vno[0] = 132852)
mri_label2vol --defects /home/freesurfer/subjects/sub-021/surf/lh.orig.nofix /home/freesurfer/subjects/sub-021/surf/lh.defect_labels /home/freesurfer/subjects/sub-021/mri/orig.mgz 1000 0 /home/freesurfer/subjects/sub-021/mri/surface.defects.mgz /home/freesurfer/subjects/sub-021/label/lh.nofix.cortex.label
mri_label2vol supposed to be reproducible but seed not set
Contraining to label /home/freesurfer/subjects/sub-021/label/lh.nofix.cortex.label
Changing input type 0 to MRI_INT
Converting defects to volume: offset=1000, merge=0
Writing to /home/freesurfer/subjects/sub-021/mri/surface.defects.mgz
mris_defects_pointset -s /home/freesurfer/subjects/sub-021/surf/lh.orig.nofix -d /home/freesurfer/subjects/sub-021/surf/lh.defect_labels -o /home/freesurfer/subjects/sub-021/surf/lh.defects.pointset --label /home/freesurfer/subjects/sub-021/label/lh.nofix.cortex.label
Reading in surface /home/freesurfer/subjects/sub-021/surf/lh.orig.nofix
Reading in defect segmentation /home/freesurfer/subjects/sub-021/surf/lh.defect_labels
Reading in label /home/freesurfer/subjects/sub-021/label/lh.nofix.cortex.label
#VMPC# mris_defects_pointset 211000
mris_defects_pointset done
mri_label2label --label-cortex /home/freesurfer/subjects/sub-021/surf/rh.orig.nofix /home/freesurfer/subjects/sub-021/mri/aseg.presurf.mgz 0 /home/freesurfer/subjects/sub-021/label/rh.nofix.cortex.label

 Generating cortex label... RemoveHipAmgy=0
 NucAccIsMedialWall=0
 mris->useRealRAS=0
17 non-cortical segments detected
only using segment with 8004 vertices
erasing segment 0 (vno[0] = 51019)
erasing segment 1 (vno[0] = 52199)
erasing segment 2 (vno[0] = 53334)
erasing segment 4 (vno[0] = 71616)
erasing segment 5 (vno[0] = 98112)
erasing segment 6 (vno[0] = 102418)
erasing segment 7 (vno[0] = 105297)
erasing segment 8 (vno[0] = 108339)
erasing segment 9 (vno[0] = 110249)
erasing segment 10 (vno[0] = 110293)
erasing segment 11 (vno[0] = 110327)
erasing segment 12 (vno[0] = 112437)
erasing segment 13 (vno[0] = 114275)
erasing segment 14 (vno[0] = 114532)
erasing segment 15 (vno[0] = 129590)
erasing segment 16 (vno[0] = 131112)
mri_label2vol --defects /home/freesurfer/subjects/sub-021/surf/rh.orig.nofix /home/freesurfer/subjects/sub-021/surf/rh.defect_labels /home/freesurfer/subjects/sub-021/mri/surface.defects.mgz 2000 1 /home/freesurfer/subjects/sub-021/mri/surface.defects.mgz /home/freesurfer/subjects/sub-021/label/rh.nofix.cortex.label
mri_label2vol supposed to be reproducible but seed not set
Contraining to label /home/freesurfer/subjects/sub-021/label/rh.nofix.cortex.label
Converting defects to volume: offset=2000, merge=1
Writing to /home/freesurfer/subjects/sub-021/mri/surface.defects.mgz
mris_defects_pointset -s /home/freesurfer/subjects/sub-021/surf/rh.orig.nofix -d /home/freesurfer/subjects/sub-021/surf/rh.defect_labels -o /home/freesurfer/subjects/sub-021/surf/rh.defects.pointset --label /home/freesurfer/subjects/sub-021/label/rh.nofix.cortex.label
Reading in surface /home/freesurfer/subjects/sub-021/surf/rh.orig.nofix
Reading in defect segmentation /home/freesurfer/subjects/sub-021/surf/rh.defect_labels
Reading in label /home/freesurfer/subjects/sub-021/label/rh.nofix.cortex.label
#VMPC# mris_defects_pointset 210332
mris_defects_pointset done
 
Started at Wed May 28 22:29:00 UTC 2025 
Ended   at Wed May 28 22:30:00 UTC 2025
Defect2seg-Run-Time-Sec 60
Defect2seg-Run-Time-Min 1.20
Defect2seg-Run-Time-Hours 0.02
 
defect2seg Done
