status file for recon-all
Wed May 28 16:12:59 UTC 2025
#@# MotionCor Wed May 28 16:13:03 UTC 2025
#@# Talairach Wed May 28 16:13:14 UTC 2025
#@# Talairach Failure Detection Wed May 28 16:16:48 UTC 2025
#@# Nu Intensity Correction Wed May 28 16:16:48 UTC 2025
#@# Intensity Normalization Wed May 28 16:21:07 UTC 2025
#@# Skull Stripping Wed May 28 16:23:16 UTC 2025
#@# EM Registration Wed May 28 16:37:52 UTC 2025
#@# CA Normalize Wed May 28 16:55:44 UTC 2025
#@# CA Reg Wed May 28 16:57:16 UTC 2025
#@# SubCort Seg Wed May 28 21:01:24 UTC 2025
#@# CC Seg Wed May 28 22:00:41 UTC 2025
#@# Merge ASeg Wed May 28 22:01:59 UTC 2025
#@# Intensity Normalization2 Wed May 28 22:01:59 UTC 2025
#@# Mask BFS Wed May 28 22:06:45 UTC 2025
#@# WM Segmentation Wed May 28 22:06:48 UTC 2025
#@# Fill Wed May 28 22:11:05 UTC 2025
#@# Tessellate lh Wed May 28 22:13:16 UTC 2025
#@# Tessellate rh Wed May 28 22:13:23 UTC 2025
#@# Smooth1 lh Wed May 28 22:13:30 UTC 2025
#@# Smooth1 rh Wed May 28 22:13:35 UTC 2025
#@# Inflation1 lh Wed May 28 22:13:39 UTC 2025
#@# Inflation1 rh Wed May 28 22:14:07 UTC 2025
#@# QSphere lh Wed May 28 22:14:35 UTC 2025
#@# QSphere rh Wed May 28 22:17:23 UTC 2025
#@# Fix Topology lh Wed May 28 22:20:04 UTC 2025
#@# Fix Topology rh Wed May 28 22:24:47 UTC 2025
#@# Smooth2 lh Wed May 28 22:50:44 UTC 2025
#@# Smooth2 rh Wed May 28 22:50:49 UTC 2025
#@# Inflation2 lh Wed May 28 22:50:55 UTC 2025
#@# Inflation2 rh Wed May 28 22:51:40 UTC 2025
#@# Curv .H and .K lh Wed May 28 22:52:24 UTC 2025
#@# Curv .H and .K rh Wed May 28 22:53:34 UTC 2025
#@# Sphere lh Wed May 28 22:54:34 UTC 2025
#@# Sphere rh Wed May 28 23:31:54 UTC 2025
#@# Surf Reg lh Wed May 28 23:48:41 UTC 2025
#@# Surf Reg rh Thu May 29 00:14:09 UTC 2025
#@# Jacobian white lh Thu May 29 00:35:05 UTC 2025
#@# Jacobian white rh Thu May 29 00:35:07 UTC 2025
#@# AvgCurv lh Thu May 29 00:35:09 UTC 2025
#@# AvgCurv rh Thu May 29 00:35:11 UTC 2025
#@# Cortical Parc lh Thu May 29 00:35:12 UTC 2025
#@# Cortical Parc rh Thu May 29 00:35:33 UTC 2025
#@# white curv lh Thu May 29 00:59:40 UTC 2025
#@# white area lh Thu May 29 00:59:42 UTC 2025
#@# pial curv lh Thu May 29 00:59:43 UTC 2025
#@# pial area lh Thu May 29 00:59:46 UTC 2025
#@# thickness lh Thu May 29 00:59:47 UTC 2025
#@# area and vertex vol lh Thu May 29 01:00:22 UTC 2025
#@# white curv rh Thu May 29 01:00:24 UTC 2025
#@# white area rh Thu May 29 01:00:27 UTC 2025
#@# pial curv rh Thu May 29 01:00:28 UTC 2025
#@# pial area rh Thu May 29 01:00:30 UTC 2025
#@# thickness rh Thu May 29 01:00:31 UTC 2025
#@# area and vertex vol rh Thu May 29 01:01:06 UTC 2025
#@# Curvature Stats lh Thu May 29 01:01:08 UTC 2025
#@# Curvature Stats rh Thu May 29 01:01:12 UTC 2025
#@# Cortical ribbon mask Thu May 29 01:01:16 UTC 2025
#@# Cortical Parc 2 lh Thu May 29 01:12:05 UTC 2025
#@# Cortical Parc 2 rh Thu May 29 01:12:27 UTC 2025
#@# Cortical Parc 3 lh Thu May 29 01:12:48 UTC 2025
#@# Cortical Parc 3 rh Thu May 29 01:13:03 UTC 2025
#@# WM/GM Contrast lh Thu May 29 01:13:19 UTC 2025
#@# WM/GM Contrast rh Thu May 29 01:13:24 UTC 2025
#@# Relabel Hypointensities Thu May 29 01:13:28 UTC 2025
#@# APas-to-ASeg Thu May 29 01:13:58 UTC 2025
#@# AParc-to-ASeg aparc Thu May 29 01:14:18 UTC 2025
#@# AParc-to-ASeg aparc.a2009s Thu May 29 01:17:25 UTC 2025
#@# AParc-to-ASeg aparc.DKTatlas Thu May 29 01:20:25 UTC 2025
#@# WMParc Thu May 29 01:23:30 UTC 2025
#@# Parcellation Stats lh Thu May 29 01:31:55 UTC 2025
#@# Parcellation Stats rh Thu May 29 01:32:22 UTC 2025
#@# Parcellation Stats 2 lh Thu May 29 01:32:48 UTC 2025
#@# Parcellation Stats 2 rh Thu May 29 01:33:02 UTC 2025
#@# Parcellation Stats 3 lh Thu May 29 01:33:17 UTC 2025
#@# Parcellation Stats 3 rh Thu May 29 01:33:29 UTC 2025
#@# ASeg Stats Thu May 29 01:33:42 UTC 2025
#@# BA_exvivo Labels lh Thu May 29 01:36:55 UTC 2025
#@# BA_exvivo Labels rh Thu May 29 01:41:10 UTC 2025
recon-all -s sub-021 finished without error at Thu May 29 01:45:30 UTC 2025
