Log file for defect2seg
Thu May 29 11:14:47 UTC 2025

setenv SUBJECTS_DIR /home/freesurfer/subjects
cd /home/freesurfer/subjects/sub-003/scripts
/usr/local/freesurfer/bin/defect2seg --s sub-003 --cortex

freesurfer-linux-centos8_x86_64-7.4.1-20230613-7eb8460
defect2seg 7.4.1
Linux 5e607f82e4ec 6.11.0-26-generic #26~24.04.1-Ubuntu SMP PREEMPT_DYNAMIC Thu Apr 17 19:20:47 UTC 2 x86_64 x86_64 x86_64 GNU/Linux
pid 1283
mri_label2label --label-cortex /home/freesurfer/subjects/sub-003/surf/lh.orig.nofix /home/freesurfer/subjects/sub-003/mri/aseg.presurf.mgz 0 /home/freesurfer/subjects/sub-003/label/lh.nofix.cortex.label

 Generating cortex label... RemoveHipAmgy=0
 NucAccIsMedialWall=0
 mris->useRealRAS=0
11 non-cortical segments detected
only using segment with 6965 vertices
erasing segment 1 (vno[0] = 71934)
erasing segment 2 (vno[0] = 73348)
erasing segment 3 (vno[0] = 89881)
erasing segment 4 (vno[0] = 90871)
erasing segment 5 (vno[0] = 90916)
erasing segment 6 (vno[0] = 91785)
erasing segment 7 (vno[0] = 91849)
erasing segment 8 (vno[0] = 91868)
erasing segment 9 (vno[0] = 91890)
erasing segment 10 (vno[0] = 92931)
mri_label2vol --defects /home/freesurfer/subjects/sub-003/surf/lh.orig.nofix /home/freesurfer/subjects/sub-003/surf/lh.defect_labels /home/freesurfer/subjects/sub-003/mri/orig.mgz 1000 0 /home/freesurfer/subjects/sub-003/mri/surface.defects.mgz /home/freesurfer/subjects/sub-003/label/lh.nofix.cortex.label
mri_label2vol supposed to be reproducible but seed not set
Contraining to label /home/freesurfer/subjects/sub-003/label/lh.nofix.cortex.label
Changing input type 0 to MRI_INT
Converting defects to volume: offset=1000, merge=0
Writing to /home/freesurfer/subjects/sub-003/mri/surface.defects.mgz
mris_defects_pointset -s /home/freesurfer/subjects/sub-003/surf/lh.orig.nofix -d /home/freesurfer/subjects/sub-003/surf/lh.defect_labels -o /home/freesurfer/subjects/sub-003/surf/lh.defects.pointset --label /home/freesurfer/subjects/sub-003/label/lh.nofix.cortex.label
Reading in surface /home/freesurfer/subjects/sub-003/surf/lh.orig.nofix
Reading in defect segmentation /home/freesurfer/subjects/sub-003/surf/lh.defect_labels
Reading in label /home/freesurfer/subjects/sub-003/label/lh.nofix.cortex.label
#VMPC# mris_defects_pointset 180972
mris_defects_pointset done
mri_label2label --label-cortex /home/freesurfer/subjects/sub-003/surf/rh.orig.nofix /home/freesurfer/subjects/sub-003/mri/aseg.presurf.mgz 0 /home/freesurfer/subjects/sub-003/label/rh.nofix.cortex.label

 Generating cortex label... RemoveHipAmgy=0
 NucAccIsMedialWall=0
 mris->useRealRAS=0
17 non-cortical segments detected
only using segment with 7205 vertices
erasing segment 0 (vno[0] = 46146)
erasing segment 1 (vno[0] = 46154)
erasing segment 3 (vno[0] = 47205)
erasing segment 4 (vno[0] = 54639)
erasing segment 5 (vno[0] = 63222)
erasing segment 6 (vno[0] = 64642)
erasing segment 7 (vno[0] = 73814)
erasing segment 8 (vno[0] = 89009)
erasing segment 9 (vno[0] = 89148)
erasing segment 10 (vno[0] = 90808)
erasing segment 11 (vno[0] = 91794)
erasing segment 12 (vno[0] = 91926)
erasing segment 13 (vno[0] = 92744)
erasing segment 14 (vno[0] = 93592)
erasing segment 15 (vno[0] = 94492)
erasing segment 16 (vno[0] = 95990)
mri_label2vol --defects /home/freesurfer/subjects/sub-003/surf/rh.orig.nofix /home/freesurfer/subjects/sub-003/surf/rh.defect_labels /home/freesurfer/subjects/sub-003/mri/surface.defects.mgz 2000 1 /home/freesurfer/subjects/sub-003/mri/surface.defects.mgz /home/freesurfer/subjects/sub-003/label/rh.nofix.cortex.label
mri_label2vol supposed to be reproducible but seed not set
Contraining to label /home/freesurfer/subjects/sub-003/label/rh.nofix.cortex.label
Converting defects to volume: offset=2000, merge=1
Writing to /home/freesurfer/subjects/sub-003/mri/surface.defects.mgz
mris_defects_pointset -s /home/freesurfer/subjects/sub-003/surf/rh.orig.nofix -d /home/freesurfer/subjects/sub-003/surf/rh.defect_labels -o /home/freesurfer/subjects/sub-003/surf/rh.defects.pointset --label /home/freesurfer/subjects/sub-003/label/rh.nofix.cortex.label
Reading in surface /home/freesurfer/subjects/sub-003/surf/rh.orig.nofix
Reading in defect segmentation /home/freesurfer/subjects/sub-003/surf/rh.defect_labels
Reading in label /home/freesurfer/subjects/sub-003/label/rh.nofix.cortex.label
#VMPC# mris_defects_pointset 181028
mris_defects_pointset done
 
Started at Thu May 29 11:14:47 UTC 2025 
Ended   at Thu May 29 11:15:31 UTC 2025
Defect2seg-Run-Time-Sec 44
Defect2seg-Run-Time-Min 0.88
Defect2seg-Run-Time-Hours 0.01
 
defect2seg Done
