/home/freesurfer/subjects/sub-032/mri
/usr/local/freesurfer/bin/talairach_avi
--i orig_nu.mgz --xfm transforms/talairach.auto.xfm
talairach_avi 7.4.1
Linux 5ec39834b8a6 6.11.0-26-generic #26~24.04.1-Ubuntu SMP PREEMPT_DYNAMIC Thu Apr 17 19:20:47 UTC 2 x86_64 x86_64 x86_64 GNU/Linux
Tue Jun  3 00:25:25 UTC 2025
mri_convert orig_nu.mgz talsrcimg.img 
reading from orig_nu.mgz...
TR=8.37, TE=0.00, TI=0.00, flip angle=0.00
i_ras = (-1, -4.65661e-10, 0)
j_ras = (-1.86265e-09, 0, -1)
k_ras = (-9.31323e-10, 1, -2.98023e-08)
writing to talsrcimg.img...
Analyze Output Matrix
-1.00000  -0.00000  -0.00000   134.25134;
-0.00000   0.00000   1.00000  -113.22078;
 0.00000  -1.00000  -0.00000   179.96649;
 0.00000   0.00000   0.00000   1.00000;
--------------------
INFO: set hdr.hist.orient to -1
mpr2mni305 talsrcimg
Tue Jun  3 00:25:26 UTC 2025
/usr/local/freesurfer/bin/mpr2mni305 talsrcimg
mpr2mni305 7.4.1
target=711-2C_as_mni_average_305

---------------------------------------------------------------------
analyzeto4dfp talsrcimg -O0 -y
---------------------------------------------------------------------

freesurfer ifh2hdr.c
Tue Jun  3 00:25:26 2025
Writing: talsrcimg.4dfp.hdr
freesurfer analyzeto4dfp.c
Reading: talsrcimg.hdr
header size 348 bytes
hdr.dime.datatype	offset=70	value=2
hdr.dime.bitpix		offset=72	value=8
hdr.hist.orient		offset=252	value=-1
dimensionality     4
dimensions       256       256       256         1
Reading: talsrcimg.img
Writing: talsrcimg.4dfp.img
Writing: talsrcimg.4dfp.ifh
ifh2hdr talsrcimg -r0to255
ori=2

---------------------------------------------------------------------
gauss_4dfp talsrcimg 1.1
---------------------------------------------------------------------

freesurfer gauss_4dfp.c
Reading: talsrcimg.4dfp.img
Writing: talsrcimg_g11.4dfp.img
image dimensions 256 256 256 padded to 288 288 288
processing volume 1freesurfer ifh2hdr.c
Tue Jun  3 00:25:29 2025
Writing: talsrcimg_g11.4dfp.hdr

Writing: talsrcimg_g11.4dfp.ifh
including: talsrcimg.4dfp.img.rec in talsrcimg_g11.4dfp.img.rec

---------------------------------------------------------------------
imgreg_4dfp /usr/local/freesurfer/average/711-2C_as_mni_average_305 none talsrcimg_g11 none talsrcimg_to_711-2C_as_mni_average_305_t4 4355
---------------------------------------------------------------------

freesurfer imgreg_4dfp.c
/usr/local/freesurfer/average/711-2C_as_mni_average_305.4dfp.img
       256       256       256         1
  1.000000  1.000000  1.000000
orientation T byte_order littleendian
Reading image: /usr/local/freesurfer/average/711-2C_as_mni_average_305.4dfp.img
dimensions:      256       256       256
mmppix:       1.0000   -1.0000   -1.0000
center:     128.0000 -129.0000 -129.0000
talsrcimg_g11.4dfp.img
       256       256       256         1
  1.000000  1.000000  1.000000
orientation T byte_order littleendian
Reading image: talsrcimg_g11.4dfp.img
dimensions:      256       256       256
mmppix:       1.0000   -1.0000   -1.0000
center:     128.0000 -129.0000 -129.0000
t4_read: open error in t4_sub.f l:  41 t4_file(1:l)talsrcimg_to_711-2C_as_mni_average_305_t4 
t4_read: transform initialized to I4
rotation matrix determinant  1.000000
image alignment mode   4355 decimal     1103 hex
   -7.5000  -45.0000  -45.0000 9219.4092   16.0969
    0.0000  -45.0000  -45.0000 9606.0117   16.1190
    7.5000  -45.0000  -45.0000 9151.8350   16.1189
   -7.5000  -37.5000  -45.0000 9689.3125   16.0772
    0.0000  -37.5000  -45.000010080.1338   16.0925
    7.5000  -37.5000  -45.0000 9587.3330   16.0872
   -7.5000  -30.0000  -45.000010455.0488   16.0913
    0.0000  -30.0000  -45.000010886.7246   16.1038
    7.5000  -30.0000  -45.000010358.6475   16.0935
   -7.5000  -22.5000  -45.000011194.2383   16.0882
    0.0000  -22.5000  -45.000011662.6211   16.1071
    7.5000  -22.5000  -45.000011093.9121   16.0980
   -7.5000  -15.0000  -45.000011837.2988   16.0713
    0.0000  -15.0000  -45.000012318.4531   16.0983
    7.5000  -15.0000  -45.000011739.2930   16.0943
   -7.5000   -7.5000  -45.000012341.4248   16.0551
    0.0000   -7.5000  -45.000012856.0498   16.0829
    7.5000   -7.5000  -45.000012245.7285   16.0820
   -7.5000    0.0000  -45.000012780.6328   16.0548
    0.0000    0.0000  -45.000013316.9238   16.0768
    7.5000    0.0000  -45.000012641.7412   16.0758
   -7.5000    7.5000  -45.000012177.6172   16.0739
    0.0000    7.5000  -45.000012696.5010   16.0890
    7.5000    7.5000  -45.000012020.2256   16.0837
   -7.5000   15.0000  -45.000011341.0908   16.0913
    0.0000   15.0000  -45.000011841.7949   16.1038
    7.5000   15.0000  -45.000011179.1641   16.0935
   -7.5000   22.5000  -45.000010357.5811   16.0860
    0.0000   22.5000  -45.000010841.6221   16.1049
    7.5000   22.5000  -45.000010230.6797   16.0958
   -7.5000   30.0000  -45.0000 9413.9492   15.8597
    0.0000   30.0000  -45.0000 9865.2979   15.8864
    7.5000   30.0000  -45.0000 9313.7842   15.8824
   -7.5000   37.5000  -45.0000 8826.6094   15.8854
    0.0000   37.5000  -45.0000 9244.1533   15.9131
    7.5000   37.5000  -45.0000 8739.0176   15.9121
   -7.5000   45.0000  -45.0000 7880.7896   15.5941
    0.0000   45.0000  -45.0000 8255.5996   15.6165
    7.5000   45.0000  -45.0000 7799.8848   15.6155
   -7.5000  -45.0000  -37.5000 9738.0859   15.9797
    0.0000  -45.0000  -37.500010146.3896   15.9943
    7.5000  -45.0000  -37.5000 9659.3320   15.9952
   -7.5000  -37.5000  -37.500010229.7148   15.9585
    0.0000  -37.5000  -37.500010643.3936   15.9681
    7.5000  -37.5000  -37.500010120.7217   15.9647
   -7.5000  -30.0000  -37.500011002.3086   15.9671
    0.0000  -30.0000  -37.500011433.8955   15.9757
    7.5000  -30.0000  -37.500010890.3789   15.9688
   -7.5000  -22.5000  -37.500011770.3555   15.9605
    0.0000  -22.5000  -37.500012221.6211   15.9748
    7.5000  -22.5000  -37.500011652.8145   15.9692
   -7.5000  -15.0000  -37.500012438.5996   15.9452
    0.0000  -15.0000  -37.500012912.1992   15.9657
    7.5000  -15.0000  -37.500012308.0586   15.9635
   -7.5000   -7.5000  -37.500012986.3496   15.9342
    0.0000   -7.5000  -37.500013486.0518   15.9540
    7.5000   -7.5000  -37.500012842.1562   15.9541
   -7.5000    0.0000  -37.500013428.0801   15.9369
    0.0000    0.0000  -37.500013963.4648   15.9516
    7.5000    0.0000  -37.500013269.3633   15.9516
   -7.5000    7.5000  -37.500012771.3643   15.9546
    0.0000    7.5000  -37.500013276.7285   15.9641
    7.5000    7.5000  -37.500012600.5342   15.9607
   -7.5000   15.0000  -37.500011859.8438   15.9671
    0.0000   15.0000  -37.500012363.4365   15.9757
    7.5000   15.0000  -37.500011744.6328   15.9688
   -7.5000   22.5000  -37.500010825.2520   15.9583
    0.0000   22.5000  -37.500011310.5459   15.9726
    7.5000   22.5000  -37.500010745.3486   15.9670
   -7.5000   30.0000  -37.5000 9830.5557   15.7350
    0.0000   30.0000  -37.500010272.1631   15.7552
    7.5000   30.0000  -37.5000 9763.3311   15.7530
   -7.5000   37.5000  -37.5000 9197.6934   15.7650
    0.0000   37.5000  -37.5000 9606.5400   15.7848
    7.5000   37.5000  -37.5000 9117.5908   15.7847
   -7.5000   45.0000  -37.5000 8194.7207   15.4799
    0.0000   45.0000  -37.5000 8567.2676   15.4949
    7.5000   45.0000  -37.5000 8124.3989   15.4945
   -7.5000  -45.0000  -30.000010458.0049   16.5707
    0.0000  -45.0000  -30.000010910.5195   16.5894
    7.5000  -45.0000  -30.000010385.6670   16.5856
   -7.5000  -37.5000  -30.000010998.8574   16.5527
    0.0000  -37.5000  -30.000011433.3643   16.5662
    7.5000  -37.5000  -30.000010889.4492   16.5575
   -7.5000  -30.0000  -30.000011822.0430   16.5686
    0.0000  -30.0000  -30.000012253.0615   16.5814
    7.5000  -30.0000  -30.000011689.5186   16.5702
   -7.5000  -22.5000  -30.000012613.2666   16.5657
    0.0000  -22.5000  -30.000013061.3975   16.5850
    7.5000  -22.5000  -30.000012474.4092   16.5756
   -7.5000  -15.0000  -30.000013323.3213   16.5468
    0.0000  -15.0000  -30.000013798.0098   16.5730
    7.5000  -15.0000  -30.000013174.9561   16.5667
   -7.5000   -7.5000  -30.000013902.4121   16.5274
    0.0000   -7.5000  -30.000014421.8213   16.5524
    7.5000   -7.5000  -30.000013768.2285   16.5482
   -7.5000    0.0000  -30.000014369.4541   16.5261
    0.0000    0.0000  -30.000014918.4883   16.5448
    7.5000    0.0000  -30.000014229.4004   16.5400
   -7.5000    7.5000  -30.000013638.5742   16.5485
    0.0000    7.5000  -30.000014158.1865   16.5619
    7.5000    7.5000  -30.000013502.3193   16.5531
   -7.5000   15.0000  -30.000012655.9424   16.5686
    0.0000   15.0000  -30.000013162.9951   16.5814
    7.5000   15.0000  -30.000012566.5400   16.5702
   -7.5000   22.5000  -30.000011574.2363   16.5617
    0.0000   22.5000  -30.000012035.3008   16.5810
    7.5000   22.5000  -30.000011511.4258   16.5716
   -7.5000   30.0000  -30.000010506.2383   16.3298
    0.0000   30.0000  -30.000010940.4053   16.3557
    7.5000   30.0000  -30.000010453.7100   16.3495
   -7.5000   37.5000  -30.0000 9784.9834   16.3519
    0.0000   37.5000  -30.000010208.3428   16.3768
    7.5000   37.5000  -30.0000 9740.3408   16.3724
   -7.5000   45.0000  -30.0000 8702.0918   16.0644
    0.0000   45.0000  -30.0000 9101.5576   16.0831
    7.5000   45.0000  -30.0000 8653.0342   16.0775
   -7.5000  -45.0000  -22.500011179.3193   17.0575
    0.0000  -45.0000  -22.500011647.2256   17.0885
    7.5000  -45.0000  -22.500011079.4258   17.0802
   -7.5000  -37.5000  -22.500011764.1387   17.0434
    0.0000  -37.5000  -22.500012228.7949   17.0668
    7.5000  -37.5000  -22.500011642.0264   17.0520
   -7.5000  -30.0000  -22.500012641.1484   17.0694
    0.0000  -30.0000  -22.500013092.5684   17.0913
    7.5000  -30.0000  -22.500012467.2510   17.0735
   -7.5000  -22.5000  -22.500013465.1260   17.0726
    0.0000  -22.5000  -22.500013930.5781   17.1029
    7.5000  -22.5000  -22.500013289.8584   17.0879
   -7.5000  -15.0000  -22.500014219.3213   17.0492
    0.0000  -15.0000  -22.500014738.1855   17.0890
    7.5000  -15.0000  -22.500014056.5703   17.0789
   -7.5000   -7.5000  -22.500014860.4980   17.0186
    0.0000   -7.5000  -22.500015417.6670   17.0575
    7.5000   -7.5000  -22.500014714.4502   17.0502
   -7.5000    0.0000  -22.500015340.6016   17.0116
    0.0000    0.0000  -22.500015923.2256   17.0424
    7.5000    0.0000  -22.500015183.2295   17.0332
   -7.5000    7.5000  -22.500014535.7090   17.0391
    0.0000    7.5000  -22.500015060.9268   17.0623
    7.5000    7.5000  -22.500014386.9385   17.0475
   -7.5000   15.0000  -22.500013509.0859   17.0694
    0.0000   15.0000  -22.500013991.9209   17.0913
    7.5000   15.0000  -22.500013401.1836   17.0735
   -7.5000   22.5000  -22.500012345.1689   17.0673
    0.0000   22.5000  -22.500012806.7754   17.0976
    7.5000   22.5000  -22.500012285.9014   17.0826
   -7.5000   30.0000  -22.500011206.9736   16.8282
    0.0000   30.0000  -22.500011659.9756   16.8675
    7.5000   30.0000  -22.500011158.6729   16.8575
   -7.5000   37.5000  -22.500010432.7393   16.8393
    0.0000   37.5000  -22.500010868.1465   16.8780
    7.5000   37.5000  -22.500010389.4287   16.8706
   -7.5000   45.0000  -22.5000 9256.9482   16.5476
    0.0000   45.0000  -22.5000 9672.1846   16.5781
    7.5000   45.0000  -22.5000 9208.1719   16.5682
   -7.5000  -45.0000  -15.000011845.9189   17.4173
    0.0000  -45.0000  -15.000012320.0684   17.4557
    7.5000  -45.0000  -15.000011705.8896   17.4450
   -7.5000  -37.5000  -15.000012530.8018   17.4036
    0.0000  -37.5000  -15.000013019.8926   17.4335
    7.5000  -37.5000  -15.000012350.7422   17.4157
   -7.5000  -30.0000  -15.000013499.4600   17.4343
    0.0000  -30.0000  -15.000014016.1982   17.4616
    7.5000  -30.0000  -15.000013261.0615   17.4397
   -7.5000  -22.5000  -15.000014355.6748   17.4404
    0.0000  -22.5000  -15.000014866.2422   17.4763
    7.5000  -22.5000  -15.000014106.7119   17.4574
   -7.5000  -15.0000  -15.000015158.1465   17.4151
    0.0000  -15.0000  -15.000015719.6094   17.4614
    7.5000  -15.0000  -15.000014941.8750   17.4489
   -7.5000   -7.5000  -15.000015846.8164   17.3799
    0.0000   -7.5000  -15.000016448.0078   17.4262
    7.5000   -7.5000  -15.000015661.3223   17.4169
   -7.5000    0.0000  -15.000016336.8809   17.3702
    0.0000    0.0000  -15.000016956.3145   17.4085
    7.5000    0.0000  -15.000016182.9014   17.3968
   -7.5000    7.5000  -15.000015438.0234   17.3993
    0.0000    7.5000  -15.000016000.6572   17.4290
    7.5000    7.5000  -15.000015284.3018   17.4112
   -7.5000   15.0000  -15.000014395.0527   17.4343
    0.0000   15.0000  -15.000014891.6699   17.4616
    7.5000   15.0000  -15.000014230.9873   17.4397
   -7.5000   22.5000  -15.000013189.3496   17.4342
    0.0000   22.5000  -15.000013664.1953   17.4701
    7.5000   22.5000  -15.000013077.3896   17.4512
   -7.5000   30.0000  -15.000011988.0859   17.1921
    0.0000   30.0000  -15.000012455.1348   17.2378
    7.5000   30.0000  -15.000011885.2734   17.2255
   -7.5000   37.5000  -15.000011142.7725   17.1996
    0.0000   37.5000  -15.000011600.0303   17.2456
    7.5000   37.5000  -15.000011075.8398   17.2362
   -7.5000   45.0000  -15.0000 9857.5469   16.9046
    0.0000   45.0000  -15.000010292.5107   16.9428
    7.5000   45.0000  -15.0000 9789.4893   16.9310
   -7.5000  -45.0000   -7.500012488.4717   17.6274
    0.0000  -45.0000   -7.500012976.8232   17.6615
    7.5000  -45.0000   -7.500012312.9902   17.6538
   -7.5000  -37.5000   -7.500013261.2559   17.6080
    0.0000  -37.5000   -7.500013791.9629   17.6338
    7.5000  -37.5000   -7.500013015.9932   17.6198
   -7.5000  -30.0000   -7.500014404.4160   17.6321
    0.0000  -30.0000   -7.500015015.3311   17.6544
    7.5000  -30.0000   -7.500014075.0020   17.6348
   -7.5000  -22.5000   -7.500015330.0977   17.6355
    0.0000  -22.5000   -7.500015955.4932   17.6651
    7.5000  -22.5000   -7.500015009.2090   17.6475
   -7.5000  -15.0000   -7.500016135.3350   17.6141
    0.0000  -15.0000   -7.500016796.9922   17.6536
    7.5000  -15.0000   -7.500015889.8359   17.6424
   -7.5000   -7.5000   -7.500016863.3086   17.5865
    0.0000   -7.5000   -7.500017556.6582   17.6269
    7.5000   -7.5000   -7.500016642.7617   17.6193
   -7.5000    0.0000   -7.500017389.5723   17.5796
    0.0000    0.0000   -7.500018117.2832   17.6134
    7.5000    0.0000   -7.500017174.5840   17.6049
   -7.5000    7.5000   -7.500016486.2656   17.6037
    0.0000    7.5000   -7.500017112.1680   17.6293
    7.5000    7.5000   -7.500016252.5371   17.6152
   -7.5000   15.0000   -7.500015411.7930   17.6321
    0.0000   15.0000   -7.500015948.3682   17.6544
    7.5000   15.0000   -7.500015156.8828   17.6348
   -7.5000   22.5000   -7.500014155.4033   17.6273
    0.0000   22.5000   -7.500014677.0596   17.6569
    7.5000   22.5000   -7.500013936.9912   17.6394
   -7.5000   30.0000   -7.500012860.1504   17.3884
    0.0000   30.0000   -7.500013370.8350   17.4273
    7.5000   30.0000   -7.500012675.7588   17.4163
   -7.5000   37.5000   -7.500011942.4902   17.4049
    0.0000   37.5000   -7.500012450.6211   17.4452
    7.5000   37.5000   -7.500011813.4844   17.4376
   -7.5000   45.0000   -7.500010519.0752   17.1105
    0.0000   45.0000   -7.500010972.8535   17.1446
    7.5000   45.0000   -7.500010397.6299   17.1362
   -7.5000  -45.0000    0.000013021.2568   17.6861
    0.0000  -45.0000    0.000013527.8691   17.7092
    7.5000  -45.0000    0.000012823.8203   17.7087
   -7.5000  -37.5000    0.000013850.6875   17.6624
    0.0000  -37.5000    0.000014440.1611   17.6785
    7.5000  -37.5000    0.000013581.7324   17.6724
   -7.5000  -30.0000    0.000015213.8213   17.6763
    0.0000  -30.0000    0.000015964.6074   17.6894
    7.5000  -30.0000    0.000014773.5703   17.6777
   -7.5000  -22.5000    0.000016353.6553   17.6728
    0.0000  -22.5000    0.000017204.3496   17.6924
    7.5000  -22.5000    0.000015937.0459   17.6821
   -7.5000  -15.0000    0.000017181.6836   17.6548
    0.0000  -15.0000    0.000018051.6914   17.6831
    7.5000  -15.0000    0.000016861.0293   17.6782
   -7.5000   -7.5000    0.000017887.8320   17.6382
    0.0000   -7.5000    0.000018749.4316   17.6672
    7.5000   -7.5000    0.000017544.8301   17.6658
   -7.5000    0.0000    0.000018438.9258   17.6382
    0.0000    0.0000    0.000019285.2441   17.6612
    7.5000    0.0000    0.000018017.1406   17.6598
   -7.5000    7.5000    0.000017506.9180   17.6581
    0.0000    7.5000    0.000018251.5723   17.6740
    7.5000    7.5000    0.000017042.4629   17.6679
   -7.5000   15.0000    0.000016339.2949   17.6763
    0.0000   15.0000    0.000016998.4961   17.6894
    7.5000   15.0000    0.000015899.7500   17.6777
   -7.5000   22.5000    0.000015024.5225   17.6646
    0.0000   22.5000    0.000015625.5332   17.6843
    7.5000   22.5000    0.000014672.7881   17.6739
   -7.5000   30.0000    0.000013645.0254   17.4292
    0.0000   30.0000    0.000014211.1240   17.4570
    7.5000   30.0000    0.000013355.9062   17.4522
   -7.5000   37.5000    0.000012682.1777   17.4577
    0.0000   37.5000    0.000013207.3477   17.4866
    7.5000   37.5000    0.000012435.9277   17.4851
   -7.5000   45.0000    0.000011157.7578   17.1693
    0.0000   45.0000    0.000011630.1494   17.1928
    7.5000   45.0000    0.000010951.6699   17.1913
   -7.5000  -45.0000    7.500012467.9980   17.7165
    0.0000  -45.0000    7.500013019.0801   17.7326
    7.5000  -45.0000    7.500012331.2178   17.7335
   -7.5000  -37.5000    7.500013322.8193   17.6926
    0.0000  -37.5000    7.500013986.7920   17.7031
    7.5000  -37.5000    7.500013104.9092   17.6993
   -7.5000  -30.0000    7.500014810.9023   17.7023
    0.0000  -30.0000    7.500015766.0088   17.7117
    7.5000  -30.0000    7.500014354.5830   17.7040
   -7.5000  -22.5000    7.500016222.6279   17.6956
    0.0000  -22.5000    7.500017339.3770   17.7112
    7.5000  -22.5000    7.500015585.6641   17.7049
   -7.5000  -15.0000    7.500017102.2188   17.6789
    0.0000  -15.0000    7.500018088.0820   17.7013
    7.5000  -15.0000    7.500016447.1426   17.6987
   -7.5000   -7.5000    7.500017683.2285   17.6663
    0.0000   -7.5000    7.500018568.1621   17.6881
    7.5000   -7.5000    7.500017021.0352   17.6880
   -7.5000    0.0000    7.500018098.6406   17.6688
    0.0000    0.0000    7.500018959.7637   17.6850
    7.5000    0.0000    7.500017427.9141   17.6848
   -7.5000    7.5000    7.500017080.4824   17.6882
    0.0000    7.5000    7.500017902.8496   17.6986
    7.5000    7.5000    7.500016522.2051   17.6947
   -7.5000   15.0000    7.500015908.2148   17.7023
    0.0000   15.0000    7.500016640.5117   17.7117
    7.5000   15.0000    7.500015458.4658   17.7040
   -7.5000   22.5000    7.500014640.8574   17.6874
    0.0000   22.5000    7.500015291.7578   17.7030
    7.5000   22.5000    7.500014287.9990   17.6967
   -7.5000   30.0000    7.500013302.5283   17.4526
    0.0000   30.0000    7.500013893.9619   17.4747
    7.5000   30.0000    7.500013004.3057   17.4721
   -7.5000   37.5000    7.500012355.6025   17.4852
    0.0000   37.5000    7.500012903.3086   17.5069
    7.5000   37.5000    7.500012110.6514   17.5066
   -7.5000   45.0000    7.500010876.4688   17.2010
    0.0000   45.0000    7.500011378.2861   17.2175
    7.5000   45.0000    7.500010684.7090   17.2169
   -7.5000  -45.0000   15.000011916.9424   17.7562
    0.0000  -45.0000   15.000012464.6758   17.7763
    7.5000  -45.0000   15.000011737.2246   17.7723
   -7.5000  -37.5000   15.000012754.7129   17.7355
    0.0000  -37.5000   15.000013436.9404   17.7500
    7.5000  -37.5000   15.000012500.1143   17.7408
   -7.5000  -30.0000   15.000014155.5938   17.7511
    0.0000  -30.0000   15.000015107.7871   17.7649
    7.5000  -30.0000   15.000013735.6279   17.7530
   -7.5000  -22.5000   15.000015348.0723   17.7481
    0.0000  -22.5000   15.000016270.5615   17.7689
    7.5000  -22.5000   15.000014786.8916   17.7589
   -7.5000  -15.0000   15.000016100.4414   17.7293
    0.0000  -15.0000   15.000016912.5273   17.7574
    7.5000  -15.0000   15.000015511.2920   17.7507
   -7.5000   -7.5000   15.000016764.8809   17.7098
    0.0000   -7.5000   15.000017596.3184   17.7367
    7.5000   -7.5000   15.000016168.0518   17.7321
   -7.5000    0.0000   15.000017257.0352   17.7084
    0.0000    0.0000   15.000018169.1738   17.7286
    7.5000    0.0000   15.000016690.8242   17.7235
   -7.5000    7.5000   15.000016302.3242   17.7310
    0.0000    7.5000   15.000017152.8008   17.7454
    7.5000    7.5000   15.000015818.2412   17.7361
   -7.5000   15.0000   15.000015175.3223   17.7511
    0.0000   15.0000   15.000015909.2969   17.7649
    7.5000   15.0000   15.000014762.6074   17.7530
   -7.5000   22.5000   15.000013918.1660   17.7399
    0.0000   22.5000   15.000014608.2686   17.7607
    7.5000   22.5000   15.000013607.6123   17.7507
   -7.5000   30.0000   15.000012637.4834   17.5020
    0.0000   30.0000   15.000013264.0742   17.5297
    7.5000   30.0000   15.000012389.9336   17.5231
   -7.5000   37.5000   15.000011761.3926   17.5268
    0.0000   37.5000   15.000012338.1338   17.5535
    7.5000   37.5000   15.000011585.3467   17.5489
   -7.5000   45.0000   15.000010404.5146   17.2412
    0.0000   45.0000   15.000010910.9932   17.2614
    7.5000   45.0000   15.000010256.3809   17.2555
   -7.5000  -45.0000   22.500011240.1289   17.8092
    0.0000  -45.0000   22.500011743.7363   17.8423
    7.5000  -45.0000   22.500011008.5078   17.8338
   -7.5000  -37.5000   22.500011999.0869   17.7935
    0.0000  -37.5000   22.500012593.5498   17.8186
    7.5000  -37.5000   22.500011733.8271   17.8032
   -7.5000  -30.0000   22.500013195.3623   17.8203
    0.0000  -30.0000   22.500013967.0098   17.8439
    7.5000  -30.0000   22.500012865.0420   17.8252
   -7.5000  -22.5000   22.500014135.4297   17.8241
    0.0000  -22.5000   22.500014831.6016   17.8565
    7.5000  -22.5000   22.500013782.6279   17.8407
   -7.5000  -15.0000   22.500014831.1885   17.8005
    0.0000  -15.0000   22.500015507.9248   17.8428
    7.5000  -15.0000   22.500014525.2598   17.8322
   -7.5000   -7.5000   22.500015537.6289   17.7687
    0.0000   -7.5000   22.500016301.6553   17.8101
    7.5000   -7.5000   22.500015251.7490   17.8026
   -7.5000    0.0000   22.500016092.6445   17.7610
    0.0000    0.0000   22.500016935.0723   17.7939
    7.5000    0.0000   22.500015789.1104   17.7843
   -7.5000    7.5000   22.500015269.8672   17.7890
    0.0000    7.5000   22.500016040.9180   17.8139
    7.5000    7.5000   22.500014975.8447   17.7985
   -7.5000   15.0000   22.500014234.8604   17.8203
    0.0000   15.0000   22.500014911.8418   17.8439
    7.5000   15.0000   22.500013937.5107   17.8252
   -7.5000   22.5000   22.500013106.3369   17.8159
    0.0000   22.5000   22.500013736.0039   17.8483
    7.5000   22.5000   22.500012858.4541   17.8325
   -7.5000   30.0000   22.500011882.8564   17.5722
    0.0000   30.0000   22.500012467.6738   17.6140
    7.5000   30.0000   22.500011680.1855   17.6035
   -7.5000   37.5000   22.500011043.0527   17.5843
    0.0000   37.5000   22.500011581.7988   17.6254
    7.5000   37.5000   22.500010894.3262   17.6178
   -7.5000   45.0000   22.5000 9788.5586   17.2925
    0.0000   45.0000   22.500010253.4961   17.3252
    7.5000   45.0000   22.5000 9644.8477   17.3149
   -7.5000  -45.0000   30.000010393.4707   18.0273
    0.0000  -45.0000   30.000010823.6650   18.0692
    7.5000  -45.0000   30.000010243.6436   18.0586
   -7.5000  -37.5000   30.000011086.3594   18.0116
    0.0000  -37.5000   30.000011591.8340   18.0447
    7.5000  -37.5000   30.000010927.8643   18.0266
   -7.5000  -30.0000   30.000012119.9619   18.0439
    0.0000  -30.0000   30.000012712.8369   18.0744
    7.5000  -30.0000   30.000011937.6045   18.0520
   -7.5000  -22.5000   30.000012942.1348   18.0516
    0.0000  -22.5000   30.000013484.7549   18.0911
    7.5000  -22.5000   30.000012735.1973   18.0718
   -7.5000  -15.0000   30.000013652.2539   18.0262
    0.0000  -15.0000   30.000014225.9639   18.0765
    7.5000  -15.0000   30.000013483.2568   18.0639
   -7.5000   -7.5000   30.000014361.8789   17.9889
    0.0000   -7.5000   30.000015024.8174   18.0392
    7.5000   -7.5000   30.000014189.7324   18.0299
   -7.5000    0.0000   30.000014902.7891   17.9775
    0.0000    0.0000   30.000015590.4795   18.0193
    7.5000    0.0000   30.000014690.6357   18.0076
   -7.5000    7.5000   30.000014153.6211   18.0071
    0.0000    7.5000   30.000014783.1074   18.0400
    7.5000    7.5000   30.000013927.5664   18.0218
   -7.5000   15.0000   30.000013170.6611   18.0439
    0.0000   15.0000   30.000013761.1396   18.0744
    7.5000   15.0000   30.000012952.1260   18.0520
   -7.5000   22.5000   30.000012149.8320   18.0432
    0.0000   22.5000   30.000012711.1299   18.0828
    7.5000   22.5000   30.000011961.5781   18.0635
   -7.5000   30.0000   30.000011010.9238   17.7953
    0.0000   30.0000   30.000011546.5596   17.8450
    7.5000   30.0000   30.000010872.6650   17.8326
   -7.5000   37.5000   30.000010215.8564   17.8029
    0.0000   37.5000   30.000010687.5078   17.8528
    7.5000   37.5000   30.000010106.0605   17.8436
   -7.5000   45.0000   30.0000 9073.6934   17.5023
    0.0000   45.0000   30.0000 9468.3975   17.5439
    7.5000   45.0000   30.0000 8969.1465   17.5321
   -7.5000  -45.0000   37.5000 9998.5742   18.4863
    0.0000  -45.0000   37.500010385.2041   18.5269
    7.5000  -45.0000   37.5000 9904.5039   18.5202
   -7.5000  -37.5000   37.500010657.2695   18.4667
    0.0000  -37.5000   37.500011087.4639   18.4984
    7.5000  -37.5000   37.500010551.6484   18.4849
   -7.5000  -30.0000   37.500011600.6211   18.4944
    0.0000  -30.0000   37.500012051.3428   18.5222
    7.5000  -30.0000   37.500011463.3096   18.5025
   -7.5000  -22.5000   37.500012368.9736   18.4975
    0.0000  -22.5000   37.500012798.4775   18.5330
    7.5000  -22.5000   37.500012220.9990   18.5150
   -7.5000  -15.0000   37.500013086.6543   18.4723
    0.0000  -15.0000   37.500013570.7607   18.5184
    7.5000  -15.0000   37.500012958.7041   18.5072
   -7.5000   -7.5000   37.500013773.6855   18.4410
    0.0000   -7.5000   37.500014335.8760   18.4883
    7.5000   -7.5000   37.500013628.7812   18.4813
   -7.5000    0.0000   37.500014308.9102   18.4338
    0.0000    0.0000   37.500014896.1426   18.4742
    7.5000    0.0000   37.500014127.6484   18.4665
   -7.5000    7.5000   37.500013602.0820   18.4620
    0.0000    7.5000   37.500014173.5352   18.4935
    7.5000    7.5000   37.500013406.1191   18.4800
   -7.5000   15.0000   37.500012703.7178   18.4944
    0.0000   15.0000   37.500013234.8389   18.5222
    7.5000   15.0000   37.500012483.8623   18.5025
   -7.5000   22.5000   37.500011728.0205   18.4890
    0.0000   22.5000   37.500012245.7852   18.5244
    7.5000   22.5000   37.500011553.6973   18.5065
   -7.5000   30.0000   37.500010597.1006   18.2340
    0.0000   30.0000   37.500011085.9844   18.2794
    7.5000   30.0000   37.500010472.2891   18.2684
   -7.5000   37.5000   37.5000 9808.1475   18.2410
    0.0000   37.5000   37.500010249.7041   18.2880
    7.5000   37.5000   37.5000 9700.4307   18.2811
   -7.5000   45.0000   37.5000 8726.7910   17.9277
    0.0000   45.0000   37.5000 9093.5674   17.9681
    7.5000   45.0000   37.5000 8637.9414   17.9606
   -7.5000  -45.0000   45.0000 9230.4775   19.0097
    0.0000  -45.0000   45.0000 9568.9248   19.0427
    7.5000  -45.0000   45.0000 9163.4756   19.0435
   -7.5000  -37.5000   45.0000 9803.9443   18.9832
    0.0000  -37.5000   45.000010184.8184   19.0081
    7.5000  -37.5000   45.0000 9742.8145   19.0035
   -7.5000  -30.0000   45.000010631.5527   18.9993
    0.0000  -30.0000   45.000011015.0781   19.0207
    7.5000  -30.0000   45.000010536.9707   19.0102
   -7.5000  -22.5000   45.000011332.8525   18.9940
    0.0000  -22.5000   45.000011719.7520   19.0224
    7.5000  -22.5000   45.000011224.6992   19.0126
   -7.5000  -15.0000   45.000012002.6514   18.9717
    0.0000  -15.0000   45.000012421.9053   19.0098
    7.5000  -15.0000   45.000011896.8418   19.0053
   -7.5000   -7.5000   45.000012630.3018   18.9529
    0.0000   -7.5000   45.000013102.1992   18.9921
    7.5000   -7.5000   45.000012514.3525   18.9914
   -7.5000    0.0000   45.000013122.0137   18.9540
    0.0000    0.0000   45.000013629.0605   18.9869
    7.5000    0.0000   45.000012977.7666   18.9866
   -7.5000    7.5000   45.000012507.7715   18.9782
    0.0000    7.5000   45.000013018.7998   19.0029
    7.5000    7.5000   45.000012345.2168   18.9982
   -7.5000   15.0000   45.000011709.8096   18.9993
    0.0000   15.0000   45.000012197.4033   19.0207
    7.5000   15.0000   45.000011525.0225   19.0102
   -7.5000   22.5000   45.000010824.7832   18.9851
    0.0000   22.5000   45.000011280.1914   19.0135
    7.5000   22.5000   45.000010664.5000   19.0037
   -7.5000   30.0000   45.0000 9777.6611   18.7247
    0.0000   30.0000   45.000010208.8633   18.7623
    7.5000   30.0000   45.0000 9654.8779   18.7578
   -7.5000   37.5000   45.0000 9042.7510   18.7360
    0.0000   37.5000   45.0000 9438.4131   18.7750
    7.5000   37.5000   45.0000 8937.0957   18.7742
   -7.5000   45.0000   45.0000 8061.5073   18.4227
    0.0000   45.0000   45.0000 8403.7607   18.4557
    7.5000   45.0000   45.0000 7989.6025   18.4554

---------------------------------------------------------------------
imgreg_4dfp /usr/local/freesurfer/average/711-2C_as_mni_average_305 /usr/local/freesurfer/average/711-2B_as_mni_average_305_mask talsrcimg_g11 none talsrcimg_to_711-2C_as_mni_average_305_t4 4355
---------------------------------------------------------------------

freesurfer imgreg_4dfp.c
/usr/local/freesurfer/average/711-2C_as_mni_average_305.4dfp.img
       256       256       256         1
  1.000000  1.000000  1.000000
orientation T byte_order littleendian
Reading image: /usr/local/freesurfer/average/711-2C_as_mni_average_305.4dfp.img
dimensions:      256       256       256
mmppix:       1.0000   -1.0000   -1.0000
center:     128.0000 -129.0000 -129.0000
/usr/local/freesurfer/average/711-2B_as_mni_average_305_mask.4dfp.img
       256       256       256         1
  1.000000  1.000000  1.000000
orientation T byte_order littleendian
Reading mask: /usr/local/freesurfer/average/711-2B_as_mni_average_305_mask.4dfp.img (2306576 pixels)
talsrcimg_g11.4dfp.img
       256       256       256         1
  1.000000  1.000000  1.000000
orientation T byte_order littleendian
Reading image: talsrcimg_g11.4dfp.img
dimensions:      256       256       256
mmppix:       1.0000   -1.0000   -1.0000
center:     128.0000 -129.0000 -129.0000
rotation matrix determinant  1.000000
image alignment mode   4355 decimal     1103 hex
   -7.5000  -45.0000  -45.0000 2411.4177   18.5685
    0.0000  -45.0000  -45.0000 2414.4475   18.6162
    7.5000  -45.0000  -45.0000 2389.4417   18.7895
   -7.5000  -37.5000  -45.0000 2458.8638   17.5618
    0.0000  -37.5000  -45.0000 2461.6677   17.6114
    7.5000  -37.5000  -45.0000 2431.4771   17.8121
   -7.5000  -30.0000  -45.0000 2485.1833   16.9469
    0.0000  -30.0000  -45.0000 2490.5847   16.9955
    7.5000  -30.0000  -45.0000 2458.0522   17.2216
   -7.5000  -22.5000  -45.0000 2505.6750   16.7986
    0.0000  -22.5000  -45.0000 2506.9722   16.8046
    7.5000  -22.5000  -45.0000 2477.0605   16.9987
   -7.5000  -15.0000  -45.0000 2507.2927   17.0398
    0.0000  -15.0000  -45.0000 2509.9790   17.0106
    7.5000  -15.0000  -45.0000 2477.9280   17.1912
   -7.5000   -7.5000  -45.0000 2483.3740   17.3933
    0.0000   -7.5000  -45.0000 2495.1226   17.4312
    7.5000   -7.5000  -45.0000 2460.5574   17.6139
   -7.5000    0.0000  -45.0000 2455.8088   18.0317
    0.0000    0.0000  -45.0000 2466.1877   18.0524
    7.5000    0.0000  -45.0000 2437.7605   18.2612
   -7.5000    7.5000  -45.0000 2405.4172   18.9809
    0.0000    7.5000  -45.0000 2416.0613   18.9754
    7.5000    7.5000  -45.0000 2388.6006   19.1756
   -7.5000   15.0000  -45.0000 2339.7949   20.2791
    0.0000   15.0000  -45.0000 2347.4805   20.2966
    7.5000   15.0000  -45.0000 2314.4614   20.4813
   -7.5000   22.5000  -45.0000 2250.0588   21.9389
    0.0000   22.5000  -45.0000 2254.5801   21.9718
    7.5000   22.5000  -45.0000 2226.7241   22.2026
   -7.5000   30.0000  -45.0000 2136.0364   24.0414
    0.0000   30.0000  -45.0000 2139.3306   24.0810
    7.5000   30.0000  -45.0000 2122.3113   24.3253
   -7.5000   37.5000  -45.0000 2020.7770   26.6103
    0.0000   37.5000  -45.0000 2023.0474   26.5852
    7.5000   37.5000  -45.0000 2011.7727   26.9201
   -7.5000   45.0000  -45.0000 1883.7781   30.0329
    0.0000   45.0000  -45.0000 1881.9601   29.9530
    7.5000   45.0000  -45.0000 1873.5745   30.3335
   -7.5000  -45.0000  -37.5000 2496.8337   17.5538
    0.0000  -45.0000  -37.5000 2502.2717   17.5446
    7.5000  -45.0000  -37.5000 2475.0425   17.7161
   -7.5000  -37.5000  -37.5000 2537.2424   16.5664
    0.0000  -37.5000  -37.5000 2544.5330   16.5308
    7.5000  -37.5000  -37.5000 2515.1650   16.7572
   -7.5000  -30.0000  -37.5000 2567.4888   15.9381
    0.0000  -30.0000  -37.5000 2573.3374   15.8998
    7.5000  -30.0000  -37.5000 2544.0359   16.1768
   -7.5000  -22.5000  -37.5000 2591.2144   15.7012
    0.0000  -22.5000  -37.5000 2592.5488   15.6595
    7.5000  -22.5000  -37.5000 2566.1821   15.9121
   -7.5000  -15.0000  -37.5000 2597.6799   15.8497
    0.0000  -15.0000  -37.5000 2598.4202   15.7860
    7.5000  -15.0000  -37.5000 2572.0220   16.0314
   -7.5000   -7.5000  -37.5000 2579.7698   16.1947
    0.0000   -7.5000  -37.5000 2586.8696   16.1791
    7.5000   -7.5000  -37.5000 2556.9941   16.4059
   -7.5000    0.0000  -37.5000 2550.1501   16.7997
    0.0000    0.0000  -37.5000 2560.4214   16.7814
    7.5000    0.0000  -37.5000 2527.5376   16.9962
   -7.5000    7.5000  -37.5000 2501.3228   17.6664
    0.0000    7.5000  -37.5000 2506.9124   17.6583
    7.5000    7.5000  -37.5000 2475.9263   17.8516
   -7.5000   15.0000  -37.5000 2425.0393   18.8484
    0.0000   15.0000  -37.5000 2433.3015   18.8510
    7.5000   15.0000  -37.5000 2402.5989   19.0154
   -7.5000   22.5000  -37.5000 2328.2952   20.3686
    0.0000   22.5000  -37.5000 2338.8376   20.3777
    7.5000   22.5000  -37.5000 2310.5356   20.6035
   -7.5000   30.0000  -37.5000 2208.7842   22.3047
    0.0000   30.0000  -37.5000 2216.6030   22.3347
    7.5000   30.0000  -37.5000 2197.6809   22.5568
   -7.5000   37.5000  -37.5000 2089.4905   24.6891
    0.0000   37.5000  -37.5000 2096.9255   24.7180
    7.5000   37.5000  -37.5000 2077.0500   24.9358
   -7.5000   45.0000  -37.5000 1950.9785   27.8274
    0.0000   45.0000  -37.5000 1952.4805   27.8188
    7.5000   45.0000  -37.5000 1937.6969   28.1234
   -7.5000  -45.0000  -30.0000 2620.4016   17.1922
    0.0000  -45.0000  -30.0000 2624.1760   17.1621
    7.5000  -45.0000  -30.0000 2602.5391   17.3007
   -7.5000  -37.5000  -30.0000 2672.3894   16.2263
    0.0000  -37.5000  -30.0000 2673.1475   16.1524
    7.5000  -37.5000  -30.0000 2651.3689   16.3376
   -7.5000  -30.0000  -30.0000 2699.4048   15.5438
    0.0000  -30.0000  -30.0000 2696.7224   15.4593
    7.5000  -30.0000  -30.0000 2677.7598   15.7065
   -7.5000  -22.5000  -30.0000 2720.0381   15.2718
    0.0000  -22.5000  -30.0000 2714.0649   15.1838
    7.5000  -22.5000  -30.0000 2697.3564   15.4538
   -7.5000  -15.0000  -30.0000 2730.5864   15.3456
    0.0000  -15.0000  -30.0000 2722.1963   15.2577
    7.5000  -15.0000  -30.0000 2703.5867   15.5073
   -7.5000   -7.5000  -30.0000 2714.6965   15.6242
    0.0000   -7.5000  -30.0000 2720.2136   15.5887
    7.5000   -7.5000  -30.0000 2694.7778   15.8238
   -7.5000    0.0000  -30.0000 2688.6306   16.1674
    0.0000    0.0000  -30.0000 2693.4548   16.1291
    7.5000    0.0000  -30.0000 2669.3896   16.3756
   -7.5000    7.5000  -30.0000 2636.3162   17.0237
    0.0000    7.5000  -30.0000 2640.0015   16.9841
    7.5000    7.5000  -30.0000 2615.6736   17.1808
   -7.5000   15.0000  -30.0000 2553.7656   18.1590
    0.0000   15.0000  -30.0000 2558.3359   18.1181
    7.5000   15.0000  -30.0000 2536.5620   18.3546
   -7.5000   22.5000  -30.0000 2451.2644   19.6277
    0.0000   22.5000  -30.0000 2458.4231   19.6120
    7.5000   22.5000  -30.0000 2437.9060   19.8421
   -7.5000   30.0000  -30.0000 2325.0735   21.4361
    0.0000   30.0000  -30.0000 2334.3376   21.4385
    7.5000   30.0000  -30.0000 2316.3889   21.6644
   -7.5000   37.5000  -30.0000 2195.4719   23.6750
    0.0000   37.5000  -30.0000 2204.6965   23.7066
    7.5000   37.5000  -30.0000 2187.1335   23.9284
   -7.5000   45.0000  -30.0000 2053.6687   26.7181
    0.0000   45.0000  -30.0000 2058.7148   26.7532
    7.5000   45.0000  -30.0000 2041.5786   26.9825
   -7.5000  -45.0000  -22.5000 2712.0789   16.7025
    0.0000  -45.0000  -22.5000 2717.0718   16.6672
    7.5000  -45.0000  -22.5000 2693.8992   16.7957
   -7.5000  -37.5000  -22.5000 2768.6082   15.7204
    0.0000  -37.5000  -22.5000 2768.7488   15.6511
    7.5000  -37.5000  -22.5000 2750.9453   15.8030
   -7.5000  -30.0000  -22.5000 2804.7578   15.0380
    0.0000  -30.0000  -22.5000 2797.1826   14.9365
    7.5000  -30.0000  -22.5000 2784.9851   15.1563
   -7.5000  -22.5000  -22.5000 2820.9609   14.6924
    0.0000  -22.5000  -22.5000 2815.1147   14.6079
    7.5000  -22.5000  -22.5000 2797.2961   14.8482
   -7.5000  -15.0000  -22.5000 2825.8313   14.6969
    0.0000  -15.0000  -22.5000 2825.7571   14.6493
    7.5000  -15.0000  -22.5000 2804.6619   14.8978
   -7.5000   -7.5000  -22.5000 2811.5806   14.9668
    0.0000   -7.5000  -22.5000 2818.4148   14.9129
    7.5000   -7.5000  -22.5000 2799.1548   15.1845
   -7.5000    0.0000  -22.5000 2789.8914   15.4778
    0.0000    0.0000  -22.5000 2796.9963   15.4402
    7.5000    0.0000  -22.5000 2774.8542   15.7070
   -7.5000    7.5000  -22.5000 2740.5618   16.2798
    0.0000    7.5000  -22.5000 2741.1465   16.2242
    7.5000    7.5000  -22.5000 2720.0481   16.4533
   -7.5000   15.0000  -22.5000 2654.6172   17.4309
    0.0000   15.0000  -22.5000 2658.6025   17.3595
    7.5000   15.0000  -22.5000 2636.7253   17.6014
   -7.5000   22.5000  -22.5000 2545.2610   18.8638
    0.0000   22.5000  -22.5000 2552.6807   18.8081
    7.5000   22.5000  -22.5000 2534.1072   19.0351
   -7.5000   30.0000  -22.5000 2415.5630   20.5818
    0.0000   30.0000  -22.5000 2426.8877   20.5504
    7.5000   30.0000  -22.5000 2405.0278   20.7428
   -7.5000   37.5000  -22.5000 2279.1924   22.7242
    0.0000   37.5000  -22.5000 2287.0591   22.7182
    7.5000   37.5000  -22.5000 2265.9263   22.9314
   -7.5000   45.0000  -22.5000 2128.9578   25.5734
    0.0000   45.0000  -22.5000 2134.0513   25.6122
    7.5000   45.0000  -22.5000 2112.7146   25.7977
   -7.5000  -45.0000  -15.0000 2756.6052   16.2472
    0.0000  -45.0000  -15.0000 2758.9597   16.1982
    7.5000  -45.0000  -15.0000 2739.8081   16.3245
   -7.5000  -37.5000  -15.0000 2820.8066   15.2601
    0.0000  -37.5000  -15.0000 2821.0530   15.2214
    7.5000  -37.5000  -15.0000 2803.4819   15.3447
   -7.5000  -30.0000  -15.0000 2865.1619   14.5614
    0.0000  -30.0000  -15.0000 2861.8044   14.5263
    7.5000  -30.0000  -15.0000 2839.2205   14.6429
   -7.5000  -22.5000  -15.0000 2885.6582   14.1068
    0.0000  -22.5000  -15.0000 2884.6167   14.0608
    7.5000  -22.5000  -15.0000 2856.6548   14.2681
   -7.5000  -15.0000  -15.0000 2891.1697   14.0610
    0.0000  -15.0000  -15.0000 2893.1614   14.0175
    7.5000  -15.0000  -15.0000 2868.1580   14.3095
   -7.5000   -7.5000  -15.0000 2874.3491   14.3519
    0.0000   -7.5000  -15.0000 2881.5525   14.3075
    7.5000   -7.5000  -15.0000 2863.1982   14.6126
   -7.5000    0.0000  -15.0000 2850.8486   14.8717
    0.0000    0.0000  -15.0000 2860.0112   14.8117
    7.5000    0.0000  -15.0000 2841.7705   15.0921
   -7.5000    7.5000  -15.0000 2798.1077   15.6367
    0.0000    7.5000  -15.0000 2803.3635   15.5668
    7.5000    7.5000  -15.0000 2783.6479   15.8269
   -7.5000   15.0000  -15.0000 2717.0681   16.7439
    0.0000   15.0000  -15.0000 2718.2034   16.6597
    7.5000   15.0000  -15.0000 2692.5220   16.9238
   -7.5000   22.5000  -15.0000 2609.0840   18.1374
    0.0000   22.5000  -15.0000 2615.4067   18.0441
    7.5000   22.5000  -15.0000 2591.7278   18.3166
   -7.5000   30.0000  -15.0000 2479.7166   19.8369
    0.0000   30.0000  -15.0000 2491.7917   19.7676
    7.5000   30.0000  -15.0000 2464.5867   20.0269
   -7.5000   37.5000  -15.0000 2330.1370   21.8695
    0.0000   37.5000  -15.0000 2343.2095   21.9082
    7.5000   37.5000  -15.0000 2321.7476   22.1460
   -7.5000   45.0000  -15.0000 2170.8403   24.4891
    0.0000   45.0000  -15.0000 2181.7256   24.5930
    7.5000   45.0000  -15.0000 2161.9116   24.7892
   -7.5000  -45.0000   -7.5000 2769.4741   15.8757
    0.0000  -45.0000   -7.5000 2776.1648   15.8441
    7.5000  -45.0000   -7.5000 2754.5139   15.9875
   -7.5000  -37.5000   -7.5000 2844.5654   14.8930
    0.0000  -37.5000   -7.5000 2848.3572   14.8792
    7.5000  -37.5000   -7.5000 2825.7351   14.9814
   -7.5000  -30.0000   -7.5000 2896.7952   14.1854
    0.0000  -30.0000   -7.5000 2904.4568   14.2067
    7.5000  -30.0000   -7.5000 2872.4895   14.2479
   -7.5000  -22.5000   -7.5000 2922.2991   13.7226
    0.0000  -22.5000   -7.5000 2930.4041   13.7004
    7.5000  -22.5000   -7.5000 2894.0955   13.8493
   -7.5000  -15.0000   -7.5000 2921.6262   13.5352
    0.0000  -15.0000   -7.5000 2924.4819   13.4946
    7.5000  -15.0000   -7.5000 2899.4875   13.8275
   -7.5000   -7.5000   -7.5000 2904.7319   13.8535
    0.0000   -7.5000   -7.5000 2915.8391   13.8089
    7.5000   -7.5000   -7.5000 2895.6694   14.1371
   -7.5000    0.0000   -7.5000 2885.1523   14.3737
    0.0000    0.0000   -7.5000 2897.1023   14.3223
    7.5000    0.0000   -7.5000 2871.7493   14.6241
   -7.5000    7.5000   -7.5000 2835.0576   15.1184
    0.0000    7.5000   -7.5000 2841.9143   15.0568
    7.5000    7.5000   -7.5000 2821.6060   15.3313
   -7.5000   15.0000   -7.5000 2752.3083   16.2007
    0.0000   15.0000   -7.5000 2754.3679   16.1028
    7.5000   15.0000   -7.5000 2732.9160   16.3803
   -7.5000   22.5000   -7.5000 2649.6794   17.5887
    0.0000   22.5000   -7.5000 2655.6719   17.4799
    7.5000   22.5000   -7.5000 2630.9490   17.7683
   -7.5000   30.0000   -7.5000 2520.3386   19.2460
    0.0000   30.0000   -7.5000 2533.0798   19.1891
    7.5000   30.0000   -7.5000 2507.5796   19.4894
   -7.5000   37.5000   -7.5000 2369.4729   21.2181
    0.0000   37.5000   -7.5000 2380.7205   21.2161
    7.5000   37.5000   -7.5000 2361.2542   21.5153
   -7.5000   45.0000   -7.5000 2203.5647   23.6595
    0.0000   45.0000   -7.5000 2211.5129   23.7400
    7.5000   45.0000   -7.5000 2193.3486   23.9712
   -7.5000  -45.0000    0.0000 2762.9885   15.7832
    0.0000  -45.0000    0.0000 2771.5500   15.7531
    7.5000  -45.0000    0.0000 2749.5586   15.8731
   -7.5000  -37.5000    0.0000 2847.2830   14.7917
    0.0000  -37.5000    0.0000 2859.4287   14.8125
    7.5000  -37.5000    0.0000 2835.0884   14.8585
   -7.5000  -30.0000    0.0000 2908.6638   14.1207
    0.0000  -30.0000    0.0000 2923.3364   14.1492
    7.5000  -30.0000    0.0000 2889.8718   14.1377
   -7.5000  -22.5000    0.0000 2944.8296   13.7014
    0.0000  -22.5000    0.0000 2958.7732   13.7200
    7.5000  -22.5000    0.0000 2920.8459   13.7442
   -7.5000  -15.0000    0.0000 2938.7590   13.4227
    0.0000  -15.0000    0.0000 2947.9709   13.4526
    7.5000  -15.0000    0.0000 2928.9531   13.6846
   -7.5000   -7.5000    0.0000 2918.3059   13.5666
    0.0000   -7.5000    0.0000 2933.4023   13.6000
    7.5000   -7.5000    0.0000 2904.3667   13.8248
   -7.5000    0.0000    0.0000 2891.7712   14.0661
    0.0000    0.0000    0.0000 2904.9807   14.0449
    7.5000    0.0000    0.0000 2873.5498   14.2464
   -7.5000    7.5000    0.0000 2842.9680   14.8569
    0.0000    7.5000    0.0000 2847.4863   14.7469
    7.5000    7.5000    0.0000 2824.4089   14.9579
   -7.5000   15.0000    0.0000 2768.8022   15.9502
    0.0000   15.0000    0.0000 2773.5601   15.7950
    7.5000   15.0000    0.0000 2746.0046   16.0294
   -7.5000   22.5000    0.0000 2672.9351   17.3252
    0.0000   22.5000    0.0000 2676.6248   17.2109
    7.5000   22.5000    0.0000 2651.8296   17.4160
   -7.5000   30.0000    0.0000 2551.8967   18.9858
    0.0000   30.0000    0.0000 2558.1165   18.9151
    7.5000   30.0000    0.0000 2535.1790   19.1328
   -7.5000   37.5000    0.0000 2402.5356   20.9481
    0.0000   37.5000    0.0000 2408.1599   20.9105
    7.5000   37.5000    0.0000 2390.6953   21.1277
   -7.5000   45.0000    0.0000 2230.3059   23.4389
    0.0000   45.0000    0.0000 2238.7239   23.4474
    7.5000   45.0000    0.0000 2217.7109   23.6560
   -7.5000  -45.0000    7.5000 2733.8479   15.8330
    0.0000  -45.0000    7.5000 2748.1978   15.8681
    7.5000  -45.0000    7.5000 2729.9880   15.9500
   -7.5000  -37.5000    7.5000 2827.1208   14.8985
    0.0000  -37.5000    7.5000 2848.7695   14.9787
    7.5000  -37.5000    7.5000 2826.9922   14.9736
   -7.5000  -30.0000    7.5000 2907.9377   14.3339
    0.0000  -30.0000    7.5000 2939.8667   14.4569
    7.5000  -30.0000    7.5000 2897.3572   14.2853
   -7.5000  -22.5000    7.5000 2966.6299   13.9916
    0.0000  -22.5000    7.5000 2999.4121   14.1217
    7.5000  -22.5000    7.5000 2936.7307   13.8984
   -7.5000  -15.0000    7.5000 2960.9021   13.6403
    0.0000  -15.0000    7.5000 2986.0178   13.7826
    7.5000  -15.0000    7.5000 2930.9241   13.6937
   -7.5000   -7.5000    7.5000 2929.6221   13.5998
    0.0000   -7.5000    7.5000 2949.7659   13.6547
    7.5000   -7.5000    7.5000 2905.2766   13.7144
   -7.5000    0.0000    7.5000 2895.2280   13.9963
    0.0000    0.0000    7.5000 2905.0657   13.9194
    7.5000    0.0000    7.5000 2874.3672   14.0992
   -7.5000    7.5000    7.5000 2845.0349   14.7731
    0.0000    7.5000    7.5000 2856.3916   14.6829
    7.5000    7.5000    7.5000 2825.5344   14.8666
   -7.5000   15.0000    7.5000 2772.6582   15.8968
    0.0000   15.0000    7.5000 2778.8518   15.7813
    7.5000   15.0000    7.5000 2754.5615   15.9587
   -7.5000   22.5000    7.5000 2682.3833   17.2803
    0.0000   22.5000    7.5000 2689.1755   17.2014
    7.5000   22.5000    7.5000 2666.6953   17.3665
   -7.5000   30.0000    7.5000 2566.0149   18.9396
    0.0000   30.0000    7.5000 2573.9309   18.8838
    7.5000   30.0000    7.5000 2547.4106   19.0379
   -7.5000   37.5000    7.5000 2420.2881   20.9210
    0.0000   37.5000    7.5000 2430.9312   20.8958
    7.5000   37.5000    7.5000 2404.6299   21.0431
   -7.5000   45.0000    7.5000 2245.5857   23.3863
    0.0000   45.0000    7.5000 2262.3572   23.4403
    7.5000   45.0000    7.5000 2231.6326   23.5189
   -7.5000  -45.0000   15.0000 2705.3052   16.2805
    0.0000  -45.0000   15.0000 2715.7126   16.3985
    7.5000  -45.0000   15.0000 2701.3572   16.3993
   -7.5000  -37.5000   15.0000 2811.1677   15.3310
    0.0000  -37.5000   15.0000 2835.1892   15.4887
    7.5000  -37.5000   15.0000 2803.5962   15.3886
   -7.5000  -30.0000   15.0000 2899.6562   14.6981
    0.0000  -30.0000   15.0000 2934.3149   14.8955
    7.5000  -30.0000   15.0000 2881.9268   14.6599
   -7.5000  -22.5000   15.0000 2956.7295   14.2394
    0.0000  -22.5000   15.0000 2994.9954   14.4392
    7.5000  -22.5000   15.0000 2917.4463   14.1630
   -7.5000  -15.0000   15.0000 2949.6260   13.7917
    0.0000  -15.0000   15.0000 2977.9172   13.8927
    7.5000  -15.0000   15.0000 2911.7510   13.8368
   -7.5000   -7.5000   15.0000 2925.6721   13.8151
    0.0000   -7.5000   15.0000 2938.4292   13.7776
    7.5000   -7.5000   15.0000 2891.5771   13.8755
   -7.5000    0.0000   15.0000 2894.9526   14.2893
    0.0000    0.0000   15.0000 2911.6760   14.2586
    7.5000    0.0000   15.0000 2866.0398   14.3197
   -7.5000    7.5000   15.0000 2843.0229   15.1057
    0.0000    7.5000   15.0000 2852.9453   15.0750
    7.5000    7.5000   15.0000 2821.7473   15.1618
   -7.5000   15.0000   15.0000 2762.3750   16.1839
    0.0000   15.0000   15.0000 2764.5796   16.0836
    7.5000   15.0000   15.0000 2747.4543   16.2156
   -7.5000   22.5000   15.0000 2664.6931   17.4824
    0.0000   22.5000   15.0000 2675.0137   17.3934
    7.5000   22.5000   15.0000 2657.3867   17.5540
   -7.5000   30.0000   15.0000 2553.4172   19.0472
    0.0000   30.0000   15.0000 2567.6741   18.9819
    7.5000   30.0000   15.0000 2544.5667   19.1625
   -7.5000   37.5000   15.0000 2414.7073   21.0047
    0.0000   37.5000   15.0000 2426.0999   20.9943
    7.5000   37.5000   15.0000 2408.6716   21.1579
   -7.5000   45.0000   15.0000 2251.1821   23.4828
    0.0000   45.0000   15.0000 2266.8093   23.5278
    7.5000   45.0000   15.0000 2240.2319   23.6591
   -7.5000  -45.0000   22.5000 2672.5479   16.8940
    0.0000  -45.0000   22.5000 2681.7756   16.9991
    7.5000  -45.0000   22.5000 2663.7737   16.9934
   -7.5000  -37.5000   22.5000 2778.8982   15.8344
    0.0000  -37.5000   22.5000 2795.9409   15.9609
    7.5000  -37.5000   22.5000 2768.4753   15.9201
   -7.5000  -30.0000   22.5000 2865.6638   15.1249
    0.0000  -30.0000   22.5000 2893.6274   15.2579
    7.5000  -30.0000   22.5000 2849.5901   15.1473
   -7.5000  -22.5000   22.5000 2918.2930   14.5040
    0.0000  -22.5000   22.5000 2951.4028   14.6383
    7.5000  -22.5000   22.5000 2888.3354   14.5654
   -7.5000  -15.0000   22.5000 2925.9292   14.0227
    0.0000  -15.0000   22.5000 2938.1052   13.9985
    7.5000  -15.0000   22.5000 2894.6550   14.1854
   -7.5000   -7.5000   22.5000 2909.8511   14.0973
    0.0000   -7.5000   22.5000 2931.8179   14.1025
    7.5000   -7.5000   22.5000 2888.6460   14.2539
   -7.5000    0.0000   22.5000 2884.1558   14.6291
    0.0000    0.0000   22.5000 2909.4910   14.6377
    7.5000    0.0000   22.5000 2866.8577   14.7606
   -7.5000    7.5000   22.5000 2830.4246   15.5396
    0.0000    7.5000   22.5000 2844.4509   15.5058
    7.5000    7.5000   22.5000 2815.3391   15.6129
   -7.5000   15.0000   22.5000 2752.3777   16.7176
    0.0000   15.0000   22.5000 2753.8486   16.6607
    7.5000   15.0000   22.5000 2737.6060   16.7637
   -7.5000   22.5000   22.5000 2655.1350   18.0248
    0.0000   22.5000   22.5000 2663.0286   17.9449
    7.5000   22.5000   22.5000 2644.4988   18.0861
   -7.5000   30.0000   22.5000 2533.8003   19.4856
    0.0000   30.0000   22.5000 2549.9690   19.4740
    7.5000   30.0000   22.5000 2526.8777   19.6112
   -7.5000   37.5000   22.5000 2397.0376   21.3628
    0.0000   37.5000   22.5000 2405.5339   21.3732
    7.5000   37.5000   22.5000 2390.9624   21.4933
   -7.5000   45.0000   22.5000 2239.9343   23.7955
    0.0000   45.0000   22.5000 2245.6548   23.8014
    7.5000   45.0000   22.5000 2225.8784   23.9611
   -7.5000  -45.0000   30.0000 2624.7109   17.5217
    0.0000  -45.0000   30.0000 2634.1360   17.6130
    7.5000  -45.0000   30.0000 2621.9595   17.7409
   -7.5000  -37.5000   30.0000 2731.9651   16.4595
    0.0000  -37.5000   30.0000 2735.6279   16.5345
    7.5000  -37.5000   30.0000 2727.2886   16.6344
   -7.5000  -30.0000   30.0000 2814.4309   15.6574
    0.0000  -30.0000   30.0000 2829.8083   15.7403
    7.5000  -30.0000   30.0000 2809.2800   15.8057
   -7.5000  -22.5000   30.0000 2861.2432   14.9731
    0.0000  -22.5000   30.0000 2874.2698   14.9557
    7.5000  -22.5000   30.0000 2844.9026   15.1280
   -7.5000  -15.0000   30.0000 2873.0139   14.5703
    0.0000  -15.0000   30.0000 2886.8989   14.5325
    7.5000  -15.0000   30.0000 2857.8606   14.7610
   -7.5000   -7.5000   30.0000 2868.7803   14.6574
    0.0000   -7.5000   30.0000 2894.2986   14.6928
    7.5000   -7.5000   30.0000 2859.1807   14.8597
   -7.5000    0.0000   30.0000 2851.9507   15.1454
    0.0000    0.0000   30.0000 2872.6562   15.1617
    7.5000    0.0000   30.0000 2837.2205   15.3160
   -7.5000    7.5000   30.0000 2801.5667   16.0294
    0.0000    7.5000   30.0000 2813.4478   15.9878
    7.5000    7.5000   30.0000 2790.6313   16.1336
   -7.5000   15.0000   30.0000 2721.4170   17.1928
    0.0000   15.0000   30.0000 2730.8469   17.1745
    7.5000   15.0000   30.0000 2712.7378   17.2896
   -7.5000   22.5000   30.0000 2632.9619   18.6305
    0.0000   22.5000   30.0000 2640.8008   18.5609
    7.5000   22.5000   30.0000 2621.3640   18.6730
   -7.5000   30.0000   30.0000 2512.0708   20.1890
    0.0000   30.0000   30.0000 2526.5774   20.1547
    7.5000   30.0000   30.0000 2507.3796   20.2696
   -7.5000   37.5000   30.0000 2366.9395   21.9831
    0.0000   37.5000   30.0000 2377.4006   21.9989
    7.5000   37.5000   30.0000 2362.1182   22.0947
   -7.5000   45.0000   30.0000 2217.9592   24.3930
    0.0000   45.0000   30.0000 2222.8206   24.4403
    7.5000   45.0000   30.0000 2206.7571   24.5320
   -7.5000  -45.0000   37.5000 2575.5149   18.4121
    0.0000  -45.0000   37.5000 2572.1714   18.3554
    7.5000  -45.0000   37.5000 2573.7429   18.6860
   -7.5000  -37.5000   37.5000 2678.7515   17.2892
    0.0000  -37.5000   37.5000 2672.5190   17.2522
    7.5000  -37.5000   37.5000 2676.6401   17.5154
   -7.5000  -30.0000   37.5000 2750.0979   16.3450
    0.0000  -30.0000   37.5000 2752.2358   16.3112
    7.5000  -30.0000   37.5000 2748.9114   16.5606
   -7.5000  -22.5000   37.5000 2789.6829   15.6479
    0.0000  -22.5000   37.5000 2790.4634   15.5300
    7.5000  -22.5000   37.5000 2779.4412   15.8392
   -7.5000  -15.0000   37.5000 2810.8425   15.3428
    0.0000  -15.0000   37.5000 2811.3840   15.2909
    7.5000  -15.0000   37.5000 2801.8916   15.5749
   -7.5000   -7.5000   37.5000 2810.0271   15.4250
    0.0000   -7.5000   37.5000 2825.9133   15.4112
    7.5000   -7.5000   37.5000 2805.3206   15.6369
   -7.5000    0.0000   37.5000 2795.5474   15.9007
    0.0000    0.0000   37.5000 2811.0063   15.8837
    7.5000    0.0000   37.5000 2785.8105   16.0668
   -7.5000    7.5000   37.5000 2752.9697   16.6955
    0.0000    7.5000   37.5000 2767.6560   16.6494
    7.5000    7.5000   37.5000 2744.7659   16.8289
   -7.5000   15.0000   37.5000 2687.6523   17.8087
    0.0000   15.0000   37.5000 2700.0503   17.7494
    7.5000   15.0000   37.5000 2676.6760   17.9142
   -7.5000   22.5000   37.5000 2597.9597   19.2405
    0.0000   22.5000   37.5000 2610.1106   19.1961
    7.5000   22.5000   37.5000 2594.8926   19.3244
   -7.5000   30.0000   37.5000 2471.1448   20.8574
    0.0000   30.0000   37.5000 2480.5110   20.8457
    7.5000   30.0000   37.5000 2468.3552   20.9755
   -7.5000   37.5000   37.5000 2327.1477   22.7630
    0.0000   37.5000   37.5000 2338.8450   22.7869
    7.5000   37.5000   37.5000 2319.8279   22.9330
   -7.5000   45.0000   37.5000 2193.8245   25.2630
    0.0000   45.0000   37.5000 2197.3289   25.2898
    7.5000   45.0000   37.5000 2182.8667   25.4701
   -7.5000  -45.0000   45.0000 2514.2949   19.5075
    0.0000  -45.0000   45.0000 2506.3572   19.3534
    7.5000  -45.0000   45.0000 2512.7166   19.7677
   -7.5000  -37.5000   45.0000 2609.2322   18.2894
    0.0000  -37.5000   45.0000 2604.6338   18.1437
    7.5000  -37.5000   45.0000 2608.7297   18.5379
   -7.5000  -30.0000   45.0000 2670.2261   17.2677
    0.0000  -30.0000   45.0000 2668.9468   17.1159
    7.5000  -30.0000   45.0000 2668.5491   17.4791
   -7.5000  -22.5000   45.0000 2711.5647   16.5582
    0.0000  -22.5000   45.0000 2709.4355   16.4380
    7.5000  -22.5000   45.0000 2703.3174   16.7781
   -7.5000  -15.0000   45.0000 2729.7375   16.3251
    0.0000  -15.0000   45.0000 2726.0728   16.2224
    7.5000  -15.0000   45.0000 2724.5352   16.5209
   -7.5000   -7.5000   45.0000 2726.2781   16.4320
    0.0000   -7.5000   45.0000 2734.9524   16.3564
    7.5000   -7.5000   45.0000 2724.8044   16.5905
   -7.5000    0.0000   45.0000 2718.0337   16.8455
    0.0000    0.0000   45.0000 2729.6494   16.7587
    7.5000    0.0000   45.0000 2716.2327   16.9894
   -7.5000    7.5000   45.0000 2686.5117   17.5719
    0.0000    7.5000   45.0000 2702.8572   17.4904
    7.5000    7.5000   45.0000 2682.9526   17.7128
   -7.5000   15.0000   45.0000 2637.0698   18.6395
    0.0000   15.0000   45.0000 2648.7573   18.5462
    7.5000   15.0000   45.0000 2623.5491   18.7480
   -7.5000   22.5000   45.0000 2549.4768   20.0453
    0.0000   22.5000   45.0000 2560.1985   20.0116
    7.5000   22.5000   45.0000 2542.7563   20.1723
   -7.5000   30.0000   45.0000 2414.1682   21.7672
    0.0000   30.0000   45.0000 2426.2778   21.7782
    7.5000   30.0000   45.0000 2413.0664   21.8967
   -7.5000   37.5000   45.0000 2279.2837   23.7882
    0.0000   37.5000   45.0000 2288.4058   23.8289
    7.5000   37.5000   45.0000 2273.7456   23.9361
   -7.5000   45.0000   45.0000 2159.0015   26.4178
    0.0000   45.0000   45.0000 2164.8069   26.4670
    7.5000   45.0000   45.0000 2152.6924   26.6153

---------------------------------------------------------------------
imgreg_4dfp /usr/local/freesurfer/average/711-2C_as_mni_average_305 /usr/local/freesurfer/average/711-2B_as_mni_average_305_mask talsrcimg_g11 none talsrcimg_to_711-2C_as_mni_average_305_t4 1283
---------------------------------------------------------------------

freesurfer imgreg_4dfp.c
/usr/local/freesurfer/average/711-2C_as_mni_average_305.4dfp.img
       256       256       256         1
  1.000000  1.000000  1.000000
orientation T byte_order littleendian
Reading image: /usr/local/freesurfer/average/711-2C_as_mni_average_305.4dfp.img
dimensions:      256       256       256
mmppix:       1.0000   -1.0000   -1.0000
center:     128.0000 -129.0000 -129.0000
/usr/local/freesurfer/average/711-2B_as_mni_average_305_mask.4dfp.img
       256       256       256         1
  1.000000  1.000000  1.000000
orientation T byte_order littleendian
Reading mask: /usr/local/freesurfer/average/711-2B_as_mni_average_305_mask.4dfp.img (2306576 pixels)
talsrcimg_g11.4dfp.img
       256       256       256         1
  1.000000  1.000000  1.000000
orientation T byte_order littleendian
Reading image: talsrcimg_g11.4dfp.img
dimensions:      256       256       256
mmppix:       1.0000   -1.0000   -1.0000
center:     128.0000 -129.0000 -129.0000
rotation matrix determinant  1.000000
fimgreg.f
image alignment mode   1283 decimal      503 hex
parameters
    0.0000  -22.5000    7.5000    0.0000    0.0000    0.0000
eta,q 0.94232 14.16043
niter,ni,del,rscale     5    3   12.0000    1.2000
parameter  2 -0.537693 -> -0.500000 qaram    1.1500
parameter  3 -0.919987 -> -0.500000 qaram    1.1500
parameter  4 -7.076889 ->  0.500000 qaram    1.1500
parameters
   -1.9250  -19.0500   10.9500   -3.4500   -1.3972    0.1364
eta,q 0.95322 14.19422
  0.0643  0.0710  0.0668  0.0437  0.0525  0.0498
  0.0578  0.0647  0.0623  0.0464  0.0485  0.0479
  0.0556  0.0596  0.0583  0.0496  0.0469  0.0469
  0.0586  0.0555  0.0548  0.0524  0.0473  0.0468
  0.0639  0.0545  0.0531  0.0535  0.0500  0.0470
  0.0709  0.0546  0.0519  0.0556  0.0551  0.0478
  0.0765  0.0553  0.0516  0.0591  0.0593  0.0494
niter,ni,del,rscale     7    3   12.0000    1.2000
parameter  4  5.679339 ->  0.500000 qaram    1.3225
parameters
   -1.7214  -18.8615   11.0827   -7.4175   -1.3233    0.2259
eta,q 0.95824 14.26388
  0.0685  0.0608  0.0573  0.0408  0.0523  0.0462
  0.0596  0.0531  0.0520  0.0415  0.0474  0.0440
  0.0517  0.0491  0.0481  0.0432  0.0434  0.0423
  0.0468  0.0467  0.0467  0.0466  0.0417  0.0417
  0.0498  0.0480  0.0469  0.0505  0.0432  0.0422
  0.0581  0.0526  0.0505  0.0524  0.0472  0.0434
  0.0660  0.0592  0.0574  0.0540  0.0517  0.0462
niter,ni,del,rscale     7    3   12.0000    1.2000
parameters
   -1.6308  -17.8125   11.1335  -10.8241   -1.4316   -0.2694
eta,q 0.96032 14.34392
  0.0628  0.0634  0.0569  0.0431  0.0494  0.0439
  0.0538  0.0532  0.0492  0.0399  0.0445  0.0415
  0.0463  0.0452  0.0431  0.0400  0.0412  0.0400
  0.0418  0.0417  0.0413  0.0413  0.0397  0.0397
  0.0458  0.0419  0.0440  0.0445  0.0411  0.0404
  0.0546  0.0469  0.0490  0.0496  0.0449  0.0423
  0.0607  0.0530  0.0561  0.0533  0.0504  0.0459
niter,ni,del,rscale     6    3   12.0000    1.2000
parameters
   -1.6059  -16.8131   10.3334  -12.0603   -1.5223   -0.5152
eta,q 0.96187 14.32211
  0.0603  0.0622  0.0510  0.0447  0.0493  0.0422
  0.0517  0.0515  0.0441  0.0402  0.0434  0.0398
  0.0445  0.0433  0.0398  0.0379  0.0396  0.0384
  0.0397  0.0397  0.0394  0.0390  0.0381  0.0382
  0.0440  0.0401  0.0431  0.0409  0.0397  0.0388
  0.0534  0.0450  0.0489  0.0439  0.0443  0.0401
  0.0588  0.0520  0.0570  0.0491  0.0497  0.0430
niter,ni,del,rscale     5    3   12.0000    1.2000
parameters
   -1.5678  -16.2896    9.9816  -12.6623   -1.5797   -0.5540
eta,q 0.96261 14.29677
  0.0601  0.0589  0.0518  0.0458  0.0490  0.0417
  0.0517  0.0492  0.0442  0.0405  0.0429  0.0392
  0.0434  0.0417  0.0391  0.0373  0.0389  0.0379
  0.0381  0.0381  0.0379  0.0378  0.0374  0.0374
  0.0430  0.0397  0.0410  0.0403  0.0391  0.0380
  0.0527  0.0464  0.0466  0.0429  0.0437  0.0392
  0.0587  0.0532  0.0544  0.0474  0.0490  0.0419
niter,ni,del,rscale     4    3   12.0000    1.2000
parameters
   -1.5431  -16.0232    9.8501  -12.9607   -1.6241   -0.5456
eta,q 0.96291 14.28286
  0.0599  0.0576  0.0525  0.0464  0.0487  0.0415
  0.0515  0.0482  0.0443  0.0410  0.0426  0.0391
  0.0427  0.0410  0.0388  0.0372  0.0386  0.0377
  0.0374  0.0374  0.0373  0.0373  0.0371  0.0371
  0.0425  0.0401  0.0401  0.0399  0.0388  0.0376
  0.0524  0.0473  0.0455  0.0427  0.0434  0.0389
  0.0588  0.0542  0.0530  0.0466  0.0487  0.0416
niter,ni,del,rscale     3    3   12.0000    1.2000
parameters
   -1.5302  -15.9050    9.7960  -13.0946   -1.6489   -0.5429
eta,q 0.96302 14.27701
  0.0598  0.0569  0.0528  0.0468  0.0486  0.0414
  0.0513  0.0476  0.0443  0.0414  0.0426  0.0390
  0.0424  0.0406  0.0387  0.0373  0.0385  0.0376
  0.0371  0.0371  0.0371  0.0370  0.0370  0.0370
  0.0422  0.0405  0.0398  0.0397  0.0386  0.0375
  0.0523  0.0479  0.0451  0.0425  0.0432  0.0388
  0.0589  0.0549  0.0526  0.0462  0.0485  0.0415
niter,ni,del,rscale     2    3   12.0000    1.2000
parameters
   -1.5229  -15.8533    9.7727  -13.1520   -1.6626   -0.5414
eta,q 0.96307 14.27455
  0.0597  0.0567  0.0529  0.0470  0.0486  0.0414
  0.0513  0.0474  0.0443  0.0416  0.0425  0.0390
  0.0423  0.0404  0.0386  0.0373  0.0385  0.0375
  0.0370  0.0370  0.0370  0.0370  0.0369  0.0369
  0.0421  0.0407  0.0397  0.0396  0.0386  0.0374
  0.0522  0.0481  0.0450  0.0425  0.0432  0.0388
  0.0590  0.0552  0.0524  0.0461  0.0484  0.0415
registration optimization eta report
parameter search radius
    6.0000    6.9000    6.9000    7.9350    6.0000    6.0000
100000*second partial in parameter space
       57.       38.       32.       15.       32.       12.
  0.0597  0.0567  0.0529  0.0470  0.0486  0.0414
  0.0513  0.0474  0.0443  0.0416  0.0425  0.0390
  0.0423  0.0404  0.0386  0.0373  0.0385  0.0375
  0.0370  0.0370  0.0370  0.0370  0.0369  0.0369
  0.0421  0.0407  0.0397  0.0396  0.0386  0.0374
  0.0522  0.0481  0.0450  0.0425  0.0432  0.0388
  0.0590  0.0552  0.0524  0.0461  0.0484  0.0415
   -1.5229  -15.8533    9.7727  -13.1520   -1.6626   -0.5414
eta,q 0.96307 14.27455

---------------------------------------------------------------------
imgreg_4dfp /usr/local/freesurfer/average/711-2C_as_mni_average_305 /usr/local/freesurfer/average/711-2B_as_mni_average_305_mask talsrcimg_g11 none talsrcimg_to_711-2C_as_mni_average_305_t4 3335
---------------------------------------------------------------------

freesurfer imgreg_4dfp.c
/usr/local/freesurfer/average/711-2C_as_mni_average_305.4dfp.img
       256       256       256         1
  1.000000  1.000000  1.000000
orientation T byte_order littleendian
Reading image: /usr/local/freesurfer/average/711-2C_as_mni_average_305.4dfp.img
dimensions:      256       256       256
mmppix:       1.0000   -1.0000   -1.0000
center:     128.0000 -129.0000 -129.0000
/usr/local/freesurfer/average/711-2B_as_mni_average_305_mask.4dfp.img
       256       256       256         1
  1.000000  1.000000  1.000000
orientation T byte_order littleendian
Reading mask: /usr/local/freesurfer/average/711-2B_as_mni_average_305_mask.4dfp.img (2306576 pixels)
talsrcimg_g11.4dfp.img
       256       256       256         1
  1.000000  1.000000  1.000000
orientation T byte_order littleendian
Reading image: talsrcimg_g11.4dfp.img
dimensions:      256       256       256
mmppix:       1.0000   -1.0000   -1.0000
center:     128.0000 -129.0000 -129.0000
fimgreg.f
image alignment mode   3335 decimal      D07 hex
parameters
   -1.5229  -15.8533    9.7727   -0.0466   -2.6211   -2.6640
    0.2599    3.0401   -0.9444   22.7258   -2.9013  -22.7440
eta,q 0.96253 14.39601
niter,ni,del,rscale     5    3    5.0000    1.2000
parameter  4  0.818534 ->  0.500000 qaram    1.1500
parameter  5  1.255285 ->  0.500000 qaram    1.1500
parameter 12  0.895225 ->  0.500000 qaram    1.1500
parameters
   -1.5755  -15.6393    9.5483   -4.1866   -6.7611   -4.4772
   -0.0127    2.9704    0.0864   20.7393   -1.3360  -26.8840
eta,q 0.97212 14.20607
  0.0425  0.0407  0.0391  0.0331  0.0269  0.0307  0.0316  0.0348  0.0320  0.0302  0.0301  0.0279
  0.0397  0.0390  0.0380  0.0332  0.0282  0.0298  0.0300  0.0313  0.0305  0.0292  0.0294  0.0278
  0.0380  0.0380  0.0375  0.0343  0.0302  0.0290  0.0291  0.0294  0.0294  0.0286  0.0289  0.0281
  0.0375  0.0375  0.0374  0.0374  0.0334  0.0286  0.0289  0.0288  0.0288  0.0288  0.0286  0.0286
  0.0382  0.0376  0.0378  0.0433  0.0380  0.0294  0.0293  0.0296  0.0289  0.0297  0.0286  0.0293
  0.0401  0.0383  0.0386  0.0510  0.0435  0.0322  0.0304  0.0315  0.0295  0.0314  0.0288  0.0302
  0.0428  0.0397  0.0398  0.0580  0.0491  0.0377  0.0321  0.0349  0.0306  0.0343  0.0292  0.0312
niter,ni,del,rscale     7    3    5.0000    1.2000
parameter  5  0.625970 ->  0.500000 qaram    1.3225
parameter 12  0.769840 ->  0.500000 qaram    1.3225
parameters
   -1.3978  -14.8798    8.5902   -5.9387  -11.5221   -2.7976
   -0.1996    2.6846    0.6848   23.0291   -1.5531  -31.6450
eta,q 0.97610 14.04390
  0.0314  0.0315  0.0278  0.0308  0.0262  0.0289  0.0279  0.0301  0.0279  0.0297  0.0258  0.0241
  0.0296  0.0299  0.0275  0.0292  0.0258  0.0279  0.0265  0.0272  0.0266  0.0280  0.0252  0.0239
  0.0284  0.0286  0.0274  0.0280  0.0263  0.0268  0.0256  0.0257  0.0257  0.0264  0.0249  0.0241
  0.0279  0.0279  0.0276  0.0274  0.0277  0.0258  0.0253  0.0253  0.0253  0.0253  0.0248  0.0248
  0.0281  0.0276  0.0280  0.0281  0.0304  0.0251  0.0257  0.0259  0.0255  0.0248  0.0249  0.0258
  0.0289  0.0279  0.0287  0.0317  0.0348  0.0252  0.0267  0.0277  0.0261  0.0251  0.0253  0.0269
  0.0305  0.0287  0.0297  0.0391  0.0402  0.0276  0.0282  0.0310  0.0272  0.0266  0.0259  0.0282
niter,ni,del,rscale     7    3    5.0000    1.2000
parameters
   -1.4453  -14.7814    8.4151   -5.8522  -13.7706   -3.4061
   -0.5297    2.7179    0.8922   23.9272   -0.9419  -33.4965
eta,q 0.97649 13.96284
  0.0268  0.0266  0.0252  0.0288  0.0268  0.0271  0.0263  0.0292  0.0261  0.0273  0.0249  0.0253
  0.0251  0.0251  0.0243  0.0269  0.0250  0.0257  0.0250  0.0260  0.0249  0.0258  0.0243  0.0240
  0.0242  0.0242  0.0239  0.0252  0.0237  0.0245  0.0241  0.0243  0.0242  0.0246  0.0239  0.0235
  0.0239  0.0239  0.0239  0.0239  0.0239  0.0236  0.0238  0.0238  0.0238  0.0238  0.0237  0.0237
  0.0243  0.0241  0.0241  0.0233  0.0253  0.0235  0.0242  0.0242  0.0240  0.0237  0.0237  0.0244
  0.0253  0.0249  0.0247  0.0249  0.0282  0.0259  0.0253  0.0259  0.0247  0.0244  0.0240  0.0256
  0.0271  0.0261  0.0256  0.0304  0.0331  0.0300  0.0269  0.0291  0.0259  0.0262  0.0246  0.0269
niter,ni,del,rscale     6    3    5.0000    1.2000
parameters
   -1.4710  -14.7420    8.1422   -5.3519  -14.2885   -3.8054
   -0.6316    2.5693    0.9167   24.1676   -0.5915  -33.9894
eta,q 0.97661 13.95717
  0.0264  0.0260  0.0246  0.0287  0.0277  0.0271  0.0262  0.0289  0.0257  0.0265  0.0247  0.0259
  0.0248  0.0246  0.0239  0.0267  0.0257  0.0256  0.0247  0.0257  0.0245  0.0251  0.0240  0.0243
  0.0238  0.0238  0.0235  0.0249  0.0240  0.0243  0.0238  0.0240  0.0237  0.0240  0.0236  0.0235
  0.0235  0.0235  0.0235  0.0235  0.0233  0.0233  0.0234  0.0234  0.0234  0.0234  0.0234  0.0234
  0.0239  0.0238  0.0238  0.0227  0.0239  0.0231  0.0238  0.0240  0.0237  0.0235  0.0235  0.0239
  0.0249  0.0246  0.0243  0.0240  0.0259  0.0255  0.0248  0.0259  0.0245  0.0244  0.0238  0.0249
  0.0265  0.0258  0.0252  0.0292  0.0294  0.0293  0.0264  0.0295  0.0257  0.0265  0.0245  0.0262
niter,ni,del,rscale     5    3    5.0000    1.2000
parameters
   -1.4943  -14.7540    7.9701   -5.2676  -14.3483   -4.0075
   -0.6479    2.4756    0.9149   24.1922   -0.4622  -34.1834
eta,q 0.97658 13.95270
  0.0264  0.0258  0.0246  0.0285  0.0281  0.0272  0.0262  0.0291  0.0257  0.0264  0.0246  0.0262
  0.0247  0.0245  0.0238  0.0266  0.0261  0.0257  0.0248  0.0258  0.0245  0.0250  0.0240  0.0245
  0.0237  0.0236  0.0234  0.0248  0.0243  0.0244  0.0238  0.0240  0.0237  0.0240  0.0236  0.0236
  0.0234  0.0234  0.0234  0.0234  0.0233  0.0233  0.0234  0.0234  0.0234  0.0234  0.0234  0.0234
  0.0237  0.0237  0.0236  0.0227  0.0238  0.0230  0.0237  0.0239  0.0237  0.0235  0.0235  0.0239
  0.0248  0.0245  0.0241  0.0245  0.0256  0.0252  0.0247  0.0259  0.0245  0.0246  0.0239  0.0249
  0.0265  0.0258  0.0249  0.0302  0.0288  0.0289  0.0263  0.0295  0.0257  0.0267  0.0246  0.0261
niter,ni,del,rscale     4    3    5.0000    1.2000
parameters
   -1.5059  -14.7733    7.9002   -5.2287  -14.3623   -4.0912
   -0.6546    2.4444    0.9198   24.1911   -0.4235  -34.2573
eta,q 0.97657 13.95110
  0.0265  0.0258  0.0247  0.0285  0.0282  0.0273  0.0263  0.0292  0.0257  0.0264  0.0246  0.0262
  0.0247  0.0245  0.0239  0.0266  0.0261  0.0258  0.0248  0.0258  0.0245  0.0250  0.0239  0.0246
  0.0237  0.0237  0.0235  0.0248  0.0243  0.0244  0.0238  0.0240  0.0237  0.0240  0.0236  0.0236
  0.0234  0.0234  0.0234  0.0234  0.0234  0.0234  0.0234  0.0234  0.0234  0.0234  0.0234  0.0234
  0.0238  0.0237  0.0236  0.0228  0.0238  0.0230  0.0237  0.0239  0.0237  0.0235  0.0235  0.0239
  0.0248  0.0246  0.0241  0.0246  0.0256  0.0251  0.0247  0.0258  0.0245  0.0246  0.0239  0.0248
  0.0265  0.0258  0.0248  0.0304  0.0287  0.0286  0.0263  0.0294  0.0257  0.0268  0.0246  0.0261
niter,ni,del,rscale     3    3    5.0000    1.2000
parameters
   -1.5109  -14.7821    7.8698   -5.2154  -14.3668   -4.1276
   -0.6557    2.4339    0.9219   24.1907   -0.4058  -34.2877
eta,q 0.97656 13.95019
  0.0265  0.0258  0.0248  0.0285  0.0282  0.0274  0.0263  0.0292  0.0257  0.0264  0.0246  0.0263
  0.0248  0.0245  0.0239  0.0266  0.0262  0.0258  0.0248  0.0259  0.0245  0.0250  0.0239  0.0246
  0.0237  0.0237  0.0235  0.0248  0.0244  0.0245  0.0238  0.0241  0.0237  0.0240  0.0236  0.0236
  0.0234  0.0234  0.0234  0.0234  0.0234  0.0234  0.0234  0.0234  0.0234  0.0234  0.0234  0.0234
  0.0238  0.0237  0.0236  0.0228  0.0239  0.0230  0.0237  0.0239  0.0237  0.0235  0.0235  0.0239
  0.0248  0.0246  0.0240  0.0246  0.0256  0.0250  0.0247  0.0258  0.0245  0.0246  0.0239  0.0248
  0.0265  0.0258  0.0248  0.0304  0.0287  0.0285  0.0263  0.0294  0.0257  0.0268  0.0246  0.0261
niter,ni,del,rscale     2    3    5.0000    1.2000
parameters
   -1.5131  -14.7870    7.8598   -5.2075  -14.3698   -4.1394
   -0.6594    2.4289    0.9211   24.1895   -0.4010  -34.2995
eta,q 0.97656 13.95000
  0.0265  0.0259  0.0248  0.0285  0.0282  0.0274  0.0263  0.0292  0.0257  0.0264  0.0246  0.0263
  0.0248  0.0245  0.0240  0.0266  0.0262  0.0258  0.0248  0.0259  0.0245  0.0250  0.0239  0.0246
  0.0238  0.0237  0.0235  0.0248  0.0244  0.0245  0.0238  0.0241  0.0237  0.0240  0.0236  0.0236
  0.0234  0.0234  0.0234  0.0234  0.0234  0.0234  0.0234  0.0234  0.0234  0.0234  0.0234  0.0234
  0.0238  0.0237  0.0236  0.0228  0.0239  0.0230  0.0237  0.0239  0.0237  0.0235  0.0235  0.0239
  0.0248  0.0246  0.0240  0.0246  0.0256  0.0250  0.0247  0.0258  0.0245  0.0246  0.0239  0.0248
  0.0265  0.0258  0.0248  0.0305  0.0287  0.0285  0.0263  0.0294  0.0257  0.0268  0.0247  0.0261
registration optimization eta report
parameter search radius
    2.4000    2.4000    2.4000    8.2800    9.5220    7.2000
    7.2000    7.2000    7.2000    7.2000    7.2000    9.5220
100000*second partial in parameter space
       54.       42.       24.        9.        5.        9.
        6.       12.        4.        6.        2.        3.
  0.0265  0.0259  0.0248  0.0285  0.0282  0.0274  0.0263  0.0292  0.0257  0.0264  0.0246  0.0263
  0.0248  0.0245  0.0240  0.0266  0.0262  0.0258  0.0248  0.0259  0.0245  0.0250  0.0239  0.0246
  0.0238  0.0237  0.0235  0.0248  0.0244  0.0245  0.0238  0.0241  0.0237  0.0240  0.0236  0.0236
  0.0234  0.0234  0.0234  0.0234  0.0234  0.0234  0.0234  0.0234  0.0234  0.0234  0.0234  0.0234
  0.0238  0.0237  0.0236  0.0228  0.0239  0.0230  0.0237  0.0239  0.0237  0.0235  0.0235  0.0239
  0.0248  0.0246  0.0240  0.0246  0.0256  0.0250  0.0247  0.0258  0.0245  0.0246  0.0239  0.0248
  0.0265  0.0258  0.0248  0.0305  0.0287  0.0285  0.0263  0.0294  0.0257  0.0268  0.0247  0.0261
   -1.5131  -14.7870    7.8598   -5.2075  -14.3698   -4.1394
   -0.6594    2.4289    0.9211   24.1895   -0.4010  -34.2995
eta,q 0.97656 13.95000

---------------------------------------------------------------------
imgreg_4dfp /usr/local/freesurfer/average/711-2C_as_mni_average_305 /usr/local/freesurfer/average/711-2B_as_mni_average_305_mask talsrcimg_g11 none talsrcimg_to_711-2C_as_mni_average_305_t4 2311
---------------------------------------------------------------------

freesurfer imgreg_4dfp.c
/usr/local/freesurfer/average/711-2C_as_mni_average_305.4dfp.img
       256       256       256         1
  1.000000  1.000000  1.000000
orientation T byte_order littleendian
Reading image: /usr/local/freesurfer/average/711-2C_as_mni_average_305.4dfp.img
dimensions:      256       256       256
mmppix:       1.0000   -1.0000   -1.0000
center:     128.0000 -129.0000 -129.0000
/usr/local/freesurfer/average/711-2B_as_mni_average_305_mask.4dfp.img
       256       256       256         1
  1.000000  1.000000  1.000000
orientation T byte_order littleendian
Reading mask: /usr/local/freesurfer/average/711-2B_as_mni_average_305_mask.4dfp.img (2306576 pixels)
talsrcimg_g11.4dfp.img
       256       256       256         1
  1.000000  1.000000  1.000000
orientation T byte_order littleendian
Reading image: talsrcimg_g11.4dfp.img
dimensions:      256       256       256
mmppix:       1.0000   -1.0000   -1.0000
center:     128.0000 -129.0000 -129.0000
fimgreg.f
image alignment mode   2311 decimal      907 hex
parameters
   -1.5131  -14.7870    7.8598   -5.2075  -14.3698   -4.1394
   -0.6594    2.4289    0.9211   24.1895   -0.4010  -34.2995
eta,q 0.97656 13.95000
niter,ni,del,rscale     5    3    5.0000    0.8000
parameters
   -1.5193  -14.8119    7.7955   -3.1356  -14.2991   -4.0052
   -0.8010    2.4343    0.7604   24.5267   -0.6428  -34.3667
eta,q 0.97724 14.03741
  0.0248  0.0245  0.0240  0.0261  0.0245  0.0252  0.0242  0.0263  0.0239  0.0245  0.0235  0.0235
  0.0240  0.0239  0.0236  0.0251  0.0236  0.0242  0.0234  0.0243  0.0233  0.0237  0.0231  0.0231
  0.0236  0.0235  0.0235  0.0242  0.0231  0.0234  0.0230  0.0232  0.0229  0.0231  0.0228  0.0228
  0.0234  0.0234  0.0234  0.0234  0.0228  0.0228  0.0228  0.0228  0.0228  0.0228  0.0228  0.0228
  0.0236  0.0236  0.0235  0.0229  0.0230  0.0225  0.0230  0.0232  0.0230  0.0228  0.0229  0.0229
  0.0240  0.0240  0.0237  0.0229  0.0235  0.0234  0.0235  0.0243  0.0234  0.0233  0.0232  0.0231
  0.0248  0.0246  0.0240  0.0238  0.0244  0.0256  0.0244  0.0263  0.0241  0.0242  0.0237  0.0236
niter,ni,del,rscale     4    3    5.0000    0.7000
parameters
   -1.5259  -14.7382    7.7935   -3.5680  -14.1636   -3.6471
   -0.7728    2.4413    0.7119   24.7912   -0.7500  -34.3874
eta,q 0.97732 14.04902
  0.0241  0.0238  0.0233  0.0244  0.0241  0.0248  0.0238  0.0254  0.0236  0.0241  0.0233  0.0233
  0.0234  0.0232  0.0230  0.0237  0.0235  0.0240  0.0232  0.0239  0.0231  0.0234  0.0229  0.0229
  0.0229  0.0229  0.0228  0.0231  0.0230  0.0234  0.0228  0.0230  0.0228  0.0230  0.0227  0.0227
  0.0228  0.0228  0.0228  0.0228  0.0228  0.0228  0.0227  0.0227  0.0227  0.0227  0.0227  0.0227
  0.0229  0.0228  0.0228  0.0229  0.0229  0.0225  0.0228  0.0230  0.0228  0.0227  0.0228  0.0228
  0.0234  0.0231  0.0230  0.0239  0.0233  0.0231  0.0232  0.0239  0.0231  0.0231  0.0230  0.0230
  0.0242  0.0236  0.0233  0.0259  0.0240  0.0247  0.0238  0.0254  0.0237  0.0239  0.0234  0.0233
niter,ni,del,rscale     3    3    5.0000    0.6000
parameters
   -1.5005  -14.7263    7.8816   -3.5294  -14.2240   -3.3661
   -0.7770    2.4445    0.6759   24.9310   -0.8118  -34.3350
eta,q 0.97743 14.05812
  0.0237  0.0234  0.0232  0.0241  0.0236  0.0243  0.0234  0.0247  0.0233  0.0236  0.0231  0.0231
  0.0231  0.0230  0.0229  0.0235  0.0231  0.0237  0.0230  0.0235  0.0229  0.0231  0.0228  0.0228
  0.0228  0.0228  0.0227  0.0230  0.0228  0.0231  0.0227  0.0228  0.0227  0.0228  0.0226  0.0226
  0.0227  0.0227  0.0227  0.0227  0.0227  0.0227  0.0226  0.0226  0.0226  0.0226  0.0226  0.0226
  0.0228  0.0228  0.0227  0.0227  0.0228  0.0224  0.0227  0.0228  0.0227  0.0226  0.0226  0.0226
  0.0231  0.0230  0.0228  0.0232  0.0231  0.0229  0.0230  0.0235  0.0229  0.0229  0.0228  0.0228
  0.0236  0.0233  0.0230  0.0244  0.0237  0.0242  0.0235  0.0247  0.0233  0.0236  0.0231  0.0230
niter,ni,del,rscale     2    3    5.0000    0.5000
parameters
   -1.4925  -14.6937    7.9783   -3.4190  -14.2897   -3.0772
   -0.7748    2.4287    0.6644   25.0397   -0.8532  -34.2537
eta,q 0.97753 14.06637
  0.0233  0.0231  0.0230  0.0237  0.0232  0.0239  0.0231  0.0240  0.0230  0.0233  0.0228  0.0229
  0.0229  0.0228  0.0227  0.0232  0.0228  0.0234  0.0228  0.0231  0.0227  0.0229  0.0226  0.0226
  0.0227  0.0226  0.0226  0.0228  0.0226  0.0229  0.0226  0.0226  0.0225  0.0226  0.0225  0.0225
  0.0226  0.0226  0.0226  0.0226  0.0226  0.0226  0.0225  0.0225  0.0225  0.0225  0.0225  0.0225
  0.0226  0.0226  0.0226  0.0226  0.0227  0.0224  0.0225  0.0227  0.0225  0.0225  0.0225  0.0225
  0.0229  0.0228  0.0227  0.0229  0.0229  0.0227  0.0227  0.0232  0.0227  0.0227  0.0227  0.0226
  0.0233  0.0230  0.0228  0.0237  0.0233  0.0237  0.0231  0.0240  0.0230  0.0232  0.0229  0.0228
niter,ni,del,rscale     1    3    5.0000    0.4000
parameters
   -1.4892  -14.6572    8.0792   -3.3466  -14.3471   -2.7868
   -0.7828    2.4028    0.6570   25.1122   -0.8634  -34.1474
eta,q 0.97760 14.07168
  0.0229  0.0228  0.0228  0.0232  0.0229  0.0234  0.0228  0.0234  0.0227  0.0229  0.0227  0.0227
  0.0227  0.0226  0.0226  0.0229  0.0227  0.0231  0.0226  0.0228  0.0225  0.0227  0.0225  0.0225
  0.0225  0.0225  0.0225  0.0226  0.0225  0.0227  0.0224  0.0225  0.0224  0.0225  0.0224  0.0224
  0.0225  0.0225  0.0225  0.0225  0.0225  0.0225  0.0224  0.0224  0.0224  0.0224  0.0224  0.0224
  0.0225  0.0225  0.0225  0.0225  0.0225  0.0224  0.0224  0.0225  0.0224  0.0224  0.0224  0.0224
  0.0227  0.0226  0.0225  0.0227  0.0227  0.0226  0.0226  0.0229  0.0225  0.0226  0.0225  0.0225
  0.0229  0.0228  0.0226  0.0232  0.0229  0.0232  0.0228  0.0235  0.0227  0.0229  0.0227  0.0226
registration optimization eta report
parameter search radius
    0.8000    0.8000    0.8000    2.4000    2.4000    2.4000
    2.4000    2.4000    2.4000    2.4000    2.4000    2.4000
100000*second partial in parameter space
       73.       49.       36.       13.        8.       15.
        7.       18.        6.        9.        5.        4.
  0.0229  0.0228  0.0228  0.0232  0.0229  0.0234  0.0228  0.0234  0.0227  0.0229  0.0227  0.0227
  0.0227  0.0226  0.0226  0.0229  0.0227  0.0231  0.0226  0.0228  0.0225  0.0227  0.0225  0.0225
  0.0225  0.0225  0.0225  0.0226  0.0225  0.0227  0.0224  0.0225  0.0224  0.0225  0.0224  0.0224
  0.0225  0.0225  0.0225  0.0225  0.0225  0.0225  0.0224  0.0224  0.0224  0.0224  0.0224  0.0224
  0.0225  0.0225  0.0225  0.0225  0.0225  0.0224  0.0224  0.0225  0.0224  0.0224  0.0224  0.0224
  0.0227  0.0226  0.0225  0.0227  0.0227  0.0226  0.0226  0.0229  0.0225  0.0226  0.0225  0.0225
  0.0229  0.0228  0.0226  0.0232  0.0229  0.0232  0.0228  0.0235  0.0227  0.0229  0.0227  0.0226
   -1.4892  -14.6572    8.0792   -3.3466  -14.3471   -2.7868
   -0.7828    2.4028    0.6570   25.1122   -0.8634  -34.1474
eta,q 0.97760 14.07168

---------------------------------------------------------------------
imgreg_4dfp /usr/local/freesurfer/average/711-2C_as_mni_average_305 /usr/local/freesurfer/average/711-2B_as_mni_average_305_mask talsrcimg_g11 none talsrcimg_to_711-2C_as_mni_average_305_t4 2311
---------------------------------------------------------------------

freesurfer imgreg_4dfp.c
/usr/local/freesurfer/average/711-2C_as_mni_average_305.4dfp.img
       256       256       256         1
  1.000000  1.000000  1.000000
orientation T byte_order littleendian
Reading image: /usr/local/freesurfer/average/711-2C_as_mni_average_305.4dfp.img
dimensions:      256       256       256
mmppix:       1.0000   -1.0000   -1.0000
center:     128.0000 -129.0000 -129.0000
/usr/local/freesurfer/average/711-2B_as_mni_average_305_mask.4dfp.img
       256       256       256         1
  1.000000  1.000000  1.000000
orientation T byte_order littleendian
Reading mask: /usr/local/freesurfer/average/711-2B_as_mni_average_305_mask.4dfp.img (2306576 pixels)
talsrcimg_g11.4dfp.img
       256       256       256         1
  1.000000  1.000000  1.000000
orientation T byte_order littleendian
Reading image: talsrcimg_g11.4dfp.img
dimensions:      256       256       256
mmppix:       1.0000   -1.0000   -1.0000
center:     128.0000 -129.0000 -129.0000
fimgreg.f
image alignment mode   2311 decimal      907 hex
parameters
   -1.4892  -14.6572    8.0792   -3.3466  -14.3471   -2.7868
   -0.7828    2.4028    0.6570   25.1122   -0.8634  -34.1474
eta,q 0.97760 14.07169
niter,ni,del,rscale     5    3    5.0000    0.8000
parameters
   -1.5031  -14.6060    8.2660   -4.0595  -14.2341   -3.1815
   -0.7402    2.4635    0.6877   24.9154   -0.8487  -34.1051
eta,q 0.97735 14.05087
  0.0243  0.0237  0.0237  0.0244  0.0242  0.0249  0.0241  0.0261  0.0238  0.0242  0.0234  0.0235
  0.0232  0.0230  0.0230  0.0235  0.0233  0.0240  0.0233  0.0241  0.0232  0.0234  0.0230  0.0230
  0.0226  0.0226  0.0226  0.0228  0.0227  0.0232  0.0228  0.0230  0.0228  0.0229  0.0227  0.0227
  0.0224  0.0224  0.0224  0.0224  0.0225  0.0225  0.0226  0.0226  0.0226  0.0226  0.0226  0.0226
  0.0226  0.0225  0.0225  0.0227  0.0227  0.0226  0.0228  0.0230  0.0228  0.0228  0.0227  0.0227
  0.0233  0.0229  0.0227  0.0241  0.0232  0.0241  0.0232  0.0241  0.0232  0.0234  0.0230  0.0230
  0.0244  0.0236  0.0232  0.0270  0.0241  0.0266  0.0241  0.0259  0.0238  0.0247  0.0234  0.0234
niter,ni,del,rscale     4    3    5.0000    0.7000
parameters
   -1.4826  -14.6712    8.0541   -3.8010  -14.2008   -3.2897
   -0.7527    2.4787    0.6847   24.8884   -0.8670  -34.2153
eta,q 0.97740 14.05431
  0.0239  0.0235  0.0231  0.0246  0.0239  0.0246  0.0237  0.0253  0.0235  0.0239  0.0232  0.0232
  0.0232  0.0230  0.0228  0.0238  0.0232  0.0238  0.0231  0.0238  0.0230  0.0233  0.0229  0.0229
  0.0228  0.0227  0.0226  0.0231  0.0227  0.0231  0.0227  0.0229  0.0227  0.0228  0.0227  0.0226
  0.0226  0.0226  0.0226  0.0226  0.0226  0.0226  0.0226  0.0226  0.0226  0.0226  0.0226  0.0226
  0.0228  0.0228  0.0228  0.0225  0.0227  0.0225  0.0227  0.0229  0.0227  0.0227  0.0227  0.0227
  0.0232  0.0231  0.0230  0.0231  0.0231  0.0235  0.0231  0.0238  0.0230  0.0231  0.0229  0.0229
  0.0239  0.0236  0.0234  0.0245  0.0238  0.0254  0.0238  0.0253  0.0235  0.0241  0.0232  0.0233
niter,ni,del,rscale     3    3    5.0000    0.6000
parameters
   -1.4828  -14.6883    8.0128   -3.5960  -14.2334   -3.2063
   -0.7689    2.4727    0.6780   24.9647   -0.8837  -34.2365
eta,q 0.97747 14.06148
  0.0236  0.0233  0.0230  0.0241  0.0235  0.0242  0.0234  0.0246  0.0232  0.0236  0.0230  0.0230
  0.0230  0.0229  0.0228  0.0235  0.0230  0.0236  0.0229  0.0234  0.0229  0.0231  0.0227  0.0227
  0.0227  0.0227  0.0226  0.0230  0.0227  0.0230  0.0226  0.0228  0.0226  0.0227  0.0226  0.0226
  0.0226  0.0226  0.0226  0.0226  0.0226  0.0226  0.0225  0.0225  0.0225  0.0225  0.0225  0.0225
  0.0227  0.0227  0.0227  0.0226  0.0227  0.0224  0.0226  0.0228  0.0226  0.0226  0.0226  0.0226
  0.0230  0.0229  0.0228  0.0230  0.0230  0.0231  0.0229  0.0235  0.0229  0.0229  0.0228  0.0228
  0.0236  0.0233  0.0231  0.0241  0.0235  0.0245  0.0234  0.0246  0.0233  0.0236  0.0230  0.0230
niter,ni,del,rscale     2    3    5.0000    0.5000
parameters
   -1.4848  -14.6740    8.0389   -3.4550  -14.2879   -3.0108
   -0.7758    2.4477    0.6596   25.0543   -0.8898  -34.2040
eta,q 0.97754 14.06791
  0.0232  0.0230  0.0229  0.0237  0.0232  0.0238  0.0231  0.0240  0.0230  0.0232  0.0228  0.0228
  0.0228  0.0228  0.0227  0.0232  0.0228  0.0233  0.0227  0.0231  0.0227  0.0229  0.0226  0.0226
  0.0226  0.0226  0.0226  0.0228  0.0226  0.0229  0.0225  0.0226  0.0225  0.0226  0.0225  0.0225
  0.0225  0.0225  0.0225  0.0225  0.0225  0.0225  0.0225  0.0225  0.0225  0.0225  0.0225  0.0225
  0.0226  0.0226  0.0226  0.0225  0.0226  0.0224  0.0225  0.0227  0.0225  0.0225  0.0225  0.0225
  0.0228  0.0227  0.0227  0.0229  0.0228  0.0228  0.0227  0.0232  0.0227  0.0227  0.0226  0.0226
  0.0232  0.0230  0.0228  0.0236  0.0232  0.0238  0.0231  0.0240  0.0230  0.0232  0.0228  0.0228
niter,ni,del,rscale     1    3    5.0000    0.4000
parameters
   -1.4859  -14.6498    8.1106   -3.3632  -14.3455   -2.7557
   -0.7788    2.4149    0.6441   25.1174   -0.9006  -34.1320
eta,q 0.97761 14.07243
  0.0229  0.0228  0.0227  0.0232  0.0229  0.0234  0.0228  0.0234  0.0227  0.0229  0.0227  0.0226
  0.0227  0.0226  0.0226  0.0229  0.0226  0.0231  0.0226  0.0228  0.0225  0.0227  0.0225  0.0225
  0.0225  0.0225  0.0225  0.0226  0.0225  0.0227  0.0224  0.0225  0.0224  0.0225  0.0224  0.0224
  0.0225  0.0225  0.0225  0.0225  0.0224  0.0224  0.0224  0.0224  0.0224  0.0224  0.0224  0.0224
  0.0225  0.0225  0.0225  0.0225  0.0225  0.0224  0.0224  0.0225  0.0224  0.0224  0.0224  0.0224
  0.0227  0.0226  0.0225  0.0227  0.0227  0.0226  0.0226  0.0229  0.0225  0.0226  0.0225  0.0225
  0.0229  0.0228  0.0226  0.0232  0.0229  0.0233  0.0228  0.0235  0.0227  0.0229  0.0227  0.0226
registration optimization eta report
parameter search radius
    0.8000    0.8000    0.8000    2.4000    2.4000    2.4000
    2.4000    2.4000    2.4000    2.4000    2.4000    2.4000
100000*second partial in parameter space
       73.       49.       36.       13.        8.       16.
        7.       18.        6.        9.        5.        4.
  0.0229  0.0228  0.0227  0.0232  0.0229  0.0234  0.0228  0.0234  0.0227  0.0229  0.0227  0.0226
  0.0227  0.0226  0.0226  0.0229  0.0226  0.0231  0.0226  0.0228  0.0225  0.0227  0.0225  0.0225
  0.0225  0.0225  0.0225  0.0226  0.0225  0.0227  0.0224  0.0225  0.0224  0.0225  0.0224  0.0224
  0.0225  0.0225  0.0225  0.0225  0.0224  0.0224  0.0224  0.0224  0.0224  0.0224  0.0224  0.0224
  0.0225  0.0225  0.0225  0.0225  0.0225  0.0224  0.0224  0.0225  0.0224  0.0224  0.0224  0.0224
  0.0227  0.0226  0.0225  0.0227  0.0227  0.0226  0.0226  0.0229  0.0225  0.0226  0.0225  0.0225
  0.0229  0.0228  0.0226  0.0232  0.0229  0.0233  0.0228  0.0235  0.0227  0.0229  0.0227  0.0226
   -1.4859  -14.6498    8.1106   -3.3632  -14.3455   -2.7557
   -0.7788    2.4149    0.6441   25.1174   -0.9006  -34.1320
eta,q 0.97761 14.07243

---------------------------------------------------------------------
compute_vox2vox talsrcimg talsrcimg_to_711-2C_as_mni_average_305_t4 /usr/local/freesurfer/average/711-2C_as_mni_average_305
---------------------------------------------------------------------

freesurfer compute_vox2vox.c
Reading: talsrcimg.4dfp.ifh
Reading: talsrcimg_to_711-2C_as_mni_average_305_t4
Reading: /usr/local/freesurfer/average/711-2C_as_mni_average_305.4dfp.ifh
Writing: talsrcimg_to_711-2C_as_mni_average_305_t4_vox2vox.txt

start time Tue Jun 3 00:25:26 UTC 2025
end		time Tue Jun 3 00:25:44 UTC 2025

mpr2mni305 success

avi2talxfm orig_nu.mgz /usr/local/freesurfer/average/mni305.cor.mgz talsrcimg_to_711-2C_as_mni_average_305_t4_vox2vox.txt transforms/talairach.auto.xfm
avi2talxfm done
mv -f /home/freesurfer/subjects/sub-032/mri/talsrcimg_to_711-2C_as_mni_average_305_t4_vox2vox.txt /home/freesurfer/subjects/sub-032/mri/transforms/talsrcimg_to_711-2C_as_mni_average_305_t4_vox2vox.txt
lta_convert --src orig_nu.mgz --trg /usr/local/freesurfer/average/mni305.cor.mgz --inxfm transforms/talairach.auto.xfm --outlta transforms/talairach.auto.xfm.lta --subject fsaverage
7.4.1

--src: orig_nu.mgz src image (geometry).
--trg: /usr/local/freesurfer/average/mni305.cor.mgz trg image (geometry).
--inmni: transforms/talairach.auto.xfm input MNI/XFM transform.
--outlta: transforms/talairach.auto.xfm.lta output LTA.
--s: fsaverage subject name
 LTA read, type : 1
 1.03457  -0.02550  -0.00075  -3.28462;
 0.00621   0.93222   0.37153  -35.85452;
-0.00960  -0.27317   1.05854  -32.15358;
 0.00000   0.00000   0.00000   1.00000;
setting subject to fsaverage
Writing  LTA to file transforms/talairach.auto.xfm.lta...
lta_convert successful.
 
 
Started at Tue Jun 3 00:25:25 UTC 2025
Ended   at Tue Jun  3 00:25:44 UTC 2025
talairach_avi done
