/home/freesurfer/subjects/sub-033/mri
/usr/local/freesurfer/bin/talairach_avi
--i orig_nu.mgz --xfm transforms/talairach.auto.xfm
talairach_avi 7.4.1
Linux 4975be5ec0fa 6.11.0-26-generic #26~24.04.1-Ubuntu SMP PREEMPT_DYNAMIC Thu Apr 17 19:20:47 UTC 2 x86_64 x86_64 x86_64 GNU/Linux
Tue Jun  3 06:12:37 UTC 2025
mri_convert orig_nu.mgz talsrcimg.img 
reading from orig_nu.mgz...
TR=8.42, TE=0.00, TI=0.00, flip angle=0.00
i_ras = (-1, -5.58794e-09, 0)
j_ras = (-7.45058e-09, 0, -1)
k_ras = (0, 1, 2.98023e-08)
writing to talsrcimg.img...
Analyze Output Matrix
-1.00000  -0.00000   0.00000   129.20752;
-0.00000   0.00000   1.00000  -107.66130;
 0.00000  -1.00000   0.00000   191.84557;
 0.00000   0.00000   0.00000   1.00000;
--------------------
INFO: set hdr.hist.orient to -1
mpr2mni305 talsrcimg
Tue Jun  3 06:12:38 UTC 2025
/usr/local/freesurfer/bin/mpr2mni305 talsrcimg
mpr2mni305 7.4.1
target=711-2C_as_mni_average_305

---------------------------------------------------------------------
analyzeto4dfp talsrcimg -O0 -y
---------------------------------------------------------------------

freesurfer ifh2hdr.c
Tue Jun  3 06:12:38 2025
Writing: talsrcimg.4dfp.hdr
freesurfer analyzeto4dfp.c
Reading: talsrcimg.hdr
header size 348 bytes
hdr.dime.datatype	offset=70	value=2
hdr.dime.bitpix		offset=72	value=8
hdr.hist.orient		offset=252	value=-1
dimensionality     4
dimensions       256       256       256         1
Reading: talsrcimg.img
Writing: talsrcimg.4dfp.img
Writing: talsrcimg.4dfp.ifh
ifh2hdr talsrcimg -r0to253
ori=2

---------------------------------------------------------------------
gauss_4dfp talsrcimg 1.1
---------------------------------------------------------------------

freesurfer gauss_4dfp.c
Reading: talsrcimg.4dfp.img
Writing: talsrcimg_g11.4dfp.img
image dimensions 256 256 256 padded to 288 288 288
processing volume 1freesurfer ifh2hdr.c
Tue Jun  3 06:12:42 2025
Writing: talsrcimg_g11.4dfp.hdr

Writing: talsrcimg_g11.4dfp.ifh
including: talsrcimg.4dfp.img.rec in talsrcimg_g11.4dfp.img.rec

---------------------------------------------------------------------
imgreg_4dfp /usr/local/freesurfer/average/711-2C_as_mni_average_305 none talsrcimg_g11 none talsrcimg_to_711-2C_as_mni_average_305_t4 4355
---------------------------------------------------------------------

freesurfer imgreg_4dfp.c
/usr/local/freesurfer/average/711-2C_as_mni_average_305.4dfp.img
       256       256       256         1
  1.000000  1.000000  1.000000
orientation T byte_order littleendian
Reading image: /usr/local/freesurfer/average/711-2C_as_mni_average_305.4dfp.img
dimensions:      256       256       256
mmppix:       1.0000   -1.0000   -1.0000
center:     128.0000 -129.0000 -129.0000
talsrcimg_g11.4dfp.img
       256       256       256         1
  1.000000  1.000000  1.000000
orientation T byte_order littleendian
Reading image: talsrcimg_g11.4dfp.img
dimensions:      256       256       256
mmppix:       1.0000   -1.0000   -1.0000
center:     128.0000 -129.0000 -129.0000
t4_read: open error in t4_sub.f l:  41 t4_file(1:l)talsrcimg_to_711-2C_as_mni_average_305_t4 
t4_read: transform initialized to I4
rotation matrix determinant  1.000000
image alignment mode   4355 decimal     1103 hex
   -7.5000  -45.0000  -45.0000 9526.3418   18.9661
    0.0000  -45.0000  -45.0000 9867.6270   18.9395
    7.5000  -45.0000  -45.0000 9394.3545   18.9336
   -7.5000  -37.5000  -45.0000 9967.7402   18.9506
    0.0000  -37.5000  -45.000010325.1221   18.9203
    7.5000  -37.5000  -45.0000 9798.0332   18.9099
   -7.5000  -30.0000  -45.000010698.8779   18.9459
    0.0000  -30.0000  -45.000011095.5947   18.9169
    7.5000  -30.0000  -45.000010533.8311   18.9018
   -7.5000  -22.5000  -45.000011305.3027   18.9330
    0.0000  -22.5000  -45.000011776.9502   18.9105
    7.5000  -22.5000  -45.000011174.5576   18.8969
   -7.5000  -15.0000  -45.000011899.9990   18.9222
    0.0000  -15.0000  -45.000012378.5107   18.9050
    7.5000  -15.0000  -45.000011761.7432   18.8965
   -7.5000   -7.5000  -45.000012399.0732   18.9286
    0.0000   -7.5000  -45.000012865.9580   18.9086
    7.5000   -7.5000  -45.000012253.4336   18.9033
   -7.5000    0.0000  -45.000012780.2627   18.9418
    0.0000    0.0000  -45.000013221.1699   18.9152
    7.5000    0.0000  -45.000012573.0264   18.9094
   -7.5000    7.5000  -45.000012148.0459   18.9483
    0.0000    7.5000  -45.000012552.2129   18.9180
    7.5000    7.5000  -45.000011898.5977   18.9075
   -7.5000   15.0000  -45.000011337.6006   18.9459
    0.0000   15.0000  -45.000011730.0869   18.9169
    7.5000   15.0000  -45.000011078.7764   18.9018
   -7.5000   22.5000  -45.000010396.1455   18.9316
    0.0000   22.5000  -45.000010769.9883   18.9091
    7.5000   22.5000  -45.000010185.6025   18.8954
   -7.5000   30.0000  -45.0000 9409.4180   18.6892
    0.0000   30.0000  -45.0000 9736.5840   18.6722
    7.5000   30.0000  -45.0000 9240.3936   18.6635
   -7.5000   37.5000  -45.0000 8828.3369   18.7561
    0.0000   37.5000  -45.0000 9118.1211   18.7362
    7.5000   37.5000  -45.0000 8637.2705   18.7304
   -7.5000   45.0000  -45.0000 7954.0039   18.4400
    0.0000   45.0000  -45.0000 8186.3086   18.4129
    7.5000   45.0000  -45.0000 7760.4590   18.4054
   -7.5000  -45.0000  -37.500010009.9111   18.9310
    0.0000  -45.0000  -37.500010385.9551   18.9135
    7.5000  -45.0000  -37.5000 9879.9941   18.9002
   -7.5000  -37.5000  -37.500010460.6309   18.9010
    0.0000  -37.5000  -37.500010859.7520   18.8802
    7.5000  -37.5000  -37.500010304.4600   18.8647
   -7.5000  -30.0000  -37.500011205.8408   18.8955
    0.0000  -30.0000  -37.500011658.1582   18.8733
    7.5000  -30.0000  -37.500011055.7207   18.8545
   -7.5000  -22.5000  -37.500011868.7080   18.8984
    0.0000  -22.5000  -37.500012376.5566   18.8796
    7.5000  -22.5000  -37.500011737.1074   18.8614
   -7.5000  -15.0000  -37.500012516.9922   18.9020
    0.0000  -15.0000  -37.500013029.1494   18.8883
    7.5000  -15.0000  -37.500012354.8096   18.8739
   -7.5000   -7.5000  -37.500013062.2744   18.9073
    0.0000   -7.5000  -37.500013579.4238   18.8936
    7.5000   -7.5000  -37.500012900.0176   18.8807
   -7.5000    0.0000  -37.500013429.6611   18.9068
    0.0000    0.0000  -37.500013958.8125   18.8894
    7.5000    0.0000  -37.500013246.9775   18.8761
   -7.5000    7.5000  -37.500012729.0781   18.8987
    0.0000    7.5000  -37.500013231.3066   18.8779
    7.5000    7.5000  -37.500012513.9238   18.8624
   -7.5000   15.0000  -37.500011850.1309   18.8955
    0.0000   15.0000  -37.500012331.7988   18.8733
    7.5000   15.0000  -37.500011634.9336   18.8545
   -7.5000   22.5000  -37.500010865.0479   18.8969
    0.0000   22.5000  -37.500011318.9629   18.8781
    7.5000   22.5000  -37.500010689.0186   18.8598
   -7.5000   30.0000  -37.5000 9829.9707   18.6692
    0.0000   30.0000  -37.500010197.6074   18.6557
    7.5000   30.0000  -37.5000 9655.2285   18.6412
   -7.5000   37.5000  -37.5000 9200.0098   18.7348
    0.0000   37.5000  -37.5000 9526.4893   18.7211
    7.5000   37.5000  -37.5000 9011.0283   18.7076
   -7.5000   45.0000  -37.5000 8274.8252   18.4055
    0.0000   45.0000  -37.5000 8546.7939   18.3875
    7.5000   45.0000  -37.5000 8087.6558   18.3728
   -7.5000  -45.0000  -30.000010643.4150   19.7042
    0.0000  -45.0000  -30.000011094.5332   19.6864
    7.5000  -45.0000  -30.000010528.4238   19.6663
   -7.5000  -37.5000  -30.000011112.6660   19.6676
    0.0000  -37.5000  -30.000011587.3193   19.6473
    7.5000  -37.5000  -30.000010976.3047   19.6301
   -7.5000  -30.0000  -30.000011896.1084   19.6593
    0.0000  -30.0000  -30.000012426.6523   19.6391
    7.5000  -30.0000  -30.000011771.4375   19.6260
   -7.5000  -22.5000  -30.000012658.0342   19.6674
    0.0000  -22.5000  -30.000013216.5234   19.6504
    7.5000  -22.5000  -30.000012505.6523   19.6400
   -7.5000  -15.0000  -30.000013336.3506   19.6782
    0.0000  -15.0000  -30.000013899.0957   19.6651
    7.5000  -15.0000  -30.000013157.2451   19.6544
   -7.5000   -7.5000  -30.000013897.6367   19.6842
    0.0000   -7.5000  -30.000014509.8662   19.6704
    7.5000   -7.5000  -30.000013738.3760   19.6540
   -7.5000    0.0000  -30.000014279.4922   19.6791
    0.0000    0.0000  -30.000014898.6807   19.6614
    7.5000    0.0000  -30.000014100.5986   19.6413
   -7.5000    7.5000  -30.000013516.8418   19.6652
    0.0000    7.5000  -30.000014104.2939   19.6449
    7.5000    7.5000  -30.000013323.6094   19.6277
   -7.5000   15.0000  -30.000012588.2109   19.6593
    0.0000   15.0000  -30.000013165.1484   19.6391
    7.5000   15.0000  -30.000012413.1162   19.6260
   -7.5000   22.5000  -30.000011545.5596   19.6638
    0.0000   22.5000  -30.000012084.7188   19.6469
    7.5000   22.5000  -30.000011413.5137   19.6364
   -7.5000   30.0000  -30.000010438.9473   19.4376
    0.0000   30.0000  -30.000010886.7100   19.4247
    7.5000   30.0000  -30.000010280.4355   19.4138
   -7.5000   37.5000  -30.0000 9717.0205   19.5056
    0.0000   37.5000  -30.000010107.6025   19.4918
    7.5000   37.5000  -30.0000 9565.7656   19.4747
   -7.5000   45.0000  -30.0000 8752.1201   19.1721
    0.0000   45.0000  -30.0000 9061.0469   19.1541
    7.5000   45.0000  -30.0000 8567.5312   19.1333
   -7.5000  -45.0000  -22.500011289.8320   20.3920
    0.0000  -45.0000  -22.500011770.4463   20.3630
    7.5000  -45.0000  -22.500011143.9521   20.3420
   -7.5000  -37.5000  -22.500011780.7598   20.3646
    0.0000  -37.5000  -22.500012286.4639   20.3340
    7.5000  -37.5000  -22.500011627.9277   20.3190
   -7.5000  -30.0000  -22.500012600.5645   20.3546
    0.0000  -30.0000  -22.500013156.3809   20.3280
    7.5000  -30.0000  -22.500012470.8906   20.3244
   -7.5000  -22.5000  -22.500013368.4346   20.3507
    0.0000  -22.5000  -22.500013941.6426   20.3300
    7.5000  -22.5000  -22.500013239.6592   20.3328
   -7.5000  -15.0000  -22.500014058.0859   20.3532
    0.0000  -15.0000  -22.500014665.7754   20.3349
    7.5000  -15.0000  -22.500013927.0098   20.3345
   -7.5000   -7.5000  -22.500014658.3340   20.3610
    0.0000   -7.5000  -22.500015347.8389   20.3387
    7.5000   -7.5000  -22.500014549.9707   20.3258
   -7.5000    0.0000  -22.500015084.5068   20.3660
    0.0000    0.0000  -22.500015796.3828   20.3371
    7.5000    0.0000  -22.500014936.0918   20.3162
   -7.5000    7.5000  -22.500014313.9824   20.3621
    0.0000    7.5000  -22.500015001.7197   20.3315
    7.5000    7.5000  -22.500014161.2061   20.3165
   -7.5000   15.0000  -22.500013344.6514   20.3546
    0.0000   15.0000  -22.500014006.6377   20.3280
    7.5000   15.0000  -22.500013211.1094   20.3244
   -7.5000   22.5000  -22.500012251.8066   20.3458
    0.0000   22.5000  -22.500012845.3926   20.3250
    7.5000   22.5000  -22.500012127.9619   20.3277
   -7.5000   30.0000  -22.500011067.8936   20.1073
    0.0000   30.0000  -22.500011583.4873   20.0892
    7.5000   30.0000  -22.500010931.2725   20.0885
   -7.5000   37.5000  -22.500010281.8584   20.1787
    0.0000   37.5000  -22.500010748.0547   20.1564
    7.5000   37.5000  -22.500010139.4150   20.1427
   -7.5000   45.0000  -22.5000 9247.4805   19.8572
    0.0000   45.0000  -22.5000 9628.3740   19.8287
    7.5000   45.0000  -22.5000 9076.6982   19.8075
   -7.5000  -45.0000  -15.000011872.8096   20.8850
    0.0000  -45.0000  -15.000012374.7861   20.8444
    7.5000  -45.0000  -15.000011715.5371   20.8268
   -7.5000  -37.5000  -15.000012384.7832   20.8751
    0.0000  -37.5000  -15.000012922.3906   20.8327
    7.5000  -37.5000  -15.000012230.9414   20.8199
   -7.5000  -30.0000  -15.000013250.4180   20.8682
    0.0000  -30.0000  -15.000013847.8242   20.8333
    7.5000  -30.0000  -15.000013110.3633   20.8319
   -7.5000  -22.5000  -15.000014021.7461   20.8471
    0.0000  -22.5000  -15.000014647.1104   20.8219
    7.5000  -22.5000  -15.000013909.2178   20.8278
   -7.5000  -15.0000  -15.000014745.6865   20.8321
    0.0000  -15.0000  -15.000015445.4521   20.8091
    7.5000  -15.0000  -15.000014669.8682   20.8120
   -7.5000   -7.5000  -15.000015446.6660   20.8388
    0.0000   -7.5000  -15.000016243.2988   20.8083
    7.5000   -7.5000  -15.000015386.9580   20.7992
   -7.5000    0.0000  -15.000015923.9150   20.8582
    0.0000    0.0000  -15.000016772.1660   20.8178
    7.5000    0.0000  -15.000015838.3574   20.8003
   -7.5000    7.5000  -15.000015092.0039   20.8725
    0.0000    7.5000  -15.000015874.5947   20.8301
    7.5000    7.5000  -15.000014995.5684   20.8173
   -7.5000   15.0000  -15.000014078.5352   20.8682
    0.0000   15.0000  -15.000014806.8135   20.8333
    7.5000   15.0000  -15.000013982.0166   20.8319
   -7.5000   22.5000  -15.000012918.7402   20.8412
    0.0000   22.5000  -15.000013610.9941   20.8160
    7.5000   22.5000  -15.000012857.9893   20.8218
   -7.5000   30.0000  -15.000011697.1787   20.5832
    0.0000   30.0000  -15.000012320.2070   20.5605
    7.5000   30.0000  -15.000011609.4141   20.5630
   -7.5000   37.5000  -15.000010898.1006   20.6552
    0.0000   37.5000  -15.000011428.5107   20.6247
    7.5000   37.5000  -15.000010759.6006   20.6149
   -7.5000   45.0000  -15.0000 9788.1836   20.3494
    0.0000   45.0000  -15.000010208.3906   20.3095
    7.5000   45.0000  -15.0000 9590.8818   20.2915
   -7.5000  -45.0000   -7.500012443.1436   21.1142
    0.0000  -45.0000   -7.500012955.2773   21.0742
    7.5000  -45.0000   -7.500012297.0098   21.0647
   -7.5000  -37.5000   -7.500012991.8457   21.1094
    0.0000  -37.5000   -7.500013529.0371   21.0661
    7.5000  -37.5000   -7.500012844.7852   21.0560
   -7.5000  -30.0000   -7.500013945.5098   21.1052
    0.0000  -30.0000   -7.500014564.6885   21.0681
    7.5000  -30.0000   -7.500013804.1973   21.0607
   -7.5000  -22.5000   -7.500014804.2939   21.0792
    0.0000  -22.5000   -7.500015472.4531   21.0528
    7.5000  -22.5000   -7.500014731.9053   21.0497
   -7.5000  -15.0000   -7.500015616.3037   21.0569
    0.0000  -15.0000   -7.500016394.5312   21.0348
    7.5000  -15.0000   -7.500015627.0098   21.0332
   -7.5000   -7.5000   -7.500016378.5068   21.0632
    0.0000   -7.5000   -7.500017236.1680   21.0338
    7.5000   -7.5000   -7.500016419.4844   21.0287
   -7.5000    0.0000   -7.500016774.1230   21.0871
    0.0000    0.0000   -7.500017634.9629   21.0472
    7.5000    0.0000   -7.500016823.4316   21.0378
   -7.5000    7.5000   -7.500015847.0791   21.1068
    0.0000    7.5000   -7.500016665.3281   21.0635
    7.5000    7.5000   -7.500015882.1387   21.0534
   -7.5000   15.0000   -7.500014792.4893   21.1052
    0.0000   15.0000   -7.500015590.0439   21.0681
    7.5000   15.0000   -7.500014796.0723   21.0607
   -7.5000   22.5000   -7.500013620.7178   21.0709
    0.0000   22.5000   -7.500014390.5576   21.0445
    7.5000   22.5000   -7.500013587.0195   21.0414
   -7.5000   30.0000   -7.500012376.2178   20.8049
    0.0000   30.0000   -7.500013066.4092   20.7830
    7.5000   30.0000   -7.500012321.5205   20.7812
   -7.5000   37.5000   -7.500011535.0830   20.8777
    0.0000   37.5000   -7.500012110.6064   20.8484
    7.5000   37.5000   -7.500011415.5684   20.8427
   -7.5000   45.0000   -7.500010307.9551   20.5755
    0.0000   45.0000   -7.500010752.1641   20.5355
    7.5000   45.0000   -7.500010104.1924   20.5249
   -7.5000  -45.0000    0.000012909.1641   21.1373
    0.0000  -45.0000    0.000013458.5225   21.1078
    7.5000  -45.0000    0.000012768.3213   21.1012
   -7.5000  -37.5000    0.000013480.1924   21.1201
    0.0000  -37.5000    0.000014025.3428   21.0866
    7.5000  -37.5000    0.000013327.3398   21.0748
   -7.5000  -30.0000    0.000014545.5566   21.1151
    0.0000  -30.0000    0.000015206.5615   21.0829
    7.5000  -30.0000    0.000014375.2109   21.0659
   -7.5000  -22.5000    0.000015618.8105   21.1010
    0.0000  -22.5000    0.000016383.4414   21.0761
    7.5000  -22.5000    0.000015524.1631   21.0607
   -7.5000  -15.0000    0.000016390.7129   21.0891
    0.0000  -15.0000    0.000017185.1055   21.0700
    7.5000  -15.0000    0.000016507.9141   21.0604
   -7.5000   -7.5000    0.000016992.3164   21.0959
    0.0000   -7.5000    0.000017780.9629   21.0738
    7.5000   -7.5000    0.000017236.2617   21.0678
   -7.5000    0.0000    0.000017319.2188   21.1103
    0.0000    0.0000    0.000018143.3125   21.0809
    7.5000    0.0000    0.000017572.7051   21.0744
   -7.5000    7.5000    0.000016438.9395   21.1175
    0.0000    7.5000    0.000017262.9648   21.0840
    7.5000    7.5000    0.000016579.9102   21.0722
   -7.5000   15.0000    0.000015425.6270   21.1151
    0.0000   15.0000    0.000016248.1211   21.0829
    7.5000   15.0000    0.000015439.0791   21.0659
   -7.5000   22.5000    0.000014263.2490   21.0926
    0.0000   22.5000    0.000015015.6162   21.0677
    7.5000   22.5000    0.000014169.5762   21.0523
   -7.5000   30.0000    0.000012996.0254   20.8375
    0.0000   30.0000    0.000013655.5469   20.8186
    7.5000   30.0000    0.000012852.0791   20.8087
   -7.5000   37.5000    0.000012096.4199   20.9115
    0.0000   37.5000    0.000012685.2012   20.8894
    7.5000   37.5000    0.000011920.8867   20.8828
   -7.5000   45.0000    0.000010775.0000   20.5985
    0.0000   45.0000    0.000011234.0664   20.5684
    7.5000   45.0000    0.000010560.5244   20.5599
   -7.5000  -45.0000    7.500012362.1318   21.1499
    0.0000  -45.0000    7.500012889.2812   21.1304
    7.5000  -45.0000    7.500012264.5400   21.1155
   -7.5000  -37.5000    7.500012928.6631   21.1165
    0.0000  -37.5000    7.500013452.9170   21.0933
    7.5000  -37.5000    7.500012844.0195   21.0759
   -7.5000  -30.0000    7.500013990.5732   21.1103
    0.0000  -30.0000    7.500014649.3604   21.0856
    7.5000  -30.0000    7.500013887.2734   21.0644
   -7.5000  -22.5000    7.500015111.4473   21.1136
    0.0000  -22.5000    7.500015803.6406   21.0925
    7.5000  -22.5000    7.500015007.0020   21.0721
   -7.5000  -15.0000    7.500015954.6289   21.1176
    0.0000  -15.0000    7.500016580.7500   21.1023
    7.5000  -15.0000    7.500015934.2764   21.0861
   -7.5000   -7.5000    7.500016625.1641   21.1235
    0.0000   -7.5000    7.500017265.1074   21.1083
    7.5000   -7.5000    7.500016638.8477   21.0938
   -7.5000    0.0000    7.500016971.0703   21.1230
    0.0000    0.0000    7.500017679.0293   21.1036
    7.5000    0.0000    7.500016969.4805   21.0887
   -7.5000    7.5000    7.500016023.0400   21.1139
    0.0000    7.5000    7.500016770.8027   21.0907
    7.5000    7.5000    7.500015969.9053   21.0733
   -7.5000   15.0000    7.500014941.7783   21.1103
    0.0000   15.0000    7.500015680.8125   21.0856
    7.5000   15.0000    7.500014860.0781   21.0644
   -7.5000   22.5000    7.500013761.3555   21.1050
    0.0000   22.5000    7.500014479.5879   21.0840
    7.5000   22.5000    7.500013657.2891   21.0636
   -7.5000   30.0000    7.500012516.5576   20.8657
    0.0000   30.0000    7.500013178.1709   20.8506
    7.5000   30.0000    7.500012411.3359   20.8343
   -7.5000   37.5000    7.500011671.4004   20.9388
    0.0000   37.5000    7.500012237.5234   20.9236
    7.5000   37.5000    7.500011539.5420   20.9084
   -7.5000   45.0000    7.500010342.6104   20.6109
    0.0000   45.0000    7.500010788.1504   20.5907
    7.5000   45.0000    7.500010164.3750   20.5743
   -7.5000  -45.0000   15.000011693.3564   21.2109
    0.0000  -45.0000   15.000012176.0908   21.1918
    7.5000  -45.0000   15.000011574.4521   21.1703
   -7.5000  -37.5000   15.000012268.4609   21.1714
    0.0000  -37.5000   15.000012750.9189   21.1495
    7.5000  -37.5000   15.000012134.8125   21.1313
   -7.5000  -30.0000   15.000013349.4600   21.1625
    0.0000  -30.0000   15.000013894.1855   21.1408
    7.5000  -30.0000   15.000013187.1826   21.1269
   -7.5000  -22.5000   15.000014413.3408   21.1713
    0.0000  -22.5000   15.000014924.4551   21.1530
    7.5000  -22.5000   15.000014221.8018   21.1420
   -7.5000  -15.0000   15.000015195.0146   21.1830
    0.0000  -15.0000   15.000015674.4980   21.1689
    7.5000  -15.0000   15.000015023.2949   21.1575
   -7.5000   -7.5000   15.000015864.8818   21.1895
    0.0000   -7.5000   15.000016442.9219   21.1746
    7.5000   -7.5000   15.000015691.8623   21.1571
   -7.5000    0.0000   15.000016219.8350   21.1839
    0.0000    0.0000   15.000016943.2051   21.1648
    7.5000    0.0000   15.000016063.7969   21.1433
   -7.5000    7.5000   15.000015253.9121   21.1688
    0.0000    7.5000   15.000015975.0693   21.1469
    7.5000    7.5000   15.000015152.6367   21.1287
   -7.5000   15.0000   15.000014165.7793   21.1625
    0.0000   15.0000   15.000014866.7793   21.1408
    7.5000   15.0000   15.000014081.8848   21.1269
   -7.5000   22.5000   15.000013011.3848   21.1628
    0.0000   22.5000   15.000013680.7979   21.1445
    7.5000   22.5000   15.000012944.1523   21.1335
   -7.5000   30.0000   15.000011817.0557   20.9302
    0.0000   30.0000   15.000012421.0361   20.9163
    7.5000   30.0000   15.000011762.6133   20.9047
   -7.5000   37.5000   15.000010966.8584   21.0036
    0.0000   37.5000   15.000011498.5547   20.9887
    7.5000   37.5000   15.000010935.5215   20.9704
   -7.5000   45.0000   15.0000 9729.1523   20.6721
    0.0000   45.0000   15.000010135.8906   20.6527
    7.5000   45.0000   15.0000 9630.8848   20.6305
   -7.5000  -45.0000   22.500011003.9102   21.3210
    0.0000  -45.0000   22.500011445.2715   21.2907
    7.5000  -45.0000   22.500010859.3398   21.2690
   -7.5000  -37.5000   22.500011576.2539   21.2922
    0.0000  -37.5000   22.500012029.5010   21.2603
    7.5000  -37.5000   22.500011426.2549   21.2449
   -7.5000  -30.0000   22.500012564.7432   21.2820
    0.0000  -30.0000   22.500013101.7051   21.2543
    7.5000  -30.0000   22.500012413.9150   21.2509
   -7.5000  -22.5000   22.500013480.8574   21.2781
    0.0000  -22.5000   22.500014001.6191   21.2565
    7.5000  -22.5000   22.500013332.2686   21.2599
   -7.5000  -15.0000   22.500014144.2598   21.2807
    0.0000  -15.0000   22.500014731.4355   21.2616
    7.5000  -15.0000   22.500014049.7842   21.2616
   -7.5000   -7.5000   22.500014714.3516   21.2886
    0.0000   -7.5000   22.500015426.5273   21.2653
    7.5000   -7.5000   22.500014667.1641   21.2522
   -7.5000    0.0000   22.500015073.7354   21.2936
    0.0000    0.0000   22.500015823.1064   21.2635
    7.5000    0.0000   22.500015025.0752   21.2418
   -7.5000    7.5000   22.500014184.1553   21.2896
    0.0000    7.5000   22.500014873.5078   21.2576
    7.5000    7.5000   22.500014135.0762   21.2422
   -7.5000   15.0000   22.500013205.0176   21.2820
    0.0000   15.0000   22.500013849.4238   21.2543
    7.5000   15.0000   22.500013131.4932   21.2509
   -7.5000   22.5000   22.500012150.6504   21.2696
    0.0000   22.5000   22.500012754.8037   21.2481
    7.5000   22.5000   22.500012057.0391   21.2514
   -7.5000   30.0000   22.500011079.1260   21.0266
    0.0000   30.0000   22.500011623.0918   21.0078
    7.5000   30.0000   22.500010980.4502   21.0075
   -7.5000   37.5000   22.500010291.0742   21.1016
    0.0000   37.5000   22.500010742.1113   21.0783
    7.5000   37.5000   22.500010194.4355   21.0644
   -7.5000   45.0000   22.5000 9134.8799   20.7815
    0.0000   45.0000   22.5000 9497.0713   20.7517
    7.5000   45.0000   22.5000 9019.9346   20.7298
   -7.5000  -45.0000   30.000010201.4873   21.5563
    0.0000  -45.0000   30.000010638.7705   21.5140
    7.5000  -45.0000   30.000010101.5176   21.4959
   -7.5000  -37.5000   30.000010728.1201   21.5462
    0.0000  -37.5000   30.000011167.0039   21.5021
    7.5000  -37.5000   30.000010622.6738   21.4890
   -7.5000  -30.0000   30.000011579.9004   21.5391
    0.0000  -30.0000   30.000012091.4717   21.5029
    7.5000  -30.0000   30.000011483.3799   21.5018
   -7.5000  -22.5000   30.000012370.1846   21.5168
    0.0000  -22.5000   30.000012910.5273   21.4908
    7.5000  -22.5000   30.000012286.9521   21.4972
   -7.5000  -15.0000   30.000013005.4111   21.5009
    0.0000  -15.0000   30.000013600.2988   21.4771
    7.5000  -15.0000   30.000012946.3301   21.4805
   -7.5000   -7.5000   30.000013568.1699   21.5078
    0.0000   -7.5000   30.000014232.9521   21.4761
    7.5000   -7.5000   30.000013529.5225   21.4668
   -7.5000    0.0000   30.000013942.0049   21.5282
    0.0000    0.0000   30.000014603.6562   21.4861
    7.5000    0.0000   30.000013887.8838   21.4680
   -7.5000    7.5000   30.000013151.5010   21.5435
    0.0000    7.5000   30.000013770.1709   21.4994
    7.5000    7.5000   30.000013086.7246   21.4862
   -7.5000   15.0000   30.000012221.5645   21.5391
    0.0000   15.0000   30.000012798.1035   21.5029
    7.5000   15.0000   30.000012127.6777   21.5018
   -7.5000   22.5000   30.000011234.9336   21.5084
    0.0000   22.5000   30.000011742.3828   21.4824
    7.5000   22.5000   30.000011106.9971   21.4888
   -7.5000   30.0000   30.000010234.8213   21.2444
    0.0000   30.0000   30.000010692.5020   21.2209
    7.5000   30.0000   30.000010121.0205   21.2239
   -7.5000   37.5000   30.0000 9510.5801   21.3199
    0.0000   37.5000   30.0000 9904.5654   21.2882
    7.5000   37.5000   30.0000 9415.1475   21.2782
   -7.5000   45.0000   30.0000 8460.7129   21.0131
    0.0000   45.0000   30.0000 8781.2969   20.9715
    7.5000   45.0000   30.0000 8363.4482   20.9530
   -7.5000  -45.0000   37.5000 9751.8438   22.0261
    0.0000  -45.0000   37.500010147.2119   21.9826
    7.5000  -45.0000   37.5000 9674.5127   21.9722
   -7.5000  -37.5000   37.500010221.3555   22.0210
    0.0000  -37.5000   37.500010654.8203   21.9738
    7.5000  -37.5000   37.500010135.9766   21.9627
   -7.5000  -30.0000   37.500011044.7578   22.0165
    0.0000  -30.0000   37.500011550.9082   21.9761
    7.5000  -30.0000   37.500010969.9834   21.9683
   -7.5000  -22.5000   37.500011795.0742   21.9887
    0.0000  -22.5000   37.500012329.8223   21.9599
    7.5000  -22.5000   37.500011718.7988   21.9568
   -7.5000  -15.0000   37.500012414.0654   21.9647
    0.0000  -15.0000   37.500012988.8203   21.9406
    7.5000  -15.0000   37.500012354.4561   21.9390
   -7.5000   -7.5000   37.500012987.8721   21.9711
    0.0000   -7.5000   37.500013608.1357   21.9392
    7.5000   -7.5000   37.500012915.2607   21.9335
   -7.5000    0.0000   37.500013367.4375   21.9967
    0.0000    0.0000   37.500013978.6201   21.9533
    7.5000    0.0000   37.500013270.2676   21.9430
   -7.5000    7.5000   37.500012652.0967   22.0181
    0.0000    7.5000   37.500013220.8301   21.9710
    7.5000    7.5000   37.500012530.5127   21.9599
   -7.5000   15.0000   37.500011743.9912   22.0165
    0.0000   15.0000   37.500012285.1836   21.9761
    7.5000   15.0000   37.500011626.7949   21.9683
   -7.5000   22.5000   37.500010761.7812   21.9801
    0.0000   22.5000   37.500011254.8916   21.9514
    7.5000   22.5000   37.500010646.5332   21.9482
   -7.5000   30.0000   37.5000 9772.8330   21.7026
    0.0000   30.0000   37.500010211.3330   21.6788
    7.5000   30.0000   37.5000 9674.1904   21.6768
   -7.5000   37.5000   37.5000 9136.4834   21.7762
    0.0000   37.5000   37.5000 9500.4014   21.7444
    7.5000   37.5000   37.5000 9046.3301   21.7381
   -7.5000   45.0000   37.5000 8176.2666   21.4615
    0.0000   45.0000   37.5000 8463.5967   21.4182
    7.5000   45.0000   37.5000 8087.8120   21.4066
   -7.5000  -45.0000   45.0000 8887.8271   22.5599
    0.0000  -45.0000   45.0000 9219.6035   22.5250
    7.5000  -45.0000   45.0000 8786.4238   22.5170
   -7.5000  -37.5000   45.0000 9324.4873   22.5457
    0.0000  -37.5000   45.0000 9708.8379   22.5063
    7.5000  -37.5000   45.0000 9230.8379   22.4930
   -7.5000  -30.0000   45.000010081.5869   22.5422
    0.0000  -30.0000   45.000010527.3906   22.5048
    7.5000  -30.0000   45.000010004.2881   22.4854
   -7.5000  -22.5000   45.000010777.4268   22.5222
    0.0000  -22.5000   45.000011246.5928   22.4935
    7.5000  -22.5000   45.000010691.7393   22.4748
   -7.5000  -15.0000   45.000011362.6445   22.5030
    0.0000  -15.0000   45.000011852.2197   22.4808
    7.5000  -15.0000   45.000011273.4619   22.4678
   -7.5000   -7.5000   45.000011896.8057   22.5090
    0.0000   -7.5000   45.000012424.0195   22.4829
    7.5000   -7.5000   45.000011795.4746   22.4745
   -7.5000    0.0000   45.000012252.6748   22.5289
    0.0000    0.0000   45.000012792.9785   22.4941
    7.5000    0.0000   45.000012143.8076   22.4862
   -7.5000    7.5000   45.000011629.0615   22.5428
    0.0000    7.5000   45.000012144.9121   22.5033
    7.5000    7.5000   45.000011507.2324   22.4901
   -7.5000   15.0000   45.000010801.4248   22.5422
    0.0000   15.0000   45.000011287.0811   22.5048
    7.5000   15.0000   45.000010674.5635   22.4854
   -7.5000   22.5000   45.0000 9887.9990   22.5126
    0.0000   22.5000   45.000010327.1670   22.4838
    7.5000   22.5000   45.0000 9775.0596   22.4651
   -7.5000   30.0000   45.0000 8955.2773   22.2260
    0.0000   30.0000   45.0000 9329.0166   22.2040
    7.5000   30.0000   45.0000 8863.2510   22.1908
   -7.5000   37.5000   45.0000 8381.2949   22.2923
    0.0000   37.5000   45.0000 8705.9238   22.2663
    7.5000   37.5000   45.0000 8316.7197   22.2573
   -7.5000   45.0000   45.0000 7519.3970   21.9676
    0.0000   45.0000   45.0000 7769.2856   21.9322
    7.5000   45.0000   45.0000 7448.6440   21.9221

---------------------------------------------------------------------
imgreg_4dfp /usr/local/freesurfer/average/711-2C_as_mni_average_305 /usr/local/freesurfer/average/711-2B_as_mni_average_305_mask talsrcimg_g11 none talsrcimg_to_711-2C_as_mni_average_305_t4 4355
---------------------------------------------------------------------

freesurfer imgreg_4dfp.c
/usr/local/freesurfer/average/711-2C_as_mni_average_305.4dfp.img
       256       256       256         1
  1.000000  1.000000  1.000000
orientation T byte_order littleendian
Reading image: /usr/local/freesurfer/average/711-2C_as_mni_average_305.4dfp.img
dimensions:      256       256       256
mmppix:       1.0000   -1.0000   -1.0000
center:     128.0000 -129.0000 -129.0000
/usr/local/freesurfer/average/711-2B_as_mni_average_305_mask.4dfp.img
       256       256       256         1
  1.000000  1.000000  1.000000
orientation T byte_order littleendian
Reading mask: /usr/local/freesurfer/average/711-2B_as_mni_average_305_mask.4dfp.img (2306576 pixels)
talsrcimg_g11.4dfp.img
       256       256       256         1
  1.000000  1.000000  1.000000
orientation T byte_order littleendian
Reading image: talsrcimg_g11.4dfp.img
dimensions:      256       256       256
mmppix:       1.0000   -1.0000   -1.0000
center:     128.0000 -129.0000 -129.0000
rotation matrix determinant  1.000000
image alignment mode   4355 decimal     1103 hex
   -7.5000  -45.0000  -45.0000 2359.0908   18.9160
    0.0000  -45.0000  -45.0000 2353.2314   19.0122
    7.5000  -45.0000  -45.0000 2338.1025   19.2257
   -7.5000  -37.5000  -45.0000 2408.4412   18.0596
    0.0000  -37.5000  -45.0000 2399.1348   18.0886
    7.5000  -37.5000  -45.0000 2375.7808   18.3163
   -7.5000  -30.0000  -45.0000 2434.4307   17.5771
    0.0000  -30.0000  -45.0000 2428.4180   17.6212
    7.5000  -30.0000  -45.0000 2400.8115   17.8232
   -7.5000  -22.5000  -45.0000 2447.7051   17.4269
    0.0000  -22.5000  -45.0000 2447.7610   17.4805
    7.5000  -22.5000  -45.0000 2420.5564   17.6954
   -7.5000  -15.0000  -45.0000 2461.5349   17.5969
    0.0000  -15.0000  -45.0000 2454.9548   17.6133
    7.5000  -15.0000  -45.0000 2419.9358   17.8852
   -7.5000   -7.5000  -45.0000 2448.3818   17.9112
    0.0000   -7.5000  -45.0000 2443.3347   17.9604
    7.5000   -7.5000  -45.0000 2407.8586   18.2287
   -7.5000    0.0000  -45.0000 2417.9968   18.5656
    0.0000    0.0000  -45.0000 2413.2388   18.5995
    7.5000    0.0000  -45.0000 2373.2991   18.8702
   -7.5000    7.5000  -45.0000 2363.6899   19.5238
    0.0000    7.5000  -45.0000 2358.8208   19.5515
    7.5000    7.5000  -45.0000 2323.5723   19.8549
   -7.5000   15.0000  -45.0000 2285.7917   20.7866
    0.0000   15.0000  -45.0000 2282.6018   20.7528
    7.5000   15.0000  -45.0000 2249.9067   21.1115
   -7.5000   22.5000  -45.0000 2193.3335   22.5075
    0.0000   22.5000  -45.0000 2186.7422   22.4472
    7.5000   22.5000  -45.0000 2158.1438   22.8725
   -7.5000   30.0000  -45.0000 2077.3875   24.8874
    0.0000   30.0000  -45.0000 2073.0259   24.8223
    7.5000   30.0000  -45.0000 2053.0740   25.2517
   -7.5000   37.5000  -45.0000 1969.1748   27.9871
    0.0000   37.5000  -45.0000 1965.7682   27.8836
    7.5000   37.5000  -45.0000 1946.6071   28.3763
   -7.5000   45.0000  -45.0000 1837.3726   31.9407
    0.0000   45.0000  -45.0000 1832.0632   31.8939
    7.5000   45.0000  -45.0000 1823.0911   32.4334
   -7.5000  -45.0000  -37.5000 2439.8623   17.7546
    0.0000  -45.0000  -37.5000 2436.1338   17.8976
    7.5000  -45.0000  -37.5000 2417.5688   18.0393
   -7.5000  -37.5000  -37.5000 2491.1938   16.8578
    0.0000  -37.5000  -37.5000 2487.9119   16.9730
    7.5000  -37.5000  -37.5000 2463.3691   17.1178
   -7.5000  -30.0000  -37.5000 2516.2761   16.3850
    0.0000  -30.0000  -37.5000 2517.9299   16.4935
    7.5000  -30.0000  -37.5000 2487.0352   16.6191
   -7.5000  -22.5000  -37.5000 2532.8672   16.2663
    0.0000  -22.5000  -37.5000 2531.9006   16.3281
    7.5000  -22.5000  -37.5000 2500.6313   16.4540
   -7.5000  -15.0000  -37.5000 2546.2698   16.4299
    0.0000  -15.0000  -37.5000 2539.9363   16.4399
    7.5000  -15.0000  -37.5000 2499.2424   16.6010
   -7.5000   -7.5000  -37.5000 2540.7654   16.7202
    0.0000   -7.5000  -37.5000 2536.0010   16.7930
    7.5000   -7.5000  -37.5000 2497.4460   16.9906
   -7.5000    0.0000  -37.5000 2510.6863   17.3679
    0.0000    0.0000  -37.5000 2508.4712   17.4442
    7.5000    0.0000  -37.5000 2472.0581   17.6932
   -7.5000    7.5000  -37.5000 2454.5500   18.2588
    0.0000    7.5000  -37.5000 2449.1692   18.3048
    7.5000    7.5000  -37.5000 2412.6750   18.5569
   -7.5000   15.0000  -37.5000 2374.9646   19.3932
    0.0000   15.0000  -37.5000 2372.3545   19.4105
    7.5000   15.0000  -37.5000 2335.3425   19.6436
   -7.5000   22.5000  -37.5000 2273.0757   20.9251
    0.0000   22.5000  -37.5000 2275.0571   20.9218
    7.5000   22.5000  -37.5000 2244.1418   21.1747
   -7.5000   30.0000  -37.5000 2148.3472   23.0633
    0.0000   30.0000  -37.5000 2147.8716   23.0444
    7.5000   30.0000  -37.5000 2126.7358   23.3140
   -7.5000   37.5000  -37.5000 2031.0798   25.9130
    0.0000   37.5000  -37.5000 2031.6267   25.8699
    7.5000   37.5000  -37.5000 2010.2013   26.1758
   -7.5000   45.0000  -37.5000 1902.4069   29.5681
    0.0000   45.0000  -37.5000 1901.4902   29.5585
    7.5000   45.0000  -37.5000 1881.2736   29.9434
   -7.5000  -45.0000  -30.0000 2559.2246   17.3137
    0.0000  -45.0000  -30.0000 2559.9844   17.4976
    7.5000  -45.0000  -30.0000 2529.5933   17.6595
   -7.5000  -37.5000  -30.0000 2613.1963   16.4032
    0.0000  -37.5000  -30.0000 2613.9563   16.5617
    7.5000  -37.5000  -30.0000 2582.5269   16.6774
   -7.5000  -30.0000  -30.0000 2647.1821   15.8650
    0.0000  -30.0000  -30.0000 2649.1177   16.0023
    7.5000  -30.0000  -30.0000 2612.0828   16.1265
   -7.5000  -22.5000  -30.0000 2676.3943   15.7175
    0.0000  -22.5000  -30.0000 2672.3630   15.8015
    7.5000  -22.5000  -30.0000 2634.1426   15.9001
   -7.5000  -15.0000  -30.0000 2683.1108   15.9094
    0.0000  -15.0000  -30.0000 2674.8445   15.9435
    7.5000  -15.0000  -30.0000 2637.8499   16.0111
   -7.5000   -7.5000  -30.0000 2674.2214   16.2761
    0.0000   -7.5000  -30.0000 2671.6064   16.3246
    7.5000   -7.5000  -30.0000 2631.6448   16.4357
   -7.5000    0.0000  -30.0000 2647.0640   16.9149
    0.0000    0.0000  -30.0000 2642.6042   16.9852
    7.5000    0.0000  -30.0000 2604.2930   17.1416
   -7.5000    7.5000  -30.0000 2589.4370   17.7658
    0.0000    7.5000  -30.0000 2590.8010   17.8551
    7.5000    7.5000  -30.0000 2552.1023   17.9946
   -7.5000   15.0000  -30.0000 2502.6707   18.7972
    0.0000   15.0000  -30.0000 2504.1338   18.8584
    7.5000   15.0000  -30.0000 2466.1257   19.0302
   -7.5000   22.5000  -30.0000 2395.8533   20.2240
    0.0000   22.5000  -30.0000 2404.4033   20.2661
    7.5000   22.5000  -30.0000 2372.5823   20.5030
   -7.5000   30.0000  -30.0000 2269.9973   22.2323
    0.0000   30.0000  -30.0000 2275.4519   22.2568
    7.5000   30.0000  -30.0000 2247.1355   22.5481
   -7.5000   37.5000  -30.0000 2132.7434   24.9746
    0.0000   37.5000  -30.0000 2139.8496   24.9688
    7.5000   37.5000  -30.0000 2121.5422   25.2586
   -7.5000   45.0000  -30.0000 2002.3407   28.4998
    0.0000   45.0000  -30.0000 2004.7876   28.4309
    7.5000   45.0000  -30.0000 1985.2720   28.8310
   -7.5000  -45.0000  -22.5000 2644.9290   16.8471
    0.0000  -45.0000  -22.5000 2646.9392   17.0027
    7.5000  -45.0000  -22.5000 2610.6667   17.1627
   -7.5000  -37.5000  -22.5000 2706.5896   15.8670
    0.0000  -37.5000  -22.5000 2709.1409   15.9885
    7.5000  -37.5000  -22.5000 2671.4216   16.1401
   -7.5000  -30.0000  -22.5000 2750.1782   15.3224
    0.0000  -30.0000  -22.5000 2752.3533   15.4106
    7.5000  -30.0000  -22.5000 2713.0383   15.5568
   -7.5000  -22.5000  -22.5000 2780.6970   15.0779
    0.0000  -22.5000  -22.5000 2777.1941   15.1475
    7.5000  -22.5000  -22.5000 2738.0469   15.2837
   -7.5000  -15.0000  -22.5000 2785.3411   15.2408
    0.0000  -15.0000  -22.5000 2778.9492   15.3061
    7.5000  -15.0000  -22.5000 2743.1423   15.3834
   -7.5000   -7.5000  -22.5000 2777.4954   15.6706
    0.0000   -7.5000  -22.5000 2778.1748   15.7180
    7.5000   -7.5000  -22.5000 2740.6069   15.8151
   -7.5000    0.0000  -22.5000 2750.0759   16.3158
    0.0000    0.0000  -22.5000 2752.1865   16.3835
    7.5000    0.0000  -22.5000 2709.9751   16.4972
   -7.5000    7.5000  -22.5000 2690.3120   17.1527
    0.0000    7.5000  -22.5000 2695.6841   17.2089
    7.5000    7.5000  -22.5000 2658.1221   17.3457
   -7.5000   15.0000  -22.5000 2601.8337   18.1446
    0.0000   15.0000  -22.5000 2604.9031   18.2019
    7.5000   15.0000  -22.5000 2574.6545   18.3755
   -7.5000   22.5000  -22.5000 2493.1912   19.5240
    0.0000   22.5000  -22.5000 2496.6594   19.5413
    7.5000   22.5000  -22.5000 2471.3655   19.7637
   -7.5000   30.0000  -22.5000 2359.6794   21.4322
    0.0000   30.0000  -22.5000 2367.9097   21.4420
    7.5000   30.0000  -22.5000 2344.5627   21.7050
   -7.5000   37.5000  -22.5000 2218.6316   24.0647
    0.0000   37.5000  -22.5000 2225.8027   24.0608
    7.5000   37.5000  -22.5000 2204.7207   24.3355
   -7.5000   45.0000  -22.5000 2078.6025   27.4254
    0.0000   45.0000  -22.5000 2081.1094   27.3709
    7.5000   45.0000  -22.5000 2057.9429   27.7398
   -7.5000  -45.0000  -15.0000 2681.9536   16.4019
    0.0000  -45.0000  -15.0000 2685.1282   16.5168
    7.5000  -45.0000  -15.0000 2654.3877   16.6821
   -7.5000  -37.5000  -15.0000 2753.7095   15.3933
    0.0000  -37.5000  -15.0000 2759.3105   15.4894
    7.5000  -37.5000  -15.0000 2724.9412   15.6674
   -7.5000  -30.0000  -15.0000 2803.9333   14.8369
    0.0000  -30.0000  -15.0000 2806.9131   14.8862
    7.5000  -30.0000  -15.0000 2768.4719   15.0452
   -7.5000  -22.5000  -15.0000 2840.6860   14.5135
    0.0000  -22.5000  -15.0000 2845.6765   14.5699
    7.5000  -22.5000  -15.0000 2795.8098   14.7594
   -7.5000  -15.0000  -15.0000 2850.7546   14.5809
    0.0000  -15.0000  -15.0000 2852.2412   14.6656
    7.5000  -15.0000  -15.0000 2806.1055   14.8137
   -7.5000   -7.5000  -15.0000 2846.4417   15.0459
    0.0000   -7.5000  -15.0000 2853.9253   15.1157
    7.5000   -7.5000  -15.0000 2806.8235   15.2142
   -7.5000    0.0000  -15.0000 2820.8435   15.7408
    0.0000    0.0000  -15.0000 2827.0281   15.7759
    7.5000    0.0000  -15.0000 2783.3235   15.8919
   -7.5000    7.5000  -15.0000 2755.1333   16.5037
    0.0000    7.5000  -15.0000 2759.1763   16.5408
    7.5000    7.5000  -15.0000 2730.2842   16.7025
   -7.5000   15.0000  -15.0000 2660.7441   17.4898
    0.0000   15.0000  -15.0000 2668.9500   17.5155
    7.5000   15.0000  -15.0000 2640.3721   17.7176
   -7.5000   22.5000  -15.0000 2550.9807   18.8905
    0.0000   22.5000  -15.0000 2558.0933   18.8717
    7.5000   22.5000  -15.0000 2529.2361   19.1020
   -7.5000   30.0000  -15.0000 2418.5239   20.7299
    0.0000   30.0000  -15.0000 2423.0879   20.7337
    7.5000   30.0000  -15.0000 2398.7771   20.9795
   -7.5000   37.5000  -15.0000 2274.8052   23.2096
    0.0000   37.5000  -15.0000 2280.9817   23.1803
    7.5000   37.5000  -15.0000 2256.1096   23.4561
   -7.5000   45.0000  -15.0000 2123.1033   26.3436
    0.0000   45.0000  -15.0000 2126.2305   26.2943
    7.5000   45.0000  -15.0000 2103.0054   26.6167
   -7.5000  -45.0000   -7.5000 2694.0100   16.0662
    0.0000  -45.0000   -7.5000 2695.7092   16.1143
    7.5000  -45.0000   -7.5000 2667.2598   16.3598
   -7.5000  -37.5000   -7.5000 2776.1230   15.0343
    0.0000  -37.5000   -7.5000 2776.8899   15.0568
    7.5000  -37.5000   -7.5000 2743.5210   15.3241
   -7.5000  -30.0000   -7.5000 2828.9446   14.4344
    0.0000  -30.0000   -7.5000 2832.7869   14.4563
    7.5000  -30.0000   -7.5000 2797.3213   14.7003
   -7.5000  -22.5000   -7.5000 2867.7251   14.1431
    0.0000  -22.5000   -7.5000 2876.0156   14.1636
    7.5000  -22.5000   -7.5000 2829.1353   14.4286
   -7.5000  -15.0000   -7.5000 2886.5996   14.0758
    0.0000  -15.0000   -7.5000 2890.9778   14.1291
    7.5000  -15.0000   -7.5000 2847.1062   14.4592
   -7.5000   -7.5000   -7.5000 2889.1299   14.5214
    0.0000   -7.5000   -7.5000 2894.6995   14.5410
    7.5000   -7.5000   -7.5000 2855.2917   14.8067
   -7.5000    0.0000   -7.5000 2855.8721   15.1421
    0.0000    0.0000   -7.5000 2861.7283   15.1411
    7.5000    0.0000   -7.5000 2829.5151   15.3921
   -7.5000    7.5000   -7.5000 2786.8384   15.8582
    0.0000    7.5000   -7.5000 2795.5256   15.8482
    7.5000    7.5000   -7.5000 2767.6582   16.1361
   -7.5000   15.0000   -7.5000 2696.2378   16.8568
    0.0000   15.0000   -7.5000 2701.3477   16.8034
    7.5000   15.0000   -7.5000 2676.0232   17.1479
   -7.5000   22.5000   -7.5000 2577.0291   18.2414
    0.0000   22.5000   -7.5000 2585.6794   18.2435
    7.5000   22.5000   -7.5000 2560.6245   18.5379
   -7.5000   30.0000   -7.5000 2445.6665   20.0706
    0.0000   30.0000   -7.5000 2453.3330   20.1070
    7.5000   30.0000   -7.5000 2432.2656   20.4143
   -7.5000   37.5000   -7.5000 2303.5325   22.3961
    0.0000   37.5000   -7.5000 2307.9912   22.4246
    7.5000   37.5000   -7.5000 2287.3196   22.7515
   -7.5000   45.0000   -7.5000 2145.6384   25.3425
    0.0000   45.0000   -7.5000 2148.7341   25.3348
    7.5000   45.0000   -7.5000 2127.1870   25.7444
   -7.5000  -45.0000    0.0000 2679.2388   16.0114
    0.0000  -45.0000    0.0000 2683.8843   15.9909
    7.5000  -45.0000    0.0000 2652.3225   16.2626
   -7.5000  -37.5000    0.0000 2768.8511   14.9646
    0.0000  -37.5000    0.0000 2771.3950   14.9236
    7.5000  -37.5000    0.0000 2734.1772   15.2051
   -7.5000  -30.0000    0.0000 2828.1990   14.3069
    0.0000  -30.0000    0.0000 2831.2810   14.2549
    7.5000  -30.0000    0.0000 2794.7212   14.5465
   -7.5000  -22.5000    0.0000 2873.3120   14.0428
    0.0000  -22.5000    0.0000 2881.2083   13.9972
    7.5000  -22.5000    0.0000 2841.9626   14.2564
   -7.5000  -15.0000    0.0000 2896.7837   13.9568
    0.0000  -15.0000    0.0000 2902.0071   13.8895
    7.5000  -15.0000    0.0000 2867.6426   14.2996
   -7.5000   -7.5000    0.0000 2895.7871   14.2193
    0.0000   -7.5000    0.0000 2901.8113   14.1366
    7.5000   -7.5000    0.0000 2873.0166   14.6128
   -7.5000    0.0000    0.0000 2849.1631   14.7469
    0.0000    0.0000    0.0000 2854.3623   14.6416
    7.5000    0.0000    0.0000 2831.6440   15.0909
   -7.5000    7.5000    0.0000 2790.7847   15.5102
    0.0000    7.5000    0.0000 2796.2441   15.4313
    7.5000    7.5000    0.0000 2773.7156   15.7418
   -7.5000   15.0000    0.0000 2705.7480   16.5337
    0.0000   15.0000    0.0000 2715.4673   16.5030
    7.5000   15.0000    0.0000 2688.9731   16.7520
   -7.5000   22.5000    0.0000 2593.8901   17.9461
    0.0000   22.5000    0.0000 2601.8303   17.9149
    7.5000   22.5000    0.0000 2577.7986   18.1305
   -7.5000   30.0000    0.0000 2460.1882   19.7793
    0.0000   30.0000    0.0000 2467.6152   19.7948
    7.5000   30.0000    0.0000 2446.5789   20.0296
   -7.5000   37.5000    0.0000 2317.1096   22.1709
    0.0000   37.5000    0.0000 2325.1560   22.1274
    7.5000   37.5000    0.0000 2305.9917   22.4157
   -7.5000   45.0000    0.0000 2162.8855   25.0735
    0.0000   45.0000    0.0000 2170.4072   24.9694
    7.5000   45.0000    0.0000 2149.6921   25.3370
   -7.5000  -45.0000    7.5000 2644.0393   16.1964
    0.0000  -45.0000    7.5000 2645.2874   16.0970
    7.5000  -45.0000    7.5000 2617.7561   16.4251
   -7.5000  -37.5000    7.5000 2737.2212   15.1122
    0.0000  -37.5000    7.5000 2736.0251   15.0013
    7.5000  -37.5000    7.5000 2707.2258   15.3324
   -7.5000  -30.0000    7.5000 2803.1001   14.4286
    0.0000  -30.0000    7.5000 2807.8608   14.2841
    7.5000  -30.0000    7.5000 2777.9600   14.6289
   -7.5000  -22.5000    7.5000 2852.5095   14.1936
    0.0000  -22.5000    7.5000 2862.6536   14.0340
    7.5000  -22.5000    7.5000 2831.5129   14.3528
   -7.5000  -15.0000    7.5000 2887.2385   14.1813
    0.0000  -15.0000    7.5000 2893.2524   13.9882
    7.5000  -15.0000    7.5000 2868.0398   14.3935
   -7.5000   -7.5000    7.5000 2883.5171   14.3828
    0.0000   -7.5000    7.5000 2887.7195   14.1531
    7.5000   -7.5000    7.5000 2864.0376   14.6144
   -7.5000    0.0000    7.5000 2849.3901   14.8218
    0.0000    0.0000    7.5000 2851.1943   14.6449
    7.5000    0.0000    7.5000 2827.7498   15.0275
   -7.5000    7.5000    7.5000 2791.5791   15.5023
    0.0000    7.5000    7.5000 2802.0083   15.3943
    7.5000    7.5000    7.5000 2771.9426   15.6861
   -7.5000   15.0000    7.5000 2707.8018   16.5317
    0.0000   15.0000    7.5000 2719.0940   16.4809
    7.5000   15.0000    7.5000 2695.3938   16.7034
   -7.5000   22.5000    7.5000 2595.8203   17.9276
    0.0000   22.5000    7.5000 2610.2312   17.9051
    7.5000   22.5000    7.5000 2587.2429   18.1120
   -7.5000   30.0000    7.5000 2465.7000   19.7751
    0.0000   30.0000    7.5000 2480.8655   19.8066
    7.5000   30.0000    7.5000 2457.6038   19.9985
   -7.5000   37.5000    7.5000 2330.5139   22.1422
    0.0000   37.5000    7.5000 2338.0620   22.1750
    7.5000   37.5000    7.5000 2320.5732   22.3910
   -7.5000   45.0000    7.5000 2166.8694   24.9519
    0.0000   45.0000    7.5000 2178.6421   25.0236
    7.5000   45.0000    7.5000 2156.9167   25.2599
   -7.5000  -45.0000   15.0000 2586.7446   16.6818
    0.0000  -45.0000   15.0000 2589.5911   16.4735
    7.5000  -45.0000   15.0000 2567.0095   16.7993
   -7.5000  -37.5000   15.0000 2681.7817   15.6169
    0.0000  -37.5000   15.0000 2680.4792   15.4118
    7.5000  -37.5000   15.0000 2657.4668   15.7614
   -7.5000  -30.0000   15.0000 2760.2639   14.9450
    0.0000  -30.0000   15.0000 2759.2798   14.7291
    7.5000  -30.0000   15.0000 2734.8730   15.0675
   -7.5000  -22.5000   15.0000 2824.7893   14.6957
    0.0000  -22.5000   15.0000 2825.2751   14.4546
    7.5000  -22.5000   15.0000 2800.8293   14.7958
   -7.5000  -15.0000   15.0000 2854.7275   14.5402
    0.0000  -15.0000   15.0000 2852.5342   14.2653
    7.5000  -15.0000   15.0000 2828.5229   14.6845
   -7.5000   -7.5000   15.0000 2852.7236   14.7052
    0.0000   -7.5000   15.0000 2852.4995   14.4869
    7.5000   -7.5000   15.0000 2828.6128   14.8438
   -7.5000    0.0000   15.0000 2816.9453   15.1685
    0.0000    0.0000   15.0000 2825.4084   15.0770
    7.5000    0.0000   15.0000 2796.3970   15.2849
   -7.5000    7.5000   15.0000 2762.0183   15.8888
    0.0000    7.5000   15.0000 2773.2532   15.8340
    7.5000    7.5000   15.0000 2747.3364   16.0283
   -7.5000   15.0000   15.0000 2682.4722   16.8562
    0.0000   15.0000   15.0000 2693.9548   16.8203
    7.5000   15.0000   15.0000 2669.7100   16.9786
   -7.5000   22.5000   15.0000 2581.2654   18.1334
    0.0000   22.5000   15.0000 2596.8066   18.1120
    7.5000   22.5000   15.0000 2573.8171   18.3000
   -7.5000   30.0000   15.0000 2462.3875   19.9048
    0.0000   30.0000   15.0000 2477.9163   19.9118
    7.5000   30.0000   15.0000 2454.4941   20.1120
   -7.5000   37.5000   15.0000 2315.3586   22.1959
    0.0000   37.5000   15.0000 2331.4219   22.2100
    7.5000   37.5000   15.0000 2320.9358   22.4195
   -7.5000   45.0000   15.0000 2154.5654   25.0859
    0.0000   45.0000   15.0000 2165.9807   24.9986
    7.5000   45.0000   15.0000 2150.3459   25.2682
   -7.5000  -45.0000   22.5000 2530.9907   17.5480
    0.0000  -45.0000   22.5000 2532.3289   17.2560
    7.5000  -45.0000   22.5000 2506.7246   17.5297
   -7.5000  -37.5000   22.5000 2626.2178   16.4553
    0.0000  -37.5000   22.5000 2628.4963   16.2323
    7.5000  -37.5000   22.5000 2606.8267   16.5098
   -7.5000  -30.0000   22.5000 2705.2380   15.6810
    0.0000  -30.0000   22.5000 2712.3662   15.4956
    7.5000  -30.0000   22.5000 2685.9712   15.7698
   -7.5000  -22.5000   22.5000 2763.5342   15.2358
    0.0000  -22.5000   22.5000 2772.5525   14.9880
    7.5000  -22.5000   22.5000 2743.5364   15.3073
   -7.5000  -15.0000   22.5000 2794.4563   14.9782
    0.0000  -15.0000   22.5000 2800.9258   14.7137
    7.5000  -15.0000   22.5000 2772.5605   15.1160
   -7.5000   -7.5000   22.5000 2794.0039   15.0849
    0.0000   -7.5000   22.5000 2802.0098   14.9795
    7.5000   -7.5000   22.5000 2778.0615   15.2403
   -7.5000    0.0000   22.5000 2770.0178   15.5941
    0.0000    0.0000   22.5000 2773.6165   15.5157
    7.5000    0.0000   22.5000 2750.1538   15.7423
   -7.5000    7.5000   22.5000 2714.0674   16.3279
    0.0000    7.5000   22.5000 2718.7466   16.2562
    7.5000    7.5000   22.5000 2695.9290   16.4978
   -7.5000   15.0000   22.5000 2631.3679   17.3512
    0.0000   15.0000   22.5000 2643.3535   17.3144
    7.5000   15.0000   22.5000 2617.6797   17.4866
   -7.5000   22.5000   22.5000 2544.3857   18.6598
    0.0000   22.5000   22.5000 2561.8977   18.6128
    7.5000   22.5000   22.5000 2534.9341   18.7433
   -7.5000   30.0000   22.5000 2442.7366   20.3597
    0.0000   30.0000   22.5000 2461.4297   20.2989
    7.5000   30.0000   22.5000 2432.8389   20.4480
   -7.5000   37.5000   22.5000 2295.6858   22.5956
    0.0000   37.5000   22.5000 2309.8398   22.5508
    7.5000   37.5000   22.5000 2293.7795   22.7128
   -7.5000   45.0000   22.5000 2135.0342   25.4106
    0.0000   45.0000   22.5000 2146.3110   25.2502
    7.5000   45.0000   22.5000 2134.0454   25.5265
   -7.5000  -45.0000   30.0000 2470.1780   18.6874
    0.0000  -45.0000   30.0000 2476.5134   18.4350
    7.5000  -45.0000   30.0000 2448.5779   18.6390
   -7.5000  -37.5000   30.0000 2559.2063   17.4358
    0.0000  -37.5000   30.0000 2567.7817   17.2170
    7.5000  -37.5000   30.0000 2541.1238   17.4444
   -7.5000  -30.0000   30.0000 2630.2703   16.5329
    0.0000  -30.0000   30.0000 2640.0979   16.3122
    7.5000  -30.0000   30.0000 2613.6382   16.5598
   -7.5000  -22.5000   30.0000 2688.9182   15.9428
    0.0000  -22.5000   30.0000 2703.2588   15.7026
    7.5000  -22.5000   30.0000 2671.8535   16.0005
   -7.5000  -15.0000   30.0000 2718.2070   15.5923
    0.0000  -15.0000   30.0000 2729.2300   15.4450
    7.5000  -15.0000   30.0000 2703.1150   15.7461
   -7.5000   -7.5000   30.0000 2715.6948   15.7928
    0.0000   -7.5000   30.0000 2729.3320   15.7265
    7.5000   -7.5000   30.0000 2703.6501   15.9543
   -7.5000    0.0000   30.0000 2692.6287   16.3525
    0.0000    0.0000   30.0000 2697.6758   16.2665
    7.5000    0.0000   30.0000 2674.6621   16.4899
   -7.5000    7.5000   30.0000 2640.5049   17.0972
    0.0000    7.5000   30.0000 2645.0874   17.0183
    7.5000    7.5000   30.0000 2626.1941   17.2632
   -7.5000   15.0000   30.0000 2572.1968   18.0312
    0.0000   15.0000   30.0000 2582.4302   18.0222
    7.5000   15.0000   30.0000 2561.2407   18.2136
   -7.5000   22.5000   30.0000 2497.2590   19.2850
    0.0000   22.5000   30.0000 2508.5054   19.2759
    7.5000   22.5000   30.0000 2483.9146   19.4129
   -7.5000   30.0000   30.0000 2398.6208   20.9841
    0.0000   30.0000   30.0000 2413.5977   20.8985
    7.5000   30.0000   30.0000 2392.0818   21.0587
   -7.5000   37.5000   30.0000 2259.6897   23.1237
    0.0000   37.5000   30.0000 2273.3025   23.0326
    7.5000   37.5000   30.0000 2252.7925   23.2178
   -7.5000   45.0000   30.0000 2107.6772   25.9762
    0.0000   45.0000   30.0000 2116.7002   25.8424
    7.5000   45.0000   30.0000 2101.9204   26.1160
   -7.5000  -45.0000   37.5000 2398.9343   19.9545
    0.0000  -45.0000   37.5000 2408.6423   19.6769
    7.5000  -45.0000   37.5000 2384.8062   19.8635
   -7.5000  -37.5000   37.5000 2485.4341   18.5902
    0.0000  -37.5000   37.5000 2499.1797   18.3428
    7.5000  -37.5000   37.5000 2474.0010   18.5219
   -7.5000  -30.0000   37.5000 2551.3892   17.6053
    0.0000  -30.0000   37.5000 2572.3435   17.3555
    7.5000  -30.0000   37.5000 2546.8687   17.5576
   -7.5000  -22.5000   37.5000 2608.8518   16.8830
    0.0000  -22.5000   37.5000 2633.0740   16.6750
    7.5000  -22.5000   37.5000 2600.4297   16.9213
   -7.5000  -15.0000   37.5000 2631.7515   16.5452
    0.0000  -15.0000   37.5000 2648.7888   16.4416
    7.5000  -15.0000   37.5000 2622.8538   16.6609
   -7.5000   -7.5000   37.5000 2628.3860   16.7753
    0.0000   -7.5000   37.5000 2651.2888   16.7168
    7.5000   -7.5000   37.5000 2620.3103   16.8994
   -7.5000    0.0000   37.5000 2606.7695   17.3412
    0.0000    0.0000   37.5000 2617.7466   17.2838
    7.5000    0.0000   37.5000 2592.7505   17.4596
   -7.5000    7.5000   37.5000 2565.0107   18.1367
    0.0000    7.5000   37.5000 2570.4458   18.0706
    7.5000    7.5000   37.5000 2547.5532   18.2614
   -7.5000   15.0000   37.5000 2501.7253   19.0706
    0.0000   15.0000   37.5000 2513.8840   19.0092
    7.5000   15.0000   37.5000 2494.6521   19.2040
   -7.5000   22.5000   37.5000 2434.2449   20.2678
    0.0000   22.5000   37.5000 2449.3513   20.2345
    7.5000   22.5000   37.5000 2429.5996   20.4022
   -7.5000   30.0000   37.5000 2336.0623   21.8217
    0.0000   30.0000   37.5000 2357.6633   21.7833
    7.5000   30.0000   37.5000 2336.9705   21.9390
   -7.5000   37.5000   37.5000 2211.9329   24.0067
    0.0000   37.5000   37.5000 2223.0713   23.9413
    7.5000   37.5000   37.5000 2206.7229   24.1407
   -7.5000   45.0000   37.5000 2079.7578   26.9148
    0.0000   45.0000   37.5000 2083.6152   26.7633
    7.5000   45.0000   37.5000 2073.1711   27.0176
   -7.5000  -45.0000   45.0000 2327.8857   21.4900
    0.0000  -45.0000   45.0000 2334.6907   21.1575
    7.5000  -45.0000   45.0000 2313.5757   21.3194
   -7.5000  -37.5000   45.0000 2405.5229   19.9793
    0.0000  -37.5000   45.0000 2421.3179   19.7036
    7.5000  -37.5000   45.0000 2398.9622   19.8507
   -7.5000  -30.0000   45.0000 2470.8186   18.8892
    0.0000  -30.0000   45.0000 2495.6418   18.6303
    7.5000  -30.0000   45.0000 2472.1602   18.8179
   -7.5000  -22.5000   45.0000 2520.7537   18.1129
    0.0000  -22.5000   45.0000 2547.1450   17.9446
    7.5000  -22.5000   45.0000 2519.4238   18.1095
   -7.5000  -15.0000   45.0000 2539.8457   17.7859
    0.0000  -15.0000   45.0000 2560.2522   17.6778
    7.5000  -15.0000   45.0000 2537.3525   17.8489
   -7.5000   -7.5000   45.0000 2533.7693   17.9846
    0.0000   -7.5000   45.0000 2554.8826   17.9317
    7.5000   -7.5000   45.0000 2530.8818   18.0824
   -7.5000    0.0000   45.0000 2514.0981   18.5284
    0.0000    0.0000   45.0000 2526.1655   18.4977
    7.5000    0.0000   45.0000 2505.4587   18.6239
   -7.5000    7.5000   45.0000 2482.6741   19.3457
    0.0000    7.5000   45.0000 2489.0049   19.3218
    7.5000    7.5000   45.0000 2467.6702   19.4467
   -7.5000   15.0000   45.0000 2427.8550   20.3536
    0.0000   15.0000   45.0000 2437.2212   20.3056
    7.5000   15.0000   45.0000 2417.7219   20.4617
   -7.5000   22.5000   45.0000 2359.5859   21.5721
    0.0000   22.5000   45.0000 2373.4353   21.5425
    7.5000   22.5000   45.0000 2355.6716   21.7145
   -7.5000   30.0000   45.0000 2261.0078   23.1286
    0.0000   30.0000   45.0000 2277.1614   23.0767
    7.5000   30.0000   45.0000 2261.7007   23.2525
   -7.5000   37.5000   45.0000 2153.6943   25.3100
    0.0000   37.5000   45.0000 2166.6687   25.2239
    7.5000   37.5000   45.0000 2152.3323   25.4122
   -7.5000   45.0000   45.0000 2037.6644   28.2771
    0.0000   45.0000   45.0000 2042.2227   28.0975
    7.5000   45.0000   45.0000 2032.0858   28.2894

---------------------------------------------------------------------
imgreg_4dfp /usr/local/freesurfer/average/711-2C_as_mni_average_305 /usr/local/freesurfer/average/711-2B_as_mni_average_305_mask talsrcimg_g11 none talsrcimg_to_711-2C_as_mni_average_305_t4 1283
---------------------------------------------------------------------

freesurfer imgreg_4dfp.c
/usr/local/freesurfer/average/711-2C_as_mni_average_305.4dfp.img
       256       256       256         1
  1.000000  1.000000  1.000000
orientation T byte_order littleendian
Reading image: /usr/local/freesurfer/average/711-2C_as_mni_average_305.4dfp.img
dimensions:      256       256       256
mmppix:       1.0000   -1.0000   -1.0000
center:     128.0000 -129.0000 -129.0000
/usr/local/freesurfer/average/711-2B_as_mni_average_305_mask.4dfp.img
       256       256       256         1
  1.000000  1.000000  1.000000
orientation T byte_order littleendian
Reading mask: /usr/local/freesurfer/average/711-2B_as_mni_average_305_mask.4dfp.img (2306576 pixels)
talsrcimg_g11.4dfp.img
       256       256       256         1
  1.000000  1.000000  1.000000
orientation T byte_order littleendian
Reading image: talsrcimg_g11.4dfp.img
dimensions:      256       256       256
mmppix:       1.0000   -1.0000   -1.0000
center:     128.0000 -129.0000 -129.0000
rotation matrix determinant  1.000000
fimgreg.f
image alignment mode   1283 decimal      503 hex
parameters
    0.0000  -15.0000    0.0000    0.0000    0.0000    0.0000
eta,q 0.91122 13.93755
niter,ni,del,rscale     5    3   12.0000    1.2000
parameter  2 -1.177245 -> -0.500000 qaram    1.1500
parameter  4 -1.909430 ->  0.500000 qaram    1.1500
parameter  5  1.131921 ->  0.500000 qaram    1.1500
parameters
   -2.7522  -11.5500   -0.1481   -3.4500   -3.4500    2.2234
eta,q 0.91785 13.86223
  0.0926  0.0941  0.0922  0.0844  0.0842  0.0867
  0.0922  0.0920  0.0897  0.0855  0.0828  0.0853
  0.0916  0.0916  0.0883  0.0869  0.0830  0.0839
  0.0927  0.0912  0.0891  0.0888  0.0858  0.0825
  0.0942  0.0902  0.0891  0.0901  0.0898  0.0821
  0.0984  0.0894  0.0899  0.0907  0.0925  0.0826
  0.1032  0.0896  0.0924  0.0911  0.0927  0.0835
niter,ni,del,rscale     7    3   12.0000    1.2000
parameter  4  1.192013 ->  0.500000 qaram    1.3225
parameters
   -1.3748  -13.1724    0.1411   -7.4175   -4.4949    2.6138
eta,q 0.92011 13.85083
  0.0914  0.0853  0.0892  0.0780  0.0842  0.0833
  0.0880  0.0834  0.0863  0.0796  0.0821  0.0817
  0.0857  0.0816  0.0836  0.0802  0.0803  0.0803
  0.0822  0.0818  0.0813  0.0812  0.0797  0.0799
  0.0823  0.0844  0.0822  0.0838  0.0811  0.0801
  0.0849  0.0868  0.0853  0.0869  0.0851  0.0811
  0.0861  0.0906  0.0883  0.0899  0.0874  0.0826
niter,ni,del,rscale     7    3   12.0000    1.2000
parameter  4 -1.620974 ->  0.500000 qaram    1.5209
parameters
   -0.8852  -12.2692   -1.6651  -11.9801   -6.0897    3.0917
eta,q 0.92409 13.93584
  0.0905  0.0853  0.0812  0.0708  0.0779  0.0798
  0.0856  0.0830  0.0793  0.0757  0.0768  0.0786
  0.0821  0.0806  0.0791  0.0786  0.0760  0.0771
  0.0799  0.0797  0.0797  0.0791  0.0768  0.0760
  0.0811  0.0801  0.0812  0.0809  0.0778  0.0763
  0.0849  0.0823  0.0820  0.0831  0.0779  0.0776
  0.0870  0.0826  0.0824  0.0845  0.0793  0.0791
niter,ni,del,rscale     7    3   12.0000    1.2000
parameter  4 36.849880 ->  0.500000 qaram    1.7490
parameters
   -0.1634  -10.1403   -2.1868  -17.2272   -6.1171    4.2143
eta,q 0.93317 13.87161
  0.0865  0.0860  0.0747  0.0644  0.0725  0.0719
  0.0812  0.0819  0.0741  0.0662  0.0699  0.0699
  0.0778  0.0788  0.0756  0.0695  0.0678  0.0682
  0.0759  0.0757  0.0732  0.0742  0.0671  0.0671
  0.0766  0.0731  0.0717  0.0782  0.0676  0.0669
  0.0790  0.0747  0.0747  0.0817  0.0693  0.0678
  0.0822  0.0790  0.0771  0.0839  0.0731  0.0696
niter,ni,del,rscale     7    3   12.0000    1.2000
parameters
   -0.0307   -9.1347   -1.7980  -20.8619   -6.6335    1.7386
eta,q 0.93600 13.89104
  0.0787  0.0824  0.0742  0.0692  0.0689  0.0655
  0.0716  0.0737  0.0708  0.0669  0.0653  0.0644
  0.0676  0.0691  0.0683  0.0647  0.0646  0.0640
  0.0668  0.0668  0.0664  0.0659  0.0647  0.0647
  0.0678  0.0664  0.0652  0.0696  0.0652  0.0663
  0.0711  0.0693  0.0688  0.0761  0.0669  0.0678
  0.0773  0.0751  0.0734  0.0812  0.0700  0.0695
niter,ni,del,rscale     6    3   12.0000    1.2000
parameters
   -0.3589   -7.7108   -2.9175  -25.4660   -6.4696    2.9893
eta,q 0.93605 13.94534
  0.0760  0.0792  0.0706  0.0662  0.0705  0.0685
  0.0693  0.0716  0.0676  0.0656  0.0658  0.0659
  0.0644  0.0656  0.0657  0.0635  0.0644  0.0644
  0.0640  0.0638  0.0640  0.0647  0.0639  0.0639
  0.0671  0.0643  0.0674  0.0684  0.0643  0.0641
  0.0719  0.0657  0.0728  0.0750  0.0661  0.0646
  0.0777  0.0698  0.0766  0.0783  0.0694  0.0655
niter,ni,del,rscale     5    3   12.0000    1.2000
parameters
   -0.8534   -5.6931   -3.4635  -28.6892   -5.6932    3.0878
eta,q 0.93707 13.92642
  0.0758  0.0771  0.0665  0.0658  0.0704  0.0669
  0.0689  0.0718  0.0640  0.0624  0.0666  0.0649
  0.0642  0.0668  0.0639  0.0629  0.0639  0.0634
  0.0639  0.0636  0.0628  0.0633  0.0629  0.0629
  0.0672  0.0628  0.0623  0.0648  0.0632  0.0634
  0.0725  0.0644  0.0647  0.0686  0.0642  0.0647
  0.0793  0.0676  0.0696  0.0746  0.0679  0.0667
niter,ni,del,rscale     4    3   12.0000    1.2000
parameters
   -0.9886   -4.3884   -3.3789  -29.2589   -5.7067    3.5042
eta,q 0.93899 13.89076
  0.0756  0.0744  0.0669  0.0696  0.0683  0.0674
  0.0689  0.0689  0.0653  0.0636  0.0646  0.0651
  0.0638  0.0660  0.0656  0.0604  0.0621  0.0627
  0.0629  0.0629  0.0617  0.0615  0.0611  0.0611
  0.0648  0.0617  0.0591  0.0640  0.0617  0.0615
  0.0694  0.0647  0.0627  0.0656  0.0641  0.0635
  0.0768  0.0685  0.0701  0.0699  0.0688  0.0664
niter,ni,del,rscale     3    3   12.0000    1.2000
parameters
   -0.9294   -4.0699   -3.2439  -29.4593   -5.7241    3.6948
eta,q 0.93962 13.88238
  0.0744  0.0718  0.0673  0.0705  0.0680  0.0671
  0.0682  0.0679  0.0662  0.0641  0.0643  0.0646
  0.0627  0.0643  0.0658  0.0601  0.0616  0.0620
  0.0610  0.0610  0.0609  0.0605  0.0604  0.0604
  0.0626  0.0622  0.0585  0.0636  0.0611  0.0612
  0.0672  0.0660  0.0629  0.0656  0.0639  0.0636
  0.0743  0.0710  0.0708  0.0694  0.0686  0.0668
niter,ni,del,rscale     2    3   12.0000    1.2000
parameters
   -0.9377   -3.9524   -3.2169  -29.5818   -5.7315    3.7726
eta,q 0.93981 13.88210
  0.0738  0.0715  0.0673  0.0707  0.0681  0.0669
  0.0677  0.0677  0.0665  0.0644  0.0642  0.0644
  0.0622  0.0635  0.0656  0.0601  0.0615  0.0617
  0.0604  0.0604  0.0603  0.0603  0.0602  0.0602
  0.0623  0.0621  0.0585  0.0636  0.0609  0.0612
  0.0672  0.0663  0.0634  0.0657  0.0639  0.0637
  0.0742  0.0718  0.0715  0.0693  0.0685  0.0671
niter,ni,del,rscale     1    3   12.0000    1.2000
parameters
   -0.9410   -3.9061   -3.2115  -29.6360   -5.7400    3.8040
eta,q 0.93988 13.88220
  0.0738  0.0714  0.0674  0.0708  0.0681  0.0669
  0.0677  0.0676  0.0666  0.0646  0.0642  0.0643
  0.0621  0.0632  0.0655  0.0601  0.0615  0.0616
  0.0602  0.0602  0.0602  0.0602  0.0601  0.0601
  0.0622  0.0621  0.0585  0.0635  0.0609  0.0612
  0.0671  0.0664  0.0636  0.0657  0.0639  0.0637
  0.0742  0.0721  0.0717  0.0693  0.0686  0.0672
registration optimization eta report
parameter search radius
    6.0000    6.9000    6.0000   10.4940    6.9000    6.0000
100000*second partial in parameter space
       37.       23.       25.        9.       17.       18.
  0.0738  0.0714  0.0674  0.0708  0.0681  0.0669
  0.0677  0.0676  0.0666  0.0646  0.0642  0.0643
  0.0621  0.0632  0.0655  0.0601  0.0615  0.0616
  0.0602  0.0602  0.0602  0.0602  0.0601  0.0601
  0.0622  0.0621  0.0585  0.0635  0.0609  0.0612
  0.0671  0.0664  0.0636  0.0657  0.0639  0.0637
  0.0742  0.0721  0.0717  0.0693  0.0686  0.0672
   -0.9410   -3.9061   -3.2115  -29.6360   -5.7400    3.8040
eta,q 0.93988 13.88220

---------------------------------------------------------------------
imgreg_4dfp /usr/local/freesurfer/average/711-2C_as_mni_average_305 /usr/local/freesurfer/average/711-2B_as_mni_average_305_mask talsrcimg_g11 none talsrcimg_to_711-2C_as_mni_average_305_t4 3335
---------------------------------------------------------------------

freesurfer imgreg_4dfp.c
/usr/local/freesurfer/average/711-2C_as_mni_average_305.4dfp.img
       256       256       256         1
  1.000000  1.000000  1.000000
orientation T byte_order littleendian
Reading image: /usr/local/freesurfer/average/711-2C_as_mni_average_305.4dfp.img
dimensions:      256       256       256
mmppix:       1.0000   -1.0000   -1.0000
center:     128.0000 -129.0000 -129.0000
/usr/local/freesurfer/average/711-2B_as_mni_average_305_mask.4dfp.img
       256       256       256         1
  1.000000  1.000000  1.000000
orientation T byte_order littleendian
Reading mask: /usr/local/freesurfer/average/711-2B_as_mni_average_305_mask.4dfp.img (2306576 pixels)
talsrcimg_g11.4dfp.img
       256       256       256         1
  1.000000  1.000000  1.000000
orientation T byte_order littleendian
Reading image: talsrcimg_g11.4dfp.img
dimensions:      256       256       256
mmppix:       1.0000   -1.0000   -1.0000
center:     128.0000 -129.0000 -129.0000
fimgreg.f
image alignment mode   3335 decimal      D07 hex
parameters
   -0.9410   -3.9061   -3.2115   -0.7206  -13.6012  -13.5174
  -10.7012    5.3932    6.6012   49.9166  -10.0014  -49.2009
eta,q 0.94101 13.70038
niter,ni,del,rscale     5    3    5.0000    1.2000
parameter  4  2.613867 ->  0.500000 qaram    1.1500
parameter  5  2.656010 ->  0.500000 qaram    1.1500
parameter  6  1.484322 ->  0.500000 qaram    1.1500
parameter 10  3.165858 ->  0.500000 qaram    1.1500
parameter 11 -0.620993 -> -0.500000 qaram    1.1500
parameters
   -1.3221   -4.7158   -3.3305   -4.8606  -17.7412  -17.6574
   -9.2379    8.3886   10.0961   45.7766   -5.8614  -46.6934
eta,q 0.96181 13.53732
  0.0611  0.0594  0.0603  0.0515  0.0478  0.0444  0.0497  0.0477  0.0481  0.0361  0.0431  0.0425
  0.0596  0.0588  0.0594  0.0535  0.0493  0.0457  0.0480  0.0470  0.0470  0.0383  0.0415  0.0409
  0.0589  0.0586  0.0588  0.0561  0.0515  0.0473  0.0467  0.0465  0.0460  0.0414  0.0402  0.0393
  0.0590  0.0588  0.0586  0.0586  0.0542  0.0498  0.0460  0.0459  0.0453  0.0449  0.0391  0.0383
  0.0598  0.0594  0.0589  0.0624  0.0573  0.0530  0.0460  0.0454  0.0450  0.0488  0.0384  0.0382
  0.0611  0.0603  0.0596  0.0667  0.0605  0.0572  0.0465  0.0453  0.0450  0.0530  0.0383  0.0385
  0.0626  0.0614  0.0608  0.0698  0.0637  0.0608  0.0476  0.0462  0.0454  0.0571  0.0388  0.0391
niter,ni,del,rscale     7    3    5.0000    1.2000
parameter  2 -0.901095 -> -0.500000 qaram    1.1500
parameter  4  0.703786 ->  0.500000 qaram    1.3225
parameter  5  0.745707 ->  0.500000 qaram    1.3225
parameter  8  1.230857 ->  0.500000 qaram    1.1500
parameter  9  1.021089 ->  0.500000 qaram    1.1500
parameter 10  0.928478 ->  0.500000 qaram    1.3225
parameters
   -1.4557   -3.3358   -2.9945   -9.6216  -22.5022  -21.4388
  -11.8635    4.2486    5.9561   41.0156   -9.2518  -49.0093
eta,q 0.97591 13.27647
  0.0413  0.0447  0.0398  0.0342  0.0329  0.0330  0.0331  0.0294  0.0280  0.0240  0.0246  0.0246
  0.0395  0.0422  0.0380  0.0344  0.0328  0.0326  0.0324  0.0292  0.0280  0.0242  0.0243  0.0241
  0.0385  0.0400  0.0369  0.0349  0.0333  0.0326  0.0322  0.0304  0.0285  0.0255  0.0243  0.0241
  0.0382  0.0382  0.0364  0.0365  0.0345  0.0329  0.0325  0.0322  0.0294  0.0281  0.0244  0.0242
  0.0387  0.0370  0.0366  0.0390  0.0367  0.0345  0.0333  0.0344  0.0307  0.0322  0.0249  0.0246
  0.0400  0.0363  0.0372  0.0429  0.0397  0.0377  0.0344  0.0366  0.0321  0.0372  0.0256  0.0251
  0.0420  0.0364  0.0382  0.0484  0.0431  0.0425  0.0359  0.0392  0.0337  0.0427  0.0268  0.0258
niter,ni,del,rscale     7    3    5.0000    1.2000
parameter  3  0.586720 ->  0.500000 qaram    1.1500
parameters
   -0.9095   -2.3943   -4.3745  -11.4320  -22.3728  -22.3693
  -10.5544    4.9681    6.6570   38.4248  -10.6102  -47.9257
eta,q 0.97665 13.03882
  0.0298  0.0297  0.0232  0.0267  0.0287  0.0267  0.0272  0.0308  0.0270  0.0261  0.0241  0.0262
  0.0271  0.0271  0.0229  0.0254  0.0265  0.0256  0.0256  0.0273  0.0254  0.0242  0.0234  0.0246
  0.0251  0.0252  0.0230  0.0242  0.0247  0.0246  0.0245  0.0249  0.0243  0.0234  0.0232  0.0235
  0.0241  0.0239  0.0235  0.0229  0.0236  0.0236  0.0239  0.0239  0.0237  0.0237  0.0234  0.0233
  0.0240  0.0235  0.0242  0.0238  0.0239  0.0232  0.0239  0.0238  0.0239  0.0251  0.0237  0.0236
  0.0247  0.0238  0.0252  0.0280  0.0259  0.0263  0.0244  0.0254  0.0247  0.0280  0.0240  0.0240
  0.0262  0.0251  0.0265  0.0332  0.0289  0.0303  0.0254  0.0291  0.0261  0.0328  0.0245  0.0246
niter,ni,del,rscale     7    3    5.0000    1.2000
parameters
   -0.8784   -2.6874   -4.4142  -11.4888  -21.5675  -22.2504
  -10.6460    5.1643    6.6711   37.8417  -10.6018  -47.3214
eta,q 0.97681 13.03899
  0.0263  0.0262  0.0252  0.0272  0.0287  0.0266  0.0256  0.0293  0.0261  0.0278  0.0243  0.0257
  0.0247  0.0245  0.0241  0.0256  0.0266  0.0253  0.0242  0.0259  0.0245  0.0253  0.0234  0.0241
  0.0237  0.0235  0.0235  0.0244  0.0247  0.0242  0.0234  0.0238  0.0235  0.0237  0.0230  0.0232
  0.0234  0.0234  0.0233  0.0233  0.0233  0.0232  0.0231  0.0231  0.0231  0.0231  0.0231  0.0231
  0.0236  0.0240  0.0236  0.0225  0.0233  0.0226  0.0234  0.0234  0.0235  0.0238  0.0234  0.0235
  0.0246  0.0255  0.0242  0.0245  0.0250  0.0240  0.0243  0.0252  0.0245  0.0257  0.0236  0.0240
  0.0262  0.0278  0.0252  0.0287  0.0278  0.0276  0.0257  0.0290  0.0261  0.0296  0.0240  0.0246
niter,ni,del,rscale     6    3    5.0000    1.2000
parameters
   -0.8625   -2.7709   -4.3358  -11.5723  -21.3235  -22.0810
  -10.5957    5.2135    6.6467   37.6363  -10.6964  -47.0649
eta,q 0.97685 13.03958
  0.0261  0.0267  0.0252  0.0270  0.0282  0.0266  0.0256  0.0290  0.0261  0.0282  0.0242  0.0254
  0.0245  0.0248  0.0241  0.0254  0.0262  0.0252  0.0242  0.0256  0.0245  0.0256  0.0233  0.0239
  0.0235  0.0236  0.0234  0.0242  0.0244  0.0241  0.0234  0.0237  0.0235  0.0239  0.0230  0.0231
  0.0232  0.0232  0.0232  0.0232  0.0232  0.0232  0.0231  0.0231  0.0231  0.0231  0.0231  0.0231
  0.0235  0.0237  0.0234  0.0223  0.0235  0.0226  0.0234  0.0235  0.0235  0.0237  0.0234  0.0235
  0.0244  0.0251  0.0240  0.0243  0.0254  0.0238  0.0242  0.0252  0.0245  0.0254  0.0236  0.0241
  0.0261  0.0272  0.0250  0.0286  0.0283  0.0274  0.0255  0.0291  0.0261  0.0291  0.0239  0.0247
niter,ni,del,rscale     5    3    5.0000    1.2000
parameters
   -0.8562   -2.7960   -4.2845  -11.6080  -21.2480  -22.0106
  -10.5762    5.2491    6.6484   37.5698  -10.7238  -46.9829
eta,q 0.97685 13.04021
  0.0261  0.0268  0.0252  0.0270  0.0281  0.0265  0.0256  0.0289  0.0261  0.0283  0.0242  0.0252
  0.0244  0.0249  0.0240  0.0254  0.0260  0.0251  0.0242  0.0256  0.0245  0.0257  0.0233  0.0238
  0.0235  0.0236  0.0234  0.0242  0.0243  0.0240  0.0234  0.0236  0.0235  0.0239  0.0230  0.0231
  0.0232  0.0232  0.0232  0.0232  0.0232  0.0232  0.0231  0.0231  0.0231  0.0231  0.0231  0.0231
  0.0234  0.0236  0.0234  0.0222  0.0235  0.0226  0.0234  0.0235  0.0235  0.0237  0.0234  0.0236
  0.0244  0.0249  0.0240  0.0242  0.0255  0.0239  0.0242  0.0252  0.0245  0.0253  0.0236  0.0241
  0.0260  0.0270  0.0250  0.0285  0.0284  0.0275  0.0255  0.0290  0.0261  0.0289  0.0239  0.0247
niter,ni,del,rscale     4    3    5.0000    1.2000
parameters
   -0.8521   -2.8029   -4.2686  -11.6206  -21.2218  -21.9890
  -10.5680    5.2601    6.6434   37.5498  -10.7277  -46.9553
eta,q 0.97685 13.04037
  0.0260  0.0269  0.0251  0.0270  0.0280  0.0264  0.0256  0.0289  0.0261  0.0283  0.0242  0.0252
  0.0244  0.0249  0.0240  0.0254  0.0260  0.0251  0.0242  0.0255  0.0245  0.0257  0.0233  0.0237
  0.0235  0.0236  0.0234  0.0242  0.0243  0.0240  0.0234  0.0236  0.0235  0.0240  0.0230  0.0231
  0.0231  0.0231  0.0231  0.0231  0.0232  0.0231  0.0231  0.0231  0.0231  0.0231  0.0231  0.0231
  0.0234  0.0236  0.0234  0.0222  0.0235  0.0226  0.0234  0.0235  0.0235  0.0236  0.0234  0.0236
  0.0244  0.0249  0.0240  0.0242  0.0256  0.0239  0.0242  0.0253  0.0245  0.0253  0.0236  0.0241
  0.0260  0.0270  0.0250  0.0285  0.0285  0.0276  0.0256  0.0290  0.0261  0.0288  0.0239  0.0247
registration optimization eta report
parameter search radius
    2.4000    2.7600    2.7600    9.5220    9.5220    8.2800
    7.2000    8.2800    8.2800    9.5220    8.2800    7.2000
100000*second partial in parameter space
       50.       49.       25.        5.        5.        6.
        5.        9.        4.        6.        1.        4.
  0.0260  0.0269  0.0251  0.0270  0.0280  0.0264  0.0256  0.0289  0.0261  0.0283  0.0242  0.0252
  0.0244  0.0249  0.0240  0.0254  0.0260  0.0251  0.0242  0.0255  0.0245  0.0257  0.0233  0.0237
  0.0235  0.0236  0.0234  0.0242  0.0243  0.0240  0.0234  0.0236  0.0235  0.0240  0.0230  0.0231
  0.0231  0.0231  0.0231  0.0231  0.0232  0.0231  0.0231  0.0231  0.0231  0.0231  0.0231  0.0231
  0.0234  0.0236  0.0234  0.0222  0.0235  0.0226  0.0234  0.0235  0.0235  0.0236  0.0234  0.0236
  0.0244  0.0249  0.0240  0.0242  0.0256  0.0239  0.0242  0.0253  0.0245  0.0253  0.0236  0.0241
  0.0260  0.0270  0.0250  0.0285  0.0285  0.0276  0.0256  0.0290  0.0261  0.0288  0.0239  0.0247
   -0.8521   -2.8029   -4.2686  -11.6206  -21.2218  -21.9890
  -10.5680    5.2601    6.6434   37.5498  -10.7277  -46.9553
eta,q 0.97685 13.04037

---------------------------------------------------------------------
imgreg_4dfp /usr/local/freesurfer/average/711-2C_as_mni_average_305 /usr/local/freesurfer/average/711-2B_as_mni_average_305_mask talsrcimg_g11 none talsrcimg_to_711-2C_as_mni_average_305_t4 2311
---------------------------------------------------------------------

freesurfer imgreg_4dfp.c
/usr/local/freesurfer/average/711-2C_as_mni_average_305.4dfp.img
       256       256       256         1
  1.000000  1.000000  1.000000
orientation T byte_order littleendian
Reading image: /usr/local/freesurfer/average/711-2C_as_mni_average_305.4dfp.img
dimensions:      256       256       256
mmppix:       1.0000   -1.0000   -1.0000
center:     128.0000 -129.0000 -129.0000
/usr/local/freesurfer/average/711-2B_as_mni_average_305_mask.4dfp.img
       256       256       256         1
  1.000000  1.000000  1.000000
orientation T byte_order littleendian
Reading mask: /usr/local/freesurfer/average/711-2B_as_mni_average_305_mask.4dfp.img (2306576 pixels)
talsrcimg_g11.4dfp.img
       256       256       256         1
  1.000000  1.000000  1.000000
orientation T byte_order littleendian
Reading image: talsrcimg_g11.4dfp.img
dimensions:      256       256       256
mmppix:       1.0000   -1.0000   -1.0000
center:     128.0000 -129.0000 -129.0000
fimgreg.f
image alignment mode   2311 decimal      907 hex
parameters
   -0.8521   -2.8029   -4.2686  -11.6206  -21.2218  -21.9890
  -10.5680    5.2601    6.6434   37.5498  -10.7277  -46.9553
eta,q 0.97685 13.04037
niter,ni,del,rscale     5    3    5.0000    0.8000
parameter  4 -0.920452 -> -0.500000 qaram    1.1500
parameters
   -0.8490   -2.7752   -4.2728   -8.8606  -20.9333  -20.9335
  -10.8409    5.5318    6.5024   38.0085  -10.1648  -46.8789
eta,q 0.97806 13.24834
  0.0244  0.0245  0.0238  0.0247  0.0242  0.0242  0.0235  0.0256  0.0233  0.0241  0.0231  0.0233
  0.0237  0.0238  0.0234  0.0242  0.0234  0.0235  0.0227  0.0239  0.0226  0.0231  0.0225  0.0224
  0.0233  0.0233  0.0232  0.0237  0.0226  0.0228  0.0221  0.0226  0.0221  0.0224  0.0221  0.0220
  0.0231  0.0231  0.0231  0.0231  0.0222  0.0222  0.0220  0.0220  0.0220  0.0220  0.0219  0.0219
  0.0233  0.0233  0.0232  0.0225  0.0223  0.0220  0.0223  0.0222  0.0222  0.0220  0.0220  0.0222
  0.0237  0.0237  0.0234  0.0222  0.0229  0.0221  0.0229  0.0232  0.0227  0.0225  0.0222  0.0226
  0.0244  0.0245  0.0238  0.0227  0.0240  0.0233  0.0239  0.0250  0.0235  0.0235  0.0227  0.0230
niter,ni,del,rscale     5    3    5.0000    0.8000
parameters
   -0.8094   -2.7726   -4.0136   -9.7862  -20.8730  -20.3711
  -10.6417    5.5022    6.5338   38.2008  -10.1018  -46.9549
eta,q 0.97804 13.25472
  0.0243  0.0235  0.0232  0.0239  0.0240  0.0240  0.0237  0.0250  0.0233  0.0239  0.0228  0.0233
  0.0230  0.0226  0.0225  0.0233  0.0231  0.0233  0.0228  0.0234  0.0226  0.0230  0.0223  0.0224
  0.0222  0.0221  0.0221  0.0225  0.0225  0.0226  0.0222  0.0224  0.0221  0.0223  0.0220  0.0220
  0.0219  0.0219  0.0219  0.0219  0.0221  0.0221  0.0220  0.0220  0.0220  0.0220  0.0220  0.0220
  0.0222  0.0221  0.0220  0.0224  0.0223  0.0218  0.0221  0.0223  0.0221  0.0221  0.0221  0.0222
  0.0229  0.0226  0.0222  0.0242  0.0229  0.0220  0.0226  0.0234  0.0226  0.0226  0.0223  0.0226
  0.0240  0.0235  0.0225  0.0269  0.0241  0.0238  0.0234  0.0252  0.0233  0.0237  0.0227  0.0231
niter,ni,del,rscale     4    3    5.0000    0.7000
parameters
   -0.8345   -2.7582   -3.9925   -9.8335  -20.9181  -20.1273
  -10.6615    5.5162    6.5200   38.3379  -10.1249  -47.0435
eta,q 0.97811 13.26637
  0.0234  0.0231  0.0227  0.0239  0.0234  0.0235  0.0231  0.0244  0.0230  0.0235  0.0226  0.0229
  0.0226  0.0225  0.0222  0.0233  0.0227  0.0229  0.0224  0.0231  0.0224  0.0227  0.0222  0.0223
  0.0221  0.0221  0.0220  0.0226  0.0222  0.0224  0.0220  0.0223  0.0220  0.0222  0.0220  0.0219
  0.0220  0.0220  0.0220  0.0220  0.0220  0.0220  0.0219  0.0219  0.0219  0.0219  0.0219  0.0219
  0.0222  0.0221  0.0220  0.0219  0.0221  0.0217  0.0221  0.0221  0.0220  0.0220  0.0220  0.0221
  0.0227  0.0225  0.0222  0.0228  0.0227  0.0221  0.0225  0.0230  0.0224  0.0225  0.0222  0.0225
  0.0235  0.0231  0.0226  0.0247  0.0236  0.0237  0.0231  0.0245  0.0230  0.0234  0.0226  0.0229
niter,ni,del,rscale     3    3    5.0000    0.6000
parameters
   -0.8441   -2.7444   -3.9575   -9.6243  -20.9759  -19.8985
  -10.6866    5.5502    6.4778   38.4477  -10.0819  -47.0806
eta,q 0.97822 13.28399
  0.0230  0.0228  0.0224  0.0236  0.0230  0.0231  0.0227  0.0239  0.0226  0.0230  0.0224  0.0226
  0.0224  0.0223  0.0221  0.0230  0.0224  0.0226  0.0222  0.0228  0.0221  0.0224  0.0220  0.0221
  0.0220  0.0220  0.0220  0.0224  0.0220  0.0222  0.0219  0.0221  0.0219  0.0220  0.0218  0.0218
  0.0219  0.0219  0.0219  0.0219  0.0218  0.0218  0.0218  0.0218  0.0218  0.0218  0.0218  0.0218
  0.0220  0.0220  0.0220  0.0218  0.0220  0.0217  0.0219  0.0220  0.0219  0.0218  0.0219  0.0219
  0.0224  0.0223  0.0221  0.0224  0.0224  0.0220  0.0222  0.0227  0.0222  0.0222  0.0220  0.0222
  0.0230  0.0227  0.0224  0.0237  0.0231  0.0232  0.0227  0.0239  0.0226  0.0229  0.0223  0.0225
niter,ni,del,rscale     2    3    5.0000    0.5000
parameters
   -0.8398   -2.7241   -3.8884   -9.4199  -21.0147  -19.6066
  -10.6772    5.5854    6.4102   38.5417  -10.0148  -47.0646
eta,q 0.97833 13.30239
  0.0226  0.0224  0.0222  0.0232  0.0226  0.0227  0.0224  0.0233  0.0222  0.0226  0.0221  0.0223
  0.0221  0.0221  0.0220  0.0227  0.0221  0.0223  0.0220  0.0225  0.0219  0.0221  0.0219  0.0219
  0.0219  0.0219  0.0218  0.0222  0.0219  0.0220  0.0218  0.0219  0.0217  0.0218  0.0217  0.0217
  0.0218  0.0218  0.0218  0.0218  0.0217  0.0217  0.0217  0.0217  0.0217  0.0217  0.0217  0.0217
  0.0219  0.0218  0.0218  0.0217  0.0218  0.0216  0.0218  0.0218  0.0217  0.0217  0.0217  0.0218
  0.0221  0.0220  0.0219  0.0222  0.0221  0.0218  0.0220  0.0224  0.0220  0.0220  0.0219  0.0220
  0.0226  0.0224  0.0221  0.0232  0.0226  0.0226  0.0224  0.0233  0.0223  0.0225  0.0221  0.0222
niter,ni,del,rscale     1    3    5.0000    0.4000
parameters
   -0.8317   -2.6945   -3.7945   -9.2687  -21.0491  -19.2568
  -10.6576    5.6139    6.3496   38.6427   -9.9346  -46.9945
eta,q 0.97842 13.32003
  0.0222  0.0221  0.0220  0.0227  0.0222  0.0224  0.0221  0.0227  0.0219  0.0222  0.0219  0.0220
  0.0219  0.0219  0.0218  0.0223  0.0219  0.0221  0.0218  0.0221  0.0217  0.0219  0.0217  0.0218
  0.0217  0.0217  0.0217  0.0219  0.0217  0.0218  0.0216  0.0217  0.0216  0.0217  0.0216  0.0216
  0.0217  0.0217  0.0217  0.0217  0.0216  0.0216  0.0216  0.0216  0.0216  0.0216  0.0216  0.0216
  0.0217  0.0217  0.0217  0.0217  0.0217  0.0215  0.0216  0.0217  0.0216  0.0216  0.0216  0.0216
  0.0219  0.0218  0.0218  0.0220  0.0219  0.0217  0.0218  0.0221  0.0218  0.0218  0.0217  0.0218
  0.0222  0.0220  0.0219  0.0227  0.0222  0.0222  0.0220  0.0227  0.0220  0.0222  0.0219  0.0220
registration optimization eta report
parameter search radius
    0.8000    0.8000    0.8000    2.7600    2.4000    2.4000
    2.4000    2.4000    2.4000    2.4000    2.4000    2.4000
100000*second partial in parameter space
       87.       62.       41.       13.       10.       11.
        8.       20.        7.       11.        5.        7.
  0.0222  0.0221  0.0220  0.0227  0.0222  0.0224  0.0221  0.0227  0.0219  0.0222  0.0219  0.0220
  0.0219  0.0219  0.0218  0.0223  0.0219  0.0221  0.0218  0.0221  0.0217  0.0219  0.0217  0.0218
  0.0217  0.0217  0.0217  0.0219  0.0217  0.0218  0.0216  0.0217  0.0216  0.0217  0.0216  0.0216
  0.0217  0.0217  0.0217  0.0217  0.0216  0.0216  0.0216  0.0216  0.0216  0.0216  0.0216  0.0216
  0.0217  0.0217  0.0217  0.0217  0.0217  0.0215  0.0216  0.0217  0.0216  0.0216  0.0216  0.0216
  0.0219  0.0218  0.0218  0.0220  0.0219  0.0217  0.0218  0.0221  0.0218  0.0218  0.0217  0.0218
  0.0222  0.0220  0.0219  0.0227  0.0222  0.0222  0.0220  0.0227  0.0220  0.0222  0.0219  0.0220
   -0.8317   -2.6945   -3.7945   -9.2687  -21.0491  -19.2568
  -10.6576    5.6139    6.3496   38.6427   -9.9346  -46.9945
eta,q 0.97842 13.32003

---------------------------------------------------------------------
imgreg_4dfp /usr/local/freesurfer/average/711-2C_as_mni_average_305 /usr/local/freesurfer/average/711-2B_as_mni_average_305_mask talsrcimg_g11 none talsrcimg_to_711-2C_as_mni_average_305_t4 2311
---------------------------------------------------------------------

freesurfer imgreg_4dfp.c
/usr/local/freesurfer/average/711-2C_as_mni_average_305.4dfp.img
       256       256       256         1
  1.000000  1.000000  1.000000
orientation T byte_order littleendian
Reading image: /usr/local/freesurfer/average/711-2C_as_mni_average_305.4dfp.img
dimensions:      256       256       256
mmppix:       1.0000   -1.0000   -1.0000
center:     128.0000 -129.0000 -129.0000
/usr/local/freesurfer/average/711-2B_as_mni_average_305_mask.4dfp.img
       256       256       256         1
  1.000000  1.000000  1.000000
orientation T byte_order littleendian
Reading mask: /usr/local/freesurfer/average/711-2B_as_mni_average_305_mask.4dfp.img (2306576 pixels)
talsrcimg_g11.4dfp.img
       256       256       256         1
  1.000000  1.000000  1.000000
orientation T byte_order littleendian
Reading image: talsrcimg_g11.4dfp.img
dimensions:      256       256       256
mmppix:       1.0000   -1.0000   -1.0000
center:     128.0000 -129.0000 -129.0000
fimgreg.f
image alignment mode   2311 decimal      907 hex
parameters
   -0.8317   -2.6945   -3.7945   -9.2687  -21.0491  -19.2568
  -10.6576    5.6139    6.3496   38.6427   -9.9346  -46.9945
eta,q 0.97842 13.32002
niter,ni,del,rscale     5    3    5.0000    0.8000
parameters
   -0.7997   -2.6634   -3.5924   -9.8729  -21.1810  -19.7656
  -10.5366    5.4821    6.5074   38.4512   -9.9289  -46.9521
eta,q 0.97812 13.28280
  0.0240  0.0232  0.0231  0.0235  0.0235  0.0235  0.0235  0.0249  0.0233  0.0236  0.0227  0.0232
  0.0227  0.0223  0.0222  0.0228  0.0227  0.0228  0.0226  0.0233  0.0225  0.0227  0.0222  0.0223
  0.0219  0.0218  0.0218  0.0221  0.0220  0.0222  0.0221  0.0223  0.0221  0.0221  0.0219  0.0219
  0.0216  0.0216  0.0216  0.0216  0.0217  0.0217  0.0219  0.0219  0.0219  0.0219  0.0219  0.0219
  0.0218  0.0217  0.0217  0.0219  0.0219  0.0216  0.0220  0.0222  0.0220  0.0221  0.0220  0.0221
  0.0226  0.0223  0.0219  0.0233  0.0227  0.0230  0.0225  0.0234  0.0224  0.0227  0.0223  0.0225
  0.0237  0.0231  0.0224  0.0255  0.0239  0.0254  0.0233  0.0253  0.0231  0.0241  0.0227  0.0230
niter,ni,del,rscale     4    3    5.0000    0.7000
parameters
   -0.8260   -2.6695   -3.8771   -9.6480  -21.0930  -19.9845
  -10.6298    5.4817    6.4963   38.4169  -10.0224  -47.0490
eta,q 0.97818 13.27905
  0.0233  0.0230  0.0223  0.0236  0.0233  0.0233  0.0230  0.0244  0.0229  0.0233  0.0225  0.0229
  0.0225  0.0224  0.0220  0.0230  0.0226  0.0227  0.0223  0.0231  0.0223  0.0225  0.0221  0.0222
  0.0220  0.0220  0.0218  0.0224  0.0221  0.0222  0.0219  0.0222  0.0219  0.0220  0.0219  0.0218
  0.0219  0.0219  0.0219  0.0218  0.0218  0.0218  0.0218  0.0218  0.0218  0.0218  0.0218  0.0218
  0.0221  0.0220  0.0221  0.0217  0.0219  0.0216  0.0220  0.0221  0.0219  0.0219  0.0219  0.0220
  0.0226  0.0224  0.0224  0.0223  0.0224  0.0224  0.0224  0.0230  0.0223  0.0225  0.0222  0.0224
  0.0234  0.0230  0.0228  0.0237  0.0233  0.0243  0.0231  0.0245  0.0229  0.0234  0.0225  0.0228
niter,ni,del,rscale     3    3    5.0000    0.6000
parameters
   -0.8435   -2.7069   -3.9050   -9.4163  -21.0492  -19.8880
  -10.6627    5.5181    6.4469   38.4516  -10.0126  -47.0820
eta,q 0.97826 13.29086
  0.0229  0.0226  0.0223  0.0233  0.0230  0.0230  0.0227  0.0239  0.0225  0.0229  0.0223  0.0226
  0.0223  0.0222  0.0220  0.0228  0.0224  0.0225  0.0222  0.0228  0.0221  0.0223  0.0220  0.0220
  0.0219  0.0219  0.0219  0.0223  0.0220  0.0221  0.0218  0.0221  0.0218  0.0219  0.0218  0.0218
  0.0218  0.0218  0.0218  0.0218  0.0218  0.0218  0.0217  0.0217  0.0217  0.0217  0.0217  0.0217
  0.0220  0.0219  0.0219  0.0217  0.0219  0.0216  0.0219  0.0219  0.0218  0.0218  0.0218  0.0219
  0.0224  0.0222  0.0221  0.0222  0.0223  0.0220  0.0222  0.0227  0.0221  0.0222  0.0220  0.0222
  0.0230  0.0227  0.0223  0.0233  0.0230  0.0233  0.0227  0.0239  0.0226  0.0229  0.0223  0.0225
niter,ni,del,rscale     2    3    5.0000    0.5000
parameters
   -0.8391   -2.7036   -3.8562   -9.2520  -21.0507  -19.5984
  -10.6577    5.5632    6.3856   38.5326   -9.9537  -47.0483
eta,q 0.97835 13.30719
  0.0226  0.0223  0.0222  0.0229  0.0225  0.0227  0.0224  0.0233  0.0222  0.0225  0.0221  0.0223
  0.0221  0.0220  0.0219  0.0225  0.0221  0.0223  0.0220  0.0225  0.0219  0.0221  0.0219  0.0219
  0.0218  0.0218  0.0218  0.0220  0.0218  0.0220  0.0217  0.0219  0.0217  0.0218  0.0217  0.0217
  0.0217  0.0217  0.0217  0.0217  0.0217  0.0217  0.0217  0.0217  0.0217  0.0217  0.0217  0.0216
  0.0218  0.0218  0.0218  0.0217  0.0218  0.0216  0.0217  0.0218  0.0217  0.0217  0.0217  0.0218
  0.0221  0.0220  0.0219  0.0221  0.0221  0.0218  0.0220  0.0224  0.0219  0.0220  0.0218  0.0220
  0.0226  0.0223  0.0221  0.0229  0.0226  0.0226  0.0224  0.0233  0.0223  0.0225  0.0221  0.0222
niter,ni,del,rscale     1    3    5.0000    0.4000
parameters
   -0.8303   -2.6830   -3.7695   -9.1466  -21.0640  -19.2466
  -10.6362    5.5947    6.3254   38.6271   -9.8896  -46.9801
eta,q 0.97843 13.32351
  0.0222  0.0221  0.0220  0.0225  0.0222  0.0224  0.0221  0.0227  0.0219  0.0222  0.0219  0.0220
  0.0219  0.0218  0.0218  0.0221  0.0219  0.0221  0.0218  0.0221  0.0217  0.0219  0.0217  0.0218
  0.0217  0.0217  0.0217  0.0218  0.0217  0.0218  0.0216  0.0217  0.0216  0.0217  0.0216  0.0216
  0.0217  0.0216  0.0216  0.0216  0.0216  0.0216  0.0216  0.0216  0.0216  0.0216  0.0216  0.0216
  0.0217  0.0217  0.0217  0.0217  0.0217  0.0215  0.0216  0.0217  0.0216  0.0216  0.0216  0.0216
  0.0219  0.0218  0.0217  0.0219  0.0219  0.0217  0.0218  0.0221  0.0218  0.0218  0.0217  0.0218
  0.0222  0.0220  0.0219  0.0225  0.0222  0.0222  0.0220  0.0227  0.0220  0.0221  0.0219  0.0219
registration optimization eta report
parameter search radius
    0.8000    0.8000    0.8000    2.4000    2.4000    2.4000
    2.4000    2.4000    2.4000    2.4000    2.4000    2.4000
100000*second partial in parameter space
       89.       62.       41.       14.       10.       11.
        8.       20.        7.       10.        5.        7.
  0.0222  0.0221  0.0220  0.0225  0.0222  0.0224  0.0221  0.0227  0.0219  0.0222  0.0219  0.0220
  0.0219  0.0218  0.0218  0.0221  0.0219  0.0221  0.0218  0.0221  0.0217  0.0219  0.0217  0.0218
  0.0217  0.0217  0.0217  0.0218  0.0217  0.0218  0.0216  0.0217  0.0216  0.0217  0.0216  0.0216
  0.0217  0.0216  0.0216  0.0216  0.0216  0.0216  0.0216  0.0216  0.0216  0.0216  0.0216  0.0216
  0.0217  0.0217  0.0217  0.0217  0.0217  0.0215  0.0216  0.0217  0.0216  0.0216  0.0216  0.0216
  0.0219  0.0218  0.0217  0.0219  0.0219  0.0217  0.0218  0.0221  0.0218  0.0218  0.0217  0.0218
  0.0222  0.0220  0.0219  0.0225  0.0222  0.0222  0.0220  0.0227  0.0220  0.0221  0.0219  0.0219
   -0.8303   -2.6830   -3.7695   -9.1466  -21.0640  -19.2466
  -10.6362    5.5947    6.3254   38.6271   -9.8896  -46.9801
eta,q 0.97843 13.32351

---------------------------------------------------------------------
compute_vox2vox talsrcimg talsrcimg_to_711-2C_as_mni_average_305_t4 /usr/local/freesurfer/average/711-2C_as_mni_average_305
---------------------------------------------------------------------

freesurfer compute_vox2vox.c
Reading: talsrcimg.4dfp.ifh
Reading: talsrcimg_to_711-2C_as_mni_average_305_t4
Reading: /usr/local/freesurfer/average/711-2C_as_mni_average_305.4dfp.ifh
Writing: talsrcimg_to_711-2C_as_mni_average_305_t4_vox2vox.txt

start time Tue Jun 3 06:12:38 UTC 2025
end		time Tue Jun 3 06:12:57 UTC 2025

mpr2mni305 success

avi2talxfm orig_nu.mgz /usr/local/freesurfer/average/mni305.cor.mgz talsrcimg_to_711-2C_as_mni_average_305_t4_vox2vox.txt transforms/talairach.auto.xfm
avi2talxfm done
mv -f /home/freesurfer/subjects/sub-033/mri/talsrcimg_to_711-2C_as_mni_average_305_t4_vox2vox.txt /home/freesurfer/subjects/sub-033/mri/transforms/talsrcimg_to_711-2C_as_mni_average_305_t4_vox2vox.txt
lta_convert --src orig_nu.mgz --trg /usr/local/freesurfer/average/mni305.cor.mgz --inxfm transforms/talairach.auto.xfm --outlta transforms/talairach.auto.xfm.lta --subject fsaverage
7.4.1

--src: orig_nu.mgz src image (geometry).
--trg: /usr/local/freesurfer/average/mni305.cor.mgz trg image (geometry).
--inmni: transforms/talairach.auto.xfm input MNI/XFM transform.
--outlta: transforms/talairach.auto.xfm.lta output LTA.
--s: fsaverage subject name
 LTA read, type : 1
 1.08291  -0.11273   0.07882  -2.19994;
 0.06393   0.95727   0.57835  -51.61623;
-0.11806  -0.45940   0.97752  -51.27173;
 0.00000   0.00000   0.00000   1.00000;
setting subject to fsaverage
Writing  LTA to file transforms/talairach.auto.xfm.lta...
lta_convert successful.
 
 
Started at Tue Jun 3 06:12:37 UTC 2025
Ended   at Tue Jun  3 06:12:57 UTC 2025
talairach_avi done
