status file for recon-all
Thu May 29 18:53:55 UTC 2025
#@# MotionCor Thu May 29 18:53:57 UTC 2025
#@# Talairach Thu May 29 18:54:05 UTC 2025
#@# Talairach Failure Detection Thu May 29 18:57:17 UTC 2025
#@# Nu Intensity Correction Thu May 29 18:57:17 UTC 2025
#@# Intensity Normalization Thu May 29 19:00:31 UTC 2025
#@# Skull Stripping Thu May 29 19:03:47 UTC 2025
#@# EM Registration Thu May 29 19:17:10 UTC 2025
#@# CA Normalize Thu May 29 19:27:14 UTC 2025
#@# CA Reg Thu May 29 19:28:37 UTC 2025
#@# SubCort Seg Thu May 29 21:46:52 UTC 2025
#@# CC Seg Thu May 29 22:34:40 UTC 2025
#@# Merge ASeg Thu May 29 22:35:47 UTC 2025
#@# Intensity Normalization2 Thu May 29 22:35:47 UTC 2025
#@# Mask BFS Thu May 29 22:40:19 UTC 2025
#@# WM Segmentation Thu May 29 22:40:21 UTC 2025
#@# Fill Thu May 29 22:45:05 UTC 2025
#@# Tessellate lh Thu May 29 22:46:40 UTC 2025
#@# Tessellate rh Thu May 29 22:46:45 UTC 2025
#@# Smooth1 lh Thu May 29 22:46:51 UTC 2025
#@# Smooth1 rh Thu May 29 22:46:54 UTC 2025
#@# Inflation1 lh Thu May 29 22:46:57 UTC 2025
#@# Inflation1 rh Thu May 29 22:47:12 UTC 2025
#@# QSphere lh Thu May 29 22:47:28 UTC 2025
#@# QSphere rh Thu May 29 22:49:19 UTC 2025
#@# Fix Topology lh Thu May 29 22:51:04 UTC 2025
#@# Fix Topology rh Thu May 29 22:53:03 UTC 2025
#@# Smooth2 lh Thu May 29 23:08:09 UTC 2025
#@# Smooth2 rh Thu May 29 23:08:12 UTC 2025
#@# Inflation2 lh Thu May 29 23:08:16 UTC 2025
#@# Inflation2 rh Thu May 29 23:08:39 UTC 2025
#@# Curv .H and .K lh Thu May 29 23:09:01 UTC 2025
#@# Curv .H and .K rh Thu May 29 23:09:43 UTC 2025
#@# Sphere lh Thu May 29 23:10:25 UTC 2025
#@# Sphere rh Thu May 29 23:18:36 UTC 2025
#@# Surf Reg lh Thu May 29 23:25:00 UTC 2025
#@# Surf Reg rh Thu May 29 23:31:43 UTC 2025
#@# Jacobian white lh Thu May 29 23:38:52 UTC 2025
#@# Jacobian white rh Thu May 29 23:38:54 UTC 2025
#@# AvgCurv lh Thu May 29 23:38:55 UTC 2025
#@# AvgCurv rh Thu May 29 23:38:55 UTC 2025
#@# Cortical Parc lh Thu May 29 23:38:56 UTC 2025
#@# Cortical Parc rh Thu May 29 23:39:10 UTC 2025
#@# white curv lh Thu May 29 23:56:32 UTC 2025
#@# white area lh Thu May 29 23:56:34 UTC 2025
#@# pial curv lh Thu May 29 23:56:35 UTC 2025
#@# pial area lh Thu May 29 23:56:37 UTC 2025
#@# thickness lh Thu May 29 23:56:38 UTC 2025
#@# area and vertex vol lh Thu May 29 23:57:04 UTC 2025
#@# white curv rh Thu May 29 23:57:05 UTC 2025
#@# white area rh Thu May 29 23:57:08 UTC 2025
#@# pial curv rh Thu May 29 23:57:08 UTC 2025
#@# pial area rh Thu May 29 23:57:10 UTC 2025
#@# thickness rh Thu May 29 23:57:11 UTC 2025
#@# area and vertex vol rh Thu May 29 23:57:38 UTC 2025
#@# Curvature Stats lh Thu May 29 23:57:39 UTC 2025
#@# Curvature Stats rh Thu May 29 23:57:42 UTC 2025
#@# Cortical ribbon mask Thu May 29 23:57:45 UTC 2025
#@# Cortical Parc 2 lh Fri May 30 00:05:03 UTC 2025
#@# Cortical Parc 2 rh Fri May 30 00:05:20 UTC 2025
#@# Cortical Parc 3 lh Fri May 30 00:05:38 UTC 2025
#@# Cortical Parc 3 rh Fri May 30 00:05:51 UTC 2025
#@# WM/GM Contrast lh Fri May 30 00:06:04 UTC 2025
#@# WM/GM Contrast rh Fri May 30 00:06:07 UTC 2025
#@# Relabel Hypointensities Fri May 30 00:06:11 UTC 2025
#@# APas-to-ASeg Fri May 30 00:06:37 UTC 2025
#@# AParc-to-ASeg aparc Fri May 30 00:06:52 UTC 2025
#@# AParc-to-ASeg aparc.a2009s Fri May 30 00:09:13 UTC 2025
#@# AParc-to-ASeg aparc.DKTatlas Fri May 30 00:11:36 UTC 2025
#@# WMParc Fri May 30 00:13:57 UTC 2025
#@# Parcellation Stats lh Fri May 30 00:20:54 UTC 2025
#@# Parcellation Stats rh Fri May 30 00:21:14 UTC 2025
#@# Parcellation Stats 2 lh Fri May 30 00:21:34 UTC 2025
#@# Parcellation Stats 2 rh Fri May 30 00:21:44 UTC 2025
#@# Parcellation Stats 3 lh Fri May 30 00:21:54 UTC 2025
#@# Parcellation Stats 3 rh Fri May 30 00:22:03 UTC 2025
#@# ASeg Stats Fri May 30 00:22:13 UTC 2025
#@# BA_exvivo Labels lh Fri May 30 00:25:37 UTC 2025
#@# BA_exvivo Labels rh Fri May 30 00:29:36 UTC 2025
recon-all -s sub-005 finished without error at Fri May 30 00:33:35 UTC 2025
