Log file for defect2seg
Fri May 30 22:42:27 UTC 2025

setenv SUBJECTS_DIR /home/freesurfer/subjects
cd /home/freesurfer/subjects/sub-029/scripts
/usr/local/freesurfer/bin/defect2seg --s sub-029 --cortex

freesurfer-linux-centos8_x86_64-7.4.1-20230613-7eb8460
defect2seg 7.4.1
Linux 8b34bbfae573 6.11.0-26-generic #26~24.04.1-Ubuntu SMP PREEMPT_DYNAMIC Thu Apr 17 19:20:47 UTC 2 x86_64 x86_64 x86_64 GNU/Linux
pid 1283
mri_label2label --label-cortex /home/freesurfer/subjects/sub-029/surf/lh.orig.nofix /home/freesurfer/subjects/sub-029/mri/aseg.presurf.mgz 0 /home/freesurfer/subjects/sub-029/label/lh.nofix.cortex.label

 Generating cortex label... RemoveHipAmgy=0
 NucAccIsMedialWall=0
 mris->useRealRAS=0
13 non-cortical segments detected
only using segment with 6862 vertices
erasing segment 1 (vno[0] = 57380)
erasing segment 2 (vno[0] = 68750)
erasing segment 3 (vno[0] = 88148)
erasing segment 4 (vno[0] = 88282)
erasing segment 5 (vno[0] = 89177)
erasing segment 6 (vno[0] = 89251)
erasing segment 7 (vno[0] = 90253)
erasing segment 8 (vno[0] = 90254)
erasing segment 9 (vno[0] = 91091)
erasing segment 10 (vno[0] = 92143)
erasing segment 11 (vno[0] = 93982)
erasing segment 12 (vno[0] = 94000)
mri_label2vol --defects /home/freesurfer/subjects/sub-029/surf/lh.orig.nofix /home/freesurfer/subjects/sub-029/surf/lh.defect_labels /home/freesurfer/subjects/sub-029/mri/orig.mgz 1000 0 /home/freesurfer/subjects/sub-029/mri/surface.defects.mgz /home/freesurfer/subjects/sub-029/label/lh.nofix.cortex.label
mri_label2vol supposed to be reproducible but seed not set
Contraining to label /home/freesurfer/subjects/sub-029/label/lh.nofix.cortex.label
Changing input type 0 to MRI_INT
Converting defects to volume: offset=1000, merge=0
Writing to /home/freesurfer/subjects/sub-029/mri/surface.defects.mgz
mris_defects_pointset -s /home/freesurfer/subjects/sub-029/surf/lh.orig.nofix -d /home/freesurfer/subjects/sub-029/surf/lh.defect_labels -o /home/freesurfer/subjects/sub-029/surf/lh.defects.pointset --label /home/freesurfer/subjects/sub-029/label/lh.nofix.cortex.label
Reading in surface /home/freesurfer/subjects/sub-029/surf/lh.orig.nofix
Reading in defect segmentation /home/freesurfer/subjects/sub-029/surf/lh.defect_labels
Reading in label /home/freesurfer/subjects/sub-029/label/lh.nofix.cortex.label
#VMPC# mris_defects_pointset 180240
mris_defects_pointset done
mri_label2label --label-cortex /home/freesurfer/subjects/sub-029/surf/rh.orig.nofix /home/freesurfer/subjects/sub-029/mri/aseg.presurf.mgz 0 /home/freesurfer/subjects/sub-029/label/rh.nofix.cortex.label

 Generating cortex label... RemoveHipAmgy=0
 NucAccIsMedialWall=0
 mris->useRealRAS=0
16 non-cortical segments detected
only using segment with 7351 vertices
erasing segment 1 (vno[0] = 54819)
erasing segment 2 (vno[0] = 72961)
erasing segment 3 (vno[0] = 73841)
erasing segment 4 (vno[0] = 74821)
erasing segment 5 (vno[0] = 90930)
erasing segment 6 (vno[0] = 91868)
erasing segment 7 (vno[0] = 93612)
erasing segment 8 (vno[0] = 94562)
erasing segment 9 (vno[0] = 95346)
erasing segment 10 (vno[0] = 95367)
erasing segment 11 (vno[0] = 96206)
erasing segment 12 (vno[0] = 96223)
erasing segment 13 (vno[0] = 96368)
erasing segment 14 (vno[0] = 105790)
erasing segment 15 (vno[0] = 107328)
mri_label2vol --defects /home/freesurfer/subjects/sub-029/surf/rh.orig.nofix /home/freesurfer/subjects/sub-029/surf/rh.defect_labels /home/freesurfer/subjects/sub-029/mri/surface.defects.mgz 2000 1 /home/freesurfer/subjects/sub-029/mri/surface.defects.mgz /home/freesurfer/subjects/sub-029/label/rh.nofix.cortex.label
mri_label2vol supposed to be reproducible but seed not set
Contraining to label /home/freesurfer/subjects/sub-029/label/rh.nofix.cortex.label
Converting defects to volume: offset=2000, merge=1
Writing to /home/freesurfer/subjects/sub-029/mri/surface.defects.mgz
mris_defects_pointset -s /home/freesurfer/subjects/sub-029/surf/rh.orig.nofix -d /home/freesurfer/subjects/sub-029/surf/rh.defect_labels -o /home/freesurfer/subjects/sub-029/surf/rh.defects.pointset --label /home/freesurfer/subjects/sub-029/label/rh.nofix.cortex.label
Reading in surface /home/freesurfer/subjects/sub-029/surf/rh.orig.nofix
Reading in defect segmentation /home/freesurfer/subjects/sub-029/surf/rh.defect_labels
Reading in label /home/freesurfer/subjects/sub-029/label/rh.nofix.cortex.label
#VMPC# mris_defects_pointset 182700
mris_defects_pointset done
 
Started at Fri May 30 22:42:27 UTC 2025 
Ended   at Fri May 30 22:43:11 UTC 2025
Defect2seg-Run-Time-Sec 44
Defect2seg-Run-Time-Min 0.88
Defect2seg-Run-Time-Hours 0.01
 
defect2seg Done
