status file for recon-all
Fri May 30 18:48:29 UTC 2025
#@# MotionCor Fri May 30 18:48:32 UTC 2025
#@# Talairach Fri May 30 18:48:40 UTC 2025
#@# Talairach Failure Detection Fri May 30 18:51:50 UTC 2025
#@# Nu Intensity Correction Fri May 30 18:51:50 UTC 2025
#@# Intensity Normalization Fri May 30 18:55:04 UTC 2025
#@# Skull Stripping Fri May 30 18:58:15 UTC 2025
#@# EM Registration Fri May 30 19:14:57 UTC 2025
#@# CA Normalize Fri May 30 19:24:18 UTC 2025
#@# CA Reg Fri May 30 19:25:41 UTC 2025
#@# SubCort Seg Fri May 30 21:36:56 UTC 2025
#@# CC Seg Fri May 30 22:20:31 UTC 2025
#@# Merge ASeg Fri May 30 22:21:36 UTC 2025
#@# Intensity Normalization2 Fri May 30 22:21:36 UTC 2025
#@# Mask BFS Fri May 30 22:25:50 UTC 2025
#@# WM Segmentation Fri May 30 22:25:53 UTC 2025
#@# Fill Fri May 30 22:30:32 UTC 2025
#@# Tessellate lh Fri May 30 22:32:05 UTC 2025
#@# Tessellate rh Fri May 30 22:32:10 UTC 2025
#@# Smooth1 lh Fri May 30 22:32:15 UTC 2025
#@# Smooth1 rh Fri May 30 22:32:18 UTC 2025
#@# Inflation1 lh Fri May 30 22:32:21 UTC 2025
#@# Inflation1 rh Fri May 30 22:32:37 UTC 2025
#@# QSphere lh Fri May 30 22:32:52 UTC 2025
#@# QSphere rh Fri May 30 22:34:41 UTC 2025
#@# Fix Topology lh Fri May 30 22:36:26 UTC 2025
#@# Fix Topology rh Fri May 30 22:41:19 UTC 2025
#@# Smooth2 lh Fri May 30 22:53:39 UTC 2025
#@# Smooth2 rh Fri May 30 22:53:42 UTC 2025
#@# Inflation2 lh Fri May 30 22:53:45 UTC 2025
#@# Inflation2 rh Fri May 30 22:54:03 UTC 2025
#@# Curv .H and .K lh Fri May 30 22:54:20 UTC 2025
#@# Curv .H and .K rh Fri May 30 22:55:00 UTC 2025
#@# Sphere lh Fri May 30 22:55:40 UTC 2025
#@# Sphere rh Fri May 30 23:03:34 UTC 2025
#@# Surf Reg lh Fri May 30 23:10:35 UTC 2025
#@# Surf Reg rh Fri May 30 23:17:39 UTC 2025
#@# Jacobian white lh Fri May 30 23:24:22 UTC 2025
#@# Jacobian white rh Fri May 30 23:24:23 UTC 2025
#@# AvgCurv lh Fri May 30 23:24:24 UTC 2025
#@# AvgCurv rh Fri May 30 23:24:25 UTC 2025
#@# Cortical Parc lh Fri May 30 23:24:25 UTC 2025
#@# Cortical Parc rh Fri May 30 23:24:38 UTC 2025
#@# white curv lh Fri May 30 23:40:54 UTC 2025
#@# white area lh Fri May 30 23:40:56 UTC 2025
#@# pial curv lh Fri May 30 23:40:57 UTC 2025
#@# pial area lh Fri May 30 23:40:59 UTC 2025
#@# thickness lh Fri May 30 23:40:59 UTC 2025
#@# area and vertex vol lh Fri May 30 23:41:26 UTC 2025
#@# white curv rh Fri May 30 23:41:27 UTC 2025
#@# white area rh Fri May 30 23:41:29 UTC 2025
#@# pial curv rh Fri May 30 23:41:30 UTC 2025
#@# pial area rh Fri May 30 23:41:32 UTC 2025
#@# thickness rh Fri May 30 23:41:33 UTC 2025
#@# area and vertex vol rh Fri May 30 23:41:58 UTC 2025
#@# Curvature Stats lh Fri May 30 23:42:00 UTC 2025
#@# Curvature Stats rh Fri May 30 23:42:03 UTC 2025
#@# Cortical ribbon mask Fri May 30 23:42:06 UTC 2025
#@# Cortical Parc 2 lh Fri May 30 23:49:31 UTC 2025
#@# Cortical Parc 2 rh Fri May 30 23:49:50 UTC 2025
#@# Cortical Parc 3 lh Fri May 30 23:50:10 UTC 2025
#@# Cortical Parc 3 rh Fri May 30 23:50:24 UTC 2025
#@# WM/GM Contrast lh Fri May 30 23:50:38 UTC 2025
#@# WM/GM Contrast rh Fri May 30 23:50:41 UTC 2025
#@# Relabel Hypointensities Fri May 30 23:50:45 UTC 2025
#@# APas-to-ASeg Fri May 30 23:51:13 UTC 2025
#@# AParc-to-ASeg aparc Fri May 30 23:51:29 UTC 2025
#@# AParc-to-ASeg aparc.a2009s Fri May 30 23:53:58 UTC 2025
#@# AParc-to-ASeg aparc.DKTatlas Fri May 30 23:56:26 UTC 2025
#@# WMParc Fri May 30 23:58:55 UTC 2025
#@# Parcellation Stats lh Sat May 31 00:06:12 UTC 2025
#@# Parcellation Stats rh Sat May 31 00:06:31 UTC 2025
#@# Parcellation Stats 2 lh Sat May 31 00:06:49 UTC 2025
#@# Parcellation Stats 2 rh Sat May 31 00:06:58 UTC 2025
#@# Parcellation Stats 3 lh Sat May 31 00:07:08 UTC 2025
#@# Parcellation Stats 3 rh Sat May 31 00:07:16 UTC 2025
#@# ASeg Stats Sat May 31 00:07:25 UTC 2025
#@# BA_exvivo Labels lh Sat May 31 00:10:32 UTC 2025
#@# BA_exvivo Labels rh Sat May 31 00:14:07 UTC 2025
recon-all -s sub-029 finished without error at Sat May 31 00:17:41 UTC 2025
