status file for recon-all
Thu May 29 12:50:59 UTC 2025
#@# MotionCor Thu May 29 12:51:01 UTC 2025
#@# Talairach Thu May 29 12:51:09 UTC 2025
#@# Talairach Failure Detection Thu May 29 12:54:19 UTC 2025
#@# Nu Intensity Correction Thu May 29 12:54:19 UTC 2025
#@# Intensity Normalization Thu May 29 12:57:35 UTC 2025
#@# Skull Stripping Thu May 29 13:00:50 UTC 2025
#@# EM Registration Thu May 29 13:11:54 UTC 2025
#@# CA Normalize Thu May 29 13:23:06 UTC 2025
#@# CA Reg Thu May 29 13:24:29 UTC 2025
#@# SubCort Seg Thu May 29 15:38:58 UTC 2025
#@# CC Seg Thu May 29 16:29:45 UTC 2025
#@# Merge ASeg Thu May 29 16:30:41 UTC 2025
#@# Intensity Normalization2 Thu May 29 16:30:41 UTC 2025
#@# Mask BFS Thu May 29 16:35:08 UTC 2025
#@# WM Segmentation Thu May 29 16:35:11 UTC 2025
#@# Fill Thu May 29 16:40:07 UTC 2025
#@# Tessellate lh Thu May 29 16:41:38 UTC 2025
#@# Tessellate rh Thu May 29 16:41:43 UTC 2025
#@# Smooth1 lh Thu May 29 16:41:48 UTC 2025
#@# Smooth1 rh Thu May 29 16:41:51 UTC 2025
#@# Inflation1 lh Thu May 29 16:41:55 UTC 2025
#@# Inflation1 rh Thu May 29 16:42:12 UTC 2025
#@# QSphere lh Thu May 29 16:42:29 UTC 2025
#@# QSphere rh Thu May 29 16:44:28 UTC 2025
#@# Fix Topology lh Thu May 29 16:46:39 UTC 2025
#@# Fix Topology rh Thu May 29 16:50:26 UTC 2025
#@# Smooth2 lh Thu May 29 17:08:25 UTC 2025
#@# Smooth2 rh Thu May 29 17:08:29 UTC 2025
#@# Inflation2 lh Thu May 29 17:08:33 UTC 2025
#@# Inflation2 rh Thu May 29 17:08:54 UTC 2025
#@# Curv .H and .K lh Thu May 29 17:09:15 UTC 2025
#@# Curv .H and .K rh Thu May 29 17:10:02 UTC 2025
#@# Sphere lh Thu May 29 17:10:49 UTC 2025
#@# Sphere rh Thu May 29 17:23:32 UTC 2025
#@# Surf Reg lh Thu May 29 17:34:18 UTC 2025
#@# Surf Reg rh Thu May 29 17:44:19 UTC 2025
#@# Jacobian white lh Thu May 29 17:52:54 UTC 2025
#@# Jacobian white rh Thu May 29 17:52:55 UTC 2025
#@# AvgCurv lh Thu May 29 17:52:56 UTC 2025
#@# AvgCurv rh Thu May 29 17:52:57 UTC 2025
#@# Cortical Parc lh Thu May 29 17:52:58 UTC 2025
#@# Cortical Parc rh Thu May 29 17:53:13 UTC 2025
#@# white curv lh Thu May 29 18:13:50 UTC 2025
#@# white area lh Thu May 29 18:13:52 UTC 2025
#@# pial curv lh Thu May 29 18:13:53 UTC 2025
#@# pial area lh Thu May 29 18:13:55 UTC 2025
#@# thickness lh Thu May 29 18:13:56 UTC 2025
#@# area and vertex vol lh Thu May 29 18:14:26 UTC 2025
#@# white curv rh Thu May 29 18:14:28 UTC 2025
#@# white area rh Thu May 29 18:14:30 UTC 2025
#@# pial curv rh Thu May 29 18:14:31 UTC 2025
#@# pial area rh Thu May 29 18:14:33 UTC 2025
#@# thickness rh Thu May 29 18:14:34 UTC 2025
#@# area and vertex vol rh Thu May 29 18:15:04 UTC 2025
#@# Curvature Stats lh Thu May 29 18:15:06 UTC 2025
#@# Curvature Stats rh Thu May 29 18:15:09 UTC 2025
#@# Cortical ribbon mask Thu May 29 18:15:12 UTC 2025
#@# Cortical Parc 2 lh Thu May 29 18:21:00 UTC 2025
#@# Cortical Parc 2 rh Thu May 29 18:21:20 UTC 2025
#@# Cortical Parc 3 lh Thu May 29 18:21:40 UTC 2025
#@# Cortical Parc 3 rh Thu May 29 18:21:55 UTC 2025
#@# WM/GM Contrast lh Thu May 29 18:22:09 UTC 2025
#@# WM/GM Contrast rh Thu May 29 18:22:13 UTC 2025
#@# Relabel Hypointensities Thu May 29 18:22:17 UTC 2025
#@# APas-to-ASeg Thu May 29 18:22:45 UTC 2025
#@# AParc-to-ASeg aparc Thu May 29 18:23:05 UTC 2025
#@# AParc-to-ASeg aparc.a2009s Thu May 29 18:25:49 UTC 2025
#@# AParc-to-ASeg aparc.DKTatlas Thu May 29 18:28:34 UTC 2025
#@# WMParc Thu May 29 18:31:24 UTC 2025
#@# Parcellation Stats lh Thu May 29 18:38:47 UTC 2025
#@# Parcellation Stats rh Thu May 29 18:39:16 UTC 2025
#@# Parcellation Stats 2 lh Thu May 29 18:39:44 UTC 2025
#@# Parcellation Stats 2 rh Thu May 29 18:39:59 UTC 2025
#@# Parcellation Stats 3 lh Thu May 29 18:40:16 UTC 2025
#@# Parcellation Stats 3 rh Thu May 29 18:40:30 UTC 2025
#@# ASeg Stats Thu May 29 18:40:45 UTC 2025
#@# BA_exvivo Labels lh Thu May 29 18:44:40 UTC 2025
#@# BA_exvivo Labels rh Thu May 29 18:49:24 UTC 2025
recon-all -s sub-004 finished without error at Thu May 29 18:53:54 UTC 2025
