Log file for defect2seg
Wed May 28 22:19:18 UTC 2025

setenv SUBJECTS_DIR /home/freesurfer/subjects
cd /home/freesurfer/subjects/sub-001/scripts
/usr/local/freesurfer/bin/defect2seg --s sub-001 --cortex

freesurfer-linux-centos8_x86_64-7.4.1-20230613-7eb8460
defect2seg 7.4.1
Linux d0db95021450 6.11.0-26-generic #26~24.04.1-Ubuntu SMP PREEMPT_DYNAMIC Thu Apr 17 19:20:47 UTC 2 x86_64 x86_64 x86_64 GNU/Linux
pid 1283
mri_label2label --label-cortex /home/freesurfer/subjects/sub-001/surf/lh.orig.nofix /home/freesurfer/subjects/sub-001/mri/aseg.presurf.mgz 0 /home/freesurfer/subjects/sub-001/label/lh.nofix.cortex.label

 Generating cortex label... RemoveHipAmgy=0
 NucAccIsMedialWall=0
 mris->useRealRAS=0
15 non-cortical segments detected
only using segment with 7355 vertices
erasing segment 0 (vno[0] = 39064)
erasing segment 1 (vno[0] = 44777)
erasing segment 3 (vno[0] = 63505)
erasing segment 4 (vno[0] = 69041)
erasing segment 5 (vno[0] = 91237)
erasing segment 6 (vno[0] = 102305)
erasing segment 7 (vno[0] = 102342)
erasing segment 8 (vno[0] = 102385)
erasing segment 9 (vno[0] = 103320)
erasing segment 10 (vno[0] = 103389)
erasing segment 11 (vno[0] = 104261)
erasing segment 12 (vno[0] = 104455)
erasing segment 13 (vno[0] = 107286)
erasing segment 14 (vno[0] = 120063)
mri_label2vol --defects /home/freesurfer/subjects/sub-001/surf/lh.orig.nofix /home/freesurfer/subjects/sub-001/surf/lh.defect_labels /home/freesurfer/subjects/sub-001/mri/orig.mgz 1000 0 /home/freesurfer/subjects/sub-001/mri/surface.defects.mgz /home/freesurfer/subjects/sub-001/label/lh.nofix.cortex.label
mri_label2vol supposed to be reproducible but seed not set
Contraining to label /home/freesurfer/subjects/sub-001/label/lh.nofix.cortex.label
Changing input type 0 to MRI_INT
Converting defects to volume: offset=1000, merge=0
Writing to /home/freesurfer/subjects/sub-001/mri/surface.defects.mgz
mris_defects_pointset -s /home/freesurfer/subjects/sub-001/surf/lh.orig.nofix -d /home/freesurfer/subjects/sub-001/surf/lh.defect_labels -o /home/freesurfer/subjects/sub-001/surf/lh.defects.pointset --label /home/freesurfer/subjects/sub-001/label/lh.nofix.cortex.label
Reading in surface /home/freesurfer/subjects/sub-001/surf/lh.orig.nofix
Reading in defect segmentation /home/freesurfer/subjects/sub-001/surf/lh.defect_labels
Reading in label /home/freesurfer/subjects/sub-001/label/lh.nofix.cortex.label
#VMPC# mris_defects_pointset 206288
mris_defects_pointset done
mri_label2label --label-cortex /home/freesurfer/subjects/sub-001/surf/rh.orig.nofix /home/freesurfer/subjects/sub-001/mri/aseg.presurf.mgz 0 /home/freesurfer/subjects/sub-001/label/rh.nofix.cortex.label

 Generating cortex label... RemoveHipAmgy=0
 NucAccIsMedialWall=0
 mris->useRealRAS=0
15 non-cortical segments detected
only using segment with 7718 vertices
erasing segment 1 (vno[0] = 58682)
erasing segment 2 (vno[0] = 61446)
erasing segment 3 (vno[0] = 101269)
erasing segment 4 (vno[0] = 101292)
erasing segment 5 (vno[0] = 102124)
erasing segment 6 (vno[0] = 103214)
erasing segment 7 (vno[0] = 103232)
erasing segment 8 (vno[0] = 104110)
erasing segment 9 (vno[0] = 104140)
erasing segment 10 (vno[0] = 104163)
erasing segment 11 (vno[0] = 110545)
erasing segment 12 (vno[0] = 115819)
erasing segment 13 (vno[0] = 118503)
erasing segment 14 (vno[0] = 121285)
mri_label2vol --defects /home/freesurfer/subjects/sub-001/surf/rh.orig.nofix /home/freesurfer/subjects/sub-001/surf/rh.defect_labels /home/freesurfer/subjects/sub-001/mri/surface.defects.mgz 2000 1 /home/freesurfer/subjects/sub-001/mri/surface.defects.mgz /home/freesurfer/subjects/sub-001/label/rh.nofix.cortex.label
mri_label2vol supposed to be reproducible but seed not set
Contraining to label /home/freesurfer/subjects/sub-001/label/rh.nofix.cortex.label
Converting defects to volume: offset=2000, merge=1
Writing to /home/freesurfer/subjects/sub-001/mri/surface.defects.mgz
mris_defects_pointset -s /home/freesurfer/subjects/sub-001/surf/rh.orig.nofix -d /home/freesurfer/subjects/sub-001/surf/rh.defect_labels -o /home/freesurfer/subjects/sub-001/surf/rh.defects.pointset --label /home/freesurfer/subjects/sub-001/label/rh.nofix.cortex.label
Reading in surface /home/freesurfer/subjects/sub-001/surf/rh.orig.nofix
Reading in defect segmentation /home/freesurfer/subjects/sub-001/surf/rh.defect_labels
Reading in label /home/freesurfer/subjects/sub-001/label/rh.nofix.cortex.label
#VMPC# mris_defects_pointset 203264
mris_defects_pointset done
 
Started at Wed May 28 22:19:18 UTC 2025 
Ended   at Wed May 28 22:20:18 UTC 2025
Defect2seg-Run-Time-Sec 60
Defect2seg-Run-Time-Min 1.20
Defect2seg-Run-Time-Hours 0.02
 
defect2seg Done
