status file for recon-all
Wed May 28 16:11:06 UTC 2025
#@# MotionCor Wed May 28 16:11:09 UTC 2025
#@# Talairach Wed May 28 16:11:16 UTC 2025
#@# Talairach Failure Detection Wed May 28 16:14:37 UTC 2025
#@# Nu Intensity Correction Wed May 28 16:14:37 UTC 2025
#@# Intensity Normalization Wed May 28 16:18:32 UTC 2025
#@# Skull Stripping Wed May 28 16:21:09 UTC 2025
#@# EM Registration Wed May 28 16:39:10 UTC 2025
#@# CA Normalize Wed May 28 16:55:06 UTC 2025
#@# CA Reg Wed May 28 16:56:38 UTC 2025
#@# SubCort Seg Wed May 28 20:58:13 UTC 2025
#@# CC Seg Wed May 28 21:55:57 UTC 2025
#@# Merge ASeg Wed May 28 21:56:52 UTC 2025
#@# Intensity Normalization2 Wed May 28 21:56:52 UTC 2025
#@# Mask BFS Wed May 28 22:01:01 UTC 2025
#@# WM Segmentation Wed May 28 22:01:04 UTC 2025
#@# Fill Wed May 28 22:05:29 UTC 2025
#@# Tessellate lh Wed May 28 22:07:05 UTC 2025
#@# Tessellate rh Wed May 28 22:07:12 UTC 2025
#@# Smooth1 lh Wed May 28 22:07:19 UTC 2025
#@# Smooth1 rh Wed May 28 22:07:23 UTC 2025
#@# Inflation1 lh Wed May 28 22:07:27 UTC 2025
#@# Inflation1 rh Wed May 28 22:07:55 UTC 2025
#@# QSphere lh Wed May 28 22:08:18 UTC 2025
#@# QSphere rh Wed May 28 22:11:27 UTC 2025
#@# Fix Topology lh Wed May 28 22:14:52 UTC 2025
#@# Fix Topology rh Wed May 28 22:16:52 UTC 2025
#@# Smooth2 lh Wed May 28 22:35:39 UTC 2025
#@# Smooth2 rh Wed May 28 22:35:44 UTC 2025
#@# Inflation2 lh Wed May 28 22:35:49 UTC 2025
#@# Inflation2 rh Wed May 28 22:36:32 UTC 2025
#@# Curv .H and .K lh Wed May 28 22:37:18 UTC 2025
#@# Curv .H and .K rh Wed May 28 22:38:16 UTC 2025
#@# Sphere lh Wed May 28 22:39:14 UTC 2025
#@# Sphere rh Wed May 28 22:58:11 UTC 2025
#@# Surf Reg lh Wed May 28 23:12:06 UTC 2025
#@# Surf Reg rh Wed May 28 23:28:30 UTC 2025
#@# Jacobian white lh Wed May 28 23:45:27 UTC 2025
#@# Jacobian white rh Wed May 28 23:45:29 UTC 2025
#@# AvgCurv lh Wed May 28 23:45:31 UTC 2025
#@# AvgCurv rh Wed May 28 23:45:32 UTC 2025
#@# Cortical Parc lh Wed May 28 23:45:34 UTC 2025
#@# Cortical Parc rh Wed May 28 23:45:54 UTC 2025
#@# white curv lh Thu May 29 00:12:14 UTC 2025
#@# white area lh Thu May 29 00:12:19 UTC 2025
#@# pial curv lh Thu May 29 00:12:21 UTC 2025
#@# pial area lh Thu May 29 00:12:25 UTC 2025
#@# thickness lh Thu May 29 00:12:27 UTC 2025
#@# area and vertex vol lh Thu May 29 00:13:12 UTC 2025
#@# white curv rh Thu May 29 00:13:15 UTC 2025
#@# white area rh Thu May 29 00:13:18 UTC 2025
#@# pial curv rh Thu May 29 00:13:20 UTC 2025
#@# pial area rh Thu May 29 00:13:23 UTC 2025
#@# thickness rh Thu May 29 00:13:25 UTC 2025
#@# area and vertex vol rh Thu May 29 00:14:09 UTC 2025
#@# Curvature Stats lh Thu May 29 00:14:12 UTC 2025
#@# Curvature Stats rh Thu May 29 00:14:17 UTC 2025
#@# Cortical ribbon mask Thu May 29 00:14:23 UTC 2025
#@# Cortical Parc 2 lh Thu May 29 00:29:15 UTC 2025
#@# Cortical Parc 2 rh Thu May 29 00:29:43 UTC 2025
#@# Cortical Parc 3 lh Thu May 29 00:30:08 UTC 2025
#@# Cortical Parc 3 rh Thu May 29 00:30:29 UTC 2025
#@# WM/GM Contrast lh Thu May 29 00:30:49 UTC 2025
#@# WM/GM Contrast rh Thu May 29 00:30:55 UTC 2025
#@# Relabel Hypointensities Thu May 29 00:31:01 UTC 2025
#@# APas-to-ASeg Thu May 29 00:31:39 UTC 2025
#@# AParc-to-ASeg aparc Thu May 29 00:32:06 UTC 2025
#@# AParc-to-ASeg aparc.a2009s Thu May 29 00:37:24 UTC 2025
#@# AParc-to-ASeg aparc.DKTatlas Thu May 29 00:41:44 UTC 2025
#@# WMParc Thu May 29 00:46:24 UTC 2025
#@# Parcellation Stats lh Thu May 29 00:56:03 UTC 2025
#@# Parcellation Stats rh Thu May 29 00:56:31 UTC 2025
#@# Parcellation Stats 2 lh Thu May 29 00:56:56 UTC 2025
#@# Parcellation Stats 2 rh Thu May 29 00:57:10 UTC 2025
#@# Parcellation Stats 3 lh Thu May 29 00:57:26 UTC 2025
#@# Parcellation Stats 3 rh Thu May 29 00:57:38 UTC 2025
#@# ASeg Stats Thu May 29 00:57:51 UTC 2025
#@# BA_exvivo Labels lh Thu May 29 01:01:35 UTC 2025
#@# BA_exvivo Labels rh Thu May 29 01:06:27 UTC 2025
recon-all -s sub-001 finished without error at Thu May 29 01:11:05 UTC 2025
