/home/freesurfer/subjects/sub-035/mri
/usr/local/freesurfer/bin/talairach_avi
--i orig_nu.mgz --xfm transforms/talairach.auto.xfm
talairach_avi 7.4.1
Linux c8e7ed67deac 6.11.0-26-generic #26~24.04.1-Ubuntu SMP PREEMPT_DYNAMIC Thu Apr 17 19:20:47 UTC 2 x86_64 x86_64 x86_64 GNU/Linux
Tue Jun  3 16:38:42 UTC 2025
mri_convert orig_nu.mgz talsrcimg.img 
reading from orig_nu.mgz...
TR=8.38, TE=0.00, TI=0.00, flip angle=0.00
i_ras = (-1, 9.77889e-09, 3.72529e-09)
j_ras = (3.72529e-09, 1.49012e-08, -1)
k_ras = (4.65661e-09, 1, 0)
writing to talsrcimg.img...
Analyze Output Matrix
-1.00000   0.00000   0.00000   133.66495;
 0.00000   0.00000   1.00000  -101.07369;
 0.00000  -1.00000   0.00000   197.90184;
 0.00000   0.00000   0.00000   1.00000;
--------------------
INFO: set hdr.hist.orient to -1
mpr2mni305 talsrcimg
Tue Jun  3 16:38:43 UTC 2025
/usr/local/freesurfer/bin/mpr2mni305 talsrcimg
mpr2mni305 7.4.1
target=711-2C_as_mni_average_305

---------------------------------------------------------------------
analyzeto4dfp talsrcimg -O0 -y
---------------------------------------------------------------------

freesurfer ifh2hdr.c
Tue Jun  3 16:38:43 2025
Writing: talsrcimg.4dfp.hdr
freesurfer analyzeto4dfp.c
Reading: talsrcimg.hdr
header size 348 bytes
hdr.dime.datatype	offset=70	value=2
hdr.dime.bitpix		offset=72	value=8
hdr.hist.orient		offset=252	value=-1
dimensionality     4
dimensions       256       256       256         1
Reading: talsrcimg.img
Writing: talsrcimg.4dfp.img
Writing: talsrcimg.4dfp.ifh
ifh2hdr talsrcimg -r0to199
ori=2

---------------------------------------------------------------------
gauss_4dfp talsrcimg 1.1
---------------------------------------------------------------------

freesurfer gauss_4dfp.c
Reading: talsrcimg.4dfp.img
Writing: talsrcimg_g11.4dfp.img
image dimensions 256 256 256 padded to 288 288 288
processing volume 1freesurfer ifh2hdr.c
Tue Jun  3 16:38:47 2025
Writing: talsrcimg_g11.4dfp.hdr

Writing: talsrcimg_g11.4dfp.ifh
including: talsrcimg.4dfp.img.rec in talsrcimg_g11.4dfp.img.rec

---------------------------------------------------------------------
imgreg_4dfp /usr/local/freesurfer/average/711-2C_as_mni_average_305 none talsrcimg_g11 none talsrcimg_to_711-2C_as_mni_average_305_t4 4355
---------------------------------------------------------------------

freesurfer imgreg_4dfp.c
/usr/local/freesurfer/average/711-2C_as_mni_average_305.4dfp.img
       256       256       256         1
  1.000000  1.000000  1.000000
orientation T byte_order littleendian
Reading image: /usr/local/freesurfer/average/711-2C_as_mni_average_305.4dfp.img
dimensions:      256       256       256
mmppix:       1.0000   -1.0000   -1.0000
center:     128.0000 -129.0000 -129.0000
talsrcimg_g11.4dfp.img
       256       256       256         1
  1.000000  1.000000  1.000000
orientation T byte_order littleendian
Reading image: talsrcimg_g11.4dfp.img
dimensions:      256       256       256
mmppix:       1.0000   -1.0000   -1.0000
center:     128.0000 -129.0000 -129.0000
t4_read: open error in t4_sub.f l:  41 t4_file(1:l)talsrcimg_to_711-2C_as_mni_average_305_t4 
t4_read: transform initialized to I4
rotation matrix determinant  1.000000
image alignment mode   4355 decimal     1103 hex
   -7.5000  -45.0000  -45.0000 9327.5371   24.1793
    0.0000  -45.0000  -45.0000 9631.8594   24.2420
    7.5000  -45.0000  -45.0000 9141.7959   24.3142
   -7.5000  -37.5000  -45.0000 9818.4941   24.1748
    0.0000  -37.5000  -45.000010128.1758   24.2396
    7.5000  -37.5000  -45.0000 9576.5400   24.3046
   -7.5000  -30.0000  -45.000010579.1787   24.1753
    0.0000  -30.0000  -45.000010904.4053   24.2317
    7.5000  -30.0000  -45.000010288.1494   24.2886
   -7.5000  -22.5000  -45.000011265.6074   24.1739
    0.0000  -22.5000  -45.000011605.5771   24.2183
    7.5000  -22.5000  -45.000010925.6523   24.2771
   -7.5000  -15.0000  -45.000011911.7178   24.1744
    0.0000  -15.0000  -45.000012266.7285   24.2125
    7.5000  -15.0000  -45.000011560.9805   24.2799
   -7.5000   -7.5000  -45.000012503.5918   24.1781
    0.0000   -7.5000  -45.000012873.8115   24.2261
    7.5000   -7.5000  -45.000012153.1211   24.2987
   -7.5000    0.0000  -45.000012963.2012   24.1773
    0.0000    0.0000  -45.000013353.6777   24.2399
    7.5000    0.0000  -45.000012602.6797   24.3121
   -7.5000    7.5000  -45.000012386.0166   24.1748
    0.0000    7.5000  -45.000012738.8906   24.2396
    7.5000    7.5000  -45.000011985.1631   24.3046
   -7.5000   15.0000  -45.000011591.3789   24.1753
    0.0000   15.0000  -45.000011885.7998   24.2317
    7.5000   15.0000  -45.000011170.7725   24.2886
   -7.5000   22.5000  -45.000010645.4092   24.1706
    0.0000   22.5000  -45.000010909.8223   24.2150
    7.5000   22.5000  -45.000010252.5264   24.2738
   -7.5000   30.0000  -45.0000 9614.6670   23.8522
    0.0000   30.0000  -45.0000 9855.3115   23.8899
    7.5000   30.0000  -45.0000 9278.8945   23.9563
   -7.5000   37.5000  -45.0000 9019.7031   23.8573
    0.0000   37.5000  -45.0000 9227.0566   23.9047
    7.5000   37.5000  -45.0000 8677.4844   23.9764
   -7.5000   45.0000  -45.0000 8080.1626   23.3049
    0.0000   45.0000  -45.0000 8268.6807   23.3656
    7.5000   45.0000  -45.0000 7791.2905   23.4353
   -7.5000  -45.0000  -37.5000 9864.3867   24.1143
    0.0000  -45.0000  -37.500010160.6025   24.1815
    7.5000  -45.0000  -37.5000 9625.3379   24.2593
   -7.5000  -37.5000  -37.500010374.0518   24.1047
    0.0000  -37.5000  -37.500010689.6152   24.1772
    7.5000  -37.5000  -37.500010104.8242   24.2500
   -7.5000  -30.0000  -37.500011143.9443   24.0935
    0.0000  -30.0000  -37.500011502.0830   24.1606
    7.5000  -30.0000  -37.500010856.6631   24.2270
   -7.5000  -22.5000  -37.500011880.4600   24.0850
    0.0000  -22.5000  -37.500012247.5156   24.1400
    7.5000  -22.5000  -37.500011537.0820   24.2085
   -7.5000  -15.0000  -37.500012546.8799   24.0884
    0.0000  -15.0000  -37.500012941.2900   24.1344
    7.5000  -15.0000  -37.500012175.3760   24.2093
   -7.5000   -7.5000  -37.500013175.1445   24.1041
    0.0000   -7.5000  -37.500013580.0527   24.1568
    7.5000   -7.5000  -37.500012765.0625   24.2346
   -7.5000    0.0000  -37.500013688.8164   24.1119
    0.0000    0.0000  -37.500014111.4863   24.1790
    7.5000    0.0000  -37.500013249.0166   24.2569
   -7.5000    7.5000  -37.500013052.5459   24.1047
    0.0000    7.5000  -37.500013446.6836   24.1772
    7.5000    7.5000  -37.500012597.3955   24.2500
   -7.5000   15.0000  -37.500012203.0303   24.0935
    0.0000   15.0000  -37.500012540.7764   24.1606
    7.5000   15.0000  -37.500011744.1152   24.2270
   -7.5000   22.5000  -37.500011143.2793   24.0817
    0.0000   22.5000  -37.500011458.4326   24.1367
    7.5000   22.5000  -37.500010739.8193   24.2051
   -7.5000   30.0000  -37.500010013.2539   23.7674
    0.0000   30.0000  -37.500010293.0195   23.8127
    7.5000   30.0000  -37.5000 9692.2705   23.8867
   -7.5000   37.5000  -37.5000 9372.7686   23.7843
    0.0000   37.5000  -37.5000 9628.8154   23.8364
    7.5000   37.5000  -37.5000 9063.8594   23.9132
   -7.5000   45.0000  -37.5000 8422.9414   23.2419
    0.0000   45.0000  -37.5000 8641.8838   23.3070
    7.5000   45.0000  -37.5000 8134.8911   23.3822
   -7.5000  -45.0000  -30.000010530.1211   25.0581
    0.0000  -45.0000  -30.000010874.4053   25.1316
    7.5000  -45.0000  -30.000010271.5938   25.2307
   -7.5000  -37.5000  -30.000011069.0557   25.0372
    0.0000  -37.5000  -30.000011417.5332   25.1181
    7.5000  -37.5000  -30.000010789.3652   25.2131
   -7.5000  -30.0000  -30.000011890.7666   25.0082
    0.0000  -30.0000  -30.000012260.3867   25.0872
    7.5000  -30.0000  -30.000011574.9189   25.1749
   -7.5000  -22.5000  -30.000012643.5137   24.9945
    0.0000  -22.5000  -30.000013044.8535   25.0625
    7.5000  -22.5000  -30.000012304.9170   25.1510
   -7.5000  -15.0000  -30.000013356.5479   25.0068
    0.0000  -15.0000  -30.000013807.4678   25.0648
    7.5000  -15.0000  -30.000012963.3916   25.1591
   -7.5000   -7.5000  -30.000014068.8818   25.0387
    0.0000   -7.5000  -30.000014529.2471   25.1002
    7.5000   -7.5000  -30.000013607.7393   25.1981
   -7.5000    0.0000  -30.000014634.3740   25.0555
    0.0000    0.0000  -30.000015123.6426   25.1290
    7.5000    0.0000  -30.000014145.7588   25.2281
   -7.5000    7.5000  -30.000013944.0264   25.0372
    0.0000    7.5000  -30.000014395.9502   25.1181
    7.5000    7.5000  -30.000013456.9766   25.2131
   -7.5000   15.0000  -30.000012986.9355   25.0082
    0.0000   15.0000  -30.000013392.5449   25.0872
    7.5000   15.0000  -30.000012539.5273   25.1749
   -7.5000   22.5000  -30.000011868.5645   24.9885
    0.0000   22.5000  -30.000012202.1650   25.0565
    7.5000   22.5000  -30.000011454.0957   25.1450
   -7.5000   30.0000  -30.000010665.7861   24.6759
    0.0000   30.0000  -30.000010976.8008   24.7331
    7.5000   30.0000  -30.000010321.0967   24.8262
   -7.5000   37.5000  -30.0000 9934.0449   24.7089
    0.0000   37.5000  -30.000010222.1328   24.7696
    7.5000   37.5000  -30.0000 9633.6064   24.8663
   -7.5000   45.0000  -30.0000 8930.7568   24.1689
    0.0000   45.0000  -30.0000 9169.8350   24.2401
    7.5000   45.0000  -30.0000 8629.6367   24.3359
   -7.5000  -45.0000  -22.500011139.4541   25.8560
    0.0000  -45.0000  -22.500011523.5156   25.9319
    7.5000  -45.0000  -22.500010885.2891   26.0470
   -7.5000  -37.5000  -22.500011707.3379   25.8277
    0.0000  -37.5000  -22.500012089.6484   25.9100
    7.5000  -37.5000  -22.500011444.6270   26.0204
   -7.5000  -30.0000  -22.500012565.3330   25.7929
    0.0000  -30.0000  -22.500012976.2744   25.8739
    7.5000  -30.0000  -22.500012285.4346   25.9755
   -7.5000  -22.5000  -22.500013323.4688   25.7828
    0.0000  -22.5000  -22.500013779.9600   25.8538
    7.5000  -22.5000  -22.500013045.3506   25.9544
   -7.5000  -15.0000  -22.500014093.4053   25.8023
    0.0000  -15.0000  -22.500014568.1621   25.8646
    7.5000  -15.0000  -22.500013731.9189   25.9717
   -7.5000   -7.5000  -22.500014898.7363   25.8381
    0.0000   -7.5000  -22.500015408.6396   25.9038
    7.5000   -7.5000  -22.500014426.2275   26.0166
   -7.5000    0.0000  -22.500015525.7227   25.8534
    0.0000    0.0000  -22.500016078.2041   25.9292
    7.5000    0.0000  -22.500015021.3564   26.0443
   -7.5000    7.5000  -22.500014780.0020   25.8277
    0.0000    7.5000  -22.500015301.6768   25.9100
    7.5000    7.5000  -22.500014336.1934   26.0204
   -7.5000   15.0000  -22.500013718.5225   25.7929
    0.0000   15.0000  -22.500014201.6025   25.8739
    7.5000   15.0000  -22.500013346.7900   25.9755
   -7.5000   22.5000  -22.500012557.3848   25.7749
    0.0000   22.5000  -22.500012949.2314   25.8458
    7.5000   22.5000  -22.500012197.2295   25.9464
   -7.5000   30.0000  -22.500011330.0840   25.4648
    0.0000   30.0000  -22.500011705.1162   25.5263
    7.5000   30.0000  -22.500011019.7168   25.6320
   -7.5000   37.5000  -22.500010540.8750   25.5016
    0.0000   37.5000  -22.500010887.4922   25.5665
    7.5000   37.5000  -22.500010267.2695   25.6778
   -7.5000   45.0000  -22.5000 9460.6572   24.9566
    0.0000   45.0000  -22.5000 9749.9023   25.0301
    7.5000   45.0000  -22.5000 9171.2920   25.1413
   -7.5000  -45.0000  -15.000011701.1543   26.4401
    0.0000  -45.0000  -15.000012091.7393   26.5140
    7.5000  -45.0000  -15.000011437.4141   26.6282
   -7.5000  -37.5000  -15.000012293.7021   26.4156
    0.0000  -37.5000  -15.000012717.5215   26.4931
    7.5000  -37.5000  -15.000012028.6172   26.6010
   -7.5000  -30.0000  -15.000013208.1963   26.3911
    0.0000  -30.0000  -15.000013654.4023   26.4647
    7.5000  -30.0000  -15.000012950.7402   26.5624
   -7.5000  -22.5000  -15.000013966.2842   26.3873
    0.0000  -22.5000  -15.000014470.7979   26.4515
    7.5000  -22.5000  -15.000013768.7314   26.5479
   -7.5000  -15.0000  -15.000014757.4111   26.4047
    0.0000  -15.0000  -15.000015278.3906   26.4625
    7.5000  -15.0000  -15.000014502.3965   26.5672
   -7.5000   -7.5000  -15.000015635.0762   26.4302
    0.0000   -7.5000  -15.000016190.9287   26.4938
    7.5000   -7.5000  -15.000015268.1748   26.6061
   -7.5000    0.0000  -15.000016305.0908   26.4374
    0.0000    0.0000  -15.000016926.9727   26.5112
    7.5000    0.0000  -15.000015935.0449   26.6254
   -7.5000    7.5000  -15.000015515.4600   26.4156
    0.0000    7.5000  -15.000016151.9482   26.4931
    7.5000    7.5000  -15.000015201.5986   26.6010
   -7.5000   15.0000  -15.000014409.4629   26.3911
    0.0000   15.0000  -15.000015023.7354   26.4647
    7.5000   15.0000  -15.000014163.4580   26.5624
   -7.5000   22.5000  -15.000013236.2217   26.3780
    0.0000   22.5000  -15.000013777.0557   26.4421
    7.5000   22.5000  -15.000012969.0020   26.5385
   -7.5000   30.0000  -15.000012031.5146   26.0630
    0.0000   30.0000  -15.000012508.1582   26.1200
    7.5000   30.0000  -15.000011733.2334   26.2233
   -7.5000   37.5000  -15.000011217.5029   26.0895
    0.0000   37.5000  -15.000011642.6768   26.1524
    7.5000   37.5000  -15.000010929.3848   26.2632
   -7.5000   45.0000  -15.000010055.8438   25.5353
    0.0000   45.0000  -15.000010412.9893   25.6069
    7.5000   45.0000  -15.0000 9745.4258   25.7173
   -7.5000  -45.0000   -7.500012225.1445   26.7504
    0.0000  -45.0000   -7.500012659.2334   26.8192
    7.5000  -45.0000   -7.500011990.8467   26.9147
   -7.5000  -37.5000   -7.500012899.3555   26.7381
    0.0000  -37.5000   -7.500013367.5459   26.8080
    7.5000  -37.5000   -7.500012631.9180   26.8951
   -7.5000  -30.0000   -7.500013922.9004   26.7313
    0.0000  -30.0000   -7.500014434.2783   26.7936
    7.5000  -30.0000   -7.500013662.4678   26.8700
   -7.5000  -22.5000   -7.500014723.2510   26.7314
    0.0000  -22.5000   -7.500015315.2461   26.7832
    7.5000  -22.5000   -7.500014657.5898   26.8596
   -7.5000  -15.0000   -7.500015504.1963   26.7387
    0.0000  -15.0000   -7.500016148.5566   26.7851
    7.5000  -15.0000   -7.500015488.9180   26.8719
   -7.5000   -7.5000   -7.500016451.7871   26.7480
    0.0000   -7.5000   -7.500017145.7637   26.8039
    7.5000   -7.5000   -7.500016350.0283   26.8989
   -7.5000    0.0000   -7.500017192.1934   26.7476
    0.0000    0.0000   -7.500017994.2578   26.8164
    7.5000    0.0000   -7.500017020.2695   26.9118
   -7.5000    7.5000   -7.500016419.6309   26.7381
    0.0000    7.5000   -7.500017170.6777   26.8080
    7.5000    7.5000   -7.500016199.2910   26.8951
   -7.5000   15.0000   -7.500015301.0381   26.7313
    0.0000   15.0000   -7.500016035.0557   26.7936
    7.5000   15.0000   -7.500015045.7197   26.8700
   -7.5000   22.5000   -7.500014089.8389   26.7191
    0.0000   22.5000   -7.500014724.3477   26.7708
    7.5000   22.5000   -7.500013758.1758   26.8472
   -7.5000   30.0000   -7.500012826.7549   26.3919
    0.0000   30.0000   -7.500013344.0010   26.4377
    7.5000   30.0000   -7.500012448.6367   26.5234
   -7.5000   37.5000   -7.500011956.6104   26.4026
    0.0000   37.5000   -7.500012406.0977   26.4578
    7.5000   37.5000   -7.500011596.7559   26.5516
   -7.5000   45.0000   -7.500010684.2002   25.8402
    0.0000   45.0000   -7.500011043.7002   25.9069
    7.5000   45.0000   -7.500010306.5400   25.9992
   -7.5000  -45.0000    0.000012582.4590   26.8223
    0.0000  -45.0000    0.000013063.9873   26.8906
    7.5000  -45.0000    0.000012413.9805   26.9699
   -7.5000  -37.5000    0.000013336.5117   26.8168
    0.0000  -37.5000    0.000013819.1523   26.8874
    7.5000  -37.5000    0.000013124.3135   26.9588
   -7.5000  -30.0000    0.000014550.7520   26.8172
    0.0000  -30.0000    0.000015094.4863   26.8786
    7.5000  -30.0000    0.000014291.6270   26.9412
   -7.5000  -22.5000    0.000015589.9893   26.8156
    0.0000  -22.5000    0.000016315.6699   26.8639
    7.5000  -22.5000    0.000015559.1133   26.9285
   -7.5000  -15.0000    0.000016431.2969   26.8161
    0.0000  -15.0000    0.000017276.9277   26.8576
    7.5000  -15.0000    0.000016556.2949   26.9316
   -7.5000   -7.5000    0.000017283.5332   26.8204
    0.0000   -7.5000    0.000018131.0059   26.8726
    7.5000   -7.5000    0.000017347.2949   26.9524
   -7.5000    0.0000    0.000017968.9434   26.8195
    0.0000    0.0000    0.000018792.8516   26.8878
    7.5000    0.0000    0.000017857.8457   26.9671
   -7.5000    7.5000    0.000017178.4531   26.8168
    0.0000    7.5000    0.000017872.4785   26.8874
    7.5000    7.5000    0.000016891.4766   26.9588
   -7.5000   15.0000    0.000016049.7305   26.8172
    0.0000   15.0000    0.000016699.2812   26.8786
    7.5000   15.0000    0.000015685.0664   26.9412
   -7.5000   22.5000    0.000014782.7256   26.8033
    0.0000   22.5000    0.000015339.6562   26.8516
    7.5000   22.5000    0.000014355.2754   26.9161
   -7.5000   30.0000    0.000013394.7969   26.4691
    0.0000   30.0000    0.000013866.0498   26.5100
    7.5000   30.0000    0.000012949.3877   26.5830
   -7.5000   37.5000    0.000012431.0156   26.4748
    0.0000   37.5000    0.000012858.0107   26.5265
    7.5000   37.5000    0.000012016.0898   26.6052
   -7.5000   45.0000    0.000011055.7666   25.9121
    0.0000   45.0000    0.000011424.7910   25.9785
    7.5000   45.0000    0.000010642.4160   26.0552
   -7.5000  -45.0000    7.500011988.4326   26.8502
    0.0000  -45.0000    7.500012421.7461   26.9245
    7.5000  -45.0000    7.500011880.3486   27.0110
   -7.5000  -37.5000    7.500012662.7354   26.8396
    0.0000  -37.5000    7.500013113.5771   26.9197
    7.5000  -37.5000    7.500012561.1621   27.0006
   -7.5000  -30.0000    7.500013947.9883   26.8273
    0.0000  -30.0000    7.500014434.4912   26.9015
    7.5000  -30.0000    7.500013700.6455   26.9752
   -7.5000  -22.5000    7.500015285.0273   26.8180
    0.0000  -22.5000    7.500015830.7617   26.8788
    7.5000  -22.5000    7.500014885.9629   26.9547
   -7.5000  -15.0000    7.500016183.7354   26.8218
    0.0000  -15.0000    7.500016715.6465   26.8725
    7.5000  -15.0000    7.500015859.9854   26.9557
   -7.5000   -7.5000    7.500016841.7188   26.8389
    0.0000   -7.5000    7.500017376.4707   26.8972
    7.5000   -7.5000    7.500016552.7773   26.9837
   -7.5000    0.0000    7.500017398.2793   26.8475
    0.0000    0.0000    7.500017947.3301   26.9217
    7.5000    0.0000    7.500017009.2285   27.0082
   -7.5000    7.5000    7.500016518.3340   26.8396
    0.0000    7.5000    7.500017083.2793   26.9197
    7.5000    7.5000    7.500016116.2266   27.0006
   -7.5000   15.0000    7.500015365.3057   26.8273
    0.0000   15.0000    7.500015939.5898   26.9015
    7.5000   15.0000    7.500014977.2490   26.9752
   -7.5000   22.5000    7.500014108.4316   26.8057
    0.0000   22.5000    7.500014641.8633   26.8664
    7.5000   22.5000    7.500013728.0527   26.9423
   -7.5000   30.0000    7.500012830.8379   26.4746
    0.0000   30.0000    7.500013284.0146   26.5247
    7.5000   30.0000    7.500012445.1982   26.6069
   -7.5000   37.5000    7.500011958.5957   26.4932
    0.0000   37.5000    7.500012332.6689   26.5508
    7.5000   37.5000    7.500011578.3760   26.6362
   -7.5000   45.0000    7.500010627.4414   25.9395
    0.0000   45.0000    7.500010941.4414   26.0116
    7.5000   45.0000    7.500010250.8760   26.0953
   -7.5000  -45.0000   15.000011342.2383   26.9236
    0.0000  -45.0000   15.000011696.1660   27.0027
    7.5000  -45.0000   15.000011229.0244   27.1102
   -7.5000  -37.5000   15.000012014.4277   26.9018
    0.0000  -37.5000   15.000012354.6182   26.9888
    7.5000  -37.5000   15.000011842.1494   27.0919
   -7.5000  -30.0000   15.000013219.2812   26.8712
    0.0000  -30.0000   15.000013557.5137   26.9563
    7.5000  -30.0000   15.000012890.2969   27.0513
   -7.5000  -22.5000   15.000014372.0547   26.8565
    0.0000  -22.5000   15.000014656.4912   26.9297
    7.5000  -22.5000   15.000013918.1318   27.0256
   -7.5000  -15.0000   15.000015135.7188   26.8690
    0.0000  -15.0000   15.000015385.1162   26.9315
    7.5000  -15.0000   15.000014716.0303   27.0338
   -7.5000   -7.5000   15.000015900.6611   26.9027
    0.0000   -7.5000   15.000016200.4365   26.9690
    7.5000   -7.5000   15.000015432.6816   27.0752
   -7.5000    0.0000   15.000016554.0156   26.9208
    0.0000    0.0000   15.000016946.3809   26.9999
    7.5000    0.0000   15.000016042.0078   27.1074
   -7.5000    7.5000   15.000015734.8574   26.9018
    0.0000    7.5000   15.000016170.6943   26.9888
    7.5000    7.5000   15.000015289.3291   27.0919
   -7.5000   15.0000   15.000014583.4482   26.8712
    0.0000   15.0000   15.000015056.5283   26.9563
    7.5000   15.0000   15.000014222.2080   27.0513
   -7.5000   22.5000   15.000013312.7451   26.8441
    0.0000   22.5000   15.000013771.2627   26.9173
    7.5000   22.5000   15.000012979.4941   27.0131
   -7.5000   30.0000   15.000012053.6611   26.5213
    0.0000   30.0000   15.000012460.4844   26.5829
    7.5000   30.0000   15.000011760.3906   26.6839
   -7.5000   37.5000   15.000011233.6211   26.5561
    0.0000   37.5000   15.000011599.6982   26.6216
    7.5000   37.5000   15.000010971.1250   26.7265
   -7.5000   45.0000   15.0000 9989.4258   26.0103
    0.0000   45.0000   15.000010295.2852   26.0870
    7.5000   45.0000   15.0000 9708.2246   26.1912
   -7.5000  -45.0000   22.500010601.1436   27.0952
    0.0000  -45.0000   22.500010905.4189   27.1762
    7.5000  -45.0000   22.500010425.6328   27.3002
   -7.5000  -37.5000   22.500011202.1826   27.0666
    0.0000  -37.5000   22.500011513.0420   27.1545
    7.5000  -37.5000   22.500010987.7451   27.2736
   -7.5000  -30.0000   22.500012228.1436   27.0306
    0.0000  -30.0000   22.500012583.7158   27.1171
    7.5000  -30.0000   22.500011939.8154   27.2269
   -7.5000  -22.5000   22.500013177.7539   27.0190
    0.0000  -22.5000   22.500013501.6113   27.0950
    7.5000  -22.5000   22.500012853.4502   27.2036
   -7.5000  -15.0000   22.500013848.2588   27.0383
    0.0000  -15.0000   22.500014166.8936   27.1050
    7.5000  -15.0000   22.500013547.0322   27.2203
   -7.5000   -7.5000   22.500014582.2881   27.0756
    0.0000   -7.5000   22.500015002.6016   27.1458
    7.5000   -7.5000   22.500014282.0322   27.2671
   -7.5000    0.0000   22.500015220.4336   27.0924
    0.0000    0.0000   22.500015690.9395   27.1734
    7.5000    0.0000   22.500014896.1396   27.2973
   -7.5000    7.5000   22.500014524.6270   27.0666
    0.0000    7.5000   22.500014976.0420   27.1545
    7.5000    7.5000   22.500014217.7539   27.2736
   -7.5000   15.0000   22.500013516.8848   27.0306
    0.0000   15.0000   22.500013985.0684   27.1171
    7.5000   15.0000   22.500013262.9287   27.2269
   -7.5000   22.5000   22.500012347.6777   27.0066
    0.0000   22.5000   22.500012809.3193   27.0825
    7.5000   22.5000   22.500012127.1426   27.1911
   -7.5000   30.0000   22.500011195.7695   26.6883
    0.0000   30.0000   22.500011606.7627   26.7542
    7.5000   30.0000   22.500010997.8340   26.8680
   -7.5000   37.5000   22.500010455.0479   26.7262
    0.0000   37.5000   22.500010808.9316   26.7955
    7.5000   37.5000   22.500010273.5713   26.9153
   -7.5000   45.0000   22.5000 9291.2998   26.1730
    0.0000   45.0000   22.5000 9566.8262   26.2515
    7.5000   45.0000   22.5000 9101.9834   26.3713
   -7.5000  -45.0000   30.0000 9853.7178   27.7591
    0.0000  -45.0000   30.000010205.6084   27.8425
    7.5000  -45.0000   30.0000 9716.3887   27.9719
   -7.5000  -37.5000   30.000010404.2539   27.7349
    0.0000  -37.5000   30.000010779.6807   27.8223
    7.5000  -37.5000   30.000010229.3975   27.9452
   -7.5000  -30.0000   30.000011319.2793   27.7075
    0.0000  -30.0000   30.000011720.1484   27.7905
    7.5000  -30.0000   30.000011134.7227   27.9024
   -7.5000  -22.5000   30.000012146.4219   27.6999
    0.0000  -22.5000   30.000012523.9766   27.7723
    7.5000  -22.5000   30.000011953.2148   27.8823
   -7.5000  -15.0000   30.000012810.6836   27.7162
    0.0000  -15.0000   30.000013193.1035   27.7815
    7.5000  -15.0000   30.000012619.2852   27.9000
   -7.5000   -7.5000   30.000013523.8887   27.7449
    0.0000   -7.5000   30.000013974.6855   27.8168
    7.5000   -7.5000   30.000013348.1104   27.9436
   -7.5000    0.0000   30.000014105.2031   27.7561
    0.0000    0.0000   30.000014554.9170   27.8394
    7.5000    0.0000   30.000013908.7158   27.9688
   -7.5000    7.5000   30.000013450.5430   27.7349
    0.0000    7.5000   30.000013881.4668   27.8223
    7.5000    7.5000   30.000013255.4736   27.9452
   -7.5000   15.0000   30.000012530.3945   27.7075
    0.0000   15.0000   30.000012972.4062   27.7905
    7.5000   15.0000   30.000012352.0459   27.9024
   -7.5000   22.5000   30.000011480.4346   27.6871
    0.0000   22.5000   30.000011915.9131   27.7595
    7.5000   22.5000   30.000011331.2012   27.8695
   -7.5000   30.0000   30.000010427.1064   27.3575
    0.0000   30.0000   30.000010830.7949   27.4220
    7.5000   30.0000   30.000010285.0303   27.5390
   -7.5000   37.5000   30.0000 9720.0615   27.3862
    0.0000   37.5000   30.000010086.1748   27.4572
    7.5000   37.5000   30.0000 9612.5117   27.5824
   -7.5000   45.0000   30.0000 8628.1025   26.8034
    0.0000   45.0000   30.0000 8946.3867   26.8840
    7.5000   45.0000   30.0000 8512.1758   27.0088
   -7.5000  -45.0000   37.5000 9447.0498   28.5126
    0.0000  -45.0000   37.5000 9822.3486   28.5945
    7.5000  -45.0000   37.5000 9357.8809   28.7080
   -7.5000  -37.5000   37.5000 9969.8770   28.4986
    0.0000  -37.5000   37.500010380.3438   28.5830
    7.5000  -37.5000   37.5000 9870.0137   28.6883
   -7.5000  -30.0000   37.500010849.9336   28.4861
    0.0000  -30.0000   37.500011290.2627   28.5623
    7.5000  -30.0000   37.500010731.2549   28.6563
   -7.5000  -22.5000   37.500011661.3672   28.4811
    0.0000  -22.5000   37.500012068.9883   28.5443
    7.5000  -22.5000   37.500011512.8555   28.6379
   -7.5000  -15.0000   37.500012329.5469   28.4888
    0.0000  -15.0000   37.500012724.6309   28.5446
    7.5000  -15.0000   37.500012172.5957   28.6483
   -7.5000   -7.5000   37.500012999.3340   28.5045
    0.0000   -7.5000   37.500013439.9395   28.5710
    7.5000   -7.5000   37.500012855.2881   28.6832
   -7.5000    0.0000   37.500013538.6611   28.5094
    0.0000    0.0000   37.500013968.5674   28.5913
    7.5000    0.0000   37.500013379.1572   28.7048
   -7.5000    7.5000   37.500012907.9463   28.4986
    0.0000    7.5000   37.500013324.4814   28.5830
    7.5000    7.5000   37.500012742.4590   28.6883
   -7.5000   15.0000   37.500012033.5752   28.4861
    0.0000   15.0000   37.500012466.4062   28.5623
    7.5000   15.0000   37.500011881.2285   28.6563
   -7.5000   22.5000   37.500011038.4492   28.4679
    0.0000   22.5000   37.500011469.3184   28.5312
    7.5000   22.5000   37.500010927.5869   28.6247
   -7.5000   30.0000   37.500010023.2461   28.1201
    0.0000   30.0000   37.500010420.9932   28.1752
    7.5000   30.0000   37.5000 9929.7139   28.2776
   -7.5000   37.5000   37.5000 9389.7275   28.1357
    0.0000   37.5000   37.5000 9741.5605   28.2013
    7.5000   37.5000   37.5000 9294.2275   28.3121
   -7.5000   45.0000   37.5000 8347.2510   27.5179
    0.0000   45.0000   37.5000 8641.5801   27.5970
    7.5000   45.0000   37.5000 8257.7686   27.7062
   -7.5000  -45.0000   45.0000 8719.3174   29.3693
    0.0000  -45.0000   45.0000 9086.6230   29.4634
    7.5000  -45.0000   45.0000 8649.9570   29.5723
   -7.5000  -37.5000   45.0000 9208.0850   29.3595
    0.0000  -37.5000   45.0000 9604.2314   29.4580
    7.5000  -37.5000   45.0000 9143.0840   29.5589
   -7.5000  -30.0000   45.000010016.1689   29.3485
    0.0000  -30.0000   45.000010422.0020   29.4374
    7.5000  -30.0000   45.0000 9921.1768   29.5294
   -7.5000  -22.5000   45.000010755.1738   29.3378
    0.0000  -22.5000   45.000011139.6201   29.4108
    7.5000  -22.5000   45.000010633.4287   29.5054
   -7.5000  -15.0000   45.000011366.5518   29.3408
    0.0000  -15.0000   45.000011736.1826   29.4040
    7.5000  -15.0000   45.000011234.4756   29.5082
   -7.5000   -7.5000   45.000011985.5479   29.3579
    0.0000   -7.5000   45.000012389.3633   29.4325
    7.5000   -7.5000   45.000011863.7676   29.5420
   -7.5000    0.0000   45.000012494.7900   29.3659
    0.0000    0.0000   45.000012900.6807   29.4600
    7.5000    0.0000   45.000012377.1240   29.5689
   -7.5000    7.5000   45.000011934.2158   29.3595
    0.0000    7.5000   45.000012319.0684   29.4580
    7.5000    7.5000   45.000011799.2598   29.5589
   -7.5000   15.0000   45.000011112.1816   29.3485
    0.0000   15.0000   45.000011502.7344   29.4374
    7.5000   15.0000   45.000010987.6963   29.5294
   -7.5000   22.5000   45.000010184.9834   29.3242
    0.0000   22.5000   45.000010575.3994   29.3972
    7.5000   22.5000   45.000010105.0977   29.4918
   -7.5000   30.0000   45.0000 9242.2080   28.9585
    0.0000   30.0000   45.0000 9606.0430   29.0209
    7.5000   30.0000   45.0000 9178.5684   29.1238
   -7.5000   37.5000   45.0000 8679.9580   28.9754
    0.0000   37.5000   45.0000 9009.1201   29.0491
    7.5000   37.5000   45.0000 8609.1523   29.1572
   -7.5000   45.0000   45.0000 7739.0405   28.3465
    0.0000   45.0000   45.0000 8014.2388   28.4372
    7.5000   45.0000   45.0000 7670.2690   28.5421

---------------------------------------------------------------------
imgreg_4dfp /usr/local/freesurfer/average/711-2C_as_mni_average_305 /usr/local/freesurfer/average/711-2B_as_mni_average_305_mask talsrcimg_g11 none talsrcimg_to_711-2C_as_mni_average_305_t4 4355
---------------------------------------------------------------------

freesurfer imgreg_4dfp.c
/usr/local/freesurfer/average/711-2C_as_mni_average_305.4dfp.img
       256       256       256         1
  1.000000  1.000000  1.000000
orientation T byte_order littleendian
Reading image: /usr/local/freesurfer/average/711-2C_as_mni_average_305.4dfp.img
dimensions:      256       256       256
mmppix:       1.0000   -1.0000   -1.0000
center:     128.0000 -129.0000 -129.0000
/usr/local/freesurfer/average/711-2B_as_mni_average_305_mask.4dfp.img
       256       256       256         1
  1.000000  1.000000  1.000000
orientation T byte_order littleendian
Reading mask: /usr/local/freesurfer/average/711-2B_as_mni_average_305_mask.4dfp.img (2306576 pixels)
talsrcimg_g11.4dfp.img
       256       256       256         1
  1.000000  1.000000  1.000000
orientation T byte_order littleendian
Reading image: talsrcimg_g11.4dfp.img
dimensions:      256       256       256
mmppix:       1.0000   -1.0000   -1.0000
center:     128.0000 -129.0000 -129.0000
rotation matrix determinant  1.000000
image alignment mode   4355 decimal     1103 hex
   -7.5000  -45.0000  -45.0000 2361.5020   25.1453
    0.0000  -45.0000  -45.0000 2357.7590   25.1322
    7.5000  -45.0000  -45.0000 2333.7463   25.4234
   -7.5000  -37.5000  -45.0000 2422.5471   23.7467
    0.0000  -37.5000  -45.0000 2415.5981   23.7141
    7.5000  -37.5000  -45.0000 2385.5349   23.9114
   -7.5000  -30.0000  -45.0000 2453.6721   22.8207
    0.0000  -30.0000  -45.0000 2445.2300   22.7767
    7.5000  -30.0000  -45.0000 2416.0955   22.9708
   -7.5000  -22.5000  -45.0000 2466.3330   22.2893
    0.0000  -22.5000  -45.0000 2464.8779   22.2624
    7.5000  -22.5000  -45.0000 2431.3906   22.5641
   -7.5000  -15.0000  -45.0000 2475.7385   22.2119
    0.0000  -15.0000  -45.0000 2471.3105   22.2014
    7.5000  -15.0000  -45.0000 2435.8167   22.5464
   -7.5000   -7.5000  -45.0000 2471.5347   22.5624
    0.0000   -7.5000  -45.0000 2467.4199   22.5313
    7.5000   -7.5000  -45.0000 2431.4778   22.8841
   -7.5000    0.0000  -45.0000 2439.9146   23.3720
    0.0000    0.0000  -45.0000 2436.6367   23.3595
    7.5000    0.0000  -45.0000 2403.0754   23.7392
   -7.5000    7.5000  -45.0000 2391.7131   24.6124
    0.0000    7.5000  -45.0000 2386.6028   24.5959
    7.5000    7.5000  -45.0000 2353.5354   24.9822
   -7.5000   15.0000  -45.0000 2324.3120   26.2223
    0.0000   15.0000  -45.0000 2316.9500   26.1667
    7.5000   15.0000  -45.0000 2284.6030   26.5296
   -7.5000   22.5000  -45.0000 2232.2549   28.0984
    0.0000   22.5000  -45.0000 2226.6765   28.0459
    7.5000   22.5000  -45.0000 2199.8352   28.5356
   -7.5000   30.0000  -45.0000 2125.2788   30.7475
    0.0000   30.0000  -45.0000 2119.8682   30.6717
    7.5000   30.0000  -45.0000 2098.2471   31.2042
   -7.5000   37.5000  -45.0000 2026.9260   34.5392
    0.0000   37.5000  -45.0000 2019.5720   34.4174
    7.5000   37.5000  -45.0000 1988.2372   34.9863
   -7.5000   45.0000  -45.0000 1881.4872   39.2091
    0.0000   45.0000  -45.0000 1873.7753   39.2761
    7.5000   45.0000  -45.0000 1853.9506   39.8400
   -7.5000  -45.0000  -37.5000 2445.8442   23.7435
    0.0000  -45.0000  -37.5000 2435.7166   23.7178
    7.5000  -45.0000  -37.5000 2404.9316   23.9248
   -7.5000  -37.5000  -37.5000 2506.0181   22.2933
    0.0000  -37.5000  -37.5000 2497.4739   22.3060
    7.5000  -37.5000  -37.5000 2462.3093   22.5171
   -7.5000  -30.0000  -37.5000 2537.2715   21.3859
    0.0000  -30.0000  -37.5000 2532.2744   21.4064
    7.5000  -30.0000  -37.5000 2499.4285   21.5733
   -7.5000  -22.5000  -37.5000 2559.6296   20.8972
    0.0000  -22.5000  -37.5000 2553.0107   20.8961
    7.5000  -22.5000  -37.5000 2518.2766   21.1515
   -7.5000  -15.0000  -37.5000 2563.5784   20.8208
    0.0000  -15.0000  -37.5000 2562.0469   20.8110
    7.5000  -15.0000  -37.5000 2525.8821   21.0975
   -7.5000   -7.5000  -37.5000 2557.9558   21.1305
    0.0000   -7.5000  -37.5000 2553.1516   21.1260
    7.5000   -7.5000  -37.5000 2516.3213   21.4184
   -7.5000    0.0000  -37.5000 2532.7485   21.9179
    0.0000    0.0000  -37.5000 2525.5032   21.8954
    7.5000    0.0000  -37.5000 2489.1316   22.2425
   -7.5000    7.5000  -37.5000 2487.0203   23.0648
    0.0000    7.5000  -37.5000 2479.6653   23.0362
    7.5000    7.5000  -37.5000 2440.7749   23.3632
   -7.5000   15.0000  -37.5000 2413.1123   24.4420
    0.0000   15.0000  -37.5000 2405.8223   24.4104
    7.5000   15.0000  -37.5000 2371.2068   24.7467
   -7.5000   22.5000  -37.5000 2312.8743   26.1451
    0.0000   22.5000  -37.5000 2308.6843   26.1245
    7.5000   22.5000  -37.5000 2279.3813   26.5385
   -7.5000   30.0000  -37.5000 2196.3389   28.5817
    0.0000   30.0000  -37.5000 2194.1838   28.5824
    7.5000   30.0000  -37.5000 2172.1943   29.0531
   -7.5000   37.5000  -37.5000 2089.9165   31.9770
    0.0000   37.5000  -37.5000 2089.0920   31.9714
    7.5000   37.5000  -37.5000 2058.3838   32.5622
   -7.5000   45.0000  -37.5000 1955.4225   36.3546
    0.0000   45.0000  -37.5000 1950.3666   36.4488
    7.5000   45.0000  -37.5000 1921.8989   37.0725
   -7.5000  -45.0000  -30.0000 2549.7551   23.1506
    0.0000  -45.0000  -30.0000 2543.3901   23.2023
    7.5000  -45.0000  -30.0000 2511.7302   23.4493
   -7.5000  -37.5000  -30.0000 2616.0569   21.6751
    0.0000  -37.5000  -30.0000 2608.5176   21.7478
    7.5000  -37.5000  -30.0000 2576.3857   22.0102
   -7.5000  -30.0000  -30.0000 2655.5435   20.6814
    0.0000  -30.0000  -30.0000 2648.1919   20.7616
    7.5000  -30.0000  -30.0000 2614.6987   20.9833
   -7.5000  -22.5000  -30.0000 2684.0452   20.2199
    0.0000  -22.5000  -30.0000 2674.9541   20.2617
    7.5000  -22.5000  -30.0000 2642.9380   20.4815
   -7.5000  -15.0000  -30.0000 2688.8586   20.1695
    0.0000  -15.0000  -30.0000 2686.6211   20.1752
    7.5000  -15.0000  -30.0000 2647.7048   20.4037
   -7.5000   -7.5000  -30.0000 2687.1482   20.4904
    0.0000   -7.5000  -30.0000 2683.9875   20.5005
    7.5000   -7.5000  -30.0000 2638.7373   20.7829
   -7.5000    0.0000  -30.0000 2664.5430   21.3012
    0.0000    0.0000  -30.0000 2657.8962   21.2914
    7.5000    0.0000  -30.0000 2618.4006   21.5909
   -7.5000    7.5000  -30.0000 2612.9412   22.3901
    0.0000    7.5000  -30.0000 2608.1426   22.3808
    7.5000    7.5000  -30.0000 2568.6763   22.6795
   -7.5000   15.0000  -30.0000 2530.5842   23.6335
    0.0000   15.0000  -30.0000 2532.5652   23.6482
    7.5000   15.0000  -30.0000 2497.6248   23.9836
   -7.5000   22.5000  -30.0000 2429.7480   25.2415
    0.0000   22.5000  -30.0000 2433.0215   25.2836
    7.5000   22.5000  -30.0000 2400.4590   25.6859
   -7.5000   30.0000  -30.0000 2309.9785   27.5761
    0.0000   30.0000  -30.0000 2314.8464   27.6039
    7.5000   30.0000  -30.0000 2284.6414   28.0600
   -7.5000   37.5000  -30.0000 2180.5300   30.7280
    0.0000   37.5000  -30.0000 2185.8987   30.8343
    7.5000   37.5000  -30.0000 2161.1914   31.3693
   -7.5000   45.0000  -30.0000 2040.0881   34.8822
    0.0000   45.0000  -30.0000 2046.6776   34.9923
    7.5000   45.0000  -30.0000 2017.3258   35.6793
   -7.5000  -45.0000  -22.5000 2610.8752   22.4307
    0.0000  -45.0000  -22.5000 2610.3809   22.5503
    7.5000  -45.0000  -22.5000 2577.2842   22.8744
   -7.5000  -37.5000  -22.5000 2684.0696   20.9116
    0.0000  -37.5000  -22.5000 2680.2888   20.9731
    7.5000  -37.5000  -22.5000 2648.6787   21.3222
   -7.5000  -30.0000  -22.5000 2731.6709   19.8613
    0.0000  -30.0000  -22.5000 2729.4255   19.9629
    7.5000  -30.0000  -22.5000 2699.5635   20.3295
   -7.5000  -22.5000  -22.5000 2765.8572   19.2922
    0.0000  -22.5000  -22.5000 2758.8333   19.4226
    7.5000  -22.5000  -22.5000 2725.3767   19.7410
   -7.5000  -15.0000  -22.5000 2779.0071   19.2818
    0.0000  -15.0000  -22.5000 2774.5376   19.3220
    7.5000  -15.0000  -22.5000 2729.8220   19.6169
   -7.5000   -7.5000  -22.5000 2779.8762   19.6807
    0.0000   -7.5000  -22.5000 2782.4724   19.6839
    7.5000   -7.5000  -22.5000 2732.0996   19.9534
   -7.5000    0.0000  -22.5000 2758.8691   20.4820
    0.0000    0.0000  -22.5000 2761.2729   20.5002
    7.5000    0.0000  -22.5000 2713.7839   20.7956
   -7.5000    7.5000  -22.5000 2702.8662   21.5398
    0.0000    7.5000  -22.5000 2707.4565   21.5815
    7.5000    7.5000  -22.5000 2668.9067   21.9115
   -7.5000   15.0000  -22.5000 2621.5022   22.7687
    0.0000   15.0000  -22.5000 2625.6604   22.7927
    7.5000   15.0000  -22.5000 2594.7783   23.1849
   -7.5000   22.5000  -22.5000 2519.4934   24.3605
    0.0000   22.5000  -22.5000 2517.6902   24.3519
    7.5000   22.5000  -22.5000 2494.3010   24.8181
   -7.5000   30.0000  -22.5000 2398.0105   26.6379
    0.0000   30.0000  -22.5000 2402.4800   26.5809
    7.5000   30.0000  -22.5000 2378.1814   27.1026
   -7.5000   37.5000  -22.5000 2257.1802   29.6796
    0.0000   37.5000  -22.5000 2262.7976   29.6261
    7.5000   37.5000  -22.5000 2244.8230   30.2437
   -7.5000   45.0000  -22.5000 2111.9937   33.6865
    0.0000   45.0000  -22.5000 2114.5007   33.6601
    7.5000   45.0000  -22.5000 2091.1682   34.4077
   -7.5000  -45.0000  -15.0000 2637.9006   21.9172
    0.0000  -45.0000  -15.0000 2629.7527   21.9704
    7.5000  -45.0000  -15.0000 2604.4048   22.4062
   -7.5000  -37.5000  -15.0000 2712.7476   20.2943
    0.0000  -37.5000  -15.0000 2710.5564   20.3800
    7.5000  -37.5000  -15.0000 2683.2905   20.8325
   -7.5000  -30.0000  -15.0000 2774.8977   19.2257
    0.0000  -30.0000  -15.0000 2770.9958   19.3193
    7.5000  -30.0000  -15.0000 2740.4421   19.8139
   -7.5000  -22.5000  -15.0000 2817.6477   18.5242
    0.0000  -22.5000  -15.0000 2815.8628   18.6950
    7.5000  -22.5000  -15.0000 2777.1516   19.2085
   -7.5000  -15.0000  -15.0000 2829.6428   18.4119
    0.0000  -15.0000  -15.0000 2832.4116   18.4805
    7.5000  -15.0000  -15.0000 2786.4182   18.9628
   -7.5000   -7.5000  -15.0000 2840.5498   18.8361
    0.0000   -7.5000  -15.0000 2841.6489   18.8785
    7.5000   -7.5000  -15.0000 2794.0972   19.2666
   -7.5000    0.0000  -15.0000 2806.7437   19.6914
    0.0000    0.0000  -15.0000 2816.4309   19.7524
    7.5000    0.0000  -15.0000 2775.9758   20.1328
   -7.5000    7.5000  -15.0000 2746.9602   20.7799
    0.0000    7.5000  -15.0000 2760.6946   20.8493
    7.5000    7.5000  -15.0000 2731.3208   21.2557
   -7.5000   15.0000  -15.0000 2666.2649   22.0386
    0.0000   15.0000  -15.0000 2675.2954   22.0463
    7.5000   15.0000  -15.0000 2654.6738   22.5504
   -7.5000   22.5000  -15.0000 2571.7688   23.5897
    0.0000   22.5000  -15.0000 2575.7017   23.5781
    7.5000   22.5000  -15.0000 2556.4570   24.1540
   -7.5000   30.0000  -15.0000 2454.3096   25.8085
    0.0000   30.0000  -15.0000 2459.9834   25.8172
    7.5000   30.0000  -15.0000 2436.0398   26.3631
   -7.5000   37.5000  -15.0000 2312.2083   28.8050
    0.0000   37.5000  -15.0000 2320.4685   28.8004
    7.5000   37.5000  -15.0000 2294.2695   29.4295
   -7.5000   45.0000  -15.0000 2162.9805   32.7415
    0.0000   45.0000  -15.0000 2167.5508   32.7315
    7.5000   45.0000  -15.0000 2140.9851   33.3757
   -7.5000  -45.0000   -7.5000 2644.3486   21.5614
    0.0000  -45.0000   -7.5000 2635.1704   21.6445
    7.5000  -45.0000   -7.5000 2611.6892   22.1505
   -7.5000  -37.5000   -7.5000 2726.1338   20.0047
    0.0000  -37.5000   -7.5000 2723.0339   20.1108
    7.5000  -37.5000   -7.5000 2699.2429   20.6299
   -7.5000  -30.0000   -7.5000 2795.7756   18.9214
    0.0000  -30.0000   -7.5000 2796.2903   19.0293
    7.5000  -30.0000   -7.5000 2762.8953   19.5826
   -7.5000  -22.5000   -7.5000 2849.4797   18.1575
    0.0000  -22.5000   -7.5000 2849.8557   18.3320
    7.5000  -22.5000   -7.5000 2812.7478   18.9613
   -7.5000  -15.0000   -7.5000 2862.1069   17.7980
    0.0000  -15.0000   -7.5000 2862.2356   17.9211
    7.5000  -15.0000   -7.5000 2830.1531   18.6934
   -7.5000   -7.5000   -7.5000 2868.1499   18.2193
    0.0000   -7.5000   -7.5000 2877.0476   18.2940
    7.5000   -7.5000   -7.5000 2844.4780   18.9658
   -7.5000    0.0000   -7.5000 2840.4336   19.1101
    0.0000    0.0000   -7.5000 2861.2512   19.2044
    7.5000    0.0000   -7.5000 2823.8811   19.7282
   -7.5000    7.5000   -7.5000 2789.9402   20.1552
    0.0000    7.5000   -7.5000 2808.9363   20.2708
    7.5000    7.5000   -7.5000 2776.7334   20.7193
   -7.5000   15.0000   -7.5000 2708.5254   21.4434
    0.0000   15.0000   -7.5000 2725.4207   21.4948
    7.5000   15.0000   -7.5000 2698.2400   21.9543
   -7.5000   22.5000   -7.5000 2613.0334   23.0394
    0.0000   22.5000   -7.5000 2621.5586   23.0892
    7.5000   22.5000   -7.5000 2596.2756   23.5974
   -7.5000   30.0000   -7.5000 2497.0168   25.2712
    0.0000   30.0000   -7.5000 2501.5359   25.3353
    7.5000   30.0000   -7.5000 2476.3369   25.8494
   -7.5000   37.5000   -7.5000 2354.7424   28.1756
    0.0000   37.5000   -7.5000 2356.9148   28.2418
    7.5000   37.5000   -7.5000 2334.3704   28.7891
   -7.5000   45.0000   -7.5000 2195.5244   31.8857
    0.0000   45.0000   -7.5000 2193.3535   31.9116
    7.5000   45.0000   -7.5000 2172.2109   32.5154
   -7.5000  -45.0000    0.0000 2626.0493   21.5600
    0.0000  -45.0000    0.0000 2620.4556   21.5597
    7.5000  -45.0000    0.0000 2602.0588   22.2816
   -7.5000  -37.5000    0.0000 2723.2427   20.0090
    0.0000  -37.5000    0.0000 2718.3997   20.0725
    7.5000  -37.5000    0.0000 2702.4407   20.7470
   -7.5000  -30.0000    0.0000 2801.7351   18.9800
    0.0000  -30.0000    0.0000 2802.8928   19.0332
    7.5000  -30.0000    0.0000 2781.9897   19.7356
   -7.5000  -22.5000    0.0000 2865.5808   18.3112
    0.0000  -22.5000    0.0000 2870.2051   18.4166
    7.5000  -22.5000    0.0000 2847.0959   19.0925
   -7.5000  -15.0000    0.0000 2879.4790   17.8220
    0.0000  -15.0000    0.0000 2893.1331   17.9937
    7.5000  -15.0000    0.0000 2871.3176   18.8833
   -7.5000   -7.5000    0.0000 2878.1042   18.0673
    0.0000   -7.5000    0.0000 2904.7717   18.2136
    7.5000   -7.5000    0.0000 2874.8604   18.9776
   -7.5000    0.0000    0.0000 2848.7715   18.7360
    0.0000    0.0000    0.0000 2877.6714   18.8340
    7.5000    0.0000    0.0000 2839.7463   19.4068
   -7.5000    7.5000    0.0000 2803.6301   19.7471
    0.0000    7.5000    0.0000 2819.9646   19.7572
    7.5000    7.5000    0.0000 2792.8110   20.2897
   -7.5000   15.0000    0.0000 2722.3171   21.0949
    0.0000   15.0000    0.0000 2739.6460   21.1145
    7.5000   15.0000    0.0000 2713.7163   21.5777
   -7.5000   22.5000    0.0000 2626.3777   22.7744
    0.0000   22.5000    0.0000 2633.6211   22.7879
    7.5000   22.5000    0.0000 2610.6470   23.2421
   -7.5000   30.0000    0.0000 2508.8972   24.9467
    0.0000   30.0000    0.0000 2515.3040   24.9187
    7.5000   30.0000    0.0000 2493.4927   25.3852
   -7.5000   37.5000    0.0000 2368.1855   27.8283
    0.0000   37.5000    0.0000 2373.4744   27.8122
    7.5000   37.5000    0.0000 2349.2986   28.2927
   -7.5000   45.0000    0.0000 2208.2209   31.4915
    0.0000   45.0000    0.0000 2217.1179   31.4436
    7.5000   45.0000    0.0000 2188.7424   31.9983
   -7.5000  -45.0000    7.5000 2588.7661   21.8347
    0.0000  -45.0000    7.5000 2585.5808   21.7275
    7.5000  -45.0000    7.5000 2579.6140   22.6946
   -7.5000  -37.5000    7.5000 2690.6184   20.2895
    0.0000  -37.5000    7.5000 2688.2856   20.2448
    7.5000  -37.5000    7.5000 2687.1638   21.1281
   -7.5000  -30.0000    7.5000 2783.5066   19.3180
    0.0000  -30.0000    7.5000 2787.7534   19.2450
    7.5000  -30.0000    7.5000 2777.6055   20.0857
   -7.5000  -22.5000    7.5000 2855.7114   18.8513
    0.0000  -22.5000    7.5000 2864.0000   18.7490
    7.5000  -22.5000    7.5000 2842.7217   19.3841
   -7.5000  -15.0000    7.5000 2894.8662   18.5253
    0.0000  -15.0000    7.5000 2910.3186   18.4088
    7.5000  -15.0000    7.5000 2877.4304   19.1156
   -7.5000   -7.5000    7.5000 2891.4167   18.4340
    0.0000   -7.5000    7.5000 2906.8706   18.3173
    7.5000   -7.5000    7.5000 2875.2688   19.0638
   -7.5000    0.0000    7.5000 2847.5215   18.7400
    0.0000    0.0000    7.5000 2866.6672   18.6719
    7.5000    0.0000    7.5000 2838.7754   19.3646
   -7.5000    7.5000    7.5000 2795.2344   19.6488
    0.0000    7.5000    7.5000 2821.9895   19.6255
    7.5000    7.5000    7.5000 2795.3494   20.1603
   -7.5000   15.0000    7.5000 2720.9004   20.9830
    0.0000   15.0000    7.5000 2742.0039   21.0062
    7.5000   15.0000    7.5000 2718.9229   21.4271
   -7.5000   22.5000    7.5000 2625.3735   22.7223
    0.0000   22.5000    7.5000 2634.9880   22.7188
    7.5000   22.5000    7.5000 2616.8538   23.1458
   -7.5000   30.0000    7.5000 2515.4822   24.9889
    0.0000   30.0000    7.5000 2521.6196   24.9209
    7.5000   30.0000    7.5000 2500.1558   25.3391
   -7.5000   37.5000    7.5000 2377.2925   27.9301
    0.0000   37.5000    7.5000 2381.6777   27.7979
    7.5000   37.5000    7.5000 2360.4016   28.2569
   -7.5000   45.0000    7.5000 2221.3447   31.5629
    0.0000   45.0000    7.5000 2225.7559   31.4217
    7.5000   45.0000    7.5000 2196.9436   31.8773
   -7.5000  -45.0000   15.0000 2548.8896   22.6874
    0.0000  -45.0000   15.0000 2540.7473   22.3761
    7.5000  -45.0000   15.0000 2549.1692   23.4677
   -7.5000  -37.5000   15.0000 2657.4346   21.1267
    0.0000  -37.5000   15.0000 2648.2952   20.8875
    7.5000  -37.5000   15.0000 2650.5066   21.7957
   -7.5000  -30.0000   15.0000 2755.2861   20.0492
    0.0000  -30.0000   15.0000 2750.7734   19.7726
    7.5000  -30.0000   15.0000 2740.9934   20.5617
   -7.5000  -22.5000   15.0000 2837.1108   19.4467
    0.0000  -22.5000   15.0000 2828.5093   19.1500
    7.5000  -22.5000   15.0000 2806.2827   19.8000
   -7.5000  -15.0000   15.0000 2875.2798   19.0100
    0.0000  -15.0000   15.0000 2867.5808   18.6702
    7.5000  -15.0000   15.0000 2841.9712   19.3629
   -7.5000   -7.5000   15.0000 2876.1633   18.9798
    0.0000   -7.5000   15.0000 2869.8442   18.6455
    7.5000   -7.5000   15.0000 2851.4495   19.3108
   -7.5000    0.0000   15.0000 2845.9932   19.4385
    0.0000    0.0000   15.0000 2858.3479   19.2479
    7.5000    0.0000   15.0000 2830.5964   19.7205
   -7.5000    7.5000   15.0000 2796.4121   20.3083
    0.0000    7.5000   15.0000 2815.5525   20.1969
    7.5000    7.5000   15.0000 2788.5151   20.6375
   -7.5000   15.0000   15.0000 2712.0354   21.4883
    0.0000   15.0000   15.0000 2731.5759   21.4352
    7.5000   15.0000   15.0000 2710.8345   21.8317
   -7.5000   22.5000   15.0000 2613.0476   23.0775
    0.0000   22.5000   15.0000 2624.3081   23.0894
    7.5000   22.5000   15.0000 2603.7312   23.4548
   -7.5000   30.0000   15.0000 2507.8123   25.2104
    0.0000   30.0000   15.0000 2510.8577   25.2012
    7.5000   30.0000   15.0000 2487.6714   25.5500
   -7.5000   37.5000   15.0000 2368.1091   28.0403
    0.0000   37.5000   15.0000 2375.5610   28.0120
    7.5000   37.5000   15.0000 2354.9209   28.4047
   -7.5000   45.0000   15.0000 2210.7537   31.7185
    0.0000   45.0000   15.0000 2219.6497   31.5767
    7.5000   45.0000   15.0000 2190.2793   32.0275
   -7.5000  -45.0000   22.5000 2509.1289   23.7863
    0.0000  -45.0000   22.5000 2504.7288   23.4151
    7.5000  -45.0000   22.5000 2503.3059   24.3729
   -7.5000  -37.5000   22.5000 2611.8230   22.1203
    0.0000  -37.5000   22.5000 2606.3286   21.7633
    7.5000  -37.5000   22.5000 2601.9041   22.5795
   -7.5000  -30.0000   22.5000 2703.5916   20.8278
    0.0000  -30.0000   22.5000 2694.0330   20.5209
    7.5000  -30.0000   22.5000 2686.1995   21.2558
   -7.5000  -22.5000   22.5000 2780.1877   20.0923
    0.0000  -22.5000   22.5000 2774.8188   19.8122
    7.5000  -22.5000   22.5000 2751.4780   20.3905
   -7.5000  -15.0000   22.5000 2819.1707   19.5481
    0.0000  -15.0000   22.5000 2808.2339   19.2133
    7.5000  -15.0000   22.5000 2790.5056   19.8610
   -7.5000   -7.5000   22.5000 2824.2686   19.5733
    0.0000   -7.5000   22.5000 2828.4163   19.4138
    7.5000   -7.5000   22.5000 2805.1536   19.8502
   -7.5000    0.0000   22.5000 2804.5220   20.1229
    0.0000    0.0000   22.5000 2815.9814   20.0155
    7.5000    0.0000   22.5000 2791.9998   20.4128
   -7.5000    7.5000   22.5000 2757.2227   21.0170
    0.0000    7.5000   22.5000 2772.7507   20.8966
    7.5000    7.5000   22.5000 2752.1309   21.2759
   -7.5000   15.0000   22.5000 2688.9150   22.2496
    0.0000   15.0000   22.5000 2707.7234   22.1156
    7.5000   15.0000   22.5000 2686.8477   22.4510
   -7.5000   22.5000   22.5000 2594.3901   23.7973
    0.0000   22.5000   22.5000 2612.6223   23.7490
    7.5000   22.5000   22.5000 2588.1040   24.1056
   -7.5000   30.0000   22.5000 2485.4182   25.8919
    0.0000   30.0000   22.5000 2494.8816   25.8268
    7.5000   30.0000   22.5000 2472.1836   26.2120
   -7.5000   37.5000   22.5000 2349.5010   28.7039
    0.0000   37.5000   22.5000 2358.2764   28.5342
    7.5000   37.5000   22.5000 2343.1289   28.9982
   -7.5000   45.0000   22.5000 2190.9468   32.2217
    0.0000   45.0000   22.5000 2196.1409   31.9952
    7.5000   45.0000   22.5000 2180.0012   32.4585
   -7.5000  -45.0000   30.0000 2453.4849   24.9811
    0.0000  -45.0000   30.0000 2454.5298   24.6134
    7.5000  -45.0000   30.0000 2444.6194   25.4179
   -7.5000  -37.5000   30.0000 2552.4849   23.1701
    0.0000  -37.5000   30.0000 2556.6423   22.8467
    7.5000  -37.5000   30.0000 2541.8462   23.5259
   -7.5000  -30.0000   30.0000 2636.9146   21.8232
    0.0000  -30.0000   30.0000 2636.7561   21.5291
    7.5000  -30.0000   30.0000 2625.3870   22.1171
   -7.5000  -22.5000   30.0000 2703.3728   20.9200
    0.0000  -22.5000   30.0000 2705.3098   20.6213
    7.5000  -22.5000   30.0000 2690.1812   21.2094
   -7.5000  -15.0000   30.0000 2744.2537   20.3374
    0.0000  -15.0000   30.0000 2738.8616   20.0834
    7.5000  -15.0000   30.0000 2725.9651   20.6721
   -7.5000   -7.5000   30.0000 2752.8494   20.5179
    0.0000   -7.5000   30.0000 2757.4619   20.3919
    7.5000   -7.5000   30.0000 2741.4644   20.8090
   -7.5000    0.0000   30.0000 2732.0659   21.1170
    0.0000    0.0000   30.0000 2741.2598   21.0194
    7.5000    0.0000   30.0000 2724.7659   21.3852
   -7.5000    7.5000   30.0000 2698.5920   21.9517
    0.0000    7.5000   30.0000 2708.1162   21.8348
    7.5000    7.5000   30.0000 2690.6907   22.1617
   -7.5000   15.0000   30.0000 2639.9170   23.1242
    0.0000   15.0000   30.0000 2658.0674   22.9713
    7.5000   15.0000   30.0000 2633.8608   23.3264
   -7.5000   22.5000   30.0000 2556.2925   24.7278
    0.0000   22.5000   30.0000 2577.0198   24.5799
    7.5000   22.5000   30.0000 2555.9790   24.9147
   -7.5000   30.0000   30.0000 2453.0554   26.7700
    0.0000   30.0000   30.0000 2469.6311   26.5952
    7.5000   30.0000   30.0000 2444.2568   26.9732
   -7.5000   37.5000   30.0000 2313.5967   29.4752
    0.0000   37.5000   30.0000 2323.3215   29.3092
    7.5000   37.5000   30.0000 2310.9629   29.7406
   -7.5000   45.0000   30.0000 2161.2439   32.9970
    0.0000   45.0000   30.0000 2170.5120   32.8063
    7.5000   45.0000   30.0000 2151.9263   33.3779
   -7.5000  -45.0000   37.5000 2391.0083   26.3181
    0.0000  -45.0000   37.5000 2401.4226   25.9977
    7.5000  -45.0000   37.5000 2385.9746   26.6738
   -7.5000  -37.5000   37.5000 2482.8516   24.3773
    0.0000  -37.5000   37.5000 2500.5796   24.1142
    7.5000  -37.5000   37.5000 2482.7288   24.6979
   -7.5000  -30.0000   37.5000 2564.3960   22.9767
    0.0000  -30.0000   37.5000 2581.0127   22.6950
    7.5000  -30.0000   37.5000 2561.8303   23.2724
   -7.5000  -22.5000   37.5000 2629.3662   22.0511
    0.0000  -22.5000   37.5000 2643.6008   21.7304
    7.5000  -22.5000   37.5000 2621.8774   22.3269
   -7.5000  -15.0000   37.5000 2669.7505   21.5148
    0.0000  -15.0000   37.5000 2670.5674   21.2667
    7.5000  -15.0000   37.5000 2655.5620   21.7776
   -7.5000   -7.5000   37.5000 2675.5356   21.6845
    0.0000   -7.5000   37.5000 2683.5208   21.5297
    7.5000   -7.5000   37.5000 2663.9216   21.9442
   -7.5000    0.0000   37.5000 2655.2639   22.2638
    0.0000    0.0000   37.5000 2662.5371   22.1554
    7.5000    0.0000   37.5000 2648.6731   22.5230
   -7.5000    7.5000   37.5000 2622.3979   23.1716
    0.0000    7.5000   37.5000 2634.9678   23.0326
    7.5000    7.5000   37.5000 2618.1147   23.3581
   -7.5000   15.0000   37.5000 2579.4861   24.3081
    0.0000   15.0000   37.5000 2597.1548   24.1376
    7.5000   15.0000   37.5000 2575.2864   24.4621
   -7.5000   22.5000   37.5000 2510.7778   25.7867
    0.0000   22.5000   37.5000 2529.7180   25.6417
    7.5000   22.5000   37.5000 2509.2598   25.9641
   -7.5000   30.0000   37.5000 2408.8076   27.7635
    0.0000   30.0000   37.5000 2423.2896   27.5841
    7.5000   30.0000   37.5000 2404.8579   27.9900
   -7.5000   37.5000   37.5000 2275.8430   30.6254
    0.0000   37.5000   37.5000 2283.5679   30.4096
    7.5000   37.5000   37.5000 2273.8428   30.8780
   -7.5000   45.0000   37.5000 2130.4685   34.2887
    0.0000   45.0000   37.5000 2132.7202   34.0089
    7.5000   45.0000   37.5000 2125.3879   34.5658
   -7.5000  -45.0000   45.0000 2320.7998   28.0841
    0.0000  -45.0000   45.0000 2340.3567   27.7088
    7.5000  -45.0000   45.0000 2319.7212   28.2799
   -7.5000  -37.5000   45.0000 2408.9395   25.9845
    0.0000  -37.5000   45.0000 2433.8242   25.6593
    7.5000  -37.5000   45.0000 2414.3284   26.2113
   -7.5000  -30.0000   45.0000 2483.3206   24.5080
    0.0000  -30.0000   45.0000 2508.5234   24.1746
    7.5000  -30.0000   45.0000 2485.9814   24.7314
   -7.5000  -22.5000   45.0000 2549.9373   23.5212
    0.0000  -22.5000   45.0000 2561.6284   23.1830
    7.5000  -22.5000   45.0000 2543.6587   23.7331
   -7.5000  -15.0000   45.0000 2582.6685   22.9830
    0.0000  -15.0000   45.0000 2583.8320   22.6944
    7.5000  -15.0000   45.0000 2573.2422   23.2045
   -7.5000   -7.5000   45.0000 2589.0168   23.1231
    0.0000   -7.5000   45.0000 2596.1331   22.9323
    7.5000   -7.5000   45.0000 2580.9292   23.3512
   -7.5000    0.0000   45.0000 2577.7432   23.6584
    0.0000    0.0000   45.0000 2581.2834   23.5221
    7.5000    0.0000   45.0000 2571.8215   23.9110
   -7.5000    7.5000   45.0000 2551.7598   24.5638
    0.0000    7.5000   45.0000 2560.3647   24.4607
    7.5000    7.5000   45.0000 2548.5244   24.8011
   -7.5000   15.0000   45.0000 2507.0615   25.7769
    0.0000   15.0000   45.0000 2518.0835   25.5573
    7.5000   15.0000   45.0000 2504.8413   25.9016
   -7.5000   22.5000   45.0000 2445.8049   27.1947
    0.0000   22.5000   45.0000 2463.2605   27.0029
    7.5000   22.5000   45.0000 2451.9797   27.3399
   -7.5000   30.0000   45.0000 2351.0327   29.2324
    0.0000   30.0000   45.0000 2361.0200   28.9480
    7.5000   30.0000   45.0000 2346.1123   29.3084
   -7.5000   37.5000   45.0000 2228.1516   32.1160
    0.0000   37.5000   45.0000 2233.3389   31.8332
    7.5000   37.5000   45.0000 2223.4038   32.2595
   -7.5000   45.0000   45.0000 2089.7419   36.0237
    0.0000   45.0000   45.0000 2089.8479   35.6604
    7.5000   45.0000   45.0000 2085.2695   36.1947

---------------------------------------------------------------------
imgreg_4dfp /usr/local/freesurfer/average/711-2C_as_mni_average_305 /usr/local/freesurfer/average/711-2B_as_mni_average_305_mask talsrcimg_g11 none talsrcimg_to_711-2C_as_mni_average_305_t4 1283
---------------------------------------------------------------------

freesurfer imgreg_4dfp.c
/usr/local/freesurfer/average/711-2C_as_mni_average_305.4dfp.img
       256       256       256         1
  1.000000  1.000000  1.000000
orientation T byte_order littleendian
Reading image: /usr/local/freesurfer/average/711-2C_as_mni_average_305.4dfp.img
dimensions:      256       256       256
mmppix:       1.0000   -1.0000   -1.0000
center:     128.0000 -129.0000 -129.0000
/usr/local/freesurfer/average/711-2B_as_mni_average_305_mask.4dfp.img
       256       256       256         1
  1.000000  1.000000  1.000000
orientation T byte_order littleendian
Reading mask: /usr/local/freesurfer/average/711-2B_as_mni_average_305_mask.4dfp.img (2306576 pixels)
talsrcimg_g11.4dfp.img
       256       256       256         1
  1.000000  1.000000  1.000000
orientation T byte_order littleendian
Reading image: talsrcimg_g11.4dfp.img
dimensions:      256       256       256
mmppix:       1.0000   -1.0000   -1.0000
center:     128.0000 -129.0000 -129.0000
rotation matrix determinant  1.000000
fimgreg.f
image alignment mode   1283 decimal      503 hex
parameters
    0.0000  -15.0000    7.5000    0.0000    0.0000    0.0000
eta,q 0.91365 18.50310
niter,ni,del,rscale     5    3   12.0000    1.2000
parameter  4 -4.334792 ->  0.500000 qaram    1.1500
parameters
    0.2861  -13.4971    4.6475   -3.4500   -0.0297   -2.0169
eta,q 0.92084 18.43369
  0.0916  0.0947  0.0859  0.0766  0.0847  0.0811
  0.0923  0.0910  0.0846  0.0794  0.0845  0.0794
  0.0903  0.0881  0.0837  0.0817  0.0822  0.0792
  0.0867  0.0862  0.0854  0.0838  0.0800  0.0801
  0.0887  0.0857  0.0879  0.0861  0.0818  0.0811
  0.0906  0.0868  0.0907  0.0882  0.0842  0.0823
  0.0922  0.0894  0.0940  0.0897  0.0851  0.0833
niter,ni,del,rscale     5    3   12.0000    1.2000
parameter  4  1.975183 ->  0.500000 qaram    1.3225
parameters
   -0.2379  -10.8326    4.8207   -7.4175   -1.3240   -0.9681
eta,q 0.92753 18.30300
  0.0868  0.0919  0.0877  0.0706  0.0751  0.0767
  0.0873  0.0878  0.0827  0.0715  0.0746  0.0746
  0.0819  0.0828  0.0797  0.0738  0.0733  0.0731
  0.0792  0.0789  0.0773  0.0773  0.0720  0.0726
  0.0825  0.0772  0.0793  0.0818  0.0743  0.0723
  0.0863  0.0783  0.0829  0.0859  0.0768  0.0726
  0.0922  0.0805  0.0861  0.0893  0.0790  0.0747
niter,ni,del,rscale     5    3   12.0000    1.2000
parameter  4  0.560933 ->  0.500000 qaram    1.5209
parameters
   -1.1938  -10.1540    4.8829  -11.9801   -1.0472   -0.9747
eta,q 0.92810 18.42748
  0.0772  0.0862  0.0857  0.0734  0.0719  0.0758
  0.0765  0.0797  0.0830  0.0724  0.0729  0.0745
  0.0757  0.0755  0.0778  0.0725  0.0734  0.0733
  0.0725  0.0741  0.0744  0.0743  0.0723  0.0719
  0.0737  0.0757  0.0766  0.0779  0.0701  0.0718
  0.0790  0.0785  0.0820  0.0836  0.0707  0.0735
  0.0828  0.0806  0.0861  0.0902  0.0741  0.0770
niter,ni,del,rscale     5    3   12.0000    1.2000
parameter  5 -2.585498 ->  0.500000 qaram    1.1500
parameters
   -1.6441   -8.2042    3.8008  -14.7127   -4.4972   -1.3648
eta,q 0.93034 18.53995
  0.0763  0.0849  0.0795  0.0755  0.0675  0.0751
  0.0753  0.0805  0.0753  0.0719  0.0691  0.0728
  0.0756  0.0762  0.0714  0.0701  0.0707  0.0707
  0.0719  0.0731  0.0718  0.0710  0.0700  0.0696
  0.0710  0.0718  0.0761  0.0751  0.0680  0.0705
  0.0760  0.0729  0.0814  0.0802  0.0688  0.0737
  0.0801  0.0763  0.0851  0.0849  0.0714  0.0771
niter,ni,del,rscale     5    3   12.0000    1.2000
parameters
   -2.0200   -6.5582    4.0867  -16.5525   -4.1915   -1.7874
eta,q 0.93205 18.52332
  0.0755  0.0842  0.0843  0.0750  0.0740  0.0738
  0.0705  0.0776  0.0794  0.0715  0.0706  0.0710
  0.0679  0.0731  0.0720  0.0683  0.0671  0.0688
  0.0697  0.0696  0.0677  0.0677  0.0677  0.0679
  0.0696  0.0677  0.0702  0.0719  0.0707  0.0693
  0.0723  0.0699  0.0759  0.0778  0.0713  0.0724
  0.0767  0.0743  0.0828  0.0826  0.0711  0.0756
niter,ni,del,rscale     4    3   12.0000    1.2000
parameters
   -1.8169   -5.7191    3.6974  -17.2945   -4.0187   -1.7207
eta,q 0.93304 18.51760
  0.0772  0.0813  0.0818  0.0773  0.0738  0.0736
  0.0738  0.0752  0.0757  0.0738  0.0700  0.0709
  0.0683  0.0712  0.0685  0.0686  0.0662  0.0684
  0.0680  0.0681  0.0673  0.0669  0.0667  0.0670
  0.0694  0.0674  0.0722  0.0701  0.0700  0.0677
  0.0713  0.0716  0.0784  0.0762  0.0709  0.0703
  0.0766  0.0759  0.0850  0.0810  0.0711  0.0737
niter,ni,del,rscale     3    3   12.0000    1.2000
parameters
   -1.5677   -5.4707    3.3601  -17.7003   -3.8072   -1.6204
eta,q 0.93305 18.51755
  0.0784  0.0792  0.0817  0.0778  0.0730  0.0733
  0.0739  0.0739  0.0758  0.0751  0.0691  0.0707
  0.0676  0.0702  0.0689  0.0697  0.0659  0.0683
  0.0670  0.0673  0.0671  0.0668  0.0668  0.0670
  0.0686  0.0685  0.0718  0.0699  0.0693  0.0675
  0.0716  0.0739  0.0778  0.0757  0.0697  0.0700
  0.0768  0.0771  0.0847  0.0805  0.0705  0.0734
niter,ni,del,rscale     2    3   12.0000    1.2000
parameters
   -1.3789   -5.4942    3.0857  -17.9265   -3.4674   -1.4750
eta,q 0.93286 18.50814
  0.0783  0.0782  0.0817  0.0781  0.0723  0.0731
  0.0729  0.0733  0.0758  0.0757  0.0684  0.0708
  0.0672  0.0698  0.0692  0.0702  0.0660  0.0685
  0.0670  0.0670  0.0670  0.0668  0.0668  0.0672
  0.0681  0.0692  0.0714  0.0697  0.0686  0.0676
  0.0715  0.0746  0.0773  0.0753  0.0686  0.0699
  0.0768  0.0777  0.0841  0.0803  0.0700  0.0731
niter,ni,del,rscale     1    3   12.0000    1.2000
parameters
   -1.1905   -5.7165    2.7994  -17.9912   -2.9928   -1.3750
eta,q 0.93276 18.48133
  0.0781  0.0776  0.0813  0.0785  0.0714  0.0727
  0.0723  0.0728  0.0755  0.0759  0.0681  0.0705
  0.0675  0.0695  0.0692  0.0704  0.0665  0.0686
  0.0671  0.0671  0.0672  0.0670  0.0670  0.0673
  0.0677  0.0697  0.0716  0.0696  0.0678  0.0676
  0.0713  0.0750  0.0773  0.0748  0.0676  0.0699
  0.0766  0.0784  0.0836  0.0800  0.0697  0.0729
registration optimization eta report
parameter search radius
    6.0000    6.0000    6.0000    9.1253    6.9000    6.0000
100000*second partial in parameter space
       30.       28.       40.       13.        8.       15.
  0.0781  0.0776  0.0813  0.0785  0.0714  0.0727
  0.0723  0.0728  0.0755  0.0759  0.0681  0.0705
  0.0675  0.0695  0.0692  0.0704  0.0665  0.0686
  0.0671  0.0671  0.0672  0.0670  0.0670  0.0673
  0.0677  0.0697  0.0716  0.0696  0.0678  0.0676
  0.0713  0.0750  0.0773  0.0748  0.0676  0.0699
  0.0766  0.0784  0.0836  0.0800  0.0697  0.0729
   -1.1905   -5.7165    2.7994  -17.9912   -2.9928   -1.3750
eta,q 0.93276 18.48133

---------------------------------------------------------------------
imgreg_4dfp /usr/local/freesurfer/average/711-2C_as_mni_average_305 /usr/local/freesurfer/average/711-2B_as_mni_average_305_mask talsrcimg_g11 none talsrcimg_to_711-2C_as_mni_average_305_t4 3335
---------------------------------------------------------------------

freesurfer imgreg_4dfp.c
/usr/local/freesurfer/average/711-2C_as_mni_average_305.4dfp.img
       256       256       256         1
  1.000000  1.000000  1.000000
orientation T byte_order littleendian
Reading image: /usr/local/freesurfer/average/711-2C_as_mni_average_305.4dfp.img
dimensions:      256       256       256
mmppix:       1.0000   -1.0000   -1.0000
center:     128.0000 -129.0000 -129.0000
/usr/local/freesurfer/average/711-2B_as_mni_average_305_mask.4dfp.img
       256       256       256         1
  1.000000  1.000000  1.000000
orientation T byte_order littleendian
Reading mask: /usr/local/freesurfer/average/711-2B_as_mni_average_305_mask.4dfp.img (2306576 pixels)
talsrcimg_g11.4dfp.img
       256       256       256         1
  1.000000  1.000000  1.000000
orientation T byte_order littleendian
Reading image: talsrcimg_g11.4dfp.img
dimensions:      256       256       256
mmppix:       1.0000   -1.0000   -1.0000
center:     128.0000 -129.0000 -129.0000
fimgreg.f
image alignment mode   3335 decimal      D07 hex
parameters
   -1.1905   -5.7165    2.7994   -0.1651   -4.8783   -5.0193
    0.6702    5.7055   -2.3964   30.7590   -5.2211  -30.8449
eta,q 0.93322 18.13069
niter,ni,del,rscale     5    3    5.0000    1.2000
parameter  1 -0.717491 -> -0.500000 qaram    1.1500
parameter  4********** ->  0.500000 qaram    1.1500
parameter  5 33.311726 ->  0.500000 qaram    1.1500
parameter  6  0.932410 ->  0.500000 qaram    1.1500
parameter  7  0.655207 ->  0.500000 qaram    1.1500
parameter 12 -0.589768 -> -0.500000 qaram    1.1500
parameters
    0.1895   -5.6041    2.7884   -4.3051   -9.0183   -9.1593
   -3.4698    6.6532   -4.2598   28.0489   -4.1017  -26.7049
eta,q 0.95656 17.93511
  0.0695  0.0675  0.0689  0.0522  0.0462  0.0452  0.0457  0.0503  0.0459  0.0461  0.0463  0.0506
  0.0684  0.0667  0.0674  0.0567  0.0495  0.0459  0.0452  0.0479  0.0452  0.0448  0.0454  0.0478
  0.0675  0.0663  0.0665  0.0617  0.0535  0.0478  0.0455  0.0463  0.0450  0.0443  0.0447  0.0457
  0.0668  0.0662  0.0662  0.0662  0.0580  0.0505  0.0463  0.0452  0.0450  0.0449  0.0443  0.0443
  0.0663  0.0663  0.0666  0.0704  0.0622  0.0557  0.0475  0.0451  0.0455  0.0467  0.0443  0.0436
  0.0662  0.0666  0.0675  0.0752  0.0660  0.0632  0.0491  0.0463  0.0464  0.0495  0.0447  0.0434
  0.0663  0.0672  0.0688  0.0799  0.0701  0.0699  0.0510  0.0484  0.0475  0.0532  0.0454  0.0437
niter,ni,del,rscale     7    3    5.0000    1.2000
parameter  4  4.988402 ->  0.500000 qaram    1.3225
parameter  5  0.929416 ->  0.500000 qaram    1.3225
parameters
   -1.1540   -5.0323    2.9487   -9.0661  -13.7793  -11.3815
   -1.1196    8.2426   -2.4569   26.9570   -4.3459  -28.2005
eta,q 0.97240 17.71082
  0.0435  0.0463  0.0449  0.0283  0.0292  0.0311  0.0370  0.0377  0.0318  0.0303  0.0295  0.0290
  0.0428  0.0447  0.0437  0.0311  0.0288  0.0299  0.0336  0.0339  0.0301  0.0288  0.0285  0.0280
  0.0428  0.0435  0.0429  0.0364  0.0298  0.0291  0.0308  0.0307  0.0287  0.0279  0.0279  0.0276
  0.0434  0.0428  0.0426  0.0425  0.0323  0.0289  0.0290  0.0285  0.0279  0.0277  0.0277  0.0277
  0.0449  0.0426  0.0427  0.0480  0.0361  0.0300  0.0285  0.0280  0.0278  0.0285  0.0280  0.0282
  0.0474  0.0430  0.0433  0.0539  0.0405  0.0328  0.0294  0.0295  0.0282  0.0302  0.0287  0.0291
  0.0507  0.0441  0.0444  0.0594  0.0444  0.0402  0.0314  0.0325  0.0293  0.0329  0.0297  0.0302
niter,ni,del,rscale     7    3    5.0000    1.2000
parameter  4  0.699541 ->  0.500000 qaram    1.5209
parameters
   -1.2220   -4.6628    2.2195  -14.5412  -14.9974   -8.8437
   -1.4899    8.7595   -2.5668   27.7302   -7.5783  -30.7540
eta,q 0.97715 17.69858
  0.0339  0.0318  0.0282  0.0251  0.0290  0.0286  0.0280  0.0307  0.0260  0.0279  0.0237  0.0244
  0.0306  0.0298  0.0276  0.0244  0.0269  0.0269  0.0256  0.0270  0.0247  0.0259  0.0233  0.0231
  0.0284  0.0283  0.0274  0.0244  0.0251  0.0255  0.0241  0.0247  0.0239  0.0244  0.0233  0.0228
  0.0276  0.0276  0.0275  0.0274  0.0243  0.0244  0.0237  0.0237  0.0236  0.0236  0.0236  0.0233
  0.0285  0.0276  0.0281  0.0335  0.0255  0.0237  0.0245  0.0238  0.0240  0.0237  0.0240  0.0242
  0.0310  0.0284  0.0290  0.0398  0.0286  0.0236  0.0262  0.0255  0.0248  0.0246  0.0245  0.0256
  0.0347  0.0299  0.0304  0.0463  0.0328  0.0258  0.0287  0.0292  0.0261  0.0266  0.0253  0.0271
niter,ni,del,rscale     7    3    5.0000    1.2000
parameters
   -1.3740   -4.6134    1.7774  -17.3791  -15.8081  -10.3089
   -1.7865    8.8551   -2.9598   27.9370   -9.7820  -32.1223
eta,q 0.97646 17.35550
  0.0282  0.0263  0.0241  0.0270  0.0287  0.0266  0.0274  0.0285  0.0257  0.0271  0.0241  0.0255
  0.0252  0.0245  0.0232  0.0250  0.0265  0.0252  0.0254  0.0257  0.0246  0.0254  0.0238  0.0240
  0.0233  0.0233  0.0228  0.0237  0.0246  0.0241  0.0241  0.0242  0.0240  0.0243  0.0237  0.0235
  0.0229  0.0228  0.0228  0.0228  0.0235  0.0236  0.0238  0.0238  0.0238  0.0238  0.0238  0.0237
  0.0238  0.0232  0.0233  0.0246  0.0242  0.0237  0.0244  0.0243  0.0241  0.0240  0.0240  0.0244
  0.0261  0.0243  0.0242  0.0310  0.0273  0.0263  0.0258  0.0257  0.0249  0.0251  0.0244  0.0254
  0.0295  0.0261  0.0256  0.0389  0.0319  0.0333  0.0279  0.0281  0.0262  0.0269  0.0249  0.0267
niter,ni,del,rscale     6    3    5.0000    1.2000
parameters
   -1.3251   -4.5247    1.2292  -18.2417  -16.1625  -11.3648
   -1.8853    8.8557   -2.9662   28.1515  -10.1231  -32.7376
eta,q 0.97619 17.19189
  0.0284  0.0268  0.0245  0.0289  0.0291  0.0271  0.0276  0.0286  0.0260  0.0273  0.0246  0.0262
  0.0259  0.0251  0.0237  0.0263  0.0269  0.0256  0.0256  0.0257  0.0249  0.0255  0.0241  0.0244
  0.0242  0.0240  0.0234  0.0245  0.0250  0.0244  0.0243  0.0242  0.0242  0.0244  0.0239  0.0238
  0.0235  0.0235  0.0235  0.0234  0.0237  0.0238  0.0239  0.0239  0.0239  0.0239  0.0239  0.0239
  0.0240  0.0238  0.0240  0.0231  0.0240  0.0239  0.0244  0.0246  0.0241  0.0242  0.0240  0.0245
  0.0255  0.0248  0.0248  0.0264  0.0267  0.0258  0.0257  0.0261  0.0249  0.0252  0.0242  0.0254
  0.0282  0.0263  0.0260  0.0331  0.0311  0.0318  0.0277  0.0282  0.0260  0.0270  0.0247  0.0265
niter,ni,del,rscale     5    3    5.0000    1.2000
parameters
   -1.3539   -4.5019    0.9038  -18.3192  -16.2483  -11.8874
   -1.9389    8.8304   -2.9353   28.2930  -10.2142  -32.9846
eta,q 0.97612 17.15075
  0.0283  0.0268  0.0251  0.0295  0.0294  0.0276  0.0277  0.0286  0.0261  0.0272  0.0247  0.0266
  0.0259  0.0252  0.0242  0.0268  0.0272  0.0259  0.0257  0.0257  0.0249  0.0255  0.0241  0.0246
  0.0244  0.0242  0.0238  0.0249  0.0252  0.0246  0.0244  0.0242  0.0242  0.0244  0.0239  0.0238
  0.0238  0.0238  0.0238  0.0238  0.0238  0.0238  0.0239  0.0239  0.0239  0.0239  0.0239  0.0239
  0.0243  0.0241  0.0242  0.0232  0.0240  0.0238  0.0244  0.0246  0.0241  0.0242  0.0240  0.0245
  0.0260  0.0251  0.0249  0.0254  0.0264  0.0252  0.0257  0.0261  0.0249  0.0253  0.0242  0.0253
  0.0286  0.0267  0.0259  0.0314  0.0306  0.0304  0.0278  0.0283  0.0260  0.0270  0.0247  0.0264
niter,ni,del,rscale     4    3    5.0000    1.2000
parameters
   -1.3833   -4.4958    0.7628  -18.3355  -16.2514  -12.0660
   -1.9578    8.8246   -2.9208   28.3657  -10.2281  -33.0558
eta,q 0.97611 17.14030
  0.0283  0.0268  0.0254  0.0296  0.0295  0.0279  0.0277  0.0287  0.0261  0.0272  0.0247  0.0268
  0.0260  0.0252  0.0245  0.0269  0.0273  0.0261  0.0257  0.0257  0.0249  0.0254  0.0242  0.0247
  0.0244  0.0242  0.0240  0.0250  0.0253  0.0248  0.0244  0.0242  0.0242  0.0243  0.0239  0.0239
  0.0239  0.0239  0.0239  0.0239  0.0239  0.0239  0.0239  0.0239  0.0239  0.0239  0.0239  0.0239
  0.0244  0.0242  0.0242  0.0233  0.0240  0.0238  0.0244  0.0246  0.0241  0.0242  0.0240  0.0244
  0.0260  0.0252  0.0248  0.0254  0.0264  0.0250  0.0257  0.0261  0.0249  0.0253  0.0243  0.0253
  0.0286  0.0267  0.0257  0.0313  0.0305  0.0297  0.0278  0.0283  0.0261  0.0271  0.0247  0.0264
niter,ni,del,rscale     3    3    5.0000    1.2000
parameters
   -1.3954   -4.4941    0.7132  -18.3408  -16.2477  -12.1127
   -1.9626    8.8221   -2.9144   28.3954  -10.2399  -33.0688
eta,q 0.97610 17.13814
  0.0284  0.0268  0.0255  0.0296  0.0295  0.0280  0.0277  0.0287  0.0261  0.0272  0.0247  0.0268
  0.0260  0.0252  0.0246  0.0269  0.0273  0.0262  0.0257  0.0257  0.0249  0.0254  0.0242  0.0248
  0.0245  0.0242  0.0240  0.0250  0.0253  0.0249  0.0244  0.0242  0.0242  0.0243  0.0239  0.0239
  0.0239  0.0239  0.0239  0.0239  0.0239  0.0239  0.0239  0.0239  0.0239  0.0239  0.0239  0.0239
  0.0244  0.0242  0.0241  0.0233  0.0240  0.0238  0.0244  0.0246  0.0241  0.0242  0.0240  0.0244
  0.0260  0.0252  0.0247  0.0254  0.0264  0.0249  0.0257  0.0261  0.0249  0.0253  0.0243  0.0253
  0.0286  0.0268  0.0256  0.0313  0.0305  0.0294  0.0278  0.0283  0.0261  0.0272  0.0247  0.0264
niter,ni,del,rscale     2    3    5.0000    1.2000
parameters
   -1.3997   -4.4943    0.6995  -18.3437  -16.2432  -12.1227
   -1.9673    8.8214   -2.9075   28.4045  -10.2489  -33.0727
eta,q 0.97610 17.13793
  0.0284  0.0268  0.0256  0.0296  0.0295  0.0280  0.0277  0.0287  0.0261  0.0272  0.0247  0.0269
  0.0260  0.0252  0.0246  0.0269  0.0273  0.0262  0.0257  0.0257  0.0249  0.0254  0.0242  0.0248
  0.0245  0.0242  0.0241  0.0250  0.0253  0.0249  0.0244  0.0242  0.0242  0.0243  0.0239  0.0239
  0.0239  0.0239  0.0239  0.0239  0.0239  0.0239  0.0239  0.0239  0.0239  0.0239  0.0239  0.0239
  0.0244  0.0242  0.0241  0.0233  0.0240  0.0238  0.0244  0.0246  0.0241  0.0242  0.0240  0.0244
  0.0260  0.0252  0.0247  0.0254  0.0264  0.0248  0.0257  0.0261  0.0249  0.0254  0.0243  0.0253
  0.0285  0.0268  0.0256  0.0313  0.0305  0.0294  0.0278  0.0283  0.0261  0.0272  0.0247  0.0264
registration optimization eta report
parameter search radius
    2.7600    2.4000    2.4000   10.9503    9.5220    8.2800
    8.2800    7.2000    7.2000    7.2000    7.2000    8.2800
100000*second partial in parameter space
       60.       50.       29.        6.        7.        7.
        6.        9.        4.        6.        2.        4.
  0.0284  0.0268  0.0256  0.0296  0.0295  0.0280  0.0277  0.0287  0.0261  0.0272  0.0247  0.0269
  0.0260  0.0252  0.0246  0.0269  0.0273  0.0262  0.0257  0.0257  0.0249  0.0254  0.0242  0.0248
  0.0245  0.0242  0.0241  0.0250  0.0253  0.0249  0.0244  0.0242  0.0242  0.0243  0.0239  0.0239
  0.0239  0.0239  0.0239  0.0239  0.0239  0.0239  0.0239  0.0239  0.0239  0.0239  0.0239  0.0239
  0.0244  0.0242  0.0241  0.0233  0.0240  0.0238  0.0244  0.0246  0.0241  0.0242  0.0240  0.0244
  0.0260  0.0252  0.0247  0.0254  0.0264  0.0248  0.0257  0.0261  0.0249  0.0254  0.0243  0.0253
  0.0285  0.0268  0.0256  0.0313  0.0305  0.0294  0.0278  0.0283  0.0261  0.0272  0.0247  0.0264
   -1.3997   -4.4943    0.6995  -18.3437  -16.2432  -12.1227
   -1.9673    8.8214   -2.9075   28.4045  -10.2489  -33.0727
eta,q 0.97610 17.13793

---------------------------------------------------------------------
imgreg_4dfp /usr/local/freesurfer/average/711-2C_as_mni_average_305 /usr/local/freesurfer/average/711-2B_as_mni_average_305_mask talsrcimg_g11 none talsrcimg_to_711-2C_as_mni_average_305_t4 2311
---------------------------------------------------------------------

freesurfer imgreg_4dfp.c
/usr/local/freesurfer/average/711-2C_as_mni_average_305.4dfp.img
       256       256       256         1
  1.000000  1.000000  1.000000
orientation T byte_order littleendian
Reading image: /usr/local/freesurfer/average/711-2C_as_mni_average_305.4dfp.img
dimensions:      256       256       256
mmppix:       1.0000   -1.0000   -1.0000
center:     128.0000 -129.0000 -129.0000
/usr/local/freesurfer/average/711-2B_as_mni_average_305_mask.4dfp.img
       256       256       256         1
  1.000000  1.000000  1.000000
orientation T byte_order littleendian
Reading mask: /usr/local/freesurfer/average/711-2B_as_mni_average_305_mask.4dfp.img (2306576 pixels)
talsrcimg_g11.4dfp.img
       256       256       256         1
  1.000000  1.000000  1.000000
orientation T byte_order littleendian
Reading image: talsrcimg_g11.4dfp.img
dimensions:      256       256       256
mmppix:       1.0000   -1.0000   -1.0000
center:     128.0000 -129.0000 -129.0000
fimgreg.f
image alignment mode   2311 decimal      907 hex
parameters
   -1.3997   -4.4943    0.6995  -18.3437  -16.2432  -12.1227
   -1.9673    8.8214   -2.9075   28.4045  -10.2489  -33.0727
eta,q 0.97610 17.13792
niter,ni,del,rscale     5    3    5.0000    0.8000
parameter  4 -0.785839 -> -0.500000 qaram    1.1500
parameters
   -1.3703   -4.4936    0.6581  -15.5837  -15.4495  -11.2828
   -2.4709    9.2925   -2.9372   28.9310   -8.8143  -33.2870
eta,q 0.97699 17.52664
  0.0255  0.0252  0.0246  0.0255  0.0259  0.0253  0.0247  0.0266  0.0243  0.0252  0.0242  0.0241
  0.0247  0.0245  0.0242  0.0248  0.0249  0.0244  0.0237  0.0247  0.0236  0.0241  0.0236  0.0234
  0.0241  0.0240  0.0240  0.0243  0.0239  0.0237  0.0232  0.0235  0.0232  0.0234  0.0232  0.0230
  0.0239  0.0239  0.0239  0.0239  0.0233  0.0232  0.0231  0.0231  0.0231  0.0231  0.0231  0.0230
  0.0240  0.0240  0.0240  0.0235  0.0232  0.0231  0.0235  0.0233  0.0232  0.0231  0.0230  0.0232
  0.0246  0.0245  0.0243  0.0233  0.0237  0.0235  0.0243  0.0240  0.0237  0.0236  0.0231  0.0236
  0.0255  0.0252  0.0247  0.0235  0.0248  0.0244  0.0255  0.0253  0.0243  0.0245  0.0233  0.0242
niter,ni,del,rscale     5    3    5.0000    0.8000
parameters
   -1.3831   -4.6484    0.9398  -16.0985  -15.3126   -9.9144
   -2.1404    9.3062   -2.9858   29.2270   -8.2260  -32.8880
eta,q 0.97705 17.59997
  0.0249  0.0242  0.0242  0.0245  0.0253  0.0252  0.0251  0.0256  0.0241  0.0250  0.0237  0.0245
  0.0239  0.0235  0.0236  0.0239  0.0243  0.0243  0.0240  0.0240  0.0235  0.0239  0.0232  0.0235
  0.0232  0.0231  0.0232  0.0234  0.0235  0.0236  0.0232  0.0231  0.0231  0.0232  0.0230  0.0230
  0.0230  0.0230  0.0230  0.0230  0.0231  0.0231  0.0229  0.0229  0.0229  0.0229  0.0229  0.0229
  0.0232  0.0233  0.0230  0.0229  0.0232  0.0229  0.0231  0.0232  0.0231  0.0231  0.0230  0.0231
  0.0239  0.0239  0.0232  0.0239  0.0239  0.0230  0.0236  0.0241  0.0235  0.0236  0.0231  0.0234
  0.0250  0.0248  0.0236  0.0261  0.0253  0.0238  0.0246  0.0255  0.0242  0.0245  0.0233  0.0239
niter,ni,del,rscale     4    3    5.0000    0.7000
parameters
   -1.3573   -4.6129    1.2317  -15.5487  -15.3372   -9.2882
   -2.0413    9.4273   -2.8750   29.3466   -7.8552  -32.6844
eta,q 0.97727 17.68639
  0.0244  0.0241  0.0238  0.0244  0.0245  0.0242  0.0243  0.0250  0.0237  0.0242  0.0232  0.0238
  0.0236  0.0235  0.0234  0.0239  0.0237  0.0236  0.0234  0.0237  0.0232  0.0234  0.0229  0.0231
  0.0231  0.0231  0.0231  0.0234  0.0231  0.0231  0.0229  0.0230  0.0228  0.0229  0.0228  0.0228
  0.0229  0.0229  0.0229  0.0229  0.0228  0.0228  0.0227  0.0227  0.0227  0.0227  0.0227  0.0227
  0.0231  0.0230  0.0229  0.0226  0.0229  0.0227  0.0229  0.0229  0.0228  0.0228  0.0228  0.0228
  0.0235  0.0234  0.0230  0.0230  0.0236  0.0228  0.0234  0.0235  0.0231  0.0233  0.0229  0.0231
  0.0243  0.0240  0.0233  0.0243  0.0247  0.0237  0.0241  0.0247  0.0236  0.0241  0.0231  0.0235
niter,ni,del,rscale     3    3    5.0000    0.6000
parameters
   -1.3556   -4.5877    1.3788  -15.1711  -15.3362   -8.8002
   -1.9910    9.5158   -2.7981   29.4998   -7.5928  -32.5320
eta,q 0.97743 17.74748
  0.0238  0.0236  0.0233  0.0240  0.0240  0.0237  0.0238  0.0244  0.0233  0.0237  0.0230  0.0234
  0.0232  0.0231  0.0230  0.0236  0.0233  0.0232  0.0231  0.0234  0.0229  0.0231  0.0227  0.0229
  0.0229  0.0228  0.0228  0.0231  0.0228  0.0228  0.0227  0.0228  0.0227  0.0227  0.0226  0.0226
  0.0227  0.0227  0.0227  0.0227  0.0226  0.0226  0.0226  0.0226  0.0226  0.0226  0.0226  0.0226
  0.0228  0.0228  0.0227  0.0225  0.0227  0.0225  0.0227  0.0227  0.0226  0.0227  0.0226  0.0227
  0.0232  0.0231  0.0228  0.0229  0.0232  0.0226  0.0231  0.0232  0.0229  0.0230  0.0227  0.0229
  0.0238  0.0236  0.0231  0.0240  0.0241  0.0234  0.0237  0.0242  0.0232  0.0236  0.0229  0.0232
niter,ni,del,rscale     2    3    5.0000    0.5000
parameters
   -1.3597   -4.5768    1.4656  -14.8363  -15.3574   -8.4100
   -1.9528    9.5812   -2.7496   29.6014   -7.4205  -32.4129
eta,q 0.97754 17.79095
  0.0234  0.0232  0.0229  0.0237  0.0235  0.0233  0.0233  0.0238  0.0230  0.0233  0.0228  0.0230
  0.0229  0.0229  0.0228  0.0233  0.0230  0.0229  0.0228  0.0231  0.0227  0.0228  0.0226  0.0227
  0.0227  0.0226  0.0226  0.0229  0.0226  0.0227  0.0226  0.0226  0.0225  0.0226  0.0225  0.0225
  0.0226  0.0226  0.0226  0.0226  0.0225  0.0225  0.0225  0.0225  0.0225  0.0225  0.0225  0.0225
  0.0227  0.0226  0.0226  0.0225  0.0226  0.0224  0.0226  0.0226  0.0225  0.0225  0.0225  0.0225
  0.0229  0.0228  0.0227  0.0227  0.0229  0.0225  0.0228  0.0230  0.0227  0.0228  0.0226  0.0227
  0.0234  0.0232  0.0228  0.0236  0.0235  0.0231  0.0233  0.0237  0.0229  0.0232  0.0227  0.0229
niter,ni,del,rscale     1    3    5.0000    0.4000
parameters
   -1.3670   -4.5785    1.5227  -14.5921  -15.3749   -8.0939
   -1.9172    9.6273   -2.7273   29.6693   -7.3393  -32.3031
eta,q 0.97761 17.82058
  0.0230  0.0229  0.0227  0.0233  0.0231  0.0229  0.0230  0.0233  0.0227  0.0229  0.0226  0.0228
  0.0227  0.0226  0.0226  0.0230  0.0227  0.0227  0.0227  0.0228  0.0225  0.0226  0.0225  0.0225
  0.0225  0.0225  0.0225  0.0227  0.0225  0.0226  0.0225  0.0225  0.0224  0.0225  0.0224  0.0224
  0.0225  0.0225  0.0225  0.0225  0.0224  0.0224  0.0224  0.0224  0.0224  0.0224  0.0224  0.0224
  0.0225  0.0225  0.0225  0.0224  0.0225  0.0224  0.0224  0.0225  0.0224  0.0224  0.0224  0.0224
  0.0227  0.0226  0.0225  0.0226  0.0227  0.0225  0.0226  0.0227  0.0225  0.0226  0.0225  0.0225
  0.0230  0.0229  0.0226  0.0232  0.0231  0.0228  0.0229  0.0233  0.0227  0.0229  0.0226  0.0227
registration optimization eta report
parameter search radius
    0.8000    0.8000    0.8000    2.7600    2.4000    2.4000
    2.4000    2.4000    2.4000    2.4000    2.4000    2.4000
100000*second partial in parameter space
       89.       62.       34.       11.       11.        8.
       10.       16.        6.        9.        3.        6.
  0.0230  0.0229  0.0227  0.0233  0.0231  0.0229  0.0230  0.0233  0.0227  0.0229  0.0226  0.0228
  0.0227  0.0226  0.0226  0.0230  0.0227  0.0227  0.0227  0.0228  0.0225  0.0226  0.0225  0.0225
  0.0225  0.0225  0.0225  0.0227  0.0225  0.0226  0.0225  0.0225  0.0224  0.0225  0.0224  0.0224
  0.0225  0.0225  0.0225  0.0225  0.0224  0.0224  0.0224  0.0224  0.0224  0.0224  0.0224  0.0224
  0.0225  0.0225  0.0225  0.0224  0.0225  0.0224  0.0224  0.0225  0.0224  0.0224  0.0224  0.0224
  0.0227  0.0226  0.0225  0.0226  0.0227  0.0225  0.0226  0.0227  0.0225  0.0226  0.0225  0.0225
  0.0230  0.0229  0.0226  0.0232  0.0231  0.0228  0.0229  0.0233  0.0227  0.0229  0.0226  0.0227
   -1.3670   -4.5785    1.5227  -14.5921  -15.3749   -8.0939
   -1.9172    9.6273   -2.7273   29.6693   -7.3393  -32.3031
eta,q 0.97761 17.82058

---------------------------------------------------------------------
imgreg_4dfp /usr/local/freesurfer/average/711-2C_as_mni_average_305 /usr/local/freesurfer/average/711-2B_as_mni_average_305_mask talsrcimg_g11 none talsrcimg_to_711-2C_as_mni_average_305_t4 2311
---------------------------------------------------------------------

freesurfer imgreg_4dfp.c
/usr/local/freesurfer/average/711-2C_as_mni_average_305.4dfp.img
       256       256       256         1
  1.000000  1.000000  1.000000
orientation T byte_order littleendian
Reading image: /usr/local/freesurfer/average/711-2C_as_mni_average_305.4dfp.img
dimensions:      256       256       256
mmppix:       1.0000   -1.0000   -1.0000
center:     128.0000 -129.0000 -129.0000
/usr/local/freesurfer/average/711-2B_as_mni_average_305_mask.4dfp.img
       256       256       256         1
  1.000000  1.000000  1.000000
orientation T byte_order littleendian
Reading mask: /usr/local/freesurfer/average/711-2B_as_mni_average_305_mask.4dfp.img (2306576 pixels)
talsrcimg_g11.4dfp.img
       256       256       256         1
  1.000000  1.000000  1.000000
orientation T byte_order littleendian
Reading image: talsrcimg_g11.4dfp.img
dimensions:      256       256       256
mmppix:       1.0000   -1.0000   -1.0000
center:     128.0000 -129.0000 -129.0000
fimgreg.f
image alignment mode   2311 decimal      907 hex
parameters
   -1.3670   -4.5785    1.5227  -14.5921  -15.3749   -8.0939
   -1.9172    9.6273   -2.7273   29.6693   -7.3393  -32.3031
eta,q 0.97761 17.82057
niter,ni,del,rscale     5    3    5.0000    0.8000
parameters
   -1.3633   -4.5909    1.6104  -15.3084  -15.5743   -8.8129
   -1.8070    9.3171   -2.7975   29.1740   -7.6834  -32.3417
eta,q 0.97735 17.70669
  0.0247  0.0240  0.0235  0.0240  0.0246  0.0241  0.0246  0.0252  0.0238  0.0241  0.0231  0.0238
  0.0234  0.0231  0.0229  0.0234  0.0236  0.0233  0.0236  0.0237  0.0232  0.0232  0.0228  0.0231
  0.0227  0.0226  0.0225  0.0228  0.0229  0.0229  0.0229  0.0229  0.0228  0.0228  0.0227  0.0227
  0.0224  0.0224  0.0224  0.0224  0.0225  0.0225  0.0227  0.0227  0.0227  0.0227  0.0227  0.0227
  0.0227  0.0226  0.0225  0.0226  0.0228  0.0226  0.0229  0.0230  0.0228  0.0230  0.0228  0.0228
  0.0234  0.0231  0.0228  0.0239  0.0236  0.0236  0.0235  0.0241  0.0232  0.0237  0.0229  0.0232
  0.0247  0.0240  0.0233  0.0263  0.0252  0.0267  0.0244  0.0260  0.0239  0.0249  0.0233  0.0238
niter,ni,del,rscale     4    3    5.0000    0.7000
parameters
   -1.3548   -4.5447    1.4910  -15.1540  -15.4152   -8.9895
   -1.9422    9.4082   -2.7847   29.2641   -7.6851  -32.4394
eta,q 0.97739 17.72233
  0.0242  0.0239  0.0232  0.0240  0.0245  0.0238  0.0240  0.0249  0.0235  0.0241  0.0231  0.0235
  0.0234  0.0232  0.0228  0.0235  0.0236  0.0232  0.0232  0.0236  0.0230  0.0233  0.0228  0.0229
  0.0228  0.0228  0.0227  0.0231  0.0229  0.0228  0.0227  0.0229  0.0227  0.0228  0.0226  0.0226
  0.0226  0.0226  0.0226  0.0226  0.0226  0.0226  0.0226  0.0226  0.0226  0.0226  0.0226  0.0226
  0.0228  0.0227  0.0227  0.0225  0.0227  0.0225  0.0228  0.0228  0.0227  0.0227  0.0227  0.0228
  0.0233  0.0231  0.0230  0.0230  0.0233  0.0230  0.0234  0.0234  0.0230  0.0232  0.0228  0.0231
  0.0242  0.0237  0.0234  0.0242  0.0244  0.0245  0.0242  0.0248  0.0235  0.0240  0.0230  0.0235
niter,ni,del,rscale     3    3    5.0000    0.6000
parameters
   -1.3546   -4.5622    1.4662  -14.8999  -15.3609   -8.7508
   -1.9611    9.5089   -2.7623   29.4329   -7.4997  -32.4227
eta,q 0.97749 17.76247
  0.0238  0.0234  0.0230  0.0237  0.0239  0.0236  0.0237  0.0244  0.0232  0.0237  0.0229  0.0232
  0.0231  0.0230  0.0228  0.0233  0.0233  0.0231  0.0230  0.0234  0.0228  0.0231  0.0227  0.0228
  0.0227  0.0227  0.0226  0.0229  0.0228  0.0227  0.0226  0.0228  0.0226  0.0227  0.0226  0.0226
  0.0226  0.0226  0.0226  0.0226  0.0226  0.0226  0.0225  0.0225  0.0225  0.0225  0.0225  0.0225
  0.0227  0.0227  0.0227  0.0225  0.0227  0.0224  0.0227  0.0226  0.0226  0.0226  0.0225  0.0226
  0.0231  0.0230  0.0228  0.0228  0.0231  0.0226  0.0231  0.0232  0.0228  0.0229  0.0227  0.0228
  0.0238  0.0235  0.0231  0.0237  0.0240  0.0235  0.0237  0.0242  0.0232  0.0235  0.0228  0.0232
niter,ni,del,rscale     2    3    5.0000    0.5000
parameters
   -1.3610   -4.5722    1.4979  -14.6527  -15.3655   -8.4021
   -1.9319    9.5741   -2.7287   29.5681   -7.3527  -32.3476
eta,q 0.97757 17.79958
  0.0234  0.0231  0.0229  0.0235  0.0234  0.0232  0.0233  0.0238  0.0230  0.0233  0.0227  0.0230
  0.0229  0.0228  0.0227  0.0231  0.0230  0.0229  0.0228  0.0231  0.0227  0.0228  0.0226  0.0226
  0.0226  0.0226  0.0226  0.0228  0.0226  0.0226  0.0225  0.0226  0.0225  0.0225  0.0225  0.0225
  0.0225  0.0225  0.0225  0.0225  0.0225  0.0225  0.0224  0.0224  0.0224  0.0224  0.0224  0.0224
  0.0226  0.0226  0.0226  0.0225  0.0226  0.0224  0.0225  0.0225  0.0225  0.0225  0.0225  0.0225
  0.0229  0.0228  0.0226  0.0227  0.0229  0.0225  0.0228  0.0229  0.0227  0.0227  0.0225  0.0226
  0.0234  0.0231  0.0228  0.0234  0.0235  0.0231  0.0233  0.0238  0.0229  0.0232  0.0227  0.0229
niter,ni,del,rscale     1    3    5.0000    0.4000
parameters
   -1.3695   -4.5770    1.5466  -14.4658  -15.3763   -8.0892
   -1.9074    9.6182   -2.7070   29.6397   -7.2979  -32.2545
eta,q 0.97762 17.82577
  0.0230  0.0228  0.0227  0.0231  0.0231  0.0229  0.0230  0.0233  0.0227  0.0229  0.0226  0.0227
  0.0227  0.0226  0.0225  0.0229  0.0227  0.0227  0.0226  0.0228  0.0225  0.0226  0.0225  0.0225
  0.0225  0.0225  0.0225  0.0226  0.0225  0.0225  0.0224  0.0225  0.0224  0.0224  0.0224  0.0224
  0.0224  0.0224  0.0224  0.0224  0.0224  0.0224  0.0224  0.0224  0.0224  0.0224  0.0224  0.0224
  0.0225  0.0225  0.0225  0.0224  0.0225  0.0223  0.0224  0.0225  0.0224  0.0224  0.0224  0.0224
  0.0227  0.0226  0.0225  0.0226  0.0227  0.0224  0.0226  0.0227  0.0225  0.0226  0.0225  0.0225
  0.0230  0.0228  0.0226  0.0231  0.0231  0.0228  0.0229  0.0233  0.0227  0.0229  0.0226  0.0227
registration optimization eta report
parameter search radius
    0.8000    0.8000    0.8000    2.4000    2.4000    2.4000
    2.4000    2.4000    2.4000    2.4000    2.4000    2.4000
100000*second partial in parameter space
       90.       63.       35.       12.       11.        8.
       10.       16.        6.        9.        3.        6.
  0.0230  0.0228  0.0227  0.0231  0.0231  0.0229  0.0230  0.0233  0.0227  0.0229  0.0226  0.0227
  0.0227  0.0226  0.0225  0.0229  0.0227  0.0227  0.0226  0.0228  0.0225  0.0226  0.0225  0.0225
  0.0225  0.0225  0.0225  0.0226  0.0225  0.0225  0.0224  0.0225  0.0224  0.0224  0.0224  0.0224
  0.0224  0.0224  0.0224  0.0224  0.0224  0.0224  0.0224  0.0224  0.0224  0.0224  0.0224  0.0224
  0.0225  0.0225  0.0225  0.0224  0.0225  0.0223  0.0224  0.0225  0.0224  0.0224  0.0224  0.0224
  0.0227  0.0226  0.0225  0.0226  0.0227  0.0224  0.0226  0.0227  0.0225  0.0226  0.0225  0.0225
  0.0230  0.0228  0.0226  0.0231  0.0231  0.0228  0.0229  0.0233  0.0227  0.0229  0.0226  0.0227
   -1.3695   -4.5770    1.5466  -14.4658  -15.3763   -8.0892
   -1.9074    9.6182   -2.7070   29.6397   -7.2979  -32.2545
eta,q 0.97762 17.82577

---------------------------------------------------------------------
compute_vox2vox talsrcimg talsrcimg_to_711-2C_as_mni_average_305_t4 /usr/local/freesurfer/average/711-2C_as_mni_average_305
---------------------------------------------------------------------

freesurfer compute_vox2vox.c
Reading: talsrcimg.4dfp.ifh
Reading: talsrcimg_to_711-2C_as_mni_average_305_t4
Reading: /usr/local/freesurfer/average/711-2C_as_mni_average_305.4dfp.ifh
Writing: talsrcimg_to_711-2C_as_mni_average_305_t4_vox2vox.txt

start time Tue Jun 3 16:38:43 UTC 2025
end		time Tue Jun 3 16:39:01 UTC 2025

mpr2mni305 success

avi2talxfm orig_nu.mgz /usr/local/freesurfer/average/mni305.cor.mgz talsrcimg_to_711-2C_as_mni_average_305_t4_vox2vox.txt transforms/talairach.auto.xfm
avi2talxfm done
mv -f /home/freesurfer/subjects/sub-035/mri/talsrcimg_to_711-2C_as_mni_average_305_t4_vox2vox.txt /home/freesurfer/subjects/sub-035/mri/transforms/talsrcimg_to_711-2C_as_mni_average_305_t4_vox2vox.txt
lta_convert --src orig_nu.mgz --trg /usr/local/freesurfer/average/mni305.cor.mgz --inxfm transforms/talairach.auto.xfm --outlta transforms/talairach.auto.xfm.lta --subject fsaverage
7.4.1

--src: orig_nu.mgz src image (geometry).
--trg: /usr/local/freesurfer/average/mni305.cor.mgz trg image (geometry).
--inmni: transforms/talairach.auto.xfm input MNI/XFM transform.
--outlta: transforms/talairach.auto.xfm.lta output LTA.
--s: fsaverage subject name
 LTA read, type : 1
 1.15870  -0.11548  -0.01790   0.62103;
 0.09352   0.95960   0.36786  -52.29322;
 0.00431  -0.33980   1.05229  -58.02742;
 0.00000   0.00000   0.00000   1.00000;
setting subject to fsaverage
Writing  LTA to file transforms/talairach.auto.xfm.lta...
lta_convert successful.
 
 
Started at Tue Jun 3 16:38:42 UTC 2025
Ended   at Tue Jun  3 16:39:01 UTC 2025
talairach_avi done
