Log file for defect2seg
Wed Jun  4 17:02:37 UTC 2025

setenv SUBJECTS_DIR /home/freesurfer/subjects
cd /home/freesurfer/subjects/sub-039/scripts
/usr/local/freesurfer/bin/defect2seg --s sub-039 --cortex

freesurfer-linux-centos8_x86_64-7.4.1-20230613-7eb8460
defect2seg 7.4.1
Linux 52edc0a8b20c 6.11.0-26-generic #26~24.04.1-Ubuntu SMP PREEMPT_DYNAMIC Thu Apr 17 19:20:47 UTC 2 x86_64 x86_64 x86_64 GNU/Linux
pid 1283
mri_label2label --label-cortex /home/freesurfer/subjects/sub-039/surf/lh.orig.nofix /home/freesurfer/subjects/sub-039/mri/aseg.presurf.mgz 0 /home/freesurfer/subjects/sub-039/label/lh.nofix.cortex.label

 Generating cortex label... RemoveHipAmgy=0
 NucAccIsMedialWall=0
 mris->useRealRAS=0
10 non-cortical segments detected
only using segment with 8589 vertices
erasing segment 1 (vno[0] = 48123)
erasing segment 2 (vno[0] = 52905)
erasing segment 3 (vno[0] = 61361)
erasing segment 4 (vno[0] = 68469)
erasing segment 5 (vno[0] = 70439)
erasing segment 6 (vno[0] = 94417)
erasing segment 7 (vno[0] = 95563)
erasing segment 8 (vno[0] = 96456)
erasing segment 9 (vno[0] = 98235)
mri_label2vol --defects /home/freesurfer/subjects/sub-039/surf/lh.orig.nofix /home/freesurfer/subjects/sub-039/surf/lh.defect_labels /home/freesurfer/subjects/sub-039/mri/orig.mgz 1000 0 /home/freesurfer/subjects/sub-039/mri/surface.defects.mgz /home/freesurfer/subjects/sub-039/label/lh.nofix.cortex.label
mri_label2vol supposed to be reproducible but seed not set
Contraining to label /home/freesurfer/subjects/sub-039/label/lh.nofix.cortex.label
Changing input type 0 to MRI_INT
Converting defects to volume: offset=1000, merge=0
Writing to /home/freesurfer/subjects/sub-039/mri/surface.defects.mgz
mris_defects_pointset -s /home/freesurfer/subjects/sub-039/surf/lh.orig.nofix -d /home/freesurfer/subjects/sub-039/surf/lh.defect_labels -o /home/freesurfer/subjects/sub-039/surf/lh.defects.pointset --label /home/freesurfer/subjects/sub-039/label/lh.nofix.cortex.label
Reading in surface /home/freesurfer/subjects/sub-039/surf/lh.orig.nofix
Reading in defect segmentation /home/freesurfer/subjects/sub-039/surf/lh.defect_labels
Reading in label /home/freesurfer/subjects/sub-039/label/lh.nofix.cortex.label
#VMPC# mris_defects_pointset 193612
mris_defects_pointset done
mri_label2label --label-cortex /home/freesurfer/subjects/sub-039/surf/rh.orig.nofix /home/freesurfer/subjects/sub-039/mri/aseg.presurf.mgz 0 /home/freesurfer/subjects/sub-039/label/rh.nofix.cortex.label

 Generating cortex label... RemoveHipAmgy=0
 NucAccIsMedialWall=0
 mris->useRealRAS=0
19 non-cortical segments detected
only using segment with 8298 vertices
erasing segment 1 (vno[0] = 50680)
erasing segment 2 (vno[0] = 54979)
erasing segment 3 (vno[0] = 56461)
erasing segment 4 (vno[0] = 59341)
erasing segment 5 (vno[0] = 61851)
erasing segment 6 (vno[0] = 61873)
erasing segment 7 (vno[0] = 63643)
erasing segment 8 (vno[0] = 83942)
erasing segment 9 (vno[0] = 88797)
erasing segment 10 (vno[0] = 95736)
erasing segment 11 (vno[0] = 96617)
erasing segment 12 (vno[0] = 97616)
erasing segment 13 (vno[0] = 97631)
erasing segment 14 (vno[0] = 98416)
erasing segment 15 (vno[0] = 100292)
erasing segment 16 (vno[0] = 100321)
erasing segment 17 (vno[0] = 112120)
erasing segment 18 (vno[0] = 115106)
mri_label2vol --defects /home/freesurfer/subjects/sub-039/surf/rh.orig.nofix /home/freesurfer/subjects/sub-039/surf/rh.defect_labels /home/freesurfer/subjects/sub-039/mri/surface.defects.mgz 2000 1 /home/freesurfer/subjects/sub-039/mri/surface.defects.mgz /home/freesurfer/subjects/sub-039/label/rh.nofix.cortex.label
mri_label2vol supposed to be reproducible but seed not set
Contraining to label /home/freesurfer/subjects/sub-039/label/rh.nofix.cortex.label
Converting defects to volume: offset=2000, merge=1
Writing to /home/freesurfer/subjects/sub-039/mri/surface.defects.mgz
mris_defects_pointset -s /home/freesurfer/subjects/sub-039/surf/rh.orig.nofix -d /home/freesurfer/subjects/sub-039/surf/rh.defect_labels -o /home/freesurfer/subjects/sub-039/surf/rh.defects.pointset --label /home/freesurfer/subjects/sub-039/label/rh.nofix.cortex.label
Reading in surface /home/freesurfer/subjects/sub-039/surf/rh.orig.nofix
Reading in defect segmentation /home/freesurfer/subjects/sub-039/surf/rh.defect_labels
Reading in label /home/freesurfer/subjects/sub-039/label/rh.nofix.cortex.label
#VMPC# mris_defects_pointset 194904
mris_defects_pointset done
 
Started at Wed Jun 4 17:02:37 UTC 2025 
Ended   at Wed Jun  4 17:03:24 UTC 2025
Defect2seg-Run-Time-Sec 47
Defect2seg-Run-Time-Min 0.94
Defect2seg-Run-Time-Hours 0.01
 
defect2seg Done
