status file for recon-all
Wed Jun  4 13:21:08 UTC 2025
#@# MotionCor Wed Jun  4 13:21:11 UTC 2025
#@# Talairach Wed Jun  4 13:21:19 UTC 2025
#@# Talairach Failure Detection Wed Jun  4 13:24:28 UTC 2025
#@# Nu Intensity Correction Wed Jun  4 13:24:28 UTC 2025
#@# Intensity Normalization Wed Jun  4 13:27:41 UTC 2025
#@# Skull Stripping Wed Jun  4 13:30:47 UTC 2025
#@# EM Registration Wed Jun  4 13:42:44 UTC 2025
#@# CA Normalize Wed Jun  4 13:51:05 UTC 2025
#@# CA Reg Wed Jun  4 13:52:27 UTC 2025
#@# SubCort Seg Wed Jun  4 15:56:28 UTC 2025
#@# CC Seg Wed Jun  4 16:43:16 UTC 2025
#@# Merge ASeg Wed Jun  4 16:44:16 UTC 2025
#@# Intensity Normalization2 Wed Jun  4 16:44:16 UTC 2025
#@# Mask BFS Wed Jun  4 16:48:41 UTC 2025
#@# WM Segmentation Wed Jun  4 16:48:43 UTC 2025
#@# Fill Wed Jun  4 16:53:26 UTC 2025
#@# Tessellate lh Wed Jun  4 16:54:57 UTC 2025
#@# Tessellate rh Wed Jun  4 16:55:02 UTC 2025
#@# Smooth1 lh Wed Jun  4 16:55:07 UTC 2025
#@# Smooth1 rh Wed Jun  4 16:55:10 UTC 2025
#@# Inflation1 lh Wed Jun  4 16:55:13 UTC 2025
#@# Inflation1 rh Wed Jun  4 16:55:27 UTC 2025
#@# QSphere lh Wed Jun  4 16:55:42 UTC 2025
#@# QSphere rh Wed Jun  4 16:57:29 UTC 2025
#@# Fix Topology lh Wed Jun  4 16:59:17 UTC 2025
#@# Fix Topology rh Wed Jun  4 17:00:58 UTC 2025
#@# Smooth2 lh Wed Jun  4 17:15:29 UTC 2025
#@# Smooth2 rh Wed Jun  4 17:15:32 UTC 2025
#@# Inflation2 lh Wed Jun  4 17:15:35 UTC 2025
#@# Inflation2 rh Wed Jun  4 17:15:52 UTC 2025
#@# Curv .H and .K lh Wed Jun  4 17:16:10 UTC 2025
#@# Curv .H and .K rh Wed Jun  4 17:16:53 UTC 2025
#@# Sphere lh Wed Jun  4 17:17:35 UTC 2025
#@# Sphere rh Wed Jun  4 17:25:22 UTC 2025
#@# Surf Reg lh Wed Jun  4 17:42:25 UTC 2025
#@# Surf Reg rh Wed Jun  4 17:49:04 UTC 2025
#@# Jacobian white lh Wed Jun  4 18:01:49 UTC 2025
#@# Jacobian white rh Wed Jun  4 18:01:50 UTC 2025
#@# AvgCurv lh Wed Jun  4 18:01:51 UTC 2025
#@# AvgCurv rh Wed Jun  4 18:01:51 UTC 2025
#@# Cortical Parc lh Wed Jun  4 18:01:52 UTC 2025
#@# Cortical Parc rh Wed Jun  4 18:02:05 UTC 2025
#@# white curv lh Wed Jun  4 18:20:13 UTC 2025
#@# white area lh Wed Jun  4 18:20:16 UTC 2025
#@# pial curv lh Wed Jun  4 18:20:16 UTC 2025
#@# pial area lh Wed Jun  4 18:20:18 UTC 2025
#@# thickness lh Wed Jun  4 18:20:19 UTC 2025
#@# area and vertex vol lh Wed Jun  4 18:20:46 UTC 2025
#@# white curv rh Wed Jun  4 18:20:48 UTC 2025
#@# white area rh Wed Jun  4 18:20:50 UTC 2025
#@# pial curv rh Wed Jun  4 18:20:51 UTC 2025
#@# pial area rh Wed Jun  4 18:20:53 UTC 2025
#@# thickness rh Wed Jun  4 18:20:54 UTC 2025
#@# area and vertex vol rh Wed Jun  4 18:21:21 UTC 2025
#@# Curvature Stats lh Wed Jun  4 18:21:22 UTC 2025
#@# Curvature Stats rh Wed Jun  4 18:21:25 UTC 2025
#@# Cortical ribbon mask Wed Jun  4 18:21:28 UTC 2025
#@# Cortical Parc 2 lh Wed Jun  4 18:28:02 UTC 2025
#@# Cortical Parc 2 rh Wed Jun  4 18:28:20 UTC 2025
#@# Cortical Parc 3 lh Wed Jun  4 18:28:38 UTC 2025
#@# Cortical Parc 3 rh Wed Jun  4 18:28:52 UTC 2025
#@# WM/GM Contrast lh Wed Jun  4 18:29:05 UTC 2025
#@# WM/GM Contrast rh Wed Jun  4 18:29:09 UTC 2025
#@# Relabel Hypointensities Wed Jun  4 18:29:13 UTC 2025
#@# APas-to-ASeg Wed Jun  4 18:29:39 UTC 2025
#@# AParc-to-ASeg aparc Wed Jun  4 18:29:55 UTC 2025
#@# AParc-to-ASeg aparc.a2009s Wed Jun  4 18:32:10 UTC 2025
#@# AParc-to-ASeg aparc.DKTatlas Wed Jun  4 18:34:27 UTC 2025
#@# WMParc Wed Jun  4 18:36:39 UTC 2025
#@# Parcellation Stats lh Wed Jun  4 18:44:08 UTC 2025
#@# Parcellation Stats rh Wed Jun  4 18:44:30 UTC 2025
#@# Parcellation Stats 2 lh Wed Jun  4 18:44:52 UTC 2025
#@# Parcellation Stats 2 rh Wed Jun  4 18:45:04 UTC 2025
#@# Parcellation Stats 3 lh Wed Jun  4 18:45:15 UTC 2025
#@# Parcellation Stats 3 rh Wed Jun  4 18:45:25 UTC 2025
#@# ASeg Stats Wed Jun  4 18:45:35 UTC 2025
#@# BA_exvivo Labels lh Wed Jun  4 18:48:46 UTC 2025
#@# BA_exvivo Labels rh Wed Jun  4 18:52:37 UTC 2025
recon-all -s sub-039 finished without error at Wed Jun  4 18:56:26 UTC 2025
