/home/freesurfer/subjects/sub-048/mri
/usr/local/freesurfer/bin/talairach_avi
--i orig_nu.mgz --xfm transforms/talairach.auto.xfm
talairach_avi 7.4.1
Linux 88e3508cd92c 6.11.0-26-generic #26~24.04.1-Ubuntu SMP PREEMPT_DYNAMIC Thu Apr 17 19:20:47 UTC 2 x86_64 x86_64 x86_64 GNU/Linux
Wed Jun  4 08:31:24 UTC 2025
mri_convert orig_nu.mgz talsrcimg.img 
reading from orig_nu.mgz...
TR=8.70, TE=0.00, TI=0.00, flip angle=0.00
i_ras = (-1, 3.72529e-08, 0)
j_ras = (0, 0, -1)
k_ras = (7.91624e-09, 1, 0)
writing to talsrcimg.img...
Analyze Output Matrix
-1.00000   0.00000   0.00000   134.61490;
 0.00000   0.00000   1.00000  -95.02737;
 0.00000  -1.00000   0.00000   157.59070;
 0.00000   0.00000   0.00000   1.00000;
--------------------
INFO: set hdr.hist.orient to -1
mpr2mni305 talsrcimg
Wed Jun  4 08:31:25 UTC 2025
/usr/local/freesurfer/bin/mpr2mni305 talsrcimg
mpr2mni305 7.4.1
target=711-2C_as_mni_average_305

---------------------------------------------------------------------
analyzeto4dfp talsrcimg -O0 -y
---------------------------------------------------------------------

freesurfer ifh2hdr.c
Wed Jun  4 08:31:25 2025
Writing: talsrcimg.4dfp.hdr
freesurfer analyzeto4dfp.c
Reading: talsrcimg.hdr
header size 348 bytes
hdr.dime.datatype	offset=70	value=2
hdr.dime.bitpix		offset=72	value=8
hdr.hist.orient		offset=252	value=-1
dimensionality     4
dimensions       256       256       256         1
Reading: talsrcimg.img
Writing: talsrcimg.4dfp.img
Writing: talsrcimg.4dfp.ifh
ifh2hdr talsrcimg -r0to205
ori=2

---------------------------------------------------------------------
gauss_4dfp talsrcimg 1.1
---------------------------------------------------------------------

freesurfer gauss_4dfp.c
Reading: talsrcimg.4dfp.img
Writing: talsrcimg_g11.4dfp.img
image dimensions 256 256 256 padded to 288 288 288
processing volume 1freesurfer ifh2hdr.c
Wed Jun  4 08:31:28 2025
Writing: talsrcimg_g11.4dfp.hdr

Writing: talsrcimg_g11.4dfp.ifh
including: talsrcimg.4dfp.img.rec in talsrcimg_g11.4dfp.img.rec

---------------------------------------------------------------------
imgreg_4dfp /usr/local/freesurfer/average/711-2C_as_mni_average_305 none talsrcimg_g11 none talsrcimg_to_711-2C_as_mni_average_305_t4 4355
---------------------------------------------------------------------

freesurfer imgreg_4dfp.c
/usr/local/freesurfer/average/711-2C_as_mni_average_305.4dfp.img
       256       256       256         1
  1.000000  1.000000  1.000000
orientation T byte_order littleendian
Reading image: /usr/local/freesurfer/average/711-2C_as_mni_average_305.4dfp.img
dimensions:      256       256       256
mmppix:       1.0000   -1.0000   -1.0000
center:     128.0000 -129.0000 -129.0000
talsrcimg_g11.4dfp.img
       256       256       256         1
  1.000000  1.000000  1.000000
orientation T byte_order littleendian
Reading image: talsrcimg_g11.4dfp.img
dimensions:      256       256       256
mmppix:       1.0000   -1.0000   -1.0000
center:     128.0000 -129.0000 -129.0000
t4_read: open error in t4_sub.f l:  41 t4_file(1:l)talsrcimg_to_711-2C_as_mni_average_305_t4 
t4_read: transform initialized to I4
rotation matrix determinant  1.000000
image alignment mode   4355 decimal     1103 hex
   -7.5000  -45.0000  -45.000010270.5723   16.1868
    0.0000  -45.0000  -45.000010480.7686   16.1897
    7.5000  -45.0000  -45.0000 9893.0537   16.1779
   -7.5000  -37.5000  -45.000010774.2871   16.1155
    0.0000  -37.5000  -45.000010978.1172   16.1149
    7.5000  -37.5000  -45.000010355.4990   16.1083
   -7.5000  -30.0000  -45.000011683.8740   16.0982
    0.0000  -30.0000  -45.000011885.1025   16.0913
    7.5000  -30.0000  -45.000011201.6924   16.0881
   -7.5000  -22.5000  -45.000012491.8506   16.0978
    0.0000  -22.5000  -45.000012728.6143   16.0879
    7.5000  -22.5000  -45.000011966.3760   16.0810
   -7.5000  -15.0000  -45.000013241.3350   16.0882
    0.0000  -15.0000  -45.000013517.0547   16.0819
    7.5000  -15.0000  -45.000012725.0762   16.0694
   -7.5000   -7.5000  -45.000013965.7383   16.0738
    0.0000   -7.5000  -45.000014247.1387   16.0739
    7.5000   -7.5000  -45.000013437.6982   16.0600
   -7.5000    0.0000  -45.000014438.9922   16.0708
    0.0000    0.0000  -45.000014723.2617   16.0736
    7.5000    0.0000  -45.000013880.2520   16.0618
   -7.5000    7.5000  -45.000013648.8838   16.0847
    0.0000    7.5000  -45.000013884.6709   16.0841
    7.5000    7.5000  -45.000013099.0283   16.0774
   -7.5000   15.0000  -45.000012649.7695   16.0974
    0.0000   15.0000  -45.000012869.6475   16.0906
    7.5000   15.0000  -45.000012153.8037   16.0873
   -7.5000   22.5000  -45.000011585.0098   16.0956
    0.0000   22.5000  -45.000011769.8809   16.0857
    7.5000   22.5000  -45.000011128.6992   16.0788
   -7.5000   30.0000  -45.000010522.2012   15.8746
    0.0000   30.0000  -45.000010670.8701   15.8683
    7.5000   30.0000  -45.000010089.8584   15.8561
   -7.5000   37.5000  -45.0000 9896.1963   15.9058
    0.0000   37.5000  -45.000010061.9297   15.9061
    7.5000   37.5000  -45.0000 9512.6270   15.8918
   -7.5000   45.0000  -45.0000 8931.3594   15.7073
    0.0000   45.0000  -45.0000 9106.2852   15.7080
    7.5000   45.0000  -45.0000 8578.2891   15.6946
   -7.5000  -45.0000  -37.500010705.7920   16.2161
    0.0000  -45.0000  -37.500010937.6201   16.2281
    7.5000  -45.0000  -37.500010316.0957   16.2146
   -7.5000  -37.5000  -37.500011290.6992   16.1449
    0.0000  -37.5000  -37.500011505.3799   16.1515
    7.5000  -37.5000  -37.500010809.9150   16.1428
   -7.5000  -30.0000  -37.500012307.8867   16.1341
    0.0000  -30.0000  -37.500012514.2314   16.1324
    7.5000  -30.0000  -37.500011718.4609   16.1271
   -7.5000  -22.5000  -37.500013130.1260   16.1411
    0.0000  -22.5000  -37.500013387.8623   16.1365
    7.5000  -22.5000  -37.500012528.2520   16.1275
   -7.5000  -15.0000  -37.500013842.3223   16.1326
    0.0000  -15.0000  -37.500014170.4297   16.1337
    7.5000  -15.0000  -37.500013319.1377   16.1195
   -7.5000   -7.5000  -37.500014564.0410   16.1109
    0.0000   -7.5000  -37.500014933.1465   16.1202
    7.5000   -7.5000  -37.500014053.1016   16.1048
   -7.5000    0.0000  -37.500015073.0215   16.1003
    0.0000    0.0000  -37.500015451.8486   16.1120
    7.5000    0.0000  -37.500014500.5352   16.0985
   -7.5000    7.5000  -37.500014218.8359   16.1141
    0.0000    7.5000  -37.500014547.1836   16.1207
    7.5000    7.5000  -37.500013674.3633   16.1120
   -7.5000   15.0000  -37.500013169.8828   16.1334
    0.0000   15.0000  -37.500013448.3555   16.1317
    7.5000   15.0000  -37.500012678.3096   16.1264
   -7.5000   22.5000  -37.500012063.6885   16.1389
    0.0000   22.5000  -37.500012304.6797   16.1342
    7.5000   22.5000  -37.500011604.4707   16.1253
   -7.5000   30.0000  -37.500010938.6387   15.9185
    0.0000   30.0000  -37.500011145.0713   15.9195
    7.5000   30.0000  -37.500010518.5039   15.9055
   -7.5000   37.5000  -37.500010273.9248   15.9425
    0.0000   37.5000  -37.500010474.9785   15.9517
    7.5000   37.5000  -37.5000 9894.0576   15.9358
   -7.5000   45.0000  -37.5000 9246.4443   15.7341
    0.0000   45.0000  -37.5000 9441.9199   15.7437
    7.5000   45.0000  -37.5000 8910.0771   15.7286
   -7.5000  -45.0000  -30.000011318.2061   16.8894
    0.0000  -45.0000  -30.000011592.6045   16.8957
    7.5000  -45.0000  -30.000010870.8721   16.8778
   -7.5000  -37.5000  -30.000011981.8164   16.8143
    0.0000  -37.5000  -30.000012236.0566   16.8157
    7.5000  -37.5000  -30.000011411.0156   16.8014
   -7.5000  -30.0000  -30.000013136.3037   16.8052
    0.0000  -30.0000  -30.000013385.8721   16.7994
    7.5000  -30.0000  -30.000012413.4688   16.7897
   -7.5000  -22.5000  -30.000014035.2148   16.8157
    0.0000  -22.5000  -30.000014355.4434   16.8077
    7.5000  -22.5000  -30.000013299.9561   16.7969
   -7.5000  -15.0000  -30.000014721.3877   16.8072
    0.0000  -15.0000  -30.000015169.2295   16.8042
    7.5000  -15.0000  -30.000014166.0273   16.7901
   -7.5000   -7.5000  -30.000015441.9912   16.7821
    0.0000   -7.5000  -30.000015923.9512   16.7862
    7.5000   -7.5000  -30.000014920.7734   16.7696
   -7.5000    0.0000  -30.000015981.3525   16.7685
    0.0000    0.0000  -30.000016446.1504   16.7746
    7.5000    0.0000  -30.000015404.3965   16.7569
   -7.5000    7.5000  -30.000015066.9473   16.7823
    0.0000    7.5000  -30.000015471.6143   16.7836
    7.5000    7.5000  -30.000014522.2344   16.7693
   -7.5000   15.0000  -30.000013956.4453   16.8044
    0.0000   15.0000  -30.000014293.7041   16.7986
    7.5000   15.0000  -30.000013453.2471   16.7889
   -7.5000   22.5000  -30.000012814.7441   16.8117
    0.0000   22.5000  -30.000013074.5020   16.8036
    7.5000   22.5000  -30.000012332.0000   16.7929
   -7.5000   30.0000  -30.000011640.7539   16.5858
    0.0000   30.0000  -30.000011866.7852   16.5828
    7.5000   30.0000  -30.000011188.5537   16.5688
   -7.5000   37.5000  -30.000010933.1670   16.6081
    0.0000   37.5000  -30.000011148.6104   16.6120
    7.5000   37.5000  -30.000010515.9541   16.5949
   -7.5000   45.0000  -30.0000 9815.8242   16.3981
    0.0000   45.0000  -30.000010008.6543   16.4028
    7.5000   45.0000  -30.0000 9436.7012   16.3836
   -7.5000  -45.0000  -22.500011862.7744   17.4778
    0.0000  -45.0000  -22.500012135.2744   17.4680
    7.5000  -45.0000  -22.500011322.3467   17.4482
   -7.5000  -37.5000  -22.500012571.9668   17.3996
    0.0000  -37.5000  -22.500012840.6494   17.3870
    7.5000  -37.5000  -22.500011920.3691   17.3684
   -7.5000  -30.0000  -22.500013834.6016   17.3851
    0.0000  -30.0000  -22.500014105.6777   17.3680
    7.5000  -30.0000  -22.500012988.8105   17.3545
   -7.5000  -22.5000  -22.500014909.8447   17.3909
    0.0000  -22.5000  -22.500015249.3662   17.3719
    7.5000  -22.5000  -22.500014005.6279   17.3603
   -7.5000  -15.0000  -22.500015638.6689   17.3810
    0.0000  -15.0000  -22.500016144.6152   17.3648
    7.5000  -15.0000  -22.500014966.0439   17.3518
   -7.5000   -7.5000  -22.500016285.3135   17.3604
    0.0000   -7.5000  -22.500016861.9570   17.3489
    7.5000   -7.5000  -22.500015738.2637   17.3327
   -7.5000    0.0000  -22.500016839.8828   17.3522
    0.0000    0.0000  -22.500017358.1152   17.3426
    7.5000    0.0000  -22.500016238.4082   17.3230
   -7.5000    7.5000  -22.500015899.8838   17.3663
    0.0000    7.5000  -22.500016320.0898   17.3538
    7.5000    7.5000  -22.500015276.0098   17.3353
   -7.5000   15.0000  -22.500014750.2578   17.3843
    0.0000   15.0000  -22.500015095.4619   17.3672
    7.5000   15.0000  -22.500014144.6338   17.3537
   -7.5000   22.5000  -22.500013587.3232   17.3856
    0.0000   22.5000  -22.500013860.9580   17.3665
    7.5000   22.5000  -22.500012975.8516   17.3549
   -7.5000   30.0000  -22.500012359.1514   17.1546
    0.0000   30.0000  -22.500012588.9736   17.1386
    7.5000   30.0000  -22.500011786.6211   17.1257
   -7.5000   37.5000  -22.500011611.3359   17.1827
    0.0000   37.5000  -22.500011833.9570   17.1714
    7.5000   37.5000  -22.500011080.0449   17.1549
   -7.5000   45.0000  -22.500010411.8799   16.9811
    0.0000   45.0000  -22.500010602.8359   16.9707
    7.5000   45.0000  -22.5000 9927.7236   16.9500
   -7.5000  -45.0000  -15.000012294.9434   17.8830
    0.0000  -45.0000  -15.000012563.7324   17.8628
    7.5000  -45.0000  -15.000011701.0273   17.8454
   -7.5000  -37.5000  -15.000013032.0098   17.8034
    0.0000  -37.5000  -15.000013285.4102   17.7818
    7.5000  -37.5000  -15.000012306.8643   17.7658
   -7.5000  -30.0000  -15.000014448.3936   17.7831
    0.0000  -30.0000  -15.000014627.8516   17.7580
    7.5000  -30.0000  -15.000013410.8213   17.7465
   -7.5000  -22.5000  -15.000015791.3877   17.7818
    0.0000  -22.5000  -15.000015989.4688   17.7549
    7.5000  -22.5000  -15.000014520.0986   17.7451
   -7.5000  -15.0000  -15.000016789.3086   17.7701
    0.0000  -15.0000  -15.000017164.2773   17.7446
    7.5000  -15.0000  -15.000015690.7783   17.7330
   -7.5000   -7.5000  -15.000017429.9141   17.7554
    0.0000   -7.5000  -15.000017907.7637   17.7335
    7.5000   -7.5000  -15.000016510.5820   17.7188
   -7.5000    0.0000  -15.000017849.0117   17.7543
    0.0000    0.0000  -15.000018282.9824   17.7344
    7.5000    0.0000  -15.000016952.9102   17.7172
   -7.5000    7.5000  -15.000016759.0391   17.7693
    0.0000    7.5000  -15.000017109.1289   17.7478
    7.5000    7.5000  -15.000015921.8818   17.7318
   -7.5000   15.0000  -15.000015469.7842   17.7822
    0.0000   15.0000  -15.000015780.9512   17.7572
    7.5000   15.0000  -15.000014713.4189   17.7457
   -7.5000   22.5000  -15.000014220.6152   17.7755
    0.0000   22.5000  -15.000014476.5010   17.7486
    7.5000   22.5000  -15.000013480.0469   17.7388
   -7.5000   30.0000  -15.000012970.4521   17.5410
    0.0000   30.0000  -15.000013166.1494   17.5158
    7.5000   30.0000  -15.000012248.5947   17.5043
   -7.5000   37.5000  -15.000012209.2354   17.5761
    0.0000   37.5000  -15.000012413.4697   17.5546
    7.5000   37.5000  -15.000011543.6787   17.5399
   -7.5000   45.0000  -15.000010957.3633   17.3855
    0.0000   45.0000  -15.000011124.8389   17.3649
    7.5000   45.0000  -15.000010341.0088   17.3465
   -7.5000  -45.0000   -7.500012722.5176   18.0495
    0.0000  -45.0000   -7.500012954.5059   18.0357
    7.5000  -45.0000   -7.500012064.8525   18.0215
   -7.5000  -37.5000   -7.500013469.6328   17.9704
    0.0000  -37.5000   -7.500013671.1992   17.9548
    7.5000  -37.5000   -7.500012693.9199   17.9446
   -7.5000  -30.0000   -7.500014977.0771   17.9482
    0.0000  -30.0000   -7.500015054.6963   17.9286
    7.5000  -30.0000   -7.500013852.3467   17.9226
   -7.5000  -22.5000   -7.500016621.6270   17.9439
    0.0000  -22.5000   -7.500016629.0254   17.9216
    7.5000  -22.5000   -7.500015076.7842   17.9143
   -7.5000  -15.0000   -7.500017967.3691   17.9314
    0.0000  -15.0000   -7.500018082.4863   17.9108
    7.5000  -15.0000   -7.500016336.5664   17.8990
   -7.5000   -7.5000   -7.500018645.8066   17.9188
    0.0000   -7.5000   -7.500018815.1270   17.9025
    7.5000   -7.5000   -7.500017195.1387   17.8881
   -7.5000    0.0000   -7.500018871.2227   17.9199
    0.0000    0.0000   -7.500019048.3730   17.9062
    7.5000    0.0000   -7.500017560.5449   17.8922
   -7.5000    7.5000   -7.500017553.3965   17.9361
    0.0000    7.5000   -7.500017764.5645   17.9205
    7.5000    7.5000   -7.500016438.1074   17.9103
   -7.5000   15.0000   -7.500016105.9873   17.9474
    0.0000   15.0000   -7.500016388.3438   17.9278
    7.5000   15.0000   -7.500015199.9219   17.9218
   -7.5000   22.5000   -7.500014767.4570   17.9356
    0.0000   22.5000   -7.500015044.1758   17.9133
    7.5000   22.5000   -7.500013935.6211   17.9060
   -7.5000   30.0000   -7.500013455.6943   17.6997
    0.0000   30.0000   -7.500013694.6270   17.6793
    7.5000   30.0000   -7.500012690.6074   17.6677
   -7.5000   37.5000   -7.500012676.1543   17.7375
    0.0000   37.5000   -7.500012912.5693   17.7217
    7.5000   37.5000   -7.500011964.7480   17.7072
   -7.5000   45.0000   -7.500011347.2900   17.5524
    0.0000   45.0000   -7.500011555.7500   17.5372
    7.5000   45.0000   -7.500010729.5107   17.5216
   -7.5000  -45.0000    0.000013014.5723   18.0446
    0.0000  -45.0000    0.000013207.3027   18.0476
    7.5000  -45.0000    0.000012296.4307   18.0346
   -7.5000  -37.5000    0.000013711.4561   17.9655
    0.0000  -37.5000    0.000013963.3525   17.9647
    7.5000  -37.5000    0.000012985.0889   17.9574
   -7.5000  -30.0000    0.000015126.7539   17.9471
    0.0000  -30.0000    0.000015398.6494   17.9392
    7.5000  -30.0000    0.000014206.3545   17.9357
   -7.5000  -22.5000    0.000016723.8730   17.9470
    0.0000  -22.5000    0.000017034.6602   17.9358
    7.5000  -22.5000    0.000015469.6445   17.9282
   -7.5000  -15.0000    0.000018020.7715   17.9360
    0.0000  -15.0000    0.000018336.5703   17.9288
    7.5000  -15.0000    0.000016678.1309   17.9151
   -7.5000   -7.5000    0.000018706.7363   17.9193
    0.0000   -7.5000    0.000018929.2832   17.9193
    7.5000   -7.5000    0.000017425.5020   17.9039
   -7.5000    0.0000    0.000019097.0312   17.9155
    0.0000    0.0000    0.000019301.3320   17.9184
    7.5000    0.0000    0.000017807.9082   17.9054
   -7.5000    7.5000    0.000017865.2188   17.9313
    0.0000    7.5000    0.000018118.2617   17.9305
    7.5000    7.5000    0.000016718.2695   17.9231
   -7.5000   15.0000    0.000016476.7051   17.9462
    0.0000   15.0000    0.000016752.2129   17.9384
    7.5000   15.0000    0.000015480.3398   17.9349
   -7.5000   22.5000    0.000015109.6592   17.9387
    0.0000   22.5000    0.000015357.8467   17.9275
    7.5000   22.5000    0.000014208.7305   17.9199
   -7.5000   30.0000    0.000013712.3232   17.7048
    0.0000   30.0000    0.000013970.2129   17.6977
    7.5000   30.0000    0.000012953.0625   17.6841
   -7.5000   37.5000    0.000012871.3594   17.7387
    0.0000   37.5000    0.000013146.4775   17.7389
    7.5000   37.5000    0.000012189.9307   17.7230
   -7.5000   45.0000    0.000011522.6416   17.5505
    0.0000   45.0000    0.000011768.1436   17.5510
    7.5000   45.0000    0.000010935.9014   17.5362
   -7.5000  -45.0000    7.500012187.4004   18.1126
    0.0000  -45.0000    7.500012459.8809   18.1260
    7.5000  -45.0000    7.500011598.2227   18.1110
   -7.5000  -37.5000    7.500012829.2061   18.0328
    0.0000  -37.5000    7.500013184.4258   18.0402
    7.5000  -37.5000    7.500012264.6152   18.0306
   -7.5000  -30.0000    7.500014142.6172   18.0209
    0.0000  -30.0000    7.500014522.4600   18.0189
    7.5000  -30.0000    7.500013446.5986   18.0131
   -7.5000  -22.5000    7.500015542.9932   18.0290
    0.0000  -22.5000    7.500015902.9248   18.0238
    7.5000  -22.5000    7.500014605.4150   18.0139
   -7.5000  -15.0000    7.500016596.9473   18.0200
    0.0000  -15.0000    7.500016895.8789   18.0211
    7.5000  -15.0000    7.500015616.3193   18.0054
   -7.5000   -7.5000    7.500017192.7969   17.9957
    0.0000   -7.5000    7.500017447.7500   18.0060
    7.5000   -7.5000    7.500016255.4385   17.9890
   -7.5000    0.0000    7.500017616.3340   17.9834
    0.0000    0.0000    7.500017930.6348   17.9966
    7.5000    0.0000    7.500016659.3027   17.9816
   -7.5000    7.5000    7.500016584.3496   17.9986
    0.0000    7.5000    7.500016944.7266   18.0058
    7.5000    7.5000    7.500015694.7148   17.9963
   -7.5000   15.0000    7.500015347.9150   18.0200
    0.0000   15.0000    7.500015690.0225   18.0181
    7.5000   15.0000    7.500014554.5713   18.0123
   -7.5000   22.5000    7.500014072.5391   18.0207
    0.0000   22.5000    7.500014383.1914   18.0155
    7.5000   22.5000    7.500013361.8213   18.0056
   -7.5000   30.0000    7.500012807.0830   17.7877
    0.0000   30.0000    7.500013119.3496   17.7888
    7.5000   30.0000    7.500012191.7432   17.7733
   -7.5000   37.5000    7.500012042.1377   17.8145
    0.0000   37.5000    7.500012335.5537   17.8247
    7.5000   37.5000    7.500011489.9111   17.8071
   -7.5000   45.0000    7.500010761.0918   17.6153
    0.0000   45.0000    7.500011037.5625   17.6261
    7.5000   45.0000    7.500010305.0352   17.6092
   -7.5000  -45.0000   15.000011399.9785   18.4482
    0.0000  -45.0000   15.000011696.9385   18.4540
    7.5000  -45.0000   15.000010932.3447   18.4340
   -7.5000  -37.5000   15.000011997.6240   18.3670
    0.0000  -37.5000   15.000012340.6484   18.3674
    7.5000  -37.5000   15.000011559.6943   18.3511
   -7.5000  -30.0000   15.000013180.9473   18.3579
    0.0000  -30.0000   15.000013551.2900   18.3504
    7.5000  -30.0000   15.000012636.5898   18.3390
   -7.5000  -22.5000   15.000014401.8154   18.3697
    0.0000  -22.5000   15.000014760.8281   18.3597
    7.5000  -22.5000   15.000013728.7568   18.3473
   -7.5000  -15.0000   15.000015347.9717   18.3604
    0.0000  -15.0000   15.000015638.7256   18.3559
    7.5000  -15.0000   15.000014617.4053   18.3399
   -7.5000   -7.5000   15.000015922.5469   18.3324
    0.0000   -7.5000   15.000016228.7568   18.3356
    7.5000   -7.5000   15.000015240.0498   18.3171
   -7.5000    0.0000   15.000016347.7822   18.3170
    0.0000    0.0000   15.000016738.1172   18.3227
    7.5000    0.0000   15.000015666.5732   18.3028
   -7.5000    7.5000   15.000015389.4951   18.3324
    0.0000    7.5000   15.000015758.7520   18.3327
    7.5000    7.5000   15.000014722.6494   18.3164
   -7.5000   15.0000   15.000014232.5566   18.3570
    0.0000   15.0000   15.000014585.8066   18.3495
    7.5000   15.0000   15.000013628.4629   18.3382
   -7.5000   22.5000   15.000013044.1982   18.3613
    0.0000   22.5000   15.000013395.2100   18.3512
    7.5000   22.5000   15.000012522.9404   18.3388
   -7.5000   30.0000   15.000011872.8066   18.1238
    0.0000   30.0000   15.000012204.6191   18.1193
    7.5000   30.0000   15.000011423.1357   18.1035
   -7.5000   37.5000   15.000011149.5713   18.1484
    0.0000   37.5000   15.000011481.0117   18.1515
    7.5000   37.5000   15.000010776.6465   18.1325
   -7.5000   45.0000   15.0000 9974.8242   17.9430
    0.0000   45.0000   15.000010270.9863   17.9471
    7.5000   45.0000   15.0000 9673.1729   17.9256
   -7.5000  -45.0000   22.500010645.5303   19.0020
    0.0000  -45.0000   22.500010946.1914   18.9903
    7.5000  -45.0000   22.500010308.9531   18.9672
   -7.5000  -37.5000   22.500011168.2988   18.9202
    0.0000  -37.5000   22.500011513.6416   18.9050
    7.5000  -37.5000   22.500010857.2646   18.8832
   -7.5000  -30.0000   22.500012238.2432   18.9069
    0.0000  -30.0000   22.500012616.8242   18.8865
    7.5000  -30.0000   22.500011870.6982   18.8704
   -7.5000  -22.5000   22.500013342.7295   18.9130
    0.0000  -22.5000   22.500013701.7354   18.8906
    7.5000  -22.5000   22.500012871.1172   18.8766
   -7.5000  -15.0000   22.500014204.3164   18.9006
    0.0000  -15.0000   22.500014531.0439   18.8819
    7.5000  -15.0000   22.500013696.8916   18.8663
   -7.5000   -7.5000   22.500014770.8340   18.8766
    0.0000   -7.5000   22.500015110.6006   18.8633
    7.5000   -7.5000   22.500014275.6514   18.8443
   -7.5000    0.0000   22.500015146.3467   18.8678
    0.0000    0.0000   22.500015523.3545   18.8564
    7.5000    0.0000   22.500014629.9395   18.8335
   -7.5000    7.5000   22.500014229.7646   18.8852
    0.0000    7.5000   22.500014606.2910   18.8700
    7.5000    7.5000   22.500013732.8076   18.8483
   -7.5000   15.0000   22.500013169.9795   18.9061
    0.0000   15.0000   22.500013521.5146   18.8857
    7.5000   15.0000   22.500012685.5654   18.8696
   -7.5000   22.5000   22.500012078.6992   18.9042
    0.0000   22.5000   22.500012421.1631   18.8819
    7.5000   22.5000   22.500011645.1660   18.8679
   -7.5000   30.0000   22.500011009.9111   18.6570
    0.0000   30.0000   22.500011340.9561   18.6386
    7.5000   30.0000   22.500010640.9365   18.6231
   -7.5000   37.5000   22.500010339.6104   18.6883
    0.0000   37.5000   22.500010674.5654   18.6752
    7.5000   37.5000   22.500010060.9961   18.6560
   -7.5000   45.0000   22.5000 9248.7236   18.4868
    0.0000   45.0000   22.5000 9545.5830   18.4745
    7.5000   45.0000   22.5000 9017.6211   18.4504
   -7.5000  -45.0000   30.0000 9870.1436   19.6742
    0.0000  -45.0000   30.000010162.5625   19.6516
    7.5000  -45.0000   30.0000 9631.6729   19.6301
   -7.5000  -37.5000   30.000010349.6270   19.5913
    0.0000  -37.5000   30.000010681.9668   19.5664
    7.5000  -37.5000   30.000010147.2832   19.5477
   -7.5000  -30.0000   30.000011329.3506   19.5697
    0.0000  -30.0000   30.000011696.0107   19.5405
    7.5000  -30.0000   30.000011081.5342   19.5280
   -7.5000  -22.5000   30.000012316.2695   19.5647
    0.0000  -22.5000   30.000012659.2539   19.5337
    7.5000  -22.5000   30.000011971.2627   19.5229
   -7.5000  -15.0000   30.000013104.5361   19.5493
    0.0000  -15.0000   30.000013434.7168   19.5204
    7.5000  -15.0000   30.000012720.1064   19.5063
   -7.5000   -7.5000   30.000013649.1963   19.5342
    0.0000   -7.5000   30.000013988.2148   19.5098
    7.5000   -7.5000   30.000013244.4180   19.4912
   -7.5000    0.0000   30.000013947.4072   19.5367
    0.0000    0.0000   30.000014301.9092   19.5144
    7.5000    0.0000   30.000013524.3604   19.4932
   -7.5000    7.5000   30.000013074.9141   19.5558
    0.0000    7.5000   30.000013419.2744   19.5311
    7.5000    7.5000   30.000012670.9043   19.5124
   -7.5000   15.0000   30.000012091.2842   19.5690
    0.0000   15.0000   30.000012414.2725   19.5397
    7.5000   15.0000   30.000011693.1113   19.5272
   -7.5000   22.5000   30.000011095.7861   19.5557
    0.0000   22.5000   30.000011415.9072   19.5247
    7.5000   22.5000   30.000010747.3789   19.5139
   -7.5000   30.0000   30.000010113.2510   19.2974
    0.0000   30.0000   30.000010426.0615   19.2688
    7.5000   30.0000   30.0000 9826.4648   19.2548
   -7.5000   37.5000   30.0000 9527.9141   19.3413
    0.0000   37.5000   30.0000 9837.9668   19.3174
    7.5000   37.5000   30.0000 9276.5869   19.2988
   -7.5000   45.0000   30.0000 8538.7354   19.1492
    0.0000   45.0000   30.0000 8814.7266   19.1261
    7.5000   45.0000   30.0000 8338.6768   19.1035
   -7.5000  -45.0000   37.5000 9528.9062   20.4397
    0.0000  -45.0000   37.5000 9815.5293   20.4301
    7.5000  -45.0000   37.5000 9351.7148   20.4108
   -7.5000  -37.5000   37.5000 9994.0273   20.3572
    0.0000  -37.5000   37.500010320.3965   20.3448
    7.5000  -37.5000   37.5000 9842.6250   20.3321
   -7.5000  -30.0000   37.500010921.8428   20.3395
    0.0000  -30.0000   37.500011269.7979   20.3213
    7.5000  -30.0000   37.500010729.6250   20.3154
   -7.5000  -22.5000   37.500011856.6348   20.3348
    0.0000  -22.5000   37.500012181.4443   20.3138
    7.5000  -22.5000   37.500011567.5703   20.3064
   -7.5000  -15.0000   37.500012605.0547   20.3160
    0.0000  -15.0000   37.500012942.2432   20.2983
    7.5000  -15.0000   37.500012283.5879   20.2837
   -7.5000   -7.5000   37.500013102.3291   20.2972
    0.0000   -7.5000   37.500013462.0000   20.2852
    7.5000   -7.5000   37.500012759.9512   20.2658
   -7.5000    0.0000   37.500013357.6895   20.2986
    0.0000    0.0000   37.500013714.9580   20.2892
    7.5000    0.0000   37.500013006.8154   20.2701
   -7.5000    7.5000   37.500012491.2656   20.3214
    0.0000    7.5000   37.500012856.6367   20.3090
    7.5000    7.5000   37.500012163.8740   20.2964
   -7.5000   15.0000   37.500011534.6045   20.3388
    0.0000   15.0000   37.500011875.9336   20.3206
    7.5000   15.0000   37.500011205.3623   20.3147
   -7.5000   22.5000   37.500010601.3174   20.3254
    0.0000   22.5000   37.500010922.3779   20.3045
    7.5000   22.5000   37.500010306.6602   20.2971
   -7.5000   30.0000   37.5000 9664.2734   20.0542
    0.0000   30.0000   37.5000 9982.2227   20.0366
    7.5000   30.0000   37.5000 9438.4932   20.0223
   -7.5000   37.5000   37.5000 9097.5459   20.0992
    0.0000   37.5000   37.5000 9408.3203   20.0878
    7.5000   37.5000   37.5000 8900.0791   20.0681
   -7.5000   45.0000   37.5000 8182.8281   19.9060
    0.0000   45.0000   37.5000 8457.6064   19.8945
    7.5000   45.0000   37.5000 8026.0073   19.8733
   -7.5000  -45.0000   45.0000 8819.4395   21.2209
    0.0000  -45.0000   45.0000 9104.4141   21.2176
    7.5000  -45.0000   45.0000 8685.9766   21.1978
   -7.5000  -37.5000   45.0000 9268.5908   21.1291
    0.0000  -37.5000   45.0000 9584.6709   21.1208
    7.5000  -37.5000   45.0000 9127.6875   21.1114
   -7.5000  -30.0000   45.000010106.8242   21.1154
    0.0000  -30.0000   45.000010429.7334   21.0995
    7.5000  -30.0000   45.0000 9927.0850   21.0976
   -7.5000  -22.5000   45.000010928.1777   21.1233
    0.0000  -22.5000   45.000011249.8203   21.1046
    7.5000  -22.5000   45.000010685.7930   21.0967
   -7.5000  -15.0000   45.000011635.4395   21.1136
    0.0000  -15.0000   45.000011968.3525   21.1006
    7.5000  -15.0000   45.000011364.0146   21.0819
   -7.5000   -7.5000   45.000012083.1143   21.0880
    0.0000   -7.5000   45.000012446.8936   21.0828
    7.5000   -7.5000   45.000011801.2549   21.0598
   -7.5000    0.0000   45.000012283.4375   21.0762
    0.0000    0.0000   45.000012639.9883   21.0729
    7.5000    0.0000   45.000011982.2637   21.0532
   -7.5000    7.5000   45.000011466.8740   21.0932
    0.0000    7.5000   45.000011822.2256   21.0849
    7.5000    7.5000   45.000011199.3691   21.0755
   -7.5000   15.0000   45.000010570.7217   21.1147
    0.0000   15.0000   45.000010916.6553   21.0989
    7.5000   15.0000   45.000010325.9512   21.0970
   -7.5000   22.5000   45.0000 9707.8213   21.1135
    0.0000   22.5000   45.000010014.5020   21.0948
    7.5000   22.5000   45.0000 9479.3369   21.0869
   -7.5000   30.0000   45.0000 8844.2334   20.8398
    0.0000   30.0000   45.0000 9151.5977   20.8269
    7.5000   30.0000   45.0000 8683.6748   20.8084
   -7.5000   37.5000   45.0000 8347.7412   20.8836
    0.0000   37.5000   45.0000 8645.5986   20.8786
    7.5000   37.5000   45.0000 8215.0684   20.8549
   -7.5000   45.0000   45.0000 7538.4092   20.6893
    0.0000   45.0000   45.0000 7813.0508   20.6828
    7.5000   45.0000   45.0000 7431.2490   20.6604

---------------------------------------------------------------------
imgreg_4dfp /usr/local/freesurfer/average/711-2C_as_mni_average_305 /usr/local/freesurfer/average/711-2B_as_mni_average_305_mask talsrcimg_g11 none talsrcimg_to_711-2C_as_mni_average_305_t4 4355
---------------------------------------------------------------------

freesurfer imgreg_4dfp.c
/usr/local/freesurfer/average/711-2C_as_mni_average_305.4dfp.img
       256       256       256         1
  1.000000  1.000000  1.000000
orientation T byte_order littleendian
Reading image: /usr/local/freesurfer/average/711-2C_as_mni_average_305.4dfp.img
dimensions:      256       256       256
mmppix:       1.0000   -1.0000   -1.0000
center:     128.0000 -129.0000 -129.0000
/usr/local/freesurfer/average/711-2B_as_mni_average_305_mask.4dfp.img
       256       256       256         1
  1.000000  1.000000  1.000000
orientation T byte_order littleendian
Reading mask: /usr/local/freesurfer/average/711-2B_as_mni_average_305_mask.4dfp.img (2306576 pixels)
talsrcimg_g11.4dfp.img
       256       256       256         1
  1.000000  1.000000  1.000000
orientation T byte_order littleendian
Reading image: talsrcimg_g11.4dfp.img
dimensions:      256       256       256
mmppix:       1.0000   -1.0000   -1.0000
center:     128.0000 -129.0000 -129.0000
rotation matrix determinant  1.000000
image alignment mode   4355 decimal     1103 hex
   -7.5000  -45.0000  -45.0000 2577.5884   18.2626
    0.0000  -45.0000  -45.0000 2565.2593   18.4283
    7.5000  -45.0000  -45.0000 2535.4841   18.7605
   -7.5000  -37.5000  -45.0000 2615.8262   17.3134
    0.0000  -37.5000  -45.0000 2604.2717   17.4801
    7.5000  -37.5000  -45.0000 2578.8970   17.8288
   -7.5000  -30.0000  -45.0000 2638.9014   16.6475
    0.0000  -30.0000  -45.0000 2630.0229   16.8558
    7.5000  -30.0000  -45.0000 2600.7798   17.1615
   -7.5000  -22.5000  -45.0000 2649.1213   16.2054
    0.0000  -22.5000  -45.0000 2642.1638   16.4494
    7.5000  -22.5000  -45.0000 2609.9563   16.7913
   -7.5000  -15.0000  -45.0000 2649.0696   15.9948
    0.0000  -15.0000  -45.0000 2644.8677   16.2461
    7.5000  -15.0000  -45.0000 2613.0925   16.6691
   -7.5000   -7.5000  -45.0000 2642.8936   16.0877
    0.0000   -7.5000  -45.0000 2638.9714   16.3379
    7.5000   -7.5000  -45.0000 2608.7043   16.7890
   -7.5000    0.0000  -45.0000 2616.7175   16.4397
    0.0000    0.0000  -45.0000 2616.6262   16.6888
    7.5000    0.0000  -45.0000 2588.2727   17.1331
   -7.5000    7.5000  -45.0000 2589.3308   17.1071
    0.0000    7.5000  -45.0000 2584.7834   17.2888
    7.5000    7.5000  -45.0000 2557.2729   17.7073
   -7.5000   15.0000  -45.0000 2538.3428   18.0293
    0.0000   15.0000  -45.0000 2535.3845   18.1678
    7.5000   15.0000  -45.0000 2506.6509   18.6065
   -7.5000   22.5000  -45.0000 2472.3079   19.2601
    0.0000   22.5000  -45.0000 2459.6355   19.3451
    7.5000   22.5000  -45.0000 2431.1536   19.8225
   -7.5000   30.0000  -45.0000 2379.4639   20.8343
    0.0000   30.0000  -45.0000 2367.6465   20.8948
    7.5000   30.0000  -45.0000 2343.3132   21.3995
   -7.5000   37.5000  -45.0000 2270.5337   22.8067
    0.0000   37.5000  -45.0000 2266.2554   22.8400
    7.5000   37.5000  -45.0000 2244.3223   23.3638
   -7.5000   45.0000  -45.0000 2143.9172   25.3348
    0.0000   45.0000  -45.0000 2147.3569   25.3853
    7.5000   45.0000  -45.0000 2124.9539   25.8773
   -7.5000  -45.0000  -37.5000 2630.1909   17.4430
    0.0000  -45.0000  -37.5000 2619.9001   17.6828
    7.5000  -45.0000  -37.5000 2584.7092   18.0133
   -7.5000  -37.5000  -37.5000 2674.1799   16.5760
    0.0000  -37.5000  -37.5000 2664.8103   16.7778
    7.5000  -37.5000  -37.5000 2626.5393   17.0929
   -7.5000  -30.0000  -37.5000 2697.8923   15.9640
    0.0000  -30.0000  -37.5000 2693.1711   16.1535
    7.5000  -30.0000  -37.5000 2650.6201   16.4534
   -7.5000  -22.5000  -37.5000 2705.0667   15.4822
    0.0000  -22.5000  -37.5000 2705.1526   15.7555
    7.5000  -22.5000  -37.5000 2662.0874   16.0518
   -7.5000  -15.0000  -37.5000 2699.6287   15.1971
    0.0000  -15.0000  -37.5000 2701.5125   15.5005
    7.5000  -15.0000  -37.5000 2662.5503   15.9101
   -7.5000   -7.5000  -37.5000 2691.6033   15.2151
    0.0000   -7.5000  -37.5000 2700.1340   15.5428
    7.5000   -7.5000  -37.5000 2661.1770   15.9770
   -7.5000    0.0000  -37.5000 2676.1702   15.5477
    0.0000    0.0000  -37.5000 2688.3848   15.8602
    7.5000    0.0000  -37.5000 2646.6548   16.2828
   -7.5000    7.5000  -37.5000 2651.2808   16.2018
    0.0000    7.5000  -37.5000 2658.7273   16.4312
    7.5000    7.5000  -37.5000 2623.2639   16.8554
   -7.5000   15.0000  -37.5000 2604.8809   17.0575
    0.0000   15.0000  -37.5000 2607.3469   17.2486
    7.5000   15.0000  -37.5000 2576.4219   17.6888
   -7.5000   22.5000  -37.5000 2539.9128   18.2157
    0.0000   22.5000  -37.5000 2534.3599   18.3695
    7.5000   22.5000  -37.5000 2506.8948   18.8296
   -7.5000   30.0000  -37.5000 2445.7620   19.7482
    0.0000   30.0000  -37.5000 2440.7366   19.8561
    7.5000   30.0000  -37.5000 2415.6191   20.3434
   -7.5000   37.5000  -37.5000 2334.1099   21.6391
    0.0000   37.5000  -37.5000 2333.5005   21.7122
    7.5000   37.5000  -37.5000 2313.5667   22.2297
   -7.5000   45.0000  -37.5000 2206.8638   24.0068
    0.0000   45.0000  -37.5000 2207.1914   24.1137
    7.5000   45.0000  -37.5000 2189.4229   24.6830
   -7.5000  -45.0000  -30.0000 2730.5186   17.2827
    0.0000  -45.0000  -30.0000 2724.6201   17.5703
    7.5000  -45.0000  -30.0000 2684.6162   17.8101
   -7.5000  -37.5000  -30.0000 2781.7778   16.4558
    0.0000  -37.5000  -30.0000 2774.1843   16.7033
    7.5000  -37.5000  -30.0000 2731.8840   16.8978
   -7.5000  -30.0000  -30.0000 2809.7781   15.8525
    0.0000  -30.0000  -30.0000 2811.5349   16.0900
    7.5000  -30.0000  -30.0000 2760.1394   16.2727
   -7.5000  -22.5000  -30.0000 2813.3525   15.3606
    0.0000  -22.5000  -30.0000 2818.2080   15.6267
    7.5000  -22.5000  -30.0000 2765.6348   15.8677
   -7.5000  -15.0000  -30.0000 2800.1470   14.9446
    0.0000  -15.0000  -30.0000 2812.4028   15.3407
    7.5000  -15.0000  -30.0000 2766.5793   15.7333
   -7.5000   -7.5000  -30.0000 2790.0662   14.8937
    0.0000   -7.5000  -30.0000 2807.1694   15.2981
    7.5000   -7.5000  -30.0000 2763.6018   15.7824
   -7.5000    0.0000  -30.0000 2778.2639   15.2690
    0.0000    0.0000  -30.0000 2793.7905   15.6036
    7.5000    0.0000  -30.0000 2751.7917   16.0495
   -7.5000    7.5000  -30.0000 2758.1519   15.9660
    0.0000    7.5000  -30.0000 2772.5493   16.2209
    7.5000    7.5000  -30.0000 2737.9221   16.6570
   -7.5000   15.0000  -30.0000 2711.1663   16.8056
    0.0000   15.0000  -30.0000 2717.7209   17.0084
    7.5000   15.0000  -30.0000 2693.9116   17.4583
   -7.5000   22.5000  -30.0000 2657.1118   17.9631
    0.0000   22.5000  -30.0000 2652.8982   18.1308
    7.5000   22.5000  -30.0000 2627.9612   18.6040
   -7.5000   30.0000  -30.0000 2565.7544   19.4949
    0.0000   30.0000  -30.0000 2556.3284   19.5744
    7.5000   30.0000  -30.0000 2531.1572   20.1132
   -7.5000   37.5000  -30.0000 2454.1299   21.4021
    0.0000   37.5000  -30.0000 2447.8713   21.4630
    7.5000   37.5000  -30.0000 2425.3542   21.9852
   -7.5000   45.0000  -30.0000 2309.1394   23.6886
    0.0000   45.0000  -30.0000 2309.2751   23.8215
    7.5000   45.0000  -30.0000 2286.0881   24.4011
   -7.5000  -45.0000  -22.5000 2785.1489   17.1155
    0.0000  -45.0000  -22.5000 2777.1267   17.3350
    7.5000  -45.0000  -22.5000 2740.9644   17.5402
   -7.5000  -37.5000  -22.5000 2837.8564   16.2980
    0.0000  -37.5000  -22.5000 2832.1826   16.5234
    7.5000  -37.5000  -22.5000 2794.1775   16.6807
   -7.5000  -30.0000  -22.5000 2869.5654   15.7012
    0.0000  -30.0000  -22.5000 2870.7820   15.9290
    7.5000  -30.0000  -22.5000 2827.6528   16.0847
   -7.5000  -22.5000  -22.5000 2879.5815   15.2371
    0.0000  -22.5000  -22.5000 2884.2588   15.5129
    7.5000  -22.5000  -22.5000 2837.3206   15.7246
   -7.5000  -15.0000  -22.5000 2863.5620   14.8091
    0.0000  -15.0000  -22.5000 2877.3159   15.2409
    7.5000  -15.0000  -22.5000 2835.5347   15.5764
   -7.5000   -7.5000  -22.5000 2843.0542   14.6481
    0.0000   -7.5000  -22.5000 2862.1216   15.0935
    7.5000   -7.5000  -22.5000 2826.7664   15.5697
   -7.5000    0.0000  -22.5000 2834.9570   15.0363
    0.0000    0.0000  -22.5000 2852.4692   15.3290
    7.5000    0.0000  -22.5000 2818.6689   15.8139
   -7.5000    7.5000  -22.5000 2817.8152   15.7034
    0.0000    7.5000  -22.5000 2833.7578   15.9238
    7.5000    7.5000  -22.5000 2803.1443   16.3371
   -7.5000   15.0000  -22.5000 2778.2341   16.5583
    0.0000   15.0000  -22.5000 2789.2014   16.7422
    7.5000   15.0000  -22.5000 2764.8762   17.1845
   -7.5000   22.5000  -22.5000 2724.0659   17.7333
    0.0000   22.5000  -22.5000 2728.5217   17.8440
    7.5000   22.5000  -22.5000 2699.8362   18.3042
   -7.5000   30.0000  -22.5000 2634.9719   19.2475
    0.0000   30.0000  -22.5000 2635.5969   19.3144
    7.5000   30.0000  -22.5000 2606.0688   19.7647
   -7.5000   37.5000  -22.5000 2521.6953   21.0929
    0.0000   37.5000  -22.5000 2522.0042   21.1644
    7.5000   37.5000  -22.5000 2494.4470   21.6616
   -7.5000   45.0000  -22.5000 2376.4221   23.3681
    0.0000   45.0000  -22.5000 2374.7839   23.5026
    7.5000   45.0000  -22.5000 2350.0630   24.0452
   -7.5000  -45.0000  -15.0000 2795.6538   16.9798
    0.0000  -45.0000  -15.0000 2787.4426   17.1768
    7.5000  -45.0000  -15.0000 2760.5811   17.3844
   -7.5000  -37.5000  -15.0000 2847.9556   16.2083
    0.0000  -37.5000  -15.0000 2845.6677   16.4152
    7.5000  -37.5000  -15.0000 2816.5791   16.5683
   -7.5000  -30.0000  -15.0000 2885.3850   15.7219
    0.0000  -30.0000  -15.0000 2890.8870   15.8848
    7.5000  -30.0000  -15.0000 2856.7803   15.9860
   -7.5000  -22.5000  -15.0000 2912.3201   15.3825
    0.0000  -22.5000  -15.0000 2914.3455   15.5293
    7.5000  -22.5000  -15.0000 2876.9050   15.6680
   -7.5000  -15.0000  -15.0000 2913.0413   15.1285
    0.0000  -15.0000  -15.0000 2916.6409   15.3821
    7.5000  -15.0000  -15.0000 2878.3220   15.5899
   -7.5000   -7.5000  -15.0000 2875.8540   14.8295
    0.0000   -7.5000  -15.0000 2893.8511   15.1129
    7.5000   -7.5000  -15.0000 2868.4312   15.5267
   -7.5000    0.0000  -15.0000 2853.9819   14.9802
    0.0000    0.0000  -15.0000 2869.1411   15.1672
    7.5000    0.0000  -15.0000 2843.5828   15.6100
   -7.5000    7.5000  -15.0000 2834.6917   15.5147
    0.0000    7.5000  -15.0000 2852.0374   15.6545
    7.5000    7.5000  -15.0000 2830.5732   16.0994
   -7.5000   15.0000  -15.0000 2799.9185   16.3812
    0.0000   15.0000  -15.0000 2809.5159   16.4422
    7.5000   15.0000  -15.0000 2794.3357   16.9105
   -7.5000   22.5000  -15.0000 2750.3286   17.5917
    0.0000   22.5000  -15.0000 2749.1770   17.5803
    7.5000   22.5000  -15.0000 2728.4314   18.0369
   -7.5000   30.0000  -15.0000 2667.4802   19.1385
    0.0000   30.0000  -15.0000 2657.4761   19.0969
    7.5000   30.0000  -15.0000 2633.8840   19.5308
   -7.5000   37.5000  -15.0000 2558.4475   21.0129
    0.0000   37.5000  -15.0000 2554.7786   20.9771
    7.5000   37.5000  -15.0000 2524.4456   21.4305
   -7.5000   45.0000  -15.0000 2416.0698   23.3136
    0.0000   45.0000  -15.0000 2407.6377   23.2843
    7.5000   45.0000  -15.0000 2382.7478   23.7836
   -7.5000  -45.0000   -7.5000 2781.5283   17.0016
    0.0000  -45.0000   -7.5000 2782.8455   17.1687
    7.5000  -45.0000   -7.5000 2759.2925   17.3169
   -7.5000  -37.5000   -7.5000 2843.8694   16.2801
    0.0000  -37.5000   -7.5000 2844.6050   16.4075
    7.5000  -37.5000   -7.5000 2816.7876   16.5545
   -7.5000  -30.0000   -7.5000 2888.4988   15.8758
    0.0000  -30.0000   -7.5000 2889.9988   15.9261
    7.5000  -30.0000   -7.5000 2863.2141   16.0261
   -7.5000  -22.5000   -7.5000 2932.3943   15.6763
    0.0000  -22.5000   -7.5000 2928.0061   15.6909
    7.5000  -22.5000   -7.5000 2890.3782   15.7303
   -7.5000  -15.0000   -7.5000 2957.3867   15.5258
    0.0000  -15.0000   -7.5000 2942.6677   15.5931
    7.5000  -15.0000   -7.5000 2902.1558   15.6434
   -7.5000   -7.5000   -7.5000 2922.6936   15.2246
    0.0000   -7.5000   -7.5000 2918.5078   15.3205
    7.5000   -7.5000   -7.5000 2889.5432   15.5704
   -7.5000    0.0000   -7.5000 2876.0042   15.1746
    0.0000    0.0000   -7.5000 2881.5498   15.2537
    7.5000    0.0000   -7.5000 2857.2749   15.6407
   -7.5000    7.5000   -7.5000 2843.9856   15.5514
    0.0000    7.5000   -7.5000 2859.5957   15.5926
    7.5000    7.5000   -7.5000 2843.9258   16.0537
   -7.5000   15.0000   -7.5000 2796.9734   16.3810
    0.0000   15.0000   -7.5000 2816.9299   16.3976
    7.5000   15.0000   -7.5000 2803.1648   16.8800
   -7.5000   22.5000   -7.5000 2747.5649   17.5205
    0.0000   22.5000   -7.5000 2754.4558   17.5527
    7.5000   22.5000   -7.5000 2735.2261   18.0134
   -7.5000   30.0000   -7.5000 2667.8767   19.0543
    0.0000   30.0000   -7.5000 2667.3389   19.0856
    7.5000   30.0000   -7.5000 2641.8464   19.4893
   -7.5000   37.5000   -7.5000 2567.1165   20.9406
    0.0000   37.5000   -7.5000 2566.1887   20.9892
    7.5000   37.5000   -7.5000 2539.4878   21.3637
   -7.5000   45.0000   -7.5000 2427.6201   23.3004
    0.0000   45.0000   -7.5000 2418.1333   23.2745
    7.5000   45.0000   -7.5000 2394.3684   23.7122
   -7.5000  -45.0000    0.0000 2761.2566   17.3227
    0.0000  -45.0000    0.0000 2757.1499   17.4333
    7.5000  -45.0000    0.0000 2741.8477   17.5798
   -7.5000  -37.5000    0.0000 2827.7830   16.5592
    0.0000  -37.5000    0.0000 2827.2747   16.6546
    7.5000  -37.5000    0.0000 2804.2278   16.7924
   -7.5000  -30.0000    0.0000 2875.8994   16.0480
    0.0000  -30.0000    0.0000 2876.4446   16.1556
    7.5000  -30.0000    0.0000 2853.1162   16.2772
   -7.5000  -22.5000    0.0000 2918.0779   15.8524
    0.0000  -22.5000    0.0000 2920.9683   15.9253
    7.5000  -22.5000    0.0000 2885.8574   15.9733
   -7.5000  -15.0000    0.0000 2944.7168   15.7200
    0.0000  -15.0000    0.0000 2946.6770   15.7956
    7.5000  -15.0000    0.0000 2899.1797   15.8071
   -7.5000   -7.5000    0.0000 2920.2854   15.4061
    0.0000   -7.5000    0.0000 2919.4407   15.5018
    7.5000   -7.5000    0.0000 2883.4248   15.7134
   -7.5000    0.0000    0.0000 2885.9360   15.4691
    0.0000    0.0000    0.0000 2888.2256   15.4754
    7.5000    0.0000    0.0000 2856.0769   15.8403
   -7.5000    7.5000    0.0000 2854.6550   15.9716
    0.0000    7.5000    0.0000 2868.7422   15.9833
    7.5000    7.5000    0.0000 2839.2000   16.3418
   -7.5000   15.0000    0.0000 2803.7148   16.8229
    0.0000   15.0000    0.0000 2821.8218   16.8474
    7.5000   15.0000    0.0000 2804.0718   17.2031
   -7.5000   22.5000    0.0000 2737.1807   17.9472
    0.0000   22.5000    0.0000 2742.3108   17.9684
    7.5000   22.5000    0.0000 2729.8230   18.3541
   -7.5000   30.0000    0.0000 2651.7776   19.3683
    0.0000   30.0000    0.0000 2648.0042   19.4037
    7.5000   30.0000    0.0000 2634.7815   19.8034
   -7.5000   37.5000    0.0000 2546.0005   21.1629
    0.0000   37.5000    0.0000 2548.9871   21.1989
    7.5000   37.5000    0.0000 2528.8879   21.6272
   -7.5000   45.0000    0.0000 2408.4175   23.4142
    0.0000   45.0000    0.0000 2405.1519   23.4894
    7.5000   45.0000    0.0000 2391.5264   23.9282
   -7.5000  -45.0000    7.5000 2713.1470   17.6793
    0.0000  -45.0000    7.5000 2717.6042   17.8167
    7.5000  -45.0000    7.5000 2705.9143   18.0168
   -7.5000  -37.5000    7.5000 2787.6660   16.8371
    0.0000  -37.5000    7.5000 2792.5947   16.9471
    7.5000  -37.5000    7.5000 2777.5549   17.1435
   -7.5000  -30.0000    7.5000 2849.7610   16.3346
    0.0000  -30.0000    7.5000 2849.7297   16.3824
    7.5000  -30.0000    7.5000 2830.3296   16.6038
   -7.5000  -22.5000    7.5000 2895.0383   16.0936
    0.0000  -22.5000    7.5000 2890.7410   16.1199
    7.5000  -22.5000    7.5000 2865.8713   16.2939
   -7.5000  -15.0000    7.5000 2915.7322   15.8731
    0.0000  -15.0000    7.5000 2912.7258   15.9216
    7.5000  -15.0000    7.5000 2871.1301   16.1029
   -7.5000   -7.5000    7.5000 2895.5085   15.5745
    0.0000   -7.5000    7.5000 2890.1328   15.5618
    7.5000   -7.5000    7.5000 2862.2412   15.9708
   -7.5000    0.0000    7.5000 2873.1921   15.7524
    0.0000    0.0000    7.5000 2880.9634   15.7698
    7.5000    0.0000    7.5000 2847.3918   16.1079
   -7.5000    7.5000    7.5000 2849.1929   16.4153
    0.0000    7.5000    7.5000 2870.2292   16.4696
    7.5000    7.5000    7.5000 2834.4551   16.7468
   -7.5000   15.0000    7.5000 2801.2129   17.3281
    0.0000   15.0000    7.5000 2816.7549   17.3564
    7.5000   15.0000    7.5000 2793.2446   17.6582
   -7.5000   22.5000    7.5000 2727.4585   18.5743
    0.0000   22.5000    7.5000 2732.0491   18.5648
    7.5000   22.5000    7.5000 2718.9707   18.8725
   -7.5000   30.0000    7.5000 2632.8843   20.0108
    0.0000   30.0000    7.5000 2634.0630   20.0486
    7.5000   30.0000    7.5000 2615.6958   20.3673
   -7.5000   37.5000    7.5000 2524.0422   21.7455
    0.0000   37.5000    7.5000 2525.2563   21.7833
    7.5000   37.5000    7.5000 2509.5969   22.1793
   -7.5000   45.0000    7.5000 2385.8784   23.8757
    0.0000   45.0000    7.5000 2381.8706   23.9853
    7.5000   45.0000    7.5000 2371.0286   24.3864
   -7.5000  -45.0000   15.0000 2666.0840   18.1643
    0.0000  -45.0000   15.0000 2669.6423   18.2665
    7.5000  -45.0000   15.0000 2664.5303   18.5612
   -7.5000  -37.5000   15.0000 2737.6323   17.2637
    0.0000  -37.5000   15.0000 2742.1665   17.3730
    7.5000  -37.5000   15.0000 2735.1633   17.6348
   -7.5000  -30.0000   15.0000 2802.2673   16.7161
    0.0000  -30.0000   15.0000 2802.6426   16.7888
    7.5000  -30.0000   15.0000 2789.4778   17.0451
   -7.5000  -22.5000   15.0000 2846.3994   16.4595
    0.0000  -22.5000   15.0000 2841.4824   16.4878
    7.5000  -22.5000   15.0000 2824.5571   16.7266
   -7.5000  -15.0000   15.0000 2866.4724   16.2613
    0.0000  -15.0000   15.0000 2858.9124   16.2297
    7.5000  -15.0000   15.0000 2834.4639   16.5744
   -7.5000   -7.5000   15.0000 2850.2720   16.0216
    0.0000   -7.5000   15.0000 2846.6550   15.9730
    7.5000   -7.5000   15.0000 2829.4556   16.4291
   -7.5000    0.0000   15.0000 2841.4255   16.3110
    0.0000    0.0000   15.0000 2854.5188   16.3512
    7.5000    0.0000   15.0000 2828.4292   16.6811
   -7.5000    7.5000   15.0000 2823.0330   17.0046
    0.0000    7.5000   15.0000 2839.3213   17.0509
    7.5000    7.5000   15.0000 2812.3484   17.3437
   -7.5000   15.0000   15.0000 2774.2681   17.9375
    0.0000   15.0000   15.0000 2786.2104   17.9531
    7.5000   15.0000   15.0000 2764.6689   18.2560
   -7.5000   22.5000   15.0000 2702.8926   19.1978
    0.0000   22.5000   15.0000 2717.1863   19.1768
    7.5000   22.5000   15.0000 2692.9011   19.4376
   -7.5000   30.0000   15.0000 2605.9565   20.6905
    0.0000   30.0000   15.0000 2608.0100   20.7019
    7.5000   30.0000   15.0000 2585.1602   20.9782
   -7.5000   37.5000   15.0000 2488.9160   22.4542
    0.0000   37.5000   15.0000 2493.8323   22.4887
    7.5000   37.5000   15.0000 2479.1245   22.8224
   -7.5000   45.0000   15.0000 2346.8367   24.6244
    0.0000   45.0000   15.0000 2343.0415   24.6813
    7.5000   45.0000   15.0000 2339.7712   25.0733
   -7.5000  -45.0000   22.5000 2611.8174   18.8190
    0.0000  -45.0000   22.5000 2618.2742   18.9288
    7.5000  -45.0000   22.5000 2617.7522   19.3148
   -7.5000  -37.5000   22.5000 2680.0808   17.8872
    0.0000  -37.5000   22.5000 2689.8774   17.9974
    7.5000  -37.5000   22.5000 2685.9294   18.3317
   -7.5000  -30.0000   22.5000 2735.6992   17.3238
    0.0000  -30.0000   22.5000 2743.7244   17.3817
    7.5000  -30.0000   22.5000 2735.3789   17.6682
   -7.5000  -22.5000   22.5000 2783.4062   17.0362
    0.0000  -22.5000   22.5000 2780.8364   17.0041
    7.5000  -22.5000   22.5000 2771.5537   17.3525
   -7.5000  -15.0000   22.5000 2802.9185   16.8295
    0.0000  -15.0000   22.5000 2796.5366   16.7631
    7.5000  -15.0000   22.5000 2784.1643   17.2049
   -7.5000   -7.5000   22.5000 2794.4697   16.7562
    0.0000   -7.5000   22.5000 2789.2651   16.7386
    7.5000   -7.5000   22.5000 2780.6458   17.1647
   -7.5000    0.0000   22.5000 2785.4133   17.1392
    0.0000    0.0000   22.5000 2794.1870   17.1517
    7.5000    0.0000   22.5000 2776.7422   17.5089
   -7.5000    7.5000   22.5000 2772.8125   17.8227
    0.0000    7.5000   22.5000 2781.8696   17.8259
    7.5000    7.5000   22.5000 2761.7979   18.1541
   -7.5000   15.0000   22.5000 2730.0842   18.7224
    0.0000   15.0000   22.5000 2741.0505   18.7337
    7.5000   15.0000   22.5000 2716.7451   19.0352
   -7.5000   22.5000   22.5000 2662.7876   19.9452
    0.0000   22.5000   22.5000 2676.6196   19.8757
    7.5000   22.5000   22.5000 2643.8201   20.1812
   -7.5000   30.0000   22.5000 2572.0520   21.4545
    0.0000   30.0000   22.5000 2577.3831   21.4688
    7.5000   30.0000   22.5000 2545.2529   21.7549
   -7.5000   37.5000   22.5000 2444.7014   23.2722
    0.0000   37.5000   22.5000 2450.1648   23.2911
    7.5000   37.5000   22.5000 2439.4807   23.5678
   -7.5000   45.0000   22.5000 2310.1611   25.5780
    0.0000   45.0000   22.5000 2310.1743   25.5689
    7.5000   45.0000   22.5000 2303.0334   25.9064
   -7.5000  -45.0000   30.0000 2551.1055   19.6627
    0.0000  -45.0000   30.0000 2560.7676   19.7363
    7.5000  -45.0000   30.0000 2564.8311   20.2443
   -7.5000  -37.5000   30.0000 2612.2976   18.6691
    0.0000  -37.5000   30.0000 2628.2715   18.7243
    7.5000  -37.5000   30.0000 2626.2126   19.1590
   -7.5000  -30.0000   30.0000 2665.8706   18.0776
    0.0000  -30.0000   30.0000 2680.5710   18.0746
    7.5000  -30.0000   30.0000 2678.4736   18.5115
   -7.5000  -22.5000   30.0000 2708.3784   17.7753
    0.0000  -22.5000   30.0000 2715.4629   17.7231
    7.5000  -22.5000   30.0000 2706.6484   18.1402
   -7.5000  -15.0000   30.0000 2724.6169   17.6339
    0.0000  -15.0000   30.0000 2724.4956   17.6110
    7.5000  -15.0000   30.0000 2714.7478   18.0175
   -7.5000   -7.5000   30.0000 2722.5403   17.7127
    0.0000   -7.5000   30.0000 2722.7195   17.6932
    7.5000   -7.5000   30.0000 2715.8000   18.1068
   -7.5000    0.0000   30.0000 2708.8503   18.1672
    0.0000    0.0000   30.0000 2715.5647   18.1534
    7.5000    0.0000   30.0000 2707.1914   18.5238
   -7.5000    7.5000   30.0000 2698.0649   18.8141
    0.0000    7.5000   30.0000 2705.1501   18.8040
    7.5000    7.5000   30.0000 2692.9719   19.1726
   -7.5000   15.0000   30.0000 2663.5256   19.6837
    0.0000   15.0000   30.0000 2677.1733   19.6758
    7.5000   15.0000   30.0000 2654.2651   20.0130
   -7.5000   22.5000   30.0000 2607.8462   20.8633
    0.0000   22.5000   30.0000 2623.4524   20.8211
    7.5000   22.5000   30.0000 2593.3303   21.1561
   -7.5000   30.0000   30.0000 2514.2500   22.3774
    0.0000   30.0000   30.0000 2522.6450   22.3830
    7.5000   30.0000   30.0000 2497.3140   22.7002
   -7.5000   37.5000   30.0000 2391.8394   24.2464
    0.0000   37.5000   30.0000 2399.6514   24.2538
    7.5000   37.5000   30.0000 2381.7600   24.5630
   -7.5000   45.0000   30.0000 2262.4646   26.5758
    0.0000   45.0000   30.0000 2264.5154   26.6413
    7.5000   45.0000   30.0000 2256.9312   26.9887
   -7.5000  -45.0000   37.5000 2492.6929   20.7308
    0.0000  -45.0000   37.5000 2503.9143   20.7236
    7.5000  -45.0000   37.5000 2507.8337   21.2746
   -7.5000  -37.5000   37.5000 2550.9668   19.6700
    0.0000  -37.5000   37.5000 2565.4741   19.6655
    7.5000  -37.5000   37.5000 2569.3582   20.1758
   -7.5000  -30.0000   37.5000 2596.9790   19.0454
    0.0000  -30.0000   37.5000 2610.3018   19.0195
    7.5000  -30.0000   37.5000 2609.6409   19.5010
   -7.5000  -22.5000   37.5000 2636.5247   18.7685
    0.0000  -22.5000   37.5000 2639.5347   18.6945
    7.5000  -22.5000   37.5000 2632.2583   19.1383
   -7.5000  -15.0000   37.5000 2647.8481   18.6713
    0.0000  -15.0000   37.5000 2642.8000   18.6937
    7.5000  -15.0000   37.5000 2635.3140   19.0806
   -7.5000   -7.5000   37.5000 2642.0420   18.8480
    0.0000   -7.5000   37.5000 2643.5488   18.8366
    7.5000   -7.5000   37.5000 2637.4575   19.2121
   -7.5000    0.0000   37.5000 2634.1343   19.3271
    0.0000    0.0000   37.5000 2637.8108   19.2974
    7.5000    0.0000   37.5000 2632.2874   19.6768
   -7.5000    7.5000   37.5000 2621.9792   20.0114
    0.0000    7.5000   37.5000 2630.1296   19.9756
    7.5000    7.5000   37.5000 2618.0020   20.3476
   -7.5000   15.0000   37.5000 2583.5337   20.8293
    0.0000   15.0000   37.5000 2598.8669   20.8353
    7.5000   15.0000   37.5000 2577.4470   21.1914
   -7.5000   22.5000   37.5000 2543.7625   21.9948
    0.0000   22.5000   37.5000 2556.2915   21.9465
    7.5000   22.5000   37.5000 2530.8328   22.2570
   -7.5000   30.0000   37.5000 2453.2144   23.4764
    0.0000   30.0000   37.5000 2462.6484   23.4632
    7.5000   30.0000   37.5000 2441.1841   23.7958
   -7.5000   37.5000   37.5000 2336.9734   25.4418
    0.0000   37.5000   37.5000 2343.4814   25.4662
    7.5000   37.5000   37.5000 2326.4956   25.7674
   -7.5000   45.0000   37.5000 2213.4868   27.8557
    0.0000   45.0000   37.5000 2214.4253   27.9214
    7.5000   45.0000   37.5000 2209.6328   28.2896
   -7.5000  -45.0000   45.0000 2428.2449   22.0667
    0.0000  -45.0000   45.0000 2433.8867   21.9497
    7.5000  -45.0000   45.0000 2435.0627   22.5525
   -7.5000  -37.5000   45.0000 2485.6948   20.9606
    0.0000  -37.5000   45.0000 2495.9727   20.8993
    7.5000  -37.5000   45.0000 2492.1392   21.4422
   -7.5000  -30.0000   45.0000 2526.4136   20.3418
    0.0000  -30.0000   45.0000 2532.2463   20.2418
    7.5000  -30.0000   45.0000 2528.3110   20.7541
   -7.5000  -22.5000   45.0000 2555.1589   20.0466
    0.0000  -22.5000   45.0000 2556.8022   19.9695
    7.5000  -22.5000   45.0000 2545.5608   20.3842
   -7.5000  -15.0000   45.0000 2564.3823   19.9884
    0.0000  -15.0000   45.0000 2557.7991   19.9946
    7.5000  -15.0000   45.0000 2551.4355   20.3357
   -7.5000   -7.5000   45.0000 2557.5457   20.2441
    0.0000   -7.5000   45.0000 2561.1436   20.2043
    7.5000   -7.5000   45.0000 2553.5110   20.5790
   -7.5000    0.0000   45.0000 2549.9907   20.7267
    0.0000    0.0000   45.0000 2554.9934   20.6645
    7.5000    0.0000   45.0000 2546.1438   21.0403
   -7.5000    7.5000   45.0000 2540.1497   21.4209
    0.0000    7.5000   45.0000 2545.2107   21.3614
    7.5000    7.5000   45.0000 2535.9075   21.7258
   -7.5000   15.0000   45.0000 2497.3367   22.2768
    0.0000   15.0000   45.0000 2512.3628   22.2697
    7.5000   15.0000   45.0000 2496.9893   22.5798
   -7.5000   22.5000   45.0000 2456.6313   23.4534
    0.0000   22.5000   45.0000 2461.1448   23.3576
    7.5000   22.5000   45.0000 2444.8889   23.6820
   -7.5000   30.0000   45.0000 2377.5127   24.8889
    0.0000   30.0000   45.0000 2382.8645   24.8228
    7.5000   30.0000   45.0000 2369.8044   25.1369
   -7.5000   37.5000   45.0000 2279.1394   26.9261
    0.0000   37.5000   45.0000 2281.6526   26.9483
    7.5000   37.5000   45.0000 2270.7393   27.2079
   -7.5000   45.0000   45.0000 2165.4326   29.4323
    0.0000   45.0000   45.0000 2166.9224   29.4751
    7.5000   45.0000   45.0000 2155.2346   29.8292

---------------------------------------------------------------------
imgreg_4dfp /usr/local/freesurfer/average/711-2C_as_mni_average_305 /usr/local/freesurfer/average/711-2B_as_mni_average_305_mask talsrcimg_g11 none talsrcimg_to_711-2C_as_mni_average_305_t4 1283
---------------------------------------------------------------------

freesurfer imgreg_4dfp.c
/usr/local/freesurfer/average/711-2C_as_mni_average_305.4dfp.img
       256       256       256         1
  1.000000  1.000000  1.000000
orientation T byte_order littleendian
Reading image: /usr/local/freesurfer/average/711-2C_as_mni_average_305.4dfp.img
dimensions:      256       256       256
mmppix:       1.0000   -1.0000   -1.0000
center:     128.0000 -129.0000 -129.0000
/usr/local/freesurfer/average/711-2B_as_mni_average_305_mask.4dfp.img
       256       256       256         1
  1.000000  1.000000  1.000000
orientation T byte_order littleendian
Reading mask: /usr/local/freesurfer/average/711-2B_as_mni_average_305_mask.4dfp.img (2306576 pixels)
talsrcimg_g11.4dfp.img
       256       256       256         1
  1.000000  1.000000  1.000000
orientation T byte_order littleendian
Reading image: talsrcimg_g11.4dfp.img
dimensions:      256       256       256
mmppix:       1.0000   -1.0000   -1.0000
center:     128.0000 -129.0000 -129.0000
rotation matrix determinant  1.000000
fimgreg.f
image alignment mode   1283 decimal      503 hex
parameters
   -7.5000  -15.0000   -7.5000    0.0000    0.0000    0.0000
eta,q 0.92638 15.60091
niter,ni,del,rscale     5    3   12.0000    1.2000
parameter  4  1.089777 ->  0.500000 qaram    1.1500
parameter  5 14.200338 ->  0.500000 qaram    1.1500
parameter  6 10.971379 ->  0.500000 qaram    1.1500
parameters
   -6.0201  -15.7931   -4.5898   -3.4500   -3.4500   -3.4500
eta,q 0.93187 15.58339
  0.0835  0.0795  0.0797  0.0709  0.0674  0.0675
  0.0788  0.0772  0.0782  0.0736  0.0698  0.0680
  0.0764  0.0744  0.0758  0.0745  0.0724  0.0688
  0.0745  0.0738  0.0734  0.0735  0.0741  0.0706
  0.0733  0.0766  0.0734  0.0745  0.0754  0.0719
  0.0749  0.0799  0.0736  0.0775  0.0777  0.0726
  0.0776  0.0822  0.0743  0.0808  0.0810  0.0736
niter,ni,del,rscale     7    3   12.0000    1.2000
parameter  4 -2.269023 ->  0.500000 qaram    1.3225
parameter  5  0.943964 ->  0.500000 qaram    1.3225
parameters
   -5.3851  -14.6061   -4.9532   -7.4175   -7.4175   -4.7651
eta,q 0.94127 15.79567
  0.0807  0.0751  0.0703  0.0594  0.0612  0.0628
  0.0708  0.0723  0.0672  0.0627  0.0592  0.0600
  0.0672  0.0696  0.0677  0.0667  0.0606  0.0586
  0.0681  0.0683  0.0683  0.0682  0.0640  0.0592
  0.0689  0.0684  0.0685  0.0692  0.0650  0.0605
  0.0702  0.0693  0.0689  0.0711  0.0665  0.0634
  0.0740  0.0715  0.0697  0.0739  0.0702  0.0666
niter,ni,del,rscale     7    3   12.0000    1.2000
parameter  4  1.548822 ->  0.500000 qaram    1.5209
parameters
   -4.0115  -11.8494   -4.5379  -11.9801   -7.7847   -5.0037
eta,q 0.94937 15.69041
  0.0770  0.0732  0.0611  0.0478  0.0587  0.0562
  0.0697  0.0698  0.0559  0.0507  0.0545  0.0530
  0.0619  0.0651  0.0552  0.0525  0.0504  0.0513
  0.0587  0.0604  0.0566  0.0569  0.0511  0.0506
  0.0612  0.0571  0.0575  0.0617  0.0539  0.0518
  0.0624  0.0574  0.0575  0.0682  0.0560  0.0543
  0.0655  0.0625  0.0579  0.0742  0.0587  0.0564
niter,ni,del,rscale     7    3   12.0000    1.2000
parameter  4  1.106539 ->  0.500000 qaram    1.7490
parameters
   -3.4436  -10.5440   -4.9425  -17.2272   -7.6320   -5.8514
eta,q 0.95537 15.72078
  0.0694  0.0657  0.0548  0.0440  0.0542  0.0511
  0.0599  0.0584  0.0523  0.0437  0.0486  0.0473
  0.0520  0.0539  0.0510  0.0472  0.0442  0.0453
  0.0506  0.0514  0.0504  0.0505  0.0446  0.0447
  0.0535  0.0503  0.0509  0.0551  0.0465  0.0466
  0.0558  0.0519  0.0528  0.0601  0.0484  0.0502
  0.0627  0.0572  0.0567  0.0679  0.0525  0.0549
niter,ni,del,rscale     7    3   12.0000    1.2000
parameters
   -3.7296   -8.9638   -5.5523  -21.7900   -7.3804   -6.4986
eta,q 0.96000 15.74826
  0.0578  0.0618  0.0498  0.0449  0.0532  0.0489
  0.0488  0.0542  0.0462  0.0408  0.0468  0.0442
  0.0435  0.0477  0.0436  0.0401  0.0413  0.0409
  0.0446  0.0443  0.0429  0.0428  0.0399  0.0400
  0.0473  0.0429  0.0447  0.0480  0.0419  0.0422
  0.0509  0.0447  0.0484  0.0549  0.0450  0.0476
  0.0594  0.0502  0.0532  0.0629  0.0518  0.0523
niter,ni,del,rscale     6    3   12.0000    1.2000
parameters
   -3.6143   -7.5030   -7.1466  -23.2780   -7.0613   -6.5136
eta,q 0.96314 15.69158
  0.0586  0.0597  0.0441  0.0500  0.0507  0.0477
  0.0490  0.0506  0.0394  0.0421  0.0444  0.0424
  0.0408  0.0441  0.0380  0.0375  0.0385  0.0385
  0.0400  0.0401  0.0388  0.0380  0.0367  0.0369
  0.0428  0.0387  0.0423  0.0427  0.0382  0.0384
  0.0474  0.0409  0.0475  0.0483  0.0419  0.0428
  0.0569  0.0474  0.0535  0.0580  0.0492  0.0477
niter,ni,del,rscale     5    3   12.0000    1.2000
parameters
   -3.6515   -7.4005   -7.3720  -23.6115   -6.9833   -6.5415
eta,q 0.96337 15.69833
  0.0555  0.0533  0.0483  0.0522  0.0497  0.0473
  0.0447  0.0456  0.0412  0.0450  0.0435  0.0420
  0.0368  0.0400  0.0375  0.0392  0.0378  0.0383
  0.0369  0.0368  0.0368  0.0367  0.0366  0.0366
  0.0393  0.0379  0.0390  0.0408  0.0380  0.0382
  0.0445  0.0443  0.0436  0.0461  0.0421  0.0425
  0.0556  0.0532  0.0490  0.0540  0.0497  0.0473
niter,ni,del,rscale     4    3   12.0000    1.2000
parameters
   -3.6945   -7.3465   -7.4283  -23.7236   -6.9509   -6.5441
eta,q 0.96347 15.70057
  0.0552  0.0532  0.0489  0.0525  0.0494  0.0473
  0.0442  0.0455  0.0415  0.0457  0.0433  0.0419
  0.0365  0.0398  0.0376  0.0395  0.0377  0.0383
  0.0366  0.0366  0.0366  0.0366  0.0365  0.0365
  0.0391  0.0380  0.0385  0.0404  0.0379  0.0381
  0.0442  0.0445  0.0430  0.0457  0.0422  0.0424
  0.0552  0.0535  0.0484  0.0532  0.0498  0.0471
niter,ni,del,rscale     3    3   12.0000    1.2000
parameters
   -3.7065   -7.3239   -7.4481  -23.7635   -6.9399   -6.5446
eta,q 0.96350 15.70092
  0.0553  0.0531  0.0491  0.0525  0.0493  0.0472
  0.0442  0.0455  0.0416  0.0459  0.0432  0.0419
  0.0364  0.0397  0.0376  0.0396  0.0376  0.0382
  0.0365  0.0365  0.0365  0.0365  0.0365  0.0365
  0.0389  0.0381  0.0384  0.0403  0.0379  0.0380
  0.0439  0.0447  0.0428  0.0455  0.0422  0.0423
  0.0549  0.0537  0.0482  0.0529  0.0498  0.0470
registration optimization eta report
parameter search radius
    6.0000    6.0000    6.0000   10.4940    7.9350    6.9000
100000*second partial in parameter space
       53.       46.       33.       14.       21.       22.
  0.0553  0.0531  0.0491  0.0525  0.0493  0.0472
  0.0442  0.0455  0.0416  0.0459  0.0432  0.0419
  0.0364  0.0397  0.0376  0.0396  0.0376  0.0382
  0.0365  0.0365  0.0365  0.0365  0.0365  0.0365
  0.0389  0.0381  0.0384  0.0403  0.0379  0.0380
  0.0439  0.0447  0.0428  0.0455  0.0422  0.0423
  0.0549  0.0537  0.0482  0.0529  0.0498  0.0470
   -3.7065   -7.3239   -7.4481  -23.7635   -6.9399   -6.5446
eta,q 0.96350 15.70092

---------------------------------------------------------------------
imgreg_4dfp /usr/local/freesurfer/average/711-2C_as_mni_average_305 /usr/local/freesurfer/average/711-2B_as_mni_average_305_mask talsrcimg_g11 none talsrcimg_to_711-2C_as_mni_average_305_t4 3335
---------------------------------------------------------------------

freesurfer imgreg_4dfp.c
/usr/local/freesurfer/average/711-2C_as_mni_average_305.4dfp.img
       256       256       256         1
  1.000000  1.000000  1.000000
orientation T byte_order littleendian
Reading image: /usr/local/freesurfer/average/711-2C_as_mni_average_305.4dfp.img
dimensions:      256       256       256
mmppix:       1.0000   -1.0000   -1.0000
center:     128.0000 -129.0000 -129.0000
/usr/local/freesurfer/average/711-2B_as_mni_average_305_mask.4dfp.img
       256       256       256         1
  1.000000  1.000000  1.000000
orientation T byte_order littleendian
Reading mask: /usr/local/freesurfer/average/711-2B_as_mni_average_305_mask.4dfp.img (2306576 pixels)
talsrcimg_g11.4dfp.img
       256       256       256         1
  1.000000  1.000000  1.000000
orientation T byte_order littleendian
Reading image: talsrcimg_g11.4dfp.img
dimensions:      256       256       256
mmppix:       1.0000   -1.0000   -1.0000
center:     128.0000 -129.0000 -129.0000
fimgreg.f
image alignment mode   3335 decimal      D07 hex
parameters
   -3.7065   -7.3239   -7.4481   -1.3795   -8.5198   -9.1489
    5.5941   15.5792  -11.3142   38.7732  -12.0829  -40.0010
eta,q 0.96324 15.90600
niter,ni,del,rscale     5    3    5.0000    1.2000
parameter  4  2.307228 ->  0.500000 qaram    1.1500
parameter  5  0.933039 ->  0.500000 qaram    1.1500
parameters
   -3.7208   -6.8636   -7.7117   -5.5195  -12.6598   -8.8943
    3.7831   15.4103   -9.7936   37.2334  -10.6754  -40.2048
eta,q 0.97537 15.80683
  0.0403  0.0405  0.0380  0.0268  0.0243  0.0285  0.0273  0.0308  0.0285  0.0268  0.0272  0.0264
  0.0385  0.0388  0.0372  0.0278  0.0249  0.0272  0.0256  0.0277  0.0267  0.0255  0.0260  0.0254
  0.0373  0.0375  0.0367  0.0312  0.0262  0.0261  0.0248  0.0256  0.0254  0.0248  0.0251  0.0248
  0.0368  0.0368  0.0366  0.0366  0.0285  0.0252  0.0251  0.0248  0.0248  0.0247  0.0247  0.0246
  0.0371  0.0367  0.0370  0.0426  0.0319  0.0249  0.0263  0.0255  0.0248  0.0255  0.0247  0.0249
  0.0384  0.0372  0.0377  0.0481  0.0366  0.0262  0.0285  0.0278  0.0253  0.0274  0.0251  0.0256
  0.0405  0.0385  0.0388  0.0523  0.0422  0.0288  0.0314  0.0317  0.0263  0.0301  0.0258  0.0265
niter,ni,del,rscale     6    3    5.0000    1.2000
parameters
   -3.7201   -5.9762   -7.6712   -9.1379  -16.1339   -7.5931
    3.6689   15.3726  -10.2919   37.5894  -13.4112  -42.5023
eta,q 0.97820 15.65094
  0.0299  0.0293  0.0260  0.0257  0.0239  0.0260  0.0253  0.0265  0.0243  0.0260  0.0226  0.0228
  0.0270  0.0272  0.0250  0.0242  0.0231  0.0247  0.0238  0.0243  0.0231  0.0242  0.0222  0.0220
  0.0252  0.0257  0.0244  0.0232  0.0228  0.0236  0.0227  0.0230  0.0225  0.0230  0.0221  0.0218
  0.0246  0.0246  0.0242  0.0242  0.0234  0.0228  0.0224  0.0224  0.0224  0.0223  0.0223  0.0221
  0.0253  0.0242  0.0244  0.0284  0.0250  0.0221  0.0227  0.0227  0.0227  0.0223  0.0228  0.0228
  0.0271  0.0244  0.0249  0.0345  0.0279  0.0228  0.0238  0.0242  0.0236  0.0234  0.0235  0.0236
  0.0298  0.0254  0.0259  0.0409  0.0326  0.0247  0.0256  0.0268  0.0249  0.0256  0.0244  0.0247
niter,ni,del,rscale     5    3    5.0000    1.2000
parameters
   -3.6433   -5.7842   -7.6012  -10.2512  -17.2855   -8.1119
    3.1889   15.5358  -10.6877   38.0861  -13.9185  -43.5332
eta,q 0.97786 15.57596
  0.0263  0.0251  0.0239  0.0262  0.0248  0.0252  0.0249  0.0263  0.0243  0.0257  0.0233  0.0235
  0.0239  0.0234  0.0227  0.0245  0.0234  0.0239  0.0235  0.0242  0.0231  0.0240  0.0227  0.0227
  0.0224  0.0223  0.0220  0.0230  0.0224  0.0229  0.0225  0.0228  0.0225  0.0228  0.0223  0.0222
  0.0218  0.0218  0.0218  0.0218  0.0222  0.0222  0.0223  0.0223  0.0223  0.0223  0.0222  0.0222
  0.0222  0.0220  0.0220  0.0222  0.0228  0.0221  0.0228  0.0226  0.0226  0.0223  0.0225  0.0227
  0.0235  0.0228  0.0226  0.0257  0.0245  0.0241  0.0239  0.0239  0.0235  0.0231  0.0229  0.0235
  0.0258  0.0242  0.0236  0.0314  0.0273  0.0272  0.0258  0.0260  0.0247  0.0251  0.0236  0.0243
niter,ni,del,rscale     4    3    5.0000    1.2000
parameters
   -3.5800   -5.6759   -7.6698  -10.3999  -17.5080   -8.2661
    3.0783   15.6298  -10.7930   38.3415  -13.8765  -43.8740
eta,q 0.97778 15.56969
  0.0261  0.0251  0.0239  0.0269  0.0255  0.0256  0.0251  0.0262  0.0244  0.0255  0.0235  0.0239
  0.0240  0.0236  0.0229  0.0251  0.0239  0.0242  0.0236  0.0240  0.0232  0.0238  0.0228  0.0229
  0.0226  0.0225  0.0223  0.0235  0.0228  0.0231  0.0226  0.0227  0.0225  0.0228  0.0224  0.0224
  0.0221  0.0221  0.0221  0.0221  0.0222  0.0222  0.0223  0.0223  0.0223  0.0223  0.0222  0.0222
  0.0225  0.0224  0.0224  0.0217  0.0225  0.0220  0.0226  0.0226  0.0225  0.0223  0.0224  0.0226
  0.0237  0.0232  0.0230  0.0239  0.0239  0.0238  0.0237  0.0239  0.0233  0.0233  0.0228  0.0233
  0.0257  0.0246  0.0241  0.0290  0.0262  0.0267  0.0254  0.0260  0.0245  0.0253  0.0235  0.0241
niter,ni,del,rscale     3    3    5.0000    1.2000
parameters
   -3.5773   -5.6657   -7.7139  -10.3818  -17.5733   -8.3018
    3.0630   15.6664  -10.7988   38.4279  -13.7926  -43.9990
eta,q 0.97778 15.57085
  0.0259  0.0249  0.0240  0.0270  0.0256  0.0257  0.0252  0.0261  0.0244  0.0254  0.0235  0.0240
  0.0239  0.0235  0.0230  0.0252  0.0240  0.0243  0.0237  0.0240  0.0232  0.0237  0.0228  0.0230
  0.0226  0.0225  0.0224  0.0236  0.0228  0.0231  0.0226  0.0227  0.0225  0.0227  0.0224  0.0224
  0.0222  0.0222  0.0222  0.0222  0.0222  0.0222  0.0222  0.0222  0.0222  0.0222  0.0222  0.0222
  0.0226  0.0225  0.0224  0.0217  0.0225  0.0219  0.0225  0.0226  0.0225  0.0223  0.0224  0.0225
  0.0238  0.0234  0.0231  0.0237  0.0237  0.0237  0.0236  0.0239  0.0232  0.0234  0.0228  0.0232
  0.0259  0.0249  0.0241  0.0286  0.0261  0.0266  0.0253  0.0261  0.0244  0.0255  0.0234  0.0240
niter,ni,del,rscale     2    3    5.0000    1.2000
parameters
   -3.5824   -5.6697   -7.7325  -10.3691  -17.6007   -8.3117
    3.0614   15.6756  -10.7879   38.4565  -13.7435  -44.0492
eta,q 0.97779 15.57120
  0.0259  0.0249  0.0240  0.0270  0.0256  0.0257  0.0252  0.0261  0.0244  0.0253  0.0235  0.0241
  0.0239  0.0234  0.0230  0.0252  0.0241  0.0243  0.0237  0.0239  0.0232  0.0237  0.0228  0.0230
  0.0226  0.0225  0.0224  0.0236  0.0228  0.0231  0.0226  0.0227  0.0225  0.0227  0.0223  0.0224
  0.0222  0.0222  0.0222  0.0222  0.0222  0.0222  0.0222  0.0222  0.0222  0.0222  0.0222  0.0222
  0.0226  0.0225  0.0224  0.0217  0.0225  0.0219  0.0225  0.0226  0.0225  0.0223  0.0224  0.0225
  0.0239  0.0234  0.0230  0.0237  0.0237  0.0237  0.0235  0.0239  0.0232  0.0234  0.0228  0.0232
  0.0259  0.0249  0.0241  0.0286  0.0260  0.0265  0.0253  0.0261  0.0244  0.0255  0.0234  0.0240
registration optimization eta report
parameter search radius
    2.4000    2.4000    2.4000    8.2800    8.2800    7.2000
    7.2000    7.2000    7.2000    7.2000    7.2000    7.2000
100000*second partial in parameter space
       64.       47.       32.        8.        5.        8.
        6.        8.        4.        6.        2.        3.
  0.0259  0.0249  0.0240  0.0270  0.0256  0.0257  0.0252  0.0261  0.0244  0.0253  0.0235  0.0241
  0.0239  0.0234  0.0230  0.0252  0.0241  0.0243  0.0237  0.0239  0.0232  0.0237  0.0228  0.0230
  0.0226  0.0225  0.0224  0.0236  0.0228  0.0231  0.0226  0.0227  0.0225  0.0227  0.0223  0.0224
  0.0222  0.0222  0.0222  0.0222  0.0222  0.0222  0.0222  0.0222  0.0222  0.0222  0.0222  0.0222
  0.0226  0.0225  0.0224  0.0217  0.0225  0.0219  0.0225  0.0226  0.0225  0.0223  0.0224  0.0225
  0.0239  0.0234  0.0230  0.0237  0.0237  0.0237  0.0235  0.0239  0.0232  0.0234  0.0228  0.0232
  0.0259  0.0249  0.0241  0.0286  0.0260  0.0265  0.0253  0.0261  0.0244  0.0255  0.0234  0.0240
   -3.5824   -5.6697   -7.7325  -10.3691  -17.6007   -8.3117
    3.0614   15.6756  -10.7879   38.4565  -13.7435  -44.0492
eta,q 0.97779 15.57120

---------------------------------------------------------------------
imgreg_4dfp /usr/local/freesurfer/average/711-2C_as_mni_average_305 /usr/local/freesurfer/average/711-2B_as_mni_average_305_mask talsrcimg_g11 none talsrcimg_to_711-2C_as_mni_average_305_t4 2311
---------------------------------------------------------------------

freesurfer imgreg_4dfp.c
/usr/local/freesurfer/average/711-2C_as_mni_average_305.4dfp.img
       256       256       256         1
  1.000000  1.000000  1.000000
orientation T byte_order littleendian
Reading image: /usr/local/freesurfer/average/711-2C_as_mni_average_305.4dfp.img
dimensions:      256       256       256
mmppix:       1.0000   -1.0000   -1.0000
center:     128.0000 -129.0000 -129.0000
/usr/local/freesurfer/average/711-2B_as_mni_average_305_mask.4dfp.img
       256       256       256         1
  1.000000  1.000000  1.000000
orientation T byte_order littleendian
Reading mask: /usr/local/freesurfer/average/711-2B_as_mni_average_305_mask.4dfp.img (2306576 pixels)
talsrcimg_g11.4dfp.img
       256       256       256         1
  1.000000  1.000000  1.000000
orientation T byte_order littleendian
Reading image: talsrcimg_g11.4dfp.img
dimensions:      256       256       256
mmppix:       1.0000   -1.0000   -1.0000
center:     128.0000 -129.0000 -129.0000
fimgreg.f
image alignment mode   2311 decimal      907 hex
parameters
   -3.5824   -5.6697   -7.7325  -10.3691  -17.6007   -8.3117
    3.0614   15.6756  -10.7879   38.4565  -13.7435  -44.0492
eta,q 0.97779 15.57120
niter,ni,del,rscale     5    3    5.0000    0.8000
parameters
   -3.5825   -5.6665   -7.7350   -8.6048  -17.3776   -7.7382
    2.9318   15.8636  -10.6301   39.0210  -12.8451  -43.9077
eta,q 0.97863 15.67575
  0.0239  0.0234  0.0230  0.0248  0.0231  0.0238  0.0230  0.0238  0.0226  0.0233  0.0225  0.0224
  0.0229  0.0228  0.0226  0.0239  0.0224  0.0229  0.0222  0.0226  0.0220  0.0225  0.0219  0.0219
  0.0224  0.0224  0.0223  0.0230  0.0219  0.0222  0.0216  0.0218  0.0216  0.0218  0.0216  0.0215
  0.0222  0.0222  0.0222  0.0222  0.0217  0.0216  0.0215  0.0215  0.0215  0.0215  0.0214  0.0214
  0.0224  0.0223  0.0223  0.0217  0.0217  0.0213  0.0217  0.0216  0.0216  0.0214  0.0214  0.0215
  0.0229  0.0228  0.0226  0.0218  0.0222  0.0218  0.0223  0.0223  0.0219  0.0218  0.0216  0.0218
  0.0239  0.0234  0.0230  0.0229  0.0229  0.0233  0.0232  0.0235  0.0225  0.0228  0.0219  0.0223
niter,ni,del,rscale     4    3    5.0000    0.7000
parameters
   -3.6019   -5.7158   -7.8080   -8.6934  -17.3626   -7.4796
    3.1138   15.8797  -10.5597   39.0139  -12.7848  -43.8677
eta,q 0.97869 15.67711
  0.0229  0.0223  0.0221  0.0233  0.0224  0.0233  0.0227  0.0230  0.0222  0.0227  0.0219  0.0221
  0.0221  0.0218  0.0217  0.0225  0.0219  0.0226  0.0220  0.0221  0.0217  0.0220  0.0216  0.0217
  0.0215  0.0215  0.0214  0.0218  0.0215  0.0219  0.0215  0.0215  0.0214  0.0216  0.0214  0.0214
  0.0214  0.0214  0.0214  0.0214  0.0214  0.0214  0.0213  0.0213  0.0213  0.0213  0.0213  0.0213
  0.0216  0.0215  0.0215  0.0214  0.0215  0.0212  0.0214  0.0215  0.0214  0.0214  0.0214  0.0214
  0.0221  0.0219  0.0218  0.0222  0.0219  0.0220  0.0218  0.0221  0.0217  0.0219  0.0216  0.0217
  0.0230  0.0225  0.0222  0.0239  0.0225  0.0232  0.0225  0.0230  0.0221  0.0228  0.0219  0.0221
niter,ni,del,rscale     3    3    5.0000    0.6000
parameters
   -3.6180   -5.7322   -7.7668   -8.5255  -17.3830   -7.3115
    3.1178   15.8891  -10.5214   39.0795  -12.6916  -43.8065
eta,q 0.97876 15.68517
  0.0224  0.0221  0.0220  0.0229  0.0221  0.0228  0.0222  0.0225  0.0219  0.0223  0.0217  0.0218
  0.0218  0.0216  0.0216  0.0223  0.0217  0.0222  0.0217  0.0219  0.0215  0.0218  0.0214  0.0215
  0.0214  0.0214  0.0214  0.0217  0.0214  0.0217  0.0213  0.0214  0.0213  0.0214  0.0213  0.0213
  0.0213  0.0213  0.0213  0.0213  0.0213  0.0213  0.0212  0.0212  0.0212  0.0212  0.0212  0.0212
  0.0214  0.0214  0.0214  0.0213  0.0214  0.0212  0.0213  0.0214  0.0213  0.0213  0.0213  0.0213
  0.0218  0.0217  0.0216  0.0218  0.0216  0.0218  0.0217  0.0218  0.0215  0.0217  0.0214  0.0215
  0.0225  0.0221  0.0219  0.0229  0.0221  0.0228  0.0222  0.0226  0.0219  0.0224  0.0216  0.0218
niter,ni,del,rscale     2    3    5.0000    0.5000
parameters
   -3.6177   -5.7305   -7.7433   -8.3579  -17.3986   -7.1497
    3.1172   15.8927  -10.4909   39.1289  -12.6089  -43.7253
eta,q 0.97882 15.69208
  0.0221  0.0218  0.0217  0.0225  0.0218  0.0224  0.0219  0.0221  0.0216  0.0220  0.0215  0.0216
  0.0216  0.0215  0.0214  0.0219  0.0215  0.0220  0.0215  0.0216  0.0214  0.0216  0.0213  0.0214
  0.0213  0.0213  0.0213  0.0215  0.0213  0.0215  0.0213  0.0213  0.0212  0.0213  0.0212  0.0212
  0.0212  0.0212  0.0212  0.0212  0.0212  0.0212  0.0212  0.0212  0.0212  0.0212  0.0212  0.0212
  0.0213  0.0213  0.0213  0.0212  0.0213  0.0212  0.0213  0.0213  0.0212  0.0212  0.0212  0.0212
  0.0216  0.0215  0.0214  0.0216  0.0215  0.0216  0.0215  0.0216  0.0214  0.0215  0.0213  0.0214
  0.0221  0.0218  0.0216  0.0224  0.0218  0.0224  0.0218  0.0221  0.0216  0.0220  0.0215  0.0216
niter,ni,del,rscale     1    3    5.0000    0.4000
parameters
   -3.6195   -5.7236   -7.7090   -8.2207  -17.4084   -6.9944
    3.1143   15.8750  -10.4581   39.1533  -12.5289  -43.6344
eta,q 0.97886 15.69689
  0.0217  0.0215  0.0215  0.0220  0.0215  0.0221  0.0216  0.0218  0.0214  0.0217  0.0214  0.0214
  0.0214  0.0213  0.0213  0.0217  0.0213  0.0217  0.0213  0.0214  0.0213  0.0214  0.0212  0.0213
  0.0212  0.0212  0.0212  0.0214  0.0212  0.0214  0.0212  0.0212  0.0212  0.0212  0.0212  0.0212
  0.0212  0.0212  0.0212  0.0212  0.0212  0.0212  0.0211  0.0211  0.0211  0.0211  0.0211  0.0211
  0.0212  0.0212  0.0212  0.0212  0.0212  0.0212  0.0212  0.0212  0.0212  0.0212  0.0212  0.0212
  0.0214  0.0213  0.0213  0.0214  0.0213  0.0214  0.0213  0.0214  0.0213  0.0214  0.0212  0.0212
  0.0217  0.0215  0.0214  0.0219  0.0216  0.0220  0.0216  0.0218  0.0214  0.0217  0.0213  0.0214
registration optimization eta report
parameter search radius
    0.8000    0.8000    0.8000    2.4000    2.4000    2.4000
    2.4000    2.4000    2.4000    2.4000    2.4000    2.4000
100000*second partial in parameter space
       85.       55.       46.       14.        7.       15.
        8.       11.        5.       10.        3.        5.
  0.0217  0.0215  0.0215  0.0220  0.0215  0.0221  0.0216  0.0218  0.0214  0.0217  0.0214  0.0214
  0.0214  0.0213  0.0213  0.0217  0.0213  0.0217  0.0213  0.0214  0.0213  0.0214  0.0212  0.0213
  0.0212  0.0212  0.0212  0.0214  0.0212  0.0214  0.0212  0.0212  0.0212  0.0212  0.0212  0.0212
  0.0212  0.0212  0.0212  0.0212  0.0212  0.0212  0.0211  0.0211  0.0211  0.0211  0.0211  0.0211
  0.0212  0.0212  0.0212  0.0212  0.0212  0.0212  0.0212  0.0212  0.0212  0.0212  0.0212  0.0212
  0.0214  0.0213  0.0213  0.0214  0.0213  0.0214  0.0213  0.0214  0.0213  0.0214  0.0212  0.0212
  0.0217  0.0215  0.0214  0.0219  0.0216  0.0220  0.0216  0.0218  0.0214  0.0217  0.0213  0.0214
   -3.6195   -5.7236   -7.7090   -8.2207  -17.4084   -6.9944
    3.1143   15.8750  -10.4581   39.1533  -12.5289  -43.6344
eta,q 0.97886 15.69689

---------------------------------------------------------------------
imgreg_4dfp /usr/local/freesurfer/average/711-2C_as_mni_average_305 /usr/local/freesurfer/average/711-2B_as_mni_average_305_mask talsrcimg_g11 none talsrcimg_to_711-2C_as_mni_average_305_t4 2311
---------------------------------------------------------------------

freesurfer imgreg_4dfp.c
/usr/local/freesurfer/average/711-2C_as_mni_average_305.4dfp.img
       256       256       256         1
  1.000000  1.000000  1.000000
orientation T byte_order littleendian
Reading image: /usr/local/freesurfer/average/711-2C_as_mni_average_305.4dfp.img
dimensions:      256       256       256
mmppix:       1.0000   -1.0000   -1.0000
center:     128.0000 -129.0000 -129.0000
/usr/local/freesurfer/average/711-2B_as_mni_average_305_mask.4dfp.img
       256       256       256         1
  1.000000  1.000000  1.000000
orientation T byte_order littleendian
Reading mask: /usr/local/freesurfer/average/711-2B_as_mni_average_305_mask.4dfp.img (2306576 pixels)
talsrcimg_g11.4dfp.img
       256       256       256         1
  1.000000  1.000000  1.000000
orientation T byte_order littleendian
Reading image: talsrcimg_g11.4dfp.img
dimensions:      256       256       256
mmppix:       1.0000   -1.0000   -1.0000
center:     128.0000 -129.0000 -129.0000
fimgreg.f
image alignment mode   2311 decimal      907 hex
parameters
   -3.6195   -5.7236   -7.7090   -8.2207  -17.4084   -6.9944
    3.1143   15.8750  -10.4581   39.1533  -12.5289  -43.6344
eta,q 0.97886 15.69690
niter,ni,del,rscale     5    3    5.0000    0.8000
parameters
   -3.6278   -5.7184   -7.6602   -8.8115  -17.5174   -7.3341
    3.1706   15.7973  -10.5279   38.8259  -12.8011  -43.7383
eta,q 0.97868 15.66033
  0.0233  0.0226  0.0224  0.0233  0.0225  0.0233  0.0229  0.0234  0.0223  0.0229  0.0220  0.0223
  0.0221  0.0218  0.0217  0.0224  0.0219  0.0225  0.0221  0.0223  0.0218  0.0221  0.0216  0.0218
  0.0214  0.0213  0.0213  0.0216  0.0214  0.0218  0.0215  0.0216  0.0214  0.0216  0.0214  0.0214
  0.0211  0.0211  0.0211  0.0211  0.0212  0.0212  0.0213  0.0213  0.0213  0.0213  0.0213  0.0213
  0.0214  0.0213  0.0213  0.0215  0.0214  0.0216  0.0215  0.0215  0.0214  0.0215  0.0214  0.0215
  0.0221  0.0218  0.0216  0.0229  0.0219  0.0228  0.0220  0.0223  0.0218  0.0223  0.0217  0.0218
  0.0233  0.0225  0.0222  0.0254  0.0227  0.0243  0.0229  0.0236  0.0224  0.0236  0.0221  0.0223
niter,ni,del,rscale     4    3    5.0000    0.7000
parameters
   -3.6131   -5.7161   -7.7223   -8.7060  -17.4037   -7.3881
    3.1220   15.8524  -10.5422   38.9558  -12.8018  -43.7838
eta,q 0.97871 15.67339
  0.0229  0.0224  0.0221  0.0233  0.0224  0.0230  0.0225  0.0230  0.0221  0.0227  0.0219  0.0220
  0.0220  0.0218  0.0216  0.0225  0.0219  0.0224  0.0219  0.0221  0.0217  0.0221  0.0215  0.0216
  0.0215  0.0214  0.0214  0.0218  0.0215  0.0218  0.0214  0.0215  0.0214  0.0216  0.0213  0.0214
  0.0213  0.0213  0.0213  0.0213  0.0213  0.0213  0.0213  0.0213  0.0213  0.0213  0.0213  0.0213
  0.0215  0.0214  0.0214  0.0213  0.0214  0.0213  0.0215  0.0215  0.0214  0.0213  0.0214  0.0214
  0.0220  0.0218  0.0217  0.0220  0.0217  0.0222  0.0219  0.0220  0.0217  0.0218  0.0215  0.0217
  0.0228  0.0224  0.0222  0.0235  0.0223  0.0235  0.0226  0.0230  0.0221  0.0227  0.0219  0.0221
niter,ni,del,rscale     3    3    5.0000    0.6000
parameters
   -3.6127   -5.7214   -7.7434   -8.5257  -17.3843   -7.2817
    3.1154   15.8816  -10.5207   39.0545  -12.7219  -43.7604
eta,q 0.97877 15.68424
  0.0224  0.0221  0.0219  0.0229  0.0221  0.0228  0.0222  0.0226  0.0219  0.0223  0.0217  0.0218
  0.0218  0.0216  0.0215  0.0223  0.0217  0.0222  0.0217  0.0219  0.0215  0.0218  0.0214  0.0215
  0.0214  0.0214  0.0213  0.0217  0.0214  0.0217  0.0213  0.0214  0.0213  0.0214  0.0213  0.0213
  0.0213  0.0213  0.0213  0.0213  0.0213  0.0213  0.0212  0.0212  0.0212  0.0212  0.0212  0.0212
  0.0214  0.0214  0.0214  0.0213  0.0213  0.0212  0.0213  0.0214  0.0213  0.0213  0.0213  0.0213
  0.0218  0.0216  0.0216  0.0218  0.0216  0.0218  0.0217  0.0218  0.0215  0.0216  0.0214  0.0215
  0.0225  0.0221  0.0219  0.0229  0.0221  0.0229  0.0222  0.0225  0.0219  0.0223  0.0216  0.0218
niter,ni,del,rscale     2    3    5.0000    0.5000
parameters
   -3.6141   -5.7252   -7.7340   -8.3638  -17.3980   -7.1421
    3.1101   15.8915  -10.4865   39.1172  -12.6289  -43.7139
eta,q 0.97882 15.69151
  0.0221  0.0218  0.0217  0.0225  0.0218  0.0224  0.0219  0.0221  0.0216  0.0220  0.0215  0.0216
  0.0216  0.0215  0.0214  0.0219  0.0215  0.0220  0.0215  0.0216  0.0214  0.0216  0.0213  0.0214
  0.0213  0.0213  0.0213  0.0215  0.0213  0.0215  0.0213  0.0213  0.0212  0.0213  0.0212  0.0212
  0.0212  0.0212  0.0212  0.0212  0.0212  0.0212  0.0212  0.0212  0.0212  0.0212  0.0212  0.0212
  0.0213  0.0213  0.0213  0.0212  0.0213  0.0212  0.0213  0.0213  0.0212  0.0212  0.0212  0.0212
  0.0216  0.0215  0.0214  0.0216  0.0215  0.0216  0.0215  0.0216  0.0214  0.0215  0.0213  0.0214
  0.0221  0.0218  0.0217  0.0224  0.0218  0.0224  0.0219  0.0221  0.0216  0.0220  0.0215  0.0216
niter,ni,del,rscale     1    3    5.0000    0.4000
parameters
   -3.6179   -5.7217   -7.7065   -8.2243  -17.4099   -6.9918
    3.1172   15.8787  -10.4629   39.1520  -12.5272  -43.6352
eta,q 0.97886 15.69679
  0.0217  0.0215  0.0215  0.0220  0.0215  0.0221  0.0216  0.0218  0.0214  0.0217  0.0214  0.0214
  0.0214  0.0213  0.0213  0.0217  0.0213  0.0217  0.0213  0.0214  0.0213  0.0214  0.0212  0.0213
  0.0212  0.0212  0.0212  0.0213  0.0212  0.0214  0.0212  0.0212  0.0212  0.0212  0.0212  0.0212
  0.0212  0.0212  0.0212  0.0212  0.0212  0.0212  0.0211  0.0211  0.0211  0.0211  0.0211  0.0211
  0.0212  0.0212  0.0212  0.0212  0.0212  0.0212  0.0212  0.0212  0.0212  0.0212  0.0212  0.0212
  0.0214  0.0213  0.0213  0.0214  0.0213  0.0214  0.0213  0.0214  0.0213  0.0214  0.0212  0.0213
  0.0217  0.0215  0.0214  0.0219  0.0216  0.0220  0.0216  0.0218  0.0214  0.0217  0.0213  0.0214
registration optimization eta report
parameter search radius
    0.8000    0.8000    0.8000    2.4000    2.4000    2.4000
    2.4000    2.4000    2.4000    2.4000    2.4000    2.4000
100000*second partial in parameter space
       84.       56.       46.       14.        7.       15.
        8.       11.        5.       10.        3.        5.
  0.0217  0.0215  0.0215  0.0220  0.0215  0.0221  0.0216  0.0218  0.0214  0.0217  0.0214  0.0214
  0.0214  0.0213  0.0213  0.0217  0.0213  0.0217  0.0213  0.0214  0.0213  0.0214  0.0212  0.0213
  0.0212  0.0212  0.0212  0.0213  0.0212  0.0214  0.0212  0.0212  0.0212  0.0212  0.0212  0.0212
  0.0212  0.0212  0.0212  0.0212  0.0212  0.0212  0.0211  0.0211  0.0211  0.0211  0.0211  0.0211
  0.0212  0.0212  0.0212  0.0212  0.0212  0.0212  0.0212  0.0212  0.0212  0.0212  0.0212  0.0212
  0.0214  0.0213  0.0213  0.0214  0.0213  0.0214  0.0213  0.0214  0.0213  0.0214  0.0212  0.0213
  0.0217  0.0215  0.0214  0.0219  0.0216  0.0220  0.0216  0.0218  0.0214  0.0217  0.0213  0.0214
   -3.6179   -5.7217   -7.7065   -8.2243  -17.4099   -6.9918
    3.1172   15.8787  -10.4629   39.1520  -12.5272  -43.6352
eta,q 0.97886 15.69679

---------------------------------------------------------------------
compute_vox2vox talsrcimg talsrcimg_to_711-2C_as_mni_average_305_t4 /usr/local/freesurfer/average/711-2C_as_mni_average_305
---------------------------------------------------------------------

freesurfer compute_vox2vox.c
Reading: talsrcimg.4dfp.ifh
Reading: talsrcimg_to_711-2C_as_mni_average_305_t4
Reading: /usr/local/freesurfer/average/711-2C_as_mni_average_305.4dfp.ifh
Writing: talsrcimg_to_711-2C_as_mni_average_305_t4_vox2vox.txt

start time Wed Jun 4 08:31:25 UTC 2025
end		time Wed Jun 4 08:31:43 UTC 2025

mpr2mni305 success

avi2talxfm orig_nu.mgz /usr/local/freesurfer/average/mni305.cor.mgz talsrcimg_to_711-2C_as_mni_average_305_t4_vox2vox.txt transforms/talairach.auto.xfm
avi2talxfm done
mv -f /home/freesurfer/subjects/sub-048/mri/talsrcimg_to_711-2C_as_mni_average_305_t4_vox2vox.txt /home/freesurfer/subjects/sub-048/mri/transforms/talsrcimg_to_711-2C_as_mni_average_305_t4_vox2vox.txt
lta_convert --src orig_nu.mgz --trg /usr/local/freesurfer/average/mni305.cor.mgz --inxfm transforms/talairach.auto.xfm --outlta transforms/talairach.auto.xfm.lta --subject fsaverage
7.4.1

--src: orig_nu.mgz src image (geometry).
--trg: /usr/local/freesurfer/average/mni305.cor.mgz trg image (geometry).
--inmni: transforms/talairach.auto.xfm input MNI/XFM transform.
--outlta: transforms/talairach.auto.xfm.lta output LTA.
--s: fsaverage subject name
 LTA read, type : 1
 1.05868  -0.13410  -0.11081   3.80791;
 0.16812   0.85826   0.44710  -33.24554;
 0.05442  -0.42385   0.98481  -11.92131;
 0.00000   0.00000   0.00000   1.00000;
setting subject to fsaverage
Writing  LTA to file transforms/talairach.auto.xfm.lta...
lta_convert successful.
 
 
Started at Wed Jun 4 08:31:24 UTC 2025
Ended   at Wed Jun  4 08:31:43 UTC 2025
talairach_avi done
