Log file for defect2seg
Wed Jun  4 06:53:25 UTC 2025

setenv SUBJECTS_DIR /home/freesurfer/subjects
cd /home/freesurfer/subjects/sub-047/scripts
/usr/local/freesurfer/bin/defect2seg --s sub-047 --cortex

freesurfer-linux-centos8_x86_64-7.4.1-20230613-7eb8460
defect2seg 7.4.1
Linux 4b375be220c7 6.11.0-26-generic #26~24.04.1-Ubuntu SMP PREEMPT_DYNAMIC Thu Apr 17 19:20:47 UTC 2 x86_64 x86_64 x86_64 GNU/Linux
pid 1283
mri_label2label --label-cortex /home/freesurfer/subjects/sub-047/surf/lh.orig.nofix /home/freesurfer/subjects/sub-047/mri/aseg.presurf.mgz 0 /home/freesurfer/subjects/sub-047/label/lh.nofix.cortex.label

 Generating cortex label... RemoveHipAmgy=0
 NucAccIsMedialWall=0
 mris->useRealRAS=0
11 non-cortical segments detected
only using segment with 7057 vertices
erasing segment 1 (vno[0] = 46425)
erasing segment 2 (vno[0] = 46614)
erasing segment 3 (vno[0] = 48510)
erasing segment 4 (vno[0] = 60908)
erasing segment 5 (vno[0] = 62697)
erasing segment 6 (vno[0] = 64514)
erasing segment 7 (vno[0] = 65956)
erasing segment 8 (vno[0] = 85009)
erasing segment 9 (vno[0] = 86829)
erasing segment 10 (vno[0] = 90848)
mri_label2vol --defects /home/freesurfer/subjects/sub-047/surf/lh.orig.nofix /home/freesurfer/subjects/sub-047/surf/lh.defect_labels /home/freesurfer/subjects/sub-047/mri/orig.mgz 1000 0 /home/freesurfer/subjects/sub-047/mri/surface.defects.mgz /home/freesurfer/subjects/sub-047/label/lh.nofix.cortex.label
mri_label2vol supposed to be reproducible but seed not set
Contraining to label /home/freesurfer/subjects/sub-047/label/lh.nofix.cortex.label
Changing input type 0 to MRI_INT
Converting defects to volume: offset=1000, merge=0
Writing to /home/freesurfer/subjects/sub-047/mri/surface.defects.mgz
mris_defects_pointset -s /home/freesurfer/subjects/sub-047/surf/lh.orig.nofix -d /home/freesurfer/subjects/sub-047/surf/lh.defect_labels -o /home/freesurfer/subjects/sub-047/surf/lh.defects.pointset --label /home/freesurfer/subjects/sub-047/label/lh.nofix.cortex.label
Reading in surface /home/freesurfer/subjects/sub-047/surf/lh.orig.nofix
Reading in defect segmentation /home/freesurfer/subjects/sub-047/surf/lh.defect_labels
Reading in label /home/freesurfer/subjects/sub-047/label/lh.nofix.cortex.label
#VMPC# mris_defects_pointset 173556
mris_defects_pointset done
mri_label2label --label-cortex /home/freesurfer/subjects/sub-047/surf/rh.orig.nofix /home/freesurfer/subjects/sub-047/mri/aseg.presurf.mgz 0 /home/freesurfer/subjects/sub-047/label/rh.nofix.cortex.label

 Generating cortex label... RemoveHipAmgy=0
 NucAccIsMedialWall=0
 mris->useRealRAS=0
12 non-cortical segments detected
only using segment with 7074 vertices
erasing segment 0 (vno[0] = 36724)
erasing segment 2 (vno[0] = 51454)
erasing segment 3 (vno[0] = 62853)
erasing segment 4 (vno[0] = 65346)
erasing segment 5 (vno[0] = 83236)
erasing segment 6 (vno[0] = 83329)
erasing segment 7 (vno[0] = 84307)
erasing segment 8 (vno[0] = 85418)
erasing segment 9 (vno[0] = 87044)
erasing segment 10 (vno[0] = 95523)
erasing segment 11 (vno[0] = 96922)
mri_label2vol --defects /home/freesurfer/subjects/sub-047/surf/rh.orig.nofix /home/freesurfer/subjects/sub-047/surf/rh.defect_labels /home/freesurfer/subjects/sub-047/mri/surface.defects.mgz 2000 1 /home/freesurfer/subjects/sub-047/mri/surface.defects.mgz /home/freesurfer/subjects/sub-047/label/rh.nofix.cortex.label
mri_label2vol supposed to be reproducible but seed not set
Contraining to label /home/freesurfer/subjects/sub-047/label/rh.nofix.cortex.label
Converting defects to volume: offset=2000, merge=1
Writing to /home/freesurfer/subjects/sub-047/mri/surface.defects.mgz
mris_defects_pointset -s /home/freesurfer/subjects/sub-047/surf/rh.orig.nofix -d /home/freesurfer/subjects/sub-047/surf/rh.defect_labels -o /home/freesurfer/subjects/sub-047/surf/rh.defects.pointset --label /home/freesurfer/subjects/sub-047/label/rh.nofix.cortex.label
Reading in surface /home/freesurfer/subjects/sub-047/surf/rh.orig.nofix
Reading in defect segmentation /home/freesurfer/subjects/sub-047/surf/rh.defect_labels
Reading in label /home/freesurfer/subjects/sub-047/label/rh.nofix.cortex.label
#VMPC# mris_defects_pointset 173360
mris_defects_pointset done
 
Started at Wed Jun 4 06:53:25 UTC 2025 
Ended   at Wed Jun  4 06:54:06 UTC 2025
Defect2seg-Run-Time-Sec 41
Defect2seg-Run-Time-Min 0.82
Defect2seg-Run-Time-Hours 0.01
 
defect2seg Done
