status file for recon-all
Wed Jun  4 03:07:11 UTC 2025
#@# MotionCor Wed Jun  4 03:07:13 UTC 2025
#@# Talairach Wed Jun  4 03:07:21 UTC 2025
#@# Talairach Failure Detection Wed Jun  4 03:10:29 UTC 2025
#@# Nu Intensity Correction Wed Jun  4 03:10:29 UTC 2025
#@# Intensity Normalization Wed Jun  4 03:13:41 UTC 2025
#@# Skull Stripping Wed Jun  4 03:16:57 UTC 2025
#@# EM Registration Wed Jun  4 03:26:36 UTC 2025
#@# CA Normalize Wed Jun  4 03:36:00 UTC 2025
#@# CA Reg Wed Jun  4 03:37:24 UTC 2025
#@# SubCort Seg Wed Jun  4 05:50:20 UTC 2025
#@# CC Seg Wed Jun  4 06:35:20 UTC 2025
#@# Merge ASeg Wed Jun  4 06:36:20 UTC 2025
#@# Intensity Normalization2 Wed Jun  4 06:36:20 UTC 2025
#@# Mask BFS Wed Jun  4 06:40:48 UTC 2025
#@# WM Segmentation Wed Jun  4 06:40:51 UTC 2025
#@# Fill Wed Jun  4 06:45:32 UTC 2025
#@# Tessellate lh Wed Jun  4 06:47:02 UTC 2025
#@# Tessellate rh Wed Jun  4 06:47:06 UTC 2025
#@# Smooth1 lh Wed Jun  4 06:47:11 UTC 2025
#@# Smooth1 rh Wed Jun  4 06:47:14 UTC 2025
#@# Inflation1 lh Wed Jun  4 06:47:16 UTC 2025
#@# Inflation1 rh Wed Jun  4 06:47:29 UTC 2025
#@# QSphere lh Wed Jun  4 06:47:43 UTC 2025
#@# QSphere rh Wed Jun  4 06:49:25 UTC 2025
#@# Fix Topology lh Wed Jun  4 06:50:59 UTC 2025
#@# Fix Topology rh Wed Jun  4 06:52:37 UTC 2025
#@# Smooth2 lh Wed Jun  4 07:06:29 UTC 2025
#@# Smooth2 rh Wed Jun  4 07:06:32 UTC 2025
#@# Inflation2 lh Wed Jun  4 07:06:35 UTC 2025
#@# Inflation2 rh Wed Jun  4 07:06:51 UTC 2025
#@# Curv .H and .K lh Wed Jun  4 07:07:07 UTC 2025
#@# Curv .H and .K rh Wed Jun  4 07:07:45 UTC 2025
#@# Sphere lh Wed Jun  4 07:08:23 UTC 2025
#@# Sphere rh Wed Jun  4 07:19:41 UTC 2025
#@# Surf Reg lh Wed Jun  4 07:24:25 UTC 2025
#@# Surf Reg rh Wed Jun  4 07:33:55 UTC 2025
#@# Jacobian white lh Wed Jun  4 07:39:29 UTC 2025
#@# Jacobian white rh Wed Jun  4 07:39:29 UTC 2025
#@# AvgCurv lh Wed Jun  4 07:39:30 UTC 2025
#@# AvgCurv rh Wed Jun  4 07:39:31 UTC 2025
#@# Cortical Parc lh Wed Jun  4 07:39:32 UTC 2025
#@# Cortical Parc rh Wed Jun  4 07:39:44 UTC 2025
#@# white curv lh Wed Jun  4 07:57:08 UTC 2025
#@# white area lh Wed Jun  4 07:57:10 UTC 2025
#@# pial curv lh Wed Jun  4 07:57:11 UTC 2025
#@# pial area lh Wed Jun  4 07:57:12 UTC 2025
#@# thickness lh Wed Jun  4 07:57:13 UTC 2025
#@# area and vertex vol lh Wed Jun  4 07:57:36 UTC 2025
#@# white curv rh Wed Jun  4 07:57:37 UTC 2025
#@# white area rh Wed Jun  4 07:57:39 UTC 2025
#@# pial curv rh Wed Jun  4 07:57:39 UTC 2025
#@# pial area rh Wed Jun  4 07:57:41 UTC 2025
#@# thickness rh Wed Jun  4 07:57:42 UTC 2025
#@# area and vertex vol rh Wed Jun  4 07:58:04 UTC 2025
#@# Curvature Stats lh Wed Jun  4 07:58:06 UTC 2025
#@# Curvature Stats rh Wed Jun  4 07:58:08 UTC 2025
#@# Cortical ribbon mask Wed Jun  4 07:58:11 UTC 2025
#@# Cortical Parc 2 lh Wed Jun  4 08:04:06 UTC 2025
#@# Cortical Parc 2 rh Wed Jun  4 08:04:22 UTC 2025
#@# Cortical Parc 3 lh Wed Jun  4 08:04:39 UTC 2025
#@# Cortical Parc 3 rh Wed Jun  4 08:04:51 UTC 2025
#@# WM/GM Contrast lh Wed Jun  4 08:05:03 UTC 2025
#@# WM/GM Contrast rh Wed Jun  4 08:05:07 UTC 2025
#@# Relabel Hypointensities Wed Jun  4 08:05:10 UTC 2025
#@# APas-to-ASeg Wed Jun  4 08:05:35 UTC 2025
#@# AParc-to-ASeg aparc Wed Jun  4 08:05:51 UTC 2025
#@# AParc-to-ASeg aparc.a2009s Wed Jun  4 08:07:39 UTC 2025
#@# AParc-to-ASeg aparc.DKTatlas Wed Jun  4 08:09:16 UTC 2025
#@# WMParc Wed Jun  4 08:10:53 UTC 2025
#@# Parcellation Stats lh Wed Jun  4 08:17:25 UTC 2025
#@# Parcellation Stats rh Wed Jun  4 08:17:41 UTC 2025
#@# Parcellation Stats 2 lh Wed Jun  4 08:17:57 UTC 2025
#@# Parcellation Stats 2 rh Wed Jun  4 08:18:05 UTC 2025
#@# Parcellation Stats 3 lh Wed Jun  4 08:18:14 UTC 2025
#@# Parcellation Stats 3 rh Wed Jun  4 08:18:22 UTC 2025
#@# ASeg Stats Wed Jun  4 08:18:30 UTC 2025
#@# BA_exvivo Labels lh Wed Jun  4 08:21:31 UTC 2025
#@# BA_exvivo Labels rh Wed Jun  4 08:24:49 UTC 2025
recon-all -s sub-047 finished without error at Wed Jun  4 08:28:05 UTC 2025
