/home/freesurfer/subjects/sub-046/mri
/usr/local/freesurfer/bin/talairach_avi
--i orig_nu.mgz --xfm transforms/talairach.auto.xfm
talairach_avi 7.4.1
Linux 0ecb274d9387 6.11.0-26-generic #26~24.04.1-Ubuntu SMP PREEMPT_DYNAMIC Thu Apr 17 19:20:47 UTC 2 x86_64 x86_64 x86_64 GNU/Linux
Tue Jun  3 21:54:20 UTC 2025
mri_convert orig_nu.mgz talsrcimg.img 
reading from orig_nu.mgz...
TR=8.38, TE=0.00, TI=0.00, flip angle=0.00
i_ras = (-1, -6.98492e-10, -9.31323e-10)
j_ras = (0, 0, -1)
k_ras = (6.98492e-10, 1, -1.49012e-08)
writing to talsrcimg.img...
Analyze Output Matrix
-1.00000   0.00000   0.00000   132.03014;
-0.00000   0.00000   1.00000  -111.08998;
-0.00000  -1.00000  -0.00000   158.29385;
 0.00000   0.00000   0.00000   1.00000;
--------------------
INFO: set hdr.hist.orient to -1
mpr2mni305 talsrcimg
Tue Jun  3 21:54:20 UTC 2025
/usr/local/freesurfer/bin/mpr2mni305 talsrcimg
mpr2mni305 7.4.1
target=711-2C_as_mni_average_305

---------------------------------------------------------------------
analyzeto4dfp talsrcimg -O0 -y
---------------------------------------------------------------------

freesurfer ifh2hdr.c
Tue Jun  3 21:54:20 2025
Writing: talsrcimg.4dfp.hdr
freesurfer analyzeto4dfp.c
Reading: talsrcimg.hdr
header size 348 bytes
hdr.dime.datatype	offset=70	value=2
hdr.dime.bitpix		offset=72	value=8
hdr.hist.orient		offset=252	value=-1
dimensionality     4
dimensions       256       256       256         1
Reading: talsrcimg.img
Writing: talsrcimg.4dfp.img
Writing: talsrcimg.4dfp.ifh
ifh2hdr talsrcimg -r0to227
ori=2

---------------------------------------------------------------------
gauss_4dfp talsrcimg 1.1
---------------------------------------------------------------------

freesurfer gauss_4dfp.c
Reading: talsrcimg.4dfp.img
Writing: talsrcimg_g11.4dfp.img
image dimensions 256 256 256 padded to 288 288 288
processing volume 1freesurfer ifh2hdr.c
Tue Jun  3 21:54:24 2025
Writing: talsrcimg_g11.4dfp.hdr

Writing: talsrcimg_g11.4dfp.ifh
including: talsrcimg.4dfp.img.rec in talsrcimg_g11.4dfp.img.rec

---------------------------------------------------------------------
imgreg_4dfp /usr/local/freesurfer/average/711-2C_as_mni_average_305 none talsrcimg_g11 none talsrcimg_to_711-2C_as_mni_average_305_t4 4355
---------------------------------------------------------------------

freesurfer imgreg_4dfp.c
/usr/local/freesurfer/average/711-2C_as_mni_average_305.4dfp.img
       256       256       256         1
  1.000000  1.000000  1.000000
orientation T byte_order littleendian
Reading image: /usr/local/freesurfer/average/711-2C_as_mni_average_305.4dfp.img
dimensions:      256       256       256
mmppix:       1.0000   -1.0000   -1.0000
center:     128.0000 -129.0000 -129.0000
talsrcimg_g11.4dfp.img
       256       256       256         1
  1.000000  1.000000  1.000000
orientation T byte_order littleendian
Reading image: talsrcimg_g11.4dfp.img
dimensions:      256       256       256
mmppix:       1.0000   -1.0000   -1.0000
center:     128.0000 -129.0000 -129.0000
t4_read: open error in t4_sub.f l:  41 t4_file(1:l)talsrcimg_to_711-2C_as_mni_average_305_t4 
t4_read: transform initialized to I4
rotation matrix determinant  1.000000
image alignment mode   4355 decimal     1103 hex
   -7.5000  -45.0000  -45.0000 9824.1309   19.8946
    0.0000  -45.0000  -45.000010251.8389   19.9312
    7.5000  -45.0000  -45.0000 9782.5527   19.9416
   -7.5000  -37.5000  -45.000010237.6055   19.8550
    0.0000  -37.5000  -45.000010668.4375   19.8964
    7.5000  -37.5000  -45.000010154.4326   19.9075
   -7.5000  -30.0000  -45.000010998.7627   19.8461
    0.0000  -30.0000  -45.000011438.2920   19.8902
    7.5000  -30.0000  -45.000010906.2178   19.9005
   -7.5000  -22.5000  -45.000011727.1553   19.8466
    0.0000  -22.5000  -45.000012166.6133   19.8885
    7.5000  -22.5000  -45.000011602.3291   19.8967
   -7.5000  -15.0000  -45.000012420.4805   19.8503
    0.0000  -15.0000  -45.000012879.4346   19.8862
    7.5000  -15.0000  -45.000012285.1963   19.8925
   -7.5000   -7.5000  -45.000012925.5938   19.8493
    0.0000   -7.5000  -45.000013415.0703   19.8827
    7.5000   -7.5000  -45.000012769.0127   19.8904
   -7.5000    0.0000  -45.000013251.1904   19.8479
    0.0000    0.0000  -45.000013751.7246   19.8845
    7.5000    0.0000  -45.000013070.9482   19.8949
   -7.5000    7.5000  -45.000012421.0371   19.8484
    0.0000    7.5000  -45.000012939.6455   19.8897
    7.5000    7.5000  -45.000012275.4053   19.9008
   -7.5000   15.0000  -45.000011448.0342   19.8461
    0.0000   15.0000  -45.000011970.2285   19.8902
    7.5000   15.0000  -45.000011353.7666   19.9005
   -7.5000   22.5000  -45.000010443.3574   19.8440
    0.0000   22.5000  -45.000010904.5811   19.8858
    7.5000   22.5000  -45.000010342.8506   19.8940
   -7.5000   30.0000  -45.0000 9472.2412   19.6078
    0.0000   30.0000  -45.0000 9920.4033   19.6431
    7.5000   30.0000  -45.0000 9372.4355   19.6494
   -7.5000   37.5000  -45.0000 8929.3984   19.6918
    0.0000   37.5000  -45.0000 9342.7402   19.7246
    7.5000   37.5000  -45.0000 8784.6113   19.7319
   -7.5000   45.0000  -45.0000 8002.0864   19.4307
    0.0000   45.0000  -45.0000 8380.6855   19.4650
    7.5000   45.0000  -45.0000 7869.2769   19.4751
   -7.5000  -45.0000  -37.500010323.0195   19.8495
    0.0000  -45.0000  -37.500010761.9980   19.8769
    7.5000  -45.0000  -37.500010286.6094   19.8880
   -7.5000  -37.5000  -37.500010748.0029   19.8003
    0.0000  -37.5000  -37.500011180.0957   19.8309
    7.5000  -37.5000  -37.500010674.5791   19.8437
   -7.5000  -30.0000  -37.500011538.1377   19.7889
    0.0000  -30.0000  -37.500011962.8115   19.8209
    7.5000  -30.0000  -37.500011451.2461   19.8326
   -7.5000  -22.5000  -37.500012313.8770   19.7980
    0.0000  -22.5000  -37.500012749.7861   19.8277
    7.5000  -22.5000  -37.500012202.1445   19.8363
   -7.5000  -15.0000  -37.500013056.3086   19.8111
    0.0000  -15.0000  -37.500013503.5518   19.8363
    7.5000  -15.0000  -37.500012892.0732   19.8427
   -7.5000   -7.5000  -37.500013601.8887   19.8114
    0.0000   -7.5000  -37.500014059.4258   19.8358
    7.5000   -7.5000  -37.500013395.1963   19.8437
   -7.5000    0.0000  -37.500013901.4414   19.8031
    0.0000    0.0000  -37.500014387.0547   19.8305
    7.5000    0.0000  -37.500013722.9434   19.8417
   -7.5000    7.5000  -37.500013050.7686   19.7936
    0.0000    7.5000  -37.500013559.9023   19.8243
    7.5000    7.5000  -37.500012908.3027   19.8370
   -7.5000   15.0000  -37.500012034.4111   19.7889
    0.0000   15.0000  -37.500012534.8252   19.8208
    7.5000   15.0000  -37.500011920.9395   19.8326
   -7.5000   22.5000  -37.500010958.5166   19.7953
    0.0000   22.5000  -37.500011421.1396   19.8250
    7.5000   22.5000  -37.500010849.1240   19.8337
   -7.5000   30.0000  -37.5000 9925.4688   19.5685
    0.0000   30.0000  -37.500010338.3652   19.5932
    7.5000   30.0000  -37.5000 9812.8145   19.5996
   -7.5000   37.5000  -37.5000 9322.2539   19.6514
    0.0000   37.5000  -37.5000 9736.9580   19.6751
    7.5000   37.5000  -37.5000 9184.8809   19.6825
   -7.5000   45.0000  -37.5000 8348.2676   19.3827
    0.0000   45.0000  -37.5000 8725.0420   19.4076
    7.5000   45.0000  -37.5000 8207.3838   19.4182
   -7.5000  -45.0000  -30.000010993.4561   20.6588
    0.0000  -45.0000  -30.000011457.8584   20.6928
    7.5000  -45.0000  -30.000010922.0918   20.7033
   -7.5000  -37.5000  -30.000011436.9121   20.6003
    0.0000  -37.5000  -30.000011879.9990   20.6353
    7.5000  -37.5000  -30.000011341.7920   20.6508
   -7.5000  -30.0000  -30.000012265.9336   20.5900
    0.0000  -30.0000  -30.000012710.3828   20.6205
    7.5000  -30.0000  -30.000012139.8740   20.6355
   -7.5000  -22.5000  -30.000013101.7471   20.6078
    0.0000  -22.5000  -30.000013546.3281   20.6323
    7.5000  -22.5000  -30.000012942.0156   20.6415
   -7.5000  -15.0000  -30.000013878.1309   20.6285
    0.0000  -15.0000  -30.000014360.6885   20.6500
    7.5000  -15.0000  -30.000013667.3662   20.6540
   -7.5000   -7.5000  -30.000014488.5557   20.6281
    0.0000   -7.5000  -30.000014991.4219   20.6546
    7.5000   -7.5000  -30.000014253.0098   20.6594
   -7.5000    0.0000  -30.000014847.5752   20.6108
    0.0000    0.0000  -30.000015356.7061   20.6448
    7.5000    0.0000  -30.000014608.5830   20.6554
   -7.5000    7.5000  -30.000013947.6836   20.5934
    0.0000    7.5000  -30.000014459.3789   20.6284
    7.5000    7.5000  -30.000013755.0352   20.6439
   -7.5000   15.0000  -30.000012875.1875   20.5900
    0.0000   15.0000  -30.000013337.7021   20.6204
    7.5000   15.0000  -30.000012703.2725   20.6355
   -7.5000   22.5000  -30.000011714.6592   20.6029
    0.0000   22.5000  -30.000012151.9512   20.6274
    7.5000   22.5000  -30.000011574.6680   20.6366
   -7.5000   30.0000  -30.000010565.5664   20.3785
    0.0000   30.0000  -30.000010966.5039   20.3996
    7.5000   30.0000  -30.000010454.4229   20.4035
   -7.5000   37.5000  -30.0000 9876.7646   20.4632
    0.0000   37.5000  -30.000010263.5381   20.4889
    7.5000   37.5000  -30.0000 9739.5938   20.4934
   -7.5000   45.0000  -30.0000 8853.3848   20.1893
    0.0000   45.0000  -30.0000 9225.8623   20.2204
    7.5000   45.0000  -30.0000 8717.0830   20.2295
   -7.5000  -45.0000  -22.500011692.9307   21.3995
    0.0000  -45.0000  -22.500012206.5566   21.4523
    7.5000  -45.0000  -22.500011615.9287   21.4610
   -7.5000  -37.5000  -22.500012128.8311   21.3436
    0.0000  -37.5000  -22.500012626.6670   21.3962
    7.5000  -37.5000  -22.500012019.2119   21.4132
   -7.5000  -30.0000  -22.500012975.4697   21.3374
    0.0000  -30.0000  -22.500013455.6895   21.3802
    7.5000  -30.0000  -22.500012795.7764   21.3975
   -7.5000  -22.5000  -22.500013857.1641   21.3529
    0.0000  -22.5000  -22.500014322.9111   21.3858
    7.5000  -22.5000  -22.500013629.1992   21.3950
   -7.5000  -15.0000  -22.500014652.3174   21.3694
    0.0000  -15.0000  -22.500015172.0342   21.3998
    7.5000  -15.0000  -22.500014408.7148   21.4002
   -7.5000   -7.5000  -22.500015337.7373   21.3669
    0.0000   -7.5000  -22.500015866.8711   21.4074
    7.5000   -7.5000  -22.500015080.6377   21.4079
   -7.5000    0.0000  -22.500015736.4473   21.3497
    0.0000    0.0000  -22.500016268.0615   21.4023
    7.5000    0.0000  -22.500015461.6260   21.4111
   -7.5000    7.5000  -22.500014839.7939   21.3365
    0.0000    7.5000  -22.500015362.6572   21.3891
    7.5000    7.5000  -22.500014600.1836   21.4060
   -7.5000   15.0000  -22.500013718.3438   21.3373
    0.0000   15.0000  -22.500014189.4053   21.3802
    7.5000   15.0000  -22.500013502.5254   21.3975
   -7.5000   22.5000  -22.500012462.8018   21.3464
    0.0000   22.5000  -22.500012914.8691   21.3794
    7.5000   22.5000  -22.500012283.9736   21.3885
   -7.5000   30.0000  -22.500011224.8223   21.1150
    0.0000   30.0000  -22.500011648.7744   21.1449
    7.5000   30.0000  -22.500011088.7061   21.1453
   -7.5000   37.5000  -22.500010468.7217   21.2029
    0.0000   37.5000  -22.500010881.9307   21.2423
    7.5000   37.5000  -22.500010296.0762   21.2426
   -7.5000   45.0000  -22.5000 9374.7939   20.9355
    0.0000   45.0000  -22.5000 9786.8779   20.9855
    7.5000   45.0000  -22.5000 9215.1396   20.9921
   -7.5000  -45.0000  -15.000012305.5732   21.9353
    0.0000  -45.0000  -15.000012876.7510   22.0000
    7.5000  -45.0000  -15.000012221.9111   22.0075
   -7.5000  -37.5000  -15.000012819.8262   21.8910
    0.0000  -37.5000  -15.000013378.9150   21.9563
    7.5000  -37.5000  -15.000012678.8535   21.9720
   -7.5000  -30.0000  -15.000013659.7734   21.8866
    0.0000  -30.0000  -15.000014196.8750   21.9432
    7.5000  -30.0000  -15.000013470.3477   21.9599
   -7.5000  -22.5000  -15.000014559.1650   21.8899
    0.0000  -22.5000  -15.000015049.3047   21.9368
    7.5000  -22.5000  -15.000014327.1602   21.9458
   -7.5000  -15.0000  -15.000015458.1064   21.8937
    0.0000  -15.0000  -15.000015979.6016   21.9368
    7.5000  -15.0000  -15.000015192.7061   21.9372
   -7.5000   -7.5000  -15.000016249.6143   21.8907
    0.0000   -7.5000  -15.000016783.7305   21.9428
    7.5000   -7.5000  -15.000015913.8232   21.9427
   -7.5000    0.0000  -15.000016647.4180   21.8841
    0.0000    0.0000  -15.000017209.7012   21.9486
    7.5000    0.0000  -15.000016292.3330   21.9562
   -7.5000    7.5000  -15.000015654.0967   21.8838
    0.0000    7.5000  -15.000016215.2188   21.9490
    7.5000    7.5000  -15.000015355.8965   21.9647
   -7.5000   15.0000  -15.000014500.4316   21.8866
    0.0000   15.0000  -15.000015011.8086   21.9432
    7.5000   15.0000  -15.000014234.2627   21.9599
   -7.5000   22.5000  -15.000013233.4326   21.8822
    0.0000   22.5000  -15.000013717.9961   21.9292
    7.5000   22.5000  -15.000012976.4414   21.9382
   -7.5000   30.0000  -15.000011964.8867   21.6369
    0.0000   30.0000  -15.000012432.2744   21.6795
    7.5000   30.0000  -15.000011731.1729   21.6798
   -7.5000   37.5000  -15.000011126.2744   21.7292
    0.0000   37.5000  -15.000011586.8193   21.7803
    7.5000   37.5000  -15.000010885.9072   21.7801
   -7.5000   45.0000  -15.0000 9954.0742   21.4770
    0.0000   45.0000  -15.000010379.0996   21.5391
    7.5000   45.0000  -15.0000 9720.0137   21.5448
   -7.5000  -45.0000   -7.500012838.8008   22.1744
    0.0000  -45.0000   -7.500013438.1611   22.2318
    7.5000  -45.0000   -7.500012713.8408   22.2408
   -7.5000  -37.5000   -7.500013477.4824   22.1355
    0.0000  -37.5000   -7.500014122.1621   22.1964
    7.5000  -37.5000   -7.500013281.9160   22.2097
   -7.5000  -30.0000   -7.500014491.5898   22.1283
    0.0000  -30.0000   -7.500015118.0674   22.1871
    7.5000  -30.0000   -7.500014225.5215   22.2008
   -7.5000  -22.5000   -7.500015468.6523   22.1241
    0.0000  -22.5000   -7.500016040.8984   22.1770
    7.5000  -22.5000   -7.500015126.4990   22.1862
   -7.5000  -15.0000   -7.500016495.7480   22.1225
    0.0000  -15.0000   -7.500017046.3516   22.1696
    7.5000  -15.0000   -7.500016042.5186   22.1736
   -7.5000   -7.5000   -7.500017268.3477   22.1210
    0.0000   -7.5000   -7.500017840.1973   22.1704
    7.5000   -7.5000   -7.500016723.5156   22.1748
   -7.5000    0.0000   -7.500017623.0820   22.1226
    0.0000    0.0000   -7.500018254.3418   22.1798
    7.5000    0.0000   -7.500017084.4648   22.1889
   -7.5000    7.5000   -7.500016616.7227   22.1282
    0.0000    7.5000   -7.500017254.4180   22.1890
    7.5000    7.5000   -7.500016118.1748   22.2022
   -7.5000   15.0000   -7.500015424.5801   22.1283
    0.0000   15.0000   -7.500016022.8906   22.1871
    7.5000   15.0000   -7.500014931.7051   22.2008
   -7.5000   22.5000   -7.500014106.4180   22.1140
    0.0000   22.5000   -7.500014656.0684   22.1669
    7.5000   22.5000   -7.500013652.5264   22.1761
   -7.5000   30.0000   -7.500012793.3613   21.8617
    0.0000   30.0000   -7.500013300.1660   21.9081
    7.5000   30.0000   -7.500012398.0312   21.9121
   -7.5000   37.5000   -7.500011855.3008   21.9566
    0.0000   37.5000   -7.500012324.9600   22.0052
    7.5000   37.5000   -7.500011478.5293   22.0094
   -7.5000   45.0000   -7.500010567.2354   21.7121
    0.0000   45.0000   -7.500010969.6621   21.7670
    7.5000   45.0000   -7.500010206.5742   21.7751
   -7.5000  -45.0000    0.000013196.0996   22.1845
    0.0000  -45.0000    0.000013770.4277   22.2252
    7.5000  -45.0000    0.000013077.0459   22.2368
   -7.5000  -37.5000    0.000013939.4268   22.1409
    0.0000  -37.5000    0.000014608.1426   22.1869
    7.5000  -37.5000    0.000013744.6279   22.1993
   -7.5000  -30.0000    0.000015276.5400   22.1301
    0.0000  -30.0000    0.000016039.5000   22.1792
    7.5000  -30.0000    0.000014888.4131   22.1908
   -7.5000  -22.5000    0.000016511.9883   22.1295
    0.0000  -22.5000    0.000017313.1387   22.1759
    7.5000  -22.5000    0.000015958.2490   22.1853
   -7.5000  -15.0000    0.000017475.9238   22.1331
    0.0000  -15.0000    0.000018239.6348   22.1729
    7.5000  -15.0000    0.000016775.4102   22.1801
   -7.5000   -7.5000    0.000018101.4785   22.1328
    0.0000   -7.5000    0.000018845.6250   22.1700
    7.5000   -7.5000    0.000017360.4473   22.1787
   -7.5000    0.0000    0.000018446.1055   22.1327
    0.0000    0.0000    0.000019216.9570   22.1733
    7.5000    0.0000    0.000017703.0918   22.1849
   -7.5000    7.5000    0.000017435.9023   22.1336
    0.0000    7.5000    0.000018159.3594   22.1795
    7.5000    7.5000    0.000016742.6406   22.1919
   -7.5000   15.0000    0.000016180.6826   22.1301
    0.0000   15.0000    0.000016838.5078   22.1792
    7.5000   15.0000    0.000015541.5391   22.1907
   -7.5000   22.5000    0.000014793.8555   22.1194
    0.0000   22.5000    0.000015369.2373   22.1658
    7.5000   22.5000    0.000014209.1143   22.1751
   -7.5000   30.0000    0.000013403.2031   21.8711
    0.0000   30.0000    0.000013929.8672   21.9104
    7.5000   30.0000    0.000012888.1611   21.9176
   -7.5000   37.5000    0.000012388.4463   21.9653
    0.0000   37.5000    0.000012869.4102   22.0018
    7.5000   37.5000    0.000011902.8799   22.0101
   -7.5000   45.0000    0.000010965.3008   21.7171
    0.0000   45.0000    0.000011376.9658   21.7553
    7.5000   45.0000    0.000010545.3311   21.7666
   -7.5000  -45.0000    7.500012585.4082   22.1834
    0.0000  -45.0000    7.500013113.9541   22.2140
    7.5000  -45.0000    7.500012461.2559   22.2264
   -7.5000  -37.5000    7.500013354.6787   22.1291
    0.0000  -37.5000    7.500013954.2021   22.1632
    7.5000  -37.5000    7.500013141.2432   22.1775
   -7.5000  -30.0000    7.500014743.0410   22.1166
    0.0000  -30.0000    7.500015549.1973   22.1522
    7.5000  -30.0000    7.500014293.8311   22.1654
   -7.5000  -22.5000    7.500016041.0547   22.1262
    0.0000  -22.5000    7.500017047.2383   22.1593
    7.5000  -22.5000    7.500015365.5830   22.1690
   -7.5000  -15.0000    7.500016878.0137   22.1402
    0.0000  -15.0000    7.500017905.1562   22.1683
    7.5000  -15.0000    7.500016155.2256   22.1755
   -7.5000   -7.5000    7.500017420.0684   22.1406
    0.0000   -7.5000    7.500018359.7422   22.1677
    7.5000   -7.5000    7.500016727.7773   22.1765
   -7.5000    0.0000    7.500017677.5078   22.1317
    0.0000    0.0000    7.500018550.7812   22.1622
    7.5000    0.0000    7.500017006.9980   22.1748
   -7.5000    7.5000    7.500016667.2363   22.1217
    0.0000    7.5000    7.500017410.7676   22.1558
    7.5000    7.5000    7.500016060.9004   22.1701
   -7.5000   15.0000    7.500015418.6533   22.1166
    0.0000   15.0000    7.500016040.6934   22.1522
    7.5000   15.0000    7.500014870.6484   22.1654
   -7.5000   22.5000    7.500014144.4658   22.1161
    0.0000   22.5000    7.500014629.2637   22.1492
    7.5000   22.5000    7.500013608.0449   22.1589
   -7.5000   30.0000    7.500012827.1328   21.8776
    0.0000   30.0000    7.500013256.1191   21.9052
    7.5000   30.0000    7.500012341.5654   21.9123
   -7.5000   37.5000    7.500011857.7646   21.9701
    0.0000   37.5000    7.500012275.8096   21.9965
    7.5000   37.5000    7.500011418.4170   22.0048
   -7.5000   45.0000    7.500010464.5977   21.7124
    0.0000   45.0000    7.500010859.3408   21.7402
    7.5000   45.0000    7.500010106.8115   21.7520
   -7.5000  -45.0000   15.000011881.4658   22.2531
    0.0000  -45.0000   15.000012376.6045   22.2900
    7.5000  -45.0000   15.000011689.7930   22.3014
   -7.5000  -37.5000   15.000012603.8818   22.1889
    0.0000  -37.5000   15.000013105.5244   22.2269
    7.5000  -37.5000   15.000012337.6543   22.2437
   -7.5000  -30.0000   15.000013822.2627   22.1769
    0.0000  -30.0000   15.000014402.1260   22.2100
    7.5000  -30.0000   15.000013421.5205   22.2262
   -7.5000  -22.5000   15.000014839.6582   22.1961
    0.0000  -22.5000   15.000015591.8301   22.2227
    7.5000  -22.5000   15.000014404.5879   22.2327
   -7.5000  -15.0000   15.000015546.0566   22.2194
    0.0000  -15.0000   15.000016261.5898   22.2428
    7.5000  -15.0000   15.000015167.7529   22.2470
   -7.5000   -7.5000   15.000016119.3389   22.2198
    0.0000   -7.5000   15.000016827.0703   22.2487
    7.5000   -7.5000   15.000015794.9854   22.2539
   -7.5000    0.0000   15.000016429.2422   22.2012
    0.0000    0.0000   15.000017130.7773   22.2381
    7.5000    0.0000   15.000016064.7598   22.2496
   -7.5000    7.5000   15.000015513.9014   22.1814
    0.0000    7.5000   15.000016144.5049   22.2195
    7.5000    7.5000   15.000015114.6465   22.2363
   -7.5000   15.0000   15.000014377.2979   22.1768
    0.0000   15.0000   15.000014917.8389   22.2099
    7.5000   15.0000   15.000013963.2812   22.2262
   -7.5000   22.5000   15.000013188.1895   22.1859
    0.0000   22.5000   15.000013638.7930   22.2125
    7.5000   22.5000   15.000012747.9131   22.2225
   -7.5000   30.0000   15.000011968.1836   21.9566
    0.0000   30.0000   15.000012380.3086   21.9795
    7.5000   30.0000   15.000011545.0439   21.9837
   -7.5000   37.5000   15.000011033.2158   22.0491
    0.0000   37.5000   15.000011440.3018   22.0771
    7.5000   37.5000   15.000010678.1338   22.0819
   -7.5000   45.0000   15.0000 9735.9072   21.7836
    0.0000   45.0000   15.000010105.9727   21.8175
    7.5000   45.0000   15.0000 9458.5869   21.8273
   -7.5000  -45.0000   22.500011059.9209   22.4055
    0.0000  -45.0000   22.500011490.4688   22.4622
    7.5000  -45.0000   22.500010908.7334   22.4714
   -7.5000  -37.5000   22.500011641.1621   22.3446
    0.0000  -37.5000   22.500012057.3906   22.4011
    7.5000  -37.5000   22.500011461.3525   22.4190
   -7.5000  -30.0000   22.500012651.8311   22.3366
    0.0000  -30.0000   22.500013126.5859   22.3829
    7.5000  -30.0000   22.500012416.5215   22.4013
   -7.5000  -22.5000   22.500013521.7764   22.3538
    0.0000  -22.5000   22.500014104.9795   22.3896
    7.5000  -22.5000   22.500013299.7100   22.3993
   -7.5000  -15.0000   22.500014180.6523   22.3731
    0.0000  -15.0000   22.500014771.5840   22.4062
    7.5000  -15.0000   22.500014027.3779   22.4067
   -7.5000   -7.5000   22.500014752.6162   22.3717
    0.0000   -7.5000   22.500015331.3428   22.4154
    7.5000   -7.5000   22.500014590.7070   22.4159
   -7.5000    0.0000   22.500015089.7490   22.3529
    0.0000    0.0000   22.500015679.2168   22.4095
    7.5000    0.0000   22.500014882.4814   22.4187
   -7.5000    7.5000   22.500014247.4111   22.3371
    0.0000    7.5000   22.500014779.3984   22.3935
    7.5000    7.5000   22.500013976.9951   22.4115
   -7.5000   15.0000   22.500013217.3555   22.3366
    0.0000   15.0000   22.500013677.9229   22.3828
    7.5000   15.0000   22.500012911.8691   22.4013
   -7.5000   22.5000   22.500012142.0996   22.3436
    0.0000   22.5000   22.500012548.7119   22.3794
    7.5000   22.5000   22.500011811.5713   22.3891
   -7.5000   30.0000   22.500011055.9873   22.1102
    0.0000   30.0000   22.500011443.1348   22.1427
    7.5000   30.0000   22.500010723.4990   22.1431
   -7.5000   37.5000   22.500010209.1270   22.2041
    0.0000   37.5000   22.500010585.7793   22.2467
    7.5000   37.5000   22.5000 9927.0713   22.2470
   -7.5000   45.0000   22.5000 9038.9336   21.9418
    0.0000   45.0000   22.5000 9368.2129   21.9955
    7.5000   45.0000   22.5000 8802.0166   22.0025
   -7.5000  -45.0000   30.000010205.2314   22.8863
    0.0000  -45.0000   30.000010583.6016   22.9570
    7.5000  -45.0000   30.000010099.1230   22.9650
   -7.5000  -37.5000   30.000010719.7139   22.8370
    0.0000  -37.5000   30.000011133.5879   22.9086
    7.5000  -37.5000   30.000010610.9150   22.9255
   -7.5000  -30.0000   30.000011644.6045   22.8324
    0.0000  -30.0000   30.000012088.5244   22.8949
    7.5000  -30.0000   30.000011494.1045   22.9126
   -7.5000  -22.5000   30.000012442.1787   22.8377
    0.0000  -22.5000   30.000012942.7354   22.8900
    7.5000  -22.5000   30.000012312.6914   22.8990
   -7.5000  -15.0000   30.000013120.6758   22.8436
    0.0000  -15.0000   30.000013598.9814   22.8916
    7.5000  -15.0000   30.000013001.7256   22.8913
   -7.5000   -7.5000   30.000013689.2285   22.8404
    0.0000   -7.5000   30.000014193.0420   22.8976
    7.5000   -7.5000   30.000013560.9170   22.8971
   -7.5000    0.0000   30.000013982.8496   22.8313
    0.0000    0.0000   30.000014514.7373   22.9018
    7.5000    0.0000   30.000013825.1406   22.9099
   -7.5000    7.5000   30.000013152.1494   22.8292
    0.0000    7.5000   30.000013630.4736   22.9007
    7.5000    7.5000   30.000012957.3213   22.9176
   -7.5000   15.0000   30.000012183.5215   22.8323
    0.0000   15.0000   30.000012613.7803   22.8948
    7.5000   15.0000   30.000011955.1836   22.9126
   -7.5000   22.5000   30.000011200.1826   22.8273
    0.0000   22.5000   30.000011600.6982   22.8795
    7.5000   22.5000   30.000010948.2090   22.8886
   -7.5000   30.0000   30.000010211.5459   22.5766
    0.0000   30.0000   30.000010588.5273   22.6239
    7.5000   30.0000   30.0000 9946.2285   22.6236
   -7.5000   37.5000   30.0000 9449.0078   22.6755
    0.0000   37.5000   30.0000 9804.6484   22.7317
    7.5000   37.5000   30.0000 9228.6172   22.7311
   -7.5000   45.0000   30.0000 8405.6465   22.4241
    0.0000   45.0000   30.0000 8726.0752   22.4921
    7.5000   45.0000   30.0000 8217.7725   22.4981
   -7.5000  -45.0000   37.5000 9761.1885   23.5837
    0.0000  -45.0000   37.500010152.5635   23.6531
    7.5000  -45.0000   37.5000 9713.4961   23.6640
   -7.5000  -37.5000   37.500010286.2002   23.5379
    0.0000  -37.5000   37.500010698.2002   23.6106
    7.5000  -37.5000   37.500010210.2070   23.6267
   -7.5000  -30.0000   37.500011167.9785   23.5304
    0.0000  -30.0000   37.500011615.5605   23.6003
    7.5000  -30.0000   37.500011054.3145   23.6168
   -7.5000  -22.5000   37.500011964.3145   23.5276
    0.0000  -22.5000   37.500012438.1426   23.5912
    7.5000  -22.5000   37.500011841.1494   23.6025
   -7.5000  -15.0000   37.500012653.2764   23.5276
    0.0000  -15.0000   37.500013107.9268   23.5852
    7.5000  -15.0000   37.500012522.4785   23.5904
   -7.5000   -7.5000   37.500013213.5830   23.5257
    0.0000   -7.5000   37.500013684.7422   23.5864
    7.5000   -7.5000   37.500013067.3096   23.5918
   -7.5000    0.0000   37.500013503.9854   23.5252
    0.0000    0.0000   37.500014000.2061   23.5944
    7.5000    0.0000   37.500013353.7617   23.6054
   -7.5000    7.5000   37.500012690.6826   23.5297
    0.0000    7.5000   37.500013163.8145   23.6023
    7.5000    7.5000   37.500012519.7012   23.6184
   -7.5000   15.0000   37.500011760.7031   23.5304
    0.0000   15.0000   37.500012174.3496   23.6003
    7.5000   15.0000   37.500011556.8301   23.6168
   -7.5000   22.5000   37.500010795.8916   23.5168
    0.0000   22.5000   37.500011194.3447   23.5803
    7.5000   22.5000   37.500010589.6338   23.5916
   -7.5000   30.0000   37.5000 9852.8115   23.2443
    0.0000   30.0000   37.500010230.9756   23.3011
    7.5000   30.0000   37.5000 9626.1455   23.3062
   -7.5000   37.5000   37.5000 9146.0312   23.3405
    0.0000   37.5000   37.5000 9496.6670   23.4002
    7.5000   37.5000   37.5000 8941.6211   23.4053
   -7.5000   45.0000   37.5000 8173.5547   23.0854
    0.0000   45.0000   37.5000 8499.7832   23.1521
    7.5000   45.0000   37.5000 7997.3364   23.1621
   -7.5000  -45.0000   45.0000 8961.5215   24.3194
    0.0000  -45.0000   45.0000 9314.6338   24.3728
    7.5000  -45.0000   45.0000 8913.9834   24.3837
   -7.5000  -37.5000   45.0000 9484.1875   24.2654
    0.0000  -37.5000   45.0000 9851.5088   24.3232
    7.5000  -37.5000   45.0000 9388.1221   24.3369
   -7.5000  -30.0000   45.000010290.0127   24.2525
    0.0000  -30.0000   45.000010688.9033   24.3127
    7.5000  -30.0000   45.000010170.1484   24.3267
   -7.5000  -22.5000   45.000011006.8379   24.2533
    0.0000  -22.5000   45.000011428.8838   24.3110
    7.5000  -22.5000   45.000010888.8066   24.3217
   -7.5000  -15.0000   45.000011645.0986   24.2586
    0.0000  -15.0000   45.000012067.7852   24.3103
    7.5000  -15.0000   45.000011506.8096   24.3173
   -7.5000   -7.5000   45.000012165.0791   24.2580
    0.0000   -7.5000   45.000012602.4170   24.3078
    7.5000   -7.5000   45.000012014.0342   24.3153
   -7.5000    0.0000   45.000012475.8916   24.2567
    0.0000    0.0000   45.000012935.5156   24.3100
    7.5000    0.0000   45.000012325.3271   24.3209
   -7.5000    7.5000   45.000011745.0576   24.2565
    0.0000    7.5000   45.000012183.0908   24.3143
    7.5000    7.5000   45.000011591.0635   24.3280
   -7.5000   15.0000   45.000010882.1318   24.2525
    0.0000   15.0000   45.000011280.8271   24.3127
    7.5000   15.0000   45.000010711.4805   24.3267
   -7.5000   22.5000   45.0000 9958.1025   24.2421
    0.0000   22.5000   45.000010350.8037   24.2997
    7.5000   22.5000   45.0000 9796.0762   24.3104
   -7.5000   30.0000   45.0000 9063.0771   23.9532
    0.0000   30.0000   45.0000 9421.5771   24.0041
    7.5000   30.0000   45.0000 8892.9287   24.0110
   -7.5000   37.5000   45.0000 8462.0635   24.0413
    0.0000   37.5000   45.0000 8792.2881   24.0903
    7.5000   37.5000   45.0000 8276.9580   24.0975
   -7.5000   45.0000   45.0000 7590.7227   23.7822
    0.0000   45.0000   45.0000 7885.6587   23.8329
    7.5000   45.0000   45.0000 7418.1704   23.8438

---------------------------------------------------------------------
imgreg_4dfp /usr/local/freesurfer/average/711-2C_as_mni_average_305 /usr/local/freesurfer/average/711-2B_as_mni_average_305_mask talsrcimg_g11 none talsrcimg_to_711-2C_as_mni_average_305_t4 4355
---------------------------------------------------------------------

freesurfer imgreg_4dfp.c
/usr/local/freesurfer/average/711-2C_as_mni_average_305.4dfp.img
       256       256       256         1
  1.000000  1.000000  1.000000
orientation T byte_order littleendian
Reading image: /usr/local/freesurfer/average/711-2C_as_mni_average_305.4dfp.img
dimensions:      256       256       256
mmppix:       1.0000   -1.0000   -1.0000
center:     128.0000 -129.0000 -129.0000
/usr/local/freesurfer/average/711-2B_as_mni_average_305_mask.4dfp.img
       256       256       256         1
  1.000000  1.000000  1.000000
orientation T byte_order littleendian
Reading mask: /usr/local/freesurfer/average/711-2B_as_mni_average_305_mask.4dfp.img (2306576 pixels)
talsrcimg_g11.4dfp.img
       256       256       256         1
  1.000000  1.000000  1.000000
orientation T byte_order littleendian
Reading image: talsrcimg_g11.4dfp.img
dimensions:      256       256       256
mmppix:       1.0000   -1.0000   -1.0000
center:     128.0000 -129.0000 -129.0000
rotation matrix determinant  1.000000
image alignment mode   4355 decimal     1103 hex
   -7.5000  -45.0000  -45.0000 2430.0935   21.3601
    0.0000  -45.0000  -45.0000 2440.6973   21.2484
    7.5000  -45.0000  -45.0000 2427.2490   21.3992
   -7.5000  -37.5000  -45.0000 2465.2419   20.5926
    0.0000  -37.5000  -45.0000 2477.1477   20.4826
    7.5000  -37.5000  -45.0000 2455.6748   20.6135
   -7.5000  -30.0000  -45.0000 2480.0862   20.2594
    0.0000  -30.0000  -45.0000 2493.6545   20.1208
    7.5000  -30.0000  -45.0000 2475.1917   20.2822
   -7.5000  -22.5000  -45.0000 2497.2998   20.2869
    0.0000  -22.5000  -45.0000 2496.6504   20.0949
    7.5000  -22.5000  -45.0000 2483.9331   20.2967
   -7.5000  -15.0000  -45.0000 2496.2073   20.5871
    0.0000  -15.0000  -45.0000 2500.6672   20.3904
    7.5000  -15.0000  -45.0000 2484.4229   20.6120
   -7.5000   -7.5000  -45.0000 2475.0754   21.0885
    0.0000   -7.5000  -45.0000 2481.0322   20.9619
    7.5000   -7.5000  -45.0000 2469.2546   21.1892
   -7.5000    0.0000  -45.0000 2440.7690   22.0256
    0.0000    0.0000  -45.0000 2446.5513   21.8395
    7.5000    0.0000  -45.0000 2430.2131   22.0405
   -7.5000    7.5000  -45.0000 2380.7156   23.1613
    0.0000    7.5000  -45.0000 2390.0764   23.0801
    7.5000    7.5000  -45.0000 2372.4868   23.2051
   -7.5000   15.0000  -45.0000 2306.3953   24.6761
    0.0000   15.0000  -45.0000 2319.0962   24.6949
    7.5000   15.0000  -45.0000 2298.2290   24.7899
   -7.5000   22.5000  -45.0000 2218.5754   26.7011
    0.0000   22.5000  -45.0000 2225.1790   26.7627
    7.5000   22.5000  -45.0000 2207.2681   26.8545
   -7.5000   30.0000  -45.0000 2117.4802   29.3789
    0.0000   30.0000  -45.0000 2132.3975   29.4054
    7.5000   30.0000  -45.0000 2107.8713   29.5078
   -7.5000   37.5000  -45.0000 2021.1169   32.8915
    0.0000   37.5000  -45.0000 2024.9670   32.9089
    7.5000   37.5000  -45.0000 2003.9211   32.9242
   -7.5000   45.0000  -45.0000 1893.1414   37.4151
    0.0000   45.0000  -45.0000 1895.3687   37.3383
    7.5000   45.0000  -45.0000 1879.6406   37.4994
   -7.5000  -45.0000  -37.5000 2506.3972   20.1379
    0.0000  -45.0000  -37.5000 2515.4792   19.9686
    7.5000  -45.0000  -37.5000 2500.8706   20.1184
   -7.5000  -37.5000  -37.5000 2546.7781   19.2993
    0.0000  -37.5000  -37.5000 2553.7908   19.0876
    7.5000  -37.5000  -37.5000 2537.6035   19.2810
   -7.5000  -30.0000  -37.5000 2566.5061   18.9632
    0.0000  -30.0000  -37.5000 2568.9490   18.7451
    7.5000  -30.0000  -37.5000 2560.4690   18.9298
   -7.5000  -22.5000  -37.5000 2580.3743   18.9220
    0.0000  -22.5000  -37.5000 2576.0894   18.7221
    7.5000  -22.5000  -37.5000 2572.6936   18.9323
   -7.5000  -15.0000  -37.5000 2583.1245   19.1919
    0.0000  -15.0000  -37.5000 2577.2991   18.9690
    7.5000  -15.0000  -37.5000 2568.8992   19.2523
   -7.5000   -7.5000  -37.5000 2561.7432   19.6461
    0.0000   -7.5000  -37.5000 2561.8303   19.4841
    7.5000   -7.5000  -37.5000 2549.1262   19.7232
   -7.5000    0.0000  -37.5000 2525.2000   20.4612
    0.0000    0.0000  -37.5000 2526.6804   20.2561
    7.5000    0.0000  -37.5000 2514.5906   20.4974
   -7.5000    7.5000  -37.5000 2465.2129   21.4507
    0.0000    7.5000  -37.5000 2473.2388   21.3087
    7.5000    7.5000  -37.5000 2456.2314   21.5473
   -7.5000   15.0000  -37.5000 2386.5442   22.8018
    0.0000   15.0000  -37.5000 2398.7063   22.7257
    7.5000   15.0000  -37.5000 2377.6819   22.9002
   -7.5000   22.5000  -37.5000 2292.6147   24.6500
    0.0000   22.5000  -37.5000 2304.0515   24.6215
    7.5000   22.5000  -37.5000 2282.8416   24.7825
   -7.5000   30.0000  -37.5000 2190.0464   27.0902
    0.0000   30.0000  -37.5000 2195.5652   27.0531
    7.5000   30.0000  -37.5000 2177.9912   27.1811
   -7.5000   37.5000  -37.5000 2085.8833   30.2476
    0.0000   37.5000  -37.5000 2095.8098   30.2482
    7.5000   37.5000  -37.5000 2070.4084   30.2863
   -7.5000   45.0000  -37.5000 1956.9213   34.4150
    0.0000   45.0000  -37.5000 1954.2347   34.4337
    7.5000   45.0000  -37.5000 1938.1472   34.5822
   -7.5000  -45.0000  -30.0000 2617.4695   19.7671
    0.0000  -45.0000  -30.0000 2622.8044   19.6098
    7.5000  -45.0000  -30.0000 2612.2432   19.7147
   -7.5000  -37.5000  -30.0000 2662.6270   18.8696
    0.0000  -37.5000  -30.0000 2660.6145   18.6144
    7.5000  -37.5000  -30.0000 2653.0117   18.7899
   -7.5000  -30.0000  -30.0000 2685.9910   18.4218
    0.0000  -30.0000  -30.0000 2683.4023   18.1892
    7.5000  -30.0000  -30.0000 2677.3943   18.3400
   -7.5000  -22.5000  -30.0000 2697.2397   18.3258
    0.0000  -22.5000  -30.0000 2695.2688   18.1085
    7.5000  -22.5000  -30.0000 2690.3025   18.2670
   -7.5000  -15.0000  -30.0000 2698.4915   18.5043
    0.0000  -15.0000  -30.0000 2700.7954   18.3162
    7.5000  -15.0000  -30.0000 2692.2373   18.5339
   -7.5000   -7.5000  -30.0000 2685.3213   18.9848
    0.0000   -7.5000  -30.0000 2691.2217   18.8030
    7.5000   -7.5000  -30.0000 2678.1943   19.0611
   -7.5000    0.0000  -30.0000 2651.0728   19.7162
    0.0000    0.0000  -30.0000 2651.1245   19.5115
    7.5000    0.0000  -30.0000 2638.1853   19.7950
   -7.5000    7.5000  -30.0000 2593.9392   20.6978
    0.0000    7.5000  -30.0000 2592.9146   20.5170
    7.5000    7.5000  -30.0000 2579.7639   20.8009
   -7.5000   15.0000  -30.0000 2515.0969   21.9776
    0.0000   15.0000  -30.0000 2515.0938   21.7820
    7.5000   15.0000  -30.0000 2502.3835   22.0682
   -7.5000   22.5000  -30.0000 2418.5977   23.6836
    0.0000   22.5000  -30.0000 2416.3333   23.5385
    7.5000   22.5000  -30.0000 2403.6882   23.8040
   -7.5000   30.0000  -30.0000 2302.3831   26.0015
    0.0000   30.0000  -30.0000 2297.8489   25.8905
    7.5000   30.0000  -30.0000 2285.6816   26.0655
   -7.5000   37.5000  -30.0000 2186.3320   28.9988
    0.0000   37.5000  -30.0000 2185.8962   28.9124
    7.5000   37.5000  -30.0000 2165.7522   29.0808
   -7.5000   45.0000  -30.0000 2053.4805   32.8893
    0.0000   45.0000  -30.0000 2056.1963   32.9120
    7.5000   45.0000  -30.0000 2031.2292   33.0396
   -7.5000  -45.0000  -22.5000 2710.4998   19.3633
    0.0000  -45.0000  -22.5000 2717.3940   19.2254
    7.5000  -45.0000  -22.5000 2714.9917   19.3302
   -7.5000  -37.5000  -22.5000 2748.5232   18.3802
    0.0000  -37.5000  -22.5000 2752.6389   18.1878
    7.5000  -37.5000  -22.5000 2748.0969   18.2987
   -7.5000  -30.0000  -22.5000 2775.0447   17.7847
    0.0000  -30.0000  -22.5000 2774.4272   17.5456
    7.5000  -30.0000  -22.5000 2764.5908   17.6887
   -7.5000  -22.5000  -22.5000 2789.3452   17.6135
    0.0000  -22.5000  -22.5000 2789.9646   17.3928
    7.5000  -22.5000  -22.5000 2776.9580   17.5652
   -7.5000  -15.0000  -22.5000 2790.8796   17.7480
    0.0000  -15.0000  -22.5000 2793.0195   17.5341
    7.5000  -15.0000  -22.5000 2785.4592   17.7797
   -7.5000   -7.5000  -22.5000 2781.8523   18.2372
    0.0000   -7.5000  -22.5000 2782.8713   18.0123
    7.5000   -7.5000  -22.5000 2780.0713   18.3330
   -7.5000    0.0000  -22.5000 2751.2302   18.9812
    0.0000    0.0000  -22.5000 2746.2913   18.7442
    7.5000    0.0000  -22.5000 2744.4771   19.0824
   -7.5000    7.5000  -22.5000 2698.2415   19.9411
    0.0000    7.5000  -22.5000 2694.9536   19.7454
    7.5000    7.5000  -22.5000 2685.5774   20.0476
   -7.5000   15.0000  -22.5000 2623.3542   21.1999
    0.0000   15.0000  -22.5000 2619.5620   21.0422
    7.5000   15.0000  -22.5000 2608.4006   21.3360
   -7.5000   22.5000  -22.5000 2519.0117   22.8455
    0.0000   22.5000  -22.5000 2520.7861   22.6925
    7.5000   22.5000  -22.5000 2511.5818   23.0376
   -7.5000   30.0000  -22.5000 2397.0100   25.0705
    0.0000   30.0000  -22.5000 2397.3235   24.9132
    7.5000   30.0000  -22.5000 2385.1802   25.2580
   -7.5000   37.5000  -22.5000 2267.9802   27.9698
    0.0000   37.5000  -22.5000 2271.5237   27.9272
    7.5000   37.5000  -22.5000 2253.1438   28.1985
   -7.5000   45.0000  -22.5000 2130.4019   31.6674
    0.0000   45.0000  -22.5000 2139.4822   31.7066
    7.5000   45.0000  -22.5000 2116.1895   31.9449
   -7.5000  -45.0000  -15.0000 2752.3733   19.0342
    0.0000  -45.0000  -15.0000 2768.9146   18.9204
    7.5000  -45.0000  -15.0000 2763.8926   19.0003
   -7.5000  -37.5000  -15.0000 2795.9802   18.0405
    0.0000  -37.5000  -15.0000 2805.5242   17.8740
    7.5000  -37.5000  -15.0000 2797.7507   17.9554
   -7.5000  -30.0000  -15.0000 2819.1892   17.3006
    0.0000  -30.0000  -15.0000 2826.0908   17.0923
    7.5000  -30.0000  -15.0000 2814.4019   17.2389
   -7.5000  -22.5000  -15.0000 2842.1272   16.9795
    0.0000  -22.5000  -15.0000 2839.4387   16.7209
    7.5000  -22.5000  -15.0000 2829.6045   17.0265
   -7.5000  -15.0000  -15.0000 2854.8894   17.1224
    0.0000  -15.0000  -15.0000 2842.9658   16.8745
    7.5000  -15.0000  -15.0000 2847.7583   17.1870
   -7.5000   -7.5000  -15.0000 2849.2981   17.6179
    0.0000   -7.5000  -15.0000 2845.8159   17.3739
    7.5000   -7.5000  -15.0000 2850.6875   17.6806
   -7.5000    0.0000  -15.0000 2818.6663   18.3672
    0.0000    0.0000  -15.0000 2813.5352   18.1311
    7.5000    0.0000  -15.0000 2816.1211   18.4357
   -7.5000    7.5000  -15.0000 2767.3989   19.2822
    0.0000    7.5000  -15.0000 2763.7070   19.0811
    7.5000    7.5000  -15.0000 2757.2891   19.4057
   -7.5000   15.0000  -15.0000 2689.6208   20.5027
    0.0000   15.0000  -15.0000 2690.2996   20.3421
    7.5000   15.0000  -15.0000 2676.3154   20.7109
   -7.5000   22.5000  -15.0000 2593.9622   22.1775
    0.0000   22.5000  -15.0000 2598.4861   22.0575
    7.5000   22.5000  -15.0000 2582.2012   22.4404
   -7.5000   30.0000  -15.0000 2466.6052   24.3356
    0.0000   30.0000  -15.0000 2481.0203   24.2706
    7.5000   30.0000  -15.0000 2454.8279   24.6204
   -7.5000   37.5000  -15.0000 2326.5195   27.0974
    0.0000   37.5000  -15.0000 2340.8506   27.1075
    7.5000   37.5000  -15.0000 2315.0122   27.4158
   -7.5000   45.0000  -15.0000 2180.3291   30.7008
    0.0000   45.0000  -15.0000 2190.1118   30.7202
    7.5000   45.0000  -15.0000 2165.4763   30.9906
   -7.5000  -45.0000   -7.5000 2765.2749   18.8430
    0.0000  -45.0000   -7.5000 2776.1440   18.6770
    7.5000  -45.0000   -7.5000 2772.9851   18.7697
   -7.5000  -37.5000   -7.5000 2811.6824   17.8078
    0.0000  -37.5000   -7.5000 2821.5662   17.6508
    7.5000  -37.5000   -7.5000 2814.8657   17.7005
   -7.5000  -30.0000   -7.5000 2846.9661   17.1287
    0.0000  -30.0000   -7.5000 2858.6252   17.0046
    7.5000  -30.0000   -7.5000 2844.5798   16.9975
   -7.5000  -22.5000   -7.5000 2870.3896   16.6706
    0.0000  -22.5000   -7.5000 2873.4004   16.4441
    7.5000  -22.5000   -7.5000 2859.3047   16.6814
   -7.5000  -15.0000   -7.5000 2891.9255   16.7065
    0.0000  -15.0000   -7.5000 2883.8660   16.4802
    7.5000  -15.0000   -7.5000 2872.5530   16.7703
   -7.5000   -7.5000   -7.5000 2895.4341   17.2191
    0.0000   -7.5000   -7.5000 2893.1069   16.9933
    7.5000   -7.5000   -7.5000 2879.8411   17.2362
   -7.5000    0.0000   -7.5000 2867.1758   17.8347
    0.0000    0.0000   -7.5000 2869.8198   17.6916
    7.5000    0.0000   -7.5000 2852.2832   17.8706
   -7.5000    7.5000   -7.5000 2812.7087   18.6818
    0.0000    7.5000   -7.5000 2819.2979   18.5639
    7.5000    7.5000   -7.5000 2796.3977   18.8332
   -7.5000   15.0000   -7.5000 2736.2375   19.9686
    0.0000   15.0000   -7.5000 2741.4363   19.8409
    7.5000   15.0000   -7.5000 2714.1675   20.1296
   -7.5000   22.5000   -7.5000 2647.1426   21.6956
    0.0000   22.5000   -7.5000 2649.4167   21.6091
    7.5000   22.5000   -7.5000 2623.1453   21.8730
   -7.5000   30.0000   -7.5000 2522.8992   23.8803
    0.0000   30.0000   -7.5000 2527.9233   23.7885
    7.5000   30.0000   -7.5000 2501.3110   24.0230
   -7.5000   37.5000   -7.5000 2375.0789   26.5879
    0.0000   37.5000   -7.5000 2381.8535   26.5462
    7.5000   37.5000   -7.5000 2357.4546   26.7313
   -7.5000   45.0000   -7.5000 2215.2649   30.0173
    0.0000   45.0000   -7.5000 2223.3455   29.9956
    7.5000   45.0000   -7.5000 2195.5220   30.1622
   -7.5000  -45.0000    0.0000 2743.7893   18.8892
    0.0000  -45.0000    0.0000 2754.1335   18.7569
    7.5000  -45.0000    0.0000 2749.5237   18.8362
   -7.5000  -37.5000    0.0000 2804.5283   17.8439
    0.0000  -37.5000    0.0000 2814.5193   17.7199
    7.5000  -37.5000    0.0000 2809.0793   17.7725
   -7.5000  -30.0000    0.0000 2852.2437   17.2868
    0.0000  -30.0000    0.0000 2862.1162   17.1918
    7.5000  -30.0000    0.0000 2851.9216   17.1312
   -7.5000  -22.5000    0.0000 2894.4519   16.9923
    0.0000  -22.5000    0.0000 2910.1077   16.9458
    7.5000  -22.5000    0.0000 2880.1672   16.8252
   -7.5000  -15.0000    0.0000 2915.6941   16.8011
    0.0000  -15.0000    0.0000 2930.8018   16.7845
    7.5000  -15.0000    0.0000 2884.0840   16.8081
   -7.5000   -7.5000    0.0000 2914.0664   16.9917
    0.0000   -7.5000    0.0000 2929.7964   16.9851
    7.5000   -7.5000    0.0000 2876.4529   16.9927
   -7.5000    0.0000    0.0000 2877.9595   17.5461
    0.0000    0.0000    0.0000 2893.7542   17.4939
    7.5000    0.0000    0.0000 2852.2449   17.5897
   -7.5000    7.5000    0.0000 2838.7927   18.4565
    0.0000    7.5000    0.0000 2848.4521   18.3855
    7.5000    7.5000    0.0000 2811.5669   18.5522
   -7.5000   15.0000    0.0000 2772.0891   19.7860
    0.0000   15.0000    0.0000 2778.5127   19.7075
    7.5000   15.0000    0.0000 2740.6355   19.8487
   -7.5000   22.5000    0.0000 2673.6899   21.5270
    0.0000   22.5000    0.0000 2674.4077   21.4571
    7.5000   22.5000    0.0000 2645.1687   21.6041
   -7.5000   30.0000    0.0000 2548.4768   23.7126
    0.0000   30.0000    0.0000 2552.6489   23.6457
    7.5000   30.0000    0.0000 2525.8933   23.7904
   -7.5000   37.5000    0.0000 2405.4829   26.3949
    0.0000   37.5000    0.0000 2408.2751   26.3150
    7.5000   37.5000    0.0000 2379.0483   26.3755
   -7.5000   45.0000    0.0000 2246.6450   29.6957
    0.0000   45.0000    0.0000 2251.3650   29.6451
    7.5000   45.0000    0.0000 2220.7646   29.7138
   -7.5000  -45.0000    7.5000 2708.6626   19.3240
    0.0000  -45.0000    7.5000 2712.4324   19.2105
    7.5000  -45.0000    7.5000 2720.5742   19.3073
   -7.5000  -37.5000    7.5000 2783.5095   18.3195
    0.0000  -37.5000    7.5000 2792.2812   18.2361
    7.5000  -37.5000    7.5000 2788.3276   18.2643
   -7.5000  -30.0000    7.5000 2844.1667   17.7507
    0.0000  -30.0000    7.5000 2862.0330   17.7725
    7.5000  -30.0000    7.5000 2835.5945   17.6164
   -7.5000  -22.5000    7.5000 2904.7358   17.5180
    0.0000  -22.5000    7.5000 2933.9954   17.6419
    7.5000  -22.5000    7.5000 2873.1538   17.2858
   -7.5000  -15.0000    7.5000 2929.5283   17.1905
    0.0000  -15.0000    7.5000 2959.4062   17.3236
    7.5000  -15.0000    7.5000 2881.5798   17.1069
   -7.5000   -7.5000    7.5000 2922.3826   17.1897
    0.0000   -7.5000    7.5000 2938.2622   17.2442
    7.5000   -7.5000    7.5000 2878.8064   17.2795
   -7.5000    0.0000    7.5000 2888.7598   17.6412
    0.0000    0.0000    7.5000 2897.6101   17.6218
    7.5000    0.0000    7.5000 2852.1868   17.8268
   -7.5000    7.5000    7.5000 2851.3589   18.5500
    0.0000    7.5000    7.5000 2855.3096   18.4745
    7.5000    7.5000    7.5000 2819.2253   18.6901
   -7.5000   15.0000    7.5000 2779.8865   19.8178
    0.0000   15.0000    7.5000 2782.8093   19.7170
    7.5000   15.0000    7.5000 2755.6467   19.9645
   -7.5000   22.5000    7.5000 2688.2595   21.5257
    0.0000   22.5000    7.5000 2685.2927   21.4177
    7.5000   22.5000    7.5000 2662.9497   21.6745
   -7.5000   30.0000    7.5000 2567.9397   23.7882
    0.0000   30.0000    7.5000 2563.8088   23.6338
    7.5000   30.0000    7.5000 2547.9658   23.8946
   -7.5000   37.5000    7.5000 2425.0029   26.4829
    0.0000   37.5000    7.5000 2425.2295   26.3459
    7.5000   37.5000    7.5000 2402.6697   26.5128
   -7.5000   45.0000    7.5000 2262.4058   29.6894
    0.0000   45.0000    7.5000 2269.4880   29.6288
    7.5000   45.0000    7.5000 2240.1592   29.7140
   -7.5000  -45.0000   15.0000 2670.8572   20.2685
    0.0000  -45.0000   15.0000 2686.8203   20.2795
    7.5000  -45.0000   15.0000 2673.3315   20.3234
   -7.5000  -37.5000   15.0000 2757.3494   19.1903
    0.0000  -37.5000   15.0000 2768.3596   19.1604
    7.5000  -37.5000   15.0000 2753.3970   19.1818
   -7.5000  -30.0000   15.0000 2822.5339   18.4853
    0.0000  -30.0000   15.0000 2829.3826   18.4425
    7.5000  -30.0000   15.0000 2806.8289   18.4379
   -7.5000  -22.5000   15.0000 2878.4558   18.0526
    0.0000  -22.5000   15.0000 2895.3247   18.0776
    7.5000  -22.5000   15.0000 2853.8831   17.9816
   -7.5000  -15.0000   15.0000 2895.2175   17.6350
    0.0000  -15.0000   15.0000 2908.2957   17.6388
    7.5000  -15.0000   15.0000 2863.6006   17.7540
   -7.5000   -7.5000   15.0000 2896.8574   17.7351
    0.0000   -7.5000   15.0000 2905.4172   17.6680
    7.5000   -7.5000   15.0000 2869.7639   18.0116
   -7.5000    0.0000   15.0000 2878.0283   18.2910
    0.0000    0.0000   15.0000 2884.1765   18.2077
    7.5000    0.0000   15.0000 2846.6448   18.5436
   -7.5000    7.5000   15.0000 2842.3171   19.1372
    0.0000    7.5000   15.0000 2845.9075   19.0757
    7.5000    7.5000   15.0000 2811.8369   19.3368
   -7.5000   15.0000   15.0000 2765.4824   20.3195
    0.0000   15.0000   15.0000 2765.8689   20.2086
    7.5000   15.0000   15.0000 2741.8506   20.4853
   -7.5000   22.5000   15.0000 2680.4053   21.8517
    0.0000   22.5000   15.0000 2673.9370   21.7598
    7.5000   22.5000   15.0000 2648.4521   22.0526
   -7.5000   30.0000   15.0000 2565.5449   24.0098
    0.0000   30.0000   15.0000 2560.9470   23.8677
    7.5000   30.0000   15.0000 2543.1177   24.1477
   -7.5000   37.5000   15.0000 2417.7791   26.6105
    0.0000   37.5000   15.0000 2418.3091   26.4832
    7.5000   37.5000   15.0000 2405.2024   26.6935
   -7.5000   45.0000   15.0000 2250.8064   29.8379
    0.0000   45.0000   15.0000 2253.9836   29.7013
    7.5000   45.0000   15.0000 2239.1064   29.9318
   -7.5000  -45.0000   22.5000 2622.0740   21.3437
    0.0000  -45.0000   22.5000 2632.5789   21.2591
    7.5000  -45.0000   22.5000 2625.8843   21.4463
   -7.5000  -37.5000   22.5000 2705.0637   20.0493
    0.0000  -37.5000   22.5000 2712.1738   19.9547
    7.5000  -37.5000   22.5000 2706.1055   20.1360
   -7.5000  -30.0000   22.5000 2769.5283   19.1880
    0.0000  -30.0000   22.5000 2773.9670   19.0893
    7.5000  -30.0000   22.5000 2762.2485   19.2472
   -7.5000  -22.5000   22.5000 2818.5132   18.5580
    0.0000  -22.5000   22.5000 2825.3064   18.5507
    7.5000  -22.5000   22.5000 2807.1094   18.6944
   -7.5000  -15.0000   22.5000 2839.7297   18.1466
    0.0000  -15.0000   22.5000 2845.7891   18.1260
    7.5000  -15.0000   22.5000 2824.1853   18.4618
   -7.5000   -7.5000   22.5000 2848.0261   18.3648
    0.0000   -7.5000   22.5000 2850.8210   18.2936
    7.5000   -7.5000   22.5000 2828.6948   18.7095
   -7.5000    0.0000   22.5000 2828.7388   19.0018
    0.0000    0.0000   22.5000 2832.1265   18.9232
    7.5000    0.0000   22.5000 2810.9932   19.2787
   -7.5000    7.5000   22.5000 2785.9719   19.8805
    0.0000    7.5000   22.5000 2791.4255   19.7863
    7.5000    7.5000   22.5000 2769.9282   20.1131
   -7.5000   15.0000   22.5000 2721.5034   20.9932
    0.0000   15.0000   22.5000 2722.3354   20.9006
    7.5000   15.0000   22.5000 2703.5115   21.1496
   -7.5000   22.5000   22.5000 2647.1357   22.4562
    0.0000   22.5000   22.5000 2644.4021   22.3567
    7.5000   22.5000   22.5000 2622.2043   22.6748
   -7.5000   30.0000   22.5000 2545.6875   24.4151
    0.0000   30.0000   22.5000 2545.4336   24.3223
    7.5000   30.0000   22.5000 2519.6582   24.6254
   -7.5000   37.5000   22.5000 2398.8057   26.9508
    0.0000   37.5000   22.5000 2406.5928   26.9128
    7.5000   37.5000   22.5000 2393.0598   27.0981
   -7.5000   45.0000   22.5000 2239.8406   30.2149
    0.0000   45.0000   22.5000 2240.9504   30.1172
    7.5000   45.0000   22.5000 2229.5081   30.3573
   -7.5000  -45.0000   30.0000 2556.6243   22.4392
    0.0000  -45.0000   30.0000 2561.8774   22.3346
    7.5000  -45.0000   30.0000 2560.8450   22.6940
   -7.5000  -37.5000   30.0000 2636.1890   21.0328
    0.0000  -37.5000   30.0000 2640.9194   20.9241
    7.5000  -37.5000   30.0000 2639.5479   21.2753
   -7.5000  -30.0000   30.0000 2701.9631   20.0271
    0.0000  -30.0000   30.0000 2704.3906   19.9726
    7.5000  -30.0000   30.0000 2696.5920   20.2652
   -7.5000  -22.5000   30.0000 2747.1016   19.3597
    0.0000  -22.5000   30.0000 2751.5967   19.3290
    7.5000  -22.5000   30.0000 2743.9138   19.6400
   -7.5000  -15.0000   30.0000 2773.8533   18.9931
    0.0000  -15.0000   30.0000 2774.2180   18.9613
    7.5000  -15.0000   30.0000 2761.8281   19.3677
   -7.5000   -7.5000   30.0000 2781.1372   19.2833
    0.0000   -7.5000   30.0000 2781.1345   19.2200
    7.5000   -7.5000   30.0000 2767.6702   19.6311
   -7.5000    0.0000   30.0000 2759.7795   19.9436
    0.0000    0.0000   30.0000 2762.4097   19.8671
    7.5000    0.0000   30.0000 2747.2810   20.2144
   -7.5000    7.5000   30.0000 2716.0659   20.8171
    0.0000    7.5000   30.0000 2722.1086   20.7380
    7.5000    7.5000   30.0000 2705.7334   21.0416
   -7.5000   15.0000   30.0000 2656.8752   21.8800
    0.0000   15.0000   30.0000 2663.3545   21.8166
    7.5000   15.0000   30.0000 2646.3801   22.0906
   -7.5000   22.5000   30.0000 2602.7322   23.2525
    0.0000   22.5000   30.0000 2604.8401   23.1657
    7.5000   22.5000   30.0000 2578.2842   23.4682
   -7.5000   30.0000   30.0000 2508.0466   25.1653
    0.0000   30.0000   30.0000 2506.0627   25.0546
    7.5000   30.0000   30.0000 2472.9260   25.3522
   -7.5000   37.5000   30.0000 2363.6240   27.6677
    0.0000   37.5000   30.0000 2365.2700   27.6038
    7.5000   37.5000   30.0000 2351.3640   27.8840
   -7.5000   45.0000   30.0000 2222.3958   30.9286
    0.0000   45.0000   30.0000 2222.2144   30.9002
    7.5000   45.0000   30.0000 2205.2510   31.1547
   -7.5000  -45.0000   37.5000 2483.1497   23.7131
    0.0000  -45.0000   37.5000 2487.1360   23.6030
    7.5000  -45.0000   37.5000 2492.4814   24.1392
   -7.5000  -37.5000   37.5000 2569.5540   22.2157
    0.0000  -37.5000   37.5000 2569.6848   22.0960
    7.5000  -37.5000   37.5000 2568.1284   22.5685
   -7.5000  -30.0000   37.5000 2627.7646   21.1622
    0.0000  -30.0000   37.5000 2630.9463   21.0752
    7.5000  -30.0000   37.5000 2621.0413   21.5103
   -7.5000  -22.5000   37.5000 2674.1978   20.4182
    0.0000  -22.5000   37.5000 2676.6562   20.3889
    7.5000  -22.5000   37.5000 2664.6560   20.8055
   -7.5000  -15.0000   37.5000 2700.8899   20.0942
    0.0000  -15.0000   37.5000 2701.8950   20.0342
    7.5000  -15.0000   37.5000 2685.7063   20.5080
   -7.5000   -7.5000   37.5000 2706.0063   20.3854
    0.0000   -7.5000   37.5000 2704.2324   20.2959
    7.5000   -7.5000   37.5000 2693.0305   20.7429
   -7.5000    0.0000   37.5000 2684.6626   21.0301
    0.0000    0.0000   37.5000 2685.9636   20.9427
    7.5000    0.0000   37.5000 2675.4299   21.3311
   -7.5000    7.5000   37.5000 2646.3706   21.8945
    0.0000    7.5000   37.5000 2652.3977   21.8213
    7.5000    7.5000   37.5000 2638.6462   22.1581
   -7.5000   15.0000   37.5000 2598.9089   22.9572
    0.0000   15.0000   37.5000 2602.1941   22.8899
    7.5000   15.0000   37.5000 2585.9407   23.2027
   -7.5000   22.5000   37.5000 2539.4102   24.2951
    0.0000   22.5000   37.5000 2545.7278   24.2394
    7.5000   22.5000   37.5000 2520.3657   24.5779
   -7.5000   30.0000   37.5000 2453.2302   26.0761
    0.0000   30.0000   37.5000 2453.8730   26.0186
    7.5000   30.0000   37.5000 2422.5706   26.3568
   -7.5000   37.5000   37.5000 2322.6172   28.6012
    0.0000   37.5000   37.5000 2319.1445   28.5513
    7.5000   37.5000   37.5000 2302.7366   28.8219
   -7.5000   45.0000   37.5000 2192.4556   31.9287
    0.0000   45.0000   37.5000 2194.9768   31.9226
    7.5000   45.0000   37.5000 2177.6978   32.1753
   -7.5000  -45.0000   45.0000 2408.4631   25.3974
    0.0000  -45.0000   45.0000 2409.3000   25.2393
    7.5000  -45.0000   45.0000 2411.8296   25.9422
   -7.5000  -37.5000   45.0000 2494.8906   23.7090
    0.0000  -37.5000   45.0000 2493.1809   23.5855
    7.5000  -37.5000   45.0000 2484.8311   24.1762
   -7.5000  -30.0000   45.0000 2553.0522   22.5733
    0.0000  -30.0000   45.0000 2554.7502   22.4450
    7.5000  -30.0000   45.0000 2540.5066   22.9450
   -7.5000  -22.5000   45.0000 2593.2698   21.7702
    0.0000  -22.5000   45.0000 2595.7463   21.7193
    7.5000  -22.5000   45.0000 2575.2246   22.2106
   -7.5000  -15.0000   45.0000 2614.6907   21.4594
    0.0000  -15.0000   45.0000 2616.6025   21.4093
    7.5000  -15.0000   45.0000 2596.8733   21.9138
   -7.5000   -7.5000   45.0000 2618.6025   21.7207
    0.0000   -7.5000   45.0000 2617.8484   21.6404
    7.5000   -7.5000   45.0000 2604.4675   22.1186
   -7.5000    0.0000   45.0000 2598.8223   22.3126
    0.0000    0.0000   45.0000 2602.2180   22.2566
    7.5000    0.0000   45.0000 2590.4529   22.6547
   -7.5000    7.5000   45.0000 2568.9221   23.1861
    0.0000    7.5000   45.0000 2575.5645   23.1205
    7.5000    7.5000   45.0000 2563.6482   23.4903
   -7.5000   15.0000   45.0000 2526.2551   24.2478
    0.0000   15.0000   45.0000 2532.1074   24.1955
    7.5000   15.0000   45.0000 2515.0884   24.5880
   -7.5000   22.5000   45.0000 2462.5132   25.6097
    0.0000   22.5000   45.0000 2469.9312   25.5853
    7.5000   22.5000   45.0000 2450.0835   25.9835
   -7.5000   30.0000   45.0000 2369.6387   27.3989
    0.0000   30.0000   45.0000 2374.8206   27.3438
    7.5000   30.0000   45.0000 2356.8391   27.7470
   -7.5000   37.5000   45.0000 2266.6001   29.8838
    0.0000   37.5000   45.0000 2266.0793   29.8165
    7.5000   37.5000   45.0000 2251.6306   30.2343
   -7.5000   45.0000   45.0000 2151.9714   33.2019
    0.0000   45.0000   45.0000 2155.0059   33.2755
    7.5000   45.0000   45.0000 2136.9531   33.5669

---------------------------------------------------------------------
imgreg_4dfp /usr/local/freesurfer/average/711-2C_as_mni_average_305 /usr/local/freesurfer/average/711-2B_as_mni_average_305_mask talsrcimg_g11 none talsrcimg_to_711-2C_as_mni_average_305_t4 1283
---------------------------------------------------------------------

freesurfer imgreg_4dfp.c
/usr/local/freesurfer/average/711-2C_as_mni_average_305.4dfp.img
       256       256       256         1
  1.000000  1.000000  1.000000
orientation T byte_order littleendian
Reading image: /usr/local/freesurfer/average/711-2C_as_mni_average_305.4dfp.img
dimensions:      256       256       256
mmppix:       1.0000   -1.0000   -1.0000
center:     128.0000 -129.0000 -129.0000
/usr/local/freesurfer/average/711-2B_as_mni_average_305_mask.4dfp.img
       256       256       256         1
  1.000000  1.000000  1.000000
orientation T byte_order littleendian
Reading mask: /usr/local/freesurfer/average/711-2B_as_mni_average_305_mask.4dfp.img (2306576 pixels)
talsrcimg_g11.4dfp.img
       256       256       256         1
  1.000000  1.000000  1.000000
orientation T byte_order littleendian
Reading image: talsrcimg_g11.4dfp.img
dimensions:      256       256       256
mmppix:       1.0000   -1.0000   -1.0000
center:     128.0000 -129.0000 -129.0000
rotation matrix determinant  1.000000
fimgreg.f
image alignment mode   1283 decimal      503 hex
parameters
    0.0000  -15.0000    7.5000    0.0000    0.0000    0.0000
eta,q 0.92611 17.50884
niter,ni,del,rscale     5    3   12.0000    1.2000
parameter  4 -4.205991 ->  0.500000 qaram    1.1500
parameters
   -1.9337  -15.0923    5.6157   -3.4500    1.5290    2.2666
eta,q 0.93445 17.20616
  0.0772  0.0779  0.0732  0.0631  0.0762  0.0717
  0.0725  0.0732  0.0708  0.0664  0.0732  0.0695
  0.0697  0.0699  0.0714  0.0690  0.0694  0.0676
  0.0715  0.0696  0.0694  0.0714  0.0672  0.0663
  0.0773  0.0716  0.0721  0.0726  0.0663  0.0656
  0.0848  0.0743  0.0787  0.0746  0.0677  0.0658
  0.0931  0.0774  0.0858  0.0775  0.0708  0.0673
niter,ni,del,rscale     5    3   12.0000    1.2000
parameter  4********** ->  0.500000 qaram    1.3225
parameters
   -2.5452  -14.4664    5.7753   -7.4175    1.2059    1.5496
eta,q 0.93935 17.25121
  0.0795  0.0776  0.0773  0.0581  0.0694  0.0630
  0.0723  0.0721  0.0679  0.0597  0.0650  0.0614
  0.0678  0.0673  0.0658  0.0626  0.0620  0.0607
  0.0656  0.0658  0.0662  0.0661  0.0605  0.0607
  0.0690  0.0679  0.0644  0.0694  0.0613  0.0609
  0.0776  0.0706  0.0686  0.0715  0.0662  0.0623
  0.0862  0.0727  0.0754  0.0738  0.0722  0.0649
niter,ni,del,rscale     5    3   12.0000    1.2000
parameter  4 11.369149 ->  0.500000 qaram    1.5209
parameters
   -2.6538  -13.1772    5.6955  -11.9801    2.1213    1.2952
eta,q 0.94586 17.33054
  0.0772  0.0731  0.0777  0.0516  0.0654  0.0577
  0.0696  0.0651  0.0688  0.0540  0.0617  0.0556
  0.0644  0.0613  0.0649  0.0571  0.0578  0.0544
  0.0606  0.0608  0.0613  0.0614  0.0549  0.0541
  0.0615  0.0617  0.0617  0.0656  0.0542  0.0545
  0.0698  0.0627  0.0699  0.0701  0.0569  0.0558
  0.0801  0.0640  0.0795  0.0720  0.0617  0.0587
niter,ni,del,rscale     5    3   12.0000    1.2000
parameter  4  0.590522 ->  0.500000 qaram    1.7490
parameters
   -3.0858  -11.3778    4.6676  -17.2272    2.4118    0.9739
eta,q 0.95102 17.23595
  0.0700  0.0690  0.0631  0.0530  0.0601  0.0528
  0.0629  0.0641  0.0564  0.0500  0.0552  0.0501
  0.0573  0.0590  0.0540  0.0485  0.0520  0.0491
  0.0541  0.0543  0.0521  0.0526  0.0493  0.0490
  0.0580  0.0521  0.0563  0.0603  0.0491  0.0496
  0.0671  0.0545  0.0650  0.0671  0.0535  0.0509
  0.0746  0.0594  0.0724  0.0716  0.0591  0.0535
niter,ni,del,rscale     5    3   12.0000    1.2000
parameters
   -3.0019  -11.1751    3.8669  -19.6662    2.4475    1.5112
eta,q 0.95038 17.21953
  0.0687  0.0634  0.0604  0.0532  0.0595  0.0538
  0.0600  0.0540  0.0526  0.0534  0.0545  0.0521
  0.0534  0.0488  0.0488  0.0507  0.0515  0.0507
  0.0490  0.0489  0.0491  0.0482  0.0497  0.0497
  0.0508  0.0514  0.0542  0.0497  0.0502  0.0499
  0.0592  0.0548  0.0595  0.0580  0.0545  0.0511
  0.0684  0.0594  0.0646  0.0671  0.0597  0.0529
niter,ni,del,rscale     4    3   12.0000    1.2000
parameters
   -3.2041  -10.0190    2.7766  -23.5890    3.0804    1.5688
eta,q 0.95305 17.21854
  0.0675  0.0625  0.0590  0.0499  0.0566  0.0516
  0.0590  0.0540  0.0525  0.0473  0.0520  0.0499
  0.0528  0.0510  0.0492  0.0475  0.0494  0.0478
  0.0496  0.0497  0.0498  0.0489  0.0474  0.0470
  0.0527  0.0503  0.0540  0.0504  0.0469  0.0474
  0.0610  0.0520  0.0605  0.0541  0.0493  0.0490
  0.0701  0.0539  0.0663  0.0624  0.0540  0.0520
niter,ni,del,rscale     3    3   12.0000    1.2000
parameters
   -3.5259   -8.0455    1.9315  -26.2885    2.7667    1.0441
eta,q 0.95645 17.13084
  0.0639  0.0662  0.0560  0.0504  0.0527  0.0485
  0.0558  0.0594  0.0484  0.0471  0.0472  0.0462
  0.0507  0.0526  0.0444  0.0438  0.0448  0.0444
  0.0470  0.0472  0.0453  0.0442  0.0433  0.0434
  0.0501  0.0453  0.0492  0.0499  0.0442  0.0441
  0.0591  0.0475  0.0547  0.0540  0.0489  0.0469
  0.0679  0.0524  0.0624  0.0596  0.0552  0.0517
niter,ni,del,rscale     2    3   12.0000    1.2000
parameters
   -3.0657   -7.5345    1.5758  -27.2652    2.5248    0.7583
eta,q 0.95709 17.10058
  0.0689  0.0606  0.0560  0.0528  0.0533  0.0479
  0.0574  0.0520  0.0488  0.0479  0.0472  0.0454
  0.0498  0.0454  0.0433  0.0445  0.0442  0.0439
  0.0436  0.0428  0.0430  0.0425  0.0428  0.0429
  0.0440  0.0452  0.0473  0.0455  0.0439  0.0432
  0.0528  0.0494  0.0514  0.0517  0.0486  0.0454
  0.0634  0.0548  0.0578  0.0567  0.0554  0.0499
niter,ni,del,rscale     1    3   12.0000    1.2000
parameters
   -2.9045   -7.2747    1.3224  -27.7953    2.4954    0.6959
eta,q 0.95723 17.07384
  0.0673  0.0587  0.0564  0.0537  0.0544  0.0479
  0.0560  0.0498  0.0495  0.0484  0.0479  0.0452
  0.0481  0.0439  0.0440  0.0446  0.0442  0.0437
  0.0429  0.0428  0.0430  0.0426  0.0427  0.0428
  0.0450  0.0451  0.0482  0.0443  0.0437  0.0429
  0.0545  0.0490  0.0519  0.0505  0.0482  0.0447
  0.0655  0.0550  0.0567  0.0561  0.0547  0.0489
registration optimization eta report
parameter search radius
    6.0000    6.0000    6.0000   10.4940    6.0000    6.0000
100000*second partial in parameter space
       63.       39.       35.       11.       33.       16.
  0.0673  0.0587  0.0564  0.0537  0.0544  0.0479
  0.0560  0.0498  0.0495  0.0484  0.0479  0.0452
  0.0481  0.0439  0.0440  0.0446  0.0442  0.0437
  0.0429  0.0428  0.0430  0.0426  0.0427  0.0428
  0.0450  0.0451  0.0482  0.0443  0.0437  0.0429
  0.0545  0.0490  0.0519  0.0505  0.0482  0.0447
  0.0655  0.0550  0.0567  0.0561  0.0547  0.0489
   -2.9045   -7.2747    1.3224  -27.7953    2.4954    0.6959
eta,q 0.95723 17.07384

---------------------------------------------------------------------
imgreg_4dfp /usr/local/freesurfer/average/711-2C_as_mni_average_305 /usr/local/freesurfer/average/711-2B_as_mni_average_305_mask talsrcimg_g11 none talsrcimg_to_711-2C_as_mni_average_305_t4 3335
---------------------------------------------------------------------

freesurfer imgreg_4dfp.c
/usr/local/freesurfer/average/711-2C_as_mni_average_305.4dfp.img
       256       256       256         1
  1.000000  1.000000  1.000000
orientation T byte_order littleendian
Reading image: /usr/local/freesurfer/average/711-2C_as_mni_average_305.4dfp.img
dimensions:      256       256       256
mmppix:       1.0000   -1.0000   -1.0000
center:     128.0000 -129.0000 -129.0000
/usr/local/freesurfer/average/711-2B_as_mni_average_305_mask.4dfp.img
       256       256       256         1
  1.000000  1.000000  1.000000
orientation T byte_order littleendian
Reading mask: /usr/local/freesurfer/average/711-2B_as_mni_average_305_mask.4dfp.img (2306576 pixels)
talsrcimg_g11.4dfp.img
       256       256       256         1
  1.000000  1.000000  1.000000
orientation T byte_order littleendian
Reading image: talsrcimg_g11.4dfp.img
dimensions:      256       256       256
mmppix:       1.0000   -1.0000   -1.0000
center:     128.0000 -129.0000 -129.0000
fimgreg.f
image alignment mode   3335 decimal      D07 hex
parameters
   -2.9045   -7.2747    1.3224   -0.1022  -11.5199  -11.6220
    0.9558   -4.4177    1.2134   46.5812    4.3540  -46.5872
eta,q 0.95636 17.21721
niter,ni,del,rscale     5    3    5.0000    1.2000
parameter  4  0.815585 ->  0.500000 qaram    1.1500
parameter  5  5.133044 ->  0.500000 qaram    1.1500
parameter  6  0.692585 ->  0.500000 qaram    1.1500
parameter 12 -1.168102 -> -0.500000 qaram    1.1500
parameters
   -2.8090   -6.6769    0.9055   -4.2422  -15.6599  -15.7620
    1.6366   -3.8149    1.5778   44.6717    3.1185  -42.4472
eta,q 0.97253 17.03302
  0.0487  0.0462  0.0455  0.0394  0.0303  0.0299  0.0335  0.0357  0.0327  0.0320  0.0305  0.0371
  0.0461  0.0450  0.0442  0.0395  0.0323  0.0299  0.0318  0.0323  0.0313  0.0305  0.0299  0.0339
  0.0443  0.0441  0.0436  0.0407  0.0356  0.0305  0.0305  0.0306  0.0303  0.0298  0.0297  0.0315
  0.0436  0.0436  0.0436  0.0435  0.0397  0.0331  0.0300  0.0300  0.0299  0.0299  0.0297  0.0297
  0.0440  0.0436  0.0442  0.0486  0.0438  0.0381  0.0301  0.0301  0.0301  0.0311  0.0300  0.0283
  0.0455  0.0439  0.0456  0.0554  0.0476  0.0464  0.0310  0.0313  0.0309  0.0336  0.0305  0.0272
  0.0480  0.0445  0.0477  0.0622  0.0511  0.0540  0.0324  0.0340  0.0322  0.0371  0.0313  0.0266
niter,ni,del,rscale     7    3    5.0000    1.2000
parameter  3  2.591085 ->  0.500000 qaram    1.1500
parameter  5  0.585425 ->  0.500000 qaram    1.3225
parameters
   -2.7845   -6.6207   -0.4745   -5.6879  -20.4209  -17.4091
    1.9581   -3.6667    1.9784   45.1872    2.3247  -39.2739
eta,q 0.97729 16.70794
  0.0306  0.0306  0.0217  0.0270  0.0234  0.0264  0.0258  0.0270  0.0256  0.0266  0.0238  0.0261
  0.0289  0.0289  0.0232  0.0256  0.0227  0.0245  0.0244  0.0246  0.0243  0.0249  0.0233  0.0245
  0.0279  0.0279  0.0252  0.0244  0.0227  0.0233  0.0234  0.0234  0.0234  0.0237  0.0230  0.0235
  0.0275  0.0275  0.0275  0.0237  0.0240  0.0226  0.0230  0.0230  0.0230  0.0230  0.0229  0.0229
  0.0278  0.0278  0.0301  0.0242  0.0270  0.0231  0.0232  0.0234  0.0232  0.0229  0.0231  0.0227
  0.0288  0.0287  0.0330  0.0271  0.0309  0.0274  0.0240  0.0245  0.0239  0.0238  0.0236  0.0228
  0.0306  0.0303  0.0360  0.0330  0.0350  0.0346  0.0254  0.0266  0.0252  0.0261  0.0243  0.0233
niter,ni,del,rscale     7    3    5.0000    1.2000
parameter  3  1.365208 ->  0.500000 qaram    1.3225
parameters
   -2.7817   -6.2462   -2.0615   -4.3461  -20.3434  -17.9450
    2.0014   -3.6428    1.9050   45.1545    2.4777  -40.4375
eta,q 0.98022 16.84420
  0.0257  0.0263  0.0193  0.0249  0.0254  0.0258  0.0227  0.0252  0.0224  0.0236  0.0212  0.0214
  0.0241  0.0245  0.0199  0.0231  0.0228  0.0234  0.0212  0.0218  0.0211  0.0219  0.0205  0.0203
  0.0231  0.0233  0.0210  0.0215  0.0208  0.0212  0.0202  0.0203  0.0202  0.0206  0.0200  0.0198
  0.0227  0.0227  0.0226  0.0201  0.0196  0.0195  0.0198  0.0198  0.0198  0.0198  0.0199  0.0198
  0.0230  0.0227  0.0247  0.0192  0.0197  0.0192  0.0201  0.0203  0.0202  0.0199  0.0200  0.0203
  0.0241  0.0234  0.0271  0.0199  0.0219  0.0225  0.0211  0.0219  0.0211  0.0213  0.0204  0.0212
  0.0257  0.0246  0.0299  0.0235  0.0261  0.0306  0.0228  0.0250  0.0226  0.0244  0.0211  0.0223
niter,ni,del,rscale     7    3    5.0000    1.2000
parameters
   -2.8114   -6.4818   -3.6192   -4.9945  -20.1360  -18.8740
    2.1768   -3.7434    1.8498   45.6679    2.5253  -41.1295
eta,q 0.98068 16.86198
  0.0231  0.0222  0.0199  0.0231  0.0253  0.0253  0.0225  0.0247  0.0220  0.0239  0.0205  0.0214
  0.0213  0.0207  0.0188  0.0214  0.0225  0.0231  0.0210  0.0214  0.0207  0.0221  0.0199  0.0200
  0.0202  0.0199  0.0188  0.0200  0.0203  0.0209  0.0200  0.0199  0.0198  0.0206  0.0195  0.0194
  0.0198  0.0198  0.0197  0.0187  0.0190  0.0189  0.0195  0.0195  0.0195  0.0195  0.0194  0.0194
  0.0202  0.0204  0.0214  0.0185  0.0191  0.0194  0.0197  0.0200  0.0198  0.0192  0.0195  0.0199
  0.0214  0.0216  0.0236  0.0211  0.0215  0.0236  0.0207  0.0217  0.0207  0.0205  0.0198  0.0208
  0.0233  0.0234  0.0263  0.0269  0.0255  0.0323  0.0224  0.0249  0.0221  0.0236  0.0205  0.0220
niter,ni,del,rscale     6    3    5.0000    1.2000
parameters
   -2.8043   -6.6464   -3.7091   -4.9945  -20.1458  -19.2249
    2.2273   -3.7485    1.8841   45.7876    2.6028  -41.2538
eta,q 0.98049 16.85905
  0.0227  0.0220  0.0229  0.0237  0.0254  0.0261  0.0225  0.0250  0.0221  0.0237  0.0206  0.0219
  0.0208  0.0204  0.0207  0.0221  0.0227  0.0238  0.0210  0.0215  0.0208  0.0219  0.0200  0.0204
  0.0197  0.0195  0.0195  0.0206  0.0205  0.0215  0.0200  0.0199  0.0199  0.0205  0.0196  0.0197
  0.0193  0.0193  0.0193  0.0193  0.0193  0.0193  0.0195  0.0196  0.0195  0.0195  0.0195  0.0195
  0.0196  0.0198  0.0199  0.0187  0.0196  0.0188  0.0198  0.0200  0.0198  0.0194  0.0196  0.0199
  0.0208  0.0210  0.0212  0.0204  0.0221  0.0222  0.0208  0.0216  0.0207  0.0210  0.0200  0.0207
  0.0227  0.0228  0.0231  0.0255  0.0262  0.0304  0.0225  0.0249  0.0221  0.0242  0.0206  0.0219
niter,ni,del,rscale     5    3    5.0000    1.2000
parameters
   -2.7988   -6.6399   -3.7957   -4.9756  -20.1425  -19.3543
    2.2316   -3.7671    1.9000   45.8385    2.6391  -41.2969
eta,q 0.98043 16.85975
  0.0228  0.0226  0.0229  0.0239  0.0256  0.0264  0.0225  0.0250  0.0222  0.0236  0.0207  0.0221
  0.0210  0.0209  0.0208  0.0222  0.0229  0.0240  0.0210  0.0215  0.0208  0.0219  0.0200  0.0205
  0.0199  0.0198  0.0197  0.0208  0.0207  0.0217  0.0200  0.0200  0.0199  0.0205  0.0197  0.0197
  0.0195  0.0195  0.0195  0.0195  0.0195  0.0195  0.0196  0.0196  0.0196  0.0196  0.0196  0.0196
  0.0198  0.0199  0.0200  0.0189  0.0198  0.0187  0.0198  0.0201  0.0199  0.0195  0.0197  0.0199
  0.0209  0.0209  0.0212  0.0206  0.0223  0.0218  0.0208  0.0217  0.0207  0.0211  0.0200  0.0208
  0.0228  0.0225  0.0231  0.0255  0.0263  0.0297  0.0226  0.0249  0.0222  0.0243  0.0206  0.0219
niter,ni,del,rscale     4    3    5.0000    1.2000
parameters
   -2.8004   -6.6438   -3.8292   -4.9724  -20.1419  -19.4026
    2.2367   -3.7743    1.9068   45.8554    2.6418  -41.3082
eta,q 0.98040 16.85951
  0.0228  0.0226  0.0230  0.0239  0.0257  0.0265  0.0225  0.0251  0.0222  0.0236  0.0207  0.0221
  0.0211  0.0209  0.0209  0.0223  0.0230  0.0241  0.0210  0.0216  0.0208  0.0219  0.0200  0.0205
  0.0200  0.0199  0.0198  0.0209  0.0208  0.0218  0.0200  0.0200  0.0199  0.0205  0.0197  0.0198
  0.0196  0.0196  0.0196  0.0196  0.0196  0.0196  0.0196  0.0196  0.0196  0.0196  0.0196  0.0196
  0.0199  0.0199  0.0200  0.0190  0.0199  0.0187  0.0198  0.0201  0.0199  0.0195  0.0197  0.0200
  0.0210  0.0210  0.0212  0.0207  0.0224  0.0217  0.0208  0.0217  0.0208  0.0211  0.0200  0.0208
  0.0229  0.0226  0.0230  0.0256  0.0264  0.0295  0.0226  0.0249  0.0222  0.0244  0.0207  0.0219
niter,ni,del,rscale     3    3    5.0000    1.2000
parameters
   -2.8021   -6.6449   -3.8384   -4.9668  -20.1413  -19.4157
    2.2306   -3.7788    1.9132   45.8588    2.6410  -41.3094
eta,q 0.98039 16.85966
  0.0229  0.0226  0.0231  0.0239  0.0257  0.0265  0.0225  0.0251  0.0222  0.0236  0.0207  0.0221
  0.0211  0.0209  0.0210  0.0223  0.0230  0.0241  0.0210  0.0216  0.0208  0.0219  0.0201  0.0206
  0.0200  0.0199  0.0199  0.0209  0.0208  0.0218  0.0200  0.0200  0.0199  0.0205  0.0197  0.0198
  0.0196  0.0196  0.0196  0.0196  0.0196  0.0196  0.0196  0.0196  0.0196  0.0196  0.0196  0.0196
  0.0199  0.0200  0.0200  0.0190  0.0199  0.0187  0.0198  0.0201  0.0199  0.0195  0.0197  0.0200
  0.0210  0.0210  0.0212  0.0207  0.0224  0.0216  0.0209  0.0217  0.0208  0.0211  0.0200  0.0208
  0.0229  0.0226  0.0229  0.0256  0.0264  0.0294  0.0227  0.0250  0.0222  0.0244  0.0207  0.0219
registration optimization eta report
parameter search radius
    2.4000    2.4000    3.1740    8.2800    9.5220    8.2800
    7.2000    7.2000    7.2000    7.2000    7.2000    8.2800
100000*second partial in parameter space
       57.       53.       34.        8.        7.       12.
        6.       11.        5.        9.        2.        4.
  0.0229  0.0226  0.0231  0.0239  0.0257  0.0265  0.0225  0.0251  0.0222  0.0236  0.0207  0.0221
  0.0211  0.0209  0.0210  0.0223  0.0230  0.0241  0.0210  0.0216  0.0208  0.0219  0.0201  0.0206
  0.0200  0.0199  0.0199  0.0209  0.0208  0.0218  0.0200  0.0200  0.0199  0.0205  0.0197  0.0198
  0.0196  0.0196  0.0196  0.0196  0.0196  0.0196  0.0196  0.0196  0.0196  0.0196  0.0196  0.0196
  0.0199  0.0200  0.0200  0.0190  0.0199  0.0187  0.0198  0.0201  0.0199  0.0195  0.0197  0.0200
  0.0210  0.0210  0.0212  0.0207  0.0224  0.0216  0.0209  0.0217  0.0208  0.0211  0.0200  0.0208
  0.0229  0.0226  0.0229  0.0256  0.0264  0.0294  0.0227  0.0250  0.0222  0.0244  0.0207  0.0219
   -2.8021   -6.6449   -3.8384   -4.9668  -20.1413  -19.4157
    2.2306   -3.7788    1.9132   45.8588    2.6410  -41.3094
eta,q 0.98039 16.85966

---------------------------------------------------------------------
imgreg_4dfp /usr/local/freesurfer/average/711-2C_as_mni_average_305 /usr/local/freesurfer/average/711-2B_as_mni_average_305_mask talsrcimg_g11 none talsrcimg_to_711-2C_as_mni_average_305_t4 2311
---------------------------------------------------------------------

freesurfer imgreg_4dfp.c
/usr/local/freesurfer/average/711-2C_as_mni_average_305.4dfp.img
       256       256       256         1
  1.000000  1.000000  1.000000
orientation T byte_order littleendian
Reading image: /usr/local/freesurfer/average/711-2C_as_mni_average_305.4dfp.img
dimensions:      256       256       256
mmppix:       1.0000   -1.0000   -1.0000
center:     128.0000 -129.0000 -129.0000
/usr/local/freesurfer/average/711-2B_as_mni_average_305_mask.4dfp.img
       256       256       256         1
  1.000000  1.000000  1.000000
orientation T byte_order littleendian
Reading mask: /usr/local/freesurfer/average/711-2B_as_mni_average_305_mask.4dfp.img (2306576 pixels)
talsrcimg_g11.4dfp.img
       256       256       256         1
  1.000000  1.000000  1.000000
orientation T byte_order littleendian
Reading image: talsrcimg_g11.4dfp.img
dimensions:      256       256       256
mmppix:       1.0000   -1.0000   -1.0000
center:     128.0000 -129.0000 -129.0000
fimgreg.f
image alignment mode   2311 decimal      907 hex
parameters
   -2.8021   -6.6449   -3.8384   -4.9668  -20.1413  -19.4157
    2.2306   -3.7788    1.9132   45.8588    2.6410  -41.3094
eta,q 0.98039 16.85966
niter,ni,del,rscale     5    3    5.0000    0.8000
parameters
   -2.7840   -6.6568   -3.9471   -2.9249  -19.9008  -18.2714
    1.8936   -3.6941    1.6776   45.8419    2.6483  -41.1189
eta,q 0.98172 16.98580
  0.0211  0.0209  0.0203  0.0219  0.0211  0.0231  0.0197  0.0223  0.0196  0.0211  0.0193  0.0194
  0.0203  0.0202  0.0199  0.0211  0.0201  0.0217  0.0189  0.0200  0.0189  0.0199  0.0187  0.0188
  0.0198  0.0197  0.0197  0.0203  0.0194  0.0203  0.0184  0.0187  0.0184  0.0189  0.0184  0.0184
  0.0196  0.0196  0.0196  0.0196  0.0190  0.0190  0.0183  0.0183  0.0183  0.0183  0.0183  0.0183
  0.0197  0.0198  0.0197  0.0191  0.0191  0.0181  0.0185  0.0186  0.0185  0.0185  0.0184  0.0184
  0.0202  0.0202  0.0201  0.0191  0.0197  0.0188  0.0192  0.0199  0.0190  0.0196  0.0187  0.0187
  0.0211  0.0210  0.0205  0.0200  0.0209  0.0210  0.0202  0.0220  0.0199  0.0215  0.0193  0.0192
niter,ni,del,rscale     4    3    5.0000    0.7000
parameters
   -2.8177   -6.6583   -3.6445   -3.3997  -19.7975  -17.8573
    2.1099   -3.7510    1.6758   45.8169    2.6010  -41.1054
eta,q 0.98190 16.97894
  0.0198  0.0195  0.0198  0.0198  0.0199  0.0217  0.0194  0.0207  0.0192  0.0204  0.0188  0.0189
  0.0189  0.0188  0.0190  0.0191  0.0191  0.0205  0.0187  0.0192  0.0186  0.0194  0.0184  0.0184
  0.0184  0.0184  0.0185  0.0186  0.0186  0.0193  0.0183  0.0183  0.0182  0.0185  0.0182  0.0182
  0.0183  0.0183  0.0183  0.0182  0.0183  0.0183  0.0181  0.0181  0.0181  0.0181  0.0181  0.0181
  0.0185  0.0184  0.0183  0.0185  0.0184  0.0180  0.0182  0.0184  0.0182  0.0183  0.0182  0.0182
  0.0190  0.0188  0.0185  0.0194  0.0189  0.0192  0.0185  0.0193  0.0186  0.0192  0.0184  0.0184
  0.0199  0.0195  0.0189  0.0213  0.0198  0.0211  0.0192  0.0209  0.0192  0.0207  0.0188  0.0189
niter,ni,del,rscale     3    3    5.0000    0.6000
parameters
   -2.8098   -6.6490   -3.5515   -3.3559  -19.8491  -17.6543
    2.0969   -3.7376    1.6864   45.8244    2.5758  -41.1307
eta,q 0.98198 16.98145
  0.0192  0.0191  0.0190  0.0195  0.0192  0.0208  0.0189  0.0200  0.0189  0.0199  0.0186  0.0186
  0.0186  0.0185  0.0185  0.0189  0.0186  0.0198  0.0184  0.0189  0.0184  0.0190  0.0183  0.0183
  0.0182  0.0182  0.0182  0.0184  0.0183  0.0188  0.0181  0.0182  0.0181  0.0184  0.0181  0.0181
  0.0181  0.0181  0.0181  0.0181  0.0181  0.0181  0.0180  0.0180  0.0180  0.0180  0.0180  0.0180
  0.0182  0.0182  0.0182  0.0181  0.0182  0.0181  0.0181  0.0182  0.0181  0.0182  0.0181  0.0181
  0.0186  0.0185  0.0184  0.0186  0.0186  0.0191  0.0184  0.0189  0.0184  0.0188  0.0183  0.0183
  0.0192  0.0190  0.0188  0.0197  0.0193  0.0207  0.0189  0.0200  0.0189  0.0200  0.0186  0.0186
niter,ni,del,rscale     2    3    5.0000    0.5000
parameters
   -2.8072   -6.6311   -3.4944   -3.2124  -19.8716  -17.5099
    2.0687   -3.7219    1.6814   45.8317    2.5454  -41.1202
eta,q 0.98204 16.98664
  0.0188  0.0187  0.0187  0.0191  0.0188  0.0201  0.0186  0.0194  0.0186  0.0193  0.0184  0.0184
  0.0184  0.0183  0.0183  0.0187  0.0184  0.0193  0.0182  0.0186  0.0182  0.0187  0.0181  0.0181
  0.0181  0.0181  0.0181  0.0183  0.0181  0.0185  0.0180  0.0181  0.0180  0.0182  0.0180  0.0180
  0.0180  0.0180  0.0180  0.0180  0.0180  0.0180  0.0180  0.0180  0.0180  0.0180  0.0180  0.0180
  0.0181  0.0181  0.0181  0.0180  0.0181  0.0180  0.0180  0.0181  0.0180  0.0181  0.0180  0.0180
  0.0184  0.0183  0.0183  0.0184  0.0184  0.0188  0.0182  0.0186  0.0182  0.0186  0.0182  0.0182
  0.0188  0.0187  0.0185  0.0191  0.0189  0.0200  0.0186  0.0194  0.0186  0.0194  0.0184  0.0184
niter,ni,del,rscale     1    3    5.0000    0.4000
parameters
   -2.8104   -6.6189   -3.4470   -3.0885  -19.8805  -17.3812
    2.0473   -3.7095    1.6686   45.8232    2.5291  -41.0994
eta,q 0.98207 16.99059
  0.0185  0.0184  0.0184  0.0187  0.0185  0.0195  0.0183  0.0189  0.0183  0.0188  0.0182  0.0182
  0.0182  0.0182  0.0182  0.0184  0.0182  0.0189  0.0181  0.0183  0.0181  0.0184  0.0180  0.0181
  0.0180  0.0180  0.0180  0.0181  0.0180  0.0183  0.0180  0.0180  0.0180  0.0181  0.0180  0.0180
  0.0180  0.0180  0.0180  0.0180  0.0180  0.0180  0.0179  0.0179  0.0179  0.0179  0.0179  0.0179
  0.0180  0.0180  0.0180  0.0180  0.0180  0.0180  0.0180  0.0180  0.0180  0.0180  0.0180  0.0180
  0.0182  0.0182  0.0181  0.0182  0.0182  0.0185  0.0181  0.0183  0.0181  0.0183  0.0181  0.0180
  0.0185  0.0184  0.0183  0.0187  0.0185  0.0194  0.0183  0.0188  0.0183  0.0189  0.0182  0.0182
registration optimization eta report
parameter search radius
    0.8000    0.8000    0.8000    2.4000    2.4000    2.4000
    2.4000    2.4000    2.4000    2.4000    2.4000    2.4000
100000*second partial in parameter space
       79.       68.       61.       13.        9.       26.
        7.       16.        7.       16.        5.        4.
  0.0185  0.0184  0.0184  0.0187  0.0185  0.0195  0.0183  0.0189  0.0183  0.0188  0.0182  0.0182
  0.0182  0.0182  0.0182  0.0184  0.0182  0.0189  0.0181  0.0183  0.0181  0.0184  0.0180  0.0181
  0.0180  0.0180  0.0180  0.0181  0.0180  0.0183  0.0180  0.0180  0.0180  0.0181  0.0180  0.0180
  0.0180  0.0180  0.0180  0.0180  0.0180  0.0180  0.0179  0.0179  0.0179  0.0179  0.0179  0.0179
  0.0180  0.0180  0.0180  0.0180  0.0180  0.0180  0.0180  0.0180  0.0180  0.0180  0.0180  0.0180
  0.0182  0.0182  0.0181  0.0182  0.0182  0.0185  0.0181  0.0183  0.0181  0.0183  0.0181  0.0180
  0.0185  0.0184  0.0183  0.0187  0.0185  0.0194  0.0183  0.0188  0.0183  0.0189  0.0182  0.0182
   -2.8104   -6.6189   -3.4470   -3.0885  -19.8805  -17.3812
    2.0473   -3.7095    1.6686   45.8232    2.5291  -41.0994
eta,q 0.98207 16.99059

---------------------------------------------------------------------
imgreg_4dfp /usr/local/freesurfer/average/711-2C_as_mni_average_305 /usr/local/freesurfer/average/711-2B_as_mni_average_305_mask talsrcimg_g11 none talsrcimg_to_711-2C_as_mni_average_305_t4 2311
---------------------------------------------------------------------

freesurfer imgreg_4dfp.c
/usr/local/freesurfer/average/711-2C_as_mni_average_305.4dfp.img
       256       256       256         1
  1.000000  1.000000  1.000000
orientation T byte_order littleendian
Reading image: /usr/local/freesurfer/average/711-2C_as_mni_average_305.4dfp.img
dimensions:      256       256       256
mmppix:       1.0000   -1.0000   -1.0000
center:     128.0000 -129.0000 -129.0000
/usr/local/freesurfer/average/711-2B_as_mni_average_305_mask.4dfp.img
       256       256       256         1
  1.000000  1.000000  1.000000
orientation T byte_order littleendian
Reading mask: /usr/local/freesurfer/average/711-2B_as_mni_average_305_mask.4dfp.img (2306576 pixels)
talsrcimg_g11.4dfp.img
       256       256       256         1
  1.000000  1.000000  1.000000
orientation T byte_order littleendian
Reading image: talsrcimg_g11.4dfp.img
dimensions:      256       256       256
mmppix:       1.0000   -1.0000   -1.0000
center:     128.0000 -129.0000 -129.0000
fimgreg.f
image alignment mode   2311 decimal      907 hex
parameters
   -2.8104   -6.6189   -3.4470   -3.0885  -19.8805  -17.3812
    2.0473   -3.7095    1.6686   45.8232    2.5291  -41.0994
eta,q 0.98207 16.99059
niter,ni,del,rscale     5    3    5.0000    0.8000
parameters
   -2.8180   -6.5927   -3.3465   -3.7431  -20.0397  -17.6883
    2.1532   -3.7411    1.7252   45.7945    2.5611  -41.1308
eta,q 0.98185 16.95728
  0.0200  0.0197  0.0197  0.0199  0.0198  0.0216  0.0197  0.0214  0.0196  0.0209  0.0190  0.0191
  0.0188  0.0187  0.0187  0.0190  0.0189  0.0202  0.0189  0.0194  0.0188  0.0197  0.0185  0.0185
  0.0182  0.0181  0.0181  0.0183  0.0183  0.0190  0.0184  0.0184  0.0183  0.0187  0.0182  0.0182
  0.0179  0.0179  0.0179  0.0179  0.0180  0.0180  0.0181  0.0181  0.0181  0.0181  0.0181  0.0181
  0.0182  0.0181  0.0181  0.0182  0.0182  0.0185  0.0183  0.0185  0.0183  0.0183  0.0182  0.0183
  0.0189  0.0187  0.0185  0.0196  0.0189  0.0204  0.0187  0.0195  0.0187  0.0194  0.0185  0.0186
  0.0200  0.0196  0.0193  0.0222  0.0203  0.0234  0.0196  0.0214  0.0195  0.0213  0.0190  0.0191
niter,ni,del,rscale     4    3    5.0000    0.7000
parameters
   -2.7982   -6.6346   -3.5071   -3.5370  -19.9388  -17.7063
    2.1015   -3.7344    1.7090   45.8164    2.5716  -41.1517
eta,q 0.98193 16.97097
  0.0196  0.0193  0.0190  0.0200  0.0196  0.0212  0.0192  0.0207  0.0192  0.0204  0.0188  0.0188
  0.0188  0.0187  0.0184  0.0193  0.0189  0.0201  0.0186  0.0192  0.0186  0.0194  0.0184  0.0184
  0.0183  0.0182  0.0182  0.0186  0.0183  0.0189  0.0182  0.0183  0.0182  0.0185  0.0181  0.0181
  0.0181  0.0181  0.0181  0.0181  0.0181  0.0181  0.0181  0.0181  0.0181  0.0181  0.0181  0.0181
  0.0183  0.0183  0.0184  0.0180  0.0182  0.0182  0.0182  0.0183  0.0182  0.0182  0.0182  0.0182
  0.0187  0.0188  0.0188  0.0186  0.0187  0.0196  0.0186  0.0192  0.0186  0.0191  0.0184  0.0184
  0.0195  0.0195  0.0194  0.0200  0.0196  0.0218  0.0193  0.0207  0.0192  0.0206  0.0188  0.0188
niter,ni,del,rscale     3    3    5.0000    0.6000
parameters
   -2.8009   -6.6385   -3.5111   -3.3556  -19.8974  -17.6137
    2.0814   -3.7283    1.6920   45.8331    2.5655  -41.1405
eta,q 0.98199 16.98038
  0.0191  0.0190  0.0189  0.0196  0.0192  0.0207  0.0189  0.0200  0.0188  0.0199  0.0186  0.0186
  0.0185  0.0185  0.0184  0.0190  0.0186  0.0197  0.0184  0.0189  0.0184  0.0190  0.0183  0.0183
  0.0182  0.0182  0.0181  0.0184  0.0182  0.0187  0.0181  0.0182  0.0181  0.0183  0.0181  0.0181
  0.0181  0.0181  0.0181  0.0181  0.0180  0.0180  0.0180  0.0180  0.0180  0.0180  0.0180  0.0180
  0.0182  0.0182  0.0182  0.0180  0.0181  0.0181  0.0181  0.0182  0.0181  0.0181  0.0181  0.0181
  0.0186  0.0185  0.0185  0.0185  0.0185  0.0192  0.0184  0.0189  0.0184  0.0188  0.0183  0.0183
  0.0192  0.0190  0.0189  0.0196  0.0192  0.0208  0.0189  0.0200  0.0189  0.0200  0.0186  0.0186
niter,ni,del,rscale     2    3    5.0000    0.5000
parameters
   -2.8043   -6.6291   -3.4820   -3.2121  -19.8882  -17.5018
    2.0662   -3.7201    1.6777   45.8380    2.5530  -41.1350
eta,q 0.98204 16.98656
  0.0188  0.0187  0.0186  0.0191  0.0188  0.0201  0.0186  0.0194  0.0185  0.0193  0.0184  0.0184
  0.0183  0.0183  0.0183  0.0187  0.0184  0.0193  0.0182  0.0186  0.0182  0.0187  0.0181  0.0181
  0.0181  0.0181  0.0181  0.0182  0.0181  0.0185  0.0180  0.0181  0.0180  0.0182  0.0180  0.0180
  0.0180  0.0180  0.0180  0.0180  0.0180  0.0180  0.0180  0.0180  0.0180  0.0180  0.0180  0.0180
  0.0181  0.0181  0.0181  0.0180  0.0181  0.0180  0.0180  0.0181  0.0180  0.0181  0.0180  0.0180
  0.0184  0.0183  0.0183  0.0183  0.0183  0.0188  0.0182  0.0186  0.0182  0.0186  0.0182  0.0181
  0.0188  0.0187  0.0186  0.0191  0.0188  0.0201  0.0186  0.0194  0.0186  0.0194  0.0184  0.0184
niter,ni,del,rscale     1    3    5.0000    0.4000
parameters
   -2.8088   -6.6161   -3.4426   -3.0889  -19.8905  -17.3779
    2.0516   -3.7097    1.6673   45.8266    2.5261  -41.1029
eta,q 0.98207 16.99028
  0.0185  0.0184  0.0184  0.0187  0.0185  0.0195  0.0183  0.0189  0.0183  0.0188  0.0182  0.0182
  0.0182  0.0182  0.0182  0.0184  0.0182  0.0189  0.0181  0.0183  0.0181  0.0184  0.0180  0.0180
  0.0180  0.0180  0.0180  0.0181  0.0180  0.0183  0.0180  0.0180  0.0180  0.0181  0.0180  0.0180
  0.0180  0.0180  0.0180  0.0180  0.0180  0.0180  0.0179  0.0179  0.0179  0.0179  0.0179  0.0179
  0.0180  0.0180  0.0180  0.0180  0.0180  0.0180  0.0180  0.0180  0.0180  0.0180  0.0180  0.0180
  0.0182  0.0182  0.0181  0.0182  0.0182  0.0185  0.0181  0.0183  0.0181  0.0183  0.0181  0.0180
  0.0185  0.0184  0.0183  0.0187  0.0185  0.0194  0.0183  0.0188  0.0183  0.0189  0.0182  0.0182
registration optimization eta report
parameter search radius
    0.8000    0.8000    0.8000    2.4000    2.4000    2.4000
    2.4000    2.4000    2.4000    2.4000    2.4000    2.4000
100000*second partial in parameter space
       80.       68.       61.       13.        9.       26.
        7.       16.        7.       16.        5.        4.
  0.0185  0.0184  0.0184  0.0187  0.0185  0.0195  0.0183  0.0189  0.0183  0.0188  0.0182  0.0182
  0.0182  0.0182  0.0182  0.0184  0.0182  0.0189  0.0181  0.0183  0.0181  0.0184  0.0180  0.0180
  0.0180  0.0180  0.0180  0.0181  0.0180  0.0183  0.0180  0.0180  0.0180  0.0181  0.0180  0.0180
  0.0180  0.0180  0.0180  0.0180  0.0180  0.0180  0.0179  0.0179  0.0179  0.0179  0.0179  0.0179
  0.0180  0.0180  0.0180  0.0180  0.0180  0.0180  0.0180  0.0180  0.0180  0.0180  0.0180  0.0180
  0.0182  0.0182  0.0181  0.0182  0.0182  0.0185  0.0181  0.0183  0.0181  0.0183  0.0181  0.0180
  0.0185  0.0184  0.0183  0.0187  0.0185  0.0194  0.0183  0.0188  0.0183  0.0189  0.0182  0.0182
   -2.8088   -6.6161   -3.4426   -3.0889  -19.8905  -17.3779
    2.0516   -3.7097    1.6673   45.8266    2.5261  -41.1029
eta,q 0.98207 16.99028

---------------------------------------------------------------------
compute_vox2vox talsrcimg talsrcimg_to_711-2C_as_mni_average_305_t4 /usr/local/freesurfer/average/711-2C_as_mni_average_305
---------------------------------------------------------------------

freesurfer compute_vox2vox.c
Reading: talsrcimg.4dfp.ifh
Reading: talsrcimg_to_711-2C_as_mni_average_305_t4
Reading: /usr/local/freesurfer/average/711-2C_as_mni_average_305.4dfp.ifh
Writing: talsrcimg_to_711-2C_as_mni_average_305_t4_vox2vox.txt

start time Tue Jun 3 21:54:20 UTC 2025
end		time Tue Jun 3 21:54:38 UTC 2025

mpr2mni305 success

avi2talxfm orig_nu.mgz /usr/local/freesurfer/average/mni305.cor.mgz talsrcimg_to_711-2C_as_mni_average_305_t4_vox2vox.txt transforms/talairach.auto.xfm
avi2talxfm done
mv -f /home/freesurfer/subjects/sub-046/mri/talsrcimg_to_711-2C_as_mni_average_305_t4_vox2vox.txt /home/freesurfer/subjects/sub-046/mri/transforms/talsrcimg_to_711-2C_as_mni_average_305_t4_vox2vox.txt
lta_convert --src orig_nu.mgz --trg /usr/local/freesurfer/average/mni305.cor.mgz --inxfm transforms/talairach.auto.xfm --outlta transforms/talairach.auto.xfm.lta --subject fsaverage
7.4.1

--src: orig_nu.mgz src image (geometry).
--trg: /usr/local/freesurfer/average/mni305.cor.mgz trg image (geometry).
--inmni: transforms/talairach.auto.xfm input MNI/XFM transform.
--outlta: transforms/talairach.auto.xfm.lta output LTA.
--s: fsaverage subject name
 LTA read, type : 1
 1.03067   0.04742  -0.00206  -0.81999;
-0.03284   0.94068   0.48349  -24.62579;
-0.00267  -0.53911   0.97175  -14.77623;
 0.00000   0.00000   0.00000   1.00000;
setting subject to fsaverage
Writing  LTA to file transforms/talairach.auto.xfm.lta...
lta_convert successful.
 
 
Started at Tue Jun 3 21:54:20 UTC 2025
Ended   at Tue Jun  3 21:54:38 UTC 2025
talairach_avi done
