/home/freesurfer/subjects/sub-021/mri
/usr/local/freesurfer/bin/talairach_avi
--i orig_nu.mgz --xfm transforms/talairach.auto.xfm
talairach_avi 7.4.1
Linux 827de292ffbb 6.11.0-26-generic #26~24.04.1-Ubuntu SMP PREEMPT_DYNAMIC Thu Apr 17 19:20:47 UTC 2 x86_64 x86_64 x86_64 GNU/Linux
Wed May 28 16:16:24 UTC 2025
mri_convert orig_nu.mgz talsrcimg.img 
reading from orig_nu.mgz...
TR=8.40, TE=0.00, TI=0.00, flip angle=0.00
i_ras = (-1, -6.98492e-10, 0)
j_ras = (0, 1.49012e-08, -1)
k_ras = (6.98492e-10, 1, 1.49012e-08)
writing to talsrcimg.img...
Analyze Output Matrix
-1.00000   0.00000   0.00000   131.23456;
-0.00000   0.00000   1.00000  -112.02916;
 0.00000  -1.00000   0.00000   140.72006;
 0.00000   0.00000   0.00000   1.00000;
--------------------
INFO: set hdr.hist.orient to -1
mpr2mni305 talsrcimg
Wed May 28 16:16:25 UTC 2025
/usr/local/freesurfer/bin/mpr2mni305 talsrcimg
mpr2mni305 7.4.1
target=711-2C_as_mni_average_305

---------------------------------------------------------------------
analyzeto4dfp talsrcimg -O0 -y
---------------------------------------------------------------------

freesurfer ifh2hdr.c
Wed May 28 16:16:25 2025
Writing: talsrcimg.4dfp.hdr
freesurfer analyzeto4dfp.c
Reading: talsrcimg.hdr
header size 348 bytes
hdr.dime.datatype	offset=70	value=2
hdr.dime.bitpix		offset=72	value=8
hdr.hist.orient		offset=252	value=-1
dimensionality     4
dimensions       256       256       256         1
Reading: talsrcimg.img
Writing: talsrcimg.4dfp.img
Writing: talsrcimg.4dfp.ifh
ifh2hdr talsrcimg -r0to209
ori=2

---------------------------------------------------------------------
gauss_4dfp talsrcimg 1.1
---------------------------------------------------------------------

freesurfer gauss_4dfp.c
Reading: talsrcimg.4dfp.img
Writing: talsrcimg_g11.4dfp.img
image dimensions 256 256 256 padded to 288 288 288
processing volume 1freesurfer ifh2hdr.c
Wed May 28 16:16:30 2025
Writing: talsrcimg_g11.4dfp.hdr

Writing: talsrcimg_g11.4dfp.ifh
including: talsrcimg.4dfp.img.rec in talsrcimg_g11.4dfp.img.rec

---------------------------------------------------------------------
imgreg_4dfp /usr/local/freesurfer/average/711-2C_as_mni_average_305 none talsrcimg_g11 none talsrcimg_to_711-2C_as_mni_average_305_t4 4355
---------------------------------------------------------------------

freesurfer imgreg_4dfp.c
/usr/local/freesurfer/average/711-2C_as_mni_average_305.4dfp.img
       256       256       256         1
  1.000000  1.000000  1.000000
orientation T byte_order littleendian
Reading image: /usr/local/freesurfer/average/711-2C_as_mni_average_305.4dfp.img
dimensions:      256       256       256
mmppix:       1.0000   -1.0000   -1.0000
center:     128.0000 -129.0000 -129.0000
talsrcimg_g11.4dfp.img
       256       256       256         1
  1.000000  1.000000  1.000000
orientation T byte_order littleendian
Reading image: talsrcimg_g11.4dfp.img
dimensions:      256       256       256
mmppix:       1.0000   -1.0000   -1.0000
center:     128.0000 -129.0000 -129.0000
t4_read: open error in t4_sub.f l:  41 t4_file(1:l)talsrcimg_to_711-2C_as_mni_average_305_t4 
t4_read: transform initialized to I4
rotation matrix determinant  1.000000
image alignment mode   4355 decimal     1103 hex
   -7.5000  -45.0000  -45.0000 9733.5996   17.5230
    0.0000  -45.0000  -45.000010135.3594   17.5425
    7.5000  -45.0000  -45.0000 9624.8672   17.5575
   -7.5000  -37.5000  -45.000010186.9629   17.5136
    0.0000  -37.5000  -45.000010577.1406   17.5297
    7.5000  -37.5000  -45.000010035.0410   17.5444
   -7.5000  -30.0000  -45.000010946.8389   17.5156
    0.0000  -30.0000  -45.000011354.1621   17.5278
    7.5000  -30.0000  -45.000010767.5312   17.5441
   -7.5000  -22.5000  -45.000011616.4580   17.5067
    0.0000  -22.5000  -45.000012073.5596   17.5182
    7.5000  -22.5000  -45.000011420.8965   17.5366
   -7.5000  -15.0000  -45.000012192.8135   17.4916
    0.0000  -15.0000  -45.000012670.5879   17.5044
    7.5000  -15.0000  -45.000012000.4482   17.5215
   -7.5000   -7.5000  -45.000012667.2500   17.4844
    0.0000   -7.5000  -45.000013177.4619   17.5012
    7.5000   -7.5000  -45.000012465.9297   17.5166
   -7.5000    0.0000  -45.000012967.0186   17.4920
    0.0000    0.0000  -45.000013490.1602   17.5114
    7.5000    0.0000  -45.000012730.0928   17.5263
   -7.5000    7.5000  -45.000012208.9629   17.5078
    0.0000    7.5000  -45.000012726.8740   17.5239
    7.5000    7.5000  -45.000012005.2656   17.5386
   -7.5000   15.0000  -45.000011266.1436   17.5155
    0.0000   15.0000  -45.000011761.3027   17.5277
    7.5000   15.0000  -45.000011103.4111   17.5440
   -7.5000   22.5000  -45.000010274.8389   17.5056
    0.0000   22.5000  -45.000010739.8447   17.5171
    7.5000   22.5000  -45.000010140.8232   17.5355
   -7.5000   30.0000  -45.0000 9318.0908   17.2921
    0.0000   30.0000  -45.0000 9726.9844   17.3048
    7.5000   30.0000  -45.0000 9187.5547   17.3216
   -7.5000   37.5000  -45.0000 8768.3945   17.3842
    0.0000   37.5000  -45.0000 9142.8311   17.4013
    7.5000   37.5000  -45.0000 8638.2744   17.4162
   -7.5000   45.0000  -45.0000 7868.1553   17.1900
    0.0000   45.0000  -45.0000 8182.3994   17.2096
    7.5000   45.0000  -45.0000 7761.1201   17.2221
   -7.5000  -45.0000  -37.500010270.1748   17.3857
    0.0000  -45.0000  -37.500010694.1924   17.4001
    7.5000  -45.0000  -37.500010146.6748   17.4268
   -7.5000  -37.5000  -37.500010724.8379   17.3723
    0.0000  -37.5000  -37.500011152.6660   17.3828
    7.5000  -37.5000  -37.500010561.6318   17.4086
   -7.5000  -30.0000  -37.500011523.5645   17.3776
    0.0000  -30.0000  -37.500011947.0410   17.3834
    7.5000  -30.0000  -37.500011324.2002   17.4109
   -7.5000  -22.5000  -37.500012230.1826   17.3769
    0.0000  -22.5000  -37.500012697.5625   17.3817
    7.5000  -22.5000  -37.500012007.8086   17.4117
   -7.5000  -15.0000  -37.500012832.7178   17.3664
    0.0000  -15.0000  -37.500013321.9863   17.3736
    7.5000  -15.0000  -37.500012600.1738   17.4031
   -7.5000   -7.5000  -37.500013285.8145   17.3550
    0.0000   -7.5000  -37.500013813.6445   17.3669
    7.5000   -7.5000  -37.500013048.1484   17.3947
   -7.5000    0.0000  -37.500013585.9023   17.3546
    0.0000    0.0000  -37.500014146.5068   17.3689
    7.5000    0.0000  -37.500013333.4961   17.3954
   -7.5000    7.5000  -37.500012768.4668   17.3666
    0.0000    7.5000  -37.500013318.5986   17.3771
    7.5000    7.5000  -37.500012556.6172   17.4029
   -7.5000   15.0000  -37.500011804.7188   17.3775
    0.0000   15.0000  -37.500012340.1699   17.3832
    7.5000   15.0000  -37.500011638.8184   17.4107
   -7.5000   22.5000  -37.500010760.2773   17.3761
    0.0000   22.5000  -37.500011253.4512   17.3808
    7.5000   22.5000  -37.500010629.9287   17.4108
   -7.5000   30.0000  -37.5000 9740.4092   17.1688
    0.0000   30.0000  -37.500010169.9629   17.1760
    7.5000   30.0000  -37.5000 9626.5918   17.2052
   -7.5000   37.5000  -37.5000 9146.9395   17.2567
    0.0000   37.5000  -37.5000 9556.8398   17.2686
    7.5000   37.5000  -37.5000 9031.1982   17.2961
   -7.5000   45.0000  -37.5000 8149.5850   17.0516
    0.0000   45.0000  -37.5000 8512.1729   17.0673
    7.5000   45.0000  -37.5000 8081.8516   17.0923
   -7.5000  -45.0000  -30.000010969.1104   18.0190
    0.0000  -45.0000  -30.000011418.1221   18.0307
    7.5000  -45.0000  -30.000010862.1279   18.0590
   -7.5000  -37.5000  -30.000011453.5918   18.0052
    0.0000  -37.5000  -30.000011902.7998   18.0110
    7.5000  -37.5000  -30.000011309.2979   18.0375
   -7.5000  -30.0000  -30.000012299.1504   18.0186
    0.0000  -30.0000  -30.000012762.6436   18.0166
    7.5000  -30.0000  -30.000012103.0146   18.0443
   -7.5000  -22.5000  -30.000013043.0898   18.0257
    0.0000  -22.5000  -30.000013569.9688   18.0225
    7.5000  -22.5000  -30.000012825.2734   18.0534
   -7.5000  -15.0000  -30.000013692.4746   18.0147
    0.0000  -15.0000  -30.000014236.8506   18.0165
    7.5000  -15.0000  -30.000013459.4795   18.0486
   -7.5000   -7.5000  -30.000014155.7900   17.9948
    0.0000   -7.5000  -30.000014746.1260   18.0037
    7.5000   -7.5000  -30.000013917.6621   18.0340
   -7.5000    0.0000  -30.000014469.0156   17.9867
    0.0000    0.0000  -30.000015096.8613   17.9983
    7.5000    0.0000  -30.000014244.2939   18.0264
   -7.5000    7.5000  -30.000013603.0518   17.9992
    0.0000    7.5000  -30.000014178.2295   18.0050
    7.5000    7.5000  -30.000013381.4463   18.0315
   -7.5000   15.0000  -30.000012586.1494   18.0184
    0.0000   15.0000  -30.000013133.5156   18.0164
    7.5000   15.0000  -30.000012409.4395   18.0441
   -7.5000   22.5000  -30.000011487.4971   18.0229
    0.0000   22.5000  -30.000012004.1318   18.0198
    7.5000   22.5000  -30.000011347.0654   18.0507
   -7.5000   30.0000  -30.000010360.7930   17.8124
    0.0000   30.0000  -30.000010833.3213   17.8143
    7.5000   30.0000  -30.000010255.1641   17.8459
   -7.5000   37.5000  -30.0000 9687.0186   17.8945
    0.0000   37.5000  -30.000010135.8926   17.9034
    7.5000   37.5000  -30.0000 9595.5273   17.9336
   -7.5000   45.0000  -30.0000 8613.0273   17.6872
    0.0000   45.0000  -30.0000 9018.4023   17.7011
    7.5000   45.0000  -30.0000 8570.4639   17.7283
   -7.5000  -45.0000  -22.500011699.0352   18.6007
    0.0000  -45.0000  -22.500012181.3184   18.6157
    7.5000  -45.0000  -22.500011592.6455   18.6329
   -7.5000  -37.5000  -22.500012226.6436   18.5924
    0.0000  -37.5000  -22.500012696.7500   18.5996
    7.5000  -37.5000  -22.500012065.6367   18.6140
   -7.5000  -30.0000  -22.500013079.3477   18.6101
    0.0000  -30.0000  -22.500013580.0674   18.6080
    7.5000  -30.0000  -22.500012866.5703   18.6225
   -7.5000  -22.5000  -22.500013860.5850   18.6152
    0.0000  -22.5000  -22.500014411.9336   18.6117
    7.5000  -22.5000  -22.500013631.8281   18.6298
   -7.5000  -15.0000  -22.500014556.0498   18.5971
    0.0000  -15.0000  -22.500015171.2012   18.6003
    7.5000  -15.0000  -22.500014346.1846   18.6206
   -7.5000   -7.5000  -22.500015062.9004   18.5729
    0.0000   -7.5000  -22.500015745.8223   18.5852
    7.5000   -7.5000  -22.500014847.9141   18.6046
   -7.5000    0.0000  -22.500015423.7178   18.5675
    0.0000    0.0000  -22.500016117.2461   18.5824
    7.5000    0.0000  -22.500015189.1631   18.5995
   -7.5000    7.5000  -22.500014448.8252   18.5863
    0.0000    7.5000  -22.500015074.3027   18.5934
    7.5000    7.5000  -22.500014236.7891   18.6079
   -7.5000   15.0000  -22.500013381.2217   18.6100
    0.0000   15.0000  -22.500013971.7832   18.6078
    7.5000   15.0000  -22.500013200.7920   18.6224
   -7.5000   22.5000  -22.500012219.2422   18.6108
    0.0000   22.5000  -22.500012784.5537   18.6072
    7.5000   22.5000  -22.500012088.2461   18.6254
   -7.5000   30.0000  -22.500011039.7451   18.3912
    0.0000   30.0000  -22.500011552.4111   18.3945
    7.5000   30.0000  -22.500010921.3545   18.4145
   -7.5000   37.5000  -22.500010287.3398   18.4703
    0.0000   37.5000  -22.500010769.5635   18.4828
    7.5000   37.5000  -22.500010185.6963   18.5020
   -7.5000   45.0000  -22.5000 9150.0420   18.2757
    0.0000   45.0000  -22.5000 9582.4238   18.2920
    7.5000   45.0000  -22.5000 9076.9473   18.3079
   -7.5000  -45.0000  -15.000012403.3691   19.0248
    0.0000  -45.0000  -15.000012924.6885   19.0464
    7.5000  -45.0000  -15.000012281.2607   19.0527
   -7.5000  -37.5000  -15.000012984.7832   19.0215
    0.0000  -37.5000  -15.000013501.6426   19.0342
    7.5000  -37.5000  -15.000012801.4346   19.0367
   -7.5000  -30.0000  -15.000013856.2119   19.0374
    0.0000  -30.0000  -15.000014412.4404   19.0406
    7.5000  -30.0000  -15.000013617.6924   19.0421
   -7.5000  -22.5000  -15.000014669.0127   19.0347
    0.0000  -22.5000  -15.000015251.3447   19.0372
    7.5000  -22.5000  -15.000014422.3213   19.0424
   -7.5000  -15.0000  -15.000015432.1592   19.0105
    0.0000  -15.0000  -15.000016082.9121   19.0201
    7.5000  -15.0000  -15.000015215.7051   19.0281
   -7.5000   -7.5000  -15.000015994.3799   18.9886
    0.0000   -7.5000  -15.000016722.4453   19.0078
    7.5000   -7.5000  -15.000015791.8613   19.0159
   -7.5000    0.0000  -15.000016336.4141   18.9909
    0.0000    0.0000  -15.000017097.3828   19.0124
    7.5000    0.0000  -15.000016146.0879   19.0186
   -7.5000    7.5000  -15.000015309.4473   19.0153
    0.0000    7.5000  -15.000016011.5068   19.0279
    7.5000    7.5000  -15.000015121.6572   19.0304
   -7.5000   15.0000  -15.000014205.5029   19.0372
    0.0000   15.0000  -15.000014844.4502   19.0404
    7.5000   15.0000  -15.000014001.8086   19.0420
   -7.5000   22.5000  -15.000012992.0518   19.0290
    0.0000   22.5000  -15.000013612.5205   19.0316
    7.5000   22.5000  -15.000012828.7266   19.0367
   -7.5000   30.0000  -15.000011751.2090   18.8018
    0.0000   30.0000  -15.000012312.6240   18.8114
    7.5000   30.0000  -15.000011592.5498   18.8191
   -7.5000   37.5000  -15.000010946.8018   18.8840
    0.0000   37.5000  -15.000011468.9766   18.9037
    7.5000   37.5000  -15.000010807.6338   18.9113
   -7.5000   45.0000  -15.0000 9770.2168   18.7039
    0.0000   45.0000  -15.000010222.2119   18.7252
    7.5000   45.0000  -15.0000 9636.3115   18.7292
   -7.5000  -45.0000   -7.500013095.4893   19.2326
    0.0000  -45.0000   -7.500013631.9551   19.2569
    7.5000  -45.0000   -7.500012944.9980   19.2635
   -7.5000  -37.5000   -7.500013760.6660   19.2290
    0.0000  -37.5000   -7.500014319.5547   19.2463
    7.5000  -37.5000   -7.500013531.0244   19.2501
   -7.5000  -30.0000   -7.500014698.4414   19.2387
    0.0000  -30.0000   -7.500015336.4033   19.2487
    7.5000  -30.0000   -7.500014432.6670   19.2521
   -7.5000  -22.5000   -7.500015513.5762   19.2291
    0.0000  -22.5000   -7.500016131.9678   19.2385
    7.5000  -22.5000   -7.500015256.0967   19.2445
   -7.5000  -15.0000   -7.500016314.0342   19.2051
    0.0000  -15.0000   -7.500016977.1973   19.2191
    7.5000  -15.0000   -7.500016082.0029   19.2261
   -7.5000   -7.5000   -7.500016954.9141   19.1901
    0.0000   -7.5000   -7.500017730.0879   19.2116
    7.5000   -7.5000   -7.500016762.9395   19.2188
   -7.5000    0.0000   -7.500017340.6484   19.1983
    0.0000    0.0000   -7.500018176.4062   19.2225
    7.5000    0.0000   -7.500017128.9316   19.2290
   -7.5000    7.5000   -7.500016300.6924   19.2227
    0.0000    7.5000   -7.500017081.5000   19.2400
    7.5000    7.5000   -7.500016068.4844   19.2438
   -7.5000   15.0000   -7.500015160.8447   19.2385
    0.0000   15.0000   -7.500015861.3828   19.2485
    7.5000   15.0000   -7.500014878.3906   19.2519
   -7.5000   22.5000   -7.500013902.5791   19.2214
    0.0000   22.5000   -7.500014542.4033   19.2308
    7.5000   22.5000   -7.500013643.4961   19.2367
   -7.5000   30.0000   -7.500012576.6094   18.9926
    0.0000   30.0000   -7.500013164.7676   19.0065
    7.5000   30.0000   -7.500012334.3818   19.0133
   -7.5000   37.5000   -7.500011706.2656   19.0831
    0.0000   37.5000   -7.500012260.6875   19.1052
    7.5000   37.5000   -7.500011490.2510   19.1116
   -7.5000   45.0000   -7.500010414.0781   18.9074
    0.0000   45.0000   -7.500010916.7725   18.9309
    7.5000   45.0000   -7.500010235.2930   18.9345
   -7.5000  -45.0000    0.000013636.2979   19.2631
    0.0000  -45.0000    0.000014170.2432   19.2848
    7.5000  -45.0000    0.000013435.5029   19.3020
   -7.5000  -37.5000    0.000014374.9463   19.2534
    0.0000  -37.5000    0.000014974.5146   19.2713
    7.5000  -37.5000    0.000014116.0293   19.2879
   -7.5000  -30.0000    0.000015505.7832   19.2570
    0.0000  -30.0000    0.000016240.9473   19.2703
    7.5000  -30.0000    0.000015207.2988   19.2880
   -7.5000  -22.5000    0.000016437.8398   19.2475
    0.0000  -22.5000    0.000017147.1719   19.2599
    7.5000  -22.5000    0.000016165.4434   19.2794
   -7.5000  -15.0000    0.000017273.9160   19.2301
    0.0000  -15.0000    0.000017981.2461   19.2440
    7.5000  -15.0000    0.000017004.5957   19.2623
   -7.5000   -7.5000    0.000017963.8711   19.2209
    0.0000   -7.5000    0.000018754.2012   19.2395
    7.5000   -7.5000    0.000017644.5469   19.2568
   -7.5000    0.0000    0.000018370.2773   19.2288
    0.0000    0.0000    0.000019211.4727   19.2504
    7.5000    0.0000    0.000017979.7070   19.2674
   -7.5000    7.5000    0.000017292.6641   19.2471
    0.0000    7.5000    0.000018080.8926   19.2649
    7.5000    7.5000    0.000016873.3594   19.2816
   -7.5000   15.0000    0.000016020.9639   19.2569
    0.0000   15.0000    0.000016740.5039   19.2702
    7.5000   15.0000    0.000015614.1182   19.2879
   -7.5000   22.5000    0.000014676.3418   19.2401
    0.0000   22.5000    0.000015346.3975   19.2525
    7.5000   22.5000    0.000014327.6797   19.2719
   -7.5000   30.0000    0.000013306.5430   19.0175
    0.0000   30.0000    0.000013937.7852   19.0314
    7.5000   30.0000    0.000012981.2930   19.0494
   -7.5000   37.5000    0.000012364.3779   19.1156
    0.0000   37.5000    0.000012954.9688   19.1346
    7.5000   37.5000    0.000012090.9453   19.1513
   -7.5000   45.0000    0.000011018.8623   18.9340
    0.0000   45.0000    0.000011541.3662   18.9558
    7.5000   45.0000    0.000010779.2803   18.9703
   -7.5000  -45.0000    7.500013058.5020   19.2812
    0.0000  -45.0000    7.500013577.9551   19.2975
    7.5000  -45.0000    7.500012929.5039   19.3268
   -7.5000  -37.5000    7.500013785.2988   19.2659
    0.0000  -37.5000    7.500014332.3779   19.2780
    7.5000  -37.5000    7.500013592.9668   19.3066
   -7.5000  -30.0000    7.500015104.3037   19.2722
    0.0000  -30.0000    7.500015829.5986   19.2791
    7.5000  -30.0000    7.500014753.0244   19.3095
   -7.5000  -22.5000    7.500016339.7646   19.2723
    0.0000  -22.5000    7.500017173.8223   19.2780
    7.5000  -22.5000    7.500015878.1357   19.3111
   -7.5000  -15.0000    7.500017225.5684   19.2611
    0.0000  -15.0000    7.500018012.9727   19.2694
    7.5000  -15.0000    7.500016704.8984   19.3019
   -7.5000   -7.5000    7.500017705.0801   19.2480
    0.0000   -7.5000    7.500018474.0078   19.2614
    7.5000   -7.5000    7.500017178.0938   19.2920
   -7.5000    0.0000    7.500017935.5938   19.2467
    0.0000    0.0000    7.500018694.4805   19.2629
    7.5000    0.0000    7.500017435.3711   19.2921
   -7.5000    7.5000    7.500016781.1543   19.2596
    0.0000    7.5000    7.500017499.0840   19.2717
    7.5000    7.5000    7.500016350.8594   19.3002
   -7.5000   15.0000    7.500015506.7236   19.2721
    0.0000   15.0000    7.500016197.9219   19.2789
    7.5000   15.0000    7.500015148.9316   19.3093
   -7.5000   22.5000    7.500014233.3730   19.2651
    0.0000   22.5000    7.500014866.0176   19.2708
    7.5000   22.5000    7.500013914.9365   19.3038
   -7.5000   30.0000    7.500012930.4199   19.0490
    0.0000   30.0000    7.500013517.7129   19.0574
    7.5000   30.0000    7.500012638.0557   19.0895
   -7.5000   37.5000    7.500012017.6699   19.1450
    0.0000   37.5000    7.500012566.5107   19.1586
    7.5000   37.5000    7.500011743.7715   19.1888
   -7.5000   45.0000    7.500010678.6699   18.9516
    0.0000   45.0000    7.500011179.1865   18.9694
    7.5000   45.0000    7.500010434.4766   18.9970
   -7.5000  -45.0000   15.000012401.2041   19.3287
    0.0000  -45.0000   15.000012915.5312   19.3413
    7.5000  -45.0000   15.000012317.4482   19.3714
   -7.5000  -37.5000   15.000013154.9902   19.3148
    0.0000  -37.5000   15.000013676.0703   19.3210
    7.5000  -37.5000   15.000012995.9307   19.3493
   -7.5000  -30.0000   15.000014438.4609   19.3296
    0.0000  -30.0000   15.000015116.6533   19.3275
    7.5000  -30.0000   15.000014144.7559   19.3571
   -7.5000  -22.5000   15.000015600.9014   19.3368
    0.0000  -22.5000   15.000016364.2725   19.3334
    7.5000  -22.5000   15.000015227.4951   19.3665
   -7.5000  -15.0000   15.000016374.9111   19.3243
    0.0000  -15.0000   15.000017069.8789   19.3262
    7.5000  -15.0000   15.000015998.1162   19.3605
   -7.5000   -7.5000   15.000016833.4805   19.3024
    0.0000   -7.5000   15.000017535.9805   19.3120
    7.5000   -7.5000   15.000016499.3848   19.3444
   -7.5000    0.0000   15.000017060.3906   19.2941
    0.0000    0.0000   15.000017782.1582   19.3066
    7.5000    0.0000   15.000016766.4219   19.3366
   -7.5000    7.5000   15.000015976.8828   19.3085
    0.0000    7.5000   15.000016650.0156   19.3147
    7.5000    7.5000   15.000015685.0977   19.3429
   -7.5000   15.0000   15.000014792.1621   19.3294
    0.0000   15.0000   15.000015408.3145   19.3273
    7.5000   15.0000   15.000014493.8662   19.3569
   -7.5000   22.5000   15.000013571.3320   19.3296
    0.0000   22.5000   15.000014130.5234   19.3262
    7.5000   22.5000   15.000013295.8330   19.3593
   -7.5000   30.0000   15.000012319.6357   19.1128
    0.0000   30.0000   15.000012839.2158   19.1148
    7.5000   30.0000   15.000012068.1152   19.1487
   -7.5000   37.5000   15.000011442.9688   19.2003
    0.0000   37.5000   15.000011928.8145   19.2099
    7.5000   37.5000   15.000011216.0635   19.2422
   -7.5000   45.0000   15.000010177.2080   19.0032
    0.0000   45.0000   15.000010623.2891   19.0180
    7.5000   45.0000   15.0000 9989.8691   19.0472
   -7.5000  -45.0000   22.500011696.3350   19.4114
    0.0000  -45.0000   22.500012181.0605   19.4269
    7.5000  -45.0000   22.500011580.8057   19.4446
   -7.5000  -37.5000   22.500012355.1758   19.4034
    0.0000  -37.5000   22.500012856.1348   19.4106
    7.5000  -37.5000   22.500012209.0332   19.4254
   -7.5000  -30.0000   22.500013489.1475   19.4217
    0.0000  -30.0000   22.500014107.3691   19.4190
    7.5000  -30.0000   22.500013289.7773   19.4340
   -7.5000  -22.5000   22.500014421.7588   19.4259
    0.0000  -22.5000   22.500014994.2158   19.4218
    7.5000  -22.5000   22.500014226.1777   19.4406
   -7.5000  -15.0000   22.500015052.0488   19.4061
    0.0000  -15.0000   22.500015560.3613   19.4091
    7.5000  -15.0000   22.500014904.4619   19.4302
   -7.5000   -7.5000   22.500015561.9531   19.3812
    0.0000   -7.5000   22.500016096.2383   19.3938
    7.5000   -7.5000   22.500015440.4473   19.4138
   -7.5000    0.0000   22.500015903.6914   19.3766
    0.0000    0.0000   22.500016516.9844   19.3919
    7.5000    0.0000   22.500015797.3047   19.4095
   -7.5000    7.5000   22.500014960.6064   19.3970
    0.0000    7.5000   22.500015568.4170   19.4041
    7.5000    7.5000   22.500014833.6611   19.4190
   -7.5000   15.0000   22.500013880.7295   19.4215
    0.0000   15.0000   22.500014425.6465   19.4189
    7.5000   15.0000   22.500013698.7129   19.4338
   -7.5000   22.5000   22.500012727.5020   19.4183
    0.0000   22.5000   22.500013224.1963   19.4142
    7.5000   22.5000   22.500012532.5635   19.4330
   -7.5000   30.0000   22.500011575.8701   19.1941
    0.0000   30.0000   22.500012023.3359   19.1972
    7.5000   30.0000   22.500011364.1445   19.2180
   -7.5000   37.5000   22.500010748.3574   19.2776
    0.0000   37.5000   22.500011169.6338   19.2903
    7.5000   37.5000   22.500010553.3301   19.3102
   -7.5000   45.0000   22.5000 9563.6221   19.0908
    0.0000   45.0000   22.5000 9954.4707   19.1076
    7.5000   45.0000   22.5000 9388.5986   19.1241
   -7.5000  -45.0000   30.000010856.4355   19.6694
    0.0000  -45.0000   30.000011323.4238   19.6911
    7.5000  -45.0000   30.000010770.8691   19.6976
   -7.5000  -37.5000   30.000011452.7051   19.6660
    0.0000  -37.5000   30.000011915.6602   19.6783
    7.5000  -37.5000   30.000011341.8086   19.6808
   -7.5000  -30.0000   30.000012440.8887   19.6820
    0.0000  -30.0000   30.000012954.4746   19.6844
    7.5000  -30.0000   30.000012282.5449   19.6859
   -7.5000  -22.5000   30.000013235.2041   19.6783
    0.0000  -22.5000   30.000013678.4961   19.6802
    7.5000  -22.5000   30.000013089.6699   19.6855
   -7.5000  -15.0000   30.000013852.8594   19.6527
    0.0000  -15.0000   30.000014278.4502   19.6621
    7.5000  -15.0000   30.000013749.2236   19.6704
   -7.5000   -7.5000   30.000014401.9912   19.6303
    0.0000   -7.5000   30.000014890.1562   19.6497
    7.5000   -7.5000   30.000014296.1553   19.6582
   -7.5000    0.0000   30.000014783.3193   19.6337
    0.0000    0.0000   30.000015298.8721   19.6553
    7.5000    0.0000   30.000014664.4785   19.6616
   -7.5000    7.5000   30.000013925.2764   19.6594
    0.0000    7.5000   30.000014429.4893   19.6717
    7.5000    7.5000   30.000013783.2891   19.6742
   -7.5000   15.0000   30.000012901.3789   19.6819
    0.0000   15.0000   30.000013400.8516   19.6843
    7.5000   15.0000   30.000012765.7100   19.6858
   -7.5000   22.5000   30.000011826.8730   19.6704
    0.0000   22.5000   30.000012289.3926   19.6722
    7.5000   22.5000   30.000011689.7227   19.6775
   -7.5000   30.0000   30.000010782.3848   19.4376
    0.0000   30.0000   30.000011202.2090   19.4471
    7.5000   30.0000   30.000010614.3252   19.4551
   -7.5000   37.5000   30.0000 9995.0303   19.5252
    0.0000   37.5000   30.000010377.1621   19.5450
    7.5000   37.5000   30.0000 9841.5518   19.5529
   -7.5000   45.0000   30.0000 8891.7842   19.3505
    0.0000   45.0000   30.0000 9248.2197   19.3719
    7.5000   45.0000   30.0000 8745.2529   19.3759
   -7.5000  -45.0000   37.500010430.0312   20.1189
    0.0000  -45.0000   37.500010888.2930   20.1430
    7.5000  -45.0000   37.500010358.1162   20.1503
   -7.5000  -37.5000   37.500010996.4297   20.1153
    0.0000  -37.5000   37.500011465.9961   20.1318
    7.5000  -37.5000   37.500010916.1045   20.1358
   -7.5000  -30.0000   37.500011915.9668   20.1258
    0.0000  -30.0000   37.500012388.8799   20.1344
    7.5000  -30.0000   37.500011794.0957   20.1376
   -7.5000  -22.5000   37.500012671.8955   20.1152
    0.0000  -22.5000   37.500013091.0400   20.1229
    7.5000  -22.5000   37.500012551.5723   20.1288
   -7.5000  -15.0000   37.500013303.4170   20.0886
    0.0000  -15.0000   37.500013724.4609   20.1012
    7.5000  -15.0000   37.500013207.5117   20.1084
   -7.5000   -7.5000   37.500013833.9941   20.0721
    0.0000   -7.5000   37.500014300.6816   20.0930
    7.5000   -7.5000   37.500013742.6641   20.1007
   -7.5000    0.0000   37.500014221.6699   20.0815
    0.0000    0.0000   37.500014709.0029   20.1054
    7.5000    0.0000   37.500014110.4648   20.1126
   -7.5000    7.5000   37.500013430.2559   20.1084
    0.0000    7.5000   37.500013912.9932   20.1249
    7.5000    7.5000   37.500013278.5576   20.1289
   -7.5000   15.0000   37.500012453.7930   20.1256
    0.0000   15.0000   37.500012928.8672   20.1342
    7.5000   15.0000   37.500012314.0547   20.1374
   -7.5000   22.5000   37.500011433.6924   20.1071
    0.0000   22.5000   37.500011878.6406   20.1148
    7.5000   22.5000   37.500011300.5889   20.1207
   -7.5000   30.0000   37.500010399.0205   19.8669
    0.0000   30.0000   37.500010824.7588   19.8795
    7.5000   30.0000   37.500010268.8457   19.8864
   -7.5000   37.5000   37.5000 9634.1426   19.9611
    0.0000   37.5000   37.500010050.5908   19.9826
    7.5000   37.5000   37.5000 9541.5186   19.9896
   -7.5000   45.0000   37.5000 8590.0586   19.7840
    0.0000   45.0000   37.5000 8934.8838   19.8072
    7.5000   45.0000   37.5000 8503.4902   19.8112
   -7.5000  -45.0000   45.0000 9585.9248   20.6242
    0.0000  -45.0000   45.000010029.8203   20.6463
    7.5000  -45.0000   45.0000 9534.3428   20.6685
   -7.5000  -37.5000   45.000010112.2939   20.6123
    0.0000  -37.5000   45.000010574.5127   20.6294
    7.5000  -37.5000   45.000010045.7539   20.6508
   -7.5000  -30.0000   45.000010932.6104   20.6176
    0.0000  -30.0000   45.000011397.3262   20.6291
    7.5000  -30.0000   45.000010846.1592   20.6502
   -7.5000  -22.5000   45.000011621.7305   20.6092
    0.0000  -22.5000   45.000012057.8467   20.6199
    7.5000  -22.5000   45.000011529.9023   20.6418
   -7.5000  -15.0000   45.000012228.9844   20.5904
    0.0000  -15.0000   45.000012673.4707   20.6035
    7.5000  -15.0000   45.000012161.9316   20.6242
   -7.5000   -7.5000   45.000012730.8311   20.5781
    0.0000   -7.5000   45.000013189.8740   20.5967
    7.5000   -7.5000   45.000012663.1240   20.6177
   -7.5000    0.0000   45.000013098.6650   20.5846
    0.0000    0.0000   45.000013560.6875   20.6065
    7.5000    0.0000   45.000013010.8330   20.6285
   -7.5000    7.5000   45.000012382.1758   20.6050
    0.0000    7.5000   45.000012841.5645   20.6221
    7.5000    7.5000   45.000012275.0850   20.6435
   -7.5000   15.0000   45.000011502.3896   20.6174
    0.0000   15.0000   45.000011974.6055   20.6289
    7.5000   15.0000   45.000011415.4453   20.6500
   -7.5000   22.5000   45.000010588.7324   20.5998
    0.0000   22.5000   45.000011022.4707   20.6105
    7.5000   22.5000   45.000010495.4912   20.6324
   -7.5000   30.0000   45.0000 9632.8711   20.3519
    0.0000   30.0000   45.000010027.9150   20.3649
    7.5000   30.0000   45.0000 9536.0371   20.3853
   -7.5000   37.5000   45.0000 8945.5420   20.4493
    0.0000   37.5000   45.0000 9325.2520   20.4683
    7.5000   37.5000   45.0000 8859.9795   20.4885
   -7.5000   45.0000   45.0000 7987.6758   20.2669
    0.0000   45.0000   45.0000 8307.7881   20.2888
    7.5000   45.0000   45.0000 7918.1880   20.3079

---------------------------------------------------------------------
imgreg_4dfp /usr/local/freesurfer/average/711-2C_as_mni_average_305 /usr/local/freesurfer/average/711-2B_as_mni_average_305_mask talsrcimg_g11 none talsrcimg_to_711-2C_as_mni_average_305_t4 4355
---------------------------------------------------------------------

freesurfer imgreg_4dfp.c
/usr/local/freesurfer/average/711-2C_as_mni_average_305.4dfp.img
       256       256       256         1
  1.000000  1.000000  1.000000
orientation T byte_order littleendian
Reading image: /usr/local/freesurfer/average/711-2C_as_mni_average_305.4dfp.img
dimensions:      256       256       256
mmppix:       1.0000   -1.0000   -1.0000
center:     128.0000 -129.0000 -129.0000
/usr/local/freesurfer/average/711-2B_as_mni_average_305_mask.4dfp.img
       256       256       256         1
  1.000000  1.000000  1.000000
orientation T byte_order littleendian
Reading mask: /usr/local/freesurfer/average/711-2B_as_mni_average_305_mask.4dfp.img (2306576 pixels)
talsrcimg_g11.4dfp.img
       256       256       256         1
  1.000000  1.000000  1.000000
orientation T byte_order littleendian
Reading image: talsrcimg_g11.4dfp.img
dimensions:      256       256       256
mmppix:       1.0000   -1.0000   -1.0000
center:     128.0000 -129.0000 -129.0000
rotation matrix determinant  1.000000
image alignment mode   4355 decimal     1103 hex
   -7.5000  -45.0000  -45.0000 2436.0979   18.7985
    0.0000  -45.0000  -45.0000 2439.6279   18.8076
    7.5000  -45.0000  -45.0000 2420.4377   18.9442
   -7.5000  -37.5000  -45.0000 2471.0549   18.1013
    0.0000  -37.5000  -45.0000 2472.8623   18.1043
    7.5000  -37.5000  -45.0000 2449.2102   18.2810
   -7.5000  -30.0000  -45.0000 2484.2222   17.7583
    0.0000  -30.0000  -45.0000 2487.9426   17.7565
    7.5000  -30.0000  -45.0000 2461.0195   17.9646
   -7.5000  -22.5000  -45.0000 2489.0850   17.7229
    0.0000  -22.5000  -45.0000 2493.3936   17.7570
    7.5000  -22.5000  -45.0000 2467.9668   17.9543
   -7.5000  -15.0000  -45.0000 2484.8330   17.9977
    0.0000  -15.0000  -45.0000 2484.6348   17.9820
    7.5000  -15.0000  -45.0000 2462.0698   18.1994
   -7.5000   -7.5000  -45.0000 2466.1619   18.5056
    0.0000   -7.5000  -45.0000 2471.1938   18.5386
    7.5000   -7.5000  -45.0000 2445.0891   18.7754
   -7.5000    0.0000  -45.0000 2428.0403   19.3676
    0.0000    0.0000  -45.0000 2434.7295   19.3931
    7.5000    0.0000  -45.0000 2408.4409   19.6070
   -7.5000    7.5000  -45.0000 2374.3196   20.4808
    0.0000    7.5000  -45.0000 2378.8569   20.4856
    7.5000    7.5000  -45.0000 2353.2551   20.7255
   -7.5000   15.0000  -45.0000 2294.6545   21.9647
    0.0000   15.0000  -45.0000 2296.7993   21.9905
    7.5000   15.0000  -45.0000 2270.7144   22.2362
   -7.5000   22.5000  -45.0000 2201.3904   23.8657
    0.0000   22.5000  -45.0000 2202.3167   23.8516
    7.5000   22.5000  -45.0000 2179.9702   24.2196
   -7.5000   30.0000  -45.0000 2091.8274   26.3465
    0.0000   30.0000  -45.0000 2095.9451   26.2918
    7.5000   30.0000  -45.0000 2077.1802   26.6475
   -7.5000   37.5000  -45.0000 1975.3832   29.5764
    0.0000   37.5000  -45.0000 1980.2534   29.5021
    7.5000   37.5000  -45.0000 1961.0414   29.8251
   -7.5000   45.0000  -45.0000 1847.9492   33.8319
    0.0000   45.0000  -45.0000 1844.4734   33.7150
    7.5000   45.0000  -45.0000 1837.0756   34.1838
   -7.5000  -45.0000  -37.5000 2524.7268   17.6551
    0.0000  -45.0000  -37.5000 2532.8992   17.6317
    7.5000  -45.0000  -37.5000 2509.7087   17.7952
   -7.5000  -37.5000  -37.5000 2559.1743   16.9336
    0.0000  -37.5000  -37.5000 2566.5137   16.8831
    7.5000  -37.5000  -37.5000 2539.6973   17.0715
   -7.5000  -30.0000  -37.5000 2575.3152   16.5751
    0.0000  -30.0000  -37.5000 2579.4746   16.5458
    7.5000  -30.0000  -37.5000 2556.3403   16.7725
   -7.5000  -22.5000  -37.5000 2583.3127   16.5271
    0.0000  -22.5000  -37.5000 2585.9363   16.5114
    7.5000  -22.5000  -37.5000 2562.0615   16.7130
   -7.5000  -15.0000  -37.5000 2577.3330   16.7722
    0.0000  -15.0000  -37.5000 2579.3650   16.7331
    7.5000  -15.0000  -37.5000 2558.5122   16.9623
   -7.5000   -7.5000  -37.5000 2559.5918   17.2376
    0.0000   -7.5000  -37.5000 2562.4978   17.2492
    7.5000   -7.5000  -37.5000 2536.5706   17.4488
   -7.5000    0.0000  -37.5000 2520.4619   18.0087
    0.0000    0.0000  -37.5000 2530.0962   18.0237
    7.5000    0.0000  -37.5000 2494.0044   18.2223
   -7.5000    7.5000  -37.5000 2461.1809   19.0130
    0.0000    7.5000  -37.5000 2468.7620   19.0361
    7.5000    7.5000  -37.5000 2439.9438   19.2723
   -7.5000   15.0000  -37.5000 2377.1145   20.3440
    0.0000   15.0000  -37.5000 2385.6177   20.3581
    7.5000   15.0000  -37.5000 2356.7065   20.5822
   -7.5000   22.5000  -37.5000 2279.7019   22.1423
    0.0000   22.5000  -37.5000 2286.1384   22.1467
    7.5000   22.5000  -37.5000 2260.0105   22.4392
   -7.5000   30.0000  -37.5000 2168.3074   24.4346
    0.0000   30.0000  -37.5000 2174.1531   24.4058
    7.5000   30.0000  -37.5000 2151.6191   24.7226
   -7.5000   37.5000  -37.5000 2052.1455   27.3618
    0.0000   37.5000  -37.5000 2063.5779   27.3581
    7.5000   37.5000  -37.5000 2035.2866   27.6338
   -7.5000   45.0000  -37.5000 1910.6158   31.2436
    0.0000   45.0000  -37.5000 1911.1837   31.2002
    7.5000   45.0000  -37.5000 1901.6427   31.5759
   -7.5000  -45.0000  -30.0000 2647.3274   17.2652
    0.0000  -45.0000  -30.0000 2657.3735   17.1751
    7.5000  -45.0000  -30.0000 2638.6128   17.3523
   -7.5000  -37.5000  -30.0000 2686.7627   16.4498
    0.0000  -37.5000  -30.0000 2691.3481   16.3591
    7.5000  -37.5000  -30.0000 2676.0171   16.5494
   -7.5000  -30.0000  -30.0000 2711.3049   16.0642
    0.0000  -30.0000  -30.0000 2714.2549   15.9795
    7.5000  -30.0000  -30.0000 2695.1436   16.1594
   -7.5000  -22.5000  -30.0000 2717.7400   16.0144
    0.0000  -22.5000  -30.0000 2720.0232   15.9596
    7.5000  -22.5000  -30.0000 2698.6772   16.1394
   -7.5000  -15.0000  -30.0000 2715.2329   16.2301
    0.0000  -15.0000  -30.0000 2714.8779   16.1633
    7.5000  -15.0000  -30.0000 2694.3108   16.3587
   -7.5000   -7.5000  -30.0000 2697.5945   16.6564
    0.0000   -7.5000  -30.0000 2703.6138   16.6489
    7.5000   -7.5000  -30.0000 2674.5427   16.8232
   -7.5000    0.0000  -30.0000 2656.5225   17.3469
    0.0000    0.0000  -30.0000 2664.6243   17.3200
    7.5000    0.0000  -30.0000 2633.2725   17.5517
   -7.5000    7.5000  -30.0000 2593.7705   18.3093
    0.0000    7.5000  -30.0000 2598.4070   18.2814
    7.5000    7.5000  -30.0000 2572.1624   18.5152
   -7.5000   15.0000  -30.0000 2506.2163   19.5955
    0.0000   15.0000  -30.0000 2510.6616   19.5621
    7.5000   15.0000  -30.0000 2486.1423   19.7799
   -7.5000   22.5000  -30.0000 2402.2788   21.2699
    0.0000   22.5000  -30.0000 2409.3066   21.2306
    7.5000   22.5000  -30.0000 2386.3586   21.5130
   -7.5000   30.0000  -30.0000 2275.7581   23.4336
    0.0000   30.0000  -30.0000 2281.3887   23.3730
    7.5000   30.0000  -30.0000 2264.6719   23.6759
   -7.5000   37.5000  -30.0000 2154.3364   26.1819
    0.0000   37.5000  -30.0000 2165.5991   26.1954
    7.5000   37.5000  -30.0000 2144.5391   26.4735
   -7.5000   45.0000  -30.0000 2008.3735   29.9133
    0.0000   45.0000  -30.0000 2013.9497   29.9221
    7.5000   45.0000  -30.0000 2001.2344   30.2420
   -7.5000  -45.0000  -22.5000 2741.1426   16.7442
    0.0000  -45.0000  -22.5000 2749.8176   16.6142
    7.5000  -45.0000  -22.5000 2731.7935   16.8031
   -7.5000  -37.5000  -22.5000 2793.5518   15.8890
    0.0000  -37.5000  -22.5000 2795.6060   15.7927
    7.5000  -37.5000  -22.5000 2779.3098   15.9352
   -7.5000  -30.0000  -22.5000 2816.4644   15.4500
    0.0000  -30.0000  -22.5000 2814.8220   15.3137
    7.5000  -30.0000  -22.5000 2796.0295   15.4612
   -7.5000  -22.5000  -22.5000 2824.6538   15.3350
    0.0000  -22.5000  -22.5000 2822.4858   15.2652
    7.5000  -22.5000  -22.5000 2799.9009   15.4069
   -7.5000  -15.0000  -22.5000 2819.9207   15.5496
    0.0000  -15.0000  -22.5000 2823.3267   15.4794
    7.5000  -15.0000  -22.5000 2799.7847   15.6308
   -7.5000   -7.5000  -22.5000 2804.1501   15.9572
    0.0000   -7.5000  -22.5000 2814.6301   15.9373
    7.5000   -7.5000  -22.5000 2784.9861   16.1203
   -7.5000    0.0000  -22.5000 2768.4456   16.6585
    0.0000    0.0000  -22.5000 2777.2922   16.6134
    7.5000    0.0000  -22.5000 2748.1245   16.8254
   -7.5000    7.5000  -22.5000 2698.7959   17.5629
    0.0000    7.5000  -22.5000 2704.9661   17.5114
    7.5000    7.5000  -22.5000 2681.4966   17.7056
   -7.5000   15.0000  -22.5000 2605.8523   18.8063
    0.0000   15.0000  -22.5000 2610.6780   18.7428
    7.5000   15.0000  -22.5000 2585.1255   18.9121
   -7.5000   22.5000  -22.5000 2496.7949   20.4126
    0.0000   22.5000  -22.5000 2505.3357   20.3470
    7.5000   22.5000  -22.5000 2482.7339   20.5637
   -7.5000   30.0000  -22.5000 2366.8342   22.4322
    0.0000   30.0000  -22.5000 2375.2979   22.3793
    7.5000   30.0000  -22.5000 2352.3347   22.6319
   -7.5000   37.5000  -22.5000 2236.5408   25.0491
    0.0000   37.5000  -22.5000 2246.0767   25.0661
    7.5000   37.5000  -22.5000 2227.4121   25.2971
   -7.5000   45.0000  -22.5000 2088.3687   28.6595
    0.0000   45.0000  -22.5000 2092.7517   28.6755
    7.5000   45.0000  -22.5000 2073.7017   28.9729
   -7.5000  -45.0000  -15.0000 2791.7236   16.2196
    0.0000  -45.0000  -15.0000 2800.2881   16.1339
    7.5000  -45.0000  -15.0000 2780.2808   16.3278
   -7.5000  -37.5000  -15.0000 2850.5142   15.3359
    0.0000  -37.5000  -15.0000 2852.8777   15.2486
    7.5000  -37.5000  -15.0000 2835.2168   15.4240
   -7.5000  -30.0000  -15.0000 2877.4409   14.7942
    0.0000  -30.0000  -15.0000 2882.3630   14.7209
    7.5000  -30.0000  -15.0000 2854.9673   14.8490
   -7.5000  -22.5000  -15.0000 2889.1663   14.6019
    0.0000  -22.5000  -15.0000 2891.9873   14.5136
    7.5000  -22.5000  -15.0000 2861.9329   14.6890
   -7.5000  -15.0000  -15.0000 2891.5649   14.8197
    0.0000  -15.0000  -15.0000 2896.2156   14.7387
    7.5000  -15.0000  -15.0000 2871.9338   14.9516
   -7.5000   -7.5000  -15.0000 2879.2864   15.2675
    0.0000   -7.5000  -15.0000 2890.4746   15.2165
    7.5000   -7.5000  -15.0000 2863.0635   15.4280
   -7.5000    0.0000  -15.0000 2836.3145   15.9810
    0.0000    0.0000  -15.0000 2851.3728   15.9330
    7.5000    0.0000  -15.0000 2825.2600   16.1370
   -7.5000    7.5000  -15.0000 2768.6370   16.8905
    0.0000    7.5000  -15.0000 2778.5188   16.8409
    7.5000    7.5000  -15.0000 2753.1765   17.0334
   -7.5000   15.0000  -15.0000 2676.4282   18.0616
    0.0000   15.0000  -15.0000 2681.5906   18.0216
    7.5000   15.0000  -15.0000 2653.5916   18.2311
   -7.5000   22.5000  -15.0000 2566.3230   19.6142
    0.0000   22.5000  -15.0000 2575.6760   19.5712
    7.5000   22.5000  -15.0000 2549.6460   19.7924
   -7.5000   30.0000  -15.0000 2431.7549   21.5691
    0.0000   30.0000  -15.0000 2443.0203   21.5670
    7.5000   30.0000  -15.0000 2417.1758   21.7806
   -7.5000   37.5000  -15.0000 2294.1313   24.0629
    0.0000   37.5000  -15.0000 2304.3484   24.1131
    7.5000   37.5000  -15.0000 2283.9670   24.3625
   -7.5000   45.0000  -15.0000 2139.2778   27.4956
    0.0000   45.0000  -15.0000 2142.7349   27.5145
    7.5000   45.0000  -15.0000 2124.1526   27.8406
   -7.5000  -45.0000   -7.5000 2810.6106   15.8400
    0.0000  -45.0000   -7.5000 2817.6077   15.7095
    7.5000  -45.0000   -7.5000 2794.6555   15.9606
   -7.5000  -37.5000   -7.5000 2879.7239   14.9071
    0.0000  -37.5000   -7.5000 2884.9763   14.8138
    7.5000  -37.5000   -7.5000 2859.1951   15.0285
   -7.5000  -30.0000   -7.5000 2911.5813   14.2962
    0.0000  -30.0000   -7.5000 2924.0369   14.2429
    7.5000  -30.0000   -7.5000 2893.8276   14.4041
   -7.5000  -22.5000   -7.5000 2929.4346   13.9753
    0.0000  -22.5000   -7.5000 2932.9885   13.8859
    7.5000  -22.5000   -7.5000 2901.6567   14.1422
   -7.5000  -15.0000   -7.5000 2933.2007   14.1466
    0.0000  -15.0000   -7.5000 2935.3040   14.0479
    7.5000  -15.0000   -7.5000 2909.1143   14.3532
   -7.5000   -7.5000   -7.5000 2927.5991   14.6576
    0.0000   -7.5000   -7.5000 2939.0166   14.6019
    7.5000   -7.5000   -7.5000 2909.4067   14.8641
   -7.5000    0.0000   -7.5000 2888.4541   15.3861
    0.0000    0.0000   -7.5000 2907.9639   15.3619
    7.5000    0.0000   -7.5000 2872.2974   15.5573
   -7.5000    7.5000   -7.5000 2820.0215   16.2901
    0.0000    7.5000   -7.5000 2831.5811   16.2652
    7.5000    7.5000   -7.5000 2805.4148   16.4613
   -7.5000   15.0000   -7.5000 2726.7664   17.4710
    0.0000   15.0000   -7.5000 2730.9802   17.4013
    7.5000   15.0000   -7.5000 2706.9153   17.6490
   -7.5000   22.5000   -7.5000 2617.6587   19.0032
    0.0000   22.5000   -7.5000 2625.8174   18.9220
    7.5000   22.5000   -7.5000 2600.2585   19.2007
   -7.5000   30.0000   -7.5000 2481.9265   20.9119
    0.0000   30.0000   -7.5000 2490.0942   20.8400
    7.5000   30.0000   -7.5000 2464.6648   21.1456
   -7.5000   37.5000   -7.5000 2337.9885   23.3286
    0.0000   37.5000   -7.5000 2346.7668   23.2977
    7.5000   37.5000   -7.5000 2327.0940   23.5827
   -7.5000   45.0000   -7.5000 2172.0359   26.4304
    0.0000   45.0000   -7.5000 2179.8242   26.4264
    7.5000   45.0000   -7.5000 2159.7698   26.8019
   -7.5000  -45.0000    0.0000 2802.6980   15.7079
    0.0000  -45.0000    0.0000 2807.4436   15.5810
    7.5000  -45.0000    0.0000 2783.9265   15.8252
   -7.5000  -37.5000    0.0000 2878.8015   14.7795
    0.0000  -37.5000    0.0000 2883.1135   14.6731
    7.5000  -37.5000    0.0000 2859.2070   14.8919
   -7.5000  -30.0000    0.0000 2925.2744   14.1892
    0.0000  -30.0000    0.0000 2939.0596   14.1148
    7.5000  -30.0000    0.0000 2911.5254   14.2867
   -7.5000  -22.5000    0.0000 2955.2339   13.8474
    0.0000  -22.5000    0.0000 2968.1694   13.7875
    7.5000  -22.5000    0.0000 2934.9253   14.0074
   -7.5000  -15.0000    0.0000 2969.8750   13.8801
    0.0000  -15.0000    0.0000 2974.0720   13.8109
    7.5000  -15.0000    0.0000 2944.9556   14.1263
   -7.5000   -7.5000    0.0000 2955.6536   14.3062
    0.0000   -7.5000    0.0000 2972.6421   14.2691
    7.5000   -7.5000    0.0000 2933.4993   14.4612
   -7.5000    0.0000    0.0000 2914.3345   15.0182
    0.0000    0.0000    0.0000 2932.7791   14.9625
    7.5000    0.0000    0.0000 2897.9346   15.0994
   -7.5000    7.5000    0.0000 2850.6362   15.9619
    0.0000    7.5000    0.0000 2862.9172   15.8548
    7.5000    7.5000    0.0000 2831.8381   16.0322
   -7.5000   15.0000    0.0000 2757.7192   17.1525
    0.0000   15.0000    0.0000 2762.3467   17.0238
    7.5000   15.0000    0.0000 2736.8455   17.2274
   -7.5000   22.5000    0.0000 2644.1499   18.6767
    0.0000   22.5000    0.0000 2650.1882   18.5831
    7.5000   22.5000    0.0000 2626.9004   18.7988
   -7.5000   30.0000    0.0000 2515.2207   20.5750
    0.0000   30.0000    0.0000 2522.5408   20.5181
    7.5000   30.0000    0.0000 2498.2947   20.7023
   -7.5000   37.5000    0.0000 2370.0378   22.9028
    0.0000   37.5000    0.0000 2376.7007   22.8982
    7.5000   37.5000    0.0000 2360.3997   23.0852
   -7.5000   45.0000    0.0000 2203.6624   25.9205
    0.0000   45.0000    0.0000 2206.3123   25.9009
    7.5000   45.0000    0.0000 2189.8835   26.1742
   -7.5000  -45.0000    7.5000 2774.9419   15.7915
    0.0000  -45.0000    7.5000 2777.5540   15.6549
    7.5000  -45.0000    7.5000 2765.8174   15.9667
   -7.5000  -37.5000    7.5000 2855.8684   14.9097
    0.0000  -37.5000    7.5000 2860.1838   14.7933
    7.5000  -37.5000    7.5000 2847.4939   15.0522
   -7.5000  -30.0000    7.5000 2929.2637   14.4268
    0.0000  -30.0000    7.5000 2940.0908   14.3417
    7.5000  -30.0000    7.5000 2916.3879   14.4844
   -7.5000  -22.5000    7.5000 2985.5649   14.2015
    0.0000  -22.5000    7.5000 3005.8887   14.1643
    7.5000  -22.5000    7.5000 2958.5222   14.1872
   -7.5000  -15.0000    7.5000 3001.2458   14.1046
    0.0000  -15.0000    7.5000 3021.5269   14.1105
    7.5000  -15.0000    7.5000 2966.0286   14.1895
   -7.5000   -7.5000    7.5000 2970.3774   14.2778
    0.0000   -7.5000    7.5000 2995.2383   14.2309
    7.5000   -7.5000    7.5000 2949.2415   14.3662
   -7.5000    0.0000    7.5000 2922.8596   14.8408
    0.0000    0.0000    7.5000 2941.4553   14.7460
    7.5000    0.0000    7.5000 2906.5845   14.9077
   -7.5000    7.5000    7.5000 2857.3254   15.7803
    0.0000    7.5000    7.5000 2870.4583   15.6321
    7.5000    7.5000    7.5000 2841.9653   15.8251
   -7.5000   15.0000    7.5000 2763.3464   17.0287
    0.0000   15.0000    7.5000 2769.7148   16.9027
    7.5000   15.0000    7.5000 2746.9109   17.0633
   -7.5000   22.5000    7.5000 2655.8040   18.5729
    0.0000   22.5000    7.5000 2663.4082   18.4733
    7.5000   22.5000    7.5000 2640.5144   18.6521
   -7.5000   30.0000    7.5000 2530.6282   20.4606
    0.0000   30.0000    7.5000 2539.7290   20.4166
    7.5000   30.0000    7.5000 2518.2366   20.5768
   -7.5000   37.5000    7.5000 2387.0872   22.7961
    0.0000   37.5000    7.5000 2392.3076   22.8261
    7.5000   37.5000    7.5000 2372.2085   22.9606
   -7.5000   45.0000    7.5000 2214.2869   25.7490
    0.0000   45.0000    7.5000 2224.4033   25.7838
    7.5000   45.0000    7.5000 2199.4355   25.9495
   -7.5000  -45.0000   15.0000 2737.0867   16.3038
    0.0000  -45.0000   15.0000 2740.6968   16.1710
    7.5000  -45.0000   15.0000 2730.2891   16.4981
   -7.5000  -37.5000   15.0000 2838.0710   15.4388
    0.0000  -37.5000   15.0000 2839.7478   15.3186
    7.5000  -37.5000   15.0000 2824.9714   15.5603
   -7.5000  -30.0000   15.0000 2918.9636   14.8684
    0.0000  -30.0000   15.0000 2928.1223   14.7704
    7.5000  -30.0000   15.0000 2898.6240   14.9388
   -7.5000  -22.5000   15.0000 2978.2075   14.5723
    0.0000  -22.5000   15.0000 3001.4880   14.5181
    7.5000  -22.5000   15.0000 2947.5488   14.5767
   -7.5000  -15.0000   15.0000 2995.1885   14.3881
    0.0000  -15.0000   15.0000 3015.4741   14.3110
    7.5000  -15.0000   15.0000 2961.3057   14.4439
   -7.5000   -7.5000   15.0000 2971.1799   14.4912
    0.0000   -7.5000   15.0000 2992.3330   14.3862
    7.5000   -7.5000   15.0000 2945.1990   14.5695
   -7.5000    0.0000   15.0000 2920.7825   15.0298
    0.0000    0.0000   15.0000 2941.6565   14.9123
    7.5000    0.0000   15.0000 2902.6780   15.1185
   -7.5000    7.5000   15.0000 2850.9709   15.9417
    0.0000    7.5000   15.0000 2865.6643   15.8067
    7.5000    7.5000   15.0000 2834.5342   15.9977
   -7.5000   15.0000   15.0000 2752.1895   17.1864
    0.0000   15.0000   15.0000 2756.3252   17.0522
    7.5000   15.0000   15.0000 2734.7920   17.1906
   -7.5000   22.5000   15.0000 2649.2134   18.6771
    0.0000   22.5000   15.0000 2651.3945   18.5616
    7.5000   22.5000   15.0000 2636.1113   18.7101
   -7.5000   30.0000   15.0000 2527.0007   20.5156
    0.0000   30.0000   15.0000 2534.4558   20.4657
    7.5000   30.0000   15.0000 2519.2405   20.6296
   -7.5000   37.5000   15.0000 2382.3662   22.8629
    0.0000   37.5000   15.0000 2389.9104   22.8801
    7.5000   37.5000   15.0000 2378.0315   23.0791
   -7.5000   45.0000   15.0000 2211.3755   25.8527
    0.0000   45.0000   15.0000 2221.4043   25.8644
    7.5000   45.0000   15.0000 2204.4875   26.0566
   -7.5000  -45.0000   22.5000 2699.6943   17.0588
    0.0000  -45.0000   22.5000 2706.5352   16.8825
    7.5000  -45.0000   22.5000 2686.9131   17.1843
   -7.5000  -37.5000   22.5000 2803.5112   16.0161
    0.0000  -37.5000   22.5000 2805.7769   15.8633
    7.5000  -37.5000   22.5000 2786.9602   16.1602
   -7.5000  -30.0000   22.5000 2886.1152   15.3728
    0.0000  -30.0000   22.5000 2895.1633   15.2132
    7.5000  -30.0000   22.5000 2868.8342   15.4820
   -7.5000  -22.5000   22.5000 2943.0056   14.9868
    0.0000  -22.5000   22.5000 2961.7600   14.8529
    7.5000  -22.5000   22.5000 2922.9644   15.0663
   -7.5000  -15.0000   22.5000 2958.5276   14.6935
    0.0000  -15.0000   22.5000 2968.6587   14.4902
    7.5000  -15.0000   22.5000 2933.6333   14.8527
   -7.5000   -7.5000   22.5000 2947.7134   14.7974
    0.0000   -7.5000   22.5000 2959.3528   14.6097
    7.5000   -7.5000   22.5000 2928.4250   14.9562
   -7.5000    0.0000   22.5000 2903.6887   15.3906
    0.0000    0.0000   22.5000 2919.4780   15.2658
    7.5000    0.0000   22.5000 2894.7390   15.5010
   -7.5000    7.5000   22.5000 2838.6221   16.3488
    0.0000    7.5000   22.5000 2855.8167   16.2292
    7.5000    7.5000   22.5000 2829.9387   16.4592
   -7.5000   15.0000   22.5000 2740.5107   17.6138
    0.0000   15.0000   22.5000 2747.6660   17.5095
    7.5000   15.0000   22.5000 2728.0520   17.6719
   -7.5000   22.5000   22.5000 2633.0972   19.0765
    0.0000   22.5000   22.5000 2635.2620   18.9822
    7.5000   22.5000   22.5000 2622.3628   19.1367
   -7.5000   30.0000   22.5000 2514.5874   20.8563
    0.0000   30.0000   22.5000 2519.7334   20.8175
    7.5000   30.0000   22.5000 2504.3855   20.9622
   -7.5000   37.5000   22.5000 2367.4673   23.1440
    0.0000   37.5000   22.5000 2374.7104   23.1899
    7.5000   37.5000   22.5000 2364.6763   23.2946
   -7.5000   45.0000   22.5000 2194.7952   26.0987
    0.0000   45.0000   22.5000 2203.8281   26.1233
    7.5000   45.0000   22.5000 2189.4470   26.2667
   -7.5000  -45.0000   30.0000 2647.8806   17.8509
    0.0000  -45.0000   30.0000 2655.7485   17.6802
    7.5000  -45.0000   30.0000 2641.7073   18.0400
   -7.5000  -37.5000   30.0000 2748.6492   16.7309
    0.0000  -37.5000   30.0000 2752.8667   16.5536
    7.5000  -37.5000   30.0000 2738.8550   16.9037
   -7.5000  -30.0000   30.0000 2832.1768   16.0153
    0.0000  -30.0000   30.0000 2839.4177   15.8279
    7.5000  -30.0000   30.0000 2821.2197   16.1413
   -7.5000  -22.5000   30.0000 2885.0964   15.5083
    0.0000  -22.5000   30.0000 2897.3640   15.2969
    7.5000  -22.5000   30.0000 2871.1499   15.6289
   -7.5000  -15.0000   30.0000 2905.6648   15.2261
    0.0000  -15.0000   30.0000 2906.8730   14.9563
    7.5000  -15.0000   30.0000 2888.8027   15.4053
   -7.5000   -7.5000   30.0000 2904.3562   15.3751
    0.0000   -7.5000   30.0000 2913.0981   15.2056
    7.5000   -7.5000   30.0000 2892.0823   15.5420
   -7.5000    0.0000   30.0000 2863.3728   15.9782
    0.0000    0.0000   30.0000 2878.0479   15.8597
    7.5000    0.0000   30.0000 2860.2437   16.1086
   -7.5000    7.5000   30.0000 2806.9622   16.8771
    0.0000    7.5000   30.0000 2818.3193   16.7417
    7.5000    7.5000   30.0000 2798.7268   16.9648
   -7.5000   15.0000   30.0000 2717.0000   18.1141
    0.0000   15.0000   30.0000 2724.5896   17.9931
    7.5000   15.0000   30.0000 2707.9878   18.1713
   -7.5000   22.5000   30.0000 2611.6284   19.6161
    0.0000   22.5000   30.0000 2614.6016   19.5321
    7.5000   22.5000   30.0000 2601.9917   19.6723
   -7.5000   30.0000   30.0000 2493.6521   21.3967
    0.0000   30.0000   30.0000 2500.0261   21.3557
    7.5000   30.0000   30.0000 2483.1882   21.5183
   -7.5000   37.5000   30.0000 2338.7661   23.6462
    0.0000   37.5000   30.0000 2349.0020   23.6696
    7.5000   37.5000   30.0000 2335.7695   23.7600
   -7.5000   45.0000   30.0000 2172.7009   26.6586
    0.0000   45.0000   30.0000 2185.6179   26.6400
    7.5000   45.0000   30.0000 2167.6594   26.7556
   -7.5000  -45.0000   37.5000 2588.2908   18.8465
    0.0000  -45.0000   37.5000 2602.9546   18.6505
    7.5000  -45.0000   37.5000 2585.6694   19.0285
   -7.5000  -37.5000   37.5000 2684.9856   17.6620
    0.0000  -37.5000   37.5000 2696.1001   17.4941
    7.5000  -37.5000   37.5000 2680.1477   17.8392
   -7.5000  -30.0000   37.5000 2767.0339   16.8359
    0.0000  -30.0000   37.5000 2773.1130   16.6491
    7.5000  -30.0000   37.5000 2757.6853   16.9545
   -7.5000  -22.5000   37.5000 2817.7561   16.2329
    0.0000  -22.5000   37.5000 2825.7290   15.9468
    7.5000  -22.5000   37.5000 2806.3538   16.3372
   -7.5000  -15.0000   37.5000 2836.9746   15.9779
    0.0000  -15.0000   37.5000 2838.3040   15.7396
    7.5000  -15.0000   37.5000 2827.0571   16.1408
   -7.5000   -7.5000   37.5000 2832.8843   16.1745
    0.0000   -7.5000   37.5000 2840.3733   15.9797
    7.5000   -7.5000   37.5000 2828.1541   16.3023
   -7.5000    0.0000   37.5000 2805.9431   16.7038
    0.0000    0.0000   37.5000 2814.9092   16.5405
    7.5000    0.0000   37.5000 2800.2737   16.8159
   -7.5000    7.5000   37.5000 2757.3103   17.5612
    0.0000    7.5000   37.5000 2766.9414   17.3917
    7.5000    7.5000   37.5000 2744.7175   17.6183
   -7.5000   15.0000   37.5000 2675.9951   18.7172
    0.0000   15.0000   37.5000 2690.4270   18.5816
    7.5000   15.0000   37.5000 2666.6172   18.7545
   -7.5000   22.5000   37.5000 2581.0471   20.2580
    0.0000   22.5000   37.5000 2589.3599   20.1188
    7.5000   22.5000   37.5000 2570.7388   20.2584
   -7.5000   30.0000   37.5000 2456.2051   22.1066
    0.0000   30.0000   37.5000 2468.1318   22.0516
    7.5000   30.0000   37.5000 2452.0789   22.1637
   -7.5000   37.5000   37.5000 2301.4607   24.3847
    0.0000   37.5000   37.5000 2319.3669   24.4174
    7.5000   37.5000   37.5000 2304.6501   24.4889
   -7.5000   45.0000   37.5000 2148.1970   27.4429
    0.0000   45.0000   37.5000 2155.8921   27.4165
    7.5000   45.0000   37.5000 2145.0676   27.5601
   -7.5000  -45.0000   45.0000 2521.8955   20.0495
    0.0000  -45.0000   45.0000 2545.1504   19.9085
    7.5000  -45.0000   45.0000 2527.1975   20.2326
   -7.5000  -37.5000   45.0000 2616.2825   18.7789
    0.0000  -37.5000   45.0000 2639.7927   18.6303
    7.5000  -37.5000   45.0000 2615.4573   18.9473
   -7.5000  -30.0000   45.0000 2695.0601   17.8538
    0.0000  -30.0000   45.0000 2712.0339   17.6452
    7.5000  -30.0000   45.0000 2686.7107   17.9806
   -7.5000  -22.5000   45.0000 2742.1038   17.1729
    0.0000  -22.5000   45.0000 2754.5894   16.9503
    7.5000  -22.5000   45.0000 2729.8035   17.3043
   -7.5000  -15.0000   45.0000 2760.5159   16.9567
    0.0000  -15.0000   45.0000 2768.2349   16.7680
    7.5000  -15.0000   45.0000 2753.0894   17.0966
   -7.5000   -7.5000   45.0000 2751.6448   17.1195
    0.0000   -7.5000   45.0000 2762.7285   16.9566
    7.5000   -7.5000   45.0000 2749.5571   17.2213
   -7.5000    0.0000   45.0000 2724.7729   17.6423
    0.0000    0.0000   45.0000 2734.0095   17.4828
    7.5000    0.0000   45.0000 2721.0869   17.7303
   -7.5000    7.5000   45.0000 2686.9268   18.4091
    0.0000    7.5000   45.0000 2697.2866   18.2441
    7.5000    7.5000   45.0000 2678.3550   18.5056
   -7.5000   15.0000   45.0000 2618.4568   19.5428
    0.0000   15.0000   45.0000 2635.3733   19.3998
    7.5000   15.0000   45.0000 2612.5532   19.6178
   -7.5000   22.5000   45.0000 2532.9565   21.0595
    0.0000   22.5000   45.0000 2541.1030   20.9305
    7.5000   22.5000   45.0000 2527.0842   21.0822
   -7.5000   30.0000   45.0000 2406.6475   22.9276
    0.0000   30.0000   45.0000 2415.7190   22.8574
    7.5000   30.0000   45.0000 2403.2219   22.9701
   -7.5000   37.5000   45.0000 2261.7200   25.3746
    0.0000   37.5000   45.0000 2282.1677   25.3812
    7.5000   37.5000   45.0000 2259.2900   25.4638
   -7.5000   45.0000   45.0000 2119.6792   28.5163
    0.0000   45.0000   45.0000 2128.8511   28.4813
    7.5000   45.0000   45.0000 2118.3254   28.5977

---------------------------------------------------------------------
imgreg_4dfp /usr/local/freesurfer/average/711-2C_as_mni_average_305 /usr/local/freesurfer/average/711-2B_as_mni_average_305_mask talsrcimg_g11 none talsrcimg_to_711-2C_as_mni_average_305_t4 1283
---------------------------------------------------------------------

freesurfer imgreg_4dfp.c
/usr/local/freesurfer/average/711-2C_as_mni_average_305.4dfp.img
       256       256       256         1
  1.000000  1.000000  1.000000
orientation T byte_order littleendian
Reading image: /usr/local/freesurfer/average/711-2C_as_mni_average_305.4dfp.img
dimensions:      256       256       256
mmppix:       1.0000   -1.0000   -1.0000
center:     128.0000 -129.0000 -129.0000
/usr/local/freesurfer/average/711-2B_as_mni_average_305_mask.4dfp.img
       256       256       256         1
  1.000000  1.000000  1.000000
orientation T byte_order littleendian
Reading mask: /usr/local/freesurfer/average/711-2B_as_mni_average_305_mask.4dfp.img (2306576 pixels)
talsrcimg_g11.4dfp.img
       256       256       256         1
  1.000000  1.000000  1.000000
orientation T byte_order littleendian
Reading image: talsrcimg_g11.4dfp.img
dimensions:      256       256       256
mmppix:       1.0000   -1.0000   -1.0000
center:     128.0000 -129.0000 -129.0000
rotation matrix determinant  1.000000
fimgreg.f
image alignment mode   1283 decimal      503 hex
parameters
    0.0000  -15.0000    7.5000    0.0000    0.0000    0.0000
eta,q 0.94780 14.18437
niter,ni,del,rscale     5    3   12.0000    1.2000
parameter  3 -0.501640 -> -0.500000 qaram    1.1500
parameter  4 22.383867 ->  0.500000 qaram    1.1500
parameters
   -1.9581  -16.5591   10.9500   -3.4500   -1.3753    0.3960
eta,q 0.95567 14.25710
  0.0581  0.0547  0.0657  0.0423  0.0475  0.0497
  0.0536  0.0527  0.0607  0.0437  0.0446  0.0462
  0.0513  0.0511  0.0540  0.0468  0.0442  0.0445
  0.0540  0.0512  0.0506  0.0511  0.0443  0.0443
  0.0586  0.0539  0.0507  0.0552  0.0454  0.0448
  0.0631  0.0573  0.0509  0.0577  0.0484  0.0462
  0.0702  0.0603  0.0509  0.0602  0.0535  0.0477
niter,ni,del,rscale     6    3   12.0000    1.2000
parameter  4  1.826542 ->  0.500000 qaram    1.3225
parameters
   -1.3612  -15.6593   11.3971   -7.4175   -2.3242    0.0264
eta,q 0.96073 14.27649
  0.0599  0.0569  0.0527  0.0372  0.0443  0.0425
  0.0516  0.0518  0.0463  0.0388  0.0415  0.0407
  0.0465  0.0470  0.0443  0.0414  0.0395  0.0395
  0.0443  0.0441  0.0439  0.0438  0.0395  0.0393
  0.0450  0.0444  0.0440  0.0481  0.0410  0.0402
  0.0483  0.0474  0.0461  0.0529  0.0444  0.0416
  0.0546  0.0516  0.0498  0.0566  0.0488  0.0429
niter,ni,del,rscale     6    3   12.0000    1.2000
parameter  4  1.145476 ->  0.500000 qaram    1.5209
parameters
   -0.8986  -14.5514   10.0953  -11.9801   -2.9618    1.0805
eta,q 0.96610 14.29311
  0.0573  0.0511  0.0439  0.0335  0.0402  0.0401
  0.0486  0.0457  0.0397  0.0339  0.0360  0.0376
  0.0423  0.0421  0.0385  0.0356  0.0342  0.0355
  0.0393  0.0392  0.0385  0.0384  0.0343  0.0341
  0.0411  0.0388  0.0402  0.0421  0.0355  0.0340
  0.0457  0.0410  0.0443  0.0460  0.0385  0.0351
  0.0524  0.0452  0.0505  0.0510  0.0430  0.0373
niter,ni,del,rscale     6    3   12.0000    1.2000
parameters
   -0.8035  -13.0558    9.1921  -15.7255   -3.0102    0.8959
eta,q 0.96899 14.27662
  0.0502  0.0483  0.0438  0.0354  0.0392  0.0356
  0.0414  0.0409  0.0361  0.0315  0.0346  0.0331
  0.0362  0.0362  0.0329  0.0309  0.0319  0.0316
  0.0339  0.0339  0.0337  0.0331  0.0310  0.0310
  0.0363  0.0339  0.0363  0.0374  0.0320  0.0313
  0.0415  0.0355  0.0419  0.0411  0.0350  0.0334
  0.0486  0.0383  0.0496  0.0462  0.0393  0.0365
niter,ni,del,rscale     5    3   12.0000    1.2000
parameters
   -0.8685  -11.7854    8.4658  -16.5186   -2.7929    0.3708
eta,q 0.97008 14.25787
  0.0486  0.0462  0.0433  0.0403  0.0390  0.0344
  0.0390  0.0390  0.0339  0.0333  0.0342  0.0316
  0.0333  0.0332  0.0303  0.0301  0.0314  0.0300
  0.0310  0.0310  0.0309  0.0303  0.0301  0.0300
  0.0337  0.0310  0.0341  0.0329  0.0304  0.0309
  0.0401  0.0327  0.0398  0.0378  0.0333  0.0331
  0.0489  0.0370  0.0479  0.0423  0.0380  0.0360
niter,ni,del,rscale     4    3   12.0000    1.2000
parameters
   -0.8803  -11.6579    8.3007  -16.7773   -2.6465    0.2213
eta,q 0.97032 14.26172
  0.0485  0.0416  0.0456  0.0417  0.0386  0.0350
  0.0385  0.0347  0.0357  0.0343  0.0339  0.0319
  0.0323  0.0310  0.0303  0.0302  0.0312  0.0300
  0.0299  0.0299  0.0299  0.0298  0.0297  0.0297
  0.0322  0.0308  0.0330  0.0322  0.0302  0.0304
  0.0389  0.0345  0.0379  0.0368  0.0334  0.0324
  0.0485  0.0404  0.0455  0.0415  0.0380  0.0353
niter,ni,del,rscale     3    3   12.0000    1.2000
parameters
   -0.8921  -11.6173    8.2470  -16.8734   -2.5962    0.1825
eta,q 0.97039 14.26306
  0.0484  0.0412  0.0460  0.0422  0.0383  0.0351
  0.0384  0.0344  0.0361  0.0348  0.0337  0.0321
  0.0321  0.0307  0.0303  0.0303  0.0310  0.0300
  0.0297  0.0297  0.0297  0.0297  0.0296  0.0296
  0.0319  0.0307  0.0327  0.0320  0.0303  0.0303
  0.0386  0.0346  0.0376  0.0365  0.0335  0.0322
  0.0485  0.0407  0.0450  0.0413  0.0382  0.0351
niter,ni,del,rscale     2    3   12.0000    1.2000
parameters
   -0.8982  -11.5970    8.2278  -16.9090   -2.5803    0.1728
eta,q 0.97041 14.26352
  0.0484  0.0412  0.0461  0.0424  0.0382  0.0352
  0.0383  0.0344  0.0363  0.0350  0.0336  0.0321
  0.0320  0.0306  0.0304  0.0304  0.0310  0.0300
  0.0296  0.0296  0.0296  0.0296  0.0296  0.0296
  0.0318  0.0307  0.0327  0.0320  0.0303  0.0303
  0.0385  0.0346  0.0375  0.0364  0.0336  0.0322
  0.0484  0.0408  0.0449  0.0412  0.0383  0.0351
registration optimization eta report
parameter search radius
    6.0000    6.0000    6.9000    9.1253    6.0000    6.0000
100000*second partial in parameter space
       52.       32.       33.       14.       24.       16.
  0.0484  0.0412  0.0461  0.0424  0.0382  0.0352
  0.0383  0.0344  0.0363  0.0350  0.0336  0.0321
  0.0320  0.0306  0.0304  0.0304  0.0310  0.0300
  0.0296  0.0296  0.0296  0.0296  0.0296  0.0296
  0.0318  0.0307  0.0327  0.0320  0.0303  0.0303
  0.0385  0.0346  0.0375  0.0364  0.0336  0.0322
  0.0484  0.0408  0.0449  0.0412  0.0383  0.0351
   -0.8982  -11.5970    8.2278  -16.9090   -2.5803    0.1728
eta,q 0.97041 14.26352

---------------------------------------------------------------------
imgreg_4dfp /usr/local/freesurfer/average/711-2C_as_mni_average_305 /usr/local/freesurfer/average/711-2B_as_mni_average_305_mask talsrcimg_g11 none talsrcimg_to_711-2C_as_mni_average_305_t4 3335
---------------------------------------------------------------------

freesurfer imgreg_4dfp.c
/usr/local/freesurfer/average/711-2C_as_mni_average_305.4dfp.img
       256       256       256         1
  1.000000  1.000000  1.000000
orientation T byte_order littleendian
Reading image: /usr/local/freesurfer/average/711-2C_as_mni_average_305.4dfp.img
dimensions:      256       256       256
mmppix:       1.0000   -1.0000   -1.0000
center:     128.0000 -129.0000 -129.0000
/usr/local/freesurfer/average/711-2B_as_mni_average_305_mask.4dfp.img
       256       256       256         1
  1.000000  1.000000  1.000000
orientation T byte_order littleendian
Reading mask: /usr/local/freesurfer/average/711-2B_as_mni_average_305_mask.4dfp.img (2306576 pixels)
talsrcimg_g11.4dfp.img
       256       256       256         1
  1.000000  1.000000  1.000000
orientation T byte_order littleendian
Reading image: talsrcimg_g11.4dfp.img
dimensions:      256       256       256
mmppix:       1.0000   -1.0000   -1.0000
center:     128.0000 -129.0000 -129.0000
fimgreg.f
image alignment mode   3335 decimal      D07 hex
parameters
   -0.8982  -11.5970    8.2278   -0.1018   -4.3276   -4.4202
   -1.5979    4.2195    0.3013   29.0981   -4.5019  -29.0558
eta,q 0.97143 14.41209
niter,ni,del,rscale     5    3    5.0000    1.2000
parameter  4  0.922239 ->  0.500000 qaram    1.1500
parameter  5  2.270410 ->  0.500000 qaram    1.1500
parameters
   -1.1869  -10.9870    7.7246   -4.2418   -8.4676   -5.0729
   -1.6453    4.3671    1.9246   28.8621   -1.5161  -27.8179
eta,q 0.97971 14.24322
  0.0318  0.0315  0.0295  0.0247  0.0191  0.0233  0.0235  0.0256  0.0239  0.0239  0.0221  0.0225
  0.0298  0.0300  0.0286  0.0249  0.0200  0.0221  0.0220  0.0227  0.0225  0.0222  0.0214  0.0213
  0.0287  0.0290  0.0282  0.0258  0.0221  0.0213  0.0210  0.0212  0.0214  0.0211  0.0209  0.0206
  0.0286  0.0285  0.0284  0.0282  0.0250  0.0205  0.0207  0.0207  0.0207  0.0205  0.0205  0.0203
  0.0295  0.0284  0.0289  0.0323  0.0284  0.0204  0.0210  0.0209  0.0205  0.0208  0.0203  0.0203
  0.0312  0.0287  0.0297  0.0374  0.0316  0.0218  0.0220  0.0224  0.0210  0.0222  0.0204  0.0207
  0.0337  0.0294  0.0309  0.0418  0.0346  0.0263  0.0237  0.0253  0.0220  0.0249  0.0207  0.0213
niter,ni,del,rscale     6    3    5.0000    1.2000
parameter  5  0.552302 ->  0.500000 qaram    1.3225
parameters
   -1.3303  -10.4822    7.5890   -6.8573  -13.2286   -3.8425
   -1.4335    3.8600    2.4833   29.4558   -1.5420  -30.9323
eta,q 0.98196 14.05285
  0.0236  0.0244  0.0215  0.0218  0.0199  0.0221  0.0210  0.0221  0.0207  0.0226  0.0193  0.0185
  0.0216  0.0225  0.0206  0.0208  0.0190  0.0208  0.0196  0.0201  0.0195  0.0208  0.0188  0.0181
  0.0205  0.0210  0.0202  0.0201  0.0189  0.0197  0.0187  0.0189  0.0188  0.0193  0.0185  0.0180
  0.0203  0.0203  0.0201  0.0201  0.0201  0.0188  0.0184  0.0184  0.0184  0.0184  0.0183  0.0183
  0.0209  0.0202  0.0204  0.0214  0.0226  0.0182  0.0186  0.0189  0.0185  0.0184  0.0184  0.0189
  0.0223  0.0207  0.0209  0.0250  0.0262  0.0188  0.0194  0.0207  0.0191  0.0195  0.0187  0.0197
  0.0244  0.0220  0.0218  0.0304  0.0296  0.0210  0.0208  0.0236  0.0201  0.0218  0.0194  0.0208
niter,ni,del,rscale     6    3    5.0000    1.2000
parameters
   -1.2731   -9.9469    7.8796   -6.7927  -14.2680   -3.5081
   -1.6995    3.9181    2.3925   30.3862   -1.9279  -31.3095
eta,q 0.98239 14.06219
  0.0215  0.0220  0.0200  0.0213  0.0223  0.0213  0.0203  0.0220  0.0198  0.0220  0.0184  0.0191
  0.0197  0.0202  0.0189  0.0198  0.0202  0.0199  0.0189  0.0199  0.0187  0.0203  0.0180  0.0181
  0.0185  0.0188  0.0181  0.0186  0.0186  0.0188  0.0181  0.0185  0.0180  0.0188  0.0177  0.0177
  0.0180  0.0180  0.0179  0.0178  0.0178  0.0179  0.0178  0.0178  0.0178  0.0178  0.0176  0.0176
  0.0183  0.0179  0.0179  0.0178  0.0187  0.0177  0.0182  0.0181  0.0180  0.0176  0.0177  0.0179
  0.0194  0.0184  0.0184  0.0188  0.0214  0.0184  0.0191  0.0195  0.0187  0.0186  0.0181  0.0185
  0.0212  0.0196  0.0191  0.0220  0.0256  0.0216  0.0206  0.0222  0.0199  0.0207  0.0187  0.0194
niter,ni,del,rscale     5    3    5.0000    1.2000
parameters
   -1.2373   -9.8057    7.9714   -6.6782  -14.6128   -3.4558
   -1.7254    3.9254    2.3772   30.5610   -2.0629  -31.4196
eta,q 0.98241 14.06334
  0.0211  0.0208  0.0195  0.0211  0.0227  0.0212  0.0202  0.0218  0.0196  0.0213  0.0184  0.0192
  0.0192  0.0192  0.0185  0.0195  0.0204  0.0197  0.0188  0.0196  0.0185  0.0197  0.0180  0.0182
  0.0181  0.0181  0.0178  0.0183  0.0186  0.0186  0.0179  0.0183  0.0178  0.0184  0.0177  0.0177
  0.0176  0.0176  0.0176  0.0176  0.0176  0.0176  0.0176  0.0176  0.0176  0.0176  0.0176  0.0176
  0.0179  0.0178  0.0178  0.0175  0.0180  0.0176  0.0179  0.0179  0.0178  0.0178  0.0177  0.0178
  0.0191  0.0187  0.0183  0.0185  0.0203  0.0184  0.0188  0.0194  0.0185  0.0191  0.0180  0.0184
  0.0209  0.0202  0.0192  0.0217  0.0244  0.0222  0.0203  0.0221  0.0196  0.0214  0.0186  0.0192
niter,ni,del,rscale     4    3    5.0000    1.2000
parameters
   -1.2308   -9.7706    7.9849   -6.6646  -14.6954   -3.4442
   -1.7374    3.9316    2.3728   30.6151   -2.1001  -31.4559
eta,q 0.98242 14.06317
  0.0210  0.0205  0.0194  0.0211  0.0229  0.0212  0.0202  0.0218  0.0196  0.0212  0.0185  0.0192
  0.0192  0.0190  0.0184  0.0195  0.0206  0.0197  0.0188  0.0196  0.0185  0.0196  0.0180  0.0182
  0.0180  0.0180  0.0178  0.0183  0.0187  0.0186  0.0179  0.0182  0.0178  0.0183  0.0177  0.0177
  0.0176  0.0176  0.0176  0.0176  0.0176  0.0176  0.0176  0.0176  0.0176  0.0176  0.0176  0.0176
  0.0179  0.0179  0.0178  0.0175  0.0179  0.0176  0.0179  0.0179  0.0178  0.0178  0.0176  0.0178
  0.0191  0.0188  0.0184  0.0186  0.0200  0.0185  0.0188  0.0193  0.0185  0.0191  0.0180  0.0183
  0.0210  0.0204  0.0194  0.0219  0.0240  0.0223  0.0202  0.0220  0.0196  0.0215  0.0186  0.0192
niter,ni,del,rscale     3    3    5.0000    1.2000
parameters
   -1.2291   -9.7609    7.9885   -6.6587  -14.7156   -3.4427
   -1.7365    3.9331    2.3700   30.6303   -2.1019  -31.4675
eta,q 0.98242 14.06328
  0.0210  0.0205  0.0194  0.0211  0.0230  0.0212  0.0202  0.0218  0.0196  0.0211  0.0185  0.0193
  0.0191  0.0190  0.0184  0.0195  0.0207  0.0197  0.0188  0.0195  0.0185  0.0196  0.0180  0.0182
  0.0180  0.0180  0.0178  0.0183  0.0188  0.0186  0.0179  0.0182  0.0178  0.0183  0.0177  0.0177
  0.0176  0.0176  0.0176  0.0176  0.0176  0.0176  0.0176  0.0176  0.0176  0.0176  0.0176  0.0176
  0.0179  0.0179  0.0178  0.0175  0.0178  0.0176  0.0179  0.0179  0.0178  0.0178  0.0176  0.0178
  0.0191  0.0189  0.0184  0.0186  0.0199  0.0185  0.0188  0.0193  0.0185  0.0192  0.0179  0.0183
  0.0210  0.0205  0.0194  0.0219  0.0239  0.0223  0.0202  0.0220  0.0196  0.0215  0.0186  0.0192
registration optimization eta report
parameter search radius
    2.4000    2.4000    2.4000    8.2800    9.5220    7.2000
    7.2000    7.2000    7.2000    7.2000    7.2000    7.2000
100000*second partial in parameter space
       59.       50.       31.        6.        6.        8.
        5.        8.        4.        7.        2.        3.
  0.0210  0.0205  0.0194  0.0211  0.0230  0.0212  0.0202  0.0218  0.0196  0.0211  0.0185  0.0193
  0.0191  0.0190  0.0184  0.0195  0.0207  0.0197  0.0188  0.0195  0.0185  0.0196  0.0180  0.0182
  0.0180  0.0180  0.0178  0.0183  0.0188  0.0186  0.0179  0.0182  0.0178  0.0183  0.0177  0.0177
  0.0176  0.0176  0.0176  0.0176  0.0176  0.0176  0.0176  0.0176  0.0176  0.0176  0.0176  0.0176
  0.0179  0.0179  0.0178  0.0175  0.0178  0.0176  0.0179  0.0179  0.0178  0.0178  0.0176  0.0178
  0.0191  0.0189  0.0184  0.0186  0.0199  0.0185  0.0188  0.0193  0.0185  0.0192  0.0179  0.0183
  0.0210  0.0205  0.0194  0.0219  0.0239  0.0223  0.0202  0.0220  0.0196  0.0215  0.0186  0.0192
   -1.2291   -9.7609    7.9885   -6.6587  -14.7156   -3.4427
   -1.7365    3.9331    2.3700   30.6303   -2.1019  -31.4675
eta,q 0.98242 14.06328

---------------------------------------------------------------------
imgreg_4dfp /usr/local/freesurfer/average/711-2C_as_mni_average_305 /usr/local/freesurfer/average/711-2B_as_mni_average_305_mask talsrcimg_g11 none talsrcimg_to_711-2C_as_mni_average_305_t4 2311
---------------------------------------------------------------------

freesurfer imgreg_4dfp.c
/usr/local/freesurfer/average/711-2C_as_mni_average_305.4dfp.img
       256       256       256         1
  1.000000  1.000000  1.000000
orientation T byte_order littleendian
Reading image: /usr/local/freesurfer/average/711-2C_as_mni_average_305.4dfp.img
dimensions:      256       256       256
mmppix:       1.0000   -1.0000   -1.0000
center:     128.0000 -129.0000 -129.0000
/usr/local/freesurfer/average/711-2B_as_mni_average_305_mask.4dfp.img
       256       256       256         1
  1.000000  1.000000  1.000000
orientation T byte_order littleendian
Reading mask: /usr/local/freesurfer/average/711-2B_as_mni_average_305_mask.4dfp.img (2306576 pixels)
talsrcimg_g11.4dfp.img
       256       256       256         1
  1.000000  1.000000  1.000000
orientation T byte_order littleendian
Reading image: talsrcimg_g11.4dfp.img
dimensions:      256       256       256
mmppix:       1.0000   -1.0000   -1.0000
center:     128.0000 -129.0000 -129.0000
fimgreg.f
image alignment mode   2311 decimal      907 hex
parameters
   -1.2291   -9.7609    7.9885   -6.6587  -14.7156   -3.4427
   -1.7365    3.9331    2.3700   30.6303   -2.1019  -31.4675
eta,q 0.98242 14.06328
niter,ni,del,rscale     5    3    5.0000    0.8000
parameters
   -1.2144   -9.7383    7.9759   -5.3922  -13.9291   -2.5135
   -1.8359    4.0288    2.2584   30.6414   -2.0052  -31.4632
eta,q 0.98280 14.17421
  0.0191  0.0189  0.0184  0.0191  0.0195  0.0195  0.0184  0.0195  0.0182  0.0193  0.0176  0.0180
  0.0183  0.0182  0.0180  0.0185  0.0186  0.0187  0.0177  0.0183  0.0176  0.0183  0.0174  0.0175
  0.0178  0.0178  0.0177  0.0179  0.0179  0.0180  0.0173  0.0176  0.0173  0.0175  0.0173  0.0173
  0.0176  0.0176  0.0176  0.0176  0.0174  0.0173  0.0172  0.0172  0.0172  0.0172  0.0172  0.0172
  0.0177  0.0177  0.0177  0.0174  0.0174  0.0173  0.0173  0.0173  0.0173  0.0174  0.0172  0.0173
  0.0182  0.0181  0.0180  0.0176  0.0177  0.0176  0.0178  0.0181  0.0177  0.0182  0.0174  0.0175
  0.0191  0.0189  0.0184  0.0181  0.0186  0.0186  0.0186  0.0194  0.0183  0.0194  0.0176  0.0179
niter,ni,del,rscale     4    3    5.0000    0.7000
parameters
   -1.2494   -9.6797    8.1999   -5.5926  -14.0586   -2.2579
   -1.7628    4.0535    2.2462   30.6681   -1.9397  -31.4535
eta,q 0.98282 14.16745
  0.0184  0.0184  0.0181  0.0181  0.0185  0.0188  0.0182  0.0188  0.0180  0.0189  0.0175  0.0178
  0.0177  0.0178  0.0177  0.0176  0.0178  0.0182  0.0176  0.0180  0.0175  0.0180  0.0173  0.0174
  0.0173  0.0174  0.0174  0.0173  0.0174  0.0176  0.0173  0.0175  0.0173  0.0174  0.0172  0.0172
  0.0172  0.0172  0.0172  0.0172  0.0172  0.0172  0.0172  0.0172  0.0172  0.0172  0.0172  0.0172
  0.0174  0.0173  0.0172  0.0172  0.0173  0.0174  0.0173  0.0173  0.0173  0.0174  0.0172  0.0172
  0.0178  0.0176  0.0173  0.0176  0.0179  0.0177  0.0176  0.0179  0.0175  0.0179  0.0173  0.0174
  0.0185  0.0182  0.0177  0.0185  0.0188  0.0187  0.0181  0.0189  0.0180  0.0189  0.0175  0.0177
niter,ni,del,rscale     3    3    5.0000    0.6000
parameters
   -1.2340   -9.6558    8.3038   -5.4731  -14.0749   -2.0379
   -1.7563    4.0843    2.1982   30.6501   -2.0131  -31.4306
eta,q 0.98282 14.17613
  0.0181  0.0180  0.0178  0.0180  0.0182  0.0185  0.0179  0.0184  0.0177  0.0184  0.0174  0.0176
  0.0176  0.0176  0.0175  0.0176  0.0177  0.0179  0.0175  0.0178  0.0174  0.0178  0.0173  0.0174
  0.0173  0.0173  0.0173  0.0173  0.0173  0.0174  0.0173  0.0174  0.0172  0.0173  0.0172  0.0172
  0.0172  0.0172  0.0172  0.0172  0.0172  0.0172  0.0172  0.0172  0.0172  0.0172  0.0172  0.0172
  0.0173  0.0173  0.0172  0.0172  0.0173  0.0174  0.0172  0.0173  0.0172  0.0173  0.0172  0.0172
  0.0176  0.0175  0.0173  0.0174  0.0176  0.0176  0.0175  0.0177  0.0174  0.0178  0.0173  0.0174
  0.0181  0.0180  0.0176  0.0179  0.0183  0.0183  0.0179  0.0185  0.0178  0.0185  0.0174  0.0176
niter,ni,del,rscale     2    3    5.0000    0.5000
parameters
   -1.2289   -9.6375    8.3806   -5.3916  -14.0682   -1.9162
   -1.7373    4.1339    2.1602   30.6492   -2.0339  -31.4133
eta,q 0.98282 14.18192
  0.0178  0.0178  0.0176  0.0177  0.0179  0.0181  0.0177  0.0181  0.0176  0.0181  0.0173  0.0175
  0.0175  0.0175  0.0174  0.0175  0.0175  0.0177  0.0174  0.0176  0.0174  0.0176  0.0173  0.0173
  0.0172  0.0173  0.0172  0.0173  0.0173  0.0173  0.0172  0.0173  0.0172  0.0173  0.0172  0.0172
  0.0172  0.0172  0.0172  0.0172  0.0172  0.0172  0.0172  0.0172  0.0172  0.0172  0.0172  0.0172
  0.0172  0.0172  0.0172  0.0172  0.0172  0.0174  0.0172  0.0172  0.0172  0.0173  0.0172  0.0172
  0.0175  0.0174  0.0173  0.0174  0.0175  0.0176  0.0174  0.0175  0.0174  0.0176  0.0173  0.0173
  0.0178  0.0177  0.0175  0.0177  0.0180  0.0179  0.0177  0.0181  0.0176  0.0181  0.0174  0.0175
niter,ni,del,rscale     1    3    5.0000    0.4000
parameters
   -1.2274   -9.6262    8.4324   -5.3218  -14.0527   -1.9207
   -1.7188    4.2026    2.1561   30.6647   -1.9992  -31.3825
eta,q 0.98283 14.18499
  0.0176  0.0176  0.0174  0.0175  0.0177  0.0178  0.0175  0.0178  0.0174  0.0178  0.0173  0.0174
  0.0174  0.0174  0.0173  0.0174  0.0174  0.0175  0.0173  0.0175  0.0173  0.0175  0.0172  0.0173
  0.0172  0.0172  0.0172  0.0172  0.0172  0.0172  0.0172  0.0173  0.0172  0.0173  0.0172  0.0172
  0.0172  0.0172  0.0172  0.0172  0.0172  0.0172  0.0172  0.0172  0.0172  0.0172  0.0172  0.0172
  0.0172  0.0172  0.0172  0.0172  0.0172  0.0173  0.0172  0.0172  0.0172  0.0172  0.0172  0.0172
  0.0174  0.0173  0.0173  0.0173  0.0174  0.0175  0.0173  0.0174  0.0173  0.0174  0.0172  0.0173
  0.0176  0.0175  0.0174  0.0175  0.0177  0.0177  0.0175  0.0177  0.0174  0.0178  0.0173  0.0173
registration optimization eta report
parameter search radius
    0.8000    0.8000    0.8000    2.4000    2.4000    2.4000
    2.4000    2.4000    2.4000    2.4000    2.4000    2.4000
100000*second partial in parameter space
       66.       59.       37.        6.        9.       10.
        5.       10.        5.       10.        2.        3.
  0.0176  0.0176  0.0174  0.0175  0.0177  0.0178  0.0175  0.0178  0.0174  0.0178  0.0173  0.0174
  0.0174  0.0174  0.0173  0.0174  0.0174  0.0175  0.0173  0.0175  0.0173  0.0175  0.0172  0.0173
  0.0172  0.0172  0.0172  0.0172  0.0172  0.0172  0.0172  0.0173  0.0172  0.0173  0.0172  0.0172
  0.0172  0.0172  0.0172  0.0172  0.0172  0.0172  0.0172  0.0172  0.0172  0.0172  0.0172  0.0172
  0.0172  0.0172  0.0172  0.0172  0.0172  0.0173  0.0172  0.0172  0.0172  0.0172  0.0172  0.0172
  0.0174  0.0173  0.0173  0.0173  0.0174  0.0175  0.0173  0.0174  0.0173  0.0174  0.0172  0.0173
  0.0176  0.0175  0.0174  0.0175  0.0177  0.0177  0.0175  0.0177  0.0174  0.0178  0.0173  0.0173
   -1.2274   -9.6262    8.4324   -5.3218  -14.0527   -1.9207
   -1.7188    4.2026    2.1561   30.6647   -1.9992  -31.3825
eta,q 0.98283 14.18499

---------------------------------------------------------------------
imgreg_4dfp /usr/local/freesurfer/average/711-2C_as_mni_average_305 /usr/local/freesurfer/average/711-2B_as_mni_average_305_mask talsrcimg_g11 none talsrcimg_to_711-2C_as_mni_average_305_t4 2311
---------------------------------------------------------------------

freesurfer imgreg_4dfp.c
/usr/local/freesurfer/average/711-2C_as_mni_average_305.4dfp.img
       256       256       256         1
  1.000000  1.000000  1.000000
orientation T byte_order littleendian
Reading image: /usr/local/freesurfer/average/711-2C_as_mni_average_305.4dfp.img
dimensions:      256       256       256
mmppix:       1.0000   -1.0000   -1.0000
center:     128.0000 -129.0000 -129.0000
/usr/local/freesurfer/average/711-2B_as_mni_average_305_mask.4dfp.img
       256       256       256         1
  1.000000  1.000000  1.000000
orientation T byte_order littleendian
Reading mask: /usr/local/freesurfer/average/711-2B_as_mni_average_305_mask.4dfp.img (2306576 pixels)
talsrcimg_g11.4dfp.img
       256       256       256         1
  1.000000  1.000000  1.000000
orientation T byte_order littleendian
Reading image: talsrcimg_g11.4dfp.img
dimensions:      256       256       256
mmppix:       1.0000   -1.0000   -1.0000
center:     128.0000 -129.0000 -129.0000
fimgreg.f
image alignment mode   2311 decimal      907 hex
parameters
   -1.2274   -9.6262    8.4324   -5.3218  -14.0527   -1.9207
   -1.7188    4.2026    2.1561   30.6647   -1.9992  -31.3825
eta,q 0.98283 14.18499
niter,ni,del,rscale     5    3    5.0000    0.8000
parameters
   -1.2334   -9.6472    8.3719   -5.8260  -14.2795   -2.3429
   -1.6917    4.0453    2.2660   30.7031   -1.9610  -31.3203
eta,q 0.98280 14.14794
  0.0189  0.0186  0.0180  0.0183  0.0188  0.0189  0.0185  0.0191  0.0182  0.0193  0.0176  0.0180
  0.0179  0.0178  0.0176  0.0177  0.0180  0.0182  0.0178  0.0181  0.0177  0.0183  0.0174  0.0175
  0.0174  0.0173  0.0173  0.0173  0.0174  0.0175  0.0173  0.0175  0.0173  0.0175  0.0173  0.0173
  0.0172  0.0172  0.0172  0.0172  0.0172  0.0172  0.0172  0.0172  0.0172  0.0172  0.0172  0.0172
  0.0174  0.0173  0.0173  0.0173  0.0174  0.0176  0.0173  0.0174  0.0173  0.0174  0.0172  0.0173
  0.0179  0.0179  0.0176  0.0179  0.0181  0.0181  0.0177  0.0182  0.0176  0.0181  0.0174  0.0175
  0.0189  0.0187  0.0182  0.0192  0.0193  0.0202  0.0184  0.0196  0.0182  0.0194  0.0177  0.0179
niter,ni,del,rscale     4    3    5.0000    0.7000
parameters
   -1.2278   -9.6617    8.2965   -5.5593  -14.1200   -2.2041
   -1.7514    4.0505    2.2321   30.6560   -1.9728  -31.3711
eta,q 0.98283 14.16742
  0.0185  0.0183  0.0178  0.0183  0.0186  0.0188  0.0181  0.0188  0.0179  0.0188  0.0175  0.0177
  0.0178  0.0177  0.0175  0.0178  0.0180  0.0182  0.0176  0.0180  0.0175  0.0180  0.0173  0.0174
  0.0173  0.0173  0.0173  0.0174  0.0174  0.0175  0.0173  0.0174  0.0173  0.0174  0.0172  0.0172
  0.0172  0.0172  0.0172  0.0172  0.0172  0.0172  0.0172  0.0172  0.0172  0.0172  0.0172  0.0172
  0.0173  0.0173  0.0173  0.0172  0.0172  0.0174  0.0173  0.0173  0.0173  0.0174  0.0172  0.0172
  0.0178  0.0177  0.0176  0.0175  0.0177  0.0177  0.0176  0.0179  0.0175  0.0180  0.0173  0.0174
  0.0185  0.0183  0.0180  0.0182  0.0185  0.0188  0.0182  0.0189  0.0180  0.0190  0.0175  0.0177
niter,ni,del,rscale     3    3    5.0000    0.6000
parameters
   -1.2345   -9.6516    8.3279   -5.4634  -14.0837   -2.0187
   -1.7535    4.0840    2.1963   30.6371   -2.0015  -31.4044
eta,q 0.98282 14.17622
  0.0181  0.0180  0.0177  0.0180  0.0182  0.0185  0.0179  0.0184  0.0177  0.0184  0.0174  0.0176
  0.0176  0.0176  0.0174  0.0176  0.0177  0.0179  0.0175  0.0178  0.0174  0.0178  0.0173  0.0173
  0.0173  0.0173  0.0173  0.0173  0.0173  0.0174  0.0173  0.0174  0.0172  0.0173  0.0172  0.0172
  0.0172  0.0172  0.0172  0.0172  0.0172  0.0172  0.0172  0.0172  0.0172  0.0172  0.0172  0.0172
  0.0173  0.0173  0.0172  0.0172  0.0172  0.0174  0.0172  0.0173  0.0172  0.0173  0.0172  0.0172
  0.0176  0.0175  0.0174  0.0174  0.0176  0.0177  0.0175  0.0177  0.0174  0.0178  0.0173  0.0174
  0.0181  0.0180  0.0177  0.0180  0.0183  0.0183  0.0179  0.0185  0.0178  0.0185  0.0174  0.0176
niter,ni,del,rscale     2    3    5.0000    0.5000
parameters
   -1.2309   -9.6384    8.3901   -5.3954  -14.0661   -1.9113
   -1.7358    4.1379    2.1713   30.6373   -2.0357  -31.3849
eta,q 0.98282 14.18146
  0.0178  0.0178  0.0176  0.0177  0.0179  0.0181  0.0177  0.0181  0.0176  0.0181  0.0173  0.0175
  0.0175  0.0175  0.0174  0.0175  0.0175  0.0177  0.0174  0.0176  0.0174  0.0176  0.0173  0.0173
  0.0173  0.0173  0.0172  0.0173  0.0173  0.0173  0.0172  0.0173  0.0172  0.0173  0.0172  0.0172
  0.0172  0.0172  0.0172  0.0172  0.0172  0.0172  0.0172  0.0172  0.0172  0.0172  0.0172  0.0172
  0.0172  0.0172  0.0172  0.0172  0.0172  0.0174  0.0172  0.0172  0.0172  0.0173  0.0172  0.0172
  0.0175  0.0174  0.0173  0.0174  0.0175  0.0176  0.0174  0.0175  0.0174  0.0176  0.0173  0.0173
  0.0178  0.0177  0.0175  0.0177  0.0179  0.0180  0.0177  0.0181  0.0176  0.0181  0.0174  0.0175
niter,ni,del,rscale     1    3    5.0000    0.4000
parameters
   -1.2276   -9.6290    8.4337   -5.3235  -14.0454   -1.9207
   -1.7236    4.2025    2.1607   30.6557   -1.9943  -31.3702
eta,q 0.98283 14.18491
  0.0176  0.0176  0.0174  0.0175  0.0177  0.0178  0.0175  0.0178  0.0174  0.0178  0.0173  0.0174
  0.0174  0.0174  0.0173  0.0174  0.0174  0.0175  0.0173  0.0175  0.0173  0.0175  0.0172  0.0173
  0.0172  0.0172  0.0172  0.0172  0.0172  0.0172  0.0172  0.0173  0.0172  0.0173  0.0172  0.0172
  0.0172  0.0172  0.0172  0.0172  0.0172  0.0172  0.0172  0.0172  0.0172  0.0172  0.0172  0.0172
  0.0172  0.0172  0.0172  0.0172  0.0172  0.0173  0.0172  0.0172  0.0172  0.0172  0.0172  0.0172
  0.0174  0.0173  0.0173  0.0173  0.0174  0.0175  0.0173  0.0174  0.0173  0.0174  0.0172  0.0173
  0.0176  0.0175  0.0174  0.0175  0.0177  0.0177  0.0175  0.0177  0.0174  0.0178  0.0173  0.0174
registration optimization eta report
parameter search radius
    0.8000    0.8000    0.8000    2.4000    2.4000    2.4000
    2.4000    2.4000    2.4000    2.4000    2.4000    2.4000
100000*second partial in parameter space
       67.       59.       36.        6.        9.       10.
        6.       10.        5.       10.        2.        3.
  0.0176  0.0176  0.0174  0.0175  0.0177  0.0178  0.0175  0.0178  0.0174  0.0178  0.0173  0.0174
  0.0174  0.0174  0.0173  0.0174  0.0174  0.0175  0.0173  0.0175  0.0173  0.0175  0.0172  0.0173
  0.0172  0.0172  0.0172  0.0172  0.0172  0.0172  0.0172  0.0173  0.0172  0.0173  0.0172  0.0172
  0.0172  0.0172  0.0172  0.0172  0.0172  0.0172  0.0172  0.0172  0.0172  0.0172  0.0172  0.0172
  0.0172  0.0172  0.0172  0.0172  0.0172  0.0173  0.0172  0.0172  0.0172  0.0172  0.0172  0.0172
  0.0174  0.0173  0.0173  0.0173  0.0174  0.0175  0.0173  0.0174  0.0173  0.0174  0.0172  0.0173
  0.0176  0.0175  0.0174  0.0175  0.0177  0.0177  0.0175  0.0177  0.0174  0.0178  0.0173  0.0174
   -1.2276   -9.6290    8.4337   -5.3235  -14.0454   -1.9207
   -1.7236    4.2025    2.1607   30.6557   -1.9943  -31.3702
eta,q 0.98283 14.18491

---------------------------------------------------------------------
compute_vox2vox talsrcimg talsrcimg_to_711-2C_as_mni_average_305_t4 /usr/local/freesurfer/average/711-2C_as_mni_average_305
---------------------------------------------------------------------

freesurfer compute_vox2vox.c
Reading: talsrcimg.4dfp.ifh
Reading: talsrcimg_to_711-2C_as_mni_average_305_t4
Reading: /usr/local/freesurfer/average/711-2C_as_mni_average_305.4dfp.ifh
Writing: talsrcimg_to_711-2C_as_mni_average_305_t4_vox2vox.txt

start time Wed May 28 16:16:25 UTC 2025
end		time Wed May 28 16:16:45 UTC 2025

mpr2mni305 success

avi2talxfm orig_nu.mgz /usr/local/freesurfer/average/mni305.cor.mgz talsrcimg_to_711-2C_as_mni_average_305_t4_vox2vox.txt transforms/talairach.auto.xfm
avi2talxfm done
mv -f /home/freesurfer/subjects/sub-021/mri/talsrcimg_to_711-2C_as_mni_average_305_t4_vox2vox.txt /home/freesurfer/subjects/sub-021/mri/transforms/talsrcimg_to_711-2C_as_mni_average_305_t4_vox2vox.txt
lta_convert --src orig_nu.mgz --trg /usr/local/freesurfer/average/mni305.cor.mgz --inxfm transforms/talairach.auto.xfm --outlta transforms/talairach.auto.xfm.lta --subject fsaverage
7.4.1

--src: orig_nu.mgz src image (geometry).
--trg: /usr/local/freesurfer/average/mni305.cor.mgz trg image (geometry).
--inmni: transforms/talairach.auto.xfm input MNI/XFM transform.
--outlta: transforms/talairach.auto.xfm.lta output LTA.
--s: fsaverage subject name
 LTA read, type : 1
 1.05515  -0.04652   0.00418   0.06401;
 0.01164   0.91467   0.33405  -24.03236;
-0.03068  -0.32505   1.04416   5.78017;
 0.00000   0.00000   0.00000   1.00000;
setting subject to fsaverage
Writing  LTA to file transforms/talairach.auto.xfm.lta...
lta_convert successful.
 
 
Started at Wed May 28 16:16:24 UTC 2025
Ended   at Wed May 28 16:16:46 UTC 2025
talairach_avi done
