status file for recon-all
Tue Jun  3 06:01:37 UTC 2025
#@# MotionCor Tue Jun  3 06:01:40 UTC 2025
#@# Talairach Tue Jun  3 06:01:47 UTC 2025
#@# Talairach Failure Detection Tue Jun  3 06:04:58 UTC 2025
#@# Nu Intensity Correction Tue Jun  3 06:04:58 UTC 2025
#@# Intensity Normalization Tue Jun  3 06:08:14 UTC 2025
#@# Skull Stripping Tue Jun  3 06:11:29 UTC 2025
#@# EM Registration Tue Jun  3 06:20:57 UTC 2025
#@# CA Normalize Tue Jun  3 06:31:19 UTC 2025
#@# CA Reg Tue Jun  3 06:32:41 UTC 2025
#@# SubCort Seg Tue Jun  3 08:43:10 UTC 2025
#@# CC Seg Tue Jun  3 09:31:32 UTC 2025
#@# Merge ASeg Tue Jun  3 09:32:32 UTC 2025
#@# Intensity Normalization2 Tue Jun  3 09:32:32 UTC 2025
#@# Mask BFS Tue Jun  3 09:37:01 UTC 2025
#@# WM Segmentation Tue Jun  3 09:37:04 UTC 2025
#@# Fill Tue Jun  3 09:42:05 UTC 2025
#@# Tessellate lh Tue Jun  3 09:43:36 UTC 2025
#@# Tessellate rh Tue Jun  3 09:43:41 UTC 2025
#@# Smooth1 lh Tue Jun  3 09:43:45 UTC 2025
#@# Smooth1 rh Tue Jun  3 09:43:48 UTC 2025
#@# Inflation1 lh Tue Jun  3 09:43:51 UTC 2025
#@# Inflation1 rh Tue Jun  3 09:44:05 UTC 2025
#@# QSphere lh Tue Jun  3 09:44:19 UTC 2025
#@# QSphere rh Tue Jun  3 09:46:08 UTC 2025
#@# Fix Topology lh Tue Jun  3 09:48:03 UTC 2025
#@# Fix Topology rh Tue Jun  3 09:49:49 UTC 2025
#@# Smooth2 lh Tue Jun  3 10:03:19 UTC 2025
#@# Smooth2 rh Tue Jun  3 10:03:22 UTC 2025
#@# Inflation2 lh Tue Jun  3 10:03:26 UTC 2025
#@# Inflation2 rh Tue Jun  3 10:03:43 UTC 2025
#@# Curv .H and .K lh Tue Jun  3 10:04:01 UTC 2025
#@# Curv .H and .K rh Tue Jun  3 10:04:41 UTC 2025
#@# Sphere lh Tue Jun  3 10:05:22 UTC 2025
#@# Sphere rh Tue Jun  3 10:13:07 UTC 2025
#@# Surf Reg lh Tue Jun  3 10:21:52 UTC 2025
#@# Surf Reg rh Tue Jun  3 10:27:43 UTC 2025
#@# Jacobian white lh Tue Jun  3 10:35:12 UTC 2025
#@# Jacobian white rh Tue Jun  3 10:35:12 UTC 2025
#@# AvgCurv lh Tue Jun  3 10:35:13 UTC 2025
#@# AvgCurv rh Tue Jun  3 10:35:14 UTC 2025
#@# Cortical Parc lh Tue Jun  3 10:35:15 UTC 2025
#@# Cortical Parc rh Tue Jun  3 10:35:27 UTC 2025
#@# white curv lh Tue Jun  3 10:51:55 UTC 2025
#@# white area lh Tue Jun  3 10:51:57 UTC 2025
#@# pial curv lh Tue Jun  3 10:51:58 UTC 2025
#@# pial area lh Tue Jun  3 10:52:00 UTC 2025
#@# thickness lh Tue Jun  3 10:52:00 UTC 2025
#@# area and vertex vol lh Tue Jun  3 10:52:28 UTC 2025
#@# white curv rh Tue Jun  3 10:52:30 UTC 2025
#@# white area rh Tue Jun  3 10:52:32 UTC 2025
#@# pial curv rh Tue Jun  3 10:52:33 UTC 2025
#@# pial area rh Tue Jun  3 10:52:35 UTC 2025
#@# thickness rh Tue Jun  3 10:52:36 UTC 2025
#@# area and vertex vol rh Tue Jun  3 10:53:03 UTC 2025
#@# Curvature Stats lh Tue Jun  3 10:53:05 UTC 2025
#@# Curvature Stats rh Tue Jun  3 10:53:08 UTC 2025
#@# Cortical ribbon mask Tue Jun  3 10:53:11 UTC 2025
#@# Cortical Parc 2 lh Tue Jun  3 10:59:07 UTC 2025
#@# Cortical Parc 2 rh Tue Jun  3 10:59:25 UTC 2025
#@# Cortical Parc 3 lh Tue Jun  3 10:59:42 UTC 2025
#@# Cortical Parc 3 rh Tue Jun  3 10:59:55 UTC 2025
#@# WM/GM Contrast lh Tue Jun  3 11:00:08 UTC 2025
#@# WM/GM Contrast rh Tue Jun  3 11:00:11 UTC 2025
#@# Relabel Hypointensities Tue Jun  3 11:00:14 UTC 2025
#@# APas-to-ASeg Tue Jun  3 11:00:40 UTC 2025
#@# AParc-to-ASeg aparc Tue Jun  3 11:00:55 UTC 2025
#@# AParc-to-ASeg aparc.a2009s Tue Jun  3 11:02:55 UTC 2025
#@# AParc-to-ASeg aparc.DKTatlas Tue Jun  3 11:04:57 UTC 2025
#@# WMParc Tue Jun  3 11:06:58 UTC 2025
#@# Parcellation Stats lh Tue Jun  3 11:14:05 UTC 2025
#@# Parcellation Stats rh Tue Jun  3 11:14:23 UTC 2025
#@# Parcellation Stats 2 lh Tue Jun  3 11:14:41 UTC 2025
#@# Parcellation Stats 2 rh Tue Jun  3 11:14:51 UTC 2025
#@# Parcellation Stats 3 lh Tue Jun  3 11:15:00 UTC 2025
#@# Parcellation Stats 3 rh Tue Jun  3 11:15:09 UTC 2025
#@# ASeg Stats Tue Jun  3 11:15:19 UTC 2025
#@# BA_exvivo Labels lh Tue Jun  3 11:18:25 UTC 2025
#@# BA_exvivo Labels rh Tue Jun  3 11:21:55 UTC 2025
recon-all -s sub-043 finished without error at Tue Jun  3 11:25:25 UTC 2025
