status file for recon-all
Wed Jun  4 19:03:09 UTC 2025
#@# MotionCor Wed Jun  4 19:03:11 UTC 2025
#@# Talairach Wed Jun  4 19:03:19 UTC 2025
#@# Talairach Failure Detection Wed Jun  4 19:06:27 UTC 2025
#@# Nu Intensity Correction Wed Jun  4 19:06:27 UTC 2025
#@# Intensity Normalization Wed Jun  4 19:09:42 UTC 2025
#@# Skull Stripping Wed Jun  4 19:13:04 UTC 2025
#@# EM Registration Wed Jun  4 19:24:22 UTC 2025
#@# CA Normalize Wed Jun  4 19:33:18 UTC 2025
#@# CA Reg Wed Jun  4 19:34:40 UTC 2025
#@# SubCort Seg Wed Jun  4 21:47:53 UTC 2025
#@# CC Seg Wed Jun  4 22:35:43 UTC 2025
#@# Merge ASeg Wed Jun  4 22:36:39 UTC 2025
#@# Intensity Normalization2 Wed Jun  4 22:36:39 UTC 2025
#@# Mask BFS Wed Jun  4 22:41:08 UTC 2025
#@# WM Segmentation Wed Jun  4 22:41:11 UTC 2025
#@# Fill Wed Jun  4 22:46:00 UTC 2025
#@# Tessellate lh Wed Jun  4 22:47:33 UTC 2025
#@# Tessellate rh Wed Jun  4 22:47:38 UTC 2025
#@# Smooth1 lh Wed Jun  4 22:47:43 UTC 2025
#@# Smooth1 rh Wed Jun  4 22:47:46 UTC 2025
#@# Inflation1 lh Wed Jun  4 22:47:48 UTC 2025
#@# Inflation1 rh Wed Jun  4 22:48:03 UTC 2025
#@# QSphere lh Wed Jun  4 22:48:17 UTC 2025
#@# QSphere rh Wed Jun  4 22:49:54 UTC 2025
#@# Fix Topology lh Wed Jun  4 22:51:46 UTC 2025
#@# Fix Topology rh Wed Jun  4 22:54:52 UTC 2025
#@# Smooth2 lh Wed Jun  4 23:08:04 UTC 2025
#@# Smooth2 rh Wed Jun  4 23:08:07 UTC 2025
#@# Inflation2 lh Wed Jun  4 23:08:11 UTC 2025
#@# Inflation2 rh Wed Jun  4 23:08:29 UTC 2025
#@# Curv .H and .K lh Wed Jun  4 23:08:48 UTC 2025
#@# Curv .H and .K rh Wed Jun  4 23:09:30 UTC 2025
#@# Sphere lh Wed Jun  4 23:10:11 UTC 2025
#@# Sphere rh Wed Jun  4 23:16:39 UTC 2025
#@# Surf Reg lh Wed Jun  4 23:22:18 UTC 2025
#@# Surf Reg rh Wed Jun  4 23:29:28 UTC 2025
#@# Jacobian white lh Wed Jun  4 23:36:42 UTC 2025
#@# Jacobian white rh Wed Jun  4 23:36:43 UTC 2025
#@# AvgCurv lh Wed Jun  4 23:36:44 UTC 2025
#@# AvgCurv rh Wed Jun  4 23:36:45 UTC 2025
#@# Cortical Parc lh Wed Jun  4 23:36:46 UTC 2025
#@# Cortical Parc rh Wed Jun  4 23:36:58 UTC 2025
#@# white curv lh Wed Jun  4 23:53:52 UTC 2025
#@# white area lh Wed Jun  4 23:53:54 UTC 2025
#@# pial curv lh Wed Jun  4 23:53:55 UTC 2025
#@# pial area lh Wed Jun  4 23:53:57 UTC 2025
#@# thickness lh Wed Jun  4 23:53:58 UTC 2025
#@# area and vertex vol lh Wed Jun  4 23:54:25 UTC 2025
#@# white curv rh Wed Jun  4 23:54:27 UTC 2025
#@# white area rh Wed Jun  4 23:54:29 UTC 2025
#@# pial curv rh Wed Jun  4 23:54:30 UTC 2025
#@# pial area rh Wed Jun  4 23:54:32 UTC 2025
#@# thickness rh Wed Jun  4 23:54:33 UTC 2025
#@# area and vertex vol rh Wed Jun  4 23:55:02 UTC 2025
#@# Curvature Stats lh Wed Jun  4 23:55:04 UTC 2025
#@# Curvature Stats rh Wed Jun  4 23:55:07 UTC 2025
#@# Cortical ribbon mask Wed Jun  4 23:55:10 UTC 2025
#@# Cortical Parc 2 lh Thu Jun  5 00:02:18 UTC 2025
#@# Cortical Parc 2 rh Thu Jun  5 00:02:35 UTC 2025
#@# Cortical Parc 3 lh Thu Jun  5 00:02:54 UTC 2025
#@# Cortical Parc 3 rh Thu Jun  5 00:03:07 UTC 2025
#@# WM/GM Contrast lh Thu Jun  5 00:03:20 UTC 2025
#@# WM/GM Contrast rh Thu Jun  5 00:03:23 UTC 2025
#@# Relabel Hypointensities Thu Jun  5 00:03:27 UTC 2025
#@# APas-to-ASeg Thu Jun  5 00:03:53 UTC 2025
#@# AParc-to-ASeg aparc Thu Jun  5 00:04:10 UTC 2025
#@# AParc-to-ASeg aparc.a2009s Thu Jun  5 00:06:21 UTC 2025
#@# AParc-to-ASeg aparc.DKTatlas Thu Jun  5 00:08:28 UTC 2025
#@# WMParc Thu Jun  5 00:10:43 UTC 2025
#@# Parcellation Stats lh Thu Jun  5 00:17:49 UTC 2025
#@# Parcellation Stats rh Thu Jun  5 00:18:07 UTC 2025
#@# Parcellation Stats 2 lh Thu Jun  5 00:18:25 UTC 2025
#@# Parcellation Stats 2 rh Thu Jun  5 00:18:34 UTC 2025
#@# Parcellation Stats 3 lh Thu Jun  5 00:18:44 UTC 2025
#@# Parcellation Stats 3 rh Thu Jun  5 00:18:52 UTC 2025
#@# ASeg Stats Thu Jun  5 00:19:01 UTC 2025
#@# BA_exvivo Labels lh Thu Jun  5 00:22:06 UTC 2025
#@# BA_exvivo Labels rh Thu Jun  5 00:25:36 UTC 2025
recon-all -s sub-050 finished without error at Thu Jun  5 00:29:11 UTC 2025
