Log file for defect2seg
Fri May 30 23:20:53 UTC 2025

setenv SUBJECTS_DIR /home/freesurfer/subjects
cd /home/freesurfer/subjects/sub-009/scripts
/usr/local/freesurfer/bin/defect2seg --s sub-009 --cortex

freesurfer-linux-centos8_x86_64-7.4.1-20230613-7eb8460
defect2seg 7.4.1
Linux 83a0105d2b61 6.11.0-26-generic #26~24.04.1-Ubuntu SMP PREEMPT_DYNAMIC Thu Apr 17 19:20:47 UTC 2 x86_64 x86_64 x86_64 GNU/Linux
pid 1283
mri_label2label --label-cortex /home/freesurfer/subjects/sub-009/surf/lh.orig.nofix /home/freesurfer/subjects/sub-009/mri/aseg.presurf.mgz 0 /home/freesurfer/subjects/sub-009/label/lh.nofix.cortex.label

 Generating cortex label... RemoveHipAmgy=0
 NucAccIsMedialWall=0
 mris->useRealRAS=0
17 non-cortical segments detected
only using segment with 7062 vertices
erasing segment 1 (vno[0] = 67580)
erasing segment 2 (vno[0] = 73670)
erasing segment 3 (vno[0] = 95766)
erasing segment 4 (vno[0] = 95782)
erasing segment 5 (vno[0] = 95804)
erasing segment 6 (vno[0] = 96645)
erasing segment 7 (vno[0] = 96706)
erasing segment 8 (vno[0] = 96786)
erasing segment 9 (vno[0] = 97612)
erasing segment 10 (vno[0] = 98654)
erasing segment 11 (vno[0] = 99840)
erasing segment 12 (vno[0] = 100628)
erasing segment 13 (vno[0] = 101593)
erasing segment 14 (vno[0] = 103457)
erasing segment 15 (vno[0] = 106346)
erasing segment 16 (vno[0] = 107946)
mri_label2vol --defects /home/freesurfer/subjects/sub-009/surf/lh.orig.nofix /home/freesurfer/subjects/sub-009/surf/lh.defect_labels /home/freesurfer/subjects/sub-009/mri/orig.mgz 1000 0 /home/freesurfer/subjects/sub-009/mri/surface.defects.mgz /home/freesurfer/subjects/sub-009/label/lh.nofix.cortex.label
mri_label2vol supposed to be reproducible but seed not set
Contraining to label /home/freesurfer/subjects/sub-009/label/lh.nofix.cortex.label
Changing input type 0 to MRI_INT
Converting defects to volume: offset=1000, merge=0
Writing to /home/freesurfer/subjects/sub-009/mri/surface.defects.mgz
mris_defects_pointset -s /home/freesurfer/subjects/sub-009/surf/lh.orig.nofix -d /home/freesurfer/subjects/sub-009/surf/lh.defect_labels -o /home/freesurfer/subjects/sub-009/surf/lh.defects.pointset --label /home/freesurfer/subjects/sub-009/label/lh.nofix.cortex.label
Reading in surface /home/freesurfer/subjects/sub-009/surf/lh.orig.nofix
Reading in defect segmentation /home/freesurfer/subjects/sub-009/surf/lh.defect_labels
Reading in label /home/freesurfer/subjects/sub-009/label/lh.nofix.cortex.label
#VMPC# mris_defects_pointset 195112
mris_defects_pointset done
mri_label2label --label-cortex /home/freesurfer/subjects/sub-009/surf/rh.orig.nofix /home/freesurfer/subjects/sub-009/mri/aseg.presurf.mgz 0 /home/freesurfer/subjects/sub-009/label/rh.nofix.cortex.label

 Generating cortex label... RemoveHipAmgy=0
 NucAccIsMedialWall=0
 mris->useRealRAS=0
20 non-cortical segments detected
only using segment with 7490 vertices
erasing segment 1 (vno[0] = 48441)
erasing segment 2 (vno[0] = 49429)
erasing segment 3 (vno[0] = 51407)
erasing segment 4 (vno[0] = 54859)
erasing segment 5 (vno[0] = 60937)
erasing segment 6 (vno[0] = 71003)
erasing segment 7 (vno[0] = 73383)
erasing segment 8 (vno[0] = 74499)
erasing segment 9 (vno[0] = 88682)
erasing segment 10 (vno[0] = 90719)
erasing segment 11 (vno[0] = 93275)
erasing segment 12 (vno[0] = 94215)
erasing segment 13 (vno[0] = 96903)
erasing segment 14 (vno[0] = 96916)
erasing segment 15 (vno[0] = 100062)
erasing segment 16 (vno[0] = 101882)
erasing segment 17 (vno[0] = 103784)
erasing segment 18 (vno[0] = 103833)
erasing segment 19 (vno[0] = 108263)
mri_label2vol --defects /home/freesurfer/subjects/sub-009/surf/rh.orig.nofix /home/freesurfer/subjects/sub-009/surf/rh.defect_labels /home/freesurfer/subjects/sub-009/mri/surface.defects.mgz 2000 1 /home/freesurfer/subjects/sub-009/mri/surface.defects.mgz /home/freesurfer/subjects/sub-009/label/rh.nofix.cortex.label
mri_label2vol supposed to be reproducible but seed not set
Contraining to label /home/freesurfer/subjects/sub-009/label/rh.nofix.cortex.label
Converting defects to volume: offset=2000, merge=1
Writing to /home/freesurfer/subjects/sub-009/mri/surface.defects.mgz
mris_defects_pointset -s /home/freesurfer/subjects/sub-009/surf/rh.orig.nofix -d /home/freesurfer/subjects/sub-009/surf/rh.defect_labels -o /home/freesurfer/subjects/sub-009/surf/rh.defects.pointset --label /home/freesurfer/subjects/sub-009/label/rh.nofix.cortex.label
Reading in surface /home/freesurfer/subjects/sub-009/surf/rh.orig.nofix
Reading in defect segmentation /home/freesurfer/subjects/sub-009/surf/rh.defect_labels
Reading in label /home/freesurfer/subjects/sub-009/label/rh.nofix.cortex.label
#VMPC# mris_defects_pointset 196884
mris_defects_pointset done
 
Started at Fri May 30 23:20:53 UTC 2025 
Ended   at Fri May 30 23:21:41 UTC 2025
Defect2seg-Run-Time-Sec 48
Defect2seg-Run-Time-Min 0.96
Defect2seg-Run-Time-Hours 0.01
 
defect2seg Done
