status file for recon-all
Fri May 30 19:27:10 UTC 2025
#@# MotionCor Fri May 30 19:27:12 UTC 2025
#@# Talairach Fri May 30 19:27:20 UTC 2025
#@# Talairach Failure Detection Fri May 30 19:30:31 UTC 2025
#@# Nu Intensity Correction Fri May 30 19:30:31 UTC 2025
#@# Intensity Normalization Fri May 30 19:33:49 UTC 2025
#@# Skull Stripping Fri May 30 19:37:09 UTC 2025
#@# EM Registration Fri May 30 19:49:35 UTC 2025
#@# CA Normalize Fri May 30 20:00:26 UTC 2025
#@# CA Reg Fri May 30 20:01:49 UTC 2025
#@# SubCort Seg Fri May 30 22:09:31 UTC 2025
#@# CC Seg Fri May 30 22:59:45 UTC 2025
#@# Merge ASeg Fri May 30 23:00:44 UTC 2025
#@# Intensity Normalization2 Fri May 30 23:00:44 UTC 2025
#@# Mask BFS Fri May 30 23:05:16 UTC 2025
#@# WM Segmentation Fri May 30 23:05:18 UTC 2025
#@# Fill Fri May 30 23:10:17 UTC 2025
#@# Tessellate lh Fri May 30 23:11:52 UTC 2025
#@# Tessellate rh Fri May 30 23:11:57 UTC 2025
#@# Smooth1 lh Fri May 30 23:12:02 UTC 2025
#@# Smooth1 rh Fri May 30 23:12:05 UTC 2025
#@# Inflation1 lh Fri May 30 23:12:08 UTC 2025
#@# Inflation1 rh Fri May 30 23:12:25 UTC 2025
#@# QSphere lh Fri May 30 23:12:42 UTC 2025
#@# QSphere rh Fri May 30 23:14:50 UTC 2025
#@# Fix Topology lh Fri May 30 23:17:03 UTC 2025
#@# Fix Topology rh Fri May 30 23:18:45 UTC 2025
#@# Smooth2 lh Fri May 30 23:34:06 UTC 2025
#@# Smooth2 rh Fri May 30 23:34:09 UTC 2025
#@# Inflation2 lh Fri May 30 23:34:12 UTC 2025
#@# Inflation2 rh Fri May 30 23:34:31 UTC 2025
#@# Curv .H and .K lh Fri May 30 23:34:49 UTC 2025
#@# Curv .H and .K rh Fri May 30 23:35:32 UTC 2025
#@# Sphere lh Fri May 30 23:36:16 UTC 2025
#@# Sphere rh Fri May 30 23:42:21 UTC 2025
#@# Surf Reg lh Fri May 30 23:52:24 UTC 2025
#@# Surf Reg rh Fri May 30 23:59:50 UTC 2025
#@# Jacobian white lh Sat May 31 00:06:51 UTC 2025
#@# Jacobian white rh Sat May 31 00:06:52 UTC 2025
#@# AvgCurv lh Sat May 31 00:06:53 UTC 2025
#@# AvgCurv rh Sat May 31 00:06:54 UTC 2025
#@# Cortical Parc lh Sat May 31 00:06:55 UTC 2025
#@# Cortical Parc rh Sat May 31 00:07:08 UTC 2025
#@# white curv lh Sat May 31 00:24:46 UTC 2025
#@# white area lh Sat May 31 00:24:48 UTC 2025
#@# pial curv lh Sat May 31 00:24:49 UTC 2025
#@# pial area lh Sat May 31 00:24:51 UTC 2025
#@# thickness lh Sat May 31 00:24:51 UTC 2025
#@# area and vertex vol lh Sat May 31 00:25:18 UTC 2025
#@# white curv rh Sat May 31 00:25:19 UTC 2025
#@# white area rh Sat May 31 00:25:21 UTC 2025
#@# pial curv rh Sat May 31 00:25:22 UTC 2025
#@# pial area rh Sat May 31 00:25:24 UTC 2025
#@# thickness rh Sat May 31 00:25:25 UTC 2025
#@# area and vertex vol rh Sat May 31 00:25:52 UTC 2025
#@# Curvature Stats lh Sat May 31 00:25:54 UTC 2025
#@# Curvature Stats rh Sat May 31 00:25:57 UTC 2025
#@# Cortical ribbon mask Sat May 31 00:26:00 UTC 2025
#@# Cortical Parc 2 lh Sat May 31 00:34:08 UTC 2025
#@# Cortical Parc 2 rh Sat May 31 00:34:27 UTC 2025
#@# Cortical Parc 3 lh Sat May 31 00:34:46 UTC 2025
#@# Cortical Parc 3 rh Sat May 31 00:35:01 UTC 2025
#@# WM/GM Contrast lh Sat May 31 00:35:15 UTC 2025
#@# WM/GM Contrast rh Sat May 31 00:35:19 UTC 2025
#@# Relabel Hypointensities Sat May 31 00:35:23 UTC 2025
#@# APas-to-ASeg Sat May 31 00:35:50 UTC 2025
#@# AParc-to-ASeg aparc Sat May 31 00:36:08 UTC 2025
#@# AParc-to-ASeg aparc.a2009s Sat May 31 00:38:52 UTC 2025
#@# AParc-to-ASeg aparc.DKTatlas Sat May 31 00:41:35 UTC 2025
#@# WMParc Sat May 31 00:44:20 UTC 2025
#@# Parcellation Stats lh Sat May 31 00:51:34 UTC 2025
#@# Parcellation Stats rh Sat May 31 00:51:56 UTC 2025
#@# Parcellation Stats 2 lh Sat May 31 00:52:18 UTC 2025
#@# Parcellation Stats 2 rh Sat May 31 00:52:30 UTC 2025
#@# Parcellation Stats 3 lh Sat May 31 00:52:41 UTC 2025
#@# Parcellation Stats 3 rh Sat May 31 00:52:51 UTC 2025
#@# ASeg Stats Sat May 31 00:53:01 UTC 2025
#@# BA_exvivo Labels lh Sat May 31 00:56:37 UTC 2025
#@# BA_exvivo Labels rh Sat May 31 01:00:56 UTC 2025
recon-all -s sub-009 finished without error at Sat May 31 01:05:17 UTC 2025
