/home/freesurfer/subjects/sub-009/mri
/usr/local/freesurfer/bin/mri_nu_correct.mni
--i orig.mgz --o nu.mgz --uchar transforms/talairach.xfm --n 2 --ants-n4
nIters 2
mri_nu_correct.mni 7.4.1
Linux 83a0105d2b61 6.11.0-26-generic #26~24.04.1-Ubuntu SMP PREEMPT_DYNAMIC Thu Apr 17 19:20:47 UTC 2 x86_64 x86_64 x86_64 GNU/Linux
Fri May 30 19:30:31 UTC 2025
tmpdir is ./tmp.mri_nu_correct.mni.535
cd /home/freesurfer/subjects/sub-009/mri
AntsN4BiasFieldCorrectionFs -i orig.mgz -o ./tmp.mri_nu_correct.mni.535/nu0.mgz --dtype uchar
AntsN4BiasFieldCorrectionFs done
mri_binarize --i ./tmp.mri_nu_correct.mni.535/nu0.mgz --min -1 --o ./tmp.mri_nu_correct.mni.535/ones.mgz

7.4.1
cwd /home/freesurfer/subjects/sub-009/mri
cmdline mri_binarize --i ./tmp.mri_nu_correct.mni.535/nu0.mgz --min -1 --o ./tmp.mri_nu_correct.mni.535/ones.mgz 
sysname  Linux
hostname 83a0105d2b61
machine  x86_64
user     root

input      ./tmp.mri_nu_correct.mni.535/nu0.mgz
frame      0
nErode3d   0
nErode2d   0
output     ./tmp.mri_nu_correct.mni.535/ones.mgz
Binarizing based on threshold
min        -1
max        +infinity
binval        1
binvalnot     0
fstart = 0, fend = 0, nframes = 1
Starting parallel 1
Found 16777216 values in range
Counting number of voxels in first frame
Found 16777215 voxels in final mask
Writing output to ./tmp.mri_nu_correct.mni.535/ones.mgz
Count: 16777215 16777215.000000 16777216 99.999994
mri_binarize done
mri_segstats --id 1 --seg ./tmp.mri_nu_correct.mni.535/ones.mgz --i orig.mgz --sum ./tmp.mri_nu_correct.mni.535/sum.junk --avgwf ./tmp.mri_nu_correct.mni.535/input.mean.dat

7.4.1
cwd 
cmdline mri_segstats --id 1 --seg ./tmp.mri_nu_correct.mni.535/ones.mgz --i orig.mgz --sum ./tmp.mri_nu_correct.mni.535/sum.junk --avgwf ./tmp.mri_nu_correct.mni.535/input.mean.dat 
sysname  Linux
hostname 83a0105d2b61
machine  x86_64
user     root
whitesurfname  white
UseRobust  0
Loading ./tmp.mri_nu_correct.mni.535/ones.mgz
Loading orig.mgz
Voxel Volume is 1 mm^3
Generating list of segmentation ids
Found   1 segmentations
Computing statistics for each segmentation

Reporting on   1 segmentations
Using PrintSegStat
Computing spatial average of each frame

Writing to ./tmp.mri_nu_correct.mni.535/input.mean.dat
mri_segstats done
mri_segstats --id 1 --seg ./tmp.mri_nu_correct.mni.535/ones.mgz --i ./tmp.mri_nu_correct.mni.535/nu0.mgz --sum ./tmp.mri_nu_correct.mni.535/sum.junk --avgwf ./tmp.mri_nu_correct.mni.535/output.mean.dat

7.4.1
cwd 
cmdline mri_segstats --id 1 --seg ./tmp.mri_nu_correct.mni.535/ones.mgz --i ./tmp.mri_nu_correct.mni.535/nu0.mgz --sum ./tmp.mri_nu_correct.mni.535/sum.junk --avgwf ./tmp.mri_nu_correct.mni.535/output.mean.dat 
sysname  Linux
hostname 83a0105d2b61
machine  x86_64
user     root
whitesurfname  white
UseRobust  0
Loading ./tmp.mri_nu_correct.mni.535/ones.mgz
Loading ./tmp.mri_nu_correct.mni.535/nu0.mgz
Voxel Volume is 1 mm^3
Generating list of segmentation ids
Found   1 segmentations
Computing statistics for each segmentation

Reporting on   1 segmentations
Using PrintSegStat
Computing spatial average of each frame

Writing to ./tmp.mri_nu_correct.mni.535/output.mean.dat
mri_segstats done
mris_calc -o ./tmp.mri_nu_correct.mni.535/nu0.mgz ./tmp.mri_nu_correct.mni.535/nu0.mgz mul 1.15075500694908586511
mri_convert ./tmp.mri_nu_correct.mni.535/nu0.mgz nu.mgz --like orig.mgz
mri_convert ./tmp.mri_nu_correct.mni.535/nu0.mgz nu.mgz --like orig.mgz 
reading from ./tmp.mri_nu_correct.mni.535/nu0.mgz...
TR=8.27, TE=0.00, TI=0.00, flip angle=0.00
i_ras = (-1, 0, 0)
j_ras = (-9.31323e-10, -7.45058e-09, -1)
k_ras = (2.91038e-10, 1, -7.45058e-09)
INFO: transform src into the like-volume: orig.mgz
writing to nu.mgz...
mri_make_uchar nu.mgz transforms/talairach.xfm nu.mgz
type change took 0 minutes and 7 seconds.
FIRST_PERCENTILE 0.010000
WM_PERCENTILE    0.900000
MAX_R 50.000000
i1 = 5, i2 = 47
#mri_make_uchar# mapping 13 121 to  3 110  :  b -10.2417 m 0.997146 : thresh 10.271 maxsat 266.001 : nzero 12973917 nsat 21
 
 
Fri May 30 19:33:48 UTC 2025
mri_nu_correct.mni done
