status file for recon-all
Thu May 29 01:45:31 UTC 2025
#@# MotionCor Thu May 29 01:45:34 UTC 2025
#@# Talairach Thu May 29 01:45:42 UTC 2025
#@# Talairach Failure Detection Thu May 29 01:48:54 UTC 2025
#@# Nu Intensity Correction Thu May 29 01:48:54 UTC 2025
#@# Intensity Normalization Thu May 29 01:52:13 UTC 2025
#@# Skull Stripping Thu May 29 01:55:30 UTC 2025
#@# EM Registration Thu May 29 02:07:54 UTC 2025
#@# CA Normalize Thu May 29 02:16:45 UTC 2025
#@# CA Reg Thu May 29 02:18:08 UTC 2025
#@# SubCort Seg Thu May 29 04:30:24 UTC 2025
#@# CC Seg Thu May 29 05:17:05 UTC 2025
#@# Merge ASeg Thu May 29 05:18:11 UTC 2025
#@# Intensity Normalization2 Thu May 29 05:18:11 UTC 2025
#@# Mask BFS Thu May 29 05:22:46 UTC 2025
#@# WM Segmentation Thu May 29 05:22:48 UTC 2025
#@# Fill Thu May 29 05:27:35 UTC 2025
#@# Tessellate lh Thu May 29 05:29:07 UTC 2025
#@# Tessellate rh Thu May 29 05:29:12 UTC 2025
#@# Smooth1 lh Thu May 29 05:29:17 UTC 2025
#@# Smooth1 rh Thu May 29 05:29:20 UTC 2025
#@# Inflation1 lh Thu May 29 05:29:22 UTC 2025
#@# Inflation1 rh Thu May 29 05:29:35 UTC 2025
#@# QSphere lh Thu May 29 05:29:49 UTC 2025
#@# QSphere rh Thu May 29 05:31:31 UTC 2025
#@# Fix Topology lh Thu May 29 05:33:12 UTC 2025
#@# Fix Topology rh Thu May 29 05:34:19 UTC 2025
#@# Smooth2 lh Thu May 29 05:46:07 UTC 2025
#@# Smooth2 rh Thu May 29 05:46:10 UTC 2025
#@# Inflation2 lh Thu May 29 05:46:13 UTC 2025
#@# Inflation2 rh Thu May 29 05:46:32 UTC 2025
#@# Curv .H and .K lh Thu May 29 05:46:50 UTC 2025
#@# Curv .H and .K rh Thu May 29 05:47:29 UTC 2025
#@# Sphere lh Thu May 29 05:48:09 UTC 2025
#@# Sphere rh Thu May 29 05:51:20 UTC 2025
#@# Surf Reg lh Thu May 29 05:54:35 UTC 2025
#@# Surf Reg rh Thu May 29 06:00:40 UTC 2025
#@# Jacobian white lh Thu May 29 06:06:54 UTC 2025
#@# Jacobian white rh Thu May 29 06:06:55 UTC 2025
#@# AvgCurv lh Thu May 29 06:06:56 UTC 2025
#@# AvgCurv rh Thu May 29 06:06:56 UTC 2025
#@# Cortical Parc lh Thu May 29 06:06:57 UTC 2025
#@# Cortical Parc rh Thu May 29 06:07:10 UTC 2025
#@# white curv lh Thu May 29 06:23:35 UTC 2025
#@# white area lh Thu May 29 06:23:37 UTC 2025
#@# pial curv lh Thu May 29 06:23:37 UTC 2025
#@# pial area lh Thu May 29 06:23:39 UTC 2025
#@# thickness lh Thu May 29 06:23:40 UTC 2025
#@# area and vertex vol lh Thu May 29 06:24:06 UTC 2025
#@# white curv rh Thu May 29 06:24:07 UTC 2025
#@# white area rh Thu May 29 06:24:09 UTC 2025
#@# pial curv rh Thu May 29 06:24:10 UTC 2025
#@# pial area rh Thu May 29 06:24:12 UTC 2025
#@# thickness rh Thu May 29 06:24:13 UTC 2025
#@# area and vertex vol rh Thu May 29 06:24:38 UTC 2025
#@# Curvature Stats lh Thu May 29 06:24:40 UTC 2025
#@# Curvature Stats rh Thu May 29 06:24:43 UTC 2025
#@# Cortical ribbon mask Thu May 29 06:24:46 UTC 2025
#@# Cortical Parc 2 lh Thu May 29 06:29:15 UTC 2025
#@# Cortical Parc 2 rh Thu May 29 06:29:32 UTC 2025
#@# Cortical Parc 3 lh Thu May 29 06:29:50 UTC 2025
#@# Cortical Parc 3 rh Thu May 29 06:30:02 UTC 2025
#@# WM/GM Contrast lh Thu May 29 06:30:16 UTC 2025
#@# WM/GM Contrast rh Thu May 29 06:30:19 UTC 2025
#@# Relabel Hypointensities Thu May 29 06:30:23 UTC 2025
#@# APas-to-ASeg Thu May 29 06:30:48 UTC 2025
#@# AParc-to-ASeg aparc Thu May 29 06:31:04 UTC 2025
#@# AParc-to-ASeg aparc.a2009s Thu May 29 06:33:09 UTC 2025
#@# AParc-to-ASeg aparc.DKTatlas Thu May 29 06:35:17 UTC 2025
#@# WMParc Thu May 29 06:37:13 UTC 2025
#@# Parcellation Stats lh Thu May 29 06:44:17 UTC 2025
#@# Parcellation Stats rh Thu May 29 06:44:34 UTC 2025
#@# Parcellation Stats 2 lh Thu May 29 06:44:51 UTC 2025
#@# Parcellation Stats 2 rh Thu May 29 06:45:01 UTC 2025
#@# Parcellation Stats 3 lh Thu May 29 06:45:11 UTC 2025
#@# Parcellation Stats 3 rh Thu May 29 06:45:20 UTC 2025
#@# ASeg Stats Thu May 29 06:45:29 UTC 2025
#@# BA_exvivo Labels lh Thu May 29 06:48:55 UTC 2025
#@# BA_exvivo Labels rh Thu May 29 06:52:52 UTC 2025
recon-all -s sub-022 finished without error at Thu May 29 06:56:54 UTC 2025
