/home/freesurfer/subjects/sub-018/mri
/usr/local/freesurfer/bin/talairach_avi
--i orig_nu.mgz --xfm transforms/talairach.auto.xfm
talairach_avi 7.4.1
Linux 39947d776090 6.11.0-26-generic #26~24.04.1-Ubuntu SMP PREEMPT_DYNAMIC Thu Apr 17 19:20:47 UTC 2 x86_64 x86_64 x86_64 GNU/Linux
Fri May 30 12:39:04 UTC 2025
mri_convert orig_nu.mgz talsrcimg.img 
reading from orig_nu.mgz...
TR=8.40, TE=0.00, TI=0.00, flip angle=0.00
i_ras = (-1, 0, 1.86265e-09)
j_ras = (1.86265e-09, -1.49012e-08, -1)
k_ras = (0, 1, 1.49012e-08)
writing to talsrcimg.img...
Analyze Output Matrix
-1.00000   0.00000   0.00000   129.23163;
 0.00000  -0.00000   1.00000  -141.08145;
 0.00000  -1.00000   0.00000   139.94276;
 0.00000   0.00000   0.00000   1.00000;
--------------------
INFO: set hdr.hist.orient to -1
mpr2mni305 talsrcimg
Fri May 30 12:39:05 UTC 2025
/usr/local/freesurfer/bin/mpr2mni305 talsrcimg
mpr2mni305 7.4.1
target=711-2C_as_mni_average_305

---------------------------------------------------------------------
analyzeto4dfp talsrcimg -O0 -y
---------------------------------------------------------------------

freesurfer ifh2hdr.c
Fri May 30 12:39:05 2025
Writing: talsrcimg.4dfp.hdr
freesurfer analyzeto4dfp.c
Reading: talsrcimg.hdr
header size 348 bytes
hdr.dime.datatype	offset=70	value=2
hdr.dime.bitpix		offset=72	value=8
hdr.hist.orient		offset=252	value=-1
dimensionality     4
dimensions       256       256       256         1
Reading: talsrcimg.img
Writing: talsrcimg.4dfp.img
Writing: talsrcimg.4dfp.ifh
ifh2hdr talsrcimg -r0to224
ori=2

---------------------------------------------------------------------
gauss_4dfp talsrcimg 1.1
---------------------------------------------------------------------

freesurfer gauss_4dfp.c
Reading: talsrcimg.4dfp.img
Writing: talsrcimg_g11.4dfp.img
image dimensions 256 256 256 padded to 288 288 288
processing volume 1freesurfer ifh2hdr.c
Fri May 30 12:39:09 2025
Writing: talsrcimg_g11.4dfp.hdr

Writing: talsrcimg_g11.4dfp.ifh
including: talsrcimg.4dfp.img.rec in talsrcimg_g11.4dfp.img.rec

---------------------------------------------------------------------
imgreg_4dfp /usr/local/freesurfer/average/711-2C_as_mni_average_305 none talsrcimg_g11 none talsrcimg_to_711-2C_as_mni_average_305_t4 4355
---------------------------------------------------------------------

freesurfer imgreg_4dfp.c
/usr/local/freesurfer/average/711-2C_as_mni_average_305.4dfp.img
       256       256       256         1
  1.000000  1.000000  1.000000
orientation T byte_order littleendian
Reading image: /usr/local/freesurfer/average/711-2C_as_mni_average_305.4dfp.img
dimensions:      256       256       256
mmppix:       1.0000   -1.0000   -1.0000
center:     128.0000 -129.0000 -129.0000
talsrcimg_g11.4dfp.img
       256       256       256         1
  1.000000  1.000000  1.000000
orientation T byte_order littleendian
Reading image: talsrcimg_g11.4dfp.img
dimensions:      256       256       256
mmppix:       1.0000   -1.0000   -1.0000
center:     128.0000 -129.0000 -129.0000
t4_read: open error in t4_sub.f l:  41 t4_file(1:l)talsrcimg_to_711-2C_as_mni_average_305_t4 
t4_read: transform initialized to I4
rotation matrix determinant  1.000000
image alignment mode   4355 decimal     1103 hex
   -7.5000  -45.0000  -45.0000 9557.0205   15.9596
    0.0000  -45.0000  -45.0000 9956.6182   15.9570
    7.5000  -45.0000  -45.0000 9536.0029   15.9578
   -7.5000  -37.5000  -45.0000 9992.5596   15.9074
    0.0000  -37.5000  -45.000010433.1582   15.9099
    7.5000  -37.5000  -45.0000 9949.4658   15.9062
   -7.5000  -30.0000  -45.000010775.7773   15.8933
    0.0000  -30.0000  -45.000011251.6143   15.9000
    7.5000  -30.0000  -45.000010703.3193   15.8950
   -7.5000  -22.5000  -45.000011519.5801   15.9031
    0.0000  -22.5000  -45.000012017.3594   15.9087
    7.5000  -22.5000  -45.000011420.9121   15.9069
   -7.5000  -15.0000  -45.000012209.9863   15.9183
    0.0000  -15.0000  -45.000012712.3125   15.9194
    7.5000  -15.0000  -45.000012082.8223   15.9208
   -7.5000   -7.5000  -45.000012792.2793   15.9202
    0.0000   -7.5000  -45.000013316.9951   15.9174
    7.5000   -7.5000  -45.000012641.8057   15.9201
   -7.5000    0.0000  -45.000013138.8359   15.9084
    0.0000    0.0000  -45.000013678.9180   15.9059
    7.5000    0.0000  -45.000012973.4434   15.9066
   -7.5000    7.5000  -45.000012410.5205   15.8963
    0.0000    7.5000  -45.000012947.4160   15.8989
    7.5000    7.5000  -45.000012246.6035   15.8952
   -7.5000   15.0000  -45.000011527.1758   15.8930
    0.0000   15.0000  -45.000012065.9004   15.8997
    7.5000   15.0000  -45.000011378.5928   15.8947
   -7.5000   22.5000  -45.000010566.5615   15.9013
    0.0000   22.5000  -45.000011089.6797   15.9069
    7.5000   22.5000  -45.000010445.6758   15.9051
   -7.5000   30.0000  -45.0000 9578.4092   15.7299
    0.0000   30.0000  -45.000010049.7090   15.7308
    7.5000   30.0000  -45.0000 9476.2139   15.7321
   -7.5000   37.5000  -45.0000 9031.9385   15.8021
    0.0000   37.5000  -45.0000 9466.3350   15.7991
    7.5000   37.5000  -45.0000 8955.5557   15.8010
   -7.5000   45.0000  -45.0000 8161.7559   15.5643
    0.0000   45.0000  -45.0000 8544.5674   15.5613
    7.5000   45.0000  -45.0000 8092.3652   15.5611
   -7.5000  -45.0000  -37.500010117.4609   15.8561
    0.0000  -45.0000  -37.500010537.5928   15.8586
    7.5000  -45.0000  -37.500010057.6182   15.8600
   -7.5000  -37.5000  -37.500010581.6035   15.7965
    0.0000  -37.5000  -37.500011028.5205   15.8022
    7.5000  -37.5000  -37.500010493.0967   15.7987
   -7.5000  -30.0000  -37.500011393.6006   15.7762
    0.0000  -30.0000  -37.500011864.1455   15.7849
    7.5000  -30.0000  -37.500011288.1260   15.7792
   -7.5000  -22.5000  -37.500012183.6191   15.7868
    0.0000  -22.5000  -37.500012656.5020   15.7954
    7.5000  -22.5000  -37.500012051.5693   15.7919
   -7.5000  -15.0000  -37.500012895.1670   15.8068
    0.0000  -15.0000  -37.500013387.2539   15.8128
    7.5000  -15.0000  -37.500012720.8701   15.8126
   -7.5000   -7.5000  -37.500013470.0312   15.8149
    0.0000   -7.5000  -37.500013986.6494   15.8178
    7.5000   -7.5000  -37.500013267.8975   15.8203
   -7.5000    0.0000  -37.500013810.1748   15.8044
    0.0000    0.0000  -37.500014355.2725   15.8069
    7.5000    0.0000  -37.500013602.1182   15.8082
   -7.5000    7.5000  -37.500013029.2744   15.7853
    0.0000    7.5000  -37.500013594.2959   15.7910
    7.5000    7.5000  -37.500012843.1787   15.7875
   -7.5000   15.0000  -37.500012103.2939   15.7759
    0.0000   15.0000  -37.500012648.9268   15.7845
    7.5000   15.0000  -37.500011937.3408   15.7788
   -7.5000   22.5000  -37.500011075.4160   15.7850
    0.0000   22.5000  -37.500011600.7021   15.7936
    7.5000   22.5000  -37.500010951.0488   15.7901
   -7.5000   30.0000  -37.500010029.2148   15.6190
    0.0000   30.0000  -37.500010507.1377   15.6249
    7.5000   30.0000  -37.5000 9937.3125   15.6245
   -7.5000   37.5000  -37.5000 9417.6582   15.6954
    0.0000   37.5000  -37.5000 9875.8574   15.6983
    7.5000   37.5000  -37.5000 9351.4482   15.7002
   -7.5000   45.0000  -37.5000 8504.8789   15.4617
    0.0000   45.0000  -37.5000 8922.5117   15.4641
    7.5000   45.0000  -37.5000 8438.8076   15.4646
   -7.5000  -45.0000  -30.000010816.1533   16.4455
    0.0000  -45.0000  -30.000011250.9336   16.4527
    7.5000  -45.0000  -30.000010766.3184   16.4628
   -7.5000  -37.5000  -30.000011328.9561   16.3861
    0.0000  -37.5000  -30.000011795.6670   16.3946
    7.5000  -37.5000  -30.000011267.5352   16.3998
   -7.5000  -30.0000  -30.000012210.1797   16.3656
    0.0000  -30.0000  -30.000012711.3271   16.3757
    7.5000  -30.0000  -30.000012120.0732   16.3783
   -7.5000  -22.5000  -30.000013071.2373   16.3738
    0.0000  -22.5000  -30.000013560.8154   16.3843
    7.5000  -22.5000  -30.000012910.7480   16.3881
   -7.5000  -15.0000  -30.000013817.4668   16.3899
    0.0000  -15.0000  -30.000014321.5176   16.3995
    7.5000  -15.0000  -30.000013592.3506   16.4063
   -7.5000   -7.5000  -30.000014393.1670   16.3985
    0.0000   -7.5000  -30.000014936.6719   16.4063
    7.5000   -7.5000  -30.000014161.3057   16.4168
   -7.5000    0.0000  -30.000014771.2441   16.3917
    0.0000    0.0000  -30.000015320.4248   16.3989
    7.5000    0.0000  -30.000014541.8955   16.4088
   -7.5000    7.5000  -30.000013937.0771   16.3745
    0.0000    7.5000  -30.000014499.9775   16.3830
    7.5000    7.5000  -30.000013716.6797   16.3882
   -7.5000   15.0000  -30.000012936.8291   16.3652
    0.0000   15.0000  -30.000013480.6191   16.3753
    7.5000   15.0000  -30.000012728.8145   16.3780
   -7.5000   22.5000  -30.000011815.0791   16.3703
    0.0000   22.5000  -30.000012334.0693   16.3808
    7.5000   22.5000  -30.000011660.7002   16.3846
   -7.5000   30.0000  -30.000010694.8008   16.1967
    0.0000   30.0000  -30.000011179.1895   16.2061
    7.5000   30.0000  -30.000010604.4258   16.2127
   -7.5000   37.5000  -30.000010011.6611   16.2740
    0.0000   37.5000  -30.000010493.2559   16.2820
    7.5000   37.5000  -30.0000 9955.7539   16.2921
   -7.5000   45.0000  -30.0000 9015.7354   16.0483
    0.0000   45.0000  -30.0000 9468.7549   16.0553
    7.5000   45.0000  -30.0000 8954.0479   16.0641
   -7.5000  -45.0000  -22.500011487.6895   16.9632
    0.0000  -45.0000  -22.500011952.4512   16.9688
    7.5000  -45.0000  -22.500011418.1689   16.9897
   -7.5000  -37.5000  -22.500012066.9092   16.9128
    0.0000  -37.5000  -22.500012566.1611   16.9194
    7.5000  -37.5000  -22.500012003.3770   16.9357
   -7.5000  -30.0000  -22.500013025.0791   16.8950
    0.0000  -30.0000  -22.500013561.4727   16.9025
    7.5000  -30.0000  -22.500012926.7275   16.9162
   -7.5000  -22.5000  -22.500013911.4854   16.8953
    0.0000  -22.5000  -22.500014439.2090   16.9020
    7.5000  -22.5000  -22.500013732.9258   16.9169
   -7.5000  -15.0000  -22.500014690.1455   16.9012
    0.0000  -15.0000  -22.500015227.4590   16.9067
    7.5000  -15.0000  -22.500014455.3799   16.9245
   -7.5000   -7.5000  -22.500015319.4658   16.9077
    0.0000   -7.5000  -22.500015894.9854   16.9128
    7.5000   -7.5000  -22.500015084.8652   16.9338
   -7.5000    0.0000  -22.500015760.9932   16.9078
    0.0000    0.0000  -22.500016346.4971   16.9133
    7.5000    0.0000  -22.500015506.3184   16.9340
   -7.5000    7.5000  -22.500014873.4033   16.9008
    0.0000    7.5000  -22.500015450.6641   16.9074
    7.5000    7.5000  -22.500014641.8828   16.9237
   -7.5000   15.0000  -22.500013786.6621   16.8947
    0.0000   15.0000  -22.500014313.9727   16.9021
    7.5000   15.0000  -22.500013566.5635   16.9159
   -7.5000   22.5000  -22.500012593.2861   16.8906
    0.0000   22.5000  -22.500013095.4072   16.8973
    7.5000   22.5000  -22.500012415.4668   16.9122
   -7.5000   30.0000  -22.500011394.8291   16.7050
    0.0000   30.0000  -22.500011893.8838   16.7104
    7.5000   30.0000  -22.500011303.0752   16.7278
   -7.5000   37.5000  -22.500010666.5020   16.7817
    0.0000   37.5000  -22.500011155.4678   16.7869
    7.5000   37.5000  -22.500010620.6738   16.8075
   -7.5000   45.0000  -22.5000 9598.2373   16.5657
    0.0000   45.0000  -22.500010061.5088   16.5706
    7.5000   45.0000  -22.5000 9536.6992   16.5897
   -7.5000  -45.0000  -15.000012147.3711   17.3523
    0.0000  -45.0000  -15.000012655.5332   17.3524
    7.5000  -45.0000  -15.000012031.7490   17.3751
   -7.5000  -37.5000  -15.000012757.9463   17.3100
    0.0000  -37.5000  -15.000013323.6123   17.3126
    7.5000  -37.5000  -15.000012669.8545   17.3311
   -7.5000  -30.0000  -15.000013833.1973   17.2976
    0.0000  -30.0000  -15.000014453.3340   17.3016
    7.5000  -30.0000  -15.000013710.0781   17.3181
   -7.5000  -22.5000  -15.000014767.8867   17.2938
    0.0000  -22.5000  -15.000015364.9219   17.2957
    7.5000  -22.5000  -15.000014573.9053   17.3141
   -7.5000  -15.0000  -15.000015565.1084   17.2923
    0.0000  -15.0000  -15.000016141.8799   17.2916
    7.5000  -15.0000  -15.000015315.3145   17.3127
   -7.5000   -7.5000  -15.000016267.7373   17.2936
    0.0000   -7.5000  -15.000016865.9863   17.2924
    7.5000   -7.5000  -15.000016011.0762   17.3156
   -7.5000    0.0000  -15.000016718.4863   17.2956
    0.0000    0.0000  -15.000017349.4180   17.2957
    7.5000    0.0000  -15.000016461.7363   17.3181
   -7.5000    7.5000  -15.000015805.7002   17.2978
    0.0000    7.5000  -15.000016408.4941   17.3004
    7.5000    7.5000  -15.000015588.3682   17.3189
   -7.5000   15.0000  -15.000014616.8486   17.2972
    0.0000   15.0000  -15.000015171.8496   17.3013
    7.5000   15.0000  -15.000014417.3877   17.3178
   -7.5000   22.5000  -15.000013379.3447   17.2882
    0.0000   22.5000  -15.000013905.6289   17.2901
    7.5000   22.5000  -15.000013221.5508   17.3085
   -7.5000   30.0000  -15.000012165.7227   17.0945
    0.0000   30.0000  -15.000012686.2734   17.0937
    7.5000   30.0000  -15.000012058.2637   17.1145
   -7.5000   37.5000  -15.000011401.5225   17.1686
    0.0000   37.5000  -15.000011910.8896   17.1673
    7.5000   37.5000  -15.000011326.1250   17.1899
   -7.5000   45.0000  -15.000010245.8574   16.9546
    0.0000   45.0000  -15.000010746.6387   16.9539
    7.5000   45.0000  -15.000010180.4531   16.9743
   -7.5000  -45.0000   -7.500012756.9287   17.5588
    0.0000  -45.0000   -7.500013318.2402   17.5549
    7.5000  -45.0000   -7.500012637.5244   17.5666
   -7.5000  -37.5000   -7.500013415.6904   17.5117
    0.0000  -37.5000   -7.500014041.3906   17.5128
    7.5000  -37.5000   -7.500013327.6113   17.5204
   -7.5000  -30.0000   -7.500014612.7959   17.4986
    0.0000  -30.0000   -7.500015332.0020   17.5033
    7.5000  -30.0000   -7.500014508.3486   17.5097
   -7.5000  -22.5000   -7.500015698.6660   17.4993
    0.0000  -22.5000   -7.500016408.9688   17.5016
    7.5000  -22.5000   -7.500015542.7803   17.5112
   -7.5000  -15.0000   -7.500016517.4180   17.5040
    0.0000  -15.0000   -7.500017149.4473   17.5014
    7.5000  -15.0000   -7.500016287.2070   17.5137
   -7.5000   -7.5000   -7.500017284.7910   17.5050
    0.0000   -7.5000   -7.500017893.8730   17.4997
    7.5000   -7.5000   -7.500016989.4551   17.5130
   -7.5000    0.0000   -7.500017788.3965   17.5013
    0.0000    0.0000   -7.500018464.5840   17.4974
    7.5000    0.0000   -7.500017491.4355   17.5089
   -7.5000    7.5000   -7.500016852.3965   17.4993
    0.0000    7.5000   -7.500017521.2578   17.5005
    7.5000    7.5000   -7.500016593.5898   17.5080
   -7.5000   15.0000   -7.500015609.4990   17.4982
    0.0000   15.0000   -7.500016239.4990   17.5029
    7.5000   15.0000   -7.500015383.7812   17.5094
   -7.5000   22.5000   -7.500014309.7461   17.4917
    0.0000   22.5000   -7.500014925.2334   17.4940
    7.5000   22.5000   -7.500014114.0508   17.5035
   -7.5000   30.0000   -7.500013026.0420   17.3033
    0.0000   30.0000   -7.500013636.1455   17.3006
    7.5000   30.0000   -7.500012861.3174   17.3126
   -7.5000   37.5000   -7.500012213.7324   17.3796
    0.0000   37.5000   -7.500012803.1895   17.3741
    7.5000   37.5000   -7.500012075.2861   17.3866
   -7.5000   45.0000   -7.500010975.2227   17.1581
    0.0000   45.0000   -7.500011513.2676   17.1534
    7.5000   45.0000   -7.500010838.0742   17.1632
   -7.5000  -45.0000    0.000013258.5635   17.5935
    0.0000  -45.0000    0.000013886.3555   17.5904
    7.5000  -45.0000    0.000013124.7422   17.5916
   -7.5000  -37.5000    0.000013952.0928   17.5351
    0.0000  -37.5000    0.000014623.4775   17.5378
    7.5000  -37.5000    0.000013836.3662   17.5341
   -7.5000  -30.0000    0.000015261.8730   17.5172
    0.0000  -30.0000    0.000016065.5977   17.5244
    7.5000  -30.0000    0.000015145.1533   17.5195
   -7.5000  -22.5000    0.000016605.6348   17.5257
    0.0000  -22.5000    0.000017483.9004   17.5314
    7.5000  -22.5000    0.000016432.7422   17.5298
   -7.5000  -15.0000    0.000017632.3555   17.5419
    0.0000  -15.0000    0.000018413.6094   17.5424
    7.5000  -15.0000    0.000017333.2422   17.5443
   -7.5000   -7.5000    0.000018455.6250   17.5462
    0.0000   -7.5000    0.000019178.0195   17.5427
    7.5000   -7.5000    0.000017977.1836   17.5459
   -7.5000    0.0000    0.000018952.9219   17.5359
    0.0000    0.0000    0.000019746.8906   17.5329
    7.5000    0.0000    0.000018408.9434   17.5340
   -7.5000    7.5000    0.000017874.1191   17.5227
    0.0000    7.5000    0.000018664.8984   17.5254
    7.5000    7.5000    0.000017404.2949   17.5217
   -7.5000   15.0000    0.000016522.0391   17.5169
    0.0000   15.0000    0.000017286.9844   17.5241
    7.5000   15.0000    0.000016102.5586   17.5191
   -7.5000   22.5000    0.000015121.0371   17.5180
    0.0000   22.5000    0.000015847.8604   17.5237
    7.5000   22.5000    0.000014791.4316   17.5221
   -7.5000   30.0000    0.000013728.2441   17.3405
    0.0000   30.0000    0.000014440.1895   17.3410
    7.5000   30.0000    0.000013484.8525   17.3427
   -7.5000   37.5000    0.000012873.0498   17.4212
    0.0000   37.5000    0.000013548.6016   17.4176
    7.5000   37.5000    0.000012675.8818   17.4199
   -7.5000   45.0000    0.000011546.2998   17.1925
    0.0000   45.0000    0.000012141.7539   17.1891
    7.5000   45.0000    0.000011367.2969   17.1891
   -7.5000  -45.0000    7.500012739.2480   17.6054
    0.0000  -45.0000    7.500013342.5684   17.6084
    7.5000  -45.0000    7.500012623.2578   17.6099
   -7.5000  -37.5000    7.500013395.7881   17.5394
    0.0000  -37.5000    7.500014053.0957   17.5459
    7.5000  -37.5000    7.500013278.1123   17.5420
   -7.5000  -30.0000    7.500014701.1924   17.5177
    0.0000  -30.0000    7.500015524.8037   17.5275
    7.5000  -30.0000    7.500014548.3887   17.5212
   -7.5000  -22.5000    7.500016170.4785   17.5299
    0.0000  -22.5000    7.500017302.6719   17.5396
    7.5000  -22.5000    7.500015904.5361   17.5357
   -7.5000  -15.0000    7.500017386.4648   17.5517
    0.0000  -15.0000    7.500018579.3906   17.5586
    7.5000  -15.0000    7.500016961.2910   17.5582
   -7.5000   -7.5000    7.500018174.3652   17.5600
    0.0000   -7.5000    7.500019237.5762   17.5634
    7.5000   -7.5000    7.500017592.9121   17.5660
   -7.5000    0.0000    7.500018448.0273   17.5479
    0.0000    0.0000    7.500019451.8594   17.5509
    7.5000    0.0000    7.500017840.1738   17.5522
   -7.5000    7.5000    7.500017296.1797   17.5270
    0.0000    7.5000    7.500018159.7285   17.5335
    7.5000    7.5000    7.500016756.2090   17.5297
   -7.5000   15.0000    7.500015957.5469   17.5173
    0.0000   15.0000    7.500016693.0254   17.5271
    7.5000   15.0000    7.500015494.7832   17.5208
   -7.5000   22.5000    7.500014632.9941   17.5222
    0.0000   22.5000    7.500015300.5742   17.5319
    7.5000   22.5000    7.500014269.0967   17.5280
   -7.5000   30.0000    7.500013313.8086   17.3498
    0.0000   30.0000    7.500013960.9336   17.3565
    7.5000   30.0000    7.500013035.0537   17.3560
   -7.5000   37.5000    7.500012492.6797   17.4333
    0.0000   37.5000    7.500013102.7725   17.4368
    7.5000   37.5000    7.500012243.4580   17.4387
   -7.5000   45.0000    7.500011186.2324   17.2055
    0.0000   45.0000    7.500011750.5166   17.2084
    7.5000   45.0000    7.500010972.1631   17.2089
   -7.5000  -45.0000   15.000012114.6963   17.6464
    0.0000  -45.0000   15.000012709.0605   17.6542
    7.5000  -45.0000   15.000011972.6943   17.6651
   -7.5000  -37.5000   15.000012800.5654   17.5833
    0.0000  -37.5000   15.000013447.1729   17.5923
    7.5000  -37.5000   15.000012623.2734   17.5980
   -7.5000  -30.0000   15.000014055.2061   17.5615
    0.0000  -30.0000   15.000014854.4082   17.5723
    7.5000  -30.0000   15.000013823.6133   17.5751
   -7.5000  -22.5000   15.000015388.2979   17.5700
    0.0000  -22.5000   15.000016402.9180   17.5811
    7.5000  -22.5000   15.000015033.9414   17.5852
   -7.5000  -15.0000   15.000016407.4180   17.5867
    0.0000  -15.0000   15.000017353.4902   17.5969
    7.5000  -15.0000   15.000015948.1211   17.6043
   -7.5000   -7.5000   15.000017032.4980   17.5958
    0.0000   -7.5000   15.000017880.2812   17.6041
    7.5000   -7.5000   15.000016560.2305   17.6154
   -7.5000    0.0000   15.000017356.6602   17.5888
    0.0000    0.0000   15.000018184.4883   17.5964
    7.5000    0.0000   15.000016879.4785   17.6071
   -7.5000    7.5000   15.000016345.6855   17.5708
    0.0000    7.5000   15.000017115.5527   17.5799
    7.5000    7.5000   15.000015899.3086   17.5856
   -7.5000   15.0000   15.000015100.4941   17.5611
    0.0000   15.0000   15.000015790.9189   17.5719
    7.5000   15.0000   15.000014691.9209   17.5748
   -7.5000   22.5000   15.000013878.5195   17.5623
    0.0000   22.5000   15.000014503.1211   17.5735
    7.5000   22.5000   15.000013528.7158   17.5776
   -7.5000   30.0000   15.000012614.7559   17.3845
    0.0000   30.0000   15.000013217.2686   17.3944
    7.5000   30.0000   15.000012350.6523   17.4016
   -7.5000   37.5000   15.000011829.5381   17.4673
    0.0000   37.5000   15.000012375.3057   17.4758
    7.5000   37.5000   15.000011597.2949   17.4867
   -7.5000   45.0000   15.000010630.8652   17.2480
    0.0000   45.0000   15.000011145.6094   17.2554
    7.5000   45.0000   15.000010447.6055   17.2650
   -7.5000  -45.0000   22.500011419.4990   17.7391
    0.0000  -45.0000   22.500011892.5029   17.7442
    7.5000  -45.0000   22.500011252.0771   17.7663
   -7.5000  -37.5000   22.500012026.9424   17.6876
    0.0000  -37.5000   22.500012519.3164   17.6939
    7.5000  -37.5000   22.500011842.6172   17.7112
   -7.5000  -30.0000   22.500013143.6094   17.6703
    0.0000  -30.0000   22.500013744.8760   17.6775
    7.5000  -30.0000   22.500012928.2676   17.6920
   -7.5000  -22.5000   22.500014294.1787   17.6700
    0.0000  -22.5000   22.500015021.7100   17.6765
    7.5000  -22.5000   22.500014033.2783   17.6922
   -7.5000  -15.0000   22.500015089.8926   17.6746
    0.0000  -15.0000   22.500015743.9395   17.6798
    7.5000  -15.0000   22.500014830.7529   17.6985
   -7.5000   -7.5000   22.500015690.4199   17.6803
    0.0000   -7.5000   22.500016297.2549   17.6849
    7.5000   -7.5000   22.500015411.8350   17.7071
   -7.5000    0.0000   22.500016091.4473   17.6808
    0.0000    0.0000   22.500016718.8066   17.6858
    7.5000    0.0000   22.500015764.9844   17.7076
   -7.5000    7.5000   22.500015259.3711   17.6750
    0.0000    7.5000   22.500015843.9482   17.6813
    7.5000    7.5000   22.500014866.2705   17.6986
   -7.5000   15.0000   22.500014148.0068   17.6699
    0.0000   15.0000   22.500014695.2129   17.6771
    7.5000   15.0000   22.500013783.2529   17.6917
   -7.5000   22.5000   22.500013007.6133   17.6624
    0.0000   22.5000   22.500013541.1465   17.6688
    7.5000   22.5000   22.500012680.1670   17.6846
   -7.5000   30.0000   22.500011838.7578   17.4721
    0.0000   30.0000   22.500012375.4980   17.4771
    7.5000   30.0000   22.500011581.6289   17.4955
   -7.5000   37.5000   22.500011096.9004   17.5518
    0.0000   37.5000   22.500011598.7139   17.5565
    7.5000   37.5000   22.500010897.5117   17.5782
   -7.5000   45.0000   22.5000 9947.1582   17.3402
    0.0000   45.0000   22.500010434.4404   17.3447
    7.5000   45.0000   22.5000 9815.2314   17.3648
   -7.5000  -45.0000   30.000010613.6221   18.0751
    0.0000  -45.0000   30.000010987.2559   18.0736
    7.5000  -45.0000   30.000010483.6611   18.0976
   -7.5000  -37.5000   30.000011138.3057   18.0307
    0.0000  -37.5000   30.000011544.1025   18.0319
    7.5000  -37.5000   30.000011018.1963   18.0514
   -7.5000  -30.0000   30.000012148.5557   18.0173
    0.0000  -30.0000   30.000012680.5498   18.0200
    7.5000  -30.0000   30.000012015.9150   18.0374
   -7.5000  -22.5000   30.000013185.9326   18.0120
    0.0000  -22.5000   30.000013777.8408   18.0125
    7.5000  -22.5000   30.000013039.6338   18.0319
   -7.5000  -15.0000   30.000013899.7744   18.0095
    0.0000  -15.0000   30.000014440.6328   18.0071
    7.5000  -15.0000   30.000013761.0254   18.0295
   -7.5000   -7.5000   30.000014504.2256   18.0113
    0.0000   -7.5000   30.000015046.4971   18.0083
    7.5000   -7.5000   30.000014335.1865   18.0328
   -7.5000    0.0000   30.000014931.6367   18.0144
    0.0000    0.0000   30.000015483.9062   18.0129
    7.5000    0.0000   30.000014718.0127   18.0365
   -7.5000    7.5000   30.000014171.2275   18.0176
    0.0000    7.5000   30.000014685.7559   18.0188
    7.5000    7.5000   30.000013906.2305   18.0383
   -7.5000   15.0000   30.000013168.7461   18.0169
    0.0000   15.0000   30.000013638.5020   18.0196
    7.5000   15.0000   30.000012900.1201   18.0370
   -7.5000   22.5000   30.000012119.1152   18.0043
    0.0000   22.5000   30.000012587.4287   18.0047
    7.5000   22.5000   30.000011870.0977   18.0241
   -7.5000   30.0000   30.000011063.0156   17.8042
    0.0000   30.0000   30.000011528.5352   17.8018
    7.5000   30.0000   30.000010845.6201   17.8237
   -7.5000   37.5000   30.000010367.3916   17.8838
    0.0000   37.5000   30.000010809.4678   17.8806
    7.5000   37.5000   30.000010192.8379   17.9045
   -7.5000   45.0000   30.0000 9291.0693   17.6713
    0.0000   45.0000   30.0000 9716.0381   17.6689
    7.5000   45.0000   30.0000 9167.4482   17.6905
   -7.5000  -45.0000   37.500010155.3135   18.5276
    0.0000  -45.0000   37.500010533.4580   18.5193
    7.5000  -45.0000   37.500010063.4492   18.5306
   -7.5000  -37.5000   37.500010672.3721   18.4733
    0.0000  -37.5000   37.500011079.9707   18.4707
    7.5000  -37.5000   37.500010585.5352   18.4775
   -7.5000  -30.0000   37.500011646.9600   18.4549
    0.0000  -30.0000   37.500012148.6865   18.4561
    7.5000  -30.0000   37.500011579.0361   18.4618
   -7.5000  -22.5000   37.500012607.2080   18.4539
    0.0000  -22.5000   37.500013100.9609   18.4523
    7.5000  -22.5000   37.500012510.7764   18.4616
   -7.5000  -15.0000   37.500013290.5527   18.4607
    0.0000  -15.0000   37.500013760.6123   18.4536
    7.5000  -15.0000   37.500013183.0742   18.4659
   -7.5000   -7.5000   37.500013906.3447   18.4656
    0.0000   -7.5000   37.500014386.4092   18.4557
    7.5000   -7.5000   37.500013784.8330   18.4689
   -7.5000    0.0000   37.500014341.5225   18.4638
    0.0000    0.0000   37.500014831.2793   18.4556
    7.5000    0.0000   37.500014187.2764   18.4666
   -7.5000    7.5000   37.500013593.7500   18.4595
    0.0000    7.5000   37.500014070.0234   18.4569
    7.5000    7.5000   37.500013403.9746   18.4637
   -7.5000   15.0000   37.500012654.5840   18.4545
    0.0000   15.0000   37.500013103.3701   18.4557
    7.5000   15.0000   37.500012457.5762   18.4615
   -7.5000   22.5000   37.500011663.6025   18.4456
    0.0000   22.5000   37.500012106.5889   18.4440
    7.5000   22.5000   37.500011469.4053   18.4533
   -7.5000   30.0000   37.500010686.1426   18.2444
    0.0000   30.0000   37.500011117.5293   18.2373
    7.5000   30.0000   37.500010508.4268   18.2493
   -7.5000   37.5000   37.500010037.0654   18.3249
    0.0000   37.5000   37.500010432.7627   18.3149
    7.5000   37.5000   37.5000 9873.3184   18.3272
   -7.5000   45.0000   37.5000 8961.5850   18.0958
    0.0000   45.0000   37.5000 9340.0039   18.0870
    7.5000   45.0000   37.5000 8838.0742   18.0964
   -7.5000  -45.0000   45.0000 9359.0234   19.0475
    0.0000  -45.0000   45.0000 9734.0840   19.0394
    7.5000  -45.0000   45.0000 9285.8271   19.0388
   -7.5000  -37.5000   45.0000 9840.2988   18.9744
    0.0000  -37.5000   45.000010252.9023   18.9726
    7.5000  -37.5000   45.0000 9774.2490   18.9667
   -7.5000  -30.0000   45.000010716.8145   18.9470
    0.0000  -30.0000   45.000011199.3828   18.9508
    7.5000  -30.0000   45.000010663.2217   18.9438
   -7.5000  -22.5000   45.000011565.1338   18.9550
    0.0000  -22.5000   45.000012020.9941   18.9576
    7.5000  -22.5000   45.000011487.9141   18.9550
   -7.5000  -15.0000   45.000012229.3838   18.9776
    0.0000  -15.0000   45.000012665.6562   18.9745
    7.5000  -15.0000   45.000012118.8369   18.9759
   -7.5000   -7.5000   45.000012832.8760   18.9891
    0.0000   -7.5000   45.000013271.2119   18.9808
    7.5000   -7.5000   45.000012704.3643   18.9831
   -7.5000    0.0000   45.000013218.2764   18.9797
    0.0000    0.0000   45.000013667.2207   18.9716
    7.5000    0.0000   45.000013087.4541   18.9709
   -7.5000    7.5000   45.000012526.9004   18.9597
    0.0000    7.5000   45.000012980.5732   18.9581
    7.5000    7.5000   45.000012390.1016   18.9522
   -7.5000   15.0000   45.000011665.1562   18.9465
    0.0000   15.0000   45.000012110.0742   18.9504
    7.5000   15.0000   45.000011508.5264   18.9434
   -7.5000   22.5000   45.000010771.5244   18.9462
    0.0000   22.5000   45.000011190.6758   18.9488
    7.5000   22.5000   45.000010615.1455   18.9462
   -7.5000   30.0000   45.0000 9893.8369   18.7459
    0.0000   30.0000   45.000010301.2012   18.7428
    7.5000   30.0000   45.0000 9752.1230   18.7440
   -7.5000   37.5000   45.0000 9298.3740   18.8303
    0.0000   37.5000   45.0000 9689.7715   18.8221
    7.5000   37.5000   45.0000 9150.5791   18.8234
   -7.5000   45.0000   45.0000 8303.3682   18.5940
    0.0000   45.0000   45.0000 8662.4512   18.5859
    7.5000   45.0000   45.0000 8185.0942   18.5842

---------------------------------------------------------------------
imgreg_4dfp /usr/local/freesurfer/average/711-2C_as_mni_average_305 /usr/local/freesurfer/average/711-2B_as_mni_average_305_mask talsrcimg_g11 none talsrcimg_to_711-2C_as_mni_average_305_t4 4355
---------------------------------------------------------------------

freesurfer imgreg_4dfp.c
/usr/local/freesurfer/average/711-2C_as_mni_average_305.4dfp.img
       256       256       256         1
  1.000000  1.000000  1.000000
orientation T byte_order littleendian
Reading image: /usr/local/freesurfer/average/711-2C_as_mni_average_305.4dfp.img
dimensions:      256       256       256
mmppix:       1.0000   -1.0000   -1.0000
center:     128.0000 -129.0000 -129.0000
/usr/local/freesurfer/average/711-2B_as_mni_average_305_mask.4dfp.img
       256       256       256         1
  1.000000  1.000000  1.000000
orientation T byte_order littleendian
Reading mask: /usr/local/freesurfer/average/711-2B_as_mni_average_305_mask.4dfp.img (2306576 pixels)
talsrcimg_g11.4dfp.img
       256       256       256         1
  1.000000  1.000000  1.000000
orientation T byte_order littleendian
Reading image: talsrcimg_g11.4dfp.img
dimensions:      256       256       256
mmppix:       1.0000   -1.0000   -1.0000
center:     128.0000 -129.0000 -129.0000
rotation matrix determinant  1.000000
image alignment mode   4355 decimal     1103 hex
   -7.5000  -45.0000  -45.0000 2434.6687   18.3656
    0.0000  -45.0000  -45.0000 2442.3193   18.3621
    7.5000  -45.0000  -45.0000 2431.3723   18.4107
   -7.5000  -37.5000  -45.0000 2465.3562   17.5794
    0.0000  -37.5000  -45.0000 2478.5674   17.5906
    7.5000  -37.5000  -45.0000 2458.9783   17.6404
   -7.5000  -30.0000  -45.0000 2480.3757   17.1335
    0.0000  -30.0000  -45.0000 2498.7456   17.1162
    7.5000  -30.0000  -45.0000 2473.4834   17.1867
   -7.5000  -22.5000  -45.0000 2490.3718   16.9344
    0.0000  -22.5000  -45.0000 2505.3186   16.8988
    7.5000  -22.5000  -45.0000 2481.5618   16.9413
   -7.5000  -15.0000  -45.0000 2501.6912   17.0113
    0.0000  -15.0000  -45.0000 2509.9758   16.9429
    7.5000  -15.0000  -45.0000 2489.4832   16.9663
   -7.5000   -7.5000  -45.0000 2497.2451   17.2935
    0.0000   -7.5000  -45.0000 2513.3096   17.2661
    7.5000   -7.5000  -45.0000 2487.5134   17.2702
   -7.5000    0.0000  -45.0000 2467.7971   17.8786
    0.0000    0.0000  -45.0000 2482.1714   17.8317
    7.5000    0.0000  -45.0000 2461.8796   17.8132
   -7.5000    7.5000  -45.0000 2427.5559   18.6851
    0.0000    7.5000  -45.0000 2444.8882   18.6522
    7.5000    7.5000  -45.0000 2426.3472   18.6433
   -7.5000   15.0000  -45.0000 2367.3870   19.7328
    0.0000   15.0000  -45.0000 2384.4238   19.7551
    7.5000   15.0000  -45.0000 2365.7336   19.7395
   -7.5000   22.5000  -45.0000 2291.4885   21.1730
    0.0000   22.5000  -45.0000 2304.5752   21.1554
    7.5000   22.5000  -45.0000 2286.0320   21.1754
   -7.5000   30.0000  -45.0000 2195.9849   23.1203
    0.0000   30.0000  -45.0000 2201.8069   23.0775
    7.5000   30.0000  -45.0000 2184.4131   23.1394
   -7.5000   37.5000  -45.0000 2090.7373   25.7800
    0.0000   37.5000  -45.0000 2099.2610   25.6561
    7.5000   37.5000  -45.0000 2085.4211   25.7170
   -7.5000   45.0000  -45.0000 1964.5847   29.0203
    0.0000   45.0000  -45.0000 1972.4722   28.8465
    7.5000   45.0000  -45.0000 1960.7622   28.9477
   -7.5000  -45.0000  -37.5000 2525.7209   17.2874
    0.0000  -45.0000  -37.5000 2540.2129   17.2659
    7.5000  -45.0000  -37.5000 2517.9062   17.3266
   -7.5000  -37.5000  -37.5000 2556.5479   16.4986
    0.0000  -37.5000  -37.5000 2574.0249   16.4739
    7.5000  -37.5000  -37.5000 2545.9646   16.5231
   -7.5000  -30.0000  -37.5000 2572.8262   16.0481
    0.0000  -30.0000  -37.5000 2588.8169   15.9601
    7.5000  -30.0000  -37.5000 2563.6091   16.0554
   -7.5000  -22.5000  -37.5000 2584.4573   15.8422
    0.0000  -22.5000  -37.5000 2598.9065   15.7458
    7.5000  -22.5000  -37.5000 2578.3599   15.8282
   -7.5000  -15.0000  -37.5000 2594.1248   15.8420
    0.0000  -15.0000  -37.5000 2604.9075   15.7497
    7.5000  -15.0000  -37.5000 2587.3059   15.8231
   -7.5000   -7.5000  -37.5000 2588.9375   16.1309
    0.0000   -7.5000  -37.5000 2603.6982   16.0782
    7.5000   -7.5000  -37.5000 2581.2695   16.1177
   -7.5000    0.0000  -37.5000 2557.2385   16.6517
    0.0000    0.0000  -37.5000 2574.2349   16.6064
    7.5000    0.0000  -37.5000 2553.8560   16.6252
   -7.5000    7.5000  -37.5000 2515.3313   17.3334
    0.0000    7.5000  -37.5000 2540.0488   17.3290
    7.5000    7.5000  -37.5000 2514.4729   17.3456
   -7.5000   15.0000  -37.5000 2454.9551   18.2844
    0.0000   15.0000  -37.5000 2476.2532   18.3003
    7.5000   15.0000  -37.5000 2453.0579   18.3354
   -7.5000   22.5000  -37.5000 2374.1077   19.6279
    0.0000   22.5000  -37.5000 2394.7070   19.6285
    7.5000   22.5000  -37.5000 2374.8503   19.6529
   -7.5000   30.0000  -37.5000 2274.4907   21.4437
    0.0000   30.0000  -37.5000 2286.1917   21.4231
    7.5000   30.0000  -37.5000 2269.3401   21.4818
   -7.5000   37.5000  -37.5000 2159.9382   23.9025
    0.0000   37.5000  -37.5000 2173.1409   23.8350
    7.5000   37.5000  -37.5000 2158.8413   23.8944
   -7.5000   45.0000  -37.5000 2038.6921   26.9258
    0.0000   45.0000  -37.5000 2050.9988   26.8465
    7.5000   45.0000  -37.5000 2038.1725   26.9331
   -7.5000  -45.0000  -30.0000 2645.6851   16.8439
    0.0000  -45.0000  -30.0000 2661.5090   16.7829
    7.5000  -45.0000  -30.0000 2637.3142   16.8846
   -7.5000  -37.5000  -30.0000 2680.9536   16.0830
    0.0000  -37.5000  -30.0000 2700.0608   16.0110
    7.5000  -37.5000  -30.0000 2676.1721   16.1101
   -7.5000  -30.0000  -30.0000 2701.1472   15.5951
    0.0000  -30.0000  -30.0000 2717.5159   15.4714
    7.5000  -30.0000  -30.0000 2694.0918   15.5926
   -7.5000  -22.5000  -30.0000 2717.5527   15.3625
    0.0000  -22.5000  -30.0000 2730.2542   15.2106
    7.5000  -22.5000  -30.0000 2710.0251   15.3377
   -7.5000  -15.0000  -30.0000 2721.9644   15.3362
    0.0000  -15.0000  -30.0000 2733.6777   15.2155
    7.5000  -15.0000  -30.0000 2712.2151   15.3264
   -7.5000   -7.5000  -30.0000 2716.2656   15.5939
    0.0000   -7.5000  -30.0000 2734.6313   15.5203
    7.5000   -7.5000  -30.0000 2708.5857   15.6097
   -7.5000    0.0000  -30.0000 2691.8242   16.0695
    0.0000    0.0000  -30.0000 2707.8091   15.9827
    7.5000    0.0000  -30.0000 2688.5161   16.0766
   -7.5000    7.5000  -30.0000 2644.4995   16.7191
    0.0000    7.5000  -30.0000 2670.4268   16.6547
    7.5000    7.5000  -30.0000 2645.7278   16.7524
   -7.5000   15.0000  -30.0000 2578.6001   17.6250
    0.0000   15.0000  -30.0000 2604.8218   17.5793
    7.5000   15.0000  -30.0000 2579.8179   17.6636
   -7.5000   22.5000  -30.0000 2497.7131   18.8580
    0.0000   22.5000  -30.0000 2518.5891   18.8430
    7.5000   22.5000  -30.0000 2496.8582   18.9287
   -7.5000   30.0000  -30.0000 2390.7800   20.6238
    0.0000   30.0000  -30.0000 2410.7512   20.5923
    7.5000   30.0000  -30.0000 2389.4780   20.6613
   -7.5000   37.5000  -30.0000 2268.5996   22.9481
    0.0000   37.5000  -30.0000 2286.5305   22.9250
    7.5000   37.5000  -30.0000 2267.3223   22.9807
   -7.5000   45.0000  -30.0000 2142.1809   25.9046
    0.0000   45.0000  -30.0000 2159.8867   25.8496
    7.5000   45.0000  -30.0000 2138.3738   25.9037
   -7.5000  -45.0000  -22.5000 2728.7654   16.3699
    0.0000  -45.0000  -22.5000 2742.1953   16.2555
    7.5000  -45.0000  -22.5000 2723.1335   16.3971
   -7.5000  -37.5000  -22.5000 2771.7087   15.5381
    0.0000  -37.5000  -22.5000 2788.2761   15.4332
    7.5000  -37.5000  -22.5000 2769.9695   15.5531
   -7.5000  -30.0000  -22.5000 2792.0146   15.0399
    0.0000  -30.0000  -22.5000 2809.8677   14.8987
    7.5000  -30.0000  -22.5000 2793.9912   15.0163
   -7.5000  -22.5000  -22.5000 2807.9246   14.7249
    0.0000  -22.5000  -22.5000 2825.1768   14.5593
    7.5000  -22.5000  -22.5000 2801.2549   14.6815
   -7.5000  -15.0000  -22.5000 2811.8359   14.6703
    0.0000  -15.0000  -22.5000 2826.4011   14.5448
    7.5000  -15.0000  -22.5000 2803.2981   14.6806
   -7.5000   -7.5000  -22.5000 2809.1311   14.9462
    0.0000   -7.5000  -22.5000 2826.9966   14.8136
    7.5000   -7.5000  -22.5000 2806.8652   14.9703
   -7.5000    0.0000  -22.5000 2791.8315   15.4489
    0.0000    0.0000  -22.5000 2805.8047   15.2969
    7.5000    0.0000  -22.5000 2789.0298   15.4712
   -7.5000    7.5000  -22.5000 2747.4060   16.1107
    0.0000    7.5000  -22.5000 2763.9504   15.9435
    7.5000    7.5000  -22.5000 2747.7424   16.1453
   -7.5000   15.0000  -22.5000 2677.3804   16.9641
    0.0000   15.0000  -22.5000 2697.1475   16.8355
    7.5000   15.0000  -22.5000 2677.8027   16.9962
   -7.5000   22.5000  -22.5000 2585.2651   18.1518
    0.0000   22.5000  -22.5000 2605.0312   18.0716
    7.5000   22.5000  -22.5000 2585.0552   18.2021
   -7.5000   30.0000  -22.5000 2476.4407   19.8364
    0.0000   30.0000  -22.5000 2495.0479   19.7505
    7.5000   30.0000  -22.5000 2477.2244   19.8472
   -7.5000   37.5000  -22.5000 2354.1023   22.0343
    0.0000   37.5000  -22.5000 2369.1973   21.9547
    7.5000   37.5000  -22.5000 2354.0374   22.0364
   -7.5000   45.0000  -22.5000 2220.2231   24.8453
    0.0000   45.0000  -22.5000 2235.9641   24.7065
    7.5000   45.0000  -22.5000 2210.9861   24.8318
   -7.5000  -45.0000  -15.0000 2766.8789   15.9664
    0.0000  -45.0000  -15.0000 2781.4348   15.8504
    7.5000  -45.0000  -15.0000 2760.8752   15.9565
   -7.5000  -37.5000  -15.0000 2812.9109   15.0925
    0.0000  -37.5000  -15.0000 2828.7900   14.9534
    7.5000  -37.5000  -15.0000 2813.6475   15.0841
   -7.5000  -30.0000  -15.0000 2846.7124   14.5239
    0.0000  -30.0000  -15.0000 2861.8142   14.3828
    7.5000  -30.0000  -15.0000 2844.3625   14.5080
   -7.5000  -22.5000  -15.0000 2861.0315   14.1597
    0.0000  -22.5000  -15.0000 2879.1826   13.9882
    7.5000  -22.5000  -15.0000 2857.3708   14.1244
   -7.5000  -15.0000  -15.0000 2872.0898   14.0515
    0.0000  -15.0000  -15.0000 2884.8911   13.8480
    7.5000  -15.0000  -15.0000 2861.1904   14.0460
   -7.5000   -7.5000  -15.0000 2875.2593   14.3489
    0.0000   -7.5000  -15.0000 2883.6699   14.1472
    7.5000   -7.5000  -15.0000 2870.8220   14.3372
   -7.5000    0.0000  -15.0000 2852.1589   14.8763
    0.0000    0.0000  -15.0000 2869.5964   14.6735
    7.5000    0.0000  -15.0000 2853.6357   14.8653
   -7.5000    7.5000  -15.0000 2807.6577   15.5708
    0.0000    7.5000  -15.0000 2823.9575   15.3660
    7.5000    7.5000  -15.0000 2812.3938   15.5756
   -7.5000   15.0000  -15.0000 2742.4958   16.3937
    0.0000   15.0000  -15.0000 2756.6250   16.2180
    7.5000   15.0000  -15.0000 2743.6829   16.4216
   -7.5000   22.5000  -15.0000 2653.4084   17.5822
    0.0000   22.5000  -15.0000 2668.4705   17.4111
    7.5000   22.5000  -15.0000 2651.1379   17.6289
   -7.5000   30.0000  -15.0000 2549.2236   19.1936
    0.0000   30.0000  -15.0000 2562.1919   19.0197
    7.5000   30.0000  -15.0000 2544.7134   19.1952
   -7.5000   37.5000  -15.0000 2419.7134   21.2600
    0.0000   37.5000  -15.0000 2430.3433   21.1235
    7.5000   37.5000  -15.0000 2416.4375   21.2611
   -7.5000   45.0000  -15.0000 2275.4536   23.9016
    0.0000   45.0000  -15.0000 2288.8218   23.7639
    7.5000   45.0000  -15.0000 2267.3020   23.9417
   -7.5000  -45.0000   -7.5000 2778.3506   15.5990
    0.0000  -45.0000   -7.5000 2789.5554   15.4568
    7.5000  -45.0000   -7.5000 2778.3403   15.5935
   -7.5000  -37.5000   -7.5000 2834.9858   14.7062
    0.0000  -37.5000   -7.5000 2847.5222   14.5720
    7.5000  -37.5000   -7.5000 2836.6719   14.7220
   -7.5000  -30.0000   -7.5000 2870.9363   14.1155
    0.0000  -30.0000   -7.5000 2885.1062   13.9685
    7.5000  -30.0000   -7.5000 2876.6187   14.1137
   -7.5000  -22.5000   -7.5000 2898.2761   13.7867
    0.0000  -22.5000   -7.5000 2917.0706   13.6142
    7.5000  -22.5000   -7.5000 2902.4211   13.7538
   -7.5000  -15.0000   -7.5000 2906.8760   13.6204
    0.0000  -15.0000   -7.5000 2913.2837   13.3723
    7.5000  -15.0000   -7.5000 2899.5581   13.6035
   -7.5000   -7.5000   -7.5000 2916.4404   13.8760
    0.0000   -7.5000   -7.5000 2916.8613   13.6145
    7.5000   -7.5000   -7.5000 2907.1340   13.8471
   -7.5000    0.0000   -7.5000 2900.4417   14.4547
    0.0000    0.0000   -7.5000 2906.6863   14.2202
    7.5000    0.0000   -7.5000 2894.7979   14.4240
   -7.5000    7.5000   -7.5000 2859.2983   15.1407
    0.0000    7.5000   -7.5000 2869.7129   14.9199
    7.5000    7.5000   -7.5000 2861.2561   15.1252
   -7.5000   15.0000   -7.5000 2791.5330   15.9604
    0.0000   15.0000   -7.5000 2802.7007   15.7582
    7.5000   15.0000   -7.5000 2795.6399   15.9907
   -7.5000   22.5000   -7.5000 2699.5159   17.1436
    0.0000   22.5000   -7.5000 2712.7712   16.9587
    7.5000   22.5000   -7.5000 2701.2839   17.1730
   -7.5000   30.0000   -7.5000 2594.4275   18.7113
    0.0000   30.0000   -7.5000 2610.3716   18.5311
    7.5000   30.0000   -7.5000 2590.7815   18.7096
   -7.5000   37.5000   -7.5000 2463.8228   20.6958
    0.0000   37.5000   -7.5000 2475.9473   20.5344
    7.5000   37.5000   -7.5000 2458.7288   20.6964
   -7.5000   45.0000   -7.5000 2309.9238   23.2045
    0.0000   45.0000   -7.5000 2321.5139   23.0619
    7.5000   45.0000   -7.5000 2305.3613   23.1894
   -7.5000  -45.0000    0.0000 2767.5618   15.4341
    0.0000  -45.0000    0.0000 2783.7012   15.3404
    7.5000  -45.0000    0.0000 2770.2283   15.4693
   -7.5000  -37.5000    0.0000 2837.9204   14.5242
    0.0000  -37.5000    0.0000 2852.8113   14.4187
    7.5000  -37.5000    0.0000 2840.7734   14.5537
   -7.5000  -30.0000    0.0000 2884.2710   13.9555
    0.0000  -30.0000    0.0000 2899.3411   13.8394
    7.5000  -30.0000    0.0000 2887.7280   13.9477
   -7.5000  -22.5000    0.0000 2922.3774   13.7113
    0.0000  -22.5000    0.0000 2938.6162   13.6091
    7.5000  -22.5000    0.0000 2925.5068   13.6629
   -7.5000  -15.0000    0.0000 2943.1318   13.6255
    0.0000  -15.0000    0.0000 2949.6880   13.4675
    7.5000  -15.0000    0.0000 2935.6846   13.5965
   -7.5000   -7.5000    0.0000 2950.8665   13.7686
    0.0000   -7.5000    0.0000 2952.5022   13.6101
    7.5000   -7.5000    0.0000 2930.8403   13.7466
   -7.5000    0.0000    0.0000 2927.9016   14.2233
    0.0000    0.0000    0.0000 2941.0088   14.0659
    7.5000    0.0000    0.0000 2911.4246   14.1576
   -7.5000    7.5000    0.0000 2885.5432   14.8097
    0.0000    7.5000    0.0000 2900.2549   14.7027
    7.5000    7.5000    0.0000 2879.0500   14.7683
   -7.5000   15.0000    0.0000 2814.2751   15.6473
    0.0000   15.0000    0.0000 2831.0894   15.5353
    7.5000   15.0000    0.0000 2812.2939   15.6328
   -7.5000   22.5000    0.0000 2727.7585   16.8457
    0.0000   22.5000    0.0000 2742.8613   16.7252
    7.5000   22.5000    0.0000 2723.3777   16.8408
   -7.5000   30.0000    0.0000 2615.5010   18.4192
    0.0000   30.0000    0.0000 2637.2520   18.3141
    7.5000   30.0000    0.0000 2612.9839   18.3855
   -7.5000   37.5000    0.0000 2488.4187   20.3991
    0.0000   37.5000    0.0000 2510.5266   20.3113
    7.5000   37.5000    0.0000 2486.4880   20.3661
   -7.5000   45.0000    0.0000 2336.8821   22.8101
    0.0000   45.0000    0.0000 2351.3606   22.7490
    7.5000   45.0000    0.0000 2330.9419   22.7619
   -7.5000  -45.0000    7.5000 2739.9446   15.5451
    0.0000  -45.0000    7.5000 2751.1753   15.4590
    7.5000  -45.0000    7.5000 2748.7937   15.6131
   -7.5000  -37.5000    7.5000 2814.7585   14.6327
    0.0000  -37.5000    7.5000 2831.0269   14.5691
    7.5000  -37.5000    7.5000 2823.3591   14.6903
   -7.5000  -30.0000    7.5000 2878.6169   14.0931
    0.0000  -30.0000    7.5000 2899.9788   14.0772
    7.5000  -30.0000    7.5000 2883.5239   14.1436
   -7.5000  -22.5000    7.5000 2939.9958   13.9056
    0.0000  -22.5000    7.5000 2974.2249   13.9617
    7.5000  -22.5000    7.5000 2937.4324   13.8942
   -7.5000  -15.0000    7.5000 2970.9224   13.8585
    0.0000  -15.0000    7.5000 3016.8545   14.0020
    7.5000  -15.0000    7.5000 2954.4968   13.8062
   -7.5000   -7.5000    7.5000 2975.4600   13.9603
    0.0000   -7.5000    7.5000 3008.7778   13.9909
    7.5000   -7.5000    7.5000 2946.3193   13.8961
   -7.5000    0.0000    7.5000 2945.5410   14.1963
    0.0000    0.0000    7.5000 2969.3982   14.1439
    7.5000    0.0000    7.5000 2918.8740   14.1472
   -7.5000    7.5000    7.5000 2899.6736   14.6878
    0.0000    7.5000    7.5000 2915.5352   14.6004
    7.5000    7.5000    7.5000 2879.3369   14.6962
   -7.5000   15.0000    7.5000 2826.8652   15.5247
    0.0000   15.0000    7.5000 2836.5303   15.3839
    7.5000   15.0000    7.5000 2816.8701   15.5256
   -7.5000   22.5000    7.5000 2738.3066   16.7319
    0.0000   22.5000    7.5000 2751.7373   16.6010
    7.5000   22.5000    7.5000 2733.3879   16.7266
   -7.5000   30.0000    7.5000 2634.6201   18.3181
    0.0000   30.0000    7.5000 2650.7837   18.1918
    7.5000   30.0000    7.5000 2626.6128   18.3019
   -7.5000   37.5000    7.5000 2505.5901   20.3027
    0.0000   37.5000    7.5000 2521.0693   20.1820
    7.5000   37.5000    7.5000 2499.5322   20.2751
   -7.5000   45.0000    7.5000 2349.1704   22.6701
    0.0000   45.0000    7.5000 2370.1482   22.6440
    7.5000   45.0000    7.5000 2345.1143   22.6660
   -7.5000  -45.0000   15.0000 2707.2314   16.0103
    0.0000  -45.0000   15.0000 2713.1438   16.0159
    7.5000  -45.0000   15.0000 2710.6421   16.1727
   -7.5000  -37.5000   15.0000 2796.7402   15.0908
    0.0000  -37.5000   15.0000 2812.4854   15.1352
    7.5000  -37.5000   15.0000 2796.1255   15.2192
   -7.5000  -30.0000   15.0000 2876.1523   14.5164
    0.0000  -30.0000   15.0000 2897.5779   14.5701
    7.5000  -30.0000   15.0000 2871.7981   14.6236
   -7.5000  -22.5000   15.0000 2940.7476   14.2425
    0.0000  -22.5000   15.0000 2970.7588   14.3040
    7.5000  -22.5000   15.0000 2930.0920   14.2339
   -7.5000  -15.0000   15.0000 2972.3091   14.0754
    0.0000  -15.0000   15.0000 3013.2048   14.1343
    7.5000  -15.0000   15.0000 2947.3997   14.0408
   -7.5000   -7.5000   15.0000 2975.5386   14.0631
    0.0000   -7.5000   15.0000 3002.8965   13.9971
    7.5000   -7.5000   15.0000 2944.5928   14.0386
   -7.5000    0.0000   15.0000 2942.9358   14.3130
    0.0000    0.0000   15.0000 2962.6130   14.2321
    7.5000    0.0000   15.0000 2916.6587   14.3689
   -7.5000    7.5000   15.0000 2897.7363   14.8840
    0.0000    7.5000   15.0000 2917.4106   14.8309
    7.5000    7.5000   15.0000 2876.9287   14.9520
   -7.5000   15.0000   15.0000 2817.9143   15.7740
    0.0000   15.0000   15.0000 2827.5667   15.7137
    7.5000   15.0000   15.0000 2804.7837   15.8146
   -7.5000   22.5000   15.0000 2733.0151   16.9381
    0.0000   22.5000   15.0000 2740.1462   16.8623
    7.5000   22.5000   15.0000 2723.7236   16.9399
   -7.5000   30.0000   15.0000 2630.3389   18.4550
    0.0000   30.0000   15.0000 2641.9216   18.3356
    7.5000   30.0000   15.0000 2619.7466   18.4102
   -7.5000   37.5000   15.0000 2500.9463   20.3576
    0.0000   37.5000   15.0000 2511.4961   20.2555
    7.5000   37.5000   15.0000 2493.6443   20.3136
   -7.5000   45.0000   15.0000 2352.5635   22.7203
    0.0000   45.0000   15.0000 2367.3206   22.6544
    7.5000   45.0000   15.0000 2346.1509   22.6882
   -7.5000  -45.0000   22.5000 2676.2444   16.7086
    0.0000  -45.0000   22.5000 2681.2261   16.6910
    7.5000  -45.0000   22.5000 2674.8684   16.9128
   -7.5000  -37.5000   22.5000 2768.3005   15.7116
    0.0000  -37.5000   22.5000 2775.4338   15.6576
    7.5000  -37.5000   22.5000 2765.4646   15.8528
   -7.5000  -30.0000   22.5000 2846.3516   15.0288
    0.0000  -30.0000   22.5000 2857.6033   14.9387
    7.5000  -30.0000   22.5000 2838.4919   15.1138
   -7.5000  -22.5000   22.5000 2912.0527   14.6455
    0.0000  -22.5000   22.5000 2930.2661   14.6143
    7.5000  -22.5000   22.5000 2901.6218   14.6622
   -7.5000  -15.0000   22.5000 2940.6772   14.3470
    0.0000  -15.0000   22.5000 2970.9021   14.2875
    7.5000  -15.0000   22.5000 2922.4092   14.3990
   -7.5000   -7.5000   22.5000 2951.6155   14.2784
    0.0000   -7.5000   22.5000 2971.4509   14.1022
    7.5000   -7.5000   22.5000 2924.6643   14.3680
   -7.5000    0.0000   22.5000 2927.4397   14.6085
    0.0000    0.0000   22.5000 2947.2046   14.4688
    7.5000    0.0000   22.5000 2902.4724   14.6713
   -7.5000    7.5000   22.5000 2888.3625   15.2505
    0.0000    7.5000   22.5000 2907.5686   15.1353
    7.5000    7.5000   22.5000 2863.7705   15.2712
   -7.5000   15.0000   22.5000 2809.6838   16.1932
    0.0000   15.0000   22.5000 2822.4065   16.1205
    7.5000   15.0000   22.5000 2796.1660   16.2153
   -7.5000   22.5000   22.5000 2718.4526   17.3964
    0.0000   22.5000   22.5000 2727.0334   17.3594
    7.5000   22.5000   22.5000 2709.4634   17.4360
   -7.5000   30.0000   22.5000 2616.9978   18.8703
    0.0000   30.0000   22.5000 2626.7615   18.8133
    7.5000   30.0000   22.5000 2604.3333   18.8742
   -7.5000   37.5000   22.5000 2487.8650   20.6721
    0.0000   37.5000   22.5000 2496.5266   20.6223
    7.5000   37.5000   22.5000 2478.6318   20.6660
   -7.5000   45.0000   22.5000 2334.7402   22.9591
    0.0000   45.0000   22.5000 2351.1726   22.9027
    7.5000   45.0000   22.5000 2328.9392   22.9241
   -7.5000  -45.0000   30.0000 2631.0261   17.4528
    0.0000  -45.0000   30.0000 2633.8516   17.3430
    7.5000  -45.0000   30.0000 2631.5376   17.7237
   -7.5000  -37.5000   30.0000 2720.2207   16.3333
    0.0000  -37.5000   30.0000 2722.3459   16.2235
    7.5000  -37.5000   30.0000 2717.8018   16.5683
   -7.5000  -30.0000   30.0000 2793.5815   15.5733
    0.0000  -30.0000   30.0000 2800.2502   15.4773
    7.5000  -30.0000   30.0000 2791.4128   15.7461
   -7.5000  -22.5000   30.0000 2860.3894   15.1664
    0.0000  -22.5000   30.0000 2875.4094   15.0694
    7.5000  -22.5000   30.0000 2859.2441   15.2376
   -7.5000  -15.0000   30.0000 2885.7566   14.8261
    0.0000  -15.0000   30.0000 2904.7141   14.6358
    7.5000  -15.0000   30.0000 2878.5420   14.9437
   -7.5000   -7.5000   30.0000 2894.0947   14.8251
    0.0000   -7.5000   30.0000 2908.9519   14.6056
    7.5000   -7.5000   30.0000 2880.1316   14.9330
   -7.5000    0.0000   30.0000 2880.4297   15.1951
    0.0000    0.0000   30.0000 2898.3787   15.0385
    7.5000    0.0000   30.0000 2864.6560   15.2369
   -7.5000    7.5000   30.0000 2845.2407   15.8050
    0.0000    7.5000   30.0000 2863.2883   15.6650
    7.5000    7.5000   30.0000 2827.8440   15.8130
   -7.5000   15.0000   30.0000 2781.0259   16.6443
    0.0000   15.0000   30.0000 2792.0859   16.5429
    7.5000   15.0000   30.0000 2768.4438   16.6499
   -7.5000   22.5000   30.0000 2696.2183   17.9023
    0.0000   22.5000   30.0000 2707.3062   17.8342
    7.5000   22.5000   30.0000 2686.8540   17.9501
   -7.5000   30.0000   30.0000 2592.1150   19.4100
    0.0000   30.0000   30.0000 2605.2644   19.3578
    7.5000   30.0000   30.0000 2583.5706   19.4392
   -7.5000   37.5000   30.0000 2457.8247   21.2128
    0.0000   37.5000   30.0000 2465.6978   21.1636
    7.5000   37.5000   30.0000 2451.4692   21.1925
   -7.5000   45.0000   30.0000 2307.8586   23.4742
    0.0000   45.0000   30.0000 2322.6797   23.3830
    7.5000   45.0000   30.0000 2303.9473   23.4049
   -7.5000  -45.0000   37.5000 2577.9878   18.2905
    0.0000  -45.0000   37.5000 2583.0071   18.1576
    7.5000  -45.0000   37.5000 2574.3499   18.6597
   -7.5000  -37.5000   37.5000 2666.4253   17.1091
    0.0000  -37.5000   37.5000 2670.2056   16.9784
    7.5000  -37.5000   37.5000 2659.9382   17.4324
   -7.5000  -30.0000   37.5000 2738.6699   16.3368
    0.0000  -30.0000   37.5000 2743.6284   16.2073
    7.5000  -30.0000   37.5000 2737.3530   16.5615
   -7.5000  -22.5000   37.5000 2799.9885   15.8270
    0.0000  -22.5000   37.5000 2809.7573   15.6557
    7.5000  -22.5000   37.5000 2798.8401   15.9781
   -7.5000  -15.0000   37.5000 2821.0034   15.4557
    0.0000  -15.0000   37.5000 2828.6277   15.2212
    7.5000  -15.0000   37.5000 2816.1699   15.6241
   -7.5000   -7.5000   37.5000 2824.8982   15.5673
    0.0000   -7.5000   37.5000 2833.0483   15.3489
    7.5000   -7.5000   37.5000 2821.4929   15.6817
   -7.5000    0.0000   37.5000 2815.2034   15.9523
    0.0000    0.0000   37.5000 2828.2183   15.7523
    7.5000    0.0000   37.5000 2811.2656   15.9936
   -7.5000    7.5000   37.5000 2784.9961   16.5347
    0.0000    7.5000   37.5000 2800.3118   16.3637
    7.5000    7.5000   37.5000 2775.6775   16.5518
   -7.5000   15.0000   37.5000 2730.4006   17.3265
    0.0000   15.0000   37.5000 2742.6990   17.2216
    7.5000   15.0000   37.5000 2718.3799   17.3393
   -7.5000   22.5000   37.5000 2658.2451   18.4725
    0.0000   22.5000   37.5000 2668.8577   18.4215
    7.5000   22.5000   37.5000 2647.7725   18.5363
   -7.5000   30.0000   37.5000 2555.2903   19.9951
    0.0000   30.0000   37.5000 2568.5789   19.9397
    7.5000   30.0000   37.5000 2553.0779   20.0596
   -7.5000   37.5000   37.5000 2424.2454   21.9176
    0.0000   37.5000   37.5000 2430.7959   21.8700
    7.5000   37.5000   37.5000 2422.8203   21.9510
   -7.5000   45.0000   37.5000 2271.4385   24.2186
    0.0000   45.0000   37.5000 2287.0945   24.1464
    7.5000   45.0000   37.5000 2267.1123   24.2459
   -7.5000  -45.0000   45.0000 2516.1633   19.3794
    0.0000  -45.0000   45.0000 2526.0537   19.2314
    7.5000  -45.0000   45.0000 2513.7456   19.7670
   -7.5000  -37.5000   45.0000 2600.5549   18.1084
    0.0000  -37.5000   45.0000 2611.4497   17.9871
    7.5000  -37.5000   45.0000 2597.1636   18.4451
   -7.5000  -30.0000   45.0000 2668.3359   17.2384
    0.0000  -30.0000   45.0000 2681.5093   17.1059
    7.5000  -30.0000   45.0000 2668.4312   17.4857
   -7.5000  -22.5000   45.0000 2725.1521   16.6868
    0.0000  -22.5000   45.0000 2739.9255   16.4916
    7.5000  -22.5000   45.0000 2723.5813   16.8800
   -7.5000  -15.0000   45.0000 2748.3008   16.3143
    0.0000  -15.0000   45.0000 2753.6360   16.1273
    7.5000  -15.0000   45.0000 2742.3789   16.5069
   -7.5000   -7.5000   45.0000 2750.3123   16.4756
    0.0000   -7.5000   45.0000 2754.6814   16.2607
    7.5000   -7.5000   45.0000 2749.7297   16.6046
   -7.5000    0.0000   45.0000 2735.3308   16.8642
    0.0000    0.0000   45.0000 2741.1445   16.6527
    7.5000    0.0000   45.0000 2734.4238   16.9314
   -7.5000    7.5000   45.0000 2712.9199   17.4136
    0.0000    7.5000   45.0000 2725.4058   17.2028
    7.5000    7.5000   45.0000 2710.9138   17.4588
   -7.5000   15.0000   45.0000 2665.5139   18.1673
    0.0000   15.0000   45.0000 2677.7812   18.0432
    7.5000   15.0000   45.0000 2656.0857   18.2385
   -7.5000   22.5000   45.0000 2599.1177   19.2573
    0.0000   22.5000   45.0000 2609.9502   19.2110
    7.5000   22.5000   45.0000 2590.5730   19.3679
   -7.5000   30.0000   45.0000 2503.3022   20.8264
    0.0000   30.0000   45.0000 2516.9155   20.8014
    7.5000   30.0000   45.0000 2501.5593   20.9338
   -7.5000   37.5000   45.0000 2378.0847   22.8064
    0.0000   37.5000   45.0000 2390.5637   22.7755
    7.5000   37.5000   45.0000 2372.8074   22.8847
   -7.5000   45.0000   45.0000 2229.3530   25.2628
    0.0000   45.0000   45.0000 2243.4604   25.2282
    7.5000   45.0000   45.0000 2227.4036   25.3253

---------------------------------------------------------------------
imgreg_4dfp /usr/local/freesurfer/average/711-2C_as_mni_average_305 /usr/local/freesurfer/average/711-2B_as_mni_average_305_mask talsrcimg_g11 none talsrcimg_to_711-2C_as_mni_average_305_t4 1283
---------------------------------------------------------------------

freesurfer imgreg_4dfp.c
/usr/local/freesurfer/average/711-2C_as_mni_average_305.4dfp.img
       256       256       256         1
  1.000000  1.000000  1.000000
orientation T byte_order littleendian
Reading image: /usr/local/freesurfer/average/711-2C_as_mni_average_305.4dfp.img
dimensions:      256       256       256
mmppix:       1.0000   -1.0000   -1.0000
center:     128.0000 -129.0000 -129.0000
/usr/local/freesurfer/average/711-2B_as_mni_average_305_mask.4dfp.img
       256       256       256         1
  1.000000  1.000000  1.000000
orientation T byte_order littleendian
Reading mask: /usr/local/freesurfer/average/711-2B_as_mni_average_305_mask.4dfp.img (2306576 pixels)
talsrcimg_g11.4dfp.img
       256       256       256         1
  1.000000  1.000000  1.000000
orientation T byte_order littleendian
Reading image: talsrcimg_g11.4dfp.img
dimensions:      256       256       256
mmppix:       1.0000   -1.0000   -1.0000
center:     128.0000 -129.0000 -129.0000
rotation matrix determinant  1.000000
fimgreg.f
image alignment mode   1283 decimal      503 hex
parameters
    0.0000  -15.0000    7.5000    0.0000    0.0000    0.0000
eta,q 0.94600 14.08045
niter,ni,del,rscale     5    3   12.0000    1.2000
parameter  3 -0.561733 -> -0.500000 qaram    1.1500
parameter  4  2.021008 ->  0.500000 qaram    1.1500
parameters
   -0.7444  -12.2212   10.9500   -3.4500   -0.1916    0.0658
eta,q 0.95513 14.05202
  0.0653  0.0672  0.0681  0.0414  0.0518  0.0486
  0.0588  0.0631  0.0606  0.0440  0.0474  0.0466
  0.0546  0.0587  0.0546  0.0468  0.0453  0.0453
  0.0547  0.0539  0.0516  0.0495  0.0448  0.0449
  0.0586  0.0519  0.0499  0.0529  0.0457  0.0450
  0.0638  0.0524  0.0494  0.0582  0.0484  0.0463
  0.0707  0.0558  0.0502  0.0630  0.0526  0.0487
niter,ni,del,rscale     6    3   12.0000    1.2000
parameter  4  1.074098 ->  0.500000 qaram    1.3225
parameters
   -1.1471  -12.1635   10.5093   -7.4175    0.2167   -0.8356
eta,q 0.95999 14.10521
  0.0599  0.0575  0.0544  0.0398  0.0486  0.0433
  0.0522  0.0491  0.0480  0.0396  0.0438  0.0414
  0.0455  0.0445  0.0456  0.0412  0.0405  0.0404
  0.0449  0.0446  0.0446  0.0446  0.0398  0.0399
  0.0483  0.0468  0.0465  0.0478  0.0404  0.0407
  0.0557  0.0503  0.0508  0.0511  0.0424  0.0434
  0.0636  0.0552  0.0565  0.0568  0.0463  0.0465
niter,ni,del,rscale     6    3   12.0000    1.2000
parameter  4  0.758808 ->  0.500000 qaram    1.5209
parameters
   -1.2270  -11.4207   10.0581  -11.9801    0.4789   -1.6707
eta,q 0.96150 14.19351
  0.0585  0.0533  0.0516  0.0384  0.0436  0.0415
  0.0496  0.0474  0.0435  0.0384  0.0401  0.0396
  0.0418  0.0426  0.0409  0.0389  0.0390  0.0387
  0.0400  0.0400  0.0399  0.0398  0.0386  0.0384
  0.0431  0.0408  0.0424  0.0431  0.0376  0.0390
  0.0505  0.0442  0.0477  0.0475  0.0394  0.0412
  0.0590  0.0480  0.0533  0.0505  0.0431  0.0443
niter,ni,del,rscale     6    3   12.0000    1.2000
parameters
   -1.4224   -9.4085    9.0697  -16.4934    1.6001   -1.7165
eta,q 0.96661 14.17859
  0.0542  0.0526  0.0457  0.0376  0.0437  0.0379
  0.0465  0.0466  0.0391  0.0346  0.0394  0.0355
  0.0394  0.0416  0.0376  0.0345  0.0362  0.0342
  0.0385  0.0384  0.0377  0.0374  0.0340  0.0334
  0.0413  0.0377  0.0402  0.0403  0.0332  0.0333
  0.0471  0.0391  0.0448  0.0444  0.0349  0.0352
  0.0566  0.0414  0.0502  0.0496  0.0391  0.0386
niter,ni,del,rscale     5    3   12.0000    1.2000
parameters
   -1.7952   -8.3278    7.7661  -17.7142    1.6741   -1.2746
eta,q 0.96885 14.12579
  0.0512  0.0491  0.0423  0.0409  0.0399  0.0378
  0.0408  0.0415  0.0338  0.0356  0.0359  0.0346
  0.0340  0.0357  0.0322  0.0317  0.0331  0.0326
  0.0334  0.0331  0.0329  0.0321  0.0314  0.0314
  0.0373  0.0332  0.0374  0.0357  0.0316  0.0312
  0.0449  0.0357  0.0434  0.0406  0.0349  0.0330
  0.0550  0.0406  0.0486  0.0451  0.0403  0.0367
niter,ni,del,rscale     4    3   12.0000    1.2000
parameters
   -1.8187   -8.1325    7.7640  -17.9934    1.6407   -1.2380
eta,q 0.96887 14.12548
  0.0519  0.0459  0.0492  0.0425  0.0395  0.0372
  0.0410  0.0384  0.0363  0.0378  0.0356  0.0342
  0.0331  0.0330  0.0314  0.0326  0.0329  0.0323
  0.0311  0.0311  0.0312  0.0312  0.0311  0.0311
  0.0344  0.0331  0.0341  0.0340  0.0315  0.0314
  0.0416  0.0375  0.0398  0.0386  0.0352  0.0336
  0.0516  0.0437  0.0460  0.0437  0.0406  0.0377
niter,ni,del,rscale     3    3   12.0000    1.2000
parameters
   -1.8294   -8.0697    7.7490  -18.0843    1.6430   -1.2210
eta,q 0.96889 14.12488
  0.0519  0.0456  0.0491  0.0429  0.0396  0.0372
  0.0412  0.0382  0.0363  0.0383  0.0357  0.0342
  0.0332  0.0328  0.0312  0.0329  0.0329  0.0323
  0.0311  0.0311  0.0311  0.0311  0.0311  0.0311
  0.0345  0.0334  0.0341  0.0336  0.0315  0.0314
  0.0416  0.0381  0.0397  0.0382  0.0351  0.0337
  0.0515  0.0445  0.0461  0.0434  0.0405  0.0377
niter,ni,del,rscale     2    3   12.0000    1.2000
parameters
   -1.8366   -8.0482    7.7433  -18.1183    1.6461   -1.2142
eta,q 0.96890 14.12475
  0.0519  0.0455  0.0491  0.0430  0.0396  0.0372
  0.0412  0.0381  0.0363  0.0384  0.0357  0.0342
  0.0332  0.0328  0.0312  0.0330  0.0329  0.0323
  0.0311  0.0311  0.0311  0.0311  0.0311  0.0311
  0.0345  0.0335  0.0341  0.0335  0.0315  0.0314
  0.0416  0.0383  0.0396  0.0380  0.0351  0.0337
  0.0514  0.0448  0.0460  0.0433  0.0405  0.0378
registration optimization eta report
parameter search radius
    6.0000    6.0000    6.9000    9.1253    6.0000    6.0000
100000*second partial in parameter space
       56.       38.       35.       14.       25.       18.
  0.0519  0.0455  0.0491  0.0430  0.0396  0.0372
  0.0412  0.0381  0.0363  0.0384  0.0357  0.0342
  0.0332  0.0328  0.0312  0.0330  0.0329  0.0323
  0.0311  0.0311  0.0311  0.0311  0.0311  0.0311
  0.0345  0.0335  0.0341  0.0335  0.0315  0.0314
  0.0416  0.0383  0.0396  0.0380  0.0351  0.0337
  0.0514  0.0448  0.0460  0.0433  0.0405  0.0378
   -1.8366   -8.0482    7.7433  -18.1183    1.6461   -1.2142
eta,q 0.96890 14.12475

---------------------------------------------------------------------
imgreg_4dfp /usr/local/freesurfer/average/711-2C_as_mni_average_305 /usr/local/freesurfer/average/711-2B_as_mni_average_305_mask talsrcimg_g11 none talsrcimg_to_711-2C_as_mni_average_305_t4 3335
---------------------------------------------------------------------

freesurfer imgreg_4dfp.c
/usr/local/freesurfer/average/711-2C_as_mni_average_305.4dfp.img
       256       256       256         1
  1.000000  1.000000  1.000000
orientation T byte_order littleendian
Reading image: /usr/local/freesurfer/average/711-2C_as_mni_average_305.4dfp.img
dimensions:      256       256       256
mmppix:       1.0000   -1.0000   -1.0000
center:     128.0000 -129.0000 -129.0000
/usr/local/freesurfer/average/711-2B_as_mni_average_305_mask.4dfp.img
       256       256       256         1
  1.000000  1.000000  1.000000
orientation T byte_order littleendian
Reading mask: /usr/local/freesurfer/average/711-2B_as_mni_average_305_mask.4dfp.img (2306576 pixels)
talsrcimg_g11.4dfp.img
       256       256       256         1
  1.000000  1.000000  1.000000
orientation T byte_order littleendian
Reading image: talsrcimg_g11.4dfp.img
dimensions:      256       256       256
mmppix:       1.0000   -1.0000   -1.0000
center:     128.0000 -129.0000 -129.0000
fimgreg.f
image alignment mode   3335 decimal      D07 hex
parameters
   -1.8366   -8.0482    7.7433   -0.0637   -4.9986   -4.9976
    2.9071   -2.0706   -2.1182   31.1488    2.8726  -31.0851
eta,q 0.96974 14.23161
niter,ni,del,rscale     5    3    5.0000    1.2000
parameter  4  1.116937 ->  0.500000 qaram    1.1500
parameter  5  1.031040 ->  0.500000 qaram    1.1500
parameters
   -1.9342   -7.8024    7.9223   -4.2037   -9.1386   -5.3814
    3.6279   -1.3213   -0.5680   28.1214    4.1789  -31.2807
eta,q 0.97885 14.09175
  0.0341  0.0336  0.0326  0.0247  0.0218  0.0257  0.0266  0.0299  0.0253  0.0224  0.0228  0.0224
  0.0318  0.0318  0.0313  0.0252  0.0218  0.0243  0.0243  0.0259  0.0237  0.0215  0.0220  0.0216
  0.0305  0.0307  0.0306  0.0269  0.0229  0.0230  0.0227  0.0232  0.0225  0.0212  0.0215  0.0213
  0.0303  0.0302  0.0302  0.0302  0.0255  0.0219  0.0220  0.0220  0.0219  0.0218  0.0212  0.0212
  0.0309  0.0304  0.0303  0.0346  0.0293  0.0220  0.0222  0.0222  0.0218  0.0233  0.0212  0.0213
  0.0323  0.0311  0.0309  0.0399  0.0334  0.0240  0.0232  0.0239  0.0223  0.0257  0.0214  0.0218
  0.0346  0.0324  0.0320  0.0452  0.0373  0.0278  0.0251  0.0273  0.0233  0.0290  0.0220  0.0225
niter,ni,del,rscale     6    3    5.0000    1.2000
parameters
   -2.1018   -6.8645    7.3221   -7.5896  -11.5571   -4.5081
    3.7965   -1.6612    0.1542   28.4324    3.8774  -33.6757
eta,q 0.98049 13.95050
  0.0247  0.0264  0.0213  0.0213  0.0229  0.0238  0.0231  0.0241  0.0226  0.0236  0.0206  0.0201
  0.0226  0.0242  0.0207  0.0205  0.0212  0.0223  0.0213  0.0218  0.0212  0.0217  0.0201  0.0196
  0.0214  0.0224  0.0204  0.0201  0.0201  0.0210  0.0202  0.0203  0.0202  0.0203  0.0198  0.0195
  0.0212  0.0211  0.0205  0.0204  0.0201  0.0200  0.0197  0.0197  0.0197  0.0197  0.0197  0.0197
  0.0218  0.0205  0.0210  0.0225  0.0222  0.0194  0.0200  0.0202  0.0198  0.0200  0.0197  0.0201
  0.0234  0.0208  0.0218  0.0266  0.0261  0.0203  0.0211  0.0221  0.0205  0.0211  0.0201  0.0209
  0.0258  0.0219  0.0229  0.0320  0.0307  0.0231  0.0228  0.0254  0.0217  0.0231  0.0209  0.0219
niter,ni,del,rscale     5    3    5.0000    1.2000
parameters
   -2.0676   -6.6417    6.9662   -8.0514  -12.2525   -4.7686
    3.6466   -1.6860    0.1853   28.9712    3.3733  -34.6371
eta,q 0.98034 13.91804
  0.0232  0.0232  0.0207  0.0226  0.0243  0.0232  0.0227  0.0242  0.0221  0.0235  0.0205  0.0208
  0.0211  0.0214  0.0198  0.0212  0.0222  0.0218  0.0211  0.0219  0.0209  0.0218  0.0201  0.0200
  0.0199  0.0201  0.0194  0.0201  0.0205  0.0206  0.0201  0.0204  0.0200  0.0204  0.0198  0.0197
  0.0195  0.0195  0.0195  0.0194  0.0195  0.0196  0.0197  0.0197  0.0197  0.0197  0.0197  0.0197
  0.0199  0.0196  0.0199  0.0193  0.0200  0.0194  0.0201  0.0200  0.0200  0.0199  0.0198  0.0200
  0.0210  0.0205  0.0205  0.0209  0.0228  0.0213  0.0212  0.0216  0.0208  0.0209  0.0202  0.0206
  0.0229  0.0221  0.0215  0.0245  0.0273  0.0249  0.0230  0.0246  0.0221  0.0227  0.0209  0.0214
niter,ni,del,rscale     4    3    5.0000    1.2000
parameters
   -2.0498   -6.5811    6.8520   -7.9236  -12.4424   -4.9232
    3.6369   -1.6551    0.1680   29.1683    3.1554  -34.9036
eta,q 0.98028 13.92097
  0.0231  0.0228  0.0212  0.0230  0.0248  0.0233  0.0229  0.0242  0.0221  0.0232  0.0206  0.0211
  0.0212  0.0212  0.0202  0.0215  0.0226  0.0219  0.0212  0.0219  0.0208  0.0215  0.0202  0.0202
  0.0200  0.0201  0.0197  0.0204  0.0208  0.0207  0.0201  0.0204  0.0200  0.0202  0.0199  0.0198
  0.0197  0.0197  0.0197  0.0196  0.0196  0.0197  0.0197  0.0197  0.0197  0.0197  0.0197  0.0197
  0.0201  0.0199  0.0199  0.0194  0.0197  0.0193  0.0200  0.0200  0.0200  0.0200  0.0198  0.0200
  0.0212  0.0209  0.0205  0.0205  0.0221  0.0212  0.0211  0.0216  0.0208  0.0211  0.0202  0.0205
  0.0230  0.0226  0.0214  0.0237  0.0264  0.0247  0.0229  0.0245  0.0221  0.0229  0.0209  0.0212
niter,ni,del,rscale     3    3    5.0000    1.2000
parameters
   -2.0487   -6.5619    6.8054   -7.9043  -12.4825   -4.9873
    3.6411   -1.6412    0.1641   29.2365    3.0947  -34.9958
eta,q 0.98025 13.92118
  0.0232  0.0227  0.0214  0.0230  0.0250  0.0234  0.0229  0.0242  0.0221  0.0231  0.0207  0.0212
  0.0212  0.0211  0.0204  0.0216  0.0228  0.0219  0.0212  0.0219  0.0208  0.0214  0.0202  0.0203
  0.0201  0.0201  0.0198  0.0205  0.0209  0.0208  0.0201  0.0204  0.0200  0.0202  0.0199  0.0199
  0.0197  0.0197  0.0197  0.0197  0.0197  0.0197  0.0197  0.0197  0.0198  0.0198  0.0197  0.0197
  0.0201  0.0200  0.0200  0.0195  0.0197  0.0193  0.0201  0.0200  0.0200  0.0201  0.0198  0.0200
  0.0212  0.0210  0.0205  0.0207  0.0219  0.0211  0.0211  0.0216  0.0208  0.0212  0.0202  0.0205
  0.0231  0.0227  0.0214  0.0239  0.0261  0.0246  0.0229  0.0245  0.0221  0.0231  0.0208  0.0212
niter,ni,del,rscale     2    3    5.0000    1.2000
parameters
   -2.0482   -6.5570    6.7877   -7.8983  -12.4941   -5.0147
    3.6427   -1.6335    0.1614   29.2546    3.0808  -35.0247
eta,q 0.98024 13.92087
  0.0232  0.0227  0.0214  0.0231  0.0250  0.0234  0.0229  0.0242  0.0221  0.0230  0.0207  0.0213
  0.0212  0.0211  0.0204  0.0216  0.0228  0.0220  0.0212  0.0219  0.0208  0.0214  0.0203  0.0203
  0.0201  0.0201  0.0199  0.0205  0.0210  0.0208  0.0201  0.0204  0.0200  0.0202  0.0199  0.0199
  0.0197  0.0197  0.0197  0.0197  0.0197  0.0197  0.0198  0.0198  0.0198  0.0198  0.0198  0.0198
  0.0202  0.0201  0.0200  0.0195  0.0197  0.0193  0.0201  0.0200  0.0200  0.0201  0.0198  0.0200
  0.0213  0.0211  0.0205  0.0207  0.0219  0.0211  0.0212  0.0216  0.0208  0.0212  0.0202  0.0205
  0.0231  0.0227  0.0214  0.0240  0.0261  0.0246  0.0229  0.0245  0.0221  0.0231  0.0208  0.0212
registration optimization eta report
parameter search radius
    2.4000    2.4000    2.4000    8.2800    8.2800    7.2000
    7.2000    7.2000    7.2000    7.2000    7.2000    7.2000
100000*second partial in parameter space
       59.       51.       29.        6.        8.        8.
        6.        9.        5.        6.        2.        3.
  0.0232  0.0227  0.0214  0.0231  0.0250  0.0234  0.0229  0.0242  0.0221  0.0230  0.0207  0.0213
  0.0212  0.0211  0.0204  0.0216  0.0228  0.0220  0.0212  0.0219  0.0208  0.0214  0.0203  0.0203
  0.0201  0.0201  0.0199  0.0205  0.0210  0.0208  0.0201  0.0204  0.0200  0.0202  0.0199  0.0199
  0.0197  0.0197  0.0197  0.0197  0.0197  0.0197  0.0198  0.0198  0.0198  0.0198  0.0198  0.0198
  0.0202  0.0201  0.0200  0.0195  0.0197  0.0193  0.0201  0.0200  0.0200  0.0201  0.0198  0.0200
  0.0213  0.0211  0.0205  0.0207  0.0219  0.0211  0.0212  0.0216  0.0208  0.0212  0.0202  0.0205
  0.0231  0.0227  0.0214  0.0240  0.0261  0.0246  0.0229  0.0245  0.0221  0.0231  0.0208  0.0212
   -2.0482   -6.5570    6.7877   -7.8983  -12.4941   -5.0147
    3.6427   -1.6335    0.1614   29.2546    3.0808  -35.0247
eta,q 0.98024 13.92087

---------------------------------------------------------------------
imgreg_4dfp /usr/local/freesurfer/average/711-2C_as_mni_average_305 /usr/local/freesurfer/average/711-2B_as_mni_average_305_mask talsrcimg_g11 none talsrcimg_to_711-2C_as_mni_average_305_t4 2311
---------------------------------------------------------------------

freesurfer imgreg_4dfp.c
/usr/local/freesurfer/average/711-2C_as_mni_average_305.4dfp.img
       256       256       256         1
  1.000000  1.000000  1.000000
orientation T byte_order littleendian
Reading image: /usr/local/freesurfer/average/711-2C_as_mni_average_305.4dfp.img
dimensions:      256       256       256
mmppix:       1.0000   -1.0000   -1.0000
center:     128.0000 -129.0000 -129.0000
/usr/local/freesurfer/average/711-2B_as_mni_average_305_mask.4dfp.img
       256       256       256         1
  1.000000  1.000000  1.000000
orientation T byte_order littleendian
Reading mask: /usr/local/freesurfer/average/711-2B_as_mni_average_305_mask.4dfp.img (2306576 pixels)
talsrcimg_g11.4dfp.img
       256       256       256         1
  1.000000  1.000000  1.000000
orientation T byte_order littleendian
Reading image: talsrcimg_g11.4dfp.img
dimensions:      256       256       256
mmppix:       1.0000   -1.0000   -1.0000
center:     128.0000 -129.0000 -129.0000
fimgreg.f
image alignment mode   2311 decimal      907 hex
parameters
   -2.0482   -6.5570    6.7877   -7.8983  -12.4941   -5.0147
    3.6427   -1.6335    0.1614   29.2546    3.0808  -35.0247
eta,q 0.98024 13.92088
niter,ni,del,rscale     5    3    5.0000    0.8000
parameters
   -2.0646   -6.5396    6.7173   -6.3647  -11.8184   -4.3454
    3.5770   -1.7230   -0.0287   29.1342    2.6726  -34.9470
eta,q 0.98087 14.05323
  0.0212  0.0211  0.0204  0.0213  0.0221  0.0217  0.0207  0.0215  0.0203  0.0209  0.0197  0.0200
  0.0204  0.0204  0.0200  0.0206  0.0210  0.0209  0.0198  0.0202  0.0196  0.0199  0.0194  0.0195
  0.0199  0.0199  0.0198  0.0201  0.0201  0.0201  0.0193  0.0194  0.0192  0.0193  0.0192  0.0192
  0.0198  0.0198  0.0198  0.0198  0.0195  0.0194  0.0191  0.0191  0.0191  0.0191  0.0191  0.0191
  0.0199  0.0199  0.0199  0.0195  0.0194  0.0190  0.0193  0.0194  0.0193  0.0194  0.0192  0.0192
  0.0205  0.0203  0.0201  0.0196  0.0199  0.0195  0.0199  0.0203  0.0197  0.0200  0.0195  0.0195
  0.0213  0.0211  0.0205  0.0202  0.0212  0.0212  0.0209  0.0218  0.0204  0.0211  0.0199  0.0199
niter,ni,del,rscale     4    3    5.0000    0.7000
parameters
   -2.0475   -6.5363    6.7815   -6.6776  -11.7241   -4.0059
    3.5924   -1.6789   -0.0581   29.0780    2.5507  -34.9274
eta,q 0.98097 14.05175
  0.0205  0.0203  0.0199  0.0201  0.0210  0.0210  0.0203  0.0209  0.0200  0.0205  0.0195  0.0197
  0.0197  0.0197  0.0195  0.0197  0.0202  0.0204  0.0196  0.0199  0.0194  0.0196  0.0192  0.0193
  0.0193  0.0193  0.0192  0.0193  0.0195  0.0197  0.0192  0.0193  0.0191  0.0192  0.0191  0.0191
  0.0191  0.0191  0.0191  0.0191  0.0192  0.0191  0.0190  0.0190  0.0190  0.0190  0.0190  0.0190
  0.0193  0.0193  0.0192  0.0192  0.0192  0.0189  0.0192  0.0192  0.0191  0.0192  0.0191  0.0191
  0.0197  0.0196  0.0194  0.0197  0.0198  0.0195  0.0196  0.0198  0.0195  0.0197  0.0193  0.0193
  0.0204  0.0203  0.0197  0.0207  0.0211  0.0210  0.0203  0.0209  0.0200  0.0205  0.0196  0.0197
niter,ni,del,rscale     3    3    5.0000    0.6000
parameters
   -2.0366   -6.5213    6.8293   -6.5421  -11.6598   -3.7533
    3.5998   -1.6930   -0.1064   29.0228    2.4167  -34.8560
eta,q 0.98106 14.06588
  0.0200  0.0199  0.0196  0.0199  0.0204  0.0206  0.0199  0.0204  0.0196  0.0200  0.0193  0.0195
  0.0195  0.0194  0.0193  0.0195  0.0198  0.0200  0.0194  0.0196  0.0193  0.0194  0.0191  0.0192
  0.0191  0.0191  0.0191  0.0192  0.0193  0.0195  0.0191  0.0191  0.0190  0.0190  0.0190  0.0190
  0.0190  0.0190  0.0190  0.0190  0.0190  0.0190  0.0189  0.0189  0.0189  0.0189  0.0189  0.0189
  0.0191  0.0191  0.0191  0.0190  0.0191  0.0189  0.0190  0.0191  0.0190  0.0191  0.0190  0.0190
  0.0194  0.0194  0.0193  0.0193  0.0196  0.0194  0.0193  0.0196  0.0193  0.0195  0.0191  0.0192
  0.0200  0.0199  0.0195  0.0199  0.0205  0.0205  0.0199  0.0204  0.0197  0.0201  0.0194  0.0194
niter,ni,del,rscale     2    3    5.0000    0.5000
parameters
   -2.0308   -6.5101    6.8746   -6.3961  -11.5942   -3.4918
    3.5904   -1.7175   -0.1421   28.9630    2.2768  -34.7645
eta,q 0.98114 14.07941
  0.0196  0.0196  0.0194  0.0196  0.0200  0.0202  0.0195  0.0199  0.0194  0.0196  0.0191  0.0193
  0.0192  0.0192  0.0191  0.0193  0.0195  0.0197  0.0192  0.0193  0.0191  0.0192  0.0190  0.0190
  0.0190  0.0190  0.0190  0.0191  0.0191  0.0193  0.0189  0.0190  0.0189  0.0189  0.0189  0.0189
  0.0189  0.0189  0.0189  0.0189  0.0189  0.0189  0.0189  0.0189  0.0189  0.0189  0.0189  0.0189
  0.0190  0.0190  0.0190  0.0189  0.0190  0.0188  0.0189  0.0190  0.0189  0.0190  0.0189  0.0189
  0.0192  0.0192  0.0191  0.0191  0.0193  0.0192  0.0192  0.0193  0.0191  0.0192  0.0190  0.0190
  0.0196  0.0195  0.0193  0.0196  0.0200  0.0201  0.0195  0.0200  0.0194  0.0197  0.0192  0.0192
niter,ni,del,rscale     1    3    5.0000    0.4000
parameters
   -2.0226   -6.5041    6.9376   -6.2714  -11.5371   -3.2281
    3.5733   -1.7426   -0.1932   28.9043    2.1643  -34.6458
eta,q 0.98119 14.09075
  0.0193  0.0193  0.0192  0.0193  0.0196  0.0198  0.0192  0.0195  0.0191  0.0193  0.0190  0.0191
  0.0191  0.0191  0.0190  0.0191  0.0192  0.0195  0.0190  0.0191  0.0189  0.0190  0.0189  0.0189
  0.0189  0.0189  0.0189  0.0190  0.0190  0.0191  0.0189  0.0189  0.0188  0.0189  0.0188  0.0188
  0.0189  0.0189  0.0189  0.0189  0.0189  0.0189  0.0188  0.0188  0.0188  0.0188  0.0188  0.0188
  0.0189  0.0189  0.0189  0.0189  0.0189  0.0188  0.0189  0.0189  0.0189  0.0189  0.0188  0.0188
  0.0191  0.0190  0.0190  0.0190  0.0191  0.0190  0.0190  0.0191  0.0190  0.0191  0.0189  0.0189
  0.0193  0.0193  0.0191  0.0193  0.0196  0.0196  0.0193  0.0195  0.0192  0.0194  0.0190  0.0190
registration optimization eta report
parameter search radius
    0.8000    0.8000    0.8000    2.4000    2.4000    2.4000
    2.4000    2.4000    2.4000    2.4000    2.4000    2.4000
100000*second partial in parameter space
       70.       63.       43.        7.       12.       15.
        8.       12.        6.        9.        3.        5.
  0.0193  0.0193  0.0192  0.0193  0.0196  0.0198  0.0192  0.0195  0.0191  0.0193  0.0190  0.0191
  0.0191  0.0191  0.0190  0.0191  0.0192  0.0195  0.0190  0.0191  0.0189  0.0190  0.0189  0.0189
  0.0189  0.0189  0.0189  0.0190  0.0190  0.0191  0.0189  0.0189  0.0188  0.0189  0.0188  0.0188
  0.0189  0.0189  0.0189  0.0189  0.0189  0.0189  0.0188  0.0188  0.0188  0.0188  0.0188  0.0188
  0.0189  0.0189  0.0189  0.0189  0.0189  0.0188  0.0189  0.0189  0.0189  0.0189  0.0188  0.0188
  0.0191  0.0190  0.0190  0.0190  0.0191  0.0190  0.0190  0.0191  0.0190  0.0191  0.0189  0.0189
  0.0193  0.0193  0.0191  0.0193  0.0196  0.0196  0.0193  0.0195  0.0192  0.0194  0.0190  0.0190
   -2.0226   -6.5041    6.9376   -6.2714  -11.5371   -3.2281
    3.5733   -1.7426   -0.1932   28.9043    2.1643  -34.6458
eta,q 0.98119 14.09075

---------------------------------------------------------------------
imgreg_4dfp /usr/local/freesurfer/average/711-2C_as_mni_average_305 /usr/local/freesurfer/average/711-2B_as_mni_average_305_mask talsrcimg_g11 none talsrcimg_to_711-2C_as_mni_average_305_t4 2311
---------------------------------------------------------------------

freesurfer imgreg_4dfp.c
/usr/local/freesurfer/average/711-2C_as_mni_average_305.4dfp.img
       256       256       256         1
  1.000000  1.000000  1.000000
orientation T byte_order littleendian
Reading image: /usr/local/freesurfer/average/711-2C_as_mni_average_305.4dfp.img
dimensions:      256       256       256
mmppix:       1.0000   -1.0000   -1.0000
center:     128.0000 -129.0000 -129.0000
/usr/local/freesurfer/average/711-2B_as_mni_average_305_mask.4dfp.img
       256       256       256         1
  1.000000  1.000000  1.000000
orientation T byte_order littleendian
Reading mask: /usr/local/freesurfer/average/711-2B_as_mni_average_305_mask.4dfp.img (2306576 pixels)
talsrcimg_g11.4dfp.img
       256       256       256         1
  1.000000  1.000000  1.000000
orientation T byte_order littleendian
Reading image: talsrcimg_g11.4dfp.img
dimensions:      256       256       256
mmppix:       1.0000   -1.0000   -1.0000
center:     128.0000 -129.0000 -129.0000
fimgreg.f
image alignment mode   2311 decimal      907 hex
parameters
   -2.0226   -6.5041    6.9376   -6.2714  -11.5371   -3.2281
    3.5733   -1.7426   -0.1932   28.9043    2.1643  -34.6458
eta,q 0.98119 14.09076
niter,ni,del,rscale     5    3    5.0000    0.8000
parameters
   -2.0094   -6.5166    7.0701   -6.9898  -11.8950   -3.7659
    3.5973   -1.5841   -0.0067   29.1170    2.6098  -34.6526
eta,q 0.98096 14.03421
  0.0207  0.0204  0.0202  0.0199  0.0209  0.0209  0.0207  0.0215  0.0203  0.0211  0.0197  0.0199
  0.0196  0.0195  0.0194  0.0194  0.0200  0.0202  0.0198  0.0202  0.0197  0.0200  0.0194  0.0194
  0.0190  0.0190  0.0190  0.0190  0.0193  0.0195  0.0193  0.0194  0.0192  0.0193  0.0192  0.0191
  0.0188  0.0188  0.0188  0.0188  0.0189  0.0189  0.0191  0.0191  0.0191  0.0191  0.0190  0.0190
  0.0190  0.0190  0.0189  0.0190  0.0191  0.0191  0.0192  0.0192  0.0192  0.0192  0.0191  0.0192
  0.0196  0.0195  0.0192  0.0198  0.0202  0.0205  0.0197  0.0199  0.0195  0.0198  0.0192  0.0194
  0.0206  0.0204  0.0197  0.0214  0.0220  0.0229  0.0207  0.0213  0.0202  0.0207  0.0195  0.0198
niter,ni,del,rscale     4    3    5.0000    0.7000
parameters
   -2.0307   -6.4943    6.9422   -6.6939  -11.7738   -3.8412
    3.6008   -1.6570   -0.0678   29.0705    2.6002  -34.7810
eta,q 0.98100 14.05261
  0.0203  0.0202  0.0196  0.0201  0.0208  0.0208  0.0202  0.0208  0.0199  0.0204  0.0195  0.0196
  0.0196  0.0196  0.0192  0.0197  0.0200  0.0201  0.0196  0.0198  0.0194  0.0196  0.0192  0.0192
  0.0192  0.0192  0.0191  0.0193  0.0194  0.0195  0.0191  0.0192  0.0191  0.0191  0.0191  0.0190
  0.0190  0.0190  0.0190  0.0190  0.0190  0.0190  0.0190  0.0190  0.0190  0.0190  0.0190  0.0190
  0.0192  0.0192  0.0192  0.0189  0.0190  0.0189  0.0191  0.0192  0.0191  0.0192  0.0190  0.0191
  0.0196  0.0195  0.0195  0.0192  0.0196  0.0198  0.0195  0.0198  0.0194  0.0197  0.0192  0.0193
  0.0203  0.0202  0.0199  0.0201  0.0209  0.0215  0.0203  0.0210  0.0200  0.0205  0.0195  0.0196
niter,ni,del,rscale     3    3    5.0000    0.6000
parameters
   -2.0337   -6.5047    6.8851   -6.5383  -11.6706   -3.6999
    3.6017   -1.6922   -0.1057   29.0103    2.4485  -34.8056
eta,q 0.98107 14.06658
  0.0200  0.0198  0.0195  0.0198  0.0204  0.0205  0.0199  0.0203  0.0196  0.0200  0.0193  0.0194
  0.0194  0.0194  0.0192  0.0195  0.0198  0.0200  0.0194  0.0196  0.0192  0.0194  0.0191  0.0191
  0.0191  0.0191  0.0190  0.0192  0.0193  0.0194  0.0190  0.0191  0.0190  0.0190  0.0190  0.0190
  0.0190  0.0190  0.0190  0.0190  0.0190  0.0190  0.0189  0.0189  0.0189  0.0189  0.0189  0.0189
  0.0191  0.0191  0.0191  0.0190  0.0190  0.0189  0.0190  0.0191  0.0190  0.0191  0.0190  0.0190
  0.0194  0.0194  0.0193  0.0192  0.0195  0.0194  0.0193  0.0196  0.0193  0.0195  0.0191  0.0192
  0.0200  0.0199  0.0196  0.0199  0.0204  0.0207  0.0199  0.0204  0.0197  0.0201  0.0194  0.0194
niter,ni,del,rscale     2    3    5.0000    0.5000
parameters
   -2.0295   -6.5072    6.8948   -6.3936  -11.5944   -3.4722
    3.5898   -1.7183   -0.1509   28.9565    2.2815  -34.7511
eta,q 0.98114 14.07991
  0.0196  0.0195  0.0194  0.0196  0.0200  0.0202  0.0195  0.0199  0.0194  0.0196  0.0191  0.0193
  0.0192  0.0192  0.0191  0.0193  0.0195  0.0197  0.0192  0.0193  0.0191  0.0192  0.0190  0.0190
  0.0190  0.0190  0.0190  0.0191  0.0191  0.0193  0.0189  0.0190  0.0189  0.0189  0.0189  0.0189
  0.0189  0.0189  0.0189  0.0189  0.0189  0.0189  0.0189  0.0189  0.0189  0.0189  0.0189  0.0189
  0.0190  0.0190  0.0190  0.0189  0.0190  0.0188  0.0189  0.0190  0.0189  0.0190  0.0189  0.0189
  0.0192  0.0192  0.0191  0.0191  0.0193  0.0192  0.0192  0.0193  0.0191  0.0192  0.0190  0.0190
  0.0196  0.0195  0.0193  0.0195  0.0200  0.0201  0.0195  0.0199  0.0194  0.0197  0.0192  0.0192
niter,ni,del,rscale     1    3    5.0000    0.4000
parameters
   -2.0237   -6.4998    6.9391   -6.2741  -11.5406   -3.2276
    3.5764   -1.7388   -0.1959   28.8977    2.1672  -34.6524
eta,q 0.98119 14.09052
  0.0193  0.0193  0.0192  0.0193  0.0196  0.0198  0.0192  0.0195  0.0191  0.0193  0.0190  0.0191
  0.0191  0.0190  0.0190  0.0191  0.0192  0.0194  0.0190  0.0191  0.0189  0.0190  0.0189  0.0189
  0.0189  0.0189  0.0189  0.0189  0.0190  0.0191  0.0189  0.0189  0.0188  0.0189  0.0188  0.0188
  0.0189  0.0189  0.0189  0.0189  0.0189  0.0189  0.0188  0.0188  0.0188  0.0188  0.0188  0.0188
  0.0189  0.0189  0.0189  0.0189  0.0189  0.0188  0.0189  0.0189  0.0189  0.0189  0.0188  0.0188
  0.0191  0.0190  0.0190  0.0190  0.0191  0.0191  0.0190  0.0191  0.0190  0.0191  0.0189  0.0189
  0.0193  0.0193  0.0191  0.0193  0.0195  0.0196  0.0193  0.0195  0.0192  0.0194  0.0190  0.0190
registration optimization eta report
parameter search radius
    0.8000    0.8000    0.8000    2.4000    2.4000    2.4000
    2.4000    2.4000    2.4000    2.4000    2.4000    2.4000
100000*second partial in parameter space
       70.       62.       43.        7.       12.       15.
        8.       12.        6.        9.        3.        4.
  0.0193  0.0193  0.0192  0.0193  0.0196  0.0198  0.0192  0.0195  0.0191  0.0193  0.0190  0.0191
  0.0191  0.0190  0.0190  0.0191  0.0192  0.0194  0.0190  0.0191  0.0189  0.0190  0.0189  0.0189
  0.0189  0.0189  0.0189  0.0189  0.0190  0.0191  0.0189  0.0189  0.0188  0.0189  0.0188  0.0188
  0.0189  0.0189  0.0189  0.0189  0.0189  0.0189  0.0188  0.0188  0.0188  0.0188  0.0188  0.0188
  0.0189  0.0189  0.0189  0.0189  0.0189  0.0188  0.0189  0.0189  0.0189  0.0189  0.0188  0.0188
  0.0191  0.0190  0.0190  0.0190  0.0191  0.0191  0.0190  0.0191  0.0190  0.0191  0.0189  0.0189
  0.0193  0.0193  0.0191  0.0193  0.0195  0.0196  0.0193  0.0195  0.0192  0.0194  0.0190  0.0190
   -2.0237   -6.4998    6.9391   -6.2741  -11.5406   -3.2276
    3.5764   -1.7388   -0.1959   28.8977    2.1672  -34.6524
eta,q 0.98119 14.09052

---------------------------------------------------------------------
compute_vox2vox talsrcimg talsrcimg_to_711-2C_as_mni_average_305_t4 /usr/local/freesurfer/average/711-2C_as_mni_average_305
---------------------------------------------------------------------

freesurfer compute_vox2vox.c
Reading: talsrcimg.4dfp.ifh
Reading: talsrcimg_to_711-2C_as_mni_average_305_t4
Reading: /usr/local/freesurfer/average/711-2C_as_mni_average_305.4dfp.ifh
Writing: talsrcimg_to_711-2C_as_mni_average_305_t4_vox2vox.txt

start time Fri May 30 12:39:05 UTC 2025
end		time Fri May 30 12:39:22 UTC 2025

mpr2mni305 success

avi2talxfm orig_nu.mgz /usr/local/freesurfer/average/mni305.cor.mgz talsrcimg_to_711-2C_as_mni_average_305_t4_vox2vox.txt transforms/talairach.auto.xfm
avi2talxfm done
mv -f /home/freesurfer/subjects/sub-018/mri/talsrcimg_to_711-2C_as_mni_average_305_t4_vox2vox.txt /home/freesurfer/subjects/sub-018/mri/transforms/talsrcimg_to_711-2C_as_mni_average_305_t4_vox2vox.txt
lta_convert --src orig_nu.mgz --trg /usr/local/freesurfer/average/mni305.cor.mgz --inxfm transforms/talairach.auto.xfm --outlta transforms/talairach.auto.xfm.lta --subject fsaverage
7.4.1

--src: orig_nu.mgz src image (geometry).
--trg: /usr/local/freesurfer/average/mni305.cor.mgz trg image (geometry).
--inmni: transforms/talairach.auto.xfm input MNI/XFM transform.
--outlta: transforms/talairach.auto.xfm.lta output LTA.
--s: fsaverage subject name
 LTA read, type : 1
 1.06621   0.02868  -0.03187   2.22850;
-0.02062   0.92458   0.36302   3.02921;
 0.00910  -0.30198   1.01180  -6.33392;
 0.00000   0.00000   0.00000   1.00000;
setting subject to fsaverage
Writing  LTA to file transforms/talairach.auto.xfm.lta...
lta_convert successful.
 
 
Started at Fri May 30 12:39:04 UTC 2025
Ended   at Fri May 30 12:39:23 UTC 2025
talairach_avi done
