/home/freesurfer/subjects/sub-025/mri
/usr/local/freesurfer/bin/talairach_avi
--i orig_nu.mgz --xfm transforms/talairach.auto.xfm
talairach_avi 7.4.1
Linux e9e21558a1ef 6.11.0-26-generic #26~24.04.1-Ubuntu SMP PREEMPT_DYNAMIC Thu Apr 17 19:20:47 UTC 2 x86_64 x86_64 x86_64 GNU/Linux
Thu May 29 18:04:04 UTC 2025
mri_convert orig_nu.mgz talsrcimg.img 
reading from orig_nu.mgz...
TR=8.38, TE=0.00, TI=0.00, flip angle=0.00
i_ras = (-1, 1.86265e-09, 7.45058e-09)
j_ras = (7.45058e-09, 0, -1)
k_ras = (1.86265e-09, 1, 1.49012e-08)
writing to talsrcimg.img...
Analyze Output Matrix
-1.00000   0.00000   0.00000   134.77025;
 0.00000   0.00000   1.00000  -112.50603;
 0.00000  -1.00000   0.00000   178.16742;
 0.00000   0.00000   0.00000   1.00000;
--------------------
INFO: set hdr.hist.orient to -1
mpr2mni305 talsrcimg
Thu May 29 18:04:05 UTC 2025
/usr/local/freesurfer/bin/mpr2mni305 talsrcimg
mpr2mni305 7.4.1
target=711-2C_as_mni_average_305

---------------------------------------------------------------------
analyzeto4dfp talsrcimg -O0 -y
---------------------------------------------------------------------

freesurfer ifh2hdr.c
Thu May 29 18:04:05 2025
Writing: talsrcimg.4dfp.hdr
freesurfer analyzeto4dfp.c
Reading: talsrcimg.hdr
header size 348 bytes
hdr.dime.datatype	offset=70	value=2
hdr.dime.bitpix		offset=72	value=8
hdr.hist.orient		offset=252	value=-1
dimensionality     4
dimensions       256       256       256         1
Reading: talsrcimg.img
Writing: talsrcimg.4dfp.img
Writing: talsrcimg.4dfp.ifh
ifh2hdr talsrcimg -r0to199
ori=2

---------------------------------------------------------------------
gauss_4dfp talsrcimg 1.1
---------------------------------------------------------------------

freesurfer gauss_4dfp.c
Reading: talsrcimg.4dfp.img
Writing: talsrcimg_g11.4dfp.img
image dimensions 256 256 256 padded to 288 288 288
processing volume 1freesurfer ifh2hdr.c
Thu May 29 18:04:10 2025
Writing: talsrcimg_g11.4dfp.hdr

Writing: talsrcimg_g11.4dfp.ifh
including: talsrcimg.4dfp.img.rec in talsrcimg_g11.4dfp.img.rec

---------------------------------------------------------------------
imgreg_4dfp /usr/local/freesurfer/average/711-2C_as_mni_average_305 none talsrcimg_g11 none talsrcimg_to_711-2C_as_mni_average_305_t4 4355
---------------------------------------------------------------------

freesurfer imgreg_4dfp.c
/usr/local/freesurfer/average/711-2C_as_mni_average_305.4dfp.img
       256       256       256         1
  1.000000  1.000000  1.000000
orientation T byte_order littleendian
Reading image: /usr/local/freesurfer/average/711-2C_as_mni_average_305.4dfp.img
dimensions:      256       256       256
mmppix:       1.0000   -1.0000   -1.0000
center:     128.0000 -129.0000 -129.0000
talsrcimg_g11.4dfp.img
       256       256       256         1
  1.000000  1.000000  1.000000
orientation T byte_order littleendian
Reading image: talsrcimg_g11.4dfp.img
dimensions:      256       256       256
mmppix:       1.0000   -1.0000   -1.0000
center:     128.0000 -129.0000 -129.0000
t4_read: open error in t4_sub.f l:  41 t4_file(1:l)talsrcimg_to_711-2C_as_mni_average_305_t4 
t4_read: transform initialized to I4
rotation matrix determinant  1.000000
image alignment mode   4355 decimal     1103 hex
   -7.5000  -45.0000  -45.0000 9663.8164   24.5408
    0.0000  -45.0000  -45.0000 9943.3057   24.5491
    7.5000  -45.0000  -45.0000 9460.5322   24.5134
   -7.5000  -37.5000  -45.000010165.4316   24.5094
    0.0000  -37.5000  -45.000010445.6172   24.5214
    7.5000  -37.5000  -45.0000 9936.1895   24.4912
   -7.5000  -30.0000  -45.000010993.7490   24.5452
    0.0000  -30.0000  -45.000011294.8066   24.5547
    7.5000  -30.0000  -45.000010721.8750   24.5188
   -7.5000  -22.5000  -45.000011734.4121   24.5791
    0.0000  -22.5000  -45.000012070.4199   24.5819
    7.5000  -22.5000  -45.000011430.8682   24.5327
   -7.5000  -15.0000  -45.000012398.9697   24.5775
    0.0000  -15.0000  -45.000012743.2100   24.5781
    7.5000  -15.0000  -45.000012056.0869   24.5223
   -7.5000   -7.5000  -45.000013028.1221   24.5376
    0.0000   -7.5000  -45.000013415.8867   24.5411
    7.5000   -7.5000  -45.000012676.0625   24.4931
   -7.5000    0.0000  -45.000013474.5098   24.5012
    0.0000    0.0000  -45.000013886.2422   24.5094
    7.5000    0.0000  -45.000013119.2500   24.4738
   -7.5000    7.5000  -45.000012834.6729   24.5073
    0.0000    7.5000  -45.000013195.3896   24.5193
    7.5000    7.5000  -45.000012447.8213   24.4891
   -7.5000   15.0000  -45.000011958.4551   24.5452
    0.0000   15.0000  -45.000012292.4053   24.5547
    7.5000   15.0000  -45.000011591.2568   24.5188
   -7.5000   22.5000  -45.000010974.7881   24.5757
    0.0000   22.5000  -45.000011284.1348   24.5785
    7.5000   22.5000  -45.000010655.0420   24.5293
   -7.5000   30.0000  -45.0000 9946.8457   24.2541
    0.0000   30.0000  -45.000010244.3525   24.2546
    7.5000   30.0000  -45.0000 9682.7979   24.1994
   -7.5000   37.5000  -45.0000 9331.1895   24.2658
    0.0000   37.5000  -45.0000 9601.9971   24.2689
    7.5000   37.5000  -45.0000 9075.1084   24.2213
   -7.5000   45.0000  -45.0000 8472.0273   23.7735
    0.0000   45.0000  -45.0000 8715.0322   23.7809
    7.5000   45.0000  -45.0000 8227.0391   23.7465
   -7.5000  -45.0000  -37.500010169.1035   24.4866
    0.0000  -45.0000  -37.500010458.5264   24.5067
    7.5000  -45.0000  -37.5000 9955.2266   24.4727
   -7.5000  -37.5000  -37.500010701.9199   24.4562
    0.0000  -37.5000  -37.500010986.8613   24.4779
    7.5000  -37.5000  -37.500010453.3027   24.4474
   -7.5000  -30.0000  -37.500011544.5020   24.4813
    0.0000  -30.0000  -37.500011869.5762   24.5009
    7.5000  -30.0000  -37.500011273.1895   24.4700
   -7.5000  -22.5000  -37.500012308.5703   24.5035
    0.0000  -22.5000  -37.500012657.9053   24.5187
    7.5000  -22.5000  -37.500012023.8633   24.4838
   -7.5000  -15.0000  -37.500013024.0186   24.4992
    0.0000  -15.0000  -37.500013367.3018   24.5136
    7.5000  -15.0000  -37.500012686.0771   24.4758
   -7.5000   -7.5000  -37.500013681.5693   24.4694
    0.0000   -7.5000  -37.500014078.8047   24.4865
    7.5000   -7.5000  -37.500013308.9355   24.4494
   -7.5000    0.0000  -37.500014158.4766   24.4465
    0.0000    0.0000  -37.500014569.4971   24.4665
    7.5000    0.0000  -37.500013772.2969   24.4327
   -7.5000    7.5000  -37.500013467.6689   24.4540
    0.0000    7.5000  -37.500013857.3662   24.4757
    7.5000    7.5000  -37.500013078.1338   24.4452
   -7.5000   15.0000  -37.500012531.4316   24.4813
    0.0000   15.0000  -37.500012908.8555   24.5009
    7.5000   15.0000  -37.500012178.6719   24.4700
   -7.5000   22.5000  -37.500011489.9092   24.5001
    0.0000   22.5000  -37.500011839.4580   24.5153
    7.5000   22.5000  -37.500011170.8115   24.4804
   -7.5000   30.0000  -37.500010383.3320   24.1767
    0.0000   30.0000  -37.500010720.0918   24.1909
    7.5000   30.0000  -37.500010127.6104   24.1535
   -7.5000   37.5000  -37.5000 9702.7686   24.1980
    0.0000   37.5000  -37.500010009.8154   24.2146
    7.5000   37.5000  -37.5000 9488.2510   24.1779
   -7.5000   45.0000  -37.5000 8787.8652   23.7191
    0.0000   45.0000  -37.5000 9058.9473   23.7378
    7.5000   45.0000  -37.5000 8586.2676   23.7051
   -7.5000  -45.0000  -30.000010773.4668   25.4495
    0.0000  -45.0000  -30.000011128.6777   25.4733
    7.5000  -45.0000  -30.000010548.5840   25.4287
   -7.5000  -37.5000  -30.000011358.6787   25.4211
    0.0000  -37.5000  -30.000011706.8330   25.4463
    7.5000  -37.5000  -30.000011086.5146   25.4026
   -7.5000  -30.0000  -30.000012270.9199   25.4467
    0.0000  -30.0000  -30.000012627.2129   25.4725
    7.5000  -30.0000  -30.000011950.4824   25.4315
   -7.5000  -22.5000  -30.000013089.2383   25.4693
    0.0000  -22.5000  -30.000013434.5781   25.4931
    7.5000  -22.5000  -30.000012737.4248   25.4546
   -7.5000  -15.0000  -30.000013801.7959   25.4631
    0.0000  -15.0000  -30.000014148.3623   25.4855
    7.5000  -15.0000  -30.000013412.5186   25.4479
   -7.5000   -7.5000  -30.000014516.8311   25.4299
    0.0000   -7.5000  -30.000014895.8643   25.4526
    7.5000   -7.5000  -30.000014068.4844   25.4118
   -7.5000    0.0000  -30.000015035.0918   25.4080
    0.0000    0.0000  -30.000015418.6064   25.4317
    7.5000    0.0000  -30.000014557.2559   25.3873
   -7.5000    7.5000  -30.000014326.0830   25.4188
    0.0000    7.5000  -30.000014696.5498   25.4440
    7.5000    7.5000  -30.000013857.2432   25.4003
   -7.5000   15.0000  -30.000013320.0029   25.4467
    0.0000   15.0000  -30.000013705.0879   25.4725
    7.5000   15.0000  -30.000012912.4746   25.4315
   -7.5000   22.5000  -30.000012172.6914   25.4632
    0.0000   22.5000  -30.000012543.8457   25.4870
    7.5000   22.5000  -30.000011824.4854   25.4485
   -7.5000   30.0000  -30.000011009.5010   25.1306
    0.0000   30.0000  -30.000011381.2070   25.1526
    7.5000   30.0000  -30.000010745.0732   25.1155
   -7.5000   37.5000  -30.000010263.7109   25.1504
    0.0000   37.5000  -30.000010596.6846   25.1727
    7.5000   37.5000  -30.000010044.6543   25.1323
   -7.5000   45.0000  -30.0000 9250.2412   24.6689
    0.0000   45.0000  -30.0000 9560.9854   24.6916
    7.5000   45.0000  -30.0000 9066.8535   24.6487
   -7.5000  -45.0000  -22.500011340.3506   26.3060
    0.0000  -45.0000  -22.500011712.9688   26.3203
    7.5000  -45.0000  -22.500011068.0576   26.2629
   -7.5000  -37.5000  -22.500011994.1953   26.2812
    0.0000  -37.5000  -22.500012371.8984   26.2990
    7.5000  -37.5000  -22.500011661.2832   26.2410
   -7.5000  -30.0000  -22.500013006.9941   26.3196
    0.0000  -30.0000  -22.500013375.3496   26.3409
    7.5000  -30.0000  -22.500012592.6621   26.2830
   -7.5000  -22.5000  -22.500013830.1641   26.3524
    0.0000  -22.5000  -22.500014179.6338   26.3726
    7.5000  -22.5000  -22.500013385.1084   26.3155
   -7.5000  -15.0000  -22.500014519.4062   26.3451
    0.0000  -15.0000  -22.500014888.6787   26.3614
    7.5000  -15.0000  -22.500014063.7451   26.3063
   -7.5000   -7.5000  -22.500015246.4053   26.2967
    0.0000   -7.5000  -22.500015648.6641   26.3105
    7.5000   -7.5000  -22.500014739.0312   26.2556
   -7.5000    0.0000  -22.500015820.2764   26.2632
    0.0000    0.0000  -22.500016223.1064   26.2775
    7.5000    0.0000  -22.500015252.5928   26.2204
   -7.5000    7.5000  -22.500015106.9033   26.2788
    0.0000    7.5000  -22.500015505.6504   26.2967
    7.5000    7.5000  -22.500014548.7998   26.2387
   -7.5000   15.0000  -22.500014081.5049   26.3196
    0.0000   15.0000  -22.500014481.1533   26.3409
    7.5000   15.0000  -22.500013599.7227   26.2830
   -7.5000   22.5000  -22.500012903.1123   26.3443
    0.0000   22.5000  -22.500013269.5576   26.3645
    7.5000   22.5000  -22.500012500.9570   26.3073
   -7.5000   30.0000  -22.500011671.6182   26.0053
    0.0000   30.0000  -22.500012035.8457   26.0213
    7.5000   30.0000  -22.500011335.1738   25.9668
   -7.5000   37.5000  -22.500010856.0049   26.0123
    0.0000   37.5000  -22.500011191.1777   26.0257
    7.5000   37.5000  -22.500010582.9482   25.9713
   -7.5000   45.0000  -22.5000 9753.0400   25.5188
    0.0000   45.0000  -22.500010073.2090   25.5328
    7.5000   45.0000  -22.5000 9522.6201   25.4778
   -7.5000  -45.0000  -15.000011862.2256   26.9594
    0.0000  -45.0000  -15.000012238.6602   26.9631
    7.5000  -45.0000  -15.000011558.1562   26.9011
   -7.5000  -37.5000  -15.000012553.0186   26.9334
    0.0000  -37.5000  -15.000012932.4150   26.9438
    7.5000  -37.5000  -15.000012179.0967   26.8836
   -7.5000  -30.0000  -15.000013683.8828   26.9818
    0.0000  -30.0000  -15.000014039.8818   26.9971
    7.5000  -30.0000  -15.000013172.3936   26.9334
   -7.5000  -22.5000  -15.000014567.0234   27.0249
    0.0000  -22.5000  -15.000014908.5234   27.0372
    7.5000  -22.5000  -15.000014031.0518   26.9664
   -7.5000  -15.0000  -15.000015248.9111   27.0191
    0.0000  -15.0000  -15.000015642.1074   27.0254
    7.5000  -15.0000  -15.000014745.5693   26.9527
   -7.5000   -7.5000  -15.000016030.5459   26.9607
    0.0000   -7.5000  -15.000016470.0430   26.9632
    7.5000   -7.5000  -15.000015448.1260   26.8961
   -7.5000    0.0000  -15.000016697.8008   26.9155
    0.0000    0.0000  -15.000017117.4180   26.9193
    7.5000    0.0000  -15.000015975.1562   26.8575
   -7.5000    7.5000  -15.000015979.1621   26.9310
    0.0000    7.5000  -15.000016356.6436   26.9414
    7.5000    7.5000  -15.000015245.5469   26.8812
   -7.5000   15.0000  -15.000014877.7227   26.9818
    0.0000   15.0000  -15.000015239.0322   26.9971
    7.5000   15.0000  -15.000014262.0205   26.9334
   -7.5000   22.5000  -15.000013626.7021   27.0153
    0.0000   22.5000  -15.000013972.9883   27.0277
    7.5000   22.5000  -15.000013119.1387   26.9569
   -7.5000   30.0000  -15.000012338.7109   26.6744
    0.0000   30.0000  -15.000012707.7471   26.6806
    7.5000   30.0000  -15.000011912.8994   26.6087
   -7.5000   37.5000  -15.000011528.4980   26.6731
    0.0000   37.5000  -15.000011890.8486   26.6754
    7.5000   37.5000  -15.000011149.9824   26.6088
   -7.5000   45.0000  -15.000010334.4629   26.1696
    0.0000   45.0000  -15.000010676.3887   26.1737
    7.5000   45.0000  -15.000010013.0068   26.1141
   -7.5000  -45.0000   -7.500012396.5264   27.3047
    0.0000  -45.0000   -7.500012744.6182   27.3062
    7.5000  -45.0000   -7.500012071.1328   27.2529
   -7.5000  -37.5000   -7.500013090.9844   27.2712
    0.0000  -37.5000   -7.500013473.2656   27.2794
    7.5000  -37.5000   -7.500012710.8711   27.2323
   -7.5000  -30.0000   -7.500014325.0117   27.3181
    0.0000  -30.0000   -7.500014703.4834   27.3280
    7.5000  -30.0000   -7.500013767.9385   27.2739
   -7.5000  -22.5000   -7.500015376.5684   27.3640
    0.0000  -22.5000   -7.500015766.1357   27.3675
    7.5000  -22.5000   -7.500014761.3955   27.2979
   -7.5000  -15.0000   -7.500016162.6162   27.3633
    0.0000  -15.0000   -7.500016624.8613   27.3615
    7.5000  -15.0000   -7.500015593.6387   27.2849
   -7.5000   -7.5000   -7.500016971.1758   27.3089
    0.0000   -7.5000   -7.500017448.4258   27.3066
    7.5000   -7.5000   -7.500016355.7842   27.2397
   -7.5000    0.0000   -7.500017610.9102   27.2602
    0.0000    0.0000   -7.500018048.3691   27.2617
    7.5000    0.0000   -7.500016873.1328   27.2086
   -7.5000    7.5000   -7.500016750.5117   27.2687
    0.0000    7.5000   -7.500017145.2285   27.2770
    7.5000    7.5000   -7.500016028.8174   27.2298
   -7.5000   15.0000   -7.500015622.6816   27.3181
    0.0000   15.0000   -7.500016016.7070   27.3280
    7.5000   15.0000   -7.500014983.7061   27.2739
   -7.5000   22.5000   -7.500014317.8799   27.3513
    0.0000   22.5000   -7.500014695.7422   27.3548
    7.5000   22.5000   -7.500013738.1973   27.2853
   -7.5000   30.0000   -7.500013013.1299   27.0133
    0.0000   30.0000   -7.500013373.6631   27.0114
    7.5000   30.0000   -7.500012476.6602   26.9357
   -7.5000   37.5000   -7.500012209.1729   27.0166
    0.0000   37.5000   -7.500012582.7305   27.0140
    7.5000   37.5000   -7.500011700.1064   26.9476
   -7.5000   45.0000   -7.500010895.6963   26.5106
    0.0000   45.0000   -7.500011215.4082   26.5118
    7.5000   45.0000   -7.500010478.8848   26.4607
   -7.5000  -45.0000    0.000012765.4336   27.3655
    0.0000  -45.0000    0.000013175.9219   27.3749
    7.5000  -45.0000    0.000012449.6875   27.3350
   -7.5000  -37.5000    0.000013407.4541   27.3297
    0.0000  -37.5000    0.000013876.6650   27.3433
    7.5000  -37.5000    0.000013125.5928   27.3095
   -7.5000  -30.0000    0.000014656.9082   27.3682
    0.0000  -30.0000    0.000015154.6816   27.3790
    7.5000  -30.0000    0.000014257.7256   27.3388
   -7.5000  -22.5000    0.000015986.2744   27.4048
    0.0000  -22.5000    0.000016486.1699   27.4081
    7.5000  -22.5000    0.000015373.3145   27.3532
   -7.5000  -15.0000    0.000017074.9961   27.4032
    0.0000  -15.0000    0.000017635.6426   27.4040
    7.5000  -15.0000    0.000016440.8633   27.3417
   -7.5000   -7.5000    0.000017777.3789   27.3602
    0.0000   -7.5000    0.000018346.5254   27.3642
    7.5000   -7.5000    0.000017269.4551   27.3106
   -7.5000    0.0000    0.000018155.3125   27.3208
    0.0000    0.0000    0.000018692.3262   27.3302
    7.5000    0.0000    0.000017646.0469   27.2904
   -7.5000    7.5000    0.000017247.9922   27.3273
    0.0000    7.5000    0.000017694.2266   27.3408
    7.5000    7.5000    0.000016624.2871   27.3071
   -7.5000   15.0000    0.000016141.8096   27.3682
    0.0000   15.0000    0.000016557.4746   27.3790
    7.5000   15.0000    0.000015445.1211   27.3388
   -7.5000   22.5000    0.000014822.6807   27.3922
    0.0000   22.5000    0.000015230.0107   27.3954
    7.5000   22.5000    0.000014142.2715   27.3406
   -7.5000   30.0000    0.000013479.3447   27.0532
    0.0000   30.0000    0.000013851.1865   27.0538
    7.5000   30.0000    0.000012852.0459   26.9923
   -7.5000   37.5000    0.000012643.3262   27.0674
    0.0000   37.5000    0.000013033.2510   27.0711
    7.5000   37.5000    0.000012078.3115   27.0179
   -7.5000   45.0000    0.000011298.3623   26.5711
    0.0000   45.0000    0.000011632.3701   26.5794
    7.5000   45.0000    0.000010794.7119   26.5409
   -7.5000  -45.0000    7.500012146.6230   27.3639
    0.0000  -45.0000    7.500012563.9600   27.3863
    7.5000  -45.0000    7.500011924.9580   27.3483
   -7.5000  -37.5000    7.500012704.1826   27.3306
    0.0000  -37.5000    7.500013194.3379   27.3549
    7.5000  -37.5000    7.500012563.1855   27.3207
   -7.5000  -30.0000    7.500013828.2080   27.3591
    0.0000  -30.0000    7.500014371.6201   27.3809
    7.5000  -30.0000    7.500013637.8145   27.3464
   -7.5000  -22.5000    7.500015156.2998   27.3836
    0.0000  -22.5000    7.500015730.2021   27.4006
    7.5000  -22.5000    7.500014704.3418   27.3615
   -7.5000  -15.0000    7.500016430.2285   27.3781
    0.0000  -15.0000    7.500017064.3027   27.3941
    7.5000  -15.0000    7.500015750.6553   27.3519
   -7.5000   -7.5000    7.500017190.9180   27.3444
    0.0000   -7.5000    7.500017893.5449   27.3635
    7.5000   -7.5000    7.500016577.1660   27.3220
   -7.5000    0.0000    7.500017559.8320   27.3192
    0.0000    0.0000    7.500018224.6582   27.3415
    7.5000    0.0000    7.500016950.1191   27.3037
   -7.5000    7.5000    7.500016610.5879   27.3282
    0.0000    7.5000    7.500017116.4961   27.3525
    7.5000    7.5000    7.500015933.1455   27.3183
   -7.5000   15.0000    7.500015433.1006   27.3591
    0.0000   15.0000    7.500015878.1611   27.3809
    7.5000   15.0000    7.500014768.4014   27.3464
   -7.5000   22.5000    7.500014147.7510   27.3710
    0.0000   22.5000    7.500014577.6436   27.3879
    7.5000   22.5000    7.500013543.2031   27.3489
   -7.5000   30.0000    7.500012895.9854   27.0283
    0.0000   30.0000    7.500013252.7686   27.0441
    7.5000   30.0000    7.500012328.4092   27.0023
   -7.5000   37.5000    7.500012071.2393   27.0516
    0.0000   37.5000    7.500012415.4600   27.0702
    7.5000   37.5000    7.500011581.1182   27.0291
   -7.5000   45.0000    7.500010795.4580   26.5684
    0.0000   45.0000    7.500011107.2422   26.5893
    7.5000   45.0000    7.500010379.2744   26.5527
   -7.5000  -45.0000   15.000011382.9902   27.4065
    0.0000  -45.0000   15.000011783.5771   27.4318
    7.5000  -45.0000   15.000011235.3955   27.3832
   -7.5000  -37.5000   15.000011931.6826   27.3757
    0.0000  -37.5000   15.000012403.2656   27.4026
    7.5000  -37.5000   15.000011832.7354   27.3550
   -7.5000  -30.0000   15.000012997.7246   27.4034
    0.0000  -30.0000   15.000013526.2930   27.4308
    7.5000  -30.0000   15.000012869.9600   27.3861
   -7.5000  -22.5000   15.000014211.7744   27.4278
    0.0000  -22.5000   15.000014725.3984   27.4532
    7.5000  -22.5000   15.000013860.9785   27.4112
   -7.5000  -15.0000   15.000015263.8291   27.4213
    0.0000  -15.0000   15.000015764.4473   27.4451
    7.5000  -15.0000   15.000014752.2188   27.4041
   -7.5000   -7.5000   15.000015988.0449   27.3854
    0.0000   -7.5000   15.000016487.9141   27.4096
    7.5000   -7.5000   15.000015509.7383   27.3651
   -7.5000    0.0000   15.000016462.8496   27.3617
    0.0000    0.0000   15.000016979.3340   27.3869
    7.5000    0.0000   15.000015967.2510   27.3386
   -7.5000    7.5000   15.000015572.3643   27.3733
    0.0000    7.5000   15.000016059.2158   27.4001
    7.5000    7.5000   15.000015067.8916   27.3525
   -7.5000   15.0000   15.000014469.3232   27.4034
    0.0000   15.0000   15.000014928.1221   27.4308
    7.5000   15.0000   15.000013977.3740   27.3861
   -7.5000   22.5000   15.000013282.3770   27.4152
    0.0000   22.5000   15.000013697.0381   27.4405
    7.5000   22.5000   15.000012816.3682   27.3986
   -7.5000   30.0000   15.000012067.2646   27.0711
    0.0000   30.0000   15.000012454.6807   27.0946
    7.5000   30.0000   15.000011651.0605   27.0540
   -7.5000   37.5000   15.000011275.2676   27.0926
    0.0000   37.5000   15.000011633.6611   27.1162
    7.5000   37.5000   15.000010916.5020   27.0722
   -7.5000   45.0000   15.000010074.3135   26.6094
    0.0000   45.0000   15.000010413.9902   26.6337
    7.5000   45.0000   15.0000 9789.9473   26.5869
   -7.5000  -45.0000   22.500010617.6719   27.5476
    0.0000  -45.0000   22.500010980.6865   27.5621
    7.5000  -45.0000   22.500010449.2129   27.5005
   -7.5000  -37.5000   22.500011178.6104   27.5216
    0.0000  -37.5000   22.500011573.6660   27.5398
    7.5000  -37.5000   22.500011017.5205   27.4775
   -7.5000  -30.0000   22.500012126.5264   27.5622
    0.0000  -30.0000   22.500012574.3760   27.5840
    7.5000  -30.0000   22.500011971.4238   27.5217
   -7.5000  -22.5000   22.500013120.7900   27.5964
    0.0000  -22.5000   22.500013579.2031   27.6172
    7.5000  -22.5000   22.500012887.8906   27.5557
   -7.5000  -15.0000   22.500014003.5859   27.5883
    0.0000  -15.0000   22.500014456.0615   27.6052
    7.5000  -15.0000   22.500013729.8828   27.5459
   -7.5000   -7.5000   22.500014675.2197   27.5374
    0.0000   -7.5000   22.500015143.4248   27.5514
    7.5000   -7.5000   22.500014439.4756   27.4925
   -7.5000    0.0000   22.500015084.5430   27.5024
    0.0000    0.0000   22.500015569.1992   27.5169
    7.5000    0.0000   22.500014816.9561   27.4555
   -7.5000    7.5000   22.500014273.6729   27.5192
    0.0000    7.5000   22.500014721.1309   27.5373
    7.5000    7.5000   22.500013985.7812   27.4750
   -7.5000   15.0000   22.500013267.0869   27.5622
    0.0000   15.0000   22.500013668.1875   27.5840
    7.5000   15.0000   22.500012955.0879   27.5217
   -7.5000   22.5000   22.500012210.0225   27.5837
    0.0000   22.5000   22.500012591.0068   27.6045
    7.5000   22.5000   22.500011869.1904   27.5430
   -7.5000   30.0000   22.500011129.7422   27.2364
    0.0000   30.0000   22.500011490.6543   27.2529
    7.5000   30.0000   22.500010786.9580   27.1943
   -7.5000   37.5000   22.500010451.8857   27.2438
    0.0000   37.5000   22.500010804.2598   27.2575
    7.5000   37.5000   22.500010157.6191   27.1991
   -7.5000   45.0000   22.5000 9334.7695   26.7478
    0.0000   45.0000   22.5000 9676.8477   26.7621
    7.5000   45.0000   22.5000 9132.7207   26.7029
   -7.5000  -45.0000   30.0000 9890.4531   28.1664
    0.0000  -45.0000   30.000010202.8154   28.1688
    7.5000  -45.0000   30.0000 9723.7021   28.0988
   -7.5000  -37.5000   30.000010389.0322   28.1395
    0.0000  -37.5000   30.000010727.0664   28.1491
    7.5000  -37.5000   30.000010232.6172   28.0813
   -7.5000  -30.0000   30.000011290.5625   28.1917
    0.0000  -30.0000   30.000011675.3721   28.2065
    7.5000  -30.0000   30.000011130.5459   28.1349
   -7.5000  -22.5000   30.000012182.2012   28.2369
    0.0000  -22.5000   30.000012603.7744   28.2485
    7.5000  -22.5000   30.000011988.1729   28.1692
   -7.5000  -15.0000   30.000012953.7930   28.2296
    0.0000  -15.0000   30.000013395.6943   28.2346
    7.5000  -15.0000   30.000012745.9873   28.1531
   -7.5000   -7.5000   30.000013582.6885   28.1667
    0.0000   -7.5000   30.000014048.2725   28.1678
    7.5000   -7.5000   30.000013416.3330   28.0922
   -7.5000    0.0000   30.000014001.1768   28.1191
    0.0000    0.0000   30.000014470.7949   28.1216
    7.5000    0.0000   30.000013793.4648   28.0519
   -7.5000    7.5000   30.000013247.9766   28.1369
    0.0000    7.5000   30.000013678.2900   28.1465
    7.5000    7.5000   30.000012998.3750   28.0786
   -7.5000   15.0000   30.000012300.5254   28.1917
    0.0000   15.0000   30.000012677.1338   28.2065
    7.5000   15.0000   30.000012019.6992   28.1349
   -7.5000   22.5000   30.000011255.4951   28.2239
    0.0000   22.5000   30.000011623.8984   28.2355
    7.5000   22.5000   30.000010975.3604   28.1562
   -7.5000   30.0000   30.000010262.0918   27.8673
    0.0000   30.0000   30.000010599.9707   27.8721
    7.5000   30.0000   30.0000 9974.5762   27.7916
   -7.5000   37.5000   30.0000 9685.7129   27.8601
    0.0000   37.5000   30.000010008.2441   27.8609
    7.5000   37.5000   30.0000 9411.6641   27.7861
   -7.5000   45.0000   30.0000 8698.9502   27.3388
    0.0000   45.0000   30.0000 8992.0264   27.3415
    7.5000   45.0000   30.0000 8481.7793   27.2744
   -7.5000  -45.0000   37.5000 9491.8252   28.9311
    0.0000  -45.0000   37.5000 9770.9238   28.9298
    7.5000  -45.0000   37.5000 9314.9023   28.8665
   -7.5000  -37.5000   37.5000 9986.7588   28.8917
    0.0000  -37.5000   37.500010296.2637   28.8980
    7.5000  -37.5000   37.5000 9816.3828   28.8417
   -7.5000  -30.0000   37.500010845.2607   28.9448
    0.0000  -30.0000   37.500011217.3457   28.9527
    7.5000  -30.0000   37.500010680.8428   28.8883
   -7.5000  -22.5000   37.500011685.5352   28.9992
    0.0000  -22.5000   37.500012098.2725   28.9995
    7.5000  -22.5000   37.500011499.0693   28.9172
   -7.5000  -15.0000   37.500012421.6602   29.0008
    0.0000  -15.0000   37.500012856.9531   28.9950
    7.5000  -15.0000   37.500012231.9639   28.9048
   -7.5000   -7.5000   37.500013038.0811   28.9387
    0.0000   -7.5000   37.500013473.2100   28.9327
    7.5000   -7.5000   37.500012866.6641   28.8538
   -7.5000    0.0000   37.500013421.3916   28.8812
    0.0000    0.0000   37.500013863.4834   28.8799
    7.5000    0.0000   37.500013237.7480   28.8170
   -7.5000    7.5000   37.500012723.9824   28.8889
    0.0000    7.5000   37.500013116.7139   28.8953
    7.5000    7.5000   37.500012505.1260   28.8390
   -7.5000   15.0000   37.500011814.2803   28.9448
    0.0000   15.0000   37.500012176.3857   28.9527
    7.5000   15.0000   37.500011565.3818   28.8883
   -7.5000   22.5000   37.500010827.7734   28.9858
    0.0000   22.5000   37.500011170.3486   28.9861
    7.5000   22.5000   37.500010568.1846   28.9039
   -7.5000   30.0000   37.5000 9846.4785   28.6268
    0.0000   30.0000   37.500010172.0684   28.6210
    7.5000   30.0000   37.5000 9581.6455   28.5319
   -7.5000   37.5000   37.5000 9274.5781   28.6107
    0.0000   37.5000   37.5000 9598.8203   28.6046
    7.5000   37.5000   37.5000 9045.2480   28.5265
   -7.5000   45.0000   37.5000 8348.8955   28.0596
    0.0000   45.0000   37.5000 8635.8184   28.0581
    7.5000   45.0000   37.5000 8171.5952   27.9977
   -7.5000  -45.0000   45.0000 8686.6934   29.7464
    0.0000  -45.0000   45.0000 8955.1211   29.7622
    7.5000  -45.0000   45.0000 8510.7012   29.7096
   -7.5000  -37.5000   45.0000 9160.3301   29.6984
    0.0000  -37.5000   45.0000 9454.3564   29.7192
    7.5000  -37.5000   45.0000 8988.1123   29.6746
   -7.5000  -30.0000   45.0000 9976.7695   29.7479
    0.0000  -30.0000   45.000010320.5254   29.7650
    7.5000  -30.0000   45.0000 9808.6113   29.7136
   -7.5000  -22.5000   45.000010728.7500   29.8027
    0.0000  -22.5000   45.000011103.0684   29.8099
    7.5000  -22.5000   45.000010556.7119   29.7411
   -7.5000  -15.0000   45.000011388.3779   29.8076
    0.0000  -15.0000   45.000011774.7373   29.8111
    7.5000  -15.0000   45.000011218.3564   29.7329
   -7.5000   -7.5000   45.000011979.0537   29.7507
    0.0000   -7.5000   45.000012385.0352   29.7587
    7.5000   -7.5000   45.000011822.5762   29.6903
   -7.5000    0.0000   45.000012338.6348   29.6934
    0.0000    0.0000   45.000012753.5107   29.7089
    7.5000    0.0000   45.000012177.7549   29.6566
   -7.5000    7.5000   45.000011668.9160   29.6955
    0.0000    7.5000   45.000012054.0762   29.7163
    7.5000    7.5000   45.000011502.2803   29.6717
   -7.5000   15.0000   45.000010842.0449   29.7479
    0.0000   15.0000   45.000011196.6777   29.7650
    7.5000   15.0000   45.000010654.6191   29.7136
   -7.5000   22.5000   45.0000 9960.7051   29.7888
    0.0000   22.5000   45.000010273.2119   29.7961
    7.5000   22.5000   45.0000 9758.5879   29.7273
   -7.5000   30.0000   45.0000 9059.8477   29.4197
    0.0000   30.0000   45.0000 9336.1523   29.4231
    7.5000   30.0000   45.0000 8843.3125   29.3460
   -7.5000   37.5000   45.0000 8498.5039   29.3990
    0.0000   37.5000   45.0000 8796.1201   29.4068
    7.5000   37.5000   45.0000 8326.4062   29.3392
   -7.5000   45.0000   45.0000 7689.7104   28.8422
    0.0000   45.0000   45.0000 7952.0083   28.8568
    7.5000   45.0000   45.0000 7524.9829   28.8066

---------------------------------------------------------------------
imgreg_4dfp /usr/local/freesurfer/average/711-2C_as_mni_average_305 /usr/local/freesurfer/average/711-2B_as_mni_average_305_mask talsrcimg_g11 none talsrcimg_to_711-2C_as_mni_average_305_t4 4355
---------------------------------------------------------------------

freesurfer imgreg_4dfp.c
/usr/local/freesurfer/average/711-2C_as_mni_average_305.4dfp.img
       256       256       256         1
  1.000000  1.000000  1.000000
orientation T byte_order littleendian
Reading image: /usr/local/freesurfer/average/711-2C_as_mni_average_305.4dfp.img
dimensions:      256       256       256
mmppix:       1.0000   -1.0000   -1.0000
center:     128.0000 -129.0000 -129.0000
/usr/local/freesurfer/average/711-2B_as_mni_average_305_mask.4dfp.img
       256       256       256         1
  1.000000  1.000000  1.000000
orientation T byte_order littleendian
Reading mask: /usr/local/freesurfer/average/711-2B_as_mni_average_305_mask.4dfp.img (2306576 pixels)
talsrcimg_g11.4dfp.img
       256       256       256         1
  1.000000  1.000000  1.000000
orientation T byte_order littleendian
Reading image: talsrcimg_g11.4dfp.img
dimensions:      256       256       256
mmppix:       1.0000   -1.0000   -1.0000
center:     128.0000 -129.0000 -129.0000
rotation matrix determinant  1.000000
image alignment mode   4355 decimal     1103 hex
   -7.5000  -45.0000  -45.0000 2388.2864   25.5736
    0.0000  -45.0000  -45.0000 2381.0005   25.4698
    7.5000  -45.0000  -45.0000 2361.5642   25.7413
   -7.5000  -37.5000  -45.0000 2437.5134   24.3168
    0.0000  -37.5000  -45.0000 2425.5439   24.2552
    7.5000  -37.5000  -45.0000 2404.5413   24.5413
   -7.5000  -30.0000  -45.0000 2464.5867   23.5246
    0.0000  -30.0000  -45.0000 2451.4019   23.5097
    7.5000  -30.0000  -45.0000 2423.2476   23.8380
   -7.5000  -22.5000  -45.0000 2474.5303   23.1446
    0.0000  -22.5000  -45.0000 2466.7449   23.1981
    7.5000  -22.5000  -45.0000 2437.5156   23.5156
   -7.5000  -15.0000  -45.0000 2484.9148   23.0596
    0.0000  -15.0000  -45.0000 2474.0500   23.1021
    7.5000  -15.0000  -45.0000 2447.4431   23.4444
   -7.5000   -7.5000  -45.0000 2487.4460   23.3206
    0.0000   -7.5000  -45.0000 2480.6440   23.3823
    7.5000   -7.5000  -45.0000 2449.6514   23.6966
   -7.5000    0.0000  -45.0000 2471.3120   23.8349
    0.0000    0.0000  -45.0000 2467.5383   23.9197
    7.5000    0.0000  -45.0000 2434.2524   24.3148
   -7.5000    7.5000  -45.0000 2436.8145   24.7724
    0.0000    7.5000  -45.0000 2434.1260   24.8355
    7.5000    7.5000  -45.0000 2399.0405   25.3013
   -7.5000   15.0000  -45.0000 2376.5813   26.1026
    0.0000   15.0000  -45.0000 2372.1221   26.1342
    7.5000   15.0000  -45.0000 2337.3342   26.6201
   -7.5000   22.5000  -45.0000 2300.9268   27.9527
    0.0000   22.5000  -45.0000 2297.3535   27.9175
    7.5000   22.5000  -45.0000 2266.4639   28.3797
   -7.5000   30.0000  -45.0000 2201.7622   30.3221
    0.0000   30.0000  -45.0000 2195.1670   30.3394
    7.5000   30.0000  -45.0000 2172.9688   30.9127
   -7.5000   37.5000  -45.0000 2094.3435   33.5002
    0.0000   37.5000  -45.0000 2088.3218   33.5602
    7.5000   37.5000  -45.0000 2064.5457   34.1760
   -7.5000   45.0000  -45.0000 1976.7252   37.6150
    0.0000   45.0000  -45.0000 1976.0662   37.7278
    7.5000   45.0000  -45.0000 1949.9596   38.4361
   -7.5000  -45.0000  -37.5000 2472.1621   24.0589
    0.0000  -45.0000  -37.5000 2465.9460   24.0080
    7.5000  -45.0000  -37.5000 2441.5513   24.2393
   -7.5000  -37.5000  -37.5000 2523.8325   22.8330
    0.0000  -37.5000  -37.5000 2512.2131   22.7586
    7.5000  -37.5000  -37.5000 2482.0889   23.0052
   -7.5000  -30.0000  -37.5000 2546.9082   22.0041
    0.0000  -30.0000  -37.5000 2540.1394   21.9906
    7.5000  -30.0000  -37.5000 2503.9141   22.2847
   -7.5000  -22.5000  -37.5000 2556.6345   21.6513
    0.0000  -22.5000  -37.5000 2549.6553   21.6418
    7.5000  -22.5000  -37.5000 2518.5623   21.9060
   -7.5000  -15.0000  -37.5000 2566.9180   21.5608
    0.0000  -15.0000  -37.5000 2563.0679   21.5820
    7.5000  -15.0000  -37.5000 2535.3660   21.8289
   -7.5000   -7.5000  -37.5000 2572.0244   21.8005
    0.0000   -7.5000  -37.5000 2572.1021   21.8416
    7.5000   -7.5000  -37.5000 2539.3887   22.1542
   -7.5000    0.0000  -37.5000 2558.5933   22.3648
    0.0000    0.0000  -37.5000 2556.2783   22.4091
    7.5000    0.0000  -37.5000 2522.4600   22.7385
   -7.5000    7.5000  -37.5000 2522.6035   23.2602
    0.0000    7.5000  -37.5000 2525.8616   23.3236
    7.5000    7.5000  -37.5000 2488.8323   23.6650
   -7.5000   15.0000  -37.5000 2460.6016   24.4001
    0.0000   15.0000  -37.5000 2460.1172   24.4648
    7.5000   15.0000  -37.5000 2428.1606   24.8257
   -7.5000   22.5000  -37.5000 2380.7786   26.0179
    0.0000   22.5000  -37.5000 2382.6509   26.0248
    7.5000   22.5000  -37.5000 2349.2349   26.4047
   -7.5000   30.0000  -37.5000 2276.7683   28.1455
    0.0000   30.0000  -37.5000 2278.8318   28.2545
    7.5000   30.0000  -37.5000 2248.8220   28.7493
   -7.5000   37.5000  -37.5000 2162.4031   31.0539
    0.0000   37.5000  -37.5000 2161.7498   31.1498
    7.5000   37.5000  -37.5000 2137.9131   31.7440
   -7.5000   45.0000  -37.5000 2043.7693   34.8494
    0.0000   45.0000  -37.5000 2045.1284   34.9431
    7.5000   45.0000  -37.5000 2014.7374   35.5687
   -7.5000  -45.0000  -30.0000 2580.4624   23.5040
    0.0000  -45.0000  -30.0000 2580.9656   23.4473
    7.5000  -45.0000  -30.0000 2547.9482   23.6487
   -7.5000  -37.5000  -30.0000 2635.7720   22.2388
    0.0000  -37.5000  -30.0000 2629.8337   22.1907
    7.5000  -37.5000  -30.0000 2595.9006   22.3988
   -7.5000  -30.0000  -30.0000 2669.6328   21.4887
    0.0000  -30.0000  -30.0000 2664.8376   21.4163
    7.5000  -30.0000  -30.0000 2626.1018   21.6182
   -7.5000  -22.5000  -30.0000 2683.0718   20.9870
    0.0000  -22.5000  -30.0000 2678.0513   20.9214
    7.5000  -22.5000  -30.0000 2646.6895   21.1414
   -7.5000  -15.0000  -30.0000 2684.7295   20.8932
    0.0000  -15.0000  -30.0000 2680.1731   20.8530
    7.5000  -15.0000  -30.0000 2655.8484   21.0312
   -7.5000   -7.5000  -30.0000 2694.5103   21.1258
    0.0000   -7.5000  -30.0000 2695.9253   21.0939
    7.5000   -7.5000  -30.0000 2661.0251   21.3075
   -7.5000    0.0000  -30.0000 2688.1997   21.6811
    0.0000    0.0000  -30.0000 2691.1277   21.7133
    7.5000    0.0000  -30.0000 2654.4812   21.9469
   -7.5000    7.5000  -30.0000 2654.7329   22.5426
    0.0000    7.5000  -30.0000 2659.0818   22.6043
    7.5000    7.5000  -30.0000 2621.3254   22.8448
   -7.5000   15.0000  -30.0000 2585.4856   23.6889
    0.0000   15.0000  -30.0000 2593.5127   23.7427
    7.5000   15.0000  -30.0000 2557.6250   24.0015
   -7.5000   22.5000  -30.0000 2499.9290   25.1400
    0.0000   22.5000  -30.0000 2505.8684   25.2108
    7.5000   22.5000  -30.0000 2473.3323   25.5746
   -7.5000   30.0000  -30.0000 2393.8357   27.1707
    0.0000   30.0000  -30.0000 2399.7646   27.2729
    7.5000   30.0000  -30.0000 2371.6404   27.7416
   -7.5000   37.5000  -30.0000 2267.7214   29.8939
    0.0000   37.5000  -30.0000 2271.4382   29.9461
    7.5000   37.5000  -30.0000 2248.1975   30.5347
   -7.5000   45.0000  -30.0000 2135.9819   33.5150
    0.0000   45.0000  -30.0000 2144.5176   33.5641
    7.5000   45.0000  -30.0000 2115.9854   34.1669
   -7.5000  -45.0000  -22.5000 2659.8826   22.8978
    0.0000  -45.0000  -22.5000 2655.1643   22.8571
    7.5000  -45.0000  -22.5000 2615.5371   23.0417
   -7.5000  -37.5000  -22.5000 2718.3789   21.6169
    0.0000  -37.5000  -22.5000 2715.9934   21.5717
    7.5000  -37.5000  -22.5000 2675.7441   21.7542
   -7.5000  -30.0000  -22.5000 2756.0347   20.8288
    0.0000  -30.0000  -22.5000 2753.7859   20.7475
    7.5000  -30.0000  -22.5000 2713.0977   20.9274
   -7.5000  -22.5000  -22.5000 2776.0166   20.2732
    0.0000  -22.5000  -22.5000 2772.0129   20.1727
    7.5000  -22.5000  -22.5000 2736.4934   20.4177
   -7.5000  -15.0000  -22.5000 2777.5125   20.0684
    0.0000  -15.0000  -22.5000 2774.9590   20.0289
    7.5000  -15.0000  -22.5000 2741.3208   20.2236
   -7.5000   -7.5000  -22.5000 2789.6626   20.2710
    0.0000   -7.5000  -22.5000 2789.9607   20.2849
    7.5000   -7.5000  -22.5000 2749.5254   20.4488
   -7.5000    0.0000  -22.5000 2784.8438   20.8337
    0.0000    0.0000  -22.5000 2784.0210   20.8875
    7.5000    0.0000  -22.5000 2742.5103   21.0573
   -7.5000    7.5000  -22.5000 2756.6990   21.7150
    0.0000    7.5000  -22.5000 2759.9604   21.7632
    7.5000    7.5000  -22.5000 2718.0884   21.9623
   -7.5000   15.0000  -22.5000 2688.4851   22.8600
    0.0000   15.0000  -22.5000 2693.5383   22.8880
    7.5000   15.0000  -22.5000 2653.1582   23.1362
   -7.5000   22.5000  -22.5000 2597.7397   24.3903
    0.0000   22.5000  -22.5000 2601.7324   24.4059
    7.5000   22.5000  -22.5000 2567.8662   24.7461
   -7.5000   30.0000  -22.5000 2490.2141   26.3389
    0.0000   30.0000  -22.5000 2494.8411   26.3614
    7.5000   30.0000  -22.5000 2460.0654   26.7962
   -7.5000   37.5000  -22.5000 2350.4714   28.9460
    0.0000   37.5000  -22.5000 2355.6357   28.9338
    7.5000   37.5000  -22.5000 2328.2170   29.4632
   -7.5000   45.0000  -22.5000 2211.7485   32.3896
    0.0000   45.0000  -22.5000 2216.1997   32.3945
    7.5000   45.0000  -22.5000 2186.5496   32.9776
   -7.5000  -45.0000  -15.0000 2694.6926   22.4668
    0.0000  -45.0000  -15.0000 2685.4517   22.4245
    7.5000  -45.0000  -15.0000 2650.5474   22.6581
   -7.5000  -37.5000  -15.0000 2762.7527   21.1392
    0.0000  -37.5000  -15.0000 2756.6482   21.1048
    7.5000  -37.5000  -15.0000 2721.5295   21.3258
   -7.5000  -30.0000  -15.0000 2800.7378   20.2870
    0.0000  -30.0000  -15.0000 2800.1494   20.2279
    7.5000  -30.0000  -15.0000 2766.5100   20.4493
   -7.5000  -22.5000  -15.0000 2832.0720   19.7731
    0.0000  -22.5000  -15.0000 2831.8328   19.6852
    7.5000  -22.5000  -15.0000 2788.1987   19.8969
   -7.5000  -15.0000  -15.0000 2841.6016   19.3857
    0.0000  -15.0000  -15.0000 2834.9116   19.3764
    7.5000  -15.0000  -15.0000 2794.3726   19.7118
   -7.5000   -7.5000  -15.0000 2852.8318   19.6097
    0.0000   -7.5000  -15.0000 2850.1116   19.5939
    7.5000   -7.5000  -15.0000 2807.1348   19.9112
   -7.5000    0.0000  -15.0000 2851.2341   20.1957
    0.0000    0.0000  -15.0000 2848.4724   20.1716
    7.5000    0.0000  -15.0000 2803.8735   20.4586
   -7.5000    7.5000  -15.0000 2822.4585   21.0865
    0.0000    7.5000  -15.0000 2822.5159   21.0517
    7.5000    7.5000  -15.0000 2780.3467   21.3127
   -7.5000   15.0000  -15.0000 2750.8196   22.1676
    0.0000   15.0000  -15.0000 2754.5391   22.1831
    7.5000   15.0000  -15.0000 2717.4150   22.4784
   -7.5000   22.5000  -15.0000 2661.0405   23.6624
    0.0000   22.5000  -15.0000 2660.2297   23.6779
    7.5000   22.5000  -15.0000 2628.5347   24.0938
   -7.5000   30.0000  -15.0000 2553.4346   25.6168
    0.0000   30.0000  -15.0000 2552.9670   25.6189
    7.5000   30.0000  -15.0000 2516.8911   26.1660
   -7.5000   37.5000  -15.0000 2416.7510   28.1817
    0.0000   37.5000  -15.0000 2418.1848   28.2022
    7.5000   37.5000  -15.0000 2387.8477   28.7996
   -7.5000   45.0000  -15.0000 2265.1877   31.4581
    0.0000   45.0000  -15.0000 2269.5210   31.5420
    7.5000   45.0000  -15.0000 2237.7747   32.1694
   -7.5000  -45.0000   -7.5000 2709.2576   22.1701
    0.0000  -45.0000   -7.5000 2694.5789   22.1441
    7.5000  -45.0000   -7.5000 2661.5103   22.5457
   -7.5000  -37.5000   -7.5000 2780.5674   20.8093
    0.0000  -37.5000   -7.5000 2767.9153   20.7587
    7.5000  -37.5000   -7.5000 2737.3689   21.1476
   -7.5000  -30.0000   -7.5000 2826.4663   19.9758
    0.0000  -30.0000   -7.5000 2820.1042   19.9065
    7.5000  -30.0000   -7.5000 2787.3374   20.1953
   -7.5000  -22.5000   -7.5000 2860.8608   19.4626
    0.0000  -22.5000   -7.5000 2860.6304   19.3825
    7.5000  -22.5000   -7.5000 2816.1099   19.6424
   -7.5000  -15.0000   -7.5000 2884.1331   19.0290
    0.0000  -15.0000   -7.5000 2879.8955   19.0520
    7.5000  -15.0000   -7.5000 2830.4697   19.4508
   -7.5000   -7.5000   -7.5000 2890.3186   19.0498
    0.0000   -7.5000   -7.5000 2887.3933   19.0840
    7.5000   -7.5000   -7.5000 2842.1538   19.6158
   -7.5000    0.0000   -7.5000 2884.6487   19.7037
    0.0000    0.0000   -7.5000 2886.4739   19.6450
    7.5000    0.0000   -7.5000 2840.8416   20.1479
   -7.5000    7.5000   -7.5000 2861.8159   20.5373
    0.0000    7.5000   -7.5000 2859.1714   20.4467
    7.5000    7.5000   -7.5000 2815.7114   20.8933
   -7.5000   15.0000   -7.5000 2793.7485   21.5096
    0.0000   15.0000   -7.5000 2793.3979   21.5349
    7.5000   15.0000   -7.5000 2756.1038   22.0382
   -7.5000   22.5000   -7.5000 2698.1765   23.0005
    0.0000   22.5000   -7.5000 2698.7373   23.0899
    7.5000   22.5000   -7.5000 2665.7781   23.6313
   -7.5000   30.0000   -7.5000 2588.8838   25.0482
    0.0000   30.0000   -7.5000 2584.0286   25.1009
    7.5000   30.0000   -7.5000 2553.4524   25.6769
   -7.5000   37.5000   -7.5000 2456.0657   27.5963
    0.0000   37.5000   -7.5000 2456.7942   27.6099
    7.5000   37.5000   -7.5000 2424.1108   28.2483
   -7.5000   45.0000   -7.5000 2298.1536   30.7241
    0.0000   45.0000   -7.5000 2296.8020   30.7762
    7.5000   45.0000   -7.5000 2271.3018   31.5274
   -7.5000  -45.0000    0.0000 2681.4575   22.0861
    0.0000  -45.0000    0.0000 2675.8594   22.1582
    7.5000  -45.0000    0.0000 2638.0168   22.6227
   -7.5000  -37.5000    0.0000 2759.5969   20.6259
    0.0000  -37.5000    0.0000 2754.8677   20.6984
    7.5000  -37.5000    0.0000 2719.2019   21.1741
   -7.5000  -30.0000    0.0000 2816.6206   19.7142
    0.0000  -30.0000    0.0000 2815.7065   19.7728
    7.5000  -30.0000    0.0000 2783.1321   20.1561
   -7.5000  -22.5000    0.0000 2866.4163   19.3184
    0.0000  -22.5000    0.0000 2863.2949   19.2574
    7.5000  -22.5000    0.0000 2827.9463   19.6349
   -7.5000  -15.0000    0.0000 2903.8516   19.1877
    0.0000  -15.0000    0.0000 2898.4675   19.1675
    7.5000  -15.0000    0.0000 2857.6570   19.5723
   -7.5000   -7.5000    0.0000 2909.8862   19.1106
    0.0000   -7.5000    0.0000 2912.3350   19.2074
    7.5000   -7.5000    0.0000 2870.2107   19.7528
   -7.5000    0.0000    0.0000 2888.0190   19.3760
    0.0000    0.0000    0.0000 2890.1567   19.4338
    7.5000    0.0000    0.0000 2847.0916   19.9930
   -7.5000    7.5000    0.0000 2851.7358   20.0717
    0.0000    7.5000    0.0000 2852.1851   20.1479
    7.5000    7.5000    0.0000 2811.5349   20.6862
   -7.5000   15.0000    0.0000 2789.3057   21.2066
    0.0000   15.0000    0.0000 2798.8357   21.2756
    7.5000   15.0000    0.0000 2756.8877   21.7725
   -7.5000   22.5000    0.0000 2700.6978   22.7937
    0.0000   22.5000    0.0000 2712.9385   22.8819
    7.5000   22.5000    0.0000 2672.6572   23.3548
   -7.5000   30.0000    0.0000 2585.6963   24.8134
    0.0000   30.0000    0.0000 2589.6938   24.9228
    7.5000   30.0000    0.0000 2558.3665   25.3423
   -7.5000   37.5000    0.0000 2464.6064   27.3627
    0.0000   37.5000    0.0000 2465.7537   27.4855
    7.5000   37.5000    0.0000 2437.0310   27.9067
   -7.5000   45.0000    0.0000 2314.1868   30.4952
    0.0000   45.0000    0.0000 2311.5410   30.6252
    7.5000   45.0000    0.0000 2284.5493   31.1162
   -7.5000  -45.0000    7.5000 2636.8635   22.2692
    0.0000  -45.0000    7.5000 2636.0881   22.3942
    7.5000  -45.0000    7.5000 2602.6101   23.0320
   -7.5000  -37.5000    7.5000 2713.5876   20.7539
    0.0000  -37.5000    7.5000 2714.8162   20.8765
    7.5000  -37.5000    7.5000 2689.9636   21.4972
   -7.5000  -30.0000    7.5000 2776.8560   19.7489
    0.0000  -30.0000    7.5000 2783.0913   19.8984
    7.5000  -30.0000    7.5000 2757.2830   20.4314
   -7.5000  -22.5000    7.5000 2840.0728   19.4113
    0.0000  -22.5000    7.5000 2847.1311   19.4860
    7.5000  -22.5000    7.5000 2811.9688   19.9142
   -7.5000  -15.0000    7.5000 2895.6433   19.5357
    0.0000  -15.0000    7.5000 2902.8794   19.5903
    7.5000  -15.0000    7.5000 2851.8572   19.8733
   -7.5000   -7.5000    7.5000 2910.4016   19.5077
    0.0000   -7.5000    7.5000 2915.5330   19.6949
    7.5000   -7.5000    7.5000 2856.9241   19.9999
   -7.5000    0.0000    7.5000 2883.4558   19.6736
    0.0000    0.0000    7.5000 2889.6697   19.8259
    7.5000    0.0000    7.5000 2839.7783   20.2637
   -7.5000    7.5000    7.5000 2848.6426   20.3015
    0.0000    7.5000    7.5000 2853.1526   20.4380
    7.5000    7.5000    7.5000 2811.2993   20.8879
   -7.5000   15.0000    7.5000 2778.7075   21.3914
    0.0000   15.0000    7.5000 2787.8713   21.4468
    7.5000   15.0000    7.5000 2748.6597   21.8540
   -7.5000   22.5000    7.5000 2691.8564   22.9099
    0.0000   22.5000    7.5000 2706.2571   22.9416
    7.5000   22.5000    7.5000 2665.5034   23.3521
   -7.5000   30.0000    7.5000 2581.4438   24.8996
    0.0000   30.0000    7.5000 2587.5940   24.9624
    7.5000   30.0000    7.5000 2556.7869   25.3787
   -7.5000   37.5000    7.5000 2465.7690   27.4712
    0.0000   37.5000    7.5000 2463.4460   27.5321
    7.5000   37.5000    7.5000 2434.5764   27.9619
   -7.5000   45.0000    7.5000 2323.1460   30.6458
    0.0000   45.0000    7.5000 2318.2913   30.7135
    7.5000   45.0000    7.5000 2288.2112   31.1821
   -7.5000  -45.0000   15.0000 2578.3386   22.9681
    0.0000  -45.0000   15.0000 2569.9553   23.1134
    7.5000  -45.0000   15.0000 2558.0640   23.9391
   -7.5000  -37.5000   15.0000 2658.3601   21.4456
    0.0000  -37.5000   15.0000 2654.8933   21.6245
    7.5000  -37.5000   15.0000 2641.8745   22.3242
   -7.5000  -30.0000   15.0000 2732.1169   20.4624
    0.0000  -30.0000   15.0000 2733.5376   20.6554
    7.5000  -30.0000   15.0000 2709.6399   21.1987
   -7.5000  -22.5000   15.0000 2802.6558   20.0448
    0.0000  -22.5000   15.0000 2799.8833   20.1349
    7.5000  -22.5000   15.0000 2769.1768   20.5737
   -7.5000  -15.0000   15.0000 2854.0510   20.0416
    0.0000  -15.0000   15.0000 2846.5049   20.0650
    7.5000  -15.0000   15.0000 2802.3005   20.3239
   -7.5000   -7.5000   15.0000 2869.6812   19.9724
    0.0000   -7.5000   15.0000 2854.6646   20.0316
    7.5000   -7.5000   15.0000 2809.2993   20.3940
   -7.5000    0.0000   15.0000 2853.8279   20.3577
    0.0000    0.0000   15.0000 2848.5498   20.3866
    7.5000    0.0000   15.0000 2806.7253   20.8963
   -7.5000    7.5000   15.0000 2819.1865   21.1882
    0.0000    7.5000   15.0000 2819.9561   21.1959
    7.5000    7.5000   15.0000 2781.3604   21.5968
   -7.5000   15.0000   15.0000 2756.0986   22.2643
    0.0000   15.0000   15.0000 2764.1824   22.3265
    7.5000   15.0000   15.0000 2723.8320   22.6436
   -7.5000   22.5000   15.0000 2670.3884   23.5856
    0.0000   22.5000   15.0000 2674.0103   23.6218
    7.5000   22.5000   15.0000 2637.3413   23.9901
   -7.5000   30.0000   15.0000 2563.5183   25.3651
    0.0000   30.0000   15.0000 2565.4390   25.3936
    7.5000   30.0000   15.0000 2534.8135   25.8138
   -7.5000   37.5000   15.0000 2447.4307   27.7753
    0.0000   37.5000   15.0000 2442.5461   27.8360
    7.5000   37.5000   15.0000 2418.7776   28.2841
   -7.5000   45.0000   15.0000 2303.7998   30.8335
    0.0000   45.0000   15.0000 2307.3164   30.8685
    7.5000   45.0000   15.0000 2282.2209   31.3449
   -7.5000  -45.0000   22.5000 2516.7156   24.1220
    0.0000  -45.0000   22.5000 2509.0984   24.3074
    7.5000  -45.0000   22.5000 2497.3125   25.1074
   -7.5000  -37.5000   22.5000 2601.3311   22.5675
    0.0000  -37.5000   22.5000 2599.0288   22.7127
    7.5000  -37.5000   22.5000 2584.1343   23.4366
   -7.5000  -30.0000   22.5000 2674.0896   21.4209
    0.0000  -30.0000   22.5000 2674.9473   21.5423
    7.5000  -30.0000   22.5000 2652.8188   22.1828
   -7.5000  -22.5000   22.5000 2735.7773   20.8309
    0.0000  -22.5000   22.5000 2732.3481   20.8875
    7.5000  -22.5000   22.5000 2711.7861   21.4291
   -7.5000  -15.0000   22.5000 2786.4963   20.6720
    0.0000  -15.0000   22.5000 2775.6760   20.6834
    7.5000  -15.0000   22.5000 2740.9346   21.0965
   -7.5000   -7.5000   22.5000 2802.7175   20.6412
    0.0000   -7.5000   22.5000 2791.0264   20.6992
    7.5000   -7.5000   22.5000 2755.8733   21.2458
   -7.5000    0.0000   22.5000 2790.9741   21.1779
    0.0000    0.0000   22.5000 2786.6636   21.1901
    7.5000    0.0000   22.5000 2753.4753   21.7470
   -7.5000    7.5000   22.5000 2754.3049   22.0475
    0.0000    7.5000   22.5000 2755.1614   22.0282
    7.5000    7.5000   22.5000 2727.8718   22.5069
   -7.5000   15.0000   22.5000 2692.8718   23.1574
    0.0000   15.0000   22.5000 2694.1780   23.1443
    7.5000   15.0000   22.5000 2668.2390   23.5650
   -7.5000   22.5000   22.5000 2627.5115   24.5117
    0.0000   22.5000   22.5000 2625.6841   24.5377
    7.5000   22.5000   22.5000 2591.2954   24.9116
   -7.5000   30.0000   22.5000 2537.7666   26.3029
    0.0000   30.0000   22.5000 2539.0212   26.2951
    7.5000   30.0000   22.5000 2499.0552   26.6697
   -7.5000   37.5000   22.5000 2423.0134   28.5260
    0.0000   37.5000   22.5000 2419.4763   28.5695
    7.5000   37.5000   22.5000 2393.1006   29.0765
   -7.5000   45.0000   22.5000 2272.8643   31.4529
    0.0000   45.0000   22.5000 2277.9680   31.5369
    7.5000   45.0000   22.5000 2261.5718   32.0493
   -7.5000  -45.0000   30.0000 2447.0488   25.5972
    0.0000  -45.0000   30.0000 2439.8491   25.7313
    7.5000  -45.0000   30.0000 2431.5547   26.6162
   -7.5000  -37.5000   30.0000 2530.7905   23.8021
    0.0000  -37.5000   30.0000 2530.5947   23.9197
    7.5000  -37.5000   30.0000 2515.3821   24.7248
   -7.5000  -30.0000   30.0000 2601.0151   22.5561
    0.0000  -30.0000   30.0000 2604.0112   22.6480
    7.5000  -30.0000   30.0000 2583.0518   23.3978
   -7.5000  -22.5000   30.0000 2661.2500   21.8788
    0.0000  -22.5000   30.0000 2663.4360   21.9457
    7.5000  -22.5000   30.0000 2642.1746   22.5698
   -7.5000  -15.0000   30.0000 2701.7002   21.6170
    0.0000  -15.0000   30.0000 2700.4653   21.7151
    7.5000  -15.0000   30.0000 2662.9399   22.2502
   -7.5000   -7.5000   30.0000 2718.9548   21.7057
    0.0000   -7.5000   30.0000 2710.3447   21.7914
    7.5000   -7.5000   30.0000 2681.0500   22.3625
   -7.5000    0.0000   30.0000 2711.8501   22.2942
    0.0000    0.0000   30.0000 2705.0139   22.3482
    7.5000    0.0000   30.0000 2678.6550   22.8742
   -7.5000    7.5000   30.0000 2679.8167   23.1964
    0.0000    7.5000   30.0000 2676.0166   23.2310
    7.5000    7.5000   30.0000 2652.9397   23.6999
   -7.5000   15.0000   30.0000 2625.0276   24.3192
    0.0000   15.0000   30.0000 2621.6406   24.3454
    7.5000   15.0000   30.0000 2600.0989   24.7768
   -7.5000   22.5000   30.0000 2552.9971   25.6917
    0.0000   22.5000   30.0000 2558.3828   25.7163
    7.5000   22.5000   30.0000 2527.3413   26.1289
   -7.5000   30.0000   30.0000 2483.5681   27.3631
    0.0000   30.0000   30.0000 2486.8008   27.3338
    7.5000   30.0000   30.0000 2451.2488   27.7946
   -7.5000   37.5000   30.0000 2383.3049   29.5750
    0.0000   37.5000   30.0000 2384.9434   29.6371
    7.5000   37.5000   30.0000 2355.8381   30.1862
   -7.5000   45.0000   30.0000 2241.8093   32.5099
    0.0000   45.0000   30.0000 2242.8745   32.6084
    7.5000   45.0000   30.0000 2224.9329   33.1634
   -7.5000  -45.0000   37.5000 2382.9688   27.3213
    0.0000  -45.0000   37.5000 2376.6240   27.4296
    7.5000  -45.0000   37.5000 2361.0906   28.3588
   -7.5000  -37.5000   37.5000 2467.4521   25.3494
    0.0000  -37.5000   37.5000 2465.4631   25.4645
    7.5000  -37.5000   37.5000 2446.1887   26.3404
   -7.5000  -30.0000   37.5000 2535.0830   23.9956
    0.0000  -30.0000   37.5000 2535.0645   24.0907
    7.5000  -30.0000   37.5000 2515.1860   24.8969
   -7.5000  -22.5000   37.5000 2583.8467   23.2495
    0.0000  -22.5000   37.5000 2589.9744   23.3462
    7.5000  -22.5000   37.5000 2564.4561   23.9955
   -7.5000  -15.0000   37.5000 2616.0510   22.9139
    0.0000  -15.0000   37.5000 2620.0771   23.0251
    7.5000  -15.0000   37.5000 2583.4260   23.6427
   -7.5000   -7.5000   37.5000 2622.9543   23.0692
    0.0000   -7.5000   37.5000 2623.4758   23.1346
    7.5000   -7.5000   37.5000 2594.1270   23.7497
   -7.5000    0.0000   37.5000 2613.5791   23.6597
    0.0000    0.0000   37.5000 2614.1802   23.7015
    7.5000    0.0000   37.5000 2593.9282   24.2619
   -7.5000    7.5000   37.5000 2596.5073   24.6247
    0.0000    7.5000   37.5000 2592.8125   24.6557
    7.5000    7.5000   37.5000 2578.2073   25.1170
   -7.5000   15.0000   37.5000 2551.6196   25.7723
    0.0000   15.0000   37.5000 2553.2839   25.8173
    7.5000   15.0000   37.5000 2533.6194   26.2641
   -7.5000   22.5000   37.5000 2488.5479   27.1834
    0.0000   22.5000   37.5000 2494.3738   27.2302
    7.5000   22.5000   37.5000 2466.2500   27.6644
   -7.5000   30.0000   37.5000 2410.4187   28.9196
    0.0000   30.0000   37.5000 2416.2964   28.9110
    7.5000   30.0000   37.5000 2381.3831   29.4205
   -7.5000   37.5000   37.5000 2317.2336   30.8908
    0.0000   37.5000   37.5000 2326.8325   30.9637
    7.5000   37.5000   37.5000 2297.2849   31.5340
   -7.5000   45.0000   37.5000 2193.9814   33.9004
    0.0000   45.0000   37.5000 2196.8633   33.9714
    7.5000   45.0000   37.5000 2178.9033   34.5822
   -7.5000  -45.0000   45.0000 2302.6396   29.5373
    0.0000  -45.0000   45.0000 2299.8547   29.5048
    7.5000  -45.0000   45.0000 2276.3069   30.4879
   -7.5000  -37.5000   45.0000 2385.1140   27.3630
    0.0000  -37.5000   45.0000 2388.7219   27.4085
    7.5000  -37.5000   45.0000 2362.3811   28.3013
   -7.5000  -30.0000   45.0000 2454.7988   25.8677
    0.0000  -30.0000   45.0000 2459.9890   25.9474
    7.5000  -30.0000   45.0000 2434.7993   26.7151
   -7.5000  -22.5000   45.0000 2497.9426   24.9842
    0.0000  -22.5000   45.0000 2507.5554   25.0259
    7.5000  -22.5000   45.0000 2477.2222   25.7577
   -7.5000  -15.0000   45.0000 2521.8171   24.5828
    0.0000  -15.0000   45.0000 2526.0581   24.6298
    7.5000  -15.0000   45.0000 2493.9844   25.3269
   -7.5000   -7.5000   45.0000 2529.4111   24.7827
    0.0000   -7.5000   45.0000 2530.4976   24.8225
    7.5000   -7.5000   45.0000 2505.8479   25.4547
   -7.5000    0.0000   45.0000 2520.8083   25.3587
    0.0000    0.0000   45.0000 2523.2876   25.4014
    7.5000    0.0000   45.0000 2502.4512   25.9817
   -7.5000    7.5000   45.0000 2501.1833   26.3141
    0.0000    7.5000   45.0000 2504.6909   26.3303
    7.5000    7.5000   45.0000 2489.3418   26.8814
   -7.5000   15.0000   45.0000 2468.9819   27.5887
    0.0000   15.0000   45.0000 2471.1682   27.5906
    7.5000   15.0000   45.0000 2453.5076   28.0841
   -7.5000   22.5000   45.0000 2418.6260   29.0504
    0.0000   22.5000   45.0000 2419.5042   29.0337
    7.5000   22.5000   45.0000 2397.9602   29.5104
   -7.5000   30.0000   45.0000 2342.5305   30.8275
    0.0000   30.0000   45.0000 2342.5872   30.8172
    7.5000   30.0000   45.0000 2314.6846   31.3466
   -7.5000   37.5000   45.0000 2237.8210   32.8518
    0.0000   37.5000   45.0000 2247.6289   32.8779
    7.5000   37.5000   45.0000 2224.8345   33.3964
   -7.5000   45.0000   45.0000 2138.2844   35.8999
    0.0000   45.0000   45.0000 2138.1658   35.9152
    7.5000   45.0000   45.0000 2119.3726   36.5082

---------------------------------------------------------------------
imgreg_4dfp /usr/local/freesurfer/average/711-2C_as_mni_average_305 /usr/local/freesurfer/average/711-2B_as_mni_average_305_mask talsrcimg_g11 none talsrcimg_to_711-2C_as_mni_average_305_t4 1283
---------------------------------------------------------------------

freesurfer imgreg_4dfp.c
/usr/local/freesurfer/average/711-2C_as_mni_average_305.4dfp.img
       256       256       256         1
  1.000000  1.000000  1.000000
orientation T byte_order littleendian
Reading image: /usr/local/freesurfer/average/711-2C_as_mni_average_305.4dfp.img
dimensions:      256       256       256
mmppix:       1.0000   -1.0000   -1.0000
center:     128.0000 -129.0000 -129.0000
/usr/local/freesurfer/average/711-2B_as_mni_average_305_mask.4dfp.img
       256       256       256         1
  1.000000  1.000000  1.000000
orientation T byte_order littleendian
Reading mask: /usr/local/freesurfer/average/711-2B_as_mni_average_305_mask.4dfp.img (2306576 pixels)
talsrcimg_g11.4dfp.img
       256       256       256         1
  1.000000  1.000000  1.000000
orientation T byte_order littleendian
Reading image: talsrcimg_g11.4dfp.img
dimensions:      256       256       256
mmppix:       1.0000   -1.0000   -1.0000
center:     128.0000 -129.0000 -129.0000
rotation matrix determinant  1.000000
fimgreg.f
image alignment mode   1283 decimal      503 hex
parameters
    0.0000   -7.5000    7.5000    0.0000    0.0000    0.0000
eta,q 0.91345 19.74667
niter,ni,del,rscale     5    3   12.0000    1.2000
parameter  1  0.599267 ->  0.500000 qaram    1.1500
parameter  4  1.673340 ->  0.500000 qaram    1.1500
parameter  5  0.659249 ->  0.500000 qaram    1.1500
parameter  6  0.789324 ->  0.500000 qaram    1.1500
parameters
   -3.4500   -8.0191    6.2789   -3.4500   -3.4500   -3.4500
eta,q 0.92580 19.33737
  0.0841  0.0883  0.0844  0.0754  0.0767  0.0741
  0.0803  0.0834  0.0822  0.0768  0.0752  0.0741
  0.0800  0.0796  0.0797  0.0785  0.0757  0.0745
  0.0839  0.0795  0.0793  0.0794  0.0773  0.0752
  0.0902  0.0827  0.0808  0.0799  0.0794  0.0769
  0.0953  0.0867  0.0864  0.0823  0.0814  0.0792
  0.0997  0.0901  0.0937  0.0857  0.0840  0.0813
niter,ni,del,rscale     7    3   12.0000    1.2000
parameter  4  0.948440 ->  0.500000 qaram    1.3225
parameters
   -3.0734   -7.8328    4.1513   -7.4175   -4.0146   -4.5188
eta,q 0.93145 19.25690
  0.0895  0.0795  0.0771  0.0690  0.0759  0.0712
  0.0844  0.0759  0.0729  0.0688  0.0728  0.0691
  0.0790  0.0739  0.0721  0.0696  0.0700  0.0683
  0.0742  0.0736  0.0736  0.0721  0.0689  0.0689
  0.0732  0.0749  0.0778  0.0760  0.0710  0.0695
  0.0802  0.0765  0.0813  0.0804  0.0750  0.0707
  0.0892  0.0778  0.0838  0.0840  0.0780  0.0731
niter,ni,del,rscale     7    3   12.0000    1.2000
parameter  4  0.909536 ->  0.500000 qaram    1.5209
parameters
   -3.1630   -6.5102    3.4567  -11.9801   -3.5197   -3.6566
eta,q 0.93405 19.11123
  0.0817  0.0794  0.0773  0.0645  0.0725  0.0714
  0.0765  0.0747  0.0702  0.0658  0.0693  0.0686
  0.0720  0.0709  0.0688  0.0666  0.0669  0.0662
  0.0685  0.0687  0.0681  0.0684  0.0660  0.0658
  0.0687  0.0681  0.0714  0.0712  0.0654  0.0664
  0.0758  0.0696  0.0764  0.0753  0.0675  0.0674
  0.0844  0.0732  0.0793  0.0810  0.0714  0.0688
niter,ni,del,rscale     7    3   12.0000    1.2000
parameter  2 -0.559446 -> -0.500000 qaram    1.1500
parameter  4  1.035674 ->  0.500000 qaram    1.7490
parameters
   -3.2361   -3.0602    3.1530  -17.2272   -1.9930   -3.5753
eta,q 0.94107 18.90706
  0.0808  0.0756  0.0699  0.0586  0.0664  0.0652
  0.0743  0.0746  0.0637  0.0593  0.0641  0.0624
  0.0686  0.0710  0.0641  0.0608  0.0610  0.0603
  0.0660  0.0660  0.0624  0.0626  0.0597  0.0590
  0.0665  0.0628  0.0637  0.0689  0.0589  0.0593
  0.0742  0.0628  0.0668  0.0751  0.0600  0.0618
  0.0826  0.0675  0.0702  0.0790  0.0629  0.0655
niter,ni,del,rscale     7    3   12.0000    1.2000
parameters
   -3.7047   -2.4057    1.4879  -22.3534   -2.5034   -4.0824
eta,q 0.94551 18.86720
  0.0740  0.0727  0.0622  0.0587  0.0601  0.0609
  0.0663  0.0664  0.0578  0.0551  0.0562  0.0574
  0.0613  0.0617  0.0579  0.0549  0.0548  0.0550
  0.0589  0.0591  0.0589  0.0579  0.0545  0.0545
  0.0625  0.0595  0.0613  0.0629  0.0559  0.0555
  0.0705  0.0630  0.0635  0.0689  0.0582  0.0589
  0.0776  0.0689  0.0680  0.0763  0.0612  0.0633
niter,ni,del,rscale     6    3   12.0000    1.2000
parameters
   -3.7584   -1.6384   -0.0950  -24.8924   -3.1977   -4.9124
eta,q 0.94707 18.89904
  0.0720  0.0694  0.0598  0.0583  0.0598  0.0593
  0.0647  0.0620  0.0542  0.0559  0.0555  0.0561
  0.0571  0.0567  0.0536  0.0539  0.0534  0.0535
  0.0545  0.0545  0.0542  0.0536  0.0532  0.0530
  0.0566  0.0550  0.0584  0.0563  0.0556  0.0547
  0.0645  0.0588  0.0625  0.0615  0.0586  0.0589
  0.0732  0.0637  0.0665  0.0667  0.0616  0.0631
niter,ni,del,rscale     5    3   12.0000    1.2000
parameters
   -3.7208   -1.2810   -0.7837  -26.1047   -3.3366   -5.1946
eta,q 0.94724 18.89470
  0.0729  0.0667  0.0628  0.0605  0.0615  0.0601
  0.0650  0.0593  0.0553  0.0546  0.0565  0.0559
  0.0568  0.0543  0.0517  0.0539  0.0535  0.0533
  0.0529  0.0529  0.0530  0.0523  0.0528  0.0528
  0.0560  0.0546  0.0571  0.0546  0.0541  0.0540
  0.0644  0.0581  0.0617  0.0586  0.0574  0.0569
  0.0729  0.0635  0.0641  0.0647  0.0618  0.0613
niter,ni,del,rscale     4    3   12.0000    1.2000
parameters
   -3.7602   -1.2191   -1.2005  -26.6613   -3.3900   -5.1496
eta,q 0.94746 18.90890
  0.0738  0.0655  0.0637  0.0617  0.0619  0.0605
  0.0647  0.0579  0.0573  0.0549  0.0567  0.0558
  0.0560  0.0537  0.0517  0.0530  0.0534  0.0530
  0.0528  0.0528  0.0528  0.0522  0.0525  0.0525
  0.0565  0.0539  0.0567  0.0536  0.0537  0.0534
  0.0656  0.0579  0.0614  0.0571  0.0571  0.0558
  0.0737  0.0647  0.0640  0.0636  0.0620  0.0601
niter,ni,del,rscale     3    3   12.0000    1.2000
parameters
   -3.8385   -1.1923   -1.4344  -26.9284   -3.4320   -5.0810
eta,q 0.94767 18.91942
  0.0741  0.0653  0.0640  0.0623  0.0620  0.0602
  0.0643  0.0577  0.0588  0.0554  0.0568  0.0554
  0.0554  0.0536  0.0523  0.0527  0.0533  0.0527
  0.0525  0.0525  0.0525  0.0522  0.0523  0.0523
  0.0565  0.0533  0.0563  0.0531  0.0536  0.0531
  0.0662  0.0577  0.0610  0.0567  0.0570  0.0554
  0.0740  0.0651  0.0639  0.0629  0.0621  0.0597
niter,ni,del,rscale     2    3   12.0000    1.2000
parameters
   -3.8907   -1.1790   -1.5637  -27.0615   -3.4603   -5.0354
eta,q 0.94778 18.92442
  0.0744  0.0652  0.0642  0.0625  0.0620  0.0600
  0.0644  0.0576  0.0597  0.0557  0.0569  0.0552
  0.0553  0.0536  0.0527  0.0525  0.0532  0.0526
  0.0523  0.0523  0.0523  0.0522  0.0522  0.0522
  0.0562  0.0530  0.0561  0.0528  0.0536  0.0530
  0.0661  0.0576  0.0607  0.0565  0.0569  0.0552
  0.0740  0.0653  0.0638  0.0627  0.0621  0.0596
niter,ni,del,rscale     1    3   12.0000    1.2000
parameters
   -3.9212   -1.1754   -1.6341  -27.1428   -3.4784   -5.0065
eta,q 0.94784 18.92724
  0.0746  0.0652  0.0642  0.0626  0.0621  0.0599
  0.0645  0.0576  0.0601  0.0558  0.0569  0.0551
  0.0552  0.0535  0.0530  0.0525  0.0531  0.0525
  0.0522  0.0522  0.0522  0.0521  0.0522  0.0522
  0.0560  0.0529  0.0559  0.0527  0.0536  0.0529
  0.0660  0.0576  0.0606  0.0564  0.0569  0.0551
  0.0739  0.0654  0.0637  0.0626  0.0622  0.0595
registration optimization eta report
parameter search radius
    6.9000    6.9000    6.0000   10.4940    6.9000    6.9000
100000*second partial in parameter space
       45.       28.       31.       10.       21.       16.
  0.0746  0.0652  0.0642  0.0626  0.0621  0.0599
  0.0645  0.0576  0.0601  0.0558  0.0569  0.0551
  0.0552  0.0535  0.0530  0.0525  0.0531  0.0525
  0.0522  0.0522  0.0522  0.0521  0.0522  0.0522
  0.0560  0.0529  0.0559  0.0527  0.0536  0.0529
  0.0660  0.0576  0.0606  0.0564  0.0569  0.0551
  0.0739  0.0654  0.0637  0.0626  0.0622  0.0595
   -3.9212   -1.1754   -1.6341  -27.1428   -3.4784   -5.0065
eta,q 0.94784 18.92724

---------------------------------------------------------------------
imgreg_4dfp /usr/local/freesurfer/average/711-2C_as_mni_average_305 /usr/local/freesurfer/average/711-2B_as_mni_average_305_mask talsrcimg_g11 none talsrcimg_to_711-2C_as_mni_average_305_t4 3335
---------------------------------------------------------------------

freesurfer imgreg_4dfp.c
/usr/local/freesurfer/average/711-2C_as_mni_average_305.4dfp.img
       256       256       256         1
  1.000000  1.000000  1.000000
orientation T byte_order littleendian
Reading image: /usr/local/freesurfer/average/711-2C_as_mni_average_305.4dfp.img
dimensions:      256       256       256
mmppix:       1.0000   -1.0000   -1.0000
center:     128.0000 -129.0000 -129.0000
/usr/local/freesurfer/average/711-2B_as_mni_average_305_mask.4dfp.img
       256       256       256         1
  1.000000  1.000000  1.000000
orientation T byte_order littleendian
Reading mask: /usr/local/freesurfer/average/711-2B_as_mni_average_305_mask.4dfp.img (2306576 pixels)
talsrcimg_g11.4dfp.img
       256       256       256         1
  1.000000  1.000000  1.000000
orientation T byte_order littleendian
Reading image: talsrcimg_g11.4dfp.img
dimensions:      256       256       256
mmppix:       1.0000   -1.0000   -1.0000
center:     128.0000 -129.0000 -129.0000
fimgreg.f
image alignment mode   3335 decimal      D07 hex
parameters
   -3.9212   -1.1754   -1.6341   -0.5650  -11.1107  -11.1767
    5.0085    9.3597   -8.7108   44.9758   -6.0672  -45.5369
eta,q 0.94866 18.84562
niter,ni,del,rscale     5    3    5.0000    1.2000
parameter  4  1.518966 ->  0.500000 qaram    1.1500
parameter  5  2.090617 ->  0.500000 qaram    1.1500
parameter  6  1.635190 ->  0.500000 qaram    1.1500
parameter  8  0.631936 ->  0.500000 qaram    1.1500
parameter 10  0.660740 ->  0.500000 qaram    1.1500
parameter 12 -0.972750 -> -0.500000 qaram    1.1500
parameters
   -3.7560   -1.0807   -1.2443   -4.7050  -15.2507  -15.3167
    3.6381    5.2197   -8.1362   40.8358   -9.1096  -41.3969
eta,q 0.97028 18.78082
  0.0549  0.0535  0.0550  0.0452  0.0397  0.0347  0.0379  0.0358  0.0369  0.0331  0.0327  0.0412
  0.0531  0.0523  0.0534  0.0468  0.0414  0.0359  0.0367  0.0343  0.0354  0.0323  0.0320  0.0367
  0.0518  0.0516  0.0521  0.0487  0.0438  0.0382  0.0363  0.0348  0.0346  0.0326  0.0319  0.0336
  0.0513  0.0513  0.0513  0.0513  0.0472  0.0420  0.0364  0.0363  0.0342  0.0342  0.0323  0.0318
  0.0516  0.0515  0.0514  0.0548  0.0516  0.0473  0.0370  0.0385  0.0344  0.0369  0.0332  0.0305
  0.0526  0.0522  0.0521  0.0590  0.0561  0.0522  0.0380  0.0410  0.0350  0.0403  0.0345  0.0294
  0.0540  0.0532  0.0533  0.0635  0.0600  0.0568  0.0396  0.0437  0.0361  0.0441  0.0361  0.0285
niter,ni,del,rscale     7    3    5.0000    1.2000
parameter  2 -0.572194 -> -0.500000 qaram    1.1500
parameter  3  0.864135 ->  0.500000 qaram    1.1500
parameter  5  0.685890 ->  0.500000 qaram    1.3225
parameter 12 -0.839050 -> -0.500000 qaram    1.3225
parameters
   -3.4968    0.2993   -2.6243   -8.2338  -20.0117  -17.2132
    3.2464    7.7359   -6.8917   40.1717  -10.4718  -36.6359
eta,q 0.97590 18.10437
  0.0342  0.0346  0.0275  0.0279  0.0258  0.0290  0.0285  0.0347  0.0285  0.0289  0.0259  0.0298
  0.0319  0.0325  0.0274  0.0274  0.0255  0.0279  0.0272  0.0311  0.0271  0.0272  0.0256  0.0279
  0.0304  0.0308  0.0279  0.0271  0.0260  0.0268  0.0265  0.0284  0.0259  0.0259  0.0253  0.0265
  0.0297  0.0297  0.0289  0.0274  0.0272  0.0255  0.0264  0.0264  0.0253  0.0252  0.0253  0.0253
  0.0298  0.0290  0.0302  0.0293  0.0294  0.0265  0.0268  0.0252  0.0253  0.0257  0.0255  0.0244
  0.0308  0.0289  0.0320  0.0333  0.0329  0.0315  0.0277  0.0260  0.0258  0.0277  0.0260  0.0241
  0.0326  0.0294  0.0340  0.0389  0.0367  0.0380  0.0289  0.0288  0.0269  0.0310  0.0269  0.0241
niter,ni,del,rscale     7    3    5.0000    1.2000
parameters
   -3.4916    0.0219   -3.5346   -8.8602  -20.1025  -18.2017
    3.4024    7.6517   -6.5974   38.9700  -10.9886  -34.7076
eta,q 0.97581 17.86674
  0.0276  0.0271  0.0248  0.0261  0.0281  0.0279  0.0272  0.0302  0.0268  0.0273  0.0249  0.0273
  0.0256  0.0253  0.0241  0.0249  0.0261  0.0264  0.0256  0.0274  0.0255  0.0257  0.0245  0.0260
  0.0245  0.0242  0.0238  0.0241  0.0245  0.0249  0.0245  0.0254  0.0246  0.0246  0.0243  0.0248
  0.0241  0.0241  0.0240  0.0238  0.0238  0.0239  0.0242  0.0242  0.0242  0.0242  0.0242  0.0242
  0.0245  0.0249  0.0248  0.0239  0.0244  0.0239  0.0245  0.0247  0.0244  0.0250  0.0243  0.0242
  0.0257  0.0264  0.0260  0.0249  0.0259  0.0271  0.0255  0.0273  0.0252  0.0272  0.0246  0.0247
  0.0275  0.0285  0.0277  0.0277  0.0286  0.0326  0.0269  0.0308  0.0265  0.0303  0.0251  0.0256
niter,ni,del,rscale     6    3    5.0000    1.2000
parameters
   -3.5921   -0.2344   -3.8959   -8.4986  -19.4530  -18.8634
    3.4584    7.6110   -6.3650   38.2910  -11.2262  -34.2888
eta,q 0.97571 17.84298
  0.0273  0.0271  0.0256  0.0266  0.0286  0.0278  0.0271  0.0302  0.0268  0.0277  0.0249  0.0267
  0.0255  0.0253  0.0247  0.0253  0.0266  0.0263  0.0256  0.0275  0.0255  0.0260  0.0246  0.0255
  0.0244  0.0243  0.0242  0.0245  0.0249  0.0250  0.0245  0.0254  0.0246  0.0248  0.0244  0.0246
  0.0242  0.0242  0.0241  0.0241  0.0241  0.0240  0.0242  0.0242  0.0242  0.0242  0.0243  0.0243
  0.0247  0.0249  0.0245  0.0240  0.0243  0.0238  0.0246  0.0246  0.0245  0.0247  0.0244  0.0245
  0.0259  0.0263  0.0254  0.0246  0.0255  0.0261  0.0256  0.0272  0.0253  0.0266  0.0246  0.0252
  0.0278  0.0282  0.0266  0.0266  0.0278  0.0312  0.0270  0.0308  0.0265  0.0296  0.0250  0.0262
niter,ni,del,rscale     5    3    5.0000    1.2000
parameters
   -3.6414   -0.3616   -4.0518   -8.5524  -19.1770  -19.1004
    3.4650    7.6075   -6.2801   38.0659  -11.2294  -34.1864
eta,q 0.97565 17.82142
  0.0275  0.0275  0.0260  0.0265  0.0285  0.0281  0.0272  0.0302  0.0268  0.0282  0.0251  0.0266
  0.0257  0.0256  0.0250  0.0253  0.0265  0.0265  0.0256  0.0275  0.0255  0.0264  0.0247  0.0254
  0.0246  0.0245  0.0244  0.0246  0.0250  0.0252  0.0246  0.0256  0.0246  0.0251  0.0244  0.0246
  0.0243  0.0243  0.0243  0.0243  0.0243  0.0242  0.0243  0.0243  0.0243  0.0243  0.0243  0.0243
  0.0247  0.0248  0.0246  0.0243  0.0246  0.0239  0.0247  0.0246  0.0246  0.0246  0.0244  0.0247
  0.0259  0.0261  0.0253  0.0249  0.0259  0.0255  0.0257  0.0271  0.0254  0.0263  0.0246  0.0254
  0.0277  0.0280  0.0264  0.0270  0.0283  0.0301  0.0271  0.0308  0.0267  0.0291  0.0251  0.0264
niter,ni,del,rscale     4    3    5.0000    1.2000
parameters
   -3.6600   -0.4027   -4.1052   -8.5815  -19.0967  -19.1674
    3.4682    7.5959   -6.2500   37.9984  -11.2325  -34.1693
eta,q 0.97563 17.81411
  0.0276  0.0277  0.0262  0.0266  0.0284  0.0282  0.0272  0.0302  0.0268  0.0283  0.0251  0.0266
  0.0258  0.0258  0.0252  0.0254  0.0265  0.0266  0.0257  0.0276  0.0255  0.0265  0.0247  0.0254
  0.0247  0.0247  0.0245  0.0246  0.0250  0.0253  0.0247  0.0256  0.0247  0.0251  0.0245  0.0246
  0.0243  0.0243  0.0243  0.0243  0.0243  0.0243  0.0244  0.0244  0.0244  0.0244  0.0244  0.0244
  0.0248  0.0248  0.0246  0.0244  0.0247  0.0239  0.0247  0.0247  0.0247  0.0246  0.0244  0.0247
  0.0259  0.0260  0.0253  0.0250  0.0261  0.0253  0.0257  0.0272  0.0255  0.0262  0.0247  0.0255
  0.0277  0.0278  0.0263  0.0270  0.0285  0.0297  0.0271  0.0308  0.0267  0.0290  0.0251  0.0265
niter,ni,del,rscale     3    3    5.0000    1.2000
parameters
   -3.6668   -0.4146   -4.1239   -8.5853  -19.0723  -19.1857
    3.4649    7.5933   -6.2396   37.9779  -11.2254  -34.1660
eta,q 0.97562 17.81259
  0.0277  0.0278  0.0263  0.0266  0.0283  0.0282  0.0272  0.0302  0.0268  0.0284  0.0251  0.0266
  0.0258  0.0259  0.0252  0.0254  0.0265  0.0266  0.0257  0.0276  0.0255  0.0266  0.0247  0.0254
  0.0247  0.0247  0.0246  0.0247  0.0250  0.0253  0.0247  0.0256  0.0247  0.0252  0.0245  0.0246
  0.0244  0.0244  0.0244  0.0244  0.0244  0.0244  0.0244  0.0244  0.0244  0.0244  0.0244  0.0244
  0.0248  0.0248  0.0246  0.0244  0.0248  0.0240  0.0248  0.0247  0.0247  0.0246  0.0244  0.0247
  0.0259  0.0260  0.0253  0.0250  0.0261  0.0252  0.0257  0.0272  0.0255  0.0261  0.0247  0.0255
  0.0277  0.0278  0.0263  0.0270  0.0286  0.0296  0.0271  0.0308  0.0268  0.0289  0.0251  0.0265
registration optimization eta report
parameter search radius
    2.4000    2.7600    2.7600    8.2800    9.5220    8.2800
    7.2000    8.2800    7.2000    8.2800    7.2000    9.5220
100000*second partial in parameter space
       57.       45.       25.        4.        4.        7.
        5.        9.        5.        6.        1.        2.
  0.0277  0.0278  0.0263  0.0266  0.0283  0.0282  0.0272  0.0302  0.0268  0.0284  0.0251  0.0266
  0.0258  0.0259  0.0252  0.0254  0.0265  0.0266  0.0257  0.0276  0.0255  0.0266  0.0247  0.0254
  0.0247  0.0247  0.0246  0.0247  0.0250  0.0253  0.0247  0.0256  0.0247  0.0252  0.0245  0.0246
  0.0244  0.0244  0.0244  0.0244  0.0244  0.0244  0.0244  0.0244  0.0244  0.0244  0.0244  0.0244
  0.0248  0.0248  0.0246  0.0244  0.0248  0.0240  0.0248  0.0247  0.0247  0.0246  0.0244  0.0247
  0.0259  0.0260  0.0253  0.0250  0.0261  0.0252  0.0257  0.0272  0.0255  0.0261  0.0247  0.0255
  0.0277  0.0278  0.0263  0.0270  0.0286  0.0296  0.0271  0.0308  0.0268  0.0289  0.0251  0.0265
   -3.6668   -0.4146   -4.1239   -8.5853  -19.0723  -19.1857
    3.4649    7.5933   -6.2396   37.9779  -11.2254  -34.1660
eta,q 0.97562 17.81259

---------------------------------------------------------------------
imgreg_4dfp /usr/local/freesurfer/average/711-2C_as_mni_average_305 /usr/local/freesurfer/average/711-2B_as_mni_average_305_mask talsrcimg_g11 none talsrcimg_to_711-2C_as_mni_average_305_t4 2311
---------------------------------------------------------------------

freesurfer imgreg_4dfp.c
/usr/local/freesurfer/average/711-2C_as_mni_average_305.4dfp.img
       256       256       256         1
  1.000000  1.000000  1.000000
orientation T byte_order littleendian
Reading image: /usr/local/freesurfer/average/711-2C_as_mni_average_305.4dfp.img
dimensions:      256       256       256
mmppix:       1.0000   -1.0000   -1.0000
center:     128.0000 -129.0000 -129.0000
/usr/local/freesurfer/average/711-2B_as_mni_average_305_mask.4dfp.img
       256       256       256         1
  1.000000  1.000000  1.000000
orientation T byte_order littleendian
Reading mask: /usr/local/freesurfer/average/711-2B_as_mni_average_305_mask.4dfp.img (2306576 pixels)
talsrcimg_g11.4dfp.img
       256       256       256         1
  1.000000  1.000000  1.000000
orientation T byte_order littleendian
Reading image: talsrcimg_g11.4dfp.img
dimensions:      256       256       256
mmppix:       1.0000   -1.0000   -1.0000
center:     128.0000 -129.0000 -129.0000
fimgreg.f
image alignment mode   2311 decimal      907 hex
parameters
   -3.6668   -0.4146   -4.1239   -8.5853  -19.0723  -19.1857
    3.4649    7.5933   -6.2396   37.9779  -11.2254  -34.1660
eta,q 0.97562 17.81259
niter,ni,del,rscale     5    3    5.0000    0.8000
parameters
   -3.6896   -0.4543   -4.1688   -7.7123  -18.8157  -17.4441
    3.0584    7.4927   -6.7100   38.2836  -12.8049  -34.8788
eta,q 0.97610 18.07607
  0.0258  0.0255  0.0250  0.0252  0.0257  0.0262  0.0252  0.0267  0.0250  0.0263  0.0241  0.0245
  0.0250  0.0249  0.0246  0.0248  0.0250  0.0255  0.0245  0.0254  0.0244  0.0253  0.0240  0.0241
  0.0245  0.0245  0.0244  0.0245  0.0245  0.0249  0.0241  0.0244  0.0241  0.0245  0.0239  0.0239
  0.0244  0.0244  0.0244  0.0244  0.0244  0.0243  0.0240  0.0240  0.0240  0.0240  0.0240  0.0239
  0.0246  0.0245  0.0245  0.0244  0.0244  0.0240  0.0243  0.0243  0.0243  0.0241  0.0241  0.0241
  0.0251  0.0250  0.0247  0.0245  0.0248  0.0241  0.0248  0.0254  0.0248  0.0247  0.0243  0.0245
  0.0259  0.0256  0.0251  0.0248  0.0254  0.0248  0.0256  0.0271  0.0255  0.0260  0.0247  0.0249
niter,ni,del,rscale     4    3    5.0000    0.7000
parameters
   -3.5704   -0.3959   -3.9215   -7.5410  -19.3836  -17.0747
    3.0297    7.8144   -6.8504   38.7675  -12.9827  -35.2329
eta,q 0.97633 18.11051
  0.0253  0.0250  0.0247  0.0244  0.0246  0.0254  0.0249  0.0262  0.0246  0.0258  0.0240  0.0242
  0.0246  0.0244  0.0243  0.0241  0.0241  0.0248  0.0242  0.0250  0.0241  0.0249  0.0238  0.0239
  0.0241  0.0240  0.0240  0.0239  0.0239  0.0243  0.0239  0.0242  0.0238  0.0242  0.0237  0.0237
  0.0239  0.0239  0.0239  0.0239  0.0239  0.0239  0.0238  0.0238  0.0237  0.0237  0.0237  0.0237
  0.0240  0.0240  0.0239  0.0239  0.0241  0.0236  0.0239  0.0238  0.0239  0.0237  0.0237  0.0238
  0.0243  0.0243  0.0240  0.0240  0.0245  0.0240  0.0243  0.0245  0.0242  0.0242  0.0239  0.0240
  0.0249  0.0248  0.0243  0.0243  0.0251  0.0253  0.0249  0.0257  0.0248  0.0252  0.0241  0.0244
niter,ni,del,rscale     3    3    5.0000    0.6000
parameters
   -3.5012   -0.2871   -3.7670   -7.4165  -19.6662  -16.7209
    2.9542    7.8597   -6.9043   39.0057  -12.9824  -35.3892
eta,q 0.97645 18.14283
  0.0247  0.0246  0.0243  0.0240  0.0243  0.0250  0.0244  0.0254  0.0243  0.0251  0.0239  0.0240
  0.0241  0.0241  0.0239  0.0238  0.0239  0.0245  0.0239  0.0244  0.0239  0.0244  0.0237  0.0237
  0.0238  0.0238  0.0237  0.0237  0.0237  0.0240  0.0236  0.0238  0.0236  0.0239  0.0236  0.0236
  0.0237  0.0237  0.0237  0.0237  0.0237  0.0236  0.0236  0.0236  0.0236  0.0236  0.0236  0.0236
  0.0237  0.0237  0.0237  0.0237  0.0238  0.0235  0.0237  0.0237  0.0237  0.0236  0.0236  0.0236
  0.0240  0.0239  0.0238  0.0237  0.0241  0.0238  0.0240  0.0243  0.0239  0.0240  0.0237  0.0238
  0.0245  0.0243  0.0240  0.0240  0.0245  0.0249  0.0244  0.0253  0.0243  0.0248  0.0239  0.0241
niter,ni,del,rscale     2    3    5.0000    0.5000
parameters
   -3.4666   -0.2181   -3.6348   -7.2460  -19.8374  -16.3751
    2.8889    7.8484   -6.9426   39.1183  -12.9293  -35.5118
eta,q 0.97653 18.17611
  0.0243  0.0242  0.0240  0.0238  0.0240  0.0246  0.0240  0.0248  0.0240  0.0246  0.0237  0.0238
  0.0239  0.0239  0.0238  0.0237  0.0237  0.0242  0.0237  0.0241  0.0237  0.0240  0.0236  0.0236
  0.0236  0.0236  0.0236  0.0236  0.0236  0.0238  0.0235  0.0236  0.0235  0.0237  0.0235  0.0235
  0.0236  0.0235  0.0235  0.0235  0.0235  0.0235  0.0235  0.0235  0.0235  0.0235  0.0235  0.0235
  0.0236  0.0236  0.0236  0.0235  0.0236  0.0234  0.0236  0.0236  0.0235  0.0235  0.0235  0.0235
  0.0238  0.0238  0.0236  0.0236  0.0238  0.0237  0.0238  0.0241  0.0237  0.0239  0.0236  0.0236
  0.0242  0.0240  0.0238  0.0238  0.0241  0.0244  0.0241  0.0248  0.0240  0.0245  0.0237  0.0238
niter,ni,del,rscale     1    3    5.0000    0.4000
parameters
   -3.4367   -0.1641   -3.5071   -7.0735  -19.9896  -16.0340
    2.8428    7.8322   -6.9716   39.1910  -12.8385  -35.5917
eta,q 0.97659 18.20556
  0.0239  0.0239  0.0238  0.0236  0.0238  0.0243  0.0238  0.0243  0.0237  0.0242  0.0236  0.0236
  0.0237  0.0237  0.0236  0.0236  0.0236  0.0239  0.0236  0.0238  0.0236  0.0238  0.0235  0.0235
  0.0235  0.0235  0.0235  0.0235  0.0235  0.0237  0.0234  0.0235  0.0234  0.0235  0.0234  0.0234
  0.0235  0.0235  0.0235  0.0235  0.0235  0.0235  0.0234  0.0234  0.0234  0.0234  0.0234  0.0234
  0.0235  0.0235  0.0235  0.0235  0.0235  0.0234  0.0235  0.0235  0.0234  0.0235  0.0234  0.0234
  0.0236  0.0236  0.0235  0.0235  0.0236  0.0235  0.0236  0.0238  0.0236  0.0237  0.0235  0.0235
  0.0239  0.0238  0.0236  0.0236  0.0238  0.0240  0.0238  0.0243  0.0238  0.0241  0.0236  0.0236
registration optimization eta report
parameter search radius
    0.8000    0.8000    0.8000    2.4000    2.4000    2.4000
    2.4000    2.4000    2.4000    2.4000    2.4000    2.4000
100000*second partial in parameter space
       67.       57.       36.        3.        6.       12.
        7.       15.        6.       12.        3.        4.
  0.0239  0.0239  0.0238  0.0236  0.0238  0.0243  0.0238  0.0243  0.0237  0.0242  0.0236  0.0236
  0.0237  0.0237  0.0236  0.0236  0.0236  0.0239  0.0236  0.0238  0.0236  0.0238  0.0235  0.0235
  0.0235  0.0235  0.0235  0.0235  0.0235  0.0237  0.0234  0.0235  0.0234  0.0235  0.0234  0.0234
  0.0235  0.0235  0.0235  0.0235  0.0235  0.0235  0.0234  0.0234  0.0234  0.0234  0.0234  0.0234
  0.0235  0.0235  0.0235  0.0235  0.0235  0.0234  0.0235  0.0235  0.0234  0.0235  0.0234  0.0234
  0.0236  0.0236  0.0235  0.0235  0.0236  0.0235  0.0236  0.0238  0.0236  0.0237  0.0235  0.0235
  0.0239  0.0238  0.0236  0.0236  0.0238  0.0240  0.0238  0.0243  0.0238  0.0241  0.0236  0.0236
   -3.4367   -0.1641   -3.5071   -7.0735  -19.9896  -16.0340
    2.8428    7.8322   -6.9716   39.1910  -12.8385  -35.5917
eta,q 0.97659 18.20556

---------------------------------------------------------------------
imgreg_4dfp /usr/local/freesurfer/average/711-2C_as_mni_average_305 /usr/local/freesurfer/average/711-2B_as_mni_average_305_mask talsrcimg_g11 none talsrcimg_to_711-2C_as_mni_average_305_t4 2311
---------------------------------------------------------------------

freesurfer imgreg_4dfp.c
/usr/local/freesurfer/average/711-2C_as_mni_average_305.4dfp.img
       256       256       256         1
  1.000000  1.000000  1.000000
orientation T byte_order littleendian
Reading image: /usr/local/freesurfer/average/711-2C_as_mni_average_305.4dfp.img
dimensions:      256       256       256
mmppix:       1.0000   -1.0000   -1.0000
center:     128.0000 -129.0000 -129.0000
/usr/local/freesurfer/average/711-2B_as_mni_average_305_mask.4dfp.img
       256       256       256         1
  1.000000  1.000000  1.000000
orientation T byte_order littleendian
Reading mask: /usr/local/freesurfer/average/711-2B_as_mni_average_305_mask.4dfp.img (2306576 pixels)
talsrcimg_g11.4dfp.img
       256       256       256         1
  1.000000  1.000000  1.000000
orientation T byte_order littleendian
Reading image: talsrcimg_g11.4dfp.img
dimensions:      256       256       256
mmppix:       1.0000   -1.0000   -1.0000
center:     128.0000 -129.0000 -129.0000
fimgreg.f
image alignment mode   2311 decimal      907 hex
parameters
   -3.4367   -0.1641   -3.5071   -7.0735  -19.9896  -16.0340
    2.8428    7.8322   -6.9716   39.1910  -12.8385  -35.5917
eta,q 0.97659 18.20555
niter,ni,del,rscale     5    3    5.0000    0.8000
parameters
   -3.3904   -0.0901   -3.3182   -7.6248  -19.9959  -16.5558
    3.0799    7.9470   -6.8826   39.2700  -12.3198  -35.2009
eta,q 0.97648 18.12681
  0.0252  0.0250  0.0246  0.0241  0.0247  0.0254  0.0252  0.0265  0.0248  0.0258  0.0242  0.0244
  0.0242  0.0241  0.0240  0.0237  0.0240  0.0246  0.0243  0.0250  0.0241  0.0248  0.0238  0.0239
  0.0236  0.0236  0.0236  0.0235  0.0236  0.0239  0.0237  0.0240  0.0237  0.0240  0.0236  0.0237
  0.0234  0.0234  0.0234  0.0234  0.0234  0.0234  0.0235  0.0235  0.0235  0.0235  0.0235  0.0235
  0.0236  0.0235  0.0235  0.0234  0.0236  0.0235  0.0237  0.0237  0.0237  0.0237  0.0236  0.0236
  0.0241  0.0240  0.0237  0.0238  0.0240  0.0249  0.0241  0.0247  0.0241  0.0244  0.0237  0.0238
  0.0250  0.0247  0.0241  0.0248  0.0247  0.0274  0.0248  0.0263  0.0248  0.0258  0.0239  0.0241
niter,ni,del,rscale     4    3    5.0000    0.7000
parameters
   -3.4350   -0.1310   -3.4285   -7.4775  -19.8342  -16.6643
    3.0350    7.8326   -6.8601   39.1853  -12.5087  -35.1689
eta,q 0.97647 18.13661
  0.0247  0.0245  0.0241  0.0241  0.0246  0.0252  0.0246  0.0257  0.0245  0.0252  0.0239  0.0241
  0.0240  0.0239  0.0237  0.0238  0.0240  0.0245  0.0240  0.0245  0.0240  0.0244  0.0237  0.0238
  0.0236  0.0236  0.0235  0.0236  0.0237  0.0239  0.0236  0.0238  0.0236  0.0238  0.0236  0.0236
  0.0235  0.0235  0.0235  0.0235  0.0235  0.0235  0.0235  0.0235  0.0235  0.0235  0.0235  0.0235
  0.0237  0.0237  0.0236  0.0235  0.0236  0.0235  0.0237  0.0238  0.0236  0.0237  0.0236  0.0236
  0.0241  0.0240  0.0239  0.0237  0.0239  0.0242  0.0241  0.0246  0.0240  0.0243  0.0237  0.0238
  0.0248  0.0246  0.0242  0.0241  0.0245  0.0259  0.0247  0.0260  0.0245  0.0255  0.0239  0.0241
niter,ni,del,rscale     3    3    5.0000    0.6000
parameters
   -3.4554   -0.1665   -3.5113   -7.3142  -19.8224  -16.5187
    2.9615    7.7987   -6.9027   39.1513  -12.7316  -35.3028
eta,q 0.97651 18.16096
  0.0244  0.0243  0.0239  0.0239  0.0243  0.0249  0.0243  0.0252  0.0242  0.0248  0.0238  0.0239
  0.0239  0.0238  0.0237  0.0237  0.0239  0.0244  0.0238  0.0243  0.0238  0.0242  0.0236  0.0237
  0.0236  0.0236  0.0236  0.0236  0.0236  0.0239  0.0236  0.0237  0.0236  0.0237  0.0235  0.0235
  0.0235  0.0235  0.0235  0.0235  0.0235  0.0235  0.0235  0.0235  0.0235  0.0235  0.0235  0.0235
  0.0237  0.0236  0.0236  0.0235  0.0236  0.0234  0.0236  0.0237  0.0236  0.0236  0.0235  0.0236
  0.0240  0.0239  0.0238  0.0236  0.0239  0.0239  0.0239  0.0243  0.0238  0.0241  0.0237  0.0237
  0.0245  0.0244  0.0241  0.0239  0.0243  0.0250  0.0244  0.0254  0.0243  0.0250  0.0238  0.0240
niter,ni,del,rscale     2    3    5.0000    0.5000
parameters
   -3.4452   -0.1646   -3.5083   -7.1520  -19.9101  -16.2640
    2.9054    7.8048   -6.9419   39.1761  -12.8032  -35.4559
eta,q 0.97656 18.18797
  0.0242  0.0240  0.0238  0.0238  0.0240  0.0246  0.0240  0.0247  0.0240  0.0245  0.0237  0.0237
  0.0238  0.0237  0.0236  0.0236  0.0237  0.0242  0.0237  0.0241  0.0237  0.0240  0.0235  0.0236
  0.0236  0.0236  0.0235  0.0235  0.0235  0.0238  0.0235  0.0236  0.0235  0.0236  0.0235  0.0235
  0.0235  0.0235  0.0235  0.0235  0.0235  0.0235  0.0234  0.0234  0.0234  0.0234  0.0234  0.0234
  0.0236  0.0236  0.0235  0.0235  0.0236  0.0234  0.0235  0.0236  0.0235  0.0235  0.0235  0.0235
  0.0238  0.0237  0.0236  0.0236  0.0237  0.0237  0.0237  0.0240  0.0237  0.0239  0.0236  0.0236
  0.0241  0.0240  0.0238  0.0237  0.0241  0.0245  0.0241  0.0248  0.0240  0.0245  0.0237  0.0238
niter,ni,del,rscale     1    3    5.0000    0.4000
parameters
   -3.4248   -0.1373   -3.4370   -7.0312  -20.0239  -15.9635
    2.8574    7.8115   -6.9722   39.2116  -12.7897  -35.5653
eta,q 0.97661 18.21175
  0.0239  0.0238  0.0237  0.0236  0.0237  0.0243  0.0238  0.0243  0.0237  0.0241  0.0236  0.0236
  0.0236  0.0236  0.0236  0.0235  0.0236  0.0239  0.0236  0.0238  0.0235  0.0238  0.0235  0.0235
  0.0235  0.0235  0.0235  0.0235  0.0235  0.0236  0.0234  0.0235  0.0234  0.0235  0.0234  0.0234
  0.0234  0.0234  0.0234  0.0234  0.0234  0.0234  0.0234  0.0234  0.0234  0.0234  0.0234  0.0234
  0.0235  0.0235  0.0235  0.0234  0.0235  0.0234  0.0234  0.0235  0.0234  0.0235  0.0234  0.0234
  0.0236  0.0236  0.0235  0.0235  0.0236  0.0235  0.0236  0.0238  0.0236  0.0237  0.0235  0.0235
  0.0238  0.0238  0.0236  0.0236  0.0238  0.0240  0.0238  0.0243  0.0238  0.0241  0.0236  0.0236
registration optimization eta report
parameter search radius
    0.8000    0.8000    0.8000    2.4000    2.4000    2.4000
    2.4000    2.4000    2.4000    2.4000    2.4000    2.4000
100000*second partial in parameter space
       67.       56.       37.        3.        6.       13.
        7.       15.        6.       12.        3.        4.
  0.0239  0.0238  0.0237  0.0236  0.0237  0.0243  0.0238  0.0243  0.0237  0.0241  0.0236  0.0236
  0.0236  0.0236  0.0236  0.0235  0.0236  0.0239  0.0236  0.0238  0.0235  0.0238  0.0235  0.0235
  0.0235  0.0235  0.0235  0.0235  0.0235  0.0236  0.0234  0.0235  0.0234  0.0235  0.0234  0.0234
  0.0234  0.0234  0.0234  0.0234  0.0234  0.0234  0.0234  0.0234  0.0234  0.0234  0.0234  0.0234
  0.0235  0.0235  0.0235  0.0234  0.0235  0.0234  0.0234  0.0235  0.0234  0.0235  0.0234  0.0234
  0.0236  0.0236  0.0235  0.0235  0.0236  0.0235  0.0236  0.0238  0.0236  0.0237  0.0235  0.0235
  0.0238  0.0238  0.0236  0.0236  0.0238  0.0240  0.0238  0.0243  0.0238  0.0241  0.0236  0.0236
   -3.4248   -0.1373   -3.4370   -7.0312  -20.0239  -15.9635
    2.8574    7.8115   -6.9722   39.2116  -12.7897  -35.5653
eta,q 0.97661 18.21175

---------------------------------------------------------------------
compute_vox2vox talsrcimg talsrcimg_to_711-2C_as_mni_average_305_t4 /usr/local/freesurfer/average/711-2C_as_mni_average_305
---------------------------------------------------------------------

freesurfer compute_vox2vox.c
Reading: talsrcimg.4dfp.ifh
Reading: talsrcimg_to_711-2C_as_mni_average_305_t4
Reading: /usr/local/freesurfer/average/711-2C_as_mni_average_305.4dfp.ifh
Writing: talsrcimg_to_711-2C_as_mni_average_305_t4_vox2vox.txt

start time Thu May 29 18:04:05 UTC 2025
end		time Thu May 29 18:04:25 UTC 2025

mpr2mni305 success

avi2talxfm orig_nu.mgz /usr/local/freesurfer/average/mni305.cor.mgz talsrcimg_to_711-2C_as_mni_average_305_t4_vox2vox.txt transforms/talairach.auto.xfm
avi2talxfm done
mv -f /home/freesurfer/subjects/sub-025/mri/talsrcimg_to_711-2C_as_mni_average_305_t4_vox2vox.txt /home/freesurfer/subjects/sub-025/mri/transforms/talsrcimg_to_711-2C_as_mni_average_305_t4_vox2vox.txt
lta_convert --src orig_nu.mgz --trg /usr/local/freesurfer/average/mni305.cor.mgz --inxfm transforms/talairach.auto.xfm --outlta transforms/talairach.auto.xfm.lta --subject fsaverage
7.4.1

--src: orig_nu.mgz src image (geometry).
--trg: /usr/local/freesurfer/average/mni305.cor.mgz trg image (geometry).
--inmni: transforms/talairach.auto.xfm input MNI/XFM transform.
--outlta: transforms/talairach.auto.xfm.lta output LTA.
--s: fsaverage subject name
 LTA read, type : 1
 1.06133  -0.06705  -0.06774   1.64024;
 0.16620   0.97498   0.42763  -34.11194;
 0.01104  -0.48387   1.03480  -44.92854;
 0.00000   0.00000   0.00000   1.00000;
setting subject to fsaverage
Writing  LTA to file transforms/talairach.auto.xfm.lta...
lta_convert successful.
 
 
Started at Thu May 29 18:04:04 UTC 2025
Ended   at Thu May 29 18:04:25 UTC 2025
talairach_avi done
