/home/freesurfer/subjects/sub-011/mri
/usr/local/freesurfer/bin/talairach_avi
--i orig_nu.mgz --xfm transforms/talairach.auto.xfm
talairach_avi 7.4.1
Linux f2cfbac655d7 6.11.0-26-generic #26~24.04.1-Ubuntu SMP PREEMPT_DYNAMIC Thu Apr 17 19:20:47 UTC 2 x86_64 x86_64 x86_64 GNU/Linux
Wed May 28 16:15:46 UTC 2025
mri_convert orig_nu.mgz talsrcimg.img 
reading from orig_nu.mgz...
TR=8.24, TE=0.00, TI=0.00, flip angle=0.00
i_ras = (-1, 2.2992e-09, -9.31323e-10)
j_ras = (9.31323e-10, 0, -1)
k_ras = (1.39698e-09, 1, 0)
writing to talsrcimg.img...
Analyze Output Matrix
-1.00000   0.00000   0.00000   126.00095;
 0.00000   0.00000   1.00000  -100.40720;
-0.00000  -1.00000   0.00000   141.20738;
 0.00000   0.00000   0.00000   1.00000;
--------------------
INFO: set hdr.hist.orient to -1
mpr2mni305 talsrcimg
Wed May 28 16:15:47 UTC 2025
/usr/local/freesurfer/bin/mpr2mni305 talsrcimg
mpr2mni305 7.4.1
target=711-2C_as_mni_average_305

---------------------------------------------------------------------
analyzeto4dfp talsrcimg -O0 -y
---------------------------------------------------------------------

freesurfer ifh2hdr.c
Wed May 28 16:15:47 2025
Writing: talsrcimg.4dfp.hdr
freesurfer analyzeto4dfp.c
Reading: talsrcimg.hdr
header size 348 bytes
hdr.dime.datatype	offset=70	value=2
hdr.dime.bitpix		offset=72	value=8
hdr.hist.orient		offset=252	value=-1
dimensionality     4
dimensions       256       256       256         1
Reading: talsrcimg.img
Writing: talsrcimg.4dfp.img
Writing: talsrcimg.4dfp.ifh
ifh2hdr talsrcimg -r0to229
ori=2

---------------------------------------------------------------------
gauss_4dfp talsrcimg 1.1
---------------------------------------------------------------------

freesurfer gauss_4dfp.c
Reading: talsrcimg.4dfp.img
Writing: talsrcimg_g11.4dfp.img
image dimensions 256 256 256 padded to 288 288 288
processing volume 1freesurfer ifh2hdr.c
Wed May 28 16:15:52 2025
Writing: talsrcimg_g11.4dfp.hdr

Writing: talsrcimg_g11.4dfp.ifh
including: talsrcimg.4dfp.img.rec in talsrcimg_g11.4dfp.img.rec

---------------------------------------------------------------------
imgreg_4dfp /usr/local/freesurfer/average/711-2C_as_mni_average_305 none talsrcimg_g11 none talsrcimg_to_711-2C_as_mni_average_305_t4 4355
---------------------------------------------------------------------

freesurfer imgreg_4dfp.c
/usr/local/freesurfer/average/711-2C_as_mni_average_305.4dfp.img
       256       256       256         1
  1.000000  1.000000  1.000000
orientation T byte_order littleendian
Reading image: /usr/local/freesurfer/average/711-2C_as_mni_average_305.4dfp.img
dimensions:      256       256       256
mmppix:       1.0000   -1.0000   -1.0000
center:     128.0000 -129.0000 -129.0000
talsrcimg_g11.4dfp.img
       256       256       256         1
  1.000000  1.000000  1.000000
orientation T byte_order littleendian
Reading image: talsrcimg_g11.4dfp.img
dimensions:      256       256       256
mmppix:       1.0000   -1.0000   -1.0000
center:     128.0000 -129.0000 -129.0000
t4_read: open error in t4_sub.f l:  41 t4_file(1:l)talsrcimg_to_711-2C_as_mni_average_305_t4 
t4_read: transform initialized to I4
rotation matrix determinant  1.000000
image alignment mode   4355 decimal     1103 hex
   -7.5000  -45.0000  -45.0000 9097.6250   20.6661
    0.0000  -45.0000  -45.0000 9479.8506   20.6634
    7.5000  -45.0000  -45.0000 9064.0840   20.6938
   -7.5000  -37.5000  -45.0000 9615.5615   20.6126
    0.0000  -37.5000  -45.000010000.3613   20.6022
    7.5000  -37.5000  -45.0000 9566.4678   20.6346
   -7.5000  -30.0000  -45.000010462.4160   20.5351
    0.0000  -30.0000  -45.000010901.3779   20.5191
    7.5000  -30.0000  -45.000010388.3652   20.5594
   -7.5000  -22.5000  -45.000011241.4453   20.5108
    0.0000  -22.5000  -45.000011749.3281   20.4963
    7.5000  -22.5000  -45.000011151.1855   20.5409
   -7.5000  -15.0000  -45.000011932.6602   20.5568
    0.0000  -15.0000  -45.000012464.0820   20.5488
    7.5000  -15.0000  -45.000011831.3770   20.5908
   -7.5000   -7.5000  -45.000012602.4600   20.6304
    0.0000   -7.5000  -45.000013190.3564   20.6288
    7.5000   -7.5000  -45.000012477.1240   20.6644
   -7.5000    0.0000  -45.000013215.9717   20.6621
    0.0000    0.0000  -45.000013817.9580   20.6593
    7.5000    0.0000  -45.000013065.9395   20.6897
   -7.5000    7.5000  -45.000012651.1445   20.6126
    0.0000    7.5000  -45.000013211.8203   20.6022
    7.5000    7.5000  -45.000012491.5400   20.6346
   -7.5000   15.0000  -45.000011842.7188   20.5351
    0.0000   15.0000  -45.000012356.2383   20.5191
    7.5000   15.0000  -45.000011660.0156   20.5594
   -7.5000   22.5000  -45.000010877.8369   20.5080
    0.0000   22.5000  -45.000011379.5908   20.4934
    7.5000   22.5000  -45.000010716.5264   20.5381
   -7.5000   30.0000  -45.0000 9843.0039   20.2829
    0.0000   30.0000  -45.000010315.9854   20.2749
    7.5000   30.0000  -45.0000 9703.4707   20.3164
   -7.5000   37.5000  -45.0000 9120.3203   20.3555
    0.0000   37.5000  -45.0000 9569.7070   20.3539
    7.5000   37.5000  -45.0000 9001.4805   20.3890
   -7.5000   45.0000  -45.0000 8208.1318   19.9122
    0.0000   45.0000  -45.0000 8609.2939   19.9090
    7.5000   45.0000  -45.0000 8110.4331   19.9391
   -7.5000  -45.0000  -37.5000 9607.3047   20.6569
    0.0000  -45.0000  -37.500010032.8965   20.6446
    7.5000  -45.0000  -37.5000 9540.4424   20.6681
   -7.5000  -37.5000  -37.500010170.0117   20.6065
    0.0000  -37.5000  -37.500010622.9307   20.5897
    7.5000  -37.5000  -37.500010071.3604   20.6139
   -7.5000  -30.0000  -37.500011076.1445   20.5505
    0.0000  -30.0000  -37.500011581.9141   20.5276
    7.5000  -30.0000  -37.500010962.9805   20.5528
   -7.5000  -22.5000  -37.500011914.2480   20.5460
    0.0000  -22.5000  -37.500012476.2588   20.5203
    7.5000  -22.5000  -37.500011791.4697   20.5445
   -7.5000  -15.0000  -37.500012624.5576   20.5909
    0.0000  -15.0000  -37.500013224.4092   20.5683
    7.5000  -15.0000  -37.500012488.2451   20.5907
   -7.5000   -7.5000  -37.500013348.0977   20.6418
    0.0000   -7.5000  -37.500013981.1035   20.6264
    7.5000   -7.5000  -37.500013173.4082   20.6492
   -7.5000    0.0000  -37.500013959.1299   20.6528
    0.0000    0.0000  -37.500014650.3994   20.6405
    7.5000    0.0000  -37.500013726.8086   20.6640
   -7.5000    7.5000  -37.500013340.0547   20.6065
    0.0000    7.5000  -37.500013988.5811   20.5897
    7.5000    7.5000  -37.500013093.6074   20.6139
   -7.5000   15.0000  -37.500012417.2217   20.5505
    0.0000   15.0000  -37.500013015.6494   20.5276
    7.5000   15.0000  -37.500012175.1914   20.5528
   -7.5000   22.5000  -37.500011356.1914   20.5432
    0.0000   22.5000  -37.500011940.9062   20.5175
    7.5000   22.5000  -37.500011183.7275   20.5417
   -7.5000   30.0000  -37.500010263.2529   20.3165
    0.0000   30.0000  -37.500010800.7363   20.2942
    7.5000   30.0000  -37.500010125.9365   20.3163
   -7.5000   37.5000  -37.5000 9531.9912   20.3667
    0.0000   37.5000  -37.500010027.8262   20.3515
    7.5000   37.5000  -37.5000 9407.6885   20.3740
   -7.5000   45.0000  -37.5000 8550.1465   19.9025
    0.0000   45.0000  -37.5000 8980.0635   19.8902
    7.5000   45.0000  -37.5000 8452.2559   19.9138
   -7.5000  -45.0000  -30.000010237.0967   21.5419
    0.0000  -45.0000  -30.000010691.7881   21.5213
    7.5000  -45.0000  -30.000010170.4951   21.5424
   -7.5000  -37.5000  -30.000010823.3711   21.4820
    0.0000  -37.5000  -30.000011337.7412   21.4588
    7.5000  -37.5000  -30.000010726.1289   21.4826
   -7.5000  -30.0000  -30.000011771.1670   21.4384
    0.0000  -30.0000  -30.000012360.7070   21.4080
    7.5000  -30.0000  -30.000011673.3271   21.4298
   -7.5000  -22.5000  -30.000012683.1270   21.4573
    0.0000  -22.5000  -30.000013327.6357   21.4207
    7.5000  -22.5000  -30.000012568.7559   21.4363
   -7.5000  -15.0000  -30.000013441.3984   21.5123
    0.0000  -15.0000  -30.000014141.5166   21.4771
    7.5000  -15.0000  -30.000013302.7119   21.4887
   -7.5000   -7.5000  -30.000014216.0967   21.5491
    0.0000   -7.5000  -30.000014953.6426   21.5227
    7.5000   -7.5000  -30.000014010.6143   21.5380
   -7.5000    0.0000  -30.000014875.5107   21.5376
    0.0000    0.0000  -30.000015644.6777   21.5171
    7.5000    0.0000  -30.000014569.5908   21.5382
   -7.5000    7.5000  -30.000014249.2373   21.4820
    0.0000    7.5000  -30.000014992.6445   21.4588
    7.5000    7.5000  -30.000013918.7061   21.4826
   -7.5000   15.0000  -30.000013211.1562   21.4384
    0.0000   15.0000  -30.000013890.1650   21.4080
    7.5000   15.0000  -30.000012916.8135   21.4298
   -7.5000   22.5000  -30.000012051.7383   21.4522
    0.0000   22.5000  -30.000012684.9375   21.4156
    7.5000   22.5000  -30.000011822.9248   21.4311
   -7.5000   30.0000  -30.000010860.0889   21.2276
    0.0000   30.0000  -30.000011430.0811   21.1929
    7.5000   30.0000  -30.000010669.6406   21.2043
   -7.5000   37.5000  -30.000010075.9951   21.2639
    0.0000   37.5000  -30.000010617.3867   21.2379
    7.5000   37.5000  -30.0000 9919.7539   21.2530
   -7.5000   45.0000  -30.0000 9044.2773   20.7698
    0.0000   45.0000  -30.0000 9539.1523   20.7496
    7.5000   45.0000  -30.0000 8923.9023   20.7709
   -7.5000  -45.0000  -22.500010842.7930   22.3078
    0.0000  -45.0000  -22.500011347.4004   22.2886
    7.5000  -45.0000  -22.500010770.1914   22.3123
   -7.5000  -37.5000  -22.500011427.3750   22.2375
    0.0000  -37.5000  -22.500011980.0654   22.2148
    7.5000  -37.5000  -22.500011345.4346   22.2454
   -7.5000  -30.0000  -22.500012448.0635   22.1834
    0.0000  -30.0000  -22.500013072.2734   22.1539
    7.5000  -30.0000  -22.500012369.6064   22.1886
   -7.5000  -22.5000  -22.500013430.3965   22.2021
    0.0000  -22.5000  -22.500014115.6631   22.1676
    7.5000  -22.5000  -22.500013342.7783   22.1968
   -7.5000  -15.0000  -22.500014219.5830   22.2659
    0.0000  -15.0000  -22.500014996.3525   22.2340
    7.5000  -15.0000  -22.500014090.7080   22.2551
   -7.5000   -7.5000  -22.500015010.9551   22.3131
    0.0000   -7.5000  -22.500015830.3594   22.2898
    7.5000   -7.5000  -22.500014783.6387   22.3095
   -7.5000    0.0000  -22.500015698.8066   22.3033
    0.0000    0.0000  -22.500016535.9883   22.2842
    7.5000    0.0000  -22.500015340.6045   22.3079
   -7.5000    7.5000  -22.500015016.7363   22.2375
    0.0000    7.5000  -22.500015816.7412   22.2148
    7.5000    7.5000  -22.500014636.1582   22.2454
   -7.5000   15.0000  -22.500013915.4219   22.1834
    0.0000   15.0000  -22.500014641.5811   22.1539
    7.5000   15.0000  -22.500013582.1895   22.1886
   -7.5000   22.5000  -22.500012684.5654   22.1952
    0.0000   22.5000  -22.500013371.5742   22.1607
    7.5000   22.5000  -22.500012426.3457   22.1899
   -7.5000   30.0000  -22.500011448.3701   21.9746
    0.0000   30.0000  -22.500012070.0469   21.9432
    7.5000   30.0000  -22.500011222.3496   21.9640
   -7.5000   37.5000  -22.500010588.6748   22.0213
    0.0000   37.5000  -22.500011196.2207   21.9983
    7.5000   37.5000  -22.500010405.2627   22.0177
   -7.5000   45.0000  -22.5000 9539.7236   21.5246
    0.0000   45.0000  -22.500010081.5801   21.5057
    7.5000   45.0000  -22.5000 9369.5654   21.5293
   -7.5000  -45.0000  -15.000011360.5449   22.8581
    0.0000  -45.0000  -15.000011868.7256   22.8476
    7.5000  -45.0000  -15.000011302.0732   22.8776
   -7.5000  -37.5000  -15.000011992.4209   22.7857
    0.0000  -37.5000  -15.000012533.1514   22.7681
    7.5000  -37.5000  -15.000011926.8359   22.8071
   -7.5000  -30.0000  -15.000013066.2041   22.7085
    0.0000  -30.0000  -15.000013653.8867   22.6841
    7.5000  -30.0000  -15.000012980.7559   22.7354
   -7.5000  -22.5000  -15.000014159.1309   22.7044
    0.0000  -22.5000  -15.000014799.6348   22.6791
    7.5000  -22.5000  -15.000014050.8574   22.7306
   -7.5000  -15.0000  -15.000015031.8135   22.7680
    0.0000  -15.0000  -15.000015802.0996   22.7491
    7.5000  -15.0000  -15.000014889.8633   22.7905
   -7.5000   -7.5000  -15.000015827.0391   22.8400
    0.0000   -7.5000  -15.000016621.2578   22.8290
    7.5000   -7.5000  -15.000015573.8633   22.8614
   -7.5000    0.0000  -15.000016475.0215   22.8536
    0.0000    0.0000  -15.000017236.1719   22.8430
    7.5000    0.0000  -15.000016097.1367   22.8730
   -7.5000    7.5000  -15.000015665.5938   22.7857
    0.0000    7.5000  -15.000016390.8633   22.7681
    7.5000    7.5000  -15.000015287.3057   22.8071
   -7.5000   15.0000  -15.000014512.8008   22.7085
    0.0000   15.0000  -15.000015221.7119   22.6841
    7.5000   15.0000  -15.000014175.2705   22.7354
   -7.5000   22.5000  -15.000013275.8369   22.6964
    0.0000   22.5000  -15.000013943.4395   22.6711
    7.5000   22.5000  -15.000012979.0156   22.7225
   -7.5000   30.0000  -15.000011989.2578   22.4734
    0.0000   30.0000  -15.000012605.9482   22.4547
    7.5000   30.0000  -15.000011705.9893   22.4956
   -7.5000   37.5000  -15.000011092.5195   22.5444
    0.0000   37.5000  -15.000011721.5312   22.5335
    7.5000   37.5000  -15.000010873.2939   22.5655
   -7.5000   45.0000  -15.000010020.5566   22.0698
    0.0000   45.0000  -15.000010570.8281   22.0591
    7.5000   45.0000  -15.0000 9810.6914   22.0886
   -7.5000  -45.0000   -7.500011861.9170   23.1105
    0.0000  -45.0000   -7.500012320.0234   23.1083
    7.5000  -45.0000   -7.500011815.8262   23.1445
   -7.5000  -37.5000   -7.500012493.7607   23.0425
    0.0000  -37.5000   -7.500012963.6865   23.0302
    7.5000  -37.5000   -7.500012438.6279   23.0727
   -7.5000  -30.0000   -7.500013599.6201   22.9494
    0.0000  -30.0000   -7.500014088.9785   22.9305
    7.5000  -30.0000   -7.500013539.7588   22.9868
   -7.5000  -22.5000   -7.500014778.6357   22.9240
    0.0000  -22.5000   -7.500015371.7715   22.9076
    7.5000  -22.5000   -7.500014696.2783   22.9688
   -7.5000  -15.0000   -7.500015943.1455   22.9826
    0.0000  -15.0000   -7.500016743.7559   22.9751
    7.5000  -15.0000   -7.500015752.5752   23.0294
   -7.5000   -7.5000   -7.500016829.0977   23.0714
    0.0000   -7.5000   -7.500017499.6543   23.0713
    7.5000   -7.5000   -7.500016536.6680   23.1145
   -7.5000    0.0000   -7.500017351.0430   23.1059
    0.0000    0.0000   -7.500017915.7754   23.1036
    7.5000    0.0000   -7.500017015.3164   23.1399
   -7.5000    7.5000   -7.500016428.1855   23.0425
    0.0000    7.5000   -7.500016914.4902   23.0302
    7.5000    7.5000   -7.500016103.6641   23.0727
   -7.5000   15.0000   -7.500015242.0430   22.9494
    0.0000   15.0000   -7.500015784.0498   22.9305
    7.5000   15.0000   -7.500014925.9248   22.9868
   -7.5000   22.5000   -7.500013972.0918   22.9134
    0.0000   22.5000   -7.500014536.9824   22.8970
    7.5000   22.5000   -7.500013685.5078   22.9582
   -7.5000   30.0000   -7.500012614.4629   22.6845
    0.0000   30.0000   -7.500013176.5713   22.6771
    7.5000   30.0000   -7.500012325.9268   22.7307
   -7.5000   37.5000   -7.500011693.4814   22.7722
    0.0000   37.5000   -7.500012292.2373   22.7721
    7.5000   37.5000   -7.500011422.9541   22.8147
   -7.5000   45.0000   -7.500010505.3447   22.3183
    0.0000   45.0000   -7.500011060.5459   22.3155
    7.5000   45.0000   -7.500010262.9883   22.3511
   -7.5000  -45.0000    0.000012172.9229   23.1257
    0.0000  -45.0000    0.000012660.6270   23.1226
    7.5000  -45.0000    0.000012181.2402   23.1567
   -7.5000  -37.5000    0.000012795.7090   23.0659
    0.0000  -37.5000    0.000013271.2148   23.0542
    7.5000  -37.5000    0.000012814.5488   23.0904
   -7.5000  -30.0000    0.000013899.3037   22.9791
    0.0000  -30.0000    0.000014382.8281   22.9612
    7.5000  -30.0000    0.000013942.4590   23.0063
   -7.5000  -22.5000    0.000015122.5967   22.9519
    0.0000  -22.5000    0.000015709.6777   22.9356
    7.5000  -22.5000    0.000015112.1279   22.9856
   -7.5000  -15.0000    0.000016397.9922   23.0034
    0.0000  -15.0000    0.000017238.1074   22.9944
    7.5000  -15.0000    0.000016310.4277   23.0414
   -7.5000   -7.5000    0.000017499.6172   23.0858
    0.0000   -7.5000    0.000018110.5586   23.0839
    7.5000   -7.5000    0.000017385.8105   23.1238
   -7.5000    0.0000    0.000018139.7461   23.1212
    0.0000    0.0000    0.000018540.0957   23.1181
    7.5000    0.0000    0.000017956.0332   23.1521
   -7.5000    7.5000    0.000017206.7949   23.0659
    0.0000    7.5000    0.000017572.6602   23.0542
    7.5000    7.5000    0.000016921.3945   23.0904
   -7.5000   15.0000    0.000015884.6113   22.9791
    0.0000   15.0000    0.000016350.8975   22.9612
    7.5000   15.0000    0.000015587.4062   23.0063
   -7.5000   22.5000    0.000014452.0420   22.9413
    0.0000   22.5000    0.000014997.6807   22.9251
    7.5000   22.5000    0.000014178.6162   22.9750
   -7.5000   30.0000    0.000012983.4980   22.7057
    0.0000   30.0000    0.000013554.2256   22.6968
    7.5000   30.0000    0.000012726.4834   22.7433
   -7.5000   37.5000    0.000012051.2109   22.7870
    0.0000   37.5000    0.000012651.6963   22.7852
    7.5000   37.5000    0.000011776.1641   22.8246
   -7.5000   45.0000    0.000010827.2070   22.3346
    0.0000   45.0000    0.000011378.1074   22.3310
    7.5000   45.0000    0.000010560.0742   22.3647
   -7.5000  -45.0000    7.500011568.8525   23.1156
    0.0000  -45.0000    7.500012000.1582   23.1018
    7.5000  -45.0000    7.500011604.4160   23.1281
   -7.5000  -37.5000    7.500012137.9170   23.0592
    0.0000  -37.5000    7.500012538.0371   23.0405
    7.5000  -37.5000    7.500012202.5664   23.0675
   -7.5000  -30.0000    7.500013203.8662   22.9965
    0.0000  -30.0000    7.500013623.5449   22.9710
    7.5000  -30.0000    7.500013293.6465   22.9991
   -7.5000  -22.5000    7.500014369.5117   22.9916
    0.0000  -22.5000    7.500014869.8662   22.9627
    7.5000  -22.5000    7.500014415.3662   22.9899
   -7.5000  -15.0000    7.500015482.5068   23.0418
    0.0000  -15.0000    7.500016108.4287   23.0164
    7.5000  -15.0000    7.500015508.7021   23.0415
   -7.5000   -7.5000    7.500016501.3574   23.0987
    0.0000   -7.5000    7.500017201.8203   23.0815
    7.5000   -7.5000    7.500016521.8125   23.1070
   -7.5000    0.0000    7.500017267.1543   23.1111
    0.0000    0.0000    7.500018038.7148   23.0973
    7.5000    0.0000    7.500017173.8984   23.1236
   -7.5000    7.5000    7.500016398.0840   23.0592
    0.0000    7.5000    7.500017149.5488   23.0405
    7.5000    7.5000    7.500016137.8223   23.0675
   -7.5000   15.0000    7.500015058.8984   22.9965
    0.0000   15.0000    7.500015731.0156   22.9710
    7.5000   15.0000    7.500014785.3867   22.9991
   -7.5000   22.5000    7.500013641.3643   22.9810
    0.0000   22.5000    7.500014240.5723   22.9522
    7.5000   22.5000    7.500013413.4365   22.9793
   -7.5000   30.0000    7.500012259.6523   22.7436
    0.0000   30.0000    7.500012776.6348   22.7186
    7.5000   30.0000    7.500012066.8604   22.7433
   -7.5000   37.5000    7.500011422.5186   22.7998
    0.0000   37.5000    7.500011917.2676   22.7828
    7.5000   37.5000    7.500011249.0000   22.8080
   -7.5000   45.0000    7.500010266.8262   22.3239
    0.0000   45.0000    7.500010695.8936   22.3101
    7.5000   45.0000    7.500010098.6045   22.3366
   -7.5000  -45.0000   15.000010902.6582   23.1337
    0.0000  -45.0000   15.000011373.3438   23.1116
    7.5000  -45.0000   15.000010927.3535   23.1342
   -7.5000  -37.5000   15.000011414.2412   23.0694
    0.0000  -37.5000   15.000011912.8799   23.0444
    7.5000  -37.5000   15.000011470.2617   23.0700
   -7.5000  -30.0000   15.000012429.5635   23.0225
    0.0000  -30.0000   15.000012975.7002   22.9899
    7.5000  -30.0000   15.000012494.4502   23.0133
   -7.5000  -22.5000   15.000013532.1396   23.0429
    0.0000  -22.5000   15.000014136.2061   23.0036
    7.5000  -22.5000   15.000013563.6465   23.0203
   -7.5000  -15.0000   15.000014529.6064   23.1019
    0.0000  -15.0000   15.000015117.6670   23.0641
    7.5000  -15.0000   15.000014517.7100   23.0766
   -7.5000   -7.5000   15.000015339.9180   23.1414
    0.0000   -7.5000   15.000015893.3027   23.1130
    7.5000   -7.5000   15.000015309.6455   23.1295
   -7.5000    0.0000   15.000015944.4648   23.1291
    0.0000    0.0000   15.000016569.6348   23.1070
    7.5000    0.0000   15.000015830.4648   23.1297
   -7.5000    7.5000   15.000015185.2158   23.0694
    0.0000    7.5000   15.000015808.6523   23.0444
    7.5000    7.5000   15.000014982.9170   23.0700
   -7.5000   15.0000   15.000014000.1836   23.0225
    0.0000   15.0000   15.000014576.5527   22.9899
    7.5000   15.0000   15.000013796.9531   23.0133
   -7.5000   22.5000   15.000012701.5840   23.0323
    0.0000   22.5000   15.000013246.8750   22.9930
    7.5000   22.5000   15.000012523.4111   23.0097
   -7.5000   30.0000   15.000011435.1211   22.8029
    0.0000   30.0000   15.000011953.0059   22.7656
    7.5000   30.0000   15.000011272.6445   22.7779
   -7.5000   37.5000   15.000010649.7422   22.8419
    0.0000   37.5000   15.000011166.3428   22.8139
    7.5000   37.5000   15.000010532.2832   22.8302
   -7.5000   45.0000   15.0000 9540.7900   22.3407
    0.0000   45.0000   15.0000 9978.2070   22.3189
    7.5000   45.0000   15.0000 9428.4307   22.3419
   -7.5000  -45.0000   22.500010206.3740   23.2364
    0.0000  -45.0000   22.500010688.8457   23.2166
    7.5000  -45.0000   22.500010196.0771   23.2414
   -7.5000  -37.5000   22.500010703.8203   23.1630
    0.0000  -37.5000   22.500011195.9482   23.1395
    7.5000  -37.5000   22.500010689.2891   23.1715
   -7.5000  -30.0000   22.500011629.8096   23.1065
    0.0000  -30.0000   22.500012155.0625   23.0758
    7.5000  -30.0000   22.500011617.7041   23.1122
   -7.5000  -22.5000   22.500012570.8604   23.1259
    0.0000  -22.5000   22.500013115.4326   23.0899
    7.5000  -22.5000   22.500012561.7852   23.1207
   -7.5000  -15.0000   22.500013393.5176   23.1924
    0.0000  -15.0000   22.500013900.6025   23.1592
    7.5000  -15.0000   22.500013365.3213   23.1816
   -7.5000   -7.5000   22.500014114.9111   23.2419
    0.0000   -7.5000   22.500014614.3936   23.2176
    7.5000   -7.5000   22.500014069.4355   23.2384
   -7.5000    0.0000   22.500014611.3496   23.2318
    0.0000    0.0000   22.500015144.5889   23.2119
    7.5000    0.0000   22.500014539.4561   23.2367
   -7.5000    7.5000   22.500013865.4111   23.1630
    0.0000    7.5000   22.500014372.2500   23.1395
    7.5000    7.5000   22.500013736.9297   23.1715
   -7.5000   15.0000   22.500012850.0293   23.1065
    0.0000   15.0000   22.500013322.0303   23.0758
    7.5000   15.0000   22.500012706.9824   23.1122
   -7.5000   22.5000   22.500011767.9902   23.1152
    0.0000   22.5000   22.500012196.5029   23.0793
    7.5000   22.5000   22.500011609.2266   23.1100
   -7.5000   30.0000   22.500010634.7617   22.8923
    0.0000   30.0000   22.500011047.8457   22.8595
    7.5000   30.0000   22.500010483.3105   22.8816
   -7.5000   37.5000   22.5000 9916.6562   22.9411
    0.0000   37.5000   22.500010329.4473   22.9172
    7.5000   37.5000   22.5000 9799.6377   22.9376
   -7.5000   45.0000   22.5000 8857.0908   22.4402
    0.0000   45.0000   22.5000 9216.1689   22.4206
    7.5000   45.0000   22.5000 8741.4297   22.4454
   -7.5000  -45.0000   30.0000 9445.0244   23.5477
    0.0000  -45.0000   30.0000 9896.1123   23.5366
    7.5000  -45.0000   30.0000 9400.7129   23.5674
   -7.5000  -37.5000   30.0000 9886.1016   23.4727
    0.0000  -37.5000   30.000010345.9463   23.4540
    7.5000  -37.5000   30.0000 9838.3506   23.4942
   -7.5000  -30.0000   30.000010687.8076   23.3919
    0.0000  -30.0000   30.000011174.3242   23.3662
    7.5000  -30.0000   30.000010659.9062   23.4191
   -7.5000  -22.5000   30.000011502.7949   23.3867
    0.0000  -22.5000   30.000012016.4531   23.3601
    7.5000  -22.5000   30.000011498.3467   23.4132
   -7.5000  -15.0000   30.000012243.4834   23.4524
    0.0000  -15.0000   30.000012734.1689   23.4326
    7.5000  -15.0000   30.000012212.8965   23.4755
   -7.5000   -7.5000   30.000012890.3574   23.5278
    0.0000   -7.5000   30.000013395.0889   23.5164
    7.5000   -7.5000   30.000012846.1875   23.5498
   -7.5000    0.0000   30.000013322.9629   23.5429
    0.0000    0.0000   30.000013831.5283   23.5318
    7.5000    0.0000   30.000013251.9746   23.5626
   -7.5000    7.5000   30.000012587.0859   23.4727
    0.0000    7.5000   30.000013074.2070   23.4540
    7.5000    7.5000   30.000012494.4199   23.4942
   -7.5000   15.0000   30.000011654.9326   23.3919
    0.0000   15.0000   30.000012097.7881   23.3662
    7.5000   15.0000   30.000011542.1084   23.4191
   -7.5000   22.5000   30.000010691.5381   23.3759
    0.0000   22.5000   30.000011120.1230   23.3493
    7.5000   22.5000   30.000010569.4512   23.4025
   -7.5000   30.0000   30.0000 9688.2354   23.1489
    0.0000   30.0000   30.000010079.4844   23.1294
    7.5000   30.0000   30.0000 9571.0869   23.1717
   -7.5000   37.5000   30.0000 9080.6855   23.2234
    0.0000   37.5000   30.0000 9450.7080   23.2120
    7.5000   37.5000   30.0000 8971.6182   23.2450
   -7.5000   45.0000   30.0000 8126.4482   22.7423
    0.0000   45.0000   30.0000 8455.9170   22.7310
    7.5000   45.0000   30.0000 8020.2954   22.7613
   -7.5000  -45.0000   37.5000 9053.2188   24.1106
    0.0000  -45.0000   37.5000 9472.3184   24.1096
    7.5000  -45.0000   37.5000 9008.6006   24.1506
   -7.5000  -37.5000   37.5000 9470.8369   24.0357
    0.0000  -37.5000   37.5000 9916.2725   24.0242
    7.5000  -37.5000   37.5000 9428.5391   24.0721
   -7.5000  -30.0000   37.500010209.2148   23.9302
    0.0000  -30.0000   37.500010686.2910   23.9120
    7.5000  -30.0000   37.500010188.3027   23.9751
   -7.5000  -22.5000   37.500010955.2588   23.8991
    0.0000  -22.5000   37.500011458.6143   23.8838
    7.5000  -22.5000   37.500010949.3555   23.9522
   -7.5000  -15.0000   37.500011659.8906   23.9633
    0.0000  -15.0000   37.500012140.5381   23.9573
    7.5000  -15.0000   37.500011640.1719   24.0183
   -7.5000   -7.5000   37.500012286.4375   24.0642
    0.0000   -7.5000   37.500012787.2930   24.0658
    7.5000   -7.5000   37.500012245.5596   24.1145
   -7.5000    0.0000   37.500012672.4805   24.1056
    0.0000    0.0000   37.500013176.1250   24.1046
    7.5000    0.0000   37.500012604.4883   24.1456
   -7.5000    7.5000   37.500011916.0605   24.0357
    0.0000    7.5000   37.500012394.6523   24.0242
    7.5000    7.5000   37.500011851.4971   24.0721
   -7.5000   15.0000   37.500011017.2051   23.9302
    0.0000   15.0000   37.500011482.9697   23.9120
    7.5000   15.0000   37.500010944.4121   23.9751
   -7.5000   22.5000   37.500010102.4141   23.8881
    0.0000   22.5000   37.500010535.7285   23.8727
    7.5000   22.5000   37.500010026.6035   23.9412
   -7.5000   30.0000   37.5000 9166.1279   23.6532
    0.0000   30.0000   37.5000 9551.9854   23.6473
    7.5000   30.0000   37.5000 9084.2158   23.7074
   -7.5000   37.5000   37.5000 8623.0957   23.7528
    0.0000   37.5000   37.5000 8995.3096   23.7544
    7.5000   37.5000   37.5000 8542.8115   23.8024
   -7.5000   45.0000   37.5000 7733.4395   23.2877
    0.0000   45.0000   37.5000 8051.9937   23.2861
    7.5000   45.0000   37.5000 7668.5093   23.3264
   -7.5000  -45.0000   45.0000 8338.3594   24.8159
    0.0000  -45.0000   45.0000 8698.0957   24.8179
    7.5000  -45.0000   45.0000 8290.4307   24.8483
   -7.5000  -37.5000   45.0000 8731.7480   24.7420
    0.0000  -37.5000   45.0000 9124.1260   24.7340
    7.5000  -37.5000   45.0000 8679.2031   24.7670
   -7.5000  -30.0000   45.0000 9410.0684   24.6375
    0.0000  -30.0000   45.0000 9840.1348   24.6219
    7.5000  -30.0000   45.0000 9391.4902   24.6642
   -7.5000  -22.5000   45.000010054.4824   24.6065
    0.0000  -22.5000   45.000010509.7559   24.5926
    7.5000  -22.5000   45.000010070.6562   24.6390
   -7.5000  -15.0000   45.000010674.6309   24.6702
    0.0000  -15.0000   45.000011147.5547   24.6648
    7.5000  -15.0000   45.000010692.9453   24.7075
   -7.5000   -7.5000   45.000011225.7285   24.7697
    0.0000   -7.5000   45.000011719.1914   24.7728
    7.5000   -7.5000   45.000011208.6904   24.8086
   -7.5000    0.0000   45.000011563.3770   24.8106
    0.0000    0.0000   45.000012062.7158   24.8126
    7.5000    0.0000   45.000011517.1855   24.8430
   -7.5000    7.5000   45.000010881.2402   24.7420
    0.0000    7.5000   45.000011341.1592   24.7340
    7.5000    7.5000   45.000010842.2656   24.7670
   -7.5000   15.0000   45.000010052.9951   24.6375
    0.0000   15.0000   45.000010505.5840   24.6219
    7.5000   15.0000   45.000010014.8672   24.6642
   -7.5000   22.5000   45.0000 9207.6934   24.5951
    0.0000   22.5000   45.0000 9622.1309   24.5812
    7.5000   22.5000   45.0000 9162.9678   24.6276
   -7.5000   30.0000   45.0000 8344.1348   24.3488
    0.0000   30.0000   45.0000 8712.6309   24.3435
    7.5000   30.0000   45.0000 8296.0586   24.3857
   -7.5000   37.5000   45.0000 7861.7754   24.4470
    0.0000   37.5000   45.0000 8191.6997   24.4501
    7.5000   37.5000   45.0000 7810.3062   24.4854
   -7.5000   45.0000   45.0000 7075.2061   23.9815
    0.0000   45.0000   45.0000 7351.9087   23.9828
    7.5000   45.0000   45.0000 7024.9829   24.0131

---------------------------------------------------------------------
imgreg_4dfp /usr/local/freesurfer/average/711-2C_as_mni_average_305 /usr/local/freesurfer/average/711-2B_as_mni_average_305_mask talsrcimg_g11 none talsrcimg_to_711-2C_as_mni_average_305_t4 4355
---------------------------------------------------------------------

freesurfer imgreg_4dfp.c
/usr/local/freesurfer/average/711-2C_as_mni_average_305.4dfp.img
       256       256       256         1
  1.000000  1.000000  1.000000
orientation T byte_order littleendian
Reading image: /usr/local/freesurfer/average/711-2C_as_mni_average_305.4dfp.img
dimensions:      256       256       256
mmppix:       1.0000   -1.0000   -1.0000
center:     128.0000 -129.0000 -129.0000
/usr/local/freesurfer/average/711-2B_as_mni_average_305_mask.4dfp.img
       256       256       256         1
  1.000000  1.000000  1.000000
orientation T byte_order littleendian
Reading mask: /usr/local/freesurfer/average/711-2B_as_mni_average_305_mask.4dfp.img (2306576 pixels)
talsrcimg_g11.4dfp.img
       256       256       256         1
  1.000000  1.000000  1.000000
orientation T byte_order littleendian
Reading image: talsrcimg_g11.4dfp.img
dimensions:      256       256       256
mmppix:       1.0000   -1.0000   -1.0000
center:     128.0000 -129.0000 -129.0000
rotation matrix determinant  1.000000
image alignment mode   4355 decimal     1103 hex
   -7.5000  -45.0000  -45.0000 2298.3301   21.6410
    0.0000  -45.0000  -45.0000 2314.4788   21.6278
    7.5000  -45.0000  -45.0000 2295.6013   21.6652
   -7.5000  -37.5000  -45.0000 2373.2290   20.4479
    0.0000  -37.5000  -45.0000 2384.3047   20.4480
    7.5000  -37.5000  -45.0000 2369.0298   20.4899
   -7.5000  -30.0000  -45.0000 2421.5564   19.6037
    0.0000  -30.0000  -45.0000 2437.4988   19.5848
    7.5000  -30.0000  -45.0000 2416.7090   19.5922
   -7.5000  -22.5000  -45.0000 2435.1282   19.0387
    0.0000  -22.5000  -45.0000 2455.2871   19.0647
    7.5000  -22.5000  -45.0000 2431.7637   19.0895
   -7.5000  -15.0000  -45.0000 2430.9954   18.7729
    0.0000  -15.0000  -45.0000 2452.9753   18.7760
    7.5000  -15.0000  -45.0000 2429.2883   18.8731
   -7.5000   -7.5000  -45.0000 2428.8557   18.7929
    0.0000   -7.5000  -45.0000 2452.0371   18.8489
    7.5000   -7.5000  -45.0000 2424.1780   18.9366
   -7.5000    0.0000  -45.0000 2423.5212   19.2403
    0.0000    0.0000  -45.0000 2444.1851   19.2182
    7.5000    0.0000  -45.0000 2421.2786   19.3137
   -7.5000    7.5000  -45.0000 2406.0923   19.7814
    0.0000    7.5000  -45.0000 2428.2451   19.7844
    7.5000    7.5000  -45.0000 2402.2295   19.8752
   -7.5000   15.0000  -45.0000 2374.0833   20.7281
    0.0000   15.0000  -45.0000 2394.9062   20.7438
    7.5000   15.0000  -45.0000 2369.9353   20.8541
   -7.5000   22.5000  -45.0000 2318.0366   22.1444
    0.0000   22.5000  -45.0000 2338.7612   22.1525
    7.5000   22.5000  -45.0000 2316.6399   22.2501
   -7.5000   30.0000  -45.0000 2235.6731   23.9839
    0.0000   30.0000  -45.0000 2256.4377   24.0320
    7.5000   30.0000  -45.0000 2232.4912   24.1744
   -7.5000   37.5000  -45.0000 2134.9966   26.4645
    0.0000   37.5000  -45.0000 2147.7324   26.4614
    7.5000   37.5000  -45.0000 2129.7937   26.6335
   -7.5000   45.0000  -45.0000 2004.9697   29.5965
    0.0000   45.0000  -45.0000 2017.5166   29.5781
    7.5000   45.0000  -45.0000 1998.7562   29.7267
   -7.5000  -45.0000  -37.5000 2382.1536   20.1413
    0.0000  -45.0000  -37.5000 2405.0376   20.2316
    7.5000  -45.0000  -37.5000 2374.1658   20.1273
   -7.5000  -37.5000  -37.5000 2460.6487   19.0763
    0.0000  -37.5000  -37.5000 2479.7725   19.1364
    7.5000  -37.5000  -37.5000 2448.4155   19.0155
   -7.5000  -30.0000  -37.5000 2507.7786   18.2404
    0.0000  -30.0000  -37.5000 2526.7283   18.2733
    7.5000  -30.0000  -37.5000 2498.4744   18.1711
   -7.5000  -22.5000  -37.5000 2525.5815   17.7134
    0.0000  -22.5000  -37.5000 2546.4575   17.7050
    7.5000  -22.5000  -37.5000 2520.9678   17.6672
   -7.5000  -15.0000  -37.5000 2527.9893   17.4571
    0.0000  -15.0000  -37.5000 2551.1887   17.4364
    7.5000  -15.0000  -37.5000 2521.8787   17.4658
   -7.5000   -7.5000  -37.5000 2537.0742   17.4274
    0.0000   -7.5000  -37.5000 2557.3286   17.4603
    7.5000   -7.5000  -37.5000 2529.5569   17.5060
   -7.5000    0.0000  -37.5000 2536.8008   17.7957
    0.0000    0.0000  -37.5000 2556.7747   17.8319
    7.5000    0.0000  -37.5000 2529.5647   17.8736
   -7.5000    7.5000  -37.5000 2514.8811   18.3568
    0.0000    7.5000  -37.5000 2535.8445   18.3989
    7.5000    7.5000  -37.5000 2508.7117   18.4499
   -7.5000   15.0000  -37.5000 2474.5261   19.3142
    0.0000   15.0000  -37.5000 2497.5901   19.3446
    7.5000   15.0000  -37.5000 2466.5496   19.4203
   -7.5000   22.5000  -37.5000 2413.6350   20.6511
    0.0000   22.5000  -37.5000 2436.2087   20.6953
    7.5000   22.5000  -37.5000 2411.6597   20.7783
   -7.5000   30.0000  -37.5000 2325.0164   22.4052
    0.0000   30.0000  -37.5000 2344.2681   22.4633
    7.5000   30.0000  -37.5000 2321.5105   22.5665
   -7.5000   37.5000  -37.5000 2213.8030   24.7439
    0.0000   37.5000  -37.5000 2237.6946   24.7560
    7.5000   37.5000  -37.5000 2213.9468   24.8895
   -7.5000   45.0000  -37.5000 2079.8088   27.5826
    0.0000   45.0000  -37.5000 2096.0027   27.6044
    7.5000   45.0000  -37.5000 2075.4070   27.7155
   -7.5000  -45.0000  -30.0000 2495.6550   19.5734
    0.0000  -45.0000  -30.0000 2523.6226   19.5909
    7.5000  -45.0000  -30.0000 2489.6108   19.5529
   -7.5000  -37.5000  -30.0000 2573.9333   18.4295
    0.0000  -37.5000  -30.0000 2601.9392   18.4366
    7.5000  -37.5000  -30.0000 2561.7546   18.3666
   -7.5000  -30.0000  -30.0000 2620.6826   17.5514
    0.0000  -30.0000  -30.0000 2646.6477   17.5608
    7.5000  -30.0000  -30.0000 2612.2058   17.5116
   -7.5000  -22.5000  -30.0000 2650.0146   17.0387
    0.0000  -22.5000  -30.0000 2671.9705   17.0330
    7.5000  -22.5000  -30.0000 2644.7432   17.0102
   -7.5000  -15.0000  -30.0000 2665.4070   16.7895
    0.0000  -15.0000  -30.0000 2685.6277   16.7363
    7.5000  -15.0000  -30.0000 2655.5266   16.7437
   -7.5000   -7.5000  -30.0000 2680.8450   16.7360
    0.0000   -7.5000  -30.0000 2702.6030   16.7361
    7.5000   -7.5000  -30.0000 2670.7905   16.7714
   -7.5000    0.0000  -30.0000 2679.9597   17.0647
    0.0000    0.0000  -30.0000 2702.6162   17.1494
    7.5000    0.0000  -30.0000 2669.1165   17.1275
   -7.5000    7.5000  -30.0000 2661.2451   17.7195
    0.0000    7.5000  -30.0000 2691.0225   17.7661
    7.5000    7.5000  -30.0000 2656.1965   17.7848
   -7.5000   15.0000  -30.0000 2618.8613   18.6998
    0.0000   15.0000  -30.0000 2643.1218   18.7131
    7.5000   15.0000  -30.0000 2611.5740   18.7821
   -7.5000   22.5000  -30.0000 2547.5422   20.0740
    0.0000   22.5000  -30.0000 2574.5259   20.0790
    7.5000   22.5000  -30.0000 2544.1304   20.1718
   -7.5000   30.0000  -30.0000 2447.8169   21.8298
    0.0000   30.0000  -30.0000 2467.4976   21.8420
    7.5000   30.0000  -30.0000 2444.6572   21.9638
   -7.5000   37.5000  -30.0000 2330.3806   24.1090
    0.0000   37.5000  -30.0000 2352.8669   24.0989
    7.5000   37.5000  -30.0000 2334.0208   24.2223
   -7.5000   45.0000  -30.0000 2188.2903   26.8160
    0.0000   45.0000  -30.0000 2213.4241   26.8992
    7.5000   45.0000  -30.0000 2187.4451   26.9840
   -7.5000  -45.0000  -22.5000 2572.3279   18.9818
    0.0000  -45.0000  -22.5000 2600.3357   18.9119
    7.5000  -45.0000  -22.5000 2566.1152   18.9558
   -7.5000  -37.5000  -22.5000 2647.4292   17.8090
    0.0000  -37.5000  -22.5000 2681.8413   17.7842
    7.5000  -37.5000  -22.5000 2641.0100   17.7690
   -7.5000  -30.0000  -22.5000 2704.4246   16.9181
    0.0000  -30.0000  -22.5000 2736.8572   16.8959
    7.5000  -30.0000  -22.5000 2698.4565   16.8852
   -7.5000  -22.5000  -22.5000 2745.8286   16.3710
    0.0000  -22.5000  -22.5000 2773.2214   16.3020
    7.5000  -22.5000  -22.5000 2741.7607   16.3434
   -7.5000  -15.0000  -22.5000 2764.6665   16.0794
    0.0000  -15.0000  -22.5000 2795.8994   16.0301
    7.5000  -15.0000  -22.5000 2763.3958   16.0650
   -7.5000   -7.5000  -22.5000 2787.2422   15.9661
    0.0000   -7.5000  -22.5000 2820.2593   15.9458
    7.5000   -7.5000  -22.5000 2776.0481   15.9910
   -7.5000    0.0000  -22.5000 2791.1011   16.2751
    0.0000    0.0000  -22.5000 2822.1865   16.3174
    7.5000    0.0000  -22.5000 2772.6760   16.3429
   -7.5000    7.5000  -22.5000 2771.4783   17.0187
    0.0000    7.5000  -22.5000 2801.2358   16.9987
    7.5000    7.5000  -22.5000 2765.5872   17.0374
   -7.5000   15.0000  -22.5000 2723.1782   18.0061
    0.0000   15.0000  -22.5000 2741.6655   17.9413
    7.5000   15.0000  -22.5000 2723.0247   18.0914
   -7.5000   22.5000  -22.5000 2645.2288   19.3619
    0.0000   22.5000  -22.5000 2664.6567   19.3113
    7.5000   22.5000  -22.5000 2645.0098   19.4679
   -7.5000   30.0000  -22.5000 2539.1511   21.1757
    0.0000   30.0000  -22.5000 2559.4661   21.1241
    7.5000   30.0000  -22.5000 2535.6211   21.2765
   -7.5000   37.5000  -22.5000 2412.1833   23.4264
    0.0000   37.5000  -22.5000 2430.1853   23.3546
    7.5000   37.5000  -22.5000 2411.5986   23.5280
   -7.5000   45.0000  -22.5000 2264.5925   26.1281
    0.0000   45.0000  -22.5000 2282.2913   26.0695
    7.5000   45.0000  -22.5000 2261.0510   26.2408
   -7.5000  -45.0000  -15.0000 2601.3379   18.4669
    0.0000  -45.0000  -15.0000 2623.0481   18.2973
    7.5000  -45.0000  -15.0000 2599.9270   18.4831
   -7.5000  -37.5000  -15.0000 2681.4211   17.2969
    0.0000  -37.5000  -15.0000 2709.8010   17.1184
    7.5000  -37.5000  -15.0000 2683.6633   17.2856
   -7.5000  -30.0000  -15.0000 2750.4739   16.4071
    0.0000  -30.0000  -15.0000 2783.6226   16.2516
    7.5000  -30.0000  -15.0000 2749.1245   16.3850
   -7.5000  -22.5000  -15.0000 2807.7053   15.8247
    0.0000  -22.5000  -15.0000 2837.9023   15.6745
    7.5000  -22.5000  -15.0000 2802.6101   15.8193
   -7.5000  -15.0000  -15.0000 2834.3110   15.5243
    0.0000  -15.0000  -15.0000 2867.6150   15.4416
    7.5000  -15.0000  -15.0000 2836.2129   15.5284
   -7.5000   -7.5000  -15.0000 2860.3660   15.3984
    0.0000   -7.5000  -15.0000 2898.9675   15.3070
    7.5000   -7.5000  -15.0000 2851.0940   15.3984
   -7.5000    0.0000  -15.0000 2865.9397   15.6599
    0.0000    0.0000  -15.0000 2894.2815   15.5722
    7.5000    0.0000  -15.0000 2844.6853   15.7212
   -7.5000    7.5000  -15.0000 2839.2981   16.3863
    0.0000    7.5000  -15.0000 2854.8655   16.2597
    7.5000    7.5000  -15.0000 2829.5503   16.4032
   -7.5000   15.0000  -15.0000 2779.3499   17.3766
    0.0000   15.0000  -15.0000 2795.3110   17.2147
    7.5000   15.0000  -15.0000 2780.0864   17.4445
   -7.5000   22.5000  -15.0000 2700.1914   18.8080
    0.0000   22.5000  -15.0000 2716.4182   18.6308
    7.5000   22.5000  -15.0000 2699.4724   18.9083
   -7.5000   30.0000  -15.0000 2589.0654   20.6556
    0.0000   30.0000  -15.0000 2602.6467   20.4728
    7.5000   30.0000  -15.0000 2584.6221   20.7944
   -7.5000   37.5000  -15.0000 2456.4697   22.8906
    0.0000   37.5000  -15.0000 2473.7942   22.7461
    7.5000   37.5000  -15.0000 2454.9595   23.0509
   -7.5000   45.0000  -15.0000 2304.8081   25.5234
    0.0000   45.0000  -15.0000 2319.6016   25.4399
    7.5000   45.0000  -15.0000 2303.0830   25.7112
   -7.5000  -45.0000   -7.5000 2608.3469   18.1220
    0.0000  -45.0000   -7.5000 2614.6719   17.7908
    7.5000  -45.0000   -7.5000 2614.9976   18.1926
   -7.5000  -37.5000   -7.5000 2693.1284   16.8945
    0.0000  -37.5000   -7.5000 2704.7366   16.5637
    7.5000  -37.5000   -7.5000 2699.1133   16.9375
   -7.5000  -30.0000   -7.5000 2769.5039   15.9744
    0.0000  -30.0000   -7.5000 2786.4739   15.6863
    7.5000  -30.0000   -7.5000 2772.1387   16.0150
   -7.5000  -22.5000   -7.5000 2832.7708   15.3899
    0.0000  -22.5000   -7.5000 2855.9976   15.1552
    7.5000  -22.5000   -7.5000 2830.5298   15.4433
   -7.5000  -15.0000   -7.5000 2881.0212   15.1702
    0.0000  -15.0000   -7.5000 2911.6965   14.9860
    7.5000  -15.0000   -7.5000 2876.8948   15.1956
   -7.5000   -7.5000   -7.5000 2909.8501   15.0749
    0.0000   -7.5000   -7.5000 2951.1870   14.8702
    7.5000   -7.5000   -7.5000 2903.6174   15.1234
   -7.5000    0.0000   -7.5000 2911.9304   15.3148
    0.0000    0.0000   -7.5000 2936.1067   14.9895
    7.5000    0.0000   -7.5000 2892.9116   15.3820
   -7.5000    7.5000   -7.5000 2876.7646   16.0228
    0.0000    7.5000   -7.5000 2878.1204   15.6823
    7.5000    7.5000   -7.5000 2867.0469   16.0931
   -7.5000   15.0000   -7.5000 2818.8713   17.0682
    0.0000   15.0000   -7.5000 2821.7078   16.7238
    7.5000   15.0000   -7.5000 2821.4507   17.1502
   -7.5000   22.5000   -7.5000 2733.1248   18.4853
    0.0000   22.5000   -7.5000 2740.9849   18.1538
    7.5000   22.5000   -7.5000 2736.6516   18.5962
   -7.5000   30.0000   -7.5000 2614.8970   20.3056
    0.0000   30.0000   -7.5000 2624.6128   20.0210
    7.5000   30.0000   -7.5000 2614.8750   20.4421
   -7.5000   37.5000   -7.5000 2483.0659   22.5345
    0.0000   37.5000   -7.5000 2495.0947   22.3442
    7.5000   37.5000   -7.5000 2479.7561   22.7267
   -7.5000   45.0000   -7.5000 2325.2727   25.2377
    0.0000   45.0000   -7.5000 2337.3936   25.0636
    7.5000   45.0000   -7.5000 2325.2356   25.4301
   -7.5000  -45.0000    0.0000 2595.4114   17.9970
    0.0000  -45.0000    0.0000 2596.7827   17.5926
    7.5000  -45.0000    0.0000 2607.4944   18.1438
   -7.5000  -37.5000    0.0000 2680.3899   16.7481
    0.0000  -37.5000    0.0000 2681.9282   16.3306
    7.5000  -37.5000    0.0000 2692.5225   16.8378
   -7.5000  -30.0000    0.0000 2760.0234   15.7847
    0.0000  -30.0000    0.0000 2765.7734   15.3919
    7.5000  -30.0000    0.0000 2770.6038   15.8970
   -7.5000  -22.5000    0.0000 2827.5605   15.1967
    0.0000  -22.5000    0.0000 2836.1445   14.8493
    7.5000  -22.5000    0.0000 2829.8115   15.3118
   -7.5000  -15.0000    0.0000 2878.7095   15.0418
    0.0000  -15.0000    0.0000 2897.1106   14.7401
    7.5000  -15.0000    0.0000 2877.4004   15.1145
   -7.5000   -7.5000    0.0000 2928.0720   15.1656
    0.0000   -7.5000    0.0000 2943.4385   14.8825
    7.5000   -7.5000    0.0000 2920.4673   15.2702
   -7.5000    0.0000    0.0000 2935.7461   15.4045
    0.0000    0.0000    0.0000 2949.5393   15.0196
    7.5000    0.0000    0.0000 2925.9353   15.6060
   -7.5000    7.5000    0.0000 2896.4722   16.0151
    0.0000    7.5000    0.0000 2907.6079   15.6176
    7.5000    7.5000    0.0000 2884.3667   16.1840
   -7.5000   15.0000    0.0000 2819.1611   16.9635
    0.0000   15.0000    0.0000 2829.7307   16.6561
    7.5000   15.0000    0.0000 2822.9773   17.0710
   -7.5000   22.5000    0.0000 2724.8984   18.3598
    0.0000   22.5000    0.0000 2736.3069   18.1012
    7.5000   22.5000    0.0000 2733.1350   18.4108
   -7.5000   30.0000    0.0000 2605.8308   20.1817
    0.0000   30.0000    0.0000 2623.8315   20.0156
    7.5000   30.0000    0.0000 2612.0942   20.2638
   -7.5000   37.5000    0.0000 2473.1628   22.4488
    0.0000   37.5000    0.0000 2499.1123   22.3664
    7.5000   37.5000    0.0000 2473.3303   22.5392
   -7.5000   45.0000    0.0000 2323.0627   25.1374
    0.0000   45.0000    0.0000 2350.1365   25.1645
    7.5000   45.0000    0.0000 2322.0154   25.2486
   -7.5000  -45.0000    7.5000 2567.2649   18.0427
    0.0000  -45.0000    7.5000 2572.7810   17.6007
    7.5000  -45.0000    7.5000 2583.3689   18.2569
   -7.5000  -37.5000    7.5000 2654.0627   16.8245
    0.0000  -37.5000    7.5000 2646.9038   16.3108
    7.5000  -37.5000    7.5000 2671.7593   16.9851
   -7.5000  -30.0000    7.5000 2734.4290   15.9349
    0.0000  -30.0000    7.5000 2723.3057   15.4209
    7.5000  -30.0000    7.5000 2751.0139   16.0521
   -7.5000  -22.5000    7.5000 2802.3853   15.4326
    0.0000  -22.5000    7.5000 2793.4854   14.9916
    7.5000  -22.5000    7.5000 2811.2598   15.5487
   -7.5000  -15.0000    7.5000 2857.6079   15.3255
    0.0000  -15.0000    7.5000 2867.4915   14.9849
    7.5000  -15.0000    7.5000 2861.6846   15.4519
   -7.5000   -7.5000    7.5000 2911.9277   15.4300
    0.0000   -7.5000    7.5000 2929.3438   15.1337
    7.5000   -7.5000    7.5000 2903.7756   15.6693
   -7.5000    0.0000    7.5000 2921.4578   15.7641
    0.0000    0.0000    7.5000 2949.0662   15.5947
    7.5000    0.0000    7.5000 2905.2515   16.0105
   -7.5000    7.5000    7.5000 2875.6768   16.3687
    0.0000    7.5000    7.5000 2915.5996   16.2783
    7.5000    7.5000    7.5000 2861.4702   16.5451
   -7.5000   15.0000    7.5000 2793.1934   17.3241
    0.0000   15.0000    7.5000 2826.0320   17.2068
    7.5000   15.0000    7.5000 2792.1101   17.4255
   -7.5000   22.5000    7.5000 2699.7295   18.6963
    0.0000   22.5000    7.5000 2718.4980   18.5455
    7.5000   22.5000    7.5000 2701.2878   18.7329
   -7.5000   30.0000    7.5000 2583.8042   20.5028
    0.0000   30.0000    7.5000 2595.3721   20.3537
    7.5000   30.0000    7.5000 2588.7678   20.5378
   -7.5000   37.5000    7.5000 2458.3950   22.6502
    0.0000   37.5000    7.5000 2472.8342   22.5331
    7.5000   37.5000    7.5000 2459.7571   22.7152
   -7.5000   45.0000    7.5000 2308.6484   25.2669
    0.0000   45.0000    7.5000 2329.5791   25.1515
    7.5000   45.0000    7.5000 2310.3513   25.3159
   -7.5000  -45.0000   15.0000 2532.2295   18.5030
    0.0000  -45.0000   15.0000 2540.1135   18.0696
    7.5000  -45.0000   15.0000 2543.6572   18.7201
   -7.5000  -37.5000   15.0000 2611.3406   17.2646
    0.0000  -37.5000   15.0000 2616.6819   16.8604
    7.5000  -37.5000   15.0000 2626.4331   17.4941
   -7.5000  -30.0000   15.0000 2686.5149   16.4215
    0.0000  -30.0000   15.0000 2689.5386   16.0488
    7.5000  -30.0000   15.0000 2703.3926   16.6203
   -7.5000  -22.5000   15.0000 2755.5510   15.9873
    0.0000  -22.5000   15.0000 2756.7590   15.6609
    7.5000  -22.5000   15.0000 2768.8330   16.1393
   -7.5000  -15.0000   15.0000 2810.5466   15.8802
    0.0000  -15.0000   15.0000 2817.5100   15.5164
    7.5000  -15.0000   15.0000 2815.9294   15.9779
   -7.5000   -7.5000   15.0000 2846.7190   15.9655
    0.0000   -7.5000   15.0000 2855.6726   15.5493
    7.5000   -7.5000   15.0000 2846.5684   16.1253
   -7.5000    0.0000   15.0000 2853.1445   16.3651
    0.0000    0.0000   15.0000 2867.5076   16.1147
    7.5000    0.0000   15.0000 2845.2839   16.5452
   -7.5000    7.5000   15.0000 2825.0669   17.0374
    0.0000    7.5000   15.0000 2848.5876   16.8109
    7.5000    7.5000   15.0000 2810.7209   17.1516
   -7.5000   15.0000   15.0000 2750.8250   18.0086
    0.0000   15.0000   15.0000 2774.9551   17.7870
    7.5000   15.0000   15.0000 2744.6782   18.0626
   -7.5000   22.5000   15.0000 2651.7126   19.3862
    0.0000   22.5000   15.0000 2677.2568   19.2697
    7.5000   22.5000   15.0000 2652.0339   19.4666
   -7.5000   30.0000   15.0000 2538.8315   21.1142
    0.0000   30.0000   15.0000 2562.1487   21.0539
    7.5000   30.0000   15.0000 2536.6882   21.1938
   -7.5000   37.5000   15.0000 2411.7563   23.1598
    0.0000   37.5000   15.0000 2431.7744   23.1058
    7.5000   37.5000   15.0000 2409.4097   23.2219
   -7.5000   45.0000   15.0000 2262.0037   25.7030
    0.0000   45.0000   15.0000 2278.5796   25.6670
    7.5000   45.0000   15.0000 2261.1848   25.7556
   -7.5000  -45.0000   22.5000 2499.0337   19.3044
    0.0000  -45.0000   22.5000 2514.8469   19.0359
    7.5000  -45.0000   22.5000 2503.5630   19.5695
   -7.5000  -37.5000   22.5000 2575.0901   18.1064
    0.0000  -37.5000   22.5000 2589.5393   17.8011
    7.5000  -37.5000   22.5000 2581.5618   18.3540
   -7.5000  -30.0000   22.5000 2642.9587   17.2529
    0.0000  -30.0000   22.5000 2655.6604   16.9481
    7.5000  -30.0000   22.5000 2653.9929   17.4442
   -7.5000  -22.5000   22.5000 2701.0193   16.7553
    0.0000  -22.5000   22.5000 2712.5708   16.4480
    7.5000  -22.5000   22.5000 2716.7795   16.8892
   -7.5000  -15.0000   22.5000 2743.2087   16.5813
    0.0000  -15.0000   22.5000 2751.3950   16.1550
    7.5000  -15.0000   22.5000 2749.0544   16.6981
   -7.5000   -7.5000   22.5000 2769.9731   16.6994
    0.0000   -7.5000   22.5000 2772.3196   16.3492
    7.5000   -7.5000   22.5000 2768.7664   16.8142
   -7.5000    0.0000   22.5000 2760.3503   17.1943
    0.0000    0.0000   22.5000 2767.8359   16.8989
    7.5000    0.0000   22.5000 2761.4900   17.3372
   -7.5000    7.5000   22.5000 2738.3018   17.8966
    0.0000    7.5000   22.5000 2753.5552   17.6210
    7.5000    7.5000   22.5000 2734.8179   18.0476
   -7.5000   15.0000   22.5000 2677.3291   18.9361
    0.0000   15.0000   22.5000 2697.1641   18.6736
    7.5000   15.0000   22.5000 2674.7659   19.0283
   -7.5000   22.5000   22.5000 2592.2996   20.3208
    0.0000   22.5000   22.5000 2611.9631   20.0782
    7.5000   22.5000   22.5000 2589.6931   20.4028
   -7.5000   30.0000   22.5000 2482.5393   22.0908
    0.0000   30.0000   22.5000 2509.4180   21.9982
    7.5000   30.0000   22.5000 2483.5764   22.2012
   -7.5000   37.5000   22.5000 2357.1865   24.2077
    0.0000   37.5000   22.5000 2380.4458   24.1522
    7.5000   37.5000   22.5000 2359.8950   24.2162
   -7.5000   45.0000   22.5000 2207.8369   26.6681
    0.0000   45.0000   22.5000 2222.4326   26.6490
    7.5000   45.0000   22.5000 2206.3433   26.7316
   -7.5000  -45.0000   30.0000 2444.1602   20.4269
    0.0000  -45.0000   30.0000 2463.2605   20.2250
    7.5000  -45.0000   30.0000 2440.5032   20.6369
   -7.5000  -37.5000   30.0000 2519.6821   19.1289
    0.0000  -37.5000   30.0000 2540.0945   18.9206
    7.5000  -37.5000   30.0000 2517.3403   19.3440
   -7.5000  -30.0000   30.0000 2582.2507   18.1812
    0.0000  -30.0000   30.0000 2599.7690   17.9446
    7.5000  -30.0000   30.0000 2585.3303   18.3865
   -7.5000  -22.5000   30.0000 2631.2773   17.6615
    0.0000  -22.5000   30.0000 2649.0813   17.3491
    7.5000  -22.5000   30.0000 2642.3569   17.8585
   -7.5000  -15.0000   30.0000 2661.3677   17.5307
    0.0000  -15.0000   30.0000 2674.0542   17.1769
    7.5000  -15.0000   30.0000 2664.0552   17.6988
   -7.5000   -7.5000   30.0000 2681.4185   17.7617
    0.0000   -7.5000   30.0000 2688.4666   17.4842
    7.5000   -7.5000   30.0000 2680.9990   17.8701
   -7.5000    0.0000   30.0000 2665.7156   18.3305
    0.0000    0.0000   30.0000 2673.7256   18.0638
    7.5000    0.0000   30.0000 2665.8164   18.4296
   -7.5000    7.5000   30.0000 2640.0835   19.0516
    0.0000    7.5000   30.0000 2650.7649   18.8387
    7.5000    7.5000   30.0000 2640.6897   19.2159
   -7.5000   15.0000   30.0000 2585.4470   20.0372
    0.0000   15.0000   30.0000 2603.4917   19.8380
    7.5000   15.0000   30.0000 2583.1174   20.2189
   -7.5000   22.5000   30.0000 2512.7104   21.4117
    0.0000   22.5000   30.0000 2533.5959   21.2242
    7.5000   22.5000   30.0000 2508.8022   21.5273
   -7.5000   30.0000   30.0000 2417.3752   23.2356
    0.0000   30.0000   30.0000 2439.3943   23.1179
    7.5000   30.0000   30.0000 2410.8716   23.3633
   -7.5000   37.5000   30.0000 2295.7041   25.4624
    0.0000   37.5000   30.0000 2319.1064   25.4696
    7.5000   37.5000   30.0000 2291.4226   25.6314
   -7.5000   45.0000   30.0000 2144.6311   28.1468
    0.0000   45.0000   30.0000 2167.7134   28.1463
    7.5000   45.0000   30.0000 2144.0996   28.3058
   -7.5000  -45.0000   37.5000 2382.9485   21.7537
    0.0000  -45.0000   37.5000 2403.5776   21.5997
    7.5000  -45.0000   37.5000 2369.1697   21.8948
   -7.5000  -37.5000   37.5000 2457.2537   20.3614
    0.0000  -37.5000   37.5000 2478.2275   20.1989
    7.5000  -37.5000   37.5000 2444.9724   20.5282
   -7.5000  -30.0000   37.5000 2511.6982   19.3470
    0.0000  -30.0000   37.5000 2528.9497   19.1569
    7.5000  -30.0000   37.5000 2507.0564   19.5562
   -7.5000  -22.5000   37.5000 2552.2153   18.8102
    0.0000  -22.5000   37.5000 2570.4485   18.5583
    7.5000  -22.5000   37.5000 2554.6062   19.0172
   -7.5000  -15.0000   37.5000 2580.5730   18.7253
    0.0000  -15.0000   37.5000 2591.2073   18.5170
    7.5000  -15.0000   37.5000 2574.7974   18.9018
   -7.5000   -7.5000   37.5000 2593.1562   19.0575
    0.0000   -7.5000   37.5000 2600.1128   18.8933
    7.5000   -7.5000   37.5000 2583.1699   19.2041
   -7.5000    0.0000   37.5000 2572.9602   19.7266
    0.0000    0.0000   37.5000 2581.1104   19.5277
    7.5000    0.0000   37.5000 2565.2439   19.8211
   -7.5000    7.5000   37.5000 2537.6699   20.4899
    0.0000    7.5000   37.5000 2550.7881   20.3214
    7.5000    7.5000   37.5000 2540.0852   20.6061
   -7.5000   15.0000   37.5000 2492.1272   21.3950
    0.0000   15.0000   37.5000 2517.3657   21.2766
    7.5000   15.0000   37.5000 2494.1003   21.5800
   -7.5000   22.5000   37.5000 2432.9307   22.6965
    0.0000   22.5000   37.5000 2455.3716   22.6091
    7.5000   22.5000   37.5000 2429.3933   22.8622
   -7.5000   30.0000   37.5000 2341.8845   24.5775
    0.0000   30.0000   37.5000 2363.3628   24.4841
    7.5000   30.0000   37.5000 2337.7742   24.6892
   -7.5000   37.5000   37.5000 2223.7878   26.9925
    0.0000   37.5000   37.5000 2247.7026   27.0599
    7.5000   37.5000   37.5000 2222.8662   27.2092
   -7.5000   45.0000   37.5000 2080.9478   29.8721
    0.0000   45.0000   37.5000 2099.8875   29.9713
    7.5000   45.0000   37.5000 2085.7009   30.0886
   -7.5000  -45.0000   45.0000 2306.7463   23.3750
    0.0000  -45.0000   45.0000 2320.6692   23.1955
    7.5000  -45.0000   45.0000 2288.3921   23.4193
   -7.5000  -37.5000   45.0000 2375.5454   21.8915
    0.0000  -37.5000   45.0000 2390.7112   21.7642
    7.5000  -37.5000   45.0000 2356.7871   21.9931
   -7.5000  -30.0000   45.0000 2426.4622   20.8436
    0.0000  -30.0000   45.0000 2439.2129   20.6345
    7.5000  -30.0000   45.0000 2414.5752   20.9926
   -7.5000  -22.5000   45.0000 2462.3862   20.2725
    0.0000  -22.5000   45.0000 2474.3679   20.0338
    7.5000  -22.5000   45.0000 2458.0632   20.4503
   -7.5000  -15.0000   45.0000 2480.8992   20.1755
    0.0000  -15.0000   45.0000 2489.4446   20.0467
    7.5000  -15.0000   45.0000 2474.3240   20.3391
   -7.5000   -7.5000   45.0000 2485.2332   20.6010
    0.0000   -7.5000   45.0000 2490.3335   20.4661
    7.5000   -7.5000   45.0000 2476.2366   20.7337
   -7.5000    0.0000   45.0000 2464.7966   21.2872
    0.0000    0.0000   45.0000 2475.2109   21.1996
    7.5000    0.0000   45.0000 2456.9082   21.3726
   -7.5000    7.5000   45.0000 2438.0476   22.0867
    0.0000    7.5000   45.0000 2453.0842   22.0390
    7.5000    7.5000   45.0000 2437.9368   22.2113
   -7.5000   15.0000   45.0000 2393.0522   23.0637
    0.0000   15.0000   45.0000 2419.3103   23.0219
    7.5000   15.0000   45.0000 2396.0557   23.2170
   -7.5000   22.5000   45.0000 2341.4978   24.3510
    0.0000   22.5000   45.0000 2362.8386   24.2749
    7.5000   22.5000   45.0000 2340.4282   24.4381
   -7.5000   30.0000   45.0000 2252.2632   26.3226
    0.0000   30.0000   45.0000 2274.3586   26.1712
    7.5000   30.0000   45.0000 2249.6567   26.3625
   -7.5000   37.5000   45.0000 2141.3958   28.8003
    0.0000   37.5000   45.0000 2163.8801   28.8228
    7.5000   37.5000   45.0000 2142.3372   28.9689
   -7.5000   45.0000   45.0000 2013.3015   31.9822
    0.0000   45.0000   45.0000 2031.8918   31.9907
    7.5000   45.0000   45.0000 2017.4192   32.2104

---------------------------------------------------------------------
imgreg_4dfp /usr/local/freesurfer/average/711-2C_as_mni_average_305 /usr/local/freesurfer/average/711-2B_as_mni_average_305_mask talsrcimg_g11 none talsrcimg_to_711-2C_as_mni_average_305_t4 1283
---------------------------------------------------------------------

freesurfer imgreg_4dfp.c
/usr/local/freesurfer/average/711-2C_as_mni_average_305.4dfp.img
       256       256       256         1
  1.000000  1.000000  1.000000
orientation T byte_order littleendian
Reading image: /usr/local/freesurfer/average/711-2C_as_mni_average_305.4dfp.img
dimensions:      256       256       256
mmppix:       1.0000   -1.0000   -1.0000
center:     128.0000 -129.0000 -129.0000
/usr/local/freesurfer/average/711-2B_as_mni_average_305_mask.4dfp.img
       256       256       256         1
  1.000000  1.000000  1.000000
orientation T byte_order littleendian
Reading mask: /usr/local/freesurfer/average/711-2B_as_mni_average_305_mask.4dfp.img (2306576 pixels)
talsrcimg_g11.4dfp.img
       256       256       256         1
  1.000000  1.000000  1.000000
orientation T byte_order littleendian
Reading image: talsrcimg_g11.4dfp.img
dimensions:      256       256       256
mmppix:       1.0000   -1.0000   -1.0000
center:     128.0000 -129.0000 -129.0000
rotation matrix determinant  1.000000
fimgreg.f
image alignment mode   1283 decimal      503 hex
parameters
    0.0000   -7.5000   -7.5000    0.0000    0.0000    0.0000
eta,q 0.92748 14.93102
niter,ni,del,rscale     5    3   12.0000    1.2000
parameter  3 -0.534912 -> -0.500000 qaram    1.1500
parameters
    0.0864   -6.7569   -4.0500   -1.7806    0.9573    0.0519
eta,q 0.93097 14.83345
  0.0897  0.0835  0.0847  0.0739  0.0777  0.0739
  0.0804  0.0795  0.0800  0.0712  0.0733  0.0712
  0.0746  0.0763  0.0762  0.0698  0.0705  0.0695
  0.0737  0.0735  0.0730  0.0705  0.0698  0.0690
  0.0764  0.0729  0.0704  0.0732  0.0690  0.0703
  0.0813  0.0758  0.0704  0.0775  0.0705  0.0718
  0.0872  0.0806  0.0729  0.0830  0.0737  0.0730
niter,ni,del,rscale     5    3   12.0000    1.2000
parameters
   -0.0821   -5.4760   -3.4381   -2.9234    0.9918    0.0479
eta,q 0.93262 14.82866
  0.0795  0.0837  0.0780  0.0725  0.0725  0.0729
  0.0732  0.0788  0.0747  0.0699  0.0689  0.0698
  0.0685  0.0739  0.0700  0.0676  0.0680  0.0677
  0.0690  0.0690  0.0671  0.0677  0.0674  0.0674
  0.0712  0.0670  0.0713  0.0703  0.0679  0.0690
  0.0761  0.0706  0.0740  0.0733  0.0696  0.0706
  0.0785  0.0768  0.0740  0.0782  0.0720  0.0719
niter,ni,del,rscale     4    3   12.0000    1.2000
parameters
   -0.2784   -4.8847   -3.1925   -3.7406    1.1179   -0.2167
eta,q 0.93291 14.83253
  0.0776  0.0813  0.0762  0.0723  0.0716  0.0722
  0.0719  0.0769  0.0735  0.0705  0.0683  0.0691
  0.0669  0.0715  0.0682  0.0679  0.0677  0.0673
  0.0674  0.0674  0.0669  0.0673  0.0673  0.0672
  0.0694  0.0676  0.0723  0.0693  0.0676  0.0687
  0.0750  0.0723  0.0733  0.0725  0.0689  0.0705
  0.0768  0.0783  0.0735  0.0761  0.0708  0.0720
niter,ni,del,rscale     3    3   12.0000    1.2000
parameters
   -0.5554   -4.4528   -3.0158   -4.4391    1.2856   -0.5862
eta,q 0.93294 14.83972
  0.0770  0.0806  0.0753  0.0719  0.0708  0.0718
  0.0719  0.0760  0.0726  0.0705  0.0679  0.0687
  0.0668  0.0705  0.0674  0.0681  0.0675  0.0672
  0.0671  0.0671  0.0669  0.0672  0.0672  0.0672
  0.0690  0.0678  0.0720  0.0686  0.0676  0.0686
  0.0750  0.0724  0.0721  0.0720  0.0683  0.0703
  0.0771  0.0785  0.0731  0.0752  0.0700  0.0722
niter,ni,del,rscale     2    3   12.0000    1.2000
parameters
   -0.8747   -4.0754   -2.9460   -5.2011    1.7248   -1.0964
eta,q 0.93290 14.85338
  0.0764  0.0798  0.0746  0.0712  0.0706  0.0713
  0.0722  0.0752  0.0717  0.0703  0.0677  0.0685
  0.0670  0.0701  0.0669  0.0682  0.0672  0.0672
  0.0671  0.0671  0.0670  0.0671  0.0672  0.0672
  0.0684  0.0679  0.0716  0.0682  0.0675  0.0684
  0.0747  0.0721  0.0714  0.0715  0.0678  0.0701
  0.0777  0.0781  0.0729  0.0748  0.0692  0.0721
niter,ni,del,rscale     1    3   12.0000    1.2000
parameters
   -1.2363   -3.6701   -2.8721   -6.3248    2.0865   -1.7537
eta,q 0.93266 14.86884
  0.0758  0.0788  0.0746  0.0698  0.0701  0.0709
  0.0724  0.0747  0.0714  0.0696  0.0677  0.0685
  0.0674  0.0704  0.0667  0.0682  0.0670  0.0672
  0.0671  0.0672  0.0669  0.0671  0.0675  0.0675
  0.0679  0.0676  0.0711  0.0680  0.0677  0.0684
  0.0741  0.0715  0.0711  0.0710  0.0673  0.0701
  0.0783  0.0774  0.0730  0.0746  0.0692  0.0722
registration optimization eta report
parameter search radius
    6.0000    6.0000    6.9000    6.0000    6.0000    6.0000
100000*second partial in parameter space
       29.       29.       13.       13.        7.       11.
  0.0758  0.0788  0.0746  0.0698  0.0701  0.0709
  0.0724  0.0747  0.0714  0.0696  0.0677  0.0685
  0.0674  0.0704  0.0667  0.0682  0.0670  0.0672
  0.0671  0.0672  0.0669  0.0671  0.0675  0.0675
  0.0679  0.0676  0.0711  0.0680  0.0677  0.0684
  0.0741  0.0715  0.0711  0.0710  0.0673  0.0701
  0.0783  0.0774  0.0730  0.0746  0.0692  0.0722
   -1.2363   -3.6701   -2.8721   -6.3248    2.0865   -1.7537
eta,q 0.93266 14.86884

---------------------------------------------------------------------
imgreg_4dfp /usr/local/freesurfer/average/711-2C_as_mni_average_305 /usr/local/freesurfer/average/711-2B_as_mni_average_305_mask talsrcimg_g11 none talsrcimg_to_711-2C_as_mni_average_305_t4 3335
---------------------------------------------------------------------

freesurfer imgreg_4dfp.c
/usr/local/freesurfer/average/711-2C_as_mni_average_305.4dfp.img
       256       256       256         1
  1.000000  1.000000  1.000000
orientation T byte_order littleendian
Reading image: /usr/local/freesurfer/average/711-2C_as_mni_average_305.4dfp.img
dimensions:      256       256       256
mmppix:       1.0000   -1.0000   -1.0000
center:     128.0000 -129.0000 -129.0000
/usr/local/freesurfer/average/711-2B_as_mni_average_305_mask.4dfp.img
       256       256       256         1
  1.000000  1.000000  1.000000
orientation T byte_order littleendian
Reading mask: /usr/local/freesurfer/average/711-2B_as_mni_average_305_mask.4dfp.img (2306576 pixels)
talsrcimg_g11.4dfp.img
       256       256       256         1
  1.000000  1.000000  1.000000
orientation T byte_order littleendian
Reading image: talsrcimg_g11.4dfp.img
dimensions:      256       256       256
mmppix:       1.0000   -1.0000   -1.0000
center:     128.0000 -129.0000 -129.0000
fimgreg.f
image alignment mode   3335 decimal      D07 hex
parameters
   -1.2363   -3.6701   -2.8721   -0.1131   -0.6675   -0.6746
    3.4425   -3.2798   -3.0582   11.1221    3.6408  -11.0092
eta,q 0.93589 14.89645
niter,ni,del,rscale     5    3    5.0000    1.2000
parameter  4124.102753 ->  0.500000 qaram    1.1500
parameter  5  1.581254 ->  0.500000 qaram    1.1500
parameter  6 -3.583353 ->  0.500000 qaram    1.1500
parameter  7  0.596232 ->  0.500000 qaram    1.1500
parameter 10  2.200277 ->  0.500000 qaram    1.1500
parameter 12  0.513790 ->  0.500000 qaram    1.1500
parameters
   -0.8858   -2.7926   -2.0910   -4.2531   -4.8075   -4.8146
   -0.6975   -4.0515   -3.2471    6.9821    1.7257  -15.1492
eta,q 0.96410 15.09291
  0.0672  0.0676  0.0651  0.0501  0.0498  0.0367  0.0419  0.0448  0.0426  0.0354  0.0384  0.0368
  0.0659  0.0660  0.0645  0.0543  0.0512  0.0407  0.0414  0.0426  0.0418  0.0364  0.0373  0.0360
  0.0648  0.0648  0.0641  0.0586  0.0529  0.0462  0.0415  0.0413  0.0413  0.0385  0.0368  0.0360
  0.0641  0.0640  0.0637  0.0635  0.0555  0.0516  0.0421  0.0414  0.0412  0.0412  0.0369  0.0368
  0.0641  0.0637  0.0635  0.0692  0.0590  0.0555  0.0432  0.0426  0.0414  0.0442  0.0378  0.0380
  0.0648  0.0639  0.0636  0.0737  0.0630  0.0586  0.0446  0.0442  0.0419  0.0473  0.0395  0.0396
  0.0659  0.0646  0.0641  0.0775  0.0668  0.0622  0.0462  0.0460  0.0426  0.0505  0.0418  0.0417
niter,ni,del,rscale     7    3    5.0000    1.2000
parameter  2 -0.816741 -> -0.500000 qaram    1.1500
parameter  4  0.917315 ->  0.500000 qaram    1.3225
parameter  5  0.783842 ->  0.500000 qaram    1.3225
parameters
   -1.0552   -1.4126   -1.0573   -9.0141   -9.5685   -7.6305
    2.5090   -1.3991   -1.1127    8.2510    0.8086  -13.3005
eta,q 0.97581 14.93775
  0.0400  0.0432  0.0404  0.0268  0.0254  0.0270  0.0321  0.0345  0.0282  0.0303  0.0251  0.0269
  0.0374  0.0403  0.0376  0.0275  0.0252  0.0261  0.0293  0.0301  0.0266  0.0276  0.0246  0.0257
  0.0361  0.0378  0.0355  0.0295  0.0258  0.0258  0.0271  0.0269  0.0254  0.0256  0.0243  0.0248
  0.0359  0.0358  0.0340  0.0334  0.0278  0.0252  0.0258  0.0253  0.0247  0.0245  0.0243  0.0243
  0.0368  0.0345  0.0334  0.0401  0.0315  0.0266  0.0253  0.0247  0.0245  0.0243  0.0244  0.0242
  0.0385  0.0339  0.0337  0.0494  0.0361  0.0324  0.0256  0.0249  0.0248  0.0254  0.0249  0.0245
  0.0411  0.0342  0.0345  0.0577  0.0406  0.0404  0.0266  0.0266  0.0256  0.0278  0.0259  0.0253
niter,ni,del,rscale     7    3    5.0000    1.2000
parameter  3  0.959607 ->  0.500000 qaram    1.1500
parameters
   -1.0414   -0.8193   -2.4373  -12.4053   -9.9840   -8.8062
    1.4665   -1.6236   -1.0820    8.1599    0.7986  -14.7115
eta,q 0.97674 14.67062
  0.0280  0.0290  0.0230  0.0246  0.0279  0.0261  0.0260  0.0275  0.0256  0.0280  0.0242  0.0245
  0.0258  0.0267  0.0230  0.0236  0.0255  0.0246  0.0243  0.0251  0.0243  0.0256  0.0237  0.0237
  0.0246  0.0251  0.0234  0.0231  0.0237  0.0237  0.0234  0.0237  0.0236  0.0239  0.0234  0.0233
  0.0242  0.0242  0.0240  0.0231  0.0231  0.0231  0.0234  0.0233  0.0233  0.0233  0.0233  0.0233
  0.0246  0.0240  0.0249  0.0248  0.0235  0.0228  0.0242  0.0238  0.0236  0.0238  0.0234  0.0237
  0.0258  0.0247  0.0259  0.0306  0.0256  0.0250  0.0257  0.0253  0.0243  0.0256  0.0237  0.0245
  0.0278  0.0262  0.0272  0.0395  0.0295  0.0313  0.0276  0.0283  0.0255  0.0284  0.0242  0.0257
niter,ni,del,rscale     7    3    5.0000    1.2000
parameters
   -1.0216   -0.9958   -3.1005  -13.2862   -9.7135   -9.3113
    1.3873   -1.6774   -1.0764    8.3600    0.6128  -15.1431
eta,q 0.97674 14.57719
  0.0265  0.0263  0.0242  0.0262  0.0285  0.0265  0.0267  0.0275  0.0255  0.0284  0.0241  0.0249
  0.0248  0.0246  0.0235  0.0246  0.0261  0.0248  0.0248  0.0251  0.0243  0.0258  0.0237  0.0239
  0.0236  0.0235  0.0231  0.0236  0.0241  0.0237  0.0236  0.0237  0.0235  0.0240  0.0234  0.0234
  0.0233  0.0233  0.0233  0.0231  0.0232  0.0232  0.0233  0.0233  0.0233  0.0233  0.0233  0.0233
  0.0236  0.0238  0.0237  0.0231  0.0233  0.0227  0.0238  0.0237  0.0235  0.0237  0.0234  0.0235
  0.0247  0.0251  0.0246  0.0244  0.0250  0.0240  0.0250  0.0251  0.0243  0.0253  0.0237  0.0242
  0.0264  0.0272  0.0257  0.0293  0.0286  0.0292  0.0267  0.0277  0.0254  0.0280  0.0243  0.0253
niter,ni,del,rscale     6    3    5.0000    1.2000
parameters
   -0.9807   -0.9329   -3.1176  -13.1590   -9.6037   -9.2667
    1.4110   -1.6611   -0.9965    8.4830    0.5523  -15.2377
eta,q 0.97677 14.60077
  0.0266  0.0269  0.0250  0.0267  0.0284  0.0267  0.0267  0.0275  0.0255  0.0283  0.0241  0.0250
  0.0248  0.0250  0.0241  0.0250  0.0260  0.0250  0.0248  0.0251  0.0243  0.0256  0.0237  0.0240
  0.0237  0.0237  0.0235  0.0238  0.0241  0.0238  0.0236  0.0237  0.0235  0.0239  0.0234  0.0234
  0.0233  0.0233  0.0233  0.0233  0.0232  0.0232  0.0232  0.0232  0.0232  0.0232  0.0232  0.0232
  0.0236  0.0236  0.0235  0.0231  0.0233  0.0227  0.0237  0.0237  0.0235  0.0237  0.0233  0.0234
  0.0247  0.0247  0.0241  0.0238  0.0252  0.0235  0.0249  0.0250  0.0242  0.0254  0.0237  0.0241
  0.0264  0.0266  0.0250  0.0274  0.0288  0.0279  0.0266  0.0275  0.0254  0.0281  0.0242  0.0251
niter,ni,del,rscale     5    3    5.0000    1.2000
parameters
   -0.9782   -0.9092   -3.1395  -13.1972   -9.5983   -9.3164
    1.3966   -1.6618   -0.9722    8.5200    0.5251  -15.2720
eta,q 0.97677 14.59692
  0.0265  0.0267  0.0249  0.0266  0.0284  0.0267  0.0267  0.0275  0.0255  0.0282  0.0241  0.0251
  0.0247  0.0249  0.0240  0.0249  0.0259  0.0250  0.0248  0.0251  0.0242  0.0256  0.0237  0.0240
  0.0236  0.0237  0.0234  0.0238  0.0241  0.0238  0.0236  0.0237  0.0235  0.0239  0.0234  0.0234
  0.0232  0.0232  0.0232  0.0232  0.0232  0.0232  0.0232  0.0232  0.0232  0.0232  0.0232  0.0232
  0.0236  0.0236  0.0234  0.0231  0.0234  0.0227  0.0237  0.0237  0.0235  0.0238  0.0233  0.0234
  0.0247  0.0247  0.0240  0.0239  0.0253  0.0236  0.0249  0.0250  0.0242  0.0255  0.0237  0.0240
  0.0264  0.0267  0.0250  0.0276  0.0290  0.0281  0.0266  0.0276  0.0254  0.0282  0.0242  0.0251
registration optimization eta report
parameter search radius
    2.4000    2.7600    2.7600    9.5220    9.5220    8.2800
    8.2800    7.2000    7.2000    8.2800    7.2000    8.2800
100000*second partial in parameter space
       56.       46.       23.        4.        6.        7.
        5.        8.        4.        7.        2.        3.
  0.0265  0.0267  0.0249  0.0266  0.0284  0.0267  0.0267  0.0275  0.0255  0.0282  0.0241  0.0251
  0.0247  0.0249  0.0240  0.0249  0.0259  0.0250  0.0248  0.0251  0.0242  0.0256  0.0237  0.0240
  0.0236  0.0237  0.0234  0.0238  0.0241  0.0238  0.0236  0.0237  0.0235  0.0239  0.0234  0.0234
  0.0232  0.0232  0.0232  0.0232  0.0232  0.0232  0.0232  0.0232  0.0232  0.0232  0.0232  0.0232
  0.0236  0.0236  0.0234  0.0231  0.0234  0.0227  0.0237  0.0237  0.0235  0.0238  0.0233  0.0234
  0.0247  0.0247  0.0240  0.0239  0.0253  0.0236  0.0249  0.0250  0.0242  0.0255  0.0237  0.0240
  0.0264  0.0267  0.0250  0.0276  0.0290  0.0281  0.0266  0.0276  0.0254  0.0282  0.0242  0.0251
   -0.9782   -0.9092   -3.1395  -13.1972   -9.5983   -9.3164
    1.3966   -1.6618   -0.9722    8.5200    0.5251  -15.2720
eta,q 0.97677 14.59692

---------------------------------------------------------------------
imgreg_4dfp /usr/local/freesurfer/average/711-2C_as_mni_average_305 /usr/local/freesurfer/average/711-2B_as_mni_average_305_mask talsrcimg_g11 none talsrcimg_to_711-2C_as_mni_average_305_t4 2311
---------------------------------------------------------------------

freesurfer imgreg_4dfp.c
/usr/local/freesurfer/average/711-2C_as_mni_average_305.4dfp.img
       256       256       256         1
  1.000000  1.000000  1.000000
orientation T byte_order littleendian
Reading image: /usr/local/freesurfer/average/711-2C_as_mni_average_305.4dfp.img
dimensions:      256       256       256
mmppix:       1.0000   -1.0000   -1.0000
center:     128.0000 -129.0000 -129.0000
/usr/local/freesurfer/average/711-2B_as_mni_average_305_mask.4dfp.img
       256       256       256         1
  1.000000  1.000000  1.000000
orientation T byte_order littleendian
Reading mask: /usr/local/freesurfer/average/711-2B_as_mni_average_305_mask.4dfp.img (2306576 pixels)
talsrcimg_g11.4dfp.img
       256       256       256         1
  1.000000  1.000000  1.000000
orientation T byte_order littleendian
Reading image: talsrcimg_g11.4dfp.img
dimensions:      256       256       256
mmppix:       1.0000   -1.0000   -1.0000
center:     128.0000 -129.0000 -129.0000
fimgreg.f
image alignment mode   2311 decimal      907 hex
parameters
   -0.9782   -0.9092   -3.1395  -13.1972   -9.5983   -9.3164
    1.3966   -1.6618   -0.9722    8.5200    0.5251  -15.2720
eta,q 0.97677 14.59693
niter,ni,del,rscale     5    3    5.0000    0.8000
parameter  6 -0.587782 -> -0.500000 qaram    1.1500
parameters
   -0.9784   -0.8860   -3.1367  -11.1117   -8.9842   -6.5564
    1.7773   -1.8336   -0.6289    7.9919    0.1286  -15.9126
eta,q 0.97766 14.95066
  0.0247  0.0244  0.0239  0.0243  0.0247  0.0244  0.0239  0.0252  0.0237  0.0244  0.0229  0.0230
  0.0239  0.0238  0.0235  0.0238  0.0239  0.0237  0.0231  0.0235  0.0230  0.0231  0.0226  0.0225
  0.0234  0.0234  0.0233  0.0235  0.0234  0.0233  0.0226  0.0226  0.0226  0.0225  0.0224  0.0223
  0.0232  0.0232  0.0232  0.0232  0.0231  0.0230  0.0224  0.0224  0.0224  0.0224  0.0224  0.0224
  0.0234  0.0234  0.0233  0.0231  0.0230  0.0227  0.0225  0.0227  0.0225  0.0229  0.0225  0.0226
  0.0239  0.0237  0.0235  0.0231  0.0233  0.0224  0.0229  0.0238  0.0228  0.0239  0.0227  0.0229
  0.0247  0.0244  0.0238  0.0233  0.0241  0.0230  0.0235  0.0257  0.0234  0.0255  0.0231  0.0234
niter,ni,del,rscale     5    3    5.0000    0.8000
parameters
   -0.9112   -0.6835   -3.2540  -11.2019   -9.6547   -7.7717
    1.7126   -1.6947   -0.4992    8.6231    0.1990  -16.0656
eta,q 0.97728 14.86479
  0.0240  0.0241  0.0231  0.0233  0.0237  0.0238  0.0239  0.0250  0.0239  0.0254  0.0231  0.0233
  0.0231  0.0232  0.0225  0.0229  0.0230  0.0234  0.0232  0.0236  0.0233  0.0240  0.0229  0.0229
  0.0226  0.0226  0.0223  0.0225  0.0225  0.0230  0.0229  0.0229  0.0229  0.0232  0.0228  0.0227
  0.0223  0.0223  0.0223  0.0223  0.0223  0.0223  0.0228  0.0228  0.0228  0.0228  0.0227  0.0227
  0.0225  0.0223  0.0225  0.0222  0.0226  0.0224  0.0229  0.0229  0.0229  0.0228  0.0227  0.0228
  0.0229  0.0227  0.0228  0.0225  0.0236  0.0244  0.0233  0.0234  0.0232  0.0233  0.0229  0.0230
  0.0238  0.0234  0.0233  0.0238  0.0251  0.0287  0.0240  0.0247  0.0238  0.0243  0.0231  0.0234
niter,ni,del,rscale     4    3    5.0000    0.7000
parameters
   -0.9244   -0.7144   -3.5353  -10.5978   -9.2616   -8.1911
    1.7061   -1.6990   -0.3893    8.5730   -0.0632  -16.2808
eta,q 0.97728 14.89180
  0.0238  0.0236  0.0230  0.0234  0.0240  0.0238  0.0236  0.0244  0.0236  0.0243  0.0230  0.0232
  0.0232  0.0231  0.0228  0.0231  0.0234  0.0235  0.0231  0.0233  0.0231  0.0234  0.0229  0.0229
  0.0228  0.0228  0.0227  0.0229  0.0229  0.0231  0.0228  0.0228  0.0228  0.0229  0.0228  0.0227
  0.0227  0.0227  0.0227  0.0227  0.0226  0.0226  0.0227  0.0227  0.0227  0.0227  0.0227  0.0227
  0.0228  0.0228  0.0228  0.0226  0.0226  0.0223  0.0228  0.0228  0.0228  0.0229  0.0228  0.0228
  0.0232  0.0232  0.0230  0.0227  0.0229  0.0231  0.0231  0.0233  0.0231  0.0235  0.0229  0.0230
  0.0238  0.0238  0.0233  0.0232  0.0237  0.0255  0.0236  0.0244  0.0235  0.0244  0.0231  0.0233
niter,ni,del,rscale     3    3    5.0000    0.6000
parameters
   -0.8754   -0.6399   -3.6836  -10.3550   -9.0512   -7.8867
    1.8563   -1.7242   -0.2181    8.5487   -0.3698  -16.5525
eta,q 0.97745 14.93589
  0.0236  0.0235  0.0230  0.0232  0.0238  0.0238  0.0233  0.0239  0.0232  0.0239  0.0228  0.0230
  0.0231  0.0231  0.0228  0.0230  0.0233  0.0234  0.0229  0.0230  0.0229  0.0231  0.0226  0.0227
  0.0228  0.0228  0.0227  0.0228  0.0229  0.0231  0.0226  0.0226  0.0226  0.0227  0.0226  0.0225
  0.0227  0.0227  0.0227  0.0227  0.0227  0.0227  0.0226  0.0226  0.0226  0.0226  0.0226  0.0226
  0.0228  0.0228  0.0228  0.0226  0.0227  0.0223  0.0226  0.0227  0.0226  0.0227  0.0226  0.0227
  0.0230  0.0230  0.0229  0.0227  0.0230  0.0225  0.0228  0.0231  0.0228  0.0232  0.0227  0.0228
  0.0235  0.0234  0.0231  0.0232  0.0237  0.0240  0.0232  0.0239  0.0231  0.0239  0.0229  0.0231
niter,ni,del,rscale     2    3    5.0000    0.5000
parameters
   -0.8313   -0.5895   -3.7425  -10.0609   -9.0973   -7.5487
    1.9627   -1.6857   -0.0898    8.5340   -0.3845  -16.7756
eta,q 0.97762 14.96870
  0.0232  0.0232  0.0228  0.0230  0.0233  0.0236  0.0229  0.0236  0.0229  0.0235  0.0227  0.0227
  0.0228  0.0228  0.0226  0.0228  0.0229  0.0233  0.0226  0.0228  0.0226  0.0229  0.0225  0.0225
  0.0226  0.0226  0.0225  0.0227  0.0227  0.0229  0.0225  0.0225  0.0225  0.0225  0.0224  0.0224
  0.0225  0.0225  0.0225  0.0225  0.0225  0.0225  0.0224  0.0224  0.0224  0.0224  0.0224  0.0224
  0.0226  0.0226  0.0226  0.0225  0.0226  0.0222  0.0224  0.0225  0.0224  0.0225  0.0224  0.0225
  0.0228  0.0228  0.0227  0.0226  0.0229  0.0225  0.0226  0.0228  0.0226  0.0229  0.0225  0.0226
  0.0231  0.0231  0.0228  0.0230  0.0234  0.0237  0.0229  0.0235  0.0228  0.0235  0.0227  0.0228
niter,ni,del,rscale     1    3    5.0000    0.4000
parameters
   -0.8148   -0.5579   -3.7179   -9.8370   -9.1693   -7.1516
    1.9664   -1.6810   -0.0658    8.5134   -0.3156  -16.8763
eta,q 0.97774 14.99666
  0.0228  0.0228  0.0226  0.0228  0.0229  0.0233  0.0226  0.0231  0.0226  0.0230  0.0225  0.0225
  0.0226  0.0226  0.0225  0.0226  0.0226  0.0231  0.0224  0.0226  0.0224  0.0226  0.0224  0.0224
  0.0224  0.0224  0.0224  0.0225  0.0225  0.0227  0.0223  0.0223  0.0223  0.0223  0.0223  0.0223
  0.0224  0.0224  0.0224  0.0224  0.0224  0.0224  0.0223  0.0223  0.0223  0.0223  0.0223  0.0223
  0.0224  0.0224  0.0224  0.0224  0.0224  0.0222  0.0223  0.0224  0.0223  0.0223  0.0223  0.0223
  0.0226  0.0225  0.0225  0.0224  0.0226  0.0224  0.0224  0.0226  0.0224  0.0226  0.0223  0.0224
  0.0228  0.0227  0.0226  0.0227  0.0230  0.0232  0.0226  0.0231  0.0226  0.0230  0.0225  0.0226
registration optimization eta report
parameter search radius
    0.8000    0.8000    0.8000    2.4000    2.4000    2.7600
    2.4000    2.4000    2.4000    2.4000    2.4000    2.4000
100000*second partial in parameter space
       64.       60.       35.        6.       10.       12.
        6.       15.        5.       13.        4.        5.
  0.0228  0.0228  0.0226  0.0228  0.0229  0.0233  0.0226  0.0231  0.0226  0.0230  0.0225  0.0225
  0.0226  0.0226  0.0225  0.0226  0.0226  0.0231  0.0224  0.0226  0.0224  0.0226  0.0224  0.0224
  0.0224  0.0224  0.0224  0.0225  0.0225  0.0227  0.0223  0.0223  0.0223  0.0223  0.0223  0.0223
  0.0224  0.0224  0.0224  0.0224  0.0224  0.0224  0.0223  0.0223  0.0223  0.0223  0.0223  0.0223
  0.0224  0.0224  0.0224  0.0224  0.0224  0.0222  0.0223  0.0224  0.0223  0.0223  0.0223  0.0223
  0.0226  0.0225  0.0225  0.0224  0.0226  0.0224  0.0224  0.0226  0.0224  0.0226  0.0223  0.0224
  0.0228  0.0227  0.0226  0.0227  0.0230  0.0232  0.0226  0.0231  0.0226  0.0230  0.0225  0.0226
   -0.8148   -0.5579   -3.7179   -9.8370   -9.1693   -7.1516
    1.9664   -1.6810   -0.0658    8.5134   -0.3156  -16.8763
eta,q 0.97774 14.99666

---------------------------------------------------------------------
imgreg_4dfp /usr/local/freesurfer/average/711-2C_as_mni_average_305 /usr/local/freesurfer/average/711-2B_as_mni_average_305_mask talsrcimg_g11 none talsrcimg_to_711-2C_as_mni_average_305_t4 2311
---------------------------------------------------------------------

freesurfer imgreg_4dfp.c
/usr/local/freesurfer/average/711-2C_as_mni_average_305.4dfp.img
       256       256       256         1
  1.000000  1.000000  1.000000
orientation T byte_order littleendian
Reading image: /usr/local/freesurfer/average/711-2C_as_mni_average_305.4dfp.img
dimensions:      256       256       256
mmppix:       1.0000   -1.0000   -1.0000
center:     128.0000 -129.0000 -129.0000
/usr/local/freesurfer/average/711-2B_as_mni_average_305_mask.4dfp.img
       256       256       256         1
  1.000000  1.000000  1.000000
orientation T byte_order littleendian
Reading mask: /usr/local/freesurfer/average/711-2B_as_mni_average_305_mask.4dfp.img (2306576 pixels)
talsrcimg_g11.4dfp.img
       256       256       256         1
  1.000000  1.000000  1.000000
orientation T byte_order littleendian
Reading image: talsrcimg_g11.4dfp.img
dimensions:      256       256       256
mmppix:       1.0000   -1.0000   -1.0000
center:     128.0000 -129.0000 -129.0000
fimgreg.f
image alignment mode   2311 decimal      907 hex
parameters
   -0.8148   -0.5579   -3.7179   -9.8370   -9.1693   -7.1516
    1.9664   -1.6810   -0.0658    8.5134   -0.3156  -16.8763
eta,q 0.97774 14.99667
niter,ni,del,rscale     5    3    5.0000    0.8000
parameters
   -0.8468   -0.5732   -3.4805  -10.8657   -9.5958   -7.7806
    1.7877   -1.7011   -0.2176    8.8449   -0.3719  -16.5076
eta,q 0.97735 14.89661
  0.0240  0.0238  0.0237  0.0231  0.0240  0.0238  0.0238  0.0250  0.0237  0.0253  0.0231  0.0236
  0.0230  0.0230  0.0229  0.0227  0.0232  0.0234  0.0231  0.0234  0.0231  0.0239  0.0228  0.0230
  0.0224  0.0225  0.0224  0.0225  0.0227  0.0230  0.0227  0.0228  0.0227  0.0230  0.0227  0.0227
  0.0223  0.0223  0.0223  0.0223  0.0224  0.0224  0.0227  0.0226  0.0226  0.0226  0.0226  0.0226
  0.0225  0.0224  0.0223  0.0224  0.0226  0.0222  0.0228  0.0229  0.0228  0.0228  0.0227  0.0227
  0.0231  0.0229  0.0226  0.0234  0.0235  0.0235  0.0232  0.0236  0.0232  0.0235  0.0228  0.0229
  0.0242  0.0239  0.0229  0.0255  0.0250  0.0263  0.0239  0.0250  0.0238  0.0246  0.0231  0.0232
niter,ni,del,rscale     4    3    5.0000    0.7000
parameters
   -0.8634   -0.6273   -3.6419  -10.6380   -9.2803   -7.8876
    1.8170   -1.6698   -0.1690    8.6628   -0.4083  -16.5340
eta,q 0.97740 14.91125
  0.0237  0.0236  0.0230  0.0234  0.0241  0.0237  0.0236  0.0246  0.0235  0.0243  0.0230  0.0232
  0.0231  0.0231  0.0228  0.0231  0.0234  0.0234  0.0230  0.0233  0.0230  0.0233  0.0227  0.0228
  0.0228  0.0228  0.0226  0.0228  0.0229  0.0230  0.0227  0.0227  0.0227  0.0227  0.0226  0.0226
  0.0226  0.0226  0.0227  0.0226  0.0226  0.0226  0.0226  0.0226  0.0226  0.0226  0.0226  0.0226
  0.0228  0.0228  0.0228  0.0225  0.0226  0.0222  0.0227  0.0228  0.0227  0.0229  0.0226  0.0227
  0.0232  0.0231  0.0230  0.0227  0.0229  0.0228  0.0230  0.0233  0.0230  0.0235  0.0227  0.0229
  0.0238  0.0238  0.0232  0.0235  0.0238  0.0246  0.0235  0.0244  0.0234  0.0246  0.0230  0.0232
niter,ni,del,rscale     3    3    5.0000    0.6000
parameters
   -0.8414   -0.6016   -3.7091  -10.2923   -9.1783   -7.5610
    1.9077   -1.6796   -0.1032    8.5650   -0.4047  -16.7173
eta,q 0.97758 14.95267
  0.0235  0.0234  0.0229  0.0232  0.0237  0.0236  0.0232  0.0240  0.0231  0.0239  0.0228  0.0229
  0.0230  0.0230  0.0227  0.0230  0.0232  0.0233  0.0228  0.0230  0.0227  0.0230  0.0226  0.0226
  0.0227  0.0227  0.0226  0.0228  0.0228  0.0230  0.0225  0.0225  0.0225  0.0226  0.0225  0.0224
  0.0226  0.0226  0.0226  0.0226  0.0226  0.0225  0.0224  0.0224  0.0224  0.0224  0.0224  0.0224
  0.0227  0.0227  0.0227  0.0225  0.0226  0.0222  0.0225  0.0226  0.0225  0.0226  0.0225  0.0225
  0.0229  0.0229  0.0228  0.0226  0.0229  0.0225  0.0227  0.0231  0.0227  0.0232  0.0226  0.0227
  0.0234  0.0234  0.0230  0.0232  0.0237  0.0237  0.0231  0.0240  0.0230  0.0240  0.0228  0.0230
niter,ni,del,rscale     2    3    5.0000    0.5000
parameters
   -0.8221   -0.5696   -3.7002  -10.0760   -9.2300   -7.2032
    1.9512   -1.6847   -0.0837    8.5326   -0.3523  -16.8268
eta,q 0.97772 14.98043
  0.0231  0.0230  0.0228  0.0229  0.0232  0.0234  0.0228  0.0235  0.0228  0.0234  0.0226  0.0227
  0.0227  0.0227  0.0226  0.0227  0.0228  0.0231  0.0225  0.0228  0.0225  0.0228  0.0224  0.0224
  0.0225  0.0225  0.0225  0.0225  0.0225  0.0228  0.0224  0.0224  0.0223  0.0224  0.0223  0.0223
  0.0224  0.0224  0.0224  0.0224  0.0224  0.0224  0.0223  0.0223  0.0223  0.0223  0.0223  0.0223
  0.0225  0.0225  0.0225  0.0224  0.0224  0.0222  0.0223  0.0224  0.0223  0.0224  0.0223  0.0224
  0.0227  0.0226  0.0226  0.0225  0.0228  0.0224  0.0225  0.0228  0.0225  0.0228  0.0224  0.0225
  0.0230  0.0230  0.0227  0.0229  0.0234  0.0233  0.0228  0.0235  0.0227  0.0235  0.0226  0.0227
niter,ni,del,rscale     1    3    5.0000    0.4000
parameters
   -0.8200   -0.5395   -3.6217   -9.8809   -9.2913   -6.8421
    1.9694   -1.6989   -0.0849    8.4787   -0.2568  -16.9061
eta,q 0.97783 15.00576
  0.0227  0.0227  0.0226  0.0227  0.0228  0.0232  0.0225  0.0231  0.0225  0.0229  0.0224  0.0225
  0.0225  0.0225  0.0224  0.0225  0.0225  0.0229  0.0223  0.0225  0.0223  0.0225  0.0223  0.0223
  0.0223  0.0223  0.0223  0.0224  0.0224  0.0226  0.0222  0.0222  0.0222  0.0222  0.0222  0.0222
  0.0223  0.0223  0.0223  0.0223  0.0223  0.0223  0.0222  0.0222  0.0222  0.0222  0.0222  0.0222
  0.0223  0.0223  0.0223  0.0223  0.0223  0.0221  0.0222  0.0223  0.0222  0.0223  0.0222  0.0222
  0.0225  0.0224  0.0224  0.0223  0.0225  0.0223  0.0223  0.0226  0.0223  0.0226  0.0223  0.0223
  0.0227  0.0226  0.0225  0.0226  0.0229  0.0229  0.0225  0.0231  0.0225  0.0230  0.0224  0.0225
registration optimization eta report
parameter search radius
    0.8000    0.8000    0.8000    2.4000    2.4000    2.4000
    2.4000    2.4000    2.4000    2.4000    2.4000    2.4000
100000*second partial in parameter space
       66.       60.       38.        6.       10.       14.
        6.       15.        5.       14.        4.        5.
  0.0227  0.0227  0.0226  0.0227  0.0228  0.0232  0.0225  0.0231  0.0225  0.0229  0.0224  0.0225
  0.0225  0.0225  0.0224  0.0225  0.0225  0.0229  0.0223  0.0225  0.0223  0.0225  0.0223  0.0223
  0.0223  0.0223  0.0223  0.0224  0.0224  0.0226  0.0222  0.0222  0.0222  0.0222  0.0222  0.0222
  0.0223  0.0223  0.0223  0.0223  0.0223  0.0223  0.0222  0.0222  0.0222  0.0222  0.0222  0.0222
  0.0223  0.0223  0.0223  0.0223  0.0223  0.0221  0.0222  0.0223  0.0222  0.0223  0.0222  0.0222
  0.0225  0.0224  0.0224  0.0223  0.0225  0.0223  0.0223  0.0226  0.0223  0.0226  0.0223  0.0223
  0.0227  0.0226  0.0225  0.0226  0.0229  0.0229  0.0225  0.0231  0.0225  0.0230  0.0224  0.0225
   -0.8200   -0.5395   -3.6217   -9.8809   -9.2913   -6.8421
    1.9694   -1.6989   -0.0849    8.4787   -0.2568  -16.9061
eta,q 0.97783 15.00576

---------------------------------------------------------------------
compute_vox2vox talsrcimg talsrcimg_to_711-2C_as_mni_average_305_t4 /usr/local/freesurfer/average/711-2C_as_mni_average_305
---------------------------------------------------------------------

freesurfer compute_vox2vox.c
Reading: talsrcimg.4dfp.ifh
Reading: talsrcimg_to_711-2C_as_mni_average_305_t4
Reading: /usr/local/freesurfer/average/711-2C_as_mni_average_305.4dfp.ifh
Writing: talsrcimg_to_711-2C_as_mni_average_305_t4_vox2vox.txt

start time Wed May 28 16:15:47 UTC 2025
end		time Wed May 28 16:16:06 UTC 2025

mpr2mni305 success

avi2talxfm orig_nu.mgz /usr/local/freesurfer/average/mni305.cor.mgz talsrcimg_to_711-2C_as_mni_average_305_t4_vox2vox.txt transforms/talairach.auto.xfm
avi2talxfm done
mv -f /home/freesurfer/subjects/sub-011/mri/talsrcimg_to_711-2C_as_mni_average_305_t4_vox2vox.txt /home/freesurfer/subjects/sub-011/mri/transforms/talsrcimg_to_711-2C_as_mni_average_305_t4_vox2vox.txt
lta_convert --src orig_nu.mgz --trg /usr/local/freesurfer/average/mni305.cor.mgz --inxfm transforms/talairach.auto.xfm --outlta transforms/talairach.auto.xfm.lta --subject fsaverage
7.4.1

--src: orig_nu.mgz src image (geometry).
--trg: /usr/local/freesurfer/average/mni305.cor.mgz trg image (geometry).
--inmni: transforms/talairach.auto.xfm input MNI/XFM transform.
--outlta: transforms/talairach.auto.xfm.lta output LTA.
--s: fsaverage subject name
 LTA read, type : 1
 1.10969   0.02206  -0.01998   3.94237;
 0.00319   1.05561   0.19667  -28.58660;
 0.00074  -0.09865   1.08403  -10.28073;
 0.00000   0.00000   0.00000   1.00000;
setting subject to fsaverage
Writing  LTA to file transforms/talairach.auto.xfm.lta...
lta_convert successful.
 
 
Started at Wed May 28 16:15:46 UTC 2025
Ended   at Wed May 28 16:16:07 UTC 2025
talairach_avi done
