Log file for defect2seg
Fri May 30 11:06:51 UTC 2025

setenv SUBJECTS_DIR /home/freesurfer/subjects
cd /home/freesurfer/subjects/sub-007/scripts
/usr/local/freesurfer/bin/defect2seg --s sub-007 --cortex

freesurfer-linux-centos8_x86_64-7.4.1-20230613-7eb8460
defect2seg 7.4.1
Linux 3cf10ead276d 6.11.0-26-generic #26~24.04.1-Ubuntu SMP PREEMPT_DYNAMIC Thu Apr 17 19:20:47 UTC 2 x86_64 x86_64 x86_64 GNU/Linux
pid 1283
mri_label2label --label-cortex /home/freesurfer/subjects/sub-007/surf/lh.orig.nofix /home/freesurfer/subjects/sub-007/mri/aseg.presurf.mgz 0 /home/freesurfer/subjects/sub-007/label/lh.nofix.cortex.label

 Generating cortex label... RemoveHipAmgy=0
 NucAccIsMedialWall=0
 mris->useRealRAS=0
16 non-cortical segments detected
only using segment with 7229 vertices
erasing segment 1 (vno[0] = 62166)
erasing segment 2 (vno[0] = 67357)
erasing segment 3 (vno[0] = 70969)
erasing segment 4 (vno[0] = 74056)
erasing segment 5 (vno[0] = 75992)
erasing segment 6 (vno[0] = 99343)
erasing segment 7 (vno[0] = 101128)
erasing segment 8 (vno[0] = 102152)
erasing segment 9 (vno[0] = 102935)
erasing segment 10 (vno[0] = 103860)
erasing segment 11 (vno[0] = 103986)
erasing segment 12 (vno[0] = 104143)
erasing segment 13 (vno[0] = 105997)
erasing segment 14 (vno[0] = 107975)
erasing segment 15 (vno[0] = 113856)
mri_label2vol --defects /home/freesurfer/subjects/sub-007/surf/lh.orig.nofix /home/freesurfer/subjects/sub-007/surf/lh.defect_labels /home/freesurfer/subjects/sub-007/mri/orig.mgz 1000 0 /home/freesurfer/subjects/sub-007/mri/surface.defects.mgz /home/freesurfer/subjects/sub-007/label/lh.nofix.cortex.label
mri_label2vol supposed to be reproducible but seed not set
Contraining to label /home/freesurfer/subjects/sub-007/label/lh.nofix.cortex.label
Changing input type 0 to MRI_INT
Converting defects to volume: offset=1000, merge=0
Writing to /home/freesurfer/subjects/sub-007/mri/surface.defects.mgz
mris_defects_pointset -s /home/freesurfer/subjects/sub-007/surf/lh.orig.nofix -d /home/freesurfer/subjects/sub-007/surf/lh.defect_labels -o /home/freesurfer/subjects/sub-007/surf/lh.defects.pointset --label /home/freesurfer/subjects/sub-007/label/lh.nofix.cortex.label
Reading in surface /home/freesurfer/subjects/sub-007/surf/lh.orig.nofix
Reading in defect segmentation /home/freesurfer/subjects/sub-007/surf/lh.defect_labels
Reading in label /home/freesurfer/subjects/sub-007/label/lh.nofix.cortex.label
#VMPC# mris_defects_pointset 200896
mris_defects_pointset done
mri_label2label --label-cortex /home/freesurfer/subjects/sub-007/surf/rh.orig.nofix /home/freesurfer/subjects/sub-007/mri/aseg.presurf.mgz 0 /home/freesurfer/subjects/sub-007/label/rh.nofix.cortex.label

 Generating cortex label... RemoveHipAmgy=0
 NucAccIsMedialWall=0
 mris->useRealRAS=0
14 non-cortical segments detected
only using segment with 6999 vertices
erasing segment 1 (vno[0] = 55405)
erasing segment 2 (vno[0] = 57629)
erasing segment 3 (vno[0] = 101560)
erasing segment 4 (vno[0] = 103435)
erasing segment 5 (vno[0] = 103531)
erasing segment 6 (vno[0] = 104360)
erasing segment 7 (vno[0] = 104418)
erasing segment 8 (vno[0] = 104436)
erasing segment 9 (vno[0] = 105271)
erasing segment 10 (vno[0] = 106246)
erasing segment 11 (vno[0] = 106313)
erasing segment 12 (vno[0] = 106347)
erasing segment 13 (vno[0] = 121418)
mri_label2vol --defects /home/freesurfer/subjects/sub-007/surf/rh.orig.nofix /home/freesurfer/subjects/sub-007/surf/rh.defect_labels /home/freesurfer/subjects/sub-007/mri/surface.defects.mgz 2000 1 /home/freesurfer/subjects/sub-007/mri/surface.defects.mgz /home/freesurfer/subjects/sub-007/label/rh.nofix.cortex.label
mri_label2vol supposed to be reproducible but seed not set
Contraining to label /home/freesurfer/subjects/sub-007/label/rh.nofix.cortex.label
Converting defects to volume: offset=2000, merge=1
Writing to /home/freesurfer/subjects/sub-007/mri/surface.defects.mgz
mris_defects_pointset -s /home/freesurfer/subjects/sub-007/surf/rh.orig.nofix -d /home/freesurfer/subjects/sub-007/surf/rh.defect_labels -o /home/freesurfer/subjects/sub-007/surf/rh.defects.pointset --label /home/freesurfer/subjects/sub-007/label/rh.nofix.cortex.label
Reading in surface /home/freesurfer/subjects/sub-007/surf/rh.orig.nofix
Reading in defect segmentation /home/freesurfer/subjects/sub-007/surf/rh.defect_labels
Reading in label /home/freesurfer/subjects/sub-007/label/rh.nofix.cortex.label
#VMPC# mris_defects_pointset 199552
mris_defects_pointset done
 
Started at Fri May 30 11:06:51 UTC 2025 
Ended   at Fri May 30 11:07:41 UTC 2025
Defect2seg-Run-Time-Sec 50
Defect2seg-Run-Time-Min 1.00
Defect2seg-Run-Time-Hours 0.01
 
defect2seg Done
