/home/freesurfer/subjects/sub-015/mri
/usr/local/freesurfer/bin/talairach_avi
--i orig_nu.mgz --xfm transforms/talairach.auto.xfm
talairach_avi 7.4.1
Linux 6d2f55620e0e 6.11.0-26-generic #26~24.04.1-Ubuntu SMP PREEMPT_DYNAMIC Thu Apr 17 19:20:47 UTC 2 x86_64 x86_64 x86_64 GNU/Linux
Thu May 29 19:10:56 UTC 2025
mri_convert orig_nu.mgz talsrcimg.img 
reading from orig_nu.mgz...
TR=8.18, TE=0.00, TI=0.00, flip angle=0.00
i_ras = (-1, 0, 0)
j_ras = (0, 0, -1)
k_ras = (0, 1, 0)
writing to talsrcimg.img...
Analyze Output Matrix
-1.00000   0.00000   0.00000   134.16548;
 0.00000   0.00000   1.00000  -86.34650;
 0.00000  -1.00000   0.00000   186.92780;
 0.00000   0.00000   0.00000   1.00000;
--------------------
INFO: set hdr.hist.orient to -1
mpr2mni305 talsrcimg
Thu May 29 19:10:56 UTC 2025
/usr/local/freesurfer/bin/mpr2mni305 talsrcimg
mpr2mni305 7.4.1
target=711-2C_as_mni_average_305

---------------------------------------------------------------------
analyzeto4dfp talsrcimg -O0 -y
---------------------------------------------------------------------

freesurfer ifh2hdr.c
Thu May 29 19:10:57 2025
Writing: talsrcimg.4dfp.hdr
freesurfer analyzeto4dfp.c
Reading: talsrcimg.hdr
header size 348 bytes
hdr.dime.datatype	offset=70	value=2
hdr.dime.bitpix		offset=72	value=8
hdr.hist.orient		offset=252	value=-1
dimensionality     4
dimensions       256       256       256         1
Reading: talsrcimg.img
Writing: talsrcimg.4dfp.img
Writing: talsrcimg.4dfp.ifh
ifh2hdr talsrcimg -r0to244
ori=2

---------------------------------------------------------------------
gauss_4dfp talsrcimg 1.1
---------------------------------------------------------------------

freesurfer gauss_4dfp.c
Reading: talsrcimg.4dfp.img
Writing: talsrcimg_g11.4dfp.img
image dimensions 256 256 256 padded to 288 288 288
processing volume 1freesurfer ifh2hdr.c
Thu May 29 19:11:01 2025
Writing: talsrcimg_g11.4dfp.hdr

Writing: talsrcimg_g11.4dfp.ifh
including: talsrcimg.4dfp.img.rec in talsrcimg_g11.4dfp.img.rec

---------------------------------------------------------------------
imgreg_4dfp /usr/local/freesurfer/average/711-2C_as_mni_average_305 none talsrcimg_g11 none talsrcimg_to_711-2C_as_mni_average_305_t4 4355
---------------------------------------------------------------------

freesurfer imgreg_4dfp.c
/usr/local/freesurfer/average/711-2C_as_mni_average_305.4dfp.img
       256       256       256         1
  1.000000  1.000000  1.000000
orientation T byte_order littleendian
Reading image: /usr/local/freesurfer/average/711-2C_as_mni_average_305.4dfp.img
dimensions:      256       256       256
mmppix:       1.0000   -1.0000   -1.0000
center:     128.0000 -129.0000 -129.0000
talsrcimg_g11.4dfp.img
       256       256       256         1
  1.000000  1.000000  1.000000
orientation T byte_order littleendian
Reading image: talsrcimg_g11.4dfp.img
dimensions:      256       256       256
mmppix:       1.0000   -1.0000   -1.0000
center:     128.0000 -129.0000 -129.0000
t4_read: open error in t4_sub.f l:  41 t4_file(1:l)talsrcimg_to_711-2C_as_mni_average_305_t4 
t4_read: transform initialized to I4
rotation matrix determinant  1.000000
image alignment mode   4355 decimal     1103 hex
   -7.5000  -45.0000  -45.0000 9630.0713   16.6328
    0.0000  -45.0000  -45.000010063.2461   16.6654
    7.5000  -45.0000  -45.0000 9611.5508   16.6265
   -7.5000  -37.5000  -45.000010133.1768   16.6077
    0.0000  -37.5000  -45.000010587.2412   16.6377
    7.5000  -37.5000  -45.000010094.6494   16.5988
   -7.5000  -30.0000  -45.000010977.7324   16.5738
    0.0000  -30.0000  -45.000011466.5723   16.5993
    7.5000  -30.0000  -45.000010908.0186   16.5598
   -7.5000  -22.5000  -45.000011771.9561   16.5607
    0.0000  -22.5000  -45.000012278.0537   16.5856
    7.5000  -22.5000  -45.000011682.7559   16.5445
   -7.5000  -15.0000  -45.000012468.7158   16.5772
    0.0000  -15.0000  -45.000013027.6426   16.6057
    7.5000  -15.0000  -45.000012419.2393   16.5635
   -7.5000   -7.5000  -45.000013172.9053   16.6142
    0.0000   -7.5000  -45.000013759.9678   16.6458
    7.5000   -7.5000  -45.000013125.2949   16.6052
   -7.5000    0.0000  -45.000013762.5039   16.6316
    0.0000    0.0000  -45.000014380.9482   16.6641
    7.5000    0.0000  -45.000013699.8838   16.6253
   -7.5000    7.5000  -45.000013119.5840   16.6077
    0.0000    7.5000  -45.000013696.9932   16.6377
    7.5000    7.5000  -45.000013021.9873   16.5988
   -7.5000   15.0000  -45.000012125.9561   16.5738
    0.0000   15.0000  -45.000012638.0674   16.5993
    7.5000   15.0000  -45.000012036.2881   16.5598
   -7.5000   22.5000  -45.000011047.4814   16.5584
    0.0000   22.5000  -45.000011516.6699   16.5833
    7.5000   22.5000  -45.000010992.6113   16.5422
   -7.5000   30.0000  -45.0000 9963.5791   16.3563
    0.0000   30.0000  -45.000010367.3408   16.3844
    7.5000   30.0000  -45.0000 9912.8555   16.3428
   -7.5000   37.5000  -45.0000 9308.4727   16.3928
    0.0000   37.5000  -45.0000 9688.6045   16.4240
    7.5000   37.5000  -45.0000 9282.1475   16.3839
   -7.5000   45.0000  -45.0000 8362.1602   16.0293
    0.0000   45.0000  -45.0000 8722.6729   16.0609
    7.5000   45.0000  -45.0000 8341.8086   16.0233
   -7.5000  -45.0000  -37.500010116.6211   16.6240
    0.0000  -45.0000  -37.500010582.3428   16.6594
    7.5000  -45.0000  -37.500010081.2109   16.6217
   -7.5000  -37.5000  -37.500010660.7637   16.5843
    0.0000  -37.5000  -37.500011131.5527   16.6189
    7.5000  -37.5000  -37.500010599.1514   16.5847
   -7.5000  -30.0000  -37.500011576.3965   16.5494
    0.0000  -30.0000  -37.500012059.5742   16.5780
    7.5000  -30.0000  -37.500011482.5498   16.5453
   -7.5000  -22.5000  -37.500012386.0693   16.5532
    0.0000  -22.5000  -37.500012921.5615   16.5785
    7.5000  -22.5000  -37.500012288.5381   16.5423
   -7.5000  -15.0000  -37.500013112.9883   16.5851
    0.0000  -15.0000  -37.500013695.6367   16.6126
    7.5000  -15.0000  -37.500013049.3984   16.5717
   -7.5000   -7.5000  -37.500013824.0127   16.6197
    0.0000   -7.5000  -37.500014434.8359   16.6514
    7.5000   -7.5000  -37.500013761.6787   16.6105
   -7.5000    0.0000  -37.500014456.3506   16.6227
    0.0000    0.0000  -37.500015107.0850   16.6582
    7.5000    0.0000  -37.500014359.6719   16.6205
   -7.5000    7.5000  -37.500013749.9629   16.5843
    0.0000    7.5000  -37.500014346.4287   16.6189
    7.5000    7.5000  -37.500013637.4111   16.5847
   -7.5000   15.0000  -37.500012681.1465   16.5494
    0.0000   15.0000  -37.500013201.4551   16.5780
    7.5000   15.0000  -37.500012587.1016   16.5453
   -7.5000   22.5000  -37.500011555.4951   16.5510
    0.0000   22.5000  -37.500012021.8701   16.5762
    7.5000   22.5000  -37.500011491.5166   16.5400
   -7.5000   30.0000  -37.500010383.8877   16.3641
    0.0000   30.0000  -37.500010786.0684   16.3912
    7.5000   30.0000  -37.500010363.6797   16.3509
   -7.5000   37.5000  -37.5000 9680.4707   16.3982
    0.0000   37.5000  -37.500010065.7275   16.4295
    7.5000   37.5000  -37.5000 9691.6953   16.3891
   -7.5000   45.0000  -37.5000 8672.6797   16.0206
    0.0000   45.0000  -37.5000 9029.9668   16.0550
    7.5000   45.0000  -37.5000 8681.3828   16.0185
   -7.5000  -45.0000  -30.000010684.3320   17.3029
    0.0000  -45.0000  -30.000011156.7256   17.3292
    7.5000  -45.0000  -30.000010630.4600   17.2924
   -7.5000  -37.5000  -30.000011277.6406   17.2605
    0.0000  -37.5000  -30.000011757.5312   17.2859
    7.5000  -37.5000  -30.000011204.0117   17.2540
   -7.5000  -30.0000  -30.000012273.6924   17.2194
    0.0000  -30.0000  -30.000012769.0557   17.2388
    7.5000  -30.0000  -30.000012161.4717   17.2117
   -7.5000  -22.5000  -30.000013118.1729   17.2219
    0.0000  -22.5000  -30.000013698.1133   17.2382
    7.5000  -22.5000  -30.000013011.3076   17.2096
   -7.5000  -15.0000  -30.000013903.3896   17.2561
    0.0000  -15.0000  -30.000014513.7607   17.2748
    7.5000  -15.0000  -30.000013797.9209   17.2402
   -7.5000   -7.5000  -30.000014667.9131   17.2947
    0.0000   -7.5000  -30.000015317.1045   17.3175
    7.5000   -7.5000  -30.000014519.5215   17.2796
   -7.5000    0.0000  -30.000015333.9209   17.3017
    0.0000    0.0000  -30.000016016.4111   17.3279
    7.5000    0.0000  -30.000015132.6172   17.2912
   -7.5000    7.5000  -30.000014576.4082   17.2605
    0.0000    7.5000  -30.000015186.8301   17.2859
    7.5000    7.5000  -30.000014396.2148   17.2540
   -7.5000   15.0000  -30.000013398.9971   17.2194
    0.0000   15.0000  -30.000013946.8467   17.2388
    7.5000   15.0000  -30.000013278.6904   17.2117
   -7.5000   22.5000  -30.000012180.1523   17.2178
    0.0000   22.5000  -30.000012646.7637   17.2341
    7.5000   22.5000  -30.000012120.7139   17.2055
   -7.5000   30.0000  -30.000010961.3242   17.0278
    0.0000   30.0000  -30.000011374.1113   17.0462
    7.5000   30.0000  -30.000010937.3613   17.0121
   -7.5000   37.5000  -30.000010207.1758   17.0659
    0.0000   37.5000  -30.000010602.9775   17.0883
    7.5000   37.5000  -30.000010213.5811   17.0510
   -7.5000   45.0000  -30.0000 9114.8105   16.6872
    0.0000   45.0000  -30.0000 9472.6543   16.7127
    7.5000   45.0000  -30.0000 9103.7715   16.6771
   -7.5000  -45.0000  -22.500011201.0967   17.8892
    0.0000  -45.0000  -22.500011698.3994   17.9023
    7.5000  -45.0000  -22.500011090.1035   17.8649
   -7.5000  -37.5000  -22.500011826.7773   17.8628
    0.0000  -37.5000  -22.500012343.2002   17.8725
    7.5000  -37.5000  -22.500011696.5342   17.8373
   -7.5000  -30.0000  -22.500012922.3281   17.8170
    0.0000  -30.0000  -22.500013481.8828   17.8218
    7.5000  -30.0000  -22.500012760.1416   17.7921
   -7.5000  -22.5000  -22.500013875.5996   17.7965
    0.0000  -22.5000  -22.500014511.3057   17.8018
    7.5000  -22.5000  -22.500013694.9404   17.7747
   -7.5000  -15.0000  -22.500014712.9512   17.8132
    0.0000  -15.0000  -22.500015366.5654   17.8232
    7.5000  -15.0000  -22.500014489.7041   17.7932
   -7.5000   -7.5000  -22.500015500.7959   17.8587
    0.0000   -7.5000  -22.500016190.2363   17.8717
    7.5000   -7.5000  -22.500015164.9229   17.8369
   -7.5000    0.0000  -22.500016168.1045   17.8879
    0.0000    0.0000  -22.500016871.0098   17.9010
    7.5000    0.0000  -22.500015766.9980   17.8636
   -7.5000    7.5000  -22.500015302.4619   17.8628
    0.0000    7.5000  -22.500015953.5166   17.8725
    7.5000    7.5000  -22.500014946.9395   17.8373
   -7.5000   15.0000  -22.500014073.2158   17.8170
    0.0000   15.0000  -22.500014630.4062   17.8218
    7.5000   15.0000  -22.500013821.3682   17.7921
   -7.5000   22.5000  -22.500012807.7803   17.7911
    0.0000   22.5000  -22.500013295.7998   17.7963
    7.5000   22.5000  -22.500012655.5557   17.7692
   -7.5000   30.0000  -22.500011524.3447   17.5802
    0.0000   30.0000  -22.500011954.2793   17.5901
    7.5000   30.0000  -22.500011438.3652   17.5605
   -7.5000   37.5000  -22.500010749.0625   17.6251
    0.0000   37.5000  -22.500011163.7979   17.6379
    7.5000   37.5000  -22.500010690.1543   17.6036
   -7.5000   45.0000  -22.5000 9586.8203   17.2657
    0.0000   45.0000  -22.5000 9935.5449   17.2785
    7.5000   45.0000  -22.5000 9487.9043   17.2423
   -7.5000  -45.0000  -15.000011646.4707   18.3309
    0.0000  -45.0000  -15.000012152.5967   18.3393
    7.5000  -45.0000  -15.000011466.0947   18.2995
   -7.5000  -37.5000  -15.000012321.1846   18.3206
    0.0000  -37.5000  -15.000012872.9971   18.3236
    7.5000  -37.5000  -15.000012107.6943   18.2823
   -7.5000  -30.0000  -15.000013472.6738   18.2728
    0.0000  -30.0000  -15.000014111.2490   18.2724
    7.5000  -30.0000  -15.000013257.7939   18.2350
   -7.5000  -22.5000  -15.000014625.1387   18.2305
    0.0000  -22.5000  -15.000015373.1260   18.2338
    7.5000  -22.5000  -15.000014308.4590   18.2015
   -7.5000  -15.0000  -15.000015625.5908   18.2297
    0.0000  -15.0000  -15.000016404.7344   18.2398
    7.5000  -15.0000  -15.000015143.4131   18.2083
   -7.5000   -7.5000  -15.000016363.3711   18.2810
    0.0000   -7.5000  -15.000017133.5605   18.2927
    7.5000   -7.5000  -15.000015739.5361   18.2575
   -7.5000    0.0000  -15.000016933.8086   18.3295
    0.0000    0.0000  -15.000017651.7559   18.3380
    7.5000    0.0000  -15.000016251.1777   18.2981
   -7.5000    7.5000  -15.000015980.7725   18.3206
    0.0000    7.5000  -15.000016668.9004   18.3236
    7.5000    7.5000  -15.000015406.5176   18.2823
   -7.5000   15.0000  -15.000014694.1436   18.2728
    0.0000   15.0000  -15.000015339.4521   18.2724
    7.5000   15.0000  -15.000014273.2549   18.2350
   -7.5000   22.5000  -15.000013399.5352   18.2240
    0.0000   22.5000  -15.000013968.4316   18.2273
    7.5000   22.5000  -15.000013080.7559   18.1951
   -7.5000   30.0000  -15.000012102.1709   17.9938
    0.0000   30.0000  -15.000012570.3975   18.0037
    7.5000   30.0000  -15.000011870.8643   17.9726
   -7.5000   37.5000  -15.000011291.8096   18.0444
    0.0000   37.5000  -15.000011744.7812   18.0560
    7.5000   37.5000  -15.000011119.5684   18.0212
   -7.5000   45.0000  -15.000010032.8105   17.7029
    0.0000   45.0000  -15.000010412.6396   17.7112
    7.5000   45.0000  -15.0000 9869.1084   17.6726
   -7.5000  -45.0000   -7.500012025.2510   18.5649
    0.0000  -45.0000   -7.500012556.2988   18.5848
    7.5000  -45.0000   -7.500011858.9395   18.5425
   -7.5000  -37.5000   -7.500012734.8799   18.5526
    0.0000  -37.5000   -7.500013294.1230   18.5676
    7.5000  -37.5000   -7.500012520.9258   18.5231
   -7.5000  -30.0000   -7.500013969.4609   18.5091
    0.0000  -30.0000   -7.500014650.0127   18.5209
    7.5000  -30.0000   -7.500013730.4629   18.4771
   -7.5000  -22.5000   -7.500015313.9570   18.4710
    0.0000  -22.5000   -7.500016249.3232   18.4860
    7.5000  -22.5000   -7.500014922.7637   18.4451
   -7.5000  -15.0000   -7.500016513.8828   18.4725
    0.0000  -15.0000   -7.500017584.4531   18.4934
    7.5000  -15.0000   -7.500015900.2373   18.4540
   -7.5000   -7.5000   -7.500017113.0938   18.5213
    0.0000   -7.5000   -7.500018074.3730   18.5440
    7.5000   -7.5000   -7.500016438.1758   18.5040
   -7.5000    0.0000   -7.500017576.7910   18.5635
    0.0000    0.0000   -7.500018455.2207   18.5834
    7.5000    0.0000   -7.500016914.3750   18.5411
   -7.5000    7.5000   -7.500016575.8203   18.5526
    0.0000    7.5000   -7.500017474.9453   18.5676
    7.5000    7.5000   -7.500016050.2354   18.5231
   -7.5000   15.0000   -7.500015327.9238   18.5091
    0.0000   15.0000   -7.500016179.0264   18.5209
    7.5000   15.0000   -7.500014890.1436   18.4771
   -7.5000   22.5000   -7.500013974.5986   18.4625
    0.0000   22.5000   -7.500014725.1807   18.4774
    7.5000   22.5000   -7.500013618.0449   18.4366
   -7.5000   30.0000   -7.500012606.8213   18.2329
    0.0000   30.0000   -7.500013240.6289   18.2536
    7.5000   30.0000   -7.500012334.2529   18.2147
   -7.5000   37.5000   -7.500011775.0000   18.2812
    0.0000   37.5000   -7.500012344.4502   18.3035
    7.5000   37.5000   -7.500011552.3027   18.2641
   -7.5000   45.0000   -7.500010437.7988   17.9323
    0.0000   45.0000   -7.500010926.7969   17.9517
    7.5000   45.0000   -7.500010255.9668   17.9107
   -7.5000  -45.0000    0.000012298.7842   18.6125
    0.0000  -45.0000    0.000012829.1270   18.6490
    7.5000  -45.0000    0.000012172.7705   18.6055
   -7.5000  -37.5000    0.000013009.1211   18.5845
    0.0000  -37.5000    0.000013575.4785   18.6180
    7.5000  -37.5000    0.000012814.4980   18.5746
   -7.5000  -30.0000    0.000014355.3027   18.5466
    0.0000  -30.0000    0.000014992.7754   18.5751
    7.5000  -30.0000    0.000014065.8408   18.5309
   -7.5000  -22.5000    0.000015800.3936   18.5319
    0.0000  -22.5000    0.000016824.1367   18.5597
    7.5000  -22.5000    0.000015386.0342   18.5137
   -7.5000  -15.0000    0.000017038.4453   18.5504
    0.0000  -15.0000    0.000018393.4375   18.5823
    7.5000  -15.0000    0.000016579.3965   18.5350
   -7.5000   -7.5000    0.000017704.2715   18.5917
    0.0000   -7.5000    0.000019067.7500   18.6272
    7.5000   -7.5000    0.000017327.5723   18.5817
   -7.5000    0.0000    0.000018163.9805   18.6112
    0.0000    0.0000    0.000019483.7754   18.6476
    7.5000    0.0000    0.000017797.3379   18.6041
   -7.5000    7.5000    0.000017105.5547   18.5845
    0.0000    7.5000    0.000018318.1211   18.6180
    7.5000    7.5000    0.000016715.9922   18.5746
   -7.5000   15.0000    0.000015760.4424   18.5466
    0.0000   15.0000    0.000016823.5098   18.5751
    7.5000   15.0000    0.000015408.0225   18.5309
   -7.5000   22.5000    0.000014323.3057   18.5234
    0.0000   22.5000    0.000015191.3232   18.5511
    7.5000   22.5000    0.000014003.3125   18.5052
   -7.5000   30.0000    0.000012884.7314   18.3103
    0.0000   30.0000    0.000013593.1826   18.3418
    7.5000   30.0000    0.000012631.4971   18.2951
   -7.5000   37.5000    0.000012017.9707   18.3511
    0.0000   37.5000    0.000012647.0078   18.3861
    7.5000   37.5000    0.000011794.1865   18.3412
   -7.5000   45.0000    0.000010653.4307   17.9795
    0.0000   45.0000    0.000011188.0879   18.0149
    7.5000   45.0000    0.000010463.4463   17.9727
   -7.5000  -45.0000    7.500011606.6221   18.6026
    0.0000  -45.0000    7.500012138.0557   18.6423
    7.5000  -45.0000    7.500011555.5557   18.6002
   -7.5000  -37.5000    7.500012236.4004   18.5583
    0.0000  -37.5000    7.500012822.2383   18.5969
    7.5000  -37.5000    7.500012155.6523   18.5587
   -7.5000  -30.0000    7.500013498.0791   18.5192
    0.0000  -30.0000    7.500014189.6045   18.5512
    7.5000  -30.0000    7.500013366.8506   18.5146
   -7.5000  -22.5000    7.500014838.2500   18.5235
    0.0000  -22.5000    7.500015876.3936   18.5518
    7.5000  -22.5000    7.500014599.0596   18.5113
   -7.5000  -15.0000    7.500015950.7100   18.5592
    0.0000  -15.0000    7.500017240.7988   18.5900
    7.5000  -15.0000    7.500015673.2686   18.5442
   -7.5000   -7.5000    7.500016592.3672   18.5979
    0.0000   -7.5000    7.500017967.7930   18.6333
    7.5000   -7.5000    7.500016438.0000   18.5876
   -7.5000    0.0000    7.500017106.8418   18.6013
    0.0000    0.0000    7.500018464.4121   18.6410
    7.5000    0.0000    7.500016930.0508   18.5988
   -7.5000    7.5000    7.500016119.3203   18.5583
    0.0000    7.5000    7.500017295.2559   18.5969
    7.5000    7.5000    7.500015875.2588   18.5587
   -7.5000   15.0000    7.500014813.8262   18.5192
    0.0000   15.0000    7.500015803.7510   18.5512
    7.5000   15.0000    7.500014571.7539   18.5146
   -7.5000   22.5000    7.500013457.8525   18.5150
    0.0000   22.5000    7.500014256.1445   18.5432
    7.5000   22.5000    7.500013216.9521   18.5027
   -7.5000   30.0000    7.500012125.4170   18.3190
    0.0000   30.0000    7.500012780.1143   18.3494
    7.5000   30.0000    7.500011929.9004   18.3042
   -7.5000   37.5000    7.500011326.2100   18.3572
    0.0000   37.5000    7.500011889.6289   18.3922
    7.5000   37.5000    7.500011141.0693   18.3470
   -7.5000   45.0000    7.500010038.7246   17.9697
    0.0000   45.0000    7.500010499.7480   18.0083
    7.5000   45.0000    7.5000 9881.2598   17.9674
   -7.5000  -45.0000   15.000010798.7988   18.5835
    0.0000  -45.0000   15.000011302.7725   18.6117
    7.5000  -45.0000   15.000010766.4150   18.5722
   -7.5000  -37.5000   15.000011380.7236   18.5379
    0.0000  -37.5000   15.000011894.1631   18.5652
    7.5000  -37.5000   15.000011311.1182   18.5309
   -7.5000  -30.0000   15.000012517.7939   18.4938
    0.0000  -30.0000   15.000013053.8936   18.5146
    7.5000  -30.0000   15.000012333.4756   18.4855
   -7.5000  -22.5000   15.000013689.8848   18.4964
    0.0000  -22.5000   15.000014375.4883   18.5139
    7.5000  -22.5000   15.000013356.3877   18.4832
   -7.5000  -15.0000   15.000014634.4150   18.5331
    0.0000  -15.0000   15.000015338.6973   18.5532
    7.5000  -15.0000   15.000014288.2197   18.5161
   -7.5000   -7.5000   15.000015263.1895   18.5746
    0.0000   -7.5000   15.000015984.1377   18.5991
    7.5000   -7.5000   15.000014945.3896   18.5584
   -7.5000    0.0000   15.000015747.0645   18.5821
    0.0000    0.0000   15.000016450.2188   18.6103
    7.5000    0.0000   15.000015382.9229   18.5708
   -7.5000    7.5000   15.000014828.8848   18.5379
    0.0000    7.5000   15.000015509.2695   18.5652
    7.5000    7.5000   15.000014463.6768   18.5309
   -7.5000   15.0000   15.000013637.3691   18.4938
    0.0000   15.0000   15.000014295.4922   18.5146
    7.5000   15.0000   15.000013344.2725   18.4855
   -7.5000   22.5000   15.000012405.6826   18.4879
    0.0000   22.5000   15.000013005.8379   18.5054
    7.5000   22.5000   15.000012181.1689   18.4747
   -7.5000   30.0000   15.000011197.5957   18.2933
    0.0000   30.0000   15.000011751.6162   18.3131
    7.5000   30.0000   15.000011046.1729   18.2764
   -7.5000   37.5000   15.000010427.0254   18.3343
    0.0000   37.5000   15.000010965.6904   18.3584
    7.5000   37.5000   15.000010310.4434   18.3182
   -7.5000   45.0000   15.0000 9211.6953   17.9512
    0.0000   45.0000   15.0000 9653.7520   17.9786
    7.5000   45.0000   15.0000 9126.0078   17.9403
   -7.5000  -45.0000   22.5000 9968.7588   18.7007
    0.0000  -45.0000   22.500010347.4502   18.7145
    7.5000  -45.0000   22.5000 9877.0439   18.6752
   -7.5000  -37.5000   22.500010487.1514   18.6728
    0.0000  -37.5000   22.500010842.6543   18.6829
    7.5000  -37.5000   22.500010346.0596   18.6460
   -7.5000  -30.0000   22.500011471.1230   18.6244
    0.0000  -30.0000   22.500011852.2207   18.6295
    7.5000  -30.0000   22.500011258.2793   18.5984
   -7.5000  -22.5000   22.500012404.1797   18.6029
    0.0000  -22.5000   22.500012892.5195   18.6084
    7.5000  -22.5000   22.500012162.5361   18.5802
   -7.5000  -15.0000   22.500013203.0840   18.6205
    0.0000  -15.0000   22.500013688.1865   18.6312
    7.5000  -15.0000   22.500012979.9668   18.5998
   -7.5000   -7.5000   22.500013800.0557   18.6686
    0.0000   -7.5000   22.500014305.5811   18.6824
    7.5000   -7.5000   22.500013566.3730   18.6458
   -7.5000    0.0000   22.500014240.5547   18.6994
    0.0000    0.0000   22.500014751.4736   18.7131
    7.5000    0.0000   22.500013935.9092   18.6738
   -7.5000    7.5000   22.500013374.2041   18.6728
    0.0000    7.5000   22.500013862.4932   18.6829
    7.5000    7.5000   22.500013060.9385   18.6460
   -7.5000   15.0000   22.500012315.2305   18.6244
    0.0000   15.0000   22.500012808.1455   18.6295
    7.5000   15.0000   22.500012043.6035   18.5984
   -7.5000   22.5000   22.500011247.9941   18.5943
    0.0000   22.5000   22.500011706.1924   18.5999
    7.5000   22.5000   22.500011007.4863   18.5716
   -7.5000   30.0000   22.500010237.2080   18.3795
    0.0000   30.0000   22.500010645.2461   18.3901
    7.5000   30.0000   22.500010020.9502   18.3591
   -7.5000   37.5000   22.5000 9547.6816   18.4270
    0.0000   37.5000   22.5000 9956.1113   18.4406
    7.5000   37.5000   22.5000 9385.6543   18.4045
   -7.5000   45.0000   22.5000 8436.6650   18.0649
    0.0000   45.0000   22.5000 8786.1455   18.0784
    7.5000   45.0000   22.5000 8303.0654   18.0403
   -7.5000  -45.0000   30.0000 9206.8311   19.2330
    0.0000  -45.0000   30.0000 9514.2129   19.2416
    7.5000  -45.0000   30.0000 9139.0488   19.1988
   -7.5000  -37.5000   30.0000 9696.0127   19.2193
    0.0000  -37.5000   30.0000 9985.4395   19.2226
    7.5000  -37.5000   30.0000 9589.6680   19.1791
   -7.5000  -30.0000   30.000010589.8555   19.1655
    0.0000  -30.0000   30.000010928.4131   19.1657
    7.5000  -30.0000   30.000010440.5176   19.1265
   -7.5000  -22.5000   30.000011408.7246   19.1204
    0.0000  -22.5000   30.000011823.6650   19.1243
    7.5000  -22.5000   30.000011257.9443   19.0899
   -7.5000  -15.0000   30.000012120.4160   19.1222
    0.0000  -15.0000   30.000012524.5381   19.1329
    7.5000  -15.0000   30.000011977.7412   19.0986
   -7.5000   -7.5000   30.000012678.6699   19.1794
    0.0000   -7.5000   30.000013110.3809   19.1916
    7.5000   -7.5000   30.000012505.0303   19.1532
   -7.5000    0.0000   30.000013069.8691   19.2315
    0.0000    0.0000   30.000013505.0674   19.2401
    7.5000    0.0000   30.000012825.9570   19.1973
   -7.5000    7.5000   30.000012285.5684   19.2193
    0.0000    7.5000   30.000012703.5850   19.2226
    7.5000    7.5000   30.000012038.7588   19.1791
   -7.5000   15.0000   30.000011264.7100   19.1655
    0.0000   15.0000   30.000011714.1973   19.1657
    7.5000   15.0000   30.000011081.3584   19.1265
   -7.5000   22.5000   30.000010287.7451   19.1115
    0.0000   22.5000   30.000010709.3809   19.1155
    7.5000   22.5000   30.000010100.0918   19.0811
   -7.5000   30.0000   30.0000 9361.7764   18.8747
    0.0000   30.0000   30.0000 9745.5244   18.8853
    7.5000   30.0000   30.0000 9192.7930   18.8514
   -7.5000   37.5000   30.0000 8749.6230   18.9312
    0.0000   37.5000   30.0000 9122.8838   18.9433
    7.5000   37.5000   30.0000 8618.0146   18.9054
   -7.5000   45.0000   30.0000 7786.1372   18.5804
    0.0000   45.0000   30.0000 8117.4482   18.5889
    7.5000   45.0000   30.0000 7666.0449   18.5474
   -7.5000  -45.0000   37.5000 8804.1367   19.8893
    0.0000  -45.0000   37.5000 9124.0254   19.9128
    7.5000  -45.0000   37.5000 8758.9805   19.8655
   -7.5000  -37.5000   37.5000 9288.2881   19.8726
    0.0000  -37.5000   37.5000 9602.9121   19.8917
    7.5000  -37.5000   37.5000 9207.5059   19.8419
   -7.5000  -30.0000   37.500010152.3125   19.8218
    0.0000  -30.0000   37.500010500.6387   19.8384
    7.5000  -30.0000   37.500010040.2969   19.7891
   -7.5000  -22.5000   37.500010917.7930   19.7805
    0.0000  -22.5000   37.500011323.0586   19.8006
    7.5000  -22.5000   37.500010809.1973   19.7539
   -7.5000  -15.0000   37.500011580.0703   19.7852
    0.0000  -15.0000   37.500012003.1426   19.8112
    7.5000  -15.0000   37.500011489.9863   19.7661
   -7.5000   -7.5000   37.500012116.0439   19.8415
    0.0000   -7.5000   37.500012549.8174   19.8685
    7.5000   -7.5000   37.500011982.1387   19.8234
   -7.5000    0.0000   37.500012460.1396   19.8878
    0.0000    0.0000   37.500012897.9629   19.9113
    7.5000    0.0000   37.500012276.7100   19.8640
   -7.5000    7.5000   37.500011707.9248   19.8726
    0.0000    7.5000   37.500012106.7305   19.8917
    7.5000    7.5000   37.500011516.5176   19.8419
   -7.5000   15.0000   37.500010777.9453   19.8218
    0.0000   15.0000   37.500011194.6592   19.8384
    7.5000   15.0000   37.500010616.0381   19.7891
   -7.5000   22.5000   37.5000 9837.9883   19.7714
    0.0000   22.5000   37.500010235.3252   19.7915
    7.5000   22.5000   37.5000 9677.3525   19.7448
   -7.5000   30.0000   37.5000 8914.0322   19.5292
    0.0000   30.0000   37.5000 9290.9678   19.5548
    7.5000   30.0000   37.5000 8781.5879   19.5103
   -7.5000   37.5000   37.5000 8335.0068   19.5847
    0.0000   37.5000   37.5000 8706.5000   19.6114
    7.5000   37.5000   37.5000 8235.7119   19.5668
   -7.5000   45.0000   37.5000 7469.6660   19.2157
    0.0000   45.0000   37.5000 7786.6089   19.2386
    7.5000   45.0000   37.5000 7358.5640   19.1928
   -7.5000  -45.0000   45.0000 8053.0825   20.6095
    0.0000  -45.0000   45.0000 8395.0732   20.6561
    7.5000  -45.0000   45.0000 8008.5234   20.6128
   -7.5000  -37.5000   45.0000 8496.6416   20.5697
    0.0000  -37.5000   45.0000 8853.4658   20.6143
    7.5000  -37.5000   45.0000 8431.6934   20.5709
   -7.5000  -30.0000   45.0000 9280.0195   20.5128
    0.0000  -30.0000   45.0000 9657.8223   20.5516
    7.5000  -30.0000   45.0000 9205.3047   20.5068
   -7.5000  -22.5000   45.0000 9968.7051   20.4897
    0.0000  -22.5000   45.000010386.0840   20.5266
    7.5000  -22.5000   45.0000 9905.2549   20.4791
   -7.5000  -15.0000   45.000010581.6436   20.5172
    0.0000  -15.0000   45.000011016.6943   20.5579
    7.5000  -15.0000   45.000010522.6816   20.5089
   -7.5000   -7.5000   45.000011082.6230   20.5784
    0.0000   -7.5000   45.000011539.3252   20.6229
    7.5000   -7.5000   45.000011009.1582   20.5766
   -7.5000    0.0000   45.000011341.0596   20.6078
    0.0000    0.0000   45.000011825.7012   20.6544
    7.5000    0.0000   45.000011273.6807   20.6111
   -7.5000    7.5000   45.000010621.8057   20.5697
    0.0000    7.5000   45.000011077.4316   20.6143
    7.5000    7.5000   45.000010552.6045   20.5709
   -7.5000   15.0000   45.0000 9799.4639   20.5128
    0.0000   15.0000   45.000010217.1270   20.5516
    7.5000   15.0000   45.0000 9714.7969   20.5068
   -7.5000   22.5000   45.0000 8958.0283   20.4802
    0.0000   22.5000   45.0000 9340.1182   20.5171
    7.5000   22.5000   45.0000 8858.6465   20.4696
   -7.5000   30.0000   45.0000 8133.5205   20.2499
    0.0000   30.0000   45.0000 8494.1377   20.2901
    7.5000   30.0000   45.0000 8062.8516   20.2417
   -7.5000   37.5000   45.0000 7626.9043   20.3103
    0.0000   37.5000   45.0000 7954.9585   20.3543
    7.5000   37.5000   45.0000 7569.2007   20.3085
   -7.5000   45.0000   45.0000 6856.7383   19.9213
    0.0000   45.0000   45.0000 7133.3174   19.9667
    7.5000   45.0000   45.0000 6772.6538   19.9246

---------------------------------------------------------------------
imgreg_4dfp /usr/local/freesurfer/average/711-2C_as_mni_average_305 /usr/local/freesurfer/average/711-2B_as_mni_average_305_mask talsrcimg_g11 none talsrcimg_to_711-2C_as_mni_average_305_t4 4355
---------------------------------------------------------------------

freesurfer imgreg_4dfp.c
/usr/local/freesurfer/average/711-2C_as_mni_average_305.4dfp.img
       256       256       256         1
  1.000000  1.000000  1.000000
orientation T byte_order littleendian
Reading image: /usr/local/freesurfer/average/711-2C_as_mni_average_305.4dfp.img
dimensions:      256       256       256
mmppix:       1.0000   -1.0000   -1.0000
center:     128.0000 -129.0000 -129.0000
/usr/local/freesurfer/average/711-2B_as_mni_average_305_mask.4dfp.img
       256       256       256         1
  1.000000  1.000000  1.000000
orientation T byte_order littleendian
Reading mask: /usr/local/freesurfer/average/711-2B_as_mni_average_305_mask.4dfp.img (2306576 pixels)
talsrcimg_g11.4dfp.img
       256       256       256         1
  1.000000  1.000000  1.000000
orientation T byte_order littleendian
Reading image: talsrcimg_g11.4dfp.img
dimensions:      256       256       256
mmppix:       1.0000   -1.0000   -1.0000
center:     128.0000 -129.0000 -129.0000
rotation matrix determinant  1.000000
image alignment mode   4355 decimal     1103 hex
   -7.5000  -45.0000  -45.0000 2423.3889   16.9477
    0.0000  -45.0000  -45.0000 2435.1980   16.9350
    7.5000  -45.0000  -45.0000 2413.8257   16.9947
   -7.5000  -37.5000  -45.0000 2469.6318   16.0838
    0.0000  -37.5000  -45.0000 2486.3635   16.0308
    7.5000  -37.5000  -45.0000 2461.8049   16.0985
   -7.5000  -30.0000  -45.0000 2498.6948   15.4345
    0.0000  -30.0000  -45.0000 2512.6074   15.3638
    7.5000  -30.0000  -45.0000 2492.6150   15.5009
   -7.5000  -22.5000  -45.0000 2512.8052   15.1671
    0.0000  -22.5000  -45.0000 2527.4983   15.0548
    7.5000  -22.5000  -45.0000 2508.4648   15.2105
   -7.5000  -15.0000  -45.0000 2509.4280   15.0454
    0.0000  -15.0000  -45.0000 2523.7915   14.9456
    7.5000  -15.0000  -45.0000 2512.7200   15.1302
   -7.5000   -7.5000  -45.0000 2510.9324   15.2156
    0.0000   -7.5000  -45.0000 2524.8904   15.0832
    7.5000   -7.5000  -45.0000 2512.1169   15.2972
   -7.5000    0.0000  -45.0000 2492.2520   15.5328
    0.0000    0.0000  -45.0000 2512.1167   15.4588
    7.5000    0.0000  -45.0000 2493.5854   15.6745
   -7.5000    7.5000  -45.0000 2463.2075   16.1796
    0.0000    7.5000  -45.0000 2482.1543   16.1056
    7.5000    7.5000  -45.0000 2460.3943   16.3352
   -7.5000   15.0000  -45.0000 2409.1172   17.0766
    0.0000   15.0000  -45.0000 2429.9895   17.0093
    7.5000   15.0000  -45.0000 2409.8831   17.2481
   -7.5000   22.5000  -45.0000 2335.7466   18.2836
    0.0000   22.5000  -45.0000 2354.5913   18.2298
    7.5000   22.5000  -45.0000 2334.2729   18.4356
   -7.5000   30.0000  -45.0000 2234.4985   19.8083
    0.0000   30.0000  -45.0000 2252.6121   19.7916
    7.5000   30.0000  -45.0000 2231.1848   19.9972
   -7.5000   37.5000  -45.0000 2117.8357   21.7211
    0.0000   37.5000  -45.0000 2133.9385   21.7361
    7.5000   37.5000  -45.0000 2116.7957   22.0051
   -7.5000   45.0000  -45.0000 1991.8760   24.3386
    0.0000   45.0000  -45.0000 2014.7471   24.3514
    7.5000   45.0000  -45.0000 1995.9885   24.6391
   -7.5000  -45.0000  -37.5000 2502.4917   16.0015
    0.0000  -45.0000  -37.5000 2521.2717   15.9478
    7.5000  -45.0000  -37.5000 2496.0312   16.0104
   -7.5000  -37.5000  -37.5000 2552.5588   15.1715
    0.0000  -37.5000  -37.5000 2570.6350   15.1068
    7.5000  -37.5000  -37.5000 2552.7722   15.1769
   -7.5000  -30.0000  -37.5000 2582.3357   14.5346
    0.0000  -30.0000  -37.5000 2599.0964   14.4438
    7.5000  -30.0000  -37.5000 2586.3188   14.5284
   -7.5000  -22.5000  -37.5000 2600.2871   14.1944
    0.0000  -22.5000  -37.5000 2618.5662   14.0646
    7.5000  -22.5000  -37.5000 2607.5427   14.2016
   -7.5000  -15.0000  -37.5000 2605.6362   14.0831
    0.0000  -15.0000  -37.5000 2625.7332   13.9692
    7.5000  -15.0000  -37.5000 2613.3601   14.1146
   -7.5000   -7.5000  -37.5000 2604.1472   14.1814
    0.0000   -7.5000  -37.5000 2625.3975   14.0767
    7.5000   -7.5000  -37.5000 2611.3428   14.2604
   -7.5000    0.0000  -37.5000 2589.9836   14.5080
    0.0000    0.0000  -37.5000 2617.3718   14.4297
    7.5000    0.0000  -37.5000 2592.9419   14.6437
   -7.5000    7.5000  -37.5000 2560.5522   15.1051
    0.0000    7.5000  -37.5000 2583.0024   14.9943
    7.5000    7.5000  -37.5000 2561.3047   15.2430
   -7.5000   15.0000  -37.5000 2501.5537   15.9179
    0.0000   15.0000  -37.5000 2527.4685   15.8125
    7.5000   15.0000  -37.5000 2506.4795   16.0397
   -7.5000   22.5000  -37.5000 2427.6011   17.0587
    0.0000   22.5000  -37.5000 2451.9797   16.9441
    7.5000   22.5000  -37.5000 2428.8887   17.1734
   -7.5000   30.0000  -37.5000 2324.3140   18.4911
    0.0000   30.0000  -37.5000 2349.3145   18.4343
    7.5000   30.0000  -37.5000 2331.0776   18.6484
   -7.5000   37.5000  -37.5000 2204.1040   20.3885
    0.0000   37.5000  -37.5000 2228.0750   20.3112
    7.5000   37.5000  -37.5000 2210.1409   20.5658
   -7.5000   45.0000  -37.5000 2070.0222   22.7911
    0.0000   45.0000  -37.5000 2094.6526   22.7436
    7.5000   45.0000  -37.5000 2075.0649   23.0396
   -7.5000  -45.0000  -30.0000 2598.1001   15.7072
    0.0000  -45.0000  -30.0000 2615.9985   15.5382
    7.5000  -45.0000  -30.0000 2594.3018   15.6240
   -7.5000  -37.5000  -30.0000 2656.2771   14.8262
    0.0000  -37.5000  -30.0000 2671.4436   14.6611
    7.5000  -37.5000  -30.0000 2658.7871   14.7699
   -7.5000  -30.0000  -30.0000 2692.6672   14.1916
    0.0000  -30.0000  -30.0000 2712.7915   14.0481
    7.5000  -30.0000  -30.0000 2702.4641   14.1355
   -7.5000  -22.5000  -30.0000 2710.6599   13.7777
    0.0000  -22.5000  -30.0000 2736.8496   13.6382
    7.5000  -22.5000  -30.0000 2728.4822   13.7467
   -7.5000  -15.0000  -30.0000 2724.2639   13.6001
    0.0000  -15.0000  -30.0000 2751.0063   13.4723
    7.5000  -15.0000  -30.0000 2737.7505   13.6089
   -7.5000   -7.5000  -30.0000 2731.2400   13.6618
    0.0000   -7.5000  -30.0000 2755.0862   13.5523
    7.5000   -7.5000  -30.0000 2740.2747   13.6896
   -7.5000    0.0000  -30.0000 2717.3315   14.0153
    0.0000    0.0000  -30.0000 2751.5989   13.8877
    7.5000    0.0000  -30.0000 2726.8972   14.0622
   -7.5000    7.5000  -30.0000 2690.8662   14.6332
    0.0000    7.5000  -30.0000 2716.9065   14.4689
    7.5000    7.5000  -30.0000 2696.3865   14.6904
   -7.5000   15.0000  -30.0000 2630.2793   15.4281
    0.0000   15.0000  -30.0000 2654.1658   15.2505
    7.5000   15.0000  -30.0000 2639.5806   15.4771
   -7.5000   22.5000  -30.0000 2549.4858   16.5073
    0.0000   22.5000  -30.0000 2570.6494   16.3407
    7.5000   22.5000  -30.0000 2556.4216   16.5955
   -7.5000   30.0000  -30.0000 2443.1160   17.9708
    0.0000   30.0000  -30.0000 2466.6567   17.8224
    7.5000   30.0000  -30.0000 2455.0933   18.1030
   -7.5000   37.5000  -30.0000 2319.1333   19.8448
    0.0000   37.5000  -30.0000 2343.5012   19.7111
    7.5000   37.5000  -30.0000 2329.7424   20.0274
   -7.5000   45.0000  -30.0000 2168.3794   22.2187
    0.0000   45.0000  -30.0000 2189.9268   22.1069
    7.5000   45.0000  -30.0000 2176.5410   22.4050
   -7.5000  -45.0000  -22.5000 2653.7539   15.3744
    0.0000  -45.0000  -22.5000 2671.7512   15.2096
    7.5000  -45.0000  -22.5000 2644.3574   15.2501
   -7.5000  -37.5000  -22.5000 2715.0498   14.4941
    0.0000  -37.5000  -22.5000 2733.3987   14.3302
    7.5000  -37.5000  -22.5000 2715.3440   14.3998
   -7.5000  -30.0000  -22.5000 2762.2261   13.8626
    0.0000  -30.0000  -22.5000 2784.7874   13.6694
    7.5000  -30.0000  -22.5000 2771.7498   13.7629
   -7.5000  -22.5000  -22.5000 2793.4021   13.4301
    0.0000  -22.5000  -22.5000 2819.0415   13.2638
    7.5000  -22.5000  -22.5000 2811.1785   13.3311
   -7.5000  -15.0000  -22.5000 2805.6814   13.1579
    0.0000  -15.0000  -22.5000 2837.1382   12.9777
    7.5000  -15.0000  -22.5000 2824.1157   13.1018
   -7.5000   -7.5000  -22.5000 2820.0737   13.1386
    0.0000   -7.5000  -22.5000 2844.6785   12.9787
    7.5000   -7.5000  -22.5000 2828.6067   13.1057
   -7.5000    0.0000  -22.5000 2812.4468   13.4892
    0.0000    0.0000  -22.5000 2836.0605   13.3104
    7.5000    0.0000  -22.5000 2814.0662   13.4179
   -7.5000    7.5000  -22.5000 2783.2644   14.1140
    0.0000    7.5000  -22.5000 2799.7349   13.8984
    7.5000    7.5000  -22.5000 2783.4065   14.0533
   -7.5000   15.0000  -22.5000 2721.5388   14.9360
    0.0000   15.0000  -22.5000 2734.3667   14.7120
    7.5000   15.0000  -22.5000 2724.4465   14.9129
   -7.5000   22.5000  -22.5000 2642.1855   16.0236
    0.0000   22.5000  -22.5000 2652.0300   15.8220
    7.5000   22.5000  -22.5000 2648.0627   16.0763
   -7.5000   30.0000  -22.5000 2530.0732   17.4775
    0.0000   30.0000  -22.5000 2542.6038   17.2735
    7.5000   30.0000  -22.5000 2530.1777   17.5981
   -7.5000   37.5000  -22.5000 2402.9016   19.3504
    0.0000   37.5000  -22.5000 2417.4692   19.1472
    7.5000   37.5000  -22.5000 2398.9709   19.4845
   -7.5000   45.0000  -22.5000 2248.3699   21.6963
    0.0000   45.0000  -22.5000 2256.6833   21.5244
    7.5000   45.0000  -22.5000 2239.8372   21.8229
   -7.5000  -45.0000  -15.0000 2665.5593   15.2126
    0.0000  -45.0000  -15.0000 2676.8450   15.0351
    7.5000  -45.0000  -15.0000 2649.8347   15.0778
   -7.5000  -37.5000  -15.0000 2735.3030   14.3115
    0.0000  -37.5000  -15.0000 2747.3845   14.1619
    7.5000  -37.5000  -15.0000 2723.4434   14.1906
   -7.5000  -30.0000  -15.0000 2789.5911   13.6449
    0.0000  -30.0000  -15.0000 2812.4578   13.4913
    7.5000  -30.0000  -15.0000 2791.8882   13.5400
   -7.5000  -22.5000  -15.0000 2839.1257   13.2179
    0.0000  -22.5000  -15.0000 2857.8167   13.0780
    7.5000  -22.5000  -15.0000 2843.2583   13.0762
   -7.5000  -15.0000  -15.0000 2860.1570   12.9388
    0.0000  -15.0000  -15.0000 2880.8359   12.7570
    7.5000  -15.0000  -15.0000 2857.9304   12.7978
   -7.5000   -7.5000  -15.0000 2866.3357   12.8175
    0.0000   -7.5000  -15.0000 2880.8477   12.6160
    7.5000   -7.5000  -15.0000 2858.9158   12.7221
   -7.5000    0.0000  -15.0000 2863.1201   13.1265
    0.0000    0.0000  -15.0000 2869.4392   12.9092
    7.5000    0.0000  -15.0000 2844.5393   12.9883
   -7.5000    7.5000  -15.0000 2835.5432   13.7339
    0.0000    7.5000  -15.0000 2843.0693   13.5005
    7.5000    7.5000  -15.0000 2819.1826   13.6648
   -7.5000   15.0000  -15.0000 2773.4385   14.5870
    0.0000   15.0000  -15.0000 2779.1907   14.3613
    7.5000   15.0000  -15.0000 2765.6799   14.6167
   -7.5000   22.5000  -15.0000 2693.4426   15.7463
    0.0000   22.5000  -15.0000 2691.3401   15.5042
    7.5000   22.5000  -15.0000 2681.6101   15.7981
   -7.5000   30.0000  -15.0000 2581.0559   17.2385
    0.0000   30.0000  -15.0000 2581.9590   16.9725
    7.5000   30.0000  -15.0000 2571.2949   17.3076
   -7.5000   37.5000  -15.0000 2454.4368   19.0961
    0.0000   37.5000  -15.0000 2458.7881   18.8519
    7.5000   37.5000  -15.0000 2442.4404   19.1740
   -7.5000   45.0000  -15.0000 2295.3943   21.3749
    0.0000   45.0000  -15.0000 2295.6772   21.1852
    7.5000   45.0000  -15.0000 2280.3018   21.5259
   -7.5000  -45.0000   -7.5000 2652.0852   15.1737
    0.0000  -45.0000   -7.5000 2666.9587   15.0580
    7.5000  -45.0000   -7.5000 2646.0754   15.1245
   -7.5000  -37.5000   -7.5000 2727.9863   14.2257
    0.0000  -37.5000   -7.5000 2744.5007   14.1165
    7.5000  -37.5000   -7.5000 2729.6182   14.1724
   -7.5000  -30.0000   -7.5000 2794.3479   13.5320
    0.0000  -30.0000   -7.5000 2817.1311   13.4612
    7.5000  -30.0000   -7.5000 2798.9158   13.5087
   -7.5000  -22.5000   -7.5000 2851.9604   13.1165
    0.0000  -22.5000   -7.5000 2872.6599   13.0886
    7.5000  -22.5000   -7.5000 2851.8779   13.0758
   -7.5000  -15.0000   -7.5000 2882.7571   12.9375
    0.0000  -15.0000   -7.5000 2911.3503   12.9484
    7.5000  -15.0000   -7.5000 2874.4221   12.8426
   -7.5000   -7.5000   -7.5000 2883.0820   12.7146
    0.0000   -7.5000   -7.5000 2903.3638   12.6544
    7.5000   -7.5000   -7.5000 2867.6875   12.7195
   -7.5000    0.0000   -7.5000 2876.3435   12.8809
    0.0000    0.0000   -7.5000 2889.1187   12.7796
    7.5000    0.0000   -7.5000 2855.1079   12.9514
   -7.5000    7.5000   -7.5000 2852.2351   13.4692
    0.0000    7.5000   -7.5000 2870.5603   13.3589
    7.5000    7.5000   -7.5000 2844.8237   13.6024
   -7.5000   15.0000   -7.5000 2798.1348   14.4175
    0.0000   15.0000   -7.5000 2817.1265   14.3194
    7.5000   15.0000   -7.5000 2794.7710   14.5441
   -7.5000   22.5000   -7.5000 2717.5474   15.6595
    0.0000   22.5000   -7.5000 2727.9563   15.5606
    7.5000   22.5000   -7.5000 2715.9216   15.7973
   -7.5000   30.0000   -7.5000 2608.2168   17.1973
    0.0000   30.0000   -7.5000 2614.7427   17.0596
    7.5000   30.0000   -7.5000 2602.6860   17.3388
   -7.5000   37.5000   -7.5000 2479.6379   19.0618
    0.0000   37.5000   -7.5000 2487.1926   18.9234
    7.5000   37.5000   -7.5000 2475.5334   19.2422
   -7.5000   45.0000   -7.5000 2315.4692   21.3181
    0.0000   45.0000   -7.5000 2322.1362   21.2202
    7.5000   45.0000   -7.5000 2310.3706   21.5435
   -7.5000  -45.0000    0.0000 2624.2920   15.2872
    0.0000  -45.0000    0.0000 2641.8286   15.1823
    7.5000  -45.0000    0.0000 2632.9663   15.3581
   -7.5000  -37.5000    0.0000 2706.3560   14.3064
    0.0000  -37.5000    0.0000 2722.9670   14.2353
    7.5000  -37.5000    0.0000 2709.8958   14.3494
   -7.5000  -30.0000    0.0000 2790.3650   13.6694
    0.0000  -30.0000    0.0000 2799.4412   13.6320
    7.5000  -30.0000    0.0000 2783.9507   13.6894
   -7.5000  -22.5000    0.0000 2852.4709   13.3347
    0.0000  -22.5000    0.0000 2870.3992   13.3662
    7.5000  -22.5000    0.0000 2841.8562   13.3391
   -7.5000  -15.0000    0.0000 2885.0886   13.2299
    0.0000  -15.0000    0.0000 2927.7656   13.4352
    7.5000  -15.0000    0.0000 2879.8838   13.2738
   -7.5000   -7.5000    0.0000 2880.2312   13.0242
    0.0000   -7.5000    0.0000 2943.7983   13.2723
    7.5000   -7.5000    0.0000 2878.2332   13.2019
   -7.5000    0.0000    0.0000 2869.4409   13.0835
    0.0000    0.0000    0.0000 2912.8438   13.1811
    7.5000    0.0000    0.0000 2863.5354   13.3370
   -7.5000    7.5000    0.0000 2846.5107   13.6301
    0.0000    7.5000    0.0000 2879.4114   13.6666
    7.5000    7.5000    0.0000 2840.1167   13.8764
   -7.5000   15.0000    0.0000 2793.0071   14.5653
    0.0000   15.0000    0.0000 2817.5371   14.5772
    7.5000   15.0000    0.0000 2793.6201   14.7676
   -7.5000   22.5000    0.0000 2706.4919   15.8566
    0.0000   22.5000    0.0000 2722.8440   15.8396
    7.5000   22.5000    0.0000 2710.6191   16.0457
   -7.5000   30.0000    0.0000 2593.3611   17.3967
    0.0000   30.0000    0.0000 2609.0491   17.3636
    7.5000   30.0000    0.0000 2600.8506   17.6018
   -7.5000   37.5000    0.0000 2466.2642   19.2243
    0.0000   37.5000    0.0000 2485.8721   19.1867
    7.5000   37.5000    0.0000 2471.4534   19.4489
   -7.5000   45.0000    0.0000 2306.0842   21.3942
    0.0000   45.0000    0.0000 2320.1008   21.4139
    7.5000   45.0000    0.0000 2309.5571   21.6814
   -7.5000  -45.0000    7.5000 2584.6821   15.6686
    0.0000  -45.0000    7.5000 2595.3818   15.5546
    7.5000  -45.0000    7.5000 2599.2161   15.8229
   -7.5000  -37.5000    7.5000 2668.7661   14.6484
    0.0000  -37.5000    7.5000 2683.8647   14.6690
    7.5000  -37.5000    7.5000 2681.2910   14.8454
   -7.5000  -30.0000    7.5000 2750.1985   13.9833
    0.0000  -30.0000    7.5000 2772.1465   14.1010
    7.5000  -30.0000    7.5000 2763.0220   14.2007
   -7.5000  -22.5000    7.5000 2815.8071   13.7063
    0.0000  -22.5000    7.5000 2854.6379   13.9149
    7.5000  -22.5000    7.5000 2830.9927   13.8989
   -7.5000  -15.0000    7.5000 2854.7991   13.6593
    0.0000  -15.0000    7.5000 2917.4329   13.9511
    7.5000  -15.0000    7.5000 2858.2224   13.8140
   -7.5000   -7.5000    7.5000 2852.5122   13.4963
    0.0000   -7.5000    7.5000 2919.7810   13.7442
    7.5000   -7.5000    7.5000 2862.3181   13.8358
   -7.5000    0.0000    7.5000 2844.0027   13.6835
    0.0000    0.0000    7.5000 2899.5471   13.8807
    7.5000    0.0000    7.5000 2852.6523   14.0487
   -7.5000    7.5000    7.5000 2818.8672   14.1954
    0.0000    7.5000    7.5000 2856.2986   14.3528
    7.5000    7.5000    7.5000 2820.5273   14.5113
   -7.5000   15.0000    7.5000 2761.8184   15.0544
    0.0000   15.0000    7.5000 2786.3081   15.0896
    7.5000   15.0000    7.5000 2761.5991   15.2789
   -7.5000   22.5000    7.5000 2680.8831   16.2998
    0.0000   22.5000    7.5000 2691.4958   16.2662
    7.5000   22.5000    7.5000 2674.8438   16.4265
   -7.5000   30.0000    7.5000 2569.6328   17.8502
    0.0000   30.0000    7.5000 2575.6682   17.7795
    7.5000   30.0000    7.5000 2565.5837   17.9574
   -7.5000   37.5000    7.5000 2448.7805   19.7299
    0.0000   37.5000    7.5000 2458.1792   19.6156
    7.5000   37.5000    7.5000 2440.6465   19.8360
   -7.5000   45.0000    7.5000 2286.9036   21.8931
    0.0000   45.0000    7.5000 2290.3889   21.8207
    7.5000   45.0000    7.5000 2280.6299   22.0420
   -7.5000  -45.0000   15.0000 2533.3699   16.3304
    0.0000  -45.0000   15.0000 2544.0850   16.2355
    7.5000  -45.0000   15.0000 2552.2505   16.6084
   -7.5000  -37.5000   15.0000 2615.6995   15.2994
    0.0000  -37.5000   15.0000 2628.3904   15.2942
    7.5000  -37.5000   15.0000 2633.7019   15.5814
   -7.5000  -30.0000   15.0000 2698.3987   14.6535
    0.0000  -30.0000   15.0000 2708.5847   14.6722
    7.5000  -30.0000   15.0000 2705.5503   14.8354
   -7.5000  -22.5000   15.0000 2765.7251   14.3358
    0.0000  -22.5000   15.0000 2781.4036   14.3799
    7.5000  -22.5000   15.0000 2764.8979   14.4188
   -7.5000  -15.0000   15.0000 2796.4702   14.1860
    0.0000  -15.0000   15.0000 2827.2939   14.2942
    7.5000  -15.0000   15.0000 2794.3381   14.3338
   -7.5000   -7.5000   15.0000 2799.6270   14.1380
    0.0000   -7.5000   15.0000 2829.1572   14.2233
    7.5000   -7.5000   15.0000 2796.4363   14.4202
   -7.5000    0.0000   15.0000 2792.8955   14.4768
    0.0000    0.0000   15.0000 2815.0181   14.5173
    7.5000    0.0000   15.0000 2783.6907   14.7152
   -7.5000    7.5000   15.0000 2772.9473   15.0488
    0.0000    7.5000   15.0000 2788.9788   15.0762
    7.5000    7.5000   15.0000 2753.5037   15.2431
   -7.5000   15.0000   15.0000 2712.9578   15.9177
    0.0000   15.0000   15.0000 2729.8308   15.8963
    7.5000   15.0000   15.0000 2698.3296   16.0916
   -7.5000   22.5000   15.0000 2631.7949   17.0603
    0.0000   22.5000   15.0000 2644.8076   17.0328
    7.5000   22.5000   15.0000 2622.9363   17.2644
   -7.5000   30.0000   15.0000 2521.1008   18.5255
    0.0000   30.0000   15.0000 2532.9412   18.4632
    7.5000   30.0000   15.0000 2518.1919   18.7154
   -7.5000   37.5000   15.0000 2399.7961   20.3372
    0.0000   37.5000   15.0000 2413.6648   20.2773
    7.5000   37.5000   15.0000 2393.5083   20.5221
   -7.5000   45.0000   15.0000 2234.7378   22.5475
    0.0000   45.0000   15.0000 2240.1436   22.5256
    7.5000   45.0000   15.0000 2230.9731   22.7488
   -7.5000  -45.0000   22.5000 2488.7864   17.2944
    0.0000  -45.0000   22.5000 2487.8101   17.0578
    7.5000  -45.0000   22.5000 2505.9993   17.5835
   -7.5000  -37.5000   22.5000 2570.1580   16.1930
    0.0000  -37.5000   22.5000 2564.3472   15.9863
    7.5000  -37.5000   22.5000 2578.7253   16.4204
   -7.5000  -30.0000   22.5000 2643.6521   15.4424
    0.0000  -30.0000   22.5000 2636.0557   15.2765
    7.5000  -30.0000   22.5000 2644.0405   15.6077
   -7.5000  -22.5000   22.5000 2693.6990   15.0191
    0.0000  -22.5000   22.5000 2693.1494   14.9638
    7.5000  -22.5000   22.5000 2693.3428   15.1793
   -7.5000  -15.0000   22.5000 2711.4631   14.8557
    0.0000  -15.0000   22.5000 2722.0693   14.8174
    7.5000  -15.0000   22.5000 2712.8445   15.0847
   -7.5000   -7.5000   22.5000 2716.2278   14.8865
    0.0000   -7.5000   22.5000 2729.7246   14.8926
    7.5000   -7.5000   22.5000 2712.9204   15.1657
   -7.5000    0.0000   22.5000 2707.1826   15.3085
    0.0000    0.0000   22.5000 2719.9868   15.2809
    7.5000    0.0000   22.5000 2698.5044   15.5427
   -7.5000    7.5000   22.5000 2679.5933   15.9017
    0.0000    7.5000   22.5000 2692.9648   15.8845
    7.5000    7.5000   22.5000 2665.7795   16.1252
   -7.5000   15.0000   22.5000 2634.8379   16.7577
    0.0000   15.0000   22.5000 2649.8267   16.6703
    7.5000   15.0000   22.5000 2622.2715   16.9359
   -7.5000   22.5000   22.5000 2563.7336   17.8946
    0.0000   22.5000   22.5000 2574.8474   17.8339
    7.5000   22.5000   22.5000 2552.9185   18.1026
   -7.5000   30.0000   22.5000 2467.7312   19.3662
    0.0000   30.0000   22.5000 2473.3198   19.3256
    7.5000   30.0000   22.5000 2454.8511   19.5681
   -7.5000   37.5000   22.5000 2336.8181   21.1716
    0.0000   37.5000   22.5000 2349.0801   21.1634
    7.5000   37.5000   22.5000 2334.7209   21.4481
   -7.5000   45.0000   22.5000 2179.3662   23.4825
    0.0000   45.0000   22.5000 2185.6274   23.4859
    7.5000   45.0000   22.5000 2171.8396   23.7585
   -7.5000  -45.0000   30.0000 2427.9077   18.3698
    0.0000  -45.0000   30.0000 2422.7288   18.0605
    7.5000  -45.0000   30.0000 2441.6611   18.7388
   -7.5000  -37.5000   30.0000 2506.4578   17.1835
    0.0000  -37.5000   30.0000 2492.7483   16.9242
    7.5000  -37.5000   30.0000 2510.4399   17.5072
   -7.5000  -30.0000   30.0000 2567.8555   16.3831
    0.0000  -30.0000   30.0000 2554.5994   16.1835
    7.5000  -30.0000   30.0000 2565.1636   16.6425
   -7.5000  -22.5000   30.0000 2605.6650   15.9238
    0.0000  -22.5000   30.0000 2604.6929   15.8045
    7.5000  -22.5000   30.0000 2605.0305   16.1637
   -7.5000  -15.0000   30.0000 2618.3267   15.7768
    0.0000  -15.0000   30.0000 2621.4739   15.6757
    7.5000  -15.0000   30.0000 2614.3589   16.0617
   -7.5000   -7.5000   30.0000 2620.8298   15.8887
    0.0000   -7.5000   30.0000 2624.3589   15.8606
    7.5000   -7.5000   30.0000 2613.4561   16.2013
   -7.5000    0.0000   30.0000 2609.4907   16.3409
    0.0000    0.0000   30.0000 2616.4370   16.2950
    7.5000    0.0000   30.0000 2600.8616   16.5990
   -7.5000    7.5000   30.0000 2582.5703   16.9836
    0.0000    7.5000   30.0000 2592.7180   16.9402
    7.5000    7.5000   30.0000 2576.7478   17.2467
   -7.5000   15.0000   30.0000 2531.1531   17.8106
    0.0000   15.0000   30.0000 2550.0793   17.7256
    7.5000   15.0000   30.0000 2532.9075   18.0811
   -7.5000   22.5000   30.0000 2476.8723   18.8748
    0.0000   22.5000   30.0000 2494.1738   18.7563
    7.5000   22.5000   30.0000 2468.4905   19.1252
   -7.5000   30.0000   30.0000 2388.5852   20.3441
    0.0000   30.0000   30.0000 2397.2063   20.2440
    7.5000   30.0000   30.0000 2374.9148   20.5749
   -7.5000   37.5000   30.0000 2257.9587   22.2355
    0.0000   37.5000   30.0000 2271.9148   22.2265
    7.5000   37.5000   30.0000 2258.0217   22.4974
   -7.5000   45.0000   30.0000 2114.7351   24.6587
    0.0000   45.0000   30.0000 2127.6868   24.7314
    7.5000   45.0000   30.0000 2112.9990   24.9762
   -7.5000  -45.0000   37.5000 2356.8701   19.6397
    0.0000  -45.0000   37.5000 2353.4192   19.3143
    7.5000  -45.0000   37.5000 2357.8777   20.0023
   -7.5000  -37.5000   37.5000 2429.7878   18.4026
    0.0000  -37.5000   37.5000 2420.4551   18.1390
    7.5000  -37.5000   37.5000 2424.8616   18.7201
   -7.5000  -30.0000   37.5000 2483.8223   17.5387
    0.0000  -30.0000   37.5000 2476.3201   17.3337
    7.5000  -30.0000   37.5000 2477.6394   17.8180
   -7.5000  -22.5000   37.5000 2517.6257   17.0687
    0.0000  -22.5000   37.5000 2516.2712   16.8977
    7.5000  -22.5000   37.5000 2507.9141   17.3686
   -7.5000  -15.0000   37.5000 2524.2722   16.9519
    0.0000  -15.0000   37.5000 2526.0498   16.8904
    7.5000  -15.0000   37.5000 2511.5774   17.2785
   -7.5000   -7.5000   37.5000 2524.3987   17.1681
    0.0000   -7.5000   37.5000 2525.4783   17.1685
    7.5000   -7.5000   37.5000 2510.3147   17.5055
   -7.5000    0.0000   37.5000 2511.1299   17.6400
    0.0000    0.0000   37.5000 2518.4639   17.6100
    7.5000    0.0000   37.5000 2499.7544   17.9138
   -7.5000    7.5000   37.5000 2490.2134   18.3146
    0.0000    7.5000   37.5000 2495.1956   18.2618
    7.5000    7.5000   37.5000 2481.5188   18.5710
   -7.5000   15.0000   37.5000 2445.4006   19.1475
    0.0000   15.0000   37.5000 2461.0535   19.0493
    7.5000   15.0000   37.5000 2442.7788   19.3787
   -7.5000   22.5000   37.5000 2390.0894   20.2200
    0.0000   22.5000   37.5000 2405.8396   20.0751
    7.5000   22.5000   37.5000 2382.1426   20.4051
   -7.5000   30.0000   37.5000 2298.6733   21.6903
    0.0000   30.0000   37.5000 2311.1140   21.5627
    7.5000   30.0000   37.5000 2289.0100   21.8979
   -7.5000   37.5000   37.5000 2177.6584   23.6548
    0.0000   37.5000   37.5000 2195.3867   23.6333
    7.5000   37.5000   37.5000 2180.2949   23.9039
   -7.5000   45.0000   37.5000 2055.3433   26.2335
    0.0000   45.0000   37.5000 2066.6860   26.2791
    7.5000   45.0000   37.5000 2052.1538   26.5566
   -7.5000  -45.0000   45.0000 2266.7405   21.2238
    0.0000  -45.0000   45.0000 2266.0583   20.9049
    7.5000  -45.0000   45.0000 2263.2078   21.5094
   -7.5000  -37.5000   45.0000 2337.0828   19.9233
    0.0000  -37.5000   45.0000 2336.3030   19.6615
    7.5000  -37.5000   45.0000 2327.3025   20.1806
   -7.5000  -30.0000   45.0000 2391.2280   18.9668
    0.0000  -30.0000   45.0000 2388.9695   18.7568
    7.5000  -30.0000   45.0000 2383.1453   19.2575
   -7.5000  -22.5000   45.0000 2419.8435   18.4848
    0.0000  -22.5000   45.0000 2417.1716   18.3266
    7.5000  -22.5000   45.0000 2407.8257   18.7927
   -7.5000  -15.0000   45.0000 2422.8369   18.4232
    0.0000  -15.0000   45.0000 2419.1455   18.3967
    7.5000  -15.0000   45.0000 2406.3059   18.7378
   -7.5000   -7.5000   45.0000 2421.8130   18.7339
    0.0000   -7.5000   45.0000 2422.3306   18.7418
    7.5000   -7.5000   45.0000 2404.5210   19.0619
   -7.5000    0.0000   45.0000 2400.9814   19.2243
    0.0000    0.0000   45.0000 2411.7156   19.2571
    7.5000    0.0000   45.0000 2390.7117   19.5142
   -7.5000    7.5000   45.0000 2382.8972   19.8866
    0.0000    7.5000   45.0000 2392.7427   19.8826
    7.5000    7.5000   45.0000 2374.7727   20.1599
   -7.5000   15.0000   45.0000 2348.4026   20.7025
    0.0000   15.0000   45.0000 2362.1172   20.6582
    7.5000   15.0000   45.0000 2339.0730   20.9411
   -7.5000   22.5000   45.0000 2292.3386   21.8550
    0.0000   22.5000   45.0000 2305.5176   21.7370
    7.5000   22.5000   45.0000 2283.8430   22.0262
   -7.5000   30.0000   45.0000 2204.8572   23.3934
    0.0000   30.0000   45.0000 2219.9724   23.2967
    7.5000   30.0000   45.0000 2197.9917   23.5838
   -7.5000   37.5000   45.0000 2095.2180   25.4872
    0.0000   37.5000   45.0000 2107.9041   25.4657
    7.5000   37.5000   45.0000 2095.9431   25.7127
   -7.5000   45.0000   45.0000 1983.1866   28.1377
    0.0000   45.0000   45.0000 1988.1318   28.1720
    7.5000   45.0000   45.0000 1975.4420   28.4268

---------------------------------------------------------------------
imgreg_4dfp /usr/local/freesurfer/average/711-2C_as_mni_average_305 /usr/local/freesurfer/average/711-2B_as_mni_average_305_mask talsrcimg_g11 none talsrcimg_to_711-2C_as_mni_average_305_t4 1283
---------------------------------------------------------------------

freesurfer imgreg_4dfp.c
/usr/local/freesurfer/average/711-2C_as_mni_average_305.4dfp.img
       256       256       256         1
  1.000000  1.000000  1.000000
orientation T byte_order littleendian
Reading image: /usr/local/freesurfer/average/711-2C_as_mni_average_305.4dfp.img
dimensions:      256       256       256
mmppix:       1.0000   -1.0000   -1.0000
center:     128.0000 -129.0000 -129.0000
/usr/local/freesurfer/average/711-2B_as_mni_average_305_mask.4dfp.img
       256       256       256         1
  1.000000  1.000000  1.000000
orientation T byte_order littleendian
Reading mask: /usr/local/freesurfer/average/711-2B_as_mni_average_305_mask.4dfp.img (2306576 pixels)
talsrcimg_g11.4dfp.img
       256       256       256         1
  1.000000  1.000000  1.000000
orientation T byte_order littleendian
Reading image: talsrcimg_g11.4dfp.img
dimensions:      256       256       256
mmppix:       1.0000   -1.0000   -1.0000
center:     128.0000 -129.0000 -129.0000
rotation matrix determinant  1.000000
fimgreg.f
image alignment mode   1283 decimal      503 hex
parameters
    0.0000   -7.5000    0.0000    0.0000    0.0000    0.0000
eta,q 0.92257 13.26834
niter,ni,del,rscale     5    3   12.0000    1.2000
parameter  4  0.860047 ->  0.500000 qaram    1.1500
parameters
   -0.5420   -9.1854    0.8603   -3.4500   -0.8738   -2.3150
eta,q 0.92921 13.40492
  0.0897  0.0807  0.0779  0.0705  0.0740  0.0729
  0.0820  0.0752  0.0771  0.0714  0.0726  0.0715
  0.0779  0.0728  0.0753  0.0716  0.0719  0.0707
  0.0749  0.0751  0.0730  0.0728  0.0714  0.0717
  0.0781  0.0800  0.0730  0.0754  0.0719  0.0737
  0.0880  0.0846  0.0732  0.0785  0.0736  0.0758
  0.0951  0.0869  0.0775  0.0820  0.0772  0.0783
niter,ni,del,rscale     5    3   12.0000    1.2000
parameter  3  4.387686 ->  0.500000 qaram    1.1500
parameters
   -0.5482   -8.7680   -2.5897   -6.4043   -2.4565   -2.5741
eta,q 0.93198 13.28598
  0.0882  0.0871  0.0674  0.0693  0.0734  0.0720
  0.0805  0.0781  0.0687  0.0697  0.0704  0.0696
  0.0747  0.0719  0.0701  0.0695  0.0682  0.0684
  0.0708  0.0708  0.0713  0.0691  0.0695  0.0681
  0.0716  0.0743  0.0705  0.0704  0.0730  0.0691
  0.0799  0.0776  0.0706  0.0750  0.0759  0.0704
  0.0898  0.0811  0.0746  0.0806  0.0774  0.0723
niter,ni,del,rscale     5    3   12.0000    1.2000
parameter  4  1.331095 ->  0.500000 qaram    1.3225
parameters
   -0.9708   -7.4939   -2.8028  -10.3718   -2.7164   -2.1800
eta,q 0.93628 13.16000
  0.0828  0.0807  0.0797  0.0632  0.0714  0.0694
  0.0751  0.0738  0.0681  0.0635  0.0688  0.0672
  0.0698  0.0693  0.0646  0.0650  0.0651  0.0650
  0.0680  0.0680  0.0677  0.0672  0.0638  0.0637
  0.0708  0.0677  0.0732  0.0686  0.0665  0.0643
  0.0781  0.0689  0.0748  0.0704  0.0698  0.0657
  0.0880  0.0726  0.0741  0.0745  0.0722  0.0686
niter,ni,del,rscale     5    3   12.0000    1.2000
parameters
   -0.8552   -5.8466   -3.6638  -14.0996   -3.3938   -2.9966
eta,q 0.93895 13.05431
  0.0806  0.0788  0.0722  0.0621  0.0653  0.0632
  0.0731  0.0737  0.0662  0.0610  0.0632  0.0621
  0.0672  0.0684  0.0625  0.0608  0.0616  0.0613
  0.0637  0.0637  0.0623  0.0615  0.0608  0.0609
  0.0653  0.0624  0.0682  0.0639  0.0615  0.0611
  0.0709  0.0645  0.0711  0.0683  0.0648  0.0627
  0.0807  0.0696  0.0750  0.0719  0.0685  0.0663
niter,ni,del,rscale     4    3   12.0000    1.2000
parameters
   -0.4034   -4.9978   -4.2507  -16.6120   -3.6969   -3.7047
eta,q 0.93964 13.03935
  0.0783  0.0771  0.0685  0.0617  0.0653  0.0617
  0.0707  0.0691  0.0649  0.0610  0.0626  0.0613
  0.0651  0.0633  0.0617  0.0600  0.0611  0.0609
  0.0610  0.0606  0.0603  0.0603  0.0600  0.0601
  0.0606  0.0608  0.0633  0.0618  0.0607  0.0599
  0.0649  0.0640  0.0668  0.0641  0.0630  0.0612
  0.0761  0.0700  0.0715  0.0678  0.0670  0.0642
niter,ni,del,rscale     3    3   12.0000    1.2000
parameters
   -0.3073   -4.3354   -4.7405  -18.4546   -3.0873   -4.0060
eta,q 0.94042 13.04765
  0.0768  0.0755  0.0690  0.0624  0.0663  0.0617
  0.0693  0.0685  0.0656  0.0605  0.0633  0.0607
  0.0642  0.0631  0.0615  0.0604  0.0621  0.0601
  0.0604  0.0603  0.0601  0.0601  0.0601  0.0595
  0.0605  0.0607  0.0627  0.0610  0.0593  0.0593
  0.0662  0.0639  0.0673  0.0633  0.0613  0.0602
  0.0783  0.0707  0.0717  0.0664  0.0650  0.0632
niter,ni,del,rscale     2    3   12.0000    1.2000
parameters
   -0.6223   -4.0078   -5.5917  -18.5895   -2.3322   -3.9765
eta,q 0.94110 12.99007
  0.0754  0.0734  0.0684  0.0654  0.0665  0.0621
  0.0676  0.0682  0.0640  0.0609  0.0643  0.0601
  0.0622  0.0632  0.0612  0.0603  0.0627  0.0590
  0.0596  0.0597  0.0595  0.0597  0.0597  0.0589
  0.0618  0.0596  0.0636  0.0603  0.0588  0.0589
  0.0688  0.0639  0.0685  0.0626  0.0611  0.0596
  0.0808  0.0729  0.0721  0.0648  0.0653  0.0624
niter,ni,del,rscale     1    3   12.0000    1.2000
parameters
   -0.9616   -4.0137   -5.8902  -18.3508   -2.0273   -3.8852
eta,q 0.94106 12.96935
  0.0763  0.0725  0.0695  0.0663  0.0664  0.0623
  0.0679  0.0676  0.0648  0.0613  0.0648  0.0602
  0.0616  0.0626  0.0618  0.0601  0.0623  0.0589
  0.0589  0.0589  0.0589  0.0592  0.0592  0.0589
  0.0620  0.0594  0.0614  0.0599  0.0591  0.0591
  0.0701  0.0652  0.0674  0.0624  0.0622  0.0597
  0.0817  0.0753  0.0707  0.0645  0.0670  0.0623
registration optimization eta report
parameter search radius
    6.0000    6.0000    6.9000    7.9350    6.0000    6.0000
100000*second partial in parameter space
       55.       41.       21.       10.       20.       10.
  0.0763  0.0725  0.0695  0.0663  0.0664  0.0623
  0.0679  0.0676  0.0648  0.0613  0.0648  0.0602
  0.0616  0.0626  0.0618  0.0601  0.0623  0.0589
  0.0589  0.0589  0.0589  0.0592  0.0592  0.0589
  0.0620  0.0594  0.0614  0.0599  0.0591  0.0591
  0.0701  0.0652  0.0674  0.0624  0.0622  0.0597
  0.0817  0.0753  0.0707  0.0645  0.0670  0.0623
   -0.9616   -4.0137   -5.8902  -18.3508   -2.0273   -3.8852
eta,q 0.94106 12.96935

---------------------------------------------------------------------
imgreg_4dfp /usr/local/freesurfer/average/711-2C_as_mni_average_305 /usr/local/freesurfer/average/711-2B_as_mni_average_305_mask talsrcimg_g11 none talsrcimg_to_711-2C_as_mni_average_305_t4 3335
---------------------------------------------------------------------

freesurfer imgreg_4dfp.c
/usr/local/freesurfer/average/711-2C_as_mni_average_305.4dfp.img
       256       256       256         1
  1.000000  1.000000  1.000000
orientation T byte_order littleendian
Reading image: /usr/local/freesurfer/average/711-2C_as_mni_average_305.4dfp.img
dimensions:      256       256       256
mmppix:       1.0000   -1.0000   -1.0000
center:     128.0000 -129.0000 -129.0000
/usr/local/freesurfer/average/711-2B_as_mni_average_305_mask.4dfp.img
       256       256       256         1
  1.000000  1.000000  1.000000
orientation T byte_order littleendian
Reading mask: /usr/local/freesurfer/average/711-2B_as_mni_average_305_mask.4dfp.img (2306576 pixels)
talsrcimg_g11.4dfp.img
       256       256       256         1
  1.000000  1.000000  1.000000
orientation T byte_order littleendian
Reading image: talsrcimg_g11.4dfp.img
dimensions:      256       256       256
mmppix:       1.0000   -1.0000   -1.0000
center:     128.0000 -129.0000 -129.0000
fimgreg.f
image alignment mode   3335 decimal      D07 hex
parameters
   -0.9616   -4.0137   -5.8902   -0.2923   -5.2280   -5.1447
    5.3200    5.4832   -6.7716   31.1835   -3.5376  -31.4637
eta,q 0.93964 12.95819
niter,ni,del,rscale     5    3    5.0000    1.2000
parameter  4  1.608972 ->  0.500000 qaram    1.1500
parameter  5  1.269469 ->  0.500000 qaram    1.1500
parameter  6********** ->  0.500000 qaram    1.1500
parameter  8  1.052019 ->  0.500000 qaram    1.1500
parameter 10  0.772155 ->  0.500000 qaram    1.1500
parameter 11  0.582329 ->  0.500000 qaram    1.1500
parameter 12 -1.028979 -> -0.500000 qaram    1.1500
parameters
   -0.8885   -4.0622   -5.4430   -4.4323   -9.3680   -9.2847
    3.1241    1.3432   -5.6484   27.0435   -7.6776  -27.3237
eta,q 0.96993 13.15151
  0.0639  0.0629  0.0620  0.0527  0.0495  0.0353  0.0424  0.0375  0.0393  0.0345  0.0338  0.0439
  0.0620  0.0614  0.0612  0.0548  0.0503  0.0398  0.0412  0.0365  0.0379  0.0341  0.0331  0.0395
  0.0608  0.0605  0.0606  0.0573  0.0520  0.0451  0.0409  0.0378  0.0371  0.0348  0.0332  0.0358
  0.0604  0.0604  0.0603  0.0603  0.0554  0.0507  0.0412  0.0409  0.0367  0.0366  0.0342  0.0330
  0.0607  0.0608  0.0603  0.0644  0.0605  0.0556  0.0422  0.0445  0.0367  0.0392  0.0358  0.0310
  0.0617  0.0617  0.0606  0.0697  0.0657  0.0612  0.0436  0.0480  0.0371  0.0427  0.0381  0.0298
  0.0635  0.0630  0.0611  0.0750  0.0703  0.0657  0.0455  0.0514  0.0380  0.0468  0.0407  0.0293
niter,ni,del,rscale     7    3    5.0000    1.2000
parameter  2 -0.960170 -> -0.500000 qaram    1.1500
parameter  6  0.555640 ->  0.500000 qaram    1.3225
parameter 12 -0.718980 -> -0.500000 qaram    1.3225
parameters
   -0.3688   -2.6822   -4.8931   -7.0847  -11.8000  -14.0457
    2.2594    3.0219   -6.2689   25.9727   -8.5568  -22.5627
eta,q 0.97471 12.90553
  0.0363  0.0374  0.0332  0.0297  0.0299  0.0279  0.0283  0.0333  0.0276  0.0284  0.0271  0.0293
  0.0334  0.0345  0.0307  0.0283  0.0285  0.0268  0.0271  0.0299  0.0266  0.0270  0.0265  0.0280
  0.0312  0.0320  0.0287  0.0274  0.0276  0.0258  0.0265  0.0277  0.0261  0.0262  0.0261  0.0268
  0.0301  0.0298  0.0276  0.0274  0.0274  0.0275  0.0265  0.0264  0.0260  0.0260  0.0260  0.0260
  0.0299  0.0283  0.0275  0.0292  0.0291  0.0344  0.0270  0.0260  0.0264  0.0265  0.0262  0.0255
  0.0308  0.0275  0.0282  0.0342  0.0333  0.0421  0.0280  0.0267  0.0271  0.0279  0.0268  0.0253
  0.0326  0.0276  0.0298  0.0419  0.0385  0.0483  0.0293  0.0296  0.0282  0.0304  0.0278  0.0254
niter,ni,del,rscale     7    3    5.0000    1.2000
parameter  3  1.198771 ->  0.500000 qaram    1.1500
parameters
   -0.3776   -2.4394   -6.2731   -4.6034  -10.9559  -16.0803
    3.1018    2.9341   -5.6696   24.5545   -7.3812  -23.4561
eta,q 0.97648 12.95166
  0.0281  0.0290  0.0234  0.0283  0.0286  0.0285  0.0272  0.0301  0.0263  0.0260  0.0252  0.0251
  0.0266  0.0272  0.0237  0.0266  0.0265  0.0262  0.0254  0.0267  0.0249  0.0246  0.0245  0.0241
  0.0256  0.0259  0.0243  0.0251  0.0245  0.0243  0.0242  0.0246  0.0240  0.0238  0.0240  0.0236
  0.0253  0.0253  0.0252  0.0238  0.0230  0.0227  0.0237  0.0237  0.0237  0.0237  0.0236  0.0235
  0.0256  0.0253  0.0264  0.0230  0.0225  0.0239  0.0238  0.0239  0.0239  0.0244  0.0235  0.0239
  0.0266  0.0262  0.0279  0.0230  0.0240  0.0312  0.0245  0.0261  0.0245  0.0261  0.0238  0.0246
  0.0281  0.0280  0.0297  0.0255  0.0277  0.0417  0.0259  0.0312  0.0255  0.0288  0.0246  0.0257
niter,ni,del,rscale     7    3    5.0000    1.2000
parameter  3  0.654929 ->  0.500000 qaram    1.3225
parameters
   -0.2841   -2.3652   -7.8601   -5.4034  -10.1511  -17.6141
    3.0630    2.6820   -5.4184   24.6839   -8.3270  -24.8295
eta,q 0.97684 12.87918
  0.0269  0.0270  0.0230  0.0262  0.0288  0.0285  0.0260  0.0289  0.0256  0.0267  0.0241  0.0246
  0.0251  0.0253  0.0227  0.0248  0.0266  0.0260  0.0245  0.0259  0.0243  0.0249  0.0236  0.0236
  0.0239  0.0241  0.0229  0.0236  0.0246  0.0240  0.0235  0.0240  0.0235  0.0237  0.0233  0.0232
  0.0235  0.0235  0.0235  0.0227  0.0229  0.0226  0.0232  0.0232  0.0232  0.0232  0.0232  0.0232
  0.0238  0.0237  0.0245  0.0225  0.0224  0.0229  0.0235  0.0234  0.0235  0.0236  0.0234  0.0236
  0.0248  0.0248  0.0259  0.0246  0.0242  0.0287  0.0245  0.0256  0.0241  0.0247  0.0238  0.0244
  0.0264  0.0269  0.0276  0.0302  0.0279  0.0378  0.0261  0.0306  0.0253  0.0265  0.0247  0.0256
niter,ni,del,rscale     7    3    5.0000    1.2000
parameters
   -0.2808   -2.4638   -8.5005   -5.3926   -9.9498  -18.5090
    2.8852    2.8270   -5.2515   24.9626   -8.7796  -24.8838
eta,q 0.97661 12.84557
  0.0262  0.0265  0.0246  0.0266  0.0287  0.0295  0.0261  0.0295  0.0257  0.0270  0.0243  0.0254
  0.0245  0.0248  0.0236  0.0252  0.0265  0.0268  0.0246  0.0262  0.0244  0.0251  0.0238  0.0240
  0.0235  0.0237  0.0231  0.0240  0.0246  0.0246  0.0237  0.0242  0.0236  0.0238  0.0235  0.0235
  0.0232  0.0232  0.0232  0.0231  0.0231  0.0230  0.0234  0.0234  0.0234  0.0234  0.0234  0.0234
  0.0235  0.0235  0.0238  0.0226  0.0231  0.0223  0.0238  0.0235  0.0236  0.0238  0.0235  0.0236
  0.0245  0.0249  0.0249  0.0237  0.0254  0.0270  0.0248  0.0252  0.0243  0.0248  0.0239  0.0243
  0.0261  0.0273  0.0264  0.0281  0.0291  0.0360  0.0264  0.0297  0.0255  0.0265  0.0246  0.0252
niter,ni,del,rscale     6    3    5.0000    1.2000
parameters
   -0.2689   -2.4704   -8.6792   -5.3494   -9.8648  -18.8284
    2.8008    2.9175   -5.1458   25.0046   -8.9086  -24.8860
eta,q 0.97651 12.83567
  0.0263  0.0269  0.0253  0.0268  0.0288  0.0301  0.0263  0.0295  0.0258  0.0269  0.0245  0.0255
  0.0247  0.0252  0.0242  0.0254  0.0267  0.0274  0.0247  0.0262  0.0245  0.0251  0.0239  0.0241
  0.0237  0.0240  0.0236  0.0242  0.0248  0.0251  0.0238  0.0243  0.0237  0.0238  0.0236  0.0236
  0.0234  0.0234  0.0234  0.0234  0.0234  0.0233  0.0235  0.0235  0.0235  0.0235  0.0235  0.0235
  0.0237  0.0237  0.0237  0.0229  0.0235  0.0223  0.0238  0.0237  0.0237  0.0239  0.0236  0.0237
  0.0247  0.0249  0.0245  0.0239  0.0258  0.0255  0.0248  0.0254  0.0244  0.0251  0.0239  0.0243
  0.0263  0.0272  0.0259  0.0281  0.0295  0.0343  0.0264  0.0298  0.0256  0.0268  0.0245  0.0253
niter,ni,del,rscale     5    3    5.0000    1.2000
parameters
   -0.2583   -2.4700   -8.7339   -5.3451   -9.8318  -18.9087
    2.7565    2.9409   -5.1036   25.0148   -8.9524  -24.8720
eta,q 0.97648 12.83318
  0.0264  0.0270  0.0256  0.0269  0.0289  0.0304  0.0264  0.0295  0.0258  0.0269  0.0245  0.0255
  0.0248  0.0253  0.0244  0.0255  0.0268  0.0277  0.0248  0.0261  0.0245  0.0251  0.0239  0.0242
  0.0238  0.0241  0.0238  0.0243  0.0249  0.0253  0.0239  0.0243  0.0237  0.0239  0.0236  0.0236
  0.0235  0.0235  0.0235  0.0235  0.0235  0.0235  0.0235  0.0235  0.0235  0.0235  0.0235  0.0235
  0.0238  0.0238  0.0237  0.0230  0.0237  0.0223  0.0238  0.0237  0.0238  0.0240  0.0236  0.0238
  0.0248  0.0250  0.0245  0.0241  0.0260  0.0249  0.0248  0.0255  0.0245  0.0251  0.0239  0.0244
  0.0264  0.0273  0.0258  0.0283  0.0297  0.0336  0.0264  0.0299  0.0257  0.0268  0.0245  0.0253
niter,ni,del,rscale     4    3    5.0000    1.2000
parameters
   -0.2565   -2.4712   -8.7499   -5.3465   -9.8197  -18.9295
    2.7405    2.9502   -5.0906   25.0197   -8.9600  -24.8750
eta,q 0.97647 12.83267
  0.0264  0.0270  0.0256  0.0269  0.0289  0.0304  0.0264  0.0294  0.0258  0.0269  0.0245  0.0255
  0.0248  0.0253  0.0245  0.0255  0.0268  0.0277  0.0248  0.0261  0.0245  0.0251  0.0239  0.0242
  0.0238  0.0241  0.0238  0.0244  0.0249  0.0253  0.0239  0.0243  0.0237  0.0239  0.0237  0.0236
  0.0235  0.0235  0.0235  0.0235  0.0235  0.0235  0.0235  0.0235  0.0235  0.0235  0.0235  0.0235
  0.0239  0.0238  0.0237  0.0231  0.0237  0.0223  0.0238  0.0238  0.0238  0.0240  0.0236  0.0238
  0.0248  0.0251  0.0245  0.0241  0.0260  0.0248  0.0248  0.0256  0.0245  0.0251  0.0239  0.0244
  0.0264  0.0273  0.0257  0.0283  0.0298  0.0335  0.0264  0.0300  0.0257  0.0268  0.0245  0.0254
registration optimization eta report
parameter search radius
    2.4000    2.7600    3.1740    8.2800    8.2800    9.5220
    7.2000    8.2800    7.2000    8.2800    8.2800    9.5220
100000*second partial in parameter space
       50.       48.       21.        6.        8.       10.
        6.        9.        4.        5.        1.        2.
  0.0264  0.0270  0.0256  0.0269  0.0289  0.0304  0.0264  0.0294  0.0258  0.0269  0.0245  0.0255
  0.0248  0.0253  0.0245  0.0255  0.0268  0.0277  0.0248  0.0261  0.0245  0.0251  0.0239  0.0242
  0.0238  0.0241  0.0238  0.0244  0.0249  0.0253  0.0239  0.0243  0.0237  0.0239  0.0237  0.0236
  0.0235  0.0235  0.0235  0.0235  0.0235  0.0235  0.0235  0.0235  0.0235  0.0235  0.0235  0.0235
  0.0239  0.0238  0.0237  0.0231  0.0237  0.0223  0.0238  0.0238  0.0238  0.0240  0.0236  0.0238
  0.0248  0.0251  0.0245  0.0241  0.0260  0.0248  0.0248  0.0256  0.0245  0.0251  0.0239  0.0244
  0.0264  0.0273  0.0257  0.0283  0.0298  0.0335  0.0264  0.0300  0.0257  0.0268  0.0245  0.0254
   -0.2565   -2.4712   -8.7499   -5.3465   -9.8197  -18.9295
    2.7405    2.9502   -5.0906   25.0197   -8.9600  -24.8750
eta,q 0.97647 12.83267

---------------------------------------------------------------------
imgreg_4dfp /usr/local/freesurfer/average/711-2C_as_mni_average_305 /usr/local/freesurfer/average/711-2B_as_mni_average_305_mask talsrcimg_g11 none talsrcimg_to_711-2C_as_mni_average_305_t4 2311
---------------------------------------------------------------------

freesurfer imgreg_4dfp.c
/usr/local/freesurfer/average/711-2C_as_mni_average_305.4dfp.img
       256       256       256         1
  1.000000  1.000000  1.000000
orientation T byte_order littleendian
Reading image: /usr/local/freesurfer/average/711-2C_as_mni_average_305.4dfp.img
dimensions:      256       256       256
mmppix:       1.0000   -1.0000   -1.0000
center:     128.0000 -129.0000 -129.0000
/usr/local/freesurfer/average/711-2B_as_mni_average_305_mask.4dfp.img
       256       256       256         1
  1.000000  1.000000  1.000000
orientation T byte_order littleendian
Reading mask: /usr/local/freesurfer/average/711-2B_as_mni_average_305_mask.4dfp.img (2306576 pixels)
talsrcimg_g11.4dfp.img
       256       256       256         1
  1.000000  1.000000  1.000000
orientation T byte_order littleendian
Reading image: talsrcimg_g11.4dfp.img
dimensions:      256       256       256
mmppix:       1.0000   -1.0000   -1.0000
center:     128.0000 -129.0000 -129.0000
fimgreg.f
image alignment mode   2311 decimal      907 hex
parameters
   -0.2565   -2.4712   -8.7499   -5.3465   -9.8197  -18.9295
    2.7405    2.9502   -5.0906   25.0197   -8.9600  -24.8750
eta,q 0.97647 12.83267
niter,ni,del,rscale     5    3    5.0000    0.8000
parameter  4 -0.517913 -> -0.500000 qaram    1.1500
parameter  6 -0.613748 -> -0.500000 qaram    1.1500
parameters
   -0.2630   -2.3436   -8.6858   -2.5865   -9.7226  -16.1695
    2.9997    2.7943   -5.0931   24.8196   -8.9020  -24.7203
eta,q 0.97793 13.05124
  0.0248  0.0250  0.0241  0.0252  0.0257  0.0262  0.0243  0.0262  0.0235  0.0235  0.0234  0.0228
  0.0241  0.0243  0.0238  0.0245  0.0246  0.0250  0.0231  0.0240  0.0227  0.0227  0.0226  0.0224
  0.0237  0.0238  0.0236  0.0239  0.0236  0.0240  0.0224  0.0225  0.0222  0.0222  0.0222  0.0221
  0.0235  0.0235  0.0235  0.0235  0.0231  0.0231  0.0221  0.0221  0.0221  0.0221  0.0221  0.0221
  0.0237  0.0236  0.0236  0.0232  0.0232  0.0224  0.0222  0.0226  0.0223  0.0223  0.0222  0.0221
  0.0241  0.0239  0.0237  0.0231  0.0241  0.0220  0.0228  0.0243  0.0227  0.0228  0.0226  0.0223
  0.0248  0.0246  0.0240  0.0235  0.0258  0.0229  0.0239  0.0270  0.0235  0.0238  0.0233  0.0227
niter,ni,del,rscale     6    3    5.0000    0.9000
parameters
   -0.1778   -2.4000   -8.1385   -4.3468   -9.6597  -16.9071
    2.9298    3.0962   -5.2058   25.0000   -8.5129  -24.8832
eta,q 0.97763 12.98133
  0.0250  0.0239  0.0243  0.0236  0.0253  0.0255  0.0243  0.0258  0.0238  0.0242  0.0232  0.0230
  0.0234  0.0229  0.0231  0.0228  0.0240  0.0241  0.0233  0.0240  0.0230  0.0232  0.0227  0.0226
  0.0224  0.0223  0.0224  0.0222  0.0229  0.0230  0.0226  0.0229  0.0225  0.0226  0.0225  0.0224
  0.0221  0.0221  0.0221  0.0220  0.0221  0.0221  0.0224  0.0224  0.0224  0.0224  0.0224  0.0224
  0.0223  0.0223  0.0220  0.0229  0.0223  0.0219  0.0226  0.0225  0.0226  0.0225  0.0224  0.0224
  0.0231  0.0230  0.0221  0.0257  0.0235  0.0244  0.0233  0.0233  0.0231  0.0231  0.0226  0.0227
  0.0245  0.0242  0.0225  0.0304  0.0256  0.0299  0.0245  0.0253  0.0239  0.0240  0.0230  0.0231
niter,ni,del,rscale     5    3    5.0000    0.8000
parameters
   -0.2007   -2.4002   -8.4298   -4.4189   -9.4582  -16.9893
    2.9912    3.0042   -5.2032   25.0798   -8.6512  -24.9617
eta,q 0.97764 12.98120
  0.0239  0.0238  0.0228  0.0243  0.0251  0.0254  0.0240  0.0248  0.0236  0.0238  0.0229  0.0229
  0.0230  0.0231  0.0225  0.0235  0.0240  0.0241  0.0231  0.0235  0.0229  0.0230  0.0226  0.0226
  0.0225  0.0226  0.0224  0.0228  0.0230  0.0231  0.0226  0.0227  0.0225  0.0225  0.0224  0.0224
  0.0224  0.0224  0.0224  0.0223  0.0224  0.0223  0.0224  0.0224  0.0224  0.0224  0.0224  0.0224
  0.0226  0.0225  0.0225  0.0222  0.0224  0.0219  0.0225  0.0225  0.0225  0.0225  0.0224  0.0224
  0.0231  0.0230  0.0228  0.0229  0.0233  0.0231  0.0230  0.0234  0.0229  0.0229  0.0226  0.0226
  0.0239  0.0239  0.0233  0.0251  0.0250  0.0269  0.0239  0.0252  0.0235  0.0237  0.0230  0.0229
niter,ni,del,rscale     4    3    5.0000    0.7000
parameters
   -0.2090   -2.4206   -8.4906   -4.1383   -9.3768  -16.7422
    3.0365    2.9970   -5.2107   25.0811   -8.7797  -24.9181
eta,q 0.97779 13.00390
  0.0235  0.0234  0.0228  0.0240  0.0245  0.0249  0.0235  0.0243  0.0232  0.0233  0.0227  0.0226
  0.0229  0.0229  0.0226  0.0233  0.0235  0.0239  0.0228  0.0232  0.0226  0.0227  0.0224  0.0224
  0.0225  0.0225  0.0224  0.0228  0.0227  0.0230  0.0224  0.0225  0.0223  0.0223  0.0223  0.0223
  0.0224  0.0224  0.0224  0.0224  0.0223  0.0223  0.0222  0.0222  0.0222  0.0222  0.0222  0.0222
  0.0225  0.0225  0.0224  0.0222  0.0224  0.0219  0.0223  0.0224  0.0223  0.0223  0.0223  0.0222
  0.0229  0.0229  0.0226  0.0226  0.0232  0.0225  0.0228  0.0231  0.0227  0.0227  0.0224  0.0224
  0.0235  0.0236  0.0229  0.0240  0.0245  0.0252  0.0235  0.0245  0.0232  0.0233  0.0227  0.0226
niter,ni,del,rscale     3    3    5.0000    0.6000
parameters
   -0.1891   -2.4204   -8.4496   -3.9546   -9.3306  -16.3894
    3.0734    3.0143   -5.2384   25.0735   -8.8867  -24.8543
eta,q 0.97794 13.02605
  0.0231  0.0230  0.0227  0.0235  0.0239  0.0243  0.0231  0.0238  0.0228  0.0229  0.0224  0.0224
  0.0226  0.0226  0.0224  0.0230  0.0231  0.0234  0.0225  0.0229  0.0224  0.0224  0.0222  0.0222
  0.0223  0.0223  0.0222  0.0225  0.0225  0.0228  0.0222  0.0223  0.0221  0.0221  0.0221  0.0221
  0.0222  0.0222  0.0222  0.0222  0.0222  0.0222  0.0221  0.0221  0.0221  0.0220  0.0221  0.0221
  0.0223  0.0223  0.0222  0.0221  0.0223  0.0218  0.0222  0.0222  0.0222  0.0221  0.0221  0.0221
  0.0226  0.0226  0.0224  0.0225  0.0229  0.0223  0.0225  0.0228  0.0224  0.0224  0.0222  0.0222
  0.0231  0.0231  0.0226  0.0236  0.0239  0.0242  0.0230  0.0238  0.0228  0.0229  0.0225  0.0224
niter,ni,del,rscale     2    3    5.0000    0.5000
parameters
   -0.1681   -2.4164   -8.3678   -3.7806   -9.3158  -16.0246
    3.1119    3.0181   -5.2799   25.0522   -8.9933  -24.7973
eta,q 0.97809 13.04645
  0.0227  0.0227  0.0224  0.0230  0.0232  0.0236  0.0227  0.0232  0.0224  0.0225  0.0222  0.0222
  0.0224  0.0223  0.0222  0.0226  0.0227  0.0230  0.0223  0.0225  0.0221  0.0222  0.0220  0.0220
  0.0221  0.0221  0.0221  0.0223  0.0222  0.0225  0.0220  0.0221  0.0220  0.0220  0.0219  0.0219
  0.0221  0.0220  0.0220  0.0221  0.0220  0.0220  0.0219  0.0219  0.0219  0.0219  0.0219  0.0219
  0.0221  0.0221  0.0221  0.0220  0.0221  0.0218  0.0220  0.0220  0.0220  0.0220  0.0220  0.0219
  0.0223  0.0223  0.0222  0.0223  0.0226  0.0221  0.0222  0.0225  0.0222  0.0222  0.0221  0.0220
  0.0227  0.0227  0.0223  0.0230  0.0233  0.0234  0.0226  0.0233  0.0224  0.0225  0.0223  0.0222
niter,ni,del,rscale     1    3    5.0000    0.4000
parameters
   -0.1516   -2.4035   -8.2625   -3.6409   -9.3164  -15.6437
    3.1568    3.0179   -5.3129   25.0338   -9.1193  -24.6837
eta,q 0.97820 13.06471
  0.0224  0.0223  0.0222  0.0226  0.0227  0.0231  0.0223  0.0227  0.0221  0.0222  0.0220  0.0220
  0.0221  0.0221  0.0220  0.0223  0.0223  0.0226  0.0220  0.0222  0.0220  0.0220  0.0219  0.0219
  0.0220  0.0220  0.0220  0.0221  0.0220  0.0222  0.0219  0.0219  0.0218  0.0218  0.0218  0.0218
  0.0219  0.0219  0.0219  0.0219  0.0219  0.0219  0.0218  0.0218  0.0218  0.0218  0.0218  0.0218
  0.0220  0.0220  0.0219  0.0219  0.0220  0.0217  0.0218  0.0219  0.0219  0.0218  0.0218  0.0218
  0.0221  0.0221  0.0220  0.0221  0.0223  0.0220  0.0220  0.0222  0.0220  0.0220  0.0219  0.0219
  0.0223  0.0223  0.0221  0.0226  0.0228  0.0228  0.0223  0.0227  0.0222  0.0222  0.0221  0.0220
registration optimization eta report
parameter search radius
    0.8000    0.8000    0.8000    2.7600    2.4000    2.7600
    2.4000    2.4000    2.4000    2.4000    2.4000    2.4000
100000*second partial in parameter space
       69.       62.       34.        9.       15.       14.
        8.       16.        6.        7.        4.        3.
  0.0224  0.0223  0.0222  0.0226  0.0227  0.0231  0.0223  0.0227  0.0221  0.0222  0.0220  0.0220
  0.0221  0.0221  0.0220  0.0223  0.0223  0.0226  0.0220  0.0222  0.0220  0.0220  0.0219  0.0219
  0.0220  0.0220  0.0220  0.0221  0.0220  0.0222  0.0219  0.0219  0.0218  0.0218  0.0218  0.0218
  0.0219  0.0219  0.0219  0.0219  0.0219  0.0219  0.0218  0.0218  0.0218  0.0218  0.0218  0.0218
  0.0220  0.0220  0.0219  0.0219  0.0220  0.0217  0.0218  0.0219  0.0219  0.0218  0.0218  0.0218
  0.0221  0.0221  0.0220  0.0221  0.0223  0.0220  0.0220  0.0222  0.0220  0.0220  0.0219  0.0219
  0.0223  0.0223  0.0221  0.0226  0.0228  0.0228  0.0223  0.0227  0.0222  0.0222  0.0221  0.0220
   -0.1516   -2.4035   -8.2625   -3.6409   -9.3164  -15.6437
    3.1568    3.0179   -5.3129   25.0338   -9.1193  -24.6837
eta,q 0.97820 13.06471

---------------------------------------------------------------------
imgreg_4dfp /usr/local/freesurfer/average/711-2C_as_mni_average_305 /usr/local/freesurfer/average/711-2B_as_mni_average_305_mask talsrcimg_g11 none talsrcimg_to_711-2C_as_mni_average_305_t4 2311
---------------------------------------------------------------------

freesurfer imgreg_4dfp.c
/usr/local/freesurfer/average/711-2C_as_mni_average_305.4dfp.img
       256       256       256         1
  1.000000  1.000000  1.000000
orientation T byte_order littleendian
Reading image: /usr/local/freesurfer/average/711-2C_as_mni_average_305.4dfp.img
dimensions:      256       256       256
mmppix:       1.0000   -1.0000   -1.0000
center:     128.0000 -129.0000 -129.0000
/usr/local/freesurfer/average/711-2B_as_mni_average_305_mask.4dfp.img
       256       256       256         1
  1.000000  1.000000  1.000000
orientation T byte_order littleendian
Reading mask: /usr/local/freesurfer/average/711-2B_as_mni_average_305_mask.4dfp.img (2306576 pixels)
talsrcimg_g11.4dfp.img
       256       256       256         1
  1.000000  1.000000  1.000000
orientation T byte_order littleendian
Reading image: talsrcimg_g11.4dfp.img
dimensions:      256       256       256
mmppix:       1.0000   -1.0000   -1.0000
center:     128.0000 -129.0000 -129.0000
fimgreg.f
image alignment mode   2311 decimal      907 hex
parameters
   -0.1516   -2.4035   -8.2625   -3.6409   -9.3164  -15.6437
    3.1568    3.0179   -5.3129   25.0338   -9.1193  -24.6837
eta,q 0.97820 13.06471
niter,ni,del,rscale     5    3    5.0000    0.8000
parameters
   -0.1400   -2.4538   -8.0576   -4.3800   -9.5291  -16.2089
    3.0679    3.1187   -5.2346   25.0357   -8.6831  -24.7693
eta,q 0.97790 13.01468
  0.0237  0.0233  0.0231  0.0232  0.0243  0.0242  0.0237  0.0250  0.0234  0.0235  0.0229  0.0227
  0.0226  0.0225  0.0224  0.0226  0.0233  0.0233  0.0228  0.0234  0.0227  0.0227  0.0225  0.0223
  0.0220  0.0220  0.0220  0.0221  0.0224  0.0225  0.0223  0.0225  0.0222  0.0222  0.0222  0.0222
  0.0218  0.0218  0.0218  0.0218  0.0219  0.0219  0.0221  0.0221  0.0221  0.0221  0.0221  0.0221
  0.0220  0.0220  0.0219  0.0220  0.0222  0.0218  0.0223  0.0223  0.0223  0.0223  0.0221  0.0222
  0.0226  0.0225  0.0221  0.0230  0.0233  0.0235  0.0229  0.0231  0.0226  0.0227  0.0223  0.0224
  0.0236  0.0235  0.0225  0.0253  0.0252  0.0272  0.0238  0.0249  0.0233  0.0235  0.0226  0.0227
niter,ni,del,rscale     4    3    5.0000    0.7000
parameters
   -0.1728   -2.4095   -8.2855   -3.9869   -9.4729  -16.3008
    3.0657    2.9770   -5.2374   25.0388   -8.7861  -24.8596
eta,q 0.97796 13.02595
  0.0233  0.0233  0.0225  0.0235  0.0242  0.0240  0.0233  0.0242  0.0230  0.0231  0.0226  0.0225
  0.0226  0.0227  0.0222  0.0229  0.0232  0.0232  0.0226  0.0230  0.0225  0.0225  0.0223  0.0222
  0.0222  0.0223  0.0221  0.0224  0.0224  0.0225  0.0222  0.0223  0.0221  0.0222  0.0221  0.0221
  0.0221  0.0221  0.0221  0.0221  0.0220  0.0220  0.0220  0.0220  0.0220  0.0220  0.0220  0.0220
  0.0223  0.0222  0.0222  0.0219  0.0221  0.0218  0.0222  0.0223  0.0222  0.0222  0.0221  0.0221
  0.0227  0.0225  0.0225  0.0222  0.0229  0.0226  0.0226  0.0231  0.0225  0.0225  0.0223  0.0223
  0.0234  0.0232  0.0229  0.0233  0.0243  0.0250  0.0234  0.0247  0.0230  0.0231  0.0226  0.0225
niter,ni,del,rscale     3    3    5.0000    0.6000
parameters
   -0.1718   -2.4028   -8.3320   -3.7954   -9.4138  -16.0691
    3.1032    2.9763   -5.2549   25.0583   -8.9103  -24.8265
eta,q 0.97806 13.04265
  0.0230  0.0229  0.0225  0.0231  0.0237  0.0237  0.0230  0.0238  0.0227  0.0228  0.0224  0.0223
  0.0225  0.0225  0.0222  0.0226  0.0229  0.0230  0.0224  0.0228  0.0223  0.0223  0.0221  0.0221
  0.0221  0.0222  0.0221  0.0223  0.0223  0.0225  0.0221  0.0222  0.0220  0.0220  0.0220  0.0220
  0.0220  0.0220  0.0220  0.0220  0.0220  0.0220  0.0219  0.0219  0.0219  0.0219  0.0219  0.0219
  0.0222  0.0221  0.0221  0.0220  0.0221  0.0218  0.0220  0.0221  0.0220  0.0220  0.0220  0.0220
  0.0225  0.0224  0.0223  0.0223  0.0227  0.0222  0.0224  0.0227  0.0223  0.0223  0.0222  0.0221
  0.0230  0.0229  0.0225  0.0231  0.0238  0.0238  0.0229  0.0239  0.0227  0.0228  0.0224  0.0223
niter,ni,del,rscale     2    3    5.0000    0.5000
parameters
   -0.1584   -2.3960   -8.2696   -3.6687   -9.3812  -15.7510
    3.1371    2.9910   -5.2902   25.0503   -9.0276  -24.7540
eta,q 0.97817 13.05934
  0.0226  0.0226  0.0223  0.0227  0.0232  0.0232  0.0226  0.0232  0.0224  0.0224  0.0222  0.0221
  0.0222  0.0222  0.0221  0.0224  0.0226  0.0227  0.0222  0.0225  0.0221  0.0221  0.0220  0.0220
  0.0220  0.0220  0.0220  0.0221  0.0221  0.0223  0.0219  0.0220  0.0219  0.0219  0.0219  0.0219
  0.0219  0.0219  0.0219  0.0219  0.0219  0.0219  0.0218  0.0218  0.0218  0.0218  0.0218  0.0218
  0.0220  0.0220  0.0220  0.0219  0.0220  0.0217  0.0219  0.0220  0.0219  0.0219  0.0219  0.0219
  0.0222  0.0222  0.0221  0.0221  0.0224  0.0220  0.0222  0.0224  0.0221  0.0221  0.0220  0.0219
  0.0226  0.0226  0.0222  0.0227  0.0232  0.0231  0.0226  0.0233  0.0224  0.0224  0.0222  0.0221
niter,ni,del,rscale     1    3    5.0000    0.4000
parameters
   -0.1450   -2.3875   -8.1657   -3.5740   -9.3622  -15.4107
    3.1765    2.9968   -5.3285   25.0316   -9.1101  -24.6293
eta,q 0.97825 13.07458
  0.0223  0.0222  0.0221  0.0223  0.0227  0.0228  0.0222  0.0227  0.0221  0.0221  0.0220  0.0219
  0.0220  0.0220  0.0220  0.0221  0.0222  0.0224  0.0220  0.0222  0.0219  0.0219  0.0218  0.0218
  0.0219  0.0219  0.0219  0.0219  0.0220  0.0221  0.0218  0.0219  0.0218  0.0218  0.0218  0.0218
  0.0218  0.0218  0.0218  0.0218  0.0218  0.0218  0.0217  0.0217  0.0217  0.0217  0.0217  0.0217
  0.0219  0.0219  0.0218  0.0218  0.0219  0.0217  0.0218  0.0218  0.0218  0.0218  0.0218  0.0218
  0.0220  0.0220  0.0219  0.0220  0.0222  0.0219  0.0220  0.0222  0.0219  0.0219  0.0219  0.0218
  0.0223  0.0222  0.0220  0.0224  0.0227  0.0225  0.0222  0.0227  0.0221  0.0221  0.0220  0.0219
registration optimization eta report
parameter search radius
    0.8000    0.8000    0.8000    2.4000    2.4000    2.4000
    2.4000    2.4000    2.4000    2.4000    2.4000    2.4000
100000*second partial in parameter space
       71.       63.       37.        9.       15.       15.
        8.       17.        6.        7.        5.        3.
  0.0223  0.0222  0.0221  0.0223  0.0227  0.0228  0.0222  0.0227  0.0221  0.0221  0.0220  0.0219
  0.0220  0.0220  0.0220  0.0221  0.0222  0.0224  0.0220  0.0222  0.0219  0.0219  0.0218  0.0218
  0.0219  0.0219  0.0219  0.0219  0.0220  0.0221  0.0218  0.0219  0.0218  0.0218  0.0218  0.0218
  0.0218  0.0218  0.0218  0.0218  0.0218  0.0218  0.0217  0.0217  0.0217  0.0217  0.0217  0.0217
  0.0219  0.0219  0.0218  0.0218  0.0219  0.0217  0.0218  0.0218  0.0218  0.0218  0.0218  0.0218
  0.0220  0.0220  0.0219  0.0220  0.0222  0.0219  0.0220  0.0222  0.0219  0.0219  0.0219  0.0218
  0.0223  0.0222  0.0220  0.0224  0.0227  0.0225  0.0222  0.0227  0.0221  0.0221  0.0220  0.0219
   -0.1450   -2.3875   -8.1657   -3.5740   -9.3622  -15.4107
    3.1765    2.9968   -5.3285   25.0316   -9.1101  -24.6293
eta,q 0.97825 13.07458

---------------------------------------------------------------------
compute_vox2vox talsrcimg talsrcimg_to_711-2C_as_mni_average_305_t4 /usr/local/freesurfer/average/711-2C_as_mni_average_305
---------------------------------------------------------------------

freesurfer compute_vox2vox.c
Reading: talsrcimg.4dfp.ifh
Reading: talsrcimg_to_711-2C_as_mni_average_305_t4
Reading: /usr/local/freesurfer/average/711-2C_as_mni_average_305.4dfp.ifh
Writing: talsrcimg_to_711-2C_as_mni_average_305_t4_vox2vox.txt

start time Thu May 29 19:10:56 UTC 2025
end		time Thu May 29 19:11:16 UTC 2025

mpr2mni305 success

avi2talxfm orig_nu.mgz /usr/local/freesurfer/average/mni305.cor.mgz talsrcimg_to_711-2C_as_mni_average_305_t4_vox2vox.txt transforms/talairach.auto.xfm
avi2talxfm done
mv -f /home/freesurfer/subjects/sub-015/mri/talsrcimg_to_711-2C_as_mni_average_305_t4_vox2vox.txt /home/freesurfer/subjects/sub-015/mri/transforms/talsrcimg_to_711-2C_as_mni_average_305_t4_vox2vox.txt
lta_convert --src orig_nu.mgz --trg /usr/local/freesurfer/average/mni305.cor.mgz --inxfm transforms/talairach.auto.xfm --outlta transforms/talairach.auto.xfm.lta --subject fsaverage
7.4.1

--src: orig_nu.mgz src image (geometry).
--trg: /usr/local/freesurfer/average/mni305.cor.mgz trg image (geometry).
--inmni: transforms/talairach.auto.xfm input MNI/XFM transform.
--outlta: transforms/talairach.auto.xfm.lta output LTA.
--s: fsaverage subject name
 LTA read, type : 1
 1.03244  -0.02394  -0.04269  -2.01057;
 0.11927   1.09143   0.29240  -54.38836;
 0.02776  -0.30283   1.02003  -46.65108;
 0.00000   0.00000   0.00000   1.00000;
setting subject to fsaverage
Writing  LTA to file transforms/talairach.auto.xfm.lta...
lta_convert successful.
 
 
Started at Thu May 29 19:10:56 UTC 2025
Ended   at Thu May 29 19:11:17 UTC 2025
talairach_avi done
