status file for recon-all
Fri May 30 01:06:23 UTC 2025
#@# MotionCor Fri May 30 01:06:26 UTC 2025
#@# Talairach Fri May 30 01:06:34 UTC 2025
#@# Talairach Failure Detection Fri May 30 01:09:46 UTC 2025
#@# Nu Intensity Correction Fri May 30 01:09:47 UTC 2025
#@# Intensity Normalization Fri May 30 01:13:05 UTC 2025
#@# Skull Stripping Fri May 30 01:16:18 UTC 2025
#@# EM Registration Fri May 30 01:30:07 UTC 2025
#@# CA Normalize Fri May 30 01:43:30 UTC 2025
#@# CA Reg Fri May 30 01:44:55 UTC 2025
#@# SubCort Seg Fri May 30 04:03:33 UTC 2025
#@# CC Seg Fri May 30 04:56:07 UTC 2025
#@# Merge ASeg Fri May 30 04:57:09 UTC 2025
#@# Intensity Normalization2 Fri May 30 04:57:09 UTC 2025
#@# Mask BFS Fri May 30 05:01:37 UTC 2025
#@# WM Segmentation Fri May 30 05:01:40 UTC 2025
#@# Fill Fri May 30 05:06:29 UTC 2025
#@# Tessellate lh Fri May 30 05:08:06 UTC 2025
#@# Tessellate rh Fri May 30 05:08:11 UTC 2025
#@# Smooth1 lh Fri May 30 05:08:16 UTC 2025
#@# Smooth1 rh Fri May 30 05:08:18 UTC 2025
#@# Inflation1 lh Fri May 30 05:08:21 UTC 2025
#@# Inflation1 rh Fri May 30 05:08:36 UTC 2025
#@# QSphere lh Fri May 30 05:08:52 UTC 2025
#@# QSphere rh Fri May 30 05:10:45 UTC 2025
#@# Fix Topology lh Fri May 30 05:12:37 UTC 2025
#@# Fix Topology rh Fri May 30 05:13:24 UTC 2025
#@# Smooth2 lh Fri May 30 05:24:07 UTC 2025
#@# Smooth2 rh Fri May 30 05:24:11 UTC 2025
#@# Inflation2 lh Fri May 30 05:24:14 UTC 2025
#@# Inflation2 rh Fri May 30 05:24:31 UTC 2025
#@# Curv .H and .K lh Fri May 30 05:24:48 UTC 2025
#@# Curv .H and .K rh Fri May 30 05:25:28 UTC 2025
#@# Sphere lh Fri May 30 05:26:07 UTC 2025
#@# Sphere rh Fri May 30 05:35:52 UTC 2025
#@# Surf Reg lh Fri May 30 05:38:51 UTC 2025
#@# Surf Reg rh Fri May 30 05:45:07 UTC 2025
#@# Jacobian white lh Fri May 30 05:51:33 UTC 2025
#@# Jacobian white rh Fri May 30 05:51:35 UTC 2025
#@# AvgCurv lh Fri May 30 05:51:36 UTC 2025
#@# AvgCurv rh Fri May 30 05:51:36 UTC 2025
#@# Cortical Parc lh Fri May 30 05:51:37 UTC 2025
#@# Cortical Parc rh Fri May 30 05:51:50 UTC 2025
#@# white curv lh Fri May 30 06:06:29 UTC 2025
#@# white area lh Fri May 30 06:06:31 UTC 2025
#@# pial curv lh Fri May 30 06:06:32 UTC 2025
#@# pial area lh Fri May 30 06:06:33 UTC 2025
#@# thickness lh Fri May 30 06:06:34 UTC 2025
#@# area and vertex vol lh Fri May 30 06:06:57 UTC 2025
#@# white curv rh Fri May 30 06:06:58 UTC 2025
#@# white area rh Fri May 30 06:07:00 UTC 2025
#@# pial curv rh Fri May 30 06:07:01 UTC 2025
#@# pial area rh Fri May 30 06:07:03 UTC 2025
#@# thickness rh Fri May 30 06:07:03 UTC 2025
#@# area and vertex vol rh Fri May 30 06:07:27 UTC 2025
#@# Curvature Stats lh Fri May 30 06:07:28 UTC 2025
#@# Curvature Stats rh Fri May 30 06:07:31 UTC 2025
#@# Cortical ribbon mask Fri May 30 06:07:33 UTC 2025
#@# Cortical Parc 2 lh Fri May 30 06:11:15 UTC 2025
#@# Cortical Parc 2 rh Fri May 30 06:11:32 UTC 2025
#@# Cortical Parc 3 lh Fri May 30 06:11:48 UTC 2025
#@# Cortical Parc 3 rh Fri May 30 06:12:00 UTC 2025
#@# WM/GM Contrast lh Fri May 30 06:12:12 UTC 2025
#@# WM/GM Contrast rh Fri May 30 06:12:16 UTC 2025
#@# Relabel Hypointensities Fri May 30 06:12:19 UTC 2025
#@# APas-to-ASeg Fri May 30 06:12:44 UTC 2025
#@# AParc-to-ASeg aparc Fri May 30 06:12:57 UTC 2025
#@# AParc-to-ASeg aparc.a2009s Fri May 30 06:14:41 UTC 2025
#@# AParc-to-ASeg aparc.DKTatlas Fri May 30 06:16:25 UTC 2025
#@# WMParc Fri May 30 06:18:08 UTC 2025
#@# Parcellation Stats lh Fri May 30 06:24:57 UTC 2025
#@# Parcellation Stats rh Fri May 30 06:25:13 UTC 2025
#@# Parcellation Stats 2 lh Fri May 30 06:25:30 UTC 2025
#@# Parcellation Stats 2 rh Fri May 30 06:25:39 UTC 2025
#@# Parcellation Stats 3 lh Fri May 30 06:25:48 UTC 2025
#@# Parcellation Stats 3 rh Fri May 30 06:25:56 UTC 2025
#@# ASeg Stats Fri May 30 06:26:04 UTC 2025
#@# BA_exvivo Labels lh Fri May 30 06:29:10 UTC 2025
#@# BA_exvivo Labels rh Fri May 30 06:32:39 UTC 2025
recon-all -s sub-016 finished without error at Fri May 30 06:36:08 UTC 2025
