Log file for defect2seg
Mon Jun  2 22:49:14 UTC 2025

setenv SUBJECTS_DIR /home/freesurfer/subjects
cd /home/freesurfer/subjects/sub-031/scripts
/usr/local/freesurfer/bin/defect2seg --s sub-031 --cortex

freesurfer-linux-centos8_x86_64-7.4.1-20230613-7eb8460
defect2seg 7.4.1
Linux 85ffc7bd7dab 6.11.0-26-generic #26~24.04.1-Ubuntu SMP PREEMPT_DYNAMIC Thu Apr 17 19:20:47 UTC 2 x86_64 x86_64 x86_64 GNU/Linux
pid 1283
mri_label2label --label-cortex /home/freesurfer/subjects/sub-031/surf/lh.orig.nofix /home/freesurfer/subjects/sub-031/mri/aseg.presurf.mgz 0 /home/freesurfer/subjects/sub-031/label/lh.nofix.cortex.label

 Generating cortex label... RemoveHipAmgy=0
 NucAccIsMedialWall=0
 mris->useRealRAS=0
16 non-cortical segments detected
only using segment with 6783 vertices
erasing segment 0 (vno[0] = 36114)
erasing segment 1 (vno[0] = 37141)
erasing segment 3 (vno[0] = 61531)
erasing segment 4 (vno[0] = 64576)
erasing segment 5 (vno[0] = 64582)
erasing segment 6 (vno[0] = 71961)
erasing segment 7 (vno[0] = 89303)
erasing segment 8 (vno[0] = 90395)
erasing segment 9 (vno[0] = 90425)
erasing segment 10 (vno[0] = 90456)
erasing segment 11 (vno[0] = 91480)
erasing segment 12 (vno[0] = 91557)
erasing segment 13 (vno[0] = 92403)
erasing segment 14 (vno[0] = 92568)
erasing segment 15 (vno[0] = 98161)
mri_label2vol --defects /home/freesurfer/subjects/sub-031/surf/lh.orig.nofix /home/freesurfer/subjects/sub-031/surf/lh.defect_labels /home/freesurfer/subjects/sub-031/mri/orig.mgz 1000 0 /home/freesurfer/subjects/sub-031/mri/surface.defects.mgz /home/freesurfer/subjects/sub-031/label/lh.nofix.cortex.label
mri_label2vol supposed to be reproducible but seed not set
Contraining to label /home/freesurfer/subjects/sub-031/label/lh.nofix.cortex.label
Changing input type 0 to MRI_INT
Converting defects to volume: offset=1000, merge=0
Writing to /home/freesurfer/subjects/sub-031/mri/surface.defects.mgz
mris_defects_pointset -s /home/freesurfer/subjects/sub-031/surf/lh.orig.nofix -d /home/freesurfer/subjects/sub-031/surf/lh.defect_labels -o /home/freesurfer/subjects/sub-031/surf/lh.defects.pointset --label /home/freesurfer/subjects/sub-031/label/lh.nofix.cortex.label
Reading in surface /home/freesurfer/subjects/sub-031/surf/lh.orig.nofix
Reading in defect segmentation /home/freesurfer/subjects/sub-031/surf/lh.defect_labels
Reading in label /home/freesurfer/subjects/sub-031/label/lh.nofix.cortex.label
#VMPC# mris_defects_pointset 185864
mris_defects_pointset done
mri_label2label --label-cortex /home/freesurfer/subjects/sub-031/surf/rh.orig.nofix /home/freesurfer/subjects/sub-031/mri/aseg.presurf.mgz 0 /home/freesurfer/subjects/sub-031/label/rh.nofix.cortex.label

 Generating cortex label... RemoveHipAmgy=0
 NucAccIsMedialWall=0
 mris->useRealRAS=0
14 non-cortical segments detected
only using segment with 6736 vertices
erasing segment 1 (vno[0] = 78106)
erasing segment 2 (vno[0] = 79142)
erasing segment 3 (vno[0] = 84230)
erasing segment 4 (vno[0] = 89043)
erasing segment 5 (vno[0] = 90201)
erasing segment 6 (vno[0] = 91211)
erasing segment 7 (vno[0] = 91314)
erasing segment 8 (vno[0] = 92223)
erasing segment 9 (vno[0] = 92293)
erasing segment 10 (vno[0] = 92372)
erasing segment 11 (vno[0] = 92432)
erasing segment 12 (vno[0] = 92433)
erasing segment 13 (vno[0] = 94451)
mri_label2vol --defects /home/freesurfer/subjects/sub-031/surf/rh.orig.nofix /home/freesurfer/subjects/sub-031/surf/rh.defect_labels /home/freesurfer/subjects/sub-031/mri/surface.defects.mgz 2000 1 /home/freesurfer/subjects/sub-031/mri/surface.defects.mgz /home/freesurfer/subjects/sub-031/label/rh.nofix.cortex.label
mri_label2vol supposed to be reproducible but seed not set
Contraining to label /home/freesurfer/subjects/sub-031/label/rh.nofix.cortex.label
Converting defects to volume: offset=2000, merge=1
Writing to /home/freesurfer/subjects/sub-031/mri/surface.defects.mgz
mris_defects_pointset -s /home/freesurfer/subjects/sub-031/surf/rh.orig.nofix -d /home/freesurfer/subjects/sub-031/surf/rh.defect_labels -o /home/freesurfer/subjects/sub-031/surf/rh.defects.pointset --label /home/freesurfer/subjects/sub-031/label/rh.nofix.cortex.label
Reading in surface /home/freesurfer/subjects/sub-031/surf/rh.orig.nofix
Reading in defect segmentation /home/freesurfer/subjects/sub-031/surf/rh.defect_labels
Reading in label /home/freesurfer/subjects/sub-031/label/rh.nofix.cortex.label
#VMPC# mris_defects_pointset 187292
mris_defects_pointset done
 
Started at Mon Jun 2 22:49:14 UTC 2025 
Ended   at Mon Jun  2 22:50:00 UTC 2025
Defect2seg-Run-Time-Sec 45
Defect2seg-Run-Time-Min 0.90
Defect2seg-Run-Time-Hours 0.01
 
defect2seg Done
