status file for recon-all
Fri May 30 00:33:36 UTC 2025
#@# MotionCor Fri May 30 00:33:39 UTC 2025
#@# Talairach Fri May 30 00:33:47 UTC 2025
#@# Talairach Failure Detection Fri May 30 00:37:00 UTC 2025
#@# Nu Intensity Correction Fri May 30 00:37:00 UTC 2025
#@# Intensity Normalization Fri May 30 00:40:21 UTC 2025
#@# Skull Stripping Fri May 30 00:43:48 UTC 2025
#@# EM Registration Fri May 30 00:55:57 UTC 2025
#@# CA Normalize Fri May 30 01:05:30 UTC 2025
#@# CA Reg Fri May 30 01:06:53 UTC 2025
#@# SubCort Seg Fri May 30 03:17:25 UTC 2025
#@# CC Seg Fri May 30 04:14:32 UTC 2025
#@# Merge ASeg Fri May 30 04:15:28 UTC 2025
#@# Intensity Normalization2 Fri May 30 04:15:28 UTC 2025
#@# Mask BFS Fri May 30 04:19:54 UTC 2025
#@# WM Segmentation Fri May 30 04:19:56 UTC 2025
#@# Fill Fri May 30 04:24:58 UTC 2025
#@# Tessellate lh Fri May 30 04:26:33 UTC 2025
#@# Tessellate rh Fri May 30 04:26:39 UTC 2025
#@# Smooth1 lh Fri May 30 04:26:45 UTC 2025
#@# Smooth1 rh Fri May 30 04:26:49 UTC 2025
#@# Inflation1 lh Fri May 30 04:26:52 UTC 2025
#@# Inflation1 rh Fri May 30 04:27:11 UTC 2025
#@# QSphere lh Fri May 30 04:27:29 UTC 2025
#@# QSphere rh Fri May 30 04:29:48 UTC 2025
#@# Fix Topology lh Fri May 30 04:32:20 UTC 2025
#@# Fix Topology rh Fri May 30 04:43:37 UTC 2025
#@# Smooth2 lh Fri May 30 05:02:19 UTC 2025
#@# Smooth2 rh Fri May 30 05:02:23 UTC 2025
#@# Inflation2 lh Fri May 30 05:02:27 UTC 2025
#@# Inflation2 rh Fri May 30 05:02:48 UTC 2025
#@# Curv .H and .K lh Fri May 30 05:03:07 UTC 2025
#@# Curv .H and .K rh Fri May 30 05:03:56 UTC 2025
#@# Sphere lh Fri May 30 05:04:44 UTC 2025
#@# Sphere rh Fri May 30 05:24:51 UTC 2025
#@# Surf Reg lh Fri May 30 05:36:22 UTC 2025
#@# Surf Reg rh Fri May 30 05:51:51 UTC 2025
#@# Jacobian white lh Fri May 30 06:00:38 UTC 2025
#@# Jacobian white rh Fri May 30 06:00:39 UTC 2025
#@# AvgCurv lh Fri May 30 06:00:40 UTC 2025
#@# AvgCurv rh Fri May 30 06:00:41 UTC 2025
#@# Cortical Parc lh Fri May 30 06:00:42 UTC 2025
#@# Cortical Parc rh Fri May 30 06:00:57 UTC 2025
#@# white curv lh Fri May 30 06:23:56 UTC 2025
#@# white area lh Fri May 30 06:23:58 UTC 2025
#@# pial curv lh Fri May 30 06:23:59 UTC 2025
#@# pial area lh Fri May 30 06:24:01 UTC 2025
#@# thickness lh Fri May 30 06:24:02 UTC 2025
#@# area and vertex vol lh Fri May 30 06:24:33 UTC 2025
#@# white curv rh Fri May 30 06:24:35 UTC 2025
#@# white area rh Fri May 30 06:24:37 UTC 2025
#@# pial curv rh Fri May 30 06:24:38 UTC 2025
#@# pial area rh Fri May 30 06:24:40 UTC 2025
#@# thickness rh Fri May 30 06:24:41 UTC 2025
#@# area and vertex vol rh Fri May 30 06:25:11 UTC 2025
#@# Curvature Stats lh Fri May 30 06:25:13 UTC 2025
#@# Curvature Stats rh Fri May 30 06:25:16 UTC 2025
#@# Cortical ribbon mask Fri May 30 06:25:20 UTC 2025
#@# Cortical Parc 2 lh Fri May 30 06:33:41 UTC 2025
#@# Cortical Parc 2 rh Fri May 30 06:34:03 UTC 2025
#@# Cortical Parc 3 lh Fri May 30 06:34:25 UTC 2025
#@# Cortical Parc 3 rh Fri May 30 06:34:41 UTC 2025
#@# WM/GM Contrast lh Fri May 30 06:34:56 UTC 2025
#@# WM/GM Contrast rh Fri May 30 06:35:00 UTC 2025
#@# Relabel Hypointensities Fri May 30 06:35:05 UTC 2025
#@# APas-to-ASeg Fri May 30 06:35:33 UTC 2025
#@# AParc-to-ASeg aparc Fri May 30 06:36:02 UTC 2025
#@# AParc-to-ASeg aparc.a2009s Fri May 30 06:38:34 UTC 2025
#@# AParc-to-ASeg aparc.DKTatlas Fri May 30 06:41:08 UTC 2025
#@# WMParc Fri May 30 06:43:40 UTC 2025
#@# Parcellation Stats lh Fri May 30 06:51:36 UTC 2025
#@# Parcellation Stats rh Fri May 30 06:52:00 UTC 2025
#@# Parcellation Stats 2 lh Fri May 30 06:52:25 UTC 2025
#@# Parcellation Stats 2 rh Fri May 30 06:52:40 UTC 2025
#@# Parcellation Stats 3 lh Fri May 30 06:52:53 UTC 2025
#@# Parcellation Stats 3 rh Fri May 30 06:53:06 UTC 2025
#@# ASeg Stats Fri May 30 06:53:20 UTC 2025
#@# BA_exvivo Labels lh Fri May 30 06:56:35 UTC 2025
#@# BA_exvivo Labels rh Fri May 30 07:00:59 UTC 2025
recon-all -s sub-006 finished without error at Fri May 30 07:05:29 UTC 2025
