/home/freesurfer/subjects/sub-031/mri
/usr/local/freesurfer/bin/mri_nu_correct.mni
--i orig.mgz --o nu.mgz --uchar transforms/talairach.xfm --n 2 --ants-n4
nIters 2
mri_nu_correct.mni 7.4.1
Linux 85ffc7bd7dab 6.11.0-26-generic #26~24.04.1-Ubuntu SMP PREEMPT_DYNAMIC Thu Apr 17 19:20:47 UTC 2 x86_64 x86_64 x86_64 GNU/Linux
Mon Jun  2 19:10:45 UTC 2025
tmpdir is ./tmp.mri_nu_correct.mni.535
cd /home/freesurfer/subjects/sub-031/mri
AntsN4BiasFieldCorrectionFs -i orig.mgz -o ./tmp.mri_nu_correct.mni.535/nu0.mgz --dtype uchar
AntsN4BiasFieldCorrectionFs done
mri_binarize --i ./tmp.mri_nu_correct.mni.535/nu0.mgz --min -1 --o ./tmp.mri_nu_correct.mni.535/ones.mgz

7.4.1
cwd /home/freesurfer/subjects/sub-031/mri
cmdline mri_binarize --i ./tmp.mri_nu_correct.mni.535/nu0.mgz --min -1 --o ./tmp.mri_nu_correct.mni.535/ones.mgz 
sysname  Linux
hostname 85ffc7bd7dab
machine  x86_64
user     root

input      ./tmp.mri_nu_correct.mni.535/nu0.mgz
frame      0
nErode3d   0
nErode2d   0
output     ./tmp.mri_nu_correct.mni.535/ones.mgz
Binarizing based on threshold
min        -1
max        +infinity
binval        1
binvalnot     0
fstart = 0, fend = 0, nframes = 1
Starting parallel 1
Found 16777216 values in range
Counting number of voxels in first frame
Found 16777215 voxels in final mask
Writing output to ./tmp.mri_nu_correct.mni.535/ones.mgz
Count: 16777215 16777215.000000 16777216 99.999994
mri_binarize done
mri_segstats --id 1 --seg ./tmp.mri_nu_correct.mni.535/ones.mgz --i orig.mgz --sum ./tmp.mri_nu_correct.mni.535/sum.junk --avgwf ./tmp.mri_nu_correct.mni.535/input.mean.dat

7.4.1
cwd 
cmdline mri_segstats --id 1 --seg ./tmp.mri_nu_correct.mni.535/ones.mgz --i orig.mgz --sum ./tmp.mri_nu_correct.mni.535/sum.junk --avgwf ./tmp.mri_nu_correct.mni.535/input.mean.dat 
sysname  Linux
hostname 85ffc7bd7dab
machine  x86_64
user     root
whitesurfname  white
UseRobust  0
Loading ./tmp.mri_nu_correct.mni.535/ones.mgz
Loading orig.mgz
Voxel Volume is 1 mm^3
Generating list of segmentation ids
Found   1 segmentations
Computing statistics for each segmentation

Reporting on   1 segmentations
Using PrintSegStat
Computing spatial average of each frame

Writing to ./tmp.mri_nu_correct.mni.535/input.mean.dat
mri_segstats done
mri_segstats --id 1 --seg ./tmp.mri_nu_correct.mni.535/ones.mgz --i ./tmp.mri_nu_correct.mni.535/nu0.mgz --sum ./tmp.mri_nu_correct.mni.535/sum.junk --avgwf ./tmp.mri_nu_correct.mni.535/output.mean.dat

7.4.1
cwd 
cmdline mri_segstats --id 1 --seg ./tmp.mri_nu_correct.mni.535/ones.mgz --i ./tmp.mri_nu_correct.mni.535/nu0.mgz --sum ./tmp.mri_nu_correct.mni.535/sum.junk --avgwf ./tmp.mri_nu_correct.mni.535/output.mean.dat 
sysname  Linux
hostname 85ffc7bd7dab
machine  x86_64
user     root
whitesurfname  white
UseRobust  0
Loading ./tmp.mri_nu_correct.mni.535/ones.mgz
Loading ./tmp.mri_nu_correct.mni.535/nu0.mgz
Voxel Volume is 1 mm^3
Generating list of segmentation ids
Found   1 segmentations
Computing statistics for each segmentation

Reporting on   1 segmentations
Using PrintSegStat
Computing spatial average of each frame

Writing to ./tmp.mri_nu_correct.mni.535/output.mean.dat
mri_segstats done
mris_calc -o ./tmp.mri_nu_correct.mni.535/nu0.mgz ./tmp.mri_nu_correct.mni.535/nu0.mgz mul 1.23130527569649209149
mri_convert ./tmp.mri_nu_correct.mni.535/nu0.mgz nu.mgz --like orig.mgz
mri_convert ./tmp.mri_nu_correct.mni.535/nu0.mgz nu.mgz --like orig.mgz 
reading from ./tmp.mri_nu_correct.mni.535/nu0.mgz...
TR=8.34, TE=0.00, TI=0.00, flip angle=0.00
i_ras = (-1, 4.65661e-10, -1.86265e-09)
j_ras = (1.86265e-09, 0, -1)
k_ras = (0, 1, -2.98023e-08)
INFO: transform src into the like-volume: orig.mgz
writing to nu.mgz...
mri_make_uchar nu.mgz transforms/talairach.xfm nu.mgz
type change took 0 minutes and 6 seconds.
FIRST_PERCENTILE 0.010000
WM_PERCENTILE    0.900000
MAX_R 50.000000
i1 = 5, i2 = 48
#mri_make_uchar# mapping 13 124 to  3 110  :  b -9.94419 m 0.970137 : thresh 10.2503 maxsat 273.1 : nzero 12048881 nsat 251
 
 
Mon Jun  2 19:13:57 UTC 2025
mri_nu_correct.mni done
