/home/freesurfer/subjects/sub-042/mri
/usr/local/freesurfer/bin/talairach_avi
--i orig_nu.mgz --xfm transforms/talairach.auto.xfm
talairach_avi 7.4.1
Linux 063fdaf5bd72 6.11.0-26-generic #26~24.04.1-Ubuntu SMP PREEMPT_DYNAMIC Thu Apr 17 19:20:47 UTC 2 x86_64 x86_64 x86_64 GNU/Linux
Tue Jun  3 00:16:20 UTC 2025
mri_convert orig_nu.mgz talsrcimg.img 
reading from orig_nu.mgz...
TR=8.62, TE=0.00, TI=0.00, flip angle=0.00
i_ras = (-1, 0, 0)
j_ras = (0, -7.45058e-09, -1)
k_ras = (-2.32831e-10, 1, 7.45058e-09)
writing to talsrcimg.img...
Analyze Output Matrix
-1.00000   0.00000  -0.00000   135.77525;
 0.00000  -0.00000   1.00000  -100.73696;
 0.00000  -1.00000   0.00000   151.90939;
 0.00000   0.00000   0.00000   1.00000;
--------------------
INFO: set hdr.hist.orient to -1
mpr2mni305 talsrcimg
Tue Jun  3 00:16:20 UTC 2025
/usr/local/freesurfer/bin/mpr2mni305 talsrcimg
mpr2mni305 7.4.1
target=711-2C_as_mni_average_305

---------------------------------------------------------------------
analyzeto4dfp talsrcimg -O0 -y
---------------------------------------------------------------------

freesurfer ifh2hdr.c
Tue Jun  3 00:16:20 2025
Writing: talsrcimg.4dfp.hdr
freesurfer analyzeto4dfp.c
Reading: talsrcimg.hdr
header size 348 bytes
hdr.dime.datatype	offset=70	value=2
hdr.dime.bitpix		offset=72	value=8
hdr.hist.orient		offset=252	value=-1
dimensionality     4
dimensions       256       256       256         1
Reading: talsrcimg.img
Writing: talsrcimg.4dfp.img
Writing: talsrcimg.4dfp.ifh
ifh2hdr talsrcimg -r0to255
ori=2

---------------------------------------------------------------------
gauss_4dfp talsrcimg 1.1
---------------------------------------------------------------------

freesurfer gauss_4dfp.c
Reading: talsrcimg.4dfp.img
Writing: talsrcimg_g11.4dfp.img
image dimensions 256 256 256 padded to 288 288 288
processing volume 1freesurfer ifh2hdr.c
Tue Jun  3 00:16:25 2025
Writing: talsrcimg_g11.4dfp.hdr

Writing: talsrcimg_g11.4dfp.ifh
including: talsrcimg.4dfp.img.rec in talsrcimg_g11.4dfp.img.rec

---------------------------------------------------------------------
imgreg_4dfp /usr/local/freesurfer/average/711-2C_as_mni_average_305 none talsrcimg_g11 none talsrcimg_to_711-2C_as_mni_average_305_t4 4355
---------------------------------------------------------------------

freesurfer imgreg_4dfp.c
/usr/local/freesurfer/average/711-2C_as_mni_average_305.4dfp.img
       256       256       256         1
  1.000000  1.000000  1.000000
orientation T byte_order littleendian
Reading image: /usr/local/freesurfer/average/711-2C_as_mni_average_305.4dfp.img
dimensions:      256       256       256
mmppix:       1.0000   -1.0000   -1.0000
center:     128.0000 -129.0000 -129.0000
talsrcimg_g11.4dfp.img
       256       256       256         1
  1.000000  1.000000  1.000000
orientation T byte_order littleendian
Reading image: talsrcimg_g11.4dfp.img
dimensions:      256       256       256
mmppix:       1.0000   -1.0000   -1.0000
center:     128.0000 -129.0000 -129.0000
t4_read: open error in t4_sub.f l:  41 t4_file(1:l)talsrcimg_to_711-2C_as_mni_average_305_t4 
t4_read: transform initialized to I4
rotation matrix determinant  1.000000
image alignment mode   4355 decimal     1103 hex
   -7.5000  -45.0000  -45.0000 9526.0068   14.5454
    0.0000  -45.0000  -45.0000 9807.8965   14.5485
    7.5000  -45.0000  -45.0000 9373.1904   14.5319
   -7.5000  -37.5000  -45.000010016.3877   14.5189
    0.0000  -37.5000  -45.000010316.9580   14.5154
    7.5000  -37.5000  -45.0000 9850.6221   14.4946
   -7.5000  -30.0000  -45.000010815.9492   14.5237
    0.0000  -30.0000  -45.000011164.5049   14.5151
    7.5000  -30.0000  -45.000010649.9512   14.4894
   -7.5000  -22.5000  -45.000011583.6494   14.5123
    0.0000  -22.5000  -45.000011959.2617   14.5076
    7.5000  -22.5000  -45.000011456.5781   14.4817
   -7.5000  -15.0000  -45.000012262.6123   14.4959
    0.0000  -15.0000  -45.000012668.5195   14.4975
    7.5000  -15.0000  -45.000012114.6709   14.4757
   -7.5000   -7.5000  -45.000012959.2666   14.4921
    0.0000   -7.5000  -45.000013369.6240   14.4967
    7.5000   -7.5000  -45.000012772.4434   14.4794
   -7.5000    0.0000  -45.000013420.9209   14.5019
    0.0000    0.0000  -45.000013836.7236   14.5051
    7.5000    0.0000  -45.000013179.9258   14.4887
   -7.5000    7.5000  -45.000012726.6895   14.5170
    0.0000    7.5000  -45.000013120.0303   14.5135
    7.5000    7.5000  -45.000012491.1465   14.4926
   -7.5000   15.0000  -45.000011845.1943   14.5237
    0.0000   15.0000  -45.000012235.5820   14.5151
    7.5000   15.0000  -45.000011650.8916   14.4894
   -7.5000   22.5000  -45.000010923.8994   14.5103
    0.0000   22.5000  -45.000011314.2441   14.5056
    7.5000   22.5000  -45.000010766.5967   14.4797
   -7.5000   30.0000  -45.0000 9989.6846   14.3032
    0.0000   30.0000  -45.000010320.4785   14.3048
    7.5000   30.0000  -45.0000 9830.9619   14.2833
   -7.5000   37.5000  -45.0000 9438.6484   14.3430
    0.0000   37.5000  -45.0000 9722.7119   14.3474
    7.5000   37.5000  -45.0000 9226.9326   14.3300
   -7.5000   45.0000  -45.0000 8627.1621   14.1119
    0.0000   45.0000  -45.0000 8875.4238   14.1146
    7.5000   45.0000  -45.0000 8403.8125   14.0983
   -7.5000  -45.0000  -37.500010008.7139   14.5082
    0.0000  -45.0000  -37.500010299.9873   14.5172
    7.5000  -45.0000  -37.5000 9829.5342   14.5039
   -7.5000  -37.5000  -37.500010542.5684   14.4827
    0.0000  -37.5000  -37.500010855.4395   14.4873
    7.5000  -37.5000  -37.500010351.3828   14.4697
   -7.5000  -30.0000  -37.500011387.4668   14.4915
    0.0000  -30.0000  -37.500011728.3428   14.4921
    7.5000  -30.0000  -37.500011205.6914   14.4707
   -7.5000  -22.5000  -37.500012156.7334   14.4816
    0.0000  -22.5000  -37.500012535.2773   14.4849
    7.5000  -22.5000  -37.500012036.6426   14.4649
   -7.5000  -15.0000  -37.500012847.9385   14.4628
    0.0000  -15.0000  -37.500013260.5195   14.4704
    7.5000  -15.0000  -37.500012729.9521   14.4552
   -7.5000   -7.5000  -37.500013540.9980   14.4556
    0.0000   -7.5000  -37.500013980.5576   14.4650
    7.5000   -7.5000  -37.500013388.8525   14.4528
   -7.5000    0.0000  -37.500014021.5244   14.4633
    0.0000    0.0000  -37.500014468.3018   14.4723
    7.5000    0.0000  -37.500013844.1553   14.4592
   -7.5000    7.5000  -37.500013293.1279   14.4804
    0.0000    7.5000  -37.500013718.2373   14.4849
    7.5000    7.5000  -37.500013127.9941   14.4674
   -7.5000   15.0000  -37.500012370.4619   14.4915
    0.0000   15.0000  -37.500012781.7178   14.4921
    7.5000   15.0000  -37.500012243.6074   14.4707
   -7.5000   22.5000  -37.500011387.6631   14.4796
    0.0000   22.5000  -37.500011798.8301   14.4829
    7.5000   22.5000  -37.500011312.8223   14.4629
   -7.5000   30.0000  -37.500010409.2998   14.2706
    0.0000   30.0000  -37.500010765.5518   14.2780
    7.5000   30.0000  -37.500010314.4482   14.2630
   -7.5000   37.5000  -37.5000 9821.0234   14.3058
    0.0000   37.5000  -37.500010128.6611   14.3149
    7.5000   37.5000  -37.5000 9674.1221   14.3026
   -7.5000   45.0000  -37.5000 8931.0693   14.0727
    0.0000   45.0000  -37.5000 9205.7939   14.0811
    7.5000   45.0000  -37.5000 8760.5361   14.0677
   -7.5000  -45.0000  -30.000010650.0166   15.0419
    0.0000  -45.0000  -30.000010964.4229   15.0598
    7.5000  -45.0000  -30.000010466.8213   15.0510
   -7.5000  -37.5000  -30.000011256.2207   15.0201
    0.0000  -37.5000  -30.000011585.9404   15.0345
    7.5000  -37.5000  -30.000011042.6855   15.0206
   -7.5000  -30.0000  -30.000012194.4287   15.0337
    0.0000  -30.0000  -30.000012563.0605   15.0446
    7.5000  -30.0000  -30.000011997.5049   15.0267
   -7.5000  -22.5000  -30.000012977.6543   15.0228
    0.0000  -22.5000  -30.000013418.3252   15.0358
    7.5000  -22.5000  -30.000012862.4697   15.0202
   -7.5000  -15.0000  -30.000013697.8154   14.9984
    0.0000  -15.0000  -30.000014164.2158   15.0149
    7.5000  -15.0000  -30.000013611.9287   15.0051
   -7.5000   -7.5000  -30.000014411.5166   14.9864
    0.0000   -7.5000  -30.000014900.6494   15.0043
    7.5000   -7.5000  -30.000014324.9268   14.9976
   -7.5000    0.0000  -30.000014966.7178   14.9947
    0.0000    0.0000  -30.000015468.0527   15.0126
    7.5000    0.0000  -30.000014868.4736   15.0039
   -7.5000    7.5000  -30.000014208.1592   15.0175
    0.0000    7.5000  -30.000014676.8779   15.0319
    7.5000    7.5000  -30.000014115.3369   15.0180
   -7.5000   15.0000  -30.000013209.8623   15.0337
    0.0000   15.0000  -30.000013669.1162   15.0446
    7.5000   15.0000  -30.000013148.2656   15.0267
   -7.5000   22.5000  -30.000012131.4785   15.0192
    0.0000   22.5000  -30.000012588.5283   15.0322
    7.5000   22.5000  -30.000012127.9854   15.0166
   -7.5000   30.0000  -30.000011083.0537   14.8004
    0.0000   30.0000  -30.000011475.7744   14.8166
    7.5000   30.0000  -30.000011048.9678   14.8070
   -7.5000   37.5000  -30.000010453.6416   14.8314
    0.0000   37.5000  -30.000010811.7715   14.8490
    7.5000   37.5000  -30.000010373.7178   14.8421
   -7.5000   45.0000  -30.0000 9483.7412   14.5980
    0.0000   45.0000  -30.0000 9792.4814   14.6151
    7.5000   45.0000  -30.0000 9347.4873   14.6056
   -7.5000  -45.0000  -22.500011216.5918   15.5040
    0.0000  -45.0000  -22.500011571.5986   15.5252
    7.5000  -45.0000  -22.500011039.4395   15.5173
   -7.5000  -37.5000  -22.500011903.8535   15.4836
    0.0000  -37.5000  -22.500012281.4658   15.4996
    7.5000  -37.5000  -22.500011696.3535   15.4853
   -7.5000  -30.0000  -22.500012966.7822   15.4969
    0.0000  -30.0000  -22.500013409.6230   15.5083
    7.5000  -30.0000  -22.500012761.1416   15.4886
   -7.5000  -22.5000  -22.500013810.1299   15.4834
    0.0000  -22.5000  -22.500014336.8164   15.4973
    7.5000  -22.5000  -22.500013665.8838   15.4798
   -7.5000  -15.0000  -22.500014536.3936   15.4564
    0.0000  -15.0000  -22.500015079.2256   15.4753
    7.5000  -15.0000  -22.500014463.7676   15.4649
   -7.5000   -7.5000  -22.500015281.6943   15.4441
    0.0000   -7.5000  -22.500015855.1201   15.4657
    7.5000   -7.5000  -22.500015245.5967   15.4596
   -7.5000    0.0000  -22.500015901.9355   15.4551
    0.0000    0.0000  -22.500016505.4785   15.4763
    7.5000    0.0000  -22.500015880.2314   15.4686
   -7.5000    7.5000  -22.500015084.1465   15.4809
    0.0000    7.5000  -22.500015680.3379   15.4969
    7.5000    7.5000  -22.500015104.4688   15.4826
   -7.5000   15.0000  -22.500014046.8262   15.4969
    0.0000   15.0000  -22.500014573.5420   15.5083
    7.5000   15.0000  -22.500014053.0029   15.4886
   -7.5000   22.5000  -22.500012925.6133   15.4787
    0.0000   22.5000  -22.500013404.6396   15.4926
    7.5000   22.5000  -22.500012933.0391   15.4750
   -7.5000   30.0000  -22.500011797.2402   15.2547
    0.0000   30.0000  -22.500012221.7334   15.2734
    7.5000   30.0000  -22.500011780.6699   15.2631
   -7.5000   37.5000  -22.500011147.1709   15.2868
    0.0000   37.5000  -22.500011530.5469   15.3080
    7.5000   37.5000  -22.500011090.3320   15.3018
   -7.5000   45.0000  -22.500010093.7871   15.0569
    0.0000   45.0000  -22.500010423.0732   15.0771
    7.5000   45.0000  -22.5000 9979.8672   15.0687
   -7.5000  -45.0000  -15.000011741.8301   15.8502
    0.0000  -45.0000  -15.000012139.6719   15.8667
    7.5000  -45.0000  -15.000011521.2646   15.8552
   -7.5000  -37.5000  -15.000012503.0752   15.8280
    0.0000  -37.5000  -15.000012921.0332   15.8370
    7.5000  -37.5000  -15.000012241.1641   15.8185
   -7.5000  -30.0000  -15.000013706.8633   15.8374
    0.0000  -30.0000  -15.000014208.6846   15.8402
    7.5000  -30.0000  -15.000013438.5908   15.8153
   -7.5000  -22.5000  -15.000014687.4531   15.8215
    0.0000  -22.5000  -15.000015282.6641   15.8278
    7.5000  -22.5000  -15.000014475.7744   15.8042
   -7.5000  -15.0000  -15.000015399.4053   15.7954
    0.0000  -15.0000  -15.000016049.4033   15.8090
    7.5000  -15.0000  -15.000015333.2246   15.7924
   -7.5000   -7.5000  -15.000016138.2275   15.7862
    0.0000   -7.5000  -15.000016837.4453   15.8040
    7.5000   -7.5000  -15.000016115.9355   15.7931
   -7.5000    0.0000  -15.000016842.1699   15.8003
    0.0000    0.0000  -15.000017566.5957   15.8168
    7.5000    0.0000  -15.000016812.3691   15.8054
   -7.5000    7.5000  -15.000016049.3037   15.8253
    0.0000    7.5000  -15.000016732.2402   15.8343
    7.5000    7.5000  -15.000016007.2559   15.8157
   -7.5000   15.0000  -15.000014985.5361   15.8374
    0.0000   15.0000  -15.000015563.0645   15.8402
    7.5000   15.0000  -15.000014930.3574   15.8153
   -7.5000   22.5000  -15.000013810.4502   15.8159
    0.0000   22.5000  -15.000014289.7334   15.8222
    7.5000   22.5000  -15.000013750.8828   15.7986
   -7.5000   30.0000  -15.000012607.4297   15.5915
    0.0000   30.0000  -15.000013014.2568   15.6050
    7.5000   30.0000  -15.000012530.3594   15.5885
   -7.5000   37.5000  -15.000011929.7910   15.6285
    0.0000   37.5000  -15.000012299.0420   15.6461
    7.5000   37.5000  -15.000011816.1309   15.6349
   -7.5000   45.0000  -15.000010784.3271   15.4034
    0.0000   45.0000  -15.000011107.0674   15.4189
    7.5000   45.0000  -15.000010642.3672   15.4073
   -7.5000  -45.0000   -7.500012223.8887   16.0363
    0.0000  -45.0000   -7.500012630.9316   16.0438
    7.5000  -45.0000   -7.500011999.4775   16.0277
   -7.5000  -37.5000   -7.500013009.6758   16.0089
    0.0000  -37.5000   -7.500013436.2607   16.0080
    7.5000  -37.5000   -7.500012715.4521   15.9860
   -7.5000  -30.0000   -7.500014372.5146   16.0139
    0.0000  -30.0000   -7.500014874.3096   16.0067
    7.5000  -30.0000   -7.500013986.3115   15.9783
   -7.5000  -22.5000   -7.500015710.7998   15.9988
    0.0000  -22.5000   -7.500016334.6035   15.9958
    7.5000  -22.5000   -7.500015262.6309   15.9673
   -7.5000  -15.0000   -7.500016689.6074   15.9774
    0.0000  -15.0000   -7.500017372.1602   15.9826
    7.5000  -15.0000   -7.500016329.3008   15.9593
   -7.5000   -7.5000   -7.500017455.8262   15.9722
    0.0000   -7.5000   -7.500018170.9961   15.9816
    7.5000   -7.5000   -7.500017159.8730   15.9645
   -7.5000    0.0000   -7.500018081.9570   15.9859
    0.0000    0.0000   -7.500018785.1816   15.9934
    7.5000    0.0000   -7.500017771.3223   15.9774
   -7.5000    7.5000   -7.500017187.0957   16.0061
    0.0000    7.5000   -7.500017788.0410   16.0052
    7.5000    7.5000   -7.500016862.2051   15.9833
   -7.5000   15.0000   -7.500016002.6543   16.0139
    0.0000   15.0000   -7.500016522.3125   16.0067
    7.5000   15.0000   -7.500015718.0215   15.9783
   -7.5000   22.5000   -7.500014725.2988   15.9914
    0.0000   22.5000   -7.500015194.0850   15.9884
    7.5000   22.5000   -7.500014506.5586   15.9599
   -7.5000   30.0000   -7.500013438.4453   15.7707
    0.0000   30.0000   -7.500013866.5908   15.7759
    7.5000   30.0000   -7.500013253.6787   15.7529
   -7.5000   37.5000   -7.500012722.1221   15.8131
    0.0000   37.5000   -7.500013117.7637   15.8223
    7.5000   37.5000   -7.500012513.4014   15.8051
   -7.5000   45.0000   -7.500011470.1416   15.5886
    0.0000   45.0000   -7.500011834.5723   15.5954
    7.5000   45.0000   -7.500011262.2744   15.5795
   -7.5000  -45.0000    0.000012535.3291   16.0692
    0.0000  -45.0000    0.000013024.7559   16.0726
    7.5000  -45.0000    0.000012361.2803   16.0550
   -7.5000  -37.5000    0.000013329.9062   16.0377
    0.0000  -37.5000    0.000013810.5400   16.0339
    7.5000  -37.5000    0.000013076.0225   16.0116
   -7.5000  -30.0000    0.000014797.7910   16.0423
    0.0000  -30.0000    0.000015287.8730   16.0329
    7.5000  -30.0000    0.000014354.0605   16.0052
   -7.5000  -22.5000    0.000016588.1426   16.0302
    0.0000  -22.5000    0.000017108.2852   16.0250
    7.5000  -22.5000    0.000015767.0830   15.9970
   -7.5000  -15.0000    0.000018121.8438   16.0125
    0.0000  -15.0000    0.000018700.1641   16.0142
    7.5000  -15.0000    0.000017093.1211   15.9908
   -7.5000   -7.5000    0.000018915.0371   16.0084
    0.0000   -7.5000    0.000019545.6152   16.0133
    7.5000   -7.5000    0.000017982.7031   15.9949
   -7.5000    0.0000    0.000019245.0488   16.0188
    0.0000    0.0000    0.000019928.2715   16.0222
    7.5000    0.0000    0.000018489.8145   16.0048
   -7.5000    7.5000    0.000018002.6465   16.0349
    0.0000    7.5000    0.000018694.7051   16.0311
    7.5000    7.5000    0.000017460.5059   16.0088
   -7.5000   15.0000    0.000016633.1973   16.0423
    0.0000   15.0000    0.000017288.9238   16.0329
    7.5000   15.0000    0.000016310.4971   16.0052
   -7.5000   22.5000    0.000015296.6523   16.0229
    0.0000   22.5000    0.000015916.3477   16.0176
    7.5000   22.5000    0.000015112.5508   15.9897
   -7.5000   30.0000    0.000014012.4268   15.8058
    0.0000   30.0000    0.000014548.9355   15.8075
    7.5000   30.0000    0.000013846.5801   15.7844
   -7.5000   37.5000    0.000013295.9160   15.8492
    0.0000   37.5000    0.000013749.6631   15.8539
    7.5000   37.5000    0.000013090.3008   15.8354
   -7.5000   45.0000    0.000012018.3076   15.6222
    0.0000   45.0000    0.000012418.2188   15.6253
    7.5000   45.0000    0.000011792.3750   15.6079
   -7.5000  -45.0000    7.500011950.4268   16.1122
    0.0000  -45.0000    7.500012457.2910   16.1219
    7.5000  -45.0000    7.500011784.1533   16.1075
   -7.5000  -37.5000    7.500012718.8447   16.0831
    0.0000  -37.5000    7.500013236.5781   16.0880
    7.5000  -37.5000    7.500012473.3232   16.0687
   -7.5000  -30.0000    7.500014107.5625   16.0924
    0.0000  -30.0000    7.500014689.0557   16.0930
    7.5000  -30.0000    7.500013782.5928   16.0695
   -7.5000  -22.5000    7.500015779.4590   16.0814
    0.0000  -22.5000    7.500016529.0996   16.0850
    7.5000  -22.5000    7.500015204.3584   16.0631
   -7.5000  -15.0000    7.500017194.1367   16.0607
    0.0000  -15.0000    7.500018107.1113   16.0690
    7.5000  -15.0000    7.500016474.1602   16.0524
   -7.5000   -7.5000    7.500017877.0371   16.0528
    0.0000   -7.5000    7.500018807.4375   16.0631
    7.5000   -7.5000    7.500017213.7188   16.0499
   -7.5000    0.0000    7.500018262.7324   16.0614
    0.0000    0.0000    7.500019161.4590   16.0712
    7.5000    0.0000    7.500017700.3750   16.0570
   -7.5000    7.5000    7.500017177.1680   16.0803
    0.0000    7.5000    7.500018040.0078   16.0852
    7.5000    7.5000    7.500016768.0996   16.0659
   -7.5000   15.0000    7.500015949.1396   16.0924
    0.0000   15.0000    7.500016743.1816   16.0930
    7.5000   15.0000    7.500015700.1387   16.0695
   -7.5000   22.5000    7.500014700.2959   16.0740
    0.0000   22.5000    7.500015401.1348   16.0776
    7.5000   22.5000    7.500014530.7744   16.0557
   -7.5000   30.0000    7.500013464.1514   15.8534
    0.0000   30.0000    7.500014066.8721   15.8615
    7.5000   30.0000    7.500013294.5010   15.8451
   -7.5000   37.5000    7.500012765.0420   15.8923
    0.0000   37.5000    7.500013262.1006   15.9023
    7.5000   37.5000    7.500012544.0625   15.8889
   -7.5000   45.0000    7.500011526.9287   15.6630
    0.0000   45.0000    7.500011956.2852   15.6722
    7.5000   45.0000    7.500011311.8154   15.6575
   -7.5000  -45.0000   15.000011223.3672   16.2365
    0.0000  -45.0000   15.000011793.9229   16.2554
    7.5000  -45.0000   15.000011110.4912   16.2461
   -7.5000  -37.5000   15.000011946.2002   16.2120
    0.0000  -37.5000   15.000012558.7119   16.2270
    7.5000  -37.5000   15.000011813.8750   16.2121
   -7.5000  -30.0000   15.000013230.6338   16.2257
    0.0000  -30.0000   15.000013972.4463   16.2369
    7.5000  -30.0000   15.000013106.9512   16.2178
   -7.5000  -22.5000   15.000014658.1143   16.2134
    0.0000  -22.5000   15.000015613.5225   16.2270
    7.5000  -22.5000   15.000014408.0527   16.2103
   -7.5000  -15.0000   15.000015776.5986   16.1874
    0.0000  -15.0000   15.000016874.0547   16.2049
    7.5000  -15.0000   15.000015468.7715   16.1945
   -7.5000   -7.5000   15.000016351.9229   16.1754
    0.0000   -7.5000   15.000017391.0430   16.1944
    7.5000   -7.5000   15.000016124.1270   16.1874
   -7.5000    0.0000   15.000016832.7676   16.1848
    0.0000    0.0000   15.000017840.3105   16.2037
    7.5000    0.0000   15.000016701.3848   16.1947
   -7.5000    7.5000   15.000015979.6885   16.2091
    0.0000    7.5000   15.000016957.5820   16.2241
    7.5000    7.5000   15.000015891.7969   16.2093
   -7.5000   15.0000   15.000014925.1045   16.2257
    0.0000   15.0000   15.000015825.5576   16.2369
    7.5000   15.0000   15.000014867.8379   16.2178
   -7.5000   22.5000   15.000013802.1621   16.2059
    0.0000   22.5000   15.000014588.3545   16.2196
    7.5000   22.5000   15.000013739.7617   16.2029
   -7.5000   30.0000   15.000012654.2656   15.9783
    0.0000   30.0000   15.000013313.8066   15.9956
    7.5000   30.0000   15.000012555.6523   15.9854
   -7.5000   37.5000   15.000012010.5996   16.0111
    0.0000   37.5000   15.000012584.7500   16.0298
    7.5000   37.5000   15.000011841.3906   16.0225
   -7.5000   45.0000   15.000010841.8711   15.7784
    0.0000   45.0000   15.000011320.6133   15.7964
    7.5000   45.0000   15.000010660.5352   15.7864
   -7.5000  -45.0000   22.500010511.9678   16.5507
    0.0000  -45.0000   22.500011100.4248   16.5727
    7.5000  -45.0000   22.500010510.7285   16.5643
   -7.5000  -37.5000   22.500011188.1709   16.5268
    0.0000  -37.5000   22.500011806.1758   16.5434
    7.5000  -37.5000   22.500011189.9258   16.5283
   -7.5000  -30.0000   22.500012370.3252   16.5397
    0.0000  -30.0000   22.500013095.4502   16.5515
    7.5000  -30.0000   22.500012373.9805   16.5306
   -7.5000  -22.5000   22.500013600.6475   16.5251
    0.0000  -22.5000   22.500014498.4756   16.5396
    7.5000  -22.5000   22.500013525.1875   16.5208
   -7.5000  -15.0000   22.500014585.4531   16.4972
    0.0000  -15.0000   22.500015532.0645   16.5170
    7.5000  -15.0000   22.500014477.0322   16.5055
   -7.5000   -7.5000   22.500015219.7852   16.4850
    0.0000   -7.5000   22.500016089.8359   16.5075
    7.5000   -7.5000   22.500015136.1299   16.5008
   -7.5000    0.0000   22.500015753.7344   16.4970
    0.0000    0.0000   22.500016637.5078   16.5190
    7.5000    0.0000   22.500015718.8252   16.5108
   -7.5000    7.5000   22.500014980.8477   16.5239
    0.0000    7.5000   22.500015860.7949   16.5405
    7.5000    7.5000   22.500014967.9883   16.5253
   -7.5000   15.0000   22.500013959.6016   16.5397
    0.0000   15.0000   22.500014815.6924   16.5515
    7.5000   15.0000   22.500013984.2334   16.5306
   -7.5000   22.5000   22.500012913.0703   16.5175
    0.0000   22.5000   22.500013662.0146   16.5320
    7.5000   22.5000   22.500012924.1904   16.5132
   -7.5000   30.0000   22.500011851.9268   16.2839
    0.0000   30.0000   22.500012484.5400   16.3034
    7.5000   30.0000   22.500011805.5361   16.2921
   -7.5000   37.5000   22.500011236.1270   16.3123
    0.0000   37.5000   22.500011809.7949   16.3343
    7.5000   37.5000   22.500011140.9902   16.3274
   -7.5000   45.0000   22.500010126.2783   16.0738
    0.0000   45.0000   22.500010615.0039   16.0947
    7.5000   45.0000   22.500010019.3984   16.0857
   -7.5000  -45.0000   30.0000 9782.0039   16.9697
    0.0000  -45.0000   30.000010293.4766   16.9879
    7.5000  -45.0000   30.0000 9804.7500   16.9773
   -7.5000  -37.5000   30.000010397.5840   16.9398
    0.0000  -37.5000   30.000010926.0967   16.9498
    7.5000  -37.5000   30.000010415.3467   16.9319
   -7.5000  -30.0000   30.000011456.0762   16.9474
    0.0000  -30.0000   30.000012072.9219   16.9508
    7.5000  -30.0000   30.000011475.1396   16.9257
   -7.5000  -22.5000   30.000012557.1182   16.9322
    0.0000  -22.5000   30.000013289.9170   16.9396
    7.5000  -22.5000   30.000012512.9102   16.9153
   -7.5000  -15.0000   30.000013452.8857   16.9079
    0.0000  -15.0000   30.000014186.2588   16.9235
    7.5000  -15.0000   30.000013392.6494   16.9062
   -7.5000   -7.5000   30.000014103.1865   16.8996
    0.0000   -7.5000   30.000014810.7432   16.9194
    7.5000   -7.5000   30.000014046.7979   16.9088
   -7.5000    0.0000   30.000014601.8750   16.9132
    0.0000    0.0000   30.000015351.7119   16.9314
    7.5000    0.0000   30.000014560.7725   16.9210
   -7.5000    7.5000   30.000013885.8789   16.9367
    0.0000    7.5000   30.000014628.6064   16.9467
    7.5000    7.5000   30.000013829.1133   16.9288
   -7.5000   15.0000   30.000012959.9512   16.9474
    0.0000   15.0000   30.000013674.2012   16.9508
    7.5000   15.0000   30.000012918.0459   16.9257
   -7.5000   22.5000   30.000011991.8789   16.9244
    0.0000   22.5000   30.000012636.5645   16.9318
    7.5000   22.5000   30.000011976.9170   16.9075
   -7.5000   30.0000   30.000011014.5146   16.6892
    0.0000   30.0000   30.000011562.5654   16.7045
    7.5000   30.0000   30.000010953.2412   16.6875
   -7.5000   37.5000   30.000010439.9854   16.7170
    0.0000   37.5000   30.000010939.4336   16.7365
    7.5000   37.5000   30.000010341.7109   16.7258
   -7.5000   45.0000   30.0000 9376.2178   16.4705
    0.0000   45.0000   30.0000 9799.9150   16.4876
    7.5000   45.0000   30.0000 9299.2578   16.4770
   -7.5000  -45.0000   37.5000 9499.8359   17.5562
    0.0000  -45.0000   37.5000 9936.0850   17.5641
    7.5000  -45.0000   37.5000 9464.8154   17.5447
   -7.5000  -37.5000   37.500010093.8984   17.5130
    0.0000  -37.5000   37.500010534.3936   17.5110
    7.5000  -37.5000   37.500010057.2256   17.4865
   -7.5000  -30.0000   37.500011090.4922   17.5125
    0.0000  -30.0000   37.500011603.8633   17.5034
    7.5000  -30.0000   37.500011062.3818   17.4722
   -7.5000  -22.5000   37.500012078.0898   17.4995
    0.0000  -22.5000   37.500012668.2383   17.4958
    7.5000  -22.5000   37.500012022.3594   17.4634
   -7.5000  -15.0000   37.500012933.3047   17.4845
    0.0000  -15.0000   37.500013516.4707   17.4905
    7.5000  -15.0000   37.500012867.8965   17.4626
   -7.5000   -7.5000   37.500013588.6348   17.4837
    0.0000   -7.5000   37.500014200.3564   17.4941
    7.5000   -7.5000   37.500013532.0986   17.4729
   -7.5000    0.0000   37.500014082.6943   17.4959
    0.0000    0.0000   37.500014729.6582   17.5038
    7.5000    0.0000   37.500014011.4395   17.4846
   -7.5000    7.5000   37.500013362.2705   17.5097
    0.0000    7.5000   37.500014007.8037   17.5077
    7.5000    7.5000   37.500013276.8320   17.4832
   -7.5000   15.0000   37.500012471.1553   17.5125
    0.0000   15.0000   37.500013102.8193   17.5034
    7.5000   15.0000   37.500012397.0195   17.4722
   -7.5000   22.5000   37.500011577.6523   17.4915
    0.0000   22.5000   37.500012156.0234   17.4877
    7.5000   22.5000   37.500011503.9922   17.4554
   -7.5000   30.0000   37.500010643.4238   17.2582
    0.0000   30.0000   37.500011145.8271   17.2641
    7.5000   30.0000   37.500010538.4365   17.2366
   -7.5000   37.5000   37.500010081.2246   17.2854
    0.0000   37.5000   37.500010542.7490   17.2956
    7.5000   37.5000   37.5000 9950.2490   17.2743
   -7.5000   45.0000   37.5000 9070.0449   17.0217
    0.0000   45.0000   37.5000 9458.7178   17.0289
    7.5000   45.0000   37.5000 8963.7246   17.0102
   -7.5000  -45.0000   45.0000 8849.7070   18.1612
    0.0000  -45.0000   45.0000 9212.7109   18.1691
    7.5000  -45.0000   45.0000 8778.1152   18.1522
   -7.5000  -37.5000   45.0000 9405.4561   18.1098
    0.0000  -37.5000   45.0000 9760.0967   18.1097
    7.5000  -37.5000   45.0000 9335.5576   18.0897
   -7.5000  -30.0000   45.000010308.8945   18.1122
    0.0000  -30.0000   45.000010739.7324   18.1062
    7.5000  -30.0000   45.000010254.6367   18.0815
   -7.5000  -22.5000   45.000011173.1514   18.1060
    0.0000  -22.5000   45.000011664.2607   18.1050
    7.5000  -22.5000   45.000011105.0830   18.0789
   -7.5000  -15.0000   45.000011955.9404   18.0947
    0.0000  -15.0000   45.000012430.8711   18.1015
    7.5000  -15.0000   45.000011883.1035   18.0782
   -7.5000   -7.5000   45.000012580.5781   18.0911
    0.0000   -7.5000   45.000013085.1309   18.1010
    7.5000   -7.5000   45.000012512.4160   18.0821
   -7.5000    0.0000   45.000013037.8516   18.0963
    0.0000    0.0000   45.000013586.9170   18.1043
    7.5000    0.0000   45.000012962.0234   18.0875
   -7.5000    7.5000   45.000012359.6338   18.1062
    0.0000    7.5000   45.000012920.2031   18.1061
    7.5000    7.5000   45.000012290.8154   18.0861
   -7.5000   15.0000   45.000011538.9707   18.1122
    0.0000   15.0000   45.000012081.0293   18.1062
    7.5000   15.0000   45.000011476.3154   18.0815
   -7.5000   22.5000   45.000010700.6562   18.0976
    0.0000   22.5000   45.000011210.4629   18.0966
    7.5000   22.5000   45.000010633.8828   18.0705
   -7.5000   30.0000   45.0000 9833.6182   17.8590
    0.0000   30.0000   45.000010282.6436   17.8657
    7.5000   30.0000   45.0000 9721.5615   17.8427
   -7.5000   37.5000   45.0000 9329.6699   17.8756
    0.0000   37.5000   45.0000 9735.8545   17.8852
    7.5000   37.5000   45.0000 9196.1641   17.8664
   -7.5000   45.0000   45.0000 8441.0059   17.5984
    0.0000   45.0000   45.0000 8779.9014   17.6058
    7.5000   45.0000   45.0000 8312.0889   17.5894

---------------------------------------------------------------------
imgreg_4dfp /usr/local/freesurfer/average/711-2C_as_mni_average_305 /usr/local/freesurfer/average/711-2B_as_mni_average_305_mask talsrcimg_g11 none talsrcimg_to_711-2C_as_mni_average_305_t4 4355
---------------------------------------------------------------------

freesurfer imgreg_4dfp.c
/usr/local/freesurfer/average/711-2C_as_mni_average_305.4dfp.img
       256       256       256         1
  1.000000  1.000000  1.000000
orientation T byte_order littleendian
Reading image: /usr/local/freesurfer/average/711-2C_as_mni_average_305.4dfp.img
dimensions:      256       256       256
mmppix:       1.0000   -1.0000   -1.0000
center:     128.0000 -129.0000 -129.0000
/usr/local/freesurfer/average/711-2B_as_mni_average_305_mask.4dfp.img
       256       256       256         1
  1.000000  1.000000  1.000000
orientation T byte_order littleendian
Reading mask: /usr/local/freesurfer/average/711-2B_as_mni_average_305_mask.4dfp.img (2306576 pixels)
talsrcimg_g11.4dfp.img
       256       256       256         1
  1.000000  1.000000  1.000000
orientation T byte_order littleendian
Reading image: talsrcimg_g11.4dfp.img
dimensions:      256       256       256
mmppix:       1.0000   -1.0000   -1.0000
center:     128.0000 -129.0000 -129.0000
rotation matrix determinant  1.000000
image alignment mode   4355 decimal     1103 hex
   -7.5000  -45.0000  -45.0000 2524.7556   17.8487
    0.0000  -45.0000  -45.0000 2509.5103   17.8611
    7.5000  -45.0000  -45.0000 2494.1816   18.1131
   -7.5000  -37.5000  -45.0000 2562.7214   16.8897
    0.0000  -37.5000  -45.0000 2547.8181   16.9031
    7.5000  -37.5000  -45.0000 2530.8423   17.1794
   -7.5000  -30.0000  -45.0000 2579.9866   16.2157
    0.0000  -30.0000  -45.0000 2568.8721   16.2402
    7.5000  -30.0000  -45.0000 2543.9326   16.5260
   -7.5000  -22.5000  -45.0000 2590.1951   15.8028
    0.0000  -22.5000  -45.0000 2575.6482   15.8388
    7.5000  -22.5000  -45.0000 2559.2695   16.1501
   -7.5000  -15.0000  -45.0000 2592.8877   15.7059
    0.0000  -15.0000  -45.0000 2579.3467   15.7240
    7.5000  -15.0000  -45.0000 2563.5984   16.0290
   -7.5000   -7.5000  -45.0000 2598.0837   15.9206
    0.0000   -7.5000  -45.0000 2583.7556   15.9296
    7.5000   -7.5000  -45.0000 2564.1323   16.1973
   -7.5000    0.0000  -45.0000 2576.4253   16.2604
    0.0000    0.0000  -45.0000 2566.2607   16.3117
    7.5000    0.0000  -45.0000 2539.5859   16.5312
   -7.5000    7.5000  -45.0000 2550.5422   16.9197
    0.0000    7.5000  -45.0000 2538.3738   16.9390
    7.5000    7.5000  -45.0000 2507.7854   17.1723
   -7.5000   15.0000  -45.0000 2493.5657   17.7443
    0.0000   15.0000  -45.0000 2485.6340   17.7729
    7.5000   15.0000  -45.0000 2460.5317   17.9970
   -7.5000   22.5000  -45.0000 2418.9705   18.8114
    0.0000   22.5000  -45.0000 2415.2490   18.8510
    7.5000   22.5000  -45.0000 2389.6172   19.0665
   -7.5000   30.0000  -45.0000 2316.9836   20.2363
    0.0000   30.0000  -45.0000 2313.9526   20.3099
    7.5000   30.0000  -45.0000 2292.1248   20.5645
   -7.5000   37.5000  -45.0000 2204.9751   22.1582
    0.0000   37.5000  -45.0000 2204.9338   22.2581
    7.5000   37.5000  -45.0000 2177.5112   22.5137
   -7.5000   45.0000  -45.0000 2095.1709   24.5803
    0.0000   45.0000  -45.0000 2096.7200   24.7202
    7.5000   45.0000  -45.0000 2072.3850   24.9753
   -7.5000  -45.0000  -37.5000 2597.4185   16.9458
    0.0000  -45.0000  -37.5000 2585.6260   16.9691
    7.5000  -45.0000  -37.5000 2566.9399   17.2748
   -7.5000  -37.5000  -37.5000 2639.9705   16.0645
    0.0000  -37.5000  -37.5000 2627.7424   16.0576
    7.5000  -37.5000  -37.5000 2610.4705   16.3468
   -7.5000  -30.0000  -37.5000 2653.0742   15.3717
    0.0000  -30.0000  -37.5000 2642.6392   15.3891
    7.5000  -30.0000  -37.5000 2627.0171   15.6912
   -7.5000  -22.5000  -37.5000 2662.0535   14.9544
    0.0000  -22.5000  -37.5000 2645.7451   14.9872
    7.5000  -22.5000  -37.5000 2635.0972   15.3242
   -7.5000  -15.0000  -37.5000 2662.8457   14.8106
    0.0000  -15.0000  -37.5000 2647.7361   14.8737
    7.5000  -15.0000  -37.5000 2631.6990   15.1942
   -7.5000   -7.5000  -37.5000 2670.8491   14.9789
    0.0000   -7.5000  -37.5000 2656.3464   15.0178
    7.5000   -7.5000  -37.5000 2633.8318   15.3274
   -7.5000    0.0000  -37.5000 2651.5627   15.2940
    0.0000    0.0000  -37.5000 2640.5891   15.3575
    7.5000    0.0000  -37.5000 2615.7947   15.6321
   -7.5000    7.5000  -37.5000 2626.7473   15.8887
    0.0000    7.5000  -37.5000 2612.3293   15.9479
    7.5000    7.5000  -37.5000 2587.8660   16.2112
   -7.5000   15.0000  -37.5000 2568.2290   16.6702
    0.0000   15.0000  -37.5000 2557.9385   16.7135
    7.5000   15.0000  -37.5000 2534.8323   16.9699
   -7.5000   22.5000  -37.5000 2487.6421   17.6499
    0.0000   22.5000  -37.5000 2484.7673   17.6833
    7.5000   22.5000  -37.5000 2463.0239   17.9523
   -7.5000   30.0000  -37.5000 2385.6685   18.9930
    0.0000   30.0000  -37.5000 2385.2502   19.0364
    7.5000   30.0000  -37.5000 2363.4248   19.3544
   -7.5000   37.5000  -37.5000 2272.0173   20.8262
    0.0000   37.5000  -37.5000 2266.9175   20.8841
    7.5000   37.5000  -37.5000 2246.4692   21.1720
   -7.5000   45.0000  -37.5000 2150.7827   23.1849
    0.0000   45.0000  -37.5000 2148.1035   23.1829
    7.5000   45.0000  -37.5000 2131.1714   23.5232
   -7.5000  -45.0000  -30.0000 2704.4653   16.6954
    0.0000  -45.0000  -30.0000 2698.3716   16.7954
    7.5000  -45.0000  -30.0000 2680.1226   17.1036
   -7.5000  -37.5000  -30.0000 2749.9961   15.7900
    0.0000  -37.5000  -30.0000 2741.1624   15.8509
    7.5000  -37.5000  -30.0000 2719.0710   16.1453
   -7.5000  -30.0000  -30.0000 2774.1377   15.1298
    0.0000  -30.0000  -30.0000 2764.5774   15.1740
    7.5000  -30.0000  -30.0000 2743.3823   15.4827
   -7.5000  -22.5000  -30.0000 2777.6245   14.6596
    0.0000  -22.5000  -30.0000 2767.0171   14.7331
    7.5000  -22.5000  -30.0000 2751.8196   15.0665
   -7.5000  -15.0000  -30.0000 2774.3840   14.4485
    0.0000  -15.0000  -30.0000 2763.0203   14.5193
    7.5000  -15.0000  -30.0000 2746.3062   14.8898
   -7.5000   -7.5000  -30.0000 2780.2458   14.5316
    0.0000   -7.5000  -30.0000 2770.0181   14.5993
    7.5000   -7.5000  -30.0000 2752.2375   14.9923
   -7.5000    0.0000  -30.0000 2766.6497   14.8427
    0.0000    0.0000  -30.0000 2765.2651   14.9582
    7.5000    0.0000  -30.0000 2743.8745   15.3026
   -7.5000    7.5000  -30.0000 2744.7158   15.4367
    0.0000    7.5000  -30.0000 2740.1812   15.5016
    7.5000    7.5000  -30.0000 2720.6902   15.8334
   -7.5000   15.0000  -30.0000 2683.0310   16.1738
    0.0000   15.0000  -30.0000 2681.3892   16.2234
    7.5000   15.0000  -30.0000 2662.7122   16.5316
   -7.5000   22.5000  -30.0000 2596.3938   17.1255
    0.0000   22.5000  -30.0000 2602.2632   17.1970
    7.5000   22.5000  -30.0000 2586.2664   17.4927
   -7.5000   30.0000  -30.0000 2495.2158   18.4172
    0.0000   30.0000  -30.0000 2500.2566   18.5176
    7.5000   30.0000  -30.0000 2484.2900   18.8512
   -7.5000   37.5000  -30.0000 2378.0088   20.1354
    0.0000   37.5000  -30.0000 2382.8459   20.2682
    7.5000   37.5000  -30.0000 2367.2498   20.5709
   -7.5000   45.0000  -30.0000 2244.9438   22.4051
    0.0000   45.0000  -30.0000 2247.3186   22.5102
    7.5000   45.0000  -30.0000 2229.9138   22.8146
   -7.5000  -45.0000  -22.5000 2764.5359   16.4094
    0.0000  -45.0000  -22.5000 2761.1172   16.5360
    7.5000  -45.0000  -22.5000 2746.2080   16.8289
   -7.5000  -37.5000  -22.5000 2815.0408   15.4928
    0.0000  -37.5000  -22.5000 2812.8779   15.5810
    7.5000  -37.5000  -22.5000 2795.7849   15.8792
   -7.5000  -30.0000  -22.5000 2846.4036   14.8199
    0.0000  -30.0000  -22.5000 2842.7783   14.8906
    7.5000  -30.0000  -22.5000 2822.0002   15.1948
   -7.5000  -22.5000  -22.5000 2851.1382   14.3216
    0.0000  -22.5000  -22.5000 2849.5173   14.4075
    7.5000  -22.5000  -22.5000 2825.6438   14.7410
   -7.5000  -15.0000  -22.5000 2845.9971   13.9941
    0.0000  -15.0000  -22.5000 2842.0369   14.0921
    7.5000  -15.0000  -22.5000 2824.2375   14.5199
   -7.5000   -7.5000  -22.5000 2847.9456   13.9969
    0.0000   -7.5000  -22.5000 2848.5872   14.1218
    7.5000   -7.5000  -22.5000 2834.4307   14.5748
   -7.5000    0.0000  -22.5000 2840.0500   14.3511
    0.0000    0.0000  -22.5000 2852.9473   14.4533
    7.5000    0.0000  -22.5000 2830.9636   14.8717
   -7.5000    7.5000  -22.5000 2816.0952   14.9525
    0.0000    7.5000  -22.5000 2826.9065   15.0069
    7.5000    7.5000  -22.5000 2807.2222   15.3947
   -7.5000   15.0000  -22.5000 2754.8242   15.6264
    0.0000   15.0000  -22.5000 2761.6228   15.6952
    7.5000   15.0000  -22.5000 2746.3899   16.0381
   -7.5000   22.5000  -22.5000 2674.9148   16.5335
    0.0000   22.5000  -22.5000 2682.7302   16.6578
    7.5000   22.5000  -22.5000 2670.0564   16.9893
   -7.5000   30.0000  -22.5000 2573.0249   17.7953
    0.0000   30.0000  -22.5000 2582.1094   17.9245
    7.5000   30.0000  -22.5000 2564.1694   18.2880
   -7.5000   37.5000  -22.5000 2459.4497   19.4504
    0.0000   37.5000  -22.5000 2470.8206   19.5822
    7.5000   37.5000  -22.5000 2449.0740   19.9200
   -7.5000   45.0000  -22.5000 2316.2200   21.6746
    0.0000   45.0000  -22.5000 2326.1868   21.7777
    7.5000   45.0000  -22.5000 2303.6741   22.1048
   -7.5000  -45.0000  -15.0000 2784.8557   16.2779
    0.0000  -45.0000  -15.0000 2784.7095   16.3846
    7.5000  -45.0000  -15.0000 2764.1438   16.5849
   -7.5000  -37.5000  -15.0000 2839.6184   15.3243
    0.0000  -37.5000  -15.0000 2838.5996   15.4055
    7.5000  -37.5000  -15.0000 2818.5886   15.5829
   -7.5000  -30.0000  -15.0000 2871.3276   14.6125
    0.0000  -30.0000  -15.0000 2875.3303   14.7158
    7.5000  -30.0000  -15.0000 2856.7227   14.8956
   -7.5000  -22.5000  -15.0000 2886.8462   14.0983
    0.0000  -22.5000  -15.0000 2892.0789   14.2215
    7.5000  -22.5000  -15.0000 2870.1052   14.4498
   -7.5000  -15.0000  -15.0000 2872.1648   13.6731
    0.0000  -15.0000  -15.0000 2879.6467   13.7959
    7.5000  -15.0000  -15.0000 2862.6418   14.2212
   -7.5000   -7.5000  -15.0000 2872.1462   13.5716
    0.0000   -7.5000  -15.0000 2882.1672   13.7438
    7.5000   -7.5000  -15.0000 2862.9875   14.2273
   -7.5000    0.0000  -15.0000 2869.1653   13.9590
    0.0000    0.0000  -15.0000 2890.3833   14.0847
    7.5000    0.0000  -15.0000 2859.6211   14.4941
   -7.5000    7.5000  -15.0000 2852.4646   14.5361
    0.0000    7.5000  -15.0000 2873.1533   14.6383
    7.5000    7.5000  -15.0000 2844.9150   14.9589
   -7.5000   15.0000  -15.0000 2800.4097   15.2172
    0.0000   15.0000  -15.0000 2812.3677   15.3090
    7.5000   15.0000  -15.0000 2796.7925   15.6090
   -7.5000   22.5000  -15.0000 2727.3303   16.1264
    0.0000   22.5000  -15.0000 2733.8809   16.2045
    7.5000   22.5000  -15.0000 2725.1169   16.5348
   -7.5000   30.0000  -15.0000 2625.6394   17.3549
    0.0000   30.0000  -15.0000 2632.3965   17.4512
    7.5000   30.0000  -15.0000 2620.2241   17.8411
   -7.5000   37.5000  -15.0000 2517.7876   19.0208
    0.0000   37.5000  -15.0000 2524.4387   19.0816
    7.5000   37.5000  -15.0000 2507.8611   19.4831
   -7.5000   45.0000  -15.0000 2371.0862   21.1420
    0.0000   45.0000  -15.0000 2372.7432   21.2050
    7.5000   45.0000  -15.0000 2355.1846   21.6256
   -7.5000  -45.0000   -7.5000 2792.8813   16.1826
    0.0000  -45.0000   -7.5000 2776.6677   16.2481
    7.5000  -45.0000   -7.5000 2758.7590   16.4088
   -7.5000  -37.5000   -7.5000 2853.1433   15.2436
    0.0000  -37.5000   -7.5000 2840.6753   15.2757
    7.5000  -37.5000   -7.5000 2821.4111   15.4116
   -7.5000  -30.0000   -7.5000 2895.2400   14.6074
    0.0000  -30.0000   -7.5000 2885.2454   14.6424
    7.5000  -30.0000   -7.5000 2872.4661   14.7253
   -7.5000  -22.5000   -7.5000 2923.2217   14.2285
    0.0000  -22.5000   -7.5000 2917.7246   14.2862
    7.5000  -22.5000   -7.5000 2901.1538   14.3387
   -7.5000  -15.0000   -7.5000 2919.1680   13.8887
    0.0000  -15.0000   -7.5000 2922.9231   13.9614
    7.5000  -15.0000   -7.5000 2902.6855   14.1599
   -7.5000   -7.5000   -7.5000 2899.1804   13.6070
    0.0000   -7.5000   -7.5000 2905.2537   13.7095
    7.5000   -7.5000   -7.5000 2889.5693   14.0437
   -7.5000    0.0000   -7.5000 2895.4272   13.8035
    0.0000    0.0000   -7.5000 2899.4668   13.8581
    7.5000    0.0000   -7.5000 2877.2236   14.1747
   -7.5000    7.5000   -7.5000 2878.9224   14.2993
    0.0000    7.5000   -7.5000 2882.7527   14.3027
    7.5000    7.5000   -7.5000 2857.2983   14.5898
   -7.5000   15.0000   -7.5000 2834.5566   14.9760
    0.0000   15.0000   -7.5000 2827.5210   14.9433
    7.5000   15.0000   -7.5000 2812.8569   15.2086
   -7.5000   22.5000   -7.5000 2763.0332   15.8884
    0.0000   22.5000   -7.5000 2754.6177   15.8367
    7.5000   22.5000   -7.5000 2744.4294   16.1100
   -7.5000   30.0000   -7.5000 2664.4509   17.1329
    0.0000   30.0000   -7.5000 2660.8723   17.1170
    7.5000   30.0000   -7.5000 2645.1318   17.4184
   -7.5000   37.5000   -7.5000 2561.2979   18.7467
    0.0000   37.5000   -7.5000 2562.2920   18.7651
    7.5000   37.5000   -7.5000 2539.5754   19.0772
   -7.5000   45.0000   -7.5000 2408.7964   20.7902
    0.0000   45.0000   -7.5000 2408.1494   20.8241
    7.5000   45.0000   -7.5000 2390.8921   21.1731
   -7.5000  -45.0000    0.0000 2759.2061   16.1887
    0.0000  -45.0000    0.0000 2753.4934   16.3649
    7.5000  -45.0000    0.0000 2731.3120   16.4469
   -7.5000  -37.5000    0.0000 2830.1169   15.3040
    0.0000  -37.5000    0.0000 2826.9387   15.4278
    7.5000  -37.5000    0.0000 2804.4043   15.4489
   -7.5000  -30.0000    0.0000 2891.5190   14.7681
    0.0000  -30.0000    0.0000 2882.2903   14.8554
    7.5000  -30.0000    0.0000 2861.8459   14.8104
   -7.5000  -22.5000    0.0000 2949.2671   14.5790
    0.0000  -22.5000    0.0000 2934.4009   14.5965
    7.5000  -22.5000    0.0000 2906.9355   14.4218
   -7.5000  -15.0000    0.0000 2986.0923   14.4982
    0.0000  -15.0000    0.0000 2966.5625   14.4662
    7.5000  -15.0000    0.0000 2921.2156   14.2561
   -7.5000   -7.5000    0.0000 2961.9456   14.1331
    0.0000   -7.5000    0.0000 2943.8313   14.1189
    7.5000   -7.5000    0.0000 2907.8347   14.1041
   -7.5000    0.0000    0.0000 2910.2952   13.9563
    0.0000    0.0000    0.0000 2909.3218   13.9809
    7.5000    0.0000    0.0000 2885.0288   14.1320
   -7.5000    7.5000    0.0000 2871.0918   14.2041
    0.0000    7.5000    0.0000 2876.1196   14.2099
    7.5000    7.5000    0.0000 2855.9846   14.4279
   -7.5000   15.0000    0.0000 2824.7654   14.7716
    0.0000   15.0000    0.0000 2828.0542   14.7885
    7.5000   15.0000    0.0000 2813.0081   15.0043
   -7.5000   22.5000    0.0000 2762.7942   15.7040
    0.0000   22.5000    0.0000 2765.3989   15.6971
    7.5000   22.5000    0.0000 2752.5317   15.9374
   -7.5000   30.0000    0.0000 2676.0527   16.9686
    0.0000   30.0000    0.0000 2679.2832   16.9869
    7.5000   30.0000    0.0000 2663.8821   17.2350
   -7.5000   37.5000    0.0000 2582.1973   18.6371
    0.0000   37.5000    0.0000 2583.9050   18.6727
    7.5000   37.5000    0.0000 2563.7036   18.8980
   -7.5000   45.0000    0.0000 2440.7852   20.6938
    0.0000   45.0000    0.0000 2439.3093   20.7251
    7.5000   45.0000    0.0000 2416.9658   20.9837
   -7.5000  -45.0000    7.5000 2714.3586   16.6083
    0.0000  -45.0000    7.5000 2713.1267   16.8239
    7.5000  -45.0000    7.5000 2697.2239   16.8321
   -7.5000  -37.5000    7.5000 2801.5574   15.6944
    0.0000  -37.5000    7.5000 2804.2805   15.9279
    7.5000  -37.5000    7.5000 2775.2664   15.8024
   -7.5000  -30.0000    7.5000 2872.0886   15.1114
    0.0000  -30.0000    7.5000 2879.4807   15.3048
    7.5000  -30.0000    7.5000 2843.1643   15.1174
   -7.5000  -22.5000    7.5000 2934.2981   14.8242
    0.0000  -22.5000    7.5000 2947.1116   15.0237
    7.5000  -22.5000    7.5000 2895.6404   14.7106
   -7.5000  -15.0000    7.5000 2980.4905   14.6526
    0.0000  -15.0000    7.5000 2997.2502   14.8689
    7.5000  -15.0000    7.5000 2923.4963   14.4799
   -7.5000   -7.5000    7.5000 2960.8723   14.2468
    0.0000   -7.5000    7.5000 2972.0417   14.4306
    7.5000   -7.5000    7.5000 2910.8647   14.2438
   -7.5000    0.0000    7.5000 2921.6680   14.1211
    0.0000    0.0000    7.5000 2925.0938   14.2080
    7.5000    0.0000    7.5000 2888.7542   14.2170
   -7.5000    7.5000    7.5000 2887.4773   14.4140
    0.0000    7.5000    7.5000 2891.9797   14.4251
    7.5000    7.5000    7.5000 2865.9612   14.5504
   -7.5000   15.0000    7.5000 2830.1040   15.0315
    0.0000   15.0000    7.5000 2842.5872   15.0295
    7.5000   15.0000    7.5000 2829.0955   15.2446
   -7.5000   22.5000    7.5000 2761.1543   15.9520
    0.0000   22.5000    7.5000 2767.4309   15.9093
    7.5000   22.5000    7.5000 2762.1697   16.1633
   -7.5000   30.0000    7.5000 2676.7864   17.1446
    0.0000   30.0000    7.5000 2679.0562   17.1338
    7.5000   30.0000    7.5000 2670.9189   17.4157
   -7.5000   37.5000    7.5000 2584.6592   18.7414
    0.0000   37.5000    7.5000 2587.0342   18.7416
    7.5000   37.5000    7.5000 2576.2593   19.0004
   -7.5000   45.0000    7.5000 2447.5996   20.7124
    0.0000   45.0000    7.5000 2453.2693   20.7636
    7.5000   45.0000    7.5000 2438.4800   21.0333
   -7.5000  -45.0000   15.0000 2670.0393   17.1486
    0.0000  -45.0000   15.0000 2675.4097   17.4268
    7.5000  -45.0000   15.0000 2652.3103   17.3616
   -7.5000  -37.5000   15.0000 2759.2859   16.1576
    0.0000  -37.5000   15.0000 2769.7939   16.4109
    7.5000  -37.5000   15.0000 2737.3894   16.2807
   -7.5000  -30.0000   15.0000 2835.5923   15.4575
    0.0000  -30.0000   15.0000 2852.4944   15.7025
    7.5000  -30.0000   15.0000 2816.0745   15.5328
   -7.5000  -22.5000   15.0000 2904.5090   15.0658
    0.0000  -22.5000   15.0000 2925.3210   15.3312
    7.5000  -22.5000   15.0000 2874.2922   15.0716
   -7.5000  -15.0000   15.0000 2940.3528   14.7666
    0.0000  -15.0000   15.0000 2970.0059   15.0504
    7.5000  -15.0000   15.0000 2904.8347   14.7464
   -7.5000   -7.5000   15.0000 2923.0059   14.3057
    0.0000   -7.5000   15.0000 2939.0684   14.5112
    7.5000   -7.5000   15.0000 2887.8489   14.4437
   -7.5000    0.0000   15.0000 2906.1123   14.2754
    0.0000    0.0000   15.0000 2913.3113   14.3658
    7.5000    0.0000   15.0000 2882.4563   14.4827
   -7.5000    7.5000   15.0000 2889.4219   14.7163
    0.0000    7.5000   15.0000 2897.6877   14.7338
    7.5000    7.5000   15.0000 2873.2817   14.8793
   -7.5000   15.0000   15.0000 2834.3801   15.4672
    0.0000   15.0000   15.0000 2855.0535   15.4648
    7.5000   15.0000   15.0000 2839.0610   15.6253
   -7.5000   22.5000   15.0000 2765.9336   16.4736
    0.0000   22.5000   15.0000 2775.6553   16.4600
    7.5000   22.5000   15.0000 2763.7419   16.6252
   -7.5000   30.0000   15.0000 2668.5232   17.6374
    0.0000   30.0000   15.0000 2669.3865   17.6444
    7.5000   30.0000   15.0000 2665.5950   17.8674
   -7.5000   37.5000   15.0000 2573.6890   19.1362
    0.0000   37.5000   15.0000 2577.7683   19.1090
    7.5000   37.5000   15.0000 2566.4700   19.3718
   -7.5000   45.0000   15.0000 2439.6221   21.0111
    0.0000   45.0000   15.0000 2440.5520   20.9951
    7.5000   45.0000   15.0000 2432.3557   21.2738
   -7.5000  -45.0000   22.5000 2627.6091   17.7729
    0.0000  -45.0000   22.5000 2633.1553   18.0507
    7.5000  -45.0000   22.5000 2613.0005   18.0533
   -7.5000  -37.5000   22.5000 2715.3293   16.6474
    0.0000  -37.5000   22.5000 2720.7734   16.8780
    7.5000  -37.5000   22.5000 2698.9648   16.8739
   -7.5000  -30.0000   22.5000 2789.6274   15.8953
    0.0000  -30.0000   22.5000 2801.3494   16.0973
    7.5000  -30.0000   22.5000 2778.1470   16.0394
   -7.5000  -22.5000   22.5000 2850.9624   15.4265
    0.0000  -22.5000   22.5000 2867.7275   15.6416
    7.5000  -22.5000   22.5000 2831.6387   15.4689
   -7.5000  -15.0000   22.5000 2881.3264   15.0635
    0.0000  -15.0000   22.5000 2898.6350   15.2598
    7.5000  -15.0000   22.5000 2856.1467   15.1298
   -7.5000   -7.5000   22.5000 2876.5706   14.6563
    0.0000   -7.5000   22.5000 2890.4351   14.7862
    7.5000   -7.5000   22.5000 2847.8936   14.8410
   -7.5000    0.0000   22.5000 2882.1631   14.7525
    0.0000    0.0000   22.5000 2893.7290   14.7574
    7.5000    0.0000   22.5000 2865.6882   14.9454
   -7.5000    7.5000   22.5000 2870.9077   15.2093
    0.0000    7.5000   22.5000 2882.7522   15.2278
    7.5000    7.5000   22.5000 2861.7036   15.3745
   -7.5000   15.0000   22.5000 2820.9858   15.9653
    0.0000   15.0000   22.5000 2836.7297   15.9299
    7.5000   15.0000   22.5000 2821.6558   16.0898
   -7.5000   22.5000   22.5000 2753.1409   16.9942
    0.0000   22.5000   22.5000 2766.0725   16.9488
    7.5000   22.5000   22.5000 2756.5667   17.0814
   -7.5000   30.0000   22.5000 2658.3201   18.2126
    0.0000   30.0000   22.5000 2664.7466   18.1927
    7.5000   30.0000   22.5000 2658.1204   18.3412
   -7.5000   37.5000   22.5000 2559.7456   19.6498
    0.0000   37.5000   22.5000 2567.5085   19.6461
    7.5000   37.5000   22.5000 2554.5361   19.8589
   -7.5000   45.0000   22.5000 2417.7690   21.4875
    0.0000   45.0000   22.5000 2418.4050   21.4940
    7.5000   45.0000   22.5000 2412.6128   21.7086
   -7.5000  -45.0000   30.0000 2574.9080   18.5240
    0.0000  -45.0000   30.0000 2574.3076   18.6953
    7.5000  -45.0000   30.0000 2560.0103   18.7869
   -7.5000  -37.5000   30.0000 2658.7908   17.3218
    0.0000  -37.5000   30.0000 2658.0330   17.4550
    7.5000  -37.5000   30.0000 2647.6848   17.5245
   -7.5000  -30.0000   30.0000 2727.8513   16.4784
    0.0000  -30.0000   30.0000 2728.6655   16.6042
    7.5000  -30.0000   30.0000 2715.3484   16.6122
   -7.5000  -22.5000   30.0000 2785.0347   15.9286
    0.0000  -22.5000   30.0000 2786.9873   16.0441
    7.5000  -22.5000   30.0000 2769.9250   15.9846
   -7.5000  -15.0000   30.0000 2809.6116   15.5286
    0.0000  -15.0000   30.0000 2819.6484   15.6316
    7.5000  -15.0000   30.0000 2791.3105   15.6060
   -7.5000   -7.5000   30.0000 2815.9121   15.2566
    0.0000   -7.5000   30.0000 2823.9941   15.2848
    7.5000   -7.5000   30.0000 2797.4692   15.4404
   -7.5000    0.0000   30.0000 2824.3096   15.4366
    0.0000    0.0000   30.0000 2833.6394   15.4515
    7.5000    0.0000   30.0000 2808.1375   15.6226
   -7.5000    7.5000   30.0000 2818.5120   15.8780
    0.0000    7.5000   30.0000 2830.1101   15.9357
    7.5000    7.5000   30.0000 2803.9744   16.0234
   -7.5000   15.0000   30.0000 2781.5007   16.5900
    0.0000   15.0000   30.0000 2796.3545   16.5833
    7.5000   15.0000   30.0000 2774.0532   16.6915
   -7.5000   22.5000   30.0000 2722.5520   17.5609
    0.0000   22.5000   30.0000 2736.8875   17.5060
    7.5000   22.5000   30.0000 2726.0930   17.6402
   -7.5000   30.0000   30.0000 2636.0979   18.7850
    0.0000   30.0000   30.0000 2639.9663   18.7409
    7.5000   30.0000   30.0000 2634.9497   18.9129
   -7.5000   37.5000   30.0000 2528.1724   20.2997
    0.0000   37.5000   30.0000 2532.4644   20.2472
    7.5000   37.5000   30.0000 2527.2771   20.4332
   -7.5000   45.0000   30.0000 2372.9763   22.1531
    0.0000   45.0000   30.0000 2374.1589   22.1380
    7.5000   45.0000   30.0000 2375.6646   22.3173
   -7.5000  -45.0000   37.5000 2513.0769   19.5198
    0.0000  -45.0000   37.5000 2504.6370   19.5402
    7.5000  -45.0000   37.5000 2498.7585   19.6662
   -7.5000  -37.5000   37.5000 2595.9929   18.2361
    0.0000  -37.5000   37.5000 2584.7161   18.2092
    7.5000  -37.5000   37.5000 2585.3511   18.3334
   -7.5000  -30.0000   37.5000 2657.7324   17.2639
    0.0000  -30.0000   37.5000 2651.5061   17.2569
    7.5000  -30.0000   37.5000 2650.4194   17.3650
   -7.5000  -22.5000   37.5000 2706.5857   16.5795
    0.0000  -22.5000   37.5000 2703.5310   16.5759
    7.5000  -22.5000   37.5000 2700.9563   16.6625
   -7.5000  -15.0000   37.5000 2734.3757   16.1723
    0.0000  -15.0000   37.5000 2736.8301   16.1671
    7.5000  -15.0000   37.5000 2727.6941   16.3145
   -7.5000   -7.5000   37.5000 2747.8933   16.0311
    0.0000   -7.5000   37.5000 2751.5818   16.0176
    7.5000   -7.5000   37.5000 2741.1199   16.2419
   -7.5000    0.0000   37.5000 2756.8970   16.2790
    0.0000    0.0000   37.5000 2761.0396   16.2865
    7.5000    0.0000   37.5000 2746.0989   16.4707
   -7.5000    7.5000   37.5000 2749.6050   16.7152
    0.0000    7.5000   37.5000 2762.3845   16.7499
    7.5000    7.5000   37.5000 2739.4841   16.8606
   -7.5000   15.0000   37.5000 2722.4524   17.3707
    0.0000   15.0000   37.5000 2739.4014   17.3849
    7.5000   15.0000   37.5000 2715.5232   17.4820
   -7.5000   22.5000   37.5000 2677.5657   18.2800
    0.0000   22.5000   37.5000 2693.1514   18.2705
    7.5000   22.5000   37.5000 2677.5662   18.3641
   -7.5000   30.0000   37.5000 2594.8845   19.4859
    0.0000   30.0000   37.5000 2603.3711   19.4620
    7.5000   30.0000   37.5000 2594.2979   19.6177
   -7.5000   37.5000   37.5000 2478.1799   21.0243
    0.0000   37.5000   37.5000 2485.8496   20.9878
    7.5000   37.5000   37.5000 2477.1357   21.1789
   -7.5000   45.0000   37.5000 2334.2144   23.0491
    0.0000   45.0000   37.5000 2340.1963   23.0223
    7.5000   45.0000   37.5000 2339.2129   23.1737
   -7.5000  -45.0000   45.0000 2452.2590   20.6676
    0.0000  -45.0000   45.0000 2431.4912   20.5197
    7.5000  -45.0000   45.0000 2434.1091   20.7670
   -7.5000  -37.5000   45.0000 2533.8057   19.2919
    0.0000  -37.5000   45.0000 2510.3477   19.1258
    7.5000  -37.5000   45.0000 2517.6335   19.3696
   -7.5000  -30.0000   45.0000 2588.2695   18.2416
    0.0000  -30.0000   45.0000 2571.1982   18.1019
    7.5000  -30.0000   45.0000 2580.2688   18.3192
   -7.5000  -22.5000   45.0000 2631.7292   17.4992
    0.0000  -22.5000   45.0000 2622.7061   17.3819
    7.5000  -22.5000   45.0000 2628.0759   17.5862
   -7.5000  -15.0000   45.0000 2660.6428   17.0849
    0.0000  -15.0000   45.0000 2652.4910   17.0101
    7.5000  -15.0000   45.0000 2654.3779   17.2681
   -7.5000   -7.5000   45.0000 2675.2612   17.0005
    0.0000   -7.5000   45.0000 2669.9285   16.9490
    7.5000   -7.5000   45.0000 2672.1016   17.2285
   -7.5000    0.0000   45.0000 2684.9167   17.2625
    0.0000    0.0000   45.0000 2683.8289   17.2088
    7.5000    0.0000   45.0000 2680.9878   17.4346
   -7.5000    7.5000   45.0000 2674.7354   17.6972
    0.0000    7.5000   45.0000 2683.9885   17.6784
    7.5000    7.5000   45.0000 2676.2087   17.8690
   -7.5000   15.0000   45.0000 2655.7971   18.3251
    0.0000   15.0000   45.0000 2667.0842   18.3009
    7.5000   15.0000   45.0000 2655.8708   18.4678
   -7.5000   22.5000   45.0000 2616.9404   19.1999
    0.0000   22.5000   45.0000 2633.2397   19.1545
    7.5000   22.5000   45.0000 2619.7441   19.2988
   -7.5000   30.0000   45.0000 2533.6187   20.3826
    0.0000   30.0000   45.0000 2548.2908   20.3614
    7.5000   30.0000   45.0000 2534.9075   20.5093
   -7.5000   37.5000   45.0000 2420.4773   21.9874
    0.0000   37.5000   45.0000 2429.9084   21.9611
    7.5000   37.5000   45.0000 2419.0957   22.1222
   -7.5000   45.0000   45.0000 2293.2654   24.1467
    0.0000   45.0000   45.0000 2297.8882   24.1318
    7.5000   45.0000   45.0000 2292.6479   24.2572

---------------------------------------------------------------------
imgreg_4dfp /usr/local/freesurfer/average/711-2C_as_mni_average_305 /usr/local/freesurfer/average/711-2B_as_mni_average_305_mask talsrcimg_g11 none talsrcimg_to_711-2C_as_mni_average_305_t4 1283
---------------------------------------------------------------------

freesurfer imgreg_4dfp.c
/usr/local/freesurfer/average/711-2C_as_mni_average_305.4dfp.img
       256       256       256         1
  1.000000  1.000000  1.000000
orientation T byte_order littleendian
Reading image: /usr/local/freesurfer/average/711-2C_as_mni_average_305.4dfp.img
dimensions:      256       256       256
mmppix:       1.0000   -1.0000   -1.0000
center:     128.0000 -129.0000 -129.0000
/usr/local/freesurfer/average/711-2B_as_mni_average_305_mask.4dfp.img
       256       256       256         1
  1.000000  1.000000  1.000000
orientation T byte_order littleendian
Reading mask: /usr/local/freesurfer/average/711-2B_as_mni_average_305_mask.4dfp.img (2306576 pixels)
talsrcimg_g11.4dfp.img
       256       256       256         1
  1.000000  1.000000  1.000000
orientation T byte_order littleendian
Reading image: talsrcimg_g11.4dfp.img
dimensions:      256       256       256
mmppix:       1.0000   -1.0000   -1.0000
center:     128.0000 -129.0000 -129.0000
rotation matrix determinant  1.000000
fimgreg.f
image alignment mode   1283 decimal      503 hex
parameters
    0.0000  -15.0000    7.5000    0.0000    0.0000    0.0000
eta,q 0.94034 14.87557
niter,ni,del,rscale     5    3   12.0000    1.2000
parameter  1  0.592068 ->  0.500000 qaram    1.1500
parameter  3  0.650027 ->  0.500000 qaram    1.1500
parameter  4 -2.849582 ->  0.500000 qaram    1.1500
parameters
   -3.4500  -12.5300    4.0500   -3.4500   -2.6405   -1.3831
eta,q 0.94990 14.73610
  0.0629  0.0699  0.0581  0.0482  0.0525  0.0520
  0.0599  0.0640  0.0566  0.0507  0.0506  0.0510
  0.0602  0.0603  0.0567  0.0535  0.0502  0.0503
  0.0634  0.0594  0.0586  0.0566  0.0514  0.0501
  0.0697  0.0590  0.0610  0.0587  0.0542  0.0515
  0.0757  0.0589  0.0625  0.0601  0.0582  0.0530
  0.0828  0.0596  0.0650  0.0620  0.0623  0.0540
niter,ni,del,rscale     7    3   12.0000    1.2000
parameter  4 11.005226 ->  0.500000 qaram    1.3225
parameters
   -2.6493  -11.4851    5.4216   -7.4175   -3.2186    0.8596
eta,q 0.95671 14.77774
  0.0755  0.0584  0.0613  0.0415  0.0495  0.0495
  0.0640  0.0554  0.0545  0.0436  0.0464  0.0474
  0.0541  0.0521  0.0515  0.0466  0.0446  0.0459
  0.0501  0.0500  0.0497  0.0497  0.0444  0.0443
  0.0513  0.0498  0.0501  0.0533  0.0454  0.0433
  0.0572  0.0510  0.0517  0.0566  0.0482  0.0439
  0.0662  0.0550  0.0540  0.0590  0.0518  0.0453
niter,ni,del,rscale     7    3   12.0000    1.2000
parameter  4  1.168092 ->  0.500000 qaram    1.5209
parameters
   -1.8117   -9.9250    5.0879  -11.9801   -3.9608    2.4775
eta,q 0.96189 14.76552
  0.0704  0.0578  0.0511  0.0377  0.0434  0.0425
  0.0571  0.0515  0.0465  0.0384  0.0405  0.0413
  0.0480  0.0459  0.0445  0.0406  0.0389  0.0399
  0.0433  0.0430  0.0433  0.0434  0.0388  0.0387
  0.0442  0.0435  0.0439  0.0462  0.0397  0.0381
  0.0501  0.0445  0.0473  0.0510  0.0422  0.0387
  0.0599  0.0479  0.0535  0.0566  0.0471  0.0403
niter,ni,del,rscale     7    3   12.0000    1.2000
parameter  4  0.708624 ->  0.500000 qaram    1.7490
parameters
   -1.7112   -8.4886    2.9927  -17.2272   -5.5524    1.3119
eta,q 0.96806 14.89803
  0.0599  0.0523  0.0417  0.0352  0.0370  0.0349
  0.0469  0.0471  0.0377  0.0329  0.0337  0.0326
  0.0403  0.0419  0.0362  0.0332  0.0323  0.0319
  0.0381  0.0381  0.0375  0.0362  0.0325  0.0321
  0.0408  0.0376  0.0408  0.0414  0.0356  0.0330
  0.0481  0.0396  0.0465  0.0457  0.0401  0.0353
  0.0570  0.0442  0.0551  0.0491  0.0454  0.0384
niter,ni,del,rscale     7    3   12.0000    1.2000
parameters
   -1.5283   -7.4241    2.2353  -18.2663   -5.5882    1.1837
eta,q 0.96902 14.87654
  0.0583  0.0500  0.0422  0.0413  0.0401  0.0354
  0.0453  0.0427  0.0354  0.0358  0.0353  0.0324
  0.0360  0.0362  0.0317  0.0324  0.0327  0.0310
  0.0319  0.0319  0.0314  0.0310  0.0310  0.0310
  0.0347  0.0319  0.0348  0.0334  0.0317  0.0318
  0.0439  0.0353  0.0397  0.0392  0.0356  0.0331
  0.0556  0.0415  0.0472  0.0465  0.0406  0.0353
niter,ni,del,rscale     6    3   12.0000    1.2000
parameters
   -1.5906   -7.1524    1.8995  -18.5938   -5.4949    0.9830
eta,q 0.96924 14.86818
  0.0567  0.0465  0.0438  0.0431  0.0402  0.0351
  0.0431  0.0389  0.0364  0.0364  0.0354  0.0321
  0.0341  0.0334  0.0323  0.0327  0.0327  0.0308
  0.0310  0.0310  0.0309  0.0309  0.0309  0.0308
  0.0346  0.0320  0.0341  0.0321  0.0312  0.0316
  0.0445  0.0366  0.0391  0.0378  0.0350  0.0331
  0.0570  0.0444  0.0454  0.0449  0.0401  0.0351
niter,ni,del,rscale     5    3   12.0000    1.2000
parameters
   -1.6393   -7.0885    1.7797  -18.7253   -5.4201    0.8981
eta,q 0.96933 14.86888
  0.0567  0.0455  0.0448  0.0438  0.0400  0.0353
  0.0430  0.0380  0.0370  0.0366  0.0354  0.0322
  0.0338  0.0329  0.0326  0.0326  0.0326  0.0307
  0.0308  0.0308  0.0307  0.0307  0.0307  0.0307
  0.0344  0.0320  0.0336  0.0319  0.0312  0.0315
  0.0442  0.0372  0.0387  0.0374  0.0350  0.0329
  0.0568  0.0454  0.0448  0.0445  0.0401  0.0349
niter,ni,del,rscale     4    3   12.0000    1.2000
parameters
   -1.6673   -7.0675    1.7385  -18.7804   -5.3818    0.8595
eta,q 0.96937 14.86969
  0.0569  0.0453  0.0452  0.0440  0.0399  0.0354
  0.0430  0.0378  0.0372  0.0366  0.0353  0.0322
  0.0337  0.0328  0.0327  0.0326  0.0325  0.0307
  0.0307  0.0307  0.0307  0.0307  0.0307  0.0306
  0.0343  0.0319  0.0334  0.0319  0.0312  0.0315
  0.0441  0.0373  0.0385  0.0372  0.0350  0.0329
  0.0566  0.0457  0.0446  0.0443  0.0402  0.0349
registration optimization eta report
parameter search radius
    6.9000    6.0000    6.9000   10.4940    6.0000    6.0000
100000*second partial in parameter space
       54.       41.       29.       12.       26.       13.
  0.0569  0.0453  0.0452  0.0440  0.0399  0.0354
  0.0430  0.0378  0.0372  0.0366  0.0353  0.0322
  0.0337  0.0328  0.0327  0.0326  0.0325  0.0307
  0.0307  0.0307  0.0307  0.0307  0.0307  0.0306
  0.0343  0.0319  0.0334  0.0319  0.0312  0.0315
  0.0441  0.0373  0.0385  0.0372  0.0350  0.0329
  0.0566  0.0457  0.0446  0.0443  0.0402  0.0349
   -1.6673   -7.0675    1.7385  -18.7804   -5.3818    0.8595
eta,q 0.96937 14.86969

---------------------------------------------------------------------
imgreg_4dfp /usr/local/freesurfer/average/711-2C_as_mni_average_305 /usr/local/freesurfer/average/711-2B_as_mni_average_305_mask talsrcimg_g11 none talsrcimg_to_711-2C_as_mni_average_305_t4 3335
---------------------------------------------------------------------

freesurfer imgreg_4dfp.c
/usr/local/freesurfer/average/711-2C_as_mni_average_305.4dfp.img
       256       256       256         1
  1.000000  1.000000  1.000000
orientation T byte_order littleendian
Reading image: /usr/local/freesurfer/average/711-2C_as_mni_average_305.4dfp.img
dimensions:      256       256       256
mmppix:       1.0000   -1.0000   -1.0000
center:     128.0000 -129.0000 -129.0000
/usr/local/freesurfer/average/711-2B_as_mni_average_305_mask.4dfp.img
       256       256       256         1
  1.000000  1.000000  1.000000
orientation T byte_order littleendian
Reading mask: /usr/local/freesurfer/average/711-2B_as_mni_average_305_mask.4dfp.img (2306576 pixels)
talsrcimg_g11.4dfp.img
       256       256       256         1
  1.000000  1.000000  1.000000
orientation T byte_order littleendian
Reading image: talsrcimg_g11.4dfp.img
dimensions:      256       256       256
mmppix:       1.0000   -1.0000   -1.0000
center:     128.0000 -129.0000 -129.0000
fimgreg.f
image alignment mode   3335 decimal      D07 hex
parameters
   -1.6673   -7.0675    1.7385   -0.4520   -5.3800   -5.7414
   -4.4394    8.3959    1.4934   32.3238   -9.3792  -32.0523
eta,q 0.96913 14.89814
niter,ni,del,rscale     5    3    5.0000    1.2000
parameter  5  0.938747 ->  0.500000 qaram    1.1500
parameters
   -1.6575   -6.5167    1.3696   -2.9789   -9.5200   -6.6565
   -4.0830    8.5273    2.5050   29.6669   -8.7718  -31.7352
eta,q 0.97343 14.59959
  0.0347  0.0352  0.0321  0.0320  0.0254  0.0295  0.0301  0.0322  0.0294  0.0279  0.0277  0.0281
  0.0326  0.0333  0.0311  0.0311  0.0264  0.0283  0.0284  0.0290  0.0281  0.0269  0.0269  0.0272
  0.0313  0.0318  0.0307  0.0305  0.0280  0.0273  0.0273  0.0274  0.0273  0.0265  0.0266  0.0267
  0.0309  0.0309  0.0307  0.0306  0.0305  0.0268  0.0269  0.0269  0.0270  0.0269  0.0265  0.0266
  0.0313  0.0307  0.0311  0.0321  0.0348  0.0268  0.0272  0.0275  0.0270  0.0282  0.0267  0.0267
  0.0325  0.0313  0.0320  0.0357  0.0409  0.0287  0.0281  0.0289  0.0274  0.0305  0.0269  0.0271
  0.0347  0.0326  0.0333  0.0405  0.0476  0.0332  0.0295  0.0316  0.0283  0.0336  0.0272  0.0277
niter,ni,del,rscale     5    3    5.0000    1.2000
parameter  2 -0.552789 -> -0.500000 qaram    1.1500
parameter  5  0.614363 ->  0.500000 qaram    1.3225
parameters
   -1.6788   -5.1367    0.9487   -2.2251  -14.2810   -6.2221
   -4.5819    8.2488    2.9460   30.4480   -8.1768  -34.3822
eta,q 0.97673 14.49642
  0.0292  0.0312  0.0267  0.0291  0.0236  0.0263  0.0261  0.0282  0.0259  0.0269  0.0246  0.0238
  0.0277  0.0293  0.0261  0.0277  0.0236  0.0252  0.0246  0.0252  0.0247  0.0254  0.0238  0.0234
  0.0268  0.0277  0.0258  0.0266  0.0242  0.0243  0.0238  0.0238  0.0239  0.0243  0.0235  0.0233
  0.0266  0.0266  0.0258  0.0258  0.0256  0.0237  0.0236  0.0236  0.0236  0.0236  0.0234  0.0234
  0.0269  0.0259  0.0261  0.0253  0.0286  0.0234  0.0241  0.0243  0.0237  0.0234  0.0235  0.0239
  0.0278  0.0258  0.0267  0.0260  0.0342  0.0237  0.0252  0.0259  0.0243  0.0241  0.0238  0.0245
  0.0293  0.0264  0.0276  0.0286  0.0414  0.0265  0.0268  0.0288  0.0254  0.0260  0.0241  0.0253
niter,ni,del,rscale     6    3    5.0000    1.2000
parameters
   -1.7029   -4.7605    1.1227   -1.3307  -17.4670   -6.1979
   -4.9718    8.1232    3.2481   31.1476   -7.8125  -35.2211
eta,q 0.97755 14.43264
  0.0264  0.0274  0.0248  0.0269  0.0243  0.0254  0.0252  0.0278  0.0250  0.0255  0.0238  0.0235
  0.0246  0.0254  0.0240  0.0255  0.0231  0.0242  0.0237  0.0246  0.0237  0.0240  0.0230  0.0228
  0.0236  0.0240  0.0234  0.0242  0.0225  0.0232  0.0227  0.0229  0.0229  0.0230  0.0226  0.0225
  0.0233  0.0233  0.0232  0.0232  0.0229  0.0225  0.0225  0.0225  0.0225  0.0225  0.0225  0.0225
  0.0237  0.0233  0.0233  0.0227  0.0242  0.0223  0.0230  0.0232  0.0227  0.0226  0.0226  0.0227
  0.0247  0.0241  0.0237  0.0235  0.0277  0.0231  0.0242  0.0249  0.0234  0.0232  0.0230  0.0233
  0.0265  0.0257  0.0244  0.0261  0.0345  0.0264  0.0258  0.0280  0.0247  0.0247  0.0234  0.0240
niter,ni,del,rscale     5    3    5.0000    1.2000
parameters
   -1.6424   -4.5135    1.2442   -0.8858  -18.3442   -6.1827
   -5.1768    8.0983    3.3276   31.2563   -7.6181  -35.4199
eta,q 0.97771 14.41601
  0.0260  0.0265  0.0241  0.0261  0.0257  0.0254  0.0252  0.0279  0.0247  0.0249  0.0237  0.0236
  0.0241  0.0245  0.0232  0.0247  0.0240  0.0241  0.0236  0.0246  0.0234  0.0235  0.0228  0.0228
  0.0229  0.0231  0.0226  0.0234  0.0227  0.0230  0.0226  0.0228  0.0226  0.0226  0.0224  0.0224
  0.0225  0.0225  0.0224  0.0224  0.0223  0.0223  0.0223  0.0223  0.0223  0.0223  0.0223  0.0223
  0.0228  0.0226  0.0225  0.0221  0.0227  0.0221  0.0228  0.0229  0.0225  0.0225  0.0225  0.0225
  0.0238  0.0236  0.0230  0.0232  0.0243  0.0229  0.0239  0.0247  0.0233  0.0233  0.0229  0.0230
  0.0257  0.0253  0.0238  0.0261  0.0283  0.0264  0.0255  0.0279  0.0246  0.0249  0.0234  0.0237
niter,ni,del,rscale     4    3    5.0000    1.2000
parameters
   -1.6090   -4.4529    1.2842   -0.7553  -18.4249   -6.1843
   -5.2201    8.0798    3.3216   31.2777   -7.5309  -35.4092
eta,q 0.97775 14.41705
  0.0259  0.0259  0.0239  0.0259  0.0262  0.0254  0.0253  0.0279  0.0246  0.0248  0.0236  0.0237
  0.0239  0.0240  0.0230  0.0245  0.0243  0.0241  0.0237  0.0246  0.0234  0.0234  0.0228  0.0228
  0.0227  0.0228  0.0225  0.0233  0.0229  0.0229  0.0226  0.0228  0.0225  0.0225  0.0224  0.0224
  0.0223  0.0223  0.0223  0.0223  0.0222  0.0223  0.0223  0.0223  0.0223  0.0223  0.0223  0.0223
  0.0226  0.0227  0.0224  0.0221  0.0225  0.0221  0.0227  0.0229  0.0225  0.0225  0.0224  0.0224
  0.0238  0.0238  0.0229  0.0236  0.0237  0.0229  0.0237  0.0247  0.0234  0.0233  0.0229  0.0229
  0.0257  0.0256  0.0238  0.0265  0.0270  0.0264  0.0254  0.0279  0.0247  0.0249  0.0235  0.0236
niter,ni,del,rscale     3    3    5.0000    1.2000
parameters
   -1.6008   -4.4493    1.2921   -0.7270  -18.4229   -6.1730
   -5.2153    8.0690    3.3216   31.2689   -7.5035  -35.3910
eta,q 0.97775 14.41795
  0.0258  0.0258  0.0238  0.0259  0.0263  0.0254  0.0254  0.0279  0.0246  0.0248  0.0236  0.0237
  0.0239  0.0239  0.0230  0.0245  0.0244  0.0241  0.0237  0.0246  0.0234  0.0234  0.0228  0.0228
  0.0227  0.0227  0.0224  0.0232  0.0229  0.0229  0.0226  0.0228  0.0225  0.0225  0.0223  0.0224
  0.0223  0.0223  0.0223  0.0223  0.0222  0.0222  0.0222  0.0222  0.0222  0.0222  0.0222  0.0222
  0.0226  0.0227  0.0224  0.0221  0.0225  0.0221  0.0227  0.0229  0.0225  0.0225  0.0224  0.0224
  0.0238  0.0239  0.0229  0.0237  0.0237  0.0229  0.0237  0.0247  0.0233  0.0233  0.0229  0.0229
  0.0258  0.0258  0.0238  0.0267  0.0269  0.0264  0.0253  0.0279  0.0247  0.0249  0.0235  0.0236
registration optimization eta report
parameter search radius
    2.4000    2.7600    2.4000    7.2000    9.5220    7.2000
    7.2000    7.2000    7.2000    7.2000    7.2000    7.2000
100000*second partial in parameter space
       62.       46.       27.        8.        5.        7.
        6.       11.        5.        5.        2.        3.
  0.0258  0.0258  0.0238  0.0259  0.0263  0.0254  0.0254  0.0279  0.0246  0.0248  0.0236  0.0237
  0.0239  0.0239  0.0230  0.0245  0.0244  0.0241  0.0237  0.0246  0.0234  0.0234  0.0228  0.0228
  0.0227  0.0227  0.0224  0.0232  0.0229  0.0229  0.0226  0.0228  0.0225  0.0225  0.0223  0.0224
  0.0223  0.0223  0.0223  0.0223  0.0222  0.0222  0.0222  0.0222  0.0222  0.0222  0.0222  0.0222
  0.0226  0.0227  0.0224  0.0221  0.0225  0.0221  0.0227  0.0229  0.0225  0.0225  0.0224  0.0224
  0.0238  0.0239  0.0229  0.0237  0.0237  0.0229  0.0237  0.0247  0.0233  0.0233  0.0229  0.0229
  0.0258  0.0258  0.0238  0.0267  0.0269  0.0264  0.0253  0.0279  0.0247  0.0249  0.0235  0.0236
   -1.6008   -4.4493    1.2921   -0.7270  -18.4229   -6.1730
   -5.2153    8.0690    3.3216   31.2689   -7.5035  -35.3910
eta,q 0.97775 14.41795

---------------------------------------------------------------------
imgreg_4dfp /usr/local/freesurfer/average/711-2C_as_mni_average_305 /usr/local/freesurfer/average/711-2B_as_mni_average_305_mask talsrcimg_g11 none talsrcimg_to_711-2C_as_mni_average_305_t4 2311
---------------------------------------------------------------------

freesurfer imgreg_4dfp.c
/usr/local/freesurfer/average/711-2C_as_mni_average_305.4dfp.img
       256       256       256         1
  1.000000  1.000000  1.000000
orientation T byte_order littleendian
Reading image: /usr/local/freesurfer/average/711-2C_as_mni_average_305.4dfp.img
dimensions:      256       256       256
mmppix:       1.0000   -1.0000   -1.0000
center:     128.0000 -129.0000 -129.0000
/usr/local/freesurfer/average/711-2B_as_mni_average_305_mask.4dfp.img
       256       256       256         1
  1.000000  1.000000  1.000000
orientation T byte_order littleendian
Reading mask: /usr/local/freesurfer/average/711-2B_as_mni_average_305_mask.4dfp.img (2306576 pixels)
talsrcimg_g11.4dfp.img
       256       256       256         1
  1.000000  1.000000  1.000000
orientation T byte_order littleendian
Reading image: talsrcimg_g11.4dfp.img
dimensions:      256       256       256
mmppix:       1.0000   -1.0000   -1.0000
center:     128.0000 -129.0000 -129.0000
fimgreg.f
image alignment mode   2311 decimal      907 hex
parameters
   -1.6008   -4.4493    1.2921   -0.7270  -18.4229   -6.1730
   -5.2153    8.0690    3.3216   31.2689   -7.5035  -35.3910
eta,q 0.97775 14.41794
niter,ni,del,rscale     5    3    5.0000    0.8000
parameters
   -1.5881   -4.4452    1.3162    0.0429  -17.8230   -5.3850
   -5.3715    8.1485    3.3733   31.7071   -7.2259  -34.9677
eta,q 0.97805 14.50186
  0.0238  0.0235  0.0230  0.0245  0.0234  0.0238  0.0235  0.0250  0.0231  0.0234  0.0228  0.0228
  0.0230  0.0228  0.0226  0.0236  0.0227  0.0230  0.0226  0.0233  0.0225  0.0226  0.0223  0.0223
  0.0224  0.0224  0.0223  0.0228  0.0223  0.0224  0.0221  0.0223  0.0221  0.0222  0.0221  0.0221
  0.0222  0.0222  0.0222  0.0222  0.0221  0.0221  0.0220  0.0220  0.0220  0.0220  0.0220  0.0220
  0.0224  0.0224  0.0223  0.0220  0.0221  0.0219  0.0222  0.0223  0.0221  0.0220  0.0220  0.0220
  0.0229  0.0228  0.0225  0.0224  0.0224  0.0222  0.0228  0.0232  0.0225  0.0223  0.0223  0.0222
  0.0238  0.0235  0.0229  0.0237  0.0229  0.0231  0.0236  0.0248  0.0231  0.0230  0.0226  0.0225
niter,ni,del,rscale     4    3    5.0000    0.7000
parameters
   -1.6009   -4.6367    1.3513    0.1017  -17.6120   -5.0144
   -5.2539    8.1411    3.4329   31.7134   -7.1112  -34.7433
eta,q 0.97812 14.52307
  0.0233  0.0227  0.0225  0.0237  0.0228  0.0232  0.0232  0.0243  0.0228  0.0228  0.0225  0.0225
  0.0225  0.0222  0.0222  0.0229  0.0224  0.0226  0.0225  0.0229  0.0223  0.0223  0.0222  0.0221
  0.0221  0.0220  0.0220  0.0223  0.0221  0.0222  0.0220  0.0221  0.0220  0.0220  0.0220  0.0219
  0.0220  0.0220  0.0219  0.0219  0.0219  0.0219  0.0219  0.0219  0.0219  0.0219  0.0219  0.0219
  0.0221  0.0221  0.0220  0.0219  0.0220  0.0218  0.0220  0.0221  0.0220  0.0220  0.0219  0.0219
  0.0226  0.0226  0.0222  0.0226  0.0222  0.0221  0.0224  0.0229  0.0223  0.0223  0.0221  0.0221
  0.0233  0.0232  0.0225  0.0239  0.0227  0.0230  0.0231  0.0243  0.0228  0.0229  0.0224  0.0224
niter,ni,del,rscale     3    3    5.0000    0.6000
parameters
   -1.6191   -4.7097    1.3644    0.2038  -17.5834   -4.7878
   -5.2315    8.1326    3.4806   31.7830   -7.0481  -34.6583
eta,q 0.97815 14.53479
  0.0229  0.0225  0.0223  0.0233  0.0225  0.0228  0.0228  0.0236  0.0225  0.0226  0.0223  0.0223
  0.0223  0.0222  0.0221  0.0227  0.0222  0.0223  0.0223  0.0226  0.0222  0.0222  0.0221  0.0220
  0.0220  0.0219  0.0219  0.0222  0.0219  0.0220  0.0219  0.0220  0.0219  0.0219  0.0219  0.0219
  0.0219  0.0219  0.0219  0.0219  0.0219  0.0219  0.0218  0.0218  0.0218  0.0218  0.0218  0.0218
  0.0220  0.0220  0.0219  0.0219  0.0219  0.0218  0.0220  0.0220  0.0219  0.0219  0.0219  0.0219
  0.0224  0.0223  0.0221  0.0223  0.0221  0.0220  0.0223  0.0226  0.0221  0.0221  0.0221  0.0220
  0.0229  0.0227  0.0223  0.0233  0.0225  0.0227  0.0228  0.0237  0.0225  0.0226  0.0223  0.0222
niter,ni,del,rscale     2    3    5.0000    0.5000
parameters
   -1.6292   -4.7549    1.3618    0.3099  -17.5777   -4.5983
   -5.2453    8.1440    3.5127   31.8936   -6.9905  -34.5912
eta,q 0.97819 14.54504
  0.0226  0.0223  0.0222  0.0229  0.0223  0.0225  0.0225  0.0231  0.0223  0.0224  0.0222  0.0221
  0.0222  0.0220  0.0220  0.0224  0.0220  0.0222  0.0221  0.0224  0.0220  0.0221  0.0220  0.0219
  0.0219  0.0219  0.0219  0.0221  0.0219  0.0220  0.0219  0.0220  0.0219  0.0219  0.0219  0.0218
  0.0218  0.0218  0.0218  0.0218  0.0218  0.0218  0.0218  0.0218  0.0218  0.0218  0.0218  0.0218
  0.0219  0.0219  0.0219  0.0219  0.0219  0.0218  0.0219  0.0219  0.0219  0.0218  0.0219  0.0218
  0.0222  0.0221  0.0220  0.0222  0.0220  0.0219  0.0221  0.0224  0.0220  0.0220  0.0220  0.0219
  0.0226  0.0224  0.0222  0.0229  0.0223  0.0224  0.0225  0.0231  0.0223  0.0223  0.0222  0.0221
niter,ni,del,rscale     1    3    5.0000    0.4000
parameters
   -1.6341   -4.7892    1.3521    0.4061  -17.5824   -4.4092
   -5.2516    8.1642    3.5402   32.0006   -6.9316  -34.5640
eta,q 0.97821 14.55370
  0.0223  0.0221  0.0220  0.0225  0.0221  0.0222  0.0222  0.0227  0.0221  0.0222  0.0220  0.0220
  0.0220  0.0219  0.0219  0.0222  0.0219  0.0220  0.0220  0.0222  0.0219  0.0220  0.0219  0.0219
  0.0219  0.0218  0.0218  0.0220  0.0218  0.0219  0.0218  0.0219  0.0218  0.0218  0.0218  0.0218
  0.0218  0.0218  0.0218  0.0218  0.0218  0.0218  0.0218  0.0218  0.0218  0.0218  0.0218  0.0218
  0.0219  0.0219  0.0218  0.0218  0.0218  0.0218  0.0218  0.0219  0.0218  0.0218  0.0218  0.0218
  0.0220  0.0220  0.0219  0.0221  0.0219  0.0219  0.0220  0.0222  0.0219  0.0219  0.0219  0.0219
  0.0223  0.0222  0.0220  0.0225  0.0221  0.0222  0.0222  0.0227  0.0221  0.0221  0.0220  0.0220
registration optimization eta report
parameter search radius
    0.8000    0.8000    0.8000    2.4000    2.4000    2.4000
    2.4000    2.4000    2.4000    2.4000    2.4000    2.4000
100000*second partial in parameter space
       77.       52.       32.       12.        5.        7.
        8.       15.        5.        6.        4.        3.
  0.0223  0.0221  0.0220  0.0225  0.0221  0.0222  0.0222  0.0227  0.0221  0.0222  0.0220  0.0220
  0.0220  0.0219  0.0219  0.0222  0.0219  0.0220  0.0220  0.0222  0.0219  0.0220  0.0219  0.0219
  0.0219  0.0218  0.0218  0.0220  0.0218  0.0219  0.0218  0.0219  0.0218  0.0218  0.0218  0.0218
  0.0218  0.0218  0.0218  0.0218  0.0218  0.0218  0.0218  0.0218  0.0218  0.0218  0.0218  0.0218
  0.0219  0.0219  0.0218  0.0218  0.0218  0.0218  0.0218  0.0219  0.0218  0.0218  0.0218  0.0218
  0.0220  0.0220  0.0219  0.0221  0.0219  0.0219  0.0220  0.0222  0.0219  0.0219  0.0219  0.0219
  0.0223  0.0222  0.0220  0.0225  0.0221  0.0222  0.0222  0.0227  0.0221  0.0221  0.0220  0.0220
   -1.6341   -4.7892    1.3521    0.4061  -17.5824   -4.4092
   -5.2516    8.1642    3.5402   32.0006   -6.9316  -34.5640
eta,q 0.97821 14.55370

---------------------------------------------------------------------
imgreg_4dfp /usr/local/freesurfer/average/711-2C_as_mni_average_305 /usr/local/freesurfer/average/711-2B_as_mni_average_305_mask talsrcimg_g11 none talsrcimg_to_711-2C_as_mni_average_305_t4 2311
---------------------------------------------------------------------

freesurfer imgreg_4dfp.c
/usr/local/freesurfer/average/711-2C_as_mni_average_305.4dfp.img
       256       256       256         1
  1.000000  1.000000  1.000000
orientation T byte_order littleendian
Reading image: /usr/local/freesurfer/average/711-2C_as_mni_average_305.4dfp.img
dimensions:      256       256       256
mmppix:       1.0000   -1.0000   -1.0000
center:     128.0000 -129.0000 -129.0000
/usr/local/freesurfer/average/711-2B_as_mni_average_305_mask.4dfp.img
       256       256       256         1
  1.000000  1.000000  1.000000
orientation T byte_order littleendian
Reading mask: /usr/local/freesurfer/average/711-2B_as_mni_average_305_mask.4dfp.img (2306576 pixels)
talsrcimg_g11.4dfp.img
       256       256       256         1
  1.000000  1.000000  1.000000
orientation T byte_order littleendian
Reading image: talsrcimg_g11.4dfp.img
dimensions:      256       256       256
mmppix:       1.0000   -1.0000   -1.0000
center:     128.0000 -129.0000 -129.0000
fimgreg.f
image alignment mode   2311 decimal      907 hex
parameters
   -1.6341   -4.7892    1.3521    0.4061  -17.5824   -4.4092
   -5.2516    8.1642    3.5402   32.0006   -6.9316  -34.5640
eta,q 0.97821 14.55370
niter,ni,del,rscale     5    3    5.0000    0.8000
parameters
   -1.6404   -4.8262    1.3806   -0.1326  -17.5146   -5.0151
   -5.1056    8.0466    3.4646   31.5116   -7.1038  -34.6749
eta,q 0.97806 14.51703
  0.0237  0.0230  0.0227  0.0238  0.0230  0.0232  0.0236  0.0248  0.0230  0.0230  0.0226  0.0226
  0.0227  0.0223  0.0222  0.0229  0.0224  0.0226  0.0227  0.0231  0.0224  0.0224  0.0222  0.0222
  0.0220  0.0219  0.0219  0.0221  0.0220  0.0221  0.0221  0.0222  0.0221  0.0220  0.0220  0.0220
  0.0218  0.0218  0.0218  0.0218  0.0219  0.0219  0.0219  0.0219  0.0219  0.0219  0.0219  0.0219
  0.0220  0.0220  0.0219  0.0221  0.0220  0.0219  0.0221  0.0223  0.0221  0.0221  0.0221  0.0220
  0.0227  0.0224  0.0222  0.0233  0.0223  0.0227  0.0226  0.0233  0.0225  0.0226  0.0223  0.0223
  0.0238  0.0232  0.0226  0.0254  0.0230  0.0251  0.0234  0.0252  0.0231  0.0237  0.0227  0.0226
niter,ni,del,rscale     4    3    5.0000    0.7000
parameters
   -1.6402   -4.7016    1.3772    0.0209  -17.5745   -4.9644
   -5.2131    8.0798    3.4597   31.6463   -7.1354  -34.7271
eta,q 0.97811 14.52299
  0.0233  0.0231  0.0225  0.0237  0.0227  0.0231  0.0231  0.0243  0.0228  0.0229  0.0225  0.0224
  0.0225  0.0225  0.0222  0.0230  0.0223  0.0225  0.0224  0.0229  0.0223  0.0224  0.0221  0.0221
  0.0221  0.0221  0.0220  0.0223  0.0220  0.0221  0.0220  0.0222  0.0220  0.0220  0.0219  0.0219
  0.0219  0.0219  0.0219  0.0219  0.0219  0.0219  0.0219  0.0219  0.0219  0.0219  0.0219  0.0219
  0.0221  0.0220  0.0220  0.0219  0.0220  0.0219  0.0221  0.0221  0.0220  0.0219  0.0220  0.0220
  0.0225  0.0223  0.0222  0.0225  0.0223  0.0222  0.0225  0.0229  0.0223  0.0222  0.0222  0.0221
  0.0233  0.0227  0.0225  0.0238  0.0228  0.0233  0.0232  0.0242  0.0228  0.0228  0.0225  0.0224
niter,ni,del,rscale     3    3    5.0000    0.6000
parameters
   -1.6323   -4.7127    1.3710    0.1794  -17.5917   -4.8037
   -5.2501    8.1185    3.4800   31.7771   -7.0786  -34.6785
eta,q 0.97815 14.53384
  0.0229  0.0226  0.0223  0.0233  0.0225  0.0228  0.0228  0.0237  0.0225  0.0226  0.0223  0.0222
  0.0223  0.0222  0.0221  0.0227  0.0222  0.0223  0.0223  0.0227  0.0222  0.0222  0.0221  0.0220
  0.0220  0.0220  0.0219  0.0222  0.0219  0.0220  0.0219  0.0221  0.0219  0.0220  0.0219  0.0219
  0.0219  0.0219  0.0219  0.0219  0.0219  0.0219  0.0219  0.0219  0.0219  0.0219  0.0218  0.0218
  0.0220  0.0220  0.0219  0.0219  0.0219  0.0218  0.0220  0.0220  0.0219  0.0219  0.0219  0.0219
  0.0223  0.0222  0.0221  0.0223  0.0222  0.0220  0.0223  0.0226  0.0222  0.0221  0.0221  0.0220
  0.0229  0.0226  0.0223  0.0233  0.0225  0.0228  0.0228  0.0236  0.0225  0.0225  0.0223  0.0222
niter,ni,del,rscale     2    3    5.0000    0.5000
parameters
   -1.6312   -4.7472    1.3655    0.3090  -17.5835   -4.6153
   -5.2517    8.1443    3.5051   31.8814   -7.0179  -34.5988
eta,q 0.97818 14.54409
  0.0226  0.0223  0.0222  0.0229  0.0223  0.0225  0.0225  0.0231  0.0223  0.0224  0.0222  0.0221
  0.0222  0.0221  0.0220  0.0224  0.0220  0.0222  0.0221  0.0224  0.0220  0.0221  0.0220  0.0219
  0.0219  0.0219  0.0219  0.0221  0.0219  0.0220  0.0219  0.0220  0.0219  0.0219  0.0219  0.0219
  0.0218  0.0218  0.0219  0.0218  0.0218  0.0218  0.0218  0.0218  0.0218  0.0218  0.0218  0.0218
  0.0219  0.0219  0.0219  0.0219  0.0219  0.0218  0.0219  0.0219  0.0219  0.0218  0.0219  0.0218
  0.0222  0.0221  0.0220  0.0222  0.0220  0.0219  0.0221  0.0224  0.0220  0.0220  0.0220  0.0219
  0.0226  0.0224  0.0222  0.0229  0.0223  0.0224  0.0225  0.0231  0.0223  0.0223  0.0222  0.0221
niter,ni,del,rscale     1    3    5.0000    0.4000
parameters
   -1.6343   -4.7873    1.3521    0.4088  -17.5918   -4.4188
   -5.2509    8.1717    3.5242   32.0018   -6.9447  -34.5699
eta,q 0.97821 14.55341
  0.0223  0.0221  0.0220  0.0225  0.0221  0.0222  0.0222  0.0227  0.0221  0.0222  0.0221  0.0220
  0.0220  0.0219  0.0219  0.0222  0.0219  0.0220  0.0220  0.0222  0.0219  0.0220  0.0219  0.0219
  0.0219  0.0218  0.0218  0.0220  0.0218  0.0219  0.0218  0.0219  0.0218  0.0218  0.0218  0.0218
  0.0218  0.0218  0.0218  0.0218  0.0218  0.0218  0.0218  0.0218  0.0218  0.0218  0.0218  0.0218
  0.0219  0.0219  0.0218  0.0218  0.0218  0.0218  0.0218  0.0219  0.0218  0.0218  0.0218  0.0218
  0.0220  0.0220  0.0219  0.0221  0.0219  0.0219  0.0220  0.0222  0.0219  0.0219  0.0219  0.0219
  0.0223  0.0222  0.0220  0.0225  0.0221  0.0222  0.0222  0.0227  0.0221  0.0221  0.0220  0.0220
registration optimization eta report
parameter search radius
    0.8000    0.8000    0.8000    2.4000    2.4000    2.4000
    2.4000    2.4000    2.4000    2.4000    2.4000    2.4000
100000*second partial in parameter space
       75.       52.       31.       12.        5.        7.
        8.       15.        5.        6.        4.        3.
  0.0223  0.0221  0.0220  0.0225  0.0221  0.0222  0.0222  0.0227  0.0221  0.0222  0.0221  0.0220
  0.0220  0.0219  0.0219  0.0222  0.0219  0.0220  0.0220  0.0222  0.0219  0.0220  0.0219  0.0219
  0.0219  0.0218  0.0218  0.0220  0.0218  0.0219  0.0218  0.0219  0.0218  0.0218  0.0218  0.0218
  0.0218  0.0218  0.0218  0.0218  0.0218  0.0218  0.0218  0.0218  0.0218  0.0218  0.0218  0.0218
  0.0219  0.0219  0.0218  0.0218  0.0218  0.0218  0.0218  0.0219  0.0218  0.0218  0.0218  0.0218
  0.0220  0.0220  0.0219  0.0221  0.0219  0.0219  0.0220  0.0222  0.0219  0.0219  0.0219  0.0219
  0.0223  0.0222  0.0220  0.0225  0.0221  0.0222  0.0222  0.0227  0.0221  0.0221  0.0220  0.0220
   -1.6343   -4.7873    1.3521    0.4088  -17.5918   -4.4188
   -5.2509    8.1717    3.5242   32.0018   -6.9447  -34.5699
eta,q 0.97821 14.55341

---------------------------------------------------------------------
compute_vox2vox talsrcimg talsrcimg_to_711-2C_as_mni_average_305_t4 /usr/local/freesurfer/average/711-2C_as_mni_average_305
---------------------------------------------------------------------

freesurfer compute_vox2vox.c
Reading: talsrcimg.4dfp.ifh
Reading: talsrcimg_to_711-2C_as_mni_average_305_t4
Reading: /usr/local/freesurfer/average/711-2C_as_mni_average_305.4dfp.ifh
Writing: talsrcimg_to_711-2C_as_mni_average_305_t4_vox2vox.txt

start time Tue Jun 3 00:16:20 UTC 2025
end		time Tue Jun 3 00:16:39 UTC 2025

mpr2mni305 success

avi2talxfm orig_nu.mgz /usr/local/freesurfer/average/mni305.cor.mgz talsrcimg_to_711-2C_as_mni_average_305_t4_vox2vox.txt transforms/talairach.auto.xfm
avi2talxfm done
mv -f /home/freesurfer/subjects/sub-042/mri/talsrcimg_to_711-2C_as_mni_average_305_t4_vox2vox.txt /home/freesurfer/subjects/sub-042/mri/transforms/talsrcimg_to_711-2C_as_mni_average_305_t4_vox2vox.txt
lta_convert --src orig_nu.mgz --trg /usr/local/freesurfer/average/mni305.cor.mgz --inxfm transforms/talairach.auto.xfm --outlta transforms/talairach.auto.xfm.lta --subject fsaverage
7.4.1

--src: orig_nu.mgz src image (geometry).
--trg: /usr/local/freesurfer/average/mni305.cor.mgz trg image (geometry).
--inmni: transforms/talairach.auto.xfm input MNI/XFM transform.
--outlta: transforms/talairach.auto.xfm.lta output LTA.
--s: fsaverage subject name
 LTA read, type : 1
 0.98868  -0.09261   0.02415  -2.87029;
 0.04958   0.91274   0.38605  -34.36904;
-0.06153  -0.35048   1.06252  -8.90961;
 0.00000   0.00000   0.00000   1.00000;
setting subject to fsaverage
Writing  LTA to file transforms/talairach.auto.xfm.lta...
lta_convert successful.
 
 
Started at Tue Jun 3 00:16:20 UTC 2025
Ended   at Tue Jun  3 00:16:39 UTC 2025
talairach_avi done
