Log file for defect2seg
Wed May 28 22:19:48 UTC 2025

setenv SUBJECTS_DIR /home/freesurfer/subjects
cd /home/freesurfer/subjects/sub-011/scripts
/usr/local/freesurfer/bin/defect2seg --s sub-011 --cortex

freesurfer-linux-centos8_x86_64-7.4.1-20230613-7eb8460
defect2seg 7.4.1
Linux f2cfbac655d7 6.11.0-26-generic #26~24.04.1-Ubuntu SMP PREEMPT_DYNAMIC Thu Apr 17 19:20:47 UTC 2 x86_64 x86_64 x86_64 GNU/Linux
pid 1283
mri_label2label --label-cortex /home/freesurfer/subjects/sub-011/surf/lh.orig.nofix /home/freesurfer/subjects/sub-011/mri/aseg.presurf.mgz 0 /home/freesurfer/subjects/sub-011/label/lh.nofix.cortex.label

 Generating cortex label... RemoveHipAmgy=0
 NucAccIsMedialWall=0
 mris->useRealRAS=0
7 non-cortical segments detected
only using segment with 7480 vertices
erasing segment 1 (vno[0] = 95815)
erasing segment 2 (vno[0] = 97009)
erasing segment 3 (vno[0] = 98032)
erasing segment 4 (vno[0] = 98305)
erasing segment 5 (vno[0] = 100283)
erasing segment 6 (vno[0] = 101159)
mri_label2vol --defects /home/freesurfer/subjects/sub-011/surf/lh.orig.nofix /home/freesurfer/subjects/sub-011/surf/lh.defect_labels /home/freesurfer/subjects/sub-011/mri/orig.mgz 1000 0 /home/freesurfer/subjects/sub-011/mri/surface.defects.mgz /home/freesurfer/subjects/sub-011/label/lh.nofix.cortex.label
mri_label2vol supposed to be reproducible but seed not set
Contraining to label /home/freesurfer/subjects/sub-011/label/lh.nofix.cortex.label
Changing input type 0 to MRI_INT
Converting defects to volume: offset=1000, merge=0
Writing to /home/freesurfer/subjects/sub-011/mri/surface.defects.mgz
mris_defects_pointset -s /home/freesurfer/subjects/sub-011/surf/lh.orig.nofix -d /home/freesurfer/subjects/sub-011/surf/lh.defect_labels -o /home/freesurfer/subjects/sub-011/surf/lh.defects.pointset --label /home/freesurfer/subjects/sub-011/label/lh.nofix.cortex.label
Reading in surface /home/freesurfer/subjects/sub-011/surf/lh.orig.nofix
Reading in defect segmentation /home/freesurfer/subjects/sub-011/surf/lh.defect_labels
Reading in label /home/freesurfer/subjects/sub-011/label/lh.nofix.cortex.label
#VMPC# mris_defects_pointset 199464
mris_defects_pointset done
mri_label2label --label-cortex /home/freesurfer/subjects/sub-011/surf/rh.orig.nofix /home/freesurfer/subjects/sub-011/mri/aseg.presurf.mgz 0 /home/freesurfer/subjects/sub-011/label/rh.nofix.cortex.label

 Generating cortex label... RemoveHipAmgy=0
 NucAccIsMedialWall=0
 mris->useRealRAS=0
16 non-cortical segments detected
only using segment with 7796 vertices
erasing segment 0 (vno[0] = 31508)
erasing segment 2 (vno[0] = 74110)
erasing segment 3 (vno[0] = 77361)
erasing segment 4 (vno[0] = 78762)
erasing segment 5 (vno[0] = 81617)
erasing segment 6 (vno[0] = 85754)
erasing segment 7 (vno[0] = 86856)
erasing segment 8 (vno[0] = 96208)
erasing segment 9 (vno[0] = 96273)
erasing segment 10 (vno[0] = 96278)
erasing segment 11 (vno[0] = 97438)
erasing segment 12 (vno[0] = 98317)
erasing segment 13 (vno[0] = 100974)
erasing segment 14 (vno[0] = 116680)
erasing segment 15 (vno[0] = 118755)
mri_label2vol --defects /home/freesurfer/subjects/sub-011/surf/rh.orig.nofix /home/freesurfer/subjects/sub-011/surf/rh.defect_labels /home/freesurfer/subjects/sub-011/mri/surface.defects.mgz 2000 1 /home/freesurfer/subjects/sub-011/mri/surface.defects.mgz /home/freesurfer/subjects/sub-011/label/rh.nofix.cortex.label
mri_label2vol supposed to be reproducible but seed not set
Contraining to label /home/freesurfer/subjects/sub-011/label/rh.nofix.cortex.label
Converting defects to volume: offset=2000, merge=1
Writing to /home/freesurfer/subjects/sub-011/mri/surface.defects.mgz
mris_defects_pointset -s /home/freesurfer/subjects/sub-011/surf/rh.orig.nofix -d /home/freesurfer/subjects/sub-011/surf/rh.defect_labels -o /home/freesurfer/subjects/sub-011/surf/rh.defects.pointset --label /home/freesurfer/subjects/sub-011/label/rh.nofix.cortex.label
Reading in surface /home/freesurfer/subjects/sub-011/surf/rh.orig.nofix
Reading in defect segmentation /home/freesurfer/subjects/sub-011/surf/rh.defect_labels
Reading in label /home/freesurfer/subjects/sub-011/label/rh.nofix.cortex.label
#VMPC# mris_defects_pointset 197464
mris_defects_pointset done
 
Started at Wed May 28 22:19:48 UTC 2025 
Ended   at Wed May 28 22:20:45 UTC 2025
Defect2seg-Run-Time-Sec 57
Defect2seg-Run-Time-Min 1.14
Defect2seg-Run-Time-Hours 0.02
 
defect2seg Done
