/home/freesurfer/subjects/sub-017/mri
/usr/local/freesurfer/bin/talairach_avi
--i orig_nu.mgz --xfm transforms/talairach.auto.xfm
talairach_avi 7.4.1
Linux fc7a91ddd541 6.11.0-26-generic #26~24.04.1-Ubuntu SMP PREEMPT_DYNAMIC Thu Apr 17 19:20:47 UTC 2 x86_64 x86_64 x86_64 GNU/Linux
Fri May 30 06:39:11 UTC 2025
mri_convert orig_nu.mgz talsrcimg.img 
reading from orig_nu.mgz...
TR=8.40, TE=0.00, TI=0.00, flip angle=0.00
i_ras = (-1, -1.86265e-09, 0)
j_ras = (7.45058e-09, -1.49012e-08, -1)
k_ras = (-9.31323e-10, 1, -1.49012e-08)
writing to talsrcimg.img...
Analyze Output Matrix
-1.00000   0.00000  -0.00000   128.34042;
-0.00000  -0.00000   1.00000  -108.43773;
 0.00000  -1.00000  -0.00000   156.46753;
 0.00000   0.00000   0.00000   1.00000;
--------------------
INFO: set hdr.hist.orient to -1
mpr2mni305 talsrcimg
Fri May 30 06:39:12 UTC 2025
/usr/local/freesurfer/bin/mpr2mni305 talsrcimg
mpr2mni305 7.4.1
target=711-2C_as_mni_average_305

---------------------------------------------------------------------
analyzeto4dfp talsrcimg -O0 -y
---------------------------------------------------------------------

freesurfer ifh2hdr.c
Fri May 30 06:39:12 2025
Writing: talsrcimg.4dfp.hdr
freesurfer analyzeto4dfp.c
Reading: talsrcimg.hdr
header size 348 bytes
hdr.dime.datatype	offset=70	value=2
hdr.dime.bitpix		offset=72	value=8
hdr.hist.orient		offset=252	value=-1
dimensionality     4
dimensions       256       256       256         1
Reading: talsrcimg.img
Writing: talsrcimg.4dfp.img
Writing: talsrcimg.4dfp.ifh
ifh2hdr talsrcimg -r0to226
ori=2

---------------------------------------------------------------------
gauss_4dfp talsrcimg 1.1
---------------------------------------------------------------------

freesurfer gauss_4dfp.c
Reading: talsrcimg.4dfp.img
Writing: talsrcimg_g11.4dfp.img
image dimensions 256 256 256 padded to 288 288 288
processing volume 1freesurfer ifh2hdr.c
Fri May 30 06:39:18 2025
Writing: talsrcimg_g11.4dfp.hdr

Writing: talsrcimg_g11.4dfp.ifh
including: talsrcimg.4dfp.img.rec in talsrcimg_g11.4dfp.img.rec

---------------------------------------------------------------------
imgreg_4dfp /usr/local/freesurfer/average/711-2C_as_mni_average_305 none talsrcimg_g11 none talsrcimg_to_711-2C_as_mni_average_305_t4 4355
---------------------------------------------------------------------

freesurfer imgreg_4dfp.c
/usr/local/freesurfer/average/711-2C_as_mni_average_305.4dfp.img
       256       256       256         1
  1.000000  1.000000  1.000000
orientation T byte_order littleendian
Reading image: /usr/local/freesurfer/average/711-2C_as_mni_average_305.4dfp.img
dimensions:      256       256       256
mmppix:       1.0000   -1.0000   -1.0000
center:     128.0000 -129.0000 -129.0000
talsrcimg_g11.4dfp.img
       256       256       256         1
  1.000000  1.000000  1.000000
orientation T byte_order littleendian
Reading image: talsrcimg_g11.4dfp.img
dimensions:      256       256       256
mmppix:       1.0000   -1.0000   -1.0000
center:     128.0000 -129.0000 -129.0000
t4_read: open error in t4_sub.f l:  41 t4_file(1:l)talsrcimg_to_711-2C_as_mni_average_305_t4 
t4_read: transform initialized to I4
rotation matrix determinant  1.000000
image alignment mode   4355 decimal     1103 hex
   -7.5000  -45.0000  -45.0000 9704.1914   16.7182
    0.0000  -45.0000  -45.000010136.5469   16.7636
    7.5000  -45.0000  -45.0000 9640.2559   16.8105
   -7.5000  -37.5000  -45.000010103.6680   16.6600
    0.0000  -37.5000  -45.000010562.2051   16.7062
    7.5000  -37.5000  -45.000010013.2998   16.7573
   -7.5000  -30.0000  -45.000010848.7627   16.6401
    0.0000  -30.0000  -45.000011343.5488   16.6891
    7.5000  -30.0000  -45.000010749.8174   16.7408
   -7.5000  -22.5000  -45.000011583.4600   16.6567
    0.0000  -22.5000  -45.000012102.1611   16.7080
    7.5000  -22.5000  -45.000011444.1104   16.7556
   -7.5000  -15.0000  -45.000012227.4951   16.6866
    0.0000  -15.0000  -45.000012788.2891   16.7374
    7.5000  -15.0000  -45.000012103.1768   16.7816
   -7.5000   -7.5000  -45.000012774.8389   16.7023
    0.0000   -7.5000  -45.000013374.3867   16.7498
    7.5000   -7.5000  -45.000012660.7920   16.7937
   -7.5000    0.0000  -45.000013122.2666   16.6896
    0.0000    0.0000  -45.000013762.8320   16.7349
    7.5000    0.0000  -45.000012986.5449   16.7815
   -7.5000    7.5000  -45.000012368.3770   16.6574
    0.0000    7.5000  -45.000012981.6064   16.7036
    7.5000    7.5000  -45.000012215.0449   16.7546
   -7.5000   15.0000  -45.000011471.7256   16.6401
    0.0000   15.0000  -45.000012050.8701   16.6891
    7.5000   15.0000  -45.000011346.6348   16.7408
   -7.5000   22.5000  -45.000010462.0068   16.6545
    0.0000   22.5000  -45.000010997.3848   16.7057
    7.5000   22.5000  -45.000010375.9189   16.7533
   -7.5000   30.0000  -45.0000 9449.6426   16.4692
    0.0000   30.0000  -45.0000 9926.9268   16.5194
    7.5000   30.0000  -45.0000 9381.9990   16.5629
   -7.5000   37.5000  -45.0000 8853.9990   16.5217
    0.0000   37.5000  -45.0000 9288.6611   16.5688
    7.5000   37.5000  -45.0000 8793.7373   16.6120
   -7.5000   45.0000  -45.0000 7934.8999   16.2127
    0.0000   45.0000  -45.0000 8287.8828   16.2569
    7.5000   45.0000  -45.0000 7869.9233   16.3018
   -7.5000  -45.0000  -37.500010220.5352   16.6299
    0.0000  -45.0000  -37.500010680.9180   16.6756
    7.5000  -45.0000  -37.500010152.4678   16.7270
   -7.5000  -37.5000  -37.500010646.4668   16.5864
    0.0000  -37.5000  -37.500011139.6748   16.6336
    7.5000  -37.5000  -37.500010560.6172   16.6896
   -7.5000  -30.0000  -37.500011450.2793   16.5791
    0.0000  -30.0000  -37.500011948.7578   16.6299
    7.5000  -30.0000  -37.500011341.3604   16.6867
   -7.5000  -22.5000  -37.500012189.1748   16.5914
    0.0000  -22.5000  -37.500012734.6318   16.6445
    7.5000  -22.5000  -37.500012035.5752   16.6974
   -7.5000  -15.0000  -37.500012851.5107   16.6062
    0.0000  -15.0000  -37.500013429.4746   16.6579
    7.5000  -15.0000  -37.500012691.2422   16.7076
   -7.5000   -7.5000  -37.500013418.2227   16.6107
    0.0000   -7.5000  -37.500014041.2324   16.6585
    7.5000   -7.5000  -37.500013281.5488   16.7075
   -7.5000    0.0000  -37.500013774.7578   16.6005
    0.0000    0.0000  -37.500014458.6143   16.6459
    7.5000    0.0000  -37.500013628.3115   16.6972
   -7.5000    7.5000  -37.500012991.0625   16.5836
    0.0000    7.5000  -37.500013656.0479   16.6307
    7.5000    7.5000  -37.500012846.9326   16.6867
   -7.5000   15.0000  -37.500012028.7725   16.5791
    0.0000   15.0000  -37.500012664.6592   16.6299
    7.5000   15.0000  -37.500011920.4199   16.6867
   -7.5000   22.5000  -37.500010953.2695   16.5891
    0.0000   22.5000  -37.500011548.6914   16.6422
    7.5000   22.5000  -37.500010871.6416   16.6951
   -7.5000   30.0000  -37.5000 9862.9922   16.3900
    0.0000   30.0000  -37.500010378.6162   16.4411
    7.5000   30.0000  -37.5000 9794.5283   16.4901
   -7.5000   37.5000  -37.5000 9210.7451   16.4318
    0.0000   37.5000  -37.5000 9688.7930   16.4792
    7.5000   37.5000  -37.5000 9166.3887   16.5274
   -7.5000   45.0000  -37.5000 8241.4062   16.1270
    0.0000   45.0000  -37.5000 8648.2861   16.1714
    7.5000   45.0000  -37.5000 8204.1104   16.2206
   -7.5000  -45.0000  -30.000010942.4551   17.2784
    0.0000  -45.0000  -30.000011422.9844   17.3191
    7.5000  -45.0000  -30.000010875.5273   17.3717
   -7.5000  -37.5000  -30.000011402.8066   17.2425
    0.0000  -37.5000  -30.000011923.9551   17.2854
    7.5000  -37.5000  -30.000011333.0020   17.3411
   -7.5000  -30.0000  -30.000012239.2266   17.2424
    0.0000  -30.0000  -30.000012779.8877   17.2882
    7.5000  -30.0000  -30.000012153.9590   17.3442
   -7.5000  -22.5000  -30.000013002.2803   17.2523
    0.0000  -22.5000  -30.000013599.6504   17.2986
    7.5000  -22.5000  -30.000012891.5596   17.3521
   -7.5000  -15.0000  -30.000013695.9707   17.2586
    0.0000  -15.0000  -30.000014337.8643   17.3028
    7.5000  -15.0000  -30.000013571.3984   17.3550
   -7.5000   -7.5000  -30.000014325.5723   17.2567
    0.0000   -7.5000  -30.000015007.2139   17.2981
    7.5000   -7.5000  -30.000014195.1084   17.3493
   -7.5000    0.0000  -30.000014728.8223   17.2474
    0.0000    0.0000  -30.000015464.5215   17.2880
    7.5000    0.0000  -30.000014601.4277   17.3403
   -7.5000    7.5000  -30.000013830.3711   17.2395
    0.0000    7.5000  -30.000014554.6436   17.2823
    7.5000    7.5000  -30.000013753.8145   17.3381
   -7.5000   15.0000  -30.000012804.8135   17.2424
    0.0000   15.0000  -30.000013486.3604   17.2882
    7.5000   15.0000  -30.000012740.6689   17.3442
   -7.5000   22.5000  -30.000011663.5898   17.2481
    0.0000   22.5000  -30.000012281.1934   17.2945
    7.5000   22.5000  -30.000011604.8965   17.3480
   -7.5000   30.0000  -30.000010457.5889   17.0357
    0.0000   30.0000  -30.000011019.5859   17.0794
    7.5000   30.0000  -30.000010422.3252   17.1309
   -7.5000   37.5000  -30.0000 9739.0469   17.0731
    0.0000   37.5000  -30.000010252.0957   17.1141
    7.5000   37.5000  -30.0000 9710.5195   17.1644
   -7.5000   45.0000  -30.0000 8716.8945   16.7706
    0.0000   45.0000  -30.0000 9171.9941   16.8104
    7.5000   45.0000  -30.0000 8693.2979   16.8605
   -7.5000  -45.0000  -22.500011614.5850   17.8363
    0.0000  -45.0000  -22.500012164.5889   17.8701
    7.5000  -45.0000  -22.500011576.0703   17.9161
   -7.5000  -37.5000  -22.500012133.1562   17.7956
    0.0000  -37.5000  -22.500012708.4775   17.8307
    7.5000  -37.5000  -22.500012072.6602   17.8783
   -7.5000  -30.0000  -22.500012992.2305   17.7918
    0.0000  -30.0000  -22.500013595.9287   17.8273
    7.5000  -30.0000  -22.500012919.1709   17.8743
   -7.5000  -22.5000  -22.500013778.5957   17.8026
    0.0000  -22.5000  -22.500014433.5840   17.8367
    7.5000  -22.5000  -22.500013686.5781   17.8825
   -7.5000  -15.0000  -22.500014529.9551   17.8134
    0.0000  -15.0000  -22.500015231.7051   17.8458
    7.5000  -15.0000  -22.500014440.8623   17.8921
   -7.5000   -7.5000  -22.500015217.4189   17.8146
    0.0000   -7.5000  -22.500015993.7520   17.8469
    7.5000   -7.5000  -22.500015127.3008   17.8926
   -7.5000    0.0000  -22.500015659.1406   17.8045
    0.0000    0.0000  -22.500016451.4648   17.8381
    7.5000    0.0000  -22.500015551.8350   17.8839
   -7.5000    7.5000  -22.500014696.0479   17.7925
    0.0000    7.5000  -22.500015453.8066   17.8276
    7.5000    7.5000  -22.500014639.9229   17.8751
   -7.5000   15.0000  -22.500013584.2568   17.7918
    0.0000   15.0000  -22.500014289.4619   17.8273
    7.5000   15.0000  -22.500013547.1953   17.8743
   -7.5000   22.5000  -22.500012358.2432   17.7971
    0.0000   22.5000  -22.500013017.8613   17.8312
    7.5000   22.5000  -22.500012339.9766   17.8770
   -7.5000   30.0000  -22.500011110.5156   17.5859
    0.0000   30.0000  -22.500011694.1006   17.6180
    7.5000   30.0000  -22.500011100.4902   17.6636
   -7.5000   37.5000  -22.500010336.5234   17.6273
    0.0000   37.5000  -22.500010869.5146   17.6593
    7.5000   37.5000  -22.500010312.2275   17.7042
   -7.5000   45.0000  -22.5000 9251.3613   17.3262
    0.0000   45.0000  -22.5000 9748.7012   17.3595
    7.5000   45.0000  -22.5000 9231.1758   17.4033
   -7.5000  -45.0000  -15.000012239.1855   18.2532
    0.0000  -45.0000  -15.000012827.3906   18.2852
    7.5000  -45.0000  -15.000012204.6416   18.3251
   -7.5000  -37.5000  -15.000012838.9873   18.1975
    0.0000  -37.5000  -15.000013460.3174   18.2306
    7.5000  -37.5000  -15.000012789.5049   18.2719
   -7.5000  -30.0000  -15.000013734.2803   18.1823
    0.0000  -30.0000  -15.000014389.6064   18.2148
    7.5000  -30.0000  -15.000013680.4072   18.2557
   -7.5000  -22.5000  -15.000014526.0889   18.1978
    0.0000  -22.5000  -15.000015210.9541   18.2286
    7.5000  -22.5000  -15.000014468.5732   18.2679
   -7.5000  -15.0000  -15.000015301.1875   18.2228
    0.0000  -15.0000  -15.000016043.5352   18.2524
    7.5000  -15.0000  -15.000015273.5947   18.2917
   -7.5000   -7.5000  -15.000016100.1943   18.2337
    0.0000   -7.5000  -15.000016940.4707   18.2639
    7.5000   -7.5000  -15.000016057.4629   18.3032
   -7.5000    0.0000  -15.000016539.2246   18.2207
    0.0000    0.0000  -15.000017405.4551   18.2525
    7.5000    0.0000  -15.000016482.7148   18.2923
   -7.5000    7.5000  -15.000015523.2803   18.1943
    0.0000    7.5000  -15.000016327.2930   18.2273
    7.5000    7.5000  -15.000015482.7002   18.2686
   -7.5000   15.0000  -15.000014361.9531   18.1823
    0.0000   15.0000  -15.000015104.0879   18.2148
    7.5000   15.0000  -15.000014324.7607   18.2557
   -7.5000   22.5000  -15.000013097.7207   18.1913
    0.0000   22.5000  -15.000013775.6230   18.2222
    7.5000   22.5000  -15.000013043.9971   18.2614
   -7.5000   30.0000  -15.000011830.7168   17.9923
    0.0000   30.0000  -15.000012450.1543   18.0216
    7.5000   30.0000  -15.000011765.0723   18.0603
   -7.5000   37.5000  -15.000011027.4434   18.0434
    0.0000   37.5000  -15.000011607.1396   18.0734
    7.5000   37.5000  -15.000010971.1230   18.1119
   -7.5000   45.0000  -15.0000 9856.2383   17.7399
    0.0000   45.0000  -15.000010382.7236   17.7715
    7.5000   45.0000  -15.0000 9799.1807   17.8096
   -7.5000  -45.0000   -7.500012862.0791   18.4706
    0.0000  -45.0000   -7.500013489.2490   18.5108
    7.5000  -45.0000   -7.500012809.5000   18.5539
   -7.5000  -37.5000   -7.500013500.9688   18.4036
    0.0000  -37.5000   -7.500014181.5508   18.4448
    7.5000  -37.5000   -7.500013441.4834   18.4908
   -7.5000  -30.0000   -7.500014533.1523   18.3805
    0.0000  -30.0000   -7.500015266.2803   18.4230
    7.5000  -30.0000   -7.500014468.7539   18.4689
   -7.5000  -22.5000   -7.500015410.2725   18.4002
    0.0000  -22.5000   -7.500016137.4014   18.4431
    7.5000  -22.5000   -7.500015368.9941   18.4858
   -7.5000  -15.0000   -7.500016245.5439   18.4357
    0.0000  -15.0000   -7.500016996.1113   18.4776
    7.5000  -15.0000   -7.500016223.0029   18.5184
   -7.5000   -7.5000   -7.500017080.8613   18.4533
    0.0000   -7.5000   -7.500017938.1641   18.4938
    7.5000   -7.5000   -7.500017045.9902   18.5347
   -7.5000    0.0000   -7.500017523.6250   18.4377
    0.0000    0.0000   -7.500018451.0645   18.4778
    7.5000    0.0000   -7.500017466.4277   18.5207
   -7.5000    7.5000   -7.500016509.4336   18.4004
    0.0000    7.5000   -7.500017398.9043   18.4416
    7.5000    7.5000   -7.500016413.0098   18.4875
   -7.5000   15.0000   -7.500015267.4688   18.3805
    0.0000   15.0000   -7.500016117.8271   18.4230
    7.5000   15.0000   -7.500015174.4922   18.4689
   -7.5000   22.5000   -7.500013949.2568   18.3917
    0.0000   22.5000   -7.500014699.2969   18.4345
    7.5000   22.5000   -7.500013815.8945   18.4772
   -7.5000   30.0000   -7.500012612.7607   18.2018
    0.0000   30.0000   -7.500013311.3359   18.2433
    7.5000   30.0000   -7.500012513.9512   18.2835
   -7.5000   37.5000   -7.500011778.6064   18.2596
    0.0000   37.5000   -7.500012444.5986   18.2997
    7.5000   37.5000   -7.500011661.9082   18.3399
   -7.5000   45.0000   -7.500010492.4043   17.9512
    0.0000   45.0000   -7.500011079.3623   17.9907
    7.5000   45.0000   -7.500010380.8447   18.0320
   -7.5000  -45.0000    0.000013355.5332   18.5061
    0.0000  -45.0000    0.000014045.5332   18.5559
    7.5000  -45.0000    0.000013300.8125   18.6070
   -7.5000  -37.5000    0.000013999.6240   18.4424
    0.0000  -37.5000    0.000014754.1182   18.4931
    7.5000  -37.5000    0.000013974.2168   18.5487
   -7.5000  -30.0000    0.000015211.4678   18.4227
    0.0000  -30.0000    0.000016089.5488   18.4764
    7.5000  -30.0000    0.000015187.0791   18.5327
   -7.5000  -22.5000    0.000016429.5625   18.4421
    0.0000  -22.5000    0.000017362.1426   18.4982
    7.5000  -22.5000    0.000016423.7812   18.5500
   -7.5000  -15.0000    0.000017410.0488   18.4737
    0.0000  -15.0000    0.000018275.2480   18.5293
    7.5000  -15.0000    0.000017309.9980   18.5774
   -7.5000   -7.5000    0.000018130.4863   18.4884
    0.0000   -7.5000    0.000019043.3340   18.5404
    7.5000   -7.5000    0.000017945.8770   18.5881
   -7.5000    0.0000    0.000018474.7754   18.4731
    0.0000    0.0000    0.000019457.9375   18.5228
    7.5000    0.0000    0.000018235.5449   18.5735
   -7.5000    7.5000    0.000017351.1562   18.4392
    0.0000    7.5000    0.000018334.1797   18.4899
    7.5000    7.5000    0.000017094.4707   18.5454
   -7.5000   15.0000    0.000016055.0273   18.4227
    0.0000   15.0000    0.000016986.0332   18.4764
    7.5000   15.0000    0.000015822.0205   18.5327
   -7.5000   22.5000    0.000014638.2852   18.4336
    0.0000   22.5000    0.000015499.5205   18.4897
    7.5000   22.5000    0.000014430.3535   18.5414
   -7.5000   30.0000    0.000013227.6143   18.2400
    0.0000   30.0000    0.000013998.8203   18.2949
    7.5000   30.0000    0.000013058.5361   18.3424
   -7.5000   37.5000    0.000012326.5576   18.2951
    0.0000   37.5000    0.000013050.7949   18.3467
    7.5000   37.5000    0.000012155.0264   18.3936
   -7.5000   45.0000    0.000010959.6816   17.9855
    0.0000   45.0000    0.000011592.1250   18.0341
    7.5000   45.0000    0.000010804.7354   18.0831
   -7.5000  -45.0000    7.500012785.2178   18.5126
    0.0000  -45.0000    7.500013454.8223   18.5630
    7.5000  -45.0000    7.500012729.9600   18.6199
   -7.5000  -37.5000    7.500013482.4795   18.4634
    0.0000  -37.5000    7.500014235.1729   18.5156
    7.5000  -37.5000    7.500013404.6865   18.5775
   -7.5000  -30.0000    7.500014754.6123   18.4548
    0.0000  -30.0000    7.500015823.6719   18.5110
    7.5000  -30.0000    7.500014626.1982   18.5736
   -7.5000  -22.5000    7.500016076.1631   18.4685
    0.0000  -22.5000    7.500017289.1309   18.5271
    7.5000  -22.5000    7.500015893.2500   18.5856
   -7.5000  -15.0000    7.500016981.2598   18.4854
    0.0000  -15.0000    7.500018038.3672   18.5426
    7.5000  -15.0000    7.500016712.2109   18.5975
   -7.5000   -7.5000    7.500017577.4043   18.4909
    0.0000   -7.5000    7.500018592.5742   18.5437
    7.5000   -7.5000    7.500017274.3164   18.5978
   -7.5000    0.0000    7.500017838.9922   18.4795
    0.0000    0.0000    7.500018857.4883   18.5298
    7.5000    0.0000    7.500017552.6562   18.5863
   -7.5000    7.5000    7.500016763.1680   18.4602
    0.0000    7.5000    7.500017722.7930   18.5124
    7.5000    7.5000    7.500016504.8184   18.5742
   -7.5000   15.0000    7.500015506.7188   18.4548
    0.0000   15.0000    7.500016384.3730   18.5110
    7.5000   15.0000    7.500015288.0234   18.5736
   -7.5000   22.5000    7.500014160.2861   18.4600
    0.0000   22.5000    7.500014962.3076   18.5186
    7.5000   22.5000    7.500013973.5938   18.5770
   -7.5000   30.0000    7.500012790.8418   18.2519
    0.0000   30.0000    7.500013527.8105   18.3084
    7.5000   30.0000    7.500012642.0518   18.3625
   -7.5000   37.5000    7.500011895.6299   18.2986
    0.0000   37.5000    7.500012573.0283   18.3510
    7.5000   37.5000    7.500011731.8154   18.4043
   -7.5000   45.0000    7.500010532.6045   17.9938
    0.0000   45.0000    7.500011137.1807   18.0430
    7.5000   45.0000    7.500010401.3105   18.0974
   -7.5000  -45.0000   15.000012128.9092   18.5457
    0.0000  -45.0000   15.000012803.6143   18.5892
    7.5000  -45.0000   15.000012010.1123   18.6455
   -7.5000  -37.5000   15.000012820.6006   18.5076
    0.0000  -37.5000   15.000013565.9512   18.5535
    7.5000  -37.5000   15.000012667.7949   18.6132
   -7.5000  -30.0000   15.000013979.9561   18.5073
    0.0000  -30.0000   15.000014927.6602   18.5564
    7.5000  -30.0000   15.000013816.5068   18.6163
   -7.5000  -22.5000   15.000015055.2480   18.5172
    0.0000  -22.5000   15.000016002.8604   18.5668
    7.5000  -22.5000   15.000014894.7764   18.6241
   -7.5000  -15.0000   15.000015789.0889   18.5235
    0.0000  -15.0000   15.000016639.8906   18.5708
    7.5000  -15.0000   15.000015597.9746   18.6267
   -7.5000   -7.5000   15.000016441.2812   18.5217
    0.0000   -7.5000   15.000017382.4590   18.5660
    7.5000   -7.5000   15.000016281.3828   18.6208
   -7.5000    0.0000   15.000016816.1309   18.5124
    0.0000    0.0000   15.000017853.7832   18.5558
    7.5000    0.0000   15.000016686.8359   18.6118
   -7.5000    7.5000   15.000015837.6855   18.5044
    0.0000    7.5000   15.000016816.5156   18.5502
    7.5000    7.5000   15.000015730.3027   18.6099
   -7.5000   15.0000   15.000014635.3350   18.5073
    0.0000   15.0000   15.000015514.2695   18.5564
    7.5000   15.0000   15.000014527.0117   18.6163
   -7.5000   22.5000   15.000013324.7734   18.5087
    0.0000   22.5000   15.000014121.1973   18.5583
    7.5000   22.5000   15.000013251.2646   18.6156
   -7.5000   30.0000   15.000012065.6777   18.2897
    0.0000   30.0000   15.000012771.1250   18.3365
    7.5000   30.0000   15.000011991.0225   18.3915
   -7.5000   37.5000   15.000011201.7441   18.3300
    0.0000   37.5000   15.000011819.3066   18.3739
    7.5000   37.5000   15.000011109.8037   18.4277
   -7.5000   45.0000   15.0000 9946.2578   18.0297
    0.0000   45.0000   15.000010502.3838   18.0723
    7.5000   45.0000   15.0000 9878.7754   18.1260
   -7.5000  -45.0000   22.500011311.2002   18.6302
    0.0000  -45.0000   22.500011859.1016   18.6654
    7.5000  -45.0000   22.500011180.0498   18.7133
   -7.5000  -37.5000   22.500011893.7705   18.5878
    0.0000  -37.5000   22.500012514.2021   18.6244
    7.5000  -37.5000   22.500011789.6113   18.6740
   -7.5000  -30.0000   22.500012918.7334   18.5843
    0.0000  -30.0000   22.500013668.8799   18.6214
    7.5000  -30.0000   22.500012839.9893   18.6704
   -7.5000  -22.5000   22.500013857.4082   18.5958
    0.0000  -22.5000   22.500014557.1104   18.6314
    7.5000  -22.5000   22.500013766.6299   18.6793
   -7.5000  -15.0000   22.500014529.0898   18.6068
    0.0000  -15.0000   22.500015190.4785   18.6406
    7.5000  -15.0000   22.500014414.1406   18.6889
   -7.5000   -7.5000   22.500015170.7236   18.6076
    0.0000   -7.5000   22.500015953.6562   18.6412
    7.5000   -7.5000   22.500015095.1680   18.6889
   -7.5000    0.0000   22.500015639.3652   18.5968
    0.0000    0.0000   22.500016461.1582   18.6318
    7.5000    0.0000   22.500015567.6895   18.6795
   -7.5000    7.5000   22.500014773.1348   18.5846
    0.0000    7.5000   22.500015553.2305   18.6211
    7.5000    7.5000   22.500014712.9219   18.6707
   -7.5000   15.0000   22.500013648.7871   18.5843
    0.0000   15.0000   22.500014363.2148   18.6214
    7.5000   15.0000   22.500013596.4688   18.6704
   -7.5000   22.5000   22.500012409.4229   18.5872
    0.0000   22.5000   22.500013079.7324   18.6228
    7.5000   22.5000   22.500012373.0811   18.6707
   -7.5000   30.0000   22.500011234.9873   18.3718
    0.0000   30.0000   22.500011852.2197   18.4053
    7.5000   30.0000   22.500011211.1914   18.4529
   -7.5000   37.5000   22.500010442.7969   18.4148
    0.0000   37.5000   22.500010983.0850   18.4481
    7.5000   37.5000   22.500010412.1494   18.4949
   -7.5000   45.0000   22.5000 9284.3701   18.1141
    0.0000   45.0000   22.5000 9764.1074   18.1487
    7.5000   45.0000   22.5000 9247.6885   18.1944
   -7.5000  -45.0000   30.000010449.2324   19.0279
    0.0000  -45.0000   30.000010934.1699   19.0613
    7.5000  -45.0000   30.000010369.1543   19.1028
   -7.5000  -37.5000   30.000010973.4717   18.9678
    0.0000  -37.5000   30.000011523.8789   19.0025
    7.5000  -37.5000   30.000010922.1416   19.0457
   -7.5000  -30.0000   30.000011921.8330   18.9515
    0.0000  -30.0000   30.000012524.4893   18.9858
    7.5000  -30.0000   30.000011878.1201   19.0288
   -7.5000  -22.5000   30.000012784.7520   18.9686
    0.0000  -22.5000   30.000013338.0068   19.0010
    7.5000  -22.5000   30.000012698.3652   19.0420
   -7.5000  -15.0000   30.000013438.0703   18.9959
    0.0000  -15.0000   30.000014013.5146   19.0267
    7.5000  -15.0000   30.000013362.1582   19.0674
   -7.5000   -7.5000   30.000014060.8164   19.0074
    0.0000   -7.5000   30.000014730.5576   19.0388
    7.5000   -7.5000   30.000013990.9268   19.0795
   -7.5000    0.0000   30.000014485.5156   18.9930
    0.0000    0.0000   30.000015180.3809   19.0263
    7.5000    0.0000   30.000014406.1660   19.0676
   -7.5000    7.5000   30.000013705.9902   18.9644
    0.0000    7.5000   30.000014345.6523   18.9990
    7.5000    7.5000   30.000013626.2051   19.0423
   -7.5000   15.0000   30.000012665.4990   18.9515
    0.0000   15.0000   30.000013281.8311   18.9858
    7.5000   15.0000   30.000012588.8574   19.0288
   -7.5000   22.5000   30.000011545.8027   18.9599
    0.0000   22.5000   30.000012118.1133   18.9923
    7.5000   22.5000   30.000011486.6104   19.0332
   -7.5000   30.0000   30.000010483.8496   18.7547
    0.0000   30.0000   30.000011013.6465   18.7852
    7.5000   30.0000   30.000010437.2100   18.8253
   -7.5000   37.5000   30.0000 9724.8008   18.8065
    0.0000   37.5000   30.000010211.3252   18.8376
    7.5000   37.5000   30.0000 9710.5264   18.8774
   -7.5000   45.0000   30.0000 8641.2021   18.4939
    0.0000   45.0000   30.0000 9075.8643   18.5269
    7.5000   45.0000   30.0000 8635.6377   18.5664
   -7.5000  -45.0000   37.500010038.5488   19.5789
    0.0000  -45.0000   37.500010497.8193   19.6235
    7.5000  -45.0000   37.5000 9981.8682   19.6709
   -7.5000  -37.5000   37.500010544.8525   19.5032
    0.0000  -37.5000   37.500011067.3037   19.5491
    7.5000  -37.5000   37.500010529.2207   19.6003
   -7.5000  -30.0000   37.500011448.4316   19.4763
    0.0000  -30.0000   37.500011999.0264   19.5234
    7.5000  -30.0000   37.500011423.3535   19.5751
   -7.5000  -22.5000   37.500012260.0078   19.4985
    0.0000  -22.5000   37.500012770.2100   19.5454
    7.5000  -22.5000   37.500012178.4277   19.5932
   -7.5000  -15.0000   37.500012932.3916   19.5393
    0.0000  -15.0000   37.500013473.6943   19.5849
    7.5000  -15.0000   37.500012869.9473   19.6298
   -7.5000   -7.5000   37.500013543.0645   19.5596
    0.0000   -7.5000   37.500014154.1689   19.6039
    7.5000   -7.5000   37.500013487.4561   19.6486
   -7.5000    0.0000   37.500013937.2930   19.5420
    0.0000    0.0000   37.500014570.6992   19.5864
    7.5000    0.0000   37.500013881.9072   19.6336
   -7.5000    7.5000   37.500013147.8408   19.4996
    0.0000    7.5000   37.500013756.0254   19.5454
    7.5000    7.5000   37.500013088.4775   19.5966
   -7.5000   15.0000   37.500012173.8486   19.4763
    0.0000   15.0000   37.500012748.9092   19.5234
    7.5000   15.0000   37.500012111.0908   19.5751
   -7.5000   22.5000   37.500011137.4482   19.4896
    0.0000   22.5000   37.500011670.5605   19.5364
    7.5000   22.5000   37.500011072.1680   19.5842
   -7.5000   30.0000   37.500010129.8623   19.2891
    0.0000   30.0000   37.500010610.0918   19.3342
    7.5000   30.0000   37.500010075.6201   19.3784
   -7.5000   37.5000   37.5000 9416.1777   19.3439
    0.0000   37.5000   37.5000 9889.0039   19.3878
    7.5000   37.5000   37.5000 9403.5020   19.4317
   -7.5000   45.0000   37.5000 8377.3770   19.0127
    0.0000   45.0000   37.5000 8769.5635   19.0563
    7.5000   45.0000   37.5000 8357.9688   19.1018
   -7.5000  -45.0000   45.0000 9239.4473   20.1553
    0.0000  -45.0000   45.0000 9672.8984   20.2123
    7.5000  -45.0000   45.0000 9238.4043   20.2705
   -7.5000  -37.5000   45.0000 9718.4844   20.0876
    0.0000  -37.5000   45.000010203.1025   20.1448
    7.5000  -37.5000   45.0000 9732.5352   20.2086
   -7.5000  -30.0000   45.000010540.5654   20.0692
    0.0000  -30.0000   45.000011039.0928   20.1288
    7.5000  -30.0000   45.000010523.7412   20.1941
   -7.5000  -22.5000   45.000011249.6709   20.0879
    0.0000  -22.5000   45.000011764.5527   20.1504
    7.5000  -22.5000   45.000011203.0361   20.2108
   -7.5000  -15.0000   45.000011878.8809   20.1170
    0.0000  -15.0000   45.000012438.2158   20.1795
    7.5000  -15.0000   45.000011845.2285   20.2357
   -7.5000   -7.5000   45.000012477.4434   20.1306
    0.0000   -7.5000   45.000013066.0518   20.1898
    7.5000   -7.5000   45.000012450.4551   20.2449
   -7.5000    0.0000   45.000012851.1289   20.1159
    0.0000    0.0000   45.000013450.8262   20.1727
    7.5000    0.0000   45.000012828.1699   20.2306
   -7.5000    7.5000   45.000012103.9463   20.0837
    0.0000    7.5000   45.000012688.0537   20.1409
    7.5000    7.5000   45.000012083.3770   20.2047
   -7.5000   15.0000   45.000011203.7354   20.0692
    0.0000   15.0000   45.000011770.7920   20.1288
    7.5000   15.0000   45.000011180.9043   20.1941
   -7.5000   22.5000   45.000010270.5020   20.0786
    0.0000   22.5000   45.000010789.4814   20.1411
    7.5000   22.5000   45.000010234.7969   20.2014
   -7.5000   30.0000   45.0000 9339.3936   19.8563
    0.0000   30.0000   45.0000 9811.0293   19.9180
    7.5000   30.0000   45.0000 9313.6367   19.9733
   -7.5000   37.5000   45.0000 8730.2852   19.8996
    0.0000   37.5000   45.0000 9162.1729   19.9581
    7.5000   37.5000   45.0000 8720.7715   20.0123
   -7.5000   45.0000   45.0000 7765.4404   19.5653
    0.0000   45.0000   45.0000 8119.7588   19.6206
    7.5000   45.0000   45.0000 7755.3682   19.6766

---------------------------------------------------------------------
imgreg_4dfp /usr/local/freesurfer/average/711-2C_as_mni_average_305 /usr/local/freesurfer/average/711-2B_as_mni_average_305_mask talsrcimg_g11 none talsrcimg_to_711-2C_as_mni_average_305_t4 4355
---------------------------------------------------------------------

freesurfer imgreg_4dfp.c
/usr/local/freesurfer/average/711-2C_as_mni_average_305.4dfp.img
       256       256       256         1
  1.000000  1.000000  1.000000
orientation T byte_order littleendian
Reading image: /usr/local/freesurfer/average/711-2C_as_mni_average_305.4dfp.img
dimensions:      256       256       256
mmppix:       1.0000   -1.0000   -1.0000
center:     128.0000 -129.0000 -129.0000
/usr/local/freesurfer/average/711-2B_as_mni_average_305_mask.4dfp.img
       256       256       256         1
  1.000000  1.000000  1.000000
orientation T byte_order littleendian
Reading mask: /usr/local/freesurfer/average/711-2B_as_mni_average_305_mask.4dfp.img (2306576 pixels)
talsrcimg_g11.4dfp.img
       256       256       256         1
  1.000000  1.000000  1.000000
orientation T byte_order littleendian
Reading image: talsrcimg_g11.4dfp.img
dimensions:      256       256       256
mmppix:       1.0000   -1.0000   -1.0000
center:     128.0000 -129.0000 -129.0000
rotation matrix determinant  1.000000
image alignment mode   4355 decimal     1103 hex
   -7.5000  -45.0000  -45.0000 2437.3052   17.6126
    0.0000  -45.0000  -45.0000 2446.1702   17.6346
    7.5000  -45.0000  -45.0000 2433.6213   17.7099
   -7.5000  -37.5000  -45.0000 2472.6667   16.7981
    0.0000  -37.5000  -45.0000 2486.3254   16.8328
    7.5000  -37.5000  -45.0000 2463.2881   16.9269
   -7.5000  -30.0000  -45.0000 2489.6907   16.3761
    0.0000  -30.0000  -45.0000 2508.4282   16.4103
    7.5000  -30.0000  -45.0000 2479.2288   16.5155
   -7.5000  -22.5000  -45.0000 2509.2468   16.2440
    0.0000  -22.5000  -45.0000 2517.2996   16.2926
    7.5000  -22.5000  -45.0000 2493.7690   16.3869
   -7.5000  -15.0000  -45.0000 2505.8496   16.4303
    0.0000  -15.0000  -45.0000 2521.4941   16.4745
    7.5000  -15.0000  -45.0000 2495.5862   16.5428
   -7.5000   -7.5000  -45.0000 2489.2166   16.9247
    0.0000   -7.5000  -45.0000 2505.5164   16.9713
    7.5000   -7.5000  -45.0000 2482.1831   17.0563
   -7.5000    0.0000  -45.0000 2452.4299   17.7640
    0.0000    0.0000  -45.0000 2472.1880   17.7877
    7.5000    0.0000  -45.0000 2445.1394   17.8376
   -7.5000    7.5000  -45.0000 2397.9927   18.6642
    0.0000    7.5000  -45.0000 2414.2466   18.7224
    7.5000    7.5000  -45.0000 2394.1650   18.8131
   -7.5000   15.0000  -45.0000 2332.6116   19.8153
    0.0000   15.0000  -45.0000 2342.4502   19.8856
    7.5000   15.0000  -45.0000 2322.7710   19.9946
   -7.5000   22.5000  -45.0000 2244.4551   21.4739
    0.0000   22.5000  -45.0000 2250.8184   21.4544
    7.5000   22.5000  -45.0000 2230.5803   21.6374
   -7.5000   30.0000  -45.0000 2138.7368   23.7612
    0.0000   30.0000  -45.0000 2147.6658   23.6874
    7.5000   30.0000  -45.0000 2127.1484   23.8456
   -7.5000   37.5000  -45.0000 2026.1376   26.7289
    0.0000   37.5000  -45.0000 2037.0480   26.6276
    7.5000   37.5000  -45.0000 2015.5764   26.8073
   -7.5000   45.0000  -45.0000 1897.4894   30.4059
    0.0000   45.0000  -45.0000 1898.7513   30.2847
    7.5000   45.0000  -45.0000 1890.5293   30.5752
   -7.5000  -45.0000  -37.5000 2520.4077   16.5959
    0.0000  -45.0000  -37.5000 2536.4175   16.6154
    7.5000  -45.0000  -37.5000 2516.1814   16.6789
   -7.5000  -37.5000  -37.5000 2560.3960   15.8036
    0.0000  -37.5000  -37.5000 2577.5046   15.7927
    7.5000  -37.5000  -37.5000 2555.1284   15.8879
   -7.5000  -30.0000  -37.5000 2585.1753   15.3881
    0.0000  -30.0000  -37.5000 2601.7446   15.3970
    7.5000  -30.0000  -37.5000 2576.4656   15.5098
   -7.5000  -22.5000  -37.5000 2594.3914   15.2367
    0.0000  -22.5000  -37.5000 2607.2795   15.2710
    7.5000  -22.5000  -37.5000 2584.6580   15.3572
   -7.5000  -15.0000  -37.5000 2594.2632   15.3667
    0.0000  -15.0000  -37.5000 2609.4380   15.3854
    7.5000  -15.0000  -37.5000 2582.9902   15.4798
   -7.5000   -7.5000  -37.5000 2579.6809   15.8020
    0.0000   -7.5000  -37.5000 2597.7581   15.8567
    7.5000   -7.5000  -37.5000 2572.6907   15.9317
   -7.5000    0.0000  -37.5000 2541.0063   16.5279
    0.0000    0.0000  -37.5000 2568.1921   16.5856
    7.5000    0.0000  -37.5000 2537.3833   16.6320
   -7.5000    7.5000  -37.5000 2487.9197   17.3654
    0.0000    7.5000  -37.5000 2511.2834   17.4303
    7.5000    7.5000  -37.5000 2485.5312   17.5006
   -7.5000   15.0000  -37.5000 2416.3555   18.4447
    0.0000   15.0000  -37.5000 2433.7400   18.5285
    7.5000   15.0000  -37.5000 2412.8315   18.6058
   -7.5000   22.5000  -37.5000 2322.4866   19.9678
    0.0000   22.5000  -37.5000 2339.7847   20.0065
    7.5000   22.5000  -37.5000 2316.7449   20.1751
   -7.5000   30.0000  -37.5000 2210.8718   22.0171
    0.0000   30.0000  -37.5000 2223.5237   22.0457
    7.5000   30.0000  -37.5000 2203.5005   22.2030
   -7.5000   37.5000  -37.5000 2095.2590   24.7409
    0.0000   37.5000  -37.5000 2110.7673   24.7386
    7.5000   37.5000  -37.5000 2092.4949   24.8998
   -7.5000   45.0000  -37.5000 1964.6969   28.2249
    0.0000   45.0000  -37.5000 1976.9594   28.0765
    7.5000   45.0000  -37.5000 1965.9904   28.3968
   -7.5000  -45.0000  -30.0000 2644.7161   16.2573
    0.0000  -45.0000  -30.0000 2663.9446   16.2112
    7.5000  -45.0000  -30.0000 2642.5833   16.3020
   -7.5000  -37.5000  -30.0000 2686.0522   15.4502
    0.0000  -37.5000  -30.0000 2706.5283   15.3900
    7.5000  -37.5000  -30.0000 2687.5510   15.4620
   -7.5000  -30.0000  -30.0000 2718.1216   15.0000
    0.0000  -30.0000  -30.0000 2731.3325   14.9232
    7.5000  -30.0000  -30.0000 2715.7422   15.0263
   -7.5000  -22.5000  -30.0000 2725.3601   14.8248
    0.0000  -22.5000  -30.0000 2739.9775   14.7978
    7.5000  -22.5000  -30.0000 2721.6033   14.8728
   -7.5000  -15.0000  -30.0000 2723.5142   14.8873
    0.0000  -15.0000  -30.0000 2741.2693   14.8872
    7.5000  -15.0000  -30.0000 2715.4639   14.9859
   -7.5000   -7.5000  -30.0000 2707.8130   15.3017
    0.0000   -7.5000  -30.0000 2734.8381   15.3221
    7.5000   -7.5000  -30.0000 2706.6465   15.4215
   -7.5000    0.0000  -30.0000 2676.2507   15.9926
    0.0000    0.0000  -30.0000 2706.3203   15.9954
    7.5000    0.0000  -30.0000 2678.0249   16.0805
   -7.5000    7.5000  -30.0000 2616.8882   16.7949
    0.0000    7.5000  -30.0000 2643.8008   16.8006
    7.5000    7.5000  -30.0000 2628.3806   16.8883
   -7.5000   15.0000  -30.0000 2540.0801   17.8377
    0.0000   15.0000  -30.0000 2562.3286   17.8429
    7.5000   15.0000  -30.0000 2547.4414   17.9479
   -7.5000   22.5000  -30.0000 2445.0635   19.2894
    0.0000   22.5000  -30.0000 2463.0371   19.3016
    7.5000   22.5000  -30.0000 2445.4307   19.4372
   -7.5000   30.0000  -30.0000 2317.3184   21.1909
    0.0000   30.0000  -30.0000 2340.3958   21.2442
    7.5000   30.0000  -30.0000 2322.3792   21.3967
   -7.5000   37.5000  -30.0000 2193.2002   23.7386
    0.0000   37.5000  -30.0000 2214.0352   23.8063
    7.5000   37.5000  -30.0000 2199.4565   23.9211
   -7.5000   45.0000  -30.0000 2059.8713   27.0650
    0.0000   45.0000  -30.0000 2080.1311   27.0280
    7.5000   45.0000  -30.0000 2063.5815   27.1905
   -7.5000  -45.0000  -22.5000 2728.6130   15.8012
    0.0000  -45.0000  -22.5000 2746.0364   15.7084
    7.5000  -45.0000  -22.5000 2730.6362   15.8160
   -7.5000  -37.5000  -22.5000 2782.3481   14.9401
    0.0000  -37.5000  -22.5000 2798.6514   14.8578
    7.5000  -37.5000  -22.5000 2784.2944   14.9192
   -7.5000  -30.0000  -22.5000 2813.9478   14.4137
    0.0000  -30.0000  -22.5000 2829.9417   14.3323
    7.5000  -30.0000  -22.5000 2815.3284   14.3966
   -7.5000  -22.5000  -22.5000 2822.8484   14.1692
    0.0000  -22.5000  -22.5000 2844.2073   14.1327
    7.5000  -22.5000  -22.5000 2818.4465   14.1929
   -7.5000  -15.0000  -22.5000 2823.2693   14.2633
    0.0000  -15.0000  -22.5000 2843.9971   14.2201
    7.5000  -15.0000  -22.5000 2819.3013   14.3188
   -7.5000   -7.5000  -22.5000 2811.1077   14.6906
    0.0000   -7.5000  -22.5000 2841.2351   14.6618
    7.5000   -7.5000  -22.5000 2816.1328   14.7909
   -7.5000    0.0000  -22.5000 2778.5957   15.3795
    0.0000    0.0000  -22.5000 2805.2039   15.3183
    7.5000    0.0000  -22.5000 2787.1467   15.4258
   -7.5000    7.5000  -22.5000 2717.7502   16.1437
    0.0000    7.5000  -22.5000 2743.2490   16.0929
    7.5000    7.5000  -22.5000 2727.4202   16.1740
   -7.5000   15.0000  -22.5000 2639.6250   17.1731
    0.0000   15.0000  -22.5000 2662.2009   17.1213
    7.5000   15.0000  -22.5000 2644.3872   17.2034
   -7.5000   22.5000  -22.5000 2535.2764   18.5854
    0.0000   22.5000  -22.5000 2557.9734   18.5430
    7.5000   22.5000  -22.5000 2536.5366   18.6382
   -7.5000   30.0000  -22.5000 2411.1626   20.4331
    0.0000   30.0000  -22.5000 2430.9478   20.4015
    7.5000   30.0000  -22.5000 2414.9956   20.4789
   -7.5000   37.5000  -22.5000 2274.0642   22.8476
    0.0000   37.5000  -22.5000 2288.3149   22.8217
    7.5000   37.5000  -22.5000 2276.9783   22.9639
   -7.5000   45.0000  -22.5000 2133.3992   26.0055
    0.0000   45.0000  -22.5000 2152.2104   25.9259
    7.5000   45.0000  -22.5000 2136.1763   26.0541
   -7.5000  -45.0000  -15.0000 2765.1628   15.4029
    0.0000  -45.0000  -15.0000 2784.0730   15.2873
    7.5000  -45.0000  -15.0000 2764.9233   15.4025
   -7.5000  -37.5000  -15.0000 2831.9116   14.5088
    0.0000  -37.5000  -15.0000 2847.6794   14.3916
    7.5000  -37.5000  -15.0000 2830.3979   14.5249
   -7.5000  -30.0000  -15.0000 2859.8232   13.8810
    0.0000  -30.0000  -15.0000 2880.1531   13.8152
    7.5000  -30.0000  -15.0000 2864.6479   13.9206
   -7.5000  -22.5000  -15.0000 2876.7727   13.5672
    0.0000  -22.5000  -15.0000 2897.8660   13.4889
    7.5000  -22.5000  -15.0000 2873.2456   13.6187
   -7.5000  -15.0000  -15.0000 2885.2261   13.6534
    0.0000  -15.0000  -15.0000 2899.0579   13.5702
    7.5000  -15.0000  -15.0000 2883.6167   13.7299
   -7.5000   -7.5000  -15.0000 2876.5498   14.1305
    0.0000   -7.5000  -15.0000 2902.9172   14.0468
    7.5000   -7.5000  -15.0000 2883.6033   14.2088
   -7.5000    0.0000  -15.0000 2839.3030   14.8157
    0.0000    0.0000  -15.0000 2869.4473   14.7115
    7.5000    0.0000  -15.0000 2847.2771   14.8422
   -7.5000    7.5000  -15.0000 2781.4912   15.5664
    0.0000    7.5000  -15.0000 2802.3616   15.4603
    7.5000    7.5000  -15.0000 2786.9585   15.5940
   -7.5000   15.0000  -15.0000 2704.7812   16.5550
    0.0000   15.0000  -15.0000 2720.3845   16.4595
    7.5000   15.0000  -15.0000 2703.7466   16.6151
   -7.5000   22.5000  -15.0000 2603.2109   17.9342
    0.0000   22.5000  -15.0000 2618.7439   17.8568
    7.5000   22.5000  -15.0000 2597.9973   17.9854
   -7.5000   30.0000  -15.0000 2479.3628   19.7876
    0.0000   30.0000  -15.0000 2494.0442   19.7231
    7.5000   30.0000  -15.0000 2475.6892   19.8557
   -7.5000   37.5000  -15.0000 2339.6323   22.1742
    0.0000   37.5000  -15.0000 2348.2915   22.1467
    7.5000   37.5000  -15.0000 2336.4712   22.2905
   -7.5000   45.0000  -15.0000 2186.6912   25.1122
    0.0000   45.0000  -15.0000 2197.9849   25.0090
    7.5000   45.0000  -15.0000 2184.4871   25.1907
   -7.5000  -45.0000   -7.5000 2772.9983   15.1491
    0.0000  -45.0000   -7.5000 2791.5898   15.0149
    7.5000  -45.0000   -7.5000 2771.4980   15.1779
   -7.5000  -37.5000   -7.5000 2843.6511   14.2238
    0.0000  -37.5000   -7.5000 2862.5327   14.0890
    7.5000  -37.5000   -7.5000 2842.8281   14.2740
   -7.5000  -30.0000   -7.5000 2882.7471   13.6071
    0.0000  -30.0000   -7.5000 2905.3342   13.5057
    7.5000  -30.0000   -7.5000 2886.7849   13.6701
   -7.5000  -22.5000   -7.5000 2908.2874   13.2504
    0.0000  -22.5000   -7.5000 2929.9712   13.1275
    7.5000  -22.5000   -7.5000 2906.0898   13.3725
   -7.5000  -15.0000   -7.5000 2921.1768   13.2659
    0.0000  -15.0000   -7.5000 2932.1445   13.1086
    7.5000  -15.0000   -7.5000 2922.5464   13.4172
   -7.5000   -7.5000   -7.5000 2917.5237   13.7240
    0.0000   -7.5000   -7.5000 2938.8967   13.5781
    7.5000   -7.5000   -7.5000 2926.8223   13.8223
   -7.5000    0.0000   -7.5000 2884.7839   14.3652
    0.0000    0.0000   -7.5000 2908.7227   14.2241
    7.5000    0.0000   -7.5000 2894.3333   14.4266
   -7.5000    7.5000   -7.5000 2831.2605   15.1243
    0.0000    7.5000   -7.5000 2849.8525   14.9844
    7.5000    7.5000   -7.5000 2837.4263   15.1795
   -7.5000   15.0000   -7.5000 2748.2520   16.1013
    0.0000   15.0000   -7.5000 2764.9011   15.9887
    7.5000   15.0000   -7.5000 2749.7119   16.1946
   -7.5000   22.5000   -7.5000 2644.0928   17.5140
    0.0000   22.5000   -7.5000 2658.7607   17.4287
    7.5000   22.5000   -7.5000 2641.2495   17.6094
   -7.5000   30.0000   -7.5000 2519.3093   19.3455
    0.0000   30.0000   -7.5000 2535.6333   19.2972
    7.5000   30.0000   -7.5000 2518.9241   19.4537
   -7.5000   37.5000   -7.5000 2376.6326   21.6291
    0.0000   37.5000   -7.5000 2389.7178   21.6050
    7.5000   37.5000   -7.5000 2374.8706   21.7502
   -7.5000   45.0000   -7.5000 2211.0015   24.3950
    0.0000   45.0000   -7.5000 2229.4683   24.3549
    7.5000   45.0000   -7.5000 2209.1179   24.5355
   -7.5000  -45.0000    0.0000 2758.8950   15.1330
    0.0000  -45.0000    0.0000 2780.8245   15.0185
    7.5000  -45.0000    0.0000 2761.0715   15.2094
   -7.5000  -37.5000    0.0000 2832.0215   14.1973
    0.0000  -37.5000    0.0000 2855.6729   14.0841
    7.5000  -37.5000    0.0000 2843.5886   14.2915
   -7.5000  -30.0000    0.0000 2882.2358   13.6553
    0.0000  -30.0000    0.0000 2904.9846   13.5502
    7.5000  -30.0000    0.0000 2898.8591   13.7411
   -7.5000  -22.5000    0.0000 2932.5244   13.4262
    0.0000  -22.5000    0.0000 2958.5386   13.3360
    7.5000  -22.5000    0.0000 2942.7798   13.5037
   -7.5000  -15.0000    0.0000 2951.2107   13.3401
    0.0000  -15.0000    0.0000 2969.6519   13.1956
    7.5000  -15.0000    0.0000 2953.0146   13.4833
   -7.5000   -7.5000    0.0000 2940.4082   13.5650
    0.0000   -7.5000    0.0000 2968.8406   13.4518
    7.5000   -7.5000    0.0000 2944.9116   13.6438
   -7.5000    0.0000    0.0000 2896.9756   14.1187
    0.0000    0.0000    0.0000 2924.2878   13.9866
    7.5000    0.0000    0.0000 2904.4321   14.1395
   -7.5000    7.5000    0.0000 2842.5369   14.8902
    0.0000    7.5000    0.0000 2868.4597   14.7640
    7.5000    7.5000    0.0000 2849.9570   14.9324
   -7.5000   15.0000    0.0000 2762.0930   15.8923
    0.0000   15.0000    0.0000 2786.1602   15.8377
    7.5000   15.0000    0.0000 2764.4866   15.9830
   -7.5000   22.5000    0.0000 2659.1860   17.2737
    0.0000   22.5000    0.0000 2681.2471   17.2737
    7.5000   22.5000    0.0000 2659.1851   17.3590
   -7.5000   30.0000    0.0000 2536.2217   19.0541
    0.0000   30.0000    0.0000 2555.8022   19.1323
    7.5000   30.0000    0.0000 2538.1067   19.1737
   -7.5000   37.5000    0.0000 2396.0068   21.3448
    0.0000   37.5000    0.0000 2413.0166   21.4080
    7.5000   37.5000    0.0000 2394.6340   21.4666
   -7.5000   45.0000    0.0000 2229.0627   24.1203
    0.0000   45.0000    0.0000 2249.7107   24.1126
    7.5000   45.0000    0.0000 2227.2512   24.2195
   -7.5000  -45.0000    7.5000 2725.1472   15.4197
    0.0000  -45.0000    7.5000 2740.8794   15.2704
    7.5000  -45.0000    7.5000 2737.9653   15.4579
   -7.5000  -37.5000    7.5000 2815.9707   14.5372
    0.0000  -37.5000    7.5000 2835.6765   14.4379
    7.5000  -37.5000    7.5000 2825.2817   14.5772
   -7.5000  -30.0000    7.5000 2879.3145   14.0165
    0.0000  -30.0000    7.5000 2912.0991   13.9784
    7.5000  -30.0000    7.5000 2894.0481   14.0404
   -7.5000  -22.5000    7.5000 2932.4116   13.7422
    0.0000  -22.5000    7.5000 2978.4111   13.8042
    7.5000  -22.5000    7.5000 2943.7314   13.7624
   -7.5000  -15.0000    7.5000 2952.3779   13.5947
    0.0000  -15.0000    7.5000 2999.9917   13.5927
    7.5000  -15.0000    7.5000 2955.2346   13.6230
   -7.5000   -7.5000    7.5000 2941.1709   13.6091
    0.0000   -7.5000    7.5000 2979.5959   13.5459
    7.5000   -7.5000    7.5000 2942.1165   13.6642
   -7.5000    0.0000    7.5000 2896.1047   14.0900
    0.0000    0.0000    7.5000 2925.5249   13.9647
    7.5000    0.0000    7.5000 2901.1770   14.1399
   -7.5000    7.5000    7.5000 2841.3987   14.8764
    0.0000    7.5000    7.5000 2869.7893   14.7756
    7.5000    7.5000    7.5000 2851.2395   14.9255
   -7.5000   15.0000    7.5000 2762.1584   15.9402
    0.0000   15.0000    7.5000 2783.2014   15.8637
    7.5000   15.0000    7.5000 2766.4382   15.9986
   -7.5000   22.5000    7.5000 2664.8545   17.3338
    0.0000   22.5000    7.5000 2682.2664   17.3049
    7.5000   22.5000    7.5000 2662.4304   17.3982
   -7.5000   30.0000    7.5000 2542.7407   19.1105
    0.0000   30.0000    7.5000 2567.0708   19.1375
    7.5000   30.0000    7.5000 2543.1418   19.2167
   -7.5000   37.5000    7.5000 2401.0369   21.3023
    0.0000   37.5000    7.5000 2422.4561   21.3894
    7.5000   37.5000    7.5000 2399.1938   21.4373
   -7.5000   45.0000    7.5000 2232.5054   24.0427
    0.0000   45.0000    7.5000 2257.3909   24.1326
    7.5000   45.0000    7.5000 2228.4548   24.1312
   -7.5000  -45.0000   15.0000 2691.2942   16.0435
    0.0000  -45.0000   15.0000 2711.3088   15.9247
    7.5000  -45.0000   15.0000 2692.3208   16.0110
   -7.5000  -37.5000   15.0000 2788.6592   15.0962
    0.0000  -37.5000   15.0000 2814.3076   14.9877
    7.5000  -37.5000   15.0000 2792.5701   15.0432
   -7.5000  -30.0000   15.0000 2861.4836   14.4842
    0.0000  -30.0000   15.0000 2893.8501   14.3903
    7.5000  -30.0000   15.0000 2865.7932   14.4156
   -7.5000  -22.5000   15.0000 2917.2095   14.1063
    0.0000  -22.5000   15.0000 2959.8760   14.0616
    7.5000  -22.5000   15.0000 2917.3613   14.0725
   -7.5000  -15.0000   15.0000 2932.9895   13.8292
    0.0000  -15.0000   15.0000 2965.9395   13.6682
    7.5000  -15.0000   15.0000 2926.3022   13.8663
   -7.5000   -7.5000   15.0000 2921.1870   13.8902
    0.0000   -7.5000   15.0000 2954.7390   13.7230
    7.5000   -7.5000   15.0000 2922.2847   13.9376
   -7.5000    0.0000   15.0000 2884.9597   14.3989
    0.0000    0.0000   15.0000 2924.0198   14.3230
    7.5000    0.0000   15.0000 2894.1658   14.4421
   -7.5000    7.5000   15.0000 2834.3367   15.1804
    0.0000    7.5000   15.0000 2863.7954   15.1400
    7.5000    7.5000   15.0000 2842.5779   15.2591
   -7.5000   15.0000   15.0000 2745.9060   16.2526
    0.0000   15.0000   15.0000 2766.3274   16.2180
    7.5000   15.0000   15.0000 2747.5195   16.3379
   -7.5000   22.5000   15.0000 2643.8711   17.5991
    0.0000   22.5000   15.0000 2661.2131   17.5979
    7.5000   22.5000   15.0000 2643.8667   17.6938
   -7.5000   30.0000   15.0000 2527.5891   19.3015
    0.0000   30.0000   15.0000 2548.2048   19.3313
    7.5000   30.0000   15.0000 2525.8887   19.4105
   -7.5000   37.5000   15.0000 2386.6138   21.4495
    0.0000   37.5000   15.0000 2404.7493   21.4983
    7.5000   37.5000   15.0000 2384.7529   21.5531
   -7.5000   45.0000   15.0000 2219.9534   24.1617
    0.0000   45.0000   15.0000 2242.4797   24.1722
    7.5000   45.0000   15.0000 2221.7856   24.2391
   -7.5000  -45.0000   22.5000 2645.3584   16.7797
    0.0000  -45.0000   22.5000 2663.7844   16.5552
    7.5000  -45.0000   22.5000 2648.7249   16.7085
   -7.5000  -37.5000   22.5000 2743.8643   15.7164
    0.0000  -37.5000   22.5000 2765.5923   15.5164
    7.5000  -37.5000   22.5000 2747.4993   15.6466
   -7.5000  -30.0000   22.5000 2820.2417   15.0130
    0.0000  -30.0000   22.5000 2845.3545   14.8612
    7.5000  -30.0000   22.5000 2823.3291   14.9474
   -7.5000  -22.5000   22.5000 2873.6501   14.5401
    0.0000  -22.5000   22.5000 2904.9224   14.3813
    7.5000  -22.5000   22.5000 2873.8198   14.5200
   -7.5000  -15.0000   22.5000 2893.0774   14.2524
    0.0000  -15.0000   22.5000 2908.4417   13.9620
    7.5000  -15.0000   22.5000 2883.6033   14.2680
   -7.5000   -7.5000   22.5000 2889.3135   14.3506
    0.0000   -7.5000   22.5000 2921.9431   14.1644
    7.5000   -7.5000   22.5000 2892.8682   14.3749
   -7.5000    0.0000   22.5000 2859.1348   14.8886
    0.0000    0.0000   22.5000 2890.2788   14.7581
    7.5000    0.0000   22.5000 2868.0161   14.9307
   -7.5000    7.5000   22.5000 2808.0051   15.6529
    0.0000    7.5000   22.5000 2832.1689   15.5423
    7.5000    7.5000   22.5000 2812.6213   15.7020
   -7.5000   15.0000   22.5000 2725.2231   16.7081
    0.0000   15.0000   22.5000 2742.6238   16.6410
    7.5000   15.0000   22.5000 2729.6606   16.7684
   -7.5000   22.5000   22.5000 2618.3486   18.0560
    0.0000   22.5000   22.5000 2640.4119   18.0762
    7.5000   22.5000   22.5000 2622.4072   18.1717
   -7.5000   30.0000   22.5000 2498.8367   19.7335
    0.0000   30.0000   22.5000 2523.4761   19.7837
    7.5000   30.0000   22.5000 2502.6917   19.8636
   -7.5000   37.5000   22.5000 2358.5928   21.8556
    0.0000   37.5000   22.5000 2375.6582   21.8953
    7.5000   37.5000   22.5000 2361.5437   21.9470
   -7.5000   45.0000   22.5000 2200.8499   24.5655
    0.0000   45.0000   22.5000 2219.5413   24.5206
    7.5000   45.0000   22.5000 2205.1016   24.5799
   -7.5000  -45.0000   30.0000 2589.3250   17.5928
    0.0000  -45.0000   30.0000 2606.6946   17.3078
    7.5000  -45.0000   30.0000 2596.8569   17.5333
   -7.5000  -37.5000   30.0000 2683.5989   16.4539
    0.0000  -37.5000   30.0000 2702.0149   16.1924
    7.5000  -37.5000   30.0000 2691.4634   16.3944
   -7.5000  -30.0000   30.0000 2757.1931   15.6786
    0.0000  -30.0000   30.0000 2775.8606   15.4556
    7.5000  -30.0000   30.0000 2763.7400   15.6238
   -7.5000  -22.5000   30.0000 2813.3208   15.1575
    0.0000  -22.5000   30.0000 2833.4351   14.8923
    7.5000  -22.5000   30.0000 2814.9058   15.1601
   -7.5000  -15.0000   30.0000 2825.3479   14.8648
    0.0000  -15.0000   30.0000 2838.3599   14.6301
    7.5000  -15.0000   30.0000 2826.2729   14.9170
   -7.5000   -7.5000   30.0000 2821.3635   15.0781
    0.0000   -7.5000   30.0000 2846.0176   14.8881
    7.5000   -7.5000   30.0000 2828.5845   15.1175
   -7.5000    0.0000   30.0000 2801.6257   15.5643
    0.0000    0.0000   30.0000 2825.4131   15.3904
    7.5000    0.0000   30.0000 2805.6130   15.6068
   -7.5000    7.5000   30.0000 2757.2385   16.2814
    0.0000    7.5000   30.0000 2778.6404   16.1321
    7.5000    7.5000   30.0000 2760.3521   16.3167
   -7.5000   15.0000   30.0000 2678.0232   17.2637
    0.0000   15.0000   30.0000 2703.6226   17.1592
    7.5000   15.0000   30.0000 2682.8042   17.3268
   -7.5000   22.5000   30.0000 2581.1462   18.6276
    0.0000   22.5000   30.0000 2608.4097   18.6079
    7.5000   22.5000   30.0000 2587.6892   18.6889
   -7.5000   30.0000   30.0000 2469.5244   20.3789
    0.0000   30.0000   30.0000 2491.9399   20.3714
    7.5000   30.0000   30.0000 2476.0208   20.4294
   -7.5000   37.5000   30.0000 2325.0713   22.5243
    0.0000   37.5000   30.0000 2338.3979   22.5133
    7.5000   37.5000   30.0000 2332.4089   22.5508
   -7.5000   45.0000   30.0000 2172.5525   25.1971
    0.0000   45.0000   30.0000 2190.5935   25.2091
    7.5000   45.0000   30.0000 2176.2021   25.3055
   -7.5000  -45.0000   37.5000 2534.7036   18.5740
    0.0000  -45.0000   37.5000 2549.9282   18.1990
    7.5000  -45.0000   37.5000 2541.7515   18.4844
   -7.5000  -37.5000   37.5000 2624.7500   17.3643
    0.0000  -37.5000   37.5000 2641.1074   17.0314
    7.5000  -37.5000   37.5000 2635.6694   17.2792
   -7.5000  -30.0000   37.5000 2696.1899   16.5485
    0.0000  -30.0000   37.5000 2715.7200   16.2515
    7.5000  -30.0000   37.5000 2705.0764   16.4943
   -7.5000  -22.5000   37.5000 2743.9634   15.9826
    0.0000  -22.5000   37.5000 2760.4321   15.7000
    7.5000  -22.5000   37.5000 2743.4827   15.9726
   -7.5000  -15.0000   37.5000 2757.4958   15.7320
    0.0000  -15.0000   37.5000 2771.7173   15.5168
    7.5000  -15.0000   37.5000 2761.4644   15.7798
   -7.5000   -7.5000   37.5000 2747.5779   15.9812
    0.0000   -7.5000   37.5000 2766.5457   15.7923
    7.5000   -7.5000   37.5000 2756.5044   16.0123
   -7.5000    0.0000   37.5000 2722.1638   16.4492
    0.0000    0.0000   37.5000 2741.5696   16.2676
    7.5000    0.0000   37.5000 2729.9878   16.4886
   -7.5000    7.5000   37.5000 2685.8748   17.1150
    0.0000    7.5000   37.5000 2705.5295   16.9556
    7.5000    7.5000   37.5000 2690.5693   17.1766
   -7.5000   15.0000   37.5000 2620.7700   18.0325
    0.0000   15.0000   37.5000 2643.9202   17.9339
    7.5000   15.0000   37.5000 2624.4287   18.1188
   -7.5000   22.5000   37.5000 2535.4558   19.3823
    0.0000   22.5000   37.5000 2558.1011   19.3324
    7.5000   22.5000   37.5000 2539.9626   19.4583
   -7.5000   30.0000   37.5000 2424.0657   21.0808
    0.0000   30.0000   37.5000 2443.1338   21.0966
    7.5000   30.0000   37.5000 2427.8032   21.1530
   -7.5000   37.5000   37.5000 2286.4333   23.3428
    0.0000   37.5000   37.5000 2304.8665   23.3897
    7.5000   37.5000   37.5000 2291.3059   23.4717
   -7.5000   45.0000   37.5000 2147.4624   26.1616
    0.0000   45.0000   37.5000 2158.3459   26.1530
    7.5000   45.0000   37.5000 2150.2439   26.3046
   -7.5000  -45.0000   45.0000 2467.3909   19.7520
    0.0000  -45.0000   45.0000 2483.8547   19.2828
    7.5000  -45.0000   45.0000 2482.5442   19.6292
   -7.5000  -37.5000   45.0000 2551.4834   18.5210
    0.0000  -37.5000   45.0000 2573.1921   18.1420
    7.5000  -37.5000   45.0000 2564.3188   18.4111
   -7.5000  -30.0000   45.0000 2617.0811   17.6526
    0.0000  -30.0000   45.0000 2639.6296   17.3231
    7.5000  -30.0000   45.0000 2623.7483   17.5934
   -7.5000  -22.5000   45.0000 2659.1353   17.0387
    0.0000  -22.5000   45.0000 2680.2703   16.7908
    7.5000  -22.5000   45.0000 2660.6692   17.0305
   -7.5000  -15.0000   45.0000 2672.9146   16.7904
    0.0000  -15.0000   45.0000 2692.5190   16.6051
    7.5000  -15.0000   45.0000 2675.5186   16.8337
   -7.5000   -7.5000   45.0000 2665.6433   17.0339
    0.0000   -7.5000   45.0000 2685.7803   16.8634
    7.5000   -7.5000   45.0000 2675.6472   17.0447
   -7.5000    0.0000   45.0000 2638.5981   17.5171
    0.0000    0.0000   45.0000 2659.4282   17.3596
    7.5000    0.0000   45.0000 2650.9563   17.5400
   -7.5000    7.5000   45.0000 2597.6755   18.1589
    0.0000    7.5000   45.0000 2623.2288   18.0242
    7.5000    7.5000   45.0000 2608.3162   18.2095
   -7.5000   15.0000   45.0000 2546.4045   19.0347
    0.0000   15.0000   45.0000 2577.7991   18.9249
    7.5000   15.0000   45.0000 2556.3972   19.1229
   -7.5000   22.5000   45.0000 2472.9448   20.2787
    0.0000   22.5000   45.0000 2496.7720   20.2551
    7.5000   22.5000   45.0000 2476.9680   20.4170
   -7.5000   30.0000   45.0000 2363.0605   22.1033
    0.0000   30.0000   45.0000 2382.8376   22.1020
    7.5000   30.0000   45.0000 2363.7949   22.2181
   -7.5000   37.5000   45.0000 2237.7156   24.4688
    0.0000   37.5000   45.0000 2255.2412   24.5199
    7.5000   37.5000   45.0000 2243.8064   24.6094
   -7.5000   45.0000   45.0000 2102.7607   27.4620
    0.0000   45.0000   45.0000 2110.4866   27.4461
    7.5000   45.0000   45.0000 2106.9001   27.5511

---------------------------------------------------------------------
imgreg_4dfp /usr/local/freesurfer/average/711-2C_as_mni_average_305 /usr/local/freesurfer/average/711-2B_as_mni_average_305_mask talsrcimg_g11 none talsrcimg_to_711-2C_as_mni_average_305_t4 1283
---------------------------------------------------------------------

freesurfer imgreg_4dfp.c
/usr/local/freesurfer/average/711-2C_as_mni_average_305.4dfp.img
       256       256       256         1
  1.000000  1.000000  1.000000
orientation T byte_order littleendian
Reading image: /usr/local/freesurfer/average/711-2C_as_mni_average_305.4dfp.img
dimensions:      256       256       256
mmppix:       1.0000   -1.0000   -1.0000
center:     128.0000 -129.0000 -129.0000
/usr/local/freesurfer/average/711-2B_as_mni_average_305_mask.4dfp.img
       256       256       256         1
  1.000000  1.000000  1.000000
orientation T byte_order littleendian
Reading mask: /usr/local/freesurfer/average/711-2B_as_mni_average_305_mask.4dfp.img (2306576 pixels)
talsrcimg_g11.4dfp.img
       256       256       256         1
  1.000000  1.000000  1.000000
orientation T byte_order littleendian
Reading image: talsrcimg_g11.4dfp.img
dimensions:      256       256       256
mmppix:       1.0000   -1.0000   -1.0000
center:     128.0000 -129.0000 -129.0000
rotation matrix determinant  1.000000
fimgreg.f
image alignment mode   1283 decimal      503 hex
parameters
    0.0000  -15.0000    7.5000    0.0000    0.0000    0.0000
eta,q 0.94371 13.67563
niter,ni,del,rscale     5    3   12.0000    1.2000
parameter  4  2.166233 ->  0.500000 qaram    1.1500
parameters
   -0.1726  -14.5374    7.2027   -3.4500   -1.9206   -2.2094
eta,q 0.94874 13.59930
  0.0701  0.0676  0.0624  0.0491  0.0523  0.0523
  0.0603  0.0632  0.0575  0.0509  0.0510  0.0515
  0.0559  0.0589  0.0551  0.0531  0.0510  0.0512
  0.0564  0.0560  0.0554  0.0554  0.0515  0.0510
  0.0588  0.0559  0.0569  0.0593  0.0520  0.0526
  0.0630  0.0597  0.0590  0.0635  0.0537  0.0558
  0.0698  0.0658  0.0632  0.0664  0.0575  0.0595
niter,ni,del,rscale     5    3   12.0000    1.2000
parameter  4  2.261611 ->  0.500000 qaram    1.3225
parameters
    0.2461  -14.2642    7.7135   -7.4175   -1.8961   -3.4265
eta,q 0.95315 13.60715
  0.0652  0.0640  0.0594  0.0446  0.0537  0.0487
  0.0553  0.0569  0.0544  0.0464  0.0505  0.0471
  0.0511  0.0525  0.0523  0.0487  0.0479  0.0468
  0.0513  0.0517  0.0517  0.0516  0.0470  0.0470
  0.0537  0.0524  0.0517  0.0542  0.0482  0.0475
  0.0549  0.0562  0.0531  0.0576  0.0506  0.0488
  0.0597  0.0613  0.0569  0.0620  0.0533  0.0513
niter,ni,del,rscale     5    3   12.0000    1.2000
parameter  4  1.847150 ->  0.500000 qaram    1.5209
parameters
    0.1095  -13.7868    6.8292  -11.9801   -1.5481   -3.2673
eta,q 0.95778 13.68653
  0.0610  0.0588  0.0544  0.0413  0.0504  0.0487
  0.0530  0.0519  0.0487  0.0420  0.0475  0.0452
  0.0478  0.0475  0.0471  0.0435  0.0444  0.0429
  0.0468  0.0468  0.0470  0.0468  0.0423  0.0422
  0.0500  0.0487  0.0496  0.0500  0.0430  0.0426
  0.0544  0.0516  0.0539  0.0532  0.0460  0.0449
  0.0613  0.0539  0.0587  0.0562  0.0492  0.0479
niter,ni,del,rscale     5    3   12.0000    1.2000
parameter  4  0.588799 ->  0.500000 qaram    1.7490
parameters
    0.0564  -12.2751    6.0538  -17.2272   -1.3373   -2.9641
eta,q 0.96206 13.83117
  0.0597  0.0566  0.0519  0.0414  0.0490  0.0449
  0.0506  0.0506  0.0444  0.0383  0.0448  0.0413
  0.0439  0.0459  0.0414  0.0383  0.0401  0.0389
  0.0422  0.0422  0.0414  0.0410  0.0379  0.0380
  0.0452  0.0417  0.0449  0.0456  0.0399  0.0386
  0.0515  0.0447  0.0504  0.0502  0.0439  0.0405
  0.0596  0.0472  0.0572  0.0529  0.0475  0.0435
niter,ni,del,rscale     5    3   12.0000    1.2000
parameters
   -0.0605  -11.0397    4.8494  -18.3566   -1.0037   -2.7416
eta,q 0.96410 13.78515
  0.0585  0.0565  0.0463  0.0472  0.0474  0.0431
  0.0481  0.0497  0.0387  0.0404  0.0425  0.0397
  0.0402  0.0427  0.0367  0.0368  0.0378  0.0370
  0.0379  0.0379  0.0373  0.0365  0.0359  0.0359
  0.0415  0.0381  0.0416  0.0403  0.0373  0.0366
  0.0494  0.0426  0.0478  0.0454  0.0411  0.0389
  0.0597  0.0463  0.0552  0.0507  0.0450  0.0422
niter,ni,del,rscale     4    3   12.0000    1.2000
parameters
   -0.0875  -10.5800    4.6143  -18.9159   -0.9828   -2.6659
eta,q 0.96427 13.75927
  0.0580  0.0521  0.0508  0.0488  0.0458  0.0427
  0.0471  0.0452  0.0408  0.0412  0.0410  0.0392
  0.0384  0.0390  0.0365  0.0368  0.0369  0.0367
  0.0359  0.0359  0.0360  0.0359  0.0357  0.0357
  0.0398  0.0386  0.0390  0.0397  0.0373  0.0365
  0.0473  0.0433  0.0443  0.0444  0.0412  0.0389
  0.0579  0.0474  0.0513  0.0500  0.0453  0.0424
niter,ni,del,rscale     3    3   12.0000    1.2000
parameters
   -0.0440  -10.4016    4.4622  -19.1740   -1.0273   -2.6377
eta,q 0.96429 13.74579
  0.0581  0.0509  0.0514  0.0497  0.0454  0.0426
  0.0471  0.0439  0.0410  0.0420  0.0406  0.0391
  0.0383  0.0380  0.0364  0.0368  0.0367  0.0366
  0.0357  0.0357  0.0358  0.0358  0.0357  0.0357
  0.0395  0.0389  0.0388  0.0393  0.0373  0.0365
  0.0466  0.0435  0.0442  0.0439  0.0411  0.0389
  0.0570  0.0484  0.0509  0.0496  0.0453  0.0425
niter,ni,del,rscale     2    3   12.0000    1.2000
parameters
   -0.0088  -10.3330    4.3862  -19.2937   -1.0604   -2.6320
eta,q 0.96428 13.73983
  0.0579  0.0504  0.0520  0.0500  0.0453  0.0425
  0.0468  0.0434  0.0414  0.0424  0.0405  0.0390
  0.0382  0.0376  0.0364  0.0369  0.0367  0.0365
  0.0357  0.0357  0.0358  0.0357  0.0357  0.0357
  0.0395  0.0390  0.0387  0.0391  0.0372  0.0365
  0.0465  0.0436  0.0441  0.0437  0.0409  0.0390
  0.0569  0.0489  0.0507  0.0494  0.0452  0.0425
niter,ni,del,rscale     1    3   12.0000    1.2000
parameters
    0.0086  -10.3072    4.3507  -19.3499   -1.0759   -2.6301
eta,q 0.96428 13.73723
  0.0577  0.0502  0.0523  0.0502  0.0453  0.0425
  0.0466  0.0433  0.0416  0.0425  0.0405  0.0390
  0.0381  0.0375  0.0364  0.0369  0.0368  0.0365
  0.0357  0.0357  0.0357  0.0357  0.0357  0.0357
  0.0395  0.0390  0.0386  0.0390  0.0371  0.0365
  0.0465  0.0437  0.0440  0.0436  0.0408  0.0389
  0.0569  0.0491  0.0506  0.0493  0.0451  0.0425
registration optimization eta report
parameter search radius
    6.0000    6.0000    6.0000   10.4940    6.0000    6.0000
100000*second partial in parameter space
       59.       37.       44.       12.       26.       19.
  0.0577  0.0502  0.0523  0.0502  0.0453  0.0425
  0.0466  0.0433  0.0416  0.0425  0.0405  0.0390
  0.0381  0.0375  0.0364  0.0369  0.0368  0.0365
  0.0357  0.0357  0.0357  0.0357  0.0357  0.0357
  0.0395  0.0390  0.0386  0.0390  0.0371  0.0365
  0.0465  0.0437  0.0440  0.0436  0.0408  0.0389
  0.0569  0.0491  0.0506  0.0493  0.0451  0.0425
    0.0086  -10.3072    4.3507  -19.3499   -1.0759   -2.6301
eta,q 0.96428 13.73723

---------------------------------------------------------------------
imgreg_4dfp /usr/local/freesurfer/average/711-2C_as_mni_average_305 /usr/local/freesurfer/average/711-2B_as_mni_average_305_mask talsrcimg_g11 none talsrcimg_to_711-2C_as_mni_average_305_t4 3335
---------------------------------------------------------------------

freesurfer imgreg_4dfp.c
/usr/local/freesurfer/average/711-2C_as_mni_average_305.4dfp.img
       256       256       256         1
  1.000000  1.000000  1.000000
orientation T byte_order littleendian
Reading image: /usr/local/freesurfer/average/711-2C_as_mni_average_305.4dfp.img
dimensions:      256       256       256
mmppix:       1.0000   -1.0000   -1.0000
center:     128.0000 -129.0000 -129.0000
/usr/local/freesurfer/average/711-2B_as_mni_average_305_mask.4dfp.img
       256       256       256         1
  1.000000  1.000000  1.000000
orientation T byte_order littleendian
Reading mask: /usr/local/freesurfer/average/711-2B_as_mni_average_305_mask.4dfp.img (2306576 pixels)
talsrcimg_g11.4dfp.img
       256       256       256         1
  1.000000  1.000000  1.000000
orientation T byte_order littleendian
Reading image: talsrcimg_g11.4dfp.img
dimensions:      256       256       256
mmppix:       1.0000   -1.0000   -1.0000
center:     128.0000 -129.0000 -129.0000
fimgreg.f
image alignment mode   3335 decimal      D07 hex
parameters
    0.0086  -10.3072    4.3507   -0.1229   -5.7195   -5.6653
    3.7080    3.2901   -4.5879   33.0174   -1.8777  -33.1277
eta,q 0.96447 13.73141
niter,ni,del,rscale     5    3    5.0000    1.2000
parameter  4  1.503429 ->  0.500000 qaram    1.1500
parameter  5  1.096830 ->  0.500000 qaram    1.1500
parameter 10  0.531663 ->  0.500000 qaram    1.1500
parameters
   -0.0278  -10.0717    3.8093   -4.2629   -9.8595   -7.5560
    3.1769    3.6081   -2.5450   28.8774   -1.5191  -34.0616
eta,q 0.97573 13.53629
  0.0394  0.0388  0.0372  0.0277  0.0242  0.0281  0.0289  0.0330  0.0290  0.0250  0.0260  0.0262
  0.0374  0.0371  0.0358  0.0283  0.0247  0.0269  0.0271  0.0293  0.0274  0.0245  0.0252  0.0247
  0.0360  0.0360  0.0352  0.0309  0.0262  0.0258  0.0259  0.0268  0.0263  0.0246  0.0247  0.0242
  0.0355  0.0355  0.0355  0.0352  0.0288  0.0250  0.0256  0.0256  0.0256  0.0254  0.0244  0.0244
  0.0360  0.0356  0.0364  0.0407  0.0326  0.0266  0.0263  0.0260  0.0254  0.0271  0.0245  0.0250
  0.0374  0.0364  0.0377  0.0463  0.0371  0.0311  0.0278  0.0281  0.0257  0.0297  0.0250  0.0258
  0.0398  0.0377  0.0395  0.0511  0.0418  0.0374  0.0300  0.0322  0.0266  0.0335  0.0258  0.0268
niter,ni,del,rscale     7    3    5.0000    1.2000
parameters
   -0.1844   -9.0650    3.3331   -7.7162  -12.7194   -7.7290
    3.0412    3.7676   -2.0718   29.5217   -2.3556  -37.5996
eta,q 0.97783 13.33919
  0.0282  0.0289  0.0249  0.0247  0.0251  0.0258  0.0259  0.0275  0.0253  0.0273  0.0234  0.0232
  0.0259  0.0269  0.0240  0.0239  0.0236  0.0248  0.0243  0.0251  0.0241  0.0251  0.0231  0.0223
  0.0245  0.0253  0.0236  0.0231  0.0229  0.0238  0.0233  0.0236  0.0233  0.0236  0.0230  0.0223
  0.0243  0.0242  0.0237  0.0236  0.0233  0.0229  0.0230  0.0230  0.0230  0.0230  0.0229  0.0229
  0.0250  0.0237  0.0242  0.0263  0.0252  0.0224  0.0234  0.0232  0.0231  0.0232  0.0230  0.0239
  0.0267  0.0239  0.0251  0.0309  0.0288  0.0238  0.0245  0.0246  0.0237  0.0242  0.0233  0.0250
  0.0292  0.0248  0.0264  0.0364  0.0332  0.0275  0.0262  0.0274  0.0248  0.0262  0.0238  0.0262
niter,ni,del,rscale     6    3    5.0000    1.2000
parameters
   -0.1650   -8.8236    3.0544   -8.5760  -14.1555   -8.4551
    2.7733    3.9453   -2.3241   30.4024   -3.1583  -38.5238
eta,q 0.97763 13.25166
  0.0259  0.0256  0.0237  0.0251  0.0259  0.0255  0.0254  0.0269  0.0245  0.0272  0.0232  0.0246
  0.0239  0.0239  0.0227  0.0240  0.0240  0.0242  0.0239  0.0245  0.0234  0.0248  0.0227  0.0229
  0.0226  0.0228  0.0222  0.0230  0.0227  0.0232  0.0229  0.0231  0.0228  0.0232  0.0225  0.0223
  0.0222  0.0222  0.0221  0.0221  0.0223  0.0224  0.0226  0.0226  0.0226  0.0226  0.0226  0.0225
  0.0226  0.0222  0.0225  0.0221  0.0234  0.0225  0.0229  0.0229  0.0228  0.0228  0.0227  0.0233
  0.0238  0.0230  0.0234  0.0242  0.0263  0.0245  0.0241  0.0241  0.0236  0.0238  0.0230  0.0242
  0.0258  0.0245  0.0246  0.0282  0.0303  0.0283  0.0259  0.0266  0.0248  0.0255  0.0235  0.0254
niter,ni,del,rscale     5    3    5.0000    1.2000
parameters
   -0.1257   -8.6606    2.6359   -8.4330  -14.5747   -8.9131
    2.6989    4.0179   -2.5374   30.9055   -2.9227  -38.9807
eta,q 0.97766 13.24210
  0.0257  0.0254  0.0235  0.0254  0.0267  0.0256  0.0255  0.0267  0.0243  0.0267  0.0234  0.0251
  0.0239  0.0239  0.0227  0.0242  0.0247  0.0243  0.0238  0.0244  0.0233  0.0243  0.0228  0.0231
  0.0228  0.0228  0.0223  0.0233  0.0231  0.0231  0.0228  0.0229  0.0226  0.0229  0.0225  0.0223
  0.0224  0.0224  0.0224  0.0223  0.0222  0.0223  0.0224  0.0224  0.0224  0.0224  0.0224  0.0224
  0.0227  0.0225  0.0228  0.0218  0.0226  0.0222  0.0227  0.0228  0.0227  0.0228  0.0225  0.0231
  0.0237  0.0233  0.0236  0.0230  0.0248  0.0241  0.0239  0.0241  0.0234  0.0239  0.0228  0.0241
  0.0255  0.0247  0.0246  0.0263  0.0284  0.0278  0.0257  0.0266  0.0246  0.0256  0.0232  0.0252
niter,ni,del,rscale     4    3    5.0000    1.2000
parameters
   -0.1352   -8.6596    2.4277   -8.3381  -14.6877   -9.1431
    2.7821    3.9979   -2.5736   31.1486   -2.7798  -39.1734
eta,q 0.97766 13.24086
  0.0255  0.0249  0.0238  0.0254  0.0269  0.0258  0.0256  0.0267  0.0243  0.0264  0.0233  0.0254
  0.0238  0.0235  0.0228  0.0242  0.0249  0.0245  0.0239  0.0243  0.0233  0.0241  0.0228  0.0233
  0.0227  0.0227  0.0224  0.0233  0.0232  0.0232  0.0228  0.0229  0.0226  0.0227  0.0225  0.0223
  0.0223  0.0223  0.0223  0.0223  0.0223  0.0223  0.0224  0.0224  0.0224  0.0224  0.0224  0.0224
  0.0227  0.0226  0.0227  0.0218  0.0225  0.0221  0.0226  0.0228  0.0226  0.0229  0.0225  0.0231
  0.0238  0.0235  0.0233  0.0231  0.0244  0.0238  0.0237  0.0242  0.0233  0.0240  0.0228  0.0240
  0.0256  0.0250  0.0243  0.0264  0.0279  0.0275  0.0255  0.0268  0.0244  0.0258  0.0232  0.0251
niter,ni,del,rscale     3    3    5.0000    1.2000
parameters
   -0.1526   -8.6618    2.3292   -8.3184  -14.7196   -9.2508
    2.8113    3.9735   -2.5799   31.2619   -2.7287  -39.2600
eta,q 0.97766 13.23978
  0.0255  0.0249  0.0240  0.0254  0.0270  0.0259  0.0255  0.0267  0.0243  0.0263  0.0233  0.0255
  0.0238  0.0235  0.0229  0.0242  0.0250  0.0246  0.0239  0.0243  0.0233  0.0240  0.0228  0.0234
  0.0227  0.0227  0.0224  0.0233  0.0233  0.0233  0.0228  0.0229  0.0226  0.0227  0.0225  0.0223
  0.0223  0.0223  0.0223  0.0223  0.0223  0.0223  0.0224  0.0224  0.0224  0.0224  0.0224  0.0224
  0.0227  0.0226  0.0226  0.0219  0.0225  0.0221  0.0227  0.0228  0.0226  0.0229  0.0225  0.0230
  0.0238  0.0235  0.0232  0.0231  0.0244  0.0237  0.0238  0.0242  0.0233  0.0240  0.0228  0.0240
  0.0256  0.0249  0.0241  0.0265  0.0278  0.0273  0.0256  0.0269  0.0244  0.0259  0.0233  0.0251
niter,ni,del,rscale     2    3    5.0000    1.2000
parameters
   -0.1616   -8.6623    2.2819   -8.3142  -14.7340   -9.3028
    2.8160    3.9629   -2.5841   31.3128   -2.7140  -39.3027
eta,q 0.97765 13.23898
  0.0256  0.0249  0.0241  0.0254  0.0270  0.0260  0.0255  0.0267  0.0243  0.0262  0.0233  0.0256
  0.0238  0.0235  0.0230  0.0242  0.0250  0.0246  0.0239  0.0244  0.0233  0.0240  0.0228  0.0234
  0.0227  0.0227  0.0225  0.0233  0.0233  0.0233  0.0228  0.0229  0.0226  0.0227  0.0225  0.0224
  0.0223  0.0224  0.0224  0.0223  0.0223  0.0223  0.0224  0.0224  0.0224  0.0224  0.0224  0.0224
  0.0227  0.0226  0.0226  0.0219  0.0225  0.0221  0.0227  0.0228  0.0226  0.0229  0.0225  0.0230
  0.0238  0.0235  0.0232  0.0232  0.0244  0.0236  0.0238  0.0242  0.0233  0.0241  0.0228  0.0240
  0.0256  0.0249  0.0241  0.0265  0.0278  0.0272  0.0256  0.0269  0.0244  0.0259  0.0233  0.0251
niter,ni,del,rscale     1    3    5.0000    1.2000
parameters
   -0.1660   -8.6630    2.2599   -8.3114  -14.7382   -9.3283
    2.8209    3.9589   -2.5927   31.3364   -2.7011  -39.3202
eta,q 0.97764 13.23872
  0.0256  0.0249  0.0241  0.0254  0.0271  0.0260  0.0255  0.0267  0.0243  0.0262  0.0233  0.0256
  0.0238  0.0235  0.0230  0.0242  0.0250  0.0246  0.0239  0.0244  0.0233  0.0240  0.0228  0.0235
  0.0227  0.0227  0.0225  0.0233  0.0233  0.0233  0.0228  0.0229  0.0226  0.0227  0.0225  0.0224
  0.0224  0.0224  0.0224  0.0224  0.0224  0.0224  0.0224  0.0224  0.0224  0.0224  0.0224  0.0224
  0.0227  0.0226  0.0226  0.0219  0.0225  0.0221  0.0227  0.0228  0.0226  0.0229  0.0225  0.0230
  0.0238  0.0235  0.0232  0.0232  0.0244  0.0236  0.0238  0.0242  0.0233  0.0241  0.0228  0.0240
  0.0256  0.0249  0.0241  0.0266  0.0278  0.0272  0.0256  0.0269  0.0244  0.0260  0.0233  0.0251
registration optimization eta report
parameter search radius
    2.4000    2.4000    2.4000    8.2800    8.2800    7.2000
    7.2000    7.2000    7.2000    8.2800    7.2000    7.2000
100000*second partial in parameter space
       57.       44.       30.        5.        7.        8.
        6.        9.        4.        5.        2.        6.
  0.0256  0.0249  0.0241  0.0254  0.0271  0.0260  0.0255  0.0267  0.0243  0.0262  0.0233  0.0256
  0.0238  0.0235  0.0230  0.0242  0.0250  0.0246  0.0239  0.0244  0.0233  0.0240  0.0228  0.0235
  0.0227  0.0227  0.0225  0.0233  0.0233  0.0233  0.0228  0.0229  0.0226  0.0227  0.0225  0.0224
  0.0224  0.0224  0.0224  0.0224  0.0224  0.0224  0.0224  0.0224  0.0224  0.0224  0.0224  0.0224
  0.0227  0.0226  0.0226  0.0219  0.0225  0.0221  0.0227  0.0228  0.0226  0.0229  0.0225  0.0230
  0.0238  0.0235  0.0232  0.0232  0.0244  0.0236  0.0238  0.0242  0.0233  0.0241  0.0228  0.0240
  0.0256  0.0249  0.0241  0.0266  0.0278  0.0272  0.0256  0.0269  0.0244  0.0260  0.0233  0.0251
   -0.1660   -8.6630    2.2599   -8.3114  -14.7382   -9.3283
    2.8209    3.9589   -2.5927   31.3364   -2.7011  -39.3202
eta,q 0.97764 13.23872

---------------------------------------------------------------------
imgreg_4dfp /usr/local/freesurfer/average/711-2C_as_mni_average_305 /usr/local/freesurfer/average/711-2B_as_mni_average_305_mask talsrcimg_g11 none talsrcimg_to_711-2C_as_mni_average_305_t4 2311
---------------------------------------------------------------------

freesurfer imgreg_4dfp.c
/usr/local/freesurfer/average/711-2C_as_mni_average_305.4dfp.img
       256       256       256         1
  1.000000  1.000000  1.000000
orientation T byte_order littleendian
Reading image: /usr/local/freesurfer/average/711-2C_as_mni_average_305.4dfp.img
dimensions:      256       256       256
mmppix:       1.0000   -1.0000   -1.0000
center:     128.0000 -129.0000 -129.0000
/usr/local/freesurfer/average/711-2B_as_mni_average_305_mask.4dfp.img
       256       256       256         1
  1.000000  1.000000  1.000000
orientation T byte_order littleendian
Reading mask: /usr/local/freesurfer/average/711-2B_as_mni_average_305_mask.4dfp.img (2306576 pixels)
talsrcimg_g11.4dfp.img
       256       256       256         1
  1.000000  1.000000  1.000000
orientation T byte_order littleendian
Reading image: talsrcimg_g11.4dfp.img
dimensions:      256       256       256
mmppix:       1.0000   -1.0000   -1.0000
center:     128.0000 -129.0000 -129.0000
fimgreg.f
image alignment mode   2311 decimal      907 hex
parameters
   -0.1660   -8.6630    2.2599   -8.3114  -14.7382   -9.3283
    2.8209    3.9589   -2.5927   31.3364   -2.7011  -39.3202
eta,q 0.97764 13.23871
niter,ni,del,rscale     5    3    5.0000    0.8000
parameters
   -0.1610   -8.6506    2.1733   -6.2718  -14.4852   -8.9548
    2.7488    4.0940   -2.4519   31.8930   -2.1291  -39.1833
eta,q 0.97821 13.36678
  0.0238  0.0235  0.0231  0.0240  0.0240  0.0242  0.0236  0.0245  0.0230  0.0237  0.0227  0.0237
  0.0230  0.0229  0.0226  0.0235  0.0230  0.0232  0.0226  0.0231  0.0223  0.0227  0.0223  0.0225
  0.0225  0.0225  0.0224  0.0229  0.0223  0.0224  0.0220  0.0222  0.0220  0.0220  0.0219  0.0219
  0.0224  0.0224  0.0224  0.0224  0.0219  0.0219  0.0218  0.0218  0.0218  0.0218  0.0218  0.0218
  0.0225  0.0225  0.0225  0.0219  0.0220  0.0218  0.0220  0.0220  0.0219  0.0219  0.0218  0.0221
  0.0230  0.0229  0.0228  0.0220  0.0226  0.0223  0.0227  0.0228  0.0222  0.0223  0.0220  0.0226
  0.0238  0.0235  0.0232  0.0227  0.0238  0.0239  0.0237  0.0243  0.0228  0.0229  0.0224  0.0232
niter,ni,del,rscale     4    3    5.0000    0.7000
parameters
   -0.1869   -8.7386    2.3372   -6.5024  -14.2125   -8.2534
    2.9321    4.0348   -2.4191   32.1089   -2.1965  -38.9352
eta,q 0.97835 13.40052
  0.0232  0.0226  0.0227  0.0231  0.0234  0.0239  0.0232  0.0237  0.0225  0.0229  0.0222  0.0232
  0.0224  0.0221  0.0222  0.0226  0.0227  0.0230  0.0224  0.0226  0.0220  0.0222  0.0219  0.0223
  0.0219  0.0219  0.0219  0.0221  0.0221  0.0223  0.0219  0.0219  0.0217  0.0218  0.0217  0.0218
  0.0218  0.0218  0.0218  0.0218  0.0218  0.0218  0.0216  0.0216  0.0216  0.0216  0.0216  0.0216
  0.0220  0.0219  0.0218  0.0219  0.0218  0.0216  0.0218  0.0219  0.0217  0.0217  0.0217  0.0218
  0.0225  0.0223  0.0220  0.0226  0.0223  0.0219  0.0222  0.0226  0.0220  0.0221  0.0219  0.0222
  0.0233  0.0229  0.0223  0.0238  0.0232  0.0231  0.0230  0.0239  0.0225  0.0226  0.0223  0.0228
niter,ni,del,rscale     3    3    5.0000    0.6000
parameters
   -0.1979   -8.7621    2.4832   -6.4233  -14.1817   -7.7672
    2.9011    4.0204   -2.4284   32.1713   -2.3494  -38.7590
eta,q 0.97847 13.42183
  0.0227  0.0223  0.0223  0.0228  0.0227  0.0233  0.0226  0.0232  0.0221  0.0224  0.0220  0.0227
  0.0221  0.0219  0.0220  0.0224  0.0222  0.0226  0.0220  0.0223  0.0218  0.0219  0.0217  0.0220
  0.0218  0.0217  0.0217  0.0219  0.0218  0.0220  0.0217  0.0217  0.0216  0.0216  0.0216  0.0216
  0.0217  0.0216  0.0216  0.0216  0.0216  0.0216  0.0215  0.0215  0.0215  0.0215  0.0215  0.0215
  0.0218  0.0217  0.0217  0.0217  0.0217  0.0215  0.0217  0.0217  0.0216  0.0216  0.0216  0.0217
  0.0221  0.0220  0.0218  0.0221  0.0221  0.0218  0.0220  0.0223  0.0218  0.0219  0.0218  0.0220
  0.0227  0.0224  0.0220  0.0229  0.0228  0.0228  0.0226  0.0233  0.0221  0.0224  0.0221  0.0224
niter,ni,del,rscale     2    3    5.0000    0.5000
parameters
   -0.1987   -8.7774    2.6026   -6.3180  -14.1581   -7.3825
    2.8600    4.0302   -2.4248   32.2460   -2.4733  -38.6267
eta,q 0.97854 13.43995
  0.0223  0.0220  0.0220  0.0225  0.0223  0.0228  0.0222  0.0227  0.0219  0.0221  0.0218  0.0222
  0.0219  0.0217  0.0218  0.0221  0.0219  0.0222  0.0218  0.0220  0.0216  0.0217  0.0216  0.0218
  0.0216  0.0216  0.0216  0.0217  0.0217  0.0218  0.0215  0.0216  0.0215  0.0215  0.0215  0.0215
  0.0215  0.0215  0.0215  0.0215  0.0215  0.0215  0.0215  0.0215  0.0215  0.0215  0.0215  0.0215
  0.0216  0.0216  0.0216  0.0216  0.0216  0.0214  0.0215  0.0216  0.0215  0.0215  0.0215  0.0215
  0.0219  0.0218  0.0217  0.0219  0.0218  0.0217  0.0218  0.0220  0.0216  0.0217  0.0216  0.0218
  0.0223  0.0221  0.0218  0.0225  0.0223  0.0224  0.0222  0.0227  0.0219  0.0220  0.0219  0.0221
niter,ni,del,rscale     1    3    5.0000    0.4000
parameters
   -0.1983   -8.7964    2.6964   -6.2518  -14.1310   -7.0443
    2.8291    4.0270   -2.4380   32.3057   -2.5956  -38.4827
eta,q 0.97859 13.45331
  0.0220  0.0218  0.0218  0.0221  0.0220  0.0223  0.0219  0.0222  0.0217  0.0218  0.0216  0.0219
  0.0217  0.0216  0.0216  0.0218  0.0217  0.0220  0.0216  0.0218  0.0215  0.0216  0.0215  0.0216
  0.0215  0.0215  0.0215  0.0216  0.0215  0.0217  0.0215  0.0215  0.0214  0.0215  0.0214  0.0215
  0.0215  0.0215  0.0215  0.0215  0.0215  0.0215  0.0214  0.0214  0.0214  0.0214  0.0214  0.0214
  0.0215  0.0215  0.0215  0.0215  0.0215  0.0214  0.0215  0.0215  0.0214  0.0214  0.0214  0.0214
  0.0217  0.0216  0.0215  0.0217  0.0217  0.0216  0.0216  0.0218  0.0215  0.0216  0.0215  0.0216
  0.0220  0.0218  0.0217  0.0221  0.0220  0.0220  0.0219  0.0223  0.0217  0.0218  0.0217  0.0218
registration optimization eta report
parameter search radius
    0.8000    0.8000    0.8000    2.4000    2.4000    2.4000
    2.4000    2.4000    2.4000    2.4000    2.4000    2.4000
100000*second partial in parameter space
       78.       51.       42.       11.        9.       13.
        9.       15.        5.        7.        4.        8.
  0.0220  0.0218  0.0218  0.0221  0.0220  0.0223  0.0219  0.0222  0.0217  0.0218  0.0216  0.0219
  0.0217  0.0216  0.0216  0.0218  0.0217  0.0220  0.0216  0.0218  0.0215  0.0216  0.0215  0.0216
  0.0215  0.0215  0.0215  0.0216  0.0215  0.0217  0.0215  0.0215  0.0214  0.0215  0.0214  0.0215
  0.0215  0.0215  0.0215  0.0215  0.0215  0.0215  0.0214  0.0214  0.0214  0.0214  0.0214  0.0214
  0.0215  0.0215  0.0215  0.0215  0.0215  0.0214  0.0215  0.0215  0.0214  0.0214  0.0214  0.0214
  0.0217  0.0216  0.0215  0.0217  0.0217  0.0216  0.0216  0.0218  0.0215  0.0216  0.0215  0.0216
  0.0220  0.0218  0.0217  0.0221  0.0220  0.0220  0.0219  0.0223  0.0217  0.0218  0.0217  0.0218
   -0.1983   -8.7964    2.6964   -6.2518  -14.1310   -7.0443
    2.8291    4.0270   -2.4380   32.3057   -2.5956  -38.4827
eta,q 0.97859 13.45331

---------------------------------------------------------------------
imgreg_4dfp /usr/local/freesurfer/average/711-2C_as_mni_average_305 /usr/local/freesurfer/average/711-2B_as_mni_average_305_mask talsrcimg_g11 none talsrcimg_to_711-2C_as_mni_average_305_t4 2311
---------------------------------------------------------------------

freesurfer imgreg_4dfp.c
/usr/local/freesurfer/average/711-2C_as_mni_average_305.4dfp.img
       256       256       256         1
  1.000000  1.000000  1.000000
orientation T byte_order littleendian
Reading image: /usr/local/freesurfer/average/711-2C_as_mni_average_305.4dfp.img
dimensions:      256       256       256
mmppix:       1.0000   -1.0000   -1.0000
center:     128.0000 -129.0000 -129.0000
/usr/local/freesurfer/average/711-2B_as_mni_average_305_mask.4dfp.img
       256       256       256         1
  1.000000  1.000000  1.000000
orientation T byte_order littleendian
Reading mask: /usr/local/freesurfer/average/711-2B_as_mni_average_305_mask.4dfp.img (2306576 pixels)
talsrcimg_g11.4dfp.img
       256       256       256         1
  1.000000  1.000000  1.000000
orientation T byte_order littleendian
Reading image: talsrcimg_g11.4dfp.img
dimensions:      256       256       256
mmppix:       1.0000   -1.0000   -1.0000
center:     128.0000 -129.0000 -129.0000
fimgreg.f
image alignment mode   2311 decimal      907 hex
parameters
   -0.1983   -8.7964    2.6964   -6.2518  -14.1310   -7.0443
    2.8291    4.0270   -2.4380   32.3057   -2.5956  -38.4827
eta,q 0.97859 13.45331
niter,ni,del,rscale     5    3    5.0000    0.8000
parameters
   -0.1911   -8.8215    2.8366   -6.8114  -14.3386   -7.4476
    2.8503    4.0104   -2.4389   31.7587   -2.6114  -38.5167
eta,q 0.97845 13.40324
  0.0234  0.0226  0.0227  0.0230  0.0232  0.0237  0.0233  0.0243  0.0226  0.0227  0.0223  0.0232
  0.0223  0.0220  0.0220  0.0224  0.0223  0.0228  0.0224  0.0229  0.0220  0.0220  0.0219  0.0221
  0.0216  0.0215  0.0216  0.0217  0.0217  0.0220  0.0218  0.0220  0.0217  0.0216  0.0216  0.0216
  0.0214  0.0214  0.0214  0.0214  0.0215  0.0215  0.0216  0.0216  0.0216  0.0216  0.0216  0.0216
  0.0216  0.0216  0.0215  0.0217  0.0216  0.0215  0.0218  0.0219  0.0217  0.0219  0.0216  0.0218
  0.0223  0.0220  0.0218  0.0227  0.0223  0.0229  0.0224  0.0228  0.0220  0.0225  0.0219  0.0223
  0.0234  0.0227  0.0223  0.0246  0.0237  0.0255  0.0233  0.0245  0.0226  0.0234  0.0223  0.0230
niter,ni,del,rscale     4    3    5.0000    0.7000
parameters
   -0.1836   -8.7389    2.7233   -6.6493  -14.2664   -7.5989
    2.8262    4.0723   -2.3972   31.8425   -2.5497  -38.6191
eta,q 0.97847 13.40806
  0.0230  0.0226  0.0222  0.0231  0.0230  0.0233  0.0229  0.0237  0.0224  0.0228  0.0222  0.0228
  0.0222  0.0221  0.0218  0.0225  0.0223  0.0226  0.0222  0.0226  0.0219  0.0221  0.0218  0.0220
  0.0217  0.0217  0.0216  0.0219  0.0218  0.0219  0.0217  0.0219  0.0216  0.0217  0.0216  0.0216
  0.0216  0.0216  0.0215  0.0215  0.0215  0.0215  0.0215  0.0215  0.0215  0.0215  0.0215  0.0215
  0.0217  0.0216  0.0217  0.0215  0.0216  0.0215  0.0217  0.0217  0.0216  0.0217  0.0216  0.0218
  0.0222  0.0219  0.0220  0.0220  0.0221  0.0223  0.0222  0.0224  0.0219  0.0220  0.0218  0.0222
  0.0230  0.0224  0.0224  0.0231  0.0231  0.0242  0.0230  0.0237  0.0223  0.0226  0.0221  0.0227
niter,ni,del,rscale     3    3    5.0000    0.6000
parameters
   -0.1843   -8.7533    2.6838   -6.4760  -14.2114   -7.4965
    2.8350    4.0816   -2.4030   32.0011   -2.5320  -38.6244
eta,q 0.97852 13.42333
  0.0226  0.0222  0.0220  0.0228  0.0226  0.0230  0.0226  0.0231  0.0221  0.0225  0.0220  0.0225
  0.0220  0.0218  0.0217  0.0223  0.0221  0.0224  0.0220  0.0223  0.0218  0.0219  0.0217  0.0219
  0.0216  0.0216  0.0216  0.0218  0.0217  0.0219  0.0216  0.0217  0.0216  0.0216  0.0215  0.0215
  0.0215  0.0215  0.0215  0.0215  0.0215  0.0215  0.0215  0.0215  0.0215  0.0215  0.0215  0.0215
  0.0217  0.0216  0.0216  0.0215  0.0216  0.0214  0.0216  0.0217  0.0216  0.0216  0.0215  0.0216
  0.0220  0.0219  0.0218  0.0219  0.0219  0.0219  0.0220  0.0222  0.0218  0.0218  0.0217  0.0220
  0.0226  0.0223  0.0221  0.0227  0.0227  0.0232  0.0226  0.0232  0.0221  0.0223  0.0220  0.0224
niter,ni,del,rscale     2    3    5.0000    0.5000
parameters
   -0.1875   -8.7695    2.6988   -6.3448  -14.1703   -7.2792
    2.8350    4.0737   -2.4110   32.1491   -2.5545  -38.5698
eta,q 0.97856 13.43924
  0.0222  0.0220  0.0219  0.0224  0.0223  0.0227  0.0222  0.0227  0.0219  0.0221  0.0218  0.0222
  0.0218  0.0217  0.0217  0.0220  0.0219  0.0222  0.0218  0.0220  0.0216  0.0217  0.0216  0.0217
  0.0216  0.0215  0.0215  0.0217  0.0216  0.0217  0.0215  0.0216  0.0215  0.0215  0.0215  0.0215
  0.0215  0.0215  0.0215  0.0215  0.0215  0.0215  0.0214  0.0214  0.0214  0.0214  0.0214  0.0214
  0.0216  0.0215  0.0215  0.0215  0.0215  0.0214  0.0215  0.0216  0.0215  0.0215  0.0215  0.0215
  0.0218  0.0217  0.0217  0.0218  0.0218  0.0217  0.0218  0.0220  0.0216  0.0217  0.0216  0.0217
  0.0222  0.0220  0.0219  0.0224  0.0223  0.0225  0.0222  0.0227  0.0219  0.0220  0.0218  0.0221
niter,ni,del,rscale     1    3    5.0000    0.4000
parameters
   -0.1922   -8.7902    2.7379   -6.2605  -14.1355   -7.0078
    2.8262    4.0533   -2.4282   32.2694   -2.6138  -38.4634
eta,q 0.97860 13.45299
  0.0219  0.0217  0.0217  0.0221  0.0219  0.0223  0.0219  0.0222  0.0217  0.0219  0.0216  0.0219
  0.0217  0.0216  0.0216  0.0218  0.0217  0.0219  0.0216  0.0218  0.0215  0.0216  0.0215  0.0216
  0.0215  0.0215  0.0215  0.0216  0.0215  0.0216  0.0215  0.0215  0.0214  0.0215  0.0214  0.0214
  0.0214  0.0214  0.0214  0.0214  0.0214  0.0214  0.0214  0.0214  0.0214  0.0214  0.0214  0.0214
  0.0215  0.0215  0.0215  0.0215  0.0215  0.0214  0.0215  0.0215  0.0214  0.0214  0.0214  0.0214
  0.0217  0.0216  0.0215  0.0217  0.0216  0.0216  0.0216  0.0218  0.0215  0.0216  0.0215  0.0216
  0.0219  0.0218  0.0217  0.0221  0.0220  0.0221  0.0219  0.0222  0.0217  0.0218  0.0216  0.0218
registration optimization eta report
parameter search radius
    0.8000    0.8000    0.8000    2.4000    2.4000    2.4000
    2.4000    2.4000    2.4000    2.4000    2.4000    2.4000
100000*second partial in parameter space
       78.       51.       41.       11.        9.       13.
        9.       14.        5.        7.        4.        8.
  0.0219  0.0217  0.0217  0.0221  0.0219  0.0223  0.0219  0.0222  0.0217  0.0219  0.0216  0.0219
  0.0217  0.0216  0.0216  0.0218  0.0217  0.0219  0.0216  0.0218  0.0215  0.0216  0.0215  0.0216
  0.0215  0.0215  0.0215  0.0216  0.0215  0.0216  0.0215  0.0215  0.0214  0.0215  0.0214  0.0214
  0.0214  0.0214  0.0214  0.0214  0.0214  0.0214  0.0214  0.0214  0.0214  0.0214  0.0214  0.0214
  0.0215  0.0215  0.0215  0.0215  0.0215  0.0214  0.0215  0.0215  0.0214  0.0214  0.0214  0.0214
  0.0217  0.0216  0.0215  0.0217  0.0216  0.0216  0.0216  0.0218  0.0215  0.0216  0.0215  0.0216
  0.0219  0.0218  0.0217  0.0221  0.0220  0.0221  0.0219  0.0222  0.0217  0.0218  0.0216  0.0218
   -0.1922   -8.7902    2.7379   -6.2605  -14.1355   -7.0078
    2.8262    4.0533   -2.4282   32.2694   -2.6138  -38.4634
eta,q 0.97860 13.45299

---------------------------------------------------------------------
compute_vox2vox talsrcimg talsrcimg_to_711-2C_as_mni_average_305_t4 /usr/local/freesurfer/average/711-2C_as_mni_average_305
---------------------------------------------------------------------

freesurfer compute_vox2vox.c
Reading: talsrcimg.4dfp.ifh
Reading: talsrcimg_to_711-2C_as_mni_average_305_t4
Reading: /usr/local/freesurfer/average/711-2C_as_mni_average_305.4dfp.ifh
Writing: talsrcimg_to_711-2C_as_mni_average_305_t4_vox2vox.txt

start time Fri May 30 06:39:12 UTC 2025
end		time Fri May 30 06:39:35 UTC 2025

mpr2mni305 success

avi2talxfm orig_nu.mgz /usr/local/freesurfer/average/mni305.cor.mgz talsrcimg_to_711-2C_as_mni_average_305_t4_vox2vox.txt transforms/talairach.auto.xfm
avi2talxfm done
mv -f /home/freesurfer/subjects/sub-017/mri/talsrcimg_to_711-2C_as_mni_average_305_t4_vox2vox.txt /home/freesurfer/subjects/sub-017/mri/transforms/talsrcimg_to_711-2C_as_mni_average_305_t4_vox2vox.txt
lta_convert --src orig_nu.mgz --trg /usr/local/freesurfer/average/mni305.cor.mgz --inxfm transforms/talairach.auto.xfm --outlta transforms/talairach.auto.xfm.lta --subject fsaverage
7.4.1

--src: orig_nu.mgz src image (geometry).
--trg: /usr/local/freesurfer/average/mni305.cor.mgz trg image (geometry).
--inmni: transforms/talairach.auto.xfm input MNI/XFM transform.
--outlta: transforms/talairach.auto.xfm.lta output LTA.
--s: fsaverage subject name
 LTA read, type : 1
 1.06471  -0.02964  -0.04832   2.47038;
 0.03668   0.92967   0.41524  -29.45608;
 0.01633  -0.35022   1.00720  -10.98789;
 0.00000   0.00000   0.00000   1.00000;
setting subject to fsaverage
Writing  LTA to file transforms/talairach.auto.xfm.lta...
lta_convert successful.
 
 
Started at Fri May 30 06:39:11 UTC 2025
Ended   at Fri May 30 06:39:35 UTC 2025
talairach_avi done
