/home/freesurfer/subjects/sub-050/mri
/usr/local/freesurfer/bin/talairach_avi
--i orig_nu.mgz --xfm transforms/talairach.auto.xfm
talairach_avi 7.4.1
Linux 11b36e7a800a 6.11.0-26-generic #26~24.04.1-Ubuntu SMP PREEMPT_DYNAMIC Thu Apr 17 19:20:47 UTC 2 x86_64 x86_64 x86_64 GNU/Linux
Wed Jun  4 19:06:06 UTC 2025
mri_convert orig_nu.mgz talsrcimg.img 
reading from orig_nu.mgz...
TR=8.45, TE=0.00, TI=0.00, flip angle=0.00
i_ras = (-1, 9.31323e-10, 0)
j_ras = (1.86265e-09, 0, -1)
k_ras = (-8.14907e-10, 1, 0)
writing to talsrcimg.img...
Analyze Output Matrix
-1.00000   0.00000  -0.00000   127.72894;
 0.00000   0.00000   1.00000  -105.62799;
 0.00000  -1.00000   0.00000   154.08578;
 0.00000   0.00000   0.00000   1.00000;
--------------------
INFO: set hdr.hist.orient to -1
mpr2mni305 talsrcimg
Wed Jun  4 19:06:07 UTC 2025
/usr/local/freesurfer/bin/mpr2mni305 talsrcimg
mpr2mni305 7.4.1
target=711-2C_as_mni_average_305

---------------------------------------------------------------------
analyzeto4dfp talsrcimg -O0 -y
---------------------------------------------------------------------

freesurfer ifh2hdr.c
Wed Jun  4 19:06:07 2025
Writing: talsrcimg.4dfp.hdr
freesurfer analyzeto4dfp.c
Reading: talsrcimg.hdr
header size 348 bytes
hdr.dime.datatype	offset=70	value=2
hdr.dime.bitpix		offset=72	value=8
hdr.hist.orient		offset=252	value=-1
dimensionality     4
dimensions       256       256       256         1
Reading: talsrcimg.img
Writing: talsrcimg.4dfp.img
Writing: talsrcimg.4dfp.ifh
ifh2hdr talsrcimg -r0to247
ori=2

---------------------------------------------------------------------
gauss_4dfp talsrcimg 1.1
---------------------------------------------------------------------

freesurfer gauss_4dfp.c
Reading: talsrcimg.4dfp.img
Writing: talsrcimg_g11.4dfp.img
image dimensions 256 256 256 padded to 288 288 288
processing volume 1freesurfer ifh2hdr.c
Wed Jun  4 19:06:11 2025
Writing: talsrcimg_g11.4dfp.hdr

Writing: talsrcimg_g11.4dfp.ifh
including: talsrcimg.4dfp.img.rec in talsrcimg_g11.4dfp.img.rec

---------------------------------------------------------------------
imgreg_4dfp /usr/local/freesurfer/average/711-2C_as_mni_average_305 none talsrcimg_g11 none talsrcimg_to_711-2C_as_mni_average_305_t4 4355
---------------------------------------------------------------------

freesurfer imgreg_4dfp.c
/usr/local/freesurfer/average/711-2C_as_mni_average_305.4dfp.img
       256       256       256         1
  1.000000  1.000000  1.000000
orientation T byte_order littleendian
Reading image: /usr/local/freesurfer/average/711-2C_as_mni_average_305.4dfp.img
dimensions:      256       256       256
mmppix:       1.0000   -1.0000   -1.0000
center:     128.0000 -129.0000 -129.0000
talsrcimg_g11.4dfp.img
       256       256       256         1
  1.000000  1.000000  1.000000
orientation T byte_order littleendian
Reading image: talsrcimg_g11.4dfp.img
dimensions:      256       256       256
mmppix:       1.0000   -1.0000   -1.0000
center:     128.0000 -129.0000 -129.0000
t4_read: open error in t4_sub.f l:  41 t4_file(1:l)talsrcimg_to_711-2C_as_mni_average_305_t4 
t4_read: transform initialized to I4
rotation matrix determinant  1.000000
image alignment mode   4355 decimal     1103 hex
   -7.5000  -45.0000  -45.0000 9706.2480   16.1981
    0.0000  -45.0000  -45.000010219.9668   16.2278
    7.5000  -45.0000  -45.0000 9809.6660   16.2226
   -7.5000  -37.5000  -45.000010290.2988   16.1679
    0.0000  -37.5000  -45.000010842.6357   16.1974
    7.5000  -37.5000  -45.000010382.8779   16.1966
   -7.5000  -30.0000  -45.000011172.9150   16.1727
    0.0000  -30.0000  -45.000011799.8291   16.2023
    7.5000  -30.0000  -45.000011276.5381   16.2038
   -7.5000  -22.5000  -45.000011976.6338   16.1759
    0.0000  -22.5000  -45.000012653.2109   16.2050
    7.5000  -22.5000  -45.000012067.6914   16.2038
   -7.5000  -15.0000  -45.000012697.7764   16.1744
    0.0000  -15.0000  -45.000013451.7031   16.2039
    7.5000  -15.0000  -45.000012803.8203   16.1995
   -7.5000   -7.5000  -45.000013374.0439   16.1704
    0.0000   -7.5000  -45.000014173.3633   16.2005
    7.5000   -7.5000  -45.000013497.3369   16.1945
   -7.5000    0.0000  -45.000014056.3320   16.1672
    0.0000    0.0000  -45.000014894.9688   16.1968
    7.5000    0.0000  -45.000014182.8291   16.1916
   -7.5000    7.5000  -45.000013563.5742   16.1678
    0.0000    7.5000  -45.000014376.6846   16.1974
    7.5000    7.5000  -45.000013672.5078   16.1965
   -7.5000   15.0000  -45.000012800.4473   16.1727
    0.0000   15.0000  -45.000013541.7168   16.2023
    7.5000   15.0000  -45.000012875.6553   16.2038
   -7.5000   22.5000  -45.000011820.1406   16.1737
    0.0000   22.5000  -45.000012478.9453   16.2028
    7.5000   22.5000  -45.000011850.1973   16.2015
   -7.5000   30.0000  -45.000010700.5674   15.9588
    0.0000   30.0000  -45.000011281.6572   15.9880
    7.5000   30.0000  -45.000010744.0225   15.9836
   -7.5000   37.5000  -45.000010008.9775   15.9549
    0.0000   37.5000  -45.000010534.5557   15.9846
    7.5000   37.5000  -45.000010052.6426   15.9787
   -7.5000   45.0000  -45.0000 9051.8984   15.5483
    0.0000   45.0000  -45.0000 9516.6533   15.5768
    7.5000   45.0000  -45.0000 9080.2520   15.5718
   -7.5000  -45.0000  -37.500010190.2852   16.1607
    0.0000  -45.0000  -37.500010736.5762   16.1889
    7.5000  -45.0000  -37.500010280.3711   16.1869
   -7.5000  -37.5000  -37.500010813.1377   16.1255
    0.0000  -37.5000  -37.500011390.9570   16.1522
    7.5000  -37.5000  -37.500010890.6631   16.1530
   -7.5000  -30.0000  -37.500011743.6533   16.1294
    0.0000  -30.0000  -37.500012382.4473   16.1554
    7.5000  -30.0000  -37.500011818.0430   16.1583
   -7.5000  -22.5000  -37.500012584.8779   16.1376
    0.0000  -22.5000  -37.500013270.5361   16.1635
    7.5000  -22.5000  -37.500012638.0869   16.1648
   -7.5000  -15.0000  -37.500013340.0938   16.1422
    0.0000  -15.0000  -37.500014121.8232   16.1700
    7.5000  -15.0000  -37.500013387.5986   16.1688
   -7.5000   -7.5000  -37.500014039.5664   16.1388
    0.0000   -7.5000  -37.500014880.8008   16.1680
    7.5000   -7.5000  -37.500014115.5664   16.1656
   -7.5000    0.0000  -37.500014721.8105   16.1302
    0.0000    0.0000  -37.500015626.8311   16.1582
    7.5000    0.0000  -37.500014817.2764   16.1562
   -7.5000    7.5000  -37.500014157.2275   16.1254
    0.0000    7.5000  -37.500015028.7881   16.1521
    7.5000    7.5000  -37.500014259.8330   16.1529
   -7.5000   15.0000  -37.500013338.8457   16.1294
    0.0000   15.0000  -37.500014126.3789   16.1554
    7.5000   15.0000  -37.500013419.3574   16.1583
   -7.5000   22.5000  -37.500012313.0781   16.1354
    0.0000   22.5000  -37.500012997.8291   16.1613
    7.5000   22.5000  -37.500012347.6270   16.1625
   -7.5000   30.0000  -37.500011156.3555   15.9271
    0.0000   30.0000  -37.500011779.0449   15.9545
    7.5000   30.0000  -37.500011196.9844   15.9533
   -7.5000   37.5000  -37.500010431.5791   15.9237
    0.0000   37.5000  -37.500011002.7373   15.9525
    7.5000   37.5000  -37.500010467.9404   15.9502
   -7.5000   45.0000  -37.5000 9406.9551   15.5128
    0.0000   45.0000  -37.5000 9889.3857   15.5397
    7.5000   45.0000  -37.5000 9420.3350   15.5378
   -7.5000  -45.0000  -30.000010807.7686   16.7629
    0.0000  -45.0000  -30.000011416.4307   16.7851
    7.5000  -45.0000  -30.000010900.8281   16.7853
   -7.5000  -37.5000  -30.000011459.4316   16.7261
    0.0000  -37.5000  -30.000012109.4395   16.7466
    7.5000  -37.5000  -30.000011552.9111   16.7480
   -7.5000  -30.0000  -30.000012462.5264   16.7292
    0.0000  -30.0000  -30.000013163.3750   16.7501
    7.5000  -30.0000  -30.000012549.0859   16.7525
   -7.5000  -22.5000  -30.000013356.0410   16.7374
    0.0000  -22.5000  -30.000014111.1934   16.7597
    7.5000  -22.5000  -30.000013426.2744   16.7606
   -7.5000  -15.0000  -30.000014159.1982   16.7433
    0.0000  -15.0000  -30.000014981.3213   16.7677
    7.5000  -15.0000  -30.000014206.5283   16.7674
   -7.5000   -7.5000  -30.000014918.0498   16.7402
    0.0000   -7.5000  -30.000015808.4209   16.7649
    7.5000   -7.5000  -30.000014972.5479   16.7648
   -7.5000    0.0000  -30.000015636.4785   16.7312
    0.0000    0.0000  -30.000016597.1348   16.7532
    7.5000    0.0000  -30.000015731.2773   16.7534
   -7.5000    7.5000  -30.000015015.3818   16.7260
    0.0000    7.5000  -30.000015927.5234   16.7465
    7.5000    7.5000  -30.000015112.8770   16.7479
   -7.5000   15.0000  -30.000014073.2783   16.7292
    0.0000   15.0000  -30.000014914.0967   16.7501
    7.5000   15.0000  -30.000014163.8691   16.7525
   -7.5000   22.5000  -30.000012962.0117   16.7334
    0.0000   22.5000  -30.000013687.7578   16.7556
    7.5000   22.5000  -30.000013012.0479   16.7565
   -7.5000   30.0000  -30.000011762.3662   16.5218
    0.0000   30.0000  -30.000012438.3486   16.5459
    7.5000   30.0000  -30.000011811.7471   16.5455
   -7.5000   37.5000  -30.000011045.0723   16.5187
    0.0000   37.5000  -30.000011656.6592   16.5430
    7.5000   37.5000  -30.000011050.0898   16.5429
   -7.5000   45.0000  -30.0000 9941.3633   16.1028
    0.0000   45.0000  -30.000010467.4355   16.1241
    7.5000   45.0000  -30.0000 9947.4199   16.1242
   -7.5000  -45.0000  -22.500011369.0703   17.2827
    0.0000  -45.0000  -22.500011997.0645   17.2996
    7.5000  -45.0000  -22.500011450.3389   17.2978
   -7.5000  -37.5000  -22.500012048.3262   17.2512
    0.0000  -37.5000  -22.500012722.0244   17.2681
    7.5000  -37.5000  -22.500012130.5430   17.2672
   -7.5000  -30.0000  -22.500013146.5615   17.2534
    0.0000  -30.0000  -22.500013864.4316   17.2730
    7.5000  -30.0000  -22.500013243.9512   17.2723
   -7.5000  -22.5000  -22.500014117.6602   17.2542
    0.0000  -22.5000  -22.500014908.1846   17.2754
    7.5000  -22.5000  -22.500014199.7646   17.2728
   -7.5000  -15.0000  -22.500014936.6875   17.2532
    0.0000  -15.0000  -22.500015763.6201   17.2749
    7.5000  -15.0000  -22.500014989.5254   17.2716
   -7.5000   -7.5000  -22.500015743.1768   17.2510
    0.0000   -7.5000  -22.500016615.7148   17.2709
    7.5000   -7.5000  -22.500015767.3271   17.2686
   -7.5000    0.0000  -22.500016472.0215   17.2497
    0.0000    0.0000  -22.500017441.7070   17.2664
    7.5000    0.0000  -22.500016559.8711   17.2647
   -7.5000    7.5000  -22.500015786.3467   17.2511
    0.0000    7.5000  -22.500016718.4922   17.2680
    7.5000    7.5000  -22.500015881.4248   17.2671
   -7.5000   15.0000  -22.500014764.3516   17.2534
    0.0000   15.0000  -22.500015634.0605   17.2730
    7.5000   15.0000  -22.500014862.3740   17.2723
   -7.5000   22.5000  -22.500013584.6807   17.2488
    0.0000   22.5000  -22.500014336.6699   17.2701
    7.5000   22.5000  -22.500013649.2920   17.2675
   -7.5000   30.0000  -22.500012371.7090   17.0275
    0.0000   30.0000  -22.500013057.1182   17.0490
    7.5000   30.0000  -22.500012414.0879   17.0457
   -7.5000   37.5000  -22.500011628.0938   17.0253
    0.0000   37.5000  -22.500012256.0566   17.0450
    7.5000   37.5000  -22.500011624.7021   17.0428
   -7.5000   45.0000  -22.500010491.3203   16.6146
    0.0000   45.0000  -22.500011045.1289   16.6306
    7.5000   45.0000  -22.500010479.7510   16.6289
   -7.5000  -45.0000  -15.000011877.6455   17.6843
    0.0000  -45.0000  -15.000012486.7090   17.7023
    7.5000  -45.0000  -15.000011946.8271   17.6962
   -7.5000  -37.5000  -15.000012611.3809   17.6562
    0.0000  -37.5000  -15.000013259.1875   17.6757
    7.5000  -37.5000  -15.000012679.1416   17.6722
   -7.5000  -30.0000  -15.000013777.4990   17.6581
    0.0000  -30.0000  -15.000014491.9883   17.6809
    7.5000  -30.0000  -15.000013861.5117   17.6777
   -7.5000  -22.5000  -15.000014883.7998   17.6540
    0.0000  -22.5000  -15.000015663.5840   17.6774
    7.5000  -22.5000  -15.000014952.0869   17.6709
   -7.5000  -15.0000  -15.000015763.8252   17.6479
    0.0000  -15.0000  -15.000016550.1973   17.6703
    7.5000  -15.0000  -15.000015796.2891   17.6621
   -7.5000   -7.5000  -15.000016523.1348   17.6460
    0.0000   -7.5000  -15.000017308.5762   17.6662
    7.5000   -7.5000  -15.000016544.1309   17.6587
   -7.5000    0.0000  -15.000017212.3496   17.6503
    0.0000    0.0000  -15.000018107.1816   17.6681
    7.5000    0.0000  -15.000017326.9629   17.6621
   -7.5000    7.5000  -15.000016498.2578   17.6561
    0.0000    7.5000  -15.000017389.2422   17.6756
    7.5000    7.5000  -15.000016608.2207   17.6721
   -7.5000   15.0000  -15.000015467.5684   17.6581
    0.0000   15.0000  -15.000016312.5078   17.6809
    7.5000   15.0000  -15.000015537.8076   17.6777
   -7.5000   22.5000  -15.000014253.4004   17.6478
    0.0000   22.5000  -15.000015007.2275   17.6712
    7.5000   22.5000  -15.000014286.5117   17.6647
   -7.5000   30.0000  -15.000012998.9863   17.4195
    0.0000   30.0000  -15.000013691.1289   17.4417
    7.5000   30.0000  -15.000013004.0840   17.4335
   -7.5000   37.5000  -15.000012210.4697   17.4176
    0.0000   37.5000  -15.000012849.4766   17.4376
    7.5000   37.5000  -15.000012171.8008   17.4302
   -7.5000   45.0000  -15.000011036.5732   17.0105
    0.0000   45.0000  -15.000011610.8867   17.0277
    7.5000   45.0000  -15.000010985.4531   17.0218
   -7.5000  -45.0000   -7.500012328.9805   17.8992
    0.0000  -45.0000   -7.500012922.7041   17.9253
    7.5000  -45.0000   -7.500012383.9551   17.9175
   -7.5000  -37.5000   -7.500013075.1035   17.8697
    0.0000  -37.5000   -7.500013713.6816   17.8969
    7.5000  -37.5000   -7.500013147.1562   17.8938
   -7.5000  -30.0000   -7.500014316.5898   17.8737
    0.0000  -30.0000   -7.500015050.4023   17.9028
    7.5000  -30.0000   -7.500014422.1709   17.9012
   -7.5000  -22.5000   -7.500015576.3672   17.8726
    0.0000  -22.5000   -7.500016453.4336   17.9015
    7.5000  -22.5000   -7.500015679.4131   17.8957
   -7.5000  -15.0000   -7.500016697.9785   17.8669
    0.0000  -15.0000   -7.500017511.4609   17.8951
    7.5000  -15.0000   -7.500016752.5977   17.8863
   -7.5000   -7.5000   -7.500017495.9395   17.8634
    0.0000   -7.5000   -7.500018178.2461   17.8905
    7.5000   -7.5000   -7.500017500.7324   17.8810
   -7.5000    0.0000   -7.500018139.5391   17.8650
    0.0000    0.0000   -7.500018901.0156   17.8909
    7.5000    0.0000   -7.500018186.6055   17.8832
   -7.5000    7.5000   -7.500017280.1113   17.8696
    0.0000    7.5000   -7.500018135.9004   17.8968
    7.5000    7.5000   -7.500017343.2832   17.8937
   -7.5000   15.0000   -7.500016191.8115   17.8737
    0.0000   15.0000   -7.500017021.8770   17.9028
    7.5000   15.0000   -7.500016200.2822   17.9012
   -7.5000   22.5000   -7.500014895.7783   17.8643
    0.0000   22.5000   -7.500015669.5078   17.8932
    7.5000   22.5000   -7.500014880.8779   17.8874
   -7.5000   30.0000   -7.500013567.5371   17.6352
    0.0000   30.0000   -7.500014263.7969   17.6630
    7.5000   30.0000   -7.500013526.9941   17.6543
   -7.5000   37.5000   -7.500012709.8516   17.6317
    0.0000   37.5000   -7.500013373.3154   17.6585
    7.5000   37.5000   -7.500012653.1611   17.6491
   -7.5000   45.0000   -7.500011474.7256   17.2204
    0.0000   45.0000   -7.500012083.3301   17.2454
    7.5000   45.0000   -7.500011408.1992   17.2379
   -7.5000  -45.0000    0.000012696.9707   17.9488
    0.0000  -45.0000    0.000013246.0361   17.9818
    7.5000  -45.0000    0.000012728.3848   17.9761
   -7.5000  -37.5000    0.000013448.0996   17.9160
    0.0000  -37.5000    0.000014027.8086   17.9487
    7.5000  -37.5000    0.000013494.3906   17.9478
   -7.5000  -30.0000    0.000014682.0713   17.9216
    0.0000  -30.0000    0.000015400.4834   17.9544
    7.5000  -30.0000    0.000014775.5273   17.9560
   -7.5000  -22.5000    0.000015958.5742   17.9252
    0.0000  -22.5000    0.000016893.4277   17.9575
    7.5000  -22.5000    0.000016079.6025   17.9561
   -7.5000  -15.0000    0.000017107.3223   17.9233
    0.0000  -15.0000    0.000018087.8555   17.9561
    7.5000  -15.0000    0.000017266.1523   17.9513
   -7.5000   -7.5000    0.000018089.5273   17.9185
    0.0000   -7.5000    0.000019016.4512   17.9520
    7.5000   -7.5000    0.000018211.8496   17.9455
   -7.5000    0.0000    0.000018770.8223   17.9149
    0.0000    0.0000    0.000019741.5254   17.9477
    7.5000    0.0000    0.000018865.5098   17.9421
   -7.5000    7.5000    0.000017852.0547   17.9160
    0.0000    7.5000    0.000018791.1367   17.9486
    7.5000    7.5000    0.000017869.5391   17.9477
   -7.5000   15.0000    0.000016621.8145   17.9216
    0.0000   15.0000    0.000017443.7773   17.9544
    7.5000   15.0000    0.000016624.5508   17.9560
   -7.5000   22.5000    0.000015259.2002   17.9170
    0.0000   22.5000    0.000015986.8379   17.9492
    7.5000   22.5000    0.000015242.1270   17.9479
   -7.5000   30.0000    0.000013913.0635   17.6913
    0.0000   30.0000    0.000014548.3115   17.7237
    7.5000   30.0000    0.000013860.8096   17.7190
   -7.5000   37.5000    0.000013101.3633   17.6866
    0.0000   37.5000    0.000013709.4941   17.7196
    7.5000   37.5000    0.000013028.3252   17.7133
   -7.5000   45.0000    0.000011849.0791   17.2697
    0.0000   45.0000    0.000012443.5312   17.3013
    7.5000   45.0000    0.000011791.9004   17.2959
   -7.5000  -45.0000    7.500012044.8672   17.9818
    0.0000  -45.0000    7.500012619.2051   18.0132
    7.5000  -45.0000    7.500012062.4463   18.0111
   -7.5000  -37.5000    7.500012740.0645   17.9428
    0.0000  -37.5000    7.500013340.4795   17.9726
    7.5000  -37.5000    7.500012752.3223   17.9735
   -7.5000  -30.0000    7.500013909.8145   17.9472
    0.0000  -30.0000    7.500014618.7764   17.9762
    7.5000  -30.0000    7.500013927.2373   17.9793
   -7.5000  -22.5000    7.500015070.4453   17.9564
    0.0000  -22.5000    7.500015876.3389   17.9853
    7.5000  -22.5000    7.500015116.6885   17.9866
   -7.5000  -15.0000    7.500016058.8018   17.9617
    0.0000  -15.0000    7.500016874.6504   17.9926
    7.5000  -15.0000    7.500016124.4053   17.9913
   -7.5000   -7.5000    7.500017028.0859   17.9578
    0.0000   -7.5000    7.500017892.2988   17.9902
    7.5000   -7.5000    7.500017110.7910   17.9878
   -7.5000    0.0000    7.500017803.6172   17.9481
    0.0000    0.0000    7.500018785.0586   17.9793
    7.5000    0.0000    7.500017908.2559   17.9771
   -7.5000    7.5000    7.500016995.8164   17.9427
    0.0000    7.5000    7.500017922.6035   17.9725
    7.5000    7.5000    7.500017040.9316   17.9734
   -7.5000   15.0000    7.500015799.4189   17.9472
    0.0000   15.0000    7.500016597.4219   17.9762
    7.5000   15.0000    7.500015839.0752   17.9793
   -7.5000   22.5000    7.500014508.0684   17.9482
    0.0000   22.5000    7.500015197.1494   17.9770
    7.5000   22.5000    7.500014506.1162   17.9783
   -7.5000   30.0000    7.500013250.0225   17.7292
    0.0000   30.0000    7.500013830.9062   17.7597
    7.5000   30.0000    7.500013194.9668   17.7584
   -7.5000   37.5000    7.500012454.9736   17.7254
    0.0000   37.5000    7.500013009.1592   17.7574
    7.5000   37.5000    7.500012377.4844   17.7550
   -7.5000   45.0000    7.500011242.8262   17.3018
    0.0000   45.0000    7.500011773.1357   17.3319
    7.5000   45.0000    7.500011185.8193   17.3297
   -7.5000  -45.0000   15.000011260.3799   18.0756
    0.0000  -45.0000   15.000011809.8262   18.0999
    7.5000  -45.0000   15.000011274.7285   18.1000
   -7.5000  -37.5000   15.000011899.0254   18.0344
    0.0000  -37.5000   15.000012455.3184   18.0568
    7.5000  -37.5000   15.000011891.5244   18.0584
   -7.5000  -30.0000   15.000012993.8350   18.0371
    0.0000  -30.0000   15.000013612.7236   18.0600
    7.5000  -30.0000   15.000012997.8447   18.0626
   -7.5000  -22.5000   15.000014052.8330   18.0468
    0.0000  -22.5000   15.000014716.8896   18.0712
    7.5000  -22.5000   15.000014067.0859   18.0722
   -7.5000  -15.0000   15.000014946.8496   18.0545
    0.0000  -15.0000   15.000015643.1289   18.0812
    7.5000  -15.0000   15.000014989.9102   18.0809
   -7.5000   -7.5000   15.000015846.5684   18.0518
    0.0000   -7.5000   15.000016587.4922   18.0788
    7.5000   -7.5000   15.000015889.6572   18.0786
   -7.5000    0.0000   15.000016575.8262   18.0414
    0.0000    0.0000   15.000017356.4805   18.0654
    7.5000    0.0000   15.000016620.0215   18.0656
   -7.5000    7.5000   15.000015855.9385   18.0343
    0.0000    7.5000   15.000016590.5801   18.0568
    7.5000    7.5000   15.000015883.3115   18.0583
   -7.5000   15.0000   15.000014763.5918   18.0371
    0.0000   15.0000   15.000015461.8828   18.0600
    7.5000   15.0000   15.000014808.9932   18.0626
   -7.5000   22.5000   15.000013580.3574   18.0384
    0.0000   22.5000   15.000014216.0615   18.0628
    7.5000   22.5000   15.000013609.2656   18.0638
   -7.5000   30.0000   15.000012424.5693   17.8209
    0.0000   30.0000   15.000012976.2363   17.8472
    7.5000   30.0000   15.000012410.9980   17.8469
   -7.5000   37.5000   15.000011669.1934   17.8182
    0.0000   37.5000   15.000012173.3105   17.8448
    7.5000   37.5000   15.000011640.8564   17.8446
   -7.5000   45.0000   15.000010535.5566   17.3920
    0.0000   45.0000   15.000011009.6250   17.4152
    7.5000   45.0000   15.000010492.2773   17.4153
   -7.5000  -45.0000   22.500010522.7637   18.3936
    0.0000  -45.0000   22.500011053.5781   18.4124
    7.5000  -45.0000   22.500010561.9678   18.4106
   -7.5000  -37.5000   22.500011106.3135   18.3618
    0.0000  -37.5000   22.500011673.7627   18.3805
    7.5000  -37.5000   22.500011134.5020   18.3795
   -7.5000  -30.0000   22.500012111.4697   18.3622
    0.0000  -30.0000   22.500012712.6396   18.3837
    7.5000  -30.0000   22.500012137.3770   18.3828
   -7.5000  -22.5000   22.500013069.0811   18.3636
    0.0000  -22.5000   22.500013690.1973   18.3869
    7.5000  -22.5000   22.500013092.3604   18.3840
   -7.5000  -15.0000   22.500013901.0361   18.3650
    0.0000  -15.0000   22.500014545.0898   18.3890
    7.5000  -15.0000   22.500013917.2158   18.3853
   -7.5000   -7.5000   22.500014744.7773   18.3646
    0.0000   -7.5000   22.500015391.3096   18.3867
    7.5000   -7.5000   22.500014743.1494   18.3843
   -7.5000    0.0000   22.500015409.7998   18.3629
    0.0000    0.0000   22.500016080.8184   18.3814
    7.5000    0.0000   22.500015382.9912   18.3797
   -7.5000    7.5000   22.500014760.8037   18.3617
    0.0000    7.5000   22.500015376.0752   18.3804
    7.5000    7.5000   22.500014706.4775   18.3795
   -7.5000   15.0000   22.500013778.6982   18.3622
    0.0000   15.0000   22.500014386.6318   18.3837
    7.5000   15.0000   22.500013745.3877   18.3828
   -7.5000   22.5000   22.500012682.2578   18.3551
    0.0000   22.5000   22.500013256.1152   18.3784
    7.5000   22.5000   22.500012682.0156   18.3755
   -7.5000   30.0000   22.500011597.5469   18.1274
    0.0000   30.0000   22.500012143.7344   18.1510
    7.5000   30.0000   22.500011596.7861   18.1474
   -7.5000   37.5000   22.500010895.4170   18.1269
    0.0000   37.5000   22.500011399.7734   18.1488
    7.5000   37.5000   22.500010869.6982   18.1464
   -7.5000   45.0000   22.5000 9796.8506   17.7021
    0.0000   45.0000   22.500010260.0967   17.7200
    7.5000   45.0000   22.5000 9766.6768   17.7182
   -7.5000  -45.0000   30.0000 9727.6816   18.8236
    0.0000  -45.0000   30.000010254.0322   18.8457
    7.5000  -45.0000   30.0000 9800.7666   18.8393
   -7.5000  -37.5000   30.000010256.0566   18.7999
    0.0000  -37.5000   30.000010804.1357   18.8234
    7.5000  -37.5000   30.000010323.0918   18.8191
   -7.5000  -30.0000   30.000011162.3506   18.7974
    0.0000  -30.0000   30.000011748.0303   18.8245
    7.5000  -30.0000   30.000011227.4971   18.8197
   -7.5000  -22.5000   30.000012037.8418   18.7923
    0.0000  -22.5000   30.000012654.5576   18.8203
    7.5000  -22.5000   30.000012081.0625   18.8115
   -7.5000  -15.0000   30.000012819.0508   18.7889
    0.0000  -15.0000   30.000013445.3408   18.8162
    7.5000  -15.0000   30.000012830.2949   18.8059
   -7.5000   -7.5000   30.000013608.6943   18.7915
    0.0000   -7.5000   30.000014224.8389   18.8162
    7.5000   -7.5000   30.000013595.2178   18.8078
   -7.5000    0.0000   30.000014188.9863   18.7973
    0.0000    0.0000   30.000014827.1875   18.8192
    7.5000    0.0000   30.000014165.8164   18.8129
   -7.5000    7.5000   30.000013581.3574   18.7998
    0.0000    7.5000   30.000014158.3467   18.8233
    7.5000    7.5000   30.000013542.0000   18.8191
   -7.5000   15.0000   30.000012717.5684   18.7974
    0.0000   15.0000   30.000013273.0859   18.8245
    7.5000   15.0000   30.000012663.1797   18.8197
   -7.5000   22.5000   30.000011718.3994   18.7836
    0.0000   22.5000   30.000012236.7441   18.8116
    7.5000   22.5000   30.000011699.0029   18.8028
   -7.5000   30.0000   30.000010711.9639   18.5458
    0.0000   30.0000   30.000011201.6836   18.5726
    7.5000   30.0000   30.000010691.1982   18.5626
   -7.5000   37.5000   30.000010065.8301   18.5483
    0.0000   37.5000   30.000010530.7344   18.5727
    7.5000   37.5000   30.000010030.5752   18.5644
   -7.5000   45.0000   30.0000 9052.9404   18.1209
    0.0000   45.0000   30.0000 9467.6641   18.1420
    7.5000   45.0000   30.0000 9024.5400   18.1358
   -7.5000  -45.0000   37.5000 9378.8760   19.4142
    0.0000  -45.0000   37.5000 9878.1152   19.4474
    7.5000  -45.0000   37.5000 9432.8975   19.4394
   -7.5000  -37.5000   37.5000 9872.7070   19.3923
    0.0000  -37.5000   37.500010391.2070   19.4261
    7.5000  -37.5000   37.5000 9931.0059   19.4232
   -7.5000  -30.0000   37.500010716.4316   19.3923
    0.0000  -30.0000   37.500011259.4961   19.4280
    7.5000  -30.0000   37.500010766.0537   19.4270
   -7.5000  -22.5000   37.500011540.8926   19.3924
    0.0000  -22.5000   37.500012109.5820   19.4280
    7.5000  -22.5000   37.500011578.1543   19.4231
   -7.5000  -15.0000   37.500012290.2109   19.3914
    0.0000  -15.0000   37.500012884.2881   19.4268
    7.5000  -15.0000   37.500012297.9053   19.4186
   -7.5000   -7.5000   37.500013056.7949   19.3916
    0.0000   -7.5000   37.500013644.0508   19.4263
    7.5000   -7.5000   37.500013027.6855   19.4170
   -7.5000    0.0000   37.500013590.6543   19.3927
    0.0000    0.0000   37.500014191.8154   19.4257
    7.5000    0.0000   37.500013558.8447   19.4178
   -7.5000    7.5000   37.500012966.0723   19.3923
    0.0000    7.5000   37.500013533.5693   19.4261
    7.5000    7.5000   37.500012931.9014   19.4232
   -7.5000   15.0000   37.500012158.2754   19.3923
    0.0000   15.0000   37.500012720.2002   19.4280
    7.5000   15.0000   37.500012131.0498   19.4270
   -7.5000   22.5000   37.500011205.6416   19.3835
    0.0000   22.5000   37.500011734.1611   19.4190
    7.5000   22.5000   37.500011215.0332   19.4141
   -7.5000   30.0000   37.500010256.3203   19.1404
    0.0000   30.0000   37.500010735.9043   19.1754
    7.5000   30.0000   37.500010254.1924   19.1673
   -7.5000   37.5000   37.5000 9661.5029   19.1406
    0.0000   37.5000   37.500010092.9404   19.1749
    7.5000   37.5000   37.5000 9649.8828   19.1657
   -7.5000   45.0000   37.5000 8706.2012   18.6947
    0.0000   45.0000   37.5000 9079.5664   18.7265
    7.5000   45.0000   37.5000 8689.3936   18.7187
   -7.5000  -45.0000   45.0000 8630.2119   20.0542
    0.0000  -45.0000   45.0000 9063.1445   20.0964
    7.5000  -45.0000   45.0000 8672.7461   20.0952
   -7.5000  -37.5000   45.0000 9090.0947   20.0353
    0.0000  -37.5000   45.0000 9557.8652   20.0763
    7.5000  -37.5000   45.0000 9139.8027   20.0812
   -7.5000  -30.0000   45.0000 9858.6709   20.0354
    0.0000  -30.0000   45.000010361.7949   20.0755
    7.5000  -30.0000   45.0000 9900.2695   20.0840
   -7.5000  -22.5000   45.000010610.3154   20.0367
    0.0000  -22.5000   45.000011125.7871   20.0759
    7.5000  -22.5000   45.000010644.3682   20.0809
   -7.5000  -15.0000   45.000011276.3135   20.0373
    0.0000  -15.0000   45.000011813.0381   20.0778
    7.5000  -15.0000   45.000011285.8340   20.0783
   -7.5000   -7.5000   45.000011963.2979   20.0380
    0.0000   -7.5000   45.000012522.8555   20.0805
    7.5000   -7.5000   45.000011961.2949   20.0785
   -7.5000    0.0000   45.000012462.0771   20.0375
    0.0000    0.0000   45.000013024.5000   20.0795
    7.5000    0.0000   45.000012449.3867   20.0783
   -7.5000    7.5000   45.000011875.9727   20.0353
    0.0000    7.5000   45.000012402.6279   20.0763
    7.5000    7.5000   45.000011868.1631   20.0812
   -7.5000   15.0000   45.000011144.9453   20.0354
    0.0000   15.0000   45.000011652.5088   20.0755
    7.5000   15.0000   45.000011147.7949   20.0840
   -7.5000   22.5000   45.000010275.1133   20.0274
    0.0000   22.5000   45.000010759.0576   20.0666
    7.5000   22.5000   45.000010295.9111   20.0716
   -7.5000   30.0000   45.0000 9422.4541   19.7762
    0.0000   30.0000   45.0000 9861.4580   19.8162
    7.5000   30.0000   45.0000 9438.5381   19.8167
   -7.5000   37.5000   45.0000 8890.2295   19.7770
    0.0000   37.5000   45.0000 9295.5928   19.8189
    7.5000   37.5000   45.0000 8902.9697   19.8169
   -7.5000   45.0000   45.0000 8022.9951   19.3248
    0.0000   45.0000   45.0000 8379.3359   19.3654
    7.5000   45.0000   45.0000 8017.6470   19.3641

---------------------------------------------------------------------
imgreg_4dfp /usr/local/freesurfer/average/711-2C_as_mni_average_305 /usr/local/freesurfer/average/711-2B_as_mni_average_305_mask talsrcimg_g11 none talsrcimg_to_711-2C_as_mni_average_305_t4 4355
---------------------------------------------------------------------

freesurfer imgreg_4dfp.c
/usr/local/freesurfer/average/711-2C_as_mni_average_305.4dfp.img
       256       256       256         1
  1.000000  1.000000  1.000000
orientation T byte_order littleendian
Reading image: /usr/local/freesurfer/average/711-2C_as_mni_average_305.4dfp.img
dimensions:      256       256       256
mmppix:       1.0000   -1.0000   -1.0000
center:     128.0000 -129.0000 -129.0000
/usr/local/freesurfer/average/711-2B_as_mni_average_305_mask.4dfp.img
       256       256       256         1
  1.000000  1.000000  1.000000
orientation T byte_order littleendian
Reading mask: /usr/local/freesurfer/average/711-2B_as_mni_average_305_mask.4dfp.img (2306576 pixels)
talsrcimg_g11.4dfp.img
       256       256       256         1
  1.000000  1.000000  1.000000
orientation T byte_order littleendian
Reading image: talsrcimg_g11.4dfp.img
dimensions:      256       256       256
mmppix:       1.0000   -1.0000   -1.0000
center:     128.0000 -129.0000 -129.0000
rotation matrix determinant  1.000000
image alignment mode   4355 decimal     1103 hex
   -7.5000  -45.0000  -45.0000 2401.9646   17.7170
    0.0000  -45.0000  -45.0000 2411.9058   17.7822
    7.5000  -45.0000  -45.0000 2397.6421   17.8178
   -7.5000  -37.5000  -45.0000 2469.1575   16.5930
    0.0000  -37.5000  -45.0000 2479.9978   16.6578
    7.5000  -37.5000  -45.0000 2462.5012   16.6618
   -7.5000  -30.0000  -45.0000 2514.6528   15.7193
    0.0000  -30.0000  -45.0000 2528.0664   15.7694
    7.5000  -30.0000  -45.0000 2506.9495   15.7473
   -7.5000  -22.5000  -45.0000 2544.0264   15.1429
    0.0000  -22.5000  -45.0000 2559.3650   15.1890
    7.5000  -22.5000  -45.0000 2534.9258   15.1516
   -7.5000  -15.0000  -45.0000 2559.7244   14.8301
    0.0000  -15.0000  -45.0000 2572.7205   14.8431
    7.5000  -15.0000  -45.0000 2554.6233   14.8333
   -7.5000   -7.5000  -45.0000 2566.7488   14.7468
    0.0000   -7.5000  -45.0000 2583.0747   14.7207
    7.5000   -7.5000  -45.0000 2564.1304   14.7517
   -7.5000    0.0000  -45.0000 2560.6570   14.9385
    0.0000    0.0000  -45.0000 2581.5457   14.9216
    7.5000    0.0000  -45.0000 2559.3320   14.9417
   -7.5000    7.5000  -45.0000 2537.6208   15.4865
    0.0000    7.5000  -45.0000 2560.3315   15.4337
    7.5000    7.5000  -45.0000 2537.7573   15.4408
   -7.5000   15.0000  -45.0000 2497.1985   16.2509
    0.0000   15.0000  -45.0000 2516.8950   16.2038
    7.5000   15.0000  -45.0000 2500.5872   16.2220
   -7.5000   22.5000  -45.0000 2428.1382   17.2651
    0.0000   22.5000  -45.0000 2447.7136   17.1874
    7.5000   22.5000  -45.0000 2435.5283   17.2504
   -7.5000   30.0000  -45.0000 2331.0791   18.6648
    0.0000   30.0000  -45.0000 2350.3044   18.5391
    7.5000   30.0000  -45.0000 2338.9553   18.6300
   -7.5000   37.5000  -45.0000 2223.1118   20.5486
    0.0000   37.5000  -45.0000 2240.1616   20.3922
    7.5000   37.5000  -45.0000 2226.5820   20.4637
   -7.5000   45.0000  -45.0000 2104.8486   23.0285
    0.0000   45.0000  -45.0000 2123.5164   22.8035
    7.5000   45.0000  -45.0000 2105.6560   22.8295
   -7.5000  -45.0000  -37.5000 2465.5439   16.6138
    0.0000  -45.0000  -37.5000 2477.7874   16.6782
    7.5000  -45.0000  -37.5000 2460.4585   16.7004
   -7.5000  -37.5000  -37.5000 2534.7627   15.5676
    0.0000  -37.5000  -37.5000 2546.3416   15.5883
    7.5000  -37.5000  -37.5000 2529.0686   15.5828
   -7.5000  -30.0000  -37.5000 2584.8149   14.7464
    0.0000  -30.0000  -37.5000 2591.8721   14.7548
    7.5000  -30.0000  -37.5000 2575.9724   14.7167
   -7.5000  -22.5000  -37.5000 2619.9268   14.1965
    0.0000  -22.5000  -37.5000 2629.1477   14.1915
    7.5000  -22.5000  -37.5000 2602.8254   14.1614
   -7.5000  -15.0000  -37.5000 2639.8074   13.9177
    0.0000  -15.0000  -37.5000 2656.8103   13.9321
    7.5000  -15.0000  -37.5000 2626.8279   13.9130
   -7.5000   -7.5000  -37.5000 2650.7725   13.8552
    0.0000   -7.5000  -37.5000 2672.5051   13.8579
    7.5000   -7.5000  -37.5000 2644.9788   13.8591
   -7.5000    0.0000  -37.5000 2649.3384   14.0588
    0.0000    0.0000  -37.5000 2676.0049   14.0313
    7.5000    0.0000  -37.5000 2645.5532   14.0515
   -7.5000    7.5000  -37.5000 2624.4409   14.5318
    0.0000    7.5000  -37.5000 2653.0779   14.4988
    7.5000    7.5000  -37.5000 2624.2227   14.5119
   -7.5000   15.0000  -37.5000 2578.7053   15.2725
    0.0000   15.0000  -37.5000 2604.7747   15.2287
    7.5000   15.0000  -37.5000 2580.2563   15.2320
   -7.5000   22.5000  -37.5000 2503.6304   16.2470
    0.0000   22.5000  -37.5000 2529.5725   16.1626
    7.5000   22.5000  -37.5000 2510.8206   16.1938
   -7.5000   30.0000  -37.5000 2402.4172   17.5430
    0.0000   30.0000  -37.5000 2423.0510   17.4172
    7.5000   30.0000  -37.5000 2411.0310   17.4594
   -7.5000   37.5000  -37.5000 2287.8564   19.2629
    0.0000   37.5000  -37.5000 2305.8176   19.1357
    7.5000   37.5000  -37.5000 2291.6667   19.1644
   -7.5000   45.0000  -37.5000 2160.9473   21.5375
    0.0000   45.0000  -37.5000 2174.1865   21.4050
    7.5000   45.0000  -37.5000 2159.6699   21.4254
   -7.5000  -45.0000  -30.0000 2560.9075   16.2505
    0.0000  -45.0000  -30.0000 2579.8049   16.2109
    7.5000  -45.0000  -30.0000 2562.6387   16.2433
   -7.5000  -37.5000  -30.0000 2635.2939   15.1350
    0.0000  -37.5000  -30.0000 2652.1484   15.1050
    7.5000  -37.5000  -30.0000 2636.7581   15.1411
   -7.5000  -30.0000  -30.0000 2692.8003   14.2998
    0.0000  -30.0000  -30.0000 2708.5293   14.3198
    7.5000  -30.0000  -30.0000 2691.1897   14.2984
   -7.5000  -22.5000  -30.0000 2740.5530   13.7694
    0.0000  -22.5000  -30.0000 2757.1172   13.7513
    7.5000  -22.5000  -30.0000 2730.6401   13.7471
   -7.5000  -15.0000  -30.0000 2765.1667   13.4905
    0.0000  -15.0000  -30.0000 2785.3337   13.4542
    7.5000  -15.0000  -30.0000 2752.1824   13.4609
   -7.5000   -7.5000  -30.0000 2779.5088   13.4454
    0.0000   -7.5000  -30.0000 2807.7778   13.4376
    7.5000   -7.5000  -30.0000 2776.0154   13.4483
   -7.5000    0.0000  -30.0000 2776.7610   13.6937
    0.0000    0.0000  -30.0000 2812.4395   13.6587
    7.5000    0.0000  -30.0000 2778.9670   13.6837
   -7.5000    7.5000  -30.0000 2756.6501   14.1895
    0.0000    7.5000  -30.0000 2786.4729   14.1266
    7.5000    7.5000  -30.0000 2755.3176   14.1514
   -7.5000   15.0000  -30.0000 2701.2888   14.9075
    0.0000   15.0000  -30.0000 2730.8848   14.8443
    7.5000   15.0000  -30.0000 2702.9019   14.8557
   -7.5000   22.5000  -30.0000 2620.1362   15.8802
    0.0000   22.5000  -30.0000 2647.5420   15.7969
    7.5000   22.5000  -30.0000 2628.1711   15.7988
   -7.5000   30.0000  -30.0000 2508.3389   17.1828
    0.0000   30.0000  -30.0000 2536.9482   17.0706
    7.5000   30.0000  -30.0000 2518.5857   17.0654
   -7.5000   37.5000  -30.0000 2391.2993   18.8917
    0.0000   37.5000  -30.0000 2415.2849   18.7644
    7.5000   37.5000  -30.0000 2397.0715   18.7969
   -7.5000   45.0000  -30.0000 2254.3362   21.1241
    0.0000   45.0000  -30.0000 2265.5767   20.9959
    7.5000   45.0000  -30.0000 2253.5281   21.0618
   -7.5000  -45.0000  -22.5000 2621.3459   15.8728
    0.0000  -45.0000  -22.5000 2638.5308   15.7759
    7.5000  -45.0000  -22.5000 2620.7170   15.8001
   -7.5000  -37.5000  -22.5000 2704.0601   14.7743
    0.0000  -37.5000  -22.5000 2718.8625   14.7026
    7.5000  -37.5000  -22.5000 2702.3799   14.7264
   -7.5000  -30.0000  -22.5000 2770.9404   13.9198
    0.0000  -30.0000  -22.5000 2786.5981   13.8830
    7.5000  -30.0000  -22.5000 2770.9780   13.9165
   -7.5000  -22.5000  -22.5000 2825.2805   13.3912
    0.0000  -22.5000  -22.5000 2845.5930   13.3282
    7.5000  -22.5000  -22.5000 2824.9263   13.3449
   -7.5000  -15.0000  -22.5000 2850.4744   13.0382
    0.0000  -15.0000  -22.5000 2880.0425   12.9534
    7.5000  -15.0000  -22.5000 2847.6477   13.0090
   -7.5000   -7.5000  -22.5000 2871.1204   12.9837
    0.0000   -7.5000  -22.5000 2901.7859   12.8888
    7.5000   -7.5000  -22.5000 2868.8030   12.9386
   -7.5000    0.0000  -22.5000 2869.2170   13.2738
    0.0000    0.0000  -22.5000 2905.8074   13.1937
    7.5000    0.0000  -22.5000 2875.3462   13.2309
   -7.5000    7.5000  -22.5000 2841.3442   13.7917
    0.0000    7.5000  -22.5000 2871.2268   13.7008
    7.5000    7.5000  -22.5000 2844.1455   13.7557
   -7.5000   15.0000  -22.5000 2777.6294   14.5385
    0.0000   15.0000  -22.5000 2805.4194   14.4447
    7.5000   15.0000  -22.5000 2783.2898   14.4927
   -7.5000   22.5000  -22.5000 2698.4731   15.4975
    0.0000   22.5000  -22.5000 2719.4365   15.3951
    7.5000   22.5000  -22.5000 2703.4253   15.4526
   -7.5000   30.0000  -22.5000 2587.4375   16.8098
    0.0000   30.0000  -22.5000 2609.2715   16.6878
    7.5000   30.0000  -22.5000 2594.7068   16.7565
   -7.5000   37.5000  -22.5000 2468.2952   18.5304
    0.0000   37.5000  -22.5000 2485.3875   18.3890
    7.5000   37.5000  -22.5000 2469.0759   18.4401
   -7.5000   45.0000  -22.5000 2320.6309   20.7117
    0.0000   45.0000  -22.5000 2333.2637   20.5802
    7.5000   45.0000  -22.5000 2322.7122   20.6434
   -7.5000  -45.0000  -15.0000 2647.7717   15.6492
    0.0000  -45.0000  -15.0000 2662.9688   15.4588
    7.5000  -45.0000  -15.0000 2649.9463   15.5280
   -7.5000  -37.5000  -15.0000 2739.2410   14.5586
    0.0000  -37.5000  -15.0000 2749.5356   14.3885
    7.5000  -37.5000  -15.0000 2738.0449   14.4639
   -7.5000  -30.0000  -15.0000 2814.7678   13.7263
    0.0000  -30.0000  -15.0000 2827.0891   13.5741
    7.5000  -30.0000  -15.0000 2814.1958   13.6516
   -7.5000  -22.5000  -15.0000 2879.5359   13.1519
    0.0000  -22.5000  -15.0000 2901.2720   13.0064
    7.5000  -22.5000  -15.0000 2882.1313   13.0722
   -7.5000  -15.0000  -15.0000 2915.2854   12.7886
    0.0000  -15.0000  -15.0000 2950.2825   12.6243
    7.5000  -15.0000  -15.0000 2917.8975   12.7177
   -7.5000   -7.5000  -15.0000 2930.2283   12.6342
    0.0000   -7.5000  -15.0000 2965.0969   12.4062
    7.5000   -7.5000  -15.0000 2931.7312   12.5673
   -7.5000    0.0000  -15.0000 2922.7854   12.9404
    0.0000    0.0000  -15.0000 2951.6338   12.7445
    7.5000    0.0000  -15.0000 2931.2292   12.8661
   -7.5000    7.5000  -15.0000 2885.9485   13.5016
    0.0000    7.5000  -15.0000 2914.4844   13.3334
    7.5000    7.5000  -15.0000 2895.5815   13.4563
   -7.5000   15.0000  -15.0000 2825.0088   14.2510
    0.0000   15.0000  -15.0000 2850.3799   14.0822
    7.5000   15.0000  -15.0000 2831.5029   14.2154
   -7.5000   22.5000  -15.0000 2738.0842   15.2839
    0.0000   22.5000  -15.0000 2758.2258   15.1208
    7.5000   22.5000  -15.0000 2745.8179   15.2274
   -7.5000   30.0000  -15.0000 2625.2017   16.6316
    0.0000   30.0000  -15.0000 2645.2822   16.4767
    7.5000   30.0000  -15.0000 2632.1167   16.5518
   -7.5000   37.5000  -15.0000 2503.9902   18.3091
    0.0000   37.5000  -15.0000 2522.2271   18.1489
    7.5000   37.5000  -15.0000 2508.0015   18.2043
   -7.5000   45.0000  -15.0000 2356.0825   20.4236
    0.0000   45.0000  -15.0000 2369.5615   20.2892
    7.5000   45.0000  -15.0000 2355.2622   20.3530
   -7.5000  -45.0000   -7.5000 2640.9050   15.5329
    0.0000  -45.0000   -7.5000 2652.5781   15.3102
    7.5000  -45.0000   -7.5000 2643.4709   15.3882
   -7.5000  -37.5000   -7.5000 2739.8376   14.4207
    0.0000  -37.5000   -7.5000 2751.6697   14.1974
    7.5000  -37.5000   -7.5000 2742.6689   14.3133
   -7.5000  -30.0000   -7.5000 2823.1279   13.5917
    0.0000  -30.0000   -7.5000 2840.6616   13.3754
    7.5000  -30.0000   -7.5000 2827.4998   13.5048
   -7.5000  -22.5000   -7.5000 2896.1206   13.0273
    0.0000  -22.5000   -7.5000 2919.5640   12.8462
    7.5000  -22.5000   -7.5000 2903.7190   12.9270
   -7.5000  -15.0000   -7.5000 2952.5234   12.7030
    0.0000  -15.0000   -7.5000 2991.9304   12.4984
    7.5000  -15.0000   -7.5000 2961.2588   12.6111
   -7.5000   -7.5000   -7.5000 2976.8284   12.5674
    0.0000   -7.5000   -7.5000 3013.4617   12.2691
    7.5000   -7.5000   -7.5000 2983.2087   12.4803
   -7.5000    0.0000   -7.5000 2957.6755   12.7123
    0.0000    0.0000   -7.5000 2989.9858   12.4768
    7.5000    0.0000   -7.5000 2961.7024   12.6783
   -7.5000    7.5000   -7.5000 2900.4614   13.2772
    0.0000    7.5000   -7.5000 2932.0015   13.0685
    7.5000    7.5000   -7.5000 2907.5483   13.2321
   -7.5000   15.0000   -7.5000 2836.2019   14.0552
    0.0000   15.0000   -7.5000 2860.8850   13.9160
    7.5000   15.0000   -7.5000 2841.3438   14.0065
   -7.5000   22.5000   -7.5000 2748.6406   15.0998
    0.0000   22.5000   -7.5000 2774.8130   14.9842
    7.5000   22.5000   -7.5000 2757.5681   15.0220
   -7.5000   30.0000   -7.5000 2639.3281   16.4264
    0.0000   30.0000   -7.5000 2661.6658   16.3417
    7.5000   30.0000   -7.5000 2645.5740   16.3401
   -7.5000   37.5000   -7.5000 2512.2754   18.0639
    0.0000   37.5000   -7.5000 2536.8804   17.9955
    7.5000   37.5000   -7.5000 2517.8679   17.9614
   -7.5000   45.0000   -7.5000 2365.4907   20.1574
    0.0000   45.0000   -7.5000 2383.6570   20.0646
    7.5000   45.0000   -7.5000 2365.0366   20.0346
   -7.5000  -45.0000    0.0000 2620.9497   15.6295
    0.0000  -45.0000    0.0000 2631.6333   15.3189
    7.5000  -45.0000    0.0000 2625.1274   15.5067
   -7.5000  -37.5000    0.0000 2723.6262   14.4506
    0.0000  -37.5000    0.0000 2732.5093   14.1914
    7.5000  -37.5000    0.0000 2725.6147   14.3412
   -7.5000  -30.0000    0.0000 2808.6836   13.5899
    0.0000  -30.0000    0.0000 2828.6504   13.3500
    7.5000  -30.0000    0.0000 2817.6174   13.4915
   -7.5000  -22.5000    0.0000 2889.2698   13.0570
    0.0000  -22.5000    0.0000 2916.5242   12.8622
    7.5000  -22.5000    0.0000 2900.0815   12.9545
   -7.5000  -15.0000    0.0000 2945.9634   12.7189
    0.0000  -15.0000    0.0000 2998.4846   12.5821
    7.5000  -15.0000    0.0000 2956.3779   12.6828
   -7.5000   -7.5000    0.0000 2982.9531   12.6172
    0.0000   -7.5000    0.0000 3029.1372   12.4266
    7.5000   -7.5000    0.0000 2984.7241   12.5942
   -7.5000    0.0000    0.0000 2957.5303   12.7330
    0.0000    0.0000    0.0000 2998.8982   12.5720
    7.5000    0.0000    0.0000 2964.9941   12.7392
   -7.5000    7.5000    0.0000 2897.7468   13.2302
    0.0000    7.5000    0.0000 2933.8169   13.0787
    7.5000    7.5000    0.0000 2904.0576   13.2054
   -7.5000   15.0000    0.0000 2822.4246   14.0193
    0.0000   15.0000    0.0000 2848.2297   13.8774
    7.5000   15.0000    0.0000 2831.7869   13.9544
   -7.5000   22.5000    0.0000 2736.8770   15.0782
    0.0000   22.5000    0.0000 2757.4563   14.9385
    7.5000   22.5000    0.0000 2743.8948   14.9886
   -7.5000   30.0000    0.0000 2628.1924   16.4118
    0.0000   30.0000    0.0000 2652.4087   16.2830
    7.5000   30.0000    0.0000 2635.6943   16.3064
   -7.5000   37.5000    0.0000 2501.6562   18.0675
    0.0000   37.5000    0.0000 2527.4946   17.9507
    7.5000   37.5000    0.0000 2510.6829   17.9623
   -7.5000   45.0000    0.0000 2356.4407   20.1075
    0.0000   45.0000    0.0000 2380.7773   20.0229
    7.5000   45.0000    0.0000 2361.5444   19.9759
   -7.5000  -45.0000    7.5000 2594.9519   15.9669
    0.0000  -45.0000    7.5000 2613.4746   15.6933
    7.5000  -45.0000    7.5000 2598.2307   15.8307
   -7.5000  -37.5000    7.5000 2695.6265   14.7259
    0.0000  -37.5000    7.5000 2711.7371   14.4940
    7.5000  -37.5000    7.5000 2693.2319   14.6256
   -7.5000  -30.0000    7.5000 2784.1011   13.8454
    0.0000  -30.0000    7.5000 2804.0925   13.6340
    7.5000  -30.0000    7.5000 2781.4446   13.7545
   -7.5000  -22.5000    7.5000 2863.2141   13.2949
    0.0000  -22.5000    7.5000 2884.2153   13.1088
    7.5000  -22.5000    7.5000 2864.6641   13.2091
   -7.5000  -15.0000    7.5000 2916.1782   12.9289
    0.0000  -15.0000    7.5000 2957.5178   12.7501
    7.5000  -15.0000    7.5000 2922.6672   12.8954
   -7.5000   -7.5000    7.5000 2952.6370   12.8000
    0.0000   -7.5000    7.5000 2990.4436   12.5996
    7.5000   -7.5000    7.5000 2958.9980   12.7922
   -7.5000    0.0000    7.5000 2930.0403   12.9954
    0.0000    0.0000    7.5000 2976.3347   12.8746
    7.5000    0.0000    7.5000 2943.6775   12.9940
   -7.5000    7.5000    7.5000 2880.5308   13.5348
    0.0000    7.5000    7.5000 2917.5557   13.4220
    7.5000    7.5000    7.5000 2885.3220   13.5248
   -7.5000   15.0000    7.5000 2801.1448   14.3635
    0.0000   15.0000    7.5000 2827.4680   14.2420
    7.5000   15.0000    7.5000 2810.1892   14.2992
   -7.5000   22.5000    7.5000 2713.1497   15.3640
    0.0000   22.5000    7.5000 2732.2690   15.2495
    7.5000   22.5000    7.5000 2720.3416   15.2807
   -7.5000   30.0000    7.5000 2607.0637   16.6164
    0.0000   30.0000    7.5000 2625.3374   16.4984
    7.5000   30.0000    7.5000 2610.5129   16.5055
   -7.5000   37.5000    7.5000 2480.1377   18.1910
    0.0000   37.5000    7.5000 2502.7722   18.0764
    7.5000   37.5000    7.5000 2487.0032   18.0836
   -7.5000   45.0000    7.5000 2327.7319   20.2031
    0.0000   45.0000    7.5000 2354.4526   20.0574
    7.5000   45.0000    7.5000 2335.9163   20.0420
   -7.5000  -45.0000   15.0000 2564.6689   16.4332
    0.0000  -45.0000   15.0000 2589.1287   16.1853
    7.5000  -45.0000   15.0000 2565.5759   16.3211
   -7.5000  -37.5000   15.0000 2658.6873   15.2055
    0.0000  -37.5000   15.0000 2682.1487   14.9690
    7.5000  -37.5000   15.0000 2657.3274   15.1030
   -7.5000  -30.0000   15.0000 2748.1177   14.3162
    0.0000  -30.0000   15.0000 2766.8838   14.0988
    7.5000  -30.0000   15.0000 2744.2861   14.2288
   -7.5000  -22.5000   15.0000 2825.5010   13.7492
    0.0000  -22.5000   15.0000 2845.3096   13.5559
    7.5000  -22.5000   15.0000 2823.0120   13.6655
   -7.5000  -15.0000   15.0000 2871.8215   13.3913
    0.0000  -15.0000   15.0000 2901.3511   13.1737
    7.5000  -15.0000   15.0000 2874.8396   13.3607
   -7.5000   -7.5000   15.0000 2894.0479   13.2964
    0.0000   -7.5000   15.0000 2922.2766   13.1123
    7.5000   -7.5000   15.0000 2898.9502   13.2699
   -7.5000    0.0000   15.0000 2875.8362   13.4827
    0.0000    0.0000   15.0000 2908.4370   13.3275
    7.5000    0.0000   15.0000 2885.2227   13.4685
   -7.5000    7.5000   15.0000 2838.2930   14.0137
    0.0000    7.5000   15.0000 2867.1848   13.8689
    7.5000    7.5000   15.0000 2842.8542   13.9883
   -7.5000   15.0000   15.0000 2760.7703   14.8454
    0.0000   15.0000   15.0000 2790.0977   14.7142
    7.5000   15.0000   15.0000 2772.8223   14.7808
   -7.5000   22.5000   15.0000 2674.4424   15.8822
    0.0000   22.5000   15.0000 2698.3977   15.7684
    7.5000   22.5000   15.0000 2683.5210   15.7939
   -7.5000   30.0000   15.0000 2571.2366   17.1109
    0.0000   30.0000   15.0000 2593.7683   16.9848
    7.5000   30.0000   15.0000 2576.4360   17.0275
   -7.5000   37.5000   15.0000 2443.5620   18.6604
    0.0000   37.5000   15.0000 2463.0361   18.5149
    7.5000   37.5000   15.0000 2450.1450   18.5382
   -7.5000   45.0000   15.0000 2298.4917   20.6600
    0.0000   45.0000   15.0000 2321.8638   20.4896
    7.5000   45.0000   15.0000 2300.6838   20.4522
   -7.5000  -45.0000   22.5000 2537.0281   17.0812
    0.0000  -45.0000   22.5000 2564.9050   16.8469
    7.5000  -45.0000   22.5000 2539.2288   16.9659
   -7.5000  -37.5000   22.5000 2626.0610   15.8201
    0.0000  -37.5000   22.5000 2655.0952   15.6226
    7.5000  -37.5000   22.5000 2630.9084   15.7285
   -7.5000  -30.0000   22.5000 2711.0466   14.8961
    0.0000  -30.0000   22.5000 2736.1445   14.7154
    7.5000  -30.0000   22.5000 2709.6313   14.8109
   -7.5000  -22.5000   22.5000 2779.2419   14.3110
    0.0000  -22.5000   22.5000 2805.8293   14.1177
    7.5000  -22.5000   22.5000 2781.3025   14.2459
   -7.5000  -15.0000   22.5000 2816.3569   13.9656
    0.0000  -15.0000   22.5000 2845.6011   13.8040
    7.5000  -15.0000   22.5000 2820.8828   13.9247
   -7.5000   -7.5000   22.5000 2832.0071   13.9378
    0.0000   -7.5000   22.5000 2851.7795   13.7735
    7.5000   -7.5000   22.5000 2830.4197   13.9066
   -7.5000    0.0000   22.5000 2810.3804   14.1598
    0.0000    0.0000   22.5000 2836.8420   13.9859
    7.5000    0.0000   22.5000 2813.5930   14.1153
   -7.5000    7.5000   22.5000 2779.7346   14.6610
    0.0000    7.5000   22.5000 2803.6382   14.5061
    7.5000    7.5000   22.5000 2778.5999   14.6135
   -7.5000   15.0000   22.5000 2708.1880   15.4904
    0.0000   15.0000   22.5000 2739.1301   15.3355
    7.5000   15.0000   22.5000 2715.4805   15.4094
   -7.5000   22.5000   22.5000 2627.3586   16.5055
    0.0000   22.5000   22.5000 2654.4250   16.3628
    7.5000   22.5000   22.5000 2637.6299   16.4387
   -7.5000   30.0000   22.5000 2525.1853   17.7505
    0.0000   30.0000   22.5000 2553.1279   17.6307
    7.5000   30.0000   22.5000 2538.9312   17.6767
   -7.5000   37.5000   22.5000 2401.8035   19.3329
    0.0000   37.5000   22.5000 2423.7607   19.1835
    7.5000   37.5000   22.5000 2410.0569   19.2006
   -7.5000   45.0000   22.5000 2257.3911   21.3267
    0.0000   45.0000   22.5000 2278.5996   21.1388
    7.5000   45.0000   22.5000 2257.0581   21.1740
   -7.5000  -45.0000   30.0000 2489.1101   17.8387
    0.0000  -45.0000   30.0000 2522.5811   17.6400
    7.5000  -45.0000   30.0000 2501.0210   17.7429
   -7.5000  -37.5000   30.0000 2574.7705   16.5505
    0.0000  -37.5000   30.0000 2608.1096   16.3806
    7.5000  -37.5000   30.0000 2584.4688   16.4938
   -7.5000  -30.0000   30.0000 2647.8784   15.6300
    0.0000  -30.0000   30.0000 2678.0603   15.4482
    7.5000  -30.0000   30.0000 2656.9478   15.5727
   -7.5000  -22.5000   30.0000 2708.6804   15.0125
    0.0000  -22.5000   30.0000 2744.9512   14.8626
    7.5000  -22.5000   30.0000 2717.4861   14.9792
   -7.5000  -15.0000   30.0000 2744.8186   14.7027
    0.0000  -15.0000   30.0000 2775.8010   14.5839
    7.5000  -15.0000   30.0000 2749.7666   14.6480
   -7.5000   -7.5000   30.0000 2754.8999   14.7101
    0.0000   -7.5000   30.0000 2777.5972   14.5832
    7.5000   -7.5000   30.0000 2754.6780   14.6680
   -7.5000    0.0000   30.0000 2733.1431   14.9188
    0.0000    0.0000   30.0000 2758.3389   14.7984
    7.5000    0.0000   30.0000 2735.1250   14.8876
   -7.5000    7.5000   30.0000 2703.6245   15.4415
    0.0000    7.5000   30.0000 2725.3418   15.2919
    7.5000    7.5000   30.0000 2704.6279   15.3720
   -7.5000   15.0000   30.0000 2641.6643   16.2259
    0.0000   15.0000   30.0000 2669.6086   16.0926
    7.5000   15.0000   30.0000 2646.5630   16.1645
   -7.5000   22.5000   30.0000 2572.6917   17.2098
    0.0000   22.5000   30.0000 2594.2546   17.0992
    7.5000   22.5000   30.0000 2576.6868   17.1687
   -7.5000   30.0000   30.0000 2473.9419   18.4615
    0.0000   30.0000   30.0000 2496.1716   18.3740
    7.5000   30.0000   30.0000 2480.7844   18.4458
   -7.5000   37.5000   30.0000 2346.6003   20.1559
    0.0000   37.5000   30.0000 2368.3018   20.0000
    7.5000   37.5000   30.0000 2349.8789   20.0214
   -7.5000   45.0000   30.0000 2210.1038   22.2428
    0.0000   45.0000   30.0000 2225.1257   22.0637
    7.5000   45.0000   30.0000 2211.4431   22.1098
   -7.5000  -45.0000   37.5000 2434.6829   18.8482
    0.0000  -45.0000   37.5000 2466.0808   18.7084
    7.5000  -45.0000   37.5000 2446.8813   18.8252
   -7.5000  -37.5000   37.5000 2512.6743   17.5238
    0.0000  -37.5000   37.5000 2547.1116   17.3908
    7.5000  -37.5000   37.5000 2528.4395   17.5072
   -7.5000  -30.0000   37.5000 2577.5413   16.5521
    0.0000  -30.0000   37.5000 2607.1519   16.3930
    7.5000  -30.0000   37.5000 2589.3650   16.5151
   -7.5000  -22.5000   37.5000 2633.5017   15.9403
    0.0000  -22.5000   37.5000 2664.2222   15.8150
    7.5000  -22.5000   37.5000 2643.1667   15.9099
   -7.5000  -15.0000   37.5000 2667.2273   15.6143
    0.0000  -15.0000   37.5000 2689.3533   15.5310
    7.5000  -15.0000   37.5000 2670.1086   15.5921
   -7.5000   -7.5000   37.5000 2673.2708   15.6331
    0.0000   -7.5000   37.5000 2691.2690   15.5512
    7.5000   -7.5000   37.5000 2673.8689   15.6212
   -7.5000    0.0000   37.5000 2656.7107   15.8829
    0.0000    0.0000   37.5000 2672.7283   15.8071
    7.5000    0.0000   37.5000 2658.7986   15.8715
   -7.5000    7.5000   37.5000 2630.4277   16.3712
    0.0000    7.5000   37.5000 2646.9866   16.2743
    7.5000    7.5000   37.5000 2631.1770   16.3495
   -7.5000   15.0000   37.5000 2580.3704   17.1055
    0.0000   15.0000   37.5000 2606.8633   17.0128
    7.5000   15.0000   37.5000 2583.1555   17.0640
   -7.5000   22.5000   37.5000 2507.6460   18.1109
    0.0000   22.5000   37.5000 2526.3411   18.0053
    7.5000   22.5000   37.5000 2514.3879   18.0661
   -7.5000   30.0000   37.5000 2407.2434   19.3955
    0.0000   30.0000   37.5000 2422.0320   19.3052
    7.5000   30.0000   37.5000 2413.9812   19.3825
   -7.5000   37.5000   37.5000 2285.3093   21.2235
    0.0000   37.5000   37.5000 2301.8865   21.0638
    7.5000   37.5000   37.5000 2291.1521   21.1318
   -7.5000   45.0000   37.5000 2152.4961   23.4368
    0.0000   45.0000   37.5000 2165.5442   23.2182
    7.5000   45.0000   37.5000 2155.0125   23.2754
   -7.5000  -45.0000   45.0000 2361.4990   20.1755
    0.0000  -45.0000   45.0000 2391.1228   20.0816
    7.5000  -45.0000   45.0000 2376.7354   20.1954
   -7.5000  -37.5000   45.0000 2439.8892   18.7743
    0.0000  -37.5000   45.0000 2472.8296   18.6800
    7.5000  -37.5000   45.0000 2459.1633   18.7701
   -7.5000  -30.0000   45.0000 2502.9539   17.7837
    0.0000  -30.0000   45.0000 2532.6953   17.6317
    7.5000  -30.0000   45.0000 2515.3801   17.7432
   -7.5000  -22.5000   45.0000 2552.8706   17.1084
    0.0000  -22.5000   45.0000 2577.0720   17.0298
    7.5000  -22.5000   45.0000 2561.8423   17.1044
   -7.5000  -15.0000   45.0000 2573.6257   16.7781
    0.0000  -15.0000   45.0000 2595.4990   16.6776
    7.5000  -15.0000   45.0000 2579.4077   16.7590
   -7.5000   -7.5000   45.0000 2578.2954   16.7910
    0.0000   -7.5000   45.0000 2598.0801   16.7013
    7.5000   -7.5000   45.0000 2582.7368   16.7655
   -7.5000    0.0000   45.0000 2568.2119   17.0212
    0.0000    0.0000   45.0000 2584.3040   16.9577
    7.5000    0.0000   45.0000 2573.5181   17.0406
   -7.5000    7.5000   45.0000 2545.3408   17.5478
    0.0000    7.5000   45.0000 2559.9055   17.4676
    7.5000    7.5000   45.0000 2552.5459   17.5545
   -7.5000   15.0000   45.0000 2509.8608   18.2752
    0.0000   15.0000   45.0000 2529.1814   18.2031
    7.5000   15.0000   45.0000 2516.9272   18.2685
   -7.5000   22.5000   45.0000 2437.3604   19.3066
    0.0000   22.5000   45.0000 2454.8303   19.1773
    7.5000   22.5000   45.0000 2445.3906   19.2830
   -7.5000   30.0000   45.0000 2334.2512   20.6346
    0.0000   30.0000   45.0000 2355.6995   20.5142
    7.5000   30.0000   45.0000 2345.1562   20.6145
   -7.5000   37.5000   45.0000 2222.7224   22.5033
    0.0000   37.5000   45.0000 2238.8149   22.3582
    7.5000   37.5000   45.0000 2228.2024   22.4385
   -7.5000   45.0000   45.0000 2093.5364   24.8397
    0.0000   45.0000   45.0000 2105.6970   24.6337
    7.5000   45.0000   45.0000 2095.5479   24.7272

---------------------------------------------------------------------
imgreg_4dfp /usr/local/freesurfer/average/711-2C_as_mni_average_305 /usr/local/freesurfer/average/711-2B_as_mni_average_305_mask talsrcimg_g11 none talsrcimg_to_711-2C_as_mni_average_305_t4 1283
---------------------------------------------------------------------

freesurfer imgreg_4dfp.c
/usr/local/freesurfer/average/711-2C_as_mni_average_305.4dfp.img
       256       256       256         1
  1.000000  1.000000  1.000000
orientation T byte_order littleendian
Reading image: /usr/local/freesurfer/average/711-2C_as_mni_average_305.4dfp.img
dimensions:      256       256       256
mmppix:       1.0000   -1.0000   -1.0000
center:     128.0000 -129.0000 -129.0000
/usr/local/freesurfer/average/711-2B_as_mni_average_305_mask.4dfp.img
       256       256       256         1
  1.000000  1.000000  1.000000
orientation T byte_order littleendian
Reading mask: /usr/local/freesurfer/average/711-2B_as_mni_average_305_mask.4dfp.img (2306576 pixels)
talsrcimg_g11.4dfp.img
       256       256       256         1
  1.000000  1.000000  1.000000
orientation T byte_order littleendian
Reading image: talsrcimg_g11.4dfp.img
dimensions:      256       256       256
mmppix:       1.0000   -1.0000   -1.0000
center:     128.0000 -129.0000 -129.0000
rotation matrix determinant  1.000000
fimgreg.f
image alignment mode   1283 decimal      503 hex
parameters
    0.0000   -7.5000    0.0000    0.0000    0.0000    0.0000
eta,q 0.95064 12.38495
niter,ni,del,rscale     5    3   12.0000    1.2000
parameter  4  1.011816 ->  0.500000 qaram    1.1500
parameters
   -0.1162   -8.0346   -2.2845   -3.4500   -0.7190    0.5655
eta,q 0.95424 12.31549
  0.0609  0.0557  0.0526  0.0460  0.0509  0.0528
  0.0557  0.0521  0.0505  0.0460  0.0473  0.0496
  0.0507  0.0502  0.0487  0.0467  0.0460  0.0469
  0.0499  0.0496  0.0500  0.0486  0.0461  0.0458
  0.0526  0.0501  0.0541  0.0513  0.0475  0.0462
  0.0561  0.0540  0.0589  0.0541  0.0500  0.0481
  0.0614  0.0587  0.0638  0.0571  0.0530  0.0506
niter,ni,del,rscale     5    3   12.0000    1.2000
parameters
    0.1199   -5.9532   -2.4780   -6.7157   -0.8743    1.1115
eta,q 0.95652 12.30381
  0.0587  0.0593  0.0556  0.0452  0.0525  0.0501
  0.0519  0.0540  0.0502  0.0437  0.0478  0.0462
  0.0465  0.0489  0.0461  0.0433  0.0443  0.0435
  0.0458  0.0460  0.0449  0.0448  0.0432  0.0432
  0.0482  0.0449  0.0472  0.0474  0.0450  0.0442
  0.0511  0.0453  0.0513  0.0519  0.0488  0.0454
  0.0558  0.0489  0.0567  0.0565  0.0531  0.0473
niter,ni,del,rscale     4    3   12.0000    1.2000
parameters
    0.2214   -4.7219   -2.7581   -7.7840   -1.1670    1.6005
eta,q 0.95686 12.33283
  0.0571  0.0569  0.0537  0.0473  0.0507  0.0485
  0.0503  0.0499  0.0485  0.0450  0.0465  0.0452
  0.0445  0.0455  0.0449  0.0435  0.0437  0.0432
  0.0435  0.0435  0.0429  0.0430  0.0430  0.0430
  0.0461  0.0429  0.0442  0.0441  0.0443  0.0434
  0.0501  0.0446  0.0498  0.0473  0.0475  0.0442
  0.0554  0.0490  0.0566  0.0519  0.0524  0.0466
niter,ni,del,rscale     3    3   12.0000    1.2000
parameters
    0.3650   -4.4429   -2.9177   -8.1360   -1.2708    1.6570
eta,q 0.95689 12.34247
  0.0559  0.0536  0.0537  0.0486  0.0506  0.0477
  0.0491  0.0473  0.0490  0.0457  0.0464  0.0447
  0.0440  0.0446  0.0451  0.0438  0.0436  0.0431
  0.0431  0.0432  0.0431  0.0431  0.0431  0.0431
  0.0447  0.0433  0.0443  0.0441  0.0440  0.0434
  0.0485  0.0464  0.0489  0.0461  0.0465  0.0446
  0.0542  0.0518  0.0559  0.0502  0.0513  0.0474
niter,ni,del,rscale     2    3   12.0000    1.2000
parameters
    0.3826   -4.3660   -3.0065   -8.1982   -1.2989    1.6671
eta,q 0.95689 12.34304
  0.0551  0.0528  0.0538  0.0492  0.0507  0.0476
  0.0486  0.0470  0.0492  0.0460  0.0465  0.0446
  0.0439  0.0444  0.0453  0.0439  0.0436  0.0431
  0.0431  0.0431  0.0431  0.0431  0.0431  0.0431
  0.0445  0.0434  0.0444  0.0440  0.0440  0.0435
  0.0487  0.0469  0.0486  0.0458  0.0463  0.0447
  0.0546  0.0525  0.0555  0.0496  0.0510  0.0475
niter,ni,del,rscale     1    3   12.0000    1.2000
parameters
    0.3780   -4.3601   -3.0337   -8.2068   -1.3024    1.6701
eta,q 0.95689 12.34287
  0.0550  0.0526  0.0539  0.0493  0.0508  0.0476
  0.0485  0.0469  0.0493  0.0461  0.0465  0.0446
  0.0439  0.0444  0.0454  0.0439  0.0437  0.0431
  0.0431  0.0431  0.0431  0.0431  0.0431  0.0431
  0.0445  0.0435  0.0443  0.0440  0.0440  0.0435
  0.0487  0.0471  0.0483  0.0458  0.0462  0.0447
  0.0547  0.0527  0.0552  0.0495  0.0509  0.0475
registration optimization eta report
parameter search radius
    6.0000    6.0000    6.0000    6.9000    6.0000    6.0000
100000*second partial in parameter space
       33.       27.       31.       13.       22.       13.
  0.0550  0.0526  0.0539  0.0493  0.0508  0.0476
  0.0485  0.0469  0.0493  0.0461  0.0465  0.0446
  0.0439  0.0444  0.0454  0.0439  0.0437  0.0431
  0.0431  0.0431  0.0431  0.0431  0.0431  0.0431
  0.0445  0.0435  0.0443  0.0440  0.0440  0.0435
  0.0487  0.0471  0.0483  0.0458  0.0462  0.0447
  0.0547  0.0527  0.0552  0.0495  0.0509  0.0475
    0.3780   -4.3601   -3.0337   -8.2068   -1.3024    1.6701
eta,q 0.95689 12.34287

---------------------------------------------------------------------
imgreg_4dfp /usr/local/freesurfer/average/711-2C_as_mni_average_305 /usr/local/freesurfer/average/711-2B_as_mni_average_305_mask talsrcimg_g11 none talsrcimg_to_711-2C_as_mni_average_305_t4 3335
---------------------------------------------------------------------

freesurfer imgreg_4dfp.c
/usr/local/freesurfer/average/711-2C_as_mni_average_305.4dfp.img
       256       256       256         1
  1.000000  1.000000  1.000000
orientation T byte_order littleendian
Reading image: /usr/local/freesurfer/average/711-2C_as_mni_average_305.4dfp.img
dimensions:      256       256       256
mmppix:       1.0000   -1.0000   -1.0000
center:     128.0000 -129.0000 -129.0000
/usr/local/freesurfer/average/711-2B_as_mni_average_305_mask.4dfp.img
       256       256       256         1
  1.000000  1.000000  1.000000
orientation T byte_order littleendian
Reading mask: /usr/local/freesurfer/average/711-2B_as_mni_average_305_mask.4dfp.img (2306576 pixels)
talsrcimg_g11.4dfp.img
       256       256       256         1
  1.000000  1.000000  1.000000
orientation T byte_order littleendian
Reading image: talsrcimg_g11.4dfp.img
dimensions:      256       256       256
mmppix:       1.0000   -1.0000   -1.0000
center:     128.0000 -129.0000 -129.0000
fimgreg.f
image alignment mode   3335 decimal      D07 hex
parameters
    0.3780   -4.3601   -3.0337   -0.0683   -1.0756   -1.0496
   -3.2089    1.8327    2.9136   14.3342   -2.2729  -14.2710
eta,q 0.95915 12.39934
niter,ni,del,rscale     5    3    5.0000    1.2000
parameter  4  6.685817 ->  0.500000 qaram    1.1500
parameter  5  3.523782 ->  0.500000 qaram    1.1500
parameter  6  0.510101 ->  0.500000 qaram    1.1500
parameters
    0.0070   -4.0063   -3.0547   -4.2083   -5.2156   -5.1896
   -1.6725    1.3893    4.0547   12.0608   -4.2697  -14.4853
eta,q 0.97209 12.15285
  0.0423  0.0428  0.0426  0.0311  0.0274  0.0296  0.0327  0.0333  0.0309  0.0300  0.0286  0.0297
  0.0413  0.0418  0.0416  0.0336  0.0289  0.0288  0.0308  0.0307  0.0298  0.0286  0.0281  0.0287
  0.0409  0.0411  0.0410  0.0370  0.0314  0.0285  0.0295  0.0290  0.0290  0.0280  0.0279  0.0280
  0.0408  0.0408  0.0407  0.0407  0.0344  0.0295  0.0287  0.0286  0.0285  0.0285  0.0280  0.0279
  0.0413  0.0408  0.0409  0.0446  0.0377  0.0322  0.0286  0.0295  0.0285  0.0298  0.0285  0.0282
  0.0422  0.0411  0.0416  0.0483  0.0409  0.0365  0.0292  0.0316  0.0289  0.0320  0.0291  0.0289
  0.0436  0.0419  0.0427  0.0519  0.0439  0.0408  0.0304  0.0345  0.0298  0.0347  0.0300  0.0298
niter,ni,del,rscale     7    3    5.0000    1.2000
parameter  4  1.086798 ->  0.500000 qaram    1.3225
parameter  5  0.611290 ->  0.500000 qaram    1.3225
parameters
    0.0307   -3.8619   -3.4515   -8.9693   -9.9766   -4.4671
   -1.8550    1.6774    4.7184   12.3562   -3.7717  -15.6397
eta,q 0.97728 11.94373
  0.0316  0.0310  0.0291  0.0239  0.0239  0.0265  0.0257  0.0277  0.0252  0.0265  0.0238  0.0237
  0.0297  0.0294  0.0284  0.0243  0.0231  0.0250  0.0242  0.0252  0.0241  0.0245  0.0233  0.0230
  0.0284  0.0283  0.0280  0.0255  0.0232  0.0238  0.0232  0.0236  0.0232  0.0233  0.0230  0.0227
  0.0279  0.0279  0.0279  0.0279  0.0245  0.0230  0.0229  0.0229  0.0228  0.0228  0.0228  0.0228
  0.0283  0.0281  0.0283  0.0314  0.0269  0.0224  0.0233  0.0231  0.0229  0.0231  0.0228  0.0231
  0.0295  0.0290  0.0291  0.0354  0.0300  0.0230  0.0244  0.0245  0.0235  0.0241  0.0231  0.0236
  0.0315  0.0303  0.0304  0.0395  0.0334  0.0263  0.0260  0.0272  0.0246  0.0259  0.0236  0.0245
niter,ni,del,rscale     7    3    5.0000    1.2000
parameters
    0.0718   -3.4179   -3.0124  -12.8339  -10.3802   -4.5668
   -1.7811    1.7871    4.4826   12.2824   -4.0841  -15.8744
eta,q 0.97787 11.73091
  0.0268  0.0267  0.0248  0.0233  0.0269  0.0253  0.0252  0.0264  0.0242  0.0254  0.0231  0.0235
  0.0245  0.0249  0.0237  0.0223  0.0245  0.0238  0.0236  0.0242  0.0231  0.0236  0.0226  0.0227
  0.0232  0.0235  0.0230  0.0221  0.0228  0.0227  0.0225  0.0227  0.0224  0.0225  0.0222  0.0223
  0.0227  0.0227  0.0226  0.0225  0.0221  0.0221  0.0221  0.0221  0.0221  0.0221  0.0221  0.0221
  0.0232  0.0226  0.0225  0.0241  0.0227  0.0219  0.0225  0.0226  0.0224  0.0226  0.0223  0.0224
  0.0244  0.0233  0.0229  0.0272  0.0249  0.0231  0.0235  0.0239  0.0232  0.0237  0.0227  0.0229
  0.0264  0.0246  0.0237  0.0314  0.0282  0.0263  0.0251  0.0263  0.0245  0.0255  0.0233  0.0237
niter,ni,del,rscale     6    3    5.0000    1.2000
parameters
    0.0732   -3.3742   -2.6942  -13.3418  -10.4713   -4.4507
   -1.7315    1.7863    4.4335   12.1778   -4.2093  -15.7470
eta,q 0.97791 11.69913
  0.0259  0.0252  0.0243  0.0253  0.0271  0.0254  0.0252  0.0263  0.0242  0.0253  0.0232  0.0237
  0.0239  0.0236  0.0232  0.0235  0.0247  0.0239  0.0235  0.0241  0.0231  0.0235  0.0226  0.0228
  0.0226  0.0225  0.0225  0.0224  0.0229  0.0227  0.0225  0.0226  0.0224  0.0224  0.0222  0.0223
  0.0221  0.0221  0.0221  0.0221  0.0221  0.0221  0.0221  0.0221  0.0221  0.0221  0.0221  0.0221
  0.0226  0.0224  0.0221  0.0224  0.0225  0.0219  0.0225  0.0226  0.0223  0.0226  0.0222  0.0223
  0.0238  0.0234  0.0226  0.0237  0.0246  0.0230  0.0235  0.0241  0.0231  0.0237  0.0226  0.0227
  0.0259  0.0250  0.0234  0.0265  0.0277  0.0260  0.0251  0.0264  0.0244  0.0255  0.0232  0.0235
niter,ni,del,rscale     5    3    5.0000    1.2000
parameters
    0.0653   -3.3850   -2.6595  -13.3173  -10.5012   -4.4498
   -1.7236    1.7806    4.4279   12.1399   -4.2153  -15.7059
eta,q 0.97791 11.69839
  0.0259  0.0251  0.0239  0.0256  0.0272  0.0254  0.0252  0.0263  0.0243  0.0254  0.0232  0.0236
  0.0238  0.0235  0.0230  0.0238  0.0247  0.0239  0.0235  0.0241  0.0232  0.0236  0.0226  0.0228
  0.0225  0.0224  0.0223  0.0226  0.0229  0.0226  0.0225  0.0226  0.0224  0.0225  0.0222  0.0223
  0.0221  0.0221  0.0221  0.0221  0.0221  0.0221  0.0221  0.0221  0.0221  0.0221  0.0221  0.0221
  0.0225  0.0224  0.0222  0.0223  0.0224  0.0220  0.0225  0.0226  0.0223  0.0225  0.0222  0.0223
  0.0238  0.0235  0.0228  0.0234  0.0245  0.0231  0.0235  0.0241  0.0231  0.0236  0.0226  0.0228
  0.0259  0.0251  0.0239  0.0259  0.0276  0.0261  0.0251  0.0264  0.0243  0.0254  0.0232  0.0236
niter,ni,del,rscale     4    3    5.0000    1.2000
parameters
    0.0663   -3.3885   -2.6522  -13.3212  -10.5039   -4.4529
   -1.7233    1.7807    4.4307   12.1278   -4.2243  -15.6943
eta,q 0.97791 11.69769
  0.0259  0.0251  0.0238  0.0256  0.0272  0.0254  0.0252  0.0263  0.0243  0.0254  0.0232  0.0236
  0.0238  0.0235  0.0229  0.0238  0.0247  0.0239  0.0235  0.0241  0.0232  0.0236  0.0226  0.0228
  0.0225  0.0224  0.0223  0.0226  0.0229  0.0226  0.0225  0.0226  0.0224  0.0225  0.0222  0.0223
  0.0221  0.0221  0.0221  0.0221  0.0221  0.0221  0.0221  0.0221  0.0221  0.0221  0.0221  0.0221
  0.0225  0.0224  0.0222  0.0223  0.0224  0.0220  0.0225  0.0226  0.0223  0.0225  0.0222  0.0223
  0.0238  0.0235  0.0228  0.0234  0.0245  0.0231  0.0236  0.0241  0.0231  0.0236  0.0226  0.0228
  0.0259  0.0251  0.0239  0.0259  0.0276  0.0261  0.0251  0.0264  0.0243  0.0254  0.0232  0.0236
registration optimization eta report
parameter search radius
    2.4000    2.4000    2.4000    9.5220    9.5220    8.2800
    7.2000    7.2000    7.2000    7.2000    7.2000    7.2000
100000*second partial in parameter space
       66.       52.       31.        4.        6.        5.
        6.        8.        4.        6.        2.        3.
  0.0259  0.0251  0.0238  0.0256  0.0272  0.0254  0.0252  0.0263  0.0243  0.0254  0.0232  0.0236
  0.0238  0.0235  0.0229  0.0238  0.0247  0.0239  0.0235  0.0241  0.0232  0.0236  0.0226  0.0228
  0.0225  0.0224  0.0223  0.0226  0.0229  0.0226  0.0225  0.0226  0.0224  0.0225  0.0222  0.0223
  0.0221  0.0221  0.0221  0.0221  0.0221  0.0221  0.0221  0.0221  0.0221  0.0221  0.0221  0.0221
  0.0225  0.0224  0.0222  0.0223  0.0224  0.0220  0.0225  0.0226  0.0223  0.0225  0.0222  0.0223
  0.0238  0.0235  0.0228  0.0234  0.0245  0.0231  0.0236  0.0241  0.0231  0.0236  0.0226  0.0228
  0.0259  0.0251  0.0239  0.0259  0.0276  0.0261  0.0251  0.0264  0.0243  0.0254  0.0232  0.0236
    0.0663   -3.3885   -2.6522  -13.3212  -10.5039   -4.4529
   -1.7233    1.7807    4.4307   12.1278   -4.2243  -15.6943
eta,q 0.97791 11.69769

---------------------------------------------------------------------
imgreg_4dfp /usr/local/freesurfer/average/711-2C_as_mni_average_305 /usr/local/freesurfer/average/711-2B_as_mni_average_305_mask talsrcimg_g11 none talsrcimg_to_711-2C_as_mni_average_305_t4 2311
---------------------------------------------------------------------

freesurfer imgreg_4dfp.c
/usr/local/freesurfer/average/711-2C_as_mni_average_305.4dfp.img
       256       256       256         1
  1.000000  1.000000  1.000000
orientation T byte_order littleendian
Reading image: /usr/local/freesurfer/average/711-2C_as_mni_average_305.4dfp.img
dimensions:      256       256       256
mmppix:       1.0000   -1.0000   -1.0000
center:     128.0000 -129.0000 -129.0000
/usr/local/freesurfer/average/711-2B_as_mni_average_305_mask.4dfp.img
       256       256       256         1
  1.000000  1.000000  1.000000
orientation T byte_order littleendian
Reading mask: /usr/local/freesurfer/average/711-2B_as_mni_average_305_mask.4dfp.img (2306576 pixels)
talsrcimg_g11.4dfp.img
       256       256       256         1
  1.000000  1.000000  1.000000
orientation T byte_order littleendian
Reading image: talsrcimg_g11.4dfp.img
dimensions:      256       256       256
mmppix:       1.0000   -1.0000   -1.0000
center:     128.0000 -129.0000 -129.0000
fimgreg.f
image alignment mode   2311 decimal      907 hex
parameters
    0.0663   -3.3885   -2.6522  -13.3212  -10.5039   -4.4529
   -1.7233    1.7807    4.4307   12.1278   -4.2243  -15.6943
eta,q 0.97791 11.69769
niter,ni,del,rscale     5    3    5.0000    0.8000
parameters
    0.0702   -3.3832   -2.6046  -12.7699  -10.0556   -3.4017
   -1.7940    1.7921    4.5395   12.2662   -4.1521  -15.7917
eta,q 0.97807 11.78542
  0.0238  0.0235  0.0229  0.0231  0.0237  0.0235  0.0233  0.0239  0.0230  0.0237  0.0225  0.0226
  0.0229  0.0227  0.0225  0.0226  0.0229  0.0228  0.0226  0.0228  0.0225  0.0227  0.0222  0.0222
  0.0223  0.0223  0.0222  0.0222  0.0224  0.0222  0.0221  0.0221  0.0221  0.0221  0.0220  0.0220
  0.0221  0.0221  0.0221  0.0221  0.0221  0.0220  0.0219  0.0219  0.0219  0.0219  0.0219  0.0219
  0.0223  0.0222  0.0221  0.0221  0.0221  0.0219  0.0221  0.0221  0.0220  0.0221  0.0220  0.0220
  0.0229  0.0227  0.0224  0.0223  0.0224  0.0220  0.0226  0.0228  0.0224  0.0226  0.0222  0.0223
  0.0238  0.0235  0.0229  0.0227  0.0233  0.0226  0.0234  0.0239  0.0230  0.0235  0.0225  0.0227
niter,ni,del,rscale     4    3    5.0000    0.7000
parameters
    0.0649   -3.4455   -2.8360  -12.4574   -9.9867   -3.3022
   -1.7968    1.8289    4.6287   12.3678   -3.9954  -15.8933
eta,q 0.97811 11.81260
  0.0232  0.0229  0.0224  0.0226  0.0231  0.0228  0.0230  0.0234  0.0227  0.0232  0.0223  0.0224
  0.0225  0.0224  0.0221  0.0222  0.0225  0.0223  0.0224  0.0225  0.0223  0.0225  0.0221  0.0221
  0.0221  0.0220  0.0219  0.0220  0.0221  0.0221  0.0220  0.0221  0.0220  0.0220  0.0219  0.0219
  0.0219  0.0219  0.0219  0.0219  0.0219  0.0219  0.0219  0.0219  0.0219  0.0219  0.0219  0.0219
  0.0221  0.0221  0.0221  0.0219  0.0219  0.0218  0.0220  0.0220  0.0220  0.0220  0.0219  0.0220
  0.0225  0.0225  0.0224  0.0221  0.0224  0.0222  0.0224  0.0225  0.0222  0.0224  0.0221  0.0222
  0.0233  0.0231  0.0228  0.0224  0.0231  0.0228  0.0230  0.0233  0.0227  0.0231  0.0223  0.0225
niter,ni,del,rscale     3    3    5.0000    0.6000
parameters
    0.0585   -3.4407   -2.8901  -12.3560   -9.8897   -3.1307
   -1.8006    1.8499    4.6485   12.3999   -3.9409  -15.9802
eta,q 0.97815 11.82860
  0.0228  0.0227  0.0224  0.0223  0.0228  0.0225  0.0227  0.0229  0.0225  0.0228  0.0222  0.0223
  0.0223  0.0223  0.0221  0.0221  0.0224  0.0222  0.0222  0.0223  0.0221  0.0223  0.0220  0.0220
  0.0220  0.0220  0.0219  0.0219  0.0220  0.0221  0.0219  0.0220  0.0219  0.0220  0.0219  0.0219
  0.0219  0.0219  0.0219  0.0219  0.0219  0.0219  0.0218  0.0218  0.0219  0.0219  0.0219  0.0219
  0.0220  0.0220  0.0220  0.0219  0.0219  0.0218  0.0219  0.0219  0.0219  0.0220  0.0219  0.0219
  0.0223  0.0222  0.0222  0.0220  0.0222  0.0221  0.0222  0.0223  0.0221  0.0223  0.0220  0.0221
  0.0229  0.0227  0.0224  0.0223  0.0228  0.0225  0.0227  0.0229  0.0225  0.0228  0.0221  0.0223
niter,ni,del,rscale     2    3    5.0000    0.5000
parameters
    0.0543   -3.4453   -2.9327  -12.2451   -9.8005   -2.9506
   -1.7938    1.8763    4.6833   12.4022   -3.8894  -16.0742
eta,q 0.97818 11.84409
  0.0225  0.0224  0.0222  0.0221  0.0225  0.0223  0.0224  0.0225  0.0223  0.0225  0.0220  0.0221
  0.0221  0.0221  0.0220  0.0220  0.0222  0.0222  0.0221  0.0221  0.0220  0.0221  0.0219  0.0220
  0.0219  0.0219  0.0219  0.0219  0.0220  0.0220  0.0219  0.0219  0.0219  0.0219  0.0218  0.0218
  0.0219  0.0219  0.0219  0.0219  0.0218  0.0218  0.0218  0.0218  0.0218  0.0218  0.0218  0.0218
  0.0219  0.0219  0.0219  0.0219  0.0219  0.0218  0.0219  0.0219  0.0219  0.0219  0.0218  0.0219
  0.0222  0.0221  0.0220  0.0219  0.0221  0.0220  0.0221  0.0221  0.0220  0.0221  0.0219  0.0220
  0.0225  0.0224  0.0223  0.0221  0.0225  0.0223  0.0224  0.0225  0.0222  0.0225  0.0220  0.0221
niter,ni,del,rscale     1    3    5.0000    0.4000
parameters
    0.0459   -3.4461   -2.9662  -12.1134   -9.7179   -2.7349
   -1.7926    1.9160    4.6933   12.3901   -3.7978  -16.1376
eta,q 0.97820 11.86087
  0.0222  0.0222  0.0221  0.0220  0.0223  0.0222  0.0222  0.0222  0.0221  0.0223  0.0219  0.0220
  0.0220  0.0220  0.0219  0.0219  0.0220  0.0221  0.0220  0.0220  0.0219  0.0220  0.0219  0.0219
  0.0219  0.0219  0.0218  0.0218  0.0219  0.0219  0.0218  0.0219  0.0218  0.0218  0.0218  0.0218
  0.0218  0.0218  0.0218  0.0218  0.0218  0.0218  0.0218  0.0218  0.0218  0.0218  0.0218  0.0218
  0.0219  0.0219  0.0219  0.0218  0.0218  0.0218  0.0218  0.0218  0.0218  0.0218  0.0218  0.0218
  0.0220  0.0220  0.0219  0.0219  0.0220  0.0219  0.0220  0.0220  0.0219  0.0220  0.0218  0.0219
  0.0223  0.0222  0.0221  0.0220  0.0222  0.0222  0.0222  0.0222  0.0221  0.0223  0.0219  0.0220
registration optimization eta report
parameter search radius
    0.8000    0.8000    0.8000    2.4000    2.4000    2.4000
    2.4000    2.4000    2.4000    2.4000    2.4000    2.4000
100000*second partial in parameter space
       68.       58.       40.        3.        7.        6.
        6.        8.        5.        8.        2.        4.
  0.0222  0.0222  0.0221  0.0220  0.0223  0.0222  0.0222  0.0222  0.0221  0.0223  0.0219  0.0220
  0.0220  0.0220  0.0219  0.0219  0.0220  0.0221  0.0220  0.0220  0.0219  0.0220  0.0219  0.0219
  0.0219  0.0219  0.0218  0.0218  0.0219  0.0219  0.0218  0.0219  0.0218  0.0218  0.0218  0.0218
  0.0218  0.0218  0.0218  0.0218  0.0218  0.0218  0.0218  0.0218  0.0218  0.0218  0.0218  0.0218
  0.0219  0.0219  0.0219  0.0218  0.0218  0.0218  0.0218  0.0218  0.0218  0.0218  0.0218  0.0218
  0.0220  0.0220  0.0219  0.0219  0.0220  0.0219  0.0220  0.0220  0.0219  0.0220  0.0218  0.0219
  0.0223  0.0222  0.0221  0.0220  0.0222  0.0222  0.0222  0.0222  0.0221  0.0223  0.0219  0.0220
    0.0459   -3.4461   -2.9662  -12.1134   -9.7179   -2.7349
   -1.7926    1.9160    4.6933   12.3901   -3.7978  -16.1376
eta,q 0.97820 11.86087

---------------------------------------------------------------------
imgreg_4dfp /usr/local/freesurfer/average/711-2C_as_mni_average_305 /usr/local/freesurfer/average/711-2B_as_mni_average_305_mask talsrcimg_g11 none talsrcimg_to_711-2C_as_mni_average_305_t4 2311
---------------------------------------------------------------------

freesurfer imgreg_4dfp.c
/usr/local/freesurfer/average/711-2C_as_mni_average_305.4dfp.img
       256       256       256         1
  1.000000  1.000000  1.000000
orientation T byte_order littleendian
Reading image: /usr/local/freesurfer/average/711-2C_as_mni_average_305.4dfp.img
dimensions:      256       256       256
mmppix:       1.0000   -1.0000   -1.0000
center:     128.0000 -129.0000 -129.0000
/usr/local/freesurfer/average/711-2B_as_mni_average_305_mask.4dfp.img
       256       256       256         1
  1.000000  1.000000  1.000000
orientation T byte_order littleendian
Reading mask: /usr/local/freesurfer/average/711-2B_as_mni_average_305_mask.4dfp.img (2306576 pixels)
talsrcimg_g11.4dfp.img
       256       256       256         1
  1.000000  1.000000  1.000000
orientation T byte_order littleendian
Reading image: talsrcimg_g11.4dfp.img
dimensions:      256       256       256
mmppix:       1.0000   -1.0000   -1.0000
center:     128.0000 -129.0000 -129.0000
fimgreg.f
image alignment mode   2311 decimal      907 hex
parameters
    0.0459   -3.4461   -2.9662  -12.1134   -9.7179   -2.7349
   -1.7926    1.9160    4.6933   12.3901   -3.7978  -16.1376
eta,q 0.97820 11.86087
niter,ni,del,rscale     5    3    5.0000    0.8000
parameters
    0.0424   -3.4688   -2.9661  -12.3661  -10.0705   -3.3902
   -1.7901    1.8290    4.6006   12.4855   -3.8589  -15.9347
eta,q 0.97810 11.81498
  0.0235  0.0232  0.0228  0.0225  0.0232  0.0228  0.0233  0.0237  0.0229  0.0236  0.0224  0.0227
  0.0225  0.0224  0.0223  0.0221  0.0225  0.0223  0.0226  0.0227  0.0224  0.0227  0.0221  0.0223
  0.0220  0.0220  0.0219  0.0219  0.0220  0.0221  0.0221  0.0221  0.0220  0.0221  0.0220  0.0220
  0.0218  0.0218  0.0218  0.0218  0.0218  0.0218  0.0219  0.0219  0.0219  0.0219  0.0219  0.0219
  0.0220  0.0220  0.0219  0.0218  0.0220  0.0220  0.0221  0.0221  0.0220  0.0221  0.0220  0.0220
  0.0226  0.0225  0.0223  0.0221  0.0227  0.0226  0.0226  0.0228  0.0224  0.0226  0.0222  0.0222
  0.0235  0.0233  0.0228  0.0227  0.0238  0.0239  0.0233  0.0239  0.0230  0.0235  0.0224  0.0226
niter,ni,del,rscale     4    3    5.0000    0.7000
parameters
    0.0576   -3.4313   -2.8922  -12.4090   -9.9784   -3.2646
   -1.7861    1.8434    4.6172   12.4278   -3.9551  -15.9338
eta,q 0.97812 11.81846
  0.0233  0.0231  0.0227  0.0225  0.0231  0.0228  0.0230  0.0233  0.0227  0.0231  0.0223  0.0225
  0.0225  0.0224  0.0223  0.0221  0.0225  0.0223  0.0224  0.0225  0.0223  0.0224  0.0221  0.0221
  0.0221  0.0221  0.0220  0.0220  0.0221  0.0221  0.0220  0.0220  0.0220  0.0220  0.0219  0.0219
  0.0219  0.0219  0.0219  0.0219  0.0219  0.0219  0.0219  0.0219  0.0219  0.0219  0.0219  0.0219
  0.0220  0.0220  0.0220  0.0219  0.0219  0.0218  0.0220  0.0220  0.0220  0.0221  0.0219  0.0220
  0.0225  0.0224  0.0222  0.0221  0.0223  0.0222  0.0224  0.0225  0.0222  0.0225  0.0221  0.0222
  0.0232  0.0229  0.0225  0.0225  0.0231  0.0228  0.0230  0.0233  0.0227  0.0232  0.0223  0.0224
niter,ni,del,rscale     3    3    5.0000    0.6000
parameters
    0.0562   -3.4394   -2.9049  -12.3268   -9.8975   -3.1181
   -1.7876    1.8585    4.6554   12.4163   -3.9399  -15.9930
eta,q 0.97816 11.83074
  0.0228  0.0227  0.0224  0.0223  0.0228  0.0225  0.0227  0.0229  0.0225  0.0228  0.0222  0.0223
  0.0223  0.0222  0.0221  0.0221  0.0223  0.0222  0.0222  0.0223  0.0221  0.0223  0.0220  0.0220
  0.0220  0.0220  0.0219  0.0219  0.0220  0.0221  0.0219  0.0220  0.0219  0.0219  0.0219  0.0219
  0.0219  0.0219  0.0219  0.0219  0.0219  0.0219  0.0218  0.0218  0.0218  0.0219  0.0219  0.0219
  0.0220  0.0220  0.0219  0.0219  0.0219  0.0218  0.0219  0.0219  0.0219  0.0220  0.0219  0.0219
  0.0223  0.0222  0.0221  0.0220  0.0222  0.0221  0.0222  0.0223  0.0221  0.0223  0.0220  0.0221
  0.0229  0.0227  0.0224  0.0223  0.0228  0.0226  0.0227  0.0229  0.0225  0.0228  0.0221  0.0223
niter,ni,del,rscale     2    3    5.0000    0.5000
parameters
    0.0528   -3.4448   -2.9375  -12.2361   -9.8014   -2.9377
   -1.7896    1.8847    4.6800   12.4098   -3.8824  -16.0749
eta,q 0.97819 11.84511
  0.0225  0.0224  0.0222  0.0221  0.0225  0.0223  0.0224  0.0225  0.0223  0.0225  0.0220  0.0221
  0.0221  0.0221  0.0220  0.0220  0.0222  0.0222  0.0221  0.0221  0.0220  0.0221  0.0219  0.0220
  0.0219  0.0219  0.0219  0.0219  0.0220  0.0220  0.0219  0.0219  0.0219  0.0219  0.0218  0.0218
  0.0218  0.0219  0.0218  0.0218  0.0218  0.0218  0.0218  0.0218  0.0218  0.0218  0.0218  0.0218
  0.0219  0.0219  0.0219  0.0219  0.0219  0.0218  0.0219  0.0219  0.0219  0.0219  0.0218  0.0219
  0.0222  0.0221  0.0220  0.0219  0.0221  0.0220  0.0221  0.0221  0.0220  0.0221  0.0219  0.0220
  0.0225  0.0224  0.0222  0.0221  0.0225  0.0224  0.0224  0.0225  0.0222  0.0225  0.0220  0.0221
niter,ni,del,rscale     1    3    5.0000    0.4000
parameters
    0.0474   -3.4487   -2.9673  -12.1124   -9.7197   -2.7249
   -1.7926    1.9184    4.6984   12.3912   -3.8099  -16.1429
eta,q 0.97821 11.86118
  0.0222  0.0222  0.0221  0.0220  0.0223  0.0222  0.0222  0.0222  0.0221  0.0223  0.0219  0.0220
  0.0220  0.0220  0.0219  0.0219  0.0220  0.0221  0.0220  0.0220  0.0219  0.0220  0.0219  0.0219
  0.0219  0.0219  0.0218  0.0218  0.0219  0.0219  0.0218  0.0219  0.0218  0.0218  0.0218  0.0218
  0.0218  0.0218  0.0218  0.0218  0.0218  0.0218  0.0218  0.0218  0.0218  0.0218  0.0218  0.0218
  0.0219  0.0219  0.0218  0.0218  0.0218  0.0218  0.0218  0.0218  0.0218  0.0218  0.0218  0.0218
  0.0220  0.0220  0.0219  0.0219  0.0220  0.0219  0.0220  0.0220  0.0219  0.0220  0.0218  0.0219
  0.0223  0.0222  0.0221  0.0220  0.0222  0.0222  0.0222  0.0222  0.0221  0.0223  0.0219  0.0220
registration optimization eta report
parameter search radius
    0.8000    0.8000    0.8000    2.4000    2.4000    2.4000
    2.4000    2.4000    2.4000    2.4000    2.4000    2.4000
100000*second partial in parameter space
       67.       59.       40.        3.        7.        6.
        6.        8.        5.        8.        2.        4.
  0.0222  0.0222  0.0221  0.0220  0.0223  0.0222  0.0222  0.0222  0.0221  0.0223  0.0219  0.0220
  0.0220  0.0220  0.0219  0.0219  0.0220  0.0221  0.0220  0.0220  0.0219  0.0220  0.0219  0.0219
  0.0219  0.0219  0.0218  0.0218  0.0219  0.0219  0.0218  0.0219  0.0218  0.0218  0.0218  0.0218
  0.0218  0.0218  0.0218  0.0218  0.0218  0.0218  0.0218  0.0218  0.0218  0.0218  0.0218  0.0218
  0.0219  0.0219  0.0218  0.0218  0.0218  0.0218  0.0218  0.0218  0.0218  0.0218  0.0218  0.0218
  0.0220  0.0220  0.0219  0.0219  0.0220  0.0219  0.0220  0.0220  0.0219  0.0220  0.0218  0.0219
  0.0223  0.0222  0.0221  0.0220  0.0222  0.0222  0.0222  0.0222  0.0221  0.0223  0.0219  0.0220
    0.0474   -3.4487   -2.9673  -12.1124   -9.7197   -2.7249
   -1.7926    1.9184    4.6984   12.3912   -3.8099  -16.1429
eta,q 0.97821 11.86118

---------------------------------------------------------------------
compute_vox2vox talsrcimg talsrcimg_to_711-2C_as_mni_average_305_t4 /usr/local/freesurfer/average/711-2C_as_mni_average_305
---------------------------------------------------------------------

freesurfer compute_vox2vox.c
Reading: talsrcimg.4dfp.ifh
Reading: talsrcimg_to_711-2C_as_mni_average_305_t4
Reading: /usr/local/freesurfer/average/711-2C_as_mni_average_305.4dfp.ifh
Writing: talsrcimg_to_711-2C_as_mni_average_305_t4_vox2vox.txt

start time Wed Jun 4 19:06:07 UTC 2025
end		time Wed Jun 4 19:06:24 UTC 2025

mpr2mni305 success

avi2talxfm orig_nu.mgz /usr/local/freesurfer/average/mni305.cor.mgz talsrcimg_to_711-2C_as_mni_average_305_t4_vox2vox.txt transforms/talairach.auto.xfm
avi2talxfm done
mv -f /home/freesurfer/subjects/sub-050/mri/talsrcimg_to_711-2C_as_mni_average_305_t4_vox2vox.txt /home/freesurfer/subjects/sub-050/mri/transforms/talsrcimg_to_711-2C_as_mni_average_305_t4_vox2vox.txt
lta_convert --src orig_nu.mgz --trg /usr/local/freesurfer/average/mni305.cor.mgz --inxfm transforms/talairach.auto.xfm --outlta transforms/talairach.auto.xfm.lta --subject fsaverage
7.4.1

--src: orig_nu.mgz src image (geometry).
--trg: /usr/local/freesurfer/average/mni305.cor.mgz trg image (geometry).
--inmni: transforms/talairach.auto.xfm input MNI/XFM transform.
--outlta: transforms/talairach.auto.xfm.lta output LTA.
--s: fsaverage subject name
 LTA read, type : 1
 1.13578  -0.02471   0.01813   1.47693;
 0.03390   1.00438   0.18026  -24.34861;
-0.06376  -0.13657   1.08198  -20.83876;
 0.00000   0.00000   0.00000   1.00000;
setting subject to fsaverage
Writing  LTA to file transforms/talairach.auto.xfm.lta...
lta_convert successful.
 
 
Started at Wed Jun 4 19:06:06 UTC 2025
Ended   at Wed Jun  4 19:06:25 UTC 2025
talairach_avi done
