status file for recon-all
Fri May 30 23:51:11 UTC 2025
#@# MotionCor Fri May 30 23:51:14 UTC 2025
#@# Talairach Fri May 30 23:51:23 UTC 2025
#@# Talairach Failure Detection Fri May 30 23:54:41 UTC 2025
#@# Nu Intensity Correction Fri May 30 23:54:41 UTC 2025
#@# Intensity Normalization Fri May 30 23:58:03 UTC 2025
#@# Skull Stripping Sat May 31 00:01:13 UTC 2025
#@# EM Registration Sat May 31 00:16:05 UTC 2025
#@# CA Normalize Sat May 31 00:24:27 UTC 2025
#@# CA Reg Sat May 31 00:25:50 UTC 2025
#@# SubCort Seg Sat May 31 02:42:50 UTC 2025
#@# CC Seg Sat May 31 03:26:44 UTC 2025
#@# Merge ASeg Sat May 31 03:27:50 UTC 2025
#@# Intensity Normalization2 Sat May 31 03:27:50 UTC 2025
#@# Mask BFS Sat May 31 03:32:18 UTC 2025
#@# WM Segmentation Sat May 31 03:32:20 UTC 2025
#@# Fill Sat May 31 03:37:07 UTC 2025
#@# Tessellate lh Sat May 31 03:38:42 UTC 2025
#@# Tessellate rh Sat May 31 03:38:47 UTC 2025
#@# Smooth1 lh Sat May 31 03:38:52 UTC 2025
#@# Smooth1 rh Sat May 31 03:38:54 UTC 2025
#@# Inflation1 lh Sat May 31 03:38:57 UTC 2025
#@# Inflation1 rh Sat May 31 03:39:11 UTC 2025
#@# QSphere lh Sat May 31 03:39:26 UTC 2025
#@# QSphere rh Sat May 31 03:41:14 UTC 2025
#@# Fix Topology lh Sat May 31 03:43:05 UTC 2025
#@# Fix Topology rh Sat May 31 03:43:54 UTC 2025
#@# Smooth2 lh Sat May 31 03:55:51 UTC 2025
#@# Smooth2 rh Sat May 31 03:55:54 UTC 2025
#@# Inflation2 lh Sat May 31 03:55:56 UTC 2025
#@# Inflation2 rh Sat May 31 03:56:10 UTC 2025
#@# Curv .H and .K lh Sat May 31 03:56:25 UTC 2025
#@# Curv .H and .K rh Sat May 31 03:57:01 UTC 2025
#@# Sphere lh Sat May 31 03:57:39 UTC 2025
#@# Sphere rh Sat May 31 04:05:12 UTC 2025
#@# Surf Reg lh Sat May 31 04:12:28 UTC 2025
#@# Surf Reg rh Sat May 31 04:18:32 UTC 2025
#@# Jacobian white lh Sat May 31 04:23:47 UTC 2025
#@# Jacobian white rh Sat May 31 04:23:47 UTC 2025
#@# AvgCurv lh Sat May 31 04:23:48 UTC 2025
#@# AvgCurv rh Sat May 31 04:23:49 UTC 2025
#@# Cortical Parc lh Sat May 31 04:23:50 UTC 2025
#@# Cortical Parc rh Sat May 31 04:24:01 UTC 2025
#@# white curv lh Sat May 31 04:38:48 UTC 2025
#@# white area lh Sat May 31 04:38:50 UTC 2025
#@# pial curv lh Sat May 31 04:38:51 UTC 2025
#@# pial area lh Sat May 31 04:38:53 UTC 2025
#@# thickness lh Sat May 31 04:38:53 UTC 2025
#@# area and vertex vol lh Sat May 31 04:39:17 UTC 2025
#@# white curv rh Sat May 31 04:39:18 UTC 2025
#@# white area rh Sat May 31 04:39:20 UTC 2025
#@# pial curv rh Sat May 31 04:39:21 UTC 2025
#@# pial area rh Sat May 31 04:39:23 UTC 2025
#@# thickness rh Sat May 31 04:39:23 UTC 2025
#@# area and vertex vol rh Sat May 31 04:39:48 UTC 2025
#@# Curvature Stats lh Sat May 31 04:39:49 UTC 2025
#@# Curvature Stats rh Sat May 31 04:39:52 UTC 2025
#@# Cortical ribbon mask Sat May 31 04:39:54 UTC 2025
#@# Cortical Parc 2 lh Sat May 31 04:45:11 UTC 2025
#@# Cortical Parc 2 rh Sat May 31 04:45:28 UTC 2025
#@# Cortical Parc 3 lh Sat May 31 04:45:45 UTC 2025
#@# Cortical Parc 3 rh Sat May 31 04:45:58 UTC 2025
#@# WM/GM Contrast lh Sat May 31 04:46:10 UTC 2025
#@# WM/GM Contrast rh Sat May 31 04:46:14 UTC 2025
#@# Relabel Hypointensities Sat May 31 04:46:17 UTC 2025
#@# APas-to-ASeg Sat May 31 04:46:44 UTC 2025
#@# AParc-to-ASeg aparc Sat May 31 04:47:01 UTC 2025
#@# AParc-to-ASeg aparc.a2009s Sat May 31 04:49:27 UTC 2025
#@# AParc-to-ASeg aparc.DKTatlas Sat May 31 04:52:09 UTC 2025
#@# WMParc Sat May 31 04:54:33 UTC 2025
#@# Parcellation Stats lh Sat May 31 05:01:48 UTC 2025
#@# Parcellation Stats rh Sat May 31 05:02:04 UTC 2025
#@# Parcellation Stats 2 lh Sat May 31 05:02:21 UTC 2025
#@# Parcellation Stats 2 rh Sat May 31 05:02:29 UTC 2025
#@# Parcellation Stats 3 lh Sat May 31 05:02:38 UTC 2025
#@# Parcellation Stats 3 rh Sat May 31 05:02:46 UTC 2025
#@# ASeg Stats Sat May 31 05:02:55 UTC 2025
#@# BA_exvivo Labels lh Sat May 31 05:06:18 UTC 2025
#@# BA_exvivo Labels rh Sat May 31 05:09:55 UTC 2025
recon-all -s sub-020 finished without error at Sat May 31 05:13:45 UTC 2025
