Log file for defect2seg
Wed Jun  4 06:39:25 UTC 2025

setenv SUBJECTS_DIR /home/freesurfer/subjects
cd /home/freesurfer/subjects/sub-037/scripts
/usr/local/freesurfer/bin/defect2seg --s sub-037 --cortex

freesurfer-linux-centos8_x86_64-7.4.1-20230613-7eb8460
defect2seg 7.4.1
Linux 11d3148be909 6.11.0-26-generic #26~24.04.1-Ubuntu SMP PREEMPT_DYNAMIC Thu Apr 17 19:20:47 UTC 2 x86_64 x86_64 x86_64 GNU/Linux
pid 1283
mri_label2label --label-cortex /home/freesurfer/subjects/sub-037/surf/lh.orig.nofix /home/freesurfer/subjects/sub-037/mri/aseg.presurf.mgz 0 /home/freesurfer/subjects/sub-037/label/lh.nofix.cortex.label

 Generating cortex label... RemoveHipAmgy=0
 NucAccIsMedialWall=0
 mris->useRealRAS=0
4 non-cortical segments detected
only using segment with 7309 vertices
erasing segment 1 (vno[0] = 93411)
erasing segment 2 (vno[0] = 98819)
erasing segment 3 (vno[0] = 98910)
mri_label2vol --defects /home/freesurfer/subjects/sub-037/surf/lh.orig.nofix /home/freesurfer/subjects/sub-037/surf/lh.defect_labels /home/freesurfer/subjects/sub-037/mri/orig.mgz 1000 0 /home/freesurfer/subjects/sub-037/mri/surface.defects.mgz /home/freesurfer/subjects/sub-037/label/lh.nofix.cortex.label
mri_label2vol supposed to be reproducible but seed not set
Contraining to label /home/freesurfer/subjects/sub-037/label/lh.nofix.cortex.label
Changing input type 0 to MRI_INT
Converting defects to volume: offset=1000, merge=0
Writing to /home/freesurfer/subjects/sub-037/mri/surface.defects.mgz
mris_defects_pointset -s /home/freesurfer/subjects/sub-037/surf/lh.orig.nofix -d /home/freesurfer/subjects/sub-037/surf/lh.defect_labels -o /home/freesurfer/subjects/sub-037/surf/lh.defects.pointset --label /home/freesurfer/subjects/sub-037/label/lh.nofix.cortex.label
Reading in surface /home/freesurfer/subjects/sub-037/surf/lh.orig.nofix
Reading in defect segmentation /home/freesurfer/subjects/sub-037/surf/lh.defect_labels
Reading in label /home/freesurfer/subjects/sub-037/label/lh.nofix.cortex.label
#VMPC# mris_defects_pointset 188276
mris_defects_pointset done
mri_label2label --label-cortex /home/freesurfer/subjects/sub-037/surf/rh.orig.nofix /home/freesurfer/subjects/sub-037/mri/aseg.presurf.mgz 0 /home/freesurfer/subjects/sub-037/label/rh.nofix.cortex.label

 Generating cortex label... RemoveHipAmgy=0
 NucAccIsMedialWall=0
 mris->useRealRAS=0
15 non-cortical segments detected
only using segment with 7784 vertices
erasing segment 1 (vno[0] = 52375)
erasing segment 2 (vno[0] = 76597)
erasing segment 3 (vno[0] = 77637)
erasing segment 4 (vno[0] = 93198)
erasing segment 5 (vno[0] = 95022)
erasing segment 6 (vno[0] = 95950)
erasing segment 7 (vno[0] = 96728)
erasing segment 8 (vno[0] = 96790)
erasing segment 9 (vno[0] = 96809)
erasing segment 10 (vno[0] = 96835)
erasing segment 11 (vno[0] = 97764)
erasing segment 12 (vno[0] = 97958)
erasing segment 13 (vno[0] = 102154)
erasing segment 14 (vno[0] = 105557)
mri_label2vol --defects /home/freesurfer/subjects/sub-037/surf/rh.orig.nofix /home/freesurfer/subjects/sub-037/surf/rh.defect_labels /home/freesurfer/subjects/sub-037/mri/surface.defects.mgz 2000 1 /home/freesurfer/subjects/sub-037/mri/surface.defects.mgz /home/freesurfer/subjects/sub-037/label/rh.nofix.cortex.label
mri_label2vol supposed to be reproducible but seed not set
Contraining to label /home/freesurfer/subjects/sub-037/label/rh.nofix.cortex.label
Converting defects to volume: offset=2000, merge=1
Writing to /home/freesurfer/subjects/sub-037/mri/surface.defects.mgz
mris_defects_pointset -s /home/freesurfer/subjects/sub-037/surf/rh.orig.nofix -d /home/freesurfer/subjects/sub-037/surf/rh.defect_labels -o /home/freesurfer/subjects/sub-037/surf/rh.defects.pointset --label /home/freesurfer/subjects/sub-037/label/rh.nofix.cortex.label
Reading in surface /home/freesurfer/subjects/sub-037/surf/rh.orig.nofix
Reading in defect segmentation /home/freesurfer/subjects/sub-037/surf/rh.defect_labels
Reading in label /home/freesurfer/subjects/sub-037/label/rh.nofix.cortex.label
#VMPC# mris_defects_pointset 187792
mris_defects_pointset done
 
Started at Wed Jun 4 06:39:25 UTC 2025 
Ended   at Wed Jun  4 06:40:08 UTC 2025
Defect2seg-Run-Time-Sec 43
Defect2seg-Run-Time-Min 0.86
Defect2seg-Run-Time-Hours 0.01
 
defect2seg Done
