status file for recon-all
Wed Jun  4 02:55:26 UTC 2025
#@# MotionCor Wed Jun  4 02:55:29 UTC 2025
#@# Talairach Wed Jun  4 02:55:37 UTC 2025
#@# Talairach Failure Detection Wed Jun  4 02:58:46 UTC 2025
#@# Nu Intensity Correction Wed Jun  4 02:58:46 UTC 2025
#@# Intensity Normalization Wed Jun  4 03:02:01 UTC 2025
#@# Skull Stripping Wed Jun  4 03:05:14 UTC 2025
#@# EM Registration Wed Jun  4 03:14:53 UTC 2025
#@# CA Normalize Wed Jun  4 03:31:05 UTC 2025
#@# CA Reg Wed Jun  4 03:32:26 UTC 2025
#@# SubCort Seg Wed Jun  4 05:32:47 UTC 2025
#@# CC Seg Wed Jun  4 06:21:52 UTC 2025
#@# Merge ASeg Wed Jun  4 06:22:55 UTC 2025
#@# Intensity Normalization2 Wed Jun  4 06:22:55 UTC 2025
#@# Mask BFS Wed Jun  4 06:27:30 UTC 2025
#@# WM Segmentation Wed Jun  4 06:27:32 UTC 2025
#@# Fill Wed Jun  4 06:32:14 UTC 2025
#@# Tessellate lh Wed Jun  4 06:33:44 UTC 2025
#@# Tessellate rh Wed Jun  4 06:33:48 UTC 2025
#@# Smooth1 lh Wed Jun  4 06:33:54 UTC 2025
#@# Smooth1 rh Wed Jun  4 06:33:56 UTC 2025
#@# Inflation1 lh Wed Jun  4 06:33:59 UTC 2025
#@# Inflation1 rh Wed Jun  4 06:34:14 UTC 2025
#@# QSphere lh Wed Jun  4 06:34:28 UTC 2025
#@# QSphere rh Wed Jun  4 06:36:47 UTC 2025
#@# Fix Topology lh Wed Jun  4 06:38:35 UTC 2025
#@# Fix Topology rh Wed Jun  4 06:38:59 UTC 2025
#@# Smooth2 lh Wed Jun  4 06:50:49 UTC 2025
#@# Smooth2 rh Wed Jun  4 06:50:52 UTC 2025
#@# Inflation2 lh Wed Jun  4 06:50:55 UTC 2025
#@# Inflation2 rh Wed Jun  4 06:51:13 UTC 2025
#@# Curv .H and .K lh Wed Jun  4 06:51:29 UTC 2025
#@# Curv .H and .K rh Wed Jun  4 06:52:10 UTC 2025
#@# Sphere lh Wed Jun  4 06:52:51 UTC 2025
#@# Sphere rh Wed Jun  4 06:58:37 UTC 2025
#@# Surf Reg lh Wed Jun  4 07:04:47 UTC 2025
#@# Surf Reg rh Wed Jun  4 07:10:52 UTC 2025
#@# Jacobian white lh Wed Jun  4 07:17:18 UTC 2025
#@# Jacobian white rh Wed Jun  4 07:17:19 UTC 2025
#@# AvgCurv lh Wed Jun  4 07:17:20 UTC 2025
#@# AvgCurv rh Wed Jun  4 07:17:20 UTC 2025
#@# Cortical Parc lh Wed Jun  4 07:17:21 UTC 2025
#@# Cortical Parc rh Wed Jun  4 07:17:34 UTC 2025
#@# white curv lh Wed Jun  4 07:34:31 UTC 2025
#@# white area lh Wed Jun  4 07:34:33 UTC 2025
#@# pial curv lh Wed Jun  4 07:34:34 UTC 2025
#@# pial area lh Wed Jun  4 07:34:36 UTC 2025
#@# thickness lh Wed Jun  4 07:34:37 UTC 2025
#@# area and vertex vol lh Wed Jun  4 07:35:02 UTC 2025
#@# white curv rh Wed Jun  4 07:35:04 UTC 2025
#@# white area rh Wed Jun  4 07:35:06 UTC 2025
#@# pial curv rh Wed Jun  4 07:35:07 UTC 2025
#@# pial area rh Wed Jun  4 07:35:09 UTC 2025
#@# thickness rh Wed Jun  4 07:35:10 UTC 2025
#@# area and vertex vol rh Wed Jun  4 07:35:36 UTC 2025
#@# Curvature Stats lh Wed Jun  4 07:35:38 UTC 2025
#@# Curvature Stats rh Wed Jun  4 07:35:40 UTC 2025
#@# Cortical ribbon mask Wed Jun  4 07:35:43 UTC 2025
#@# Cortical Parc 2 lh Wed Jun  4 07:41:30 UTC 2025
#@# Cortical Parc 2 rh Wed Jun  4 07:41:48 UTC 2025
#@# Cortical Parc 3 lh Wed Jun  4 07:42:06 UTC 2025
#@# Cortical Parc 3 rh Wed Jun  4 07:42:19 UTC 2025
#@# WM/GM Contrast lh Wed Jun  4 07:42:32 UTC 2025
#@# WM/GM Contrast rh Wed Jun  4 07:42:35 UTC 2025
#@# Relabel Hypointensities Wed Jun  4 07:42:39 UTC 2025
#@# APas-to-ASeg Wed Jun  4 07:43:05 UTC 2025
#@# AParc-to-ASeg aparc Wed Jun  4 07:43:19 UTC 2025
#@# AParc-to-ASeg aparc.a2009s Wed Jun  4 07:45:08 UTC 2025
#@# AParc-to-ASeg aparc.DKTatlas Wed Jun  4 07:46:56 UTC 2025
#@# WMParc Wed Jun  4 07:48:45 UTC 2025
#@# Parcellation Stats lh Wed Jun  4 07:55:46 UTC 2025
#@# Parcellation Stats rh Wed Jun  4 07:56:05 UTC 2025
#@# Parcellation Stats 2 lh Wed Jun  4 07:56:23 UTC 2025
#@# Parcellation Stats 2 rh Wed Jun  4 07:56:33 UTC 2025
#@# Parcellation Stats 3 lh Wed Jun  4 07:56:43 UTC 2025
#@# Parcellation Stats 3 rh Wed Jun  4 07:56:51 UTC 2025
#@# ASeg Stats Wed Jun  4 07:57:00 UTC 2025
#@# BA_exvivo Labels lh Wed Jun  4 08:00:07 UTC 2025
#@# BA_exvivo Labels rh Wed Jun  4 08:03:54 UTC 2025
recon-all -s sub-037 finished without error at Wed Jun  4 08:07:49 UTC 2025
