Log file for defect2seg
Tue Jun  3 20:09:07 UTC 2025

setenv SUBJECTS_DIR /home/freesurfer/subjects
cd /home/freesurfer/subjects/sub-035/scripts
/usr/local/freesurfer/bin/defect2seg --s sub-035 --cortex

freesurfer-linux-centos8_x86_64-7.4.1-20230613-7eb8460
defect2seg 7.4.1
Linux c8e7ed67deac 6.11.0-26-generic #26~24.04.1-Ubuntu SMP PREEMPT_DYNAMIC Thu Apr 17 19:20:47 UTC 2 x86_64 x86_64 x86_64 GNU/Linux
pid 1283
mri_label2label --label-cortex /home/freesurfer/subjects/sub-035/surf/lh.orig.nofix /home/freesurfer/subjects/sub-035/mri/aseg.presurf.mgz 0 /home/freesurfer/subjects/sub-035/label/lh.nofix.cortex.label

 Generating cortex label... RemoveHipAmgy=0
 NucAccIsMedialWall=0
 mris->useRealRAS=0
9 non-cortical segments detected
only using segment with 6997 vertices
erasing segment 1 (vno[0] = 75310)
erasing segment 2 (vno[0] = 85814)
erasing segment 3 (vno[0] = 88460)
erasing segment 4 (vno[0] = 89352)
erasing segment 5 (vno[0] = 89380)
erasing segment 6 (vno[0] = 90274)
erasing segment 7 (vno[0] = 95393)
erasing segment 8 (vno[0] = 100651)
mri_label2vol --defects /home/freesurfer/subjects/sub-035/surf/lh.orig.nofix /home/freesurfer/subjects/sub-035/surf/lh.defect_labels /home/freesurfer/subjects/sub-035/mri/orig.mgz 1000 0 /home/freesurfer/subjects/sub-035/mri/surface.defects.mgz /home/freesurfer/subjects/sub-035/label/lh.nofix.cortex.label
mri_label2vol supposed to be reproducible but seed not set
Contraining to label /home/freesurfer/subjects/sub-035/label/lh.nofix.cortex.label
Changing input type 0 to MRI_INT
Converting defects to volume: offset=1000, merge=0
Writing to /home/freesurfer/subjects/sub-035/mri/surface.defects.mgz
mris_defects_pointset -s /home/freesurfer/subjects/sub-035/surf/lh.orig.nofix -d /home/freesurfer/subjects/sub-035/surf/lh.defect_labels -o /home/freesurfer/subjects/sub-035/surf/lh.defects.pointset --label /home/freesurfer/subjects/sub-035/label/lh.nofix.cortex.label
Reading in surface /home/freesurfer/subjects/sub-035/surf/lh.orig.nofix
Reading in defect segmentation /home/freesurfer/subjects/sub-035/surf/lh.defect_labels
Reading in label /home/freesurfer/subjects/sub-035/label/lh.nofix.cortex.label
#VMPC# mris_defects_pointset 182096
mris_defects_pointset done
mri_label2label --label-cortex /home/freesurfer/subjects/sub-035/surf/rh.orig.nofix /home/freesurfer/subjects/sub-035/mri/aseg.presurf.mgz 0 /home/freesurfer/subjects/sub-035/label/rh.nofix.cortex.label

 Generating cortex label... RemoveHipAmgy=0
 NucAccIsMedialWall=0
 mris->useRealRAS=0
16 non-cortical segments detected
only using segment with 7240 vertices
erasing segment 0 (vno[0] = 37412)
erasing segment 1 (vno[0] = 38620)
erasing segment 3 (vno[0] = 58003)
erasing segment 4 (vno[0] = 68936)
erasing segment 5 (vno[0] = 69283)
erasing segment 6 (vno[0] = 89644)
erasing segment 7 (vno[0] = 93206)
erasing segment 8 (vno[0] = 94106)
erasing segment 9 (vno[0] = 94117)
erasing segment 10 (vno[0] = 96588)
erasing segment 11 (vno[0] = 96629)
erasing segment 12 (vno[0] = 97397)
erasing segment 13 (vno[0] = 97470)
erasing segment 14 (vno[0] = 97610)
erasing segment 15 (vno[0] = 105260)
mri_label2vol --defects /home/freesurfer/subjects/sub-035/surf/rh.orig.nofix /home/freesurfer/subjects/sub-035/surf/rh.defect_labels /home/freesurfer/subjects/sub-035/mri/surface.defects.mgz 2000 1 /home/freesurfer/subjects/sub-035/mri/surface.defects.mgz /home/freesurfer/subjects/sub-035/label/rh.nofix.cortex.label
mri_label2vol supposed to be reproducible but seed not set
Contraining to label /home/freesurfer/subjects/sub-035/label/rh.nofix.cortex.label
Converting defects to volume: offset=2000, merge=1
Writing to /home/freesurfer/subjects/sub-035/mri/surface.defects.mgz
mris_defects_pointset -s /home/freesurfer/subjects/sub-035/surf/rh.orig.nofix -d /home/freesurfer/subjects/sub-035/surf/rh.defect_labels -o /home/freesurfer/subjects/sub-035/surf/rh.defects.pointset --label /home/freesurfer/subjects/sub-035/label/rh.nofix.cortex.label
Reading in surface /home/freesurfer/subjects/sub-035/surf/rh.orig.nofix
Reading in defect segmentation /home/freesurfer/subjects/sub-035/surf/rh.defect_labels
Reading in label /home/freesurfer/subjects/sub-035/label/rh.nofix.cortex.label
#VMPC# mris_defects_pointset 185376
mris_defects_pointset done
 
Started at Tue Jun 3 20:09:07 UTC 2025 
Ended   at Tue Jun  3 20:09:50 UTC 2025
Defect2seg-Run-Time-Sec 43
Defect2seg-Run-Time-Min 0.86
Defect2seg-Run-Time-Hours 0.01
 
defect2seg Done
