/home/freesurfer/subjects/sub-034/mri
/usr/local/freesurfer/bin/talairach_avi
--i orig_nu.mgz --xfm transforms/talairach.auto.xfm
talairach_avi 7.4.1
Linux d83403613b35 6.11.0-26-generic #26~24.04.1-Ubuntu SMP PREEMPT_DYNAMIC Thu Apr 17 19:20:47 UTC 2 x86_64 x86_64 x86_64 GNU/Linux
Tue Jun  3 11:17:33 UTC 2025
mri_convert orig_nu.mgz talsrcimg.img 
reading from orig_nu.mgz...
TR=8.34, TE=0.00, TI=0.00, flip angle=0.00
i_ras = (-1, 0, 3.72529e-09)
j_ras = (3.72529e-09, 0, -1)
k_ras = (1.86265e-09, 1, 0)
writing to talsrcimg.img...
Analyze Output Matrix
-1.00000   0.00000   0.00000   128.89035;
 0.00000   0.00000   1.00000  -105.79962;
 0.00000  -1.00000   0.00000   160.12643;
 0.00000   0.00000   0.00000   1.00000;
--------------------
INFO: set hdr.hist.orient to -1
mpr2mni305 talsrcimg
Tue Jun  3 11:17:33 UTC 2025
/usr/local/freesurfer/bin/mpr2mni305 talsrcimg
mpr2mni305 7.4.1
target=711-2C_as_mni_average_305

---------------------------------------------------------------------
analyzeto4dfp talsrcimg -O0 -y
---------------------------------------------------------------------

freesurfer ifh2hdr.c
Tue Jun  3 11:17:34 2025
Writing: talsrcimg.4dfp.hdr
freesurfer analyzeto4dfp.c
Reading: talsrcimg.hdr
header size 348 bytes
hdr.dime.datatype	offset=70	value=2
hdr.dime.bitpix		offset=72	value=8
hdr.hist.orient		offset=252	value=-1
dimensionality     4
dimensions       256       256       256         1
Reading: talsrcimg.img
Writing: talsrcimg.4dfp.img
Writing: talsrcimg.4dfp.ifh
ifh2hdr talsrcimg -r0to202
ori=2

---------------------------------------------------------------------
gauss_4dfp talsrcimg 1.1
---------------------------------------------------------------------

freesurfer gauss_4dfp.c
Reading: talsrcimg.4dfp.img
Writing: talsrcimg_g11.4dfp.img
image dimensions 256 256 256 padded to 288 288 288
processing volume 1freesurfer ifh2hdr.c
Tue Jun  3 11:17:37 2025
Writing: talsrcimg_g11.4dfp.hdr

Writing: talsrcimg_g11.4dfp.ifh
including: talsrcimg.4dfp.img.rec in talsrcimg_g11.4dfp.img.rec

---------------------------------------------------------------------
imgreg_4dfp /usr/local/freesurfer/average/711-2C_as_mni_average_305 none talsrcimg_g11 none talsrcimg_to_711-2C_as_mni_average_305_t4 4355
---------------------------------------------------------------------

freesurfer imgreg_4dfp.c
/usr/local/freesurfer/average/711-2C_as_mni_average_305.4dfp.img
       256       256       256         1
  1.000000  1.000000  1.000000
orientation T byte_order littleendian
Reading image: /usr/local/freesurfer/average/711-2C_as_mni_average_305.4dfp.img
dimensions:      256       256       256
mmppix:       1.0000   -1.0000   -1.0000
center:     128.0000 -129.0000 -129.0000
talsrcimg_g11.4dfp.img
       256       256       256         1
  1.000000  1.000000  1.000000
orientation T byte_order littleendian
Reading image: talsrcimg_g11.4dfp.img
dimensions:      256       256       256
mmppix:       1.0000   -1.0000   -1.0000
center:     128.0000 -129.0000 -129.0000
t4_read: open error in t4_sub.f l:  41 t4_file(1:l)talsrcimg_to_711-2C_as_mni_average_305_t4 
t4_read: transform initialized to I4
rotation matrix determinant  1.000000
image alignment mode   4355 decimal     1103 hex
   -7.5000  -45.0000  -45.0000 9588.8203   22.0138
    0.0000  -45.0000  -45.0000 9942.2314   21.9512
    7.5000  -45.0000  -45.0000 9365.9209   21.9107
   -7.5000  -37.5000  -45.000010023.1328   22.0415
    0.0000  -37.5000  -45.000010431.2900   21.9936
    7.5000  -37.5000  -45.0000 9822.2646   21.9489
   -7.5000  -30.0000  -45.000010802.4385   22.0352
    0.0000  -30.0000  -45.000011258.6006   21.9937
    7.5000  -30.0000  -45.000010575.8350   21.9537
   -7.5000  -22.5000  -45.000011502.7256   21.9942
    0.0000  -22.5000  -45.000012000.0068   21.9435
    7.5000  -22.5000  -45.000011259.4521   21.9126
   -7.5000  -15.0000  -45.000012171.9951   21.9617
    0.0000  -15.0000  -45.000012669.7324   21.8959
    7.5000  -15.0000  -45.000011906.4170   21.8685
   -7.5000   -7.5000  -45.000012719.9717   21.9678
    0.0000   -7.5000  -45.000013219.8877   21.8965
    7.5000   -7.5000  -45.000012439.1074   21.8642
   -7.5000    0.0000  -45.000013134.5371   22.0068
    0.0000    0.0000  -45.000013656.2764   21.9442
    7.5000    0.0000  -45.000012829.4229   21.9037
   -7.5000    7.5000  -45.000012489.9287   22.0415
    0.0000    7.5000  -45.000012983.7129   21.9936
    7.5000    7.5000  -45.000012192.5762   21.9489
   -7.5000   15.0000  -45.000011656.3457   22.0352
    0.0000   15.0000  -45.000012111.9609   21.9937
    7.5000   15.0000  -45.000011373.9268   21.9537
   -7.5000   22.5000  -45.000010645.2256   21.9911
    0.0000   22.5000  -45.000011038.4463   21.9405
    7.5000   22.5000  -45.000010383.0820   21.9096
   -7.5000   30.0000  -45.0000 9599.6670   21.6690
    0.0000   30.0000  -45.0000 9966.6270   21.6041
    7.5000   30.0000  -45.0000 9404.0410   21.5770
   -7.5000   37.5000  -45.0000 9009.2881   21.6818
    0.0000   37.5000  -45.0000 9325.1182   21.6113
    7.5000   37.5000  -45.0000 8794.2500   21.5795
   -7.5000   45.0000  -45.0000 8046.5464   21.2412
    0.0000   45.0000  -45.0000 8297.5918   21.1803
    7.5000   45.0000  -45.0000 7832.2148   21.1414
   -7.5000  -45.0000  -37.500010067.3125   21.9577
    0.0000  -45.0000  -37.500010429.9580   21.8888
    7.5000  -45.0000  -37.5000 9844.9805   21.8384
   -7.5000  -37.5000  -37.500010538.0010   21.9879
    0.0000  -37.5000  -37.500010946.4717   21.9383
    7.5000  -37.5000  -37.500010320.4795   21.8865
   -7.5000  -30.0000  -37.500011339.9502   21.9836
    0.0000  -30.0000  -37.500011791.7617   21.9404
    7.5000  -30.0000  -37.500011096.7275   21.8973
   -7.5000  -22.5000  -37.500012056.4883   21.9418
    0.0000  -22.5000  -37.500012556.1582   21.8836
    7.5000  -22.5000  -37.500011810.0264   21.8501
   -7.5000  -15.0000  -37.500012740.1416   21.9079
    0.0000  -15.0000  -37.500013259.6104   21.8294
    7.5000  -15.0000  -37.500012474.8232   21.7964
   -7.5000   -7.5000  -37.500013345.2344   21.9119
    0.0000   -7.5000  -37.500013881.2305   21.8291
    7.5000   -7.5000  -37.500013050.0361   21.7879
   -7.5000    0.0000  -37.500013773.2129   21.9501
    0.0000    0.0000  -37.500014350.4180   21.8814
    7.5000    0.0000  -37.500013447.4229   21.8309
   -7.5000    7.5000  -37.500013081.5127   21.9879
    0.0000    7.5000  -37.500013629.9023   21.9383
    7.5000    7.5000  -37.500012758.1807   21.8865
   -7.5000   15.0000  -37.500012170.3271   21.9836
    0.0000   15.0000  -37.500012653.1270   21.9404
    7.5000   15.0000  -37.500011856.7305   21.8973
   -7.5000   22.5000  -37.500011105.5684   21.9388
    0.0000   22.5000  -37.500011507.5508   21.8806
    7.5000   22.5000  -37.500010817.0098   21.8471
   -7.5000   30.0000  -37.5000 9991.1299   21.6159
    0.0000   30.0000  -37.500010354.0566   21.5385
    7.5000   30.0000  -37.5000 9772.1660   21.5060
   -7.5000   37.5000  -37.5000 9352.3945   21.6268
    0.0000   37.5000  -37.5000 9683.1543   21.5449
    7.5000   37.5000  -37.5000 9134.2148   21.5043
   -7.5000   45.0000  -37.5000 8354.0957   21.1853
    0.0000   45.0000  -37.5000 8612.6826   21.1184
    7.5000   45.0000  -37.5000 8131.5615   21.0699
   -7.5000  -45.0000  -30.000010694.8477   22.8208
    0.0000  -45.0000  -30.000011075.1377   22.7583
    7.5000  -45.0000  -30.000010458.1455   22.7053
   -7.5000  -37.5000  -30.000011177.7881   22.8440
    0.0000  -37.5000  -30.000011610.9053   22.8058
    7.5000  -37.5000  -30.000010957.6562   22.7535
   -7.5000  -30.0000  -30.000012002.2324   22.8439
    0.0000  -30.0000  -30.000012447.5918   22.8130
    7.5000  -30.0000  -30.000011748.3232   22.7712
   -7.5000  -22.5000  -30.000012753.3936   22.8132
    0.0000  -22.5000  -30.000013235.3906   22.7636
    7.5000  -22.5000  -30.000012490.3252   22.7308
   -7.5000  -15.0000  -30.000013491.5684   22.7849
    0.0000  -15.0000  -30.000014025.4990   22.7107
    7.5000  -15.0000  -30.000013191.0527   22.6770
   -7.5000   -7.5000  -30.000014175.2148   22.7844
    0.0000   -7.5000  -30.000014737.5352   22.7049
    7.5000   -7.5000  -30.000013834.3799   22.6615
   -7.5000    0.0000  -30.000014638.2676   22.8131
    0.0000    0.0000  -30.000015236.8799   22.7506
    7.5000    0.0000  -30.000014270.3428   22.6977
   -7.5000    7.5000  -30.000013860.3457   22.8440
    0.0000    7.5000  -30.000014456.9131   22.8058
    7.5000    7.5000  -30.000013541.5000   22.7535
   -7.5000   15.0000  -30.000012853.5391   22.8439
    0.0000   15.0000  -30.000013392.1660   22.8130
    7.5000   15.0000  -30.000012543.4307   22.7712
   -7.5000   22.5000  -30.000011745.7920   22.8078
    0.0000   22.5000  -30.000012212.3096   22.7582
    7.5000   22.5000  -30.000011446.3691   22.7253
   -7.5000   30.0000  -30.000010553.7773   22.4834
    0.0000   30.0000  -30.000010962.8750   22.4102
    7.5000   30.0000  -30.000010326.1367   22.3770
   -7.5000   37.5000  -30.0000 9837.7979   22.4904
    0.0000   37.5000  -30.000010200.6719   22.4118
    7.5000   37.5000  -30.0000 9630.4043   22.3689
   -7.5000   45.0000  -30.0000 8788.4170   22.0338
    0.0000   45.0000  -30.0000 9069.6777   21.9730
    7.5000   45.0000  -30.0000 8577.2715   21.9220
   -7.5000  -45.0000  -22.500011314.9805   23.5633
    0.0000  -45.0000  -22.500011735.3398   23.5181
    7.5000  -45.0000  -22.500011064.8555   23.4748
   -7.5000  -37.5000  -22.500011833.8467   23.5732
    0.0000  -37.5000  -22.500012295.7109   23.5520
    7.5000  -37.5000  -22.500011595.1416   23.5094
   -7.5000  -30.0000  -22.500012625.9922   23.5749
    0.0000  -30.0000  -22.500013103.8857   23.5629
    7.5000  -30.0000  -22.500012401.8633   23.5280
   -7.5000  -22.5000  -22.500013370.3936   23.5591
    0.0000  -22.5000  -22.500013903.9941   23.5311
    7.5000  -22.5000  -22.500013171.6650   23.5041
   -7.5000  -15.0000  -22.500014160.8965   23.5404
    0.0000  -15.0000  -22.500014759.6816   23.4888
    7.5000  -15.0000  -22.500013901.3057   23.4623
   -7.5000   -7.5000  -22.500014919.5400   23.5383
    0.0000   -7.5000  -22.500015570.2637   23.4788
    7.5000   -7.5000  -22.500014609.8174   23.4440
   -7.5000    0.0000  -22.500015386.1152   23.5554
    0.0000    0.0000  -22.500016085.2314   23.5102
    7.5000    0.0000  -22.500015102.6104   23.4670
   -7.5000    7.5000  -22.500014571.2139   23.5732
    0.0000    7.5000  -22.500015240.5596   23.5520
    7.5000    7.5000  -22.500014318.5322   23.5094
   -7.5000   15.0000  -22.500013526.5859   23.5749
    0.0000   15.0000  -22.500014115.5361   23.5629
    7.5000   15.0000  -22.500013249.0996   23.5280
   -7.5000   22.5000  -22.500012399.7217   23.5519
    0.0000   22.5000  -22.500012920.1133   23.5239
    7.5000   22.5000  -22.500012121.4648   23.4969
   -7.5000   30.0000  -22.500011172.7773   23.2325
    0.0000   30.0000  -22.500011632.1973   23.1816
    7.5000   30.0000  -22.500010940.6006   23.1554
   -7.5000   37.5000  -22.500010390.7275   23.2383
    0.0000   37.5000  -22.500010799.0830   23.1794
    7.5000   37.5000  -22.500010171.6602   23.1451
   -7.5000   45.0000  -22.5000 9246.0146   22.7687
    0.0000   45.0000  -22.5000 9573.2529   22.7245
    7.5000   45.0000  -22.5000 9044.3789   22.6830
   -7.5000  -45.0000  -15.000011854.1699   24.1206
    0.0000  -45.0000  -15.000012316.9531   24.0849
    7.5000  -45.0000  -15.000011599.6797   24.0526
   -7.5000  -37.5000  -15.000012447.5166   24.1256
    0.0000  -37.5000  -15.000012940.7920   24.1091
    7.5000  -37.5000  -15.000012187.9121   24.0756
   -7.5000  -30.0000  -15.000013226.0781   24.1260
    0.0000  -30.0000  -15.000013767.0908   24.1190
    7.5000  -30.0000  -15.000013062.1777   24.0898
   -7.5000  -22.5000  -15.000013989.4941   24.1137
    0.0000  -22.5000  -15.000014603.6582   24.0965
    7.5000  -22.5000  -15.000013881.1504   24.0747
   -7.5000  -15.0000  -15.000014842.1934   24.0981
    0.0000  -15.0000  -15.000015511.1230   24.0624
    7.5000  -15.0000  -15.000014693.7158   24.0431
   -7.5000   -7.5000  -15.000015631.0146   24.0973
    0.0000   -7.5000  -15.000016388.3887   24.0525
    7.5000   -7.5000  -15.000015476.3076   24.0271
   -7.5000    0.0000  -15.000016108.9746   24.1125
    0.0000    0.0000  -15.000016903.4512   24.0768
    7.5000    0.0000  -15.000015970.9707   24.0445
   -7.5000    7.5000  -15.000015280.8379   24.1256
    0.0000    7.5000  -15.000016034.6074   24.1091
    7.5000    7.5000  -15.000015114.1182   24.0756
   -7.5000   15.0000  -15.000014224.1367   24.1260
    0.0000   15.0000  -15.000014913.7549   24.1190
    7.5000   15.0000  -15.000013995.5566   24.0898
   -7.5000   22.5000  -15.000013107.8818   24.1052
    0.0000   22.5000  -15.000013699.7529   24.0880
    7.5000   22.5000  -15.000012824.4561   24.0662
   -7.5000   30.0000  -15.000011866.1943   23.7862
    0.0000   30.0000  -15.000012388.8633   23.7510
    7.5000   30.0000  -15.000011584.3242   23.7320
   -7.5000   37.5000  -15.000011003.5166   23.7933
    0.0000   37.5000  -15.000011476.3047   23.7490
    7.5000   37.5000  -15.000010740.6416   23.7240
   -7.5000   45.0000  -15.0000 9760.3545   23.3224
    0.0000   45.0000  -15.000010130.6064   23.2875
    7.5000   45.0000  -15.0000 9518.1836   23.2565
   -7.5000  -45.0000   -7.500012358.1689   24.4281
    0.0000  -45.0000   -7.500012859.1631   24.3791
    7.5000  -45.0000   -7.500012115.3154   24.3458
   -7.5000  -37.5000   -7.500013062.9180   24.4441
    0.0000  -37.5000   -7.500013571.7041   24.4105
    7.5000  -37.5000   -7.500012773.4102   24.3731
   -7.5000  -30.0000   -7.500014026.8545   24.4406
    0.0000  -30.0000   -7.500014613.7344   24.4152
    7.5000  -30.0000   -7.500013858.4912   24.3808
   -7.5000  -22.5000   -7.500014764.4209   24.4131
    0.0000  -22.5000   -7.500015485.2158   24.3804
    7.5000  -22.5000   -7.500014831.8838   24.3547
   -7.5000  -15.0000   -7.500015559.2100   24.3878
    0.0000  -15.0000   -7.500016346.7002   24.3403
    7.5000  -15.0000   -7.500015663.8438   24.3189
   -7.5000   -7.5000   -7.500016366.5918   24.3910
    0.0000   -7.5000   -7.500017253.3203   24.3354
    7.5000   -7.5000   -7.500016441.4531   24.3095
   -7.5000    0.0000   -7.500016923.4453   24.4198
    0.0000    0.0000   -7.500017796.2344   24.3708
    7.5000    0.0000   -7.500016914.4023   24.3376
   -7.5000    7.5000   -7.500016110.8789   24.4441
    0.0000    7.5000   -7.500016938.7891   24.4105
    7.5000    7.5000   -7.500015981.5186   24.3731
   -7.5000   15.0000   -7.500015054.8174   24.4406
    0.0000   15.0000   -7.500015792.4404   24.4152
    7.5000   15.0000   -7.500014804.7324   24.3808
   -7.5000   22.5000   -7.500013883.1006   24.4018
    0.0000   22.5000   -7.500014545.2256   24.3691
    7.5000   22.5000   -7.500013584.5908   24.3434
   -7.5000   30.0000   -7.500012564.6680   24.0716
    0.0000   30.0000   -7.500013135.2812   24.0247
    7.5000   30.0000   -7.500012285.9678   24.0035
   -7.5000   37.5000   -7.500011642.9482   24.0823
    0.0000   37.5000   -7.500012100.6963   24.0273
    7.5000   37.5000   -7.500011330.4727   24.0018
   -7.5000   45.0000   -7.500010262.1602   23.6243
    0.0000   45.0000   -7.500010615.8691   23.5765
    7.5000   45.0000   -7.5000 9964.4268   23.5446
   -7.5000  -45.0000    0.000012708.0928   24.5008
    0.0000  -45.0000    0.000013168.4775   24.4314
    7.5000  -45.0000    0.000012471.0918   24.3868
   -7.5000  -37.5000    0.000013533.4570   24.5306
    0.0000  -37.5000    0.000014051.3770   24.4776
    7.5000  -37.5000    0.000013249.6982   24.4284
   -7.5000  -30.0000    0.000014775.7266   24.5236
    0.0000  -30.0000    0.000015469.2734   24.4777
    7.5000  -30.0000    0.000014583.7646   24.4337
   -7.5000  -22.5000    0.000015650.0967   24.4785
    0.0000  -22.5000    0.000016459.8906   24.4224
    7.5000  -22.5000    0.000015778.7764   24.3885
   -7.5000  -15.0000    0.000016237.8721   24.4426
    0.0000  -15.0000    0.000016993.5293   24.3698
    7.5000  -15.0000    0.000016436.1406   24.3397
   -7.5000   -7.5000    0.000016949.8984   24.4494
    0.0000   -7.5000    0.000017744.7637   24.3705
    7.5000   -7.5000    0.000017034.8594   24.3349
   -7.5000    0.0000    0.000017576.8105   24.4924
    0.0000    0.0000    0.000018393.9609   24.4231
    7.5000    0.0000    0.000017496.1387   24.3785
   -7.5000    7.5000    0.000016773.5547   24.5306
    0.0000    7.5000    0.000017545.1895   24.4776
    7.5000    7.5000    0.000016559.7754   24.4284
   -7.5000   15.0000    0.000015679.9199   24.5236
    0.0000   15.0000    0.000016379.9150   24.4777
    7.5000   15.0000    0.000015348.5400   24.4337
   -7.5000   22.5000    0.000014449.1631   24.4672
    0.0000   22.5000    0.000015054.8242   24.4111
    7.5000   22.5000    0.000014042.8936   24.3772
   -7.5000   30.0000    0.000013076.9531   24.1263
    0.0000   30.0000    0.000013596.5107   24.0544
    7.5000   30.0000    0.000012688.9463   24.0247
   -7.5000   37.5000    0.000012097.0449   24.1405
    0.0000   37.5000    0.000012528.4424   24.0624
    7.5000   37.5000    0.000011697.9023   24.0274
   -7.5000   45.0000    0.000010636.1074   23.6956
    0.0000   45.0000    0.000010984.7480   23.6280
    7.5000   45.0000    0.000010290.8027   23.5850
   -7.5000  -45.0000    7.500011996.6221   24.5086
    0.0000  -45.0000    7.500012457.8809   24.4320
    7.5000  -45.0000    7.500011801.9072   24.3759
   -7.5000  -37.5000    7.500012865.0537   24.5421
    0.0000  -37.5000    7.500013413.2061   24.4870
    7.5000  -37.5000    7.500012570.2900   24.4295
   -7.5000  -30.0000    7.500014286.1631   24.5372
    0.0000  -30.0000    7.500014895.0078   24.4891
    7.5000  -30.0000    7.500013872.9990   24.4412
   -7.5000  -22.5000    7.500015359.4121   24.4906
    0.0000  -22.5000    7.500015887.9297   24.4258
    7.5000  -22.5000    7.500014976.9736   24.3885
   -7.5000  -15.0000    7.500015938.7812   24.4528
    0.0000  -15.0000    7.500016424.9961   24.3655
    7.5000  -15.0000    7.500015612.0195   24.3288
   -7.5000   -7.5000    7.500016532.1562   24.4574
    0.0000   -7.5000    7.500017134.0508   24.3653
    7.5000   -7.5000    7.500016225.1855   24.3195
   -7.5000    0.0000    7.500017015.8418   24.5002
    0.0000    0.0000    7.500017727.0547   24.4237
    7.5000    0.0000    7.500016712.6934   24.3676
   -7.5000    7.5000    7.500016131.5273   24.5421
    0.0000    7.5000    7.500016862.1016   24.4870
    7.5000    7.5000    7.500015844.7041   24.4295
   -7.5000   15.0000    7.500015007.4580   24.5372
    0.0000   15.0000    7.500015687.6973   24.4891
    7.5000   15.0000    7.500014694.0059   24.4412
   -7.5000   22.5000    7.500013778.3438   24.4793
    0.0000   22.5000    7.500014374.5752   24.4145
    7.5000   22.5000    7.500013455.9893   24.3772
   -7.5000   30.0000    7.500012490.0557   24.1363
    0.0000   30.0000    7.500012979.1924   24.0501
    7.5000   30.0000    7.500012184.2344   24.0139
   -7.5000   37.5000    7.500011575.4932   24.1486
    0.0000   37.5000    7.500011963.8301   24.0575
    7.5000   37.5000    7.500011233.9287   24.0123
   -7.5000   45.0000    7.500010189.2930   23.7020
    0.0000   45.0000    7.500010509.9287   23.6273
    7.5000   45.0000    7.5000 9863.0713   23.5733
   -7.5000  -45.0000   15.000011287.0088   24.5428
    0.0000  -45.0000   15.000011697.0566   24.4754
    7.5000  -45.0000   15.000011066.1660   24.4180
   -7.5000  -37.5000   15.000012068.1875   24.5681
    0.0000  -37.5000   15.000012549.2666   24.5267
    7.5000  -37.5000   15.000011766.5498   24.4702
   -7.5000  -30.0000   15.000013245.9980   24.5679
    0.0000  -30.0000   15.000013764.8584   24.5345
    7.5000  -30.0000   15.000012909.1572   24.4892
   -7.5000  -22.5000   15.000014124.1377   24.5346
    0.0000  -22.5000   15.000014596.5439   24.4809
    7.5000  -22.5000   15.000013808.5244   24.4453
   -7.5000  -15.0000   15.000014825.2129   24.5037
    0.0000  -15.0000   15.000015298.0605   24.4236
    7.5000  -15.0000   15.000014477.7432   24.3871
   -7.5000   -7.5000   15.000015640.7412   24.5033
    0.0000   -7.5000   15.000016235.9619   24.4175
    7.5000   -7.5000   15.000015265.2393   24.3705
   -7.5000    0.0000   15.000016174.1260   24.5345
    0.0000    0.0000   15.000016791.8105   24.4671
    7.5000    0.0000   15.000015803.8135   24.4098
   -7.5000    7.5000   15.000015318.8564   24.5681
    0.0000    7.5000   15.000015905.6680   24.5267
    7.5000    7.5000   15.000014958.6885   24.4702
   -7.5000   15.0000   15.000014167.2520   24.5679
    0.0000   15.0000   15.000014717.6221   24.5345
    7.5000   15.0000   15.000013839.9258   24.4892
   -7.5000   22.5000   15.000012929.0293   24.5233
    0.0000   22.5000   15.000013434.6689   24.4696
    7.5000   22.5000   15.000012640.3398   24.4340
   -7.5000   30.0000   15.000011666.5996   24.1866
    0.0000   30.0000   15.000012116.5244   24.1076
    7.5000   30.0000   15.000011445.6260   24.0715
   -7.5000   37.5000   15.000010823.4551   24.1942
    0.0000   37.5000   15.000011186.5186   24.1094
    7.5000   37.5000   15.000010581.3975   24.0630
   -7.5000   45.0000   15.0000 9575.6172   23.7350
    0.0000   45.0000   15.0000 9868.5371   23.6692
    7.5000   45.0000   15.0000 9318.2061   23.6140
   -7.5000  -45.0000   22.500010374.6172   24.6474
    0.0000  -45.0000   22.500010824.0811   24.5990
    7.5000  -45.0000   22.500010220.6465   24.5529
   -7.5000  -37.5000   22.500011005.2783   24.6582
    0.0000  -37.5000   22.500011537.4365   24.6352
    7.5000  -37.5000   22.500010839.8096   24.5896
   -7.5000  -30.0000   22.500012006.9170   24.6598
    0.0000  -30.0000   22.500012527.4717   24.6463
    7.5000  -30.0000   22.500011832.4521   24.6089
   -7.5000  -22.5000   22.500012801.5166   24.6424
    0.0000  -22.5000   22.500013314.0469   24.6122
    7.5000  -22.5000   22.500012641.3799   24.5832
   -7.5000  -15.0000   22.500013500.2041   24.6223
    0.0000  -15.0000   22.500014030.6592   24.5672
    7.5000  -15.0000   22.500013349.7920   24.5388
   -7.5000   -7.5000   22.500014243.4346   24.6204
    0.0000   -7.5000   22.500014842.2871   24.5570
    7.5000   -7.5000   22.500014088.5771   24.5198
   -7.5000    0.0000   22.500014775.7246   24.6391
    0.0000    0.0000   22.500015370.2881   24.5907
    7.5000    0.0000   22.500014591.6016   24.5446
   -7.5000    7.5000   22.500014028.3184   24.6582
    0.0000    7.5000   22.500014589.0703   24.6351
    7.5000    7.5000   22.500013803.7793   24.5896
   -7.5000   15.0000   22.500013015.1152   24.6598
    0.0000   15.0000   22.500013547.0781   24.6463
    7.5000   15.0000   22.500012777.0039   24.6089
   -7.5000   22.5000   22.500011948.4111   24.6311
    0.0000   22.5000   22.500012416.2324   24.6008
    7.5000   22.5000   22.500011706.4189   24.5718
   -7.5000   30.0000   22.500010820.4902   24.3037
    0.0000   30.0000   22.500011228.7002   24.2493
    7.5000   30.0000   22.500010613.7842   24.2212
   -7.5000   37.5000   22.500010014.3008   24.3101
    0.0000   37.5000   22.500010387.7598   24.2473
    7.5000   37.5000   22.5000 9828.2012   24.2106
   -7.5000   45.0000   22.5000 8835.8203   23.8373
    0.0000   45.0000   22.5000 9152.2217   23.7900
    7.5000   45.0000   22.5000 8661.6504   23.7457
   -7.5000  -45.0000   30.0000 9590.5781   25.2034
    0.0000  -45.0000   30.0000 9988.3418   25.1634
    7.5000  -45.0000   30.0000 9487.5088   25.1271
   -7.5000  -37.5000   30.000010140.4004   25.2095
    0.0000  -37.5000   30.000010606.8906   25.1903
    7.5000  -37.5000   30.000010067.1709   25.1528
   -7.5000  -30.0000   30.000011011.8066   25.2103
    0.0000  -30.0000   30.000011472.9941   25.2015
    7.5000  -30.0000   30.000010926.0391   25.1688
   -7.5000  -22.5000   30.000011766.8105   25.1967
    0.0000  -22.5000   30.000012238.0430   25.1771
    7.5000  -22.5000   30.000011679.6523   25.1524
   -7.5000  -15.0000   30.000012459.6670   25.1791
    0.0000  -15.0000   30.000012971.8604   25.1395
    7.5000  -15.0000   30.000012379.6113   25.1176
   -7.5000   -7.5000   30.000013141.5781   25.1780
    0.0000   -7.5000   30.000013670.4854   25.1283
    7.5000   -7.5000   30.000013047.6904   25.0996
   -7.5000    0.0000   30.000013590.1094   25.1947
    0.0000    0.0000   30.000014106.4980   25.1547
    7.5000    0.0000   30.000013460.3096   25.1184
   -7.5000    7.5000   30.000012853.4277   25.2095
    0.0000    7.5000   30.000013360.1094   25.1903
    7.5000    7.5000   30.000012697.3662   25.1528
   -7.5000   15.0000   30.000011919.6475   25.2103
    0.0000   15.0000   30.000012417.2920   25.2015
    7.5000   15.0000   30.000011777.4609   25.1688
   -7.5000   22.5000   30.000010983.5215   25.1851
    0.0000   22.5000   30.000011423.3555   25.1655
    7.5000   22.5000   30.000010838.2998   25.1408
   -7.5000   30.0000   30.0000 9984.9854   24.8533
    0.0000   30.0000   30.000010356.5781   24.8142
    7.5000   30.0000   30.0000 9830.3477   24.7925
   -7.5000   37.5000   30.0000 9257.6221   24.8582
    0.0000   37.5000   30.0000 9622.5957   24.8090
    7.5000   37.5000   30.0000 9111.0137   24.7807
   -7.5000   45.0000   30.0000 8175.9785   24.3663
    0.0000   45.0000   30.0000 8482.5283   24.3272
    7.5000   45.0000   30.0000 8049.8560   24.2925
   -7.5000  -45.0000   37.5000 9219.2480   25.9900
    0.0000  -45.0000   37.5000 9584.1738   25.9323
    7.5000  -45.0000   37.5000 9086.5195   25.8937
   -7.5000  -37.5000   37.5000 9728.0518   26.0083
    0.0000  -37.5000   37.500010152.5518   25.9684
    7.5000  -37.5000   37.5000 9621.7588   25.9252
   -7.5000  -30.0000   37.500010560.9170   26.0056
    0.0000  -30.0000   37.500010977.9990   25.9754
    7.5000  -30.0000   37.500010445.1094   25.9357
   -7.5000  -22.5000   37.500011277.6865   25.9756
    0.0000  -22.5000   37.500011729.9941   25.9376
    7.5000  -22.5000   37.500011175.5107   25.9074
   -7.5000  -15.0000   37.500011932.5420   25.9473
    0.0000  -15.0000   37.500012421.2646   25.8925
    7.5000  -15.0000   37.500011827.0645   25.8669
   -7.5000   -7.5000   37.500012578.8350   25.9497
    0.0000   -7.5000   37.500013062.2334   25.8850
    7.5000   -7.5000   37.500012451.9541   25.8543
   -7.5000    0.0000   37.500013023.1289   25.9807
    0.0000    0.0000   37.500013506.1885   25.9230
    7.5000    0.0000   37.500012871.5537   25.8844
   -7.5000    7.5000   37.500012320.3730   26.0083
    0.0000    7.5000   37.500012805.1641   25.9684
    7.5000    7.5000   37.500012170.8682   25.9252
   -7.5000   15.0000   37.500011405.4834   26.0056
    0.0000   15.0000   37.500011887.4980   25.9754
    7.5000   15.0000   37.500011271.2227   25.9357
   -7.5000   22.5000   37.500010506.3838   25.9636
    0.0000   22.5000   37.500010934.7100   25.9256
    7.5000   22.5000   37.500010366.3359   25.8954
   -7.5000   30.0000   37.5000 9578.8066   25.6115
    0.0000   30.0000   37.5000 9938.6318   25.5574
    7.5000   30.0000   37.5000 9422.3975   25.5321
   -7.5000   37.5000   37.5000 8907.8271   25.6174
    0.0000   37.5000   37.5000 9246.9072   25.5534
    7.5000   37.5000   37.5000 8771.6445   25.5232
   -7.5000   45.0000   37.5000 7880.7949   25.1158
    0.0000   45.0000   37.5000 8148.0347   25.0597
    7.5000   45.0000   37.5000 7750.9229   25.0227
   -7.5000  -45.0000   45.0000 8500.9834   26.9029
    0.0000  -45.0000   45.0000 8840.6045   26.8254
    7.5000  -45.0000   45.0000 8361.1191   26.7752
   -7.5000  -37.5000   45.0000 8987.0830   26.9372
    0.0000  -37.5000   45.0000 9377.0957   26.8793
    7.5000  -37.5000   45.0000 8864.2646   26.8237
   -7.5000  -30.0000   45.0000 9721.6592   26.9258
    0.0000  -30.0000   45.000010120.8389   26.8766
    7.5000  -30.0000   45.0000 9595.4736   26.8282
   -7.5000  -22.5000   45.000010395.2070   26.8694
    0.0000  -22.5000   45.000010811.2061   26.8088
    7.5000  -22.5000   45.000010253.4248   26.7733
   -7.5000  -15.0000   45.000010995.3369   26.8277
    0.0000  -15.0000   45.000011425.3330   26.7471
    7.5000  -15.0000   45.000010844.5352   26.7157
   -7.5000   -7.5000   45.000011580.5469   26.8394
    0.0000   -7.5000   45.000012003.0771   26.7507
    7.5000   -7.5000   45.000011416.4609   26.7118
   -7.5000    0.0000   45.000012019.8262   26.8927
    0.0000    0.0000   45.000012447.4922   26.8153
    7.5000    0.0000   45.000011833.8467   26.7651
   -7.5000    7.5000   45.000011374.6338   26.9372
    0.0000    7.5000   45.000011813.5381   26.8793
    7.5000    7.5000   45.000011214.2500   26.8237
   -7.5000   15.0000   45.000010537.7695   26.9258
    0.0000   15.0000   45.000010942.6123   26.8766
    7.5000   15.0000   45.000010385.3525   26.8282
   -7.5000   22.5000   45.0000 9669.0811   26.8570
    0.0000   22.5000   45.000010056.6016   26.7964
    7.5000   22.5000   45.0000 9541.3887   26.7609
   -7.5000   30.0000   45.0000 8810.1553   26.4782
    0.0000   30.0000   45.0000 9150.9316   26.3986
    7.5000   30.0000   45.0000 8698.9658   26.3677
   -7.5000   37.5000   45.0000 8243.3232   26.4916
    0.0000   37.5000   45.0000 8566.6357   26.4040
    7.5000   37.5000   45.0000 8137.3872   26.3656
   -7.5000   45.0000   45.0000 7319.4502   25.9987
    0.0000   45.0000   45.0000 7585.4175   25.9235
    7.5000   45.0000   45.0000 7206.3589   25.8753

---------------------------------------------------------------------
imgreg_4dfp /usr/local/freesurfer/average/711-2C_as_mni_average_305 /usr/local/freesurfer/average/711-2B_as_mni_average_305_mask talsrcimg_g11 none talsrcimg_to_711-2C_as_mni_average_305_t4 4355
---------------------------------------------------------------------

freesurfer imgreg_4dfp.c
/usr/local/freesurfer/average/711-2C_as_mni_average_305.4dfp.img
       256       256       256         1
  1.000000  1.000000  1.000000
orientation T byte_order littleendian
Reading image: /usr/local/freesurfer/average/711-2C_as_mni_average_305.4dfp.img
dimensions:      256       256       256
mmppix:       1.0000   -1.0000   -1.0000
center:     128.0000 -129.0000 -129.0000
/usr/local/freesurfer/average/711-2B_as_mni_average_305_mask.4dfp.img
       256       256       256         1
  1.000000  1.000000  1.000000
orientation T byte_order littleendian
Reading mask: /usr/local/freesurfer/average/711-2B_as_mni_average_305_mask.4dfp.img (2306576 pixels)
talsrcimg_g11.4dfp.img
       256       256       256         1
  1.000000  1.000000  1.000000
orientation T byte_order littleendian
Reading image: talsrcimg_g11.4dfp.img
dimensions:      256       256       256
mmppix:       1.0000   -1.0000   -1.0000
center:     128.0000 -129.0000 -129.0000
rotation matrix determinant  1.000000
image alignment mode   4355 decimal     1103 hex
   -7.5000  -45.0000  -45.0000 2380.3235   21.6692
    0.0000  -45.0000  -45.0000 2377.4863   21.7915
    7.5000  -45.0000  -45.0000 2354.1228   21.9931
   -7.5000  -37.5000  -45.0000 2424.9170   20.5217
    0.0000  -37.5000  -45.0000 2423.9133   20.6523
    7.5000  -37.5000  -45.0000 2395.0444   20.7535
   -7.5000  -30.0000  -45.0000 2453.8787   19.8253
    0.0000  -30.0000  -45.0000 2452.4646   19.8610
    7.5000  -30.0000  -45.0000 2421.8367   19.9926
   -7.5000  -22.5000  -45.0000 2469.2483   19.4330
    0.0000  -22.5000  -45.0000 2470.9851   19.4330
    7.5000  -22.5000  -45.0000 2438.9863   19.6694
   -7.5000  -15.0000  -45.0000 2476.8667   19.4855
    0.0000  -15.0000  -45.0000 2475.4358   19.5210
    7.5000  -15.0000  -45.0000 2441.0344   19.7775
   -7.5000   -7.5000  -45.0000 2455.8499   19.9485
    0.0000   -7.5000  -45.0000 2449.1321   19.9049
    7.5000   -7.5000  -45.0000 2422.0305   20.2233
   -7.5000    0.0000  -45.0000 2416.4294   20.7922
    0.0000    0.0000  -45.0000 2410.6826   20.7172
    7.5000    0.0000  -45.0000 2382.9824   21.0597
   -7.5000    7.5000  -45.0000 2357.0002   21.8955
    0.0000    7.5000  -45.0000 2354.8958   21.8356
    7.5000    7.5000  -45.0000 2330.0759   22.2057
   -7.5000   15.0000  -45.0000 2280.1794   23.3265
    0.0000   15.0000  -45.0000 2280.4045   23.2473
    7.5000   15.0000  -45.0000 2257.9641   23.7096
   -7.5000   22.5000  -45.0000 2182.2888   25.2612
    0.0000   22.5000  -45.0000 2182.6038   25.1611
    7.5000   22.5000  -45.0000 2167.0105   25.6797
   -7.5000   30.0000  -45.0000 2064.8572   27.8696
    0.0000   30.0000  -45.0000 2071.0085   27.6619
    7.5000   30.0000  -45.0000 2053.3770   28.1437
   -7.5000   37.5000  -45.0000 1954.1589   31.1014
    0.0000   37.5000  -45.0000 1956.4652   30.9561
    7.5000   37.5000  -45.0000 1936.5156   31.4121
   -7.5000   45.0000  -45.0000 1811.6721   35.4178
    0.0000   45.0000  -45.0000 1810.4053   35.1759
    7.5000   45.0000  -45.0000 1794.3042   35.7701
   -7.5000  -45.0000  -37.5000 2457.4165   20.5238
    0.0000  -45.0000  -37.5000 2456.3848   20.6140
    7.5000  -45.0000  -37.5000 2428.0552   20.8002
   -7.5000  -37.5000  -37.5000 2506.6238   19.3291
    0.0000  -37.5000  -37.5000 2503.5439   19.4216
    7.5000  -37.5000  -37.5000 2471.1897   19.5787
   -7.5000  -30.0000  -37.5000 2541.9988   18.6541
    0.0000  -30.0000  -37.5000 2539.9890   18.6756
    7.5000  -30.0000  -37.5000 2505.6060   18.8076
   -7.5000  -22.5000  -37.5000 2557.4927   18.2894
    0.0000  -22.5000  -37.5000 2555.4956   18.2935
    7.5000  -22.5000  -37.5000 2522.4158   18.4622
   -7.5000  -15.0000  -37.5000 2562.0632   18.3092
    0.0000  -15.0000  -37.5000 2560.2026   18.3037
    7.5000  -15.0000  -37.5000 2526.0000   18.5669
   -7.5000   -7.5000  -37.5000 2543.6719   18.7196
    0.0000   -7.5000  -37.5000 2538.9570   18.6750
    7.5000   -7.5000  -37.5000 2505.4207   18.9704
   -7.5000    0.0000  -37.5000 2506.9800   19.4880
    0.0000    0.0000  -37.5000 2509.0281   19.4708
    7.5000    0.0000  -37.5000 2471.7288   19.7103
   -7.5000    7.5000  -37.5000 2449.1511   20.4385
    0.0000    7.5000  -37.5000 2450.7917   20.4500
    7.5000    7.5000  -37.5000 2413.3330   20.6862
   -7.5000   15.0000  -37.5000 2364.9482   21.7986
    0.0000   15.0000  -37.5000 2371.4497   21.7603
    7.5000   15.0000  -37.5000 2337.7195   22.0999
   -7.5000   22.5000  -37.5000 2262.5269   23.6091
    0.0000   22.5000  -37.5000 2265.4834   23.5528
    7.5000   22.5000  -37.5000 2240.3696   23.9401
   -7.5000   30.0000  -37.5000 2139.3816   25.9174
    0.0000   30.0000  -37.5000 2144.0518   25.8252
    7.5000   30.0000  -37.5000 2121.5854   26.2455
   -7.5000   37.5000  -37.5000 2022.2950   28.9090
    0.0000   37.5000  -37.5000 2030.3795   28.8166
    7.5000   37.5000  -37.5000 2004.4971   29.2906
   -7.5000   45.0000  -37.5000 1876.3081   32.8237
    0.0000   45.0000  -37.5000 1878.3745   32.6890
    7.5000   45.0000  -37.5000 1855.1661   33.2181
   -7.5000  -45.0000  -30.0000 2569.6926   20.1968
    0.0000  -45.0000  -30.0000 2565.4851   20.2316
    7.5000  -45.0000  -30.0000 2540.7588   20.4774
   -7.5000  -37.5000  -30.0000 2622.0339   18.9298
    0.0000  -37.5000  -30.0000 2619.2080   18.9627
    7.5000  -37.5000  -30.0000 2590.0623   19.1551
   -7.5000  -30.0000  -30.0000 2663.5161   18.1174
    0.0000  -30.0000  -30.0000 2657.3042   18.1396
    7.5000  -30.0000  -30.0000 2622.6079   18.2914
   -7.5000  -22.5000  -30.0000 2680.7749   17.7296
    0.0000  -22.5000  -30.0000 2673.3574   17.7596
    7.5000  -22.5000  -30.0000 2648.0217   17.9486
   -7.5000  -15.0000  -30.0000 2685.7251   17.7992
    0.0000  -15.0000  -30.0000 2685.5706   17.7632
    7.5000  -15.0000  -30.0000 2652.1514   17.9809
   -7.5000   -7.5000  -30.0000 2673.6240   18.1972
    0.0000   -7.5000  -30.0000 2675.2913   18.1836
    7.5000   -7.5000  -30.0000 2637.8086   18.3907
   -7.5000    0.0000  -30.0000 2634.7690   18.9156
    0.0000    0.0000  -30.0000 2641.0679   18.9327
    7.5000    0.0000  -30.0000 2604.6294   19.1509
   -7.5000    7.5000  -30.0000 2572.9868   19.8392
    0.0000    7.5000  -30.0000 2579.9038   19.8908
    7.5000    7.5000  -30.0000 2546.3306   20.1532
   -7.5000   15.0000  -30.0000 2491.5022   21.1393
    0.0000   15.0000  -30.0000 2499.3738   21.1456
    7.5000   15.0000  -30.0000 2463.5024   21.4831
   -7.5000   22.5000  -30.0000 2385.1377   22.8972
    0.0000   22.5000  -30.0000 2390.0649   22.8544
    7.5000   22.5000  -30.0000 2359.6123   23.2399
   -7.5000   30.0000  -30.0000 2248.2664   25.0835
    0.0000   30.0000  -30.0000 2251.8501   25.0092
    7.5000   30.0000  -30.0000 2231.8164   25.4379
   -7.5000   37.5000  -30.0000 2117.0391   27.9843
    0.0000   37.5000  -30.0000 2117.5525   27.8352
    7.5000   37.5000  -30.0000 2100.1023   28.3576
   -7.5000   45.0000  -30.0000 1970.1677   31.7722
    0.0000   45.0000  -30.0000 1968.4470   31.5586
    7.5000   45.0000  -30.0000 1952.6754   32.2004
   -7.5000  -45.0000  -22.5000 2650.3711   19.6893
    0.0000  -45.0000  -22.5000 2648.3062   19.7021
    7.5000  -45.0000  -22.5000 2620.4182   19.9911
   -7.5000  -37.5000  -22.5000 2705.6521   18.4071
    0.0000  -37.5000  -22.5000 2705.6230   18.4018
    7.5000  -37.5000  -22.5000 2676.5786   18.7031
   -7.5000  -30.0000  -22.5000 2745.1719   17.4749
    0.0000  -30.0000  -22.5000 2742.7690   17.4962
    7.5000  -30.0000  -22.5000 2712.3840   17.8055
   -7.5000  -22.5000  -22.5000 2766.9941   16.9976
    0.0000  -22.5000  -22.5000 2765.5945   17.0654
    7.5000  -22.5000  -22.5000 2740.5452   17.3321
   -7.5000  -15.0000  -22.5000 2778.8369   17.0819
    0.0000  -15.0000  -22.5000 2787.7292   17.1067
    7.5000  -15.0000  -22.5000 2747.8367   17.3091
   -7.5000   -7.5000  -22.5000 2769.6135   17.4947
    0.0000   -7.5000  -22.5000 2779.9998   17.5165
    7.5000   -7.5000  -22.5000 2739.7161   17.7427
   -7.5000    0.0000  -22.5000 2725.4697   18.1942
    0.0000    0.0000  -22.5000 2741.5842   18.2320
    7.5000    0.0000  -22.5000 2706.1025   18.4831
   -7.5000    7.5000  -22.5000 2663.7651   19.1426
    0.0000    7.5000  -22.5000 2675.6746   19.2040
    7.5000    7.5000  -22.5000 2647.7634   19.5117
   -7.5000   15.0000  -22.5000 2584.4946   20.4291
    0.0000   15.0000  -22.5000 2590.9597   20.4584
    7.5000   15.0000  -22.5000 2563.0876   20.8447
   -7.5000   22.5000  -22.5000 2478.1521   22.1229
    0.0000   22.5000  -22.5000 2486.6445   22.1145
    7.5000   22.5000  -22.5000 2458.2278   22.5126
   -7.5000   30.0000  -22.5000 2340.0852   24.3132
    0.0000   30.0000  -22.5000 2344.5007   24.2615
    7.5000   30.0000  -22.5000 2322.6985   24.7081
   -7.5000   37.5000  -22.5000 2194.7053   27.1054
    0.0000   37.5000  -22.5000 2198.7542   27.0189
    7.5000   37.5000  -22.5000 2180.7380   27.5399
   -7.5000   45.0000  -22.5000 2035.8346   30.7354
    0.0000   45.0000  -22.5000 2035.0515   30.6259
    7.5000   45.0000  -22.5000 2021.0850   31.2580
   -7.5000  -45.0000  -15.0000 2683.5308   19.2488
    0.0000  -45.0000  -15.0000 2687.9363   19.3085
    7.5000  -45.0000  -15.0000 2663.1560   19.6691
   -7.5000  -37.5000  -15.0000 2751.8469   18.0277
    0.0000  -37.5000  -15.0000 2753.8630   18.0349
    7.5000  -37.5000  -15.0000 2724.3245   18.4026
   -7.5000  -30.0000  -15.0000 2789.1978   17.0340
    0.0000  -30.0000  -15.0000 2795.7839   17.0967
    7.5000  -30.0000  -15.0000 2762.8838   17.5277
   -7.5000  -22.5000  -15.0000 2821.2356   16.3834
    0.0000  -22.5000  -15.0000 2824.6343   16.4858
    7.5000  -22.5000  -15.0000 2793.5657   16.9448
   -7.5000  -15.0000  -15.0000 2836.5300   16.4073
    0.0000  -15.0000  -15.0000 2845.0906   16.4408
    7.5000  -15.0000  -15.0000 2812.0674   16.8144
   -7.5000   -7.5000  -15.0000 2823.1111   16.8445
    0.0000   -7.5000  -15.0000 2834.9048   16.8497
    7.5000   -7.5000  -15.0000 2805.4580   17.2099
   -7.5000    0.0000  -15.0000 2778.2524   17.5458
    0.0000    0.0000  -15.0000 2793.6926   17.5878
    7.5000    0.0000  -15.0000 2769.8828   17.9636
   -7.5000    7.5000  -15.0000 2720.2793   18.5442
    0.0000    7.5000  -15.0000 2729.3899   18.5752
    7.5000    7.5000  -15.0000 2705.1863   18.9853
   -7.5000   15.0000  -15.0000 2638.4585   19.8064
    0.0000   15.0000  -15.0000 2645.7866   19.8114
    7.5000   15.0000  -15.0000 2617.4529   20.2481
   -7.5000   22.5000  -15.0000 2533.4404   21.5114
    0.0000   22.5000  -15.0000 2543.1235   21.5232
    7.5000   22.5000  -15.0000 2513.9878   21.9816
   -7.5000   30.0000  -15.0000 2402.4468   23.7216
    0.0000   30.0000  -15.0000 2415.3657   23.7144
    7.5000   30.0000  -15.0000 2381.3611   24.1650
   -7.5000   37.5000  -15.0000 2249.1294   26.4465
    0.0000   37.5000  -15.0000 2259.3687   26.4460
    7.5000   37.5000  -15.0000 2231.7144   26.8921
   -7.5000   45.0000  -15.0000 2076.6663   29.9198
    0.0000   45.0000  -15.0000 2081.5654   29.8414
    7.5000   45.0000  -15.0000 2066.4622   30.3897
   -7.5000  -45.0000   -7.5000 2699.9653   19.1340
    0.0000  -45.0000   -7.5000 2700.5149   19.1306
    7.5000  -45.0000   -7.5000 2679.6995   19.5898
   -7.5000  -37.5000   -7.5000 2769.7275   17.9165
    0.0000  -37.5000   -7.5000 2770.9895   17.8774
    7.5000  -37.5000   -7.5000 2750.7336   18.3260
   -7.5000  -30.0000   -7.5000 2825.3979   16.9098
    0.0000  -30.0000   -7.5000 2829.5920   16.9364
    7.5000  -30.0000   -7.5000 2804.2581   17.4634
   -7.5000  -22.5000   -7.5000 2849.7844   16.0743
    0.0000  -22.5000   -7.5000 2858.7463   16.1879
    7.5000  -22.5000   -7.5000 2839.9209   16.8626
   -7.5000  -15.0000   -7.5000 2857.9978   15.8985
    0.0000  -15.0000   -7.5000 2869.8218   15.9245
    7.5000  -15.0000   -7.5000 2842.7537   16.6267
   -7.5000   -7.5000   -7.5000 2845.2915   16.3312
    0.0000   -7.5000   -7.5000 2866.8560   16.3493
    7.5000   -7.5000   -7.5000 2836.2473   16.9067
   -7.5000    0.0000   -7.5000 2812.3381   17.0396
    0.0000    0.0000   -7.5000 2826.9614   17.0632
    7.5000    0.0000   -7.5000 2803.7534   17.5263
   -7.5000    7.5000   -7.5000 2751.2317   18.0689
    0.0000    7.5000   -7.5000 2766.1138   18.0853
    7.5000    7.5000   -7.5000 2740.7808   18.5397
   -7.5000   15.0000   -7.5000 2667.9897   19.3806
    0.0000   15.0000   -7.5000 2679.2947   19.4191
    7.5000   15.0000   -7.5000 2655.4919   19.8642
   -7.5000   22.5000   -7.5000 2565.5417   21.0595
    0.0000   22.5000   -7.5000 2579.2891   21.1149
    7.5000   22.5000   -7.5000 2557.3770   21.5988
   -7.5000   30.0000   -7.5000 2436.7205   23.1968
    0.0000   30.0000   -7.5000 2450.0635   23.2185
    7.5000   30.0000   -7.5000 2425.7112   23.7099
   -7.5000   37.5000   -7.5000 2283.7930   25.8508
    0.0000   37.5000   -7.5000 2285.7061   25.8474
    7.5000   37.5000   -7.5000 2268.8682   26.3830
   -7.5000   45.0000   -7.5000 2101.8193   29.2028
    0.0000   45.0000   -7.5000 2106.2778   29.0851
    7.5000   45.0000   -7.5000 2090.4385   29.6462
   -7.5000  -45.0000    0.0000 2687.4995   19.3551
    0.0000  -45.0000    0.0000 2678.4399   19.1840
    7.5000  -45.0000    0.0000 2668.1968   19.7706
   -7.5000  -37.5000    0.0000 2769.2422   18.1851
    0.0000  -37.5000    0.0000 2764.1553   18.0113
    7.5000  -37.5000    0.0000 2760.1536   18.5752
   -7.5000  -30.0000    0.0000 2832.3120   17.2693
    0.0000  -30.0000    0.0000 2838.3208   17.1539
    7.5000  -30.0000    0.0000 2825.6689   17.7076
   -7.5000  -22.5000    0.0000 2874.1836   16.5024
    0.0000  -22.5000    0.0000 2891.3091   16.4695
    7.5000  -22.5000    0.0000 2875.8779   17.1582
   -7.5000  -15.0000    0.0000 2851.6978   15.9176
    0.0000  -15.0000    0.0000 2872.8579   15.8726
    7.5000  -15.0000    0.0000 2857.2908   16.7051
   -7.5000   -7.5000    0.0000 2836.2395   16.0696
    0.0000   -7.5000    0.0000 2853.0278   16.0024
    7.5000   -7.5000    0.0000 2829.0037   16.6235
   -7.5000    0.0000    0.0000 2806.9231   16.8209
    0.0000    0.0000    0.0000 2820.6824   16.7030
    7.5000    0.0000    0.0000 2794.8867   17.2129
   -7.5000    7.5000    0.0000 2757.1382   17.9311
    0.0000    7.5000    0.0000 2768.7844   17.8788
    7.5000    7.5000    0.0000 2746.4238   18.2882
   -7.5000   15.0000    0.0000 2676.9880   19.3085
    0.0000   15.0000    0.0000 2681.0229   19.2799
    7.5000   15.0000    0.0000 2660.9536   19.6544
   -7.5000   22.5000    0.0000 2578.4114   21.0097
    0.0000   22.5000    0.0000 2580.9158   20.9562
    7.5000   22.5000    0.0000 2559.5837   21.3574
   -7.5000   30.0000    0.0000 2451.9231   23.1117
    0.0000   30.0000    0.0000 2457.5603   22.9863
    7.5000   30.0000    0.0000 2433.4661   23.4528
   -7.5000   37.5000    0.0000 2299.9443   25.7275
    0.0000   37.5000    0.0000 2302.1206   25.6121
    7.5000   37.5000    0.0000 2281.8369   26.0825
   -7.5000   45.0000    0.0000 2117.3181   29.0793
    0.0000   45.0000    0.0000 2124.0586   28.9149
    7.5000   45.0000    0.0000 2109.3008   29.4568
   -7.5000  -45.0000    7.5000 2642.1875   19.7701
    0.0000  -45.0000    7.5000 2643.7219   19.5911
    7.5000  -45.0000    7.5000 2634.3787   20.1501
   -7.5000  -37.5000    7.5000 2739.0400   18.6880
    0.0000  -37.5000    7.5000 2742.6907   18.4549
    7.5000  -37.5000    7.5000 2729.4709   18.9508
   -7.5000  -30.0000    7.5000 2823.2231   17.8971
    0.0000  -30.0000    7.5000 2828.2439   17.7030
    7.5000  -30.0000    7.5000 2806.0161   18.1118
   -7.5000  -22.5000    7.5000 2875.1138   17.1726
    0.0000  -22.5000    7.5000 2888.7825   16.9884
    7.5000  -22.5000    7.5000 2859.3984   17.4898
   -7.5000  -15.0000    7.5000 2866.9138   16.5831
    0.0000  -15.0000    7.5000 2871.9036   16.2845
    7.5000  -15.0000    7.5000 2851.7178   16.9477
   -7.5000   -7.5000    7.5000 2828.5701   16.4500
    0.0000   -7.5000    7.5000 2843.6008   16.2778
    7.5000   -7.5000    7.5000 2823.3030   16.7912
   -7.5000    0.0000    7.5000 2792.2410   17.0163
    0.0000    0.0000    7.5000 2813.3564   16.9448
    7.5000    0.0000    7.5000 2787.9067   17.3356
   -7.5000    7.5000    7.5000 2744.6848   18.0365
    0.0000    7.5000    7.5000 2764.2319   18.0199
    7.5000    7.5000    7.5000 2740.3064   18.3441
   -7.5000   15.0000    7.5000 2670.0969   19.4174
    0.0000   15.0000    7.5000 2684.7112   19.4337
    7.5000   15.0000    7.5000 2662.1553   19.7653
   -7.5000   22.5000    7.5000 2573.0325   21.1939
    0.0000   22.5000    7.5000 2581.8770   21.2026
    7.5000   22.5000    7.5000 2558.8494   21.4958
   -7.5000   30.0000    7.5000 2451.0723   23.3106
    0.0000   30.0000    7.5000 2459.9692   23.2805
    7.5000   30.0000    7.5000 2434.5310   23.5940
   -7.5000   37.5000    7.5000 2305.6177   25.8989
    0.0000   37.5000    7.5000 2309.2903   25.8445
    7.5000   37.5000    7.5000 2283.1091   26.1517
   -7.5000   45.0000    7.5000 2125.1814   29.2136
    0.0000   45.0000    7.5000 2128.9089   29.0676
    7.5000   45.0000    7.5000 2109.6672   29.3931
   -7.5000  -45.0000   15.0000 2597.2151   20.7161
    0.0000  -45.0000   15.0000 2596.1641   20.4859
    7.5000  -45.0000   15.0000 2584.4324   21.0031
   -7.5000  -37.5000   15.0000 2695.9639   19.4439
    0.0000  -37.5000   15.0000 2699.7839   19.2667
    7.5000  -37.5000   15.0000 2677.0093   19.6741
   -7.5000  -30.0000   15.0000 2775.3140   18.5119
    0.0000  -30.0000   15.0000 2787.3735   18.3884
    7.5000  -30.0000   15.0000 2753.0667   18.7559
   -7.5000  -22.5000   15.0000 2824.8521   17.7632
    0.0000  -22.5000   15.0000 2843.2766   17.5836
    7.5000  -22.5000   15.0000 2806.3054   18.0567
   -7.5000  -15.0000   15.0000 2827.1421   17.2418
    0.0000  -15.0000   15.0000 2828.7129   16.9945
    7.5000  -15.0000   15.0000 2806.4675   17.4547
   -7.5000   -7.5000   15.0000 2821.2166   17.3519
    0.0000   -7.5000   15.0000 2837.4641   17.2182
    7.5000   -7.5000   15.0000 2807.2761   17.5009
   -7.5000    0.0000   15.0000 2789.9248   17.9458
    0.0000    0.0000   15.0000 2807.5261   17.8880
    7.5000    0.0000   15.0000 2775.9128   18.1208
   -7.5000    7.5000   15.0000 2731.3264   18.8143
    0.0000    7.5000   15.0000 2748.0745   18.7969
    7.5000    7.5000   15.0000 2719.7310   19.0727
   -7.5000   15.0000   15.0000 2651.6521   19.9967
    0.0000   15.0000   15.0000 2665.6587   19.9680
    7.5000   15.0000   15.0000 2640.5352   20.3089
   -7.5000   22.5000   15.0000 2549.0488   21.6150
    0.0000   22.5000   15.0000 2559.7830   21.5540
    7.5000   22.5000   15.0000 2541.5513   21.8957
   -7.5000   30.0000   15.0000 2424.4048   23.6615
    0.0000   30.0000   15.0000 2433.9053   23.5580
    7.5000   30.0000   15.0000 2423.1199   23.9385
   -7.5000   37.5000   15.0000 2283.6094   26.2489
    0.0000   37.5000   15.0000 2284.8533   26.1375
    7.5000   37.5000   15.0000 2274.7600   26.5491
   -7.5000   45.0000   15.0000 2120.7341   29.6323
    0.0000   45.0000   15.0000 2122.9099   29.4667
    7.5000   45.0000   15.0000 2106.8352   29.8901
   -7.5000  -45.0000   22.5000 2534.8840   21.7277
    0.0000  -45.0000   22.5000 2538.2151   21.5595
    7.5000  -45.0000   22.5000 2523.3044   22.0381
   -7.5000  -37.5000   22.5000 2629.2463   20.3599
    0.0000  -37.5000   22.5000 2635.5410   20.2292
    7.5000  -37.5000   22.5000 2613.2974   20.6267
   -7.5000  -30.0000   22.5000 2710.0703   19.3414
    0.0000  -30.0000   22.5000 2716.5288   19.1890
    7.5000  -30.0000   22.5000 2690.4595   19.6245
   -7.5000  -22.5000   22.5000 2762.0452   18.4752
    0.0000  -22.5000   22.5000 2770.5474   18.2696
    7.5000  -22.5000   22.5000 2744.9375   18.8289
   -7.5000  -15.0000   22.5000 2772.6008   18.0541
    0.0000  -15.0000   22.5000 2774.3076   17.8883
    7.5000  -15.0000   22.5000 2757.0798   18.3392
   -7.5000   -7.5000   22.5000 2766.4312   18.2898
    0.0000   -7.5000   22.5000 2775.7485   18.1569
    7.5000   -7.5000   22.5000 2755.5398   18.4961
   -7.5000    0.0000   22.5000 2733.6333   18.9175
    0.0000    0.0000   22.5000 2743.1487   18.8336
    7.5000    0.0000   22.5000 2722.6758   19.1381
   -7.5000    7.5000   22.5000 2689.0759   19.8071
    0.0000    7.5000   22.5000 2702.5796   19.7576
    7.5000    7.5000   22.5000 2676.4043   20.0246
   -7.5000   15.0000   22.5000 2621.0508   20.9734
    0.0000   15.0000   22.5000 2643.0381   20.9169
    7.5000   15.0000   22.5000 2607.6294   21.1850
   -7.5000   22.5000   22.5000 2531.6665   22.4922
    0.0000   22.5000   22.5000 2548.9961   22.4139
    7.5000   22.5000   22.5000 2521.4705   22.7277
   -7.5000   30.0000   22.5000 2405.1008   24.4624
    0.0000   30.0000   22.5000 2410.8821   24.3478
    7.5000   30.0000   22.5000 2397.5791   24.7170
   -7.5000   37.5000   22.5000 2259.6089   27.0255
    0.0000   37.5000   22.5000 2263.9700   26.8816
    7.5000   37.5000   22.5000 2254.3579   27.2470
   -7.5000   45.0000   22.5000 2099.5452   30.3071
    0.0000   45.0000   22.5000 2101.8560   30.1463
    7.5000   45.0000   22.5000 2090.3018   30.6218
   -7.5000  -45.0000   30.0000 2468.1973   22.9818
    0.0000  -45.0000   30.0000 2476.9614   22.8100
    7.5000  -45.0000   30.0000 2459.1636   23.3183
   -7.5000  -37.5000   30.0000 2556.5212   21.5133
    0.0000  -37.5000   30.0000 2569.8286   21.3437
    7.5000  -37.5000   30.0000 2551.5156   21.8220
   -7.5000  -30.0000   30.0000 2632.4756   20.3371
    0.0000  -30.0000   30.0000 2644.7720   20.1156
    7.5000  -30.0000   30.0000 2625.5793   20.6907
   -7.5000  -22.5000   30.0000 2683.4050   19.4551
    0.0000  -22.5000   30.0000 2691.6382   19.2790
    7.5000  -22.5000   30.0000 2671.4329   19.8398
   -7.5000  -15.0000   30.0000 2699.6934   19.1423
    0.0000  -15.0000   30.0000 2712.3450   19.0017
    7.5000  -15.0000   30.0000 2691.8459   19.4624
   -7.5000   -7.5000   30.0000 2693.9924   19.3991
    0.0000   -7.5000   30.0000 2701.0930   19.2927
    7.5000   -7.5000   30.0000 2686.5217   19.6700
   -7.5000    0.0000   30.0000 2661.9924   20.0654
    0.0000    0.0000   30.0000 2664.9373   19.9695
    7.5000    0.0000   30.0000 2651.2979   20.3238
   -7.5000    7.5000   30.0000 2620.3635   20.9303
    0.0000    7.5000   30.0000 2631.8843   20.8735
    7.5000    7.5000   30.0000 2606.6143   21.1705
   -7.5000   15.0000   30.0000 2563.0901   22.0553
    0.0000   15.0000   30.0000 2583.0869   21.9896
    7.5000   15.0000   30.0000 2556.4363   22.2907
   -7.5000   22.5000   30.0000 2490.7505   23.5274
    0.0000   22.5000   30.0000 2504.5359   23.4501
    7.5000   22.5000   30.0000 2482.5593   23.7726
   -7.5000   30.0000   30.0000 2369.4365   25.4915
    0.0000   30.0000   30.0000 2374.0000   25.4229
    7.5000   30.0000   30.0000 2357.5295   25.7731
   -7.5000   37.5000   30.0000 2227.6919   28.0084
    0.0000   37.5000   30.0000 2239.4753   27.9390
    7.5000   37.5000   30.0000 2217.5627   28.3409
   -7.5000   45.0000   30.0000 2078.6082   31.5057
    0.0000   45.0000   30.0000 2080.7776   31.3384
    7.5000   45.0000   30.0000 2072.2129   31.7703
   -7.5000  -45.0000   37.5000 2397.6140   24.4989
    0.0000  -45.0000   37.5000 2414.7751   24.3205
    7.5000  -45.0000   37.5000 2391.8726   24.8615
   -7.5000  -37.5000   37.5000 2481.7874   22.8928
    0.0000  -37.5000   37.5000 2503.8875   22.6896
    7.5000  -37.5000   37.5000 2477.6448   23.2102
   -7.5000  -30.0000   37.5000 2551.7520   21.6363
    0.0000  -30.0000   37.5000 2573.0518   21.4183
    7.5000  -30.0000   37.5000 2547.7651   21.9755
   -7.5000  -22.5000   37.5000 2596.6941   20.7512
    0.0000  -22.5000   37.5000 2615.8608   20.6311
    7.5000  -22.5000   37.5000 2593.8853   21.1304
   -7.5000  -15.0000   37.5000 2613.9590   20.4558
    0.0000  -15.0000   37.5000 2633.6128   20.3272
    7.5000  -15.0000   37.5000 2612.9106   20.7859
   -7.5000   -7.5000   37.5000 2610.0430   20.6597
    0.0000   -7.5000   37.5000 2621.0354   20.5694
    7.5000   -7.5000   37.5000 2607.3313   20.9540
   -7.5000    0.0000   37.5000 2583.3752   21.3459
    0.0000    0.0000   37.5000 2590.9197   21.2542
    7.5000    0.0000   37.5000 2575.1626   21.6227
   -7.5000    7.5000   37.5000 2546.7991   22.2484
    0.0000    7.5000   37.5000 2564.3630   22.2074
    7.5000    7.5000   37.5000 2542.5073   22.5229
   -7.5000   15.0000   37.5000 2493.5544   23.3704
    0.0000   15.0000   37.5000 2517.2273   23.3106
    7.5000   15.0000   37.5000 2492.0303   23.6091
   -7.5000   22.5000   37.5000 2428.0933   24.7849
    0.0000   22.5000   37.5000 2442.8838   24.7622
    7.5000   22.5000   37.5000 2418.6074   25.0512
   -7.5000   30.0000   37.5000 2315.9270   26.6834
    0.0000   30.0000   37.5000 2322.1733   26.6164
    7.5000   30.0000   37.5000 2302.5942   26.9767
   -7.5000   37.5000   37.5000 2187.3311   29.3894
    0.0000   37.5000   37.5000 2195.2966   29.2879
    7.5000   37.5000   37.5000 2180.4739   29.6649
   -7.5000   45.0000   37.5000 2045.0204   32.9898
    0.0000   45.0000   37.5000 2047.8894   32.8248
    7.5000   45.0000   37.5000 2040.4810   33.3178
   -7.5000  -45.0000   45.0000 2316.9341   26.3738
    0.0000  -45.0000   45.0000 2343.5852   26.2282
    7.5000  -45.0000   45.0000 2311.9277   26.6946
   -7.5000  -37.5000   45.0000 2396.4243   24.6081
    0.0000  -37.5000   45.0000 2428.3350   24.4135
    7.5000  -37.5000   45.0000 2397.0300   24.8933
   -7.5000  -30.0000   45.0000 2465.1299   23.2603
    0.0000  -30.0000   45.0000 2492.6479   23.0824
    7.5000  -30.0000   45.0000 2463.1187   23.5570
   -7.5000  -22.5000   45.0000 2507.3093   22.3530
    0.0000  -22.5000   45.0000 2526.5750   22.2565
    7.5000  -22.5000   45.0000 2505.7273   22.6933
   -7.5000  -15.0000   45.0000 2518.6123   22.0899
    0.0000  -15.0000   45.0000 2538.3931   21.9397
    7.5000  -15.0000   45.0000 2521.4714   22.3407
   -7.5000   -7.5000   45.0000 2516.6655   22.2440
    0.0000   -7.5000   45.0000 2528.3594   22.1530
    7.5000   -7.5000   45.0000 2516.1042   22.4980
   -7.5000    0.0000   45.0000 2502.2817   22.8872
    0.0000    0.0000   45.0000 2509.9561   22.7889
    7.5000    0.0000   45.0000 2493.5806   23.1320
   -7.5000    7.5000   45.0000 2469.7546   23.8132
    0.0000    7.5000   45.0000 2484.8770   23.7784
    7.5000    7.5000   45.0000 2467.4207   24.0776
   -7.5000   15.0000   45.0000 2420.4482   24.9873
    0.0000   15.0000   45.0000 2435.7004   24.9568
    7.5000   15.0000   45.0000 2415.3743   25.2155
   -7.5000   22.5000   45.0000 2352.8789   26.3682
    0.0000   22.5000   45.0000 2367.7742   26.3233
    7.5000   22.5000   45.0000 2350.5061   26.6186
   -7.5000   30.0000   45.0000 2243.8315   28.3108
    0.0000   30.0000   45.0000 2253.2366   28.1589
    7.5000   30.0000   45.0000 2242.4470   28.5067
   -7.5000   37.5000   45.0000 2135.9324   31.1003
    0.0000   37.5000   45.0000 2146.2061   30.9276
    7.5000   37.5000   45.0000 2133.8533   31.3244
   -7.5000   45.0000   45.0000 2003.8230   34.6930
    0.0000   45.0000   45.0000 2013.5471   34.5436
    7.5000   45.0000   45.0000 2002.5354   35.0195

---------------------------------------------------------------------
imgreg_4dfp /usr/local/freesurfer/average/711-2C_as_mni_average_305 /usr/local/freesurfer/average/711-2B_as_mni_average_305_mask talsrcimg_g11 none talsrcimg_to_711-2C_as_mni_average_305_t4 1283
---------------------------------------------------------------------

freesurfer imgreg_4dfp.c
/usr/local/freesurfer/average/711-2C_as_mni_average_305.4dfp.img
       256       256       256         1
  1.000000  1.000000  1.000000
orientation T byte_order littleendian
Reading image: /usr/local/freesurfer/average/711-2C_as_mni_average_305.4dfp.img
dimensions:      256       256       256
mmppix:       1.0000   -1.0000   -1.0000
center:     128.0000 -129.0000 -129.0000
/usr/local/freesurfer/average/711-2B_as_mni_average_305_mask.4dfp.img
       256       256       256         1
  1.000000  1.000000  1.000000
orientation T byte_order littleendian
Reading mask: /usr/local/freesurfer/average/711-2B_as_mni_average_305_mask.4dfp.img (2306576 pixels)
talsrcimg_g11.4dfp.img
       256       256       256         1
  1.000000  1.000000  1.000000
orientation T byte_order littleendian
Reading image: talsrcimg_g11.4dfp.img
dimensions:      256       256       256
mmppix:       1.0000   -1.0000   -1.0000
center:     128.0000 -129.0000 -129.0000
rotation matrix determinant  1.000000
fimgreg.f
image alignment mode   1283 decimal      503 hex
parameters
    0.0000  -22.5000    0.0000    0.0000    0.0000    0.0000
eta,q 0.90539 16.56568
niter,ni,del,rscale     5    3   12.0000    1.2000
parameter  2 -0.821905 -> -0.500000 qaram    1.1500
parameter  4  2.671581 ->  0.500000 qaram    1.1500
parameters
    0.7273  -19.0500    2.1314   -3.4500    1.2175    0.3353
eta,q 0.91257 16.56267
  0.1028  0.1006  0.1034  0.0845  0.0944  0.0926
  0.0998  0.0968  0.0998  0.0873  0.0932  0.0897
  0.0961  0.0945  0.0925  0.0889  0.0906  0.0879
  0.0934  0.0924  0.0880  0.0894  0.0880  0.0874
  0.0930  0.0891  0.0895  0.0899  0.0874  0.0884
  0.0961  0.0877  0.0910  0.0928  0.0890  0.0900
  0.1003  0.0902  0.0917  0.0960  0.0920  0.0908
niter,ni,del,rscale     6    3   12.0000    1.2000
parameter  4  5.092032 ->  0.500000 qaram    1.3225
parameters
    0.7540  -17.3134    2.5298   -7.4175    0.2920    1.1571
eta,q 0.91978 16.36522
  0.0988  0.0987  0.0983  0.0789  0.0858  0.0877
  0.0956  0.0939  0.0901  0.0803  0.0834  0.0844
  0.0896  0.0903  0.0846  0.0828  0.0806  0.0816
  0.0874  0.0874  0.0857  0.0860  0.0808  0.0803
  0.0903  0.0853  0.0869  0.0890  0.0833  0.0806
  0.0945  0.0864  0.0897  0.0915  0.0861  0.0822
  0.0990  0.0922  0.0933  0.0945  0.0894  0.0846
niter,ni,del,rscale     6    3   12.0000    1.2000
parameter  4  0.790391 ->  0.500000 qaram    1.5209
parameter  5  0.595653 ->  0.500000 qaram    1.1500
parameters
    0.3819  -16.3895    2.3679  -11.9801   -3.1580    3.5248
eta,q 0.92499 16.35936
  0.0877  0.0948  0.0906  0.0780  0.0765  0.0856
  0.0871  0.0892  0.0831  0.0770  0.0757  0.0818
  0.0836  0.0833  0.0799  0.0774  0.0760  0.0781
  0.0802  0.0804  0.0803  0.0803  0.0770  0.0757
  0.0827  0.0800  0.0812  0.0841  0.0791  0.0750
  0.0866  0.0824  0.0859  0.0876  0.0824  0.0757
  0.0914  0.0902  0.0901  0.0920  0.0853  0.0771
niter,ni,del,rscale     7    3   12.0000    1.2000
parameters
   -0.1450  -15.7820    2.0564  -15.1817   -1.8942    4.4943
eta,q 0.92453 16.49157
  0.0820  0.0938  0.0886  0.0794  0.0835  0.0806
  0.0777  0.0865  0.0805  0.0778  0.0802  0.0790
  0.0764  0.0783  0.0774  0.0764  0.0778  0.0772
  0.0750  0.0754  0.0759  0.0759  0.0765  0.0757
  0.0764  0.0794  0.0798  0.0797  0.0756  0.0756
  0.0804  0.0840  0.0855  0.0875  0.0770  0.0767
  0.0845  0.0874  0.0882  0.0944  0.0800  0.0788
niter,ni,del,rscale     6    3   12.0000    1.2000
parameters
   -0.2305  -15.5242    1.1419  -16.0342   -1.9287    4.4876
eta,q 0.92332 16.48934
  0.0853  0.0907  0.0857  0.0814  0.0821  0.0802
  0.0810  0.0832  0.0793  0.0785  0.0789  0.0790
  0.0787  0.0777  0.0777  0.0770  0.0781  0.0776
  0.0755  0.0755  0.0756  0.0765  0.0767  0.0767
  0.0771  0.0788  0.0792  0.0767  0.0767  0.0772
  0.0814  0.0842  0.0867  0.0795  0.0794  0.0788
  0.0865  0.0868  0.0919  0.0848  0.0824  0.0805
niter,ni,del,rscale     5    3   12.0000    1.2000
parameters
    0.0872  -15.7619    0.7471  -16.0853   -2.0232    4.4506
eta,q 0.92312 16.52254
  0.0884  0.0871  0.0877  0.0813  0.0821  0.0800
  0.0836  0.0812  0.0801  0.0790  0.0788  0.0789
  0.0802  0.0776  0.0776  0.0772  0.0783  0.0776
  0.0767  0.0764  0.0764  0.0768  0.0768  0.0769
  0.0776  0.0794  0.0769  0.0762  0.0770  0.0772
  0.0818  0.0841  0.0838  0.0782  0.0796  0.0787
  0.0870  0.0866  0.0909  0.0824  0.0824  0.0804
niter,ni,del,rscale     4    3   12.0000    1.2000
parameters
    0.2959  -15.9291    0.6229  -16.0404   -2.0983    4.4734
eta,q 0.92313 16.54749
  0.0891  0.0869  0.0888  0.0812  0.0822  0.0798
  0.0838  0.0809  0.0811  0.0789  0.0788  0.0788
  0.0802  0.0777  0.0777  0.0773  0.0783  0.0776
  0.0769  0.0767  0.0767  0.0768  0.0768  0.0769
  0.0784  0.0793  0.0763  0.0760  0.0771  0.0771
  0.0827  0.0837  0.0824  0.0779  0.0797  0.0784
  0.0881  0.0859  0.0901  0.0821  0.0824  0.0802
niter,ni,del,rscale     3    3   12.0000    1.2000
parameters
    0.3904  -15.9963    0.5983  -16.0395   -2.1648    4.5067
eta,q 0.92313 16.55973
  0.0891  0.0873  0.0892  0.0811  0.0823  0.0798
  0.0835  0.0810  0.0815  0.0789  0.0789  0.0787
  0.0799  0.0778  0.0778  0.0773  0.0783  0.0776
  0.0769  0.0768  0.0768  0.0768  0.0768  0.0769
  0.0788  0.0791  0.0761  0.0759  0.0771  0.0770
  0.0831  0.0835  0.0820  0.0779  0.0798  0.0784
  0.0886  0.0857  0.0898  0.0823  0.0824  0.0801
niter,ni,del,rscale     2    3   12.0000    1.2000
parameters
    0.4317  -16.0274    0.5843  -16.0318   -2.1900    4.5271
eta,q 0.92314 16.56451
  0.0889  0.0874  0.0893  0.0812  0.0824  0.0797
  0.0834  0.0811  0.0816  0.0789  0.0789  0.0787
  0.0798  0.0778  0.0778  0.0773  0.0783  0.0776
  0.0769  0.0768  0.0768  0.0768  0.0768  0.0769
  0.0789  0.0790  0.0761  0.0759  0.0771  0.0770
  0.0832  0.0835  0.0819  0.0778  0.0798  0.0784
  0.0888  0.0857  0.0898  0.0823  0.0824  0.0801
registration optimization eta report
parameter search radius
    6.0000    6.9000    6.0000    9.1253    6.9000    6.0000
100000*second partial in parameter space
       31.       20.       38.        6.       11.        8.
  0.0889  0.0874  0.0893  0.0812  0.0824  0.0797
  0.0834  0.0811  0.0816  0.0789  0.0789  0.0787
  0.0798  0.0778  0.0778  0.0773  0.0783  0.0776
  0.0769  0.0768  0.0768  0.0768  0.0768  0.0769
  0.0789  0.0790  0.0761  0.0759  0.0771  0.0770
  0.0832  0.0835  0.0819  0.0778  0.0798  0.0784
  0.0888  0.0857  0.0898  0.0823  0.0824  0.0801
    0.4317  -16.0274    0.5843  -16.0318   -2.1900    4.5271
eta,q 0.92314 16.56451

---------------------------------------------------------------------
imgreg_4dfp /usr/local/freesurfer/average/711-2C_as_mni_average_305 /usr/local/freesurfer/average/711-2B_as_mni_average_305_mask talsrcimg_g11 none talsrcimg_to_711-2C_as_mni_average_305_t4 3335
---------------------------------------------------------------------

freesurfer imgreg_4dfp.c
/usr/local/freesurfer/average/711-2C_as_mni_average_305.4dfp.img
       256       256       256         1
  1.000000  1.000000  1.000000
orientation T byte_order littleendian
Reading image: /usr/local/freesurfer/average/711-2C_as_mni_average_305.4dfp.img
dimensions:      256       256       256
mmppix:       1.0000   -1.0000   -1.0000
center:     128.0000 -129.0000 -129.0000
/usr/local/freesurfer/average/711-2B_as_mni_average_305_mask.4dfp.img
       256       256       256         1
  1.000000  1.000000  1.000000
orientation T byte_order littleendian
Reading mask: /usr/local/freesurfer/average/711-2B_as_mni_average_305_mask.4dfp.img (2306576 pixels)
talsrcimg_g11.4dfp.img
       256       256       256         1
  1.000000  1.000000  1.000000
orientation T byte_order littleendian
Reading image: talsrcimg_g11.4dfp.img
dimensions:      256       256       256
mmppix:       1.0000   -1.0000   -1.0000
center:     128.0000 -129.0000 -129.0000
fimgreg.f
image alignment mode   3335 decimal      D07 hex
parameters
    0.4317  -16.0274    0.5843   -0.3848   -4.2723   -3.9593
   -8.6382    1.4814    7.8874   27.8208   -3.8214  -27.5969
eta,q 0.92676 16.59945
niter,ni,del,rscale     5    3    5.0000    1.2000
parameter  4  2.187190 ->  0.500000 qaram    1.1500
parameter  5  1.399689 ->  0.500000 qaram    1.1500
parameter  6  1.237972 ->  0.500000 qaram    1.1500
parameter  8 -2.107663 -> -0.500000 qaram    1.1500
parameter  9  0.841822 ->  0.500000 qaram    1.1500
parameter 11 -0.594650 -> -0.500000 qaram    1.1500
parameter 12 -0.566674 -> -0.500000 qaram    1.1500
parameters
    1.3888  -15.0385    0.6933   -4.5248   -8.4123   -8.0993
   -8.6763    5.6214    3.7474   24.8298    0.3186  -23.4569
eta,q 0.95108 16.47021
  0.0764  0.0769  0.0758  0.0643  0.0581  0.0547  0.0589  0.0635  0.0512  0.0517  0.0546  0.0570
  0.0752  0.0751  0.0739  0.0664  0.0602  0.0560  0.0575  0.0613  0.0511  0.0508  0.0532  0.0534
  0.0741  0.0737  0.0726  0.0691  0.0630  0.0579  0.0566  0.0589  0.0514  0.0506  0.0518  0.0511
  0.0732  0.0727  0.0723  0.0723  0.0671  0.0609  0.0564  0.0564  0.0521  0.0512  0.0506  0.0497
  0.0728  0.0723  0.0728  0.0767  0.0728  0.0662  0.0567  0.0537  0.0531  0.0525  0.0499  0.0491
  0.0729  0.0725  0.0738  0.0817  0.0798  0.0719  0.0576  0.0518  0.0545  0.0546  0.0498  0.0489
  0.0738  0.0732  0.0749  0.0857  0.0868  0.0771  0.0589  0.0519  0.0560  0.0576  0.0505  0.0490
niter,ni,del,rscale     7    3    5.0000    1.2000
parameter  2 -1.406482 -> -0.500000 qaram    1.1500
parameter  3  0.550527 ->  0.500000 qaram    1.1500
parameter  4  1.072233 ->  0.500000 qaram    1.3225
parameter  5  0.694485 ->  0.500000 qaram    1.3225
parameter  7 -0.520337 -> -0.500000 qaram    1.1500
parameters
    0.4546  -13.6585   -0.6867   -9.2858  -13.1733  -11.3206
   -4.5363    5.7578    3.1259   26.8239   -3.5023  -25.2191
eta,q 0.96340 16.12464
  0.0498  0.0546  0.0460  0.0395  0.0371  0.0386  0.0434  0.0439  0.0391  0.0400  0.0370  0.0376
  0.0486  0.0522  0.0453  0.0397  0.0372  0.0382  0.0412  0.0401  0.0380  0.0388  0.0367  0.0369
  0.0483  0.0501  0.0454  0.0412  0.0381  0.0379  0.0393  0.0381  0.0373  0.0378  0.0368  0.0366
  0.0489  0.0483  0.0461  0.0452  0.0399  0.0374  0.0380  0.0372  0.0372  0.0372  0.0370  0.0367
  0.0504  0.0469  0.0473  0.0512  0.0431  0.0395  0.0373  0.0374  0.0376  0.0370  0.0374  0.0371
  0.0526  0.0459  0.0487  0.0575  0.0483  0.0466  0.0373  0.0396  0.0385  0.0373  0.0381  0.0378
  0.0554  0.0453  0.0505  0.0629  0.0552  0.0555  0.0380  0.0438  0.0398  0.0381  0.0392  0.0387
niter,ni,del,rscale     7    3    5.0000    1.2000
parameter  2 -1.468307 -> -0.500000 qaram    1.3225
parameter  3  1.542026 ->  0.500000 qaram    1.3225
parameter 12  1.009441 ->  0.500000 qaram    1.3225
parameters
   -0.5198  -12.0715   -2.2737  -12.2559  -16.8123  -13.6330
   -4.1554    5.3826    3.7182   29.8474   -5.8914  -29.9801
eta,q 0.97014 15.80013
  0.0372  0.0442  0.0304  0.0338  0.0323  0.0323  0.0350  0.0354  0.0342  0.0347  0.0310  0.0299
  0.0363  0.0412  0.0309  0.0325  0.0314  0.0316  0.0331  0.0327  0.0328  0.0332  0.0308  0.0298
  0.0361  0.0384  0.0319  0.0316  0.0310  0.0313  0.0318  0.0315  0.0317  0.0320  0.0308  0.0302
  0.0366  0.0360  0.0331  0.0311  0.0316  0.0310  0.0313  0.0313  0.0312  0.0312  0.0308  0.0308
  0.0379  0.0341  0.0346  0.0332  0.0331  0.0309  0.0316  0.0317  0.0314  0.0309  0.0309  0.0315
  0.0398  0.0328  0.0364  0.0386  0.0368  0.0341  0.0327  0.0331  0.0322  0.0309  0.0312  0.0324
  0.0425  0.0321  0.0384  0.0459  0.0436  0.0415  0.0343  0.0364  0.0335  0.0316  0.0315  0.0334
niter,ni,del,rscale     7    3    5.0000    1.2000
parameter  2 -0.666015 -> -0.500000 qaram    1.5209
parameter  3  0.608458 ->  0.500000 qaram    1.5209
parameter 12  0.513084 ->  0.500000 qaram    1.5209
parameters
   -0.6771  -10.2465   -4.0987  -13.2088  -19.5278  -15.7988
   -5.0002    5.6191    3.1504   31.5514   -5.2697  -35.4552
eta,q 0.97363 15.55603
  0.0325  0.0387  0.0277  0.0312  0.0295  0.0297  0.0304  0.0327  0.0299  0.0306  0.0281  0.0275
  0.0310  0.0351  0.0271  0.0294  0.0281  0.0284  0.0286  0.0294  0.0285  0.0291  0.0275  0.0264
  0.0301  0.0321  0.0273  0.0281  0.0272  0.0276  0.0275  0.0277  0.0276  0.0280  0.0273  0.0265
  0.0299  0.0299  0.0281  0.0271  0.0274  0.0272  0.0274  0.0274  0.0274  0.0274  0.0272  0.0273
  0.0303  0.0285  0.0294  0.0271  0.0286  0.0279  0.0282  0.0279  0.0279  0.0273  0.0273  0.0284
  0.0315  0.0281  0.0311  0.0298  0.0318  0.0322  0.0297  0.0293  0.0291  0.0277  0.0275  0.0297
  0.0334  0.0287  0.0331  0.0350  0.0388  0.0385  0.0317  0.0318  0.0307  0.0285  0.0277  0.0310
niter,ni,del,rscale     7    3    5.0000    1.2000
parameters
   -0.7004  -10.1031   -4.4992  -12.8690  -21.3794  -17.0481
   -5.2545    5.5687    3.1181   32.6716   -4.4971  -34.1302
eta,q 0.97336 15.44885
  0.0296  0.0328  0.0299  0.0311  0.0294  0.0305  0.0302  0.0317  0.0296  0.0296  0.0280  0.0344
  0.0279  0.0295  0.0274  0.0290  0.0276  0.0286  0.0282  0.0285  0.0279  0.0280  0.0270  0.0285
  0.0268  0.0272  0.0264  0.0274  0.0264  0.0271  0.0269  0.0268  0.0268  0.0270  0.0265  0.0266
  0.0264  0.0264  0.0264  0.0262  0.0262  0.0262  0.0265  0.0265  0.0265  0.0265  0.0264  0.0265
  0.0267  0.0270  0.0274  0.0257  0.0270  0.0265  0.0271  0.0272  0.0269  0.0265  0.0266  0.0272
  0.0279  0.0288  0.0291  0.0273  0.0296  0.0301  0.0286  0.0287  0.0280  0.0271  0.0269  0.0284
  0.0298  0.0318  0.0314  0.0316  0.0358  0.0366  0.0307  0.0317  0.0296  0.0281  0.0273  0.0299
niter,ni,del,rscale     6    3    5.0000    1.2000
parameters
   -0.5730   -9.8161   -5.4618  -12.5205  -21.2648  -17.8099
   -5.4505    5.6418    3.1014   33.7871   -4.2795  -33.8220
eta,q 0.97353 15.44531
  0.0301  0.0329  0.0281  0.0309  0.0304  0.0303  0.0302  0.0318  0.0293  0.0290  0.0273  0.0321
  0.0283  0.0297  0.0268  0.0290  0.0286  0.0286  0.0282  0.0285  0.0278  0.0277  0.0266  0.0274
  0.0271  0.0275  0.0264  0.0274  0.0271  0.0272  0.0268  0.0268  0.0268  0.0268  0.0264  0.0262
  0.0266  0.0266  0.0266  0.0263  0.0262  0.0262  0.0264  0.0264  0.0264  0.0264  0.0264  0.0264
  0.0268  0.0270  0.0275  0.0257  0.0263  0.0259  0.0270  0.0270  0.0268  0.0265  0.0265  0.0273
  0.0278  0.0286  0.0291  0.0273  0.0276  0.0283  0.0285  0.0284  0.0278  0.0269  0.0267  0.0286
  0.0295  0.0311  0.0311  0.0315  0.0310  0.0347  0.0305  0.0315  0.0292  0.0278  0.0271  0.0301
niter,ni,del,rscale     5    3    5.0000    1.2000
parameters
   -0.5604   -9.6570   -5.9900  -12.5904  -21.6097  -18.2943
   -5.5392    5.6620    3.1267   34.7517   -4.3711  -33.8894
eta,q 0.97347 15.42268
  0.0296  0.0321  0.0285  0.0307  0.0300  0.0302  0.0303  0.0317  0.0293  0.0288  0.0272  0.0313
  0.0279  0.0292  0.0271  0.0288  0.0285  0.0287  0.0283  0.0285  0.0279  0.0276  0.0266  0.0272
  0.0269  0.0272  0.0265  0.0274  0.0271  0.0274  0.0270  0.0270  0.0269  0.0269  0.0265  0.0263
  0.0265  0.0265  0.0265  0.0264  0.0264  0.0264  0.0266  0.0266  0.0266  0.0266  0.0265  0.0265
  0.0268  0.0270  0.0271  0.0258  0.0267  0.0259  0.0271  0.0270  0.0269  0.0266  0.0267  0.0275
  0.0278  0.0286  0.0283  0.0277  0.0280  0.0276  0.0285  0.0284  0.0279  0.0270  0.0268  0.0287
  0.0296  0.0312  0.0300  0.0322  0.0314  0.0336  0.0304  0.0316  0.0292  0.0278  0.0271  0.0301
niter,ni,del,rscale     4    3    5.0000    1.2000
parameters
   -0.5544   -9.4264   -6.4511  -12.7305  -22.1931  -18.9383
   -5.6792    5.6872    3.1951   35.9032   -4.8143  -34.0526
eta,q 0.97337 15.38717
  0.0296  0.0322  0.0285  0.0306  0.0298  0.0299  0.0303  0.0317  0.0294  0.0289  0.0272  0.0309
  0.0279  0.0293  0.0272  0.0288  0.0284  0.0285  0.0284  0.0285  0.0281  0.0278  0.0267  0.0273
  0.0269  0.0274  0.0266  0.0274  0.0272  0.0274  0.0271  0.0271  0.0271  0.0271  0.0266  0.0264
  0.0265  0.0265  0.0265  0.0265  0.0265  0.0266  0.0267  0.0267  0.0267  0.0267  0.0267  0.0267
  0.0268  0.0270  0.0271  0.0259  0.0268  0.0260  0.0273  0.0271  0.0271  0.0267  0.0268  0.0275
  0.0278  0.0285  0.0282  0.0278  0.0283  0.0277  0.0286  0.0284  0.0280  0.0271  0.0270  0.0287
  0.0296  0.0309  0.0298  0.0323  0.0316  0.0336  0.0305  0.0316  0.0293  0.0279  0.0272  0.0299
niter,ni,del,rscale     3    3    5.0000    1.2000
parameters
   -0.5453   -9.0814   -7.0450  -12.9807  -23.0117  -19.9042
   -5.8610    5.7220    3.3306   37.3280   -5.3078  -34.2769
eta,q 0.97330 15.32125
  0.0296  0.0325  0.0284  0.0305  0.0297  0.0295  0.0303  0.0316  0.0296  0.0292  0.0273  0.0304
  0.0280  0.0296  0.0271  0.0287  0.0283  0.0283  0.0284  0.0286  0.0282  0.0281  0.0268  0.0273
  0.0270  0.0276  0.0266  0.0274  0.0271  0.0273  0.0272  0.0272  0.0272  0.0273  0.0267  0.0265
  0.0266  0.0266  0.0266  0.0265  0.0266  0.0266  0.0268  0.0268  0.0268  0.0268  0.0267  0.0267
  0.0269  0.0269  0.0272  0.0260  0.0270  0.0262  0.0274  0.0273  0.0272  0.0268  0.0268  0.0275
  0.0279  0.0284  0.0283  0.0279  0.0285  0.0281  0.0287  0.0285  0.0281  0.0271  0.0270  0.0286
  0.0297  0.0307  0.0299  0.0324  0.0318  0.0339  0.0305  0.0315  0.0294  0.0279  0.0273  0.0297
niter,ni,del,rscale     2    3    5.0000    1.2000
parameters
   -0.5520   -8.6521   -7.7742  -13.2309  -23.8713  -20.9949
   -5.9974    5.6994    3.4270   38.5809   -5.2903  -34.6035
eta,q 0.97332 15.23125
  0.0296  0.0330  0.0282  0.0303  0.0297  0.0292  0.0302  0.0314  0.0296  0.0293  0.0274  0.0301
  0.0280  0.0299  0.0270  0.0286  0.0282  0.0281  0.0284  0.0285  0.0282  0.0282  0.0269  0.0273
  0.0271  0.0277  0.0265  0.0273  0.0271  0.0272  0.0272  0.0271  0.0272  0.0273  0.0267  0.0266
  0.0267  0.0267  0.0266  0.0265  0.0266  0.0266  0.0268  0.0268  0.0268  0.0268  0.0267  0.0267
  0.0270  0.0269  0.0273  0.0260  0.0270  0.0263  0.0273  0.0273  0.0271  0.0268  0.0268  0.0274
  0.0280  0.0283  0.0284  0.0278  0.0286  0.0281  0.0286  0.0285  0.0281  0.0272  0.0270  0.0285
  0.0297  0.0306  0.0301  0.0321  0.0318  0.0337  0.0304  0.0314  0.0295  0.0281  0.0273  0.0296
niter,ni,del,rscale     1    3    5.0000    1.2000
parameters
   -0.5975   -8.3072   -8.3937  -13.2918  -24.4758  -21.8279
   -6.0148    5.5893    3.4518   39.4710   -5.0358  -34.8333
eta,q 0.97330 15.16900
  0.0294  0.0329  0.0283  0.0303  0.0298  0.0292  0.0303  0.0313  0.0296  0.0292  0.0275  0.0301
  0.0279  0.0298  0.0272  0.0286  0.0284  0.0280  0.0284  0.0284  0.0281  0.0280  0.0270  0.0274
  0.0270  0.0276  0.0266  0.0274  0.0272  0.0272  0.0272  0.0270  0.0271  0.0272  0.0268  0.0266
  0.0267  0.0267  0.0267  0.0266  0.0266  0.0266  0.0268  0.0268  0.0268  0.0268  0.0267  0.0267
  0.0270  0.0270  0.0272  0.0260  0.0269  0.0262  0.0273  0.0273  0.0271  0.0268  0.0268  0.0274
  0.0280  0.0285  0.0283  0.0276  0.0284  0.0275  0.0285  0.0286  0.0281  0.0273  0.0270  0.0284
  0.0297  0.0309  0.0299  0.0317  0.0315  0.0327  0.0302  0.0315  0.0295  0.0283  0.0273  0.0296
registration optimization eta report
parameter search radius
    2.4000    3.6501    3.6501    9.5220    9.5220    8.2800
    8.2800    8.2800    8.2800    7.2000    8.2800   10.9503
100000*second partial in parameter space
       50.       39.       19.        5.        4.        7.
        5.        7.        4.        4.        1.        3.
  0.0294  0.0329  0.0283  0.0303  0.0298  0.0292  0.0303  0.0313  0.0296  0.0292  0.0275  0.0301
  0.0279  0.0298  0.0272  0.0286  0.0284  0.0280  0.0284  0.0284  0.0281  0.0280  0.0270  0.0274
  0.0270  0.0276  0.0266  0.0274  0.0272  0.0272  0.0272  0.0270  0.0271  0.0272  0.0268  0.0266
  0.0267  0.0267  0.0267  0.0266  0.0266  0.0266  0.0268  0.0268  0.0268  0.0268  0.0267  0.0267
  0.0270  0.0270  0.0272  0.0260  0.0269  0.0262  0.0273  0.0273  0.0271  0.0268  0.0268  0.0274
  0.0280  0.0285  0.0283  0.0276  0.0284  0.0275  0.0285  0.0286  0.0281  0.0273  0.0270  0.0284
  0.0297  0.0309  0.0299  0.0317  0.0315  0.0327  0.0302  0.0315  0.0295  0.0283  0.0273  0.0296
   -0.5975   -8.3072   -8.3937  -13.2918  -24.4758  -21.8279
   -6.0148    5.5893    3.4518   39.4710   -5.0358  -34.8333
eta,q 0.97330 15.16900

---------------------------------------------------------------------
imgreg_4dfp /usr/local/freesurfer/average/711-2C_as_mni_average_305 /usr/local/freesurfer/average/711-2B_as_mni_average_305_mask talsrcimg_g11 none talsrcimg_to_711-2C_as_mni_average_305_t4 2311
---------------------------------------------------------------------

freesurfer imgreg_4dfp.c
/usr/local/freesurfer/average/711-2C_as_mni_average_305.4dfp.img
       256       256       256         1
  1.000000  1.000000  1.000000
orientation T byte_order littleendian
Reading image: /usr/local/freesurfer/average/711-2C_as_mni_average_305.4dfp.img
dimensions:      256       256       256
mmppix:       1.0000   -1.0000   -1.0000
center:     128.0000 -129.0000 -129.0000
/usr/local/freesurfer/average/711-2B_as_mni_average_305_mask.4dfp.img
       256       256       256         1
  1.000000  1.000000  1.000000
orientation T byte_order littleendian
Reading mask: /usr/local/freesurfer/average/711-2B_as_mni_average_305_mask.4dfp.img (2306576 pixels)
talsrcimg_g11.4dfp.img
       256       256       256         1
  1.000000  1.000000  1.000000
orientation T byte_order littleendian
Reading image: talsrcimg_g11.4dfp.img
dimensions:      256       256       256
mmppix:       1.0000   -1.0000   -1.0000
center:     128.0000 -129.0000 -129.0000
fimgreg.f
image alignment mode   2311 decimal      907 hex
parameters
   -0.5975   -8.3072   -8.3937  -13.2918  -24.4758  -21.8279
   -6.0148    5.5893    3.4518   39.4710   -5.0358  -34.8333
eta,q 0.97330 15.16900
niter,ni,del,rscale     5    3    5.0000    0.8000
parameter  4 -0.802108 -> -0.500000 qaram    1.1500
parameters
   -0.6331   -8.1716   -8.7748  -10.5318  -24.2394  -19.9724
   -6.2761    6.0230    3.7606   41.7307   -4.4380  -35.6374
eta,q 0.97469 15.51561
  0.0279  0.0280  0.0269  0.0280  0.0273  0.0275  0.0272  0.0293  0.0270  0.0277  0.0265  0.0259
  0.0272  0.0273  0.0268  0.0275  0.0267  0.0269  0.0264  0.0275  0.0263  0.0269  0.0259  0.0255
  0.0268  0.0269  0.0267  0.0270  0.0263  0.0264  0.0259  0.0263  0.0259  0.0262  0.0255  0.0253
  0.0267  0.0267  0.0267  0.0267  0.0261  0.0261  0.0258  0.0257  0.0257  0.0257  0.0254  0.0254
  0.0268  0.0268  0.0268  0.0263  0.0261  0.0258  0.0260  0.0258  0.0258  0.0254  0.0254  0.0256
  0.0273  0.0271  0.0271  0.0260  0.0265  0.0257  0.0266  0.0267  0.0261  0.0254  0.0256  0.0259
  0.0280  0.0276  0.0274  0.0264  0.0271  0.0264  0.0276  0.0283  0.0267  0.0258  0.0260  0.0263
niter,ni,del,rscale     5    3    5.0000    0.8000
parameters
   -0.6484   -8.2992   -8.5895  -11.5786  -24.7423  -19.8795
   -6.0162    5.7364    3.8122   41.3481   -3.9600  -36.2748
eta,q 0.97452 15.44935
  0.0273  0.0264  0.0263  0.0271  0.0265  0.0273  0.0271  0.0279  0.0266  0.0266  0.0262  0.0260
  0.0262  0.0257  0.0257  0.0264  0.0260  0.0267  0.0263  0.0265  0.0260  0.0260  0.0258  0.0257
  0.0255  0.0254  0.0254  0.0258  0.0256  0.0261  0.0257  0.0257  0.0256  0.0257  0.0256  0.0255
  0.0253  0.0253  0.0253  0.0253  0.0255  0.0255  0.0255  0.0255  0.0255  0.0255  0.0255  0.0255
  0.0255  0.0255  0.0254  0.0257  0.0257  0.0251  0.0256  0.0258  0.0256  0.0256  0.0256  0.0257
  0.0262  0.0260  0.0256  0.0275  0.0263  0.0258  0.0260  0.0269  0.0260  0.0261  0.0257  0.0260
  0.0274  0.0267  0.0259  0.0304  0.0271  0.0279  0.0268  0.0288  0.0266  0.0273  0.0259  0.0264
niter,ni,del,rscale     4    3    5.0000    0.7000
parameters
   -0.7134   -8.3310   -8.7730  -11.5721  -24.7046  -19.9683
   -5.9880    5.6338    3.8033   41.5821   -3.8049  -36.3429
eta,q 0.97453 15.45290
  0.0266  0.0263  0.0258  0.0272  0.0264  0.0268  0.0267  0.0275  0.0264  0.0266  0.0260  0.0261
  0.0260  0.0258  0.0256  0.0266  0.0259  0.0264  0.0260  0.0264  0.0259  0.0261  0.0257  0.0257
  0.0256  0.0256  0.0255  0.0260  0.0256  0.0259  0.0256  0.0257  0.0256  0.0257  0.0255  0.0255
  0.0255  0.0255  0.0255  0.0255  0.0255  0.0255  0.0255  0.0255  0.0255  0.0255  0.0255  0.0255
  0.0256  0.0256  0.0256  0.0253  0.0255  0.0252  0.0256  0.0257  0.0256  0.0255  0.0255  0.0256
  0.0261  0.0259  0.0258  0.0260  0.0259  0.0258  0.0260  0.0264  0.0259  0.0258  0.0257  0.0258
  0.0269  0.0264  0.0260  0.0278  0.0264  0.0277  0.0267  0.0279  0.0264  0.0265  0.0259  0.0261
niter,ni,del,rscale     3    3    5.0000    0.6000
parameters
   -0.7347   -8.3048   -8.8531  -11.2944  -24.8260  -19.8272
   -5.9904    5.5974    3.7756   41.8005   -3.7727  -36.3018
eta,q 0.97466 15.46860
  0.0264  0.0262  0.0258  0.0269  0.0261  0.0266  0.0263  0.0271  0.0260  0.0263  0.0258  0.0258
  0.0259  0.0258  0.0256  0.0264  0.0257  0.0262  0.0258  0.0262  0.0257  0.0258  0.0255  0.0255
  0.0256  0.0256  0.0255  0.0259  0.0255  0.0258  0.0255  0.0256  0.0254  0.0255  0.0254  0.0254
  0.0255  0.0255  0.0255  0.0255  0.0254  0.0254  0.0254  0.0254  0.0254  0.0254  0.0253  0.0253
  0.0256  0.0255  0.0255  0.0253  0.0255  0.0251  0.0254  0.0255  0.0254  0.0253  0.0254  0.0254
  0.0259  0.0258  0.0257  0.0257  0.0257  0.0256  0.0258  0.0262  0.0257  0.0256  0.0255  0.0255
  0.0265  0.0261  0.0259  0.0270  0.0262  0.0269  0.0263  0.0273  0.0261  0.0262  0.0257  0.0258
niter,ni,del,rscale     2    3    5.0000    0.5000
parameters
   -0.7316   -8.2894   -8.7892  -11.0241  -24.9141  -19.4994
   -6.0056    5.6060    3.7299   41.9040   -3.7830  -36.1561
eta,q 0.97481 15.48982
  0.0261  0.0258  0.0257  0.0265  0.0258  0.0263  0.0258  0.0266  0.0257  0.0259  0.0255  0.0256
  0.0257  0.0256  0.0255  0.0261  0.0255  0.0260  0.0255  0.0259  0.0254  0.0256  0.0253  0.0253
  0.0254  0.0254  0.0254  0.0257  0.0253  0.0256  0.0253  0.0254  0.0252  0.0253  0.0252  0.0252
  0.0253  0.0253  0.0253  0.0253  0.0253  0.0253  0.0252  0.0252  0.0252  0.0252  0.0252  0.0252
  0.0254  0.0254  0.0254  0.0252  0.0254  0.0251  0.0253  0.0253  0.0253  0.0252  0.0252  0.0252
  0.0257  0.0255  0.0254  0.0256  0.0255  0.0253  0.0255  0.0258  0.0254  0.0254  0.0254  0.0253
  0.0260  0.0258  0.0256  0.0265  0.0258  0.0262  0.0259  0.0267  0.0257  0.0259  0.0255  0.0255
niter,ni,del,rscale     1    3    5.0000    0.4000
parameters
   -0.7195   -8.2858   -8.6380  -10.8077  -24.9328  -19.0901
   -6.0168    5.6353    3.6719   41.8837   -3.7922  -36.0065
eta,q 0.97495 15.51213
  0.0257  0.0255  0.0255  0.0261  0.0255  0.0260  0.0255  0.0261  0.0254  0.0255  0.0253  0.0253
  0.0254  0.0253  0.0253  0.0257  0.0253  0.0257  0.0253  0.0256  0.0252  0.0253  0.0252  0.0252
  0.0252  0.0252  0.0252  0.0254  0.0252  0.0254  0.0251  0.0252  0.0251  0.0251  0.0251  0.0251
  0.0252  0.0252  0.0252  0.0252  0.0252  0.0252  0.0251  0.0251  0.0251  0.0251  0.0251  0.0251
  0.0252  0.0252  0.0252  0.0251  0.0252  0.0250  0.0251  0.0252  0.0251  0.0251  0.0251  0.0251
  0.0254  0.0253  0.0252  0.0254  0.0253  0.0252  0.0252  0.0255  0.0252  0.0253  0.0252  0.0251
  0.0257  0.0255  0.0253  0.0260  0.0255  0.0257  0.0255  0.0261  0.0254  0.0256  0.0253  0.0252
registration optimization eta report
parameter search radius
    0.8000    0.8000    0.8000    2.7600    2.4000    2.4000
    2.4000    2.4000    2.4000    2.4000    2.4000    2.4000
100000*second partial in parameter space
       77.       49.       32.       11.        6.       13.
        8.       18.        6.        9.        4.        4.
  0.0257  0.0255  0.0255  0.0261  0.0255  0.0260  0.0255  0.0261  0.0254  0.0255  0.0253  0.0253
  0.0254  0.0253  0.0253  0.0257  0.0253  0.0257  0.0253  0.0256  0.0252  0.0253  0.0252  0.0252
  0.0252  0.0252  0.0252  0.0254  0.0252  0.0254  0.0251  0.0252  0.0251  0.0251  0.0251  0.0251
  0.0252  0.0252  0.0252  0.0252  0.0252  0.0252  0.0251  0.0251  0.0251  0.0251  0.0251  0.0251
  0.0252  0.0252  0.0252  0.0251  0.0252  0.0250  0.0251  0.0252  0.0251  0.0251  0.0251  0.0251
  0.0254  0.0253  0.0252  0.0254  0.0253  0.0252  0.0252  0.0255  0.0252  0.0253  0.0252  0.0251
  0.0257  0.0255  0.0253  0.0260  0.0255  0.0257  0.0255  0.0261  0.0254  0.0256  0.0253  0.0252
   -0.7195   -8.2858   -8.6380  -10.8077  -24.9328  -19.0901
   -6.0168    5.6353    3.6719   41.8837   -3.7922  -36.0065
eta,q 0.97495 15.51213

---------------------------------------------------------------------
imgreg_4dfp /usr/local/freesurfer/average/711-2C_as_mni_average_305 /usr/local/freesurfer/average/711-2B_as_mni_average_305_mask talsrcimg_g11 none talsrcimg_to_711-2C_as_mni_average_305_t4 2311
---------------------------------------------------------------------

freesurfer imgreg_4dfp.c
/usr/local/freesurfer/average/711-2C_as_mni_average_305.4dfp.img
       256       256       256         1
  1.000000  1.000000  1.000000
orientation T byte_order littleendian
Reading image: /usr/local/freesurfer/average/711-2C_as_mni_average_305.4dfp.img
dimensions:      256       256       256
mmppix:       1.0000   -1.0000   -1.0000
center:     128.0000 -129.0000 -129.0000
/usr/local/freesurfer/average/711-2B_as_mni_average_305_mask.4dfp.img
       256       256       256         1
  1.000000  1.000000  1.000000
orientation T byte_order littleendian
Reading mask: /usr/local/freesurfer/average/711-2B_as_mni_average_305_mask.4dfp.img (2306576 pixels)
talsrcimg_g11.4dfp.img
       256       256       256         1
  1.000000  1.000000  1.000000
orientation T byte_order littleendian
Reading image: talsrcimg_g11.4dfp.img
dimensions:      256       256       256
mmppix:       1.0000   -1.0000   -1.0000
center:     128.0000 -129.0000 -129.0000
fimgreg.f
image alignment mode   2311 decimal      907 hex
parameters
   -0.7195   -8.2858   -8.6380  -10.8077  -24.9328  -19.0901
   -6.0168    5.6353    3.6719   41.8837   -3.7922  -36.0065
eta,q 0.97495 15.51212
niter,ni,del,rscale     5    3    5.0000    0.8000
parameters
   -0.7102   -8.2714   -8.3292  -11.4361  -24.8943  -19.5883
   -5.8646    5.5233    3.7938   41.4291   -3.7558  -36.3125
eta,q 0.97461 15.47181
  0.0271  0.0264  0.0264  0.0267  0.0264  0.0270  0.0270  0.0281  0.0266  0.0265  0.0260  0.0261
  0.0260  0.0256  0.0257  0.0261  0.0258  0.0264  0.0261  0.0266  0.0259  0.0259  0.0256  0.0256
  0.0253  0.0252  0.0252  0.0255  0.0254  0.0258  0.0256  0.0257  0.0255  0.0255  0.0254  0.0254
  0.0251  0.0251  0.0251  0.0250  0.0252  0.0252  0.0254  0.0254  0.0254  0.0254  0.0254  0.0254
  0.0253  0.0252  0.0251  0.0252  0.0253  0.0251  0.0255  0.0256  0.0255  0.0255  0.0255  0.0255
  0.0260  0.0256  0.0253  0.0265  0.0257  0.0264  0.0260  0.0266  0.0259  0.0261  0.0257  0.0258
  0.0271  0.0263  0.0256  0.0287  0.0264  0.0292  0.0268  0.0285  0.0265  0.0273  0.0259  0.0262
niter,ni,del,rscale     4    3    5.0000    0.7000
parameters
   -0.7528   -8.3352   -8.6656  -11.3051  -24.7808  -19.8848
   -5.9204    5.5286    3.7940   41.5608   -3.7635  -36.3114
eta,q 0.97461 15.46749
  0.0266  0.0262  0.0256  0.0268  0.0263  0.0267  0.0266  0.0277  0.0263  0.0265  0.0259  0.0260
  0.0259  0.0257  0.0254  0.0263  0.0258  0.0263  0.0259  0.0265  0.0258  0.0260  0.0256  0.0256
  0.0255  0.0254  0.0253  0.0258  0.0255  0.0258  0.0255  0.0257  0.0255  0.0256  0.0254  0.0254
  0.0254  0.0254  0.0254  0.0253  0.0253  0.0253  0.0254  0.0254  0.0254  0.0254  0.0254  0.0254
  0.0255  0.0255  0.0255  0.0252  0.0254  0.0251  0.0255  0.0256  0.0255  0.0254  0.0255  0.0255
  0.0260  0.0258  0.0258  0.0257  0.0257  0.0260  0.0260  0.0263  0.0258  0.0257  0.0256  0.0257
  0.0268  0.0263  0.0261  0.0271  0.0262  0.0281  0.0267  0.0278  0.0263  0.0265  0.0259  0.0260
niter,ni,del,rscale     3    3    5.0000    0.6000
parameters
   -0.7557   -8.3237   -8.7778  -11.0461  -24.8366  -19.8056
   -5.9601    5.5481    3.7609   41.7478   -3.7750  -36.2185
eta,q 0.97471 15.48008
  0.0264  0.0261  0.0257  0.0266  0.0260  0.0265  0.0262  0.0272  0.0260  0.0262  0.0257  0.0258
  0.0258  0.0257  0.0255  0.0262  0.0257  0.0261  0.0257  0.0262  0.0256  0.0258  0.0255  0.0255
  0.0255  0.0255  0.0254  0.0257  0.0254  0.0257  0.0254  0.0256  0.0254  0.0255  0.0253  0.0253
  0.0254  0.0254  0.0254  0.0254  0.0253  0.0253  0.0253  0.0253  0.0253  0.0253  0.0253  0.0253
  0.0255  0.0255  0.0255  0.0253  0.0254  0.0251  0.0254  0.0255  0.0254  0.0253  0.0254  0.0253
  0.0258  0.0257  0.0256  0.0256  0.0257  0.0255  0.0257  0.0261  0.0256  0.0256  0.0255  0.0255
  0.0264  0.0260  0.0258  0.0266  0.0261  0.0269  0.0263  0.0272  0.0260  0.0261  0.0257  0.0257
niter,ni,del,rscale     2    3    5.0000    0.5000
parameters
   -0.7436   -8.3096   -8.7402  -10.8338  -24.8965  -19.4895
   -5.9858    5.5825    3.7088   41.8329   -3.8008  -36.0969
eta,q 0.97484 15.49792
  0.0260  0.0258  0.0256  0.0263  0.0258  0.0263  0.0258  0.0267  0.0257  0.0258  0.0255  0.0255
  0.0256  0.0255  0.0254  0.0259  0.0255  0.0259  0.0255  0.0259  0.0254  0.0255  0.0253  0.0253
  0.0254  0.0253  0.0253  0.0256  0.0253  0.0256  0.0252  0.0254  0.0252  0.0253  0.0252  0.0252
  0.0253  0.0253  0.0253  0.0253  0.0253  0.0253  0.0252  0.0252  0.0252  0.0252  0.0252  0.0252
  0.0254  0.0253  0.0253  0.0252  0.0253  0.0251  0.0252  0.0253  0.0252  0.0252  0.0252  0.0252
  0.0256  0.0255  0.0254  0.0255  0.0255  0.0253  0.0255  0.0258  0.0254  0.0254  0.0253  0.0253
  0.0260  0.0258  0.0255  0.0262  0.0258  0.0262  0.0259  0.0267  0.0257  0.0259  0.0255  0.0255
niter,ni,del,rscale     1    3    5.0000    0.4000
parameters
   -0.7237   -8.3080   -8.5883  -10.6713  -24.9136  -19.0502
   -6.0033    5.6308    3.6452   41.8171   -3.8034  -35.9690
eta,q 0.97497 15.51937
  0.0257  0.0255  0.0255  0.0259  0.0255  0.0260  0.0255  0.0261  0.0253  0.0255  0.0253  0.0253
  0.0254  0.0253  0.0253  0.0256  0.0253  0.0257  0.0252  0.0256  0.0252  0.0253  0.0251  0.0251
  0.0252  0.0252  0.0252  0.0253  0.0252  0.0254  0.0251  0.0252  0.0251  0.0251  0.0251  0.0251
  0.0252  0.0252  0.0252  0.0252  0.0251  0.0251  0.0250  0.0250  0.0250  0.0250  0.0250  0.0250
  0.0252  0.0252  0.0252  0.0251  0.0252  0.0250  0.0251  0.0251  0.0251  0.0251  0.0251  0.0251
  0.0254  0.0253  0.0252  0.0253  0.0253  0.0251  0.0252  0.0255  0.0252  0.0252  0.0252  0.0251
  0.0256  0.0255  0.0253  0.0258  0.0255  0.0257  0.0255  0.0261  0.0254  0.0256  0.0253  0.0252
registration optimization eta report
parameter search radius
    0.8000    0.8000    0.8000    2.4000    2.4000    2.4000
    2.4000    2.4000    2.4000    2.4000    2.4000    2.4000
100000*second partial in parameter space
       79.       50.       33.       12.        6.       12.
        8.       19.        6.        9.        5.        4.
  0.0257  0.0255  0.0255  0.0259  0.0255  0.0260  0.0255  0.0261  0.0253  0.0255  0.0253  0.0253
  0.0254  0.0253  0.0253  0.0256  0.0253  0.0257  0.0252  0.0256  0.0252  0.0253  0.0251  0.0251
  0.0252  0.0252  0.0252  0.0253  0.0252  0.0254  0.0251  0.0252  0.0251  0.0251  0.0251  0.0251
  0.0252  0.0252  0.0252  0.0252  0.0251  0.0251  0.0250  0.0250  0.0250  0.0250  0.0250  0.0250
  0.0252  0.0252  0.0252  0.0251  0.0252  0.0250  0.0251  0.0251  0.0251  0.0251  0.0251  0.0251
  0.0254  0.0253  0.0252  0.0253  0.0253  0.0251  0.0252  0.0255  0.0252  0.0252  0.0252  0.0251
  0.0256  0.0255  0.0253  0.0258  0.0255  0.0257  0.0255  0.0261  0.0254  0.0256  0.0253  0.0252
   -0.7237   -8.3080   -8.5883  -10.6713  -24.9136  -19.0502
   -6.0033    5.6308    3.6452   41.8171   -3.8034  -35.9690
eta,q 0.97497 15.51937

---------------------------------------------------------------------
compute_vox2vox talsrcimg talsrcimg_to_711-2C_as_mni_average_305_t4 /usr/local/freesurfer/average/711-2C_as_mni_average_305
---------------------------------------------------------------------

freesurfer compute_vox2vox.c
Reading: talsrcimg.4dfp.ifh
Reading: talsrcimg_to_711-2C_as_mni_average_305_t4
Reading: /usr/local/freesurfer/average/711-2C_as_mni_average_305.4dfp.ifh
Writing: talsrcimg_to_711-2C_as_mni_average_305_t4_vox2vox.txt

start time Tue Jun 3 11:17:33 UTC 2025
end		time Tue Jun 3 11:17:52 UTC 2025

mpr2mni305 success

avi2talxfm orig_nu.mgz /usr/local/freesurfer/average/mni305.cor.mgz talsrcimg_to_711-2C_as_mni_average_305_t4_vox2vox.txt transforms/talairach.auto.xfm
avi2talxfm done
mv -f /home/freesurfer/subjects/sub-034/mri/talsrcimg_to_711-2C_as_mni_average_305_t4_vox2vox.txt /home/freesurfer/subjects/sub-034/mri/transforms/talsrcimg_to_711-2C_as_mni_average_305_t4_vox2vox.txt
lta_convert --src orig_nu.mgz --trg /usr/local/freesurfer/average/mni305.cor.mgz --inxfm transforms/talairach.auto.xfm --outlta transforms/talairach.auto.xfm.lta --subject fsaverage
7.4.1

--src: orig_nu.mgz src image (geometry).
--trg: /usr/local/freesurfer/average/mni305.cor.mgz trg image (geometry).
--inmni: transforms/talairach.auto.xfm input MNI/XFM transform.
--outlta: transforms/talairach.auto.xfm.lta output LTA.
--s: fsaverage subject name
 LTA read, type : 1
 1.11355  -0.09896   0.04163   1.32524;
 0.02269   0.98826   0.47523  -25.27734;
-0.06669  -0.54558   1.06511  -16.93333;
 0.00000   0.00000   0.00000   1.00000;
setting subject to fsaverage
Writing  LTA to file transforms/talairach.auto.xfm.lta...
lta_convert successful.
 
 
Started at Tue Jun 3 11:17:33 UTC 2025
Ended   at Tue Jun  3 11:17:53 UTC 2025
talairach_avi done
