/home/freesurfer/subjects/sub-044/mri
/usr/local/freesurfer/bin/talairach_avi
--i orig_nu.mgz --xfm transforms/talairach.auto.xfm
talairach_avi 7.4.1
Linux 7073bfe4831a 6.11.0-26-generic #26~24.04.1-Ubuntu SMP PREEMPT_DYNAMIC Thu Apr 17 19:20:47 UTC 2 x86_64 x86_64 x86_64 GNU/Linux
Tue Jun  3 11:28:24 UTC 2025
mri_convert orig_nu.mgz talsrcimg.img 
reading from orig_nu.mgz...
TR=8.26, TE=0.00, TI=0.00, flip angle=0.00
i_ras = (-1, -5.82077e-11, 9.31323e-10)
j_ras = (0, 0, -1)
k_ras = (0, 1, -7.45058e-09)
writing to talsrcimg.img...
Analyze Output Matrix
-1.00000   0.00000   0.00000   124.69957;
-0.00000   0.00000   1.00000  -112.19666;
 0.00000  -1.00000  -0.00000   128.94052;
 0.00000   0.00000   0.00000   1.00000;
--------------------
INFO: set hdr.hist.orient to -1
mpr2mni305 talsrcimg
Tue Jun  3 11:28:25 UTC 2025
/usr/local/freesurfer/bin/mpr2mni305 talsrcimg
mpr2mni305 7.4.1
target=711-2C_as_mni_average_305

---------------------------------------------------------------------
analyzeto4dfp talsrcimg -O0 -y
---------------------------------------------------------------------

freesurfer ifh2hdr.c
Tue Jun  3 11:28:25 2025
Writing: talsrcimg.4dfp.hdr
freesurfer analyzeto4dfp.c
Reading: talsrcimg.hdr
header size 348 bytes
hdr.dime.datatype	offset=70	value=2
hdr.dime.bitpix		offset=72	value=8
hdr.hist.orient		offset=252	value=-1
dimensionality     4
dimensions       256       256       256         1
Reading: talsrcimg.img
Writing: talsrcimg.4dfp.img
Writing: talsrcimg.4dfp.ifh
ifh2hdr talsrcimg -r0to188
ori=2

---------------------------------------------------------------------
gauss_4dfp talsrcimg 1.1
---------------------------------------------------------------------

freesurfer gauss_4dfp.c
Reading: talsrcimg.4dfp.img
Writing: talsrcimg_g11.4dfp.img
image dimensions 256 256 256 padded to 288 288 288
processing volume 1freesurfer ifh2hdr.c
Tue Jun  3 11:28:29 2025
Writing: talsrcimg_g11.4dfp.hdr

Writing: talsrcimg_g11.4dfp.ifh
including: talsrcimg.4dfp.img.rec in talsrcimg_g11.4dfp.img.rec

---------------------------------------------------------------------
imgreg_4dfp /usr/local/freesurfer/average/711-2C_as_mni_average_305 none talsrcimg_g11 none talsrcimg_to_711-2C_as_mni_average_305_t4 4355
---------------------------------------------------------------------

freesurfer imgreg_4dfp.c
/usr/local/freesurfer/average/711-2C_as_mni_average_305.4dfp.img
       256       256       256         1
  1.000000  1.000000  1.000000
orientation T byte_order littleendian
Reading image: /usr/local/freesurfer/average/711-2C_as_mni_average_305.4dfp.img
dimensions:      256       256       256
mmppix:       1.0000   -1.0000   -1.0000
center:     128.0000 -129.0000 -129.0000
talsrcimg_g11.4dfp.img
       256       256       256         1
  1.000000  1.000000  1.000000
orientation T byte_order littleendian
Reading image: talsrcimg_g11.4dfp.img
dimensions:      256       256       256
mmppix:       1.0000   -1.0000   -1.0000
center:     128.0000 -129.0000 -129.0000
t4_read: open error in t4_sub.f l:  41 t4_file(1:l)talsrcimg_to_711-2C_as_mni_average_305_t4 
t4_read: transform initialized to I4
rotation matrix determinant  1.000000
image alignment mode   4355 decimal     1103 hex
   -7.5000  -45.0000  -45.0000 8694.5762   24.4675
    0.0000  -45.0000  -45.0000 9088.2363   24.4918
    7.5000  -45.0000  -45.0000 8729.8584   24.5086
   -7.5000  -37.5000  -45.0000 9190.9463   24.5034
    0.0000  -37.5000  -45.0000 9616.7793   24.5228
    7.5000  -37.5000  -45.0000 9212.8662   24.5409
   -7.5000  -30.0000  -45.0000 9933.5332   24.5456
    0.0000  -30.0000  -45.000010406.4561   24.5665
    7.5000  -30.0000  -45.0000 9950.7393   24.5910
   -7.5000  -22.5000  -45.000010590.2129   24.5510
    0.0000  -22.5000  -45.000011152.4795   24.5790
    7.5000  -22.5000  -45.000010608.7012   24.6086
   -7.5000  -15.0000  -45.000011246.5078   24.5157
    0.0000  -15.0000  -45.000011808.2480   24.5492
    7.5000  -15.0000  -45.000011244.9062   24.5786
   -7.5000   -7.5000  -45.000011808.6553   24.4734
    0.0000   -7.5000  -45.000012388.2344   24.5047
    7.5000   -7.5000  -45.000011807.1475   24.5276
   -7.5000    0.0000  -45.000012310.6396   24.4666
    0.0000    0.0000  -45.000012912.9092   24.4908
    7.5000    0.0000  -45.000012311.5469   24.5076
   -7.5000    7.5000  -45.000011836.9912   24.5034
    0.0000    7.5000  -45.000012407.6631   24.5228
    7.5000    7.5000  -45.000011815.6816   24.5409
   -7.5000   15.0000  -45.000011107.6807   24.5456
    0.0000   15.0000  -45.000011653.0361   24.5665
    7.5000   15.0000  -45.000011058.1729   24.5910
   -7.5000   22.5000  -45.000010167.8164   24.5477
    0.0000   22.5000  -45.000010669.5762   24.5757
    7.5000   22.5000  -45.000010130.6025   24.6053
   -7.5000   30.0000  -45.0000 9186.2100   24.1890
    0.0000   30.0000  -45.0000 9639.8584   24.2220
    7.5000   30.0000  -45.0000 9185.4990   24.2511
   -7.5000   37.5000  -45.0000 8708.1084   24.1472
    0.0000   37.5000  -45.0000 9094.3809   24.1782
    7.5000   37.5000  -45.0000 8690.9570   24.2008
   -7.5000   45.0000  -45.0000 7856.5957   23.5571
    0.0000   45.0000  -45.0000 8146.7065   23.5807
    7.5000   45.0000  -45.0000 7797.2236   23.5971
   -7.5000  -45.0000  -37.5000 9260.8359   24.4000
    0.0000  -45.0000  -37.5000 9682.3271   24.4109
    7.5000  -45.0000  -37.5000 9268.0713   24.4210
   -7.5000  -37.5000  -37.5000 9777.0352   24.4497
    0.0000  -37.5000  -37.500010223.9131   24.4528
    7.5000  -37.5000  -37.5000 9754.2627   24.4609
   -7.5000  -30.0000  -37.500010550.0723   24.4923
    0.0000  -30.0000  -37.500011035.4336   24.4989
    7.5000  -30.0000  -37.500010524.9736   24.5135
   -7.5000  -22.5000  -37.500011273.2246   24.4828
    0.0000  -22.5000  -37.500011833.3633   24.5028
    7.5000  -22.5000  -37.500011239.6650   24.5256
   -7.5000  -15.0000  -37.500011908.2109   24.4336
    0.0000  -15.0000  -37.500012532.4697   24.4630
    7.5000  -15.0000  -37.500011883.0107   24.4880
   -7.5000   -7.5000  -37.500012463.8213   24.3922
    0.0000   -7.5000  -37.500013134.4385   24.4161
    7.5000   -7.5000  -37.500012450.9502   24.4348
   -7.5000    0.0000  -37.500012987.5420   24.3989
    0.0000    0.0000  -37.500013681.4844   24.4098
    7.5000    0.0000  -37.500012973.7227   24.4198
   -7.5000    7.5000  -37.500012453.2764   24.4497
    0.0000    7.5000  -37.500013112.0186   24.4528
    7.5000    7.5000  -37.500012416.4629   24.4609
   -7.5000   15.0000  -37.500011649.7549   24.4923
    0.0000   15.0000  -37.500012289.3789   24.4989
    7.5000   15.0000  -37.500011610.4707   24.5135
   -7.5000   22.5000  -37.500010670.2627   24.4795
    0.0000   22.5000  -37.500011232.7988   24.4995
    7.5000   22.5000  -37.500010640.0811   24.5222
   -7.5000   30.0000  -37.5000 9637.7705   24.1080
    0.0000   30.0000  -37.500010122.0830   24.1370
    7.5000   30.0000  -37.5000 9623.0645   24.1617
   -7.5000   37.5000  -37.5000 9089.6152   24.0671
    0.0000   37.5000  -37.5000 9528.5889   24.0907
    7.5000   37.5000  -37.5000 9094.4346   24.1092
   -7.5000   45.0000  -37.5000 8197.9834   23.4925
    0.0000   45.0000  -37.5000 8513.3213   23.5032
    7.5000   45.0000  -37.5000 8147.8237   23.5132
   -7.5000  -45.0000  -30.0000 9940.6143   25.3694
    0.0000  -45.0000  -30.000010405.9824   25.3768
    7.5000  -45.0000  -30.0000 9915.2891   25.3868
   -7.5000  -37.5000  -30.000010500.6172   25.4391
    0.0000  -37.5000  -30.000010995.4180   25.4367
    7.5000  -37.5000  -30.000010453.9580   25.4428
   -7.5000  -30.0000  -30.000011309.0303   25.4822
    0.0000  -30.0000  -30.000011848.9121   25.4848
    7.5000  -30.0000  -30.000011257.7793   25.4981
   -7.5000  -22.5000  -30.000012100.4980   25.4508
    0.0000  -22.5000  -30.000012688.6611   25.4704
    7.5000  -22.5000  -30.000012015.7539   25.4948
   -7.5000  -15.0000  -30.000012769.2012   25.3809
    0.0000  -15.0000  -30.000013436.0605   25.4122
    7.5000  -15.0000  -30.000012682.9414   25.4405
   -7.5000   -7.5000  -30.000013382.0361   25.3415
    0.0000   -7.5000  -30.000014107.1064   25.3655
    7.5000   -7.5000  -30.000013309.4580   25.3865
   -7.5000    0.0000  -30.000013926.8418   25.3683
    0.0000    0.0000  -30.000014665.8105   25.3756
    7.5000    0.0000  -30.000013843.2725   25.3856
   -7.5000    7.5000  -30.000013308.8350   25.4391
    0.0000    7.5000  -30.000014025.1484   25.4367
    7.5000    7.5000  -30.000013242.5977   25.4428
   -7.5000   15.0000  -30.000012406.4600   25.4822
    0.0000   15.0000  -30.000013127.2910   25.4848
    7.5000   15.0000  -30.000012374.9414   25.4981
   -7.5000   22.5000  -30.000011356.4756   25.4447
    0.0000   22.5000  -30.000012019.6504   25.4642
    7.5000   22.5000  -30.000011356.7754   25.4887
   -7.5000   30.0000  -30.000010283.9639   25.0450
    0.0000   30.0000  -30.000010825.8486   25.0760
    7.5000   30.0000  -30.000010254.2910   25.1039
   -7.5000   37.5000  -30.0000 9663.4473   25.0062
    0.0000   37.5000  -30.000010142.1826   25.0299
    7.5000   37.5000  -30.0000 9643.8086   25.0506
   -7.5000   45.0000  -30.0000 8669.8359   24.4439
    0.0000   45.0000  -30.0000 9039.6318   24.4512
    7.5000   45.0000  -30.0000 8615.1475   24.4611
   -7.5000  -45.0000  -22.500010561.8262   26.1734
    0.0000  -45.0000  -22.500011073.3252   26.1926
    7.5000  -45.0000  -22.500010515.4707   26.2089
   -7.5000  -37.5000  -22.500011152.8887   26.2485
    0.0000  -37.5000  -22.500011689.2129   26.2596
    7.5000  -37.5000  -22.500011096.9492   26.2746
   -7.5000  -30.0000  -22.500012020.8496   26.2921
    0.0000  -30.0000  -22.500012608.5049   26.3069
    7.5000  -30.0000  -22.500011933.5352   26.3299
   -7.5000  -22.5000  -22.500012848.0400   26.2540
    0.0000  -22.5000  -22.500013465.2715   26.2823
    7.5000  -22.5000  -22.500012725.7852   26.3150
   -7.5000  -15.0000  -22.500013561.8818   26.1777
    0.0000  -15.0000  -22.500014254.5156   26.2161
    7.5000  -15.0000  -22.500013434.0791   26.2504
   -7.5000   -7.5000  -22.500014260.9824   26.1394
    0.0000   -7.5000  -22.500015040.6123   26.1723
    7.5000   -7.5000  -22.500014151.6699   26.1982
   -7.5000    0.0000  -22.500014879.0566   26.1722
    0.0000    0.0000  -22.500015672.2354   26.1914
    7.5000    0.0000  -22.500014748.1611   26.2077
   -7.5000    7.5000  -22.500014171.3291   26.2485
    0.0000    7.5000  -22.500014953.4229   26.2596
    7.5000    7.5000  -22.500014051.2539   26.2746
   -7.5000   15.0000  -22.500013228.6025   26.2921
    0.0000   15.0000  -22.500013961.2061   26.3069
    7.5000   15.0000  -22.500013137.7793   26.3299
   -7.5000   22.5000  -22.500012109.1416   26.2459
    0.0000   22.5000  -22.500012792.9961   26.2742
    7.5000   22.5000  -22.500012060.7656   26.3069
   -7.5000   30.0000  -22.500010931.7197   25.8353
    0.0000   30.0000  -22.500011531.1357   25.8732
    7.5000   30.0000  -22.500010894.8896   25.9071
   -7.5000   37.5000  -22.500010232.8125   25.7975
    0.0000   37.5000  -22.500010781.2246   25.8300
    7.5000   37.5000  -22.500010203.9385   25.8555
   -7.5000   45.0000  -22.5000 9134.4014   25.2366
    0.0000   45.0000  -22.5000 9584.6416   25.2553
    7.5000   45.0000  -22.5000 9091.6094   25.2714
   -7.5000  -45.0000  -15.000011148.2822   26.7376
    0.0000  -45.0000  -15.000011710.4561   26.7722
    7.5000  -45.0000  -15.000011089.5762   26.7956
   -7.5000  -37.5000  -15.000011761.2754   26.8008
    0.0000  -37.5000  -15.000012368.8086   26.8302
    7.5000  -37.5000  -15.000011708.0078   26.8566
   -7.5000  -30.0000  -15.000012692.0283   26.8453
    0.0000  -30.0000  -15.000013372.0215   26.8765
    7.5000  -30.0000  -15.000012613.8066   26.9114
   -7.5000  -22.5000  -15.000013561.7041   26.8213
    0.0000  -22.5000  -15.000014263.5049   26.8601
    7.5000  -22.5000  -15.000013462.7412   26.9011
   -7.5000  -15.0000  -15.000014321.2734   26.7567
    0.0000  -15.0000  -15.000015083.9053   26.8022
    7.5000  -15.0000  -15.000014193.7930   26.8413
   -7.5000   -7.5000  -15.000015112.9805   26.7162
    0.0000   -7.5000  -15.000015966.3525   26.7593
    7.5000   -7.5000  -15.000014976.4766   26.7893
   -7.5000    0.0000  -15.000015714.2783   26.7363
    0.0000    0.0000  -15.000016629.9238   26.7709
    7.5000    0.0000  -15.000015555.6406   26.7943
   -7.5000    7.5000  -15.000014971.5898   26.8008
    0.0000    7.5000  -15.000015833.2588   26.8302
    7.5000    7.5000  -15.000014862.3174   26.8566
   -7.5000   15.0000  -15.000013976.2598   26.8453
    0.0000   15.0000  -15.000014757.6875   26.8765
    7.5000   15.0000  -15.000013863.8672   26.9114
   -7.5000   22.5000  -15.000012778.9971   26.8118
    0.0000   22.5000  -15.000013514.6875   26.8506
    7.5000   22.5000  -15.000012704.6240   26.8915
   -7.5000   30.0000  -15.000011571.7285   26.4104
    0.0000   30.0000  -15.000012220.6670   26.4554
    7.5000   30.0000  -15.000011520.1748   26.4939
   -7.5000   37.5000  -15.000010831.2275   26.3704
    0.0000   37.5000  -15.000011431.6904   26.4130
    7.5000   37.5000  -15.000010776.3740   26.4426
   -7.5000   45.0000  -15.0000 9615.6152   25.7952
    0.0000   45.0000  -15.000010097.1689   25.8288
    7.5000   45.0000  -15.0000 9544.5273   25.8517
   -7.5000  -45.0000   -7.500011685.5205   27.0202
    0.0000  -45.0000   -7.500012302.4688   27.0576
    7.5000  -45.0000   -7.500011636.5273   27.0821
   -7.5000  -37.5000   -7.500012362.2803   27.0646
    0.0000  -37.5000   -7.500013051.5020   27.0982
    7.5000  -37.5000   -7.500012369.7168   27.1261
   -7.5000  -30.0000   -7.500013455.6934   27.1098
    0.0000  -30.0000   -7.500014246.7422   27.1443
    7.5000  -30.0000   -7.500013464.7979   27.1800
   -7.5000  -22.5000   -7.500014492.6670   27.1083
    0.0000  -22.5000   -7.500015297.1514   27.1476
    7.5000  -22.5000   -7.500014405.9551   27.1881
   -7.5000  -15.0000   -7.500015336.8467   27.0635
    0.0000  -15.0000   -7.500016158.6348   27.1075
    7.5000  -15.0000   -7.500015145.8027   27.1458
   -7.5000   -7.5000   -7.500016090.5615   27.0192
    0.0000   -7.5000   -7.500016970.4883   27.0622
    7.5000   -7.5000   -7.500015889.0303   27.0924
   -7.5000    0.0000   -7.500016642.6250   27.0189
    0.0000    0.0000   -7.500017591.6992   27.0563
    7.5000    0.0000   -7.500016457.6582   27.0808
   -7.5000    7.5000   -7.500015809.0674   27.0646
    0.0000    7.5000   -7.500016716.5293   27.0982
    7.5000    7.5000   -7.500015681.1504   27.1261
   -7.5000   15.0000   -7.500014796.3350   27.1098
    0.0000   15.0000   -7.500015608.0244   27.1443
    7.5000   15.0000   -7.500014634.6680   27.1800
   -7.5000   22.5000   -7.500013550.5479   27.0957
    0.0000   22.5000   -7.500014306.6133   27.1350
    7.5000   22.5000   -7.500013416.1455   27.1755
   -7.5000   30.0000   -7.500012309.8125   26.7125
    0.0000   30.0000   -7.500012986.0850   26.7559
    7.5000   30.0000   -7.500012196.5840   26.7938
   -7.5000   37.5000   -7.500011501.9014   26.6688
    0.0000   37.5000   -7.500012132.1553   26.7112
    7.5000   37.5000   -7.500011414.8232   26.7411
   -7.5000   45.0000   -7.500010148.6045   26.0728
    0.0000   45.0000   -7.500010677.2695   26.1090
    7.5000   45.0000   -7.500010072.4893   26.1330
   -7.5000  -45.0000    0.000012086.8154   27.0825
    0.0000  -45.0000    0.000012689.7207   27.1089
    7.5000  -45.0000    0.000012046.0986   27.1267
   -7.5000  -37.5000    0.000012843.9453   27.1215
    0.0000  -37.5000    0.000013554.2100   27.1426
    7.5000  -37.5000    0.000012917.3271   27.1618
   -7.5000  -30.0000    0.000014262.5039   27.1679
    0.0000  -30.0000    0.000015177.7080   27.1907
    7.5000  -30.0000    0.000014282.8994   27.2170
   -7.5000  -22.5000    0.000015486.8398   27.1741
    0.0000  -22.5000    0.000016375.0566   27.2048
    7.5000  -22.5000    0.000015271.4932   27.2367
   -7.5000  -15.0000    0.000016154.1533   27.1354
    0.0000  -15.0000    0.000016879.8789   27.1721
    7.5000  -15.0000    0.000015936.0146   27.2039
   -7.5000   -7.5000    0.000016794.6348   27.0888
    0.0000   -7.5000    0.000017509.2090   27.1231
    7.5000   -7.5000    0.000016653.5586   27.1477
   -7.5000    0.0000    0.000017406.1914   27.0812
    0.0000    0.0000    0.000018255.3594   27.1076
    7.5000    0.0000    0.000017306.5625   27.1254
   -7.5000    7.5000    0.000016603.4648   27.1215
    0.0000    7.5000    0.000017459.7148   27.1426
    7.5000    7.5000    0.000016488.6816   27.1618
   -7.5000   15.0000    0.000015523.8486   27.1679
    0.0000   15.0000    0.000016350.4736   27.1907
    7.5000   15.0000    0.000015354.8154   27.2170
   -7.5000   22.5000    0.000014236.6045   27.1616
    0.0000   22.5000    0.000014990.5488   27.1922
    7.5000   22.5000    0.000014048.1816   27.2242
   -7.5000   30.0000    0.000012925.6367   26.7842
    0.0000   30.0000    0.000013596.9756   26.8204
    7.5000   30.0000    0.000012731.8975   26.8518
   -7.5000   37.5000    0.000012092.4434   26.7383
    0.0000   37.5000    0.000012713.5908   26.7721
    7.5000   37.5000    0.000011916.8105   26.7964
   -7.5000   45.0000    0.000010668.9033   26.1356
    0.0000   45.0000    0.000011214.9287   26.1614
    7.5000   45.0000    0.000010527.7705   26.1789
   -7.5000  -45.0000    7.500011564.8701   27.1223
    0.0000  -45.0000    7.500012134.2529   27.1343
    7.5000  -45.0000    7.500011544.2832   27.1451
   -7.5000  -37.5000    7.500012351.8906   27.1775
    0.0000  -37.5000    7.500012946.5518   27.1808
    7.5000  -37.5000    7.500012375.1650   27.1895
   -7.5000  -30.0000    7.500013827.2549   27.2248
    0.0000  -30.0000    7.500014685.8613   27.2320
    7.5000  -30.0000    7.500013824.7168   27.2479
   -7.5000  -22.5000    7.500015110.8633   27.2143
    0.0000  -22.5000    7.500015897.0547   27.2363
    7.5000  -22.5000    7.500014987.2080   27.2613
   -7.5000  -15.0000    7.500015715.4512   27.1596
    0.0000  -15.0000    7.500016264.8213   27.1921
    7.5000  -15.0000    7.500015640.7539   27.2196
   -7.5000   -7.5000    7.500016353.9238   27.1136
    0.0000   -7.5000    7.500016939.6426   27.1401
    7.5000   -7.5000    7.500016299.4365   27.1604
   -7.5000    0.0000    7.500016990.5391   27.1210
    0.0000    0.0000    7.500017803.9473   27.1330
    7.5000    0.0000    7.500016915.5625   27.1438
   -7.5000    7.5000    7.500016156.3896   27.1775
    0.0000    7.5000    7.500017033.3750   27.1808
    7.5000    7.5000    7.500016055.9990   27.1895
   -7.5000   15.0000    7.500015007.7930   27.2248
    0.0000   15.0000    7.500015848.8301   27.2320
    7.5000   15.0000    7.500014876.0195   27.2479
   -7.5000   22.5000    7.500013732.9932   27.2017
    0.0000   22.5000    7.500014480.4209   27.2238
    7.5000   22.5000    7.500013592.3506   27.2487
   -7.5000   30.0000    7.500012458.9102   26.8081
    0.0000   30.0000    7.500013122.2021   26.8402
    7.5000   30.0000    7.500012299.7227   26.8673
   -7.5000   37.5000    7.500011664.2422   26.7627
    0.0000   37.5000    7.500012281.7305   26.7889
    7.5000   37.5000    7.500011518.5137   26.8089
   -7.5000   45.0000    7.500010264.5498   26.1748
    0.0000   45.0000    7.500010804.3896   26.1867
    7.5000   45.0000    7.500010154.3721   26.1975
   -7.5000  -45.0000   15.000010946.7979   27.1899
    0.0000  -45.0000   15.000011421.5010   27.1978
    7.5000  -45.0000   15.000010906.1865   27.2084
   -7.5000  -37.5000   15.000011639.7676   27.2652
    0.0000  -37.5000   15.000012188.7354   27.2626
    7.5000  -37.5000   15.000011635.4238   27.2690
   -7.5000  -30.0000   15.000012898.6553   27.3117
    0.0000  -30.0000   15.000013749.2744   27.3144
    7.5000  -30.0000   15.000012890.5801   27.3284
   -7.5000  -22.5000   15.000014060.4121   27.2776
    0.0000  -22.5000   15.000015115.2773   27.2984
    7.5000  -22.5000   15.000014152.4541   27.3244
   -7.5000  -15.0000   15.000014818.5752   27.2019
    0.0000  -15.0000   15.000015909.9609   27.2355
    7.5000  -15.0000   15.000015086.8066   27.2655
   -7.5000   -7.5000   15.000015590.7021   27.1595
    0.0000   -7.5000   15.000016618.6973   27.1853
    7.5000   -7.5000   15.000015723.8818   27.2076
   -7.5000    0.0000   15.000016176.4092   27.1886
    0.0000    0.0000   15.000017203.9199   27.1965
    7.5000    0.0000   15.000016188.0215   27.2071
   -7.5000    7.5000   15.000015328.8643   27.2652
    0.0000    7.5000   15.000016223.4805   27.2626
    7.5000    7.5000   15.000015271.6719   27.2690
   -7.5000   15.0000   15.000014174.1562   27.3117
    0.0000   15.0000   15.000014947.0928   27.3144
    7.5000   15.0000   15.000014094.8369   27.3284
   -7.5000   22.5000   15.000012993.7139   27.2651
    0.0000   22.5000   15.000013672.7002   27.2858
    7.5000   22.5000   15.000012900.8984   27.3118
   -7.5000   30.0000   15.000011838.8232   26.8499
    0.0000   30.0000   15.000012425.8848   26.8830
    7.5000   30.0000   15.000011691.9795   26.9126
   -7.5000   37.5000   15.000011099.5352   26.8080
    0.0000   37.5000   15.000011654.8018   26.8334
    7.5000   37.5000   15.000010963.0977   26.8555
   -7.5000   45.0000   15.0000 9810.0840   26.2403
    0.0000   45.0000   15.000010291.4971   26.2481
    7.5000   45.0000   15.0000 9682.5693   26.2587
   -7.5000  -45.0000   22.500010257.8721   27.3558
    0.0000  -45.0000   22.500010737.2637   27.3752
    7.5000  -45.0000   22.500010196.5693   27.3919
   -7.5000  -37.5000   22.500010925.3857   27.4351
    0.0000  -37.5000   22.500011492.4512   27.4461
    7.5000  -37.5000   22.500010862.2041   27.4613
   -7.5000  -30.0000   22.500012046.3545   27.4796
    0.0000  -30.0000   22.500012757.7402   27.4945
    7.5000  -30.0000   22.500011930.7627   27.5181
   -7.5000  -22.5000   22.500012960.1943   27.4377
    0.0000  -22.5000   22.500013680.9473   27.4669
    7.5000  -22.5000   22.500012848.2031   27.5007
   -7.5000  -15.0000   22.500013660.7686   27.3567
    0.0000  -15.0000   22.500014468.9883   27.3964
    7.5000  -15.0000   22.500013622.5410   27.4320
   -7.5000   -7.5000   22.500014468.8486   27.3178
    0.0000   -7.5000   22.500015365.8662   27.3517
    7.5000   -7.5000   22.500014454.8457   27.3785
   -7.5000    0.0000   22.500015057.5459   27.3545
    0.0000    0.0000   22.500016011.0635   27.3739
    7.5000    0.0000   22.500015054.2314   27.3906
   -7.5000    7.5000   22.500014321.4873   27.4351
    0.0000    7.5000   22.500015185.8330   27.4461
    7.5000    7.5000   22.500014284.3408   27.4613
   -7.5000   15.0000   22.500013278.0889   27.4796
    0.0000   15.0000   22.500014040.7197   27.4945
    7.5000   15.0000   22.500013229.8350   27.5181
   -7.5000   22.5000   22.500012174.5645   27.4251
    0.0000   22.5000   22.500012835.5527   27.4543
    7.5000   22.5000   22.500012111.2432   27.4881
   -7.5000   30.0000   22.500011071.8428   27.0027
    0.0000   30.0000   22.500011625.3164   27.0418
    7.5000   30.0000   22.500010969.3809   27.0770
   -7.5000   37.5000   22.500010356.7188   26.9643
    0.0000   37.5000   22.500010832.1035   26.9978
    7.5000   37.5000   22.500010255.3828   27.0242
   -7.5000   45.0000   22.5000 9173.8105   26.3955
    0.0000   45.0000   22.5000 9550.7217   26.4144
    7.5000   45.0000   22.5000 9066.0303   26.4308
   -7.5000  -45.0000   30.0000 9446.8037   27.5636
    0.0000  -45.0000   30.0000 9822.0098   27.5979
    7.5000  -45.0000   30.0000 9408.5928   27.6214
   -7.5000  -37.5000   30.000010056.9150   27.6279
    0.0000  -37.5000   30.000010460.5684   27.6568
    7.5000  -37.5000   30.000010002.6729   27.6831
   -7.5000  -30.0000   30.000010973.0518   27.6712
    0.0000  -30.0000   30.000011440.1035   27.7020
    7.5000  -30.0000   30.000010891.0498   27.7373
   -7.5000  -22.5000   30.000011722.5791   27.6444
    0.0000  -22.5000   30.000012192.5098   27.6834
    7.5000  -22.5000   30.000011670.8516   27.7251
   -7.5000  -15.0000   30.000012377.5811   27.5778
    0.0000  -15.0000   30.000012911.5117   27.6239
    7.5000  -15.0000   30.000012342.2490   27.6637
   -7.5000   -7.5000   30.000013124.4229   27.5388
    0.0000   -7.5000   30.000013700.0479   27.5823
    7.5000   -7.5000   30.000013030.1094   27.6127
   -7.5000    0.0000   30.000013732.7510   27.5623
    0.0000    0.0000   30.000014338.3105   27.5966
    7.5000    0.0000   30.000013617.9082   27.6200
   -7.5000    7.5000   30.000013127.9941   27.6279
    0.0000    7.5000   30.000013724.5859   27.6568
    7.5000    7.5000   30.000013024.1240   27.6831
   -7.5000   15.0000   30.000012203.8828   27.6712
    0.0000   15.0000   30.000012785.6465   27.7020
    7.5000   15.0000   30.000012132.0645   27.7373
   -7.5000   22.5000   30.000011205.2559   27.6316
    0.0000   22.5000   30.000011743.8975   27.6707
    7.5000   22.5000   30.000011137.5527   27.7123
   -7.5000   30.0000   30.000010153.6611   27.2209
    0.0000   30.0000   30.000010627.9580   27.2664
    7.5000   30.0000   30.000010102.6865   27.3057
   -7.5000   37.5000   30.0000 9447.5117   27.1824
    0.0000   37.5000   30.0000 9885.1777   27.2253
    7.5000   37.5000   30.0000 9395.8408   27.2553
   -7.5000   45.0000   30.0000 8386.6943   26.5887
    0.0000   45.0000   30.0000 8751.9463   26.6220
    7.5000   45.0000   30.0000 8333.5059   26.6448
   -7.5000  -45.0000   37.5000 9059.7207   28.2376
    0.0000  -45.0000   37.5000 9431.9473   28.2754
    7.5000  -45.0000   37.5000 9082.2109   28.3017
   -7.5000  -37.5000   37.5000 9616.9268   28.2812
    0.0000  -37.5000   37.500010021.8105   28.3146
    7.5000  -37.5000   37.5000 9626.6318   28.3442
   -7.5000  -30.0000   37.500010454.2676   28.3249
    0.0000  -30.0000   37.500010916.1680   28.3594
    7.5000  -30.0000   37.500010442.1221   28.3973
   -7.5000  -22.5000   37.500011155.6738   28.3221
    0.0000  -22.5000   37.500011650.8223   28.3622
    7.5000  -22.5000   37.500011179.1006   28.4055
   -7.5000  -15.0000   37.500011804.0391   28.2769
    0.0000  -15.0000   37.500012365.3623   28.3222
    7.5000  -15.0000   37.500011829.5400   28.3636
   -7.5000   -7.5000   37.500012473.5449   28.2345
    0.0000   -7.5000   37.500013084.3418   28.2787
    7.5000   -7.5000   37.500012487.5742   28.3114
   -7.5000    0.0000   37.500013005.2500   28.2362
    0.0000    0.0000   37.500013624.0400   28.2740
    7.5000    0.0000   37.500013002.0332   28.3003
   -7.5000    7.5000   37.500012451.0938   28.2812
    0.0000    7.5000   37.500013069.8320   28.3146
    7.5000    7.5000   37.500012435.7451   28.3442
   -7.5000   15.0000   37.500011631.1670   28.3249
    0.0000   15.0000   37.500012196.7402   28.3594
    7.5000   15.0000   37.500011587.3008   28.3973
   -7.5000   22.5000   37.500010720.1641   28.3091
    0.0000   22.5000   37.500011217.9854   28.3491
    7.5000   22.5000   37.500010658.0928   28.3924
   -7.5000   30.0000   37.5000 9729.0303   27.9110
    0.0000   30.0000   37.500010166.1836   27.9557
    7.5000   30.0000   37.5000 9679.8770   27.9965
   -7.5000   37.5000   37.5000 9066.9629   27.8691
    0.0000   37.5000   37.5000 9458.4307   27.9127
    7.5000   37.5000   37.5000 9018.0596   27.9450
   -7.5000   45.0000   37.5000 8048.5396   27.2326
    0.0000   45.0000   37.5000 8372.7510   27.2692
    7.5000   45.0000   37.5000 8045.7056   27.2948
   -7.5000  -45.0000   45.0000 8355.4111   28.9866
    0.0000  -45.0000   45.0000 8723.5742   29.0109
    7.5000  -45.0000   45.0000 8377.5352   29.0272
   -7.5000  -37.5000   45.0000 8870.5547   29.0255
    0.0000  -37.5000   45.0000 9253.9570   29.0439
    7.5000  -37.5000   45.0000 8856.2832   29.0618
   -7.5000  -30.0000   45.0000 9606.6592   29.0743
    0.0000  -30.0000   45.000010028.0322   29.0947
    7.5000  -30.0000   45.0000 9578.0801   29.1210
   -7.5000  -22.5000   45.000010242.2783   29.0821
    0.0000  -22.5000   45.000010698.6797   29.1113
    7.5000  -22.5000   45.000010224.2256   29.1441
   -7.5000  -15.0000   45.000010851.3887   29.0421
    0.0000  -15.0000   45.000011365.3857   29.0780
    7.5000  -15.0000   45.000010843.9248   29.1108
   -7.5000   -7.5000   45.000011442.6562   28.9938
    0.0000   -7.5000   45.000012012.7920   29.0270
    7.5000   -7.5000   45.000011461.7998   29.0514
   -7.5000    0.0000   45.000011892.0811   28.9851
    0.0000    0.0000   45.000012480.0615   29.0094
    7.5000    0.0000   45.000011905.8252   29.0257
   -7.5000    7.5000   45.000011361.8496   29.0255
    0.0000    7.5000   45.000011939.5869   29.0439
    7.5000    7.5000   45.000011368.7236   29.0618
   -7.5000   15.0000   45.000010616.6562   29.0743
    0.0000   15.0000   45.000011154.7490   29.0947
    7.5000   15.0000   45.000010597.1953   29.1210
   -7.5000   22.5000   45.0000 9782.4150   29.0686
    0.0000   22.5000   45.000010263.3564   29.0978
    7.5000   22.5000   45.0000 9763.5605   29.1306
   -7.5000   30.0000   45.0000 8895.8994   28.6637
    0.0000   30.0000   45.0000 9315.0664   28.6992
    7.5000   30.0000   45.0000 8892.1689   28.7315
   -7.5000   37.5000   45.0000 8336.4785   28.6161
    0.0000   37.5000   45.0000 8688.6846   28.6489
    7.5000   37.5000   45.0000 8296.8848   28.6730
   -7.5000   45.0000   45.0000 7426.6719   27.9624
    0.0000   45.0000   45.0000 7721.0444   27.9860
    7.5000   45.0000   45.0000 7400.4683   28.0018

---------------------------------------------------------------------
imgreg_4dfp /usr/local/freesurfer/average/711-2C_as_mni_average_305 /usr/local/freesurfer/average/711-2B_as_mni_average_305_mask talsrcimg_g11 none talsrcimg_to_711-2C_as_mni_average_305_t4 4355
---------------------------------------------------------------------

freesurfer imgreg_4dfp.c
/usr/local/freesurfer/average/711-2C_as_mni_average_305.4dfp.img
       256       256       256         1
  1.000000  1.000000  1.000000
orientation T byte_order littleendian
Reading image: /usr/local/freesurfer/average/711-2C_as_mni_average_305.4dfp.img
dimensions:      256       256       256
mmppix:       1.0000   -1.0000   -1.0000
center:     128.0000 -129.0000 -129.0000
/usr/local/freesurfer/average/711-2B_as_mni_average_305_mask.4dfp.img
       256       256       256         1
  1.000000  1.000000  1.000000
orientation T byte_order littleendian
Reading mask: /usr/local/freesurfer/average/711-2B_as_mni_average_305_mask.4dfp.img (2306576 pixels)
talsrcimg_g11.4dfp.img
       256       256       256         1
  1.000000  1.000000  1.000000
orientation T byte_order littleendian
Reading image: talsrcimg_g11.4dfp.img
dimensions:      256       256       256
mmppix:       1.0000   -1.0000   -1.0000
center:     128.0000 -129.0000 -129.0000
rotation matrix determinant  1.000000
image alignment mode   4355 decimal     1103 hex
   -7.5000  -45.0000  -45.0000 2239.6160   27.0780
    0.0000  -45.0000  -45.0000 2253.1926   27.1416
    7.5000  -45.0000  -45.0000 2254.5342   27.2559
   -7.5000  -37.5000  -45.0000 2291.1467   25.4833
    0.0000  -37.5000  -45.0000 2309.0940   25.5335
    7.5000  -37.5000  -45.0000 2302.6609   25.6170
   -7.5000  -30.0000  -45.0000 2310.2639   24.3969
    0.0000  -30.0000  -45.0000 2331.7268   24.4547
    7.5000  -30.0000  -45.0000 2318.0908   24.5222
   -7.5000  -22.5000  -45.0000 2321.1753   23.8237
    0.0000  -22.5000  -45.0000 2343.3101   23.8842
    7.5000  -22.5000  -45.0000 2324.7874   23.9983
   -7.5000  -15.0000  -45.0000 2323.7271   23.8256
    0.0000  -15.0000  -45.0000 2337.8357   23.8151
    7.5000  -15.0000  -45.0000 2323.2947   23.9600
   -7.5000   -7.5000  -45.0000 2303.7625   23.8676
    0.0000   -7.5000  -45.0000 2319.7654   23.9906
    7.5000   -7.5000  -45.0000 2308.7095   24.1475
   -7.5000    0.0000  -45.0000 2280.6602   24.6028
    0.0000    0.0000  -45.0000 2298.3987   24.6221
    7.5000    0.0000  -45.0000 2286.4719   24.8339
   -7.5000    7.5000  -45.0000 2245.2134   25.7584
    0.0000    7.5000  -45.0000 2255.9351   25.7656
    7.5000    7.5000  -45.0000 2252.8977   26.0519
   -7.5000   15.0000  -45.0000 2185.4619   27.5091
    0.0000   15.0000  -45.0000 2195.5508   27.4304
    7.5000   15.0000  -45.0000 2186.2725   27.7138
   -7.5000   22.5000  -45.0000 2105.9956   29.6375
    0.0000   22.5000  -45.0000 2114.9917   29.5096
    7.5000   22.5000  -45.0000 2109.4429   29.9713
   -7.5000   30.0000  -45.0000 1998.0166   32.3582
    0.0000   30.0000  -45.0000 2004.6282   32.1701
    7.5000   30.0000  -45.0000 2002.3245   32.7042
   -7.5000   37.5000  -45.0000 1898.4741   35.8600
    0.0000   37.5000  -45.0000 1902.0775   35.4488
    7.5000   37.5000  -45.0000 1897.7345   36.0395
   -7.5000   45.0000  -45.0000 1764.9647   40.5491
    0.0000   45.0000  -45.0000 1759.0773   40.0243
    7.5000   45.0000  -45.0000 1751.4923   40.6124
   -7.5000  -45.0000  -37.5000 2341.1177   25.4196
    0.0000  -45.0000  -37.5000 2355.2261   25.4141
    7.5000  -45.0000  -37.5000 2345.1758   25.4062
   -7.5000  -37.5000  -37.5000 2395.2122   23.8801
    0.0000  -37.5000  -37.5000 2406.7378   23.8812
    7.5000  -37.5000  -37.5000 2390.2319   23.8517
   -7.5000  -30.0000  -37.5000 2416.3000   22.8903
    0.0000  -30.0000  -37.5000 2432.4998   22.8765
    7.5000  -30.0000  -37.5000 2410.0791   22.8544
   -7.5000  -22.5000  -37.5000 2429.3599   22.3228
    0.0000  -22.5000  -37.5000 2448.4458   22.3677
    7.5000  -22.5000  -37.5000 2418.6694   22.3577
   -7.5000  -15.0000  -37.5000 2433.2817   22.2773
    0.0000  -15.0000  -37.5000 2445.6946   22.2923
    7.5000  -15.0000  -37.5000 2421.5293   22.2854
   -7.5000   -7.5000  -37.5000 2410.5156   22.3475
    0.0000   -7.5000  -37.5000 2431.7205   22.4678
    7.5000   -7.5000  -37.5000 2405.0225   22.4641
   -7.5000    0.0000  -37.5000 2392.1968   23.0101
    0.0000    0.0000  -37.5000 2408.9304   23.0831
    7.5000    0.0000  -37.5000 2384.9924   23.1243
   -7.5000    7.5000  -37.5000 2350.0447   24.1058
    0.0000    7.5000  -37.5000 2363.4644   24.1756
    7.5000    7.5000  -37.5000 2342.7605   24.2468
   -7.5000   15.0000  -37.5000 2279.0837   25.6983
    0.0000   15.0000  -37.5000 2294.9114   25.7462
    7.5000   15.0000  -37.5000 2275.3452   25.8362
   -7.5000   22.5000  -37.5000 2196.5325   27.6549
    0.0000   22.5000  -37.5000 2210.5864   27.6995
    7.5000   22.5000  -37.5000 2190.2253   27.9679
   -7.5000   30.0000  -37.5000 2085.6560   30.1229
    0.0000   30.0000  -37.5000 2092.8354   30.0950
    7.5000   30.0000  -37.5000 2078.1060   30.4268
   -7.5000   37.5000  -37.5000 1980.2108   33.3330
    0.0000   37.5000  -37.5000 1986.2034   33.1791
    7.5000   37.5000  -37.5000 1971.8937   33.5558
   -7.5000   45.0000  -37.5000 1842.9365   37.6576
    0.0000   45.0000  -37.5000 1835.7992   37.4264
    7.5000   45.0000  -37.5000 1823.7639   37.8960
   -7.5000  -45.0000  -30.0000 2463.4927   24.7334
    0.0000  -45.0000  -30.0000 2483.5247   24.7747
    7.5000  -45.0000  -30.0000 2458.2549   24.6559
   -7.5000  -37.5000  -30.0000 2524.0942   23.1872
    0.0000  -37.5000  -30.0000 2536.6489   23.1498
    7.5000  -37.5000  -30.0000 2511.8960   23.0524
   -7.5000  -30.0000  -30.0000 2551.3931   22.1880
    0.0000  -30.0000  -30.0000 2565.0996   22.1592
    7.5000  -30.0000  -30.0000 2537.9819   22.0994
   -7.5000  -22.5000  -30.0000 2573.2549   21.6183
    0.0000  -22.5000  -30.0000 2582.9678   21.6249
    7.5000  -22.5000  -30.0000 2552.7727   21.5901
   -7.5000  -15.0000  -30.0000 2574.3052   21.4984
    0.0000  -15.0000  -30.0000 2585.9651   21.5551
    7.5000  -15.0000  -30.0000 2557.2234   21.4950
   -7.5000   -7.5000  -30.0000 2554.5251   21.6666
    0.0000   -7.5000  -30.0000 2574.9824   21.7691
    7.5000   -7.5000  -30.0000 2542.3594   21.7355
   -7.5000    0.0000  -30.0000 2532.7700   22.3253
    0.0000    0.0000  -30.0000 2550.2937   22.4056
    7.5000    0.0000  -30.0000 2518.0674   22.4455
   -7.5000    7.5000  -30.0000 2487.4705   23.4143
    0.0000    7.5000  -30.0000 2506.9641   23.5001
    7.5000    7.5000  -30.0000 2474.9268   23.5408
   -7.5000   15.0000  -30.0000 2411.0935   24.9556
    0.0000   15.0000  -30.0000 2431.7605   25.0182
    7.5000   15.0000  -30.0000 2408.0181   25.1168
   -7.5000   22.5000  -30.0000 2318.3193   26.7998
    0.0000   22.5000  -30.0000 2337.9272   26.8779
    7.5000   22.5000  -30.0000 2318.6848   27.0557
   -7.5000   30.0000  -30.0000 2206.1123   29.1576
    0.0000   30.0000  -30.0000 2216.9414   29.1588
    7.5000   30.0000  -30.0000 2201.1086   29.4577
   -7.5000   37.5000  -30.0000 2086.9893   32.1943
    0.0000   37.5000  -30.0000 2090.7805   32.1241
    7.5000   37.5000  -30.0000 2078.1328   32.5582
   -7.5000   45.0000  -30.0000 1940.8982   36.3862
    0.0000   45.0000  -30.0000 1935.0527   36.2339
    7.5000   45.0000  -30.0000 1930.0704   36.7330
   -7.5000  -45.0000  -22.5000 2545.3689   23.9206
    0.0000  -45.0000  -22.5000 2561.5823   23.8749
    7.5000  -45.0000  -22.5000 2534.4375   23.8355
   -7.5000  -37.5000  -22.5000 2609.8643   22.3070
    0.0000  -37.5000  -22.5000 2626.9226   22.3390
    7.5000  -37.5000  -22.5000 2598.7822   22.2494
   -7.5000  -30.0000  -22.5000 2652.6260   21.2891
    0.0000  -30.0000  -22.5000 2662.8770   21.2179
    7.5000  -30.0000  -22.5000 2635.6704   21.2111
   -7.5000  -22.5000  -22.5000 2675.8613   20.6883
    0.0000  -22.5000  -22.5000 2684.4036   20.6613
    7.5000  -22.5000  -22.5000 2656.3613   20.6638
   -7.5000  -15.0000  -22.5000 2672.4324   20.4570
    0.0000  -15.0000  -22.5000 2687.0371   20.5373
    7.5000  -15.0000  -22.5000 2654.0579   20.5233
   -7.5000   -7.5000  -22.5000 2658.4421   20.7173
    0.0000   -7.5000  -22.5000 2680.9873   20.8130
    7.5000   -7.5000  -22.5000 2646.6062   20.7969
   -7.5000    0.0000  -22.5000 2636.1548   21.4414
    0.0000    0.0000  -22.5000 2656.3665   21.4918
    7.5000    0.0000  -22.5000 2621.9270   21.5332
   -7.5000    7.5000  -22.5000 2586.8181   22.5438
    0.0000    7.5000  -22.5000 2607.5913   22.5739
    7.5000    7.5000  -22.5000 2572.2852   22.6111
   -7.5000   15.0000  -22.5000 2512.2312   24.0251
    0.0000   15.0000  -22.5000 2530.4124   24.0811
    7.5000   15.0000  -22.5000 2501.0439   24.1145
   -7.5000   22.5000  -22.5000 2417.1082   25.7742
    0.0000   22.5000  -22.5000 2438.8127   25.8585
    7.5000   22.5000  -22.5000 2417.3774   25.9586
   -7.5000   30.0000  -22.5000 2291.2354   27.9652
    0.0000   30.0000  -22.5000 2314.1855   28.0884
    7.5000   30.0000  -22.5000 2293.2256   28.2683
   -7.5000   37.5000  -22.5000 2154.7773   30.8711
    0.0000   37.5000  -22.5000 2167.4629   31.0264
    7.5000   37.5000  -22.5000 2147.2791   31.2495
   -7.5000   45.0000  -22.5000 2002.0142   34.8494
    0.0000   45.0000  -22.5000 2006.7014   34.9157
    7.5000   45.0000  -22.5000 1997.5942   35.2663
   -7.5000  -45.0000  -15.0000 2586.8782   23.2540
    0.0000  -45.0000  -15.0000 2606.8340   23.1889
    7.5000  -45.0000  -15.0000 2580.6943   23.1823
   -7.5000  -37.5000  -15.0000 2653.8320   21.6606
    0.0000  -37.5000  -15.0000 2678.2180   21.6217
    7.5000  -37.5000  -15.0000 2652.6116   21.6328
   -7.5000  -30.0000  -15.0000 2707.4407   20.5962
    0.0000  -30.0000  -15.0000 2732.1050   20.5399
    7.5000  -30.0000  -15.0000 2701.9133   20.5313
   -7.5000  -22.5000  -15.0000 2731.0972   19.8906
    0.0000  -22.5000  -15.0000 2752.2463   19.8109
    7.5000  -22.5000  -15.0000 2722.7656   19.8142
   -7.5000  -15.0000  -15.0000 2725.9431   19.5199
    0.0000  -15.0000  -15.0000 2748.0693   19.5419
    7.5000  -15.0000  -15.0000 2720.0879   19.5986
   -7.5000   -7.5000  -15.0000 2717.1392   19.8094
    0.0000   -7.5000  -15.0000 2740.5818   19.8577
    7.5000   -7.5000  -15.0000 2719.8630   19.8743
   -7.5000    0.0000  -15.0000 2690.7776   20.5729
    0.0000    0.0000  -15.0000 2708.9590   20.5472
    7.5000    0.0000  -15.0000 2688.4299   20.5799
   -7.5000    7.5000  -15.0000 2644.7568   21.6267
    0.0000    7.5000  -15.0000 2659.1958   21.5583
    7.5000    7.5000  -15.0000 2640.9634   21.6214
   -7.5000   15.0000  -15.0000 2564.7515   22.9977
    0.0000   15.0000  -15.0000 2578.2874   22.9888
    7.5000   15.0000  -15.0000 2564.6228   23.1151
   -7.5000   22.5000  -15.0000 2455.1875   24.8166
    0.0000   22.5000  -15.0000 2478.9536   24.8651
    7.5000   22.5000  -15.0000 2463.6362   25.0925
   -7.5000   30.0000  -15.0000 2335.9275   27.0473
    0.0000   30.0000  -15.0000 2360.6831   27.1375
    7.5000   30.0000  -15.0000 2347.5613   27.3753
   -7.5000   37.5000  -15.0000 2194.9116   29.8750
    0.0000   37.5000  -15.0000 2210.7112   29.9936
    7.5000   37.5000  -15.0000 2200.8259   30.2407
   -7.5000   45.0000  -15.0000 2031.7615   33.6305
    0.0000   45.0000  -15.0000 2040.8943   33.7168
    7.5000   45.0000  -15.0000 2034.6729   34.0170
   -7.5000  -45.0000   -7.5000 2599.3101   22.7575
    0.0000  -45.0000   -7.5000 2628.6912   22.6624
    7.5000  -45.0000   -7.5000 2609.6777   22.7827
   -7.5000  -37.5000   -7.5000 2678.1077   21.2200
    0.0000  -37.5000   -7.5000 2712.6726   21.1218
    7.5000  -37.5000   -7.5000 2694.4194   21.2569
   -7.5000  -30.0000   -7.5000 2738.8416   20.1297
    0.0000  -30.0000   -7.5000 2770.9023   20.0456
    7.5000  -30.0000   -7.5000 2757.1372   20.1329
   -7.5000  -22.5000   -7.5000 2772.7974   19.4025
    0.0000  -22.5000   -7.5000 2801.7192   19.2114
    7.5000  -22.5000   -7.5000 2779.1492   19.2784
   -7.5000  -15.0000   -7.5000 2768.5217   18.9107
    0.0000  -15.0000   -7.5000 2793.7385   18.7399
    7.5000  -15.0000   -7.5000 2775.2329   18.9012
   -7.5000   -7.5000   -7.5000 2759.6389   19.1121
    0.0000   -7.5000   -7.5000 2779.9395   18.9830
    7.5000   -7.5000   -7.5000 2774.4573   19.0459
   -7.5000    0.0000   -7.5000 2719.3413   19.7605
    0.0000    0.0000   -7.5000 2743.0759   19.6032
    7.5000    0.0000   -7.5000 2732.8506   19.6684
   -7.5000    7.5000   -7.5000 2665.0293   20.7633
    0.0000    7.5000   -7.5000 2683.8291   20.5890
    7.5000    7.5000   -7.5000 2683.2556   20.8048
   -7.5000   15.0000   -7.5000 2588.2815   22.2450
    0.0000   15.0000   -7.5000 2604.9744   22.1161
    7.5000   15.0000   -7.5000 2605.9009   22.4210
   -7.5000   22.5000   -7.5000 2491.2866   24.1351
    0.0000   22.5000   -7.5000 2514.3362   24.0472
    7.5000   22.5000   -7.5000 2511.2390   24.3890
   -7.5000   30.0000   -7.5000 2374.2061   26.3496
    0.0000   30.0000   -7.5000 2399.2454   26.3365
    7.5000   30.0000   -7.5000 2394.6780   26.6703
   -7.5000   37.5000   -7.5000 2230.1748   29.1244
    0.0000   37.5000   -7.5000 2245.3118   29.1406
    7.5000   37.5000   -7.5000 2247.9639   29.4810
   -7.5000   45.0000   -7.5000 2059.2788   32.8675
    0.0000   45.0000   -7.5000 2068.8113   32.7818
    7.5000   45.0000   -7.5000 2068.0500   33.1153
   -7.5000  -45.0000    0.0000 2603.4631   22.7424
    0.0000  -45.0000    0.0000 2623.4775   22.4841
    7.5000  -45.0000    0.0000 2612.7327   22.7241
   -7.5000  -37.5000    0.0000 2690.6030   21.2080
    0.0000  -37.5000    0.0000 2714.9253   20.9452
    7.5000  -37.5000    0.0000 2709.1499   21.2361
   -7.5000  -30.0000    0.0000 2760.4309   20.1774
    0.0000  -30.0000    0.0000 2789.0310   19.9320
    7.5000  -30.0000    0.0000 2782.5967   20.1956
   -7.5000  -22.5000    0.0000 2799.0952   19.3936
    0.0000  -22.5000    0.0000 2830.9521   19.0862
    7.5000  -22.5000    0.0000 2809.4885   19.2487
   -7.5000  -15.0000    0.0000 2801.2227   18.6759
    0.0000  -15.0000    0.0000 2810.5750   18.2020
    7.5000  -15.0000    0.0000 2796.9014   18.5409
   -7.5000   -7.5000    0.0000 2782.9675   18.6834
    0.0000   -7.5000    0.0000 2783.6541   18.2137
    7.5000   -7.5000    0.0000 2782.9678   18.5853
   -7.5000    0.0000    0.0000 2740.7983   19.3167
    0.0000    0.0000    0.0000 2750.6289   18.9200
    7.5000    0.0000    0.0000 2755.5347   19.3074
   -7.5000    7.5000    0.0000 2690.8328   20.4715
    0.0000    7.5000    0.0000 2698.3445   20.0892
    7.5000    7.5000    0.0000 2705.6499   20.5018
   -7.5000   15.0000    0.0000 2619.7690   22.0062
    0.0000   15.0000    0.0000 2627.3669   21.7065
    7.5000   15.0000    0.0000 2630.6370   22.0873
   -7.5000   22.5000    0.0000 2529.6648   23.9459
    0.0000   22.5000    0.0000 2537.4714   23.7145
    7.5000   22.5000    0.0000 2533.3083   24.0689
   -7.5000   30.0000    0.0000 2409.2629   26.2384
    0.0000   30.0000    0.0000 2422.3621   26.0753
    7.5000   30.0000    0.0000 2415.8167   26.3851
   -7.5000   37.5000    0.0000 2265.7864   29.0575
    0.0000   37.5000    0.0000 2274.2732   28.8974
    7.5000   37.5000    0.0000 2268.0334   29.2280
   -7.5000   45.0000    0.0000 2086.5300   32.6019
    0.0000   45.0000    0.0000 2096.3625   32.4097
    7.5000   45.0000    0.0000 2082.8081   32.8034
   -7.5000  -45.0000    7.5000 2600.5842   22.9421
    0.0000  -45.0000    7.5000 2619.2993   22.7172
    7.5000  -45.0000    7.5000 2609.5559   22.9839
   -7.5000  -37.5000    7.5000 2700.3093   21.4388
    0.0000  -37.5000    7.5000 2713.6184   21.1580
    7.5000  -37.5000    7.5000 2708.5664   21.5156
   -7.5000  -30.0000    7.5000 2782.5583   20.5091
    0.0000  -30.0000    7.5000 2789.3950   20.1810
    7.5000  -30.0000    7.5000 2790.0764   20.5348
   -7.5000  -22.5000    7.5000 2840.1367   19.8645
    0.0000  -22.5000    7.5000 2850.0686   19.5373
    7.5000  -22.5000    7.5000 2834.8533   19.7944
   -7.5000  -15.0000    7.5000 2823.1941   18.8941
    0.0000  -15.0000    7.5000 2822.4238   18.3867
    7.5000  -15.0000    7.5000 2810.6978   18.9799
   -7.5000   -7.5000    7.5000 2795.2688   18.6472
    0.0000   -7.5000    7.5000 2792.4944   18.1313
    7.5000   -7.5000    7.5000 2791.0706   18.8149
   -7.5000    0.0000    7.5000 2757.5725   19.2628
    0.0000    0.0000    7.5000 2771.8035   18.9199
    7.5000    0.0000    7.5000 2763.4912   19.3415
   -7.5000    7.5000    7.5000 2705.5183   20.4550
    0.0000    7.5000    7.5000 2717.8723   20.2207
    7.5000    7.5000    7.5000 2709.0449   20.4655
   -7.5000   15.0000    7.5000 2630.6475   22.0615
    0.0000   15.0000    7.5000 2640.3103   21.8859
    7.5000   15.0000    7.5000 2632.0869   22.1072
   -7.5000   22.5000    7.5000 2534.5728   24.0165
    0.0000   22.5000    7.5000 2547.9766   23.9282
    7.5000   22.5000    7.5000 2538.2136   24.1326
   -7.5000   30.0000    7.5000 2417.2241   26.2607
    0.0000   30.0000    7.5000 2440.5022   26.2653
    7.5000   30.0000    7.5000 2417.6165   26.4813
   -7.5000   37.5000    7.5000 2283.0920   28.9719
    0.0000   37.5000    7.5000 2295.3196   29.0587
    7.5000   37.5000    7.5000 2279.7715   29.2466
   -7.5000   45.0000    7.5000 2099.7241   32.5466
    0.0000   45.0000    7.5000 2112.3616   32.5680
    7.5000   45.0000    7.5000 2099.0979   32.8000
   -7.5000  -45.0000   15.0000 2576.4539   23.4858
    0.0000  -45.0000   15.0000 2576.4758   23.0762
    7.5000  -45.0000   15.0000 2581.0737   23.4936
   -7.5000  -37.5000   15.0000 2671.1748   21.9754
    0.0000  -37.5000   15.0000 2676.6262   21.6683
    7.5000  -37.5000   15.0000 2677.3069   22.0760
   -7.5000  -30.0000   15.0000 2750.4128   21.0305
    0.0000  -30.0000   15.0000 2769.5491   20.8952
    7.5000  -30.0000   15.0000 2766.9355   21.1738
   -7.5000  -22.5000   15.0000 2817.5845   20.4135
    0.0000  -22.5000   15.0000 2854.1484   20.3791
    7.5000  -22.5000   15.0000 2818.9204   20.5008
   -7.5000  -15.0000   15.0000 2814.2095   19.5868
    0.0000  -15.0000   15.0000 2853.3857   19.6061
    7.5000  -15.0000   15.0000 2825.8921   19.9994
   -7.5000   -7.5000   15.0000 2790.5798   19.3690
    0.0000   -7.5000   15.0000 2822.0002   19.3094
    7.5000   -7.5000   15.0000 2802.1965   19.7756
   -7.5000    0.0000   15.0000 2752.8403   19.7732
    0.0000    0.0000   15.0000 2774.6731   19.6401
    7.5000    0.0000   15.0000 2754.2263   19.9684
   -7.5000    7.5000   15.0000 2693.0928   20.8743
    0.0000    7.5000   15.0000 2704.1399   20.7104
    7.5000    7.5000   15.0000 2689.7478   20.9141
   -7.5000   15.0000   15.0000 2610.8635   22.4048
    0.0000   15.0000   15.0000 2616.6836   22.2706
    7.5000   15.0000   15.0000 2611.9543   22.4177
   -7.5000   22.5000   15.0000 2517.2886   24.2603
    0.0000   22.5000   15.0000 2528.0205   24.2132
    7.5000   22.5000   15.0000 2522.6384   24.3762
   -7.5000   30.0000   15.0000 2403.9524   26.5035
    0.0000   30.0000   15.0000 2424.3284   26.5823
    7.5000   30.0000   15.0000 2405.1541   26.7643
   -7.5000   37.5000   15.0000 2268.3730   29.3435
    0.0000   37.5000   15.0000 2291.5376   29.4975
    7.5000   37.5000   15.0000 2277.8704   29.6606
   -7.5000   45.0000   15.0000 2088.9397   33.0754
    0.0000   45.0000   15.0000 2116.6584   33.1780
    7.5000   45.0000   15.0000 2102.9822   33.3484
   -7.5000  -45.0000   22.5000 2538.3721   24.5105
    0.0000  -45.0000   22.5000 2546.1313   24.0810
    7.5000  -45.0000   22.5000 2544.6790   24.5674
   -7.5000  -37.5000   22.5000 2632.8918   23.0494
    0.0000  -37.5000   22.5000 2649.1836   22.7724
    7.5000  -37.5000   22.5000 2642.9929   23.1509
   -7.5000  -30.0000   22.5000 2717.6724   22.0328
    0.0000  -30.0000   22.5000 2737.2732   21.8477
    7.5000  -30.0000   22.5000 2729.3162   22.0688
   -7.5000  -22.5000   22.5000 2767.3289   21.0971
    0.0000  -22.5000   22.5000 2793.7642   20.8885
    7.5000  -22.5000   22.5000 2777.2986   21.2211
   -7.5000  -15.0000   22.5000 2773.2893   20.3672
    0.0000  -15.0000   22.5000 2802.1736   20.2932
    7.5000  -15.0000   22.5000 2790.3486   20.7191
   -7.5000   -7.5000   22.5000 2773.0769   20.3563
    0.0000   -7.5000   22.5000 2803.0830   20.3761
    7.5000   -7.5000   22.5000 2782.8909   20.6444
   -7.5000    0.0000   22.5000 2731.9456   20.8394
    0.0000    0.0000   22.5000 2770.2585   20.9205
    7.5000    0.0000   22.5000 2744.1821   21.0949
   -7.5000    7.5000   22.5000 2675.4050   21.8642
    0.0000    7.5000   22.5000 2711.0374   21.9486
    7.5000    7.5000   22.5000 2685.8625   22.0784
   -7.5000   15.0000   22.5000 2586.7302   23.2934
    0.0000   15.0000   22.5000 2610.5601   23.3313
    7.5000   15.0000   22.5000 2591.3987   23.4182
   -7.5000   22.5000   22.5000 2492.9351   25.0805
    0.0000   22.5000   22.5000 2515.1675   25.1067
    7.5000   22.5000   22.5000 2504.9158   25.1672
   -7.5000   30.0000   22.5000 2377.5471   27.2263
    0.0000   30.0000   22.5000 2405.0166   27.2660
    7.5000   30.0000   22.5000 2380.6904   27.2928
   -7.5000   37.5000   22.5000 2238.6633   30.0217
    0.0000   37.5000   22.5000 2260.0161   30.0214
    7.5000   37.5000   22.5000 2250.3376   30.0627
   -7.5000   45.0000   22.5000 2079.3210   33.7992
    0.0000   45.0000   22.5000 2096.8262   33.7115
    7.5000   45.0000   22.5000 2091.3403   33.9011
   -7.5000  -45.0000   30.0000 2504.4614   25.8496
    0.0000  -45.0000   30.0000 2503.0217   25.2977
    7.5000  -45.0000   30.0000 2502.5244   25.8609
   -7.5000  -37.5000   30.0000 2592.7168   24.2876
    0.0000  -37.5000   30.0000 2596.0046   23.8112
    7.5000  -37.5000   30.0000 2596.5356   24.2458
   -7.5000  -30.0000   30.0000 2667.2405   23.0803
    0.0000  -30.0000   30.0000 2675.0164   22.6449
    7.5000  -30.0000   30.0000 2673.2849   23.0320
   -7.5000  -22.5000   30.0000 2702.7488   22.0093
    0.0000  -22.5000   30.0000 2717.0918   21.6075
    7.5000  -22.5000   30.0000 2710.9924   22.1260
   -7.5000  -15.0000   30.0000 2721.7236   21.4255
    0.0000  -15.0000   30.0000 2737.6646   21.2623
    7.5000  -15.0000   30.0000 2731.0811   21.6603
   -7.5000   -7.5000   30.0000 2722.2573   21.5246
    0.0000   -7.5000   30.0000 2739.7979   21.3458
    7.5000   -7.5000   30.0000 2722.1565   21.6411
   -7.5000    0.0000   30.0000 2692.6877   22.1481
    0.0000    0.0000   30.0000 2712.5654   21.9547
    7.5000    0.0000   30.0000 2692.6772   22.1791
   -7.5000    7.5000   30.0000 2643.7556   23.1707
    0.0000    7.5000   30.0000 2665.1326   23.0408
    7.5000    7.5000   30.0000 2645.1848   23.1964
   -7.5000   15.0000   30.0000 2561.5461   24.5333
    0.0000   15.0000   30.0000 2589.3391   24.6045
    7.5000   15.0000   30.0000 2571.6567   24.6986
   -7.5000   22.5000   30.0000 2473.9370   26.2785
    0.0000   22.5000   30.0000 2502.4966   26.4029
    7.5000   22.5000   30.0000 2481.1616   26.4684
   -7.5000   30.0000   30.0000 2342.7749   28.4064
    0.0000   30.0000   30.0000 2366.3855   28.5252
    7.5000   30.0000   30.0000 2340.9458   28.5789
   -7.5000   37.5000   30.0000 2200.9167   31.1302
    0.0000   37.5000   30.0000 2222.5110   31.2756
    7.5000   37.5000   30.0000 2199.1296   31.2961
   -7.5000   45.0000   30.0000 2059.7917   34.8941
    0.0000   45.0000   30.0000 2075.5627   34.8686
    7.5000   45.0000   30.0000 2061.0588   34.9848
   -7.5000  -45.0000   37.5000 2449.1936   27.2878
    0.0000  -45.0000   37.5000 2447.5454   26.6573
    7.5000  -45.0000   37.5000 2446.6448   27.2292
   -7.5000  -37.5000   37.5000 2538.1360   25.5408
    0.0000  -37.5000   37.5000 2531.9578   25.0287
    7.5000  -37.5000   37.5000 2533.1255   25.5216
   -7.5000  -30.0000   37.5000 2601.4485   24.2223
    0.0000  -30.0000   37.5000 2606.1611   23.7981
    7.5000  -30.0000   37.5000 2598.6926   24.1900
   -7.5000  -22.5000   37.5000 2640.6663   23.1943
    0.0000  -22.5000   37.5000 2650.6855   22.8614
    7.5000  -22.5000   37.5000 2638.7903   23.2987
   -7.5000  -15.0000   37.5000 2662.6418   22.7225
    0.0000  -15.0000   37.5000 2673.7937   22.5936
    7.5000  -15.0000   37.5000 2659.0325   22.9163
   -7.5000   -7.5000   37.5000 2653.4209   22.7979
    0.0000   -7.5000   37.5000 2671.3137   22.6646
    7.5000   -7.5000   37.5000 2651.7964   22.9111
   -7.5000    0.0000   37.5000 2632.4841   23.4086
    0.0000    0.0000   37.5000 2649.9119   23.2771
    7.5000    0.0000   37.5000 2631.6426   23.4438
   -7.5000    7.5000   37.5000 2588.2126   24.4303
    0.0000    7.5000   37.5000 2611.1951   24.3007
    7.5000    7.5000   37.5000 2593.8379   24.4374
   -7.5000   15.0000   37.5000 2524.0664   25.8513
    0.0000   15.0000   37.5000 2548.8875   25.7638
    7.5000   15.0000   37.5000 2525.6597   25.8911
   -7.5000   22.5000   37.5000 2443.8389   27.7618
    0.0000   22.5000   37.5000 2466.7158   27.8078
    7.5000   22.5000   37.5000 2439.2649   27.8773
   -7.5000   30.0000   37.5000 2309.8535   30.0554
    0.0000   30.0000   37.5000 2330.6968   30.1508
    7.5000   30.0000   37.5000 2306.4905   30.2101
   -7.5000   37.5000   37.5000 2168.8901   32.7345
    0.0000   37.5000   37.5000 2185.1846   32.8644
    7.5000   37.5000   37.5000 2163.4717   32.9393
   -7.5000   45.0000   37.5000 2032.3112   36.4424
    0.0000   45.0000   37.5000 2042.1093   36.4655
    7.5000   45.0000   37.5000 2039.5891   36.6472
   -7.5000  -45.0000   45.0000 2380.4702   28.9489
    0.0000  -45.0000   45.0000 2383.3708   28.3990
    7.5000  -45.0000   45.0000 2376.3284   28.9015
   -7.5000  -37.5000   45.0000 2461.4050   27.1139
    0.0000  -37.5000   45.0000 2465.4167   26.6398
    7.5000  -37.5000   45.0000 2455.0793   27.0288
   -7.5000  -30.0000   45.0000 2521.2637   25.7277
    0.0000  -30.0000   45.0000 2529.7942   25.2829
    7.5000  -30.0000   45.0000 2514.0889   25.6971
   -7.5000  -22.5000   45.0000 2560.3882   24.6736
    0.0000  -22.5000   45.0000 2570.2288   24.4413
    7.5000  -22.5000   45.0000 2546.0391   24.7391
   -7.5000  -15.0000   45.0000 2579.3958   24.3273
    0.0000  -15.0000   45.0000 2593.1514   24.2028
    7.5000  -15.0000   45.0000 2570.0835   24.4324
   -7.5000   -7.5000   45.0000 2570.1873   24.3980
    0.0000   -7.5000   45.0000 2590.9343   24.3240
    7.5000   -7.5000   45.0000 2566.8787   24.4748
   -7.5000    0.0000   45.0000 2547.1665   24.9598
    0.0000    0.0000   45.0000 2568.4827   24.9120
    7.5000    0.0000   45.0000 2550.1453   25.0412
   -7.5000    7.5000   45.0000 2516.7861   25.9703
    0.0000    7.5000   45.0000 2544.5132   25.9011
    7.5000    7.5000   45.0000 2522.0789   25.9817
   -7.5000   15.0000   45.0000 2466.3765   27.3810
    0.0000   15.0000   45.0000 2492.9814   27.2919
    7.5000   15.0000   45.0000 2461.7354   27.3220
   -7.5000   22.5000   45.0000 2383.1235   29.3922
    0.0000   22.5000   45.0000 2405.3909   29.4064
    7.5000   22.5000   45.0000 2380.5886   29.3863
   -7.5000   30.0000   45.0000 2249.7861   31.7958
    0.0000   30.0000   45.0000 2269.2949   31.8290
    7.5000   30.0000   45.0000 2251.7390   31.8376
   -7.5000   37.5000   45.0000 2132.4167   34.7751
    0.0000   37.5000   45.0000 2145.2468   34.7683
    7.5000   37.5000   45.0000 2129.1272   34.8941
   -7.5000   45.0000   45.0000 2000.9031   38.4751
    0.0000   45.0000   45.0000 2010.4098   38.3788
    7.5000   45.0000   45.0000 2001.7100   38.6693

---------------------------------------------------------------------
imgreg_4dfp /usr/local/freesurfer/average/711-2C_as_mni_average_305 /usr/local/freesurfer/average/711-2B_as_mni_average_305_mask talsrcimg_g11 none talsrcimg_to_711-2C_as_mni_average_305_t4 1283
---------------------------------------------------------------------

freesurfer imgreg_4dfp.c
/usr/local/freesurfer/average/711-2C_as_mni_average_305.4dfp.img
       256       256       256         1
  1.000000  1.000000  1.000000
orientation T byte_order littleendian
Reading image: /usr/local/freesurfer/average/711-2C_as_mni_average_305.4dfp.img
dimensions:      256       256       256
mmppix:       1.0000   -1.0000   -1.0000
center:     128.0000 -129.0000 -129.0000
/usr/local/freesurfer/average/711-2B_as_mni_average_305_mask.4dfp.img
       256       256       256         1
  1.000000  1.000000  1.000000
orientation T byte_order littleendian
Reading mask: /usr/local/freesurfer/average/711-2B_as_mni_average_305_mask.4dfp.img (2306576 pixels)
talsrcimg_g11.4dfp.img
       256       256       256         1
  1.000000  1.000000  1.000000
orientation T byte_order littleendian
Reading image: talsrcimg_g11.4dfp.img
dimensions:      256       256       256
mmppix:       1.0000   -1.0000   -1.0000
center:     128.0000 -129.0000 -129.0000
rotation matrix determinant  1.000000
fimgreg.f
image alignment mode   1283 decimal      503 hex
parameters
    0.0000  -22.5000   15.0000    0.0000    0.0000    0.0000
eta,q 0.89534 20.43409
niter,ni,del,rscale     5    3   12.0000    1.2000
parameters
    1.4873  -19.8551   13.1480    0.1226   -1.1857    0.0047
eta,q 0.90338 19.84801
  0.1187  0.1223  0.1059  0.1009  0.1015  0.1017
  0.1109  0.1141  0.1001  0.0989  0.0984  0.0994
  0.1062  0.1073  0.0977  0.0978  0.0964  0.0975
  0.1041  0.1013  0.1004  0.0976  0.0975  0.0966
  0.1016  0.0995  0.1054  0.0982  0.0999  0.0965
  0.1028  0.1024  0.1115  0.0992  0.1011  0.0988
  0.1092  0.1030  0.1165  0.1002  0.1066  0.1025
niter,ni,del,rscale     4    3   12.0000    1.2000
parameter  4 -0.933565 ->  0.500000 qaram    1.1500
parameters
    1.6168  -18.3120   12.7246   -3.3274   -1.2830   -0.9478
eta,q 0.90195 19.75083
  0.1123  0.1106  0.1077  0.0968  0.1045  0.1007
  0.1055  0.1041  0.1058  0.0980  0.1011  0.0990
  0.1002  0.0978  0.1000  0.0984  0.0982  0.0981
  0.0966  0.0965  0.0980  0.0979  0.0983  0.0982
  0.0979  0.0986  0.1007  0.0975  0.1001  0.0989
  0.1043  0.0994  0.1062  0.0973  0.1017  0.1008
  0.1118  0.1000  0.1121  0.0988  0.1041  0.1027
niter,ni,del,rscale     4    3   12.0000    1.2000
parameter  4 -0.406195 ->  0.500000 qaram    1.3225
parameters
    1.4638  -16.6110   12.2144   -7.2949   -1.0700    0.4832
eta,q 0.90323 19.79113
  0.1106  0.1098  0.1079  0.0986  0.1040  0.1050
  0.1058  0.1031  0.1059  0.0974  0.1008  0.1022
  0.1011  0.0983  0.1017  0.0988  0.0984  0.0994
  0.0980  0.0982  0.1004  0.1003  0.0975  0.0975
  0.0994  0.1006  0.1019  0.1000  0.0986  0.0967
  0.1056  0.0999  0.1066  0.0994  0.1005  0.0977
  0.1134  0.0999  0.1124  0.0992  0.1028  0.1008
niter,ni,del,rscale     4    3   12.0000    1.2000
parameters
    1.4600  -16.0140   11.7447   -8.2166   -0.6974    0.7995
eta,q 0.90328 19.74228
  0.1095  0.1114  0.1075  0.1014  0.1029  0.1039
  0.1043  0.1056  0.1024  0.0993  0.1003  0.1008
  0.0993  0.0979  0.0978  0.0969  0.0976  0.0985
  0.0968  0.0968  0.0981  0.0976  0.0968  0.0968
  0.0977  0.1012  0.1003  0.1007  0.0975  0.0971
  0.1032  0.1030  0.1047  0.1012  0.0991  0.0997
  0.1108  0.1054  0.1105  0.1010  0.1017  0.1029
niter,ni,del,rscale     3    3   12.0000    1.2000
parameters
    1.3743  -15.8565   11.5818   -8.8139   -0.4162    0.9994
eta,q 0.90333 19.74632
  0.1096  0.1114  0.1080  0.1021  0.1025  0.1037
  0.1043  0.1045  0.1041  0.1001  0.1002  0.1010
  0.0995  0.0973  0.0983  0.0977  0.0972  0.0985
  0.0967  0.0968  0.0971  0.0970  0.0967  0.0968
  0.0984  0.1015  0.0997  0.1003  0.0974  0.0972
  0.1042  0.1048  0.1037  0.1019  0.0989  0.1002
  0.1111  0.1078  0.1097  0.1020  0.1017  0.1033
niter,ni,del,rscale     2    3   12.0000    1.2000
parameters
    1.2979  -15.8284   11.5700   -9.0321   -0.1896    1.0879
eta,q 0.90322 19.75505
  0.1099  0.1112  0.1082  0.1028  0.1023  0.1037
  0.1046  0.1042  0.1050  0.1007  0.0999  0.1011
  0.0998  0.0974  0.0988  0.0984  0.0971  0.0986
  0.0967  0.0967  0.0967  0.0967  0.0967  0.0968
  0.0984  0.1016  0.0992  0.0996  0.0974  0.0974
  0.1046  0.1056  0.1033  0.1021  0.0988  0.1006
  0.1114  0.1085  0.1094  0.1023  0.1017  0.1037
niter,ni,del,rscale     1    3   12.0000    1.2000
parameters
    1.2264  -15.8347   11.5724   -9.1095   -0.0658    1.1158
eta,q 0.90318 19.75816
  0.1100  0.1112  0.1083  0.1033  0.1021  0.1036
  0.1048  0.1043  0.1053  0.1010  0.0997  0.1011
  0.1000  0.0977  0.0990  0.0987  0.0970  0.0986
  0.0968  0.0968  0.0968  0.0968  0.0968  0.0968
  0.0983  0.1018  0.0993  0.0993  0.0974  0.0975
  0.1047  0.1060  0.1033  0.1022  0.0988  0.1008
  0.1117  0.1087  0.1096  0.1025  0.1019  0.1040
registration optimization eta report
parameter search radius
    6.0000    6.0000    6.0000    7.9350    6.0000    6.0000
100000*second partial in parameter space
       38.       34.       32.        8.       15.       19.
  0.1100  0.1112  0.1083  0.1033  0.1021  0.1036
  0.1048  0.1043  0.1053  0.1010  0.0997  0.1011
  0.1000  0.0977  0.0990  0.0987  0.0970  0.0986
  0.0968  0.0968  0.0968  0.0968  0.0968  0.0968
  0.0983  0.1018  0.0993  0.0993  0.0974  0.0975
  0.1047  0.1060  0.1033  0.1022  0.0988  0.1008
  0.1117  0.1087  0.1096  0.1025  0.1019  0.1040
    1.2264  -15.8347   11.5724   -9.1095   -0.0658    1.1158
eta,q 0.90318 19.75816

---------------------------------------------------------------------
imgreg_4dfp /usr/local/freesurfer/average/711-2C_as_mni_average_305 /usr/local/freesurfer/average/711-2B_as_mni_average_305_mask talsrcimg_g11 none talsrcimg_to_711-2C_as_mni_average_305_t4 3335
---------------------------------------------------------------------

freesurfer imgreg_4dfp.c
/usr/local/freesurfer/average/711-2C_as_mni_average_305.4dfp.img
       256       256       256         1
  1.000000  1.000000  1.000000
orientation T byte_order littleendian
Reading image: /usr/local/freesurfer/average/711-2C_as_mni_average_305.4dfp.img
dimensions:      256       256       256
mmppix:       1.0000   -1.0000   -1.0000
center:     128.0000 -129.0000 -129.0000
/usr/local/freesurfer/average/711-2B_as_mni_average_305_mask.4dfp.img
       256       256       256         1
  1.000000  1.000000  1.000000
orientation T byte_order littleendian
Reading mask: /usr/local/freesurfer/average/711-2B_as_mni_average_305_mask.4dfp.img (2306576 pixels)
talsrcimg_g11.4dfp.img
       256       256       256         1
  1.000000  1.000000  1.000000
orientation T byte_order littleendian
Reading image: talsrcimg_g11.4dfp.img
dimensions:      256       256       256
mmppix:       1.0000   -1.0000   -1.0000
center:     128.0000 -129.0000 -129.0000
fimgreg.f
image alignment mode   3335 decimal      D07 hex
parameters
    1.2264  -15.8347   11.5724   -0.0190   -1.2803   -1.2613
   -1.9409   -0.1949    1.9473   15.8314   -0.1148  -15.8322
eta,q 0.90105 19.76420
niter,ni,del,rscale     5    3    5.0000    1.2000
parameter  4 33.472015 ->  0.500000 qaram    1.1500
parameter  5  1.919932 ->  0.500000 qaram    1.1500
parameter  6  1.170255 ->  0.500000 qaram    1.1500
parameter  9  0.597419 ->  0.500000 qaram    1.1500
parameter 10  2.078747 ->  0.500000 qaram    1.1500
parameters
    1.3548  -15.9367   11.7426   -4.1590   -5.4203   -5.4013
   -2.9983    0.8408   -2.1927   11.6914   -2.9444  -14.8918
eta,q 0.93346 19.91037
  0.1010  0.1004  0.1009  0.0792  0.0737  0.0693  0.0737  0.0797  0.0709  0.0647  0.0671  0.0675
  0.1001  0.0995  0.1001  0.0845  0.0767  0.0712  0.0724  0.0765  0.0708  0.0662  0.0666  0.0669
  0.0994  0.0990  0.0993  0.0912  0.0807  0.0737  0.0717  0.0737  0.0709  0.0683  0.0666  0.0666
  0.0989  0.0989  0.0989  0.0989  0.0862  0.0776  0.0718  0.0717  0.0712  0.0709  0.0667  0.0665
  0.0990  0.0992  0.0990  0.1067  0.0930  0.0852  0.0724  0.0712  0.0718  0.0739  0.0674  0.0666
  0.0996  0.0998  0.0996  0.1138  0.1006  0.0941  0.0735  0.0729  0.0727  0.0773  0.0687  0.0667
  0.1008  0.1005  0.1006  0.1192  0.1080  0.1012  0.0751  0.0770  0.0741  0.0809  0.0706  0.0671
niter,ni,del,rscale     7    3    5.0000    1.2000
parameter  1  0.726983 ->  0.500000 qaram    1.1500
parameter  2 -0.737925 -> -0.500000 qaram    1.1500
parameter  3  5.444168 ->  0.500000 qaram    1.1500
parameter  4  0.932334 ->  0.500000 qaram    1.3225
parameter  5  0.863059 ->  0.500000 qaram    1.3225
parameter  6  0.573538 ->  0.500000 qaram    1.3225
parameter  7 -0.548594 -> -0.500000 qaram    1.1500
parameter 10  1.122499 ->  0.500000 qaram    1.3225
parameter 11  0.643820 ->  0.500000 qaram    1.1500
parameter 12 -4.281882 -> -0.500000 qaram    1.1500
parameters
   -0.0252  -14.5567   10.3626   -8.9200  -10.1813  -10.1623
    1.1417    2.8120   -2.2121    6.9304   -7.0844  -10.7518
eta,q 0.95728 19.23465
  0.0654  0.0694  0.0562  0.0518  0.0459  0.0454  0.0495  0.0503  0.0472  0.0433  0.0436  0.0451
  0.0648  0.0677  0.0582  0.0523  0.0475  0.0462  0.0482  0.0482  0.0464  0.0436  0.0435  0.0445
  0.0652  0.0661  0.0607  0.0540  0.0496  0.0474  0.0473  0.0469  0.0460  0.0445  0.0436  0.0440
  0.0665  0.0648  0.0637  0.0588  0.0526  0.0480  0.0466  0.0462  0.0459  0.0459  0.0438  0.0435
  0.0686  0.0639  0.0667  0.0673  0.0580  0.0507  0.0462  0.0458  0.0460  0.0476  0.0442  0.0431
  0.0710  0.0637  0.0697  0.0774  0.0667  0.0564  0.0462  0.0461  0.0464  0.0498  0.0448  0.0426
  0.0735  0.0640  0.0726  0.0859  0.0771  0.0677  0.0465  0.0474  0.0472  0.0524  0.0455  0.0422
niter,ni,del,rscale     7    3    5.0000    1.2000
parameter  2 -0.958609 -> -0.500000 qaram    1.3225
parameter  3  5.560720 ->  0.500000 qaram    1.3225
parameter  5  0.653650 ->  0.500000 qaram    1.5209
parameter 12 -1.122781 -> -0.500000 qaram    1.3225
parameters
   -0.0223  -12.9697    8.7756  -12.2306  -15.6565  -13.0639
    0.5762    4.8865   -1.3453    8.3565   -8.2816   -5.9908
eta,q 0.96798 18.51020
  0.0461  0.0479  0.0328  0.0378  0.0326  0.0347  0.0354  0.0368  0.0356  0.0367  0.0336  0.0353
  0.0443  0.0458  0.0353  0.0368  0.0331  0.0340  0.0342  0.0354  0.0344  0.0350  0.0331  0.0344
  0.0432  0.0441  0.0382  0.0362  0.0344  0.0334  0.0335  0.0342  0.0335  0.0338  0.0329  0.0336
  0.0427  0.0427  0.0413  0.0361  0.0363  0.0334  0.0333  0.0333  0.0330  0.0330  0.0329  0.0328
  0.0430  0.0417  0.0446  0.0377  0.0394  0.0346  0.0338  0.0331  0.0332  0.0329  0.0331  0.0323
  0.0441  0.0412  0.0480  0.0438  0.0462  0.0363  0.0348  0.0335  0.0338  0.0336  0.0335  0.0320
  0.0462  0.0411  0.0515  0.0532  0.0565  0.0423  0.0359  0.0344  0.0348  0.0352  0.0342  0.0319
niter,ni,del,rscale     7    3    5.0000    1.2000
parameter  2 -0.529466 -> -0.500000 qaram    1.5209
parameter  3  1.699495 ->  0.500000 qaram    1.5209
parameters
    0.4001  -11.1446    6.9505  -12.7154  -19.3006  -13.9114
    0.0751    5.0181   -1.3412    9.2842   -8.6171   -8.4160
eta,q 0.97293 18.14544
  0.0360  0.0381  0.0257  0.0302  0.0290  0.0297  0.0300  0.0304  0.0298  0.0318  0.0279  0.0278
  0.0341  0.0357  0.0270  0.0290  0.0276  0.0287  0.0285  0.0289  0.0284  0.0297  0.0275  0.0273
  0.0327  0.0335  0.0288  0.0281  0.0271  0.0278  0.0275  0.0277  0.0275  0.0281  0.0272  0.0271
  0.0320  0.0320  0.0311  0.0275  0.0275  0.0271  0.0273  0.0272  0.0272  0.0272  0.0271  0.0271
  0.0321  0.0312  0.0339  0.0270  0.0289  0.0271  0.0278  0.0276  0.0276  0.0273  0.0272  0.0275
  0.0328  0.0311  0.0372  0.0278  0.0328  0.0280  0.0291  0.0285  0.0284  0.0284  0.0276  0.0282
  0.0342  0.0319  0.0409  0.0327  0.0412  0.0327  0.0306  0.0303  0.0297  0.0306  0.0281  0.0293
niter,ni,del,rscale     7    3    5.0000    1.2000
parameter  3  1.106038 ->  0.500000 qaram    1.7490
parameters
    0.5160  -11.2713    4.8517  -12.1053  -18.7752  -13.8918
    0.0416    4.6680   -1.1131   10.1234   -9.0777  -11.5536
eta,q 0.97574 18.18423
  0.0308  0.0320  0.0240  0.0282  0.0295  0.0282  0.0276  0.0277  0.0274  0.0297  0.0253  0.0250
  0.0289  0.0293  0.0244  0.0266  0.0272  0.0266  0.0260  0.0261  0.0259  0.0272  0.0248  0.0244
  0.0276  0.0276  0.0255  0.0254  0.0255  0.0254  0.0249  0.0249  0.0249  0.0254  0.0245  0.0243
  0.0271  0.0271  0.0271  0.0247  0.0246  0.0245  0.0245  0.0245  0.0245  0.0245  0.0244  0.0244
  0.0274  0.0278  0.0292  0.0241  0.0247  0.0238  0.0250  0.0249  0.0248  0.0247  0.0246  0.0250
  0.0285  0.0298  0.0318  0.0243  0.0259  0.0245  0.0261  0.0262  0.0257  0.0260  0.0250  0.0258
  0.0303  0.0327  0.0351  0.0285  0.0293  0.0301  0.0276  0.0287  0.0271  0.0282  0.0255  0.0269
niter,ni,del,rscale     7    3    5.0000    1.2000
parameter  3  0.560192 ->  0.500000 qaram    2.0114
parameters
    0.4412  -11.1127    2.4381  -12.7204  -17.8336  -15.7109
   -0.2309    4.2627   -0.7852   10.7631   -9.8397  -13.4129
eta,q 0.97660 18.06031
  0.0277  0.0306  0.0238  0.0267  0.0289  0.0270  0.0263  0.0267  0.0264  0.0288  0.0243  0.0245
  0.0258  0.0273  0.0233  0.0251  0.0265  0.0252  0.0248  0.0251  0.0249  0.0262  0.0239  0.0238
  0.0246  0.0252  0.0234  0.0239  0.0245  0.0238  0.0238  0.0239  0.0239  0.0244  0.0236  0.0234
  0.0243  0.0243  0.0242  0.0232  0.0233  0.0232  0.0235  0.0235  0.0235  0.0235  0.0235  0.0235
  0.0248  0.0247  0.0259  0.0226  0.0233  0.0225  0.0240  0.0239  0.0237  0.0239  0.0236  0.0239
  0.0261  0.0266  0.0283  0.0241  0.0243  0.0263  0.0251  0.0252  0.0246  0.0253  0.0241  0.0247
  0.0281  0.0296  0.0314  0.0300  0.0280  0.0396  0.0266  0.0279  0.0260  0.0276  0.0247  0.0257
niter,ni,del,rscale     7    3    5.0000    1.2000
parameters
    0.3412  -10.9462    2.1208  -12.5433  -17.9633  -16.2896
   -0.3463    4.2189   -0.5090   11.0575  -10.2423  -13.8781
eta,q 0.97650 18.03833
  0.0267  0.0297  0.0271  0.0270  0.0286  0.0282  0.0264  0.0269  0.0264  0.0285  0.0244  0.0249
  0.0249  0.0265  0.0253  0.0253  0.0263  0.0261  0.0248  0.0252  0.0249  0.0260  0.0239  0.0242
  0.0237  0.0243  0.0239  0.0241  0.0244  0.0244  0.0238  0.0240  0.0239  0.0242  0.0236  0.0236
  0.0234  0.0234  0.0234  0.0234  0.0234  0.0234  0.0235  0.0235  0.0235  0.0235  0.0235  0.0235
  0.0239  0.0239  0.0240  0.0229  0.0235  0.0226  0.0239  0.0238  0.0238  0.0240  0.0236  0.0237
  0.0252  0.0258  0.0258  0.0235  0.0249  0.0239  0.0250  0.0250  0.0247  0.0256  0.0240  0.0243
  0.0272  0.0286  0.0285  0.0281  0.0303  0.0331  0.0265  0.0273  0.0260  0.0280  0.0246  0.0253
niter,ni,del,rscale     6    3    5.0000    1.2000
parameters
    0.3330  -10.8820    2.0415  -12.5486  -17.8915  -16.1938
   -0.3746    4.2198   -0.3783   11.1842  -10.4137  -14.0565
eta,q 0.97652 18.06017
  0.0270  0.0294  0.0275  0.0270  0.0289  0.0286  0.0264  0.0269  0.0262  0.0283  0.0244  0.0250
  0.0251  0.0263  0.0257  0.0253  0.0266  0.0265  0.0249  0.0252  0.0248  0.0259  0.0239  0.0242
  0.0239  0.0243  0.0242  0.0241  0.0246  0.0247  0.0238  0.0240  0.0239  0.0242  0.0236  0.0237
  0.0235  0.0235  0.0235  0.0235  0.0235  0.0235  0.0235  0.0235  0.0235  0.0235  0.0235  0.0235
  0.0239  0.0242  0.0239  0.0230  0.0236  0.0228  0.0239  0.0238  0.0238  0.0241  0.0236  0.0237
  0.0251  0.0261  0.0256  0.0238  0.0249  0.0232  0.0249  0.0249  0.0247  0.0257  0.0239  0.0243
  0.0270  0.0289  0.0281  0.0284  0.0301  0.0310  0.0264  0.0272  0.0261  0.0281  0.0245  0.0251
niter,ni,del,rscale     5    3    5.0000    1.2000
parameters
    0.3310  -10.8650    2.0119  -12.5669  -17.8992  -16.2900
   -0.3884    4.2323   -0.3222   11.2078  -10.4858  -14.0784
eta,q 0.97649 18.05190
  0.0270  0.0292  0.0276  0.0270  0.0288  0.0285  0.0264  0.0270  0.0262  0.0282  0.0244  0.0251
  0.0251  0.0262  0.0257  0.0253  0.0265  0.0264  0.0249  0.0252  0.0248  0.0258  0.0239  0.0243
  0.0239  0.0242  0.0242  0.0241  0.0246  0.0246  0.0239  0.0240  0.0239  0.0241  0.0236  0.0237
  0.0235  0.0235  0.0235  0.0235  0.0235  0.0235  0.0235  0.0235  0.0235  0.0235  0.0235  0.0235
  0.0239  0.0242  0.0239  0.0230  0.0235  0.0227  0.0239  0.0238  0.0238  0.0241  0.0236  0.0237
  0.0251  0.0262  0.0254  0.0238  0.0249  0.0234  0.0250  0.0249  0.0248  0.0258  0.0240  0.0242
  0.0270  0.0290  0.0280  0.0285  0.0303  0.0316  0.0264  0.0272  0.0262  0.0282  0.0245  0.0251
niter,ni,del,rscale     4    3    5.0000    1.2000
parameters
    0.3287  -10.8574    2.0036  -12.5534  -17.8924  -16.2607
   -0.3789    4.2331   -0.3022   11.2202  -10.5061  -14.0966
eta,q 0.97649 18.05706
  0.0270  0.0292  0.0276  0.0270  0.0288  0.0286  0.0264  0.0269  0.0262  0.0282  0.0244  0.0251
  0.0251  0.0262  0.0258  0.0254  0.0266  0.0265  0.0249  0.0252  0.0248  0.0258  0.0239  0.0243
  0.0239  0.0242  0.0243  0.0241  0.0246  0.0247  0.0239  0.0240  0.0238  0.0241  0.0236  0.0237
  0.0235  0.0235  0.0235  0.0235  0.0235  0.0235  0.0235  0.0235  0.0235  0.0235  0.0235  0.0235
  0.0239  0.0243  0.0239  0.0230  0.0236  0.0228  0.0239  0.0238  0.0238  0.0241  0.0236  0.0237
  0.0251  0.0262  0.0254  0.0238  0.0249  0.0232  0.0250  0.0249  0.0248  0.0258  0.0239  0.0242
  0.0270  0.0291  0.0280  0.0284  0.0303  0.0312  0.0264  0.0272  0.0262  0.0282  0.0245  0.0251
registration optimization eta report
parameter search radius
    2.7600    3.6501    4.8273    9.5220   10.9503    9.5220
    8.2800    7.2000    8.2800    9.5220    8.2800    9.5220
100000*second partial in parameter space
       46.       42.       18.        5.        5.        7.
        4.        7.        4.        5.        1.        2.
  0.0270  0.0292  0.0276  0.0270  0.0288  0.0286  0.0264  0.0269  0.0262  0.0282  0.0244  0.0251
  0.0251  0.0262  0.0258  0.0254  0.0266  0.0265  0.0249  0.0252  0.0248  0.0258  0.0239  0.0243
  0.0239  0.0242  0.0243  0.0241  0.0246  0.0247  0.0239  0.0240  0.0238  0.0241  0.0236  0.0237
  0.0235  0.0235  0.0235  0.0235  0.0235  0.0235  0.0235  0.0235  0.0235  0.0235  0.0235  0.0235
  0.0239  0.0243  0.0239  0.0230  0.0236  0.0228  0.0239  0.0238  0.0238  0.0241  0.0236  0.0237
  0.0251  0.0262  0.0254  0.0238  0.0249  0.0232  0.0250  0.0249  0.0248  0.0258  0.0239  0.0242
  0.0270  0.0291  0.0280  0.0284  0.0303  0.0312  0.0264  0.0272  0.0262  0.0282  0.0245  0.0251
    0.3287  -10.8574    2.0036  -12.5534  -17.8924  -16.2607
   -0.3789    4.2331   -0.3022   11.2202  -10.5061  -14.0966
eta,q 0.97649 18.05706

---------------------------------------------------------------------
imgreg_4dfp /usr/local/freesurfer/average/711-2C_as_mni_average_305 /usr/local/freesurfer/average/711-2B_as_mni_average_305_mask talsrcimg_g11 none talsrcimg_to_711-2C_as_mni_average_305_t4 2311
---------------------------------------------------------------------

freesurfer imgreg_4dfp.c
/usr/local/freesurfer/average/711-2C_as_mni_average_305.4dfp.img
       256       256       256         1
  1.000000  1.000000  1.000000
orientation T byte_order littleendian
Reading image: /usr/local/freesurfer/average/711-2C_as_mni_average_305.4dfp.img
dimensions:      256       256       256
mmppix:       1.0000   -1.0000   -1.0000
center:     128.0000 -129.0000 -129.0000
/usr/local/freesurfer/average/711-2B_as_mni_average_305_mask.4dfp.img
       256       256       256         1
  1.000000  1.000000  1.000000
orientation T byte_order littleendian
Reading mask: /usr/local/freesurfer/average/711-2B_as_mni_average_305_mask.4dfp.img (2306576 pixels)
talsrcimg_g11.4dfp.img
       256       256       256         1
  1.000000  1.000000  1.000000
orientation T byte_order littleendian
Reading image: talsrcimg_g11.4dfp.img
dimensions:      256       256       256
mmppix:       1.0000   -1.0000   -1.0000
center:     128.0000 -129.0000 -129.0000
fimgreg.f
image alignment mode   2311 decimal      907 hex
parameters
    0.3287  -10.8574    2.0036  -12.5534  -17.8924  -16.2607
   -0.3789    4.2331   -0.3022   11.2202  -10.5061  -14.0966
eta,q 0.97649 18.05707
niter,ni,del,rscale     5    3    5.0000    0.8000
parameter  4 -1.285072 -> -0.500000 qaram    1.1500
parameter  6 -3.741423 -> -0.500000 qaram    1.1500
parameters
    0.3142  -10.8939    2.2821   -9.7934  -16.1500  -13.5007
   -0.0602    4.4571    0.1397   12.2265  -10.1584  -14.0866
eta,q 0.97800 18.76960
  0.0247  0.0247  0.0242  0.0247  0.0247  0.0251  0.0235  0.0252  0.0233  0.0238  0.0226  0.0225
  0.0240  0.0240  0.0239  0.0241  0.0240  0.0242  0.0228  0.0235  0.0227  0.0230  0.0223  0.0222
  0.0236  0.0236  0.0236  0.0237  0.0234  0.0235  0.0223  0.0225  0.0223  0.0224  0.0221  0.0221
  0.0235  0.0235  0.0235  0.0235  0.0230  0.0229  0.0221  0.0221  0.0221  0.0221  0.0220  0.0220
  0.0237  0.0237  0.0235  0.0232  0.0229  0.0225  0.0222  0.0222  0.0221  0.0220  0.0220  0.0220
  0.0241  0.0241  0.0236  0.0230  0.0230  0.0219  0.0225  0.0230  0.0224  0.0223  0.0222  0.0222
  0.0247  0.0248  0.0239  0.0229  0.0233  0.0212  0.0232  0.0247  0.0229  0.0228  0.0224  0.0224
niter,ni,del,rscale     6    3    5.0000    0.9000
parameters
    0.3521  -10.9073    1.6138  -11.0953  -15.7171  -14.7146
   -0.0240    4.3963    0.1031   11.8689  -10.6943  -14.5296
eta,q 0.97722 18.56886
  0.0241  0.0236  0.0222  0.0236  0.0238  0.0246  0.0242  0.0252  0.0240  0.0242  0.0230  0.0232
  0.0230  0.0227  0.0219  0.0230  0.0230  0.0237  0.0234  0.0238  0.0233  0.0234  0.0229  0.0230
  0.0223  0.0222  0.0219  0.0224  0.0225  0.0231  0.0230  0.0230  0.0229  0.0229  0.0228  0.0228
  0.0220  0.0220  0.0220  0.0219  0.0222  0.0222  0.0228  0.0228  0.0228  0.0228  0.0228  0.0228
  0.0222  0.0222  0.0222  0.0220  0.0223  0.0217  0.0229  0.0229  0.0229  0.0230  0.0228  0.0229
  0.0228  0.0227  0.0226  0.0242  0.0226  0.0249  0.0234  0.0237  0.0234  0.0236  0.0229  0.0231
  0.0240  0.0236  0.0230  0.0284  0.0234  0.0319  0.0242  0.0255  0.0240  0.0246  0.0232  0.0234
niter,ni,del,rscale     5    3    5.0000    0.8000
parameters
    0.3336  -10.8017    1.7743  -10.7386  -15.8279  -14.3442
    0.0006    4.5116    0.2100   12.0335  -10.5554  -14.5967
eta,q 0.97747 18.63874
  0.0240  0.0242  0.0232  0.0242  0.0237  0.0247  0.0237  0.0248  0.0236  0.0239  0.0229  0.0230
  0.0233  0.0234  0.0230  0.0236  0.0231  0.0238  0.0231  0.0235  0.0230  0.0232  0.0227  0.0227
  0.0229  0.0230  0.0228  0.0232  0.0228  0.0232  0.0227  0.0228  0.0227  0.0227  0.0226  0.0226
  0.0228  0.0228  0.0228  0.0228  0.0227  0.0227  0.0225  0.0225  0.0225  0.0225  0.0225  0.0225
  0.0229  0.0229  0.0228  0.0224  0.0228  0.0218  0.0226  0.0226  0.0226  0.0226  0.0226  0.0226
  0.0233  0.0232  0.0229  0.0226  0.0231  0.0219  0.0230  0.0232  0.0230  0.0230  0.0226  0.0227
  0.0241  0.0238  0.0231  0.0245  0.0238  0.0254  0.0237  0.0246  0.0235  0.0237  0.0228  0.0230
niter,ni,del,rscale     4    3    5.0000    0.7000
parameters
    0.3342  -10.8240    1.5672  -10.4359  -15.5898  -14.2753
    0.0652    4.5452    0.2483   12.2331  -10.5068  -14.5332
eta,q 0.97759 18.70096
  0.0236  0.0235  0.0227  0.0238  0.0233  0.0242  0.0233  0.0242  0.0232  0.0235  0.0227  0.0228
  0.0230  0.0229  0.0226  0.0233  0.0229  0.0235  0.0229  0.0232  0.0228  0.0229  0.0225  0.0226
  0.0226  0.0226  0.0225  0.0229  0.0226  0.0230  0.0225  0.0226  0.0225  0.0225  0.0224  0.0224
  0.0225  0.0225  0.0225  0.0225  0.0224  0.0224  0.0224  0.0224  0.0224  0.0224  0.0224  0.0224
  0.0226  0.0227  0.0226  0.0222  0.0225  0.0216  0.0225  0.0225  0.0225  0.0225  0.0224  0.0224
  0.0230  0.0230  0.0227  0.0225  0.0227  0.0221  0.0228  0.0231  0.0227  0.0228  0.0225  0.0226
  0.0236  0.0235  0.0229  0.0240  0.0232  0.0253  0.0233  0.0243  0.0231  0.0233  0.0227  0.0227
niter,ni,del,rscale     3    3    5.0000    0.6000
parameters
    0.3269  -10.8221    1.4669  -10.0670  -15.4761  -13.9191
    0.1149    4.5846    0.3128   12.5485  -10.5690  -14.3990
eta,q 0.97788 18.78589
  0.0232  0.0231  0.0226  0.0235  0.0230  0.0238  0.0228  0.0238  0.0227  0.0230  0.0224  0.0224
  0.0228  0.0227  0.0225  0.0231  0.0226  0.0233  0.0225  0.0229  0.0224  0.0225  0.0222  0.0222
  0.0225  0.0225  0.0224  0.0228  0.0224  0.0229  0.0222  0.0223  0.0222  0.0222  0.0221  0.0221
  0.0224  0.0224  0.0224  0.0224  0.0223  0.0223  0.0221  0.0221  0.0221  0.0221  0.0221  0.0221
  0.0225  0.0225  0.0224  0.0221  0.0224  0.0216  0.0222  0.0222  0.0222  0.0222  0.0221  0.0222
  0.0228  0.0227  0.0225  0.0224  0.0225  0.0218  0.0224  0.0227  0.0224  0.0223  0.0223  0.0222
  0.0232  0.0231  0.0226  0.0235  0.0229  0.0242  0.0228  0.0238  0.0227  0.0227  0.0224  0.0224
niter,ni,del,rscale     2    3    5.0000    0.5000
parameters
    0.3244  -10.8507    1.3299   -9.8459  -15.3510  -13.6640
    0.1550    4.6275    0.3747   12.7736  -10.6837  -14.3319
eta,q 0.97810 18.84037
  0.0227  0.0226  0.0223  0.0231  0.0225  0.0234  0.0224  0.0232  0.0223  0.0225  0.0222  0.0221
  0.0224  0.0223  0.0221  0.0228  0.0223  0.0231  0.0221  0.0225  0.0221  0.0222  0.0220  0.0220
  0.0222  0.0222  0.0221  0.0224  0.0221  0.0227  0.0220  0.0221  0.0219  0.0220  0.0219  0.0219
  0.0221  0.0221  0.0221  0.0221  0.0221  0.0221  0.0219  0.0219  0.0219  0.0219  0.0219  0.0219
  0.0222  0.0222  0.0222  0.0220  0.0221  0.0215  0.0219  0.0220  0.0219  0.0219  0.0219  0.0219
  0.0224  0.0224  0.0222  0.0222  0.0222  0.0219  0.0221  0.0224  0.0221  0.0221  0.0220  0.0220
  0.0227  0.0226  0.0224  0.0232  0.0225  0.0238  0.0224  0.0232  0.0223  0.0224  0.0222  0.0221
niter,ni,del,rscale     1    3    5.0000    0.4000
parameters
    0.3223  -10.8643    1.3418   -9.5795  -15.3842  -13.2415
    0.1332    4.6277    0.3862   12.9405  -10.7307  -14.1602
eta,q 0.97839 18.89245
  0.0223  0.0222  0.0221  0.0227  0.0221  0.0231  0.0220  0.0226  0.0219  0.0221  0.0219  0.0218
  0.0221  0.0220  0.0220  0.0224  0.0220  0.0228  0.0218  0.0221  0.0217  0.0218  0.0217  0.0217
  0.0219  0.0219  0.0219  0.0221  0.0219  0.0224  0.0217  0.0217  0.0216  0.0217  0.0216  0.0216
  0.0219  0.0219  0.0219  0.0219  0.0218  0.0218  0.0216  0.0216  0.0216  0.0216  0.0216  0.0216
  0.0219  0.0219  0.0219  0.0218  0.0219  0.0214  0.0217  0.0217  0.0216  0.0216  0.0216  0.0216
  0.0221  0.0220  0.0220  0.0220  0.0220  0.0217  0.0218  0.0221  0.0217  0.0218  0.0217  0.0217
  0.0223  0.0222  0.0221  0.0226  0.0221  0.0230  0.0220  0.0227  0.0219  0.0220  0.0219  0.0217
registration optimization eta report
parameter search radius
    0.8000    0.8000    0.8000    2.7600    2.4000    2.7600
    2.4000    2.4000    2.4000    2.4000    2.4000    2.4000
100000*second partial in parameter space
       69.       50.       28.       10.        5.       16.
        6.       18.        4.        7.        5.        3.
  0.0223  0.0222  0.0221  0.0227  0.0221  0.0231  0.0220  0.0226  0.0219  0.0221  0.0219  0.0218
  0.0221  0.0220  0.0220  0.0224  0.0220  0.0228  0.0218  0.0221  0.0217  0.0218  0.0217  0.0217
  0.0219  0.0219  0.0219  0.0221  0.0219  0.0224  0.0217  0.0217  0.0216  0.0217  0.0216  0.0216
  0.0219  0.0219  0.0219  0.0219  0.0218  0.0218  0.0216  0.0216  0.0216  0.0216  0.0216  0.0216
  0.0219  0.0219  0.0219  0.0218  0.0219  0.0214  0.0217  0.0217  0.0216  0.0216  0.0216  0.0216
  0.0221  0.0220  0.0220  0.0220  0.0220  0.0217  0.0218  0.0221  0.0217  0.0218  0.0217  0.0217
  0.0223  0.0222  0.0221  0.0226  0.0221  0.0230  0.0220  0.0227  0.0219  0.0220  0.0219  0.0217
    0.3223  -10.8643    1.3418   -9.5795  -15.3842  -13.2415
    0.1332    4.6277    0.3862   12.9405  -10.7307  -14.1602
eta,q 0.97839 18.89245

---------------------------------------------------------------------
imgreg_4dfp /usr/local/freesurfer/average/711-2C_as_mni_average_305 /usr/local/freesurfer/average/711-2B_as_mni_average_305_mask talsrcimg_g11 none talsrcimg_to_711-2C_as_mni_average_305_t4 2311
---------------------------------------------------------------------

freesurfer imgreg_4dfp.c
/usr/local/freesurfer/average/711-2C_as_mni_average_305.4dfp.img
       256       256       256         1
  1.000000  1.000000  1.000000
orientation T byte_order littleendian
Reading image: /usr/local/freesurfer/average/711-2C_as_mni_average_305.4dfp.img
dimensions:      256       256       256
mmppix:       1.0000   -1.0000   -1.0000
center:     128.0000 -129.0000 -129.0000
/usr/local/freesurfer/average/711-2B_as_mni_average_305_mask.4dfp.img
       256       256       256         1
  1.000000  1.000000  1.000000
orientation T byte_order littleendian
Reading mask: /usr/local/freesurfer/average/711-2B_as_mni_average_305_mask.4dfp.img (2306576 pixels)
talsrcimg_g11.4dfp.img
       256       256       256         1
  1.000000  1.000000  1.000000
orientation T byte_order littleendian
Reading image: talsrcimg_g11.4dfp.img
dimensions:      256       256       256
mmppix:       1.0000   -1.0000   -1.0000
center:     128.0000 -129.0000 -129.0000
fimgreg.f
image alignment mode   2311 decimal      907 hex
parameters
    0.3223  -10.8643    1.3418   -9.5795  -15.3842  -13.2415
    0.1332    4.6277    0.3862   12.9405  -10.7307  -14.1602
eta,q 0.97839 18.89245
niter,ni,del,rscale     5    3    5.0000    0.8000
parameters
    0.3204  -10.8842    1.6823  -10.4180  -15.6585  -13.8431
    0.1349    4.5962    0.3150   12.3241  -10.4796  -14.2409
eta,q 0.97781 18.73405
  0.0236  0.0229  0.0233  0.0230  0.0229  0.0238  0.0234  0.0247  0.0231  0.0232  0.0227  0.0227
  0.0225  0.0222  0.0223  0.0225  0.0223  0.0233  0.0228  0.0233  0.0226  0.0226  0.0224  0.0224
  0.0219  0.0217  0.0218  0.0221  0.0219  0.0227  0.0224  0.0225  0.0223  0.0223  0.0222  0.0222
  0.0216  0.0216  0.0216  0.0216  0.0218  0.0218  0.0222  0.0222  0.0222  0.0222  0.0222  0.0222
  0.0218  0.0218  0.0217  0.0218  0.0220  0.0214  0.0223  0.0224  0.0223  0.0224  0.0222  0.0223
  0.0225  0.0222  0.0219  0.0231  0.0224  0.0234  0.0227  0.0232  0.0227  0.0230  0.0223  0.0224
  0.0236  0.0229  0.0222  0.0258  0.0232  0.0271  0.0234  0.0250  0.0232  0.0240  0.0226  0.0227
niter,ni,del,rscale     4    3    5.0000    0.7000
parameters
    0.3285  -10.8701    1.4137  -10.2115  -15.4753  -14.0067
    0.1411    4.5516    0.3057   12.4489  -10.5003  -14.3235
eta,q 0.97780 18.75852
  0.0233  0.0232  0.0224  0.0233  0.0230  0.0237  0.0231  0.0243  0.0229  0.0233  0.0226  0.0226
  0.0227  0.0226  0.0222  0.0229  0.0225  0.0232  0.0226  0.0231  0.0225  0.0227  0.0224  0.0223
  0.0223  0.0223  0.0222  0.0226  0.0222  0.0228  0.0223  0.0224  0.0223  0.0223  0.0222  0.0222
  0.0222  0.0222  0.0222  0.0222  0.0221  0.0221  0.0222  0.0222  0.0222  0.0222  0.0222  0.0222
  0.0223  0.0223  0.0223  0.0219  0.0222  0.0215  0.0223  0.0224  0.0223  0.0223  0.0222  0.0223
  0.0227  0.0226  0.0224  0.0223  0.0224  0.0224  0.0226  0.0230  0.0225  0.0226  0.0224  0.0224
  0.0233  0.0231  0.0226  0.0236  0.0229  0.0253  0.0231  0.0245  0.0230  0.0232  0.0226  0.0226
niter,ni,del,rscale     3    3    5.0000    0.6000
parameters
    0.3200  -10.8489    1.3830   -9.8448  -15.4275  -13.6699
    0.1296    4.5661    0.3561   12.7039  -10.5698  -14.2216
eta,q 0.97809 18.83076
  0.0231  0.0229  0.0225  0.0232  0.0228  0.0235  0.0226  0.0238  0.0225  0.0228  0.0223  0.0222
  0.0226  0.0225  0.0223  0.0229  0.0224  0.0231  0.0222  0.0228  0.0222  0.0224  0.0221  0.0220
  0.0223  0.0223  0.0222  0.0225  0.0222  0.0227  0.0220  0.0221  0.0220  0.0221  0.0219  0.0219
  0.0222  0.0222  0.0222  0.0222  0.0221  0.0221  0.0219  0.0219  0.0219  0.0219  0.0219  0.0219
  0.0223  0.0223  0.0222  0.0220  0.0222  0.0215  0.0220  0.0221  0.0220  0.0219  0.0220  0.0219
  0.0226  0.0225  0.0223  0.0222  0.0224  0.0218  0.0222  0.0227  0.0222  0.0222  0.0221  0.0220
  0.0231  0.0229  0.0225  0.0232  0.0227  0.0238  0.0227  0.0239  0.0225  0.0226  0.0223  0.0222
niter,ni,del,rscale     2    3    5.0000    0.5000
parameters
    0.3240  -10.8735    1.3833   -9.6617  -15.4041  -13.3116
    0.1228    4.5830    0.3736   12.8457  -10.6558  -14.1260
eta,q 0.97834 18.87684
  0.0226  0.0224  0.0222  0.0228  0.0223  0.0232  0.0222  0.0232  0.0221  0.0223  0.0220  0.0219
  0.0222  0.0221  0.0220  0.0225  0.0221  0.0229  0.0219  0.0224  0.0218  0.0220  0.0218  0.0218
  0.0220  0.0220  0.0219  0.0222  0.0219  0.0224  0.0217  0.0219  0.0217  0.0218  0.0217  0.0217
  0.0219  0.0219  0.0219  0.0219  0.0219  0.0219  0.0217  0.0217  0.0217  0.0217  0.0217  0.0217
  0.0220  0.0220  0.0220  0.0218  0.0219  0.0214  0.0217  0.0218  0.0217  0.0217  0.0217  0.0217
  0.0222  0.0221  0.0220  0.0221  0.0221  0.0217  0.0219  0.0223  0.0218  0.0219  0.0218  0.0218
  0.0226  0.0224  0.0222  0.0228  0.0223  0.0232  0.0222  0.0232  0.0221  0.0222  0.0220  0.0219
niter,ni,del,rscale     1    3    5.0000    0.4000
parameters
    0.3340  -10.8902    1.4803   -9.4710  -15.4663  -12.9049
    0.0960    4.5777    0.3557   12.9111  -10.6763  -14.0165
eta,q 0.97856 18.91568
  0.0221  0.0220  0.0220  0.0223  0.0219  0.0228  0.0218  0.0225  0.0217  0.0219  0.0217  0.0216
  0.0219  0.0218  0.0218  0.0221  0.0218  0.0225  0.0216  0.0219  0.0215  0.0217  0.0216  0.0215
  0.0217  0.0217  0.0217  0.0218  0.0217  0.0221  0.0215  0.0216  0.0215  0.0215  0.0215  0.0215
  0.0217  0.0217  0.0217  0.0217  0.0216  0.0216  0.0214  0.0214  0.0214  0.0214  0.0214  0.0214
  0.0217  0.0217  0.0217  0.0216  0.0217  0.0213  0.0215  0.0215  0.0215  0.0215  0.0215  0.0215
  0.0219  0.0218  0.0217  0.0218  0.0218  0.0216  0.0216  0.0219  0.0216  0.0216  0.0216  0.0215
  0.0221  0.0220  0.0218  0.0223  0.0219  0.0226  0.0218  0.0226  0.0217  0.0219  0.0217  0.0216
registration optimization eta report
parameter search radius
    0.8000    0.8000    0.8000    2.4000    2.4000    2.4000
    2.4000    2.4000    2.4000    2.4000    2.4000    2.4000
100000*second partial in parameter space
       74.       50.       37.       11.        5.       19.
        6.       20.        4.        8.        5.        3.
  0.0221  0.0220  0.0220  0.0223  0.0219  0.0228  0.0218  0.0225  0.0217  0.0219  0.0217  0.0216
  0.0219  0.0218  0.0218  0.0221  0.0218  0.0225  0.0216  0.0219  0.0215  0.0217  0.0216  0.0215
  0.0217  0.0217  0.0217  0.0218  0.0217  0.0221  0.0215  0.0216  0.0215  0.0215  0.0215  0.0215
  0.0217  0.0217  0.0217  0.0217  0.0216  0.0216  0.0214  0.0214  0.0214  0.0214  0.0214  0.0214
  0.0217  0.0217  0.0217  0.0216  0.0217  0.0213  0.0215  0.0215  0.0215  0.0215  0.0215  0.0215
  0.0219  0.0218  0.0217  0.0218  0.0218  0.0216  0.0216  0.0219  0.0216  0.0216  0.0216  0.0215
  0.0221  0.0220  0.0218  0.0223  0.0219  0.0226  0.0218  0.0226  0.0217  0.0219  0.0217  0.0216
    0.3340  -10.8902    1.4803   -9.4710  -15.4663  -12.9049
    0.0960    4.5777    0.3557   12.9111  -10.6763  -14.0165
eta,q 0.97856 18.91568

---------------------------------------------------------------------
compute_vox2vox talsrcimg talsrcimg_to_711-2C_as_mni_average_305_t4 /usr/local/freesurfer/average/711-2C_as_mni_average_305
---------------------------------------------------------------------

freesurfer compute_vox2vox.c
Reading: talsrcimg.4dfp.ifh
Reading: talsrcimg_to_711-2C_as_mni_average_305_t4
Reading: /usr/local/freesurfer/average/711-2C_as_mni_average_305.4dfp.ifh
Writing: talsrcimg_to_711-2C_as_mni_average_305_t4_vox2vox.txt

start time Tue Jun 3 11:28:25 UTC 2025
end		time Tue Jun 3 11:28:44 UTC 2025

mpr2mni305 success

avi2talxfm orig_nu.mgz /usr/local/freesurfer/average/mni305.cor.mgz talsrcimg_to_711-2C_as_mni_average_305_t4_vox2vox.txt transforms/talairach.auto.xfm
avi2talxfm done
mv -f /home/freesurfer/subjects/sub-044/mri/talsrcimg_to_711-2C_as_mni_average_305_t4_vox2vox.txt /home/freesurfer/subjects/sub-044/mri/transforms/talsrcimg_to_711-2C_as_mni_average_305_t4_vox2vox.txt
lta_convert --src orig_nu.mgz --trg /usr/local/freesurfer/average/mni305.cor.mgz --inxfm transforms/talairach.auto.xfm --outlta transforms/talairach.auto.xfm.lta --subject fsaverage
7.4.1

--src: orig_nu.mgz src image (geometry).
--trg: /usr/local/freesurfer/average/mni305.cor.mgz trg image (geometry).
--inmni: transforms/talairach.auto.xfm input MNI/XFM transform.
--outlta: transforms/talairach.auto.xfm.lta output LTA.
--s: fsaverage subject name
 LTA read, type : 1
 1.09804  -0.05615  -0.01056   5.21014;
 0.13065   1.11395   0.18455  -17.71398;
-0.02457  -0.16990   1.15482   15.48384;
 0.00000   0.00000   0.00000   1.00000;
setting subject to fsaverage
Writing  LTA to file transforms/talairach.auto.xfm.lta...
lta_convert successful.
 
 
Started at Tue Jun 3 11:28:24 UTC 2025
Ended   at Tue Jun  3 11:28:44 UTC 2025
talairach_avi done
