status file for recon-all
Sat May 31 01:05:18 UTC 2025
#@# MotionCor Sat May 31 01:05:20 UTC 2025
#@# Talairach Sat May 31 01:05:27 UTC 2025
#@# Talairach Failure Detection Sat May 31 01:08:42 UTC 2025
#@# Nu Intensity Correction Sat May 31 01:08:42 UTC 2025
#@# Intensity Normalization Sat May 31 01:11:59 UTC 2025
#@# Skull Stripping Sat May 31 01:15:04 UTC 2025
#@# EM Registration Sat May 31 01:27:34 UTC 2025
#@# CA Normalize Sat May 31 01:39:48 UTC 2025
#@# CA Reg Sat May 31 01:41:12 UTC 2025
#@# SubCort Seg Sat May 31 03:51:05 UTC 2025
#@# CC Seg Sat May 31 04:35:24 UTC 2025
#@# Merge ASeg Sat May 31 04:36:52 UTC 2025
#@# Intensity Normalization2 Sat May 31 04:36:52 UTC 2025
#@# Mask BFS Sat May 31 04:41:17 UTC 2025
#@# WM Segmentation Sat May 31 04:41:19 UTC 2025
#@# Fill Sat May 31 04:46:17 UTC 2025
#@# Tessellate lh Sat May 31 04:47:57 UTC 2025
#@# Tessellate rh Sat May 31 04:48:03 UTC 2025
#@# Smooth1 lh Sat May 31 04:48:08 UTC 2025
#@# Smooth1 rh Sat May 31 04:48:11 UTC 2025
#@# Inflation1 lh Sat May 31 04:48:14 UTC 2025
#@# Inflation1 rh Sat May 31 04:48:32 UTC 2025
#@# QSphere lh Sat May 31 04:48:50 UTC 2025
#@# QSphere rh Sat May 31 04:50:50 UTC 2025
#@# Fix Topology lh Sat May 31 04:53:05 UTC 2025
#@# Fix Topology rh Sat May 31 04:55:58 UTC 2025
#@# Smooth2 lh Sat May 31 05:09:40 UTC 2025
#@# Smooth2 rh Sat May 31 05:09:44 UTC 2025
#@# Inflation2 lh Sat May 31 05:09:47 UTC 2025
#@# Inflation2 rh Sat May 31 05:10:07 UTC 2025
#@# Curv .H and .K lh Sat May 31 05:10:26 UTC 2025
#@# Curv .H and .K rh Sat May 31 05:11:06 UTC 2025
#@# Sphere lh Sat May 31 05:11:46 UTC 2025
#@# Sphere rh Sat May 31 05:19:37 UTC 2025
#@# Surf Reg lh Sat May 31 05:26:39 UTC 2025
#@# Surf Reg rh Sat May 31 05:32:08 UTC 2025
#@# Jacobian white lh Sat May 31 05:37:35 UTC 2025
#@# Jacobian white rh Sat May 31 05:37:36 UTC 2025
#@# AvgCurv lh Sat May 31 05:37:37 UTC 2025
#@# AvgCurv rh Sat May 31 05:37:37 UTC 2025
#@# Cortical Parc lh Sat May 31 05:37:38 UTC 2025
#@# Cortical Parc rh Sat May 31 05:37:50 UTC 2025
#@# white curv lh Sat May 31 05:53:40 UTC 2025
#@# white area lh Sat May 31 05:53:42 UTC 2025
#@# pial curv lh Sat May 31 05:53:43 UTC 2025
#@# pial area lh Sat May 31 05:53:45 UTC 2025
#@# thickness lh Sat May 31 05:53:45 UTC 2025
#@# area and vertex vol lh Sat May 31 05:54:10 UTC 2025
#@# white curv rh Sat May 31 05:54:12 UTC 2025
#@# white area rh Sat May 31 05:54:13 UTC 2025
#@# pial curv rh Sat May 31 05:54:14 UTC 2025
#@# pial area rh Sat May 31 05:54:16 UTC 2025
#@# thickness rh Sat May 31 05:54:16 UTC 2025
#@# area and vertex vol rh Sat May 31 05:54:40 UTC 2025
#@# Curvature Stats lh Sat May 31 05:54:42 UTC 2025
#@# Curvature Stats rh Sat May 31 05:54:44 UTC 2025
#@# Cortical ribbon mask Sat May 31 05:54:47 UTC 2025
#@# Cortical Parc 2 lh Sat May 31 05:59:01 UTC 2025
#@# Cortical Parc 2 rh Sat May 31 05:59:18 UTC 2025
#@# Cortical Parc 3 lh Sat May 31 05:59:35 UTC 2025
#@# Cortical Parc 3 rh Sat May 31 05:59:48 UTC 2025
#@# WM/GM Contrast lh Sat May 31 06:00:01 UTC 2025
#@# WM/GM Contrast rh Sat May 31 06:00:04 UTC 2025
#@# Relabel Hypointensities Sat May 31 06:00:07 UTC 2025
#@# APas-to-ASeg Sat May 31 06:00:33 UTC 2025
#@# AParc-to-ASeg aparc Sat May 31 06:00:48 UTC 2025
#@# AParc-to-ASeg aparc.a2009s Sat May 31 06:02:57 UTC 2025
#@# AParc-to-ASeg aparc.DKTatlas Sat May 31 06:05:05 UTC 2025
#@# WMParc Sat May 31 06:07:07 UTC 2025
#@# Parcellation Stats lh Sat May 31 06:13:42 UTC 2025
#@# Parcellation Stats rh Sat May 31 06:13:58 UTC 2025
#@# Parcellation Stats 2 lh Sat May 31 06:14:16 UTC 2025
#@# Parcellation Stats 2 rh Sat May 31 06:14:24 UTC 2025
#@# Parcellation Stats 3 lh Sat May 31 06:14:33 UTC 2025
#@# Parcellation Stats 3 rh Sat May 31 06:14:41 UTC 2025
#@# ASeg Stats Sat May 31 06:14:49 UTC 2025
#@# BA_exvivo Labels lh Sat May 31 06:17:53 UTC 2025
#@# BA_exvivo Labels rh Sat May 31 06:21:15 UTC 2025
recon-all -s sub-010 finished without error at Sat May 31 06:24:34 UTC 2025
