/home/freesurfer/subjects/sub-045/mri
/usr/local/freesurfer/bin/talairach_avi
--i orig_nu.mgz --xfm transforms/talairach.auto.xfm
talairach_avi 7.4.1
Linux 02bce45c9d53 6.11.0-26-generic #26~24.04.1-Ubuntu SMP PREEMPT_DYNAMIC Thu Apr 17 19:20:47 UTC 2 x86_64 x86_64 x86_64 GNU/Linux
Tue Jun  3 16:38:07 UTC 2025
mri_convert orig_nu.mgz talsrcimg.img 
reading from orig_nu.mgz...
TR=8.24, TE=0.00, TI=0.00, flip angle=0.00
i_ras = (-1, 2.61934e-09, 3.72529e-09)
j_ras = (1.86265e-09, 3.72529e-09, -1)
k_ras = (-7.27596e-10, 1, 0)
writing to talsrcimg.img...
Analyze Output Matrix
-1.00000   0.00000  -0.00000   130.68011;
 0.00000   0.00000   1.00000  -103.35075;
 0.00000  -1.00000   0.00000   154.68849;
 0.00000   0.00000   0.00000   1.00000;
--------------------
INFO: set hdr.hist.orient to -1
mpr2mni305 talsrcimg
Tue Jun  3 16:38:08 UTC 2025
/usr/local/freesurfer/bin/mpr2mni305 talsrcimg
mpr2mni305 7.4.1
target=711-2C_as_mni_average_305

---------------------------------------------------------------------
analyzeto4dfp talsrcimg -O0 -y
---------------------------------------------------------------------

freesurfer ifh2hdr.c
Tue Jun  3 16:38:08 2025
Writing: talsrcimg.4dfp.hdr
freesurfer analyzeto4dfp.c
Reading: talsrcimg.hdr
header size 348 bytes
hdr.dime.datatype	offset=70	value=2
hdr.dime.bitpix		offset=72	value=8
hdr.hist.orient		offset=252	value=-1
dimensionality     4
dimensions       256       256       256         1
Reading: talsrcimg.img
Writing: talsrcimg.4dfp.img
Writing: talsrcimg.4dfp.ifh
ifh2hdr talsrcimg -r0to244
ori=2

---------------------------------------------------------------------
gauss_4dfp talsrcimg 1.1
---------------------------------------------------------------------

freesurfer gauss_4dfp.c
Reading: talsrcimg.4dfp.img
Writing: talsrcimg_g11.4dfp.img
image dimensions 256 256 256 padded to 288 288 288
processing volume 1freesurfer ifh2hdr.c
Tue Jun  3 16:38:11 2025
Writing: talsrcimg_g11.4dfp.hdr

Writing: talsrcimg_g11.4dfp.ifh
including: talsrcimg.4dfp.img.rec in talsrcimg_g11.4dfp.img.rec

---------------------------------------------------------------------
imgreg_4dfp /usr/local/freesurfer/average/711-2C_as_mni_average_305 none talsrcimg_g11 none talsrcimg_to_711-2C_as_mni_average_305_t4 4355
---------------------------------------------------------------------

freesurfer imgreg_4dfp.c
/usr/local/freesurfer/average/711-2C_as_mni_average_305.4dfp.img
       256       256       256         1
  1.000000  1.000000  1.000000
orientation T byte_order littleendian
Reading image: /usr/local/freesurfer/average/711-2C_as_mni_average_305.4dfp.img
dimensions:      256       256       256
mmppix:       1.0000   -1.0000   -1.0000
center:     128.0000 -129.0000 -129.0000
talsrcimg_g11.4dfp.img
       256       256       256         1
  1.000000  1.000000  1.000000
orientation T byte_order littleendian
Reading image: talsrcimg_g11.4dfp.img
dimensions:      256       256       256
mmppix:       1.0000   -1.0000   -1.0000
center:     128.0000 -129.0000 -129.0000
t4_read: open error in t4_sub.f l:  41 t4_file(1:l)talsrcimg_to_711-2C_as_mni_average_305_t4 
t4_read: transform initialized to I4
rotation matrix determinant  1.000000
image alignment mode   4355 decimal     1103 hex
   -7.5000  -45.0000  -45.0000 9705.4209   17.3283
    0.0000  -45.0000  -45.000010075.6270   17.2953
    7.5000  -45.0000  -45.0000 9563.7227   17.2727
   -7.5000  -37.5000  -45.000010217.4043   17.2753
    0.0000  -37.5000  -45.000010599.4346   17.2481
    7.5000  -37.5000  -45.000010047.5986   17.2288
   -7.5000  -30.0000  -45.000011061.7607   17.2560
    0.0000  -30.0000  -45.000011447.7803   17.2395
    7.5000  -30.0000  -45.000010837.3232   17.2227
   -7.5000  -22.5000  -45.000011831.4307   17.2884
    0.0000  -22.5000  -45.000012255.7510   17.2760
    7.5000  -22.5000  -45.000011587.8066   17.2582
   -7.5000  -15.0000  -45.000012515.9912   17.3380
    0.0000  -15.0000  -45.000012989.9854   17.3198
    7.5000  -15.0000  -45.000012260.3447   17.2980
   -7.5000   -7.5000  -45.000013208.3984   17.3543
    0.0000   -7.5000  -45.000013717.9883   17.3261
    7.5000   -7.5000  -45.000012952.0088   17.3020
   -7.5000    0.0000  -45.000013676.3369   17.3240
    0.0000    0.0000  -45.000014233.2930   17.2910
    7.5000    0.0000  -45.000013471.4590   17.2684
   -7.5000    7.5000  -45.000013076.6787   17.2753
    0.0000    7.5000  -45.000013571.8320   17.2481
    7.5000    7.5000  -45.000012838.2148   17.2288
   -7.5000   15.0000  -45.000012210.7070   17.2560
    0.0000   15.0000  -45.000012641.9199   17.2395
    7.5000   15.0000  -45.000011943.9883   17.2227
   -7.5000   22.5000  -45.000011166.3701   17.2860
    0.0000   22.5000  -45.000011587.6279   17.2737
    7.5000   22.5000  -45.000010940.0410   17.2558
   -7.5000   30.0000  -45.000010116.2852   17.1070
    0.0000   30.0000  -45.000010492.2949   17.0890
    7.5000   30.0000  -45.0000 9914.9463   17.0675
   -7.5000   37.5000  -45.0000 9496.4639   17.1230
    0.0000   37.5000  -45.0000 9875.2920   17.0952
    7.5000   37.5000  -45.0000 9350.8809   17.0714
   -7.5000   45.0000  -45.0000 8584.7715   16.6658
    0.0000   45.0000  -45.0000 8921.3584   16.6340
    7.5000   45.0000  -45.0000 8435.0400   16.6121
   -7.5000  -45.0000  -37.500010276.9580   17.2391
    0.0000  -45.0000  -37.500010649.4053   17.2135
    7.5000  -45.0000  -37.500010103.7266   17.2046
   -7.5000  -37.5000  -37.500010799.5615   17.1927
    0.0000  -37.5000  -37.500011204.0762   17.1688
    7.5000  -37.5000  -37.500010592.9150   17.1604
   -7.5000  -30.0000  -37.500011684.9912   17.1744
    0.0000  -30.0000  -37.500012120.6543   17.1563
    7.5000  -30.0000  -37.500011433.8330   17.1481
   -7.5000  -22.5000  -37.500012482.7021   17.1998
    0.0000  -22.5000  -37.500012957.8516   17.1855
    7.5000  -22.5000  -37.500012209.7715   17.1778
   -7.5000  -15.0000  -37.500013204.5801   17.2421
    0.0000  -15.0000  -37.500013719.4150   17.2261
    7.5000  -15.0000  -37.500012895.2529   17.2176
   -7.5000   -7.5000  -37.500013905.7188   17.2588
    0.0000   -7.5000  -37.500014460.2998   17.2374
    7.5000   -7.5000  -37.500013596.5732   17.2279
   -7.5000    0.0000  -37.500014387.3145   17.2348
    0.0000    0.0000  -37.500014977.4238   17.2093
    7.5000    0.0000  -37.500014124.9463   17.2003
   -7.5000    7.5000  -37.500013701.4473   17.1927
    0.0000    7.5000  -37.500014232.8574   17.1688
    7.5000    7.5000  -37.500013431.7246   17.1604
   -7.5000   15.0000  -37.500012774.3350   17.1744
    0.0000   15.0000  -37.500013257.7256   17.1563
    7.5000   15.0000  -37.500012498.8574   17.1481
   -7.5000   22.5000  -37.500011670.3193   17.1974
    0.0000   22.5000  -37.500012121.0898   17.1831
    7.5000   22.5000  -37.500011430.0889   17.1754
   -7.5000   30.0000  -37.500010511.7988   17.0123
    0.0000   30.0000  -37.500010943.1406   16.9965
    7.5000   30.0000  -37.500010330.8027   16.9882
   -7.5000   37.5000  -37.5000 9858.3613   17.0288
    0.0000   37.5000  -37.500010260.1768   17.0077
    7.5000   37.5000  -37.5000 9707.4795   16.9983
   -7.5000   45.0000  -37.5000 8879.8916   16.5799
    0.0000   45.0000  -37.5000 9241.6572   16.5553
    7.5000   45.0000  -37.5000 8736.8408   16.5467
   -7.5000  -45.0000  -30.000010939.3340   17.8696
    0.0000  -45.0000  -30.000011340.5996   17.8489
    7.5000  -45.0000  -30.000010729.7510   17.8494
   -7.5000  -37.5000  -30.000011495.5420   17.8260
    0.0000  -37.5000  -30.000011938.1523   17.8038
    7.5000  -37.5000  -30.000011259.3594   17.8019
   -7.5000  -30.0000  -30.000012447.6289   17.8102
    0.0000  -30.0000  -30.000012914.6357   17.7906
    7.5000  -30.0000  -30.000012179.1143   17.7857
   -7.5000  -22.5000  -30.000013293.2646   17.8345
    0.0000  -22.5000  -30.000013798.7314   17.8195
    7.5000  -22.5000  -30.000012969.1406   17.8158
   -7.5000  -15.0000  -30.000014064.1230   17.8748
    0.0000  -15.0000  -30.000014612.4541   17.8613
    7.5000  -15.0000  -30.000013709.8164   17.8600
   -7.5000   -7.5000  -30.000014779.7578   17.8896
    0.0000   -7.5000  -30.000015393.6738   17.8731
    7.5000   -7.5000  -30.000014452.6025   17.8729
   -7.5000    0.0000  -30.000015294.6377   17.8652
    0.0000    0.0000  -30.000015958.0273   17.8445
    7.5000    0.0000  -30.000014993.2432   17.8450
   -7.5000    7.5000  -30.000014520.4102   17.8260
    0.0000    7.5000  -30.000015099.5547   17.8038
    7.5000    7.5000  -30.000014229.5859   17.8019
   -7.5000   15.0000  -30.000013511.1475   17.8102
    0.0000   15.0000  -30.000014031.8896   17.7906
    7.5000   15.0000  -30.000013233.7412   17.7857
   -7.5000   22.5000  -30.000012348.4170   17.8303
    0.0000   22.5000  -30.000012844.2598   17.8152
    7.5000   22.5000  -30.000012124.8896   17.8116
   -7.5000   30.0000  -30.000011123.1406   17.6383
    0.0000   30.0000  -30.000011595.7334   17.6249
    7.5000   30.0000  -30.000010947.6816   17.6237
   -7.5000   37.5000  -30.000010407.0781   17.6529
    0.0000   37.5000  -30.000010850.8477   17.6366
    7.5000   37.5000  -30.000010262.3145   17.6364
   -7.5000   45.0000  -30.0000 9340.4492   17.1988
    0.0000   45.0000  -30.0000 9737.1797   17.1789
    7.5000   45.0000  -30.0000 9213.1914   17.1793
   -7.5000  -45.0000  -22.500011544.7266   18.4374
    0.0000  -45.0000  -22.500012001.8633   18.4118
    7.5000  -45.0000  -22.500011342.4346   18.4041
   -7.5000  -37.5000  -22.500012150.4619   18.3913
    0.0000  -37.5000  -22.500012646.1133   18.3650
    7.5000  -37.5000  -22.500011911.1631   18.3549
   -7.5000  -30.0000  -22.500013144.9141   18.3750
    0.0000  -30.0000  -22.500013689.2900   18.3535
    7.5000  -30.0000  -22.500012887.1162   18.3391
   -7.5000  -22.5000  -22.500014041.3164   18.4023
    0.0000  -22.5000  -22.500014606.6514   18.3868
    7.5000  -22.5000  -22.500013718.7676   18.3726
   -7.5000  -15.0000  -22.500014850.4492   18.4462
    0.0000  -15.0000  -22.500015458.2051   18.4320
    7.5000  -15.0000  -22.500014487.2588   18.4199
   -7.5000   -7.5000  -22.500015621.7500   18.4605
    0.0000   -7.5000  -22.500016294.3594   18.4410
    7.5000   -7.5000  -22.500015278.9873   18.4311
   -7.5000    0.0000  -22.500016196.0254   18.4328
    0.0000    0.0000  -22.500016918.9141   18.4073
    7.5000    0.0000  -22.500015873.9814   18.3995
   -7.5000    7.5000  -22.500015359.3574   18.3913
    0.0000    7.5000  -22.500016013.7461   18.3650
    7.5000    7.5000  -22.500015043.6758   18.3549
   -7.5000   15.0000  -22.500014253.4102   18.3750
    0.0000   15.0000  -22.500014811.7061   18.3535
    7.5000   15.0000  -22.500013980.5049   18.3391
   -7.5000   22.5000  -22.500013009.5215   18.3966
    0.0000   22.5000  -22.500013541.6113   18.3812
    7.5000   22.5000  -22.500012788.8408   18.3669
   -7.5000   30.0000  -22.500011746.3320   18.2049
    0.0000   30.0000  -22.500012260.8213   18.1909
    7.5000   30.0000  -22.500011548.5381   18.1790
   -7.5000   37.5000  -22.500011024.8555   18.2190
    0.0000   37.5000  -22.500011518.0254   18.1998
    7.5000   37.5000  -22.500010842.9141   18.1900
   -7.5000   45.0000  -22.5000 9880.6963   17.7584
    0.0000   45.0000  -22.500010301.6182   17.7338
    7.5000   45.0000  -22.5000 9727.3037   17.7263
   -7.5000  -45.0000  -15.000012117.6289   18.8877
    0.0000  -45.0000  -15.000012611.7588   18.8524
    7.5000  -45.0000  -15.000011920.8887   18.8299
   -7.5000  -37.5000  -15.000012754.2471   18.8339
    0.0000  -37.5000  -15.000013288.4766   18.8022
    7.5000  -37.5000  -15.000012523.7197   18.7801
   -7.5000  -30.0000  -15.000013837.6016   18.8170
    0.0000  -30.0000  -15.000014411.1895   18.7952
    7.5000  -30.0000  -15.000013558.3809   18.7702
   -7.5000  -22.5000  -15.000014778.0635   18.8526
    0.0000  -22.5000  -15.000015393.3828   18.8376
    7.5000  -22.5000  -15.000014445.8574   18.8106
   -7.5000  -15.0000  -15.000015612.3486   18.9048
    0.0000  -15.0000  -15.000016258.3828   18.8871
    7.5000  -15.0000  -15.000015269.7061   18.8593
   -7.5000   -7.5000  -15.000016439.3809   18.9182
    0.0000   -7.5000  -15.000017135.1152   18.8903
    7.5000   -7.5000  -15.000016117.0547   18.8641
   -7.5000    0.0000  -15.000017046.8223   18.8830
    0.0000    0.0000  -15.000017775.4258   18.8478
    7.5000    0.0000  -15.000016742.8027   18.8252
   -7.5000    7.5000  -15.000016128.9834   18.8339
    0.0000    7.5000  -15.000016796.7949   18.8022
    7.5000    7.5000  -15.000015840.4434   18.7801
   -7.5000   15.0000  -15.000014962.7275   18.8170
    0.0000   15.0000  -15.000015553.7061   18.7952
    7.5000   15.0000  -15.000014687.3535   18.7702
   -7.5000   22.5000  -15.000013682.8027   18.8459
    0.0000   22.5000  -15.000014242.1738   18.8309
    7.5000   22.5000  -15.000013415.3467   18.8039
   -7.5000   30.0000  -15.000012378.0352   18.6601
    0.0000   30.0000  -15.000012918.2891   18.6427
    7.5000   30.0000  -15.000012150.9736   18.6153
   -7.5000   37.5000  -15.000011680.7676   18.6734
    0.0000   37.5000  -15.000012183.5283   18.6459
    7.5000   37.5000  -15.000011444.6406   18.6200
   -7.5000   45.0000  -15.000010473.1738   18.2031
    0.0000   45.0000  -15.000010898.5791   18.1691
    7.5000   45.0000  -15.000010248.3301   18.1474
   -7.5000  -45.0000   -7.500012654.6855   19.1354
    0.0000  -45.0000   -7.500013180.0088   19.0964
    7.5000  -45.0000   -7.500012485.1797   19.0672
   -7.5000  -37.5000   -7.500013324.0127   19.0745
    0.0000  -37.5000   -7.500013897.7705   19.0426
    7.5000  -37.5000   -7.500013136.3994   19.0169
   -7.5000  -30.0000   -7.500014537.9453   19.0543
    0.0000  -30.0000   -7.500015153.1699   19.0356
    7.5000  -30.0000   -7.500014244.1709   19.0106
   -7.5000  -22.5000   -7.500015636.6992   19.0943
    0.0000  -22.5000   -7.500016347.7109   19.0811
    7.5000  -22.5000   -7.500015289.8174   19.0536
   -7.5000  -15.0000   -7.500016505.8594   19.1527
    0.0000  -15.0000   -7.500017207.8301   19.1328
    7.5000  -15.0000   -7.500016191.4453   19.1013
   -7.5000   -7.5000   -7.500017289.2871   19.1689
    0.0000   -7.5000   -7.500017989.2480   19.1363
    7.5000   -7.5000   -7.500017047.4531   19.1038
   -7.5000    0.0000   -7.500017881.2109   19.1307
    0.0000    0.0000   -7.500018588.5195   19.0917
    7.5000    0.0000   -7.500017644.4062   19.0625
   -7.5000    7.5000   -7.500016905.0898   19.0745
    0.0000    7.5000   -7.500017590.2871   19.0426
    7.5000    7.5000   -7.500016631.9668   19.0169
   -7.5000   15.0000   -7.500015758.4590   19.0543
    0.0000   15.0000   -7.500016349.0557   19.0356
    7.5000   15.0000   -7.500015408.0391   19.0106
   -7.5000   22.5000   -7.500014438.2334   19.0855
    0.0000   22.5000   -7.500014955.2061   19.0723
    7.5000   22.5000   -7.500014072.0996   19.0448
   -7.5000   30.0000   -7.500013118.1660   18.9043
    0.0000   30.0000   -7.500013610.2607   18.8847
    7.5000   30.0000   -7.500012773.2734   18.8536
   -7.5000   37.5000   -7.500012354.3574   18.9203
    0.0000   37.5000   -7.500012817.5889   18.8882
    7.5000   37.5000   -7.500012019.2217   18.8561
   -7.5000   45.0000   -7.500011064.4199   18.4455
    0.0000   45.0000   -7.500011476.1406   18.4079
    7.5000   45.0000   -7.500010751.4453   18.3797
   -7.5000  -45.0000    0.000013046.5527   19.1890
    0.0000  -45.0000    0.000013584.2275   19.1529
    7.5000  -45.0000    0.000012925.5654   19.1280
   -7.5000  -37.5000    0.000013738.3896   19.1305
    0.0000  -37.5000    0.000014309.0400   19.1007
    7.5000  -37.5000    0.000013636.1914   19.0795
   -7.5000  -30.0000    0.000015057.8457   19.1088
    0.0000  -30.0000    0.000015740.4521   19.0907
    7.5000  -30.0000    0.000014881.6367   19.0722
   -7.5000  -22.5000    0.000016403.0840   19.1442
    0.0000  -22.5000    0.000017243.7754   19.1305
    7.5000  -22.5000    0.000016123.3281   19.1109
   -7.5000  -15.0000    0.000017346.7949   19.1990
    0.0000  -15.0000    0.000018092.2090   19.1789
    7.5000  -15.0000    0.000017125.1738   19.1550
   -7.5000   -7.5000    0.000018018.6309   19.2174
    0.0000   -7.5000    0.000018680.2891   19.1865
    7.5000   -7.5000    0.000017856.8965   19.1601
   -7.5000    0.0000    0.000018635.9023   19.1843
    0.0000    0.0000    0.000019278.5820   19.1482
    7.5000    0.0000    0.000018348.8008   19.1233
   -7.5000    7.5000    0.000017641.2578   19.1305
    0.0000    7.5000    0.000018245.9512   19.1007
    7.5000    7.5000    0.000017247.5234   19.0795
   -7.5000   15.0000    0.000016437.7480   19.1088
    0.0000   15.0000    0.000016928.2402   19.0907
    7.5000   15.0000    0.000015957.8545   19.0722
   -7.5000   22.5000    0.000015052.6895   19.1354
    0.0000   22.5000    0.000015461.2578   19.1217
    7.5000   22.5000    0.000014573.2041   19.1021
   -7.5000   30.0000    0.000013635.3623   18.9505
    0.0000   30.0000    0.000014078.3398   18.9307
    7.5000   30.0000    0.000013231.7236   18.9071
   -7.5000   37.5000    0.000012784.3906   18.9687
    0.0000   37.5000    0.000013238.1279   18.9382
    7.5000   37.5000    0.000012416.6992   18.9121
   -7.5000   45.0000    0.000011450.2852   18.4987
    0.0000   45.0000    0.000011867.1309   18.4639
    7.5000   45.0000    0.000011127.9775   18.4398
   -7.5000  -45.0000    7.500012410.6963   19.1725
    0.0000  -45.0000    7.500012921.0234   19.1443
    7.5000  -45.0000    7.500012347.9043   19.1344
   -7.5000  -37.5000    7.500013066.7236   19.1213
    0.0000  -37.5000    7.500013602.9883   19.0949
    7.5000  -37.5000    7.500013018.4590   19.0856
   -7.5000  -30.0000    7.500014310.5000   19.1017
    0.0000  -30.0000    7.500014950.9248   19.0816
    7.5000  -30.0000    7.500014218.9893   19.0726
   -7.5000  -22.5000    7.500015630.9189   19.1302
    0.0000  -22.5000    7.500016376.7520   19.1143
    7.5000  -22.5000    7.500015383.4541   19.1058
   -7.5000  -15.0000    7.500016653.2637   19.1769
    0.0000  -15.0000    7.500017350.4199   19.1592
    7.5000  -15.0000    7.500016326.1143   19.1498
   -7.5000   -7.5000    7.500017464.9180   19.1949
    0.0000   -7.5000    7.500018102.2871   19.1712
    7.5000   -7.5000    7.500017088.1484   19.1608
   -7.5000    0.0000    7.500018026.0254   19.1678
    0.0000    0.0000    7.500018663.9199   19.1396
    7.5000    0.0000    7.500017553.0586   19.1297
   -7.5000    7.5000    7.500016992.6191   19.1213
    0.0000    7.5000    7.500017564.6758   19.0949
    7.5000    7.5000    7.500016512.4434   19.0856
   -7.5000   15.0000    7.500015691.0566   19.1017
    0.0000   15.0000    7.500016204.5049   19.0816
    7.5000   15.0000    7.500015253.0000   19.0726
   -7.5000   22.5000    7.500014384.6738   19.1213
    0.0000   22.5000    7.500014809.5781   19.1055
    7.5000   22.5000    7.500013975.8857   19.0970
   -7.5000   30.0000    7.500013052.8828   18.9287
    0.0000   30.0000    7.500013467.4941   18.9112
    7.5000   30.0000    7.500012732.1006   18.9020
   -7.5000   37.5000    7.500012233.6455   18.9464
    0.0000   37.5000    7.500012623.3857   18.9231
    7.5000   37.5000    7.500011931.7891   18.9128
   -7.5000   45.0000    7.500010937.7021   18.4828
    0.0000   45.0000    7.500011312.6553   18.4556
    7.5000   45.0000    7.500010683.1689   18.4460
   -7.5000  -45.0000   15.000011621.4678   19.1666
    0.0000  -45.0000   15.000012104.5576   19.1445
    7.5000  -45.0000   15.000011604.5117   19.1453
   -7.5000  -37.5000   15.000012248.1455   19.1200
    0.0000  -37.5000   15.000012742.0283   19.0962
    7.5000  -37.5000   15.000012226.9785   19.0943
   -7.5000  -30.0000   15.000013436.6289   19.1020
    0.0000  -30.0000   15.000013996.5186   19.0811
    7.5000  -30.0000   15.000013353.6943   19.0761
   -7.5000  -22.5000   15.000014561.2529   19.1271
    0.0000  -22.5000   15.000015139.5908   19.1110
    7.5000  -22.5000   15.000014399.5215   19.1073
   -7.5000  -15.0000   15.000015465.8301   19.1700
    0.0000  -15.0000   15.000016008.4307   19.1556
    7.5000  -15.0000   15.000015238.6572   19.1545
   -7.5000   -7.5000   15.000016366.3340   19.1869
    0.0000   -7.5000   15.000016927.2402   19.1694
    7.5000   -7.5000   15.000016062.3311   19.1694
   -7.5000    0.0000   15.000017027.4766   19.1619
    0.0000    0.0000   15.000017664.4473   19.1398
    7.5000    0.0000   15.000016654.5000   19.1405
   -7.5000    7.5000   15.000016022.2920   19.1200
    0.0000    7.5000   15.000016647.9922   19.0962
    7.5000    7.5000   15.000015689.3584   19.0943
   -7.5000   15.0000   15.000014736.2109   19.1020
    0.0000   15.0000   15.000015326.1289   19.0811
    7.5000   15.0000   15.000014448.5439   19.0761
   -7.5000   22.5000   15.000013472.5918   19.1182
    0.0000   22.5000   15.000014010.9141   19.1022
    7.5000   22.5000   15.000013205.3564   19.0985
   -7.5000   30.0000   15.000012237.8311   18.9219
    0.0000   30.0000   15.000012708.5420   18.9076
    7.5000   30.0000   15.000012014.8848   18.9067
   -7.5000   37.5000   15.000011443.4473   18.9386
    0.0000   37.5000   15.000011857.0195   18.9213
    7.5000   37.5000   15.000011223.0693   18.9213
   -7.5000   45.0000   15.000010238.6768   18.4770
    0.0000   45.0000   15.000010585.5215   18.4556
    7.5000   45.0000   15.000010052.8438   18.4563
   -7.5000  -45.0000   22.500010817.6660   19.3236
    0.0000  -45.0000   22.500011255.9639   19.2971
    7.5000  -45.0000   22.500010757.0996   19.2894
   -7.5000  -37.5000   22.500011390.8154   19.2759
    0.0000  -37.5000   22.500011866.5850   19.2485
    7.5000  -37.5000   22.500011336.0264   19.2383
   -7.5000  -30.0000   22.500012467.8389   19.2586
    0.0000  -30.0000   22.500012984.9990   19.2363
    7.5000  -30.0000   22.500012385.1436   19.2216
   -7.5000  -22.5000   22.500013426.6260   19.2863
    0.0000  -22.5000   22.500013945.7197   19.2706
    7.5000  -22.5000   22.500013309.7324   19.2560
   -7.5000  -15.0000   22.500014201.1738   19.3319
    0.0000  -15.0000   22.500014729.9424   19.3175
    7.5000  -15.0000   22.500014094.0195   19.3053
   -7.5000   -7.5000   22.500015005.4658   19.3474
    0.0000   -7.5000   22.500015585.0469   19.3274
    7.5000   -7.5000   22.500014897.7939   19.3174
   -7.5000    0.0000   22.500015627.7861   19.3190
    0.0000    0.0000   22.500016246.0410   19.2925
    7.5000    0.0000   22.500015471.5654   19.2848
   -7.5000    7.5000   22.500014802.7246   19.2759
    0.0000    7.5000   22.500015403.4932   19.2485
    7.5000    7.5000   22.500014614.6748   19.2383
   -7.5000   15.0000   22.500013695.7627   19.2586
    0.0000   15.0000   22.500014249.7178   19.2363
    7.5000   15.0000   22.500013498.3096   19.2216
   -7.5000   22.5000   22.500012548.8945   19.2775
    0.0000   22.5000   22.500013057.3018   19.2617
    7.5000   22.5000   22.500012341.8359   19.2471
   -7.5000   30.0000   22.500011438.7822   19.0818
    0.0000   30.0000   22.500011885.5957   19.0675
    7.5000   30.0000   22.500011240.5674   19.0554
   -7.5000   37.5000   22.500010683.6172   19.0970
    0.0000   37.5000   22.500011079.0186   19.0772
    7.5000   37.5000   22.500010504.1270   19.0674
   -7.5000   45.0000   22.5000 9542.3975   18.6284
    0.0000   45.0000   22.5000 9892.2871   18.6028
    7.5000   45.0000   22.5000 9390.9102   18.5953
   -7.5000  -45.0000   30.000010103.4404   19.7405
    0.0000  -45.0000   30.000010526.4971   19.7040
    7.5000  -45.0000   30.000010014.3418   19.6805
   -7.5000  -37.5000   30.000010623.1729   19.6848
    0.0000  -37.5000   30.000011074.7812   19.6520
    7.5000  -37.5000   30.000010545.1240   19.6289
   -7.5000  -30.0000   30.000011586.7373   19.6661
    0.0000  -30.0000   30.000012067.6523   19.6440
    7.5000  -30.0000   30.000011469.3555   19.6178
   -7.5000  -22.5000   30.000012422.0996   19.7020
    0.0000  -22.5000   30.000012910.6963   19.6872
    7.5000  -22.5000   30.000012290.3184   19.6589
   -7.5000  -15.0000   30.000013135.0254   19.7565
    0.0000  -15.0000   30.000013672.1533   19.7388
    7.5000  -15.0000   30.000013040.5586   19.7097
   -7.5000   -7.5000   30.000013903.1221   19.7719
    0.0000   -7.5000   30.000014482.6787   19.7433
    7.5000   -7.5000   30.000013807.8174   19.7158
   -7.5000    0.0000   30.000014437.9707   19.7361
    0.0000    0.0000   30.000015027.8779   19.6996
    7.5000    0.0000   30.000014307.1836   19.6760
   -7.5000    7.5000   30.000013688.8975   19.6848
    0.0000    7.5000   30.000014249.0527   19.6520
    7.5000    7.5000   30.000013520.9160   19.6289
   -7.5000   15.0000   30.000012724.0146   19.6661
    0.0000   15.0000   30.000013233.3174   19.6440
    7.5000   15.0000   30.000012522.2754   19.6178
   -7.5000   22.5000   30.000011680.1543   19.6929
    0.0000   22.5000   30.000012148.1426   19.6781
    7.5000   22.5000   30.000011477.4229   19.6498
   -7.5000   30.0000   30.000010660.4648   19.5008
    0.0000   30.0000   30.000011081.3711   19.4834
    7.5000   30.0000   30.000010469.6367   19.4546
   -7.5000   37.5000   30.0000 9955.2295   19.5160
    0.0000   37.5000   30.000010358.4189   19.4878
    7.5000   37.5000   30.0000 9809.6592   19.4607
   -7.5000   45.0000   30.0000 8879.1016   19.0306
    0.0000   45.0000   30.0000 9221.6514   18.9955
    7.5000   45.0000   30.0000 8742.4062   18.9727
   -7.5000  -45.0000   37.5000 9738.3408   20.2391
    0.0000  -45.0000   37.500010149.1348   20.1975
    7.5000  -45.0000   37.5000 9624.1670   20.1640
   -7.5000  -37.5000   37.500010205.9932   20.1749
    0.0000  -37.5000   37.500010647.4014   20.1417
    7.5000  -37.5000   37.500010109.3262   20.1127
   -7.5000  -30.0000   37.500011111.1787   20.1518
    0.0000  -30.0000   37.500011566.8672   20.1333
    7.5000  -30.0000   37.500010977.5713   20.1052
   -7.5000  -22.5000   37.500011906.2861   20.1925
    0.0000  -22.5000   37.500012378.5908   20.1796
    7.5000  -22.5000   37.500011766.6426   20.1483
   -7.5000  -15.0000   37.500012615.0732   20.2549
    0.0000  -15.0000   37.500013147.4434   20.2339
    7.5000  -15.0000   37.500012500.7842   20.1975
   -7.5000   -7.5000   37.500013336.2070   20.2741
    0.0000   -7.5000   37.500013909.9238   20.2391
    7.5000   -7.5000   37.500013235.9814   20.2015
   -7.5000    0.0000   37.500013817.0381   20.2349
    0.0000    0.0000   37.500014409.4512   20.1933
    7.5000    0.0000   37.500013716.8467   20.1598
   -7.5000    7.5000   37.500013082.1182   20.1749
    0.0000    7.5000   37.500013663.4424   20.1417
    7.5000    7.5000   37.500012952.6152   20.1127
   -7.5000   15.0000   37.500012148.6309   20.1518
    0.0000   15.0000   37.500012687.0703   20.1333
    7.5000   15.0000   37.500011992.2871   20.1052
   -7.5000   22.5000   37.500011170.1250   20.1832
    0.0000   22.5000   37.500011650.6299   20.1703
    7.5000   22.5000   37.500011007.5947   20.1390
   -7.5000   30.0000   37.500010227.8389   19.9927
    0.0000   30.0000   37.500010645.3545   19.9721
    7.5000   30.0000   37.500010067.8389   19.9362
   -7.5000   37.5000   37.5000 9585.0410   20.0117
    0.0000   37.5000   37.5000 9955.5762   19.9772
    7.5000   37.5000   37.5000 9450.6152   19.9401
   -7.5000   45.0000   37.5000 8561.9307   19.5119
    0.0000   45.0000   37.5000 8872.6123   19.4718
    7.5000   45.0000   37.5000 8440.2881   19.4395
   -7.5000  -45.0000   45.0000 8989.6113   20.7691
    0.0000  -45.0000   45.0000 9356.2080   20.7318
    7.5000  -45.0000   45.0000 8860.7529   20.7033
   -7.5000  -37.5000   45.0000 9427.3867   20.7034
    0.0000  -37.5000   45.0000 9821.5273   20.6734
    7.5000  -37.5000   45.0000 9314.3125   20.6488
   -7.5000  -30.0000   45.000010203.4580   20.6740
    0.0000  -30.0000   45.000010614.8936   20.6565
    7.5000  -30.0000   45.000010099.2324   20.6349
   -7.5000  -22.5000   45.000010926.8652   20.7087
    0.0000  -22.5000   45.000011352.6426   20.6955
    7.5000  -22.5000   45.000010813.6797   20.6728
   -7.5000  -15.0000   45.000011591.5723   20.7708
    0.0000  -15.0000   45.000012066.7168   20.7500
    7.5000  -15.0000   45.000011485.2363   20.7227
   -7.5000   -7.5000   45.000012267.3945   20.7978
    0.0000   -7.5000   45.000012771.0596   20.7653
    7.5000   -7.5000   45.000012162.9795   20.7353
   -7.5000    0.0000   45.000012698.7852   20.7652
    0.0000    0.0000   45.000013214.0254   20.7279
    7.5000    0.0000   45.000012595.1816   20.6994
   -7.5000    7.5000   45.000011982.3311   20.7034
    0.0000    7.5000   45.000012505.0850   20.6734
    7.5000    7.5000   45.000011882.0391   20.6488
   -7.5000   15.0000   45.000011131.7627   20.6740
    0.0000   15.0000   45.000011635.0586   20.6565
    7.5000   15.0000   45.000011017.1045   20.6349
   -7.5000   22.5000   45.000010233.9004   20.6991
    0.0000   22.5000   45.000010694.9824   20.6859
    7.5000   22.5000   45.000010114.9033   20.6632
   -7.5000   30.0000   45.0000 9362.2295   20.5002
    0.0000   30.0000   45.0000 9750.9863   20.4796
    7.5000   30.0000   45.0000 9250.9736   20.4527
   -7.5000   37.5000   45.0000 8808.6816   20.5268
    0.0000   37.5000   45.0000 9143.7080   20.4948
    7.5000   37.5000   45.0000 8708.4990   20.4651
   -7.5000   45.0000   45.0000 7883.9971   20.0327
    0.0000   45.0000   45.0000 8166.3013   19.9967
    7.5000   45.0000   45.0000 7794.8789   19.9692

---------------------------------------------------------------------
imgreg_4dfp /usr/local/freesurfer/average/711-2C_as_mni_average_305 /usr/local/freesurfer/average/711-2B_as_mni_average_305_mask talsrcimg_g11 none talsrcimg_to_711-2C_as_mni_average_305_t4 4355
---------------------------------------------------------------------

freesurfer imgreg_4dfp.c
/usr/local/freesurfer/average/711-2C_as_mni_average_305.4dfp.img
       256       256       256         1
  1.000000  1.000000  1.000000
orientation T byte_order littleendian
Reading image: /usr/local/freesurfer/average/711-2C_as_mni_average_305.4dfp.img
dimensions:      256       256       256
mmppix:       1.0000   -1.0000   -1.0000
center:     128.0000 -129.0000 -129.0000
/usr/local/freesurfer/average/711-2B_as_mni_average_305_mask.4dfp.img
       256       256       256         1
  1.000000  1.000000  1.000000
orientation T byte_order littleendian
Reading mask: /usr/local/freesurfer/average/711-2B_as_mni_average_305_mask.4dfp.img (2306576 pixels)
talsrcimg_g11.4dfp.img
       256       256       256         1
  1.000000  1.000000  1.000000
orientation T byte_order littleendian
Reading image: talsrcimg_g11.4dfp.img
dimensions:      256       256       256
mmppix:       1.0000   -1.0000   -1.0000
center:     128.0000 -129.0000 -129.0000
rotation matrix determinant  1.000000
image alignment mode   4355 decimal     1103 hex
   -7.5000  -45.0000  -45.0000 2398.3247   18.3729
    0.0000  -45.0000  -45.0000 2400.4543   18.3833
    7.5000  -45.0000  -45.0000 2373.2820   18.5325
   -7.5000  -37.5000  -45.0000 2459.6936   17.3598
    0.0000  -37.5000  -45.0000 2459.3948   17.3619
    7.5000  -37.5000  -45.0000 2428.9158   17.5016
   -7.5000  -30.0000  -45.0000 2490.9304   16.6675
    0.0000  -30.0000  -45.0000 2490.0137   16.6754
    7.5000  -30.0000  -45.0000 2461.0188   16.8038
   -7.5000  -22.5000  -45.0000 2503.4124   16.2401
    0.0000  -22.5000  -45.0000 2505.8550   16.2690
    7.5000  -22.5000  -45.0000 2475.2410   16.4339
   -7.5000  -15.0000  -45.0000 2507.8347   16.0419
    0.0000  -15.0000  -45.0000 2511.0742   16.1055
    7.5000  -15.0000  -45.0000 2482.8877   16.2532
   -7.5000   -7.5000  -45.0000 2507.2532   16.2099
    0.0000   -7.5000  -45.0000 2512.8013   16.2025
    7.5000   -7.5000  -45.0000 2481.7976   16.4120
   -7.5000    0.0000  -45.0000 2483.6091   16.5619
    0.0000    0.0000  -45.0000 2491.6189   16.5977
    7.5000    0.0000  -45.0000 2465.1233   16.8192
   -7.5000    7.5000  -45.0000 2453.6643   17.2127
    0.0000    7.5000  -45.0000 2462.4895   17.2215
    7.5000    7.5000  -45.0000 2435.7432   17.5092
   -7.5000   15.0000  -45.0000 2395.4448   18.1612
    0.0000   15.0000  -45.0000 2401.8298   18.1761
    7.5000   15.0000  -45.0000 2378.8789   18.4475
   -7.5000   22.5000  -45.0000 2318.4390   19.4734
    0.0000   22.5000  -45.0000 2325.8247   19.4875
    7.5000   22.5000  -45.0000 2297.4534   19.8050
   -7.5000   30.0000  -45.0000 2221.0950   21.2366
    0.0000   30.0000  -45.0000 2227.2424   21.2518
    7.5000   30.0000  -45.0000 2201.8247   21.5540
   -7.5000   37.5000  -45.0000 2110.1541   23.6816
    0.0000   37.5000  -45.0000 2119.9695   23.6264
    7.5000   37.5000  -45.0000 2098.3015   23.9128
   -7.5000   45.0000  -45.0000 1995.0187   26.8105
    0.0000   45.0000  -45.0000 2002.5051   26.7210
    7.5000   45.0000  -45.0000 1987.0636   27.0485
   -7.5000  -45.0000  -37.5000 2480.3381   17.2183
    0.0000  -45.0000  -37.5000 2479.7434   17.2389
    7.5000  -45.0000  -37.5000 2447.2825   17.3629
   -7.5000  -37.5000  -37.5000 2537.8699   16.2448
    0.0000  -37.5000  -37.5000 2540.7803   16.2221
    7.5000  -37.5000  -37.5000 2505.4739   16.3073
   -7.5000  -30.0000  -37.5000 2575.0005   15.5897
    0.0000  -30.0000  -37.5000 2577.9907   15.5604
    7.5000  -30.0000  -37.5000 2540.8914   15.6582
   -7.5000  -22.5000  -37.5000 2592.8455   15.2195
    0.0000  -22.5000  -37.5000 2595.8352   15.2243
    7.5000  -22.5000  -37.5000 2562.3269   15.3405
   -7.5000  -15.0000  -37.5000 2597.1260   15.0460
    0.0000  -15.0000  -37.5000 2605.2078   15.0786
    7.5000  -15.0000  -37.5000 2571.6865   15.1979
   -7.5000   -7.5000  -37.5000 2596.3494   15.1987
    0.0000   -7.5000  -37.5000 2604.6191   15.1976
    7.5000   -7.5000  -37.5000 2573.2825   15.3649
   -7.5000    0.0000  -37.5000 2573.7180   15.5181
    0.0000    0.0000  -37.5000 2585.0356   15.5523
    7.5000    0.0000  -37.5000 2556.6509   15.7383
   -7.5000    7.5000  -37.5000 2540.7603   16.1393
    0.0000    7.5000  -37.5000 2553.7151   16.1446
    7.5000    7.5000  -37.5000 2522.7163   16.3398
   -7.5000   15.0000  -37.5000 2481.0464   17.0150
    0.0000   15.0000  -37.5000 2494.2241   17.0349
    7.5000   15.0000  -37.5000 2464.6194   17.2294
   -7.5000   22.5000  -37.5000 2398.5569   18.1749
    0.0000   22.5000  -37.5000 2410.8811   18.2128
    7.5000   22.5000  -37.5000 2377.2192   18.4798
   -7.5000   30.0000  -37.5000 2290.8928   19.8105
    0.0000   30.0000  -37.5000 2302.5513   19.8280
    7.5000   30.0000  -37.5000 2275.9177   20.1262
   -7.5000   37.5000  -37.5000 2176.1289   22.0160
    0.0000   37.5000  -37.5000 2185.0581   22.0370
    7.5000   37.5000  -37.5000 2165.5278   22.3131
   -7.5000   45.0000  -37.5000 2057.5908   24.9483
    0.0000   45.0000  -37.5000 2067.1143   24.8984
    7.5000   45.0000  -37.5000 2045.2886   25.2166
   -7.5000  -45.0000  -30.0000 2584.7942   16.6900
    0.0000  -45.0000  -30.0000 2584.7996   16.6589
    7.5000  -45.0000  -30.0000 2550.4580   16.7825
   -7.5000  -37.5000  -30.0000 2648.8379   15.7366
    0.0000  -37.5000  -30.0000 2649.1646   15.6985
    7.5000  -37.5000  -30.0000 2617.6426   15.7539
   -7.5000  -30.0000  -30.0000 2690.2432   15.0736
    0.0000  -30.0000  -30.0000 2693.9082   15.0186
    7.5000  -30.0000  -30.0000 2664.9583   15.0974
   -7.5000  -22.5000  -30.0000 2722.4368   14.6988
    0.0000  -22.5000  -30.0000 2727.6951   14.6767
    7.5000  -22.5000  -30.0000 2693.5867   14.7750
   -7.5000  -15.0000  -30.0000 2736.0674   14.5673
    0.0000  -15.0000  -30.0000 2744.2439   14.5918
    7.5000  -15.0000  -30.0000 2710.5237   14.6896
   -7.5000   -7.5000  -30.0000 2732.7742   14.7248
    0.0000   -7.5000  -30.0000 2746.9036   14.7392
    7.5000   -7.5000  -30.0000 2714.0859   14.8763
   -7.5000    0.0000  -30.0000 2708.6943   15.0758
    0.0000    0.0000  -30.0000 2724.8992   15.0911
    7.5000    0.0000  -30.0000 2694.3770   15.2382
   -7.5000    7.5000  -30.0000 2670.6692   15.6671
    0.0000    7.5000  -30.0000 2685.4922   15.6729
    7.5000    7.5000  -30.0000 2653.9558   15.8466
   -7.5000   15.0000  -30.0000 2605.4409   16.4878
    0.0000   15.0000  -30.0000 2617.1458   16.4981
    7.5000   15.0000  -30.0000 2591.4143   16.7055
   -7.5000   22.5000  -30.0000 2511.6404   17.6253
    0.0000   22.5000  -30.0000 2525.7737   17.6475
    7.5000   22.5000  -30.0000 2503.5442   17.9108
   -7.5000   30.0000  -30.0000 2401.5884   19.1779
    0.0000   30.0000  -30.0000 2415.2593   19.1731
    7.5000   30.0000  -30.0000 2394.6936   19.4724
   -7.5000   37.5000  -30.0000 2277.1860   21.2941
    0.0000   37.5000  -30.0000 2287.1055   21.2508
    7.5000   37.5000  -30.0000 2274.2815   21.5895
   -7.5000   45.0000  -30.0000 2145.2102   24.0594
    0.0000   45.0000  -30.0000 2154.9912   24.0203
    7.5000   45.0000  -30.0000 2141.2063   24.3319
   -7.5000  -45.0000  -22.5000 2652.2395   16.1345
    0.0000  -45.0000  -22.5000 2657.5054   16.0979
    7.5000  -45.0000  -22.5000 2623.1704   16.2202
   -7.5000  -37.5000  -22.5000 2727.3137   15.1358
    0.0000  -37.5000  -22.5000 2734.1536   15.1163
    7.5000  -37.5000  -22.5000 2700.8105   15.1860
   -7.5000  -30.0000  -22.5000 2776.1199   14.4624
    0.0000  -30.0000  -22.5000 2789.9221   14.4308
    7.5000  -30.0000  -22.5000 2757.6934   14.5322
   -7.5000  -22.5000  -22.5000 2816.0774   14.0902
    0.0000  -22.5000  -22.5000 2827.7729   14.0852
    7.5000  -22.5000  -22.5000 2792.5994   14.1856
   -7.5000  -15.0000  -22.5000 2839.5979   13.9821
    0.0000  -15.0000  -22.5000 2851.3528   13.9934
    7.5000  -15.0000  -22.5000 2810.7087   14.0923
   -7.5000   -7.5000  -22.5000 2840.5315   14.1637
    0.0000   -7.5000  -22.5000 2858.1975   14.1732
    7.5000   -7.5000  -22.5000 2816.9897   14.3061
   -7.5000    0.0000  -22.5000 2815.2505   14.5427
    0.0000    0.0000  -22.5000 2834.9290   14.5470
    7.5000    0.0000  -22.5000 2800.0320   14.6797
   -7.5000    7.5000  -22.5000 2772.4199   15.1155
    0.0000    7.5000  -22.5000 2790.2866   15.1139
    7.5000    7.5000  -22.5000 2757.2266   15.3009
   -7.5000   15.0000  -22.5000 2698.4417   15.9284
    0.0000   15.0000  -22.5000 2710.6357   15.9193
    7.5000   15.0000  -22.5000 2683.9905   16.1521
   -7.5000   22.5000  -22.5000 2597.1455   17.0700
    0.0000   22.5000  -22.5000 2609.9429   17.0588
    7.5000   22.5000  -22.5000 2589.1262   17.3242
   -7.5000   30.0000  -22.5000 2485.5161   18.6193
    0.0000   30.0000  -22.5000 2501.5256   18.5840
    7.5000   30.0000  -22.5000 2479.1023   18.8470
   -7.5000   37.5000  -22.5000 2361.7524   20.6452
    0.0000   37.5000  -22.5000 2375.1157   20.5876
    7.5000   37.5000  -22.5000 2355.4187   20.8549
   -7.5000   45.0000  -22.5000 2220.9351   23.2554
    0.0000   45.0000  -22.5000 2229.0583   23.1975
    7.5000   45.0000  -22.5000 2214.4119   23.4735
   -7.5000  -45.0000  -15.0000 2685.8794   15.7541
    0.0000  -45.0000  -15.0000 2690.4993   15.7098
    7.5000  -45.0000  -15.0000 2657.5686   15.8659
   -7.5000  -37.5000  -15.0000 2769.2151   14.7352
    0.0000  -37.5000  -15.0000 2779.9980   14.6980
    7.5000  -37.5000  -15.0000 2745.5850   14.8183
   -7.5000  -30.0000  -15.0000 2834.5771   14.0176
    0.0000  -30.0000  -15.0000 2847.1091   13.9930
    7.5000  -30.0000  -15.0000 2812.0696   14.1545
   -7.5000  -22.5000  -15.0000 2884.2625   13.6344
    0.0000  -22.5000  -15.0000 2898.5630   13.6369
    7.5000  -22.5000  -15.0000 2857.3313   13.7849
   -7.5000  -15.0000  -15.0000 2909.3257   13.4812
    0.0000  -15.0000  -15.0000 2924.1992   13.4732
    7.5000  -15.0000  -15.0000 2877.0962   13.6679
   -7.5000   -7.5000  -15.0000 2913.4456   13.6265
    0.0000   -7.5000  -15.0000 2932.8291   13.6052
    7.5000   -7.5000  -15.0000 2884.9333   13.8482
   -7.5000    0.0000  -15.0000 2884.4912   14.0486
    0.0000    0.0000  -15.0000 2906.1560   14.0160
    7.5000    0.0000  -15.0000 2869.1448   14.2377
   -7.5000    7.5000  -15.0000 2830.4761   14.6403
    0.0000    7.5000  -15.0000 2850.2195   14.6085
    7.5000    7.5000  -15.0000 2819.3086   14.8579
   -7.5000   15.0000  -15.0000 2750.3694   15.4841
    0.0000   15.0000  -15.0000 2763.2632   15.4355
    7.5000   15.0000  -15.0000 2741.5190   15.7465
   -7.5000   22.5000  -15.0000 2653.1411   16.6269
    0.0000   22.5000  -15.0000 2667.7908   16.5955
    7.5000   22.5000  -15.0000 2640.4209   16.8821
   -7.5000   30.0000  -15.0000 2538.0745   18.1530
    0.0000   30.0000  -15.0000 2552.4082   18.1199
    7.5000   30.0000  -15.0000 2525.5483   18.4126
   -7.5000   37.5000  -15.0000 2412.0703   20.0933
    0.0000   37.5000  -15.0000 2424.5103   20.0520
    7.5000   37.5000  -15.0000 2401.1570   20.3467
   -7.5000   45.0000  -15.0000 2261.2749   22.5834
    0.0000   45.0000  -15.0000 2272.8198   22.5479
    7.5000   45.0000  -15.0000 2254.8694   22.8425
   -7.5000  -45.0000   -7.5000 2689.5149   15.4948
    0.0000  -45.0000   -7.5000 2699.0203   15.4561
    7.5000  -45.0000   -7.5000 2668.3501   15.7242
   -7.5000  -37.5000   -7.5000 2783.8337   14.4616
    0.0000  -37.5000   -7.5000 2798.0581   14.4240
    7.5000  -37.5000   -7.5000 2763.9624   14.6595
   -7.5000  -30.0000   -7.5000 2867.7366   13.7792
    0.0000  -30.0000   -7.5000 2881.6399   13.7236
    7.5000  -30.0000   -7.5000 2838.8125   13.9464
   -7.5000  -22.5000   -7.5000 2923.8982   13.3932
    0.0000  -22.5000   -7.5000 2947.1711   13.3847
    7.5000  -22.5000   -7.5000 2895.3462   13.5710
   -7.5000  -15.0000   -7.5000 2961.1057   13.1614
    0.0000  -15.0000   -7.5000 2981.6003   13.1302
    7.5000  -15.0000   -7.5000 2922.0422   13.4291
   -7.5000   -7.5000   -7.5000 2955.9338   13.2116
    0.0000   -7.5000   -7.5000 2978.4980   13.1589
    7.5000   -7.5000   -7.5000 2927.2075   13.5559
   -7.5000    0.0000   -7.5000 2913.8000   13.6472
    0.0000    0.0000   -7.5000 2938.9907   13.5641
    7.5000    0.0000   -7.5000 2901.0874   13.9453
   -7.5000    7.5000   -7.5000 2862.9868   14.2904
    0.0000    7.5000   -7.5000 2884.9985   14.2124
    7.5000    7.5000   -7.5000 2852.9702   14.5745
   -7.5000   15.0000   -7.5000 2783.7781   15.1503
    0.0000   15.0000   -7.5000 2802.4551   15.0900
    7.5000   15.0000   -7.5000 2776.9431   15.3947
   -7.5000   22.5000   -7.5000 2683.6514   16.3132
    0.0000   22.5000   -7.5000 2694.1077   16.2861
    7.5000   22.5000   -7.5000 2670.2974   16.5985
   -7.5000   30.0000   -7.5000 2564.2771   17.8458
    0.0000   30.0000   -7.5000 2575.8071   17.8103
    7.5000   30.0000   -7.5000 2552.5408   18.1175
   -7.5000   37.5000   -7.5000 2434.2561   19.7741
    0.0000   37.5000   -7.5000 2448.7334   19.7086
    7.5000   37.5000   -7.5000 2428.5115   20.0302
   -7.5000   45.0000   -7.5000 2281.2893   22.1575
    0.0000   45.0000   -7.5000 2297.7661   22.0720
    7.5000   45.0000   -7.5000 2273.8267   22.4034
   -7.5000  -45.0000    0.0000 2677.7329   15.4186
    0.0000  -45.0000    0.0000 2687.4197   15.3553
    7.5000  -45.0000    0.0000 2661.8098   15.7584
   -7.5000  -37.5000    0.0000 2781.7778   14.3922
    0.0000  -37.5000    0.0000 2795.5664   14.3316
    7.5000  -37.5000    0.0000 2766.4194   14.7055
   -7.5000  -30.0000    0.0000 2872.3445   13.7158
    0.0000  -30.0000    0.0000 2887.3647   13.6400
    7.5000  -30.0000    0.0000 2851.2405   13.9818
   -7.5000  -22.5000    0.0000 2939.9746   13.3717
    0.0000  -22.5000    0.0000 2963.4895   13.3128
    7.5000  -22.5000    0.0000 2915.2434   13.5992
   -7.5000  -15.0000    0.0000 2982.8167   13.1568
    0.0000  -15.0000    0.0000 3010.1260   13.1034
    7.5000  -15.0000    0.0000 2949.0281   13.4234
   -7.5000   -7.5000    0.0000 2971.3032   13.0756
    0.0000   -7.5000    0.0000 2994.5200   12.9726
    7.5000   -7.5000    0.0000 2943.5557   13.4389
   -7.5000    0.0000    0.0000 2927.8860   13.4768
    0.0000    0.0000    0.0000 2947.7856   13.3049
    7.5000    0.0000    0.0000 2906.1191   13.7423
   -7.5000    7.5000    0.0000 2864.5022   14.1346
    0.0000    7.5000    0.0000 2883.1687   14.0087
    7.5000    7.5000    0.0000 2856.0056   14.3329
   -7.5000   15.0000    0.0000 2783.6018   15.0358
    0.0000   15.0000    0.0000 2799.2317   14.9476
    7.5000   15.0000    0.0000 2776.6667   15.2362
   -7.5000   22.5000    0.0000 2688.4973   16.2324
    0.0000   22.5000    0.0000 2697.9133   16.1683
    7.5000   22.5000    0.0000 2676.9211   16.4522
   -7.5000   30.0000    0.0000 2567.8484   17.7657
    0.0000   30.0000    0.0000 2580.7395   17.7123
    7.5000   30.0000    0.0000 2559.4475   17.9846
   -7.5000   37.5000    0.0000 2437.6548   19.6845
    0.0000   37.5000    0.0000 2457.0352   19.6390
    7.5000   37.5000    0.0000 2434.8743   19.8663
   -7.5000   45.0000    0.0000 2288.4729   22.0706
    0.0000   45.0000    0.0000 2303.7898   22.0191
    7.5000   45.0000    0.0000 2283.2004   22.2246
   -7.5000  -45.0000    7.5000 2654.0464   15.5201
    0.0000  -45.0000    7.5000 2667.4885   15.4363
    7.5000  -45.0000    7.5000 2643.3174   15.9381
   -7.5000  -37.5000    7.5000 2758.6294   14.4876
    0.0000  -37.5000    7.5000 2773.6780   14.3965
    7.5000  -37.5000    7.5000 2750.0835   14.8381
   -7.5000  -30.0000    7.5000 2847.6758   13.8017
    0.0000  -30.0000    7.5000 2866.6914   13.7120
    7.5000  -30.0000    7.5000 2840.5945   14.1098
   -7.5000  -22.5000    7.5000 2923.5413   13.4873
    0.0000  -22.5000    7.5000 2944.5344   13.4023
    7.5000  -22.5000    7.5000 2902.0029   13.7137
   -7.5000  -15.0000    7.5000 2969.5320   13.3234
    0.0000  -15.0000    7.5000 2989.6035   13.2236
    7.5000  -15.0000    7.5000 2932.2793   13.5484
   -7.5000   -7.5000    7.5000 2970.2373   13.2975
    0.0000   -7.5000    7.5000 2979.1035   13.1702
    7.5000   -7.5000    7.5000 2932.9438   13.5106
   -7.5000    0.0000    7.5000 2920.9397   13.5259
    0.0000    0.0000    7.5000 2941.5393   13.4223
    7.5000    0.0000    7.5000 2896.1331   13.7160
   -7.5000    7.5000    7.5000 2851.2283   14.1566
    0.0000    7.5000    7.5000 2871.8982   14.0678
    7.5000    7.5000    7.5000 2842.0217   14.3229
   -7.5000   15.0000    7.5000 2765.3521   15.1288
    0.0000   15.0000    7.5000 2784.1204   15.0160
    7.5000   15.0000    7.5000 2762.4492   15.2717
   -7.5000   22.5000    7.5000 2676.4219   16.3555
    0.0000   22.5000    7.5000 2684.3650   16.2817
    7.5000   22.5000    7.5000 2670.3604   16.5175
   -7.5000   30.0000    7.5000 2560.6079   17.8960
    0.0000   30.0000    7.5000 2571.5876   17.8553
    7.5000   30.0000    7.5000 2557.8071   18.0678
   -7.5000   37.5000    7.5000 2430.6309   19.7879
    0.0000   37.5000    7.5000 2446.0859   19.7562
    7.5000   37.5000    7.5000 2426.8770   19.9593
   -7.5000   45.0000    7.5000 2277.3491   22.1491
    0.0000   45.0000    7.5000 2293.8210   22.1045
    7.5000   45.0000    7.5000 2273.8215   22.2992
   -7.5000  -45.0000   15.0000 2616.9473   15.9078
    0.0000  -45.0000   15.0000 2631.6079   15.7884
    7.5000  -45.0000   15.0000 2610.5586   16.3531
   -7.5000  -37.5000   15.0000 2715.5930   14.8495
    0.0000  -37.5000   15.0000 2729.6060   14.7738
    7.5000  -37.5000   15.0000 2710.4639   15.2337
   -7.5000  -30.0000   15.0000 2803.9224   14.1658
    0.0000  -30.0000   15.0000 2820.5964   14.0798
    7.5000  -30.0000   15.0000 2799.5608   14.4491
   -7.5000  -22.5000   15.0000 2877.3076   13.8068
    0.0000  -22.5000   15.0000 2896.2664   13.7130
    7.5000  -22.5000   15.0000 2862.6184   14.0350
   -7.5000  -15.0000   15.0000 2918.1331   13.6295
    0.0000  -15.0000   15.0000 2927.7678   13.4568
    7.5000  -15.0000   15.0000 2888.2349   13.8494
   -7.5000   -7.5000   15.0000 2921.8311   13.6831
    0.0000   -7.5000   15.0000 2930.9199   13.5337
    7.5000   -7.5000   15.0000 2892.6711   13.8211
   -7.5000    0.0000   15.0000 2884.7820   14.0048
    0.0000    0.0000   15.0000 2908.7673   13.9032
    7.5000    0.0000   15.0000 2864.0171   14.1331
   -7.5000    7.5000   15.0000 2822.5312   14.6009
    0.0000    7.5000   15.0000 2846.0823   14.5291
    7.5000    7.5000   15.0000 2814.3198   14.7561
   -7.5000   15.0000   15.0000 2739.0310   15.5046
    0.0000   15.0000   15.0000 2755.6226   15.4389
    7.5000   15.0000   15.0000 2731.2869   15.6639
   -7.5000   22.5000   15.0000 2648.1580   16.6978
    0.0000   22.5000   15.0000 2662.0857   16.6322
    7.5000   22.5000   15.0000 2640.5332   16.8431
   -7.5000   30.0000   15.0000 2534.4290   18.1990
    0.0000   30.0000   15.0000 2550.0142   18.1305
    7.5000   30.0000   15.0000 2532.6799   18.3209
   -7.5000   37.5000   15.0000 2402.9861   20.0045
    0.0000   37.5000   15.0000 2420.3621   19.9379
    7.5000   37.5000   15.0000 2404.4214   20.1534
   -7.5000   45.0000   15.0000 2253.8308   22.3778
    0.0000   45.0000   15.0000 2264.0793   22.2710
    7.5000   45.0000   15.0000 2253.1038   22.4940
   -7.5000  -45.0000   22.5000 2571.8887   16.5557
    0.0000  -45.0000   22.5000 2586.9153   16.4548
    7.5000  -45.0000   22.5000 2562.6829   16.9489
   -7.5000  -37.5000   22.5000 2663.5142   15.4667
    0.0000  -37.5000   22.5000 2681.2166   15.3776
    7.5000  -37.5000   22.5000 2660.7122   15.7931
   -7.5000  -30.0000   22.5000 2749.0686   14.7434
    0.0000  -30.0000   22.5000 2767.9680   14.6516
    7.5000  -30.0000   22.5000 2746.1770   15.0091
   -7.5000  -22.5000   22.5000 2814.4722   14.3000
    0.0000  -22.5000   22.5000 2832.2214   14.1991
    7.5000  -22.5000   22.5000 2804.5417   14.5276
   -7.5000  -15.0000   22.5000 2843.1445   14.0731
    0.0000  -15.0000   22.5000 2854.9502   13.9657
    7.5000  -15.0000   22.5000 2830.0627   14.2961
   -7.5000   -7.5000   22.5000 2842.7957   14.2024
    0.0000   -7.5000   22.5000 2856.2803   14.1213
    7.5000   -7.5000   22.5000 2833.1702   14.3910
   -7.5000    0.0000   22.5000 2819.8069   14.5331
    0.0000    0.0000   22.5000 2839.8525   14.4309
    7.5000    0.0000   22.5000 2811.1416   14.6995
   -7.5000    7.5000   22.5000 2776.4749   15.1535
    0.0000    7.5000   22.5000 2799.2095   15.0516
    7.5000    7.5000   22.5000 2765.2896   15.2945
   -7.5000   15.0000   22.5000 2699.9700   16.0846
    0.0000   15.0000   22.5000 2719.1943   16.0104
    7.5000   15.0000   22.5000 2692.9163   16.2298
   -7.5000   22.5000   22.5000 2609.1111   17.2912
    0.0000   22.5000   22.5000 2624.5269   17.2367
    7.5000   22.5000   22.5000 2602.3167   17.4309
   -7.5000   30.0000   22.5000 2504.0933   18.7688
    0.0000   30.0000   22.5000 2517.0500   18.6766
    7.5000   30.0000   22.5000 2496.5608   18.8478
   -7.5000   37.5000   22.5000 2371.4551   20.5424
    0.0000   37.5000   22.5000 2382.2761   20.4252
    7.5000   37.5000   22.5000 2369.3723   20.5929
   -7.5000   45.0000   22.5000 2223.2307   22.8739
    0.0000   45.0000   22.5000 2234.3301   22.7174
    7.5000   45.0000   22.5000 2219.9492   22.9167
   -7.5000  -45.0000   30.0000 2530.0706   17.4433
    0.0000  -45.0000   30.0000 2543.0156   17.3358
    7.5000  -45.0000   30.0000 2515.0796   17.7558
   -7.5000  -37.5000   30.0000 2615.7283   16.2660
    0.0000  -37.5000   30.0000 2633.0530   16.1815
    7.5000  -37.5000   30.0000 2605.8259   16.5558
   -7.5000  -30.0000   30.0000 2694.0117   15.4363
    0.0000  -30.0000   30.0000 2711.2898   15.3606
    7.5000  -30.0000   30.0000 2682.2058   15.7219
   -7.5000  -22.5000   30.0000 2741.2454   14.9678
    0.0000  -22.5000   30.0000 2759.4277   14.8873
    7.5000  -22.5000   30.0000 2730.6553   15.2232
   -7.5000  -15.0000   30.0000 2757.4988   14.7545
    0.0000  -15.0000   30.0000 2776.2295   14.7396
    7.5000  -15.0000   30.0000 2753.8389   15.0214
   -7.5000   -7.5000   30.0000 2756.1846   14.9554
    0.0000   -7.5000   30.0000 2777.6162   14.9047
    7.5000   -7.5000   30.0000 2756.7971   15.1535
   -7.5000    0.0000   30.0000 2736.8645   15.2636
    0.0000    0.0000   30.0000 2755.1523   15.1869
    7.5000    0.0000   30.0000 2731.6851   15.4534
   -7.5000    7.5000   30.0000 2700.9922   15.8742
    0.0000    7.5000   30.0000 2722.4653   15.7955
    7.5000    7.5000   30.0000 2693.5491   16.0558
   -7.5000   15.0000   30.0000 2643.1555   16.7841
    0.0000   15.0000   30.0000 2658.5964   16.7143
    7.5000   15.0000   30.0000 2633.8005   16.9588
   -7.5000   22.5000   30.0000 2564.2117   17.9662
    0.0000   22.5000   30.0000 2577.2214   17.9439
    7.5000   22.5000   30.0000 2551.9678   18.1333
   -7.5000   30.0000   30.0000 2457.9390   19.4504
    0.0000   30.0000   30.0000 2469.7522   19.4029
    7.5000   30.0000   30.0000 2446.9792   19.5780
   -7.5000   37.5000   30.0000 2322.4395   21.2892
    0.0000   37.5000   30.0000 2334.8569   21.2017
    7.5000   37.5000   30.0000 2322.4568   21.3973
   -7.5000   45.0000   30.0000 2182.9304   23.6138
    0.0000   45.0000   30.0000 2192.0166   23.4879
    7.5000   45.0000   30.0000 2178.8794   23.7583
   -7.5000  -45.0000   37.5000 2478.2861   18.4415
    0.0000  -45.0000   37.5000 2493.4255   18.3611
    7.5000  -45.0000   37.5000 2460.5977   18.7264
   -7.5000  -37.5000   37.5000 2554.2812   17.2030
    0.0000  -37.5000   37.5000 2575.7112   17.1316
    7.5000  -37.5000   37.5000 2543.4829   17.4760
   -7.5000  -30.0000   37.5000 2624.0300   16.3619
    0.0000  -30.0000   37.5000 2642.8997   16.2768
    7.5000  -30.0000   37.5000 2611.3643   16.6061
   -7.5000  -22.5000   37.5000 2664.9492   15.8733
    0.0000  -22.5000   37.5000 2681.9980   15.8162
    7.5000  -22.5000   37.5000 2652.0881   16.1378
   -7.5000  -15.0000   37.5000 2683.3262   15.7136
    0.0000  -15.0000   37.5000 2701.7136   15.7108
    7.5000  -15.0000   37.5000 2673.7034   15.9787
   -7.5000   -7.5000   37.5000 2673.9331   15.8815
    0.0000   -7.5000   37.5000 2697.5293   15.8654
    7.5000   -7.5000   37.5000 2675.2869   16.1025
   -7.5000    0.0000   37.5000 2651.8677   16.2263
    0.0000    0.0000   37.5000 2673.6348   16.2012
    7.5000    0.0000   37.5000 2655.7327   16.4333
   -7.5000    7.5000   37.5000 2627.1414   16.7862
    0.0000    7.5000   37.5000 2651.5579   16.7608
    7.5000    7.5000   37.5000 2623.2522   17.0087
   -7.5000   15.0000   37.5000 2578.8086   17.6511
    0.0000   15.0000   37.5000 2593.4541   17.6178
    7.5000   15.0000   37.5000 2566.7803   17.8465
   -7.5000   22.5000   37.5000 2505.5408   18.7876
    0.0000   22.5000   37.5000 2516.4521   18.8013
    7.5000   22.5000   37.5000 2492.1687   18.9749
   -7.5000   30.0000   37.5000 2402.7258   20.3477
    0.0000   30.0000   37.5000 2412.8870   20.3626
    7.5000   30.0000   37.5000 2393.9319   20.5190
   -7.5000   37.5000   37.5000 2272.6816   22.3391
    0.0000   37.5000   37.5000 2280.8562   22.2836
    7.5000   37.5000   37.5000 2272.2500   22.4226
   -7.5000   45.0000   37.5000 2141.3137   24.7726
    0.0000   45.0000   37.5000 2145.3352   24.7141
    7.5000   45.0000   37.5000 2137.8484   24.9395
   -7.5000  -45.0000   45.0000 2413.7517   19.6987
    0.0000  -45.0000   45.0000 2429.9919   19.5964
    7.5000  -45.0000   45.0000 2391.6807   19.9231
   -7.5000  -37.5000   45.0000 2488.0918   18.3970
    0.0000  -37.5000   45.0000 2508.9417   18.3004
    7.5000  -37.5000   45.0000 2475.7930   18.6401
   -7.5000  -30.0000   45.0000 2546.1858   17.4980
    0.0000  -30.0000   45.0000 2564.4717   17.3946
    7.5000  -30.0000   45.0000 2538.6050   17.7359
   -7.5000  -22.5000   45.0000 2583.2844   16.9956
    0.0000  -22.5000   45.0000 2597.1140   16.9431
    7.5000  -22.5000   45.0000 2573.3560   17.2685
   -7.5000  -15.0000   45.0000 2598.4583   16.8882
    0.0000  -15.0000   45.0000 2614.7859   16.8521
    7.5000  -15.0000   45.0000 2587.8660   17.1268
   -7.5000   -7.5000   45.0000 2592.4888   17.0891
    0.0000   -7.5000   45.0000 2611.4104   17.0523
    7.5000   -7.5000   45.0000 2590.4167   17.2763
   -7.5000    0.0000   45.0000 2576.7239   17.4531
    0.0000    0.0000   45.0000 2590.4268   17.4360
    7.5000    0.0000   45.0000 2577.8396   17.6316
   -7.5000    7.5000   45.0000 2544.2000   17.9775
    0.0000    7.5000   45.0000 2564.4036   17.9833
    7.5000    7.5000   45.0000 2546.4980   18.2046
   -7.5000   15.0000   45.0000 2506.2656   18.7846
    0.0000   15.0000   45.0000 2522.9744   18.7513
    7.5000   15.0000   45.0000 2498.9272   18.9831
   -7.5000   22.5000   45.0000 2434.2051   19.9631
    0.0000   22.5000   45.0000 2448.0906   19.9642
    7.5000   22.5000   45.0000 2425.2000   20.1373
   -7.5000   30.0000   45.0000 2332.1306   21.5767
    0.0000   30.0000   45.0000 2341.8677   21.5796
    7.5000   30.0000   45.0000 2326.8931   21.7295
   -7.5000   37.5000   45.0000 2217.2708   23.6791
    0.0000   37.5000   45.0000 2225.2642   23.6311
    7.5000   37.5000   45.0000 2216.0845   23.8090
   -7.5000   45.0000   45.0000 2088.6851   26.2931
    0.0000   45.0000   45.0000 2096.3445   26.1990
    7.5000   45.0000   45.0000 2089.9287   26.4268

---------------------------------------------------------------------
imgreg_4dfp /usr/local/freesurfer/average/711-2C_as_mni_average_305 /usr/local/freesurfer/average/711-2B_as_mni_average_305_mask talsrcimg_g11 none talsrcimg_to_711-2C_as_mni_average_305_t4 1283
---------------------------------------------------------------------

freesurfer imgreg_4dfp.c
/usr/local/freesurfer/average/711-2C_as_mni_average_305.4dfp.img
       256       256       256         1
  1.000000  1.000000  1.000000
orientation T byte_order littleendian
Reading image: /usr/local/freesurfer/average/711-2C_as_mni_average_305.4dfp.img
dimensions:      256       256       256
mmppix:       1.0000   -1.0000   -1.0000
center:     128.0000 -129.0000 -129.0000
/usr/local/freesurfer/average/711-2B_as_mni_average_305_mask.4dfp.img
       256       256       256         1
  1.000000  1.000000  1.000000
orientation T byte_order littleendian
Reading mask: /usr/local/freesurfer/average/711-2B_as_mni_average_305_mask.4dfp.img (2306576 pixels)
talsrcimg_g11.4dfp.img
       256       256       256         1
  1.000000  1.000000  1.000000
orientation T byte_order littleendian
Reading image: talsrcimg_g11.4dfp.img
dimensions:      256       256       256
mmppix:       1.0000   -1.0000   -1.0000
center:     128.0000 -129.0000 -129.0000
rotation matrix determinant  1.000000
fimgreg.f
image alignment mode   1283 decimal      503 hex
parameters
    0.0000  -15.0000    0.0000    0.0000    0.0000    0.0000
eta,q 0.94186 13.09681
niter,ni,del,rscale     5    3   12.0000    1.2000
parameter  4  2.675647 ->  0.500000 qaram    1.1500
parameters
   -0.3105  -13.5855    0.4736   -3.4500   -2.1441   -1.2181
eta,q 0.94856 12.98355
  0.0664  0.0712  0.0602  0.0499  0.0540  0.0542
  0.0620  0.0658  0.0578  0.0521  0.0526  0.0523
  0.0580  0.0602  0.0569  0.0536  0.0519  0.0513
  0.0570  0.0565  0.0560  0.0557  0.0526  0.0519
  0.0598  0.0565  0.0566  0.0593  0.0544  0.0531
  0.0633  0.0588  0.0577  0.0620  0.0577  0.0546
  0.0681  0.0625  0.0588  0.0651  0.0621  0.0564
niter,ni,del,rscale     5    3   12.0000    1.2000
parameter  4  1.218870 ->  0.500000 qaram    1.3225
parameters
   -0.6554  -12.2003    0.4379   -7.4175   -2.0947   -0.9345
eta,q 0.95304 12.96553
  0.0605  0.0640  0.0559  0.0467  0.0543  0.0526
  0.0561  0.0576  0.0543  0.0466  0.0512  0.0499
  0.0533  0.0534  0.0524  0.0482  0.0488  0.0475
  0.0514  0.0516  0.0511  0.0511  0.0470  0.0469
  0.0531  0.0511  0.0516  0.0541  0.0471  0.0476
  0.0580  0.0523  0.0535  0.0571  0.0506  0.0493
  0.0628  0.0560  0.0569  0.0614  0.0549  0.0515
niter,ni,del,rscale     5    3   12.0000    1.2000
parameters
   -1.0340  -10.7180    0.1607  -10.0314   -2.2240   -1.6198
eta,q 0.95491 12.91035
  0.0585  0.0600  0.0552  0.0496  0.0526  0.0493
  0.0532  0.0544  0.0528  0.0465  0.0491  0.0469
  0.0489  0.0497  0.0488  0.0451  0.0466  0.0454
  0.0470  0.0472  0.0465  0.0466  0.0451  0.0451
  0.0491  0.0465  0.0477  0.0497  0.0453  0.0460
  0.0559  0.0478  0.0526  0.0538  0.0490  0.0486
  0.0617  0.0519  0.0584  0.0581  0.0542  0.0518
niter,ni,del,rscale     4    3   12.0000    1.2000
parameters
   -1.1402  -10.0719   -0.0382  -10.3136   -2.1996   -1.8850
eta,q 0.95505 12.88381
  0.0574  0.0573  0.0541  0.0540  0.0520  0.0498
  0.0511  0.0514  0.0514  0.0487  0.0486  0.0475
  0.0470  0.0476  0.0472  0.0460  0.0465  0.0456
  0.0451  0.0452  0.0449  0.0450  0.0449  0.0449
  0.0460  0.0456  0.0468  0.0467  0.0447  0.0456
  0.0522  0.0486  0.0510  0.0502  0.0479  0.0478
  0.0584  0.0532  0.0565  0.0547  0.0528  0.0511
niter,ni,del,rscale     3    3   12.0000    1.2000
parameters
   -1.1630  -10.0151   -0.0564  -10.3625   -2.1764   -1.9259
eta,q 0.95504 12.88292
  0.0572  0.0553  0.0544  0.0545  0.0519  0.0501
  0.0508  0.0502  0.0516  0.0491  0.0485  0.0477
  0.0466  0.0468  0.0475  0.0462  0.0466  0.0458
  0.0450  0.0450  0.0450  0.0450  0.0450  0.0450
  0.0457  0.0465  0.0465  0.0464  0.0447  0.0454
  0.0514  0.0498  0.0503  0.0498  0.0479  0.0474
  0.0573  0.0551  0.0557  0.0543  0.0527  0.0506
registration optimization eta report
parameter search radius
    6.0000    6.0000    6.0000    7.9350    6.0000    6.0000
100000*second partial in parameter space
       34.       27.       26.       15.       21.       15.
  0.0572  0.0553  0.0544  0.0545  0.0519  0.0501
  0.0508  0.0502  0.0516  0.0491  0.0485  0.0477
  0.0466  0.0468  0.0475  0.0462  0.0466  0.0458
  0.0450  0.0450  0.0450  0.0450  0.0450  0.0450
  0.0457  0.0465  0.0465  0.0464  0.0447  0.0454
  0.0514  0.0498  0.0503  0.0498  0.0479  0.0474
  0.0573  0.0551  0.0557  0.0543  0.0527  0.0506
   -1.1630  -10.0151   -0.0564  -10.3625   -2.1764   -1.9259
eta,q 0.95504 12.88292

---------------------------------------------------------------------
imgreg_4dfp /usr/local/freesurfer/average/711-2C_as_mni_average_305 /usr/local/freesurfer/average/711-2B_as_mni_average_305_mask talsrcimg_g11 none talsrcimg_to_711-2C_as_mni_average_305_t4 3335
---------------------------------------------------------------------

freesurfer imgreg_4dfp.c
/usr/local/freesurfer/average/711-2C_as_mni_average_305.4dfp.img
       256       256       256         1
  1.000000  1.000000  1.000000
orientation T byte_order littleendian
Reading image: /usr/local/freesurfer/average/711-2C_as_mni_average_305.4dfp.img
dimensions:      256       256       256
mmppix:       1.0000   -1.0000   -1.0000
center:     128.0000 -129.0000 -129.0000
/usr/local/freesurfer/average/711-2B_as_mni_average_305_mask.4dfp.img
       256       256       256         1
  1.000000  1.000000  1.000000
orientation T byte_order littleendian
Reading mask: /usr/local/freesurfer/average/711-2B_as_mni_average_305_mask.4dfp.img (2306576 pixels)
talsrcimg_g11.4dfp.img
       256       256       256         1
  1.000000  1.000000  1.000000
orientation T byte_order littleendian
Reading image: talsrcimg_g11.4dfp.img
dimensions:      256       256       256
mmppix:       1.0000   -1.0000   -1.0000
center:     128.0000 -129.0000 -129.0000
fimgreg.f
image alignment mode   3335 decimal      D07 hex
parameters
   -1.1630  -10.0151   -0.0564   -0.1286   -1.6637   -1.7020
    2.6232    4.3381   -3.3583   17.8519   -3.7976  -17.9746
eta,q 0.95590 13.03115
niter,ni,del,rscale     5    3    5.0000    1.2000
parameter  3 -0.602236 -> -0.500000 qaram    1.1500
parameter  4  5.898499 ->  0.500000 qaram    1.1500
parameter  5  1.433152 ->  0.500000 qaram    1.1500
parameter  6  1.157287 ->  0.500000 qaram    1.1500
parameter 10  0.738424 ->  0.500000 qaram    1.1500
parameters
   -1.3985   -9.6045    1.3236   -4.2686   -5.8037   -5.8420
    3.1854    4.2166   -2.4343   13.7119   -3.2258  -20.2653
eta,q 0.97318 12.84953
  0.0457  0.0469  0.0466  0.0337  0.0315  0.0289  0.0319  0.0344  0.0310  0.0275  0.0294  0.0279
  0.0447  0.0455  0.0455  0.0361  0.0327  0.0288  0.0303  0.0318  0.0300  0.0271  0.0282  0.0270
  0.0441  0.0446  0.0447  0.0394  0.0344  0.0300  0.0294  0.0297  0.0293  0.0275  0.0275  0.0268
  0.0441  0.0441  0.0440  0.0435  0.0370  0.0331  0.0289  0.0289  0.0289  0.0289  0.0271  0.0271
  0.0445  0.0440  0.0436  0.0476  0.0404  0.0370  0.0290  0.0297  0.0289  0.0309  0.0272  0.0278
  0.0452  0.0445  0.0435  0.0511  0.0445  0.0407  0.0298  0.0319  0.0294  0.0336  0.0278  0.0288
  0.0463  0.0455  0.0438  0.0551  0.0487  0.0444  0.0311  0.0348  0.0302  0.0366  0.0288  0.0301
niter,ni,del,rscale     7    3    5.0000    1.2000
parameter  2 -0.528323 -> -0.500000 qaram    1.1500
parameter  4  0.849618 ->  0.500000 qaram    1.3225
parameter  5  0.628056 ->  0.500000 qaram    1.3225
parameters
   -1.6108   -8.2245    0.9638   -9.0296  -10.5647   -7.7392
    3.8770    4.7564   -2.2156   14.5269   -3.2742  -22.6704
eta,q 0.97863 12.49843
  0.0299  0.0316  0.0287  0.0228  0.0220  0.0243  0.0252  0.0269  0.0243  0.0271  0.0228  0.0222
  0.0281  0.0295  0.0270  0.0228  0.0213  0.0230  0.0235  0.0242  0.0229  0.0245  0.0222  0.0216
  0.0270  0.0279  0.0261  0.0238  0.0217  0.0221  0.0223  0.0224  0.0220  0.0227  0.0218  0.0214
  0.0268  0.0268  0.0261  0.0260  0.0230  0.0213  0.0217  0.0217  0.0217  0.0217  0.0216  0.0216
  0.0275  0.0262  0.0268  0.0297  0.0256  0.0225  0.0219  0.0219  0.0220  0.0218  0.0218  0.0222
  0.0290  0.0261  0.0283  0.0348  0.0294  0.0259  0.0228  0.0231  0.0228  0.0232  0.0222  0.0232
  0.0312  0.0267  0.0305  0.0396  0.0334  0.0309  0.0241  0.0256  0.0240  0.0255  0.0229  0.0244
niter,ni,del,rscale     7    3    5.0000    1.2000
parameters
   -1.5244   -8.4408    0.0528  -11.5539  -11.1108   -8.7195
    3.8319    4.7062   -2.2309   14.5332   -3.7729  -23.7960
eta,q 0.97883 12.29214
  0.0251  0.0245  0.0222  0.0231  0.0253  0.0241  0.0240  0.0249  0.0237  0.0256  0.0221  0.0225
  0.0231  0.0227  0.0213  0.0218  0.0233  0.0227  0.0225  0.0228  0.0224  0.0233  0.0216  0.0216
  0.0219  0.0216  0.0210  0.0210  0.0217  0.0218  0.0215  0.0216  0.0215  0.0218  0.0213  0.0212
  0.0214  0.0214  0.0213  0.0210  0.0210  0.0210  0.0213  0.0213  0.0213  0.0213  0.0213  0.0213
  0.0217  0.0220  0.0222  0.0221  0.0215  0.0213  0.0216  0.0217  0.0216  0.0218  0.0214  0.0217
  0.0228  0.0235  0.0235  0.0249  0.0235  0.0235  0.0226  0.0229  0.0224  0.0233  0.0218  0.0224
  0.0246  0.0256  0.0253  0.0298  0.0271  0.0273  0.0240  0.0250  0.0237  0.0255  0.0225  0.0235
niter,ni,del,rscale     6    3    5.0000    1.2000
parameters
   -1.4699   -8.4487   -0.0774  -11.9480  -11.1441   -8.9958
    3.7130    4.6869   -2.2301   14.6354   -4.0923  -24.0649
eta,q 0.97874 12.25825
  0.0246  0.0248  0.0233  0.0244  0.0257  0.0246  0.0239  0.0249  0.0237  0.0257  0.0222  0.0230
  0.0228  0.0228  0.0220  0.0228  0.0237  0.0230  0.0224  0.0228  0.0224  0.0233  0.0217  0.0219
  0.0216  0.0216  0.0213  0.0217  0.0221  0.0219  0.0215  0.0216  0.0215  0.0218  0.0214  0.0213
  0.0212  0.0212  0.0212  0.0212  0.0212  0.0212  0.0213  0.0213  0.0213  0.0213  0.0213  0.0213
  0.0215  0.0216  0.0215  0.0214  0.0215  0.0211  0.0217  0.0217  0.0216  0.0218  0.0214  0.0216
  0.0225  0.0229  0.0224  0.0227  0.0231  0.0227  0.0226  0.0229  0.0224  0.0232  0.0218  0.0222
  0.0243  0.0248  0.0236  0.0257  0.0264  0.0259  0.0240  0.0248  0.0236  0.0254  0.0224  0.0231
niter,ni,del,rscale     5    3    5.0000    1.2000
parameters
   -1.4580   -8.4266   -0.1261  -11.9939  -11.1287   -9.0690
    3.6655    4.6828   -2.2094   14.6802   -4.1528  -24.1406
eta,q 0.97872 12.25435
  0.0245  0.0249  0.0234  0.0246  0.0257  0.0247  0.0239  0.0249  0.0237  0.0256  0.0223  0.0231
  0.0227  0.0229  0.0222  0.0230  0.0238  0.0231  0.0225  0.0228  0.0224  0.0232  0.0217  0.0220
  0.0216  0.0217  0.0214  0.0219  0.0222  0.0220  0.0216  0.0216  0.0216  0.0218  0.0214  0.0214
  0.0213  0.0213  0.0213  0.0213  0.0213  0.0213  0.0213  0.0213  0.0213  0.0213  0.0213  0.0213
  0.0216  0.0217  0.0216  0.0214  0.0215  0.0211  0.0216  0.0217  0.0216  0.0218  0.0214  0.0216
  0.0227  0.0229  0.0223  0.0225  0.0231  0.0225  0.0226  0.0229  0.0224  0.0233  0.0217  0.0222
  0.0244  0.0248  0.0235  0.0252  0.0264  0.0256  0.0239  0.0248  0.0236  0.0255  0.0223  0.0231
niter,ni,del,rscale     4    3    5.0000    1.2000
parameters
   -1.4561   -8.4203   -0.1426  -12.0124  -11.1197   -9.0892
    3.6497    4.6810   -2.2038   14.6955   -4.1772  -24.1676
eta,q 0.97872 12.25325
  0.0245  0.0249  0.0235  0.0247  0.0257  0.0248  0.0240  0.0249  0.0237  0.0256  0.0223  0.0232
  0.0227  0.0229  0.0222  0.0230  0.0238  0.0232  0.0225  0.0228  0.0224  0.0232  0.0217  0.0220
  0.0216  0.0217  0.0215  0.0219  0.0222  0.0220  0.0216  0.0216  0.0215  0.0218  0.0214  0.0214
  0.0213  0.0213  0.0213  0.0213  0.0213  0.0213  0.0213  0.0213  0.0213  0.0213  0.0213  0.0213
  0.0216  0.0217  0.0216  0.0214  0.0215  0.0211  0.0216  0.0217  0.0216  0.0218  0.0214  0.0215
  0.0227  0.0229  0.0223  0.0225  0.0232  0.0225  0.0226  0.0229  0.0224  0.0233  0.0217  0.0222
  0.0245  0.0248  0.0235  0.0252  0.0264  0.0256  0.0239  0.0248  0.0236  0.0255  0.0223  0.0231
registration optimization eta report
parameter search radius
    2.4000    2.7600    2.7600    9.5220    9.5220    8.2800
    7.2000    7.2000    7.2000    8.2800    7.2000    7.2000
100000*second partial in parameter space
       55.       46.       29.        4.        5.        6.
        5.        7.        5.        6.        2.        4.
  0.0245  0.0249  0.0235  0.0247  0.0257  0.0248  0.0240  0.0249  0.0237  0.0256  0.0223  0.0232
  0.0227  0.0229  0.0222  0.0230  0.0238  0.0232  0.0225  0.0228  0.0224  0.0232  0.0217  0.0220
  0.0216  0.0217  0.0215  0.0219  0.0222  0.0220  0.0216  0.0216  0.0215  0.0218  0.0214  0.0214
  0.0213  0.0213  0.0213  0.0213  0.0213  0.0213  0.0213  0.0213  0.0213  0.0213  0.0213  0.0213
  0.0216  0.0217  0.0216  0.0214  0.0215  0.0211  0.0216  0.0217  0.0216  0.0218  0.0214  0.0215
  0.0227  0.0229  0.0223  0.0225  0.0232  0.0225  0.0226  0.0229  0.0224  0.0233  0.0217  0.0222
  0.0245  0.0248  0.0235  0.0252  0.0264  0.0256  0.0239  0.0248  0.0236  0.0255  0.0223  0.0231
   -1.4561   -8.4203   -0.1426  -12.0124  -11.1197   -9.0892
    3.6497    4.6810   -2.2038   14.6955   -4.1772  -24.1676
eta,q 0.97872 12.25325

---------------------------------------------------------------------
imgreg_4dfp /usr/local/freesurfer/average/711-2C_as_mni_average_305 /usr/local/freesurfer/average/711-2B_as_mni_average_305_mask talsrcimg_g11 none talsrcimg_to_711-2C_as_mni_average_305_t4 2311
---------------------------------------------------------------------

freesurfer imgreg_4dfp.c
/usr/local/freesurfer/average/711-2C_as_mni_average_305.4dfp.img
       256       256       256         1
  1.000000  1.000000  1.000000
orientation T byte_order littleendian
Reading image: /usr/local/freesurfer/average/711-2C_as_mni_average_305.4dfp.img
dimensions:      256       256       256
mmppix:       1.0000   -1.0000   -1.0000
center:     128.0000 -129.0000 -129.0000
/usr/local/freesurfer/average/711-2B_as_mni_average_305_mask.4dfp.img
       256       256       256         1
  1.000000  1.000000  1.000000
orientation T byte_order littleendian
Reading mask: /usr/local/freesurfer/average/711-2B_as_mni_average_305_mask.4dfp.img (2306576 pixels)
talsrcimg_g11.4dfp.img
       256       256       256         1
  1.000000  1.000000  1.000000
orientation T byte_order littleendian
Reading image: talsrcimg_g11.4dfp.img
dimensions:      256       256       256
mmppix:       1.0000   -1.0000   -1.0000
center:     128.0000 -129.0000 -129.0000
fimgreg.f
image alignment mode   2311 decimal      907 hex
parameters
   -1.4561   -8.4203   -0.1426  -12.0124  -11.1197   -9.0892
    3.6497    4.6810   -2.2038   14.6955   -4.1772  -24.1676
eta,q 0.97872 12.25325
niter,ni,del,rscale     5    3    5.0000    0.8000
parameters
   -1.4535   -8.4276   -0.1886  -11.0923  -10.4152   -8.0547
    3.5818    4.6928   -2.1542   15.0481   -3.8437  -23.8243
eta,q 0.97906 12.38962
  0.0227  0.0225  0.0220  0.0224  0.0229  0.0228  0.0222  0.0227  0.0221  0.0230  0.0215  0.0221
  0.0219  0.0218  0.0216  0.0219  0.0221  0.0221  0.0215  0.0217  0.0215  0.0219  0.0212  0.0214
  0.0214  0.0214  0.0213  0.0215  0.0215  0.0217  0.0211  0.0211  0.0211  0.0212  0.0210  0.0210
  0.0213  0.0213  0.0213  0.0213  0.0212  0.0212  0.0209  0.0209  0.0209  0.0209  0.0209  0.0209
  0.0214  0.0214  0.0214  0.0212  0.0212  0.0209  0.0211  0.0211  0.0211  0.0211  0.0210  0.0210
  0.0219  0.0219  0.0216  0.0214  0.0215  0.0211  0.0216  0.0217  0.0214  0.0216  0.0211  0.0213
  0.0227  0.0225  0.0220  0.0218  0.0222  0.0220  0.0222  0.0227  0.0221  0.0225  0.0214  0.0217
niter,ni,del,rscale     4    3    5.0000    0.7000
parameters
   -1.4908   -8.4264   -0.0652  -10.8588  -10.5335   -7.7035
    3.6379    4.7083   -2.1360   15.0816   -3.6795  -23.6840
eta,q 0.97913 12.41190
  0.0220  0.0219  0.0217  0.0217  0.0220  0.0222  0.0219  0.0223  0.0218  0.0223  0.0213  0.0217
  0.0214  0.0214  0.0213  0.0213  0.0214  0.0218  0.0213  0.0214  0.0213  0.0215  0.0211  0.0212
  0.0210  0.0211  0.0211  0.0211  0.0211  0.0213  0.0210  0.0210  0.0210  0.0210  0.0209  0.0209
  0.0209  0.0209  0.0209  0.0209  0.0209  0.0209  0.0209  0.0209  0.0209  0.0209  0.0209  0.0209
  0.0211  0.0211  0.0210  0.0210  0.0211  0.0208  0.0210  0.0210  0.0210  0.0210  0.0209  0.0210
  0.0215  0.0214  0.0212  0.0212  0.0214  0.0212  0.0213  0.0214  0.0213  0.0215  0.0210  0.0212
  0.0221  0.0219  0.0215  0.0216  0.0221  0.0221  0.0218  0.0222  0.0217  0.0222  0.0212  0.0215
niter,ni,del,rscale     3    3    5.0000    0.6000
parameters
   -1.4983   -8.4303    0.0138  -10.7115  -10.5903   -7.3790
    3.6628    4.7231   -2.1376   15.1305   -3.6134  -23.5629
eta,q 0.97918 12.43048
  0.0217  0.0216  0.0215  0.0214  0.0217  0.0220  0.0216  0.0219  0.0215  0.0219  0.0211  0.0214
  0.0212  0.0212  0.0211  0.0211  0.0212  0.0216  0.0212  0.0213  0.0211  0.0213  0.0210  0.0211
  0.0210  0.0210  0.0209  0.0210  0.0210  0.0212  0.0209  0.0209  0.0209  0.0209  0.0209  0.0209
  0.0209  0.0209  0.0209  0.0209  0.0209  0.0209  0.0208  0.0208  0.0208  0.0208  0.0208  0.0208
  0.0210  0.0210  0.0209  0.0209  0.0210  0.0208  0.0209  0.0209  0.0209  0.0209  0.0208  0.0209
  0.0213  0.0212  0.0211  0.0211  0.0212  0.0211  0.0211  0.0212  0.0211  0.0213  0.0209  0.0211
  0.0217  0.0216  0.0213  0.0214  0.0217  0.0218  0.0216  0.0218  0.0215  0.0219  0.0211  0.0213
niter,ni,del,rscale     2    3    5.0000    0.5000
parameters
   -1.5019   -8.4282    0.0940  -10.6106  -10.6508   -7.0730
    3.6852    4.7324   -2.1328   15.1823   -3.6032  -23.4777
eta,q 0.97922 12.44529
  0.0214  0.0213  0.0212  0.0212  0.0214  0.0217  0.0213  0.0215  0.0212  0.0216  0.0210  0.0212
  0.0211  0.0211  0.0210  0.0210  0.0211  0.0214  0.0210  0.0211  0.0210  0.0211  0.0209  0.0210
  0.0209  0.0209  0.0209  0.0209  0.0209  0.0210  0.0208  0.0209  0.0208  0.0209  0.0208  0.0208
  0.0208  0.0208  0.0208  0.0208  0.0208  0.0208  0.0208  0.0208  0.0208  0.0208  0.0208  0.0208
  0.0209  0.0209  0.0208  0.0208  0.0209  0.0208  0.0208  0.0208  0.0208  0.0209  0.0208  0.0208
  0.0211  0.0210  0.0209  0.0209  0.0211  0.0210  0.0210  0.0211  0.0210  0.0211  0.0209  0.0209
  0.0214  0.0213  0.0211  0.0212  0.0214  0.0215  0.0213  0.0215  0.0212  0.0215  0.0210  0.0211
niter,ni,del,rscale     1    3    5.0000    0.4000
parameters
   -1.5033   -8.4232    0.1799  -10.5320  -10.7266   -6.8138
    3.7090    4.7461   -2.1408   15.2298   -3.5645  -23.4112
eta,q 0.97925 12.45639
  0.0212  0.0211  0.0211  0.0210  0.0211  0.0214  0.0211  0.0212  0.0210  0.0213  0.0209  0.0210
  0.0209  0.0209  0.0209  0.0209  0.0209  0.0212  0.0209  0.0210  0.0209  0.0210  0.0208  0.0209
  0.0208  0.0208  0.0208  0.0208  0.0208  0.0209  0.0208  0.0208  0.0208  0.0208  0.0208  0.0208
  0.0208  0.0208  0.0208  0.0208  0.0208  0.0208  0.0208  0.0207  0.0207  0.0208  0.0207  0.0207
  0.0208  0.0208  0.0208  0.0208  0.0208  0.0207  0.0208  0.0208  0.0208  0.0208  0.0208  0.0208
  0.0209  0.0209  0.0208  0.0209  0.0210  0.0209  0.0209  0.0210  0.0209  0.0210  0.0208  0.0209
  0.0212  0.0211  0.0210  0.0210  0.0212  0.0213  0.0211  0.0212  0.0211  0.0212  0.0209  0.0210
registration optimization eta report
parameter search radius
    0.8000    0.8000    0.8000    2.4000    2.4000    2.4000
    2.4000    2.4000    2.4000    2.4000    2.4000    2.4000
100000*second partial in parameter space
       61.       53.       37.        4.        6.       10.
        6.        8.        5.        9.        3.        4.
  0.0212  0.0211  0.0211  0.0210  0.0211  0.0214  0.0211  0.0212  0.0210  0.0213  0.0209  0.0210
  0.0209  0.0209  0.0209  0.0209  0.0209  0.0212  0.0209  0.0210  0.0209  0.0210  0.0208  0.0209
  0.0208  0.0208  0.0208  0.0208  0.0208  0.0209  0.0208  0.0208  0.0208  0.0208  0.0208  0.0208
  0.0208  0.0208  0.0208  0.0208  0.0208  0.0208  0.0208  0.0207  0.0207  0.0208  0.0207  0.0207
  0.0208  0.0208  0.0208  0.0208  0.0208  0.0207  0.0208  0.0208  0.0208  0.0208  0.0208  0.0208
  0.0209  0.0209  0.0208  0.0209  0.0210  0.0209  0.0209  0.0210  0.0209  0.0210  0.0208  0.0209
  0.0212  0.0211  0.0210  0.0210  0.0212  0.0213  0.0211  0.0212  0.0211  0.0212  0.0209  0.0210
   -1.5033   -8.4232    0.1799  -10.5320  -10.7266   -6.8138
    3.7090    4.7461   -2.1408   15.2298   -3.5645  -23.4112
eta,q 0.97925 12.45639

---------------------------------------------------------------------
imgreg_4dfp /usr/local/freesurfer/average/711-2C_as_mni_average_305 /usr/local/freesurfer/average/711-2B_as_mni_average_305_mask talsrcimg_g11 none talsrcimg_to_711-2C_as_mni_average_305_t4 2311
---------------------------------------------------------------------

freesurfer imgreg_4dfp.c
/usr/local/freesurfer/average/711-2C_as_mni_average_305.4dfp.img
       256       256       256         1
  1.000000  1.000000  1.000000
orientation T byte_order littleendian
Reading image: /usr/local/freesurfer/average/711-2C_as_mni_average_305.4dfp.img
dimensions:      256       256       256
mmppix:       1.0000   -1.0000   -1.0000
center:     128.0000 -129.0000 -129.0000
/usr/local/freesurfer/average/711-2B_as_mni_average_305_mask.4dfp.img
       256       256       256         1
  1.000000  1.000000  1.000000
orientation T byte_order littleendian
Reading mask: /usr/local/freesurfer/average/711-2B_as_mni_average_305_mask.4dfp.img (2306576 pixels)
talsrcimg_g11.4dfp.img
       256       256       256         1
  1.000000  1.000000  1.000000
orientation T byte_order littleendian
Reading image: talsrcimg_g11.4dfp.img
dimensions:      256       256       256
mmppix:       1.0000   -1.0000   -1.0000
center:     128.0000 -129.0000 -129.0000
fimgreg.f
image alignment mode   2311 decimal      907 hex
parameters
   -1.5033   -8.4232    0.1799  -10.5320  -10.7266   -6.8138
    3.7090    4.7461   -2.1408   15.2298   -3.5645  -23.4112
eta,q 0.97925 12.45638
niter,ni,del,rscale     5    3    5.0000    0.8000
parameters
   -1.5004   -8.4219    0.2737  -10.7983  -10.8440   -7.3857
    3.7218    4.7156   -2.1370   15.0629   -3.6554  -23.3717
eta,q 0.97917 12.41692
  0.0223  0.0221  0.0219  0.0217  0.0222  0.0222  0.0222  0.0227  0.0220  0.0225  0.0214  0.0218
  0.0215  0.0214  0.0213  0.0212  0.0214  0.0216  0.0214  0.0216  0.0214  0.0216  0.0211  0.0212
  0.0209  0.0209  0.0209  0.0209  0.0209  0.0211  0.0210  0.0210  0.0210  0.0210  0.0209  0.0209
  0.0208  0.0208  0.0208  0.0208  0.0208  0.0208  0.0208  0.0208  0.0208  0.0208  0.0208  0.0208
  0.0209  0.0209  0.0208  0.0209  0.0209  0.0209  0.0210  0.0210  0.0210  0.0211  0.0209  0.0210
  0.0215  0.0214  0.0211  0.0213  0.0214  0.0219  0.0214  0.0216  0.0214  0.0217  0.0211  0.0213
  0.0223  0.0221  0.0216  0.0221  0.0223  0.0236  0.0221  0.0227  0.0220  0.0227  0.0214  0.0217
niter,ni,del,rscale     4    3    5.0000    0.7000
parameters
   -1.4907   -8.4311    0.1274  -10.7079  -10.6565   -7.4277
    3.6800    4.7277   -2.1387   15.0415   -3.6058  -23.4568
eta,q 0.97918 12.42568
  0.0220  0.0218  0.0214  0.0216  0.0220  0.0221  0.0218  0.0222  0.0217  0.0222  0.0213  0.0215
  0.0214  0.0213  0.0210  0.0212  0.0214  0.0216  0.0213  0.0214  0.0212  0.0214  0.0210  0.0211
  0.0210  0.0209  0.0209  0.0209  0.0210  0.0212  0.0209  0.0210  0.0209  0.0210  0.0209  0.0209
  0.0208  0.0208  0.0208  0.0208  0.0208  0.0208  0.0208  0.0208  0.0208  0.0208  0.0208  0.0208
  0.0210  0.0210  0.0210  0.0209  0.0209  0.0208  0.0210  0.0210  0.0209  0.0210  0.0209  0.0209
  0.0213  0.0213  0.0212  0.0211  0.0212  0.0214  0.0213  0.0214  0.0212  0.0215  0.0210  0.0212
  0.0220  0.0219  0.0217  0.0216  0.0218  0.0225  0.0219  0.0222  0.0217  0.0222  0.0212  0.0216
niter,ni,del,rscale     3    3    5.0000    0.6000
parameters
   -1.4990   -8.4327    0.0999  -10.6592  -10.6378   -7.2700
    3.6844    4.7268   -2.1410   15.1006   -3.5810  -23.4637
eta,q 0.97920 12.43535
  0.0217  0.0216  0.0213  0.0214  0.0217  0.0219  0.0216  0.0219  0.0215  0.0219  0.0211  0.0214
  0.0212  0.0212  0.0210  0.0211  0.0212  0.0215  0.0211  0.0213  0.0211  0.0213  0.0209  0.0210
  0.0209  0.0209  0.0209  0.0209  0.0209  0.0211  0.0209  0.0209  0.0209  0.0209  0.0208  0.0208
  0.0208  0.0208  0.0208  0.0208  0.0208  0.0208  0.0208  0.0208  0.0208  0.0208  0.0208  0.0208
  0.0209  0.0209  0.0209  0.0209  0.0209  0.0208  0.0209  0.0209  0.0209  0.0209  0.0208  0.0209
  0.0212  0.0212  0.0211  0.0210  0.0212  0.0212  0.0211  0.0212  0.0211  0.0213  0.0209  0.0211
  0.0217  0.0216  0.0214  0.0214  0.0216  0.0219  0.0215  0.0219  0.0215  0.0218  0.0211  0.0213
niter,ni,del,rscale     2    3    5.0000    0.5000
parameters
   -1.5023   -8.4315    0.1328  -10.5906  -10.6696   -7.0319
    3.6893    4.7341   -2.1333   15.1635   -3.5709  -23.4319
eta,q 0.97923 12.44689
  0.0214  0.0213  0.0212  0.0212  0.0214  0.0217  0.0213  0.0215  0.0212  0.0216  0.0210  0.0212
  0.0211  0.0210  0.0210  0.0210  0.0210  0.0213  0.0210  0.0211  0.0210  0.0211  0.0209  0.0209
  0.0209  0.0209  0.0208  0.0209  0.0209  0.0210  0.0208  0.0209  0.0208  0.0209  0.0208  0.0208
  0.0208  0.0208  0.0208  0.0208  0.0208  0.0208  0.0208  0.0208  0.0208  0.0208  0.0208  0.0208
  0.0209  0.0209  0.0208  0.0208  0.0209  0.0208  0.0208  0.0208  0.0208  0.0208  0.0208  0.0208
  0.0211  0.0210  0.0209  0.0209  0.0211  0.0210  0.0210  0.0211  0.0210  0.0211  0.0209  0.0209
  0.0214  0.0213  0.0211  0.0212  0.0214  0.0216  0.0213  0.0215  0.0212  0.0215  0.0210  0.0211
niter,ni,del,rscale     1    3    5.0000    0.4000
parameters
   -1.5036   -8.4272    0.1886  -10.5132  -10.7412   -6.8055
    3.7034    4.7349   -2.1296   15.2196   -3.5771  -23.3894
eta,q 0.97925 12.45672
  0.0212  0.0211  0.0210  0.0210  0.0211  0.0214  0.0211  0.0212  0.0211  0.0213  0.0209  0.0210
  0.0209  0.0209  0.0209  0.0209  0.0209  0.0211  0.0209  0.0210  0.0209  0.0210  0.0208  0.0209
  0.0208  0.0208  0.0208  0.0208  0.0208  0.0209  0.0208  0.0208  0.0208  0.0208  0.0208  0.0208
  0.0208  0.0208  0.0208  0.0208  0.0208  0.0208  0.0207  0.0207  0.0207  0.0207  0.0208  0.0207
  0.0208  0.0208  0.0208  0.0208  0.0208  0.0208  0.0208  0.0208  0.0208  0.0208  0.0208  0.0208
  0.0209  0.0209  0.0209  0.0209  0.0210  0.0209  0.0209  0.0210  0.0209  0.0210  0.0208  0.0209
  0.0212  0.0211  0.0210  0.0210  0.0212  0.0213  0.0211  0.0212  0.0211  0.0212  0.0209  0.0210
registration optimization eta report
parameter search radius
    0.8000    0.8000    0.8000    2.4000    2.4000    2.4000
    2.4000    2.4000    2.4000    2.4000    2.4000    2.4000
100000*second partial in parameter space
       61.       54.       38.        5.        6.       10.
        6.        9.        5.        9.        3.        4.
  0.0212  0.0211  0.0210  0.0210  0.0211  0.0214  0.0211  0.0212  0.0211  0.0213  0.0209  0.0210
  0.0209  0.0209  0.0209  0.0209  0.0209  0.0211  0.0209  0.0210  0.0209  0.0210  0.0208  0.0209
  0.0208  0.0208  0.0208  0.0208  0.0208  0.0209  0.0208  0.0208  0.0208  0.0208  0.0208  0.0208
  0.0208  0.0208  0.0208  0.0208  0.0208  0.0208  0.0207  0.0207  0.0207  0.0207  0.0208  0.0207
  0.0208  0.0208  0.0208  0.0208  0.0208  0.0208  0.0208  0.0208  0.0208  0.0208  0.0208  0.0208
  0.0209  0.0209  0.0209  0.0209  0.0210  0.0209  0.0209  0.0210  0.0209  0.0210  0.0208  0.0209
  0.0212  0.0211  0.0210  0.0210  0.0212  0.0213  0.0211  0.0212  0.0211  0.0212  0.0209  0.0210
   -1.5036   -8.4272    0.1886  -10.5132  -10.7412   -6.8055
    3.7034    4.7349   -2.1296   15.2196   -3.5771  -23.3894
eta,q 0.97925 12.45672

---------------------------------------------------------------------
compute_vox2vox talsrcimg talsrcimg_to_711-2C_as_mni_average_305_t4 /usr/local/freesurfer/average/711-2C_as_mni_average_305
---------------------------------------------------------------------

freesurfer compute_vox2vox.c
Reading: talsrcimg.4dfp.ifh
Reading: talsrcimg_to_711-2C_as_mni_average_305_t4
Reading: /usr/local/freesurfer/average/711-2C_as_mni_average_305.4dfp.ifh
Writing: talsrcimg_to_711-2C_as_mni_average_305_t4_vox2vox.txt

start time Tue Jun 3 16:38:08 UTC 2025
end		time Tue Jun 3 16:38:25 UTC 2025

mpr2mni305 success

avi2talxfm orig_nu.mgz /usr/local/freesurfer/average/mni305.cor.mgz talsrcimg_to_711-2C_as_mni_average_305_t4_vox2vox.txt transforms/talairach.auto.xfm
avi2talxfm done
mv -f /home/freesurfer/subjects/sub-045/mri/talsrcimg_to_711-2C_as_mni_average_305_t4_vox2vox.txt /home/freesurfer/subjects/sub-045/mri/transforms/talsrcimg_to_711-2C_as_mni_average_305_t4_vox2vox.txt
lta_convert --src orig_nu.mgz --trg /usr/local/freesurfer/average/mni305.cor.mgz --inxfm transforms/talairach.auto.xfm --outlta transforms/talairach.auto.xfm.lta --subject fsaverage
7.4.1

--src: orig_nu.mgz src image (geometry).
--trg: /usr/local/freesurfer/average/mni305.cor.mgz trg image (geometry).
--inmni: transforms/talairach.auto.xfm input MNI/XFM transform.
--outlta: transforms/talairach.auto.xfm.lta output LTA.
--s: fsaverage subject name
 LTA read, type : 1
 1.11421  -0.04705  -0.05856   1.98270;
 0.04741   1.02699   0.26715  -31.12785;
 0.01850  -0.17624   1.07339  -14.15404;
 0.00000   0.00000   0.00000   1.00000;
setting subject to fsaverage
Writing  LTA to file transforms/talairach.auto.xfm.lta...
lta_convert successful.
 
 
Started at Tue Jun 3 16:38:07 UTC 2025
Ended   at Tue Jun  3 16:38:25 UTC 2025
talairach_avi done
