Log file for defect2seg
Mon Jun  2 22:42:32 UTC 2025

setenv SUBJECTS_DIR /home/freesurfer/subjects
cd /home/freesurfer/subjects/sub-041/scripts
/usr/local/freesurfer/bin/defect2seg --s sub-041 --cortex

freesurfer-linux-centos8_x86_64-7.4.1-20230613-7eb8460
defect2seg 7.4.1
Linux f33eb0d45c3f 6.11.0-26-generic #26~24.04.1-Ubuntu SMP PREEMPT_DYNAMIC Thu Apr 17 19:20:47 UTC 2 x86_64 x86_64 x86_64 GNU/Linux
pid 1283
mri_label2label --label-cortex /home/freesurfer/subjects/sub-041/surf/lh.orig.nofix /home/freesurfer/subjects/sub-041/mri/aseg.presurf.mgz 0 /home/freesurfer/subjects/sub-041/label/lh.nofix.cortex.label

 Generating cortex label... RemoveHipAmgy=0
 NucAccIsMedialWall=0
 mris->useRealRAS=0
11 non-cortical segments detected
only using segment with 7516 vertices
erasing segment 1 (vno[0] = 51046)
erasing segment 2 (vno[0] = 66005)
erasing segment 3 (vno[0] = 79646)
erasing segment 4 (vno[0] = 89175)
erasing segment 5 (vno[0] = 89194)
erasing segment 6 (vno[0] = 91004)
erasing segment 7 (vno[0] = 91104)
erasing segment 8 (vno[0] = 91183)
erasing segment 9 (vno[0] = 92096)
erasing segment 10 (vno[0] = 93847)
mri_label2vol --defects /home/freesurfer/subjects/sub-041/surf/lh.orig.nofix /home/freesurfer/subjects/sub-041/surf/lh.defect_labels /home/freesurfer/subjects/sub-041/mri/orig.mgz 1000 0 /home/freesurfer/subjects/sub-041/mri/surface.defects.mgz /home/freesurfer/subjects/sub-041/label/lh.nofix.cortex.label
mri_label2vol supposed to be reproducible but seed not set
Contraining to label /home/freesurfer/subjects/sub-041/label/lh.nofix.cortex.label
Changing input type 0 to MRI_INT
Converting defects to volume: offset=1000, merge=0
Writing to /home/freesurfer/subjects/sub-041/mri/surface.defects.mgz
mris_defects_pointset -s /home/freesurfer/subjects/sub-041/surf/lh.orig.nofix -d /home/freesurfer/subjects/sub-041/surf/lh.defect_labels -o /home/freesurfer/subjects/sub-041/surf/lh.defects.pointset --label /home/freesurfer/subjects/sub-041/label/lh.nofix.cortex.label
Reading in surface /home/freesurfer/subjects/sub-041/surf/lh.orig.nofix
Reading in defect segmentation /home/freesurfer/subjects/sub-041/surf/lh.defect_labels
Reading in label /home/freesurfer/subjects/sub-041/label/lh.nofix.cortex.label
#VMPC# mris_defects_pointset 182336
mris_defects_pointset done
mri_label2label --label-cortex /home/freesurfer/subjects/sub-041/surf/rh.orig.nofix /home/freesurfer/subjects/sub-041/mri/aseg.presurf.mgz 0 /home/freesurfer/subjects/sub-041/label/rh.nofix.cortex.label

 Generating cortex label... RemoveHipAmgy=0
 NucAccIsMedialWall=0
 mris->useRealRAS=0
12 non-cortical segments detected
only using segment with 6914 vertices
erasing segment 1 (vno[0] = 48808)
erasing segment 2 (vno[0] = 52919)
erasing segment 3 (vno[0] = 70292)
erasing segment 4 (vno[0] = 73116)
erasing segment 5 (vno[0] = 75029)
erasing segment 6 (vno[0] = 92426)
erasing segment 7 (vno[0] = 93389)
erasing segment 8 (vno[0] = 96021)
erasing segment 9 (vno[0] = 108380)
erasing segment 10 (vno[0] = 110770)
erasing segment 11 (vno[0] = 111355)
mri_label2vol --defects /home/freesurfer/subjects/sub-041/surf/rh.orig.nofix /home/freesurfer/subjects/sub-041/surf/rh.defect_labels /home/freesurfer/subjects/sub-041/mri/surface.defects.mgz 2000 1 /home/freesurfer/subjects/sub-041/mri/surface.defects.mgz /home/freesurfer/subjects/sub-041/label/rh.nofix.cortex.label
mri_label2vol supposed to be reproducible but seed not set
Contraining to label /home/freesurfer/subjects/sub-041/label/rh.nofix.cortex.label
Converting defects to volume: offset=2000, merge=1
Writing to /home/freesurfer/subjects/sub-041/mri/surface.defects.mgz
mris_defects_pointset -s /home/freesurfer/subjects/sub-041/surf/rh.orig.nofix -d /home/freesurfer/subjects/sub-041/surf/rh.defect_labels -o /home/freesurfer/subjects/sub-041/surf/rh.defects.pointset --label /home/freesurfer/subjects/sub-041/label/rh.nofix.cortex.label
Reading in surface /home/freesurfer/subjects/sub-041/surf/rh.orig.nofix
Reading in defect segmentation /home/freesurfer/subjects/sub-041/surf/rh.defect_labels
Reading in label /home/freesurfer/subjects/sub-041/label/rh.nofix.cortex.label
#VMPC# mris_defects_pointset 183348
mris_defects_pointset done
 
Started at Mon Jun 2 22:42:32 UTC 2025 
Ended   at Mon Jun  2 22:43:17 UTC 2025
Defect2seg-Run-Time-Sec 45
Defect2seg-Run-Time-Min 0.90
Defect2seg-Run-Time-Hours 0.01
 
defect2seg Done
