Log file for defect2seg
Wed Jun  4 17:33:49 UTC 2025

setenv SUBJECTS_DIR /home/freesurfer/subjects
cd /home/freesurfer/subjects/sub-049/scripts
/usr/local/freesurfer/bin/defect2seg --s sub-049 --cortex

freesurfer-linux-centos8_x86_64-7.4.1-20230613-7eb8460
defect2seg 7.4.1
Linux 868d1d345740 6.11.0-26-generic #26~24.04.1-Ubuntu SMP PREEMPT_DYNAMIC Thu Apr 17 19:20:47 UTC 2 x86_64 x86_64 x86_64 GNU/Linux
pid 1283
mri_label2label --label-cortex /home/freesurfer/subjects/sub-049/surf/lh.orig.nofix /home/freesurfer/subjects/sub-049/mri/aseg.presurf.mgz 0 /home/freesurfer/subjects/sub-049/label/lh.nofix.cortex.label

 Generating cortex label... RemoveHipAmgy=0
 NucAccIsMedialWall=0
 mris->useRealRAS=0
13 non-cortical segments detected
only using segment with 9901 vertices
erasing segment 1 (vno[0] = 57619)
erasing segment 2 (vno[0] = 58567)
erasing segment 3 (vno[0] = 60523)
erasing segment 4 (vno[0] = 78784)
erasing segment 5 (vno[0] = 85129)
erasing segment 6 (vno[0] = 85616)
erasing segment 7 (vno[0] = 88098)
erasing segment 8 (vno[0] = 89164)
erasing segment 9 (vno[0] = 89690)
erasing segment 10 (vno[0] = 90041)
erasing segment 11 (vno[0] = 92212)
erasing segment 12 (vno[0] = 96239)
mri_label2vol --defects /home/freesurfer/subjects/sub-049/surf/lh.orig.nofix /home/freesurfer/subjects/sub-049/surf/lh.defect_labels /home/freesurfer/subjects/sub-049/mri/orig.mgz 1000 0 /home/freesurfer/subjects/sub-049/mri/surface.defects.mgz /home/freesurfer/subjects/sub-049/label/lh.nofix.cortex.label
mri_label2vol supposed to be reproducible but seed not set
Contraining to label /home/freesurfer/subjects/sub-049/label/lh.nofix.cortex.label
Changing input type 0 to MRI_INT
Converting defects to volume: offset=1000, merge=0
Writing to /home/freesurfer/subjects/sub-049/mri/surface.defects.mgz
mris_defects_pointset -s /home/freesurfer/subjects/sub-049/surf/lh.orig.nofix -d /home/freesurfer/subjects/sub-049/surf/lh.defect_labels -o /home/freesurfer/subjects/sub-049/surf/lh.defects.pointset --label /home/freesurfer/subjects/sub-049/label/lh.nofix.cortex.label
Reading in surface /home/freesurfer/subjects/sub-049/surf/lh.orig.nofix
Reading in defect segmentation /home/freesurfer/subjects/sub-049/surf/lh.defect_labels
Reading in label /home/freesurfer/subjects/sub-049/label/lh.nofix.cortex.label
#VMPC# mris_defects_pointset 178308
mris_defects_pointset done
mri_label2label --label-cortex /home/freesurfer/subjects/sub-049/surf/rh.orig.nofix /home/freesurfer/subjects/sub-049/mri/aseg.presurf.mgz 0 /home/freesurfer/subjects/sub-049/label/rh.nofix.cortex.label

 Generating cortex label... RemoveHipAmgy=0
 NucAccIsMedialWall=0
 mris->useRealRAS=0
21 non-cortical segments detected
only using segment with 9244 vertices
erasing segment 0 (vno[0] = 34089)
erasing segment 2 (vno[0] = 40203)
erasing segment 3 (vno[0] = 41056)
erasing segment 4 (vno[0] = 42205)
erasing segment 5 (vno[0] = 44000)
erasing segment 6 (vno[0] = 67963)
erasing segment 7 (vno[0] = 77677)
erasing segment 8 (vno[0] = 81718)
erasing segment 9 (vno[0] = 82764)
erasing segment 10 (vno[0] = 83663)
erasing segment 11 (vno[0] = 84646)
erasing segment 12 (vno[0] = 85613)
erasing segment 13 (vno[0] = 85672)
erasing segment 14 (vno[0] = 86506)
erasing segment 15 (vno[0] = 96783)
erasing segment 16 (vno[0] = 97463)
erasing segment 17 (vno[0] = 98086)
erasing segment 18 (vno[0] = 99297)
erasing segment 19 (vno[0] = 101329)
erasing segment 20 (vno[0] = 101985)
mri_label2vol --defects /home/freesurfer/subjects/sub-049/surf/rh.orig.nofix /home/freesurfer/subjects/sub-049/surf/rh.defect_labels /home/freesurfer/subjects/sub-049/mri/surface.defects.mgz 2000 1 /home/freesurfer/subjects/sub-049/mri/surface.defects.mgz /home/freesurfer/subjects/sub-049/label/rh.nofix.cortex.label
mri_label2vol supposed to be reproducible but seed not set
Contraining to label /home/freesurfer/subjects/sub-049/label/rh.nofix.cortex.label
Converting defects to volume: offset=2000, merge=1
Writing to /home/freesurfer/subjects/sub-049/mri/surface.defects.mgz
mris_defects_pointset -s /home/freesurfer/subjects/sub-049/surf/rh.orig.nofix -d /home/freesurfer/subjects/sub-049/surf/rh.defect_labels -o /home/freesurfer/subjects/sub-049/surf/rh.defects.pointset --label /home/freesurfer/subjects/sub-049/label/rh.nofix.cortex.label
Reading in surface /home/freesurfer/subjects/sub-049/surf/rh.orig.nofix
Reading in defect segmentation /home/freesurfer/subjects/sub-049/surf/rh.defect_labels
Reading in label /home/freesurfer/subjects/sub-049/label/rh.nofix.cortex.label
#VMPC# mris_defects_pointset 175904
mris_defects_pointset done
 
Started at Wed Jun 4 17:33:49 UTC 2025 
Ended   at Wed Jun  4 17:34:32 UTC 2025
Defect2seg-Run-Time-Sec 43
Defect2seg-Run-Time-Min 0.86
Defect2seg-Run-Time-Hours 0.01
 
defect2seg Done
