status file for recon-all
Wed Jun  4 13:57:56 UTC 2025
#@# MotionCor Wed Jun  4 13:57:59 UTC 2025
#@# Talairach Wed Jun  4 13:58:07 UTC 2025
#@# Talairach Failure Detection Wed Jun  4 14:01:17 UTC 2025
#@# Nu Intensity Correction Wed Jun  4 14:01:17 UTC 2025
#@# Intensity Normalization Wed Jun  4 14:04:31 UTC 2025
#@# Skull Stripping Wed Jun  4 14:07:37 UTC 2025
#@# EM Registration Wed Jun  4 14:17:37 UTC 2025
#@# CA Normalize Wed Jun  4 14:28:02 UTC 2025
#@# CA Reg Wed Jun  4 14:29:23 UTC 2025
#@# SubCort Seg Wed Jun  4 16:27:11 UTC 2025
#@# CC Seg Wed Jun  4 17:13:47 UTC 2025
#@# Merge ASeg Wed Jun  4 17:14:56 UTC 2025
#@# Intensity Normalization2 Wed Jun  4 17:14:56 UTC 2025
#@# Mask BFS Wed Jun  4 17:19:23 UTC 2025
#@# WM Segmentation Wed Jun  4 17:19:26 UTC 2025
#@# Fill Wed Jun  4 17:24:17 UTC 2025
#@# Tessellate lh Wed Jun  4 17:25:54 UTC 2025
#@# Tessellate rh Wed Jun  4 17:25:59 UTC 2025
#@# Smooth1 lh Wed Jun  4 17:26:04 UTC 2025
#@# Smooth1 rh Wed Jun  4 17:26:07 UTC 2025
#@# Inflation1 lh Wed Jun  4 17:26:09 UTC 2025
#@# Inflation1 rh Wed Jun  4 17:26:24 UTC 2025
#@# QSphere lh Wed Jun  4 17:26:38 UTC 2025
#@# QSphere rh Wed Jun  4 17:28:18 UTC 2025
#@# Fix Topology lh Wed Jun  4 17:30:05 UTC 2025
#@# Fix Topology rh Wed Jun  4 17:32:23 UTC 2025
#@# Smooth2 lh Wed Jun  4 17:45:08 UTC 2025
#@# Smooth2 rh Wed Jun  4 17:45:11 UTC 2025
#@# Inflation2 lh Wed Jun  4 17:45:14 UTC 2025
#@# Inflation2 rh Wed Jun  4 17:45:31 UTC 2025
#@# Curv .H and .K lh Wed Jun  4 17:45:47 UTC 2025
#@# Curv .H and .K rh Wed Jun  4 17:46:25 UTC 2025
#@# Sphere lh Wed Jun  4 17:47:04 UTC 2025
#@# Sphere rh Wed Jun  4 17:56:42 UTC 2025
#@# Surf Reg lh Wed Jun  4 18:04:19 UTC 2025
#@# Surf Reg rh Wed Jun  4 18:10:25 UTC 2025
#@# Jacobian white lh Wed Jun  4 18:16:01 UTC 2025
#@# Jacobian white rh Wed Jun  4 18:16:02 UTC 2025
#@# AvgCurv lh Wed Jun  4 18:16:03 UTC 2025
#@# AvgCurv rh Wed Jun  4 18:16:03 UTC 2025
#@# Cortical Parc lh Wed Jun  4 18:16:04 UTC 2025
#@# Cortical Parc rh Wed Jun  4 18:16:16 UTC 2025
#@# white curv lh Wed Jun  4 18:31:51 UTC 2025
#@# white area lh Wed Jun  4 18:31:53 UTC 2025
#@# pial curv lh Wed Jun  4 18:31:54 UTC 2025
#@# pial area lh Wed Jun  4 18:31:56 UTC 2025
#@# thickness lh Wed Jun  4 18:31:57 UTC 2025
#@# area and vertex vol lh Wed Jun  4 18:32:23 UTC 2025
#@# white curv rh Wed Jun  4 18:32:24 UTC 2025
#@# white area rh Wed Jun  4 18:32:26 UTC 2025
#@# pial curv rh Wed Jun  4 18:32:27 UTC 2025
#@# pial area rh Wed Jun  4 18:32:29 UTC 2025
#@# thickness rh Wed Jun  4 18:32:30 UTC 2025
#@# area and vertex vol rh Wed Jun  4 18:32:57 UTC 2025
#@# Curvature Stats lh Wed Jun  4 18:32:59 UTC 2025
#@# Curvature Stats rh Wed Jun  4 18:33:02 UTC 2025
#@# Cortical ribbon mask Wed Jun  4 18:33:05 UTC 2025
#@# Cortical Parc 2 lh Wed Jun  4 18:38:20 UTC 2025
#@# Cortical Parc 2 rh Wed Jun  4 18:38:36 UTC 2025
#@# Cortical Parc 3 lh Wed Jun  4 18:38:52 UTC 2025
#@# Cortical Parc 3 rh Wed Jun  4 18:39:05 UTC 2025
#@# WM/GM Contrast lh Wed Jun  4 18:39:17 UTC 2025
#@# WM/GM Contrast rh Wed Jun  4 18:39:20 UTC 2025
#@# Relabel Hypointensities Wed Jun  4 18:39:23 UTC 2025
#@# APas-to-ASeg Wed Jun  4 18:39:48 UTC 2025
#@# AParc-to-ASeg aparc Wed Jun  4 18:40:05 UTC 2025
#@# AParc-to-ASeg aparc.a2009s Wed Jun  4 18:41:48 UTC 2025
#@# AParc-to-ASeg aparc.DKTatlas Wed Jun  4 18:43:27 UTC 2025
#@# WMParc Wed Jun  4 18:45:07 UTC 2025
#@# Parcellation Stats lh Wed Jun  4 18:51:58 UTC 2025
#@# Parcellation Stats rh Wed Jun  4 18:52:15 UTC 2025
#@# Parcellation Stats 2 lh Wed Jun  4 18:52:32 UTC 2025
#@# Parcellation Stats 2 rh Wed Jun  4 18:52:41 UTC 2025
#@# Parcellation Stats 3 lh Wed Jun  4 18:52:51 UTC 2025
#@# Parcellation Stats 3 rh Wed Jun  4 18:52:59 UTC 2025
#@# ASeg Stats Wed Jun  4 18:53:07 UTC 2025
#@# BA_exvivo Labels lh Wed Jun  4 18:56:24 UTC 2025
#@# BA_exvivo Labels rh Wed Jun  4 18:59:46 UTC 2025
recon-all -s sub-049 finished without error at Wed Jun  4 19:03:08 UTC 2025
