status file for recon-all
Thu May 29 12:41:07 UTC 2025
#@# MotionCor Thu May 29 12:41:09 UTC 2025
#@# Talairach Thu May 29 12:41:17 UTC 2025
#@# Talairach Failure Detection Thu May 29 12:44:31 UTC 2025
#@# Nu Intensity Correction Thu May 29 12:44:31 UTC 2025
#@# Intensity Normalization Thu May 29 12:47:46 UTC 2025
#@# Skull Stripping Thu May 29 12:50:55 UTC 2025
#@# EM Registration Thu May 29 13:02:11 UTC 2025
#@# CA Normalize Thu May 29 13:12:04 UTC 2025
#@# CA Reg Thu May 29 13:13:26 UTC 2025
#@# SubCort Seg Thu May 29 15:38:59 UTC 2025
#@# CC Seg Thu May 29 16:21:12 UTC 2025
#@# Merge ASeg Thu May 29 16:22:09 UTC 2025
#@# Intensity Normalization2 Thu May 29 16:22:09 UTC 2025
#@# Mask BFS Thu May 29 16:26:35 UTC 2025
#@# WM Segmentation Thu May 29 16:26:37 UTC 2025
#@# Fill Thu May 29 16:31:22 UTC 2025
#@# Tessellate lh Thu May 29 16:32:54 UTC 2025
#@# Tessellate rh Thu May 29 16:32:58 UTC 2025
#@# Smooth1 lh Thu May 29 16:33:03 UTC 2025
#@# Smooth1 rh Thu May 29 16:33:05 UTC 2025
#@# Inflation1 lh Thu May 29 16:33:08 UTC 2025
#@# Inflation1 rh Thu May 29 16:33:21 UTC 2025
#@# QSphere lh Thu May 29 16:33:33 UTC 2025
#@# QSphere rh Thu May 29 16:35:01 UTC 2025
#@# Fix Topology lh Thu May 29 16:36:33 UTC 2025
#@# Fix Topology rh Thu May 29 16:38:10 UTC 2025
#@# Smooth2 lh Thu May 29 16:49:51 UTC 2025
#@# Smooth2 rh Thu May 29 16:49:54 UTC 2025
#@# Inflation2 lh Thu May 29 16:49:56 UTC 2025
#@# Inflation2 rh Thu May 29 16:50:11 UTC 2025
#@# Curv .H and .K lh Thu May 29 16:50:25 UTC 2025
#@# Curv .H and .K rh Thu May 29 16:51:02 UTC 2025
#@# Sphere lh Thu May 29 16:51:38 UTC 2025
#@# Sphere rh Thu May 29 16:54:37 UTC 2025
#@# Surf Reg lh Thu May 29 16:58:51 UTC 2025
#@# Surf Reg rh Thu May 29 17:03:58 UTC 2025
#@# Jacobian white lh Thu May 29 17:09:35 UTC 2025
#@# Jacobian white rh Thu May 29 17:09:36 UTC 2025
#@# AvgCurv lh Thu May 29 17:09:37 UTC 2025
#@# AvgCurv rh Thu May 29 17:09:37 UTC 2025
#@# Cortical Parc lh Thu May 29 17:09:38 UTC 2025
#@# Cortical Parc rh Thu May 29 17:09:49 UTC 2025
#@# white curv lh Thu May 29 17:25:19 UTC 2025
#@# white area lh Thu May 29 17:25:21 UTC 2025
#@# pial curv lh Thu May 29 17:25:22 UTC 2025
#@# pial area lh Thu May 29 17:25:24 UTC 2025
#@# thickness lh Thu May 29 17:25:24 UTC 2025
#@# area and vertex vol lh Thu May 29 17:25:48 UTC 2025
#@# white curv rh Thu May 29 17:25:50 UTC 2025
#@# white area rh Thu May 29 17:25:52 UTC 2025
#@# pial curv rh Thu May 29 17:25:52 UTC 2025
#@# pial area rh Thu May 29 17:25:54 UTC 2025
#@# thickness rh Thu May 29 17:25:55 UTC 2025
#@# area and vertex vol rh Thu May 29 17:26:19 UTC 2025
#@# Curvature Stats lh Thu May 29 17:26:20 UTC 2025
#@# Curvature Stats rh Thu May 29 17:26:23 UTC 2025
#@# Cortical ribbon mask Thu May 29 17:26:26 UTC 2025
#@# Cortical Parc 2 lh Thu May 29 17:32:23 UTC 2025
#@# Cortical Parc 2 rh Thu May 29 17:32:41 UTC 2025
#@# Cortical Parc 3 lh Thu May 29 17:32:59 UTC 2025
#@# Cortical Parc 3 rh Thu May 29 17:33:12 UTC 2025
#@# WM/GM Contrast lh Thu May 29 17:33:25 UTC 2025
#@# WM/GM Contrast rh Thu May 29 17:33:29 UTC 2025
#@# Relabel Hypointensities Thu May 29 17:33:33 UTC 2025
#@# APas-to-ASeg Thu May 29 17:33:59 UTC 2025
#@# AParc-to-ASeg aparc Thu May 29 17:34:18 UTC 2025
#@# AParc-to-ASeg aparc.a2009s Thu May 29 17:36:34 UTC 2025
#@# AParc-to-ASeg aparc.DKTatlas Thu May 29 17:38:55 UTC 2025
#@# WMParc Thu May 29 17:41:20 UTC 2025
#@# Parcellation Stats lh Thu May 29 17:48:52 UTC 2025
#@# Parcellation Stats rh Thu May 29 17:49:11 UTC 2025
#@# Parcellation Stats 2 lh Thu May 29 17:49:30 UTC 2025
#@# Parcellation Stats 2 rh Thu May 29 17:49:40 UTC 2025
#@# Parcellation Stats 3 lh Thu May 29 17:49:51 UTC 2025
#@# Parcellation Stats 3 rh Thu May 29 17:50:01 UTC 2025
#@# ASeg Stats Thu May 29 17:50:10 UTC 2025
#@# BA_exvivo Labels lh Thu May 29 17:53:47 UTC 2025
#@# BA_exvivo Labels rh Thu May 29 17:57:25 UTC 2025
recon-all -s sub-024 finished without error at Thu May 29 18:01:03 UTC 2025
