Log file for defect2seg
Thu May 29 11:24:08 UTC 2025

setenv SUBJECTS_DIR /home/freesurfer/subjects
cd /home/freesurfer/subjects/sub-013/scripts
/usr/local/freesurfer/bin/defect2seg --s sub-013 --cortex

freesurfer-linux-centos8_x86_64-7.4.1-20230613-7eb8460
defect2seg 7.4.1
Linux a6bfd9d0daa1 6.11.0-26-generic #26~24.04.1-Ubuntu SMP PREEMPT_DYNAMIC Thu Apr 17 19:20:47 UTC 2 x86_64 x86_64 x86_64 GNU/Linux
pid 1283
mri_label2label --label-cortex /home/freesurfer/subjects/sub-013/surf/lh.orig.nofix /home/freesurfer/subjects/sub-013/mri/aseg.presurf.mgz 0 /home/freesurfer/subjects/sub-013/label/lh.nofix.cortex.label

 Generating cortex label... RemoveHipAmgy=0
 NucAccIsMedialWall=0
 mris->useRealRAS=0
10 non-cortical segments detected
only using segment with 7088 vertices
erasing segment 1 (vno[0] = 67098)
erasing segment 2 (vno[0] = 68041)
erasing segment 3 (vno[0] = 73741)
erasing segment 4 (vno[0] = 75668)
erasing segment 5 (vno[0] = 76598)
erasing segment 6 (vno[0] = 85162)
erasing segment 7 (vno[0] = 86099)
erasing segment 8 (vno[0] = 88893)
erasing segment 9 (vno[0] = 102621)
mri_label2vol --defects /home/freesurfer/subjects/sub-013/surf/lh.orig.nofix /home/freesurfer/subjects/sub-013/surf/lh.defect_labels /home/freesurfer/subjects/sub-013/mri/orig.mgz 1000 0 /home/freesurfer/subjects/sub-013/mri/surface.defects.mgz /home/freesurfer/subjects/sub-013/label/lh.nofix.cortex.label
mri_label2vol supposed to be reproducible but seed not set
Contraining to label /home/freesurfer/subjects/sub-013/label/lh.nofix.cortex.label
Changing input type 0 to MRI_INT
Converting defects to volume: offset=1000, merge=0
Writing to /home/freesurfer/subjects/sub-013/mri/surface.defects.mgz
mris_defects_pointset -s /home/freesurfer/subjects/sub-013/surf/lh.orig.nofix -d /home/freesurfer/subjects/sub-013/surf/lh.defect_labels -o /home/freesurfer/subjects/sub-013/surf/lh.defects.pointset --label /home/freesurfer/subjects/sub-013/label/lh.nofix.cortex.label
Reading in surface /home/freesurfer/subjects/sub-013/surf/lh.orig.nofix
Reading in defect segmentation /home/freesurfer/subjects/sub-013/surf/lh.defect_labels
Reading in label /home/freesurfer/subjects/sub-013/label/lh.nofix.cortex.label
#VMPC# mris_defects_pointset 180256
mris_defects_pointset done
mri_label2label --label-cortex /home/freesurfer/subjects/sub-013/surf/rh.orig.nofix /home/freesurfer/subjects/sub-013/mri/aseg.presurf.mgz 0 /home/freesurfer/subjects/sub-013/label/rh.nofix.cortex.label

 Generating cortex label... RemoveHipAmgy=0
 NucAccIsMedialWall=0
 mris->useRealRAS=0
11 non-cortical segments detected
only using segment with 7533 vertices
erasing segment 0 (vno[0] = 41474)
erasing segment 2 (vno[0] = 76899)
erasing segment 3 (vno[0] = 87404)
erasing segment 4 (vno[0] = 88393)
erasing segment 5 (vno[0] = 96528)
erasing segment 6 (vno[0] = 102307)
erasing segment 7 (vno[0] = 103667)
erasing segment 8 (vno[0] = 105150)
erasing segment 9 (vno[0] = 105925)
erasing segment 10 (vno[0] = 108813)
mri_label2vol --defects /home/freesurfer/subjects/sub-013/surf/rh.orig.nofix /home/freesurfer/subjects/sub-013/surf/rh.defect_labels /home/freesurfer/subjects/sub-013/mri/surface.defects.mgz 2000 1 /home/freesurfer/subjects/sub-013/mri/surface.defects.mgz /home/freesurfer/subjects/sub-013/label/rh.nofix.cortex.label
mri_label2vol supposed to be reproducible but seed not set
Contraining to label /home/freesurfer/subjects/sub-013/label/rh.nofix.cortex.label
Converting defects to volume: offset=2000, merge=1
Writing to /home/freesurfer/subjects/sub-013/mri/surface.defects.mgz
mris_defects_pointset -s /home/freesurfer/subjects/sub-013/surf/rh.orig.nofix -d /home/freesurfer/subjects/sub-013/surf/rh.defect_labels -o /home/freesurfer/subjects/sub-013/surf/rh.defects.pointset --label /home/freesurfer/subjects/sub-013/label/rh.nofix.cortex.label
Reading in surface /home/freesurfer/subjects/sub-013/surf/rh.orig.nofix
Reading in defect segmentation /home/freesurfer/subjects/sub-013/surf/rh.defect_labels
Reading in label /home/freesurfer/subjects/sub-013/label/rh.nofix.cortex.label
#VMPC# mris_defects_pointset 182100
mris_defects_pointset done
 
Started at Thu May 29 11:24:08 UTC 2025 
Ended   at Thu May 29 11:24:53 UTC 2025
Defect2seg-Run-Time-Sec 45
Defect2seg-Run-Time-Min 0.90
Defect2seg-Run-Time-Hours 0.01
 
defect2seg Done
