status file for recon-all
Thu May 29 07:34:51 UTC 2025
#@# MotionCor Thu May 29 07:34:53 UTC 2025
#@# Talairach Thu May 29 07:35:00 UTC 2025
#@# Talairach Failure Detection Thu May 29 07:38:11 UTC 2025
#@# Nu Intensity Correction Thu May 29 07:38:11 UTC 2025
#@# Intensity Normalization Thu May 29 07:41:24 UTC 2025
#@# Skull Stripping Thu May 29 07:44:58 UTC 2025
#@# EM Registration Thu May 29 07:56:59 UTC 2025
#@# CA Normalize Thu May 29 08:06:09 UTC 2025
#@# CA Reg Thu May 29 08:07:33 UTC 2025
#@# SubCort Seg Thu May 29 10:20:32 UTC 2025
#@# CC Seg Thu May 29 11:04:31 UTC 2025
#@# Merge ASeg Thu May 29 11:05:27 UTC 2025
#@# Intensity Normalization2 Thu May 29 11:05:27 UTC 2025
#@# Mask BFS Thu May 29 11:10:07 UTC 2025
#@# WM Segmentation Thu May 29 11:10:09 UTC 2025
#@# Fill Thu May 29 11:14:52 UTC 2025
#@# Tessellate lh Thu May 29 11:16:29 UTC 2025
#@# Tessellate rh Thu May 29 11:16:34 UTC 2025
#@# Smooth1 lh Thu May 29 11:16:38 UTC 2025
#@# Smooth1 rh Thu May 29 11:16:41 UTC 2025
#@# Inflation1 lh Thu May 29 11:16:44 UTC 2025
#@# Inflation1 rh Thu May 29 11:16:59 UTC 2025
#@# QSphere lh Thu May 29 11:17:14 UTC 2025
#@# QSphere rh Thu May 29 11:19:10 UTC 2025
#@# Fix Topology lh Thu May 29 11:21:07 UTC 2025
#@# Fix Topology rh Thu May 29 11:22:58 UTC 2025
#@# Smooth2 lh Thu May 29 11:35:33 UTC 2025
#@# Smooth2 rh Thu May 29 11:35:36 UTC 2025
#@# Inflation2 lh Thu May 29 11:35:40 UTC 2025
#@# Inflation2 rh Thu May 29 11:36:01 UTC 2025
#@# Curv .H and .K lh Thu May 29 11:36:21 UTC 2025
#@# Curv .H and .K rh Thu May 29 11:37:00 UTC 2025
#@# Sphere lh Thu May 29 11:37:41 UTC 2025
#@# Sphere rh Thu May 29 11:46:39 UTC 2025
#@# Surf Reg lh Thu May 29 11:56:11 UTC 2025
#@# Surf Reg rh Thu May 29 12:02:34 UTC 2025
#@# Jacobian white lh Thu May 29 12:10:59 UTC 2025
#@# Jacobian white rh Thu May 29 12:11:00 UTC 2025
#@# AvgCurv lh Thu May 29 12:11:01 UTC 2025
#@# AvgCurv rh Thu May 29 12:11:02 UTC 2025
#@# Cortical Parc lh Thu May 29 12:11:03 UTC 2025
#@# Cortical Parc rh Thu May 29 12:11:15 UTC 2025
#@# white curv lh Thu May 29 12:27:18 UTC 2025
#@# white area lh Thu May 29 12:27:20 UTC 2025
#@# pial curv lh Thu May 29 12:27:21 UTC 2025
#@# pial area lh Thu May 29 12:27:23 UTC 2025
#@# thickness lh Thu May 29 12:27:24 UTC 2025
#@# area and vertex vol lh Thu May 29 12:27:51 UTC 2025
#@# white curv rh Thu May 29 12:27:53 UTC 2025
#@# white area rh Thu May 29 12:27:55 UTC 2025
#@# pial curv rh Thu May 29 12:27:56 UTC 2025
#@# pial area rh Thu May 29 12:27:58 UTC 2025
#@# thickness rh Thu May 29 12:27:59 UTC 2025
#@# area and vertex vol rh Thu May 29 12:28:29 UTC 2025
#@# Curvature Stats lh Thu May 29 12:28:31 UTC 2025
#@# Curvature Stats rh Thu May 29 12:28:34 UTC 2025
#@# Cortical ribbon mask Thu May 29 12:28:37 UTC 2025
#@# Cortical Parc 2 lh Thu May 29 12:34:30 UTC 2025
#@# Cortical Parc 2 rh Thu May 29 12:34:47 UTC 2025
#@# Cortical Parc 3 lh Thu May 29 12:35:05 UTC 2025
#@# Cortical Parc 3 rh Thu May 29 12:35:18 UTC 2025
#@# WM/GM Contrast lh Thu May 29 12:35:31 UTC 2025
#@# WM/GM Contrast rh Thu May 29 12:35:35 UTC 2025
#@# Relabel Hypointensities Thu May 29 12:35:39 UTC 2025
#@# APas-to-ASeg Thu May 29 12:36:04 UTC 2025
#@# AParc-to-ASeg aparc Thu May 29 12:36:20 UTC 2025
#@# AParc-to-ASeg aparc.a2009s Thu May 29 12:38:43 UTC 2025
#@# AParc-to-ASeg aparc.DKTatlas Thu May 29 12:41:11 UTC 2025
#@# WMParc Thu May 29 12:43:19 UTC 2025
#@# Parcellation Stats lh Thu May 29 12:50:28 UTC 2025
#@# Parcellation Stats rh Thu May 29 12:50:47 UTC 2025
#@# Parcellation Stats 2 lh Thu May 29 12:51:04 UTC 2025
#@# Parcellation Stats 2 rh Thu May 29 12:51:14 UTC 2025
#@# Parcellation Stats 3 lh Thu May 29 12:51:23 UTC 2025
#@# Parcellation Stats 3 rh Thu May 29 12:51:31 UTC 2025
#@# ASeg Stats Thu May 29 12:51:40 UTC 2025
#@# BA_exvivo Labels lh Thu May 29 12:54:42 UTC 2025
#@# BA_exvivo Labels rh Thu May 29 12:58:10 UTC 2025
recon-all -s sub-013 finished without error at Thu May 29 13:01:40 UTC 2025
