status file for recon-all
Wed Jun  4 18:56:27 UTC 2025
#@# MotionCor Wed Jun  4 18:56:30 UTC 2025
#@# Talairach Wed Jun  4 18:56:39 UTC 2025
#@# Talairach Failure Detection Wed Jun  4 18:59:50 UTC 2025
#@# Nu Intensity Correction Wed Jun  4 18:59:50 UTC 2025
#@# Intensity Normalization Wed Jun  4 19:03:06 UTC 2025
#@# Skull Stripping Wed Jun  4 19:06:16 UTC 2025
#@# EM Registration Wed Jun  4 19:16:16 UTC 2025
#@# CA Normalize Wed Jun  4 19:27:22 UTC 2025
#@# CA Reg Wed Jun  4 19:28:45 UTC 2025
#@# SubCort Seg Wed Jun  4 21:33:26 UTC 2025
#@# CC Seg Wed Jun  4 22:20:25 UTC 2025
#@# Merge ASeg Wed Jun  4 22:21:22 UTC 2025
#@# Intensity Normalization2 Wed Jun  4 22:21:22 UTC 2025
#@# Mask BFS Wed Jun  4 22:25:37 UTC 2025
#@# WM Segmentation Wed Jun  4 22:25:39 UTC 2025
#@# Fill Wed Jun  4 22:30:30 UTC 2025
#@# Tessellate lh Wed Jun  4 22:32:02 UTC 2025
#@# Tessellate rh Wed Jun  4 22:32:06 UTC 2025
#@# Smooth1 lh Wed Jun  4 22:32:11 UTC 2025
#@# Smooth1 rh Wed Jun  4 22:32:14 UTC 2025
#@# Inflation1 lh Wed Jun  4 22:32:17 UTC 2025
#@# Inflation1 rh Wed Jun  4 22:32:33 UTC 2025
#@# QSphere lh Wed Jun  4 22:32:49 UTC 2025
#@# QSphere rh Wed Jun  4 22:34:50 UTC 2025
#@# Fix Topology lh Wed Jun  4 22:36:44 UTC 2025
#@# Fix Topology rh Wed Jun  4 22:39:13 UTC 2025
#@# Smooth2 lh Wed Jun  4 22:54:07 UTC 2025
#@# Smooth2 rh Wed Jun  4 22:54:10 UTC 2025
#@# Inflation2 lh Wed Jun  4 22:54:13 UTC 2025
#@# Inflation2 rh Wed Jun  4 22:54:30 UTC 2025
#@# Curv .H and .K lh Wed Jun  4 22:54:46 UTC 2025
#@# Curv .H and .K rh Wed Jun  4 22:55:29 UTC 2025
#@# Sphere lh Wed Jun  4 22:56:11 UTC 2025
#@# Sphere rh Wed Jun  4 23:02:34 UTC 2025
#@# Surf Reg lh Wed Jun  4 23:09:49 UTC 2025
#@# Surf Reg rh Wed Jun  4 23:16:33 UTC 2025
#@# Jacobian white lh Wed Jun  4 23:23:50 UTC 2025
#@# Jacobian white rh Wed Jun  4 23:23:51 UTC 2025
#@# AvgCurv lh Wed Jun  4 23:23:52 UTC 2025
#@# AvgCurv rh Wed Jun  4 23:23:53 UTC 2025
#@# Cortical Parc lh Wed Jun  4 23:23:54 UTC 2025
#@# Cortical Parc rh Wed Jun  4 23:24:07 UTC 2025
#@# white curv lh Wed Jun  4 23:41:21 UTC 2025
#@# white area lh Wed Jun  4 23:41:23 UTC 2025
#@# pial curv lh Wed Jun  4 23:41:24 UTC 2025
#@# pial area lh Wed Jun  4 23:41:26 UTC 2025
#@# thickness lh Wed Jun  4 23:41:26 UTC 2025
#@# area and vertex vol lh Wed Jun  4 23:41:52 UTC 2025
#@# white curv rh Wed Jun  4 23:41:54 UTC 2025
#@# white area rh Wed Jun  4 23:41:56 UTC 2025
#@# pial curv rh Wed Jun  4 23:41:57 UTC 2025
#@# pial area rh Wed Jun  4 23:41:59 UTC 2025
#@# thickness rh Wed Jun  4 23:42:00 UTC 2025
#@# area and vertex vol rh Wed Jun  4 23:42:26 UTC 2025
#@# Curvature Stats lh Wed Jun  4 23:42:28 UTC 2025
#@# Curvature Stats rh Wed Jun  4 23:42:31 UTC 2025
#@# Cortical ribbon mask Wed Jun  4 23:42:34 UTC 2025
#@# Cortical Parc 2 lh Wed Jun  4 23:47:28 UTC 2025
#@# Cortical Parc 2 rh Wed Jun  4 23:47:46 UTC 2025
#@# Cortical Parc 3 lh Wed Jun  4 23:48:04 UTC 2025
#@# Cortical Parc 3 rh Wed Jun  4 23:48:17 UTC 2025
#@# WM/GM Contrast lh Wed Jun  4 23:48:31 UTC 2025
#@# WM/GM Contrast rh Wed Jun  4 23:48:35 UTC 2025
#@# Relabel Hypointensities Wed Jun  4 23:48:38 UTC 2025
#@# APas-to-ASeg Wed Jun  4 23:49:05 UTC 2025
#@# AParc-to-ASeg aparc Wed Jun  4 23:49:21 UTC 2025
#@# AParc-to-ASeg aparc.a2009s Wed Jun  4 23:51:44 UTC 2025
#@# AParc-to-ASeg aparc.DKTatlas Wed Jun  4 23:54:08 UTC 2025
#@# WMParc Wed Jun  4 23:56:38 UTC 2025
#@# Parcellation Stats lh Thu Jun  5 00:03:42 UTC 2025
#@# Parcellation Stats rh Thu Jun  5 00:04:03 UTC 2025
#@# Parcellation Stats 2 lh Thu Jun  5 00:04:24 UTC 2025
#@# Parcellation Stats 2 rh Thu Jun  5 00:04:36 UTC 2025
#@# Parcellation Stats 3 lh Thu Jun  5 00:04:47 UTC 2025
#@# Parcellation Stats 3 rh Thu Jun  5 00:04:58 UTC 2025
#@# ASeg Stats Thu Jun  5 00:05:10 UTC 2025
#@# BA_exvivo Labels lh Thu Jun  5 00:08:36 UTC 2025
#@# BA_exvivo Labels rh Thu Jun  5 00:12:41 UTC 2025
recon-all -s sub-040 finished without error at Thu Jun  5 00:16:29 UTC 2025
