/home/freesurfer/subjects/sub-037/mri
/usr/local/freesurfer/bin/talairach_avi
--i orig_nu.mgz --xfm transforms/talairach.auto.xfm
talairach_avi 7.4.1
Linux 11d3148be909 6.11.0-26-generic #26~24.04.1-Ubuntu SMP PREEMPT_DYNAMIC Thu Apr 17 19:20:47 UTC 2 x86_64 x86_64 x86_64 GNU/Linux
Wed Jun  4 02:58:24 UTC 2025
mri_convert orig_nu.mgz talsrcimg.img 
reading from orig_nu.mgz...
TR=8.41, TE=0.00, TI=0.00, flip angle=0.00
i_ras = (-1, 3.95812e-09, 1.86265e-09)
j_ras = (3.72529e-09, 0, -1)
k_ras = (-5.58794e-09, 1, -1.49012e-08)
writing to talsrcimg.img...
Analyze Output Matrix
-1.00000   0.00000  -0.00000   135.22728;
 0.00000   0.00000   1.00000  -109.00143;
 0.00000  -1.00000  -0.00000   113.17299;
 0.00000   0.00000   0.00000   1.00000;
--------------------
INFO: set hdr.hist.orient to -1
mpr2mni305 talsrcimg
Wed Jun  4 02:58:25 UTC 2025
/usr/local/freesurfer/bin/mpr2mni305 talsrcimg
mpr2mni305 7.4.1
target=711-2C_as_mni_average_305

---------------------------------------------------------------------
analyzeto4dfp talsrcimg -O0 -y
---------------------------------------------------------------------

freesurfer ifh2hdr.c
Wed Jun  4 02:58:25 2025
Writing: talsrcimg.4dfp.hdr
freesurfer analyzeto4dfp.c
Reading: talsrcimg.hdr
header size 348 bytes
hdr.dime.datatype	offset=70	value=2
hdr.dime.bitpix		offset=72	value=8
hdr.hist.orient		offset=252	value=-1
dimensionality     4
dimensions       256       256       256         1
Reading: talsrcimg.img
Writing: talsrcimg.4dfp.img
Writing: talsrcimg.4dfp.ifh
ifh2hdr talsrcimg -r0to250
ori=2

---------------------------------------------------------------------
gauss_4dfp talsrcimg 1.1
---------------------------------------------------------------------

freesurfer gauss_4dfp.c
Reading: talsrcimg.4dfp.img
Writing: talsrcimg_g11.4dfp.img
image dimensions 256 256 256 padded to 288 288 288
processing volume 1freesurfer ifh2hdr.c
Wed Jun  4 02:58:29 2025
Writing: talsrcimg_g11.4dfp.hdr

Writing: talsrcimg_g11.4dfp.ifh
including: talsrcimg.4dfp.img.rec in talsrcimg_g11.4dfp.img.rec

---------------------------------------------------------------------
imgreg_4dfp /usr/local/freesurfer/average/711-2C_as_mni_average_305 none talsrcimg_g11 none talsrcimg_to_711-2C_as_mni_average_305_t4 4355
---------------------------------------------------------------------

freesurfer imgreg_4dfp.c
/usr/local/freesurfer/average/711-2C_as_mni_average_305.4dfp.img
       256       256       256         1
  1.000000  1.000000  1.000000
orientation T byte_order littleendian
Reading image: /usr/local/freesurfer/average/711-2C_as_mni_average_305.4dfp.img
dimensions:      256       256       256
mmppix:       1.0000   -1.0000   -1.0000
center:     128.0000 -129.0000 -129.0000
talsrcimg_g11.4dfp.img
       256       256       256         1
  1.000000  1.000000  1.000000
orientation T byte_order littleendian
Reading image: talsrcimg_g11.4dfp.img
dimensions:      256       256       256
mmppix:       1.0000   -1.0000   -1.0000
center:     128.0000 -129.0000 -129.0000
t4_read: open error in t4_sub.f l:  41 t4_file(1:l)talsrcimg_to_711-2C_as_mni_average_305_t4 
t4_read: transform initialized to I4
rotation matrix determinant  1.000000
image alignment mode   4355 decimal     1103 hex
   -7.5000  -45.0000  -45.0000 9305.2275   16.6076
    0.0000  -45.0000  -45.0000 9654.2051   16.5938
    7.5000  -45.0000  -45.0000 9176.1709   16.5763
   -7.5000  -37.5000  -45.0000 9701.5117   16.5681
    0.0000  -37.5000  -45.000010064.5137   16.5611
    7.5000  -37.5000  -45.0000 9579.4482   16.5432
   -7.5000  -30.0000  -45.000010426.8359   16.5652
    0.0000  -30.0000  -45.000010815.6172   16.5585
    7.5000  -30.0000  -45.000010291.7822   16.5449
   -7.5000  -22.5000  -45.000011137.0400   16.5655
    0.0000  -22.5000  -45.000011540.6016   16.5531
    7.5000  -22.5000  -45.000010971.2568   16.5437
   -7.5000  -15.0000  -45.000011719.4365   16.5678
    0.0000  -15.0000  -45.000012150.9014   16.5488
    7.5000  -15.0000  -45.000011548.1582   16.5393
   -7.5000   -7.5000  -45.000012254.5557   16.5686
    0.0000   -7.5000  -45.000012704.7793   16.5487
    7.5000   -7.5000  -45.000012063.8721   16.5352
   -7.5000    0.0000  -45.000012614.5439   16.5674
    0.0000    0.0000  -45.000013069.5957   16.5540
    7.5000    0.0000  -45.000012384.7266   16.5363
   -7.5000    7.5000  -45.000011948.1289   16.5664
    0.0000    7.5000  -45.000012396.4814   16.5594
    7.5000    7.5000  -45.000011712.9111   16.5416
   -7.5000   15.0000  -45.000011082.0977   16.5652
    0.0000   15.0000  -45.000011501.9268   16.5585
    7.5000   15.0000  -45.000010874.0176   16.5449
   -7.5000   22.5000  -45.000010139.1074   16.5633
    0.0000   22.5000  -45.000010512.8975   16.5508
    7.5000   22.5000  -45.0000 9938.1338   16.5414
   -7.5000   30.0000  -45.0000 9238.2861   16.3497
    0.0000   30.0000  -45.0000 9575.2646   16.3310
    7.5000   30.0000  -45.0000 9034.5010   16.3216
   -7.5000   37.5000  -45.0000 8585.9092   16.3894
    0.0000   37.5000  -45.0000 8903.8584   16.3697
    7.5000   37.5000  -45.0000 8415.8525   16.3567
   -7.5000   45.0000  -45.0000 7644.6069   16.0814
    0.0000   45.0000  -45.0000 7927.3491   16.0686
    7.5000   45.0000  -45.0000 7487.0415   16.0520
   -7.5000  -45.0000  -37.5000 9774.1523   16.5471
    0.0000  -45.0000  -37.500010139.9785   16.5445
    7.5000  -45.0000  -37.5000 9641.5186   16.5223
   -7.5000  -37.5000  -37.500010179.4756   16.4987
    0.0000  -37.5000  -37.500010556.6318   16.5019
    7.5000  -37.5000  -37.500010051.3623   16.4833
   -7.5000  -30.0000  -37.500010951.7207   16.4965
    0.0000  -30.0000  -37.500011343.9092   16.4961
    7.5000  -30.0000  -37.500010796.2275   16.4827
   -7.5000  -22.5000  -37.500011686.2842   16.5053
    0.0000  -22.5000  -37.500012096.0850   16.4966
    7.5000  -22.5000  -37.500011487.7842   16.4839
   -7.5000  -15.0000  -37.500012314.8193   16.5143
    0.0000  -15.0000  -37.500012765.2129   16.4997
    7.5000  -15.0000  -37.500012111.2148   16.4834
   -7.5000   -7.5000  -37.500012842.9355   16.5143
    0.0000   -7.5000  -37.500013328.6904   16.5023
    7.5000   -7.5000  -37.500012640.5107   16.4815
   -7.5000    0.0000  -37.500013192.8994   16.5054
    0.0000    0.0000  -37.500013712.1426   16.5029
    7.5000    0.0000  -37.500012971.9180   16.4807
   -7.5000    7.5000  -37.500012463.2891   16.4967
    0.0000    7.5000  -37.500012969.5098   16.4999
    7.5000    7.5000  -37.500012267.7461   16.4813
   -7.5000   15.0000  -37.500011572.9004   16.4965
    0.0000   15.0000  -37.500012052.0830   16.4961
    7.5000   15.0000  -37.500011412.3086   16.4827
   -7.5000   22.5000  -37.500010593.0674   16.5030
    0.0000   22.5000  -37.500011014.6455   16.4943
    7.5000   22.5000  -37.500010434.3486   16.4817
   -7.5000   30.0000  -37.5000 9635.1074   16.2970
    0.0000   30.0000  -37.500010014.6416   16.2826
    7.5000   30.0000  -37.5000 9463.7988   16.2665
   -7.5000   37.5000  -37.5000 8957.9121   16.3359
    0.0000   37.5000  -37.5000 9314.2822   16.3240
    7.5000   37.5000  -37.5000 8809.6611   16.3037
   -7.5000   45.0000  -37.5000 7962.1631   16.0234
    0.0000   45.0000  -37.5000 8268.7773   16.0213
    7.5000   45.0000  -37.5000 7842.9883   16.0002
   -7.5000  -45.0000  -30.000010442.0713   17.2229
    0.0000  -45.0000  -30.000010822.3643   17.2307
    7.5000  -45.0000  -30.000010294.9961   17.2066
   -7.5000  -37.5000  -30.000010882.0986   17.1759
    0.0000  -37.5000  -30.000011257.7500   17.1905
    7.5000  -37.5000  -30.000010725.9785   17.1720
   -7.5000  -30.0000  -30.000011702.3018   17.1768
    0.0000  -30.0000  -30.000012082.8916   17.1877
    7.5000  -30.0000  -30.000011505.1133   17.1745
   -7.5000  -22.5000  -30.000012473.0898   17.1839
    0.0000  -22.5000  -30.000012895.5654   17.1857
    7.5000  -22.5000  -30.000012239.4990   17.1716
   -7.5000  -15.0000  -30.000013177.0830   17.1878
    0.0000  -15.0000  -30.000013646.0254   17.1835
    7.5000  -15.0000  -30.000012947.0625   17.1641
   -7.5000   -7.5000  -30.000013739.2598   17.1853
    0.0000   -7.5000  -30.000014243.4072   17.1831
    7.5000   -7.5000  -30.000013517.1865   17.1593
   -7.5000    0.0000  -30.000014088.4121   17.1782
    0.0000    0.0000  -30.000014641.7109   17.1861
    7.5000    0.0000  -30.000013862.8193   17.1622
   -7.5000    7.5000  -30.000013304.9053   17.1737
    0.0000    7.5000  -30.000013837.4727   17.1884
    7.5000    7.5000  -30.000013083.3291   17.1698
   -7.5000   15.0000  -30.000012349.9199   17.1768
    0.0000   15.0000  -30.000012878.0908   17.1877
    7.5000   15.0000  -30.000012175.8955   17.1745
   -7.5000   22.5000  -30.000011300.2441   17.1797
    0.0000   22.5000  -30.000011776.1807   17.1816
    7.5000   22.5000  -30.000011169.8604   17.1675
   -7.5000   30.0000  -30.000010232.4541   16.9634
    0.0000   30.0000  -30.000010657.4912   16.9591
    7.5000   30.0000  -30.000010096.8779   16.9399
   -7.5000   37.5000  -30.0000 9535.0361   17.0010
    0.0000   37.5000  -30.0000 9937.0859   16.9988
    7.5000   37.5000  -30.0000 9389.4385   16.9754
   -7.5000   45.0000  -30.0000 8464.1230   16.6888
    0.0000   45.0000  -30.0000 8807.5928   16.6970
    7.5000   45.0000  -30.0000 8355.6699   16.6743
   -7.5000  -45.0000  -22.500011143.1289   17.7961
    0.0000  -45.0000  -22.500011560.0527   17.8023
    7.5000  -45.0000  -22.500010955.4297   17.7814
   -7.5000  -37.5000  -22.500011588.7803   17.7621
    0.0000  -37.5000  -22.500012014.8135   17.7763
    7.5000  -37.5000  -22.500011393.6738   17.7581
   -7.5000  -30.0000  -22.500012419.0391   17.7656
    0.0000  -30.0000  -22.500012860.9434   17.7800
    7.5000  -30.0000  -22.500012192.3369   17.7666
   -7.5000  -22.5000  -22.500013221.0293   17.7600
    0.0000  -22.5000  -22.500013711.6455   17.7687
    7.5000  -22.5000  -22.500012988.8945   17.7568
   -7.5000  -15.0000  -22.500014008.9629   17.7495
    0.0000  -15.0000  -22.500014536.6260   17.7520
    7.5000  -15.0000  -22.500013775.2686   17.7376
   -7.5000   -7.5000  -22.500014652.0742   17.7450
    0.0000   -7.5000  -22.500015201.1914   17.7454
    7.5000   -7.5000  -22.500014408.8721   17.7267
   -7.5000    0.0000  -22.500015051.1865   17.7497
    0.0000    0.0000  -22.500015650.9932   17.7563
    7.5000    0.0000  -22.500014806.1104   17.7353
   -7.5000    7.5000  -22.500014209.0723   17.7599
    0.0000    7.5000  -22.500014795.0869   17.7740
    7.5000    7.5000  -22.500013985.2920   17.7558
   -7.5000   15.0000  -22.500013184.2939   17.7656
    0.0000   15.0000  -22.500013749.7646   17.7800
    7.5000   15.0000  -22.500012998.9062   17.7666
   -7.5000   22.5000  -22.500012078.4033   17.7545
    0.0000   22.5000  -22.500012603.4746   17.7633
    7.5000   22.5000  -22.500011926.3262   17.7514
   -7.5000   30.0000  -22.500010890.8574   17.5204
    0.0000   30.0000  -22.500011372.3203   17.5228
    7.5000   30.0000  -22.500010759.5049   17.5087
   -7.5000   37.5000  -22.500010132.5742   17.5567
    0.0000   37.5000  -22.500010585.9229   17.5570
    7.5000   37.5000  -22.5000 9998.1543   17.5388
   -7.5000   45.0000  -22.5000 8995.7305   17.2535
    0.0000   45.0000  -22.5000 9390.8320   17.2605
    7.5000   45.0000  -22.5000 8891.1240   17.2410
   -7.5000  -45.0000  -15.000011806.2402   18.1904
    0.0000  -45.0000  -15.000012260.8906   18.1858
    7.5000  -45.0000  -15.000011580.6523   18.1700
   -7.5000  -37.5000  -15.000012285.0908   18.1657
    0.0000  -37.5000  -15.000012765.9443   18.1698
    7.5000  -37.5000  -15.000012046.9590   18.1520
   -7.5000  -30.0000  -15.000013101.9844   18.1682
    0.0000  -30.0000  -15.000013588.1592   18.1765
    7.5000  -30.0000  -15.000012864.0811   18.1624
   -7.5000  -22.5000  -15.000013933.8848   18.1519
    0.0000  -22.5000  -15.000014457.4365   18.1580
    7.5000  -22.5000  -15.000013723.6055   18.1495
   -7.5000  -15.0000  -15.000014777.7842   18.1329
    0.0000  -15.0000  -15.000015351.8799   18.1323
    7.5000  -15.0000  -15.000014578.8359   18.1259
   -7.5000   -7.5000  -15.000015526.5947   18.1293
    0.0000   -7.5000  -15.000016155.5479   18.1228
    7.5000   -7.5000  -15.000015325.2021   18.1125
   -7.5000    0.0000  -15.000015991.6553   18.1436
    0.0000    0.0000  -15.000016655.2227   18.1395
    7.5000    0.0000  -15.000015763.5801   18.1234
   -7.5000    7.5000  -15.000015077.9287   18.1634
    0.0000    7.5000  -15.000015722.7764   18.1675
    7.5000    7.5000  -15.000014850.9131   18.1497
   -7.5000   15.0000  -15.000014024.7988   18.1682
    0.0000   15.0000  -15.000014627.0586   18.1765
    7.5000   15.0000  -15.000013805.7822   18.1624
   -7.5000   22.5000  -15.000012904.0674   18.1454
    0.0000   22.5000  -15.000013469.7881   18.1516
    7.5000   22.5000  -15.000012713.0293   18.1431
   -7.5000   30.0000  -15.000011618.7441   17.9012
    0.0000   30.0000  -15.000012151.1172   17.9006
    7.5000   30.0000  -15.000011464.1758   17.8943
   -7.5000   37.5000  -15.000010795.1670   17.9390
    0.0000   37.5000  -15.000011302.2500   17.9326
    7.5000   37.5000  -15.000010638.4111   17.9226
   -7.5000   45.0000  -15.0000 9586.4824   17.6434
    0.0000   45.0000  -15.000010011.4912   17.6401
    7.5000   45.0000  -15.0000 9458.7480   17.6256
   -7.5000  -45.0000   -7.500012406.2930   18.3617
    0.0000  -45.0000   -7.500012874.0332   18.3469
    7.5000  -45.0000   -7.500012151.1641   18.3318
   -7.5000  -37.5000   -7.500013007.4502   18.3295
    0.0000  -37.5000   -7.500013524.4248   18.3235
    7.5000  -37.5000   -7.500012731.6084   18.3051
   -7.5000  -30.0000   -7.500013845.3896   18.3273
    0.0000  -30.0000   -7.500014384.9307   18.3254
    7.5000  -30.0000   -7.500013617.0811   18.3107
   -7.5000  -22.5000   -7.500014701.7393   18.3152
    0.0000  -22.5000   -7.500015290.9355   18.3104
    7.5000  -22.5000   -7.500014518.0312   18.3025
   -7.5000  -15.0000   -7.500015638.7178   18.3050
    0.0000  -15.0000   -7.500016295.8096   18.2925
    7.5000  -15.0000   -7.500015452.2832   18.2876
   -7.5000   -7.5000   -7.500016488.3027   18.3051
    0.0000   -7.5000   -7.500017217.4258   18.2874
    7.5000   -7.5000   -7.500016260.9062   18.2788
   -7.5000    0.0000   -7.500017000.1914   18.3153
    0.0000    0.0000   -7.500017774.1133   18.3011
    7.5000    0.0000   -7.500016731.1113   18.2857
   -7.5000    7.5000   -7.500016040.0361   18.3273
    0.0000    7.5000   -7.500016750.0332   18.3212
    7.5000    7.5000   -7.500015774.9268   18.3028
   -7.5000   15.0000   -7.500014972.7148   18.3273
    0.0000   15.0000   -7.500015628.2090   18.3254
    7.5000   15.0000   -7.500014669.9863   18.3107
   -7.5000   22.5000   -7.500013824.8447   18.3068
    0.0000   22.5000   -7.500014417.6230   18.3020
    7.5000   22.5000   -7.500013511.2090   18.2941
   -7.5000   30.0000   -7.500012510.1904   18.0705
    0.0000   30.0000   -7.500013043.8799   18.0582
    7.5000   30.0000   -7.500012221.3066   18.0534
   -7.5000   37.5000   -7.500011594.6025   18.1127
    0.0000   37.5000   -7.500012104.9297   18.0951
    7.5000   37.5000   -7.500011328.1602   18.0868
   -7.5000   45.0000   -7.500010250.2002   17.8137
    0.0000   45.0000   -7.500010677.6094   17.8003
    7.5000   45.0000   -7.500010024.8184   17.7864
   -7.5000  -45.0000    0.000012831.3916   18.3783
    0.0000  -45.0000    0.000013338.5938   18.3634
    7.5000  -45.0000    0.000012547.4453   18.3438
   -7.5000  -37.5000    0.000013647.1592   18.3325
    0.0000  -37.5000    0.000014201.4658   18.3250
    7.5000  -37.5000    0.000013272.7939   18.3051
   -7.5000  -30.0000    0.000014763.6455   18.3279
    0.0000  -30.0000    0.000015400.5400   18.3206
    7.5000  -30.0000    0.000014396.0029   18.3055
   -7.5000  -22.5000    0.000015757.9141   18.3284
    0.0000  -22.5000    0.000016452.8477   18.3147
    7.5000  -22.5000    0.000015433.0645   18.3042
   -7.5000  -15.0000    0.000016693.7012   18.3319
    0.0000  -15.0000    0.000017393.4473   18.3111
    7.5000  -15.0000    0.000016299.0410   18.3005
   -7.5000   -7.5000    0.000017508.6562   18.3337
    0.0000   -7.5000    0.000018220.2188   18.3119
    7.5000   -7.5000    0.000017005.7012   18.2969
   -7.5000    0.0000    0.000018015.4316   18.3323
    0.0000    0.0000    0.000018727.5059   18.3178
    7.5000    0.0000    0.000017438.1895   18.2981
   -7.5000    7.5000    0.000016999.6797   18.3303
    0.0000    7.5000    0.000017675.2461   18.3227
    7.5000    7.5000    0.000016461.8770   18.3029
   -7.5000   15.0000    0.000015883.5664   18.3279
    0.0000   15.0000    0.000016549.4512   18.3206
    7.5000   15.0000    0.000015370.6650   18.3055
   -7.5000   22.5000    0.000014690.3398   18.3199
    0.0000   22.5000    0.000015324.1045   18.3063
    7.5000   22.5000    0.000014213.6191   18.2958
   -7.5000   30.0000    0.000013284.3740   18.0976
    0.0000   30.0000    0.000013833.0361   18.0770
    7.5000   30.0000    0.000012858.1729   18.0666
   -7.5000   37.5000    0.000012273.3770   18.1420
    0.0000   37.5000    0.000012769.0723   18.1204
    7.5000   37.5000    0.000011892.1162   18.1059
   -7.5000   45.0000    0.000010786.0840   17.8346
    0.0000   45.0000    0.000011225.9346   17.8207
    7.5000   45.0000    0.000010493.2881   17.8022
   -7.5000  -45.0000    7.500012325.2021   18.4177
    0.0000  -45.0000    7.500012820.0459   18.4148
    7.5000  -45.0000    7.500011978.5859   18.3901
   -7.5000  -37.5000    7.500013291.6963   18.3636
    0.0000  -37.5000    7.500013837.4590   18.3673
    7.5000  -37.5000    7.500012717.6680   18.3466
   -7.5000  -30.0000    7.500014801.0547   18.3610
    0.0000  -30.0000    7.500015464.9160   18.3607
    7.5000  -30.0000    7.500013991.2969   18.3458
   -7.5000  -22.5000    7.500015950.1055   18.3705
    0.0000  -22.5000    7.500016631.2207   18.3609
    7.5000  -22.5000    7.500015080.9551   18.3468
   -7.5000  -15.0000    7.500016635.9180   18.3804
    0.0000  -15.0000    7.500017167.4883   18.3643
    7.5000  -15.0000    7.500015787.4316   18.3461
   -7.5000   -7.5000    7.500017187.6582   18.3806
    0.0000   -7.5000    7.500017686.2656   18.3673
    7.5000   -7.5000    7.500016364.5938   18.3442
   -7.5000    0.0000    7.500017567.5879   18.3709
    0.0000    0.0000    7.500018138.3535   18.3682
    7.5000    0.0000    7.500016795.9219   18.3436
   -7.5000    7.5000    7.500016554.5566   18.3614
    0.0000    7.5000    7.500017178.9082   18.3650
    7.5000    7.5000    7.500015918.6182   18.3443
   -7.5000   15.0000    7.500015472.1641   18.3610
    0.0000   15.0000    7.500016116.9150   18.3607
    7.5000   15.0000    7.500014938.3760   18.3458
   -7.5000   22.5000    7.500014293.1719   18.3621
    0.0000   22.5000    7.500014897.7627   18.3525
    7.5000   22.5000    7.500013824.4961   18.3384
   -7.5000   30.0000    7.500012881.2705   18.1456
    0.0000   30.0000    7.500013415.3818   18.1297
    7.5000   30.0000    7.500012459.0195   18.1117
   -7.5000   37.5000    7.500011829.1426   18.1889
    0.0000   37.5000    7.500012323.5977   18.1757
    7.5000   37.5000    7.500011466.4287   18.1531
   -7.5000   45.0000    7.500010374.2568   17.8756
    0.0000   45.0000    7.500010814.1016   17.8733
    7.5000   45.0000    7.500010097.4043   17.8498
   -7.5000  -45.0000   15.000011705.4199   18.5008
    0.0000  -45.0000   15.000012135.9209   18.5092
    7.5000  -45.0000   15.000011191.7832   18.4833
   -7.5000  -37.5000   15.000012631.2334   18.4508
    0.0000  -37.5000   15.000013098.2100   18.4666
    7.5000  -37.5000   15.000011961.9248   18.4466
   -7.5000  -30.0000   15.000014032.4785   18.4528
    0.0000  -30.0000   15.000014661.4365   18.4646
    7.5000  -30.0000   15.000013205.2695   18.4502
   -7.5000  -22.5000   15.000015018.4668   18.4608
    0.0000  -22.5000   15.000015621.7061   18.4629
    7.5000  -22.5000   15.000014205.5215   18.4474
   -7.5000  -15.0000   15.000015568.7617   18.4646
    0.0000  -15.0000   15.000016050.1182   18.4600
    7.5000  -15.0000   15.000014857.0098   18.4389
   -7.5000   -7.5000   15.000016154.4404   18.4610
    0.0000   -7.5000   15.000016676.6406   18.4586
    7.5000   -7.5000   15.000015496.6758   18.4328
   -7.5000    0.0000   15.000016605.3887   18.4528
    0.0000    0.0000   15.000017214.8574   18.4614
    7.5000    0.0000   15.000015978.1992   18.4355
   -7.5000    7.5000   15.000015669.3076   18.4485
    0.0000    7.5000   15.000016298.8877   18.4643
    7.5000    7.5000   15.000015129.1982   18.4443
   -7.5000   15.0000   15.000014652.0674   18.4528
    0.0000   15.0000   15.000015277.1826   18.4646
    7.5000   15.0000   15.000014179.7393   18.4502
   -7.5000   22.5000   15.000013535.2432   18.4523
    0.0000   22.5000   15.000014107.0459   18.4544
    7.5000   22.5000   15.000013119.3457   18.4389
   -7.5000   30.0000   15.000012223.1494   18.2288
    0.0000   30.0000   15.000012756.3008   18.2242
    7.5000   30.0000   15.000011849.8584   18.2034
   -7.5000   37.5000   15.000011240.5625   18.2684
    0.0000   37.5000   15.000011716.9453   18.2660
    7.5000   37.5000   15.000010937.7695   18.2408
   -7.5000   45.0000   15.0000 9905.6484   17.9562
    0.0000   45.0000   15.000010330.5283   17.9650
    7.5000   45.0000   15.0000 9656.7061   17.9405
   -7.5000  -45.0000   22.500010831.2842   18.5985
    0.0000  -45.0000   22.500011273.1562   18.6050
    7.5000  -45.0000   22.500010491.8516   18.5824
   -7.5000  -37.5000   22.500011610.3086   18.5640
    0.0000  -37.5000   22.500012122.2861   18.5790
    7.5000  -37.5000   22.500011221.4932   18.5592
   -7.5000  -30.0000   22.500012776.5303   18.5693
    0.0000  -30.0000   22.500013410.8408   18.5846
    7.5000  -30.0000   22.500012354.8135   18.5698
   -7.5000  -22.5000   22.500013579.6299   18.5636
    0.0000  -22.5000   22.500014107.0576   18.5729
    7.5000  -22.5000   22.500013201.4414   18.5597
   -7.5000  -15.0000   22.500014103.2324   18.5515
    0.0000  -15.0000   22.500014558.6641   18.5540
    7.5000  -15.0000   22.500013777.0498   18.5383
   -7.5000   -7.5000   22.500014845.2832   18.5452
    0.0000   -7.5000   22.500015397.2529   18.5456
    7.5000   -7.5000   22.500014493.1055   18.5253
   -7.5000    0.0000   22.500015420.5371   18.5497
    0.0000    0.0000   22.500016062.1797   18.5566
    7.5000    0.0000   22.500015018.1465   18.5339
   -7.5000    7.5000   22.500014646.1416   18.5617
    0.0000    7.5000   22.500015253.0791   18.5767
    7.5000    7.5000   22.500014227.4707   18.5569
   -7.5000   15.0000   22.500013728.0693   18.5693
    0.0000   15.0000   22.500014276.7344   18.5846
    7.5000   15.0000   22.500013302.1338   18.5698
   -7.5000   22.5000   22.500012679.8232   18.5551
    0.0000   22.5000   22.500013196.6357   18.5644
    7.5000   22.5000   22.500012295.6465   18.5511
   -7.5000   30.0000   22.500011441.1240   18.3146
    0.0000   30.0000   22.500011954.0312   18.3171
    7.5000   30.0000   22.500011136.0195   18.3016
   -7.5000   37.5000   22.500010524.9648   18.3513
    0.0000   37.5000   22.500010986.5322   18.3516
    7.5000   37.5000   22.500010277.1738   18.3318
   -7.5000   45.0000   22.5000 9284.9521   18.0479
    0.0000   45.0000   22.5000 9695.3320   18.0552
    7.5000   45.0000   22.5000 9092.9199   18.0341
   -7.5000  -45.0000   30.0000 9963.0176   18.8733
    0.0000  -45.0000   30.000010373.0713   18.8677
    7.5000  -45.0000   30.0000 9783.5488   18.8498
   -7.5000  -37.5000   30.000010616.1201   18.8483
    0.0000  -37.5000   30.000011075.5342   18.8521
    7.5000  -37.5000   30.000010424.2539   18.8321
   -7.5000  -30.0000   30.000011627.6904   18.8520
    0.0000  -30.0000   30.000012145.4648   18.8603
    7.5000  -30.0000   30.000011410.4053   18.8442
   -7.5000  -22.5000   30.000012378.6348   18.8345
    0.0000  -22.5000   30.000012806.2002   18.8402
    7.5000  -22.5000   30.000012157.3916   18.8300
   -7.5000  -15.0000   30.000012950.1914   18.8130
    0.0000  -15.0000   30.000013367.2080   18.8116
    7.5000  -15.0000   30.000012750.5664   18.8034
   -7.5000   -7.5000   30.000013635.7725   18.8081
    0.0000   -7.5000   30.000014158.2119   18.8006
    7.5000   -7.5000   30.000013414.9941   18.7883
   -7.5000    0.0000   30.000014160.2061   18.8236
    0.0000    0.0000   30.000014743.1377   18.8186
    7.5000    0.0000   30.000013901.8809   18.8004
   -7.5000    7.5000   30.000013473.1709   18.8459
    0.0000    7.5000   30.000014027.5283   18.8497
    7.5000    7.5000   30.000013179.7764   18.8297
   -7.5000   15.0000   30.000012636.2666   18.8520
    0.0000   15.0000   30.000013154.4941   18.8603
    7.5000   15.0000   30.000012335.7959   18.8442
   -7.5000   22.5000   30.000011710.9404   18.8258
    0.0000   22.5000   30.000012184.4609   18.8316
    7.5000   22.5000   30.000011425.0049   18.8213
   -7.5000   30.0000   30.000010590.1709   18.5717
    0.0000   30.0000   30.000011039.6631   18.5703
    7.5000   30.0000   30.000010352.6943   18.5622
   -7.5000   37.5000   30.0000 9751.2510   18.6089
    0.0000   37.5000   30.000010153.2842   18.6014
    7.5000   37.5000   30.0000 9565.3457   18.5895
   -7.5000   45.0000   30.0000 8628.9092   18.3078
    0.0000   45.0000   30.0000 8991.5459   18.3037
    7.5000   45.0000   30.0000 8498.4873   18.2872
   -7.5000  -45.0000   37.5000 9620.0908   19.4691
    0.0000  -45.0000   37.5000 9980.8379   19.4501
    7.5000  -45.0000   37.5000 9489.9326   19.4298
   -7.5000  -37.5000   37.500010235.6963   19.4342
    0.0000  -37.5000   37.500010636.1396   19.4249
    7.5000  -37.5000   37.500010121.5303   19.4011
   -7.5000  -30.0000   37.500011160.4375   19.4317
    0.0000  -30.0000   37.500011596.9043   19.4270
    7.5000  -30.0000   37.500011021.2227   19.4072
   -7.5000  -22.5000   37.500011919.4551   19.4170
    0.0000  -22.5000   37.500012292.5605   19.4090
    7.5000  -22.5000   37.500011731.6445   19.3965
   -7.5000  -15.0000   37.500012542.8496   19.4043
    0.0000  -15.0000   37.500012949.9521   19.3880
    7.5000  -15.0000   37.500012371.8818   19.3788
   -7.5000   -7.5000   37.500013185.4375   19.4046
    0.0000   -7.5000   37.500013676.3535   19.3824
    7.5000   -7.5000   37.500013008.9873   19.3690
   -7.5000    0.0000   37.500013664.7959   19.4171
    0.0000    0.0000   37.500014215.2256   19.3988
    7.5000    0.0000   37.500013476.6816   19.3781
   -7.5000    7.5000   37.500013009.6094   19.4316
    0.0000    7.5000   37.500013521.7305   19.4223
    7.5000    7.5000   37.500012777.4678   19.3985
   -7.5000   15.0000   37.500012227.6582   19.4317
    0.0000   15.0000   37.500012700.8975   19.4270
    7.5000   15.0000   37.500011974.9912   19.4072
   -7.5000   22.5000   37.500011357.8105   19.4081
    0.0000   22.5000   37.500011791.4814   19.4000
    7.5000   22.5000   37.500011110.4248   19.3876
   -7.5000   30.0000   37.500010274.4844   19.1537
    0.0000   30.0000   37.500010648.7979   19.1375
    7.5000   30.0000   37.500010060.3184   19.1285
   -7.5000   37.5000   37.5000 9464.5273   19.1927
    0.0000   37.5000   37.5000 9823.3047   19.1708
    7.5000   37.5000   37.5000 9313.6211   19.1579
   -7.5000   45.0000   37.5000 8404.4863   18.8737
    0.0000   45.0000   37.5000 8723.4150   18.8565
    7.5000   45.0000   37.5000 8291.9355   18.8377
   -7.5000  -45.0000   45.0000 8913.7764   20.1017
    0.0000  -45.0000   45.0000 9236.8037   20.0819
    7.5000  -45.0000   45.0000 8800.0771   20.0532
   -7.5000  -37.5000   45.0000 9451.4717   20.0476
    0.0000  -37.5000   45.0000 9819.4658   20.0370
    7.5000  -37.5000   45.0000 9358.6436   20.0090
   -7.5000  -30.0000   45.000010294.4873   20.0384
    0.0000  -30.0000   45.000010685.2383   20.0279
    7.5000  -30.0000   45.000010180.8340   20.0059
   -7.5000  -22.5000   45.000011004.8682   20.0332
    0.0000  -22.5000   45.000011375.7529   20.0149
    7.5000  -22.5000   45.000010844.6045   19.9980
   -7.5000  -15.0000   45.000011615.2412   20.0358
    0.0000  -15.0000   45.000012015.7646   20.0086
    7.5000  -15.0000   45.000011458.0312   19.9910
   -7.5000   -7.5000   45.000012221.4678   20.0425
    0.0000   -7.5000   45.000012684.9180   20.0141
    7.5000   -7.5000   45.000012058.8398   19.9906
   -7.5000    0.0000   45.000012669.7197   20.0463
    0.0000    0.0000   45.000013168.2842   20.0270
    7.5000    0.0000   45.000012496.1572   19.9982
   -7.5000    7.5000   45.000012054.5977   20.0449
    0.0000    7.5000   45.000012539.0371   20.0343
    7.5000    7.5000   45.000011864.7344   20.0063
   -7.5000   15.0000   45.000011318.8721   20.0384
    0.0000   15.0000   45.000011782.4883   20.0279
    7.5000   15.0000   45.000011116.0215   20.0059
   -7.5000   22.5000   45.000010503.0791   20.0239
    0.0000   22.5000   45.000010922.0107   20.0056
    7.5000   22.5000   45.000010302.3633   19.9887
   -7.5000   30.0000   45.0000 9526.3984   19.7748
    0.0000   30.0000   45.0000 9881.7490   19.7480
    7.5000   30.0000   45.0000 9341.3252   19.7306
   -7.5000   37.5000   45.0000 8812.5312   19.8092
    0.0000   37.5000   45.0000 9166.9336   19.7813
    7.5000   37.5000   45.0000 8687.9463   19.7584
   -7.5000   45.0000   45.0000 7828.8418   19.4643
    0.0000   45.0000   45.0000 8125.3804   19.4462
    7.5000   45.0000   45.0000 7742.5449   19.4190

---------------------------------------------------------------------
imgreg_4dfp /usr/local/freesurfer/average/711-2C_as_mni_average_305 /usr/local/freesurfer/average/711-2B_as_mni_average_305_mask talsrcimg_g11 none talsrcimg_to_711-2C_as_mni_average_305_t4 4355
---------------------------------------------------------------------

freesurfer imgreg_4dfp.c
/usr/local/freesurfer/average/711-2C_as_mni_average_305.4dfp.img
       256       256       256         1
  1.000000  1.000000  1.000000
orientation T byte_order littleendian
Reading image: /usr/local/freesurfer/average/711-2C_as_mni_average_305.4dfp.img
dimensions:      256       256       256
mmppix:       1.0000   -1.0000   -1.0000
center:     128.0000 -129.0000 -129.0000
/usr/local/freesurfer/average/711-2B_as_mni_average_305_mask.4dfp.img
       256       256       256         1
  1.000000  1.000000  1.000000
orientation T byte_order littleendian
Reading mask: /usr/local/freesurfer/average/711-2B_as_mni_average_305_mask.4dfp.img (2306576 pixels)
talsrcimg_g11.4dfp.img
       256       256       256         1
  1.000000  1.000000  1.000000
orientation T byte_order littleendian
Reading image: talsrcimg_g11.4dfp.img
dimensions:      256       256       256
mmppix:       1.0000   -1.0000   -1.0000
center:     128.0000 -129.0000 -129.0000
rotation matrix determinant  1.000000
image alignment mode   4355 decimal     1103 hex
   -7.5000  -45.0000  -45.0000 2397.2781   17.6251
    0.0000  -45.0000  -45.0000 2389.6846   17.6409
    7.5000  -45.0000  -45.0000 2370.4082   17.8800
   -7.5000  -37.5000  -45.0000 2441.8459   16.7313
    0.0000  -37.5000  -45.0000 2435.3164   16.7543
    7.5000  -37.5000  -45.0000 2410.2593   17.0212
   -7.5000  -30.0000  -45.0000 2465.4316   16.2928
    0.0000  -30.0000  -45.0000 2458.1228   16.3093
    7.5000  -30.0000  -45.0000 2436.1521   16.5628
   -7.5000  -22.5000  -45.0000 2475.2385   16.2809
    0.0000  -22.5000  -45.0000 2470.3857   16.2834
    7.5000  -22.5000  -45.0000 2447.8167   16.5206
   -7.5000  -15.0000  -45.0000 2454.7957   16.5669
    0.0000  -15.0000  -45.0000 2453.8848   16.5922
    7.5000  -15.0000  -45.0000 2432.4897   16.8241
   -7.5000   -7.5000  -45.0000 2425.2524   17.1735
    0.0000   -7.5000  -45.0000 2422.0959   17.1302
    7.5000   -7.5000  -45.0000 2404.7717   17.3944
   -7.5000    0.0000  -45.0000 2373.4087   17.9071
    0.0000    0.0000  -45.0000 2368.0835   17.8359
    7.5000    0.0000  -45.0000 2350.1550   18.1518
   -7.5000    7.5000  -45.0000 2312.2363   18.9029
    0.0000    7.5000  -45.0000 2308.1619   18.8796
    7.5000    7.5000  -45.0000 2288.7334   19.2342
   -7.5000   15.0000  -45.0000 2230.4495   20.3204
    0.0000   15.0000  -45.0000 2226.4507   20.3077
    7.5000   15.0000  -45.0000 2210.5869   20.6664
   -7.5000   22.5000  -45.0000 2132.3462   22.1440
    0.0000   22.5000  -45.0000 2123.4402   22.0580
    7.5000   22.5000  -45.0000 2111.9216   22.5037
   -7.5000   30.0000  -45.0000 2025.8386   24.4799
    0.0000   30.0000  -45.0000 2020.6176   24.3707
    7.5000   30.0000  -45.0000 2005.7939   24.8351
   -7.5000   37.5000  -45.0000 1900.1594   27.3814
    0.0000   37.5000  -45.0000 1897.5839   27.2414
    7.5000   37.5000  -45.0000 1887.1277   27.7215
   -7.5000   45.0000  -45.0000 1780.0785   31.2171
    0.0000   45.0000  -45.0000 1780.3494   31.1675
    7.5000   45.0000  -45.0000 1760.6473   31.6800
   -7.5000  -45.0000  -37.5000 2470.9995   16.7184
    0.0000  -45.0000  -37.5000 2466.8945   16.7150
    7.5000  -45.0000  -37.5000 2444.6343   16.9692
   -7.5000  -37.5000  -37.5000 2517.1519   15.8248
    0.0000  -37.5000  -37.5000 2513.0396   15.8544
    7.5000  -37.5000  -37.5000 2487.0732   16.1063
   -7.5000  -30.0000  -37.5000 2545.4280   15.3401
    0.0000  -30.0000  -37.5000 2541.8381   15.3759
    7.5000  -30.0000  -37.5000 2516.0410   15.6131
   -7.5000  -22.5000  -37.5000 2564.8357   15.2861
    0.0000  -22.5000  -37.5000 2558.0239   15.3002
    7.5000  -22.5000  -37.5000 2532.2551   15.5146
   -7.5000  -15.0000  -37.5000 2548.5710   15.5261
    0.0000  -15.0000  -37.5000 2548.9834   15.5572
    7.5000  -15.0000  -37.5000 2516.3787   15.7491
   -7.5000   -7.5000  -37.5000 2517.1057   16.0237
    0.0000   -7.5000  -37.5000 2515.7039   16.0436
    7.5000   -7.5000  -37.5000 2487.2969   16.2418
   -7.5000    0.0000  -37.5000 2464.1985   16.6669
    0.0000    0.0000  -37.5000 2463.8647   16.6871
    7.5000    0.0000  -37.5000 2432.5007   16.9082
   -7.5000    7.5000  -37.5000 2397.6953   17.5824
    0.0000    7.5000  -37.5000 2401.1323   17.6232
    7.5000    7.5000  -37.5000 2370.7224   17.8498
   -7.5000   15.0000  -37.5000 2311.7275   18.8664
    0.0000   15.0000  -37.5000 2314.3677   18.8931
    7.5000   15.0000  -37.5000 2288.0039   19.1544
   -7.5000   22.5000  -37.5000 2209.3010   20.5385
    0.0000   22.5000  -37.5000 2207.3484   20.5534
    7.5000   22.5000  -37.5000 2184.0701   20.8742
   -7.5000   30.0000  -37.5000 2096.9375   22.6935
    0.0000   30.0000  -37.5000 2099.1934   22.6917
    7.5000   30.0000  -37.5000 2073.3591   23.0089
   -7.5000   37.5000  -37.5000 1974.7905   25.3736
    0.0000   37.5000  -37.5000 1979.8341   25.4015
    7.5000   37.5000  -37.5000 1956.4148   25.7664
   -7.5000   45.0000  -37.5000 1850.3507   28.8412
    0.0000   45.0000  -37.5000 1852.0439   28.8862
    7.5000   45.0000  -37.5000 1835.3572   29.4165
   -7.5000  -45.0000  -30.0000 2591.5093   16.5282
    0.0000  -45.0000  -30.0000 2590.9736   16.5212
    7.5000  -45.0000  -30.0000 2561.0198   16.7383
   -7.5000  -37.5000  -30.0000 2643.3809   15.5743
    0.0000  -37.5000  -30.0000 2639.3174   15.5770
    7.5000  -37.5000  -30.0000 2613.8159   15.8229
   -7.5000  -30.0000  -30.0000 2674.3892   15.0118
    0.0000  -30.0000  -30.0000 2669.2664   15.0465
    7.5000  -30.0000  -30.0000 2644.2866   15.2781
   -7.5000  -22.5000  -30.0000 2691.9993   14.8803
    0.0000  -22.5000  -30.0000 2688.7754   14.9236
    7.5000  -22.5000  -30.0000 2659.5137   15.1219
   -7.5000  -15.0000  -30.0000 2684.4062   15.0971
    0.0000  -15.0000  -30.0000 2685.1089   15.1327
    7.5000  -15.0000  -30.0000 2650.9702   15.3047
   -7.5000   -7.5000  -30.0000 2654.4446   15.5107
    0.0000   -7.5000  -30.0000 2652.3335   15.5615
    7.5000   -7.5000  -30.0000 2621.2900   15.7434
   -7.5000    0.0000  -30.0000 2599.9438   16.1454
    0.0000    0.0000  -30.0000 2603.1243   16.1869
    7.5000    0.0000  -30.0000 2569.8762   16.4175
   -7.5000    7.5000  -30.0000 2534.8215   17.0067
    0.0000    7.5000  -30.0000 2539.5908   17.0584
    7.5000    7.5000  -30.0000 2507.5068   17.3076
   -7.5000   15.0000  -30.0000 2447.0957   18.1894
    0.0000   15.0000  -30.0000 2451.6484   18.2329
    7.5000   15.0000  -30.0000 2422.1843   18.5170
   -7.5000   22.5000  -30.0000 2336.2061   19.7857
    0.0000   22.5000  -30.0000 2338.0183   19.8057
    7.5000   22.5000  -30.0000 2318.7776   20.1482
   -7.5000   30.0000  -30.0000 2216.0063   21.8289
    0.0000   30.0000  -30.0000 2214.7251   21.8086
    7.5000   30.0000  -30.0000 2195.1758   22.1511
   -7.5000   37.5000  -30.0000 2101.5454   24.4388
    0.0000   37.5000  -30.0000 2102.5754   24.4125
    7.5000   37.5000  -30.0000 2076.1106   24.7764
   -7.5000   45.0000  -30.0000 1955.6776   27.7810
    0.0000   45.0000  -30.0000 1955.9778   27.7680
    7.5000   45.0000  -30.0000 1942.1887   28.2865
   -7.5000  -45.0000  -22.5000 2676.4741   16.2376
    0.0000  -45.0000  -22.5000 2680.0649   16.2365
    7.5000  -45.0000  -22.5000 2647.2925   16.4368
   -7.5000  -37.5000  -22.5000 2734.5789   15.2125
    0.0000  -37.5000  -22.5000 2733.1816   15.1989
    7.5000  -37.5000  -22.5000 2705.3804   15.4204
   -7.5000  -30.0000  -22.5000 2769.0178   14.5498
    0.0000  -30.0000  -22.5000 2770.0964   14.5779
    7.5000  -30.0000  -22.5000 2736.0801   14.7801
   -7.5000  -22.5000  -22.5000 2788.8357   14.3227
    0.0000  -22.5000  -22.5000 2789.4490   14.3891
    7.5000  -22.5000  -22.5000 2757.9521   14.5957
   -7.5000  -15.0000  -22.5000 2789.9543   14.5032
    0.0000  -15.0000  -22.5000 2792.5625   14.5510
    7.5000  -15.0000  -22.5000 2758.6951   14.7677
   -7.5000   -7.5000  -22.5000 2759.4712   14.8907
    0.0000   -7.5000  -22.5000 2761.7297   14.9311
    7.5000   -7.5000  -22.5000 2733.8489   15.1558
   -7.5000    0.0000  -22.5000 2710.1863   15.5497
    0.0000    0.0000  -22.5000 2714.8738   15.5869
    7.5000    0.0000  -22.5000 2683.3499   15.8001
   -7.5000    7.5000  -22.5000 2646.4893   16.3766
    0.0000    7.5000  -22.5000 2651.8425   16.4175
    7.5000    7.5000  -22.5000 2620.2151   16.6579
   -7.5000   15.0000  -22.5000 2557.9817   17.4837
    0.0000   15.0000  -22.5000 2564.3474   17.5242
    7.5000   15.0000  -22.5000 2531.9009   17.8148
   -7.5000   22.5000  -22.5000 2448.3669   19.0022
    0.0000   22.5000  -22.5000 2451.1384   19.0233
    7.5000   22.5000  -22.5000 2424.4270   19.3412
   -7.5000   30.0000  -22.5000 2310.2222   20.9204
    0.0000   30.0000  -22.5000 2317.5835   20.9022
    7.5000   30.0000  -22.5000 2291.8013   21.2481
   -7.5000   37.5000  -22.5000 2187.4067   23.4135
    0.0000   37.5000  -22.5000 2192.3865   23.3541
    7.5000   37.5000  -22.5000 2162.9451   23.7303
   -7.5000   45.0000  -22.5000 2029.1067   26.4979
    0.0000   45.0000  -22.5000 2028.4520   26.4316
    7.5000   45.0000  -22.5000 2010.0122   26.9473
   -7.5000  -45.0000  -15.0000 2713.9033   15.8889
    0.0000  -45.0000  -15.0000 2718.5444   15.9019
    7.5000  -45.0000  -15.0000 2690.7617   16.1228
   -7.5000  -37.5000  -15.0000 2776.6431   14.8462
    0.0000  -37.5000  -15.0000 2780.0566   14.8560
    7.5000  -37.5000  -15.0000 2747.9771   15.0751
   -7.5000  -30.0000  -15.0000 2814.3850   14.0633
    0.0000  -30.0000  -15.0000 2815.6284   14.0810
    7.5000  -30.0000  -15.0000 2780.5818   14.3501
   -7.5000  -22.5000  -15.0000 2840.1848   13.7323
    0.0000  -22.5000  -15.0000 2840.3040   13.7883
    7.5000  -22.5000  -15.0000 2810.5242   14.0945
   -7.5000  -15.0000  -15.0000 2842.2849   13.9008
    0.0000  -15.0000  -15.0000 2845.8215   13.9085
    7.5000  -15.0000  -15.0000 2821.5718   14.2125
   -7.5000   -7.5000  -15.0000 2819.2107   14.2967
    0.0000   -7.5000  -15.0000 2826.2920   14.3091
    7.5000   -7.5000  -15.0000 2801.3235   14.5892
   -7.5000    0.0000  -15.0000 2775.9211   14.9596
    0.0000    0.0000  -15.0000 2784.1104   14.9615
    7.5000    0.0000  -15.0000 2753.9033   15.2273
   -7.5000    7.5000  -15.0000 2713.5999   15.7449
    0.0000    7.5000  -15.0000 2722.0203   15.8045
    7.5000    7.5000  -15.0000 2689.9780   16.0469
   -7.5000   15.0000  -15.0000 2624.9524   16.8220
    0.0000   15.0000  -15.0000 2631.1616   16.8661
    7.5000   15.0000  -15.0000 2600.5476   17.1774
   -7.5000   22.5000  -15.0000 2516.6621   18.2441
    0.0000   22.5000  -15.0000 2522.0745   18.2477
    7.5000   22.5000  -15.0000 2493.1030   18.5896
   -7.5000   30.0000  -15.0000 2371.0930   20.0430
    0.0000   30.0000  -15.0000 2378.9963   20.0326
    7.5000   30.0000  -15.0000 2354.1025   20.4056
   -7.5000   37.5000  -15.0000 2234.9668   22.3577
    0.0000   37.5000  -15.0000 2242.8582   22.3615
    7.5000   37.5000  -15.0000 2213.7700   22.7526
   -7.5000   45.0000  -15.0000 2074.4890   25.3044
    0.0000   45.0000  -15.0000 2074.3450   25.3016
    7.5000   45.0000  -15.0000 2057.5435   25.7624
   -7.5000  -45.0000   -7.5000 2714.1738   15.6254
    0.0000  -45.0000   -7.5000 2716.3506   15.6180
    7.5000  -45.0000   -7.5000 2702.9934   15.8926
   -7.5000  -37.5000   -7.5000 2784.4385   14.5959
    0.0000  -37.5000   -7.5000 2788.4780   14.5988
    7.5000  -37.5000   -7.5000 2770.8389   14.8678
   -7.5000  -30.0000   -7.5000 2823.6033   13.7567
    0.0000  -30.0000   -7.5000 2830.5354   13.7655
    7.5000  -30.0000   -7.5000 2810.9536   14.1118
   -7.5000  -22.5000   -7.5000 2849.9263   13.3000
    0.0000  -22.5000   -7.5000 2852.1787   13.3394
    7.5000  -22.5000   -7.5000 2833.4795   13.7533
   -7.5000  -15.0000   -7.5000 2863.2498   13.4087
    0.0000  -15.0000   -7.5000 2864.2200   13.4368
    7.5000  -15.0000   -7.5000 2849.5142   13.8198
   -7.5000   -7.5000   -7.5000 2848.6431   13.8040
    0.0000   -7.5000   -7.5000 2859.5278   13.8311
    7.5000   -7.5000   -7.5000 2838.5876   14.1571
   -7.5000    0.0000   -7.5000 2805.8076   14.3812
    0.0000    0.0000   -7.5000 2822.1475   14.4184
    7.5000    0.0000   -7.5000 2797.7468   14.7043
   -7.5000    7.5000   -7.5000 2742.7908   15.1432
    0.0000    7.5000   -7.5000 2756.6824   15.1985
    7.5000    7.5000   -7.5000 2737.0894   15.5063
   -7.5000   15.0000   -7.5000 2661.5786   16.2239
    0.0000   15.0000   -7.5000 2665.2478   16.2558
    7.5000   15.0000   -7.5000 2645.5457   16.5929
   -7.5000   22.5000   -7.5000 2556.0234   17.6164
    0.0000   22.5000   -7.5000 2559.9661   17.6358
    7.5000   22.5000   -7.5000 2536.4800   17.9947
   -7.5000   30.0000   -7.5000 2417.9656   19.3971
    0.0000   30.0000   -7.5000 2421.9004   19.4111
    7.5000   30.0000   -7.5000 2401.5105   19.7757
   -7.5000   37.5000   -7.5000 2269.4785   21.6014
    0.0000   37.5000   -7.5000 2277.3792   21.5961
    7.5000   37.5000   -7.5000 2254.2036   22.0036
   -7.5000   45.0000   -7.5000 2105.2905   24.3823
    0.0000   45.0000   -7.5000 2107.1458   24.4091
    7.5000   45.0000   -7.5000 2088.0015   24.8243
   -7.5000  -45.0000    0.0000 2700.1526   15.7238
    0.0000  -45.0000    0.0000 2700.7258   15.6815
    7.5000  -45.0000    0.0000 2691.1936   15.9247
   -7.5000  -37.5000    0.0000 2777.0862   14.7579
    0.0000  -37.5000    0.0000 2779.4080   14.7329
    7.5000  -37.5000    0.0000 2771.5315   14.9427
   -7.5000  -30.0000    0.0000 2826.0696   14.0415
    0.0000  -30.0000    0.0000 2839.3772   14.0575
    7.5000  -30.0000    0.0000 2826.3682   14.2584
   -7.5000  -22.5000    0.0000 2851.4329   13.4509
    0.0000  -22.5000    0.0000 2863.7930   13.4974
    7.5000  -22.5000    0.0000 2850.2134   13.7954
   -7.5000  -15.0000    0.0000 2866.7388   13.3532
    0.0000  -15.0000    0.0000 2869.9343   13.3857
    7.5000  -15.0000    0.0000 2851.0898   13.6648
   -7.5000   -7.5000    0.0000 2856.5312   13.6390
    0.0000   -7.5000    0.0000 2864.4155   13.6318
    7.5000   -7.5000    0.0000 2835.2483   13.8608
   -7.5000    0.0000    0.0000 2822.0828   14.1262
    0.0000    0.0000    0.0000 2828.5022   14.0926
    7.5000    0.0000    0.0000 2797.8157   14.3346
   -7.5000    7.5000    0.0000 2765.8508   14.9026
    0.0000    7.5000    0.0000 2770.3105   14.8519
    7.5000    7.5000    0.0000 2745.8582   15.1123
   -7.5000   15.0000    0.0000 2690.5212   16.0358
    0.0000   15.0000    0.0000 2691.1631   15.9756
    7.5000   15.0000    0.0000 2666.4858   16.2389
   -7.5000   22.5000    0.0000 2596.3315   17.5077
    0.0000   22.5000    0.0000 2596.0259   17.4470
    7.5000   22.5000    0.0000 2572.1326   17.7016
   -7.5000   30.0000    0.0000 2468.3005   19.2527
    0.0000   30.0000    0.0000 2468.2896   19.1986
    7.5000   30.0000    0.0000 2444.0833   19.4551
   -7.5000   37.5000    0.0000 2314.0269   21.3291
    0.0000   37.5000    0.0000 2312.1780   21.3119
    7.5000   37.5000    0.0000 2291.7961   21.6172
   -7.5000   45.0000    0.0000 2135.0496   23.9995
    0.0000   45.0000    0.0000 2137.6948   23.9201
    7.5000   45.0000    0.0000 2118.7065   24.3418
   -7.5000  -45.0000    7.5000 2681.4041   16.2159
    0.0000  -45.0000    7.5000 2690.5654   16.2157
    7.5000  -45.0000    7.5000 2675.2234   16.3275
   -7.5000  -37.5000    7.5000 2779.0864   15.3656
    0.0000  -37.5000    7.5000 2786.0791   15.3402
    7.5000  -37.5000    7.5000 2761.1946   15.3601
   -7.5000  -30.0000    7.5000 2854.0762   14.7803
    0.0000  -30.0000    7.5000 2866.6040   14.7711
    7.5000  -30.0000    7.5000 2825.9678   14.6718
   -7.5000  -22.5000    7.5000 2896.5930   14.1653
    0.0000  -22.5000    7.5000 2905.6111   14.1768
    7.5000  -22.5000    7.5000 2856.4932   14.1113
   -7.5000  -15.0000    7.5000 2888.6357   13.6909
    0.0000  -15.0000    7.5000 2885.1423   13.6580
    7.5000  -15.0000    7.5000 2852.8530   13.8048
   -7.5000   -7.5000    7.5000 2859.6626   13.6991
    0.0000   -7.5000    7.5000 2855.5520   13.6025
    7.5000   -7.5000    7.5000 2826.8096   13.8148
   -7.5000    0.0000    7.5000 2826.5181   14.1207
    0.0000    0.0000    7.5000 2827.1567   13.9896
    7.5000    0.0000    7.5000 2795.0901   14.2223
   -7.5000    7.5000    7.5000 2785.6477   14.9002
    0.0000    7.5000    7.5000 2795.5918   14.7945
    7.5000    7.5000    7.5000 2759.9495   15.0249
   -7.5000   15.0000    7.5000 2712.4897   16.0505
    0.0000   15.0000    7.5000 2717.7837   15.9977
    7.5000   15.0000    7.5000 2688.0574   16.2070
   -7.5000   22.5000    7.5000 2622.5325   17.5263
    0.0000   22.5000    7.5000 2621.7000   17.5027
    7.5000   22.5000    7.5000 2593.8296   17.6959
   -7.5000   30.0000    7.5000 2497.8840   19.2654
    0.0000   30.0000    7.5000 2503.3062   19.2407
    7.5000   30.0000    7.5000 2468.6665   19.4118
   -7.5000   37.5000    7.5000 2336.7280   21.3020
    0.0000   37.5000    7.5000 2343.6331   21.3283
    7.5000   37.5000    7.5000 2315.9072   21.4885
   -7.5000   45.0000    7.5000 2160.6082   23.8872
    0.0000   45.0000    7.5000 2165.9775   23.8830
    7.5000   45.0000    7.5000 2144.6106   24.1736
   -7.5000  -45.0000   15.0000 2672.4758   17.0130
    0.0000  -45.0000   15.0000 2674.0327   17.0698
    7.5000  -45.0000   15.0000 2637.6462   17.0011
   -7.5000  -37.5000   15.0000 2777.0403   16.1100
    0.0000  -37.5000   15.0000 2778.3760   16.1292
    7.5000  -37.5000   15.0000 2731.0464   16.0210
   -7.5000  -30.0000   15.0000 2858.4182   15.4384
    0.0000  -30.0000   15.0000 2863.5513   15.4717
    7.5000  -30.0000   15.0000 2805.0183   15.3049
   -7.5000  -22.5000   15.0000 2899.7537   14.7508
    0.0000  -22.5000   15.0000 2914.3677   14.7980
    7.5000  -22.5000   15.0000 2841.4900   14.6640
   -7.5000  -15.0000   15.0000 2883.3118   14.1060
    0.0000  -15.0000   15.0000 2883.7014   14.0331
    7.5000  -15.0000   15.0000 2833.9617   14.2128
   -7.5000   -7.5000   15.0000 2861.7993   14.0232
    0.0000   -7.5000   15.0000 2858.5164   13.8864
    7.5000   -7.5000   15.0000 2818.0862   14.1355
   -7.5000    0.0000   15.0000 2833.4980   14.4176
    0.0000    0.0000   15.0000 2837.5105   14.3099
    7.5000    0.0000   15.0000 2796.4497   14.5594
   -7.5000    7.5000   15.0000 2783.6389   15.1286
    0.0000    7.5000   15.0000 2792.1978   15.0530
    7.5000    7.5000   15.0000 2755.6819   15.2996
   -7.5000   15.0000   15.0000 2707.5676   16.1946
    0.0000   15.0000   15.0000 2715.1067   16.1361
    7.5000   15.0000   15.0000 2687.8372   16.3804
   -7.5000   22.5000   15.0000 2611.2537   17.6392
    0.0000   22.5000   15.0000 2609.8738   17.5971
    7.5000   22.5000   15.0000 2594.9661   17.8235
   -7.5000   30.0000   15.0000 2495.6982   19.3845
    0.0000   30.0000   15.0000 2500.1780   19.3351
    7.5000   30.0000   15.0000 2472.2422   19.5718
   -7.5000   37.5000   15.0000 2343.7869   21.4136
    0.0000   37.5000   15.0000 2348.6453   21.4355
    7.5000   37.5000   15.0000 2326.1731   21.6696
   -7.5000   45.0000   15.0000 2173.0461   24.0125
    0.0000   45.0000   15.0000 2182.4556   24.0437
    7.5000   45.0000   15.0000 2156.2334   24.3060
   -7.5000  -45.0000   22.5000 2622.7188   17.6230
    0.0000  -45.0000   22.5000 2624.3467   17.7070
    7.5000  -45.0000   22.5000 2594.2605   17.7636
   -7.5000  -37.5000   22.5000 2728.5352   16.6124
    0.0000  -37.5000   22.5000 2728.3010   16.6316
    7.5000  -37.5000   22.5000 2694.0430   16.7184
   -7.5000  -30.0000   22.5000 2810.6917   15.8193
    0.0000  -30.0000   22.5000 2813.9294   15.8552
    7.5000  -30.0000   22.5000 2773.6616   15.9017
   -7.5000  -22.5000   22.5000 2850.5134   15.0456
    0.0000  -22.5000   22.5000 2858.2285   15.0418
    7.5000  -22.5000   22.5000 2808.4023   15.1937
   -7.5000  -15.0000   22.5000 2835.5684   14.3666
    0.0000  -15.0000   22.5000 2826.4929   14.1951
    7.5000  -15.0000   22.5000 2799.9426   14.6072
   -7.5000   -7.5000   22.5000 2842.5012   14.3933
    0.0000   -7.5000   22.5000 2842.4238   14.2434
    7.5000   -7.5000   22.5000 2809.6553   14.5487
   -7.5000    0.0000   22.5000 2821.2178   14.8868
    0.0000    0.0000   22.5000 2832.7439   14.8204
    7.5000    0.0000   22.5000 2795.3286   15.0327
   -7.5000    7.5000   22.5000 2774.8418   15.6820
    0.0000    7.5000   22.5000 2783.6067   15.6324
    7.5000    7.5000   22.5000 2748.7864   15.8428
   -7.5000   15.0000   22.5000 2704.3958   16.6807
    0.0000   15.0000   22.5000 2704.7795   16.6499
    7.5000   15.0000   22.5000 2677.3911   16.8704
   -7.5000   22.5000   22.5000 2605.4006   18.0093
    0.0000   22.5000   22.5000 2607.2959   17.9857
    7.5000   22.5000   22.5000 2582.7085   18.1893
   -7.5000   30.0000   22.5000 2483.2515   19.6634
    0.0000   30.0000   22.5000 2489.3142   19.6392
    7.5000   30.0000   22.5000 2468.0603   19.8470
   -7.5000   37.5000   22.5000 2331.8298   21.6545
    0.0000   37.5000   22.5000 2337.3682   21.6437
    7.5000   37.5000   22.5000 2322.3359   21.8405
   -7.5000   45.0000   22.5000 2167.1335   24.2675
    0.0000   45.0000   22.5000 2176.3770   24.2392
    7.5000   45.0000   22.5000 2157.8728   24.5084
   -7.5000  -45.0000   30.0000 2559.2561   18.3868
    0.0000  -45.0000   30.0000 2557.3267   18.4119
    7.5000  -45.0000   30.0000 2538.2522   18.6851
   -7.5000  -37.5000   30.0000 2659.8691   17.2807
    0.0000  -37.5000   30.0000 2655.2974   17.2624
    7.5000  -37.5000   30.0000 2634.3162   17.5282
   -7.5000  -30.0000   30.0000 2741.0447   16.3581
    0.0000  -30.0000   30.0000 2736.7056   16.3183
    7.5000  -30.0000   30.0000 2713.3108   16.5768
   -7.5000  -22.5000   30.0000 2782.6704   15.4945
    0.0000  -22.5000   30.0000 2778.4922   15.3658
    7.5000  -22.5000   30.0000 2751.2144   15.7373
   -7.5000  -15.0000   30.0000 2787.2476   14.8988
    0.0000  -15.0000   30.0000 2773.3059   14.6968
    7.5000  -15.0000   30.0000 2755.7627   15.1543
   -7.5000   -7.5000   30.0000 2795.3110   14.9584
    0.0000   -7.5000   30.0000 2797.2964   14.8325
    7.5000   -7.5000   30.0000 2769.5068   15.1553
   -7.5000    0.0000   30.0000 2774.8557   15.4577
    0.0000    0.0000   30.0000 2784.7429   15.3636
    7.5000    0.0000   30.0000 2756.0796   15.6043
   -7.5000    7.5000   30.0000 2735.4565   16.2404
    0.0000    7.5000   30.0000 2745.0483   16.1797
    7.5000    7.5000   30.0000 2714.2312   16.3962
   -7.5000   15.0000   30.0000 2671.2107   17.2339
    0.0000   15.0000   30.0000 2680.2317   17.2050
    7.5000   15.0000   30.0000 2647.8091   17.4304
   -7.5000   22.5000   30.0000 2589.7458   18.5372
    0.0000   22.5000   30.0000 2599.1765   18.5095
    7.5000   22.5000   30.0000 2568.2344   18.7459
   -7.5000   30.0000   30.0000 2465.1570   20.0815
    0.0000   30.0000   30.0000 2473.2275   20.0808
    7.5000   30.0000   30.0000 2450.6528   20.3021
   -7.5000   37.5000   30.0000 2313.6917   22.1270
    0.0000   37.5000   30.0000 2318.8201   22.0938
    7.5000   37.5000   30.0000 2305.5718   22.3085
   -7.5000   45.0000   30.0000 2157.2749   24.7369
    0.0000   45.0000   30.0000 2162.7830   24.6955
    7.5000   45.0000   30.0000 2154.3826   24.9223
   -7.5000  -45.0000   37.5000 2488.1030   19.3759
    0.0000  -45.0000   37.5000 2480.1396   19.3003
    7.5000  -45.0000   37.5000 2472.9795   19.7457
   -7.5000  -37.5000   37.5000 2583.5190   18.0987
    0.0000  -37.5000   37.5000 2577.7854   18.0118
    7.5000  -37.5000   37.5000 2567.1194   18.4193
   -7.5000  -30.0000   37.5000 2657.8887   17.0440
    0.0000  -30.0000   37.5000 2656.3484   16.9201
    7.5000  -30.0000   37.5000 2642.0540   17.3145
   -7.5000  -22.5000   37.5000 2703.9607   16.1704
    0.0000  -22.5000   37.5000 2697.5156   15.9596
    7.5000  -22.5000   37.5000 2679.9680   16.4123
   -7.5000  -15.0000   37.5000 2728.4563   15.6682
    0.0000  -15.0000   37.5000 2718.1292   15.5193
    7.5000  -15.0000   37.5000 2704.0193   15.9323
   -7.5000   -7.5000   37.5000 2730.4634   15.7560
    0.0000   -7.5000   37.5000 2733.3772   15.6337
    7.5000   -7.5000   37.5000 2713.3999   15.9624
   -7.5000    0.0000   37.5000 2710.7651   16.2111
    0.0000    0.0000   37.5000 2718.9104   16.1231
    7.5000    0.0000   37.5000 2698.9871   16.3917
   -7.5000    7.5000   37.5000 2681.8110   16.9276
    0.0000    7.5000   37.5000 2687.5996   16.8668
    7.5000    7.5000   37.5000 2661.9387   17.1133
   -7.5000   15.0000   37.5000 2627.7339   17.8975
    0.0000   15.0000   37.5000 2640.5928   17.8670
    7.5000   15.0000   37.5000 2610.0415   18.0840
   -7.5000   22.5000   37.5000 2555.0486   19.1482
    0.0000   22.5000   37.5000 2565.3943   19.1301
    7.5000   22.5000   37.5000 2535.3521   19.3579
   -7.5000   30.0000   37.5000 2430.6140   20.7306
    0.0000   30.0000   37.5000 2432.8992   20.7513
    7.5000   30.0000   37.5000 2413.2837   20.9613
   -7.5000   37.5000   37.5000 2288.0938   22.7572
    0.0000   37.5000   37.5000 2294.0896   22.7521
    7.5000   37.5000   37.5000 2278.2283   22.9804
   -7.5000   45.0000   37.5000 2146.3284   25.4307
    0.0000   45.0000   37.5000 2154.0615   25.3936
    7.5000   45.0000   37.5000 2139.2729   25.6638
   -7.5000  -45.0000   45.0000 2409.5225   20.5813
    0.0000  -45.0000   45.0000 2404.4331   20.5009
    7.5000  -45.0000   45.0000 2398.8037   21.0255
   -7.5000  -37.5000   45.0000 2503.2056   19.1305
    0.0000  -37.5000   45.0000 2498.7866   19.0128
    7.5000  -37.5000   45.0000 2489.9038   19.5447
   -7.5000  -30.0000   45.0000 2570.8979   17.9397
    0.0000  -30.0000   45.0000 2575.2893   17.8080
    7.5000  -30.0000   45.0000 2558.6367   18.2596
   -7.5000  -22.5000   45.0000 2625.1772   17.0697
    0.0000  -22.5000   45.0000 2622.2271   16.9039
    7.5000  -22.5000   45.0000 2604.0894   17.3526
   -7.5000  -15.0000   45.0000 2651.4617   16.6831
    0.0000  -15.0000   45.0000 2645.8176   16.5297
    7.5000  -15.0000   45.0000 2633.1106   16.9170
   -7.5000   -7.5000   45.0000 2654.5918   16.7510
    0.0000   -7.5000   45.0000 2659.9805   16.6238
    7.5000   -7.5000   45.0000 2642.8401   16.9469
   -7.5000    0.0000   45.0000 2636.9092   17.1605
    0.0000    0.0000   45.0000 2645.5125   17.0836
    7.5000    0.0000   45.0000 2629.3083   17.3645
   -7.5000    7.5000   45.0000 2610.8689   17.8293
    0.0000    7.5000   45.0000 2623.3582   17.7913
    7.5000    7.5000   45.0000 2598.4731   18.0286
   -7.5000   15.0000   45.0000 2569.9844   18.7017
    0.0000   15.0000   45.0000 2592.6687   18.6919
    7.5000   15.0000   45.0000 2555.6455   18.9293
   -7.5000   22.5000   45.0000 2495.7788   19.9492
    0.0000   22.5000   45.0000 2511.4575   19.9319
    7.5000   22.5000   45.0000 2479.0391   20.1836
   -7.5000   30.0000   45.0000 2376.6006   21.6204
    0.0000   30.0000   45.0000 2384.6733   21.6360
    7.5000   30.0000   45.0000 2358.1387   21.8632
   -7.5000   37.5000   45.0000 2246.7463   23.6163
    0.0000   37.5000   45.0000 2259.3337   23.6810
    7.5000   37.5000   45.0000 2236.1611   23.9061
   -7.5000   45.0000   45.0000 2119.8992   26.4011
    0.0000   45.0000   45.0000 2124.3862   26.4037
    7.5000   45.0000   45.0000 2111.3818   26.6700

---------------------------------------------------------------------
imgreg_4dfp /usr/local/freesurfer/average/711-2C_as_mni_average_305 /usr/local/freesurfer/average/711-2B_as_mni_average_305_mask talsrcimg_g11 none talsrcimg_to_711-2C_as_mni_average_305_t4 1283
---------------------------------------------------------------------

freesurfer imgreg_4dfp.c
/usr/local/freesurfer/average/711-2C_as_mni_average_305.4dfp.img
       256       256       256         1
  1.000000  1.000000  1.000000
orientation T byte_order littleendian
Reading image: /usr/local/freesurfer/average/711-2C_as_mni_average_305.4dfp.img
dimensions:      256       256       256
mmppix:       1.0000   -1.0000   -1.0000
center:     128.0000 -129.0000 -129.0000
/usr/local/freesurfer/average/711-2B_as_mni_average_305_mask.4dfp.img
       256       256       256         1
  1.000000  1.000000  1.000000
orientation T byte_order littleendian
Reading mask: /usr/local/freesurfer/average/711-2B_as_mni_average_305_mask.4dfp.img (2306576 pixels)
talsrcimg_g11.4dfp.img
       256       256       256         1
  1.000000  1.000000  1.000000
orientation T byte_order littleendian
Reading image: talsrcimg_g11.4dfp.img
dimensions:      256       256       256
mmppix:       1.0000   -1.0000   -1.0000
center:     128.0000 -129.0000 -129.0000
rotation matrix determinant  1.000000
fimgreg.f
image alignment mode   1283 decimal      503 hex
parameters
    0.0000  -22.5000   15.0000    0.0000    0.0000    0.0000
eta,q 0.91521 14.85421
niter,ni,del,rscale     5    3   12.0000    1.2000
parameter  1  0.800727 ->  0.500000 qaram    1.1500
parameter  3  1.740304 ->  0.500000 qaram    1.1500
parameter  4  0.816222 ->  0.500000 qaram    1.1500
parameters
   -3.4500  -22.1840   11.5500   -3.4500   -0.5697   -0.9419
eta,q 0.92480 14.75304
  0.0858  0.0947  0.0756  0.0743  0.0797  0.0758
  0.0833  0.0901  0.0756  0.0746  0.0768  0.0755
  0.0843  0.0855  0.0793  0.0757  0.0748  0.0754
  0.0895  0.0829  0.0829  0.0762  0.0749  0.0749
  0.0940  0.0840  0.0855  0.0780  0.0762  0.0747
  0.0971  0.0880  0.0888  0.0816  0.0786  0.0756
  0.1044  0.0932  0.0948  0.0847  0.0814  0.0780
niter,ni,del,rscale     7    3   12.0000    1.2000
parameter  4-21.577152 ->  0.500000 qaram    1.3225
parameters
   -3.1362  -20.4166   11.0217   -7.4175   -1.1445    0.2348
eta,q 0.93092 14.75038
  0.0960  0.0862  0.0864  0.0660  0.0739  0.0719
  0.0852  0.0792  0.0773  0.0683  0.0706  0.0698
  0.0761  0.0763  0.0733  0.0712  0.0689  0.0689
  0.0752  0.0755  0.0751  0.0744  0.0691  0.0690
  0.0790  0.0751  0.0787  0.0764  0.0703  0.0689
  0.0848  0.0756  0.0823  0.0783  0.0726  0.0688
  0.0903  0.0771  0.0868  0.0818  0.0756  0.0699
niter,ni,del,rscale     7    3   12.0000    1.2000
parameter  4  1.045278 ->  0.500000 qaram    1.5209
parameters
   -2.8161  -18.6548   10.7627  -11.9801   -2.1116    0.0397
eta,q 0.93868 14.60057
  0.0890  0.0825  0.0831  0.0617  0.0655  0.0668
  0.0789  0.0778  0.0720  0.0615  0.0627  0.0636
  0.0704  0.0740  0.0658  0.0618  0.0615  0.0620
  0.0691  0.0692  0.0660  0.0658  0.0614  0.0613
  0.0716  0.0659  0.0697  0.0715  0.0623  0.0620
  0.0774  0.0680  0.0757  0.0759  0.0655  0.0643
  0.0846  0.0745  0.0833  0.0797  0.0696  0.0675
niter,ni,del,rscale     7    3   12.0000    1.2000
parameters
   -2.2537  -18.5775    9.6696  -15.3132   -2.7069    0.1682
eta,q 0.94012 14.68100
  0.0850  0.0788  0.0737  0.0625  0.0655  0.0663
  0.0744  0.0708  0.0622  0.0612  0.0616  0.0630
  0.0637  0.0650  0.0597  0.0599  0.0600  0.0604
  0.0613  0.0618  0.0618  0.0606  0.0600  0.0599
  0.0639  0.0627  0.0655  0.0631  0.0608  0.0607
  0.0694  0.0697  0.0726  0.0687  0.0639  0.0628
  0.0781  0.0789  0.0808  0.0748  0.0680  0.0656
niter,ni,del,rscale     6    3   12.0000    1.2000
parameters
   -2.0247  -18.2149    9.1607  -16.6902   -3.0710    0.3050
eta,q 0.94030 14.72012
  0.0840  0.0761  0.0767  0.0638  0.0661  0.0650
  0.0722  0.0675  0.0632  0.0608  0.0621  0.0619
  0.0617  0.0619  0.0582  0.0600  0.0599  0.0601
  0.0599  0.0601  0.0600  0.0593  0.0598  0.0597
  0.0623  0.0611  0.0644  0.0600  0.0610  0.0600
  0.0696  0.0653  0.0713  0.0632  0.0636  0.0617
  0.0808  0.0725  0.0771  0.0689  0.0675  0.0644
niter,ni,del,rscale     5    3   12.0000    1.2000
parameters
   -1.8891  -17.7733    8.7679  -17.7819   -3.2610    0.2992
eta,q 0.94085 14.74640
  0.0828  0.0747  0.0777  0.0634  0.0661  0.0638
  0.0709  0.0660  0.0639  0.0602  0.0622  0.0612
  0.0612  0.0610  0.0585  0.0593  0.0596  0.0596
  0.0597  0.0598  0.0597  0.0592  0.0592  0.0591
  0.0624  0.0600  0.0645  0.0591  0.0605  0.0594
  0.0696  0.0634  0.0714  0.0619  0.0631  0.0611
  0.0806  0.0706  0.0769  0.0673  0.0665  0.0640
niter,ni,del,rscale     4    3   12.0000    1.2000
parameters
   -1.8693  -17.3757    8.4364  -18.7604   -3.2379    0.2680
eta,q 0.94142 14.75997
  0.0812  0.0733  0.0783  0.0629  0.0656  0.0629
  0.0697  0.0653  0.0641  0.0597  0.0620  0.0604
  0.0603  0.0607  0.0582  0.0585  0.0592  0.0590
  0.0592  0.0592  0.0591  0.0587  0.0586  0.0586
  0.0623  0.0594  0.0641  0.0588  0.0598  0.0588
  0.0694  0.0628  0.0713  0.0608  0.0622  0.0602
  0.0803  0.0701  0.0771  0.0662  0.0651  0.0633
niter,ni,del,rscale     3    3   12.0000    1.2000
parameters
   -1.9283  -16.9682    8.1724  -19.6400   -3.0954    0.2352
eta,q 0.94188 14.76127
  0.0798  0.0725  0.0785  0.0628  0.0649  0.0622
  0.0685  0.0652  0.0644  0.0591  0.0616  0.0597
  0.0594  0.0604  0.0578  0.0579  0.0588  0.0584
  0.0586  0.0585  0.0584  0.0581  0.0581  0.0581
  0.0620  0.0589  0.0632  0.0586  0.0593  0.0581
  0.0691  0.0624  0.0706  0.0604  0.0615  0.0594
  0.0797  0.0696  0.0771  0.0654  0.0639  0.0626
niter,ni,del,rscale     2    3   12.0000    1.2000
parameters
   -2.0113  -16.6056    7.9310  -20.4068   -2.9328    0.2067
eta,q 0.94240 14.76125
  0.0792  0.0722  0.0781  0.0628  0.0643  0.0617
  0.0676  0.0648  0.0643  0.0586  0.0610  0.0591
  0.0587  0.0598  0.0574  0.0572  0.0583  0.0579
  0.0581  0.0581  0.0580  0.0576  0.0576  0.0576
  0.0616  0.0585  0.0627  0.0583  0.0588  0.0576
  0.0689  0.0621  0.0697  0.0603  0.0609  0.0588
  0.0790  0.0695  0.0770  0.0646  0.0632  0.0621
niter,ni,del,rscale     1    3   12.0000    1.2000
parameters
   -2.0813  -16.3142    7.7009  -21.1295   -2.7916    0.1878
eta,q 0.94281 14.75717
  0.0795  0.0719  0.0776  0.0626  0.0640  0.0614
  0.0673  0.0642  0.0641  0.0584  0.0607  0.0588
  0.0580  0.0591  0.0573  0.0568  0.0579  0.0575
  0.0576  0.0575  0.0575  0.0573  0.0572  0.0572
  0.0612  0.0582  0.0623  0.0580  0.0584  0.0571
  0.0688  0.0620  0.0691  0.0601  0.0606  0.0585
  0.0788  0.0697  0.0767  0.0643  0.0630  0.0619
registration optimization eta report
parameter search radius
    6.9000    6.0000    6.9000    9.1253    6.0000    6.0000
100000*second partial in parameter space
       46.       38.       41.        8.       17.       13.
  0.0795  0.0719  0.0776  0.0626  0.0640  0.0614
  0.0673  0.0642  0.0641  0.0584  0.0607  0.0588
  0.0580  0.0591  0.0573  0.0568  0.0579  0.0575
  0.0576  0.0575  0.0575  0.0573  0.0572  0.0572
  0.0612  0.0582  0.0623  0.0580  0.0584  0.0571
  0.0688  0.0620  0.0691  0.0601  0.0606  0.0585
  0.0788  0.0697  0.0767  0.0643  0.0630  0.0619
   -2.0813  -16.3142    7.7009  -21.1295   -2.7916    0.1878
eta,q 0.94281 14.75717

---------------------------------------------------------------------
imgreg_4dfp /usr/local/freesurfer/average/711-2C_as_mni_average_305 /usr/local/freesurfer/average/711-2B_as_mni_average_305_mask talsrcimg_g11 none talsrcimg_to_711-2C_as_mni_average_305_t4 3335
---------------------------------------------------------------------

freesurfer imgreg_4dfp.c
/usr/local/freesurfer/average/711-2C_as_mni_average_305.4dfp.img
       256       256       256         1
  1.000000  1.000000  1.000000
orientation T byte_order littleendian
Reading image: /usr/local/freesurfer/average/711-2C_as_mni_average_305.4dfp.img
dimensions:      256       256       256
mmppix:       1.0000   -1.0000   -1.0000
center:     128.0000 -129.0000 -129.0000
/usr/local/freesurfer/average/711-2B_as_mni_average_305_mask.4dfp.img
       256       256       256         1
  1.000000  1.000000  1.000000
orientation T byte_order littleendian
Reading mask: /usr/local/freesurfer/average/711-2B_as_mni_average_305_mask.4dfp.img (2306576 pixels)
talsrcimg_g11.4dfp.img
       256       256       256         1
  1.000000  1.000000  1.000000
orientation T byte_order littleendian
Reading image: talsrcimg_g11.4dfp.img
dimensions:      256       256       256
mmppix:       1.0000   -1.0000   -1.0000
center:     128.0000 -129.0000 -129.0000
fimgreg.f
image alignment mode   3335 decimal      D07 hex
parameters
   -2.0813  -16.3142    7.7009   -0.1192   -6.7294   -6.8339
   -2.0614    4.4247    0.3274   36.0624   -4.8703  -36.0049
eta,q 0.94429 14.83961
niter,ni,del,rscale     5    3    5.0000    1.2000
parameter  4  1.293988 ->  0.500000 qaram    1.1500
parameter  5  1.312428 ->  0.500000 qaram    1.1500
parameter  6  0.510873 ->  0.500000 qaram    1.1500
parameter 10  0.531154 ->  0.500000 qaram    1.1500
parameter 12 -0.884006 -> -0.500000 qaram    1.1500
parameters
   -2.2730  -16.4024    7.0281   -4.2592  -10.8694  -10.9739
   -1.3590    4.3090    1.0924   31.9224   -3.0793  -31.8649
eta,q 0.96017 14.44711
  0.0591  0.0583  0.0571  0.0473  0.0400  0.0415  0.0450  0.0462  0.0434  0.0412  0.0427  0.0451
  0.0571  0.0568  0.0557  0.0476  0.0417  0.0414  0.0432  0.0432  0.0424  0.0409  0.0417  0.0432
  0.0559  0.0559  0.0553  0.0500  0.0442  0.0417  0.0420  0.0417  0.0417  0.0409  0.0412  0.0418
  0.0557  0.0557  0.0557  0.0553  0.0480  0.0423  0.0414  0.0414  0.0414  0.0414  0.0409  0.0408
  0.0565  0.0561  0.0567  0.0619  0.0536  0.0456  0.0416  0.0419  0.0415  0.0422  0.0408  0.0401
  0.0580  0.0571  0.0582  0.0682  0.0604  0.0541  0.0424  0.0434  0.0419  0.0435  0.0410  0.0397
  0.0603  0.0587  0.0600  0.0744  0.0667  0.0634  0.0439  0.0465  0.0427  0.0453  0.0414  0.0396
niter,ni,del,rscale     7    3    5.0000    1.2000
parameter  2 -1.072897 -> -0.500000 qaram    1.1500
parameter  3  1.230582 ->  0.500000 qaram    1.1500
parameter  5  0.749793 ->  0.500000 qaram    1.3225
parameter 10 -0.519213 -> -0.500000 qaram    1.3225
parameters
   -2.3900  -15.0224    5.6481   -7.2828  -15.6304  -14.5479
   -0.9094    3.1114    0.4755   36.6834   -4.7614  -31.0114
eta,q 0.96680 14.00435
  0.0429  0.0452  0.0366  0.0387  0.0339  0.0342  0.0362  0.0358  0.0351  0.0376  0.0336  0.0344
  0.0411  0.0431  0.0369  0.0378  0.0344  0.0340  0.0350  0.0345  0.0344  0.0361  0.0333  0.0337
  0.0401  0.0413  0.0374  0.0371  0.0355  0.0341  0.0343  0.0339  0.0340  0.0348  0.0332  0.0333
  0.0398  0.0398  0.0382  0.0370  0.0371  0.0347  0.0340  0.0340  0.0339  0.0339  0.0332  0.0332
  0.0403  0.0387  0.0393  0.0391  0.0404  0.0356  0.0341  0.0346  0.0341  0.0333  0.0334  0.0333
  0.0415  0.0381  0.0406  0.0442  0.0460  0.0369  0.0347  0.0358  0.0347  0.0333  0.0337  0.0335
  0.0435  0.0379  0.0421  0.0496  0.0525  0.0434  0.0357  0.0374  0.0355  0.0339  0.0341  0.0339
niter,ni,del,rscale     7    3    5.0000    1.2000
parameter  2 -0.857614 -> -0.500000 qaram    1.3225
parameter  3  0.737311 ->  0.500000 qaram    1.3225
parameter  5  0.543441 ->  0.500000 qaram    1.5209
parameter 12  0.588526 ->  0.500000 qaram    1.3225
parameters
   -2.4449  -13.4354    4.0611   -7.9663  -21.1056  -15.9053
   -0.9523    3.0801    0.4172   37.6766   -8.1464  -35.7724
eta,q 0.97090 13.65794
  0.0357  0.0399  0.0309  0.0337  0.0299  0.0310  0.0315  0.0327  0.0309  0.0337  0.0295  0.0293
  0.0343  0.0371  0.0308  0.0326  0.0296  0.0302  0.0305  0.0308  0.0302  0.0318  0.0293  0.0291
  0.0335  0.0349  0.0310  0.0317  0.0299  0.0297  0.0298  0.0298  0.0297  0.0304  0.0293  0.0291
  0.0332  0.0332  0.0316  0.0308  0.0310  0.0296  0.0296  0.0296  0.0296  0.0296  0.0295  0.0293
  0.0335  0.0321  0.0325  0.0306  0.0329  0.0300  0.0298  0.0300  0.0297  0.0295  0.0297  0.0297
  0.0344  0.0315  0.0338  0.0323  0.0365  0.0307  0.0305  0.0310  0.0302  0.0305  0.0299  0.0302
  0.0360  0.0315  0.0353  0.0365  0.0430  0.0331  0.0316  0.0325  0.0309  0.0326  0.0303  0.0307
niter,ni,del,rscale     7    3    5.0000    1.2000
parameters
   -2.5884  -12.6270    3.3103   -8.4537  -23.4605  -16.5959
   -1.0050    3.0256    0.4792   38.9605   -8.2873  -37.5420
eta,q 0.97127 13.53043
  0.0316  0.0341  0.0299  0.0317  0.0314  0.0311  0.0310  0.0323  0.0302  0.0331  0.0294  0.0295
  0.0302  0.0317  0.0292  0.0306  0.0300  0.0300  0.0299  0.0301  0.0295  0.0311  0.0290  0.0290
  0.0294  0.0300  0.0289  0.0297  0.0290  0.0293  0.0292  0.0291  0.0291  0.0297  0.0288  0.0287
  0.0291  0.0291  0.0289  0.0288  0.0290  0.0289  0.0289  0.0289  0.0289  0.0289  0.0288  0.0288
  0.0295  0.0290  0.0294  0.0286  0.0299  0.0290  0.0292  0.0295  0.0291  0.0289  0.0289  0.0291
  0.0305  0.0295  0.0304  0.0301  0.0319  0.0299  0.0299  0.0306  0.0295  0.0297  0.0291  0.0296
  0.0323  0.0307  0.0319  0.0339  0.0370  0.0329  0.0311  0.0320  0.0301  0.0315  0.0294  0.0302
niter,ni,del,rscale     6    3    5.0000    1.2000
parameters
   -2.7099  -12.6955    2.9630   -8.4803  -24.1313  -16.7054
   -0.9508    3.0179    0.8643   39.4509   -7.7738  -38.6291
eta,q 0.97128 13.52022
  0.0311  0.0318  0.0302  0.0317  0.0321  0.0315  0.0310  0.0324  0.0302  0.0325  0.0295  0.0296
  0.0298  0.0300  0.0293  0.0305  0.0305  0.0303  0.0298  0.0299  0.0294  0.0306  0.0290  0.0290
  0.0290  0.0290  0.0288  0.0295  0.0293  0.0293  0.0290  0.0289  0.0290  0.0293  0.0288  0.0287
  0.0287  0.0287  0.0287  0.0287  0.0287  0.0288  0.0288  0.0288  0.0288  0.0288  0.0287  0.0287
  0.0291  0.0292  0.0291  0.0284  0.0292  0.0287  0.0290  0.0293  0.0289  0.0290  0.0288  0.0290
  0.0301  0.0303  0.0299  0.0295  0.0305  0.0295  0.0297  0.0304  0.0293  0.0300  0.0290  0.0295
  0.0317  0.0319  0.0311  0.0328  0.0337  0.0325  0.0309  0.0319  0.0299  0.0319  0.0292  0.0300
niter,ni,del,rscale     5    3    5.0000    1.2000
parameters
   -2.7569  -12.7494    2.8048   -8.3915  -24.4481  -16.7394
   -0.9712    2.9981    1.1453   39.7430   -7.1554  -39.2855
eta,q 0.97132 13.52899
  0.0312  0.0317  0.0304  0.0317  0.0322  0.0316  0.0309  0.0323  0.0301  0.0323  0.0295  0.0298
  0.0298  0.0300  0.0295  0.0305  0.0306  0.0303  0.0297  0.0299  0.0294  0.0304  0.0290  0.0290
  0.0290  0.0290  0.0289  0.0296  0.0293  0.0293  0.0290  0.0288  0.0289  0.0292  0.0288  0.0287
  0.0287  0.0287  0.0287  0.0287  0.0287  0.0287  0.0287  0.0287  0.0287  0.0287  0.0287  0.0287
  0.0290  0.0292  0.0289  0.0283  0.0290  0.0287  0.0290  0.0293  0.0288  0.0290  0.0287  0.0290
  0.0299  0.0302  0.0296  0.0293  0.0303  0.0293  0.0297  0.0304  0.0292  0.0300  0.0289  0.0294
  0.0315  0.0318  0.0308  0.0327  0.0332  0.0326  0.0309  0.0319  0.0299  0.0320  0.0292  0.0299
niter,ni,del,rscale     4    3    5.0000    1.2000
parameters
   -2.7719  -12.7948    2.7323   -8.2707  -24.6405  -16.6869
   -1.0240    3.0007    1.3376   39.9445   -6.6253  -39.7047
eta,q 0.97138 13.54349
  0.0312  0.0317  0.0304  0.0317  0.0321  0.0317  0.0308  0.0323  0.0301  0.0322  0.0294  0.0298
  0.0299  0.0299  0.0295  0.0305  0.0306  0.0304  0.0297  0.0298  0.0293  0.0303  0.0289  0.0290
  0.0290  0.0289  0.0289  0.0295  0.0293  0.0293  0.0289  0.0287  0.0288  0.0291  0.0287  0.0287
  0.0287  0.0287  0.0287  0.0287  0.0286  0.0287  0.0287  0.0287  0.0287  0.0286  0.0286  0.0286
  0.0289  0.0291  0.0289  0.0282  0.0289  0.0286  0.0289  0.0292  0.0288  0.0289  0.0287  0.0289
  0.0298  0.0302  0.0295  0.0293  0.0302  0.0292  0.0297  0.0303  0.0292  0.0300  0.0289  0.0294
  0.0314  0.0318  0.0307  0.0326  0.0330  0.0326  0.0309  0.0318  0.0299  0.0320  0.0292  0.0299
niter,ni,del,rscale     3    3    5.0000    1.2000
parameters
   -2.7712  -12.8288    2.7041   -8.1585  -24.7612  -16.6298
   -1.0687    3.0080    1.4583   40.0778   -6.2306  -39.9753
eta,q 0.97143 13.55683
  0.0312  0.0317  0.0305  0.0316  0.0321  0.0318  0.0307  0.0322  0.0300  0.0321  0.0293  0.0299
  0.0298  0.0299  0.0295  0.0305  0.0305  0.0304  0.0296  0.0298  0.0293  0.0303  0.0289  0.0290
  0.0290  0.0289  0.0289  0.0295  0.0292  0.0293  0.0288  0.0287  0.0288  0.0291  0.0287  0.0286
  0.0286  0.0286  0.0286  0.0286  0.0286  0.0286  0.0286  0.0286  0.0286  0.0286  0.0286  0.0286
  0.0289  0.0291  0.0288  0.0282  0.0289  0.0285  0.0288  0.0292  0.0287  0.0289  0.0286  0.0289
  0.0297  0.0301  0.0295  0.0292  0.0301  0.0290  0.0296  0.0302  0.0292  0.0300  0.0288  0.0293
  0.0313  0.0317  0.0306  0.0326  0.0328  0.0328  0.0308  0.0317  0.0300  0.0320  0.0292  0.0298
niter,ni,del,rscale     2    3    5.0000    1.2000
parameters
   -2.7657  -12.8489    2.6956   -8.0770  -24.8367  -16.5870
   -1.1047    3.0116    1.5181   40.1546   -5.9714  -40.1450
eta,q 0.97146 13.56608
  0.0312  0.0317  0.0305  0.0316  0.0321  0.0318  0.0307  0.0321  0.0300  0.0320  0.0293  0.0299
  0.0298  0.0299  0.0295  0.0304  0.0305  0.0304  0.0296  0.0297  0.0292  0.0302  0.0289  0.0290
  0.0289  0.0288  0.0288  0.0294  0.0292  0.0292  0.0288  0.0286  0.0287  0.0290  0.0286  0.0286
  0.0286  0.0286  0.0286  0.0286  0.0285  0.0285  0.0285  0.0285  0.0285  0.0285  0.0285  0.0285
  0.0288  0.0290  0.0288  0.0281  0.0288  0.0284  0.0288  0.0291  0.0287  0.0288  0.0286  0.0288
  0.0297  0.0301  0.0294  0.0292  0.0300  0.0290  0.0296  0.0302  0.0292  0.0300  0.0288  0.0293
  0.0312  0.0317  0.0306  0.0327  0.0327  0.0329  0.0308  0.0316  0.0300  0.0321  0.0292  0.0298
niter,ni,del,rscale     1    3    5.0000    1.2000
parameters
   -2.7629  -12.8609    2.6956   -8.0246  -24.8791  -16.5676
   -1.1246    3.0089    1.5475   40.2004   -5.8173  -40.2421
eta,q 0.97149 13.57174
  0.0311  0.0317  0.0305  0.0316  0.0321  0.0318  0.0307  0.0321  0.0299  0.0320  0.0292  0.0299
  0.0297  0.0299  0.0295  0.0304  0.0305  0.0304  0.0295  0.0297  0.0292  0.0302  0.0288  0.0290
  0.0289  0.0288  0.0288  0.0294  0.0292  0.0292  0.0288  0.0286  0.0287  0.0290  0.0286  0.0286
  0.0285  0.0285  0.0285  0.0285  0.0285  0.0285  0.0285  0.0285  0.0285  0.0285  0.0285  0.0285
  0.0288  0.0290  0.0287  0.0281  0.0288  0.0284  0.0288  0.0291  0.0287  0.0288  0.0286  0.0288
  0.0297  0.0300  0.0294  0.0292  0.0300  0.0289  0.0295  0.0301  0.0291  0.0300  0.0288  0.0293
  0.0312  0.0316  0.0305  0.0327  0.0327  0.0330  0.0307  0.0316  0.0300  0.0321  0.0292  0.0298
registration optimization eta report
parameter search radius
    2.4000    3.1740    3.1740    8.2800   10.9503    8.2800
    7.2000    7.2000    7.2000    9.5220    7.2000    9.5220
100000*second partial in parameter space
       46.       31.       19.        5.        3.        6.
        4.        6.        3.        4.        1.        1.
  0.0311  0.0317  0.0305  0.0316  0.0321  0.0318  0.0307  0.0321  0.0299  0.0320  0.0292  0.0299
  0.0297  0.0299  0.0295  0.0304  0.0305  0.0304  0.0295  0.0297  0.0292  0.0302  0.0288  0.0290
  0.0289  0.0288  0.0288  0.0294  0.0292  0.0292  0.0288  0.0286  0.0287  0.0290  0.0286  0.0286
  0.0285  0.0285  0.0285  0.0285  0.0285  0.0285  0.0285  0.0285  0.0285  0.0285  0.0285  0.0285
  0.0288  0.0290  0.0287  0.0281  0.0288  0.0284  0.0288  0.0291  0.0287  0.0288  0.0286  0.0288
  0.0297  0.0300  0.0294  0.0292  0.0300  0.0289  0.0295  0.0301  0.0291  0.0300  0.0288  0.0293
  0.0312  0.0316  0.0305  0.0327  0.0327  0.0330  0.0307  0.0316  0.0300  0.0321  0.0292  0.0298
   -2.7629  -12.8609    2.6956   -8.0246  -24.8791  -16.5676
   -1.1246    3.0089    1.5475   40.2004   -5.8173  -40.2421
eta,q 0.97149 13.57174

---------------------------------------------------------------------
imgreg_4dfp /usr/local/freesurfer/average/711-2C_as_mni_average_305 /usr/local/freesurfer/average/711-2B_as_mni_average_305_mask talsrcimg_g11 none talsrcimg_to_711-2C_as_mni_average_305_t4 2311
---------------------------------------------------------------------

freesurfer imgreg_4dfp.c
/usr/local/freesurfer/average/711-2C_as_mni_average_305.4dfp.img
       256       256       256         1
  1.000000  1.000000  1.000000
orientation T byte_order littleendian
Reading image: /usr/local/freesurfer/average/711-2C_as_mni_average_305.4dfp.img
dimensions:      256       256       256
mmppix:       1.0000   -1.0000   -1.0000
center:     128.0000 -129.0000 -129.0000
/usr/local/freesurfer/average/711-2B_as_mni_average_305_mask.4dfp.img
       256       256       256         1
  1.000000  1.000000  1.000000
orientation T byte_order littleendian
Reading mask: /usr/local/freesurfer/average/711-2B_as_mni_average_305_mask.4dfp.img (2306576 pixels)
talsrcimg_g11.4dfp.img
       256       256       256         1
  1.000000  1.000000  1.000000
orientation T byte_order littleendian
Reading image: talsrcimg_g11.4dfp.img
dimensions:      256       256       256
mmppix:       1.0000   -1.0000   -1.0000
center:     128.0000 -129.0000 -129.0000
fimgreg.f
image alignment mode   2311 decimal      907 hex
parameters
   -2.7629  -12.8609    2.6956   -8.0246  -24.8791  -16.5676
   -1.1246    3.0089    1.5475   40.2004   -5.8173  -40.2421
eta,q 0.97149 13.57174
niter,ni,del,rscale     5    3    5.0000    0.8000
parameter 11 -0.503393 -> -0.500000 qaram    1.1500
parameters
   -2.7157  -12.9575    2.7530   -5.7139  -24.0676  -15.0837
   -1.8301    3.6952    1.6583   40.9980   -3.0573  -41.4205
eta,q 0.97232 13.86191
  0.0297  0.0292  0.0291  0.0301  0.0291  0.0296  0.0287  0.0307  0.0286  0.0291  0.0289  0.0279
  0.0291  0.0288  0.0288  0.0296  0.0286  0.0289  0.0282  0.0291  0.0282  0.0285  0.0284  0.0278
  0.0287  0.0286  0.0286  0.0290  0.0283  0.0284  0.0279  0.0282  0.0279  0.0281  0.0281  0.0277
  0.0285  0.0285  0.0285  0.0285  0.0280  0.0280  0.0279  0.0279  0.0279  0.0279  0.0278  0.0277
  0.0286  0.0286  0.0285  0.0281  0.0280  0.0279  0.0281  0.0280  0.0279  0.0278  0.0277  0.0278
  0.0290  0.0289  0.0287  0.0281  0.0282  0.0280  0.0287  0.0284  0.0282  0.0281  0.0277  0.0281
  0.0296  0.0294  0.0290  0.0287  0.0286  0.0284  0.0295  0.0293  0.0286  0.0285  0.0278  0.0283
niter,ni,del,rscale     5    3    5.0000    0.8000
parameters
   -2.6706  -13.0970    2.8651   -5.8311  -24.2959  -14.3869
   -1.4051    3.3133    1.8012   41.4508   -2.4331  -41.4618
eta,q 0.97242 13.89396
  0.0293  0.0284  0.0284  0.0295  0.0285  0.0291  0.0290  0.0295  0.0284  0.0288  0.0285  0.0280
  0.0284  0.0280  0.0280  0.0288  0.0280  0.0285  0.0283  0.0283  0.0280  0.0282  0.0280  0.0278
  0.0279  0.0277  0.0278  0.0282  0.0278  0.0280  0.0278  0.0277  0.0277  0.0278  0.0277  0.0276
  0.0277  0.0277  0.0277  0.0277  0.0277  0.0277  0.0276  0.0276  0.0276  0.0276  0.0276  0.0276
  0.0278  0.0278  0.0277  0.0276  0.0278  0.0276  0.0277  0.0279  0.0277  0.0276  0.0276  0.0276
  0.0283  0.0282  0.0279  0.0284  0.0281  0.0277  0.0280  0.0287  0.0279  0.0279  0.0278  0.0278
  0.0291  0.0287  0.0282  0.0303  0.0286  0.0287  0.0286  0.0302  0.0283  0.0285  0.0281  0.0280
niter,ni,del,rscale     4    3    5.0000    0.7000
parameters
   -2.7002  -13.1049    2.8853   -5.6228  -24.4194  -14.2728
   -1.4507    3.2112    1.9017   41.5534   -2.3063  -41.5173
eta,q 0.97247 13.90557
  0.0287  0.0283  0.0281  0.0292  0.0282  0.0286  0.0285  0.0292  0.0282  0.0284  0.0282  0.0279
  0.0281  0.0279  0.0278  0.0286  0.0278  0.0281  0.0279  0.0282  0.0278  0.0279  0.0278  0.0277
  0.0277  0.0276  0.0276  0.0280  0.0276  0.0277  0.0276  0.0277  0.0276  0.0276  0.0276  0.0276
  0.0276  0.0276  0.0276  0.0276  0.0275  0.0275  0.0275  0.0275  0.0275  0.0275  0.0275  0.0275
  0.0277  0.0277  0.0276  0.0275  0.0276  0.0275  0.0276  0.0277  0.0276  0.0276  0.0276  0.0276
  0.0281  0.0279  0.0278  0.0280  0.0279  0.0277  0.0280  0.0283  0.0278  0.0279  0.0278  0.0277
  0.0289  0.0283  0.0281  0.0293  0.0283  0.0288  0.0285  0.0294  0.0281  0.0283  0.0281  0.0279
niter,ni,del,rscale     3    3    5.0000    0.6000
parameters
   -2.7094  -13.1109    2.8992   -5.4327  -24.4672  -14.0109
   -1.5081    3.2176    1.9355   41.6632   -2.2479  -41.4918
eta,q 0.97252 13.92384
  0.0284  0.0281  0.0279  0.0289  0.0280  0.0283  0.0282  0.0289  0.0279  0.0281  0.0280  0.0278
  0.0279  0.0278  0.0277  0.0283  0.0277  0.0279  0.0278  0.0281  0.0277  0.0278  0.0277  0.0276
  0.0276  0.0276  0.0276  0.0279  0.0276  0.0276  0.0276  0.0276  0.0275  0.0276  0.0275  0.0275
  0.0275  0.0275  0.0275  0.0275  0.0275  0.0275  0.0275  0.0275  0.0275  0.0275  0.0275  0.0275
  0.0276  0.0276  0.0276  0.0275  0.0276  0.0275  0.0276  0.0276  0.0275  0.0275  0.0275  0.0275
  0.0279  0.0278  0.0277  0.0279  0.0277  0.0276  0.0278  0.0280  0.0277  0.0277  0.0277  0.0276
  0.0285  0.0281  0.0279  0.0289  0.0280  0.0282  0.0282  0.0289  0.0279  0.0281  0.0279  0.0277
niter,ni,del,rscale     2    3    5.0000    0.5000
parameters
   -2.7058  -13.1212    2.9223   -5.2845  -24.4967  -13.8275
   -1.5123    3.2441    1.9297   41.7192   -2.2194  -41.4135
eta,q 0.97255 13.93449
  0.0282  0.0279  0.0278  0.0285  0.0278  0.0280  0.0280  0.0285  0.0278  0.0279  0.0278  0.0277
  0.0278  0.0276  0.0276  0.0281  0.0276  0.0277  0.0277  0.0279  0.0276  0.0277  0.0276  0.0275
  0.0276  0.0275  0.0275  0.0277  0.0275  0.0276  0.0275  0.0276  0.0275  0.0275  0.0275  0.0275
  0.0275  0.0275  0.0275  0.0275  0.0275  0.0275  0.0275  0.0275  0.0275  0.0275  0.0275  0.0275
  0.0275  0.0275  0.0275  0.0275  0.0275  0.0275  0.0275  0.0275  0.0275  0.0275  0.0275  0.0275
  0.0278  0.0277  0.0276  0.0278  0.0276  0.0276  0.0277  0.0279  0.0276  0.0276  0.0276  0.0275
  0.0281  0.0279  0.0277  0.0285  0.0278  0.0280  0.0280  0.0285  0.0278  0.0279  0.0278  0.0276
niter,ni,del,rscale     1    3    5.0000    0.4000
parameters
   -2.7031  -13.1261    2.9538   -5.1557  -24.4974  -13.6633
   -1.5139    3.2642    1.9151   41.7574   -2.2039  -41.3296
eta,q 0.97256 13.94437
  0.0279  0.0277  0.0276  0.0282  0.0277  0.0278  0.0278  0.0281  0.0276  0.0277  0.0277  0.0276
  0.0277  0.0276  0.0275  0.0279  0.0275  0.0276  0.0276  0.0277  0.0275  0.0276  0.0275  0.0275
  0.0275  0.0275  0.0275  0.0276  0.0275  0.0275  0.0275  0.0275  0.0275  0.0275  0.0275  0.0275
  0.0275  0.0275  0.0275  0.0275  0.0274  0.0274  0.0274  0.0274  0.0274  0.0274  0.0274  0.0274
  0.0275  0.0275  0.0275  0.0275  0.0275  0.0274  0.0275  0.0275  0.0275  0.0275  0.0275  0.0274
  0.0276  0.0276  0.0275  0.0277  0.0275  0.0275  0.0276  0.0277  0.0275  0.0276  0.0275  0.0275
  0.0279  0.0277  0.0276  0.0281  0.0277  0.0277  0.0278  0.0281  0.0276  0.0277  0.0277  0.0276
registration optimization eta report
parameter search radius
    0.8000    0.8000    0.8000    2.4000    2.4000    2.4000
    2.4000    2.4000    2.4000    2.4000    2.7600    2.4000
100000*second partial in parameter space
       69.       38.       27.       12.        4.        5.
        6.       12.        4.        5.        3.        2.
  0.0279  0.0277  0.0276  0.0282  0.0277  0.0278  0.0278  0.0281  0.0276  0.0277  0.0277  0.0276
  0.0277  0.0276  0.0275  0.0279  0.0275  0.0276  0.0276  0.0277  0.0275  0.0276  0.0275  0.0275
  0.0275  0.0275  0.0275  0.0276  0.0275  0.0275  0.0275  0.0275  0.0275  0.0275  0.0275  0.0275
  0.0275  0.0275  0.0275  0.0275  0.0274  0.0274  0.0274  0.0274  0.0274  0.0274  0.0274  0.0274
  0.0275  0.0275  0.0275  0.0275  0.0275  0.0274  0.0275  0.0275  0.0275  0.0275  0.0275  0.0274
  0.0276  0.0276  0.0275  0.0277  0.0275  0.0275  0.0276  0.0277  0.0275  0.0276  0.0275  0.0275
  0.0279  0.0277  0.0276  0.0281  0.0277  0.0277  0.0278  0.0281  0.0276  0.0277  0.0277  0.0276
   -2.7031  -13.1261    2.9538   -5.1557  -24.4974  -13.6633
   -1.5139    3.2642    1.9151   41.7574   -2.2039  -41.3296
eta,q 0.97256 13.94437

---------------------------------------------------------------------
imgreg_4dfp /usr/local/freesurfer/average/711-2C_as_mni_average_305 /usr/local/freesurfer/average/711-2B_as_mni_average_305_mask talsrcimg_g11 none talsrcimg_to_711-2C_as_mni_average_305_t4 2311
---------------------------------------------------------------------

freesurfer imgreg_4dfp.c
/usr/local/freesurfer/average/711-2C_as_mni_average_305.4dfp.img
       256       256       256         1
  1.000000  1.000000  1.000000
orientation T byte_order littleendian
Reading image: /usr/local/freesurfer/average/711-2C_as_mni_average_305.4dfp.img
dimensions:      256       256       256
mmppix:       1.0000   -1.0000   -1.0000
center:     128.0000 -129.0000 -129.0000
/usr/local/freesurfer/average/711-2B_as_mni_average_305_mask.4dfp.img
       256       256       256         1
  1.000000  1.000000  1.000000
orientation T byte_order littleendian
Reading mask: /usr/local/freesurfer/average/711-2B_as_mni_average_305_mask.4dfp.img (2306576 pixels)
talsrcimg_g11.4dfp.img
       256       256       256         1
  1.000000  1.000000  1.000000
orientation T byte_order littleendian
Reading image: talsrcimg_g11.4dfp.img
dimensions:      256       256       256
mmppix:       1.0000   -1.0000   -1.0000
center:     128.0000 -129.0000 -129.0000
fimgreg.f
image alignment mode   2311 decimal      907 hex
parameters
   -2.7031  -13.1261    2.9538   -5.1557  -24.4974  -13.6633
   -1.5139    3.2642    1.9151   41.7574   -2.2039  -41.3296
eta,q 0.97256 13.94437
niter,ni,del,rscale     5    3    5.0000    0.8000
parameters
   -2.7070  -13.1051    2.9764   -5.8276  -24.5502  -14.4549
   -1.3955    3.1055    1.9356   41.4634   -2.3979  -41.4904
eta,q 0.97242 13.87911
  0.0292  0.0284  0.0282  0.0292  0.0284  0.0287  0.0288  0.0296  0.0284  0.0285  0.0281  0.0280
  0.0282  0.0279  0.0278  0.0285  0.0279  0.0281  0.0282  0.0284  0.0279  0.0280  0.0278  0.0278
  0.0276  0.0275  0.0275  0.0278  0.0276  0.0277  0.0277  0.0278  0.0277  0.0277  0.0276  0.0276
  0.0274  0.0274  0.0274  0.0274  0.0275  0.0275  0.0276  0.0276  0.0276  0.0276  0.0276  0.0276
  0.0276  0.0276  0.0275  0.0277  0.0276  0.0276  0.0277  0.0278  0.0277  0.0277  0.0277  0.0276
  0.0283  0.0279  0.0277  0.0290  0.0279  0.0282  0.0281  0.0285  0.0279  0.0282  0.0278  0.0278
  0.0293  0.0284  0.0281  0.0314  0.0284  0.0311  0.0287  0.0300  0.0284  0.0288  0.0281  0.0281
niter,ni,del,rscale     4    3    5.0000    0.7000
parameters
   -2.7075  -13.0800    2.8854   -5.6430  -24.4641  -14.2520
   -1.5228    3.1929    1.9353   41.5666   -2.3401  -41.5500
eta,q 0.97247 13.90387
  0.0288  0.0283  0.0280  0.0292  0.0282  0.0286  0.0284  0.0294  0.0281  0.0284  0.0280  0.0279
  0.0281  0.0279  0.0278  0.0286  0.0279  0.0281  0.0279  0.0283  0.0278  0.0279  0.0277  0.0277
  0.0277  0.0277  0.0276  0.0280  0.0276  0.0277  0.0276  0.0277  0.0276  0.0276  0.0276  0.0276
  0.0276  0.0276  0.0276  0.0276  0.0275  0.0275  0.0275  0.0275  0.0275  0.0275  0.0275  0.0275
  0.0277  0.0277  0.0277  0.0275  0.0276  0.0275  0.0277  0.0277  0.0276  0.0276  0.0276  0.0276
  0.0281  0.0279  0.0278  0.0280  0.0278  0.0277  0.0280  0.0282  0.0278  0.0279  0.0277  0.0277
  0.0288  0.0283  0.0281  0.0293  0.0282  0.0287  0.0285  0.0292  0.0281  0.0283  0.0279  0.0279
niter,ni,del,rscale     3    3    5.0000    0.6000
parameters
   -2.7041  -13.1093    2.8928   -5.4415  -24.4933  -14.0312
   -1.5290    3.2234    1.9409   41.6623   -2.2441  -41.5094
eta,q 0.97252 13.92150
  0.0285  0.0280  0.0279  0.0289  0.0280  0.0283  0.0282  0.0289  0.0279  0.0281  0.0279  0.0278
  0.0279  0.0278  0.0277  0.0284  0.0277  0.0279  0.0278  0.0281  0.0277  0.0278  0.0276  0.0276
  0.0276  0.0276  0.0276  0.0279  0.0276  0.0276  0.0276  0.0276  0.0275  0.0276  0.0275  0.0275
  0.0275  0.0275  0.0275  0.0275  0.0275  0.0275  0.0275  0.0275  0.0275  0.0275  0.0275  0.0275
  0.0276  0.0276  0.0276  0.0275  0.0276  0.0275  0.0276  0.0276  0.0275  0.0275  0.0275  0.0275
  0.0279  0.0278  0.0277  0.0279  0.0277  0.0276  0.0278  0.0280  0.0277  0.0277  0.0276  0.0276
  0.0284  0.0281  0.0279  0.0289  0.0280  0.0283  0.0282  0.0289  0.0279  0.0281  0.0278  0.0277
niter,ni,del,rscale     2    3    5.0000    0.5000
parameters
   -2.7047  -13.1172    2.9177   -5.2832  -24.4976  -13.8342
   -1.5178    3.2404    1.9320   41.7173   -2.2032  -41.4160
eta,q 0.97254 13.93419
  0.0281  0.0279  0.0278  0.0285  0.0278  0.0280  0.0280  0.0285  0.0278  0.0279  0.0277  0.0277
  0.0278  0.0276  0.0276  0.0281  0.0276  0.0277  0.0277  0.0279  0.0276  0.0277  0.0276  0.0275
  0.0276  0.0275  0.0275  0.0277  0.0275  0.0276  0.0275  0.0276  0.0275  0.0275  0.0275  0.0275
  0.0275  0.0275  0.0275  0.0275  0.0275  0.0275  0.0275  0.0275  0.0275  0.0275  0.0275  0.0275
  0.0276  0.0275  0.0275  0.0275  0.0275  0.0275  0.0275  0.0275  0.0275  0.0275  0.0275  0.0275
  0.0278  0.0277  0.0276  0.0278  0.0276  0.0276  0.0277  0.0279  0.0276  0.0276  0.0276  0.0275
  0.0282  0.0279  0.0277  0.0285  0.0278  0.0280  0.0280  0.0285  0.0278  0.0279  0.0277  0.0276
niter,ni,del,rscale     1    3    5.0000    0.4000
parameters
   -2.7051  -13.1297    2.9522   -5.1536  -24.4912  -13.6604
   -1.5145    3.2607    1.9093   41.7603   -2.1867  -41.3276
eta,q 0.97256 13.94508
  0.0279  0.0277  0.0276  0.0282  0.0277  0.0278  0.0278  0.0281  0.0276  0.0277  0.0276  0.0276
  0.0276  0.0276  0.0275  0.0279  0.0275  0.0276  0.0276  0.0277  0.0275  0.0276  0.0275  0.0275
  0.0275  0.0275  0.0275  0.0276  0.0275  0.0275  0.0275  0.0275  0.0275  0.0275  0.0275  0.0274
  0.0275  0.0275  0.0275  0.0275  0.0274  0.0274  0.0274  0.0274  0.0274  0.0274  0.0274  0.0274
  0.0275  0.0275  0.0275  0.0275  0.0275  0.0274  0.0275  0.0275  0.0275  0.0275  0.0275  0.0274
  0.0276  0.0276  0.0275  0.0277  0.0275  0.0275  0.0276  0.0277  0.0275  0.0276  0.0275  0.0275
  0.0279  0.0277  0.0276  0.0281  0.0277  0.0277  0.0278  0.0281  0.0276  0.0277  0.0276  0.0276
registration optimization eta report
parameter search radius
    0.8000    0.8000    0.8000    2.4000    2.4000    2.4000
    2.4000    2.4000    2.4000    2.4000    2.4000    2.4000
100000*second partial in parameter space
       69.       38.       27.       12.        4.        5.
        6.       12.        4.        5.        3.        2.
  0.0279  0.0277  0.0276  0.0282  0.0277  0.0278  0.0278  0.0281  0.0276  0.0277  0.0276  0.0276
  0.0276  0.0276  0.0275  0.0279  0.0275  0.0276  0.0276  0.0277  0.0275  0.0276  0.0275  0.0275
  0.0275  0.0275  0.0275  0.0276  0.0275  0.0275  0.0275  0.0275  0.0275  0.0275  0.0275  0.0274
  0.0275  0.0275  0.0275  0.0275  0.0274  0.0274  0.0274  0.0274  0.0274  0.0274  0.0274  0.0274
  0.0275  0.0275  0.0275  0.0275  0.0275  0.0274  0.0275  0.0275  0.0275  0.0275  0.0275  0.0274
  0.0276  0.0276  0.0275  0.0277  0.0275  0.0275  0.0276  0.0277  0.0275  0.0276  0.0275  0.0275
  0.0279  0.0277  0.0276  0.0281  0.0277  0.0277  0.0278  0.0281  0.0276  0.0277  0.0276  0.0276
   -2.7051  -13.1297    2.9522   -5.1536  -24.4912  -13.6604
   -1.5145    3.2607    1.9093   41.7603   -2.1867  -41.3276
eta,q 0.97256 13.94508

---------------------------------------------------------------------
compute_vox2vox talsrcimg talsrcimg_to_711-2C_as_mni_average_305_t4 /usr/local/freesurfer/average/711-2C_as_mni_average_305
---------------------------------------------------------------------

freesurfer compute_vox2vox.c
Reading: talsrcimg.4dfp.ifh
Reading: talsrcimg_to_711-2C_as_mni_average_305_t4
Reading: /usr/local/freesurfer/average/711-2C_as_mni_average_305.4dfp.ifh
Writing: talsrcimg_to_711-2C_as_mni_average_305_t4_vox2vox.txt

start time Wed Jun 4 02:58:25 UTC 2025
end		time Wed Jun 4 02:58:44 UTC 2025

mpr2mni305 success

avi2talxfm orig_nu.mgz /usr/local/freesurfer/average/mni305.cor.mgz talsrcimg_to_711-2C_as_mni_average_305_t4_vox2vox.txt transforms/talairach.auto.xfm
avi2talxfm done
mv -f /home/freesurfer/subjects/sub-037/mri/talsrcimg_to_711-2C_as_mni_average_305_t4_vox2vox.txt /home/freesurfer/subjects/sub-037/mri/transforms/talsrcimg_to_711-2C_as_mni_average_305_t4_vox2vox.txt
lta_convert --src orig_nu.mgz --trg /usr/local/freesurfer/average/mni305.cor.mgz --inxfm transforms/talairach.auto.xfm --outlta transforms/talairach.auto.xfm.lta --subject fsaverage
7.4.1

--src: orig_nu.mgz src image (geometry).
--trg: /usr/local/freesurfer/average/mni305.cor.mgz trg image (geometry).
--inmni: transforms/talairach.auto.xfm input MNI/XFM transform.
--outlta: transforms/talairach.auto.xfm.lta output LTA.
--s: fsaverage subject name
 LTA read, type : 1
 1.05343  -0.03954  -0.00051  -2.85724;
 0.01101   0.91537   0.50122  -6.61813;
-0.03273  -0.50525   1.04716   41.52814;
 0.00000   0.00000   0.00000   1.00000;
setting subject to fsaverage
Writing  LTA to file transforms/talairach.auto.xfm.lta...
lta_convert successful.
 
 
Started at Wed Jun 4 02:58:24 UTC 2025
Ended   at Wed Jun  4 02:58:44 UTC 2025
talairach_avi done
