/home/freesurfer/subjects/sub-003/mri
/usr/local/freesurfer/bin/talairach_avi
--i orig_nu.mgz --xfm transforms/talairach.auto.xfm
talairach_avi 7.4.1
Linux 5e607f82e4ec 6.11.0-26-generic #26~24.04.1-Ubuntu SMP PREEMPT_DYNAMIC Thu Apr 17 19:20:47 UTC 2 x86_64 x86_64 x86_64 GNU/Linux
Thu May 29 07:19:17 UTC 2025
mri_convert orig_nu.mgz talsrcimg.img 
reading from orig_nu.mgz...
TR=8.37, TE=0.00, TI=0.00, flip angle=0.00
i_ras = (-1, 0, -3.72529e-09)
j_ras = (3.72529e-09, 0, -1)
k_ras = (0, 1, 1.49012e-08)
writing to talsrcimg.img...
Analyze Output Matrix
-1.00000   0.00000   0.00000   128.51534;
 0.00000   0.00000   1.00000  -101.70820;
-0.00000  -1.00000   0.00000   154.31677;
 0.00000   0.00000   0.00000   1.00000;
--------------------
INFO: set hdr.hist.orient to -1
mpr2mni305 talsrcimg
Thu May 29 07:19:17 UTC 2025
/usr/local/freesurfer/bin/mpr2mni305 talsrcimg
mpr2mni305 7.4.1
target=711-2C_as_mni_average_305

---------------------------------------------------------------------
analyzeto4dfp talsrcimg -O0 -y
---------------------------------------------------------------------

freesurfer ifh2hdr.c
Thu May 29 07:19:18 2025
Writing: talsrcimg.4dfp.hdr
freesurfer analyzeto4dfp.c
Reading: talsrcimg.hdr
header size 348 bytes
hdr.dime.datatype	offset=70	value=2
hdr.dime.bitpix		offset=72	value=8
hdr.hist.orient		offset=252	value=-1
dimensionality     4
dimensions       256       256       256         1
Reading: talsrcimg.img
Writing: talsrcimg.4dfp.img
Writing: talsrcimg.4dfp.ifh
ifh2hdr talsrcimg -r0to187
ori=2

---------------------------------------------------------------------
gauss_4dfp talsrcimg 1.1
---------------------------------------------------------------------

freesurfer gauss_4dfp.c
Reading: talsrcimg.4dfp.img
Writing: talsrcimg_g11.4dfp.img
image dimensions 256 256 256 padded to 288 288 288
processing volume 1freesurfer ifh2hdr.c
Thu May 29 07:19:22 2025
Writing: talsrcimg_g11.4dfp.hdr

Writing: talsrcimg_g11.4dfp.ifh
including: talsrcimg.4dfp.img.rec in talsrcimg_g11.4dfp.img.rec

---------------------------------------------------------------------
imgreg_4dfp /usr/local/freesurfer/average/711-2C_as_mni_average_305 none talsrcimg_g11 none talsrcimg_to_711-2C_as_mni_average_305_t4 4355
---------------------------------------------------------------------

freesurfer imgreg_4dfp.c
/usr/local/freesurfer/average/711-2C_as_mni_average_305.4dfp.img
       256       256       256         1
  1.000000  1.000000  1.000000
orientation T byte_order littleendian
Reading image: /usr/local/freesurfer/average/711-2C_as_mni_average_305.4dfp.img
dimensions:      256       256       256
mmppix:       1.0000   -1.0000   -1.0000
center:     128.0000 -129.0000 -129.0000
talsrcimg_g11.4dfp.img
       256       256       256         1
  1.000000  1.000000  1.000000
orientation T byte_order littleendian
Reading image: talsrcimg_g11.4dfp.img
dimensions:      256       256       256
mmppix:       1.0000   -1.0000   -1.0000
center:     128.0000 -129.0000 -129.0000
t4_read: open error in t4_sub.f l:  41 t4_file(1:l)talsrcimg_to_711-2C_as_mni_average_305_t4 
t4_read: transform initialized to I4
rotation matrix determinant  1.000000
image alignment mode   4355 decimal     1103 hex
   -7.5000  -45.0000  -45.0000 9746.3096   27.4400
    0.0000  -45.0000  -45.000010121.3662   27.4110
    7.5000  -45.0000  -45.0000 9611.3369   27.3989
   -7.5000  -37.5000  -45.000010203.7646   27.3895
    0.0000  -37.5000  -45.000010607.8496   27.3639
    7.5000  -37.5000  -45.000010054.5986   27.3657
   -7.5000  -30.0000  -45.000010943.7539   27.3415
    0.0000  -30.0000  -45.000011389.6396   27.3125
    7.5000  -30.0000  -45.000010770.2256   27.3133
   -7.5000  -22.5000  -45.000011650.3047   27.3144
    0.0000  -22.5000  -45.000012124.2734   27.2789
    7.5000  -22.5000  -45.000011433.5225   27.2623
   -7.5000  -15.0000  -45.000012346.1953   27.3289
    0.0000  -15.0000  -45.000012861.4121   27.2903
    7.5000  -15.0000  -45.000012105.1855   27.2591
   -7.5000   -7.5000  -45.000012994.2529   27.3757
    0.0000   -7.5000  -45.000013529.4824   27.3395
    7.5000   -7.5000  -45.000012736.0107   27.3119
   -7.5000    0.0000  -45.000013462.2539   27.4085
    0.0000    0.0000  -45.000014008.2256   27.3789
    7.5000    0.0000  -45.000013182.3125   27.3669
   -7.5000    7.5000  -45.000012819.7100   27.3888
    0.0000    7.5000  -45.000013364.4092   27.3632
    7.5000    7.5000  -45.000012569.7705   27.3649
   -7.5000   15.0000  -45.000012010.5264   27.3415
    0.0000   15.0000  -45.000012535.6201   27.3125
    7.5000   15.0000  -45.000011797.9229   27.3133
   -7.5000   22.5000  -45.000011026.2383   27.3107
    0.0000   22.5000  -45.000011496.3115   27.2752
    7.5000   22.5000  -45.000010841.2090   27.2585
   -7.5000   30.0000  -45.0000 9981.7549   26.9650
    0.0000   30.0000  -45.000010394.8887   26.9269
    7.5000   30.0000  -45.0000 9809.3838   26.8962
   -7.5000   37.5000  -45.0000 9392.7314   27.0341
    0.0000   37.5000  -45.0000 9788.4375   26.9989
    7.5000   37.5000  -45.0000 9249.9541   26.9719
   -7.5000   45.0000  -45.0000 8446.3447   26.4778
    0.0000   45.0000  -45.0000 8767.8389   26.4510
    7.5000   45.0000  -45.0000 8319.2031   26.4400
   -7.5000  -45.0000  -37.500010208.4990   27.4319
    0.0000  -45.0000  -37.500010620.6973   27.4034
    7.5000  -45.0000  -37.500010058.5088   27.3778
   -7.5000  -37.5000  -37.500010651.3213   27.3804
    0.0000  -37.5000  -37.500011110.0273   27.3550
    7.5000  -37.5000  -37.500010508.0234   27.3385
   -7.5000  -30.0000  -37.500011428.3906   27.3580
    0.0000  -30.0000  -37.500011909.7871   27.3293
    7.5000  -30.0000  -37.500011246.5967   27.3022
   -7.5000  -22.5000  -37.500012159.7598   27.3611
    0.0000  -22.5000  -37.500012666.7490   27.3254
    7.5000  -22.5000  -37.500011940.2871   27.2764
   -7.5000  -15.0000  -37.500012922.1396   27.3820
    0.0000  -15.0000  -37.500013462.7549   27.3431
    7.5000  -15.0000  -37.500012666.2686   27.2829
   -7.5000   -7.5000  -37.500013607.4180   27.4004
    0.0000   -7.5000  -37.500014163.4375   27.3649
    7.5000   -7.5000  -37.500013307.6416   27.3177
   -7.5000    0.0000  -37.500014070.3857   27.4014
    0.0000    0.0000  -37.500014697.2344   27.3724
    7.5000    0.0000  -37.500013775.0391   27.3469
   -7.5000    7.5000  -37.500013362.8271   27.3799
    0.0000    7.5000  -37.500013986.6162   27.3545
    7.5000    7.5000  -37.500013112.5703   27.3379
   -7.5000   15.0000  -37.500012517.7314   27.3580
    0.0000   15.0000  -37.500013107.9189   27.3293
    7.5000   15.0000  -37.500012290.7031   27.3022
   -7.5000   22.5000  -37.500011485.8906   27.3573
    0.0000   22.5000  -37.500012015.5234   27.3217
    7.5000   22.5000  -37.500011285.7939   27.2726
   -7.5000   30.0000  -37.500010361.4707   27.0173
    0.0000   30.0000  -37.500010808.9062   26.9790
    7.5000   30.0000  -37.500010198.6973   26.9197
   -7.5000   37.5000  -37.5000 9750.9902   27.0574
    0.0000   37.5000  -37.500010180.8408   27.0229
    7.5000   37.5000  -37.5000 9609.4795   26.9766
   -7.5000   45.0000  -37.5000 8767.7207   26.4703
    0.0000   45.0000  -37.5000 9129.2637   26.4439
    7.5000   45.0000  -37.5000 8648.2441   26.4199
   -7.5000  -45.0000  -30.000010831.3486   28.5861
    0.0000  -45.0000  -30.000011272.6143   28.5549
    7.5000  -45.0000  -30.000010657.5957   28.5201
   -7.5000  -37.5000  -30.000011310.5898   28.5317
    0.0000  -37.5000  -30.000011788.1182   28.5037
    7.5000  -37.5000  -30.000011133.2441   28.4747
   -7.5000  -30.0000  -30.000012083.5078   28.5201
    0.0000  -30.0000  -30.000012581.2900   28.4928
    7.5000  -30.0000  -30.000011883.8369   28.4531
   -7.5000  -22.5000  -30.000012843.5791   28.5356
    0.0000  -22.5000  -30.000013369.6182   28.5043
    7.5000  -22.5000  -30.000012608.5645   28.4458
   -7.5000  -15.0000  -30.000013668.2080   28.5589
    0.0000  -15.0000  -30.000014237.3545   28.5233
    7.5000  -15.0000  -30.000013393.4248   28.4568
   -7.5000   -7.5000  -30.000014392.9131   28.5657
    0.0000   -7.5000  -30.000014993.9023   28.5305
    7.5000   -7.5000  -30.000014080.8340   28.4769
   -7.5000    0.0000  -30.000014907.5068   28.5535
    0.0000    0.0000  -30.000015569.1396   28.5218
    7.5000    0.0000  -30.000014585.1963   28.4871
   -7.5000    7.5000  -30.000014154.0947   28.5311
    0.0000    7.5000  -30.000014824.2334   28.5031
    7.5000    7.5000  -30.000013864.3477   28.4742
   -7.5000   15.0000  -30.000013250.0703   28.5201
    0.0000   15.0000  -30.000013873.2217   28.4928
    7.5000   15.0000  -30.000012991.2041   28.4531
   -7.5000   22.5000  -30.000012199.8311   28.5288
    0.0000   22.5000  -30.000012779.1523   28.4974
    7.5000   22.5000  -30.000011975.7070   28.4390
   -7.5000   30.0000  -30.000011000.5127   28.1813
    0.0000   30.0000  -30.000011495.1621   28.1461
    7.5000   30.0000  -30.000010806.6572   28.0805
   -7.5000   37.5000  -30.000010313.3867   28.2105
    0.0000   37.5000  -30.000010778.3896   28.1762
    7.5000   37.5000  -30.000010144.4102   28.1235
   -7.5000   45.0000  -30.0000 9234.4707   27.6025
    0.0000   45.0000  -30.0000 9645.6875   27.5733
    7.5000   45.0000  -30.0000 9109.1768   27.5400
   -7.5000  -45.0000  -22.500011351.4805   29.5634
    0.0000  -45.0000  -22.500011825.6523   29.5285
    7.5000  -45.0000  -22.500011185.6875   29.4987
   -7.5000  -37.5000  -22.500011910.5371   29.5057
    0.0000  -37.5000  -22.500012432.5957   29.4762
    7.5000  -37.5000  -22.500011721.2402   29.4556
   -7.5000  -30.0000  -22.500012698.1250   29.4748
    0.0000  -30.0000  -22.500013229.7061   29.4512
    7.5000  -30.0000  -22.500012517.1318   29.4318
   -7.5000  -22.5000  -22.500013453.7783   29.4683
    0.0000  -22.5000  -22.500014004.0684   29.4433
    7.5000  -22.5000  -22.500013258.1270   29.4146
   -7.5000  -15.0000  -22.500014320.6543   29.4871
    0.0000  -15.0000  -22.500014925.8564   29.4560
    7.5000  -15.0000  -22.500014076.1113   29.4171
   -7.5000   -7.5000  -22.500015124.3398   29.5160
    0.0000   -7.5000  -22.500015777.5986   29.4802
    7.5000   -7.5000  -22.500014843.3350   29.4415
   -7.5000    0.0000  -22.500015676.9932   29.5273
    0.0000    0.0000  -22.500016370.3672   29.4919
    7.5000    0.0000  -22.500015352.4609   29.4622
   -7.5000    7.5000  -22.500014879.6152   29.5049
    0.0000    7.5000  -22.500015548.9180   29.4755
    7.5000    7.5000  -22.500014601.8232   29.4549
   -7.5000   15.0000  -22.500013927.4277   29.4748
    0.0000   15.0000  -22.500014571.0176   29.4512
    7.5000   15.0000  -22.500013645.1650   29.4318
   -7.5000   22.5000  -22.500012871.2422   29.4592
    0.0000   22.5000  -22.500013472.4629   29.4343
    7.5000   22.5000  -22.500012620.5869   29.4055
   -7.5000   30.0000  -22.500011634.1748   29.1017
    0.0000   30.0000  -22.500012147.6836   29.0710
    7.5000   30.0000  -22.500011413.6074   29.0326
   -7.5000   37.5000  -22.500010900.9131   29.1543
    0.0000   37.5000  -22.500011360.4600   29.1194
    7.5000   37.5000  -22.500010688.0645   29.0816
   -7.5000   45.0000  -22.5000 9725.8965   28.5650
    0.0000   45.0000  -22.500010129.3662   28.5322
    7.5000   45.0000  -22.5000 9552.3320   28.5034
   -7.5000  -45.0000  -15.000011808.1914   30.2451
    0.0000  -45.0000  -15.000012309.3994   30.2083
    7.5000  -45.0000  -15.000011625.6348   30.1915
   -7.5000  -37.5000  -15.000012480.2510   30.1873
    0.0000  -37.5000  -15.000013054.7676   30.1570
    7.5000  -37.5000  -15.000012269.0957   30.1557
   -7.5000  -30.0000  -15.000013359.6572   30.1273
    0.0000  -30.0000  -15.000013937.5234   30.1045
    7.5000  -30.0000  -15.000013169.7383   30.1164
   -7.5000  -22.5000  -15.000014115.2998   30.0868
    0.0000  -22.5000  -15.000014707.2617   30.0641
    7.5000  -22.5000  -15.000013947.1357   30.0721
   -7.5000  -15.0000  -15.000014971.5381   30.0989
    0.0000  -15.0000  -15.000015605.4590   30.0690
    7.5000  -15.0000  -15.000014781.4678   30.0622
   -7.5000   -7.5000  -15.000015807.6592   30.1599
    0.0000   -7.5000  -15.000016451.8398   30.1231
    7.5000   -7.5000  -15.000015590.1357   30.1045
   -7.5000    0.0000  -15.000016368.9727   30.2069
    0.0000    0.0000  -15.000016996.6816   30.1695
    7.5000    0.0000  -15.000016099.8779   30.1527
   -7.5000    7.5000  -15.000015576.6191   30.1864
    0.0000    7.5000  -15.000016213.2578   30.1560
    7.5000    7.5000  -15.000015297.7881   30.1548
   -7.5000   15.0000  -15.000014628.1748   30.1273
    0.0000   15.0000  -15.000015278.7041   30.1045
    7.5000   15.0000  -15.000014341.9131   30.1164
   -7.5000   22.5000  -15.000013562.8066   30.0761
    0.0000   22.5000  -15.000014197.3564   30.0535
    7.5000   22.5000  -15.000013304.5146   30.0614
   -7.5000   30.0000  -15.000012302.5352   29.7097
    0.0000   30.0000  -15.000012853.5605   29.6803
    7.5000   30.0000  -15.000012046.2920   29.6736
   -7.5000   37.5000  -15.000011497.7188   29.7956
    0.0000   37.5000  -15.000011988.4053   29.7598
    7.5000   37.5000  -15.000011220.8916   29.7418
   -7.5000   45.0000  -15.000010210.5469   29.2407
    0.0000   45.0000  -15.000010642.1162   29.2061
    7.5000   45.0000  -15.0000 9979.3613   29.1897
   -7.5000  -45.0000   -7.500012197.9102   30.5698
    0.0000  -45.0000   -7.500012727.4443   30.5340
    7.5000  -45.0000   -7.500012017.6289   30.5249
   -7.5000  -37.5000   -7.500012955.1934   30.5135
    0.0000  -37.5000   -7.500013585.0859   30.4827
    7.5000  -37.5000   -7.500012737.0664   30.4914
   -7.5000  -30.0000   -7.500014078.9102   30.4442
    0.0000  -30.0000   -7.500014757.8164   30.4156
    7.5000  -30.0000   -7.500013876.6162   30.4352
   -7.5000  -22.5000   -7.500014990.3555   30.3937
    0.0000  -22.5000   -7.500015679.9893   30.3626
    7.5000  -22.5000   -7.500014850.8574   30.3732
   -7.5000  -15.0000   -7.500015772.2188   30.4045
    0.0000  -15.0000   -7.500016356.9307   30.3683
    7.5000  -15.0000   -7.500015668.1289   30.3619
   -7.5000   -7.5000   -7.500016471.8984   30.4747
    0.0000   -7.5000   -7.500017024.9609   30.4358
    7.5000   -7.5000   -7.500016330.1494   30.4206
   -7.5000    0.0000   -7.500017110.9316   30.5324
    0.0000    0.0000   -7.500017634.7598   30.4961
    7.5000    0.0000   -7.500016791.5371   30.4870
   -7.5000    7.5000   -7.500016383.7891   30.5126
    0.0000    7.5000   -7.500016938.0156   30.4817
    7.5000    7.5000   -7.500015985.5303   30.4904
   -7.5000   15.0000   -7.500015412.1416   30.4442
    0.0000   15.0000   -7.500015987.9502   30.4156
    7.5000   15.0000   -7.500014980.4062   30.4352
   -7.5000   22.5000   -7.500014278.6387   30.3797
    0.0000   22.5000   -7.500014865.8125   30.3485
    7.5000   22.5000   -7.500013875.9961   30.3592
   -7.5000   30.0000   -7.500012954.9707   30.0106
    0.0000   30.0000   -7.500013519.8691   29.9749
    7.5000   30.0000   -7.500012593.5889   29.9687
   -7.5000   37.5000   -7.500012065.1387   30.1060
    0.0000   37.5000   -7.500012587.9492   30.0682
    7.5000   37.5000   -7.500011719.5693   30.0535
   -7.5000   45.0000   -7.500010681.2617   29.5622
    0.0000   45.0000   -7.500011122.0283   29.5289
    7.5000   45.0000   -7.500010414.6406   29.5204
   -7.5000  -45.0000    0.000012433.6191   30.6225
    0.0000  -45.0000    0.000013012.6943   30.5895
    7.5000  -45.0000    0.000012324.8301   30.5748
   -7.5000  -37.5000    0.000013235.5898   30.5663
    0.0000  -37.5000    0.000013924.8330   30.5372
    7.5000  -37.5000    0.000013105.6582   30.5379
   -7.5000  -30.0000    0.000014617.8398   30.5127
    0.0000  -30.0000    0.000015422.3486   30.4800
    7.5000  -30.0000    0.000014404.6826   30.4796
   -7.5000  -22.5000    0.000015792.3945   30.4826
    0.0000  -22.5000    0.000016529.1816   30.4426
    7.5000  -22.5000    0.000015538.9502   30.4229
   -7.5000  -15.0000    0.000016570.6641   30.4987
    0.0000  -15.0000    0.000017086.5273   30.4552
    7.5000  -15.0000    0.000016250.7031   30.4192
   -7.5000   -7.5000    0.000017279.8613   30.5508
    0.0000   -7.5000    0.000017775.6348   30.5100
    7.5000   -7.5000    0.000016833.2246   30.4779
   -7.5000    0.0000    0.000017898.1992   30.5873
    0.0000    0.0000    0.000018434.5977   30.5539
    7.5000    0.0000    0.000017330.4512   30.5391
   -7.5000    7.5000    0.000017052.8652   30.5655
    0.0000    7.5000    0.000017597.4219   30.5364
    7.5000    7.5000    0.000016481.2891   30.5371
   -7.5000   15.0000    0.000015938.6484   30.5127
    0.0000   15.0000    0.000016483.4824   30.4800
    7.5000   15.0000    0.000015422.8145   30.4796
   -7.5000   22.5000    0.000014738.0410   30.4686
    0.0000   22.5000    0.000015265.5986   30.4285
    7.5000   22.5000    0.000014265.3555   30.4089
   -7.5000   30.0000    0.000013374.2246   30.1043
    0.0000   30.0000    0.000013885.1826   30.0614
    7.5000   30.0000    0.000012970.4844   30.0259
   -7.5000   37.5000    0.000012401.5059   30.1812
    0.0000   37.5000    0.000012896.1084   30.1415
    7.5000   37.5000    0.000012075.4844   30.1102
   -7.5000   45.0000    0.000010955.6602   29.6180
    0.0000   45.0000    0.000011395.5537   29.5875
    7.5000   45.0000    0.000010701.8037   29.5740
   -7.5000  -45.0000    7.500011759.0840   30.6778
    0.0000  -45.0000    7.500012313.3828   30.6459
    7.5000  -45.0000    7.500011661.0020   30.6169
   -7.5000  -37.5000    7.500012548.4355   30.6204
    0.0000  -37.5000    7.500013219.6670   30.5919
    7.5000  -37.5000    7.500012395.8125   30.5731
   -7.5000  -30.0000    7.500013926.6621   30.5953
    0.0000  -30.0000    7.500014663.4004   30.5631
    7.5000  -30.0000    7.500013631.0771   30.5326
   -7.5000  -22.5000    7.500014955.4775   30.5987
    0.0000  -22.5000    7.500015567.6904   30.5587
    7.5000  -22.5000    7.500014602.5234   30.5037
   -7.5000  -15.0000    7.500015653.7285   30.6219
    0.0000  -15.0000    7.500016144.6582   30.5785
    7.5000  -15.0000    7.500015220.4688   30.5110
   -7.5000   -7.5000    7.500016429.2617   30.6426
    0.0000   -7.5000    7.500016997.2578   30.6029
    7.5000   -7.5000    7.500015932.9561   30.5498
   -7.5000    0.0000    7.500017025.1660   30.6437
    0.0000    0.0000    7.500017645.8281   30.6113
    7.5000    0.0000    7.500016518.1797   30.5824
   -7.5000    7.5000    7.500016161.7383   30.6198
    0.0000    7.5000    7.500016763.3105   30.5912
    7.5000    7.5000    7.500015682.6328   30.5725
   -7.5000   15.0000    7.500015072.6914   30.5953
    0.0000   15.0000    7.500015651.6406   30.5631
    7.5000   15.0000    7.500014650.3955   30.5326
   -7.5000   22.5000    7.500013924.6396   30.5846
    0.0000   22.5000    7.500014461.1045   30.5447
    7.5000   22.5000    7.500013528.5762   30.4896
   -7.5000   30.0000    7.500012625.9199   30.2259
    0.0000   30.0000    7.500013133.7129   30.1830
    7.5000   30.0000    7.500012315.1094   30.1164
   -7.5000   37.5000    7.500011704.0713   30.2708
    0.0000   37.5000    7.500012154.6289   30.2321
    7.5000   37.5000    7.500011470.1611   30.1800
   -7.5000   45.0000    7.500010344.9980   29.6721
    0.0000   45.0000    7.500010733.6504   29.6425
    7.5000   45.0000    7.500010180.0684   29.6152
   -7.5000  -45.0000   15.000011046.8252   30.7928
    0.0000  -45.0000   15.000011543.3174   30.7588
    7.5000  -45.0000   15.000010910.4629   30.7221
   -7.5000  -37.5000   15.000011781.1396   30.7342
    0.0000  -37.5000   15.000012349.5498   30.7036
    7.5000  -37.5000   15.000011599.3652   30.6732
   -7.5000  -30.0000   15.000012934.5322   30.7227
    0.0000  -30.0000   15.000013529.6279   30.6930
    7.5000  -30.0000   15.000012693.7822   30.6509
   -7.5000  -22.5000   15.000013807.2451   30.7406
    0.0000  -22.5000   15.000014295.8301   30.7064
    7.5000  -22.5000   15.000013507.4385   30.6442
   -7.5000  -15.0000   15.000014438.6768   30.7658
    0.0000  -15.0000   15.000014869.0986   30.7270
    7.5000  -15.0000   15.000014105.2461   30.6563
   -7.5000   -7.5000   15.000015153.0459   30.7720
    0.0000   -7.5000   15.000015719.0674   30.7336
    7.5000   -7.5000   15.000014848.7920   30.6768
   -7.5000    0.0000   15.000015748.7480   30.7576
    0.0000    0.0000   15.000016347.9902   30.7231
    7.5000    0.0000   15.000015437.1582   30.6865
   -7.5000    7.5000   15.000015010.7012   30.7336
    0.0000    7.5000   15.000015553.4619   30.7030
    7.5000    7.5000   15.000014670.7393   30.6726
   -7.5000   15.0000   15.000014054.6973   30.7227
    0.0000   15.0000   15.000014580.2422   30.6930
    7.5000   15.0000   15.000013714.6045   30.6509
   -7.5000   22.5000   15.000012962.7725   30.7264
    0.0000   22.5000   15.000013459.6172   30.6922
    7.5000   22.5000   15.000012637.0635   30.6301
   -7.5000   30.0000   15.000011794.2803   30.3679
    0.0000   30.0000   15.000012259.0430   30.3296
    7.5000   30.0000   15.000011506.1455   30.2598
   -7.5000   37.5000   15.000010940.4326   30.3983
    0.0000   37.5000   15.000011333.6406   30.3610
    7.5000   37.5000   15.000010710.7188   30.3051
   -7.5000   45.0000   15.0000 9665.4414   29.7818
    0.0000   45.0000   15.000010010.8545   29.7498
    7.5000   45.0000   15.0000 9485.7227   29.7148
   -7.5000  -45.0000   22.500010240.6631   31.1808
    0.0000  -45.0000   22.500010680.9258   31.1420
    7.5000  -45.0000   22.500010113.2695   31.1122
   -7.5000  -37.5000   22.500010883.4893   31.1197
    0.0000  -37.5000   22.500011387.0293   31.0870
    7.5000  -37.5000   22.500010760.8477   31.0669
   -7.5000  -30.0000   22.500011871.0352   31.0890
    0.0000  -30.0000   22.500012410.4580   31.0625
    7.5000  -30.0000   22.500011739.1992   31.0436
   -7.5000  -22.5000   22.500012652.4727   31.0837
    0.0000  -22.5000   22.500013127.6377   31.0556
    7.5000  -22.5000   22.500012476.0361   31.0267
   -7.5000  -15.0000   22.500013264.0508   31.1033
    0.0000  -15.0000   22.500013740.4248   31.0685
    7.5000  -15.0000   22.500013084.6973   31.0288
   -7.5000   -7.5000   22.500013961.7744   31.1319
    0.0000   -7.5000   22.500014522.5625   31.0920
    7.5000   -7.5000   22.500013789.4775   31.0526
   -7.5000    0.0000   22.500014525.7451   31.1420
    0.0000    0.0000   22.500015087.3369   31.1028
    7.5000    0.0000   22.500014324.0703   31.0730
   -7.5000    7.5000   22.500013845.6348   31.1189
    0.0000    7.5000   22.500014378.4219   31.0861
    7.5000    7.5000   22.500013624.9570   31.0661
   -7.5000   15.0000   22.500012980.8936   31.0890
    0.0000   15.0000   22.500013493.5596   31.0625
    7.5000   15.0000   22.500012742.7119   31.0436
   -7.5000   22.5000   22.500011969.4346   31.0694
    0.0000   22.5000   22.500012438.4678   31.0413
    7.5000   22.5000   22.500011722.2314   31.0124
   -7.5000   30.0000   22.500010893.1777   30.7011
    0.0000   30.0000   22.500011324.6377   30.6668
    7.5000   30.0000   22.500010669.3193   30.6276
   -7.5000   37.5000   22.500010133.5049   30.7551
    0.0000   37.5000   22.500010508.9404   30.7163
    7.5000   37.5000   22.5000 9945.7617   30.6777
   -7.5000   45.0000   22.5000 8974.5059   30.1555
    0.0000   45.0000   22.5000 9295.1211   30.1189
    7.5000   45.0000   22.5000 8822.9473   30.0901
   -7.5000  -45.0000   30.0000 9454.4619   32.1446
    0.0000  -45.0000   30.0000 9859.5508   32.1015
    7.5000  -45.0000   30.0000 9383.8477   32.0836
   -7.5000  -37.5000   30.000010046.4512   32.0813
    0.0000  -37.5000   30.000010518.6660   32.0455
    7.5000  -37.5000   30.0000 9990.5039   32.0449
   -7.5000  -30.0000   30.000010977.4326   32.0177
    0.0000  -30.0000   30.000011482.1807   31.9899
    7.5000  -30.0000   30.000010900.1924   32.0043
   -7.5000  -22.5000   30.000011710.0332   31.9740
    0.0000  -22.5000   30.000012191.3408   31.9463
    7.5000  -22.5000   30.000011592.3203   31.9568
   -7.5000  -15.0000   30.000012297.4229   31.9871
    0.0000  -15.0000   30.000012782.8193   31.9513
    7.5000  -15.0000   30.000012188.5352   31.9451
   -7.5000   -7.5000   30.000012950.1621   32.0525
    0.0000   -7.5000   30.000013499.5039   32.0091
    7.5000   -7.5000   30.000012849.8828   31.9894
   -7.5000    0.0000   30.000013486.2852   32.1020
    0.0000    0.0000   30.000014043.3447   32.0583
    7.5000    0.0000   30.000013349.7578   32.0405
   -7.5000    7.5000   30.000012905.7500   32.0802
    0.0000    7.5000   30.000013424.9277   32.0444
    7.5000    7.5000   30.000012742.4912   32.0438
   -7.5000   15.0000   30.000012068.5361   32.0177
    0.0000   15.0000   30.000012587.8789   31.9899
    7.5000   15.0000   30.000011923.0430   32.0043
   -7.5000   22.5000   30.000011107.7637   31.9593
    0.0000   22.5000   30.000011563.9775   31.9316
    7.5000   22.5000   30.000010945.0352   31.9421
   -7.5000   30.0000   30.000010110.1240   31.5735
    0.0000   30.0000   30.000010520.7285   31.5382
    7.5000   30.0000   30.0000 9970.4297   31.5322
   -7.5000   37.5000   30.0000 9438.9229   31.6666
    0.0000   37.5000   30.0000 9798.0791   31.6244
    7.5000   37.5000   30.0000 9308.1270   31.6053
   -7.5000   45.0000   30.0000 8407.0908   31.0898
    0.0000   45.0000   30.0000 8721.6572   31.0493
    7.5000   45.0000   30.0000 8294.3301   31.0318
   -7.5000  -45.0000   37.5000 9000.4238   33.2721
    0.0000  -45.0000   37.5000 9407.8076   33.2277
    7.5000  -45.0000   37.5000 8969.2725   33.2145
   -7.5000  -37.5000   37.5000 9591.9395   33.2008
    0.0000  -37.5000   37.500010059.8047   33.1643
    7.5000  -37.5000   37.5000 9558.8262   33.1743
   -7.5000  -30.0000   37.500010492.4404   33.1221
    0.0000  -30.0000   37.500010982.6895   33.0881
    7.5000  -30.0000   37.500010426.2383   33.1116
   -7.5000  -22.5000   37.500011216.9805   33.0709
    0.0000  -22.5000   37.500011699.2217   33.0323
    7.5000  -22.5000   37.500011130.5488   33.0435
   -7.5000  -15.0000   37.500011797.8584   33.0900
    0.0000  -15.0000   37.500012295.3721   33.0437
    7.5000  -15.0000   37.500011719.1191   33.0325
   -7.5000   -7.5000   37.500012407.6973   33.1693
    0.0000   -7.5000   37.500012944.4990   33.1194
    7.5000   -7.5000   37.500012348.8389   33.0972
   -7.5000    0.0000   37.500012946.6582   33.2280
    0.0000    0.0000   37.500013487.9092   33.1829
    7.5000    0.0000   37.500012861.6699   33.1698
   -7.5000    7.5000   37.500012414.2627   33.1997
    0.0000    7.5000   37.500012932.4844   33.1631
    7.5000    7.5000   37.500012312.0684   33.1731
   -7.5000   15.0000   37.500011616.1465   33.1221
    0.0000   15.0000   37.500012107.1650   33.0881
    7.5000   15.0000   37.500011515.2412   33.1116
   -7.5000   22.5000   37.500010679.9355   33.0557
    0.0000   22.5000   37.500011112.0859   33.0171
    7.5000   22.5000   37.500010561.1611   33.0283
   -7.5000   30.0000   37.5000 9712.8809   32.6619
    0.0000   30.0000   37.500010096.2773   32.6162
    7.5000   30.0000   37.5000 9597.5361   32.6051
   -7.5000   37.5000   37.5000 9115.6211   32.7603
    0.0000   37.5000   37.5000 9466.3096   32.7115
    7.5000   37.5000   37.5000 9009.0449   32.6899
   -7.5000   45.0000   37.5000 8148.5303   32.1579
    0.0000   45.0000   37.5000 8458.5947   32.1160
    7.5000   45.0000   37.5000 8055.3110   32.1034
   -7.5000  -45.0000   45.0000 8242.0059   34.4909
    0.0000  -45.0000   45.0000 8596.1602   34.4376
    7.5000  -45.0000   45.0000 8201.3486   34.4112
   -7.5000  -37.5000   45.0000 8790.1279   34.4111
    0.0000  -37.5000   45.0000 9200.5762   34.3656
    7.5000  -37.5000   45.0000 8749.8516   34.3582
   -7.5000  -30.0000   45.0000 9611.0186   34.3445
    0.0000  -30.0000   45.000010026.0273   34.2957
    7.5000  -30.0000   45.0000 9537.7607   34.2859
   -7.5000  -22.5000   45.000010304.1846   34.3180
    0.0000  -22.5000   45.000010735.6260   34.2587
    7.5000  -22.5000   45.000010210.9824   34.2244
   -7.5000  -15.0000   45.000010858.3027   34.3489
    0.0000  -15.0000   45.000011305.2246   34.2827
    7.5000  -15.0000   45.000010779.0938   34.2282
   -7.5000   -7.5000   45.000011427.2734   34.4115
    0.0000   -7.5000   45.000011926.1729   34.3470
    7.5000   -7.5000   45.000011375.5225   34.2981
   -7.5000    0.0000   45.000011912.2441   34.4460
    0.0000    0.0000   45.000012440.7070   34.3921
    7.5000    0.0000   45.000011850.5146   34.3658
   -7.5000    7.5000   45.000011423.0166   34.4100
    0.0000    7.5000   45.000011927.5703   34.3645
    7.5000    7.5000   45.000011340.1113   34.3571
   -7.5000   15.0000   45.000010707.0400   34.3445
    0.0000   15.0000   45.000011163.9990   34.2957
    7.5000   15.0000   45.000010614.4229   34.2859
   -7.5000   22.5000   45.0000 9845.6055   34.3021
    0.0000   22.5000   45.000010230.8389   34.2428
    7.5000   22.5000   45.0000 9743.3203   34.2085
   -7.5000   30.0000   45.0000 8991.8428   33.9015
    0.0000   30.0000   45.0000 9305.6670   33.8361
    7.5000   30.0000   45.0000 8876.4941   33.7822
   -7.5000   37.5000   45.0000 8450.4277   33.9740
    0.0000   37.5000   45.0000 8749.7109   33.9107
    7.5000   37.5000   45.0000 8350.0293   33.8626
   -7.5000   45.0000   45.0000 7560.4277   33.3188
    0.0000   45.0000   45.0000 7826.0400   33.2680
    7.5000   45.0000   45.0000 7473.0889   33.2431

---------------------------------------------------------------------
imgreg_4dfp /usr/local/freesurfer/average/711-2C_as_mni_average_305 /usr/local/freesurfer/average/711-2B_as_mni_average_305_mask talsrcimg_g11 none talsrcimg_to_711-2C_as_mni_average_305_t4 4355
---------------------------------------------------------------------

freesurfer imgreg_4dfp.c
/usr/local/freesurfer/average/711-2C_as_mni_average_305.4dfp.img
       256       256       256         1
  1.000000  1.000000  1.000000
orientation T byte_order littleendian
Reading image: /usr/local/freesurfer/average/711-2C_as_mni_average_305.4dfp.img
dimensions:      256       256       256
mmppix:       1.0000   -1.0000   -1.0000
center:     128.0000 -129.0000 -129.0000
/usr/local/freesurfer/average/711-2B_as_mni_average_305_mask.4dfp.img
       256       256       256         1
  1.000000  1.000000  1.000000
orientation T byte_order littleendian
Reading mask: /usr/local/freesurfer/average/711-2B_as_mni_average_305_mask.4dfp.img (2306576 pixels)
talsrcimg_g11.4dfp.img
       256       256       256         1
  1.000000  1.000000  1.000000
orientation T byte_order littleendian
Reading image: talsrcimg_g11.4dfp.img
dimensions:      256       256       256
mmppix:       1.0000   -1.0000   -1.0000
center:     128.0000 -129.0000 -129.0000
rotation matrix determinant  1.000000
image alignment mode   4355 decimal     1103 hex
   -7.5000  -45.0000  -45.0000 2424.7622   26.7178
    0.0000  -45.0000  -45.0000 2428.0032   26.7167
    7.5000  -45.0000  -45.0000 2407.2097   26.9002
   -7.5000  -37.5000  -45.0000 2485.4929   24.9690
    0.0000  -37.5000  -45.0000 2491.6304   25.0020
    7.5000  -37.5000  -45.0000 2461.7324   25.2047
   -7.5000  -30.0000  -45.0000 2513.9031   23.8408
    0.0000  -30.0000  -45.0000 2518.8459   23.8960
    7.5000  -30.0000  -45.0000 2491.9250   24.0855
   -7.5000  -22.5000  -45.0000 2536.1648   23.3805
    0.0000  -22.5000  -45.0000 2542.0278   23.4176
    7.5000  -22.5000  -45.0000 2514.5369   23.6112
   -7.5000  -15.0000  -45.0000 2536.5437   23.4356
    0.0000  -15.0000  -45.0000 2550.6570   23.4786
    7.5000  -15.0000  -45.0000 2516.5046   23.6495
   -7.5000   -7.5000  -45.0000 2520.2815   23.9889
    0.0000   -7.5000  -45.0000 2532.4473   24.0208
    7.5000   -7.5000  -45.0000 2501.4639   24.2228
   -7.5000    0.0000  -45.0000 2478.1917   24.9368
    0.0000    0.0000  -45.0000 2490.4543   24.9663
    7.5000    0.0000  -45.0000 2461.0959   25.1224
   -7.5000    7.5000  -45.0000 2416.2651   26.1984
    0.0000    7.5000  -45.0000 2431.4072   26.2028
    7.5000    7.5000  -45.0000 2402.7061   26.3795
   -7.5000   15.0000  -45.0000 2329.2947   27.7782
    0.0000   15.0000  -45.0000 2345.7837   27.7787
    7.5000   15.0000  -45.0000 2323.1592   27.9592
   -7.5000   22.5000  -45.0000 2219.5171   29.8902
    0.0000   22.5000  -45.0000 2231.2947   29.8459
    7.5000   22.5000  -45.0000 2213.3694   30.1357
   -7.5000   30.0000  -45.0000 2096.6179   32.7801
    0.0000   30.0000  -45.0000 2104.1702   32.6706
    7.5000   30.0000  -45.0000 2089.4004   33.0189
   -7.5000   37.5000  -45.0000 1980.8961   36.5440
    0.0000   37.5000  -45.0000 1996.7554   36.4093
    7.5000   37.5000  -45.0000 1974.3569   36.8695
   -7.5000   45.0000  -45.0000 1854.0674   41.5842
    0.0000   45.0000  -45.0000 1860.8458   41.2819
    7.5000   45.0000  -45.0000 1846.5736   41.9638
   -7.5000  -45.0000  -37.5000 2499.8623   25.5506
    0.0000  -45.0000  -37.5000 2505.7769   25.5395
    7.5000  -45.0000  -37.5000 2475.8333   25.5973
   -7.5000  -37.5000  -37.5000 2558.4006   23.7329
    0.0000  -37.5000  -37.5000 2567.3748   23.7376
    7.5000  -37.5000  -37.5000 2537.7451   23.8723
   -7.5000  -30.0000  -37.5000 2594.9946   22.5622
    0.0000  -30.0000  -37.5000 2603.7415   22.5895
    7.5000  -30.0000  -37.5000 2574.0667   22.6991
   -7.5000  -22.5000  -37.5000 2615.9941   22.1134
    0.0000  -22.5000  -37.5000 2622.9890   22.1063
    7.5000  -22.5000  -37.5000 2600.6184   22.2337
   -7.5000  -15.0000  -37.5000 2618.9900   22.1552
    0.0000  -15.0000  -37.5000 2633.6367   22.1753
    7.5000  -15.0000  -37.5000 2604.7559   22.2712
   -7.5000   -7.5000  -37.5000 2606.6392   22.6307
    0.0000   -7.5000  -37.5000 2618.2334   22.6505
    7.5000   -7.5000  -37.5000 2585.7617   22.7637
   -7.5000    0.0000  -37.5000 2564.7007   23.4718
    0.0000    0.0000  -37.5000 2581.3574   23.4822
    7.5000    0.0000  -37.5000 2548.4404   23.5792
   -7.5000    7.5000  -37.5000 2501.7117   24.6060
    0.0000    7.5000  -37.5000 2520.0591   24.6473
    7.5000    7.5000  -37.5000 2491.0251   24.7740
   -7.5000   15.0000  -37.5000 2415.2717   26.0369
    0.0000   15.0000  -37.5000 2435.3718   26.0441
    7.5000   15.0000  -37.5000 2410.0337   26.1709
   -7.5000   22.5000  -37.5000 2304.6589   27.9829
    0.0000   22.5000  -37.5000 2320.6311   27.9381
    7.5000   22.5000  -37.5000 2295.6484   28.1979
   -7.5000   30.0000  -37.5000 2172.7732   30.6751
    0.0000   30.0000  -37.5000 2176.4521   30.5509
    7.5000   30.0000  -37.5000 2163.7456   30.8408
   -7.5000   37.5000  -37.5000 2053.2512   34.2387
    0.0000   37.5000  -37.5000 2064.5894   34.0143
    7.5000   37.5000  -37.5000 2045.2632   34.4107
   -7.5000   45.0000  -37.5000 1922.8551   38.9541
    0.0000   45.0000  -37.5000 1932.4103   38.6481
    7.5000   45.0000  -37.5000 1914.1132   39.2344
   -7.5000  -45.0000  -30.0000 2600.7683   25.3963
    0.0000  -45.0000  -30.0000 2609.5149   25.2969
    7.5000  -45.0000  -30.0000 2579.5708   25.3467
   -7.5000  -37.5000  -30.0000 2667.1699   23.5314
    0.0000  -37.5000  -30.0000 2680.4797   23.4500
    7.5000  -37.5000  -30.0000 2651.2751   23.5383
   -7.5000  -30.0000  -30.0000 2709.6079   22.1334
    0.0000  -30.0000  -30.0000 2720.4895   22.0918
    7.5000  -30.0000  -30.0000 2693.8850   22.1942
   -7.5000  -22.5000  -30.0000 2735.8867   21.5432
    0.0000  -22.5000  -30.0000 2745.2629   21.5190
    7.5000  -22.5000  -30.0000 2722.6189   21.6270
   -7.5000  -15.0000  -30.0000 2749.6304   21.5900
    0.0000  -15.0000  -30.0000 2764.4146   21.5734
    7.5000  -15.0000  -30.0000 2732.5725   21.6270
   -7.5000   -7.5000  -30.0000 2737.0037   21.9880
    0.0000   -7.5000  -30.0000 2749.5439   22.0107
    7.5000   -7.5000  -30.0000 2717.2148   22.0759
   -7.5000    0.0000  -30.0000 2695.6062   22.8114
    0.0000    0.0000  -30.0000 2714.9180   22.8053
    7.5000    0.0000  -30.0000 2679.6611   22.9076
   -7.5000    7.5000  -30.0000 2629.4590   23.8439
    0.0000    7.5000  -30.0000 2654.5066   23.8808
    7.5000    7.5000  -30.0000 2620.0176   24.0040
   -7.5000   15.0000  -30.0000 2542.5012   25.2908
    0.0000   15.0000  -30.0000 2561.5261   25.2699
    7.5000   15.0000  -30.0000 2533.7842   25.4270
   -7.5000   22.5000  -30.0000 2431.7815   27.2078
    0.0000   22.5000  -30.0000 2449.1919   27.1240
    7.5000   22.5000  -30.0000 2425.0698   27.3336
   -7.5000   30.0000  -30.0000 2291.9243   29.8595
    0.0000   30.0000  -30.0000 2299.0991   29.7185
    7.5000   30.0000  -30.0000 2282.5015   29.9212
   -7.5000   37.5000  -30.0000 2161.4377   33.3750
    0.0000   37.5000  -30.0000 2173.0627   33.1490
    7.5000   37.5000  -30.0000 2151.7314   33.4869
   -7.5000   45.0000  -30.0000 2018.0240   37.9840
    0.0000   45.0000  -30.0000 2029.4496   37.6896
    7.5000   45.0000  -30.0000 2008.5282   38.1395
   -7.5000  -45.0000  -22.5000 2658.0447   24.9891
    0.0000  -45.0000  -22.5000 2669.9143   24.9241
    7.5000  -45.0000  -22.5000 2647.2500   25.0470
   -7.5000  -37.5000  -22.5000 2735.5081   23.1341
    0.0000  -37.5000  -22.5000 2750.0234   23.0243
    7.5000  -37.5000  -22.5000 2723.4172   23.1853
   -7.5000  -30.0000  -22.5000 2783.1223   21.6384
    0.0000  -30.0000  -22.5000 2802.4512   21.5652
    7.5000  -30.0000  -22.5000 2772.4204   21.8064
   -7.5000  -22.5000  -22.5000 2813.5647   20.8103
    0.0000  -22.5000  -22.5000 2829.5979   20.7887
    7.5000  -22.5000  -22.5000 2801.1489   21.0069
   -7.5000  -15.0000  -22.5000 2840.1846   20.7914
    0.0000  -15.0000  -22.5000 2854.0535   20.7596
    7.5000  -15.0000  -22.5000 2820.0552   20.9026
   -7.5000   -7.5000  -22.5000 2829.2625   21.1901
    0.0000   -7.5000  -22.5000 2845.8542   21.1583
    7.5000   -7.5000  -22.5000 2816.2012   21.3316
   -7.5000    0.0000  -22.5000 2786.8894   21.9859
    0.0000    0.0000  -22.5000 2808.7078   21.9360
    7.5000    0.0000  -22.5000 2774.9387   22.1343
   -7.5000    7.5000  -22.5000 2722.0977   23.0092
    0.0000    7.5000  -22.5000 2744.2212   22.9542
    7.5000    7.5000  -22.5000 2712.5789   23.1504
   -7.5000   15.0000  -22.5000 2632.1104   24.4043
    0.0000   15.0000  -22.5000 2653.0818   24.2916
    7.5000   15.0000  -22.5000 2618.8015   24.5907
   -7.5000   22.5000  -22.5000 2526.4402   26.3322
    0.0000   22.5000  -22.5000 2544.4731   26.2241
    7.5000   22.5000  -22.5000 2515.3486   26.4836
   -7.5000   30.0000  -22.5000 2378.7966   28.9470
    0.0000   30.0000  -22.5000 2387.8357   28.8520
    7.5000   30.0000  -22.5000 2370.8979   29.1248
   -7.5000   37.5000  -22.5000 2241.3186   32.4044
    0.0000   37.5000  -22.5000 2248.7422   32.2456
    7.5000   37.5000  -22.5000 2231.2424   32.5775
   -7.5000   45.0000  -22.5000 2082.6497   36.7928
    0.0000   45.0000  -22.5000 2091.4500   36.5246
    7.5000   45.0000  -22.5000 2072.0774   37.0000
   -7.5000  -45.0000  -15.0000 2674.3784   24.7554
    0.0000  -45.0000  -15.0000 2688.9402   24.6348
    7.5000  -45.0000  -15.0000 2669.5430   24.8992
   -7.5000  -37.5000  -15.0000 2758.0537   22.8770
    0.0000  -37.5000  -15.0000 2776.3037   22.7619
    7.5000  -37.5000  -15.0000 2757.2466   23.0480
   -7.5000  -30.0000  -15.0000 2818.6270   21.4520
    0.0000  -30.0000  -15.0000 2843.7478   21.3364
    7.5000  -30.0000  -15.0000 2816.5989   21.6806
   -7.5000  -22.5000  -15.0000 2846.3535   20.3410
    0.0000  -22.5000  -15.0000 2866.9097   20.2606
    7.5000  -22.5000  -15.0000 2841.9292   20.7162
   -7.5000  -15.0000  -15.0000 2868.1057   20.1387
    0.0000  -15.0000  -15.0000 2883.3652   20.0435
    7.5000  -15.0000  -15.0000 2857.3435   20.4804
   -7.5000   -7.5000  -15.0000 2862.1157   20.5234
    0.0000   -7.5000  -15.0000 2880.4292   20.4248
    7.5000   -7.5000  -15.0000 2857.0081   20.8276
   -7.5000    0.0000  -15.0000 2830.1082   21.2767
    0.0000    0.0000  -15.0000 2849.2085   21.1436
    7.5000    0.0000  -15.0000 2822.3108   21.5303
   -7.5000    7.5000  -15.0000 2770.8335   22.2371
    0.0000    7.5000  -15.0000 2785.1067   22.0617
    7.5000    7.5000  -15.0000 2761.2356   22.5292
   -7.5000   15.0000  -15.0000 2680.9851   23.6568
    0.0000   15.0000  -15.0000 2702.7295   23.5659
    7.5000   15.0000  -15.0000 2673.0828   23.9821
   -7.5000   22.5000  -15.0000 2570.8918   25.6289
    0.0000   22.5000  -15.0000 2593.5662   25.5951
    7.5000   22.5000  -15.0000 2570.4792   25.9900
   -7.5000   30.0000  -15.0000 2431.6704   28.2273
    0.0000   30.0000  -15.0000 2443.5286   28.2004
    7.5000   30.0000  -15.0000 2427.7869   28.5598
   -7.5000   37.5000  -15.0000 2283.6353   31.5829
    0.0000   37.5000  -15.0000 2291.9185   31.4834
    7.5000   37.5000  -15.0000 2273.0725   31.8456
   -7.5000   45.0000  -15.0000 2115.4336   35.8502
    0.0000   45.0000  -15.0000 2126.8015   35.5484
    7.5000   45.0000  -15.0000 2104.3228   36.0697
   -7.5000  -45.0000   -7.5000 2667.8970   24.7668
    0.0000  -45.0000   -7.5000 2682.8428   24.6136
    7.5000  -45.0000   -7.5000 2667.1943   24.9675
   -7.5000  -37.5000   -7.5000 2754.4968   22.9089
    0.0000  -37.5000   -7.5000 2774.9087   22.7852
    7.5000  -37.5000   -7.5000 2758.6350   23.1652
   -7.5000  -30.0000   -7.5000 2822.8733   21.5278
    0.0000  -30.0000   -7.5000 2852.3474   21.4095
    7.5000  -30.0000   -7.5000 2823.8655   21.7636
   -7.5000  -22.5000   -7.5000 2863.5024   20.4060
    0.0000  -22.5000   -7.5000 2887.7388   20.2339
    7.5000  -22.5000   -7.5000 2862.9700   20.8104
   -7.5000  -15.0000   -7.5000 2871.2788   19.9674
    0.0000  -15.0000   -7.5000 2889.8992   19.7474
    7.5000  -15.0000   -7.5000 2878.0063   20.4515
   -7.5000   -7.5000   -7.5000 2863.2830   20.1686
    0.0000   -7.5000   -7.5000 2879.1987   19.9239
    7.5000   -7.5000   -7.5000 2865.3745   20.5496
   -7.5000    0.0000   -7.5000 2839.7788   20.8435
    0.0000    0.0000   -7.5000 2844.2241   20.5259
    7.5000    0.0000   -7.5000 2827.6609   21.0661
   -7.5000    7.5000   -7.5000 2792.2625   21.8307
    0.0000    7.5000   -7.5000 2804.2998   21.6341
    7.5000    7.5000   -7.5000 2777.0930   22.0423
   -7.5000   15.0000   -7.5000 2707.6631   23.3068
    0.0000   15.0000   -7.5000 2725.7354   23.1975
    7.5000   15.0000   -7.5000 2698.6641   23.5308
   -7.5000   22.5000   -7.5000 2597.0439   25.3234
    0.0000   22.5000   -7.5000 2615.5129   25.2540
    7.5000   22.5000   -7.5000 2596.2148   25.5449
   -7.5000   30.0000   -7.5000 2459.4321   27.9458
    0.0000   30.0000   -7.5000 2478.3997   27.8758
    7.5000   30.0000   -7.5000 2457.1899   28.1160
   -7.5000   37.5000   -7.5000 2313.1372   31.3083
    0.0000   37.5000   -7.5000 2326.5100   31.1564
    7.5000   37.5000   -7.5000 2301.6245   31.4467
   -7.5000   45.0000   -7.5000 2146.7104   35.5019
    0.0000   45.0000   -7.5000 2152.5515   35.2142
    7.5000   45.0000   -7.5000 2134.9429   35.6526
   -7.5000  -45.0000    0.0000 2637.1218   25.0870
    0.0000  -45.0000    0.0000 2656.1663   24.9490
    7.5000  -45.0000    0.0000 2644.2002   25.4076
   -7.5000  -37.5000    0.0000 2726.8455   23.2457
    0.0000  -37.5000    0.0000 2749.4934   23.1113
    7.5000  -37.5000    0.0000 2741.8945   23.5971
   -7.5000  -30.0000    0.0000 2804.8054   21.9866
    0.0000  -30.0000    0.0000 2833.4077   21.8489
    7.5000  -30.0000    0.0000 2818.9905   22.2632
   -7.5000  -22.5000    0.0000 2866.6777   21.0770
    0.0000  -22.5000    0.0000 2893.2664   20.8826
    7.5000  -22.5000    0.0000 2868.4270   21.2805
   -7.5000  -15.0000    0.0000 2879.2441   20.4698
    0.0000  -15.0000    0.0000 2894.2595   20.1441
    7.5000  -15.0000    0.0000 2878.4429   20.6936
   -7.5000   -7.5000    0.0000 2861.9165   20.3642
    0.0000   -7.5000    0.0000 2863.9697   19.9886
    7.5000   -7.5000    0.0000 2854.4734   20.5445
   -7.5000    0.0000    0.0000 2829.9238   20.9159
    0.0000    0.0000    0.0000 2843.2461   20.6515
    7.5000    0.0000    0.0000 2821.7791   21.0588
   -7.5000    7.5000    0.0000 2790.8274   21.9255
    0.0000    7.5000    0.0000 2804.3313   21.7662
    7.5000    7.5000    0.0000 2780.9082   22.0843
   -7.5000   15.0000    0.0000 2713.0303   23.3703
    0.0000   15.0000    0.0000 2727.6394   23.2671
    7.5000   15.0000    0.0000 2704.6951   23.5431
   -7.5000   22.5000    0.0000 2607.6726   25.3499
    0.0000   22.5000    0.0000 2622.0510   25.2598
    7.5000   22.5000    0.0000 2600.9885   25.4903
   -7.5000   30.0000    0.0000 2471.6819   27.9973
    0.0000   30.0000    0.0000 2489.2024   27.9294
    7.5000   30.0000    0.0000 2463.3979   28.1325
   -7.5000   37.5000    0.0000 2323.8523   31.2902
    0.0000   37.5000    0.0000 2335.5127   31.2226
    7.5000   37.5000    0.0000 2307.7009   31.4376
   -7.5000   45.0000    0.0000 2151.4792   35.3772
    0.0000   45.0000    0.0000 2160.3076   35.2455
    7.5000   45.0000    0.0000 2136.4231   35.5177
   -7.5000  -45.0000    7.5000 2592.3528   25.8771
    0.0000  -45.0000    7.5000 2612.9602   25.8072
    7.5000  -45.0000    7.5000 2603.4001   26.3315
   -7.5000  -37.5000    7.5000 2693.2625   24.0884
    0.0000  -37.5000    7.5000 2718.5552   24.0218
    7.5000  -37.5000    7.5000 2700.2917   24.4688
   -7.5000  -30.0000    7.5000 2787.3511   22.8929
    0.0000  -30.0000    7.5000 2814.0867   22.7865
    7.5000  -30.0000    7.5000 2784.3755   23.0753
   -7.5000  -22.5000    7.5000 2845.6597   21.8961
    0.0000  -22.5000    7.5000 2873.9609   21.7313
    7.5000  -22.5000    7.5000 2835.2212   22.0040
   -7.5000  -15.0000    7.5000 2859.9668   21.0941
    0.0000  -15.0000    7.5000 2862.7837   20.7145
    7.5000  -15.0000    7.5000 2842.9219   21.2152
   -7.5000   -7.5000    7.5000 2852.4917   20.9821
    0.0000   -7.5000    7.5000 2864.2476   20.7184
    7.5000   -7.5000    7.5000 2839.5571   21.0485
   -7.5000    0.0000    7.5000 2828.3032   21.5668
    0.0000    0.0000    7.5000 2850.7659   21.4357
    7.5000    0.0000    7.5000 2821.8601   21.6821
   -7.5000    7.5000    7.5000 2779.1609   22.5387
    0.0000    7.5000    7.5000 2800.5356   22.4115
    7.5000    7.5000    7.5000 2769.1135   22.6969
   -7.5000   15.0000    7.5000 2693.2576   23.8904
    0.0000   15.0000    7.5000 2715.0603   23.8199
    7.5000   15.0000    7.5000 2685.6965   24.0598
   -7.5000   22.5000    7.5000 2595.0583   25.7277
    0.0000   22.5000    7.5000 2614.9907   25.6535
    7.5000   22.5000    7.5000 2585.0181   25.8399
   -7.5000   30.0000    7.5000 2468.5120   28.2340
    0.0000   30.0000    7.5000 2486.2759   28.1494
    7.5000   30.0000    7.5000 2462.3875   28.3644
   -7.5000   37.5000    7.5000 2314.5725   31.4404
    0.0000   37.5000    7.5000 2324.6726   31.3420
    7.5000   37.5000    7.5000 2307.7812   31.6364
   -7.5000   45.0000    7.5000 2143.3108   35.5035
    0.0000   45.0000    7.5000 2148.0779   35.3298
    7.5000   45.0000    7.5000 2135.3804   35.6603
   -7.5000  -45.0000   15.0000 2539.9084   27.1340
    0.0000  -45.0000   15.0000 2557.0054   27.0740
    7.5000  -45.0000   15.0000 2540.6753   27.5606
   -7.5000  -37.5000   15.0000 2643.9043   25.2711
    0.0000  -37.5000   15.0000 2663.9224   25.1229
    7.5000  -37.5000   15.0000 2640.1663   25.5376
   -7.5000  -30.0000   15.0000 2731.2712   23.8370
    0.0000  -30.0000   15.0000 2755.3962   23.6416
    7.5000  -30.0000   15.0000 2724.6707   24.0252
   -7.5000  -22.5000   15.0000 2787.8750   22.6799
    0.0000  -22.5000   15.0000 2808.7502   22.3866
    7.5000  -22.5000   15.0000 2773.1584   22.7999
   -7.5000  -15.0000   15.0000 2802.7883   21.7523
    0.0000  -15.0000   15.0000 2805.1846   21.3726
    7.5000  -15.0000   15.0000 2786.1394   21.8561
   -7.5000   -7.5000   15.0000 2806.3628   21.7082
    0.0000   -7.5000   15.0000 2822.9094   21.5269
    7.5000   -7.5000   15.0000 2801.8340   21.8198
   -7.5000    0.0000   15.0000 2787.2686   22.3599
    0.0000    0.0000   15.0000 2806.5508   22.1818
    7.5000    0.0000   15.0000 2784.6516   22.4746
   -7.5000    7.5000   15.0000 2740.9368   23.3440
    0.0000    7.5000   15.0000 2758.6934   23.2258
    7.5000    7.5000   15.0000 2735.7244   23.5084
   -7.5000   15.0000   15.0000 2656.4519   24.6913
    0.0000   15.0000   15.0000 2679.4722   24.6340
    7.5000   15.0000   15.0000 2650.8408   24.8541
   -7.5000   22.5000   15.0000 2563.4172   26.4511
    0.0000   22.5000   15.0000 2586.2563   26.4190
    7.5000   22.5000   15.0000 2554.4453   26.6183
   -7.5000   30.0000   15.0000 2453.4192   28.7981
    0.0000   30.0000   15.0000 2472.8691   28.7365
    7.5000   30.0000   15.0000 2442.8801   28.9424
   -7.5000   37.5000   15.0000 2300.9485   31.8878
    0.0000   37.5000   15.0000 2308.7632   31.7995
    7.5000   37.5000   15.0000 2296.2185   32.0840
   -7.5000   45.0000   15.0000 2124.2043   35.8069
    0.0000   45.0000   15.0000 2132.8765   35.6020
    7.5000   45.0000   15.0000 2120.9441   35.9693
   -7.5000  -45.0000   22.5000 2474.3638   28.7362
    0.0000  -45.0000   22.5000 2491.8525   28.6200
    7.5000  -45.0000   22.5000 2474.6284   29.0912
   -7.5000  -37.5000   22.5000 2573.6831   26.5989
    0.0000  -37.5000   22.5000 2596.9673   26.4450
    7.5000  -37.5000   22.5000 2573.0439   26.9093
   -7.5000  -30.0000   22.5000 2649.8149   24.9664
    0.0000  -30.0000   22.5000 2673.9692   24.6898
    7.5000  -30.0000   22.5000 2652.5330   25.1590
   -7.5000  -22.5000   22.5000 2708.9763   23.6178
    0.0000  -22.5000   22.5000 2728.3469   23.3205
    7.5000  -22.5000   22.5000 2706.2021   23.8082
   -7.5000  -15.0000   22.5000 2733.5764   22.7251
    0.0000  -15.0000   22.5000 2740.8435   22.4838
    7.5000  -15.0000   22.5000 2729.8887   22.8905
   -7.5000   -7.5000   22.5000 2740.7102   22.8018
    0.0000   -7.5000   22.5000 2758.3130   22.6658
    7.5000   -7.5000   22.5000 2744.4268   22.9299
   -7.5000    0.0000   22.5000 2718.1309   23.4783
    0.0000    0.0000   22.5000 2730.9275   23.3198
    7.5000    0.0000   22.5000 2721.5466   23.5957
   -7.5000    7.5000   22.5000 2673.6045   24.4002
    0.0000    7.5000   22.5000 2689.9917   24.2950
    7.5000    7.5000   22.5000 2675.0999   24.5693
   -7.5000   15.0000   22.5000 2609.9172   25.6713
    0.0000   15.0000   22.5000 2632.3159   25.6173
    7.5000   15.0000   22.5000 2606.4875   25.8323
   -7.5000   22.5000   22.5000 2524.5632   27.3668
    0.0000   22.5000   22.5000 2545.6272   27.3153
    7.5000   22.5000   22.5000 2518.0327   27.5115
   -7.5000   30.0000   22.5000 2411.6990   29.5765
    0.0000   30.0000   22.5000 2428.5273   29.5432
    7.5000   30.0000   22.5000 2403.6604   29.7927
   -7.5000   37.5000   22.5000 2271.1826   32.5668
    0.0000   37.5000   22.5000 2280.0598   32.4946
    7.5000   37.5000   22.5000 2265.2812   32.8087
   -7.5000   45.0000   22.5000 2108.1501   36.5294
    0.0000   45.0000   22.5000 2116.8604   36.2915
    7.5000   45.0000   22.5000 2103.1440   36.7373
   -7.5000  -45.0000   30.0000 2398.5925   30.5925
    0.0000  -45.0000   30.0000 2415.5181   30.4382
    7.5000  -45.0000   30.0000 2401.7727   30.9370
   -7.5000  -37.5000   30.0000 2493.7292   28.2009
    0.0000  -37.5000   30.0000 2516.4854   27.9566
    7.5000  -37.5000   30.0000 2499.5710   28.5198
   -7.5000  -30.0000   30.0000 2571.4463   26.3835
    0.0000  -30.0000   30.0000 2598.2314   26.0756
    7.5000  -30.0000   30.0000 2575.5947   26.6036
   -7.5000  -22.5000   30.0000 2628.0378   24.9230
    0.0000  -22.5000   30.0000 2646.7705   24.6637
    7.5000  -22.5000   30.0000 2624.9756   25.1747
   -7.5000  -15.0000   30.0000 2650.4038   24.1010
    0.0000  -15.0000   30.0000 2664.2520   23.8888
    7.5000  -15.0000   30.0000 2647.5212   24.2713
   -7.5000   -7.5000   30.0000 2661.5498   24.2008
    0.0000   -7.5000   30.0000 2681.2830   24.0631
    7.5000   -7.5000   30.0000 2664.1536   24.3193
   -7.5000    0.0000   30.0000 2642.2383   24.8741
    0.0000    0.0000   30.0000 2658.5354   24.7492
    7.5000    0.0000   30.0000 2645.9160   25.0039
   -7.5000    7.5000   30.0000 2610.1716   25.8303
    0.0000    7.5000   30.0000 2623.9636   25.7223
    7.5000    7.5000   30.0000 2609.7119   25.9483
   -7.5000   15.0000   30.0000 2547.2100   27.0281
    0.0000   15.0000   30.0000 2571.5947   26.9737
    7.5000   15.0000   30.0000 2549.2578   27.2170
   -7.5000   22.5000   30.0000 2468.1382   28.5856
    0.0000   22.5000   30.0000 2486.7798   28.4943
    7.5000   22.5000   30.0000 2465.6401   28.7586
   -7.5000   30.0000   30.0000 2355.0466   30.8037
    0.0000   30.0000   30.0000 2370.8181   30.7097
    7.5000   30.0000   30.0000 2355.8579   31.0018
   -7.5000   37.5000   30.0000 2222.3767   33.7528
    0.0000   37.5000   30.0000 2229.8218   33.6152
    7.5000   37.5000   30.0000 2219.8535   33.9199
   -7.5000   45.0000   30.0000 2087.6506   37.6837
    0.0000   45.0000   30.0000 2089.9238   37.4750
    7.5000   45.0000   30.0000 2079.5222   37.8069
   -7.5000  -45.0000   37.5000 2324.3347   32.7648
    0.0000  -45.0000   37.5000 2342.0237   32.5693
    7.5000  -45.0000   37.5000 2328.6643   33.1530
   -7.5000  -37.5000   37.5000 2417.8096   30.1892
    0.0000  -37.5000   37.5000 2441.9165   29.9328
    7.5000  -37.5000   37.5000 2422.7266   30.5195
   -7.5000  -30.0000   37.5000 2495.7244   28.2327
    0.0000  -30.0000   37.5000 2522.2664   27.9666
    7.5000  -30.0000   37.5000 2495.1367   28.4933
   -7.5000  -22.5000   37.5000 2546.9023   26.6953
    0.0000  -22.5000   37.5000 2568.2231   26.5080
    7.5000  -22.5000   37.5000 2543.5007   26.9540
   -7.5000  -15.0000   37.5000 2566.3660   25.9034
    0.0000  -15.0000   37.5000 2584.6604   25.6779
    7.5000  -15.0000   37.5000 2563.5850   26.0349
   -7.5000   -7.5000   37.5000 2575.2324   25.9187
    0.0000   -7.5000   37.5000 2596.4670   25.7622
    7.5000   -7.5000   37.5000 2582.1567   26.0114
   -7.5000    0.0000   37.5000 2565.1035   26.5332
    0.0000    0.0000   37.5000 2579.9607   26.4091
    7.5000    0.0000   37.5000 2568.6370   26.6375
   -7.5000    7.5000   37.5000 2537.5334   27.4978
    0.0000    7.5000   37.5000 2554.5872   27.3739
    7.5000    7.5000   37.5000 2541.2715   27.5823
   -7.5000   15.0000   37.5000 2478.1826   28.6820
    0.0000   15.0000   37.5000 2497.2925   28.6193
    7.5000   15.0000   37.5000 2482.3364   28.8445
   -7.5000   22.5000   37.5000 2398.9561   30.2984
    0.0000   22.5000   37.5000 2412.9626   30.1756
    7.5000   22.5000   37.5000 2397.4382   30.4113
   -7.5000   30.0000   37.5000 2290.9719   32.4086
    0.0000   30.0000   37.5000 2300.0779   32.2664
    7.5000   30.0000   37.5000 2289.7388   32.5267
   -7.5000   37.5000   37.5000 2179.7532   35.4011
    0.0000   37.5000   37.5000 2184.4756   35.2069
    7.5000   37.5000   37.5000 2177.5291   35.4983
   -7.5000   45.0000   37.5000 2054.7805   39.3969
    0.0000   45.0000   37.5000 2058.6367   39.0918
    7.5000   45.0000   37.5000 2045.8145   39.4923
   -7.5000  -45.0000   45.0000 2242.4121   35.5778
    0.0000  -45.0000   45.0000 2260.4993   35.2770
    7.5000  -45.0000   45.0000 2245.5825   35.9140
   -7.5000  -37.5000   45.0000 2334.4041   32.7441
    0.0000  -37.5000   45.0000 2358.8264   32.4475
    7.5000  -37.5000   45.0000 2338.5903   33.0229
   -7.5000  -30.0000   45.0000 2409.3010   30.5857
    0.0000  -30.0000   45.0000 2429.5962   30.3378
    7.5000  -30.0000   45.0000 2407.2622   30.8245
   -7.5000  -22.5000   45.0000 2456.0605   29.0111
    0.0000  -22.5000   45.0000 2476.6560   28.8151
    7.5000  -22.5000   45.0000 2452.6482   29.2004
   -7.5000  -15.0000   45.0000 2476.8062   28.1691
    0.0000  -15.0000   45.0000 2495.2297   27.9121
    7.5000  -15.0000   45.0000 2476.6875   28.2343
   -7.5000   -7.5000   45.0000 2490.0105   28.0327
    0.0000   -7.5000   45.0000 2510.9756   27.8747
    7.5000   -7.5000   45.0000 2499.8538   28.1103
   -7.5000    0.0000   45.0000 2479.0386   28.5275
    0.0000    0.0000   45.0000 2500.2666   28.4555
    7.5000    0.0000   45.0000 2487.3945   28.6670
   -7.5000    7.5000   45.0000 2450.5396   29.4758
    0.0000    7.5000   45.0000 2470.2344   29.3722
    7.5000    7.5000   45.0000 2456.4329   29.5871
   -7.5000   15.0000   45.0000 2394.0056   30.6819
    0.0000   15.0000   45.0000 2411.8284   30.5853
    7.5000   15.0000   45.0000 2396.8660   30.7795
   -7.5000   22.5000   45.0000 2314.7241   32.3880
    0.0000   22.5000   45.0000 2324.6406   32.2229
    7.5000   22.5000   45.0000 2317.6226   32.4129
   -7.5000   30.0000   45.0000 2221.2593   34.5509
    0.0000   30.0000   45.0000 2224.5693   34.3251
    7.5000   30.0000   45.0000 2219.1824   34.5771
   -7.5000   37.5000   45.0000 2121.9683   37.6207
    0.0000   37.5000   45.0000 2126.0613   37.2894
    7.5000   37.5000   45.0000 2119.6155   37.6802
   -7.5000   45.0000   45.0000 2005.2878   41.5465
    0.0000   45.0000   45.0000 2007.0348   41.1406
    7.5000   45.0000   45.0000 1996.1733   41.6667

---------------------------------------------------------------------
imgreg_4dfp /usr/local/freesurfer/average/711-2C_as_mni_average_305 /usr/local/freesurfer/average/711-2B_as_mni_average_305_mask talsrcimg_g11 none talsrcimg_to_711-2C_as_mni_average_305_t4 1283
---------------------------------------------------------------------

freesurfer imgreg_4dfp.c
/usr/local/freesurfer/average/711-2C_as_mni_average_305.4dfp.img
       256       256       256         1
  1.000000  1.000000  1.000000
orientation T byte_order littleendian
Reading image: /usr/local/freesurfer/average/711-2C_as_mni_average_305.4dfp.img
dimensions:      256       256       256
mmppix:       1.0000   -1.0000   -1.0000
center:     128.0000 -129.0000 -129.0000
/usr/local/freesurfer/average/711-2B_as_mni_average_305_mask.4dfp.img
       256       256       256         1
  1.000000  1.000000  1.000000
orientation T byte_order littleendian
Reading mask: /usr/local/freesurfer/average/711-2B_as_mni_average_305_mask.4dfp.img (2306576 pixels)
talsrcimg_g11.4dfp.img
       256       256       256         1
  1.000000  1.000000  1.000000
orientation T byte_order littleendian
Reading image: talsrcimg_g11.4dfp.img
dimensions:      256       256       256
mmppix:       1.0000   -1.0000   -1.0000
center:     128.0000 -129.0000 -129.0000
rotation matrix determinant  1.000000
fimgreg.f
image alignment mode   1283 decimal      503 hex
parameters
    0.0000  -15.0000    0.0000    0.0000    0.0000    0.0000
eta,q 0.91087 20.30657
niter,ni,del,rscale     5    3   12.0000    1.2000
parameter  3  0.768099 ->  0.500000 qaram    1.1500
parameter  4-10.477972 ->  0.500000 qaram    1.1500
parameters
    1.3342  -17.1967   -3.4500   -3.4500    1.2632    0.1827
eta,q 0.91701 20.38943
  0.0968  0.0905  0.0884  0.0804  0.0883  0.0855
  0.0949  0.0904  0.0866  0.0821  0.0860  0.0846
  0.0926  0.0905  0.0889  0.0841  0.0833  0.0839
  0.0905  0.0894  0.0903  0.0866  0.0826  0.0831
  0.0899  0.0902  0.0900  0.0886  0.0835  0.0828
  0.0909  0.0967  0.0910  0.0900  0.0845  0.0842
  0.0939  0.1032  0.0951  0.0920  0.0846  0.0856
niter,ni,del,rscale     6    3   12.0000    1.2000
parameter  4  1.822197 ->  0.500000 qaram    1.3225
parameters
    2.7455  -17.1570   -2.4493   -7.4175   -0.2579    1.2309
eta,q 0.91798 20.64484
  0.0905  0.0886  0.0949  0.0815  0.0829  0.0840
  0.0891  0.0842  0.0882  0.0816  0.0821  0.0821
  0.0854  0.0827  0.0830  0.0826  0.0820  0.0815
  0.0830  0.0829  0.0829  0.0846  0.0818  0.0819
  0.0830  0.0831  0.0868  0.0867  0.0824  0.0820
  0.0839  0.0841  0.0871  0.0887  0.0836  0.0820
  0.0869  0.0883  0.0875  0.0902  0.0855  0.0823
niter,ni,del,rscale     6    3   12.0000    1.2000
parameter  4  1.005347 ->  0.500000 qaram    1.5209
parameters
    1.8348  -17.3663   -1.9950  -11.9801   -0.1952    1.3095
eta,q 0.91820 20.75322
  0.0864  0.0883  0.0897  0.0800  0.0847  0.0834
  0.0843  0.0841  0.0839  0.0816  0.0833  0.0820
  0.0820  0.0817  0.0794  0.0825  0.0824  0.0816
  0.0820  0.0817  0.0817  0.0826  0.0818  0.0818
  0.0830  0.0828  0.0837  0.0831  0.0823  0.0817
  0.0858  0.0853  0.0827  0.0860  0.0835  0.0822
  0.0922  0.0886  0.0862  0.0892  0.0844  0.0830
niter,ni,del,rscale     6    3   12.0000    1.2000
parameter  4 76.203262 ->  0.500000 qaram    1.7490
parameter  6  0.765780 ->  0.500000 qaram    1.1500
parameters
    0.6804  -15.1652   -2.5881  -17.2272   -0.1395   -2.1405
eta,q 0.92661 20.53830
  0.0859  0.0907  0.0864  0.0743  0.0786  0.0746
  0.0835  0.0859  0.0804  0.0754  0.0761  0.0735
  0.0814  0.0834  0.0785  0.0774  0.0760  0.0738
  0.0818  0.0812  0.0802  0.0800  0.0759  0.0759
  0.0842  0.0802  0.0796  0.0819  0.0760  0.0776
  0.0865  0.0797  0.0830  0.0841  0.0767  0.0791
  0.0904  0.0830  0.0889  0.0853  0.0781  0.0816
niter,ni,del,rscale     7    3   12.0000    1.2000
parameters
   -0.5049  -14.0935   -2.6971  -19.9031    0.3879   -1.9744
eta,q 0.92711 20.51388
  0.0782  0.0877  0.0851  0.0789  0.0782  0.0790
  0.0754  0.0815  0.0770  0.0748  0.0758  0.0756
  0.0732  0.0759  0.0731  0.0731  0.0740  0.0733
  0.0734  0.0730  0.0728  0.0728  0.0729  0.0729
  0.0762  0.0732  0.0741  0.0777  0.0733  0.0739
  0.0793  0.0761  0.0794  0.0825  0.0745  0.0760
  0.0832  0.0802  0.0844  0.0862  0.0769  0.0777
niter,ni,del,rscale     6    3   12.0000    1.2000
parameters
   -1.2280  -13.7202   -3.2287  -21.0202    0.6048   -2.3969
eta,q 0.92625 20.51123
  0.0795  0.0847  0.0831  0.0803  0.0777  0.0785
  0.0767  0.0768  0.0763  0.0767  0.0759  0.0756
  0.0737  0.0725  0.0742  0.0741  0.0743  0.0739
  0.0729  0.0728  0.0732  0.0733  0.0738  0.0739
  0.0751  0.0750  0.0753  0.0738  0.0744  0.0754
  0.0791  0.0776  0.0806  0.0794  0.0751  0.0773
  0.0838  0.0797  0.0849  0.0848  0.0774  0.0786
niter,ni,del,rscale     5    3   12.0000    1.2000
parameters
   -1.2452  -13.6332   -3.4557  -21.3936    0.7960   -2.6977
eta,q 0.92603 20.51563
  0.0814  0.0828  0.0839  0.0807  0.0775  0.0787
  0.0789  0.0757  0.0771  0.0774  0.0758  0.0759
  0.0759  0.0725  0.0750  0.0744  0.0744  0.0741
  0.0737  0.0738  0.0739  0.0739  0.0740  0.0740
  0.0743  0.0764  0.0753  0.0730  0.0745  0.0754
  0.0776  0.0778  0.0797  0.0772  0.0749  0.0772
  0.0829  0.0794  0.0841  0.0832  0.0774  0.0785
niter,ni,del,rscale     4    3   12.0000    1.2000
parameters
   -1.2515  -13.5396   -3.5150  -21.5269    0.8539   -2.8238
eta,q 0.92588 20.50884
  0.0815  0.0825  0.0843  0.0808  0.0773  0.0790
  0.0791  0.0758  0.0776  0.0776  0.0757  0.0762
  0.0761  0.0727  0.0751  0.0745  0.0745  0.0742
  0.0740  0.0740  0.0741  0.0741  0.0741  0.0742
  0.0742  0.0766  0.0755  0.0730  0.0744  0.0753
  0.0776  0.0777  0.0792  0.0765  0.0750  0.0771
  0.0832  0.0792  0.0836  0.0827  0.0776  0.0785
niter,ni,del,rscale     3    3   12.0000    1.2000
parameters
   -1.2484  -13.4885   -3.5467  -21.5807    0.8700   -2.8769
eta,q 0.92581 20.50373
  0.0816  0.0822  0.0844  0.0808  0.0772  0.0791
  0.0792  0.0757  0.0777  0.0776  0.0758  0.0763
  0.0763  0.0728  0.0751  0.0745  0.0746  0.0743
  0.0741  0.0741  0.0742  0.0742  0.0742  0.0742
  0.0743  0.0767  0.0756  0.0730  0.0744  0.0753
  0.0776  0.0776  0.0792  0.0763  0.0750  0.0771
  0.0833  0.0792  0.0835  0.0825  0.0777  0.0785
registration optimization eta report
parameter search radius
    6.0000    6.0000    6.9000   10.4940    6.0000    6.9000
100000*second partial in parameter space
       23.       18.       20.        8.        9.       10.
  0.0816  0.0822  0.0844  0.0808  0.0772  0.0791
  0.0792  0.0757  0.0777  0.0776  0.0758  0.0763
  0.0763  0.0728  0.0751  0.0745  0.0746  0.0743
  0.0741  0.0741  0.0742  0.0742  0.0742  0.0742
  0.0743  0.0767  0.0756  0.0730  0.0744  0.0753
  0.0776  0.0776  0.0792  0.0763  0.0750  0.0771
  0.0833  0.0792  0.0835  0.0825  0.0777  0.0785
   -1.2484  -13.4885   -3.5467  -21.5807    0.8700   -2.8769
eta,q 0.92581 20.50373

---------------------------------------------------------------------
imgreg_4dfp /usr/local/freesurfer/average/711-2C_as_mni_average_305 /usr/local/freesurfer/average/711-2B_as_mni_average_305_mask talsrcimg_g11 none talsrcimg_to_711-2C_as_mni_average_305_t4 3335
---------------------------------------------------------------------

freesurfer imgreg_4dfp.c
/usr/local/freesurfer/average/711-2C_as_mni_average_305.4dfp.img
       256       256       256         1
  1.000000  1.000000  1.000000
orientation T byte_order littleendian
Reading image: /usr/local/freesurfer/average/711-2C_as_mni_average_305.4dfp.img
dimensions:      256       256       256
mmppix:       1.0000   -1.0000   -1.0000
center:     128.0000 -129.0000 -129.0000
/usr/local/freesurfer/average/711-2B_as_mni_average_305_mask.4dfp.img
       256       256       256         1
  1.000000  1.000000  1.000000
orientation T byte_order littleendian
Reading mask: /usr/local/freesurfer/average/711-2B_as_mni_average_305_mask.4dfp.img (2306576 pixels)
talsrcimg_g11.4dfp.img
       256       256       256         1
  1.000000  1.000000  1.000000
orientation T byte_order littleendian
Reading image: talsrcimg_g11.4dfp.img
dimensions:      256       256       256
mmppix:       1.0000   -1.0000   -1.0000
center:     128.0000 -129.0000 -129.0000
fimgreg.f
image alignment mode   3335 decimal      D07 hex
parameters
   -1.2484  -13.4885   -3.5467   -0.1375   -7.1552   -7.0207
    5.2250    0.4358   -5.0185   36.8056    1.5185  -36.7768
eta,q 0.92716 20.59560
niter,ni,del,rscale     5    3    5.0000    1.2000
parameter  4-44.721104 ->  0.500000 qaram    1.1500
parameter  5  2.548352 ->  0.500000 qaram    1.1500
parameter  6  1.374110 ->  0.500000 qaram    1.1500
parameter 10  1.123585 ->  0.500000 qaram    1.1500
parameter 12 -0.710725 -> -0.500000 qaram    1.1500
parameters
   -0.7978  -12.8050   -3.3470   -4.2775  -11.2952  -11.1607
    3.3339    3.8187   -4.2908   32.6656    0.4527  -32.6368
eta,q 0.95192 20.45477
  0.0744  0.0749  0.0748  0.0622  0.0562  0.0524  0.0551  0.0596  0.0544  0.0485  0.0503  0.0540
  0.0738  0.0739  0.0736  0.0652  0.0580  0.0531  0.0538  0.0573  0.0532  0.0488  0.0495  0.0518
  0.0732  0.0732  0.0729  0.0687  0.0615  0.0551  0.0532  0.0551  0.0525  0.0500  0.0491  0.0502
  0.0728  0.0727  0.0726  0.0726  0.0661  0.0588  0.0535  0.0532  0.0521  0.0521  0.0490  0.0490
  0.0728  0.0726  0.0728  0.0766  0.0712  0.0635  0.0545  0.0522  0.0522  0.0548  0.0494  0.0483
  0.0730  0.0728  0.0733  0.0799  0.0764  0.0686  0.0561  0.0523  0.0527  0.0580  0.0502  0.0480
  0.0737  0.0733  0.0741  0.0828  0.0811  0.0732  0.0581  0.0538  0.0536  0.0616  0.0514  0.0481
niter,ni,del,rscale     7    3    5.0000    1.2000
parameter  2 -1.025983 -> -0.500000 qaram    1.1500
parameter  4  1.070292 ->  0.500000 qaram    1.3225
parameter  5  0.792222 ->  0.500000 qaram    1.3225
parameters
   -1.1595  -11.4250   -3.8823   -9.0385  -16.0562  -13.7438
    4.7699    4.3261   -4.5572   28.7852   -1.7883  -32.4959
eta,q 0.96164 19.69895
  0.0504  0.0553  0.0469  0.0411  0.0388  0.0409  0.0426  0.0432  0.0401  0.0390  0.0387  0.0400
  0.0489  0.0525  0.0461  0.0414  0.0389  0.0399  0.0410  0.0410  0.0395  0.0385  0.0384  0.0389
  0.0481  0.0500  0.0458  0.0427  0.0393  0.0392  0.0398  0.0397  0.0391  0.0385  0.0384  0.0384
  0.0481  0.0480  0.0459  0.0458  0.0416  0.0389  0.0391  0.0390  0.0390  0.0390  0.0384  0.0384
  0.0488  0.0466  0.0464  0.0505  0.0459  0.0403  0.0391  0.0390  0.0391  0.0401  0.0386  0.0386
  0.0503  0.0458  0.0472  0.0554  0.0508  0.0447  0.0396  0.0401  0.0396  0.0420  0.0390  0.0391
  0.0523  0.0455  0.0484  0.0601  0.0560  0.0514  0.0407  0.0423  0.0403  0.0447  0.0394  0.0396
niter,ni,del,rscale     7    3    5.0000    1.2000
parameter  2 -1.331162 -> -0.500000 qaram    1.3225
parameter  3  0.638254 ->  0.500000 qaram    1.1500
parameter 10 -0.690324 -> -0.500000 qaram    1.3225
parameter 12  0.959494 ->  0.500000 qaram    1.3225
parameters
   -1.2137   -9.8380   -5.2623  -12.5264  -19.4884  -16.3344
    5.0069    4.1913   -5.2830   33.5462   -2.3802  -37.2569
eta,q 0.96577 19.31893
  0.0409  0.0455  0.0355  0.0365  0.0373  0.0362  0.0375  0.0379  0.0364  0.0388  0.0351  0.0343
  0.0395  0.0429  0.0354  0.0358  0.0365  0.0357  0.0365  0.0366  0.0359  0.0374  0.0349  0.0342
  0.0386  0.0405  0.0354  0.0353  0.0356  0.0355  0.0358  0.0358  0.0356  0.0363  0.0348  0.0344
  0.0384  0.0384  0.0358  0.0354  0.0354  0.0357  0.0355  0.0355  0.0355  0.0355  0.0348  0.0348
  0.0387  0.0366  0.0363  0.0369  0.0379  0.0360  0.0357  0.0358  0.0357  0.0350  0.0349  0.0352
  0.0396  0.0355  0.0372  0.0405  0.0421  0.0373  0.0363  0.0368  0.0362  0.0348  0.0350  0.0358
  0.0411  0.0352  0.0382  0.0451  0.0463  0.0417  0.0373  0.0381  0.0368  0.0350  0.0352  0.0364
niter,ni,del,rscale     7    3    5.0000    1.2000
parameter  2 -1.431275 -> -0.500000 qaram    1.5209
parameter  3  0.723690 ->  0.500000 qaram    1.3225
parameter 10 -0.757158 -> -0.500000 qaram    1.5209
parameters
   -1.1644   -8.0129   -6.8493  -13.8261  -23.0004  -19.1716
    5.2649    4.2064   -5.5590   39.0214   -1.3265  -40.6735
eta,q 0.97143 19.10155
  0.0368  0.0428  0.0304  0.0325  0.0321  0.0313  0.0326  0.0336  0.0316  0.0364  0.0296  0.0292
  0.0354  0.0397  0.0302  0.0314  0.0314  0.0307  0.0315  0.0319  0.0310  0.0342  0.0291  0.0287
  0.0346  0.0368  0.0304  0.0307  0.0307  0.0305  0.0308  0.0308  0.0306  0.0321  0.0289  0.0286
  0.0342  0.0342  0.0310  0.0303  0.0304  0.0308  0.0305  0.0305  0.0305  0.0304  0.0288  0.0288
  0.0344  0.0321  0.0319  0.0303  0.0327  0.0314  0.0306  0.0308  0.0306  0.0292  0.0288  0.0293
  0.0352  0.0307  0.0331  0.0319  0.0372  0.0329  0.0313  0.0320  0.0311  0.0288  0.0290  0.0300
  0.0366  0.0302  0.0346  0.0356  0.0422  0.0377  0.0324  0.0336  0.0318  0.0293  0.0292  0.0307
niter,ni,del,rscale     7    3    5.0000    1.2000
parameter  2 -0.741184 -> -0.500000 qaram    1.7490
parameters
   -1.2950   -5.9141   -8.1016  -14.0239  -25.6140  -19.8994
    5.1835    4.2794   -5.0430   41.0799   -1.7930  -42.8487
eta,q 0.97446 18.96940
  0.0312  0.0393  0.0266  0.0285  0.0287  0.0289  0.0287  0.0300  0.0280  0.0332  0.0262  0.0266
  0.0297  0.0351  0.0259  0.0270  0.0274  0.0275  0.0273  0.0280  0.0271  0.0301  0.0259  0.0257
  0.0288  0.0314  0.0257  0.0262  0.0263  0.0266  0.0265  0.0267  0.0265  0.0277  0.0257  0.0255
  0.0286  0.0286  0.0261  0.0257  0.0258  0.0262  0.0262  0.0262  0.0262  0.0262  0.0257  0.0257
  0.0290  0.0267  0.0270  0.0255  0.0274  0.0263  0.0265  0.0267  0.0263  0.0256  0.0258  0.0262
  0.0301  0.0260  0.0284  0.0265  0.0319  0.0271  0.0274  0.0280  0.0268  0.0266  0.0260  0.0269
  0.0319  0.0266  0.0302  0.0295  0.0375  0.0315  0.0288  0.0298  0.0276  0.0299  0.0263  0.0278
niter,ni,del,rscale     7    3    5.0000    1.2000
parameters
   -1.3135   -5.4841   -8.3594  -13.5476  -26.9195  -20.0588
    4.9779    4.3746   -4.9126   41.6955   -1.7027  -43.5592
eta,q 0.97438 18.95401
  0.0287  0.0334  0.0273  0.0285  0.0294  0.0293  0.0283  0.0297  0.0274  0.0319  0.0263  0.0273
  0.0269  0.0295  0.0263  0.0269  0.0278  0.0277  0.0269  0.0277  0.0265  0.0290  0.0259  0.0260
  0.0259  0.0268  0.0256  0.0259  0.0264  0.0265  0.0260  0.0263  0.0260  0.0270  0.0257  0.0256
  0.0255  0.0255  0.0255  0.0255  0.0254  0.0257  0.0258  0.0258  0.0258  0.0258  0.0257  0.0257
  0.0259  0.0258  0.0258  0.0251  0.0256  0.0256  0.0261  0.0262  0.0259  0.0257  0.0257  0.0260
  0.0270  0.0275  0.0267  0.0258  0.0290  0.0264  0.0271  0.0275  0.0264  0.0274  0.0259  0.0267
  0.0288  0.0309  0.0281  0.0285  0.0343  0.0310  0.0286  0.0295  0.0273  0.0313  0.0262  0.0275
niter,ni,del,rscale     6    3    5.0000    1.2000
parameters
   -1.3062   -5.3815   -8.3499  -13.4672  -27.3558  -20.0578
    4.9498    4.3978   -4.8608   41.8989   -1.5936  -43.7871
eta,q 0.97431 18.94612
  0.0287  0.0320  0.0278  0.0285  0.0299  0.0295  0.0284  0.0296  0.0274  0.0316  0.0263  0.0275
  0.0270  0.0285  0.0267  0.0270  0.0282  0.0279  0.0269  0.0276  0.0265  0.0288  0.0260  0.0262
  0.0260  0.0263  0.0259  0.0261  0.0268  0.0266  0.0260  0.0262  0.0259  0.0268  0.0258  0.0257
  0.0256  0.0256  0.0256  0.0256  0.0256  0.0257  0.0257  0.0257  0.0257  0.0257  0.0257  0.0257
  0.0260  0.0262  0.0258  0.0253  0.0252  0.0255  0.0261  0.0262  0.0259  0.0258  0.0258  0.0260
  0.0270  0.0281  0.0266  0.0262  0.0276  0.0263  0.0270  0.0275  0.0264  0.0277  0.0260  0.0266
  0.0287  0.0314  0.0278  0.0291  0.0325  0.0309  0.0284  0.0296  0.0273  0.0319  0.0263  0.0275
niter,ni,del,rscale     5    3    5.0000    1.2000
parameters
   -1.3020   -5.3360   -8.3278  -13.4419  -27.4765  -20.0431
    4.9413    4.4016   -4.8491   41.9655   -1.5823  -43.8396
eta,q 0.97428 18.94518
  0.0288  0.0317  0.0278  0.0285  0.0301  0.0296  0.0284  0.0296  0.0273  0.0315  0.0263  0.0277
  0.0271  0.0284  0.0268  0.0270  0.0284  0.0279  0.0269  0.0276  0.0264  0.0287  0.0260  0.0263
  0.0261  0.0263  0.0260  0.0262  0.0269  0.0266  0.0260  0.0262  0.0259  0.0268  0.0258  0.0258
  0.0257  0.0257  0.0257  0.0257  0.0257  0.0257  0.0257  0.0257  0.0257  0.0257  0.0257  0.0257
  0.0260  0.0263  0.0259  0.0254  0.0252  0.0254  0.0260  0.0262  0.0259  0.0258  0.0258  0.0260
  0.0271  0.0282  0.0266  0.0263  0.0272  0.0263  0.0270  0.0275  0.0264  0.0279  0.0260  0.0266
  0.0288  0.0314  0.0279  0.0292  0.0319  0.0310  0.0284  0.0296  0.0273  0.0322  0.0263  0.0274
niter,ni,del,rscale     4    3    5.0000    1.2000
parameters
   -1.3003   -5.3192   -8.3163  -13.4340  -27.5019  -20.0387
    4.9386    4.3999   -4.8486   41.9826   -1.5627  -43.8542
eta,q 0.97428 18.94553
  0.0288  0.0316  0.0278  0.0285  0.0301  0.0296  0.0284  0.0296  0.0273  0.0314  0.0263  0.0277
  0.0271  0.0283  0.0268  0.0270  0.0284  0.0279  0.0269  0.0276  0.0264  0.0287  0.0260  0.0263
  0.0261  0.0263  0.0260  0.0262  0.0269  0.0266  0.0260  0.0262  0.0259  0.0268  0.0258  0.0258
  0.0257  0.0257  0.0257  0.0257  0.0257  0.0257  0.0257  0.0257  0.0257  0.0257  0.0257  0.0257
  0.0261  0.0264  0.0259  0.0255  0.0252  0.0254  0.0260  0.0262  0.0259  0.0258  0.0258  0.0260
  0.0271  0.0283  0.0267  0.0263  0.0271  0.0263  0.0269  0.0275  0.0264  0.0279  0.0260  0.0266
  0.0288  0.0315  0.0279  0.0292  0.0318  0.0310  0.0284  0.0296  0.0273  0.0322  0.0263  0.0274
registration optimization eta report
parameter search radius
    2.4000    4.1976    3.1740    9.5220    9.5220    8.2800
    7.2000    7.2000    7.2000   10.9503    7.2000    9.5220
100000*second partial in parameter space
       54.       33.       21.        4.        6.        7.
        5.        7.        3.        5.        1.        2.
  0.0288  0.0316  0.0278  0.0285  0.0301  0.0296  0.0284  0.0296  0.0273  0.0314  0.0263  0.0277
  0.0271  0.0283  0.0268  0.0270  0.0284  0.0279  0.0269  0.0276  0.0264  0.0287  0.0260  0.0263
  0.0261  0.0263  0.0260  0.0262  0.0269  0.0266  0.0260  0.0262  0.0259  0.0268  0.0258  0.0258
  0.0257  0.0257  0.0257  0.0257  0.0257  0.0257  0.0257  0.0257  0.0257  0.0257  0.0257  0.0257
  0.0261  0.0264  0.0259  0.0255  0.0252  0.0254  0.0260  0.0262  0.0259  0.0258  0.0258  0.0260
  0.0271  0.0283  0.0267  0.0263  0.0271  0.0263  0.0269  0.0275  0.0264  0.0279  0.0260  0.0266
  0.0288  0.0315  0.0279  0.0292  0.0318  0.0310  0.0284  0.0296  0.0273  0.0322  0.0263  0.0274
   -1.3003   -5.3192   -8.3163  -13.4340  -27.5019  -20.0387
    4.9386    4.3999   -4.8486   41.9826   -1.5627  -43.8542
eta,q 0.97428 18.94553

---------------------------------------------------------------------
imgreg_4dfp /usr/local/freesurfer/average/711-2C_as_mni_average_305 /usr/local/freesurfer/average/711-2B_as_mni_average_305_mask talsrcimg_g11 none talsrcimg_to_711-2C_as_mni_average_305_t4 2311
---------------------------------------------------------------------

freesurfer imgreg_4dfp.c
/usr/local/freesurfer/average/711-2C_as_mni_average_305.4dfp.img
       256       256       256         1
  1.000000  1.000000  1.000000
orientation T byte_order littleendian
Reading image: /usr/local/freesurfer/average/711-2C_as_mni_average_305.4dfp.img
dimensions:      256       256       256
mmppix:       1.0000   -1.0000   -1.0000
center:     128.0000 -129.0000 -129.0000
/usr/local/freesurfer/average/711-2B_as_mni_average_305_mask.4dfp.img
       256       256       256         1
  1.000000  1.000000  1.000000
orientation T byte_order littleendian
Reading mask: /usr/local/freesurfer/average/711-2B_as_mni_average_305_mask.4dfp.img (2306576 pixels)
talsrcimg_g11.4dfp.img
       256       256       256         1
  1.000000  1.000000  1.000000
orientation T byte_order littleendian
Reading image: talsrcimg_g11.4dfp.img
dimensions:      256       256       256
mmppix:       1.0000   -1.0000   -1.0000
center:     128.0000 -129.0000 -129.0000
fimgreg.f
image alignment mode   2311 decimal      907 hex
parameters
   -1.3003   -5.3192   -8.3163  -13.4340  -27.5019  -20.0387
    4.9386    4.3999   -4.8486   41.9826   -1.5627  -43.8542
eta,q 0.97428 18.94552
niter,ni,del,rscale     5    3    5.0000    0.8000
parameter  4 -0.568216 -> -0.500000 qaram    1.1500
parameters
   -1.2912   -5.3878   -8.2513  -10.6740  -25.2324  -17.8614
    4.6079    4.4535   -5.1778   42.9069   -0.8989  -43.2120
eta,q 0.97555 19.49211
  0.0271  0.0265  0.0263  0.0266  0.0275  0.0270  0.0260  0.0268  0.0255  0.0269  0.0251  0.0255
  0.0264  0.0260  0.0260  0.0262  0.0267  0.0261  0.0252  0.0256  0.0250  0.0259  0.0247  0.0249
  0.0259  0.0258  0.0258  0.0259  0.0260  0.0254  0.0247  0.0248  0.0247  0.0251  0.0245  0.0245
  0.0257  0.0257  0.0257  0.0257  0.0254  0.0249  0.0246  0.0246  0.0246  0.0246  0.0244  0.0244
  0.0259  0.0258  0.0258  0.0255  0.0250  0.0246  0.0248  0.0248  0.0248  0.0244  0.0245  0.0245
  0.0263  0.0261  0.0259  0.0254  0.0250  0.0246  0.0255  0.0255  0.0252  0.0248  0.0246  0.0247
  0.0271  0.0266  0.0263  0.0257  0.0256  0.0251  0.0264  0.0267  0.0258  0.0258  0.0248  0.0250
niter,ni,del,rscale     5    3    5.0000    0.8000
parameters
   -1.3633   -5.4852   -7.9841  -11.8102  -25.7416  -18.3522
    4.9488    4.3841   -5.0956   42.8331   -1.0122  -43.6637
eta,q 0.97541 19.36811
  0.0260  0.0256  0.0255  0.0253  0.0259  0.0261  0.0262  0.0267  0.0256  0.0262  0.0250  0.0251
  0.0251  0.0249  0.0249  0.0249  0.0253  0.0254  0.0254  0.0255  0.0251  0.0255  0.0248  0.0247
  0.0246  0.0245  0.0246  0.0246  0.0248  0.0248  0.0248  0.0248  0.0247  0.0249  0.0247  0.0246
  0.0244  0.0244  0.0244  0.0244  0.0245  0.0246  0.0246  0.0246  0.0246  0.0246  0.0246  0.0246
  0.0247  0.0246  0.0244  0.0247  0.0246  0.0246  0.0247  0.0249  0.0247  0.0247  0.0247  0.0247
  0.0253  0.0251  0.0246  0.0256  0.0255  0.0254  0.0251  0.0256  0.0250  0.0254  0.0248  0.0250
  0.0263  0.0260  0.0249  0.0273  0.0273  0.0277  0.0258  0.0268  0.0255  0.0265  0.0250  0.0253
niter,ni,del,rscale     4    3    5.0000    0.7000
parameters
   -1.3436   -5.3646   -8.0075  -11.6720  -25.7071  -18.1047
    4.8682    4.3797   -5.1332   43.0263   -1.0146  -43.7732
eta,q 0.97548 19.40408
  0.0259  0.0256  0.0251  0.0255  0.0259  0.0260  0.0256  0.0262  0.0253  0.0260  0.0249  0.0250
  0.0252  0.0251  0.0248  0.0251  0.0254  0.0253  0.0250  0.0253  0.0249  0.0253  0.0247  0.0247
  0.0247  0.0247  0.0246  0.0248  0.0249  0.0248  0.0246  0.0247  0.0246  0.0248  0.0246  0.0245
  0.0246  0.0246  0.0246  0.0246  0.0246  0.0246  0.0245  0.0245  0.0245  0.0245  0.0245  0.0245
  0.0247  0.0246  0.0246  0.0245  0.0245  0.0245  0.0247  0.0247  0.0246  0.0246  0.0246  0.0246
  0.0251  0.0249  0.0248  0.0248  0.0250  0.0248  0.0251  0.0253  0.0249  0.0250  0.0247  0.0248
  0.0258  0.0253  0.0252  0.0256  0.0262  0.0260  0.0257  0.0262  0.0253  0.0259  0.0249  0.0250
niter,ni,del,rscale     3    3    5.0000    0.6000
parameters
   -1.3479   -5.3620   -7.9936  -11.3971  -25.6282  -17.9405
    4.8372    4.3774   -5.1676   43.1131   -0.9512  -43.8254
eta,q 0.97554 19.44456
  0.0254  0.0252  0.0249  0.0253  0.0255  0.0255  0.0253  0.0257  0.0250  0.0256  0.0247  0.0248
  0.0249  0.0248  0.0247  0.0250  0.0251  0.0250  0.0248  0.0250  0.0247  0.0250  0.0246  0.0246
  0.0246  0.0246  0.0246  0.0247  0.0247  0.0247  0.0246  0.0246  0.0245  0.0247  0.0245  0.0245
  0.0245  0.0245  0.0245  0.0245  0.0245  0.0245  0.0245  0.0245  0.0245  0.0245  0.0245  0.0245
  0.0246  0.0246  0.0246  0.0245  0.0245  0.0244  0.0246  0.0246  0.0245  0.0245  0.0245  0.0245
  0.0249  0.0248  0.0247  0.0247  0.0248  0.0247  0.0249  0.0250  0.0247  0.0249  0.0246  0.0247
  0.0254  0.0252  0.0249  0.0253  0.0257  0.0256  0.0253  0.0257  0.0251  0.0256  0.0247  0.0248
niter,ni,del,rscale     2    3    5.0000    0.5000
parameters
   -1.3595   -5.3716   -7.9864  -11.1713  -25.5116  -17.7743
    4.8294    4.3684   -5.1870   43.1595   -0.8614  -43.8687
eta,q 0.97558 19.48067
  0.0251  0.0249  0.0248  0.0251  0.0252  0.0252  0.0250  0.0253  0.0248  0.0252  0.0246  0.0247
  0.0247  0.0247  0.0246  0.0248  0.0249  0.0248  0.0247  0.0248  0.0246  0.0248  0.0245  0.0245
  0.0245  0.0245  0.0245  0.0246  0.0246  0.0246  0.0245  0.0245  0.0245  0.0245  0.0244  0.0244
  0.0245  0.0245  0.0245  0.0245  0.0244  0.0244  0.0244  0.0244  0.0244  0.0244  0.0244  0.0244
  0.0245  0.0245  0.0245  0.0244  0.0244  0.0244  0.0245  0.0245  0.0245  0.0245  0.0244  0.0245
  0.0248  0.0247  0.0246  0.0246  0.0247  0.0246  0.0247  0.0248  0.0246  0.0247  0.0245  0.0246
  0.0251  0.0250  0.0247  0.0250  0.0252  0.0251  0.0250  0.0253  0.0248  0.0252  0.0246  0.0247
niter,ni,del,rscale     1    3    5.0000    0.4000
parameters
   -1.3704   -5.3823   -7.9837  -10.9936  -25.4024  -17.6406
    4.8379    4.3684   -5.1941   43.1883   -0.8281  -43.8797
eta,q 0.97561 19.50819
  0.0248  0.0247  0.0246  0.0248  0.0249  0.0249  0.0248  0.0250  0.0247  0.0249  0.0245  0.0246
  0.0246  0.0246  0.0245  0.0247  0.0247  0.0246  0.0246  0.0246  0.0245  0.0247  0.0245  0.0245
  0.0245  0.0245  0.0244  0.0245  0.0245  0.0245  0.0244  0.0245  0.0244  0.0245  0.0244  0.0244
  0.0244  0.0244  0.0244  0.0244  0.0244  0.0244  0.0244  0.0244  0.0244  0.0244  0.0244  0.0244
  0.0245  0.0245  0.0244  0.0244  0.0244  0.0244  0.0244  0.0245  0.0244  0.0244  0.0244  0.0244
  0.0246  0.0246  0.0245  0.0245  0.0246  0.0245  0.0246  0.0246  0.0245  0.0246  0.0245  0.0245
  0.0249  0.0248  0.0246  0.0248  0.0249  0.0248  0.0248  0.0250  0.0247  0.0249  0.0245  0.0246
registration optimization eta report
parameter search radius
    0.8000    0.8000    0.8000    2.7600    2.4000    2.4000
    2.4000    2.4000    2.4000    2.4000    2.4000    2.4000
100000*second partial in parameter space
       67.       50.       30.        5.        9.        8.
        7.       10.        5.       10.        2.        3.
  0.0248  0.0247  0.0246  0.0248  0.0249  0.0249  0.0248  0.0250  0.0247  0.0249  0.0245  0.0246
  0.0246  0.0246  0.0245  0.0247  0.0247  0.0246  0.0246  0.0246  0.0245  0.0247  0.0245  0.0245
  0.0245  0.0245  0.0244  0.0245  0.0245  0.0245  0.0244  0.0245  0.0244  0.0245  0.0244  0.0244
  0.0244  0.0244  0.0244  0.0244  0.0244  0.0244  0.0244  0.0244  0.0244  0.0244  0.0244  0.0244
  0.0245  0.0245  0.0244  0.0244  0.0244  0.0244  0.0244  0.0245  0.0244  0.0244  0.0244  0.0244
  0.0246  0.0246  0.0245  0.0245  0.0246  0.0245  0.0246  0.0246  0.0245  0.0246  0.0245  0.0245
  0.0249  0.0248  0.0246  0.0248  0.0249  0.0248  0.0248  0.0250  0.0247  0.0249  0.0245  0.0246
   -1.3704   -5.3823   -7.9837  -10.9936  -25.4024  -17.6406
    4.8379    4.3684   -5.1941   43.1883   -0.8281  -43.8797
eta,q 0.97561 19.50819

---------------------------------------------------------------------
imgreg_4dfp /usr/local/freesurfer/average/711-2C_as_mni_average_305 /usr/local/freesurfer/average/711-2B_as_mni_average_305_mask talsrcimg_g11 none talsrcimg_to_711-2C_as_mni_average_305_t4 2311
---------------------------------------------------------------------

freesurfer imgreg_4dfp.c
/usr/local/freesurfer/average/711-2C_as_mni_average_305.4dfp.img
       256       256       256         1
  1.000000  1.000000  1.000000
orientation T byte_order littleendian
Reading image: /usr/local/freesurfer/average/711-2C_as_mni_average_305.4dfp.img
dimensions:      256       256       256
mmppix:       1.0000   -1.0000   -1.0000
center:     128.0000 -129.0000 -129.0000
/usr/local/freesurfer/average/711-2B_as_mni_average_305_mask.4dfp.img
       256       256       256         1
  1.000000  1.000000  1.000000
orientation T byte_order littleendian
Reading mask: /usr/local/freesurfer/average/711-2B_as_mni_average_305_mask.4dfp.img (2306576 pixels)
talsrcimg_g11.4dfp.img
       256       256       256         1
  1.000000  1.000000  1.000000
orientation T byte_order littleendian
Reading image: talsrcimg_g11.4dfp.img
dimensions:      256       256       256
mmppix:       1.0000   -1.0000   -1.0000
center:     128.0000 -129.0000 -129.0000
fimgreg.f
image alignment mode   2311 decimal      907 hex
parameters
   -1.3704   -5.3823   -7.9837  -10.9936  -25.4024  -17.6407
    4.8379    4.3684   -5.1941   43.1883   -0.8281  -43.8797
eta,q 0.97561 19.50818
niter,ni,del,rscale     5    3    5.0000    0.8000
parameters
   -1.3720   -5.4222   -7.9732  -11.6776  -26.0166  -18.3694
    4.9085    4.3724   -5.1163   43.0142   -0.9740  -43.8498
eta,q 0.97540 19.37247
  0.0261  0.0257  0.0252  0.0252  0.0259  0.0260  0.0261  0.0267  0.0256  0.0262  0.0250  0.0253
  0.0252  0.0250  0.0247  0.0249  0.0252  0.0253  0.0253  0.0256  0.0250  0.0254  0.0248  0.0248
  0.0246  0.0245  0.0245  0.0246  0.0247  0.0248  0.0248  0.0248  0.0247  0.0249  0.0246  0.0246
  0.0244  0.0244  0.0244  0.0244  0.0244  0.0245  0.0246  0.0246  0.0246  0.0246  0.0246  0.0246
  0.0246  0.0245  0.0245  0.0245  0.0246  0.0246  0.0247  0.0248  0.0247  0.0247  0.0247  0.0247
  0.0252  0.0250  0.0247  0.0251  0.0256  0.0257  0.0252  0.0255  0.0250  0.0254  0.0248  0.0249
  0.0261  0.0258  0.0252  0.0263  0.0275  0.0284  0.0260  0.0267  0.0255  0.0266  0.0251  0.0252
niter,ni,del,rscale     4    3    5.0000    0.7000
parameters
   -1.3442   -5.3354   -8.0119  -11.3850  -25.8257  -18.1452
    4.8398    4.3848   -5.1534   43.0987   -0.9824  -43.8312
eta,q 0.97550 19.42020
  0.0259  0.0256  0.0251  0.0253  0.0260  0.0260  0.0256  0.0262  0.0253  0.0259  0.0248  0.0250
  0.0252  0.0251  0.0248  0.0251  0.0254  0.0253  0.0250  0.0253  0.0248  0.0253  0.0247  0.0247
  0.0248  0.0247  0.0247  0.0248  0.0249  0.0248  0.0246  0.0247  0.0246  0.0248  0.0245  0.0245
  0.0246  0.0246  0.0246  0.0246  0.0246  0.0245  0.0245  0.0245  0.0245  0.0245  0.0245  0.0245
  0.0247  0.0247  0.0247  0.0245  0.0245  0.0245  0.0246  0.0247  0.0246  0.0246  0.0245  0.0246
  0.0251  0.0249  0.0249  0.0247  0.0249  0.0248  0.0250  0.0252  0.0249  0.0250  0.0247  0.0247
  0.0258  0.0254  0.0252  0.0253  0.0260  0.0260  0.0257  0.0262  0.0253  0.0260  0.0248  0.0250
niter,ni,del,rscale     3    3    5.0000    0.6000
parameters
   -1.3548   -5.3594   -7.9989  -11.1845  -25.6715  -17.9639
    4.8272    4.3754   -5.1765   43.1394   -0.9326  -43.8287
eta,q 0.97555 19.45709
  0.0254  0.0252  0.0249  0.0251  0.0256  0.0256  0.0253  0.0257  0.0250  0.0255  0.0247  0.0249
  0.0249  0.0248  0.0247  0.0249  0.0251  0.0250  0.0248  0.0250  0.0247  0.0250  0.0246  0.0246
  0.0246  0.0246  0.0246  0.0247  0.0247  0.0247  0.0245  0.0246  0.0245  0.0246  0.0245  0.0245
  0.0245  0.0245  0.0245  0.0245  0.0245  0.0245  0.0245  0.0244  0.0245  0.0245  0.0244  0.0245
  0.0246  0.0246  0.0245  0.0245  0.0245  0.0244  0.0245  0.0246  0.0245  0.0245  0.0245  0.0245
  0.0249  0.0248  0.0247  0.0247  0.0248  0.0247  0.0248  0.0250  0.0247  0.0249  0.0246  0.0246
  0.0255  0.0252  0.0249  0.0251  0.0256  0.0256  0.0253  0.0257  0.0250  0.0256  0.0247  0.0248
niter,ni,del,rscale     2    3    5.0000    0.5000
parameters
   -1.3671   -5.3720   -7.9940  -11.0268  -25.5278  -17.7873
    4.8289    4.3757   -5.2006   43.1700   -0.8702  -43.8470
eta,q 0.97559 19.48890
  0.0251  0.0249  0.0247  0.0249  0.0252  0.0252  0.0250  0.0253  0.0248  0.0252  0.0246  0.0247
  0.0247  0.0247  0.0246  0.0247  0.0249  0.0248  0.0247  0.0248  0.0246  0.0248  0.0245  0.0245
  0.0245  0.0245  0.0245  0.0246  0.0246  0.0246  0.0245  0.0245  0.0245  0.0245  0.0244  0.0244
  0.0244  0.0244  0.0244  0.0244  0.0244  0.0244  0.0244  0.0244  0.0244  0.0244  0.0244  0.0244
  0.0245  0.0245  0.0245  0.0244  0.0244  0.0244  0.0245  0.0245  0.0245  0.0245  0.0244  0.0245
  0.0248  0.0247  0.0246  0.0246  0.0247  0.0246  0.0247  0.0248  0.0246  0.0247  0.0245  0.0245
  0.0251  0.0250  0.0247  0.0249  0.0252  0.0251  0.0250  0.0253  0.0248  0.0252  0.0246  0.0247
niter,ni,del,rscale     1    3    5.0000    0.4000
parameters
   -1.3735   -5.3870   -7.9842  -10.9053  -25.4041  -17.6477
    4.8351    4.3679   -5.1977   43.1853   -0.7884  -43.8669
eta,q 0.97561 19.51336
  0.0248  0.0247  0.0246  0.0248  0.0249  0.0249  0.0248  0.0250  0.0247  0.0249  0.0245  0.0246
  0.0246  0.0246  0.0245  0.0246  0.0247  0.0246  0.0246  0.0246  0.0245  0.0247  0.0245  0.0245
  0.0245  0.0244  0.0244  0.0245  0.0245  0.0245  0.0244  0.0245  0.0244  0.0245  0.0244  0.0244
  0.0244  0.0244  0.0244  0.0244  0.0244  0.0244  0.0244  0.0244  0.0244  0.0244  0.0244  0.0244
  0.0245  0.0244  0.0244  0.0244  0.0244  0.0244  0.0244  0.0245  0.0244  0.0244  0.0244  0.0244
  0.0246  0.0246  0.0245  0.0245  0.0246  0.0245  0.0246  0.0246  0.0245  0.0246  0.0244  0.0245
  0.0249  0.0248  0.0246  0.0247  0.0249  0.0248  0.0248  0.0250  0.0247  0.0249  0.0245  0.0246
registration optimization eta report
parameter search radius
    0.8000    0.8000    0.8000    2.4000    2.4000    2.4000
    2.4000    2.4000    2.4000    2.4000    2.4000    2.4000
100000*second partial in parameter space
       67.       51.       31.        6.        9.        8.
        7.       10.        5.       10.        2.        3.
  0.0248  0.0247  0.0246  0.0248  0.0249  0.0249  0.0248  0.0250  0.0247  0.0249  0.0245  0.0246
  0.0246  0.0246  0.0245  0.0246  0.0247  0.0246  0.0246  0.0246  0.0245  0.0247  0.0245  0.0245
  0.0245  0.0244  0.0244  0.0245  0.0245  0.0245  0.0244  0.0245  0.0244  0.0245  0.0244  0.0244
  0.0244  0.0244  0.0244  0.0244  0.0244  0.0244  0.0244  0.0244  0.0244  0.0244  0.0244  0.0244
  0.0245  0.0244  0.0244  0.0244  0.0244  0.0244  0.0244  0.0245  0.0244  0.0244  0.0244  0.0244
  0.0246  0.0246  0.0245  0.0245  0.0246  0.0245  0.0246  0.0246  0.0245  0.0246  0.0244  0.0245
  0.0249  0.0248  0.0246  0.0247  0.0249  0.0248  0.0248  0.0250  0.0247  0.0249  0.0245  0.0246
   -1.3735   -5.3870   -7.9842  -10.9053  -25.4041  -17.6477
    4.8351    4.3679   -5.1977   43.1853   -0.7884  -43.8669
eta,q 0.97561 19.51336

---------------------------------------------------------------------
compute_vox2vox talsrcimg talsrcimg_to_711-2C_as_mni_average_305_t4 /usr/local/freesurfer/average/711-2C_as_mni_average_305
---------------------------------------------------------------------

freesurfer compute_vox2vox.c
Reading: talsrcimg.4dfp.ifh
Reading: talsrcimg_to_711-2C_as_mni_average_305_t4
Reading: /usr/local/freesurfer/average/711-2C_as_mni_average_305.4dfp.ifh
Writing: talsrcimg_to_711-2C_as_mni_average_305_t4_vox2vox.txt

start time Thu May 29 07:19:17 UTC 2025
end		time Thu May 29 07:19:36 UTC 2025

mpr2mni305 success

avi2talxfm orig_nu.mgz /usr/local/freesurfer/average/mni305.cor.mgz talsrcimg_to_711-2C_as_mni_average_305_t4_vox2vox.txt transforms/talairach.auto.xfm
avi2talxfm done
mv -f /home/freesurfer/subjects/sub-003/mri/talsrcimg_to_711-2C_as_mni_average_305_t4_vox2vox.txt /home/freesurfer/subjects/sub-003/mri/transforms/talsrcimg_to_711-2C_as_mni_average_305_t4_vox2vox.txt
lta_convert --src orig_nu.mgz --trg /usr/local/freesurfer/average/mni305.cor.mgz --inxfm transforms/talairach.auto.xfm --outlta transforms/talairach.auto.xfm.lta --subject fsaverage
7.4.1

--src: orig_nu.mgz src image (geometry).
--trg: /usr/local/freesurfer/average/mni305.cor.mgz trg image (geometry).
--inmni: transforms/talairach.auto.xfm input MNI/XFM transform.
--outlta: transforms/talairach.auto.xfm.lta output LTA.
--s: fsaverage subject name
 LTA read, type : 1
 1.11747  -0.01627  -0.08200   4.00853;
 0.03988   0.92751   0.54285  -28.72533;
 0.05478  -0.53809   1.02058  -10.38689;
 0.00000   0.00000   0.00000   1.00000;
setting subject to fsaverage
Writing  LTA to file transforms/talairach.auto.xfm.lta...
lta_convert successful.
 
 
Started at Thu May 29 07:19:17 UTC 2025
Ended   at Thu May 29 07:19:36 UTC 2025
talairach_avi done
