/home/freesurfer/subjects/sub-027/mri
/usr/local/freesurfer/bin/talairach_avi
--i orig_nu.mgz --xfm transforms/talairach.auto.xfm
talairach_avi 7.4.1
Linux 26932078b69b 6.11.0-26-generic #26~24.04.1-Ubuntu SMP PREEMPT_DYNAMIC Thu Apr 17 19:20:47 UTC 2 x86_64 x86_64 x86_64 GNU/Linux
Fri May 30 06:00:14 UTC 2025
mri_convert orig_nu.mgz talsrcimg.img 
reading from orig_nu.mgz...
TR=8.38, TE=0.00, TI=0.00, flip angle=0.00
i_ras = (-1, 8.3819e-09, 3.72529e-09)
j_ras = (-3.72529e-09, 0, -1)
k_ras = (-8.3819e-09, 1, 0)
writing to talsrcimg.img...
Analyze Output Matrix
-1.00000  -0.00000  -0.00000   132.56194;
 0.00000   0.00000   1.00000  -108.15926;
 0.00000  -1.00000   0.00000   128.38857;
 0.00000   0.00000   0.00000   1.00000;
--------------------
INFO: set hdr.hist.orient to -1
mpr2mni305 talsrcimg
Fri May 30 06:00:15 UTC 2025
/usr/local/freesurfer/bin/mpr2mni305 talsrcimg
mpr2mni305 7.4.1
target=711-2C_as_mni_average_305

---------------------------------------------------------------------
analyzeto4dfp talsrcimg -O0 -y
---------------------------------------------------------------------

freesurfer ifh2hdr.c
Fri May 30 06:00:15 2025
Writing: talsrcimg.4dfp.hdr
freesurfer analyzeto4dfp.c
Reading: talsrcimg.hdr
header size 348 bytes
hdr.dime.datatype	offset=70	value=2
hdr.dime.bitpix		offset=72	value=8
hdr.hist.orient		offset=252	value=-1
dimensionality     4
dimensions       256       256       256         1
Reading: talsrcimg.img
Writing: talsrcimg.4dfp.img
Writing: talsrcimg.4dfp.ifh
ifh2hdr talsrcimg -r0to255
ori=2

---------------------------------------------------------------------
gauss_4dfp talsrcimg 1.1
---------------------------------------------------------------------

freesurfer gauss_4dfp.c
Reading: talsrcimg.4dfp.img
Writing: talsrcimg_g11.4dfp.img
image dimensions 256 256 256 padded to 288 288 288
processing volume 1freesurfer ifh2hdr.c
Fri May 30 06:00:20 2025
Writing: talsrcimg_g11.4dfp.hdr

Writing: talsrcimg_g11.4dfp.ifh
including: talsrcimg.4dfp.img.rec in talsrcimg_g11.4dfp.img.rec

---------------------------------------------------------------------
imgreg_4dfp /usr/local/freesurfer/average/711-2C_as_mni_average_305 none talsrcimg_g11 none talsrcimg_to_711-2C_as_mni_average_305_t4 4355
---------------------------------------------------------------------

freesurfer imgreg_4dfp.c
/usr/local/freesurfer/average/711-2C_as_mni_average_305.4dfp.img
       256       256       256         1
  1.000000  1.000000  1.000000
orientation T byte_order littleendian
Reading image: /usr/local/freesurfer/average/711-2C_as_mni_average_305.4dfp.img
dimensions:      256       256       256
mmppix:       1.0000   -1.0000   -1.0000
center:     128.0000 -129.0000 -129.0000
talsrcimg_g11.4dfp.img
       256       256       256         1
  1.000000  1.000000  1.000000
orientation T byte_order littleendian
Reading image: talsrcimg_g11.4dfp.img
dimensions:      256       256       256
mmppix:       1.0000   -1.0000   -1.0000
center:     128.0000 -129.0000 -129.0000
t4_read: open error in t4_sub.f l:  41 t4_file(1:l)talsrcimg_to_711-2C_as_mni_average_305_t4 
t4_read: transform initialized to I4
rotation matrix determinant  1.000000
image alignment mode   4355 decimal     1103 hex
   -7.5000  -45.0000  -45.0000 9328.6348   14.8457
    0.0000  -45.0000  -45.0000 9629.0020   14.8081
    7.5000  -45.0000  -45.0000 9109.1270   14.7600
   -7.5000  -37.5000  -45.0000 9771.2207   14.8354
    0.0000  -37.5000  -45.000010089.5098   14.7983
    7.5000  -37.5000  -45.0000 9544.2920   14.7509
   -7.5000  -30.0000  -45.000010520.8008   14.8292
    0.0000  -30.0000  -45.000010869.8535   14.7930
    7.5000  -30.0000  -45.000010287.2529   14.7470
   -7.5000  -22.5000  -45.000011222.4365   14.8102
    0.0000  -22.5000  -45.000011597.1699   14.7737
    7.5000  -22.5000  -45.000010962.1924   14.7258
   -7.5000  -15.0000  -45.000011899.6768   14.7984
    0.0000  -15.0000  -45.000012305.3428   14.7606
    7.5000  -15.0000  -45.000011605.1963   14.7107
   -7.5000   -7.5000  -45.000012500.4551   14.8055
    0.0000   -7.5000  -45.000012949.0186   14.7679
    7.5000   -7.5000  -45.000012220.1807   14.7192
   -7.5000    0.0000  -45.000012973.0479   14.8223
    0.0000    0.0000  -45.000013430.1191   14.7849
    7.5000    0.0000  -45.000012680.2275   14.7370
   -7.5000    7.5000  -45.000012368.9072   14.8341
    0.0000    7.5000  -45.000012773.2549   14.7970
    7.5000    7.5000  -45.000012026.4482   14.7496
   -7.5000   15.0000  -45.000011554.4043   14.8292
    0.0000   15.0000  -45.000011914.2236   14.7930
    7.5000   15.0000  -45.000011181.9492   14.7470
   -7.5000   22.5000  -45.000010618.3164   14.8082
    0.0000   22.5000  -45.000010961.4629   14.7716
    7.5000   22.5000  -45.000010282.0996   14.7238
   -7.5000   30.0000  -45.0000 9630.5654   14.6020
    0.0000   30.0000  -45.0000 9941.5508   14.5647
    7.5000   30.0000  -45.0000 9340.6562   14.5154
   -7.5000   37.5000  -45.0000 9074.0420   14.6309
    0.0000   37.5000  -45.0000 9345.6289   14.5937
    7.5000   37.5000  -45.0000 8776.4287   14.5456
   -7.5000   45.0000  -45.0000 8192.7891   14.3465
    0.0000   45.0000  -45.0000 8427.3105   14.3099
    7.5000   45.0000  -45.0000 7927.6748   14.2635
   -7.5000  -45.0000  -37.5000 9895.1172   14.7778
    0.0000  -45.0000  -37.500010197.7715   14.7395
    7.5000  -45.0000  -37.5000 9646.3887   14.6936
   -7.5000  -37.5000  -37.500010355.4707   14.7731
    0.0000  -37.5000  -37.500010689.0264   14.7358
    7.5000  -37.5000  -37.500010106.1865   14.6911
   -7.5000  -30.0000  -37.500011123.5557   14.7738
    0.0000  -30.0000  -37.500011498.5254   14.7382
    7.5000  -30.0000  -37.500010873.1865   14.6964
   -7.5000  -22.5000  -37.500011849.8506   14.7558
    0.0000  -22.5000  -37.500012255.3271   14.7202
    7.5000  -22.5000  -37.500011573.5635   14.6779
   -7.5000  -15.0000  -37.500012562.2314   14.7383
    0.0000  -15.0000  -37.500012991.5479   14.7013
    7.5000  -15.0000  -37.500012251.1338   14.6570
   -7.5000   -7.5000  -37.500013184.0693   14.7378
    0.0000   -7.5000  -37.500013642.2109   14.6999
    7.5000   -7.5000  -37.500012866.2246   14.6550
   -7.5000    0.0000  -37.500013698.5537   14.7528
    0.0000    0.0000  -37.500014147.0654   14.7147
    7.5000    0.0000  -37.500013327.0264   14.6690
   -7.5000    7.5000  -37.500013039.0166   14.7714
    0.0000    7.5000  -37.500013449.3115   14.7341
    7.5000    7.5000  -37.500012632.3145   14.6894
   -7.5000   15.0000  -37.500012166.4189   14.7738
    0.0000   15.0000  -37.500012563.4404   14.7382
    7.5000   15.0000  -37.500011776.0508   14.6964
   -7.5000   22.5000  -37.500011161.8672   14.7538
    0.0000   22.5000  -37.500011532.5098   14.7182
    7.5000   22.5000  -37.500010829.5898   14.6759
   -7.5000   30.0000  -37.500010097.0693   14.5427
    0.0000   30.0000  -37.500010437.6406   14.5061
    7.5000   30.0000  -37.5000 9821.8086   14.4624
   -7.5000   37.5000  -37.5000 9488.4805   14.5638
    0.0000   37.5000  -37.5000 9801.2871   14.5264
    7.5000   37.5000  -37.5000 9207.6348   14.4821
   -7.5000   45.0000  -37.5000 8547.1953   14.2784
    0.0000   45.0000  -37.5000 8827.2236   14.2411
    7.5000   45.0000  -37.5000 8314.2070   14.1967
   -7.5000  -45.0000  -30.000010624.5742   15.3483
    0.0000  -45.0000  -30.000010954.9238   15.3079
    7.5000  -45.0000  -30.000010370.9297   15.2544
   -7.5000  -37.5000  -30.000011114.7598   15.3438
    0.0000  -37.5000  -30.000011480.7783   15.3058
    7.5000  -37.5000  -30.000010863.6875   15.2539
   -7.5000  -30.0000  -30.000011944.0752   15.3486
    0.0000  -30.0000  -30.000012338.4580   15.3157
    7.5000  -30.0000  -30.000011682.9912   15.2677
   -7.5000  -22.5000  -30.000012716.0410   15.3329
    0.0000  -22.5000  -30.000013136.2305   15.3023
    7.5000  -22.5000  -30.000012435.0850   15.2551
   -7.5000  -15.0000  -30.000013447.1494   15.3144
    0.0000  -15.0000  -30.000013901.2617   15.2815
    7.5000  -15.0000  -30.000013138.9277   15.2325
   -7.5000   -7.5000  -30.000014118.4121   15.3096
    0.0000   -7.5000  -30.000014598.8516   15.2720
    7.5000   -7.5000  -30.000013780.1543   15.2211
   -7.5000    0.0000  -30.000014664.4287   15.3212
    0.0000    0.0000  -30.000015159.6572   15.2810
    7.5000    0.0000  -30.000014288.3809   15.2278
   -7.5000    7.5000  -30.000013935.9307   15.3418
    0.0000    7.5000  -30.000014395.4365   15.3038
    7.5000    7.5000  -30.000013542.6582   15.2519
   -7.5000   15.0000  -30.000012995.6943   15.3486
    0.0000   15.0000  -30.000013451.4404   15.3157
    7.5000   15.0000  -30.000012635.0723   15.2677
   -7.5000   22.5000  -30.000011908.5537   15.3292
    0.0000   22.5000  -30.000012348.1924   15.2987
    7.5000   22.5000  -30.000011607.5107   15.2515
   -7.5000   30.0000  -30.000010734.3535   15.1125
    0.0000   30.0000  -30.000011132.7578   15.0800
    7.5000   30.0000  -30.000010514.3887   15.0317
   -7.5000   37.5000  -30.000010047.4902   15.1301
    0.0000   37.5000  -30.000010417.3828   15.0930
    7.5000   37.5000  -30.0000 9818.6914   15.0427
   -7.5000   45.0000  -30.0000 9055.7666   14.8390
    0.0000   45.0000  -30.0000 9380.2451   14.7998
    7.5000   45.0000  -30.0000 8847.1924   14.7479
   -7.5000  -45.0000  -22.500011325.6006   15.8582
    0.0000  -45.0000  -22.500011692.2949   15.8179
    7.5000  -45.0000  -22.500011066.4072   15.7553
   -7.5000  -37.5000  -22.500011906.1152   15.8462
    0.0000  -37.5000  -22.500012284.8818   15.8089
    7.5000  -37.5000  -22.500011603.3066   15.7472
   -7.5000  -30.0000  -22.500012771.7061   15.8458
    0.0000  -30.0000  -22.500013183.1865   15.8164
    7.5000  -30.0000  -22.500012465.5811   15.7574
   -7.5000  -22.5000  -22.500013538.9951   15.8310
    0.0000  -22.5000  -22.500013989.1709   15.8064
    7.5000  -22.5000  -22.500013259.4209   15.7478
   -7.5000  -15.0000  -22.500014290.4502   15.8186
    0.0000  -15.0000  -22.500014772.3525   15.7912
    7.5000  -15.0000  -22.500013972.0508   15.7317
   -7.5000   -7.5000  -22.500015050.1553   15.8198
    0.0000   -7.5000  -22.500015566.8975   15.7846
    7.5000   -7.5000  -22.500014682.6748   15.7241
   -7.5000    0.0000  -22.500015652.2100   15.8304
    0.0000    0.0000  -22.500016201.5967   15.7902
    7.5000    0.0000  -22.500015269.5342   15.7279
   -7.5000    7.5000  -22.500014859.0449   15.8441
    0.0000    7.5000  -22.500015373.1709   15.8069
    7.5000    7.5000  -22.500014496.4785   15.7451
   -7.5000   15.0000  -22.500013856.2598   15.8458
    0.0000   15.0000  -22.500014353.6943   15.8164
    7.5000   15.0000  -22.500013534.4941   15.7574
   -7.5000   22.5000  -22.500012670.2207   15.8261
    0.0000   22.5000  -22.500013140.8057   15.8015
    7.5000   22.5000  -22.500012399.0488   15.7430
   -7.5000   30.0000  -22.500011417.2031   15.6125
    0.0000   30.0000  -22.500011863.2510   15.5854
    7.5000   30.0000  -22.500011216.0117   15.5267
   -7.5000   37.5000  -22.500010651.7598   15.6366
    0.0000   37.5000  -22.500011068.4121   15.6018
    7.5000   37.5000  -22.500010464.8779   15.5420
   -7.5000   45.0000  -22.5000 9571.1543   15.3441
    0.0000   45.0000  -22.5000 9946.8662   15.3049
    7.5000   45.0000  -22.5000 9412.6553   15.2442
   -7.5000  -45.0000  -15.000011977.1982   16.2484
    0.0000  -45.0000  -15.000012362.5029   16.2088
    7.5000  -45.0000  -15.000011680.5283   16.1429
   -7.5000  -37.5000  -15.000012671.8701   16.2273
    0.0000  -37.5000  -15.000013061.4629   16.1909
    7.5000  -37.5000  -15.000012306.7148   16.1250
   -7.5000  -30.0000  -15.000013582.4648   16.2168
    0.0000  -30.0000  -15.000014029.6631   16.1876
    7.5000  -30.0000  -15.000013242.5693   16.1217
   -7.5000  -22.5000  -15.000014328.7920   16.1995
    0.0000  -22.5000  -15.000014829.6064   16.1742
    7.5000  -22.5000  -15.000014059.2510   16.1069
   -7.5000  -15.0000  -15.000015107.4766   16.1941
    0.0000  -15.0000  -15.000015620.1768   16.1660
    7.5000  -15.0000  -15.000014819.5039   16.0978
   -7.5000   -7.5000  -15.000015934.1211   16.2061
    0.0000   -7.5000  -15.000016481.4414   16.1709
    7.5000   -7.5000  -15.000015601.1133   16.1046
   -7.5000    0.0000  -15.000016583.7324   16.2199
    0.0000    0.0000  -15.000017178.3145   16.1805
    7.5000    0.0000  -15.000016261.7373   16.1147
   -7.5000    7.5000  -15.000015745.4648   16.2253
    0.0000    7.5000  -15.000016323.8379   16.1889
    7.5000    7.5000  -15.000015464.3076   16.1229
   -7.5000   15.0000  -15.000014694.4297   16.2168
    0.0000   15.0000  -15.000015254.2744   16.1876
    7.5000   15.0000  -15.000014427.3730   16.1217
   -7.5000   22.5000  -15.000013481.1191   16.1938
    0.0000   22.5000  -15.000013986.7998   16.1685
    7.5000   22.5000  -15.000013212.1836   16.1012
   -7.5000   30.0000  -15.000012192.6279   15.9854
    0.0000   30.0000  -15.000012671.5254   15.9576
    7.5000   30.0000  -15.000011976.6113   15.8903
   -7.5000   37.5000  -15.000011363.8818   16.0207
    0.0000   37.5000  -15.000011804.1328   15.9859
    7.5000   37.5000  -15.000011150.6338   15.9203
   -7.5000   45.0000  -15.000010178.2578   15.7316
    0.0000   45.0000  -15.000010567.2715   15.6933
    7.5000   45.0000  -15.0000 9978.8145   15.6293
   -7.5000  -45.0000   -7.500012637.7471   16.4440
    0.0000  -45.0000   -7.500013026.9844   16.4040
    7.5000  -45.0000   -7.500012293.2451   16.3435
   -7.5000  -37.5000   -7.500013427.3291   16.4228
    0.0000  -37.5000   -7.500013830.1445   16.3846
    7.5000  -37.5000   -7.500012980.7354   16.3243
   -7.5000  -30.0000   -7.500014500.0127   16.4088
    0.0000  -30.0000   -7.500014931.6240   16.3744
    7.5000  -30.0000   -7.500014027.9639   16.3137
   -7.5000  -22.5000   -7.500015248.8574   16.3882
    0.0000  -22.5000   -7.500015752.7617   16.3550
    7.5000  -22.5000   -7.500014920.9648   16.2917
   -7.5000  -15.0000   -7.500015984.7041   16.3819
    0.0000  -15.0000   -7.500016540.9805   16.3465
    7.5000  -15.0000   -7.500015731.0234   16.2816
   -7.5000   -7.5000   -7.500016900.2676   16.3971
    0.0000   -7.5000   -7.500017523.4922   16.3588
    7.5000   -7.5000   -7.500016616.2129   16.2965
   -7.5000    0.0000   -7.500017688.5898   16.4152
    0.0000    0.0000   -7.500018345.5273   16.3754
    7.5000    0.0000   -7.500017318.6035   16.3150
   -7.5000    7.5000   -7.500016880.2949   16.4207
    0.0000    7.5000   -7.500017499.7949   16.3825
    7.5000    7.5000   -7.500016486.8086   16.3222
   -7.5000   15.0000   -7.500015797.4463   16.4088
    0.0000   15.0000   -7.500016344.4023   16.3744
    7.5000   15.0000   -7.500015395.8213   16.3137
   -7.5000   22.5000   -7.500014521.8975   16.3806
    0.0000   22.5000   -7.500015021.4912   16.3474
    7.5000   22.5000   -7.500014138.5830   16.2842
   -7.5000   30.0000   -7.500013192.6738   16.1704
    0.0000   30.0000   -7.500013644.1436   16.1354
    7.5000   30.0000   -7.500012833.1963   16.0714
   -7.5000   37.5000   -7.500012271.6445   16.2091
    0.0000   37.5000   -7.500012695.6953   16.1713
    7.5000   37.5000   -7.500011940.7461   16.1098
   -7.5000   45.0000   -7.500010929.6973   15.9240
    0.0000   45.0000   -7.500011323.7480   15.8852
    7.5000   45.0000   -7.500010636.3594   15.8266
   -7.5000  -45.0000    0.000013142.8320   16.4649
    0.0000  -45.0000    0.000013574.9502   16.4239
    7.5000  -45.0000    0.000012769.2246   16.3716
   -7.5000  -37.5000    0.000013987.2686   16.4513
    0.0000  -37.5000    0.000014462.1270   16.4109
    7.5000  -37.5000    0.000013510.1465   16.3592
   -7.5000  -30.0000    0.000015298.2783   16.4427
    0.0000  -30.0000    0.000015807.4170   16.4034
    7.5000  -30.0000    0.000014662.7832   16.3532
   -7.5000  -22.5000    0.000016287.7041   16.4206
    0.0000  -22.5000    0.000016868.7305   16.3808
    7.5000  -22.5000    0.000015769.5283   16.3286
   -7.5000  -15.0000    0.000017109.6094   16.4071
    0.0000  -15.0000    0.000017743.0195   16.3660
    7.5000  -15.0000    0.000016689.5234   16.3115
   -7.5000   -7.5000    0.000018107.3281   16.4161
    0.0000   -7.5000    0.000018734.2812   16.3751
    7.5000   -7.5000    0.000017560.7051   16.3221
   -7.5000    0.0000    0.000018929.0547   16.4360
    0.0000    0.0000    0.000019535.3555   16.3952
    7.5000    0.0000    0.000018201.7598   16.3430
   -7.5000    7.5000    0.000018048.1211   16.4491
    0.0000    7.5000    0.000018587.7324   16.4088
    7.5000    7.5000    0.000017307.7402   16.3571
   -7.5000   15.0000    0.000016849.8223   16.4427
    0.0000   15.0000    0.000017313.0762   16.4034
    7.5000   15.0000    0.000016133.7754   16.3532
   -7.5000   22.5000    0.000015435.1406   16.4130
    0.0000   22.5000    0.000015906.2373   16.3733
    7.5000   22.5000    0.000014813.5449   16.3211
   -7.5000   30.0000    0.000014009.7129   16.1957
    0.0000   30.0000    0.000014463.8057   16.1551
    7.5000   30.0000    0.000013449.3916   16.1013
   -7.5000   37.5000    0.000013019.7334   16.2285
    0.0000   37.5000    0.000013444.4580   16.1880
    7.5000   37.5000    0.000012528.4678   16.1356
   -7.5000   45.0000    0.000011569.7676   15.9449
    0.0000   45.0000    0.000011947.3096   15.9050
    7.5000   45.0000    0.000011145.5020   15.8543
   -7.5000  -45.0000    7.500012581.3525   16.4519
    0.0000  -45.0000    7.500012998.7656   16.4096
    7.5000  -45.0000    7.500012187.9121   16.3588
   -7.5000  -37.5000    7.500013389.9375   16.4464
    0.0000  -37.5000    7.500013855.5176   16.4052
    7.5000  -37.5000    7.500012891.6426   16.3558
   -7.5000  -30.0000    7.500014808.0898   16.4473
    0.0000  -30.0000    7.500015319.6201   16.4081
    7.5000  -30.0000    7.500014067.1699   16.3618
   -7.5000  -22.5000    7.500016150.7832   16.4270
    0.0000  -22.5000    7.500016710.2812   16.3878
    7.5000  -22.5000    7.500015215.2324   16.3409
   -7.5000  -15.0000    7.500017200.3379   16.4070
    0.0000  -15.0000    7.500017731.4023   16.3661
    7.5000  -15.0000    7.500016188.5986   16.3170
   -7.5000   -7.5000    7.500018041.5371   16.4060
    0.0000   -7.5000    7.500018520.0645   16.3641
    7.5000   -7.5000    7.500016988.7090   16.3145
   -7.5000    0.0000    7.500018539.3477   16.4230
    0.0000    0.0000    7.500019033.9297   16.3809
    7.5000    0.0000    7.500017528.1777   16.3303
   -7.5000    7.5000    7.500017505.0273   16.4442
    0.0000    7.5000    7.500017988.8301   16.4031
    7.5000    7.5000    7.500016621.1758   16.3537
   -7.5000   15.0000    7.500016291.5557   16.4473
    0.0000   15.0000    7.500016768.4551   16.4081
    7.5000   15.0000    7.500015517.7158   16.3618
   -7.5000   22.5000    7.500014933.4629   16.4195
    0.0000   22.5000    7.500015408.3047   16.3802
    7.5000   22.5000    7.500014274.6084   16.3334
   -7.5000   30.0000    7.500013599.1025   16.1955
    0.0000   30.0000    7.500014039.1553   16.1551
    7.5000   30.0000    7.500012993.5156   16.1067
   -7.5000   37.5000    7.500012632.3301   16.2185
    0.0000   37.5000    7.500013022.3867   16.1771
    7.5000   37.5000    7.500012083.3184   16.1281
   -7.5000   45.0000    7.500011203.9688   15.9317
    0.0000   45.0000    7.500011568.2344   15.8904
    7.5000   45.0000    7.500010724.4209   15.8412
   -7.5000  -45.0000   15.000011903.3213   16.4768
    0.0000  -45.0000   15.000012288.2979   16.4334
    7.5000  -45.0000   15.000011513.1484   16.3760
   -7.5000  -37.5000   15.000012702.0137   16.4721
    0.0000  -37.5000   15.000013125.3730   16.4312
    7.5000  -37.5000   15.000012212.5791   16.3754
   -7.5000  -30.0000   15.000014086.9395   16.4776
    0.0000  -30.0000   15.000014579.0625   16.4422
    7.5000  -30.0000   15.000013352.6201   16.3907
   -7.5000  -22.5000   15.000015415.8193   16.4610
    0.0000  -22.5000   15.000015929.2051   16.4281
    7.5000  -22.5000   15.000014464.5518   16.3774
   -7.5000  -15.0000   15.000016310.4990   16.4410
    0.0000  -15.0000   15.000016818.4473   16.4057
    7.5000  -15.0000   15.000015350.5752   16.3531
   -7.5000   -7.5000   15.000016995.6484   16.4355
    0.0000   -7.5000   15.000017509.6602   16.3951
    7.5000   -7.5000   15.000016105.4434   16.3404
   -7.5000    0.0000   15.000017495.7773   16.4478
    0.0000    0.0000   15.000018034.8555   16.4046
    7.5000    0.0000   15.000016639.4258   16.3474
   -7.5000    7.5000   15.000016580.9980   16.4700
    0.0000    7.5000   15.000017112.1641   16.4291
    7.5000    7.5000   15.000015768.8086   16.3733
   -7.5000   15.0000   15.000015467.9492   16.4776
    0.0000   15.0000   15.000015971.7812   16.4422
    7.5000   15.0000   15.000014716.2236   16.3907
   -7.5000   22.5000   15.000014204.7139   16.4534
    0.0000   22.5000   15.000014662.2676   16.4205
    7.5000   22.5000   15.000013527.0215   16.3698
   -7.5000   30.0000   15.000012912.2002   16.2290
    0.0000   30.0000   15.000013339.5586   16.1941
    7.5000   30.0000   15.000012307.1484   16.1422
   -7.5000   37.5000   15.000011990.7324   16.2476
    0.0000   37.5000   15.000012370.5566   16.2077
    7.5000   37.5000   15.000011454.3555   16.1537
   -7.5000   45.0000   15.000010646.2598   15.9559
    0.0000   45.0000   15.000010998.5684   15.9136
    7.5000   45.0000   15.000010182.0762   15.8578
   -7.5000  -45.0000   22.500011119.8682   16.5754
    0.0000  -45.0000   22.500011519.6904   16.5327
    7.5000  -45.0000   22.500010763.4297   16.4670
   -7.5000  -37.5000   22.500011833.7959   16.5623
    0.0000  -37.5000   22.500012263.5996   16.5228
    7.5000  -37.5000   22.500011415.7471   16.4580
   -7.5000  -30.0000   22.500013110.5156   16.5614
    0.0000  -30.0000   22.500013596.3604   16.5303
    7.5000  -30.0000   22.500012518.3125   16.4684
   -7.5000  -22.5000   22.500014302.6387   16.5460
    0.0000  -22.5000   22.500014816.1553   16.5199
    7.5000  -22.5000   22.500013561.3096   16.4584
   -7.5000  -15.0000   22.500014999.0303   16.5335
    0.0000  -15.0000   22.500015506.4541   16.5044
    7.5000  -15.0000   22.500014353.6191   16.4420
   -7.5000   -7.5000   22.500015618.7656   16.5351
    0.0000   -7.5000   22.500016143.1416   16.4978
    7.5000   -7.5000   22.500015033.5693   16.4342
   -7.5000    0.0000   22.500016212.0400   16.5461
    0.0000    0.0000   22.500016754.3555   16.5036
    7.5000    0.0000   22.500015579.0557   16.4381
   -7.5000    7.5000   22.500015469.6895   16.5601
    0.0000    7.5000   22.500015984.2627   16.5207
    7.5000    7.5000   22.500014821.6865   16.4558
   -7.5000   15.0000   22.500014437.7324   16.5614
    0.0000   15.0000   22.500014916.5195   16.5303
    7.5000   15.0000   22.500013804.4639   16.4684
   -7.5000   22.5000   22.500013262.1523   16.5384
    0.0000   22.5000   22.500013706.1816   16.5123
    7.5000   22.5000   22.500012675.5957   16.4508
   -7.5000   30.0000   22.500012057.4062   16.3203
    0.0000   30.0000   22.500012469.6367   16.2916
    7.5000   30.0000   22.500011526.2520   16.2299
   -7.5000   37.5000   22.500011196.1133   16.3458
    0.0000   37.5000   22.500011593.9404   16.3090
    7.5000   37.5000   22.500010751.4043   16.2461
   -7.5000   45.0000   22.5000 9936.5703   16.0518
    0.0000   45.0000   22.500010312.0029   16.0103
    7.5000   45.0000   22.5000 9582.6885   15.9465
   -7.5000  -45.0000   30.000010309.1621   16.8963
    0.0000  -45.0000   30.000010693.9561   16.8536
    7.5000  -45.0000   30.000010047.4160   16.7837
   -7.5000  -37.5000   30.000010948.6611   16.8735
    0.0000  -37.5000   30.000011356.6895   16.8342
    7.5000  -37.5000   30.000010651.6191   16.7644
   -7.5000  -30.0000   30.000012127.0166   16.8612
    0.0000  -30.0000   30.000012569.4062   16.8298
    7.5000  -30.0000   30.000011654.4473   16.7603
   -7.5000  -22.5000   30.000013149.6758   16.8419
    0.0000  -22.5000   30.000013616.6074   16.8148
    7.5000  -22.5000   30.000012603.5166   16.7439
   -7.5000  -15.0000   30.000013774.9180   16.8362
    0.0000  -15.0000   30.000014246.7480   16.8060
    7.5000  -15.0000   30.000013351.5068   16.7342
   -7.5000   -7.5000   30.000014455.6602   16.8503
    0.0000   -7.5000   30.000014940.5947   16.8123
    7.5000   -7.5000   30.000014037.4287   16.7422
   -7.5000    0.0000   30.000015043.4854   16.8659
    0.0000    0.0000   30.000015559.2617   16.8234
    7.5000    0.0000   30.000014567.0654   16.7537
   -7.5000    7.5000   30.000014339.1475   16.8713
    0.0000    7.5000   30.000014844.6357   16.8320
    7.5000    7.5000   30.000013836.0039   16.7622
   -7.5000   15.0000   30.000013367.2715   16.8612
    0.0000   15.0000   30.000013853.9619   16.8298
    7.5000   15.0000   30.000012867.9980   16.7603
   -7.5000   22.5000   30.000012291.2900   16.8341
    0.0000   22.5000   30.000012735.8271   16.8071
    7.5000   22.5000   30.000011821.0352   16.7362
   -7.5000   30.0000   30.000011177.1074   16.6187
    0.0000   30.0000   30.000011593.9316   16.5889
    7.5000   30.0000   30.000010770.3486   16.5180
   -7.5000   37.5000   30.000010411.1953   16.6538
    0.0000   37.5000   30.000010800.2979   16.6163
    7.5000   37.5000   30.000010062.4941   16.5470
   -7.5000   45.0000   30.0000 9236.8604   16.3564
    0.0000   45.0000   30.0000 9600.1387   16.3150
    7.5000   45.0000   30.0000 8958.4697   16.2472
   -7.5000  -45.0000   37.5000 9874.6934   17.3287
    0.0000  -45.0000   37.500010252.4473   17.2834
    7.5000  -45.0000   37.5000 9676.2549   17.2177
   -7.5000  -37.5000   37.500010497.5928   17.3048
    0.0000  -37.5000   37.500010888.3906   17.2615
    7.5000  -37.5000   37.500010257.5879   17.1959
   -7.5000  -30.0000   37.500011592.2344   17.2891
    0.0000  -30.0000   37.500012026.9531   17.2502
    7.5000  -30.0000   37.500011234.4238   17.1845
   -7.5000  -22.5000   37.500012509.4209   17.2663
    0.0000  -22.5000   37.500012946.1426   17.2291
    7.5000  -22.5000   37.500012135.8896   17.1607
   -7.5000  -15.0000   37.500013152.6357   17.2599
    0.0000  -15.0000   37.500013587.4854   17.2202
    7.5000  -15.0000   37.500012856.2744   17.1499
   -7.5000   -7.5000   37.500013889.5332   17.2769
    0.0000   -7.5000   37.500014354.3701   17.2338
    7.5000   -7.5000   37.500013555.6396   17.1663
   -7.5000    0.0000   37.500014448.9258   17.2967
    0.0000    0.0000   37.500014939.7998   17.2517
    7.5000    0.0000   37.500014071.7061   17.1861
   -7.5000    7.5000   37.500013757.3301   17.3024
    0.0000    7.5000   37.500014220.8643   17.2591
    7.5000    7.5000   37.500013354.1934   17.1936
   -7.5000   15.0000   37.500012815.8115   17.2891
    0.0000   15.0000   37.500013254.8125   17.2502
    7.5000   15.0000   37.500012403.6016   17.1845
   -7.5000   22.5000   37.500011783.7090   17.2584
    0.0000   22.5000   37.500012198.9570   17.2211
    7.5000   22.5000   37.500011407.9658   17.1528
   -7.5000   30.0000   37.500010744.0391   17.0366
    0.0000   30.0000   37.500011128.8350   16.9974
    7.5000   30.0000   37.500010407.1455   16.9281
   -7.5000   37.5000   37.500010020.4727   17.0700
    0.0000   37.5000   37.500010377.0508   17.0275
    7.5000   37.5000   37.5000 9747.0439   16.9608
   -7.5000   45.0000   37.5000 8889.0059   16.7641
    0.0000   45.0000   37.5000 9234.6113   16.7203
    7.5000   45.0000   37.5000 8690.6895   16.6567
   -7.5000  -45.0000   45.0000 9092.9365   17.7839
    0.0000  -45.0000   45.0000 9439.6025   17.7410
    7.5000  -45.0000   45.0000 8945.2188   17.6843
   -7.5000  -37.5000   45.0000 9669.5918   17.7670
    0.0000  -37.5000   45.000010037.2744   17.7248
    7.5000  -37.5000   45.0000 9480.5576   17.6694
   -7.5000  -30.0000   45.000010654.9424   17.7582
    0.0000  -30.0000   45.000011059.4297   17.7163
    7.5000  -30.0000   45.000010394.3203   17.6626
   -7.5000  -22.5000   45.000011463.6699   17.7343
    0.0000  -22.5000   45.000011863.2959   17.6909
    7.5000  -22.5000   45.000011209.6738   17.6343
   -7.5000  -15.0000   45.000012093.5312   17.7194
    0.0000  -15.0000   45.000012504.2490   17.6743
    7.5000  -15.0000   45.000011861.4453   17.6145
   -7.5000   -7.5000   45.000012800.3545   17.7287
    0.0000   -7.5000   45.000013235.4082   17.6848
    7.5000   -7.5000   45.000012522.4600   17.6267
   -7.5000    0.0000   45.000013307.2803   17.7500
    0.0000    0.0000   45.000013752.1406   17.7073
    7.5000    0.0000   45.000013003.9209   17.6508
   -7.5000    7.5000   45.000012654.9531   17.7645
    0.0000    7.5000   45.000013079.3076   17.7223
    7.5000    7.5000   45.000012322.1270   17.6669
   -7.5000   15.0000   45.000011774.8340   17.7582
    0.0000   15.0000   45.000012193.9072   17.7163
    7.5000   15.0000   45.000011445.1914   17.6626
   -7.5000   22.5000   45.000010834.0039   17.7260
    0.0000   22.5000   45.000011222.7930   17.6827
    7.5000   22.5000   45.000010527.6406   17.6261
   -7.5000   30.0000   45.0000 9877.8262   17.4886
    0.0000   30.0000   45.000010237.6895   17.4441
    7.5000   30.0000   45.0000 9597.6191   17.3851
   -7.5000   37.5000   45.0000 9237.8047   17.5103
    0.0000   37.5000   45.0000 9573.5020   17.4669
    7.5000   37.5000   45.0000 9004.7783   17.4096
   -7.5000   45.0000   45.0000 8244.3379   17.2014
    0.0000   45.0000   45.0000 8553.0693   17.1599
    7.5000   45.0000   45.0000 8064.6372   17.1050

---------------------------------------------------------------------
imgreg_4dfp /usr/local/freesurfer/average/711-2C_as_mni_average_305 /usr/local/freesurfer/average/711-2B_as_mni_average_305_mask talsrcimg_g11 none talsrcimg_to_711-2C_as_mni_average_305_t4 4355
---------------------------------------------------------------------

freesurfer imgreg_4dfp.c
/usr/local/freesurfer/average/711-2C_as_mni_average_305.4dfp.img
       256       256       256         1
  1.000000  1.000000  1.000000
orientation T byte_order littleendian
Reading image: /usr/local/freesurfer/average/711-2C_as_mni_average_305.4dfp.img
dimensions:      256       256       256
mmppix:       1.0000   -1.0000   -1.0000
center:     128.0000 -129.0000 -129.0000
/usr/local/freesurfer/average/711-2B_as_mni_average_305_mask.4dfp.img
       256       256       256         1
  1.000000  1.000000  1.000000
orientation T byte_order littleendian
Reading mask: /usr/local/freesurfer/average/711-2B_as_mni_average_305_mask.4dfp.img (2306576 pixels)
talsrcimg_g11.4dfp.img
       256       256       256         1
  1.000000  1.000000  1.000000
orientation T byte_order littleendian
Reading image: talsrcimg_g11.4dfp.img
dimensions:      256       256       256
mmppix:       1.0000   -1.0000   -1.0000
center:     128.0000 -129.0000 -129.0000
rotation matrix determinant  1.000000
image alignment mode   4355 decimal     1103 hex
   -7.5000  -45.0000  -45.0000 2434.3149   16.5255
    0.0000  -45.0000  -45.0000 2428.4099   16.5229
    7.5000  -45.0000  -45.0000 2406.2559   16.7413
   -7.5000  -37.5000  -45.0000 2488.8813   15.6631
    0.0000  -37.5000  -45.0000 2481.6685   15.6789
    7.5000  -37.5000  -45.0000 2455.0273   15.9401
   -7.5000  -30.0000  -45.0000 2514.9949   15.0903
    0.0000  -30.0000  -45.0000 2504.5059   15.1141
    7.5000  -30.0000  -45.0000 2477.8855   15.4115
   -7.5000  -22.5000  -45.0000 2529.0889   14.8159
    0.0000  -22.5000  -45.0000 2520.0654   14.8385
    7.5000  -22.5000  -45.0000 2492.4016   15.1767
   -7.5000  -15.0000  -45.0000 2527.2681   14.8574
    0.0000  -15.0000  -45.0000 2522.0825   14.8929
    7.5000  -15.0000  -45.0000 2490.5112   15.1956
   -7.5000   -7.5000  -45.0000 2509.9817   15.1186
    0.0000   -7.5000  -45.0000 2507.8528   15.1886
    7.5000   -7.5000  -45.0000 2474.8223   15.4727
   -7.5000    0.0000  -45.0000 2475.6699   15.6728
    0.0000    0.0000  -45.0000 2469.6335   15.6968
    7.5000    0.0000  -45.0000 2441.3987   15.9875
   -7.5000    7.5000  -45.0000 2426.4734   16.4871
    0.0000    7.5000  -45.0000 2421.9722   16.4754
    7.5000    7.5000  -45.0000 2392.9641   16.7765
   -7.5000   15.0000  -45.0000 2353.9131   17.4495
    0.0000   15.0000  -45.0000 2352.0786   17.4571
    7.5000   15.0000  -45.0000 2319.6721   17.7880
   -7.5000   22.5000  -45.0000 2260.4351   18.6884
    0.0000   22.5000  -45.0000 2259.9915   18.7391
    7.5000   22.5000  -45.0000 2232.0486   19.1353
   -7.5000   30.0000  -45.0000 2152.6990   20.4091
    0.0000   30.0000  -45.0000 2149.1526   20.4494
    7.5000   30.0000  -45.0000 2125.3794   20.8480
   -7.5000   37.5000  -45.0000 2044.0499   22.7623
    0.0000   37.5000  -45.0000 2040.3619   22.7273
    7.5000   37.5000  -45.0000 2015.6849   23.1871
   -7.5000   45.0000  -45.0000 1918.5977   25.8370
    0.0000   45.0000  -45.0000 1912.2600   25.8107
    7.5000   45.0000  -45.0000 1898.9481   26.3153
   -7.5000  -45.0000  -37.5000 2516.9319   15.5965
    0.0000  -45.0000  -37.5000 2507.2168   15.5857
    7.5000  -45.0000  -37.5000 2483.2852   15.7772
   -7.5000  -37.5000  -37.5000 2569.6106   14.7121
    0.0000  -37.5000  -37.5000 2559.0933   14.7325
    7.5000  -37.5000  -37.5000 2534.4014   14.9496
   -7.5000  -30.0000  -37.5000 2601.2615   14.1468
    0.0000  -30.0000  -37.5000 2589.5049   14.1868
    7.5000  -30.0000  -37.5000 2561.5959   14.4443
   -7.5000  -22.5000  -37.5000 2619.5244   13.8381
    0.0000  -22.5000  -37.5000 2608.7144   13.8771
    7.5000  -22.5000  -37.5000 2578.6875   14.1880
   -7.5000  -15.0000  -37.5000 2623.2974   13.8509
    0.0000  -15.0000  -37.5000 2615.8926   13.8902
    7.5000  -15.0000  -37.5000 2582.2705   14.1863
   -7.5000   -7.5000  -37.5000 2603.5747   14.0460
    0.0000   -7.5000  -37.5000 2598.8289   14.1152
    7.5000   -7.5000  -37.5000 2564.6655   14.3756
   -7.5000    0.0000  -37.5000 2570.8008   14.5688
    0.0000    0.0000  -37.5000 2562.0125   14.5782
    7.5000    0.0000  -37.5000 2525.0913   14.8402
   -7.5000    7.5000  -37.5000 2519.3596   15.2786
    0.0000    7.5000  -37.5000 2517.6035   15.2865
    7.5000    7.5000  -37.5000 2478.9912   15.5371
   -7.5000   15.0000  -37.5000 2440.7307   16.1610
    0.0000   15.0000  -37.5000 2443.8730   16.1568
    7.5000   15.0000  -37.5000 2405.7832   16.4399
   -7.5000   22.5000  -37.5000 2346.7629   17.3195
    0.0000   22.5000  -37.5000 2344.8674   17.3614
    7.5000   22.5000  -37.5000 2313.7441   17.6966
   -7.5000   30.0000  -37.5000 2232.3379   18.8896
    0.0000   30.0000  -37.5000 2228.8000   18.9468
    7.5000   30.0000  -37.5000 2202.4426   19.3143
   -7.5000   37.5000  -37.5000 2123.6582   21.0076
    0.0000   37.5000  -37.5000 2120.5327   21.0084
    7.5000   37.5000  -37.5000 2087.8662   21.4300
   -7.5000   45.0000  -37.5000 1986.3774   23.7992
    0.0000   45.0000  -37.5000 1984.3138   23.8016
    7.5000   45.0000  -37.5000 1968.2025   24.2379
   -7.5000  -45.0000  -30.0000 2640.1040   15.2788
    0.0000  -45.0000  -30.0000 2631.0266   15.2387
    7.5000  -45.0000  -30.0000 2604.8933   15.4420
   -7.5000  -37.5000  -30.0000 2693.2473   14.3641
    0.0000  -37.5000  -30.0000 2685.7080   14.3721
    7.5000  -37.5000  -30.0000 2656.7666   14.5637
   -7.5000  -30.0000  -30.0000 2727.5396   13.7653
    0.0000  -30.0000  -30.0000 2718.4248   13.8157
    7.5000  -30.0000  -30.0000 2690.3726   14.0193
   -7.5000  -22.5000  -30.0000 2745.1162   13.4550
    0.0000  -22.5000  -30.0000 2731.5327   13.4928
    7.5000  -22.5000  -30.0000 2711.6926   13.7488
   -7.5000  -15.0000  -30.0000 2748.1082   13.4257
    0.0000  -15.0000  -30.0000 2741.1611   13.4663
    7.5000  -15.0000  -30.0000 2710.8293   13.7418
   -7.5000   -7.5000  -30.0000 2735.3809   13.6035
    0.0000   -7.5000  -30.0000 2730.1223   13.6560
    7.5000   -7.5000  -30.0000 2691.3303   13.9063
   -7.5000    0.0000  -30.0000 2705.9922   14.0642
    0.0000    0.0000  -30.0000 2698.8120   14.0963
    7.5000    0.0000  -30.0000 2662.6030   14.3651
   -7.5000    7.5000  -30.0000 2650.9097   14.6918
    0.0000    7.5000  -30.0000 2646.2053   14.7000
    7.5000    7.5000  -30.0000 2611.7268   14.9658
   -7.5000   15.0000  -30.0000 2572.2454   15.5274
    0.0000   15.0000  -30.0000 2574.9897   15.5285
    7.5000   15.0000  -30.0000 2538.4438   15.8160
   -7.5000   22.5000  -30.0000 2474.0881   16.6504
    0.0000   22.5000  -30.0000 2475.9109   16.6835
    7.5000   22.5000  -30.0000 2442.7156   17.0272
   -7.5000   30.0000  -30.0000 2348.0984   18.1779
    0.0000   30.0000  -30.0000 2346.6306   18.2237
    7.5000   30.0000  -30.0000 2324.6880   18.5990
   -7.5000   37.5000  -30.0000 2229.2529   20.1851
    0.0000   37.5000  -30.0000 2228.5967   20.1791
    7.5000   37.5000  -30.0000 2199.3796   20.6010
   -7.5000   45.0000  -30.0000 2092.6450   22.8192
    0.0000   45.0000  -30.0000 2089.1038   22.8164
    7.5000   45.0000  -30.0000 2069.7996   23.2484
   -7.5000  -45.0000  -22.5000 2725.8276   14.8385
    0.0000  -45.0000  -22.5000 2720.1431   14.8033
    7.5000  -45.0000  -22.5000 2690.8501   15.0093
   -7.5000  -37.5000  -22.5000 2787.0850   13.9633
    0.0000  -37.5000  -22.5000 2781.9004   13.9385
    7.5000  -37.5000  -22.5000 2748.8083   14.1401
   -7.5000  -30.0000  -22.5000 2823.7856   13.3095
    0.0000  -30.0000  -22.5000 2815.0771   13.3166
    7.5000  -30.0000  -22.5000 2785.0061   13.5406
   -7.5000  -22.5000  -22.5000 2836.3574   12.9494
    0.0000  -22.5000  -22.5000 2825.5725   12.9973
    7.5000  -22.5000  -22.5000 2798.7246   13.2176
   -7.5000  -15.0000  -22.5000 2838.4290   12.9156
    0.0000  -15.0000  -22.5000 2833.7290   12.9413
    7.5000  -15.0000  -22.5000 2800.2300   13.1686
   -7.5000   -7.5000  -22.5000 2834.7200   13.0848
    0.0000   -7.5000  -22.5000 2830.1531   13.1396
    7.5000   -7.5000  -22.5000 2788.8945   13.3801
   -7.5000    0.0000  -22.5000 2809.3225   13.5272
    0.0000    0.0000  -22.5000 2805.6423   13.5671
    7.5000    0.0000  -22.5000 2767.8376   13.8289
   -7.5000    7.5000  -22.5000 2751.2253   14.1055
    0.0000    7.5000  -22.5000 2751.3167   14.1367
    7.5000    7.5000  -22.5000 2718.1260   14.4127
   -7.5000   15.0000  -22.5000 2673.0366   14.9029
    0.0000   15.0000  -22.5000 2674.8481   14.9177
    7.5000   15.0000  -22.5000 2641.5886   15.2014
   -7.5000   22.5000  -22.5000 2573.3127   15.9876
    0.0000   22.5000  -22.5000 2574.0269   16.0394
    7.5000   22.5000  -22.5000 2542.2964   16.3710
   -7.5000   30.0000  -22.5000 2444.6948   17.4709
    0.0000   30.0000  -22.5000 2444.5725   17.5183
    7.5000   30.0000  -22.5000 2419.1643   17.8825
   -7.5000   37.5000  -22.5000 2313.9758   19.3878
    0.0000   37.5000  -22.5000 2315.7969   19.4003
    7.5000   37.5000  -22.5000 2286.5996   19.7735
   -7.5000   45.0000  -22.5000 2171.7649   21.8749
    0.0000   45.0000  -22.5000 2172.0872   21.8854
    7.5000   45.0000  -22.5000 2145.6621   22.3033
   -7.5000  -45.0000  -15.0000 2767.7007   14.4626
    0.0000  -45.0000  -15.0000 2761.4526   14.4516
    7.5000  -45.0000  -15.0000 2735.6248   14.6498
   -7.5000  -37.5000  -15.0000 2834.6875   13.5915
    0.0000  -37.5000  -15.0000 2830.4631   13.5752
    7.5000  -37.5000  -15.0000 2799.4619   13.7732
   -7.5000  -30.0000  -15.0000 2877.3860   12.9316
    0.0000  -30.0000  -15.0000 2872.2747   12.9187
    7.5000  -30.0000  -15.0000 2837.4824   13.1713
   -7.5000  -22.5000  -15.0000 2887.6348   12.4305
    0.0000  -22.5000  -15.0000 2884.9399   12.4991
    7.5000  -22.5000  -15.0000 2848.9880   12.7656
   -7.5000  -15.0000  -15.0000 2894.3823   12.3320
    0.0000  -15.0000  -15.0000 2889.9729   12.3959
    7.5000  -15.0000  -15.0000 2858.0640   12.6703
   -7.5000   -7.5000  -15.0000 2892.1003   12.5265
    0.0000   -7.5000  -15.0000 2892.5942   12.6075
    7.5000   -7.5000  -15.0000 2859.0735   12.8945
   -7.5000    0.0000  -15.0000 2866.1326   12.9907
    0.0000    0.0000  -15.0000 2870.3606   13.0346
    7.5000    0.0000  -15.0000 2837.4792   13.3413
   -7.5000    7.5000  -15.0000 2811.3113   13.5920
    0.0000    7.5000  -15.0000 2816.6853   13.6183
    7.5000    7.5000  -15.0000 2784.9846   13.9331
   -7.5000   15.0000  -15.0000 2735.4563   14.3579
    0.0000   15.0000  -15.0000 2739.1792   14.4109
    7.5000   15.0000  -15.0000 2705.8452   14.7206
   -7.5000   22.5000  -15.0000 2635.9329   15.3907
    0.0000   22.5000  -15.0000 2641.5911   15.4899
    7.5000   22.5000  -15.0000 2605.3279   15.8172
   -7.5000   30.0000  -15.0000 2512.3848   16.8303
    0.0000   30.0000  -15.0000 2517.0811   16.8870
    7.5000   30.0000  -15.0000 2483.0479   17.2363
   -7.5000   37.5000  -15.0000 2375.7024   18.6732
    0.0000   37.5000  -15.0000 2379.8699   18.7225
    7.5000   37.5000  -15.0000 2345.8577   19.0977
   -7.5000   45.0000  -15.0000 2227.1853   21.0529
    0.0000   45.0000  -15.0000 2225.1748   21.0833
    7.5000   45.0000  -15.0000 2193.5681   21.5007
   -7.5000  -45.0000   -7.5000 2784.4429   14.2348
    0.0000  -45.0000   -7.5000 2781.5549   14.1853
    7.5000  -45.0000   -7.5000 2749.6155   14.4000
   -7.5000  -37.5000   -7.5000 2854.4021   13.3288
    0.0000  -37.5000   -7.5000 2851.0159   13.3038
    7.5000  -37.5000   -7.5000 2817.2148   13.5293
   -7.5000  -30.0000   -7.5000 2902.2341   12.6840
    0.0000  -30.0000   -7.5000 2898.5188   12.6480
    7.5000  -30.0000   -7.5000 2861.9250   12.8991
   -7.5000  -22.5000   -7.5000 2916.6589   12.0726
    0.0000  -22.5000   -7.5000 2916.7544   12.1280
    7.5000  -22.5000   -7.5000 2878.8606   12.4586
   -7.5000  -15.0000   -7.5000 2920.8628   11.8285
    0.0000  -15.0000   -7.5000 2919.6338   11.9226
    7.5000  -15.0000   -7.5000 2888.5046   12.3045
   -7.5000   -7.5000   -7.5000 2922.9189   12.0508
    0.0000   -7.5000   -7.5000 2930.4133   12.1250
    7.5000   -7.5000   -7.5000 2899.6550   12.4909
   -7.5000    0.0000   -7.5000 2906.7112   12.5423
    0.0000    0.0000   -7.5000 2917.3445   12.6032
    7.5000    0.0000   -7.5000 2881.9209   12.9170
   -7.5000    7.5000   -7.5000 2857.2673   13.1417
    0.0000    7.5000   -7.5000 2869.4143   13.1906
    7.5000    7.5000   -7.5000 2833.4534   13.4871
   -7.5000   15.0000   -7.5000 2784.0410   13.9227
    0.0000   15.0000   -7.5000 2787.7971   13.9776
    7.5000   15.0000   -7.5000 2757.9456   14.2925
   -7.5000   22.5000   -7.5000 2683.9565   14.9459
    0.0000   22.5000   -7.5000 2687.0540   15.0121
    7.5000   22.5000   -7.5000 2658.4756   15.3653
   -7.5000   30.0000   -7.5000 2560.6763   16.3210
    0.0000   30.0000   -7.5000 2566.4707   16.3512
    7.5000   30.0000   -7.5000 2534.8716   16.7411
   -7.5000   37.5000   -7.5000 2417.4724   18.0709
    0.0000   37.5000   -7.5000 2420.7642   18.1294
    7.5000   37.5000   -7.5000 2390.1016   18.5661
   -7.5000   45.0000   -7.5000 2259.6614   20.3214
    0.0000   45.0000   -7.5000 2262.1648   20.3772
    7.5000   45.0000   -7.5000 2227.2188   20.8600
   -7.5000  -45.0000    0.0000 2780.5200   14.1859
    0.0000  -45.0000    0.0000 2779.8330   14.1556
    7.5000  -45.0000    0.0000 2750.5435   14.3771
   -7.5000  -37.5000    0.0000 2850.2898   13.2677
    0.0000  -37.5000    0.0000 2851.5039   13.2515
    7.5000  -37.5000    0.0000 2824.1848   13.4770
   -7.5000  -30.0000    0.0000 2899.7744   12.6546
    0.0000  -30.0000    0.0000 2905.8176   12.6432
    7.5000  -30.0000    0.0000 2874.6404   12.8458
   -7.5000  -22.5000    0.0000 2933.5842   12.1498
    0.0000  -22.5000    0.0000 2942.1577   12.1882
    7.5000  -22.5000    0.0000 2908.6658   12.4309
   -7.5000  -15.0000    0.0000 2931.8218   11.7703
    0.0000  -15.0000    0.0000 2943.1633   11.8654
    7.5000  -15.0000    0.0000 2917.7471   12.2226
   -7.5000   -7.5000    0.0000 2938.6047   11.9200
    0.0000   -7.5000    0.0000 2949.9907   11.9716
    7.5000   -7.5000    0.0000 2917.1604   12.3107
   -7.5000    0.0000    0.0000 2928.7712   12.3436
    0.0000    0.0000    0.0000 2939.1265   12.3463
    7.5000    0.0000    0.0000 2899.2405   12.6195
   -7.5000    7.5000    0.0000 2884.9927   12.8964
    0.0000    7.5000    0.0000 2895.3623   12.8763
    7.5000    7.5000    0.0000 2859.3743   13.1534
   -7.5000   15.0000    0.0000 2808.2390   13.6487
    0.0000   15.0000    0.0000 2815.0603   13.6472
    7.5000   15.0000    0.0000 2783.8245   13.9593
   -7.5000   22.5000    0.0000 2709.4739   14.6576
    0.0000   22.5000    0.0000 2713.7368   14.6702
    7.5000   22.5000    0.0000 2683.6619   15.0123
   -7.5000   30.0000    0.0000 2591.5237   16.0098
    0.0000   30.0000    0.0000 2597.1033   16.0473
    7.5000   30.0000    0.0000 2562.7163   16.3964
   -7.5000   37.5000    0.0000 2450.5720   17.7329
    0.0000   37.5000    0.0000 2453.2192   17.7961
    7.5000   37.5000    0.0000 2423.7000   18.1638
   -7.5000   45.0000    0.0000 2290.5994   19.9193
    0.0000   45.0000    0.0000 2288.2563   19.9654
    7.5000   45.0000    0.0000 2260.6794   20.3714
   -7.5000  -45.0000    7.5000 2748.9678   14.3327
    0.0000  -45.0000    7.5000 2750.7490   14.3226
    7.5000  -45.0000    7.5000 2732.6509   14.5408
   -7.5000  -37.5000    7.5000 2821.7507   13.4241
    0.0000  -37.5000    7.5000 2828.0559   13.4114
    7.5000  -37.5000    7.5000 2811.4734   13.6205
   -7.5000  -30.0000    7.5000 2881.2324   12.8844
    0.0000  -30.0000    7.5000 2891.6147   12.8725
    7.5000  -30.0000    7.5000 2867.4983   12.9993
   -7.5000  -22.5000    7.5000 2936.5671   12.5072
    0.0000  -22.5000    7.5000 2947.8262   12.5035
    7.5000  -22.5000    7.5000 2908.2244   12.5794
   -7.5000  -15.0000    7.5000 2954.3835   12.1492
    0.0000  -15.0000    7.5000 2961.2334   12.1831
    7.5000  -15.0000    7.5000 2920.6841   12.3524
   -7.5000   -7.5000    7.5000 2949.9011   12.1124
    0.0000   -7.5000    7.5000 2958.2595   12.1238
    7.5000   -7.5000    7.5000 2916.7051   12.3348
   -7.5000    0.0000    7.5000 2923.6455   12.3402
    0.0000    0.0000    7.5000 2934.2737   12.3184
    7.5000    0.0000    7.5000 2892.6277   12.5449
   -7.5000    7.5000    7.5000 2883.5344   12.7587
    0.0000    7.5000    7.5000 2892.2876   12.7548
    7.5000    7.5000    7.5000 2857.1824   13.0307
   -7.5000   15.0000    7.5000 2816.5623   13.4821
    0.0000   15.0000    7.5000 2824.8772   13.4960
    7.5000   15.0000    7.5000 2790.6729   13.8021
   -7.5000   22.5000    7.5000 2721.2878   14.5437
    0.0000   22.5000    7.5000 2727.7964   14.5743
    7.5000   22.5000    7.5000 2698.3357   14.8607
   -7.5000   30.0000    7.5000 2616.0378   15.9387
    0.0000   30.0000    7.5000 2615.6294   15.9797
    7.5000   30.0000    7.5000 2582.0901   16.2745
   -7.5000   37.5000    7.5000 2478.0173   17.6417
    0.0000   37.5000    7.5000 2475.3110   17.7032
    7.5000   37.5000    7.5000 2445.8049   18.0214
   -7.5000   45.0000    7.5000 2312.9380   19.7695
    0.0000   45.0000    7.5000 2311.0889   19.8145
    7.5000   45.0000    7.5000 2279.1326   20.1188
   -7.5000  -45.0000   15.0000 2697.3037   14.7070
    0.0000  -45.0000   15.0000 2704.2058   14.7431
    7.5000  -45.0000   15.0000 2695.0823   14.9431
   -7.5000  -37.5000   15.0000 2786.8540   13.8340
    0.0000  -37.5000   15.0000 2795.0981   13.8662
    7.5000  -37.5000   15.0000 2777.3770   13.9960
   -7.5000  -30.0000   15.0000 2856.7275   13.2618
    0.0000  -30.0000   15.0000 2872.3499   13.2732
    7.5000  -30.0000   15.0000 2842.4331   13.3574
   -7.5000  -22.5000   15.0000 2918.5095   12.8625
    0.0000  -22.5000   15.0000 2933.3245   12.8648
    7.5000  -22.5000   15.0000 2890.7590   12.9116
   -7.5000  -15.0000   15.0000 2935.7561   12.4232
    0.0000  -15.0000   15.0000 2950.3987   12.4637
    7.5000  -15.0000   15.0000 2899.5576   12.5819
   -7.5000   -7.5000   15.0000 2932.4768   12.3059
    0.0000   -7.5000   15.0000 2941.4795   12.3413
    7.5000   -7.5000   15.0000 2895.2900   12.5288
   -7.5000    0.0000   15.0000 2908.6992   12.5090
    0.0000    0.0000   15.0000 2917.0210   12.5410
    7.5000    0.0000   15.0000 2879.2222   12.7783
   -7.5000    7.5000   15.0000 2878.6201   12.9989
    0.0000    7.5000   15.0000 2884.9558   13.0388
    7.5000    7.5000   15.0000 2846.2297   13.2662
   -7.5000   15.0000   15.0000 2817.4170   13.7339
    0.0000   15.0000   15.0000 2823.2810   13.7545
    7.5000   15.0000   15.0000 2784.8408   13.9902
   -7.5000   22.5000   15.0000 2721.2783   14.7628
    0.0000   22.5000   15.0000 2724.3923   14.7763
    7.5000   22.5000   15.0000 2692.3857   15.0327
   -7.5000   30.0000   15.0000 2613.3855   16.0933
    0.0000   30.0000   15.0000 2609.0894   16.1192
    7.5000   30.0000   15.0000 2581.4526   16.4034
   -7.5000   37.5000   15.0000 2479.3843   17.7575
    0.0000   37.5000   15.0000 2475.9385   17.8071
    7.5000   37.5000   15.0000 2450.2141   18.1124
   -7.5000   45.0000   15.0000 2319.8940   19.8309
    0.0000   45.0000   15.0000 2318.9702   19.8793
    7.5000   45.0000   15.0000 2288.3755   20.1927
   -7.5000  -45.0000   22.5000 2642.7629   15.2940
    0.0000  -45.0000   22.5000 2658.3491   15.3734
    7.5000  -45.0000   22.5000 2645.8328   15.4977
   -7.5000  -37.5000   22.5000 2735.1414   14.3114
    0.0000  -37.5000   22.5000 2748.9023   14.3962
    7.5000  -37.5000   22.5000 2734.0195   14.5110
   -7.5000  -30.0000   22.5000 2813.9258   13.6440
    0.0000  -30.0000   22.5000 2828.5684   13.6939
    7.5000  -30.0000   22.5000 2808.9697   13.8079
   -7.5000  -22.5000   22.5000 2880.6458   13.1925
    0.0000  -22.5000   22.5000 2897.9856   13.2245
    7.5000  -22.5000   22.5000 2862.5769   13.3074
   -7.5000  -15.0000   22.5000 2897.8889   12.6995
    0.0000  -15.0000   22.5000 2909.4456   12.7455
    7.5000  -15.0000   22.5000 2865.2412   12.9437
   -7.5000   -7.5000   22.5000 2894.5916   12.5519
    0.0000   -7.5000   22.5000 2902.2476   12.5719
    7.5000   -7.5000   22.5000 2865.7942   12.8818
   -7.5000    0.0000   22.5000 2887.6533   12.8402
    0.0000    0.0000   22.5000 2898.1702   12.8402
    7.5000    0.0000   22.5000 2860.3242   13.1200
   -7.5000    7.5000   22.5000 2864.4204   13.4376
    0.0000    7.5000   22.5000 2873.3318   13.4394
    7.5000    7.5000   22.5000 2832.5503   13.6434
   -7.5000   15.0000   22.5000 2800.5422   14.2207
    0.0000   15.0000   22.5000 2806.1475   14.2190
    7.5000   15.0000   22.5000 2767.6853   14.3925
   -7.5000   22.5000   22.5000 2713.7703   15.1744
    0.0000   22.5000   22.5000 2717.6294   15.2020
    7.5000   22.5000   22.5000 2681.6592   15.3837
   -7.5000   30.0000   22.5000 2603.2253   16.4466
    0.0000   30.0000   22.5000 2601.4199   16.4945
    7.5000   30.0000   22.5000 2571.5344   16.7197
   -7.5000   37.5000   22.5000 2465.7715   18.1035
    0.0000   37.5000   22.5000 2466.0825   18.1639
    7.5000   37.5000   22.5000 2441.8118   18.4233
   -7.5000   45.0000   22.5000 2305.7534   20.1293
    0.0000   45.0000   22.5000 2307.7793   20.1609
    7.5000   45.0000   22.5000 2285.5925   20.4922
   -7.5000  -45.0000   30.0000 2581.6177   15.9606
    0.0000  -45.0000   30.0000 2594.4937   16.0532
    7.5000  -45.0000   30.0000 2590.4707   16.2509
   -7.5000  -37.5000   30.0000 2671.9485   14.9183
    0.0000  -37.5000   30.0000 2683.7249   14.9916
    7.5000  -37.5000   30.0000 2675.6821   15.1541
   -7.5000  -30.0000   30.0000 2753.9075   14.1886
    0.0000  -30.0000   30.0000 2760.6599   14.2357
    7.5000  -30.0000   30.0000 2747.4001   14.4035
   -7.5000  -22.5000   30.0000 2824.2551   13.6693
    0.0000  -22.5000   30.0000 2828.9773   13.6953
    7.5000  -22.5000   30.0000 2802.6365   13.8153
   -7.5000  -15.0000   30.0000 2840.0310   13.1002
    0.0000  -15.0000   30.0000 2842.9617   13.1281
    7.5000  -15.0000   30.0000 2816.6716   13.4081
   -7.5000   -7.5000   30.0000 2844.8118   12.9901
    0.0000   -7.5000   30.0000 2848.0886   12.9854
    7.5000   -7.5000   30.0000 2819.4707   13.3484
   -7.5000    0.0000   30.0000 2844.9111   13.3743
    0.0000    0.0000   30.0000 2853.9304   13.3448
    7.5000    0.0000   30.0000 2818.7131   13.6415
   -7.5000    7.5000   30.0000 2820.1194   13.9710
    0.0000    7.5000   30.0000 2829.4636   13.9685
    7.5000    7.5000   30.0000 2790.4539   14.1762
   -7.5000   15.0000   30.0000 2759.6707   14.7406
    0.0000   15.0000   30.0000 2767.2561   14.7435
    7.5000   15.0000   30.0000 2726.1482   14.9122
   -7.5000   22.5000   30.0000 2681.7012   15.6875
    0.0000   22.5000   30.0000 2683.4968   15.6974
    7.5000   22.5000   30.0000 2647.8433   15.8592
   -7.5000   30.0000   30.0000 2579.6414   16.9163
    0.0000   30.0000   30.0000 2582.4309   16.9747
    7.5000   30.0000   30.0000 2548.3770   17.2066
   -7.5000   37.5000   30.0000 2442.3591   18.5780
    0.0000   37.5000   30.0000 2445.6565   18.6091
    7.5000   37.5000   30.0000 2421.2725   18.8731
   -7.5000   45.0000   30.0000 2283.1199   20.6679
    0.0000   45.0000   30.0000 2289.4312   20.6771
    7.5000   45.0000   30.0000 2269.2771   20.9727
   -7.5000  -45.0000   37.5000 2511.9604   16.7729
    0.0000  -45.0000   37.5000 2523.6255   16.8506
    7.5000  -45.0000   37.5000 2522.1206   17.1361
   -7.5000  -37.5000   37.5000 2603.0830   15.6729
    0.0000  -37.5000   37.5000 2612.9299   15.7069
    7.5000  -37.5000   37.5000 2611.7683   15.9625
   -7.5000  -30.0000   37.5000 2682.9817   14.8801
    0.0000  -30.0000   37.5000 2694.7810   14.8719
    7.5000  -30.0000   37.5000 2685.1033   15.0808
   -7.5000  -22.5000   37.5000 2750.4602   14.2433
    0.0000  -22.5000   37.5000 2755.9866   14.2484
    7.5000  -22.5000   37.5000 2737.5908   14.4781
   -7.5000  -15.0000   37.5000 2770.3347   13.6736
    0.0000  -15.0000   37.5000 2770.1707   13.6836
    7.5000  -15.0000   37.5000 2754.8987   14.0497
   -7.5000   -7.5000   37.5000 2782.8633   13.6902
    0.0000   -7.5000   37.5000 2785.6436   13.6695
    7.5000   -7.5000   37.5000 2763.2869   14.0355
   -7.5000    0.0000   37.5000 2775.1401   14.1117
    0.0000    0.0000   37.5000 2781.5134   14.0712
    7.5000    0.0000   37.5000 2757.8828   14.3579
   -7.5000    7.5000   37.5000 2752.6506   14.6583
    0.0000    7.5000   37.5000 2760.5745   14.6497
    7.5000    7.5000   37.5000 2728.9045   14.8727
   -7.5000   15.0000   37.5000 2702.9260   15.3702
    0.0000   15.0000   37.5000 2709.1179   15.3792
    7.5000   15.0000   37.5000 2672.7549   15.5690
   -7.5000   22.5000   37.5000 2636.4609   16.2980
    0.0000   22.5000   37.5000 2636.6907   16.3214
    7.5000   22.5000   37.5000 2604.8350   16.5008
   -7.5000   30.0000   37.5000 2543.5916   17.5169
    0.0000   30.0000   37.5000 2541.7092   17.5740
    7.5000   30.0000   37.5000 2509.5837   17.7997
   -7.5000   37.5000   37.5000 2407.8347   19.1446
    0.0000   37.5000   37.5000 2410.1157   19.2057
    7.5000   37.5000   37.5000 2390.3840   19.4696
   -7.5000   45.0000   37.5000 2254.1360   21.2072
    0.0000   45.0000   37.5000 2261.2419   21.2918
    7.5000   45.0000   37.5000 2240.4092   21.6262
   -7.5000  -45.0000   45.0000 2442.3706   17.8028
    0.0000  -45.0000   45.0000 2456.0535   17.8278
    7.5000  -45.0000   45.0000 2458.2241   18.2167
   -7.5000  -37.5000   45.0000 2531.4153   16.5972
    0.0000  -37.5000   45.0000 2545.2151   16.5847
    7.5000  -37.5000   45.0000 2541.1665   16.9292
   -7.5000  -30.0000   45.0000 2610.6411   15.6933
    0.0000  -30.0000   45.0000 2625.1528   15.6740
    7.5000  -30.0000   45.0000 2613.1370   15.9796
   -7.5000  -22.5000   45.0000 2671.8394   14.9748
    0.0000  -22.5000   45.0000 2680.7690   14.9800
    7.5000  -22.5000   45.0000 2662.2646   15.3095
   -7.5000  -15.0000   45.0000 2694.7380   14.4468
    0.0000  -15.0000   45.0000 2695.2322   14.4790
    7.5000  -15.0000   45.0000 2680.3345   14.8526
   -7.5000   -7.5000   45.0000 2710.7195   14.5559
    0.0000   -7.5000   45.0000 2713.7988   14.5356
    7.5000   -7.5000   45.0000 2692.5955   14.8759
   -7.5000    0.0000   45.0000 2699.0647   14.9844
    0.0000    0.0000   45.0000 2701.3049   14.9457
    7.5000    0.0000   45.0000 2684.5063   15.2574
   -7.5000    7.5000   45.0000 2673.5859   15.5281
    0.0000    7.5000   45.0000 2678.3647   15.4874
    7.5000    7.5000   45.0000 2653.5027   15.7930
   -7.5000   15.0000   45.0000 2624.0146   16.1904
    0.0000   15.0000   45.0000 2635.4919   16.1962
    7.5000   15.0000   45.0000 2602.8718   16.4603
   -7.5000   22.5000   45.0000 2570.1694   17.0802
    0.0000   22.5000   45.0000 2580.2139   17.1048
    7.5000   22.5000   45.0000 2544.4761   17.3436
   -7.5000   30.0000   45.0000 2484.7161   18.2460
    0.0000   30.0000   45.0000 2489.6316   18.3151
    7.5000   30.0000   45.0000 2452.7288   18.5686
   -7.5000   37.5000   45.0000 2355.0891   19.9132
    0.0000   37.5000   45.0000 2358.6912   19.9975
    7.5000   37.5000   45.0000 2336.6233   20.2463
   -7.5000   45.0000   45.0000 2216.0251   21.9945
    0.0000   45.0000   45.0000 2218.3127   22.0781
    7.5000   45.0000   45.0000 2200.0061   22.3959

---------------------------------------------------------------------
imgreg_4dfp /usr/local/freesurfer/average/711-2C_as_mni_average_305 /usr/local/freesurfer/average/711-2B_as_mni_average_305_mask talsrcimg_g11 none talsrcimg_to_711-2C_as_mni_average_305_t4 1283
---------------------------------------------------------------------

freesurfer imgreg_4dfp.c
/usr/local/freesurfer/average/711-2C_as_mni_average_305.4dfp.img
       256       256       256         1
  1.000000  1.000000  1.000000
orientation T byte_order littleendian
Reading image: /usr/local/freesurfer/average/711-2C_as_mni_average_305.4dfp.img
dimensions:      256       256       256
mmppix:       1.0000   -1.0000   -1.0000
center:     128.0000 -129.0000 -129.0000
/usr/local/freesurfer/average/711-2B_as_mni_average_305_mask.4dfp.img
       256       256       256         1
  1.000000  1.000000  1.000000
orientation T byte_order littleendian
Reading mask: /usr/local/freesurfer/average/711-2B_as_mni_average_305_mask.4dfp.img (2306576 pixels)
talsrcimg_g11.4dfp.img
       256       256       256         1
  1.000000  1.000000  1.000000
orientation T byte_order littleendian
Reading image: talsrcimg_g11.4dfp.img
dimensions:      256       256       256
mmppix:       1.0000   -1.0000   -1.0000
center:     128.0000 -129.0000 -129.0000
rotation matrix determinant  1.000000
fimgreg.f
image alignment mode   1283 decimal      503 hex
parameters
    0.0000  -15.0000    7.5000    0.0000    0.0000    0.0000
eta,q 0.92890 12.27343
niter,ni,del,rscale     5    3   12.0000    1.2000
parameter  4  0.584374 ->  0.500000 qaram    1.1500
parameters
   -2.3547  -14.8170    9.6663   -3.4500   -1.6674   -0.8839
eta,q 0.93677 12.26235
  0.0690  0.0745  0.0754  0.0643  0.0651  0.0652
  0.0663  0.0699  0.0726  0.0639  0.0642  0.0637
  0.0655  0.0655  0.0682  0.0631  0.0633  0.0633
  0.0661  0.0652  0.0651  0.0642  0.0637  0.0633
  0.0704  0.0671  0.0642  0.0673  0.0647  0.0638
  0.0768  0.0697  0.0649  0.0703  0.0666  0.0650
  0.0815  0.0726  0.0678  0.0725  0.0690  0.0667
niter,ni,del,rscale     5    3   12.0000    1.2000
parameter  4  1.373689 ->  0.500000 qaram    1.3225
parameter  6  0.744280 ->  0.500000 qaram    1.1500
parameters
   -2.5592  -14.5204    9.4865   -7.4175   -2.8672   -4.3339
eta,q 0.93859 12.32434
  0.0727  0.0713  0.0687  0.0595  0.0634  0.0615
  0.0667  0.0674  0.0640  0.0616  0.0628  0.0615
  0.0636  0.0642  0.0625  0.0630  0.0625  0.0615
  0.0632  0.0631  0.0632  0.0630  0.0620  0.0622
  0.0657  0.0640  0.0644  0.0627  0.0628  0.0630
  0.0687  0.0668  0.0658  0.0652  0.0638  0.0640
  0.0727  0.0696  0.0679  0.0688  0.0652  0.0655
niter,ni,del,rscale     6    3   12.0000    1.2000
parameter  2 -0.522694 -> -0.500000 qaram    1.1500
parameter  4  3.624656 ->  0.500000 qaram    1.5209
parameters
   -2.8055  -11.0704    9.6222  -11.9801   -2.1387   -1.1428
eta,q 0.94931 12.18646
  0.0718  0.0696  0.0663  0.0503  0.0587  0.0610
  0.0655  0.0671  0.0610  0.0515  0.0566  0.0579
  0.0625  0.0650  0.0584  0.0541  0.0541  0.0545
  0.0614  0.0615  0.0579  0.0579  0.0520  0.0517
  0.0632  0.0583  0.0592  0.0636  0.0523  0.0507
  0.0676  0.0586  0.0619  0.0675  0.0547  0.0509
  0.0729  0.0623  0.0644  0.0694  0.0566  0.0527
niter,ni,del,rscale     7    3   12.0000    1.2000
parameter  4  0.623997 ->  0.500000 qaram    1.7490
parameters
   -2.4840  -10.5144    9.3325  -17.2272   -2.4358   -2.3049
eta,q 0.95170 12.29510
  0.0647  0.0675  0.0588  0.0494  0.0541  0.0520
  0.0579  0.0602  0.0548  0.0482  0.0510  0.0501
  0.0527  0.0532  0.0522  0.0492  0.0492  0.0486
  0.0507  0.0506  0.0509  0.0510  0.0484  0.0484
  0.0517  0.0534  0.0512  0.0545  0.0494  0.0498
  0.0562  0.0591  0.0551  0.0623  0.0517  0.0525
  0.0620  0.0615  0.0618  0.0679  0.0555  0.0555
niter,ni,del,rscale     7    3   12.0000    1.2000
parameters
   -2.5772   -9.4158    7.8715  -21.3351   -2.1091   -2.3851
eta,q 0.95235 12.34630
  0.0616  0.0632  0.0545  0.0502  0.0540  0.0522
  0.0541  0.0547  0.0508  0.0478  0.0508  0.0491
  0.0494  0.0495  0.0483  0.0475  0.0487  0.0475
  0.0483  0.0483  0.0488  0.0480  0.0477  0.0477
  0.0502  0.0496  0.0526  0.0517  0.0486  0.0482
  0.0553  0.0519  0.0576  0.0553  0.0501  0.0496
  0.0618  0.0546  0.0631  0.0610  0.0527  0.0519
niter,ni,del,rscale     6    3   12.0000    1.2000
parameters
   -2.7868   -7.2629    6.6241  -24.5621   -2.3182   -1.4909
eta,q 0.95487 12.25441
  0.0606  0.0624  0.0522  0.0502  0.0531  0.0535
  0.0529  0.0544  0.0482  0.0452  0.0495  0.0495
  0.0485  0.0489  0.0461  0.0452  0.0468  0.0464
  0.0476  0.0476  0.0464  0.0458  0.0453  0.0453
  0.0498  0.0464  0.0494  0.0490  0.0465  0.0452
  0.0547  0.0464  0.0538  0.0548  0.0499  0.0471
  0.0619  0.0504  0.0587  0.0611  0.0548  0.0501
niter,ni,del,rscale     5    3   12.0000    1.2000
parameters
   -2.6394   -6.4635    5.8110  -24.9974   -2.7427   -1.2162
eta,q 0.95542 12.20894
  0.0622  0.0587  0.0528  0.0559  0.0517  0.0524
  0.0531  0.0516  0.0473  0.0490  0.0482  0.0478
  0.0469  0.0470  0.0449  0.0444  0.0456  0.0452
  0.0451  0.0452  0.0449  0.0446  0.0445  0.0446
  0.0473  0.0449  0.0473  0.0459  0.0457  0.0451
  0.0524  0.0485  0.0519  0.0510  0.0492  0.0476
  0.0600  0.0534  0.0576  0.0574  0.0547  0.0508
niter,ni,del,rscale     4    3   12.0000    1.2000
parameters
   -2.5043   -6.5191    5.7122  -25.0170   -2.8934   -1.2281
eta,q 0.95535 12.20893
  0.0611  0.0559  0.0561  0.0569  0.0521  0.0518
  0.0521  0.0495  0.0488  0.0501  0.0486  0.0473
  0.0462  0.0459  0.0453  0.0446  0.0459  0.0451
  0.0446  0.0446  0.0446  0.0446  0.0446  0.0446
  0.0466  0.0454  0.0463  0.0456  0.0452  0.0455
  0.0515  0.0505  0.0502  0.0503  0.0485  0.0480
  0.0592  0.0559  0.0560  0.0566  0.0537  0.0512
niter,ni,del,rscale     3    3   12.0000    1.2000
parameters
   -2.4809   -6.5571    5.6946  -25.0042   -2.9147   -1.2363
eta,q 0.95532 12.20963
  0.0604  0.0559  0.0566  0.0570  0.0523  0.0518
  0.0516  0.0495  0.0490  0.0501  0.0489  0.0473
  0.0460  0.0460  0.0454  0.0446  0.0460  0.0451
  0.0447  0.0447  0.0447  0.0447  0.0447  0.0447
  0.0468  0.0454  0.0463  0.0457  0.0451  0.0455
  0.0518  0.0504  0.0501  0.0502  0.0482  0.0480
  0.0596  0.0560  0.0557  0.0565  0.0532  0.0512
registration optimization eta report
parameter search radius
    6.0000    6.9000    6.0000   10.4940    6.0000    6.9000
100000*second partial in parameter space
       43.       24.       32.       11.       22.       15.
  0.0604  0.0559  0.0566  0.0570  0.0523  0.0518
  0.0516  0.0495  0.0490  0.0501  0.0489  0.0473
  0.0460  0.0460  0.0454  0.0446  0.0460  0.0451
  0.0447  0.0447  0.0447  0.0447  0.0447  0.0447
  0.0468  0.0454  0.0463  0.0457  0.0451  0.0455
  0.0518  0.0504  0.0501  0.0502  0.0482  0.0480
  0.0596  0.0560  0.0557  0.0565  0.0532  0.0512
   -2.4809   -6.5571    5.6946  -25.0042   -2.9147   -1.2363
eta,q 0.95532 12.20963

---------------------------------------------------------------------
imgreg_4dfp /usr/local/freesurfer/average/711-2C_as_mni_average_305 /usr/local/freesurfer/average/711-2B_as_mni_average_305_mask talsrcimg_g11 none talsrcimg_to_711-2C_as_mni_average_305_t4 3335
---------------------------------------------------------------------

freesurfer imgreg_4dfp.c
/usr/local/freesurfer/average/711-2C_as_mni_average_305.4dfp.img
       256       256       256         1
  1.000000  1.000000  1.000000
orientation T byte_order littleendian
Reading image: /usr/local/freesurfer/average/711-2C_as_mni_average_305.4dfp.img
dimensions:      256       256       256
mmppix:       1.0000   -1.0000   -1.0000
center:     128.0000 -129.0000 -129.0000
/usr/local/freesurfer/average/711-2B_as_mni_average_305_mask.4dfp.img
       256       256       256         1
  1.000000  1.000000  1.000000
orientation T byte_order littleendian
Reading mask: /usr/local/freesurfer/average/711-2B_as_mni_average_305_mask.4dfp.img (2306576 pixels)
talsrcimg_g11.4dfp.img
       256       256       256         1
  1.000000  1.000000  1.000000
orientation T byte_order littleendian
Reading image: talsrcimg_g11.4dfp.img
dimensions:      256       256       256
mmppix:       1.0000   -1.0000   -1.0000
center:     128.0000 -129.0000 -129.0000
fimgreg.f
image alignment mode   3335 decimal      D07 hex
parameters
   -2.4809   -6.5571    5.6946   -0.1526   -9.3471   -9.4896
   -0.1934    5.5192   -2.1548   42.1592   -5.0849  -42.2138
eta,q 0.95608 12.29985
niter,ni,del,rscale     5    3    5.0000    1.2000
parameter  4  1.459321 ->  0.500000 qaram    1.1500
parameter  5-14.011868 ->  0.500000 qaram    1.1500
parameter 10  0.632822 ->  0.500000 qaram    1.1500
parameter 12 -0.520008 -> -0.500000 qaram    1.1500
parameters
   -2.4518   -7.0055    6.1414   -4.2926  -13.4871  -11.1076
   -0.6761    5.4499   -2.3144   38.0192   -7.2231  -38.0738
eta,q 0.97172 12.25169
  0.0472  0.0448  0.0467  0.0384  0.0258  0.0326  0.0332  0.0366  0.0328  0.0292  0.0294  0.0328
  0.0455  0.0442  0.0453  0.0387  0.0291  0.0315  0.0316  0.0335  0.0315  0.0288  0.0289  0.0308
  0.0444  0.0439  0.0443  0.0405  0.0338  0.0306  0.0306  0.0313  0.0307  0.0292  0.0287  0.0295
  0.0439  0.0439  0.0439  0.0438  0.0390  0.0303  0.0304  0.0304  0.0304  0.0304  0.0289  0.0287
  0.0442  0.0442  0.0439  0.0480  0.0441  0.0311  0.0310  0.0311  0.0308  0.0327  0.0292  0.0283
  0.0453  0.0449  0.0443  0.0521  0.0484  0.0336  0.0322  0.0335  0.0316  0.0363  0.0299  0.0283
  0.0472  0.0457  0.0451  0.0556  0.0513  0.0383  0.0340  0.0371  0.0331  0.0407  0.0307  0.0285
niter,ni,del,rscale     7    3    5.0000    1.2000
parameter  5  0.928496 ->  0.500000 qaram    1.3225
parameter 12  0.742317 ->  0.500000 qaram    1.3225
parameters
   -2.5841   -6.8646    5.7578   -6.8712  -18.2481   -8.1819
   -0.4197    6.2289   -2.5094   37.2761   -8.1676  -42.8348
eta,q 0.97679 12.14338
  0.0316  0.0315  0.0291  0.0303  0.0244  0.0275  0.0269  0.0307  0.0261  0.0279  0.0247  0.0236
  0.0297  0.0298  0.0285  0.0292  0.0244  0.0262  0.0254  0.0273  0.0249  0.0260  0.0242  0.0232
  0.0285  0.0287  0.0282  0.0283  0.0255  0.0252  0.0245  0.0251  0.0242  0.0246  0.0241  0.0234
  0.0283  0.0283  0.0282  0.0282  0.0283  0.0246  0.0241  0.0241  0.0240  0.0240  0.0241  0.0241
  0.0289  0.0284  0.0285  0.0300  0.0329  0.0242  0.0243  0.0242  0.0243  0.0245  0.0242  0.0248
  0.0303  0.0293  0.0291  0.0337  0.0382  0.0240  0.0252  0.0256  0.0251  0.0266  0.0245  0.0257
  0.0324  0.0309  0.0299  0.0383  0.0429  0.0250  0.0266  0.0285  0.0263  0.0304  0.0250  0.0268
niter,ni,del,rscale     7    3    5.0000    1.2000
parameters
   -2.6499   -6.2247    5.0500   -7.1744  -22.1955   -9.2056
   -0.5013    6.4047   -2.6539   39.4284   -8.5927  -45.6973
eta,q 0.97866 12.05823
  0.0263  0.0274  0.0236  0.0271  0.0244  0.0246  0.0249  0.0274  0.0245  0.0277  0.0228  0.0231
  0.0245  0.0255  0.0230  0.0255  0.0229  0.0236  0.0236  0.0246  0.0234  0.0256  0.0221  0.0215
  0.0235  0.0241  0.0228  0.0240  0.0221  0.0228  0.0227  0.0230  0.0227  0.0238  0.0218  0.0213
  0.0232  0.0232  0.0229  0.0228  0.0229  0.0222  0.0224  0.0224  0.0224  0.0224  0.0218  0.0218
  0.0236  0.0229  0.0235  0.0228  0.0262  0.0221  0.0227  0.0227  0.0227  0.0218  0.0220  0.0228
  0.0248  0.0234  0.0243  0.0250  0.0327  0.0241  0.0236  0.0242  0.0235  0.0223  0.0224  0.0242
  0.0266  0.0246  0.0254  0.0291  0.0394  0.0284  0.0250  0.0271  0.0247  0.0245  0.0229  0.0255
niter,ni,del,rscale     6    3    5.0000    1.2000
parameters
   -2.6745   -6.0134    4.4456   -6.4967  -23.9115   -9.9976
   -0.7791    6.4437   -2.5529   40.0447   -8.4491  -46.2919
eta,q 0.97891 12.01733
  0.0244  0.0245  0.0221  0.0264  0.0253  0.0244  0.0239  0.0271  0.0237  0.0260  0.0227  0.0247
  0.0227  0.0229  0.0214  0.0246  0.0232  0.0231  0.0225  0.0239  0.0225  0.0240  0.0218  0.0218
  0.0217  0.0218  0.0212  0.0228  0.0215  0.0220  0.0216  0.0219  0.0216  0.0224  0.0213  0.0210
  0.0213  0.0213  0.0213  0.0212  0.0209  0.0211  0.0213  0.0213  0.0213  0.0213  0.0212  0.0212
  0.0217  0.0215  0.0218  0.0207  0.0218  0.0210  0.0217  0.0218  0.0216  0.0211  0.0213  0.0220
  0.0228  0.0222  0.0226  0.0224  0.0258  0.0234  0.0228  0.0237  0.0223  0.0224  0.0218  0.0233
  0.0245  0.0236  0.0236  0.0260  0.0327  0.0280  0.0244  0.0270  0.0236  0.0254  0.0225  0.0248
niter,ni,del,rscale     5    3    5.0000    1.2000
parameters
   -2.6586   -6.0943    4.2737   -6.1229  -24.2685  -10.3807
   -0.8693    6.3927   -2.4986   40.0906   -8.3545  -46.5824
eta,q 0.97891 12.01051
  0.0245  0.0236  0.0225  0.0262  0.0263  0.0247  0.0240  0.0270  0.0236  0.0255  0.0227  0.0250
  0.0226  0.0222  0.0216  0.0244  0.0241  0.0233  0.0225  0.0238  0.0223  0.0236  0.0218  0.0220
  0.0215  0.0213  0.0211  0.0226  0.0221  0.0220  0.0215  0.0218  0.0215  0.0221  0.0213  0.0210
  0.0211  0.0211  0.0211  0.0211  0.0209  0.0210  0.0211  0.0211  0.0211  0.0211  0.0211  0.0211
  0.0215  0.0215  0.0214  0.0208  0.0211  0.0207  0.0215  0.0217  0.0214  0.0212  0.0213  0.0219
  0.0226  0.0225  0.0220  0.0228  0.0232  0.0227  0.0225  0.0238  0.0222  0.0229  0.0218  0.0232
  0.0244  0.0239  0.0229  0.0264  0.0289  0.0271  0.0242  0.0273  0.0235  0.0261  0.0226  0.0246
niter,ni,del,rscale     4    3    5.0000    1.2000
parameters
   -2.6593   -6.1367    4.2104   -6.0006  -24.2980  -10.5476
   -0.9063    6.3511   -2.4825   40.0943   -8.3088  -46.6584
eta,q 0.97890 12.01015
  0.0246  0.0237  0.0227  0.0261  0.0266  0.0248  0.0240  0.0271  0.0235  0.0254  0.0227  0.0253
  0.0226  0.0222  0.0217  0.0243  0.0244  0.0234  0.0225  0.0238  0.0223  0.0235  0.0218  0.0221
  0.0215  0.0213  0.0212  0.0226  0.0224  0.0221  0.0215  0.0218  0.0214  0.0221  0.0213  0.0210
  0.0211  0.0211  0.0211  0.0211  0.0210  0.0210  0.0211  0.0211  0.0211  0.0211  0.0211  0.0211
  0.0215  0.0215  0.0213  0.0210  0.0210  0.0206  0.0215  0.0217  0.0214  0.0212  0.0213  0.0219
  0.0227  0.0224  0.0219  0.0232  0.0229  0.0224  0.0225  0.0238  0.0222  0.0229  0.0218  0.0231
  0.0245  0.0238  0.0228  0.0269  0.0282  0.0267  0.0241  0.0273  0.0236  0.0261  0.0226  0.0246
niter,ni,del,rscale     3    3    5.0000    1.2000
parameters
   -2.6635   -6.1503    4.1865   -5.9639  -24.2914  -10.5987
   -0.9150    6.3298   -2.4763   40.0877   -8.2988  -46.6783
eta,q 0.97889 12.01022
  0.0246  0.0238  0.0227  0.0261  0.0267  0.0249  0.0240  0.0271  0.0235  0.0254  0.0227  0.0254
  0.0226  0.0223  0.0218  0.0243  0.0245  0.0234  0.0225  0.0239  0.0223  0.0235  0.0218  0.0222
  0.0215  0.0214  0.0212  0.0225  0.0224  0.0222  0.0215  0.0218  0.0214  0.0220  0.0213  0.0210
  0.0211  0.0211  0.0211  0.0211  0.0211  0.0211  0.0211  0.0211  0.0211  0.0211  0.0211  0.0211
  0.0215  0.0215  0.0213  0.0211  0.0211  0.0206  0.0215  0.0217  0.0214  0.0212  0.0213  0.0219
  0.0227  0.0224  0.0219  0.0233  0.0229  0.0223  0.0225  0.0238  0.0222  0.0229  0.0218  0.0231
  0.0246  0.0238  0.0227  0.0271  0.0281  0.0264  0.0241  0.0273  0.0236  0.0261  0.0226  0.0245
registration optimization eta report
parameter search radius
    2.4000    2.4000    2.4000    8.2800    9.5220    7.2000
    7.2000    7.2000    7.2000    8.2800    7.2000    9.5220
100000*second partial in parameter space
       61.       46.       28.        8.        7.        9.
        6.       12.        5.        7.        3.        4.
  0.0246  0.0238  0.0227  0.0261  0.0267  0.0249  0.0240  0.0271  0.0235  0.0254  0.0227  0.0254
  0.0226  0.0223  0.0218  0.0243  0.0245  0.0234  0.0225  0.0239  0.0223  0.0235  0.0218  0.0222
  0.0215  0.0214  0.0212  0.0225  0.0224  0.0222  0.0215  0.0218  0.0214  0.0220  0.0213  0.0210
  0.0211  0.0211  0.0211  0.0211  0.0211  0.0211  0.0211  0.0211  0.0211  0.0211  0.0211  0.0211
  0.0215  0.0215  0.0213  0.0211  0.0211  0.0206  0.0215  0.0217  0.0214  0.0212  0.0213  0.0219
  0.0227  0.0224  0.0219  0.0233  0.0229  0.0223  0.0225  0.0238  0.0222  0.0229  0.0218  0.0231
  0.0246  0.0238  0.0227  0.0271  0.0281  0.0264  0.0241  0.0273  0.0236  0.0261  0.0226  0.0245
   -2.6635   -6.1503    4.1865   -5.9639  -24.2914  -10.5987
   -0.9150    6.3298   -2.4763   40.0877   -8.2988  -46.6783
eta,q 0.97889 12.01022

---------------------------------------------------------------------
imgreg_4dfp /usr/local/freesurfer/average/711-2C_as_mni_average_305 /usr/local/freesurfer/average/711-2B_as_mni_average_305_mask talsrcimg_g11 none talsrcimg_to_711-2C_as_mni_average_305_t4 2311
---------------------------------------------------------------------

freesurfer imgreg_4dfp.c
/usr/local/freesurfer/average/711-2C_as_mni_average_305.4dfp.img
       256       256       256         1
  1.000000  1.000000  1.000000
orientation T byte_order littleendian
Reading image: /usr/local/freesurfer/average/711-2C_as_mni_average_305.4dfp.img
dimensions:      256       256       256
mmppix:       1.0000   -1.0000   -1.0000
center:     128.0000 -129.0000 -129.0000
/usr/local/freesurfer/average/711-2B_as_mni_average_305_mask.4dfp.img
       256       256       256         1
  1.000000  1.000000  1.000000
orientation T byte_order littleendian
Reading mask: /usr/local/freesurfer/average/711-2B_as_mni_average_305_mask.4dfp.img (2306576 pixels)
talsrcimg_g11.4dfp.img
       256       256       256         1
  1.000000  1.000000  1.000000
orientation T byte_order littleendian
Reading image: talsrcimg_g11.4dfp.img
dimensions:      256       256       256
mmppix:       1.0000   -1.0000   -1.0000
center:     128.0000 -129.0000 -129.0000
fimgreg.f
image alignment mode   2311 decimal      907 hex
parameters
   -2.6635   -6.1503    4.1865   -5.9639  -24.2914  -10.5987
   -0.9150    6.3298   -2.4763   40.0877   -8.2988  -46.6783
eta,q 0.97889 12.01021
niter,ni,del,rscale     5    3    5.0000    0.8000
parameters
   -2.6768   -6.1776    4.1175   -5.0595  -22.9851  -10.1489
   -0.9732    6.3809   -2.4564   40.4862   -8.0746  -47.2118
eta,q 0.97947 12.09417
  0.0227  0.0223  0.0218  0.0238  0.0232  0.0230  0.0222  0.0241  0.0219  0.0228  0.0216  0.0215
  0.0218  0.0216  0.0214  0.0228  0.0222  0.0221  0.0213  0.0222  0.0212  0.0218  0.0211  0.0208
  0.0213  0.0212  0.0212  0.0218  0.0214  0.0214  0.0208  0.0211  0.0208  0.0211  0.0207  0.0205
  0.0211  0.0211  0.0211  0.0211  0.0209  0.0207  0.0206  0.0206  0.0206  0.0206  0.0206  0.0206
  0.0213  0.0213  0.0212  0.0209  0.0208  0.0205  0.0208  0.0210  0.0208  0.0206  0.0207  0.0208
  0.0218  0.0217  0.0215  0.0214  0.0210  0.0210  0.0214  0.0221  0.0212  0.0212  0.0210  0.0212
  0.0227  0.0224  0.0219  0.0226  0.0216  0.0228  0.0222  0.0240  0.0219  0.0223  0.0214  0.0218
niter,ni,del,rscale     4    3    5.0000    0.7000
parameters
   -2.6567   -6.1410    4.3789   -5.2070  -23.2175   -9.6809
   -0.9279    6.3847   -2.4571   40.8066   -8.0483  -47.2889
eta,q 0.97962 12.10382
  0.0221  0.0216  0.0215  0.0224  0.0217  0.0225  0.0217  0.0231  0.0214  0.0222  0.0212  0.0212
  0.0212  0.0210  0.0210  0.0215  0.0210  0.0217  0.0210  0.0217  0.0209  0.0214  0.0207  0.0207
  0.0207  0.0207  0.0207  0.0209  0.0207  0.0211  0.0206  0.0208  0.0205  0.0207  0.0205  0.0204
  0.0205  0.0205  0.0205  0.0205  0.0205  0.0205  0.0204  0.0204  0.0204  0.0204  0.0204  0.0204
  0.0207  0.0206  0.0205  0.0207  0.0207  0.0203  0.0205  0.0207  0.0205  0.0204  0.0205  0.0205
  0.0212  0.0210  0.0207  0.0215  0.0211  0.0207  0.0209  0.0216  0.0209  0.0209  0.0207  0.0208
  0.0220  0.0215  0.0210  0.0229  0.0221  0.0222  0.0216  0.0232  0.0214  0.0219  0.0212  0.0212
niter,ni,del,rscale     3    3    5.0000    0.6000
parameters
   -2.6527   -6.0604    4.4897   -5.2028  -23.3022   -9.3945
   -0.9149    6.4195   -2.4572   40.9849   -8.0677  -47.2812
eta,q 0.97971 12.10968
  0.0215  0.0213  0.0210  0.0219  0.0213  0.0219  0.0212  0.0225  0.0211  0.0217  0.0209  0.0209
  0.0209  0.0208  0.0207  0.0212  0.0208  0.0213  0.0207  0.0213  0.0206  0.0210  0.0206  0.0205
  0.0205  0.0205  0.0205  0.0207  0.0205  0.0208  0.0204  0.0206  0.0204  0.0205  0.0204  0.0203
  0.0204  0.0204  0.0204  0.0204  0.0204  0.0204  0.0203  0.0203  0.0203  0.0203  0.0203  0.0203
  0.0205  0.0204  0.0204  0.0205  0.0205  0.0202  0.0204  0.0205  0.0204  0.0204  0.0204  0.0204
  0.0209  0.0207  0.0206  0.0211  0.0208  0.0206  0.0207  0.0212  0.0206  0.0207  0.0206  0.0206
  0.0215  0.0210  0.0208  0.0221  0.0214  0.0218  0.0212  0.0224  0.0211  0.0215  0.0209  0.0209
niter,ni,del,rscale     2    3    5.0000    0.5000
parameters
   -2.6431   -6.0090    4.5836   -5.1646  -23.3539   -9.1119
   -0.9194    6.4593   -2.4553   41.0914   -8.0888  -47.1957
eta,q 0.97976 12.11375
  0.0211  0.0209  0.0208  0.0215  0.0209  0.0215  0.0209  0.0218  0.0208  0.0212  0.0207  0.0207
  0.0206  0.0206  0.0205  0.0209  0.0206  0.0210  0.0205  0.0210  0.0205  0.0207  0.0204  0.0204
  0.0204  0.0204  0.0204  0.0205  0.0204  0.0206  0.0203  0.0204  0.0203  0.0204  0.0203  0.0203
  0.0203  0.0203  0.0203  0.0203  0.0203  0.0203  0.0202  0.0202  0.0202  0.0202  0.0202  0.0202
  0.0204  0.0203  0.0203  0.0204  0.0204  0.0202  0.0203  0.0204  0.0203  0.0203  0.0203  0.0203
  0.0206  0.0205  0.0204  0.0208  0.0206  0.0205  0.0205  0.0209  0.0205  0.0206  0.0204  0.0204
  0.0210  0.0208  0.0206  0.0215  0.0210  0.0213  0.0209  0.0218  0.0208  0.0211  0.0207  0.0206
niter,ni,del,rscale     1    3    5.0000    0.4000
parameters
   -2.6346   -5.9662    4.6775   -5.1375  -23.3888   -8.8368
   -0.9075    6.4986   -2.4649   41.1650   -8.1000  -47.0999
eta,q 0.97981 12.11660
  0.0207  0.0206  0.0206  0.0210  0.0206  0.0211  0.0206  0.0213  0.0205  0.0209  0.0205  0.0205
  0.0205  0.0204  0.0204  0.0206  0.0204  0.0207  0.0204  0.0207  0.0203  0.0205  0.0203  0.0203
  0.0203  0.0203  0.0203  0.0204  0.0203  0.0204  0.0202  0.0203  0.0202  0.0203  0.0202  0.0202
  0.0202  0.0202  0.0202  0.0202  0.0202  0.0202  0.0202  0.0202  0.0202  0.0202  0.0202  0.0202
  0.0203  0.0203  0.0202  0.0203  0.0203  0.0202  0.0202  0.0203  0.0202  0.0202  0.0202  0.0202
  0.0205  0.0204  0.0203  0.0206  0.0204  0.0204  0.0204  0.0206  0.0204  0.0204  0.0203  0.0203
  0.0207  0.0205  0.0204  0.0210  0.0207  0.0209  0.0206  0.0212  0.0205  0.0208  0.0205  0.0204
registration optimization eta report
parameter search radius
    0.8000    0.8000    0.8000    2.4000    2.4000    2.4000
    2.4000    2.4000    2.4000    2.4000    2.4000    2.4000
100000*second partial in parameter space
       78.       56.       41.       14.        7.       13.
        7.       18.        6.       11.        5.        5.
  0.0207  0.0206  0.0206  0.0210  0.0206  0.0211  0.0206  0.0213  0.0205  0.0209  0.0205  0.0205
  0.0205  0.0204  0.0204  0.0206  0.0204  0.0207  0.0204  0.0207  0.0203  0.0205  0.0203  0.0203
  0.0203  0.0203  0.0203  0.0204  0.0203  0.0204  0.0202  0.0203  0.0202  0.0203  0.0202  0.0202
  0.0202  0.0202  0.0202  0.0202  0.0202  0.0202  0.0202  0.0202  0.0202  0.0202  0.0202  0.0202
  0.0203  0.0203  0.0202  0.0203  0.0203  0.0202  0.0202  0.0203  0.0202  0.0202  0.0202  0.0202
  0.0205  0.0204  0.0203  0.0206  0.0204  0.0204  0.0204  0.0206  0.0204  0.0204  0.0203  0.0203
  0.0207  0.0205  0.0204  0.0210  0.0207  0.0209  0.0206  0.0212  0.0205  0.0208  0.0205  0.0204
   -2.6346   -5.9662    4.6775   -5.1375  -23.3888   -8.8368
   -0.9075    6.4986   -2.4649   41.1650   -8.1000  -47.0999
eta,q 0.97981 12.11660

---------------------------------------------------------------------
imgreg_4dfp /usr/local/freesurfer/average/711-2C_as_mni_average_305 /usr/local/freesurfer/average/711-2B_as_mni_average_305_mask talsrcimg_g11 none talsrcimg_to_711-2C_as_mni_average_305_t4 2311
---------------------------------------------------------------------

freesurfer imgreg_4dfp.c
/usr/local/freesurfer/average/711-2C_as_mni_average_305.4dfp.img
       256       256       256         1
  1.000000  1.000000  1.000000
orientation T byte_order littleendian
Reading image: /usr/local/freesurfer/average/711-2C_as_mni_average_305.4dfp.img
dimensions:      256       256       256
mmppix:       1.0000   -1.0000   -1.0000
center:     128.0000 -129.0000 -129.0000
/usr/local/freesurfer/average/711-2B_as_mni_average_305_mask.4dfp.img
       256       256       256         1
  1.000000  1.000000  1.000000
orientation T byte_order littleendian
Reading mask: /usr/local/freesurfer/average/711-2B_as_mni_average_305_mask.4dfp.img (2306576 pixels)
talsrcimg_g11.4dfp.img
       256       256       256         1
  1.000000  1.000000  1.000000
orientation T byte_order littleendian
Reading image: talsrcimg_g11.4dfp.img
dimensions:      256       256       256
mmppix:       1.0000   -1.0000   -1.0000
center:     128.0000 -129.0000 -129.0000
fimgreg.f
image alignment mode   2311 decimal      907 hex
parameters
   -2.6346   -5.9662    4.6775   -5.1375  -23.3888   -8.8368
   -0.9075    6.4986   -2.4649   41.1650   -8.1000  -47.0999
eta,q 0.97981 12.11661
niter,ni,del,rscale     5    3    5.0000    0.8000
parameters
   -2.6176   -5.9197    4.8344   -5.5035  -23.5702   -9.3207
   -0.8792    6.4471   -2.4831   41.0370   -8.2203  -47.2057
eta,q 0.97965 12.10536
  0.0222  0.0217  0.0215  0.0225  0.0218  0.0224  0.0219  0.0237  0.0216  0.0223  0.0213  0.0214
  0.0211  0.0209  0.0208  0.0214  0.0210  0.0215  0.0211  0.0219  0.0209  0.0214  0.0207  0.0207
  0.0204  0.0204  0.0204  0.0206  0.0204  0.0208  0.0205  0.0207  0.0205  0.0207  0.0204  0.0204
  0.0202  0.0202  0.0202  0.0202  0.0202  0.0202  0.0203  0.0203  0.0203  0.0203  0.0204  0.0204
  0.0204  0.0203  0.0203  0.0205  0.0204  0.0203  0.0205  0.0207  0.0205  0.0205  0.0205  0.0205
  0.0211  0.0208  0.0206  0.0217  0.0210  0.0217  0.0210  0.0219  0.0209  0.0213  0.0208  0.0209
  0.0221  0.0215  0.0210  0.0236  0.0222  0.0244  0.0219  0.0239  0.0216  0.0227  0.0213  0.0214
niter,ni,del,rscale     4    3    5.0000    0.7000
parameters
   -2.6349   -5.9563    4.5823   -5.3584  -23.4379   -9.4596
   -0.9334    6.4682   -2.4647   41.0365   -8.1856  -47.3112
eta,q 0.97968 12.10627
  0.0217  0.0213  0.0208  0.0224  0.0217  0.0222  0.0215  0.0231  0.0213  0.0219  0.0211  0.0211
  0.0210  0.0208  0.0205  0.0215  0.0210  0.0214  0.0209  0.0216  0.0208  0.0212  0.0207  0.0206
  0.0205  0.0204  0.0203  0.0207  0.0205  0.0208  0.0205  0.0207  0.0204  0.0206  0.0204  0.0204
  0.0203  0.0203  0.0203  0.0203  0.0203  0.0203  0.0203  0.0203  0.0203  0.0203  0.0203  0.0203
  0.0205  0.0205  0.0205  0.0204  0.0204  0.0203  0.0205  0.0206  0.0204  0.0204  0.0204  0.0205
  0.0210  0.0208  0.0208  0.0211  0.0208  0.0211  0.0209  0.0215  0.0208  0.0210  0.0207  0.0207
  0.0218  0.0214  0.0213  0.0224  0.0216  0.0230  0.0216  0.0231  0.0213  0.0221  0.0211  0.0211
niter,ni,del,rscale     3    3    5.0000    0.6000
parameters
   -2.6353   -5.9941    4.5536   -5.2452  -23.3961   -9.3372
   -0.9361    6.4819   -2.4641   41.0691   -8.1481  -47.2938
eta,q 0.97973 12.11011
  0.0214  0.0210  0.0208  0.0219  0.0213  0.0219  0.0212  0.0224  0.0210  0.0216  0.0209  0.0209
  0.0208  0.0206  0.0205  0.0212  0.0208  0.0213  0.0207  0.0213  0.0206  0.0209  0.0206  0.0205
  0.0204  0.0204  0.0204  0.0206  0.0204  0.0207  0.0204  0.0205  0.0204  0.0205  0.0203  0.0203
  0.0203  0.0203  0.0203  0.0203  0.0203  0.0203  0.0203  0.0203  0.0203  0.0203  0.0203  0.0203
  0.0204  0.0204  0.0204  0.0204  0.0204  0.0202  0.0204  0.0205  0.0204  0.0204  0.0203  0.0204
  0.0208  0.0207  0.0206  0.0209  0.0207  0.0207  0.0207  0.0212  0.0206  0.0208  0.0205  0.0206
  0.0214  0.0211  0.0209  0.0219  0.0213  0.0220  0.0212  0.0224  0.0210  0.0216  0.0209  0.0209
niter,ni,del,rscale     2    3    5.0000    0.5000
parameters
   -2.6305   -5.9871    4.6035   -5.1750  -23.3814   -9.1034
   -0.9224    6.4976   -2.4566   41.1249   -8.1257  -47.2139
eta,q 0.97978 12.11420
  0.0210  0.0208  0.0207  0.0215  0.0209  0.0215  0.0209  0.0218  0.0208  0.0212  0.0207  0.0207
  0.0206  0.0205  0.0205  0.0209  0.0206  0.0210  0.0205  0.0210  0.0205  0.0207  0.0204  0.0204
  0.0204  0.0203  0.0203  0.0205  0.0204  0.0206  0.0203  0.0204  0.0203  0.0204  0.0203  0.0203
  0.0203  0.0203  0.0203  0.0203  0.0203  0.0203  0.0202  0.0202  0.0202  0.0202  0.0202  0.0202
  0.0204  0.0203  0.0203  0.0203  0.0203  0.0202  0.0203  0.0204  0.0203  0.0203  0.0203  0.0203
  0.0206  0.0205  0.0204  0.0207  0.0205  0.0205  0.0205  0.0209  0.0205  0.0206  0.0204  0.0204
  0.0210  0.0208  0.0206  0.0214  0.0209  0.0214  0.0209  0.0218  0.0208  0.0212  0.0207  0.0206
niter,ni,del,rscale     1    3    5.0000    0.4000
parameters
   -2.6289   -5.9582    4.6863   -5.1429  -23.4085   -8.8337
   -0.9137    6.5160   -2.4646   41.1805   -8.1202  -47.1056
eta,q 0.97981 12.11659
  0.0207  0.0206  0.0205  0.0210  0.0206  0.0211  0.0206  0.0213  0.0205  0.0208  0.0205  0.0205
  0.0205  0.0204  0.0204  0.0206  0.0204  0.0207  0.0204  0.0207  0.0203  0.0205  0.0203  0.0203
  0.0203  0.0203  0.0203  0.0204  0.0203  0.0204  0.0202  0.0203  0.0202  0.0203  0.0202  0.0202
  0.0202  0.0202  0.0202  0.0202  0.0202  0.0202  0.0202  0.0202  0.0202  0.0202  0.0202  0.0202
  0.0203  0.0203  0.0202  0.0203  0.0203  0.0202  0.0202  0.0203  0.0202  0.0202  0.0202  0.0202
  0.0205  0.0204  0.0203  0.0205  0.0204  0.0204  0.0204  0.0206  0.0203  0.0204  0.0203  0.0203
  0.0207  0.0206  0.0204  0.0210  0.0207  0.0209  0.0206  0.0212  0.0205  0.0208  0.0205  0.0204
registration optimization eta report
parameter search radius
    0.8000    0.8000    0.8000    2.4000    2.4000    2.4000
    2.4000    2.4000    2.4000    2.4000    2.4000    2.4000
100000*second partial in parameter space
       79.       55.       41.       14.        7.       14.
        7.       18.        6.       11.        5.        5.
  0.0207  0.0206  0.0205  0.0210  0.0206  0.0211  0.0206  0.0213  0.0205  0.0208  0.0205  0.0205
  0.0205  0.0204  0.0204  0.0206  0.0204  0.0207  0.0204  0.0207  0.0203  0.0205  0.0203  0.0203
  0.0203  0.0203  0.0203  0.0204  0.0203  0.0204  0.0202  0.0203  0.0202  0.0203  0.0202  0.0202
  0.0202  0.0202  0.0202  0.0202  0.0202  0.0202  0.0202  0.0202  0.0202  0.0202  0.0202  0.0202
  0.0203  0.0203  0.0202  0.0203  0.0203  0.0202  0.0202  0.0203  0.0202  0.0202  0.0202  0.0202
  0.0205  0.0204  0.0203  0.0205  0.0204  0.0204  0.0204  0.0206  0.0203  0.0204  0.0203  0.0203
  0.0207  0.0206  0.0204  0.0210  0.0207  0.0209  0.0206  0.0212  0.0205  0.0208  0.0205  0.0204
   -2.6289   -5.9582    4.6863   -5.1429  -23.4085   -8.8337
   -0.9137    6.5160   -2.4646   41.1805   -8.1202  -47.1056
eta,q 0.97981 12.11659

---------------------------------------------------------------------
compute_vox2vox talsrcimg talsrcimg_to_711-2C_as_mni_average_305_t4 /usr/local/freesurfer/average/711-2C_as_mni_average_305
---------------------------------------------------------------------

freesurfer compute_vox2vox.c
Reading: talsrcimg.4dfp.ifh
Reading: talsrcimg_to_711-2C_as_mni_average_305_t4
Reading: /usr/local/freesurfer/average/711-2C_as_mni_average_305.4dfp.ifh
Writing: talsrcimg_to_711-2C_as_mni_average_305_t4_vox2vox.txt

start time Fri May 30 06:00:15 UTC 2025
end		time Fri May 30 06:00:35 UTC 2025

mpr2mni305 success

avi2talxfm orig_nu.mgz /usr/local/freesurfer/average/mni305.cor.mgz talsrcimg_to_711-2C_as_mni_average_305_t4_vox2vox.txt transforms/talairach.auto.xfm
avi2talxfm done
mv -f /home/freesurfer/subjects/sub-027/mri/talsrcimg_to_711-2C_as_mni_average_305_t4_vox2vox.txt /home/freesurfer/subjects/sub-027/mri/transforms/talsrcimg_to_711-2C_as_mni_average_305_t4_vox2vox.txt
lta_convert --src orig_nu.mgz --trg /usr/local/freesurfer/average/mni305.cor.mgz --inxfm transforms/talairach.auto.xfm --outlta transforms/talairach.auto.xfm.lta --subject fsaverage
7.4.1

--src: orig_nu.mgz src image (geometry).
--trg: /usr/local/freesurfer/average/mni305.cor.mgz trg image (geometry).
--inmni: transforms/talairach.auto.xfm input MNI/XFM transform.
--outlta: transforms/talairach.auto.xfm.lta output LTA.
--s: fsaverage subject name
 LTA read, type : 1
 1.04814  -0.06305  -0.02627   0.39589;
 0.08670   0.85320   0.52578  -18.55334;
-0.01289  -0.46077   1.02209   18.02805;
 0.00000   0.00000   0.00000   1.00000;
setting subject to fsaverage
Writing  LTA to file transforms/talairach.auto.xfm.lta...
lta_convert successful.
 
 
Started at Fri May 30 06:00:14 UTC 2025
Ended   at Fri May 30 06:00:35 UTC 2025
talairach_avi done
