/home/freesurfer/subjects/sub-014/mri
/usr/local/freesurfer/bin/talairach_avi
--i orig_nu.mgz --xfm transforms/talairach.auto.xfm
talairach_avi 7.4.1
Linux 7bf39495c61a 6.11.0-26-generic #26~24.04.1-Ubuntu SMP PREEMPT_DYNAMIC Thu Apr 17 19:20:47 UTC 2 x86_64 x86_64 x86_64 GNU/Linux
Thu May 29 13:04:38 UTC 2025
mri_convert orig_nu.mgz talsrcimg.img 
reading from orig_nu.mgz...
TR=8.34, TE=0.00, TI=0.00, flip angle=0.00
i_ras = (-1, -7.91624e-09, -7.45058e-09)
j_ras = (0, 0, -1)
k_ras = (6.98492e-09, 1, -3.72529e-09)
writing to talsrcimg.img...
Analyze Output Matrix
-1.00000   0.00000   0.00000   133.57050;
-0.00000   0.00000   1.00000  -103.92944;
-0.00000  -1.00000  -0.00000   149.95493;
 0.00000   0.00000   0.00000   1.00000;
--------------------
INFO: set hdr.hist.orient to -1
mpr2mni305 talsrcimg
Thu May 29 13:04:39 UTC 2025
/usr/local/freesurfer/bin/mpr2mni305 talsrcimg
mpr2mni305 7.4.1
target=711-2C_as_mni_average_305

---------------------------------------------------------------------
analyzeto4dfp talsrcimg -O0 -y
---------------------------------------------------------------------

freesurfer ifh2hdr.c
Thu May 29 13:04:39 2025
Writing: talsrcimg.4dfp.hdr
freesurfer analyzeto4dfp.c
Reading: talsrcimg.hdr
header size 348 bytes
hdr.dime.datatype	offset=70	value=2
hdr.dime.bitpix		offset=72	value=8
hdr.hist.orient		offset=252	value=-1
dimensionality     4
dimensions       256       256       256         1
Reading: talsrcimg.img
Writing: talsrcimg.4dfp.img
Writing: talsrcimg.4dfp.ifh
ifh2hdr talsrcimg -r0to236
ori=2

---------------------------------------------------------------------
gauss_4dfp talsrcimg 1.1
---------------------------------------------------------------------

freesurfer gauss_4dfp.c
Reading: talsrcimg.4dfp.img
Writing: talsrcimg_g11.4dfp.img
image dimensions 256 256 256 padded to 288 288 288
processing volume 1freesurfer ifh2hdr.c
Thu May 29 13:04:43 2025
Writing: talsrcimg_g11.4dfp.hdr

Writing: talsrcimg_g11.4dfp.ifh
including: talsrcimg.4dfp.img.rec in talsrcimg_g11.4dfp.img.rec

---------------------------------------------------------------------
imgreg_4dfp /usr/local/freesurfer/average/711-2C_as_mni_average_305 none talsrcimg_g11 none talsrcimg_to_711-2C_as_mni_average_305_t4 4355
---------------------------------------------------------------------

freesurfer imgreg_4dfp.c
/usr/local/freesurfer/average/711-2C_as_mni_average_305.4dfp.img
       256       256       256         1
  1.000000  1.000000  1.000000
orientation T byte_order littleendian
Reading image: /usr/local/freesurfer/average/711-2C_as_mni_average_305.4dfp.img
dimensions:      256       256       256
mmppix:       1.0000   -1.0000   -1.0000
center:     128.0000 -129.0000 -129.0000
talsrcimg_g11.4dfp.img
       256       256       256         1
  1.000000  1.000000  1.000000
orientation T byte_order littleendian
Reading image: talsrcimg_g11.4dfp.img
dimensions:      256       256       256
mmppix:       1.0000   -1.0000   -1.0000
center:     128.0000 -129.0000 -129.0000
t4_read: open error in t4_sub.f l:  41 t4_file(1:l)talsrcimg_to_711-2C_as_mni_average_305_t4 
t4_read: transform initialized to I4
rotation matrix determinant  1.000000
image alignment mode   4355 decimal     1103 hex
   -7.5000  -45.0000  -45.0000 8925.1025   15.4290
    0.0000  -45.0000  -45.0000 9272.6270   15.4120
    7.5000  -45.0000  -45.0000 8864.4229   15.4062
   -7.5000  -37.5000  -45.0000 9357.2275   15.3383
    0.0000  -37.5000  -45.0000 9710.7852   15.3176
    7.5000  -37.5000  -45.0000 9298.4248   15.3156
   -7.5000  -30.0000  -45.000010100.4854   15.3006
    0.0000  -30.0000  -45.000010472.1699   15.2754
    7.5000  -30.0000  -45.000010042.5156   15.2802
   -7.5000  -22.5000  -45.000010840.9326   15.2814
    0.0000  -22.5000  -45.000011245.9404   15.2553
    7.5000  -22.5000  -45.000010781.3584   15.2633
   -7.5000  -15.0000  -45.000011569.7441   15.2944
    0.0000  -15.0000  -45.000011998.2998   15.2707
    7.5000  -15.0000  -45.000011464.5693   15.2756
   -7.5000   -7.5000  -45.000012267.8232   15.3310
    0.0000   -7.5000  -45.000012748.6924   15.3121
    7.5000   -7.5000  -45.000012115.9189   15.3101
   -7.5000    0.0000  -45.000012803.0723   15.3550
    0.0000    0.0000  -45.000013284.0264   15.3382
    7.5000    0.0000  -45.000012598.6240   15.3324
   -7.5000    7.5000  -45.000012219.4160   15.3376
    0.0000    7.5000  -45.000012659.3760   15.3169
    7.5000    7.5000  -45.000011988.2881   15.3149
   -7.5000   15.0000  -45.000011392.1816   15.3006
    0.0000   15.0000  -45.000011777.9434   15.2754
    7.5000   15.0000  -45.000011136.3467   15.2802
   -7.5000   22.5000  -45.000010442.9668   15.2793
    0.0000   22.5000  -45.000010798.6367   15.2532
    7.5000   22.5000  -45.000010173.5908   15.2612
   -7.5000   30.0000  -45.0000 9454.4541   15.0906
    0.0000   30.0000  -45.0000 9793.3721   15.0672
    7.5000   30.0000  -45.0000 9211.8535   15.0721
   -7.5000   37.5000  -45.0000 8839.3828   15.1580
    0.0000   37.5000  -45.0000 9168.7480   15.1389
    7.5000   37.5000  -45.0000 8644.6309   15.1371
   -7.5000   45.0000  -45.0000 7962.1274   14.9641
    0.0000   45.0000  -45.0000 8245.6348   14.9466
    7.5000   45.0000  -45.0000 7779.0542   14.9416
   -7.5000  -45.0000  -37.5000 9522.5938   15.4169
    0.0000  -45.0000  -37.5000 9885.6865   15.3915
    7.5000  -45.0000  -37.5000 9429.0459   15.3863
   -7.5000  -37.5000  -37.5000 9992.8027   15.3218
    0.0000  -37.5000  -37.500010361.1299   15.2954
    7.5000  -37.5000  -37.5000 9910.0713   15.2944
   -7.5000  -30.0000  -37.500010807.4580   15.2836
    0.0000  -30.0000  -37.500011212.2578   15.2537
    7.5000  -30.0000  -37.500010733.8281   15.2587
   -7.5000  -22.5000  -37.500011599.3340   15.2696
    0.0000  -22.5000  -37.500012039.9004   15.2372
    7.5000  -22.5000  -37.500011519.5244   15.2436
   -7.5000  -15.0000  -37.500012366.1504   15.2889
    0.0000  -15.0000  -37.500012838.5977   15.2565
    7.5000  -15.0000  -37.500012259.2061   15.2587
   -7.5000   -7.5000  -37.500013076.4043   15.3247
    0.0000   -7.5000  -37.500013580.0361   15.2961
    7.5000   -7.5000  -37.500012932.0127   15.2927
   -7.5000    0.0000  -37.500013613.8711   15.3431
    0.0000    0.0000  -37.500014127.5254   15.3178
    7.5000    0.0000  -37.500013432.3398   15.3126
   -7.5000    7.5000  -37.500012945.6074   15.3212
    0.0000    7.5000  -37.500013452.8857   15.2948
    7.5000    7.5000  -37.500012759.5918   15.2937
   -7.5000   15.0000  -37.500012050.2725   15.2836
    0.0000   15.0000  -37.500012501.7715   15.2537
    7.5000   15.0000  -37.500011846.1201   15.2587
   -7.5000   22.5000  -37.500011014.5811   15.2675
    0.0000   22.5000  -37.500011449.2314   15.2351
    7.5000   22.5000  -37.500010818.1787   15.2415
   -7.5000   30.0000  -37.5000 9946.3584   15.0851
    0.0000   30.0000  -37.500010350.7471   15.0532
    7.5000   30.0000  -37.5000 9770.7939   15.0553
   -7.5000   37.5000  -37.5000 9283.4375   15.1514
    0.0000   37.5000  -37.5000 9684.2188   15.1229
    7.5000   37.5000  -37.5000 9161.8320   15.1197
   -7.5000   45.0000  -37.5000 8329.7246   14.9524
    0.0000   45.0000  -37.5000 8692.7559   14.9264
    7.5000   45.0000  -37.5000 8236.8984   14.9217
   -7.5000  -45.0000  -30.000010276.8604   16.0742
    0.0000  -45.0000  -30.000010638.6992   16.0355
    7.5000  -45.0000  -30.000010166.7979   16.0246
   -7.5000  -37.5000  -30.000010784.6299   15.9763
    0.0000  -37.5000  -30.000011169.1611   15.9390
    7.5000  -37.5000  -30.000010685.7041   15.9313
   -7.5000  -30.0000  -30.000011679.3096   15.9336
    0.0000  -30.0000  -30.000012124.9502   15.8955
    7.5000  -30.0000  -30.000011586.9551   15.8929
   -7.5000  -22.5000  -30.000012570.7471   15.9148
    0.0000  -22.5000  -30.000013052.5742   15.8735
    7.5000  -22.5000  -30.000012455.4238   15.8728
   -7.5000  -15.0000  -30.000013369.0361   15.9342
    0.0000  -15.0000  -30.000013899.4482   15.8911
    7.5000  -15.0000  -30.000013260.6221   15.8867
   -7.5000   -7.5000  -30.000014082.5439   15.9744
    0.0000   -7.5000  -30.000014630.4014   15.9331
    7.5000   -7.5000  -30.000013944.7686   15.9238
   -7.5000    0.0000  -30.000014646.1445   15.9969
    0.0000    0.0000  -30.000015220.3789   15.9585
    7.5000    0.0000  -30.000014479.0654   15.9477
   -7.5000    7.5000  -30.000013948.4795   15.9756
    0.0000    7.5000  -30.000014500.0596   15.9383
    7.5000    7.5000  -30.000013748.3486   15.9307
   -7.5000   15.0000  -30.000012948.5996   15.9336
    0.0000   15.0000  -30.000013479.7344   15.8955
    7.5000   15.0000  -30.000012778.6826   15.8929
   -7.5000   22.5000  -30.000011811.3086   15.9110
    0.0000   22.5000  -30.000012353.3096   15.8697
    7.5000   22.5000  -30.000011665.8184   15.8690
   -7.5000   30.0000  -30.000010655.0771   15.7234
    0.0000   30.0000  -30.000011145.0186   15.6808
    7.5000   30.0000  -30.000010522.0850   15.6765
   -7.5000   37.5000  -30.0000 9923.4395   15.7948
    0.0000   37.5000  -30.000010391.0381   15.7538
    7.5000   37.5000  -30.0000 9839.2900   15.7448
   -7.5000   45.0000  -30.0000 8889.1436   15.6005
    0.0000   45.0000  -30.0000 9300.0312   15.5616
    7.5000   45.0000  -30.0000 8829.5078   15.5517
   -7.5000  -45.0000  -22.500010992.6709   16.6415
    0.0000  -45.0000  -22.500011358.8555   16.5996
    7.5000  -45.0000  -22.500010844.0117   16.5828
   -7.5000  -37.5000  -22.500011544.4082   16.5475
    0.0000  -37.5000  -22.500011951.3867   16.5065
    7.5000  -37.5000  -22.500011412.8545   16.4907
   -7.5000  -30.0000  -22.500012552.6289   16.5020
    0.0000  -30.0000  -22.500013014.1650   16.4612
    7.5000  -30.0000  -22.500012395.8330   16.4503
   -7.5000  -22.5000  -22.500013556.0820   16.4716
    0.0000  -22.5000  -22.500014062.5605   16.4295
    7.5000  -22.5000  -22.500013354.1807   16.4233
   -7.5000  -15.0000  -22.500014428.6523   16.4829
    0.0000  -15.0000  -22.500014984.0195   16.4396
    7.5000  -15.0000  -22.500014240.8252   16.4322
   -7.5000   -7.5000  -22.500015128.6387   16.5276
    0.0000   -7.5000  -22.500015702.3916   16.4852
    7.5000   -7.5000  -22.500014953.7354   16.4722
   -7.5000    0.0000  -22.500015672.5674   16.5612
    0.0000    0.0000  -22.500016301.6250   16.5197
    7.5000    0.0000  -22.500015502.8877   16.5032
   -7.5000    7.5000  -22.500014909.8369   16.5468
    0.0000    7.5000  -22.500015524.5410   16.5058
    7.5000    7.5000  -22.500014721.4785   16.4900
   -7.5000   15.0000  -22.500013847.5840   16.5020
    0.0000   15.0000  -22.500014456.9160   16.4612
    7.5000   15.0000  -22.500013681.3760   16.4503
   -7.5000   22.5000  -22.500012651.0869   16.4666
    0.0000   22.5000  -22.500013255.5889   16.4245
    7.5000   22.5000  -22.500012519.9229   16.4182
   -7.5000   30.0000  -22.500011420.1680   16.2673
    0.0000   30.0000  -22.500011957.1631   16.2246
    7.5000   30.0000  -22.500011274.4414   16.2172
   -7.5000   37.5000  -22.500010630.8066   16.3443
    0.0000   37.5000  -22.500011137.3145   16.3020
    7.5000   37.5000  -22.500010509.1104   16.2892
   -7.5000   45.0000  -22.5000 9494.9053   16.1623
    0.0000   45.0000  -22.5000 9946.3350   16.1207
    7.5000   45.0000  -22.5000 9411.2441   16.1057
   -7.5000  -45.0000  -15.000011667.3555   17.0499
    0.0000  -45.0000  -15.000012088.3906   17.0147
    7.5000  -45.0000  -15.000011470.5771   16.9963
   -7.5000  -37.5000  -15.000012280.6113   16.9596
    0.0000  -37.5000  -15.000012719.4785   16.9226
    7.5000  -37.5000  -15.000012052.7959   16.9038
   -7.5000  -30.0000  -15.000013378.3701   16.9145
    0.0000  -30.0000  -15.000013856.7256   16.8763
    7.5000  -30.0000  -15.000013095.8633   16.8629
   -7.5000  -22.5000  -15.000014469.7158   16.8772
    0.0000  -22.5000  -15.000015007.9131   16.8395
    7.5000  -22.5000  -15.000014144.2842   16.8333
   -7.5000  -15.0000  -15.000015435.7363   16.8807
    0.0000  -15.0000  -15.000016067.2656   16.8443
    7.5000  -15.0000  -15.000015151.0791   16.8389
   -7.5000   -7.5000  -15.000016133.4873   16.9266
    0.0000   -7.5000  -15.000016828.6367   16.8920
    7.5000   -7.5000  -15.000015956.7119   16.8801
   -7.5000    0.0000  -15.000016618.7207   16.9676
    0.0000    0.0000  -15.000017371.7676   16.9328
    7.5000    0.0000  -15.000016499.1113   16.9147
   -7.5000    7.5000  -15.000015766.6572   16.9589
    0.0000    7.5000  -15.000016521.8867   16.9219
    7.5000    7.5000  -15.000015608.0615   16.9031
   -7.5000   15.0000  -15.000014668.2559   16.9145
    0.0000   15.0000  -15.000015406.5166   16.8763
    7.5000   15.0000  -15.000014484.6543   16.8629
   -7.5000   22.5000  -15.000013472.7441   16.8712
    0.0000   22.5000  -15.000014174.7236   16.8335
    7.5000   22.5000  -15.000013288.0596   16.8273
   -7.5000   30.0000  -15.000012190.7607   16.6622
    0.0000   30.0000  -15.000012788.3838   16.6263
    7.5000   30.0000  -15.000011981.0342   16.6210
   -7.5000   37.5000  -15.000011366.6338   16.7416
    0.0000   37.5000  -15.000011906.1006   16.7069
    7.5000   37.5000  -15.000011146.7510   16.6950
   -7.5000   45.0000  -15.000010148.2422   16.5689
    0.0000   45.0000  -15.000010620.3193   16.5340
    7.5000   45.0000  -15.0000 9964.0918   16.5179
   -7.5000  -45.0000   -7.500012324.6787   17.2426
    0.0000  -45.0000   -7.500012800.6484   17.2184
    7.5000  -45.0000   -7.500012051.3223   17.2051
   -7.5000  -37.5000   -7.500012935.6553   17.1489
    0.0000  -37.5000   -7.500013435.5918   17.1205
    7.5000  -37.5000   -7.500012642.6416   17.1084
   -7.5000  -30.0000   -7.500014071.9209   17.1053
    0.0000  -30.0000   -7.500014634.4902   17.0732
    7.5000  -30.0000   -7.500013741.0342   17.0679
   -7.5000  -22.5000   -7.500015265.9248   17.0727
    0.0000  -22.5000   -7.500015917.8086   17.0410
    7.5000  -22.5000   -7.500014870.7686   17.0423
   -7.5000  -15.0000   -7.500016414.4004   17.0782
    0.0000  -15.0000   -7.500017180.7285   17.0497
    7.5000  -15.0000   -7.500016013.5342   17.0505
   -7.5000   -7.5000   -7.500017278.1758   17.1223
    0.0000   -7.5000   -7.500018181.5547   17.0978
    7.5000   -7.5000   -7.500017003.8672   17.0910
   -7.5000    0.0000   -7.500017792.3906   17.1596
    0.0000    0.0000   -7.500018797.0469   17.1357
    7.5000    0.0000   -7.500017593.0488   17.1226
   -7.5000    7.5000   -7.500016860.2715   17.1481
    0.0000    7.5000   -7.500017809.3867   17.1197
    7.5000    7.5000   -7.500016584.9219   17.1076
   -7.5000   15.0000   -7.500015681.0156   17.1053
    0.0000   15.0000   -7.500016529.8242   17.0732
    7.5000   15.0000   -7.500015307.6387   17.0679
   -7.5000   22.5000   -7.500014427.9883   17.0649
    0.0000   22.5000   -7.500015136.9082   17.0331
    7.5000   22.5000   -7.500013994.0479   17.0344
   -7.5000   30.0000   -7.500013018.7148   16.8568
    0.0000   30.0000   -7.500013608.1309   16.8286
    7.5000   30.0000   -7.500012613.5225   16.8294
   -7.5000   37.5000   -7.500012092.4551   16.9351
    0.0000   37.5000   -7.500012641.2510   16.9103
    7.5000   37.5000   -7.500011741.6553   16.9037
   -7.5000   45.0000   -7.500010820.4746   16.7602
    0.0000   45.0000   -7.500011334.7754   16.7359
    7.5000   45.0000   -7.500010556.9072   16.7243
   -7.5000  -45.0000    0.000012791.2500   17.2595
    0.0000  -45.0000    0.000013358.6768   17.2404
    7.5000  -45.0000    0.000012520.8291   17.2340
   -7.5000  -37.5000    0.000013399.8281   17.1582
    0.0000  -37.5000    0.000014052.6748   17.1350
    7.5000  -37.5000    0.000013155.9277   17.1328
   -7.5000  -30.0000    0.000014576.2949   17.1160
    0.0000  -30.0000    0.000015301.9805   17.0879
    7.5000  -30.0000    0.000014314.3428   17.0932
   -7.5000  -22.5000    0.000015837.7539   17.0943
    0.0000  -22.5000    0.000016663.1094   17.0651
    7.5000  -22.5000    0.000015471.9355   17.0741
   -7.5000  -15.0000    0.000017223.3770   17.1086
    0.0000  -15.0000    0.000018158.5195   17.0822
    7.5000  -15.0000    0.000016642.9043   17.0877
   -7.5000   -7.5000    0.000018474.2852   17.1496
    0.0000   -7.5000    0.000019501.7305   17.1285
    7.5000   -7.5000    0.000017755.4707   17.1263
   -7.5000    0.0000    0.000019204.3359   17.1768
    0.0000    0.0000    0.000020309.8477   17.1579
    7.5000    0.0000    0.000018539.0293   17.1514
   -7.5000    7.5000    0.000018084.1367   17.1574
    0.0000    7.5000    0.000019033.8594   17.1343
    7.5000    7.5000    0.000017474.1895   17.1320
   -7.5000   15.0000    0.000016626.0781   17.1160
    0.0000   15.0000    0.000017383.8066   17.0879
    7.5000   15.0000    0.000015998.7900   17.0932
   -7.5000   22.5000    0.000015153.2480   17.0864
    0.0000   22.5000    0.000015798.7803   17.0572
    7.5000   22.5000    0.000014524.1680   17.0662
   -7.5000   30.0000    0.000013601.4795   16.8872
    0.0000   30.0000    0.000014188.6328   16.8611
    7.5000   30.0000    0.000013097.2207   16.8666
   -7.5000   37.5000    0.000012629.6455   16.9627
    0.0000   37.5000    0.000013207.8594   16.9414
    7.5000   37.5000    0.000012231.0527   16.9393
   -7.5000   45.0000    0.000011356.3447   16.7788
    0.0000   45.0000    0.000011901.7480   16.7591
    7.5000   45.0000    0.000011033.5186   16.7536
   -7.5000  -45.0000    7.500012203.4307   17.2517
    0.0000  -45.0000    7.500012809.6133   17.2233
    7.5000  -45.0000    7.500012011.0488   17.2175
   -7.5000  -37.5000    7.500012822.1553   17.1454
    0.0000  -37.5000    7.500013494.6270   17.1158
    7.5000  -37.5000    7.500012620.3789   17.1146
   -7.5000  -30.0000    7.500014017.6611   17.1025
    0.0000  -30.0000    7.500014721.0752   17.0692
    7.5000  -30.0000    7.500013738.8516   17.0748
   -7.5000  -22.5000    7.500015258.3994   17.0869
    0.0000  -22.5000    7.500016026.9805   17.0506
    7.5000  -22.5000    7.500014850.2695   17.0578
   -7.5000  -15.0000    7.500016606.1504   17.1084
    0.0000  -15.0000    7.500017441.9707   17.0722
    7.5000  -15.0000    7.500015973.7852   17.0747
   -7.5000   -7.5000    7.500017850.4668   17.1486
    0.0000   -7.5000    7.500018791.6855   17.1166
    7.5000   -7.5000    7.500017038.2676   17.1127
   -7.5000    0.0000    7.500018617.6191   17.1691
    0.0000    0.0000    7.500019577.8438   17.1409
    7.5000    0.0000    7.500017833.8477   17.1350
   -7.5000    7.5000    7.500017450.6152   17.1446
    0.0000    7.5000    7.500018203.6211   17.1151
    7.5000    7.5000    7.500016742.5586   17.1139
   -7.5000   15.0000    7.500015918.5840   17.1025
    0.0000   15.0000    7.500016591.3418   17.0692
    7.5000   15.0000    7.500015276.9746   17.0748
   -7.5000   22.5000    7.500014412.4316   17.0790
    0.0000   22.5000    7.500015083.3438   17.0428
    7.5000   22.5000    7.500013878.3477   17.0499
   -7.5000   30.0000    7.500012940.0381   16.8870
    0.0000   30.0000    7.500013570.9531   16.8513
    7.5000   30.0000    7.500012538.2334   16.8537
   -7.5000   37.5000    7.500012042.1592   16.9612
    0.0000   37.5000    7.500012656.5488   16.9293
    7.5000   37.5000    7.500011746.5986   16.9258
   -7.5000   45.0000    7.500010848.3828   16.7713
    0.0000   45.0000    7.500011422.2939   16.7422
    7.5000   45.0000    7.500010597.3096   16.7369
   -7.5000  -45.0000   15.000011609.5420   17.2640
    0.0000  -45.0000   15.000012122.5693   17.2225
    7.5000  -45.0000   15.000011375.1250   17.2107
   -7.5000  -37.5000   15.000012210.9854   17.1589
    0.0000  -37.5000   15.000012788.5938   17.1188
    7.5000  -37.5000   15.000011941.0859   17.1106
   -7.5000  -30.0000   15.000013304.7119   17.1131
    0.0000  -30.0000   15.000013938.5566   17.0720
    7.5000  -30.0000   15.000012969.9688   17.0693
   -7.5000  -22.5000   15.000014411.0166   17.0928
    0.0000  -22.5000   15.000015125.7900   17.0485
    7.5000  -22.5000   15.000014050.5996   17.0477
   -7.5000  -15.0000   15.000015575.9199   17.1137
    0.0000  -15.0000   15.000016380.9316   17.0673
    7.5000  -15.0000   15.000015109.9258   17.0626
   -7.5000   -7.5000   15.000016622.4473   17.1568
    0.0000   -7.5000   15.000017539.6426   17.1124
    7.5000   -7.5000   15.000016098.0459   17.1025
   -7.5000    0.0000   15.000017234.1992   17.1810
    0.0000    0.0000   15.000018089.8594   17.1397
    7.5000    0.0000   15.000016720.8887   17.1282
   -7.5000    7.5000   15.000016075.8428   17.1582
    0.0000    7.5000   15.000016792.5078   17.1181
    7.5000    7.5000   15.000015620.6699   17.1098
   -7.5000   15.0000   15.000014732.2227   17.1131
    0.0000   15.0000   15.000015425.5322   17.0720
    7.5000   15.0000   15.000014321.4395   17.0693
   -7.5000   22.5000   15.000013408.4141   17.0849
    0.0000   22.5000   15.000014134.5117   17.0407
    7.5000   22.5000   15.000013079.3330   17.0399
   -7.5000   30.0000   15.000012104.2236   16.8922
    0.0000   30.0000   15.000012754.5693   16.8464
    7.5000   30.0000   15.000011831.5850   16.8418
   -7.5000   37.5000   15.000011283.1582   16.9689
    0.0000   37.5000   15.000011865.0840   16.9248
    7.5000   37.5000   15.000011072.3701   16.9152
   -7.5000   45.0000   15.000010135.4990   16.7824
    0.0000   45.0000   15.000010662.3389   16.7406
    7.5000   45.0000   15.0000 9977.0146   16.7299
   -7.5000  -45.0000   22.500010908.9004   17.4129
    0.0000  -45.0000   22.500011339.5156   17.3685
    7.5000  -45.0000   22.500010660.4609   17.3509
   -7.5000  -37.5000   22.500011420.2422   17.3138
    0.0000  -37.5000   22.500011899.0312   17.2704
    7.5000  -37.5000   22.500011182.1055   17.2538
   -7.5000  -30.0000   22.500012408.0195   17.2660
    0.0000  -30.0000   22.500012940.7998   17.2229
    7.5000  -30.0000   22.500012144.0039   17.2115
   -7.5000  -22.5000   22.500013427.5488   17.2341
    0.0000  -22.5000   22.500014014.3262   17.1897
    7.5000  -22.5000   22.500013157.2119   17.1832
   -7.5000  -15.0000   22.500014471.4395   17.2459
    0.0000  -15.0000   22.500015156.7891   17.2002
    7.5000  -15.0000   22.500014172.4785   17.1925
   -7.5000   -7.5000   22.500015372.9609   17.2929
    0.0000   -7.5000   22.500016146.9297   17.2480
    7.5000   -7.5000   22.500015076.0723   17.2345
   -7.5000    0.0000   22.500015860.3545   17.3282
    0.0000    0.0000   22.500016571.6914   17.2842
    7.5000    0.0000   22.500015567.5996   17.2669
   -7.5000    7.5000   22.500014765.9385   17.3130
    0.0000    7.5000   22.500015404.2314   17.2697
    7.5000    7.5000   22.500014533.0850   17.2531
   -7.5000   15.0000   22.500013524.4199   17.2660
    0.0000   15.0000   22.500014181.2930   17.2229
    7.5000   15.0000   22.500013349.5703   17.2115
   -7.5000   22.5000   22.500012341.0693   17.2261
    0.0000   22.5000   22.500012990.7881   17.1818
    7.5000   22.5000   22.500012195.6045   17.1753
   -7.5000   30.0000   22.500011160.2383   17.0227
    0.0000   30.0000   22.500011736.0420   16.9776
    7.5000   30.0000   22.500011023.1318   16.9700
   -7.5000   37.5000   22.500010413.9258   17.1038
    0.0000   37.5000   22.500010934.9482   17.0590
    7.5000   37.5000   22.500010268.0762   17.0457
   -7.5000   45.0000   22.5000 9376.5996   16.9272
    0.0000   45.0000   22.5000 9846.3047   16.8832
    7.5000   45.0000   22.5000 9264.7598   16.8674
   -7.5000  -45.0000   30.000010120.0596   17.7140
    0.0000  -45.0000   30.000010490.0811   17.6752
    7.5000  -45.0000   30.0000 9913.9121   17.6547
   -7.5000  -37.5000   30.000010582.1865   17.6166
    0.0000  -37.5000   30.000010973.2783   17.5761
    7.5000  -37.5000   30.000010392.9746   17.5551
   -7.5000  -30.0000   30.000011472.8691   17.5683
    0.0000  -30.0000   30.000011891.4326   17.5267
    7.5000  -30.0000   30.000011285.4355   17.5117
   -7.5000  -22.5000   30.000012388.3096   17.5295
    0.0000  -22.5000   30.000012865.3555   17.4887
    7.5000  -22.5000   30.000012209.2734   17.4817
   -7.5000  -15.0000   30.000013323.5352   17.5346
    0.0000  -15.0000   30.000013895.6602   17.4951
    7.5000  -15.0000   30.000013169.2725   17.4890
   -7.5000   -7.5000   30.000014128.4941   17.5837
    0.0000   -7.5000   30.000014747.4668   17.5459
    7.5000   -7.5000   30.000013965.0029   17.5325
   -7.5000    0.0000   30.000014544.8750   17.6264
    0.0000    0.0000   30.000015112.3418   17.5881
    7.5000    0.0000   30.000014335.3193   17.5679
   -7.5000    7.5000   30.000013555.5020   17.6159
    0.0000    7.5000   30.000014100.1797   17.5753
    7.5000    7.5000   30.000013390.7500   17.5544
   -7.5000   15.0000   30.000012418.3613   17.5683
    0.0000   15.0000   30.000012980.2822   17.5267
    7.5000   15.0000   30.000012297.3926   17.5117
   -7.5000   22.5000   30.000011301.6104   17.5214
    0.0000   22.5000   30.000011834.7070   17.4806
    7.5000   22.5000   30.000011200.5928   17.4737
   -7.5000   30.0000   30.000010220.2881   17.3077
    0.0000   30.0000   30.000010677.2305   17.2687
    7.5000   30.0000   30.000010114.9941   17.2626
   -7.5000   37.5000   30.0000 9561.9775   17.3924
    0.0000   37.5000   30.0000 9987.9014   17.3545
    7.5000   37.5000   30.0000 9434.6084   17.3412
   -7.5000   45.0000   30.0000 8643.5469   17.2224
    0.0000   45.0000   30.0000 9039.0186   17.1841
    7.5000   45.0000   30.0000 8544.1494   17.1659
   -7.5000  -45.0000   37.5000 9707.7998   18.1199
    0.0000  -45.0000   37.500010029.0107   18.0923
    7.5000  -45.0000   37.5000 9562.9590   18.0775
   -7.5000  -37.5000   37.500010180.0654   18.0175
    0.0000  -37.5000   37.500010500.3252   17.9859
    7.5000  -37.5000   37.500010012.3066   17.9720
   -7.5000  -30.0000   37.500011021.1973   17.9701
    0.0000  -30.0000   37.500011372.3125   17.9353
    7.5000  -30.0000   37.500010858.4668   17.9291
   -7.5000  -22.5000   37.500011875.9023   17.9338
    0.0000  -22.5000   37.500012278.5830   17.9000
    7.5000  -22.5000   37.500011743.0381   17.9017
   -7.5000  -15.0000   37.500012741.4141   17.9392
    0.0000  -15.0000   37.500013253.6172   17.9086
    7.5000  -15.0000   37.500012650.7402   17.9101
   -7.5000   -7.5000   37.500013450.8975   17.9872
    0.0000   -7.5000   37.500014015.4990   17.9599
    7.5000   -7.5000   37.500013343.7422   17.9528
   -7.5000    0.0000   37.500013799.9102   18.0285
    0.0000    0.0000   37.500014327.5703   18.0013
    7.5000    0.0000   37.500013627.1221   17.9866
   -7.5000    7.5000   37.500012908.1855   18.0167
    0.0000    7.5000   37.500013417.6406   17.9851
    7.5000    7.5000   37.500012748.4551   17.9712
   -7.5000   15.0000   37.500011847.9473   17.9701
    0.0000   15.0000   37.500012359.7334   17.9353
    7.5000   15.0000   37.500011730.2344   17.9291
   -7.5000   22.5000   37.500010777.3555   17.9256
    0.0000   22.5000   37.500011229.6016   17.8918
    7.5000   22.5000   37.500010659.8711   17.8934
   -7.5000   30.0000   37.5000 9723.7744   17.7071
    0.0000   30.0000   37.500010132.4209   17.6768
    7.5000   30.0000   37.5000 9609.0039   17.6783
   -7.5000   37.5000   37.5000 9082.3799   17.7928
    0.0000   37.5000   37.5000 9478.7822   17.7653
    7.5000   37.5000   37.5000 8980.7344   17.7582
   -7.5000   45.0000   37.5000 8247.1094   17.6214
    0.0000   45.0000   37.5000 8603.7910   17.5937
    7.5000   45.0000   37.5000 8167.1514   17.5807
   -7.5000  -45.0000   45.0000 8933.5186   18.5884
    0.0000  -45.0000   45.0000 9222.4746   18.5619
    7.5000  -45.0000   45.0000 8836.4287   18.5547
   -7.5000  -37.5000   45.0000 9383.3145   18.4715
    0.0000  -37.5000   45.0000 9668.5166   18.4404
    7.5000  -37.5000   45.0000 9250.6631   18.4375
   -7.5000  -30.0000   45.000010166.5811   18.4218
    0.0000  -30.0000   45.000010478.6182   18.3850
    7.5000  -30.0000   45.000010022.3740   18.3911
   -7.5000  -22.5000   45.000010944.5098   18.3942
    0.0000  -22.5000   45.000011311.0254   18.3561
    7.5000  -22.5000   45.000010832.7451   18.3674
   -7.5000  -15.0000   45.000011719.0195   18.4097
    0.0000  -15.0000   45.000012185.8730   18.3747
    7.5000  -15.0000   45.000011646.0312   18.3826
   -7.5000   -7.5000   45.000012313.2441   18.4586
    0.0000   -7.5000   45.000012812.1963   18.4295
    7.5000   -7.5000   45.000012217.0010   18.4281
   -7.5000    0.0000   45.000012581.9609   18.4919
    0.0000    0.0000   45.000013064.1289   18.4657
    7.5000    0.0000   45.000012435.7100   18.4584
   -7.5000    7.5000   45.000011751.3037   18.4706
    0.0000    7.5000   45.000012242.9883   18.4396
    7.5000    7.5000   45.000011634.1582   18.4366
   -7.5000   15.0000   45.000010818.4209   18.4218
    0.0000   15.0000   45.000011301.0029   18.3850
    7.5000   15.0000   45.000010724.5107   18.3911
   -7.5000   22.5000   45.0000 9857.5234   18.3857
    0.0000   22.5000   45.000010293.5986   18.3476
    7.5000   22.5000   45.0000 9758.6689   18.3589
   -7.5000   30.0000   45.0000 8916.2236   18.1699
    0.0000   30.0000   45.0000 9314.1162   18.1353
    7.5000   30.0000   45.0000 8816.1182   18.1431
   -7.5000   37.5000   45.0000 8328.6484   18.2589
    0.0000   37.5000   45.0000 8699.6328   18.2297
    7.5000   37.5000   45.0000 8248.3467   18.2285
   -7.5000   45.0000   45.0000 7555.2676   18.0906
    0.0000   45.0000   45.0000 7874.3955   18.0633
    7.5000   45.0000   45.0000 7480.5840   18.0571

---------------------------------------------------------------------
imgreg_4dfp /usr/local/freesurfer/average/711-2C_as_mni_average_305 /usr/local/freesurfer/average/711-2B_as_mni_average_305_mask talsrcimg_g11 none talsrcimg_to_711-2C_as_mni_average_305_t4 4355
---------------------------------------------------------------------

freesurfer imgreg_4dfp.c
/usr/local/freesurfer/average/711-2C_as_mni_average_305.4dfp.img
       256       256       256         1
  1.000000  1.000000  1.000000
orientation T byte_order littleendian
Reading image: /usr/local/freesurfer/average/711-2C_as_mni_average_305.4dfp.img
dimensions:      256       256       256
mmppix:       1.0000   -1.0000   -1.0000
center:     128.0000 -129.0000 -129.0000
/usr/local/freesurfer/average/711-2B_as_mni_average_305_mask.4dfp.img
       256       256       256         1
  1.000000  1.000000  1.000000
orientation T byte_order littleendian
Reading mask: /usr/local/freesurfer/average/711-2B_as_mni_average_305_mask.4dfp.img (2306576 pixels)
talsrcimg_g11.4dfp.img
       256       256       256         1
  1.000000  1.000000  1.000000
orientation T byte_order littleendian
Reading image: talsrcimg_g11.4dfp.img
dimensions:      256       256       256
mmppix:       1.0000   -1.0000   -1.0000
center:     128.0000 -129.0000 -129.0000
rotation matrix determinant  1.000000
image alignment mode   4355 decimal     1103 hex
   -7.5000  -45.0000  -45.0000 2392.4377   18.1689
    0.0000  -45.0000  -45.0000 2393.0488   18.3249
    7.5000  -45.0000  -45.0000 2369.6821   18.4792
   -7.5000  -37.5000  -45.0000 2445.6499   17.4237
    0.0000  -37.5000  -45.0000 2442.5571   17.5376
    7.5000  -37.5000  -45.0000 2422.2131   17.7209
   -7.5000  -30.0000  -45.0000 2471.4414   16.8375
    0.0000  -30.0000  -45.0000 2465.7917   16.9315
    7.5000  -30.0000  -45.0000 2449.3428   17.1690
   -7.5000  -22.5000  -45.0000 2494.0864   16.5085
    0.0000  -22.5000  -45.0000 2481.6184   16.5945
    7.5000  -22.5000  -45.0000 2462.0513   16.9048
   -7.5000  -15.0000  -45.0000 2501.7690   16.4372
    0.0000  -15.0000  -45.0000 2486.5242   16.5628
    7.5000  -15.0000  -45.0000 2458.5979   16.8945
   -7.5000   -7.5000  -45.0000 2500.2026   16.5562
    0.0000   -7.5000  -45.0000 2491.4204   16.7172
    7.5000   -7.5000  -45.0000 2461.5051   17.0995
   -7.5000    0.0000  -45.0000 2492.6675   16.9420
    0.0000    0.0000  -45.0000 2485.8516   17.0866
    7.5000    0.0000  -45.0000 2454.2209   17.4485
   -7.5000    7.5000  -45.0000 2476.4270   17.6061
    0.0000    7.5000  -45.0000 2469.1819   17.7338
    7.5000    7.5000  -45.0000 2436.5200   18.0696
   -7.5000   15.0000  -45.0000 2437.6611   18.5606
    0.0000   15.0000  -45.0000 2431.4060   18.6115
    7.5000   15.0000  -45.0000 2396.6628   18.9554
   -7.5000   22.5000  -45.0000 2379.5327   19.6047
    0.0000   22.5000  -45.0000 2377.9990   19.6826
    7.5000   22.5000  -45.0000 2340.7512   20.0643
   -7.5000   30.0000  -45.0000 2301.6111   21.0256
    0.0000   30.0000  -45.0000 2302.8318   21.1209
    7.5000   30.0000  -45.0000 2265.7952   21.5515
   -7.5000   37.5000  -45.0000 2209.9421   23.0321
    0.0000   37.5000  -45.0000 2210.3289   23.1524
    7.5000   37.5000  -45.0000 2182.3518   23.5721
   -7.5000   45.0000  -45.0000 2108.1501   25.6274
    0.0000   45.0000  -45.0000 2105.4944   25.6874
    7.5000   45.0000  -45.0000 2078.2871   26.1907
   -7.5000  -45.0000  -37.5000 2479.6211   17.0619
    0.0000  -45.0000  -37.5000 2480.2737   17.1179
    7.5000  -45.0000  -37.5000 2449.2273   17.2662
   -7.5000  -37.5000  -37.5000 2536.3862   16.2949
    0.0000  -37.5000  -37.5000 2532.8599   16.3445
    7.5000  -37.5000  -37.5000 2504.1355   16.5455
   -7.5000  -30.0000  -37.5000 2567.7532   15.7823
    0.0000  -30.0000  -37.5000 2561.5642   15.8204
    7.5000  -30.0000  -37.5000 2533.6440   16.0532
   -7.5000  -22.5000  -37.5000 2590.2905   15.4460
    0.0000  -22.5000  -37.5000 2580.6462   15.4865
    7.5000  -22.5000  -37.5000 2548.9954   15.7667
   -7.5000  -15.0000  -37.5000 2593.6255   15.3433
    0.0000  -15.0000  -37.5000 2584.9927   15.4150
    7.5000  -15.0000  -37.5000 2555.6387   15.6972
   -7.5000   -7.5000  -37.5000 2590.8015   15.4539
    0.0000   -7.5000  -37.5000 2582.7886   15.5496
    7.5000   -7.5000  -37.5000 2552.5840   15.8051
   -7.5000    0.0000  -37.5000 2586.1768   15.7496
    0.0000    0.0000  -37.5000 2575.8933   15.8564
    7.5000    0.0000  -37.5000 2543.4712   16.1727
   -7.5000    7.5000  -37.5000 2570.7332   16.3356
    0.0000    7.5000  -37.5000 2566.0732   16.4458
    7.5000    7.5000  -37.5000 2531.4255   16.7575
   -7.5000   15.0000  -37.5000 2529.5530   17.1078
    0.0000   15.0000  -37.5000 2527.5149   17.1927
    7.5000   15.0000  -37.5000 2493.2493   17.5401
   -7.5000   22.5000  -37.5000 2471.4014   18.0444
    0.0000   22.5000  -37.5000 2475.1072   18.1282
    7.5000   22.5000  -37.5000 2434.2346   18.4915
   -7.5000   30.0000  -37.5000 2394.4595   19.4213
    0.0000   30.0000  -37.5000 2398.5676   19.4970
    7.5000   30.0000  -37.5000 2361.5090   19.8738
   -7.5000   37.5000  -37.5000 2299.6567   21.2392
    0.0000   37.5000  -37.5000 2307.5559   21.3436
    7.5000   37.5000  -37.5000 2278.5342   21.7667
   -7.5000   45.0000  -37.5000 2185.4260   23.5590
    0.0000   45.0000  -37.5000 2194.0781   23.6622
    7.5000   45.0000  -37.5000 2166.5886   24.1742
   -7.5000  -45.0000  -30.0000 2607.9451   16.5515
    0.0000  -45.0000  -30.0000 2610.9668   16.5716
    7.5000  -45.0000  -30.0000 2575.2119   16.7905
   -7.5000  -37.5000  -30.0000 2663.5879   15.7977
    0.0000  -37.5000  -30.0000 2661.3438   15.8202
    7.5000  -37.5000  -30.0000 2628.9038   16.0694
   -7.5000  -30.0000  -30.0000 2698.5718   15.3007
    0.0000  -30.0000  -30.0000 2694.4758   15.3052
    7.5000  -30.0000  -30.0000 2661.5220   15.5666
   -7.5000  -22.5000  -30.0000 2722.5974   15.0056
    0.0000  -22.5000  -30.0000 2714.3296   14.9993
    7.5000  -22.5000  -30.0000 2677.9319   15.2602
   -7.5000  -15.0000  -30.0000 2726.8696   14.8659
    0.0000  -15.0000  -30.0000 2718.4722   14.8856
    7.5000  -15.0000  -30.0000 2682.1841   15.1487
   -7.5000   -7.5000  -30.0000 2721.0645   14.9156
    0.0000   -7.5000  -30.0000 2713.1423   14.9719
    7.5000   -7.5000  -30.0000 2679.9983   15.1908
   -7.5000    0.0000  -30.0000 2715.2634   15.1799
    0.0000    0.0000  -30.0000 2710.8191   15.2511
    7.5000    0.0000  -30.0000 2674.7358   15.5335
   -7.5000    7.5000  -30.0000 2705.7085   15.7433
    0.0000    7.5000  -30.0000 2704.4690   15.8365
    7.5000    7.5000  -30.0000 2664.6729   16.1444
   -7.5000   15.0000  -30.0000 2665.1648   16.4601
    0.0000   15.0000  -30.0000 2665.7070   16.5313
    7.5000   15.0000  -30.0000 2631.5195   16.8848
   -7.5000   22.5000  -30.0000 2607.2891   17.3790
    0.0000   22.5000  -30.0000 2614.3635   17.4536
    7.5000   22.5000  -30.0000 2576.6160   17.7969
   -7.5000   30.0000  -30.0000 2529.9482   18.6766
    0.0000   30.0000  -30.0000 2532.0740   18.7165
    7.5000   30.0000  -30.0000 2500.3357   19.0893
   -7.5000   37.5000  -30.0000 2431.9148   20.4342
    0.0000   37.5000  -30.0000 2435.0964   20.4586
    7.5000   37.5000  -30.0000 2410.0686   20.9068
   -7.5000   45.0000  -30.0000 2310.6270   22.6659
    0.0000   45.0000  -30.0000 2315.4453   22.6969
    7.5000   45.0000  -30.0000 2295.6392   23.2449
   -7.5000  -45.0000  -22.5000 2693.4990   15.9806
    0.0000  -45.0000  -22.5000 2694.1199   15.9414
    7.5000  -45.0000  -22.5000 2662.4673   16.1858
   -7.5000  -37.5000  -22.5000 2749.0083   15.2563
    0.0000  -37.5000  -22.5000 2746.4761   15.2499
    7.5000  -37.5000  -22.5000 2715.0410   15.4868
   -7.5000  -30.0000  -22.5000 2790.1025   14.7376
    0.0000  -30.0000  -22.5000 2785.1411   14.7646
    7.5000  -30.0000  -22.5000 2747.8896   15.0182
   -7.5000  -22.5000  -22.5000 2814.9790   14.4444
    0.0000  -22.5000  -22.5000 2809.3057   14.4743
    7.5000  -22.5000  -22.5000 2769.3523   14.7287
   -7.5000  -15.0000  -22.5000 2819.5859   14.2390
    0.0000  -15.0000  -22.5000 2812.5808   14.3127
    7.5000  -15.0000  -22.5000 2770.3594   14.5661
   -7.5000   -7.5000  -22.5000 2816.6331   14.2117
    0.0000   -7.5000  -22.5000 2804.9590   14.3044
    7.5000   -7.5000  -22.5000 2767.8538   14.5836
   -7.5000    0.0000  -22.5000 2805.2742   14.4740
    0.0000    0.0000  -22.5000 2801.6753   14.5457
    7.5000    0.0000  -22.5000 2769.0938   14.8846
   -7.5000    7.5000  -22.5000 2793.3647   15.0259
    0.0000    7.5000  -22.5000 2798.6772   15.1082
    7.5000    7.5000  -22.5000 2766.9929   15.4814
   -7.5000   15.0000  -22.5000 2753.9133   15.7397
    0.0000   15.0000  -22.5000 2767.5977   15.8064
    7.5000   15.0000  -22.5000 2737.7280   16.2012
   -7.5000   22.5000  -22.5000 2702.9648   16.7221
    0.0000   22.5000  -22.5000 2713.5256   16.7633
    7.5000   22.5000  -22.5000 2687.4158   17.1488
   -7.5000   30.0000  -22.5000 2632.5220   17.9191
    0.0000   30.0000  -22.5000 2635.9771   17.9982
    7.5000   30.0000  -22.5000 2603.6580   18.3606
   -7.5000   37.5000  -22.5000 2531.3152   19.5623
    0.0000   37.5000  -22.5000 2534.7236   19.6078
    7.5000   37.5000  -22.5000 2505.3691   20.0499
   -7.5000   45.0000  -22.5000 2406.1431   21.6993
    0.0000   45.0000  -22.5000 2412.4365   21.7495
    7.5000   45.0000  -22.5000 2387.7390   22.2397
   -7.5000  -45.0000  -15.0000 2740.6199   15.5203
    0.0000  -45.0000  -15.0000 2737.6777   15.4865
    7.5000  -45.0000  -15.0000 2708.5234   15.7139
   -7.5000  -37.5000  -15.0000 2791.2112   14.7667
    0.0000  -37.5000  -15.0000 2788.9287   14.7578
    7.5000  -37.5000  -15.0000 2756.0994   14.9940
   -7.5000  -30.0000  -15.0000 2828.1792   14.2298
    0.0000  -30.0000  -15.0000 2823.3450   14.2493
    7.5000  -30.0000  -15.0000 2788.2620   14.4860
   -7.5000  -22.5000  -15.0000 2851.2737   13.8779
    0.0000  -22.5000  -15.0000 2844.9233   13.9432
    7.5000  -22.5000  -15.0000 2813.9407   14.2019
   -7.5000  -15.0000  -15.0000 2854.7051   13.6674
    0.0000  -15.0000  -15.0000 2852.8179   13.7785
    7.5000  -15.0000  -15.0000 2817.9060   14.0753
   -7.5000   -7.5000  -15.0000 2855.0757   13.6116
    0.0000   -7.5000  -15.0000 2851.3477   13.7669
    7.5000   -7.5000  -15.0000 2817.4243   14.1409
   -7.5000    0.0000  -15.0000 2847.6616   13.7926
    0.0000    0.0000  -15.0000 2844.2808   13.9487
    7.5000    0.0000  -15.0000 2818.2629   14.3995
   -7.5000    7.5000  -15.0000 2835.9978   14.3649
    0.0000    7.5000  -15.0000 2845.1526   14.4948
    7.5000    7.5000  -15.0000 2817.4878   14.9296
   -7.5000   15.0000  -15.0000 2806.8325   15.0966
    0.0000   15.0000  -15.0000 2826.5320   15.2219
    7.5000   15.0000  -15.0000 2794.7012   15.5965
   -7.5000   22.5000  -15.0000 2753.9138   16.0488
    0.0000   22.5000  -15.0000 2776.3052   16.1669
    7.5000   22.5000  -15.0000 2749.0547   16.5198
   -7.5000   30.0000  -15.0000 2685.5713   17.2334
    0.0000   30.0000  -15.0000 2699.1306   17.4074
    7.5000   30.0000  -15.0000 2671.8591   17.7438
   -7.5000   37.5000  -15.0000 2594.5530   18.8637
    0.0000   37.5000  -15.0000 2596.9580   18.9749
    7.5000   37.5000  -15.0000 2569.8867   19.3885
   -7.5000   45.0000  -15.0000 2468.1731   20.8843
    0.0000   45.0000  -15.0000 2476.9988   21.0021
    7.5000   45.0000  -15.0000 2448.4016   21.4682
   -7.5000  -45.0000   -7.5000 2746.0591   15.1681
    0.0000  -45.0000   -7.5000 2744.5835   15.1575
    7.5000  -45.0000   -7.5000 2715.3035   15.3542
   -7.5000  -37.5000   -7.5000 2790.0039   14.3510
    0.0000  -37.5000   -7.5000 2787.7871   14.3562
    7.5000  -37.5000   -7.5000 2760.0410   14.6137
   -7.5000  -30.0000   -7.5000 2823.9670   13.7841
    0.0000  -30.0000   -7.5000 2818.3940   13.7768
    7.5000  -30.0000   -7.5000 2794.9534   14.0626
   -7.5000  -22.5000   -7.5000 2844.1731   13.4412
    0.0000  -22.5000   -7.5000 2841.3621   13.4914
    7.5000  -22.5000   -7.5000 2825.7209   13.7936
   -7.5000  -15.0000   -7.5000 2849.0349   13.3106
    0.0000  -15.0000   -7.5000 2855.5603   13.4264
    7.5000  -15.0000   -7.5000 2838.9097   13.7415
   -7.5000   -7.5000   -7.5000 2857.3113   13.3458
    0.0000   -7.5000   -7.5000 2873.2283   13.5542
    7.5000   -7.5000   -7.5000 2845.2969   13.8550
   -7.5000    0.0000   -7.5000 2868.3921   13.5156
    0.0000    0.0000   -7.5000 2883.4937   13.7791
    7.5000    0.0000   -7.5000 2849.6543   14.1572
   -7.5000    7.5000   -7.5000 2866.4163   13.9571
    0.0000    7.5000   -7.5000 2885.6143   14.1525
    7.5000    7.5000   -7.5000 2847.2175   14.5016
   -7.5000   15.0000   -7.5000 2838.8694   14.6507
    0.0000   15.0000   -7.5000 2860.8860   14.7782
    7.5000   15.0000   -7.5000 2824.2654   15.0631
   -7.5000   22.5000   -7.5000 2790.1479   15.5342
    0.0000   22.5000   -7.5000 2811.4539   15.6665
    7.5000   22.5000   -7.5000 2785.3506   15.9740
   -7.5000   30.0000   -7.5000 2719.0686   16.7554
    0.0000   30.0000   -7.5000 2734.8733   16.8388
    7.5000   30.0000   -7.5000 2714.4465   17.1989
   -7.5000   37.5000   -7.5000 2629.1860   18.4101
    0.0000   37.5000   -7.5000 2639.4211   18.4609
    7.5000   37.5000   -7.5000 2616.8093   18.8585
   -7.5000   45.0000   -7.5000 2508.8872   20.4675
    0.0000   45.0000   -7.5000 2524.9541   20.5268
    7.5000   45.0000   -7.5000 2497.9460   20.9613
   -7.5000  -45.0000    0.0000 2727.6843   15.0089
    0.0000  -45.0000    0.0000 2730.5100   15.0483
    7.5000  -45.0000    0.0000 2703.7168   15.2690
   -7.5000  -37.5000    0.0000 2764.4624   14.1842
    0.0000  -37.5000    0.0000 2772.6748   14.1865
    7.5000  -37.5000    0.0000 2751.3882   14.4673
   -7.5000  -30.0000    0.0000 2793.4988   13.6118
    0.0000  -30.0000    0.0000 2801.9968   13.6358
    7.5000  -30.0000    0.0000 2790.5232   13.9137
   -7.5000  -22.5000    0.0000 2812.8521   13.3273
    0.0000  -22.5000    0.0000 2824.7939   13.3759
    7.5000  -22.5000    0.0000 2822.1968   13.6515
   -7.5000  -15.0000    0.0000 2830.1704   13.3282
    0.0000  -15.0000    0.0000 2845.7324   13.3888
    7.5000  -15.0000    0.0000 2838.3833   13.6217
   -7.5000   -7.5000    0.0000 2863.7336   13.5155
    0.0000   -7.5000    0.0000 2886.1536   13.6350
    7.5000   -7.5000    0.0000 2852.3767   13.7632
   -7.5000    0.0000    0.0000 2892.7590   13.7394
    0.0000    0.0000    0.0000 2915.7158   13.9114
    7.5000    0.0000    0.0000 2863.8301   14.0791
   -7.5000    7.5000    0.0000 2889.0476   14.0130
    0.0000    7.5000    0.0000 2911.7070   14.1098
    7.5000    7.5000    0.0000 2867.9448   14.3890
   -7.5000   15.0000    0.0000 2859.6768   14.5244
    0.0000   15.0000    0.0000 2877.0789   14.5738
    7.5000   15.0000    0.0000 2843.6436   14.8668
   -7.5000   22.5000    0.0000 2816.4768   15.3074
    0.0000   22.5000    0.0000 2828.4231   15.3106
    7.5000   22.5000    0.0000 2803.7932   15.6607
   -7.5000   30.0000    0.0000 2738.0549   16.5250
    0.0000   30.0000    0.0000 2751.2673   16.4824
    7.5000   30.0000    0.0000 2730.8774   16.8652
   -7.5000   37.5000    0.0000 2647.0747   18.2251
    0.0000   37.5000    0.0000 2655.9751   18.2233
    7.5000   37.5000    0.0000 2637.4858   18.5846
   -7.5000   45.0000    0.0000 2530.6658   20.3721
    0.0000   45.0000    0.0000 2539.9663   20.3981
    7.5000   45.0000    0.0000 2524.0852   20.7846
   -7.5000  -45.0000    7.5000 2678.8325   15.0175
    0.0000  -45.0000    7.5000 2687.7773   15.0959
    7.5000  -45.0000    7.5000 2676.7463   15.2929
   -7.5000  -37.5000    7.5000 2720.5032   14.2546
    0.0000  -37.5000    7.5000 2731.3701   14.3112
    7.5000  -37.5000    7.5000 2723.4175   14.5291
   -7.5000  -30.0000    7.5000 2763.2639   13.8027
    0.0000  -30.0000    7.5000 2766.3425   13.8124
    7.5000  -30.0000    7.5000 2764.8430   14.0051
   -7.5000  -22.5000    7.5000 2799.6306   13.6045
    0.0000  -22.5000    7.5000 2801.2727   13.5712
    7.5000  -22.5000    7.5000 2796.1763   13.7143
   -7.5000  -15.0000    7.5000 2830.9270   13.6262
    0.0000  -15.0000    7.5000 2828.9941   13.5696
    7.5000  -15.0000    7.5000 2820.7981   13.6806
   -7.5000   -7.5000    7.5000 2863.2954   13.8469
    0.0000   -7.5000    7.5000 2869.6294   13.8145
    7.5000   -7.5000    7.5000 2840.0137   13.8495
   -7.5000    0.0000    7.5000 2890.1052   14.0862
    0.0000    0.0000    7.5000 2913.4131   14.1106
    7.5000    0.0000    7.5000 2861.2559   14.1492
   -7.5000    7.5000    7.5000 2893.2703   14.2955
    0.0000    7.5000    7.5000 2912.9265   14.2330
    7.5000    7.5000    7.5000 2867.9473   14.4606
   -7.5000   15.0000    7.5000 2863.7341   14.6995
    0.0000   15.0000    7.5000 2881.3499   14.6103
    7.5000   15.0000    7.5000 2837.5908   14.9074
   -7.5000   22.5000    7.5000 2814.5540   15.4607
    0.0000   22.5000    7.5000 2834.2180   15.3588
    7.5000   22.5000    7.5000 2797.4084   15.6676
   -7.5000   30.0000    7.5000 2734.6113   16.6039
    0.0000   30.0000    7.5000 2751.8455   16.5606
    7.5000   30.0000    7.5000 2731.4124   16.8639
   -7.5000   37.5000    7.5000 2638.3489   18.2683
    0.0000   37.5000    7.5000 2655.8474   18.2857
    7.5000   37.5000    7.5000 2641.4146   18.5694
   -7.5000   45.0000    7.5000 2523.4670   20.3868
    0.0000   45.0000    7.5000 2536.7341   20.4718
    7.5000   45.0000    7.5000 2519.7017   20.7977
   -7.5000  -45.0000   15.0000 2627.1572   15.4035
    0.0000  -45.0000   15.0000 2634.9824   15.4293
    7.5000  -45.0000   15.0000 2628.6477   15.5640
   -7.5000  -37.5000   15.0000 2675.5532   14.6235
    0.0000  -37.5000   15.0000 2684.7480   14.6727
    7.5000  -37.5000   15.0000 2673.1829   14.7820
   -7.5000  -30.0000   15.0000 2722.5422   14.1296
    0.0000  -30.0000   15.0000 2723.5161   14.1027
    7.5000  -30.0000   15.0000 2714.1833   14.2320
   -7.5000  -22.5000   15.0000 2770.3848   13.8364
    0.0000  -22.5000   15.0000 2765.0449   13.7903
    7.5000  -22.5000   15.0000 2755.9417   13.9128
   -7.5000  -15.0000   15.0000 2811.4285   13.8372
    0.0000  -15.0000   15.0000 2803.0476   13.7597
    7.5000  -15.0000   15.0000 2789.2883   13.8969
   -7.5000   -7.5000   15.0000 2845.1333   14.0394
    0.0000   -7.5000   15.0000 2846.9998   13.9858
    7.5000   -7.5000   15.0000 2812.5696   14.0586
   -7.5000    0.0000   15.0000 2865.1860   14.2929
    0.0000    0.0000   15.0000 2880.1963   14.2460
    7.5000    0.0000   15.0000 2833.8691   14.3661
   -7.5000    7.5000   15.0000 2865.0278   14.5380
    0.0000    7.5000   15.0000 2879.2515   14.3529
    7.5000    7.5000   15.0000 2837.4600   14.6764
   -7.5000   15.0000   15.0000 2837.9160   15.0200
    0.0000   15.0000   15.0000 2858.2666   14.8338
    7.5000   15.0000   15.0000 2817.0242   15.1193
   -7.5000   22.5000   15.0000 2790.6331   15.8721
    0.0000   22.5000   15.0000 2820.1421   15.7609
    7.5000   22.5000   15.0000 2778.9497   15.9656
   -7.5000   30.0000   15.0000 2713.0830   17.0897
    0.0000   30.0000   15.0000 2733.2070   17.0059
    7.5000   30.0000   15.0000 2706.2529   17.2044
   -7.5000   37.5000   15.0000 2616.1628   18.6625
    0.0000   37.5000   15.0000 2630.3020   18.6303
    7.5000   37.5000   15.0000 2618.0164   18.8858
   -7.5000   45.0000   15.0000 2491.1970   20.7276
    0.0000   45.0000   15.0000 2511.1096   20.8004
    7.5000   45.0000   15.0000 2496.6177   21.1049
   -7.5000  -45.0000   22.5000 2582.8254   15.9816
    0.0000  -45.0000   22.5000 2585.5308   15.9162
    7.5000  -45.0000   22.5000 2578.1665   16.0359
   -7.5000  -37.5000   22.5000 2629.1511   15.1281
    0.0000  -37.5000   22.5000 2632.0920   15.0945
    7.5000  -37.5000   22.5000 2628.0627   15.2154
   -7.5000  -30.0000   22.5000 2672.8882   14.5237
    0.0000  -30.0000   22.5000 2675.2432   14.4902
    7.5000  -30.0000   22.5000 2666.2773   14.6318
   -7.5000  -22.5000   22.5000 2721.3672   14.1952
    0.0000  -22.5000   22.5000 2718.2415   14.1323
    7.5000  -22.5000   22.5000 2706.3586   14.3100
   -7.5000  -15.0000   22.5000 2766.0176   14.1973
    0.0000  -15.0000   22.5000 2756.2544   14.0747
    7.5000  -15.0000   22.5000 2738.9575   14.2440
   -7.5000   -7.5000   22.5000 2800.3518   14.3912
    0.0000   -7.5000   22.5000 2792.5974   14.2820
    7.5000   -7.5000   22.5000 2769.8992   14.4595
   -7.5000    0.0000   22.5000 2818.9016   14.7229
    0.0000    0.0000   22.5000 2826.8286   14.5479
    7.5000    0.0000   22.5000 2790.0413   14.7963
   -7.5000    7.5000   22.5000 2813.5095   14.9855
    0.0000    7.5000   22.5000 2819.6863   14.7217
    7.5000    7.5000   22.5000 2790.6565   15.0854
   -7.5000   15.0000   22.5000 2787.1980   15.4724
    0.0000   15.0000   22.5000 2809.6096   15.3153
    7.5000   15.0000   22.5000 2775.9580   15.5895
   -7.5000   22.5000   22.5000 2742.6357   16.3710
    0.0000   22.5000   22.5000 2771.2825   16.2602
    7.5000   22.5000   22.5000 2734.5764   16.5031
   -7.5000   30.0000   22.5000 2667.3630   17.6051
    0.0000   30.0000   22.5000 2691.1724   17.5070
    7.5000   30.0000   22.5000 2661.9600   17.7113
   -7.5000   37.5000   22.5000 2570.6013   19.2247
    0.0000   37.5000   22.5000 2591.3298   19.1303
    7.5000   37.5000   22.5000 2570.8152   19.3257
   -7.5000   45.0000   22.5000 2452.5303   21.2739
    0.0000   45.0000   22.5000 2479.3799   21.2753
    7.5000   45.0000   22.5000 2462.9988   21.5349
   -7.5000  -45.0000   30.0000 2534.0293   16.7051
    0.0000  -45.0000   30.0000 2526.8503   16.4605
    7.5000  -45.0000   30.0000 2524.3230   16.6754
   -7.5000  -37.5000   30.0000 2573.4978   15.7441
    0.0000  -37.5000   30.0000 2575.1162   15.5914
    7.5000  -37.5000   30.0000 2572.0383   15.7944
   -7.5000  -30.0000   30.0000 2614.5068   15.0897
    0.0000  -30.0000   30.0000 2612.3811   14.9474
    7.5000  -30.0000   30.0000 2612.3862   15.1860
   -7.5000  -22.5000   30.0000 2651.9446   14.7529
    0.0000  -22.5000   30.0000 2649.9802   14.5967
    7.5000  -22.5000   30.0000 2647.6494   14.8728
   -7.5000  -15.0000   30.0000 2690.0022   14.7101
    0.0000  -15.0000   30.0000 2683.7529   14.5657
    7.5000  -15.0000   30.0000 2678.1602   14.8296
   -7.5000   -7.5000   30.0000 2723.6130   14.9278
    0.0000   -7.5000   30.0000 2720.0564   14.7614
    7.5000   -7.5000   30.0000 2705.1426   15.0235
   -7.5000    0.0000   30.0000 2745.0183   15.2784
    0.0000    0.0000   30.0000 2746.7275   15.0184
    7.5000    0.0000   30.0000 2724.0867   15.3813
   -7.5000    7.5000   30.0000 2741.4363   15.6418
    0.0000    7.5000   30.0000 2741.0159   15.3760
    7.5000    7.5000   30.0000 2721.5757   15.7525
   -7.5000   15.0000   30.0000 2715.3533   16.2467
    0.0000   15.0000   30.0000 2727.7219   16.0604
    7.5000   15.0000   30.0000 2702.5925   16.3893
   -7.5000   22.5000   30.0000 2667.7246   17.0929
    0.0000   22.5000   30.0000 2687.6960   16.9755
    7.5000   22.5000   30.0000 2662.3660   17.2639
   -7.5000   30.0000   30.0000 2598.0947   18.2450
    0.0000   30.0000   30.0000 2617.1509   18.1821
    7.5000   30.0000   30.0000 2596.0479   18.4373
   -7.5000   37.5000   30.0000 2508.2302   19.8844
    0.0000   37.5000   30.0000 2531.2622   19.8055
    7.5000   37.5000   30.0000 2509.7146   20.0335
   -7.5000   45.0000   30.0000 2396.1848   21.9618
    0.0000   45.0000   30.0000 2426.4841   21.9061
    7.5000   45.0000   30.0000 2407.6428   22.1594
   -7.5000  -45.0000   37.5000 2475.7671   17.5455
    0.0000  -45.0000   37.5000 2463.6885   17.1286
    7.5000  -45.0000   37.5000 2465.2249   17.4492
   -7.5000  -37.5000   37.5000 2524.8694   16.5408
    0.0000  -37.5000   37.5000 2515.2024   16.2292
    7.5000  -37.5000   37.5000 2516.7888   16.5059
   -7.5000  -30.0000   37.5000 2560.5906   15.8569
    0.0000  -30.0000   37.5000 2555.7605   15.5776
    7.5000  -30.0000   37.5000 2555.5171   15.8685
   -7.5000  -22.5000   37.5000 2587.0437   15.5086
    0.0000  -22.5000   37.5000 2586.3660   15.2643
    7.5000  -22.5000   37.5000 2590.8740   15.6027
   -7.5000  -15.0000   37.5000 2614.6958   15.4686
    0.0000  -15.0000   37.5000 2613.8271   15.2405
    7.5000  -15.0000   37.5000 2617.2910   15.5778
   -7.5000   -7.5000   37.5000 2634.0388   15.6289
    0.0000   -7.5000   37.5000 2644.8210   15.4552
    7.5000   -7.5000   37.5000 2635.5281   15.7877
   -7.5000    0.0000   37.5000 2649.7288   15.9496
    0.0000    0.0000   37.5000 2655.0422   15.7407
    7.5000    0.0000   37.5000 2637.8469   16.1305
   -7.5000    7.5000   37.5000 2653.0139   16.4463
    0.0000    7.5000   37.5000 2652.7095   16.2276
    7.5000    7.5000   37.5000 2636.2122   16.6050
   -7.5000   15.0000   37.5000 2631.1111   17.1907
    0.0000   15.0000   37.5000 2639.3748   16.9573
    7.5000   15.0000   37.5000 2620.6870   17.3234
   -7.5000   22.5000   37.5000 2586.3196   18.0473
    0.0000   22.5000   37.5000 2595.6643   17.8862
    7.5000   22.5000   37.5000 2581.4558   18.2497
   -7.5000   30.0000   37.5000 2520.0315   19.1984
    0.0000   30.0000   37.5000 2536.1023   19.1039
    7.5000   30.0000   37.5000 2520.8052   19.4426
   -7.5000   37.5000   37.5000 2433.4763   20.7460
    0.0000   37.5000   37.5000 2466.0837   20.7025
    7.5000   37.5000   37.5000 2446.3403   20.9898
   -7.5000   45.0000   37.5000 2332.7402   22.7817
    0.0000   45.0000   37.5000 2362.7234   22.7347
    7.5000   45.0000   37.5000 2349.7786   23.0776
   -7.5000  -45.0000   45.0000 2405.3496   18.4771
    0.0000  -45.0000   45.0000 2397.8828   18.0000
    7.5000  -45.0000   45.0000 2397.8652   18.3061
   -7.5000  -37.5000   45.0000 2461.6658   17.4707
    0.0000  -37.5000   45.0000 2454.8730   17.0449
    7.5000  -37.5000   45.0000 2447.4573   17.3286
   -7.5000  -30.0000   45.0000 2495.5962   16.7944
    0.0000  -30.0000   45.0000 2498.3301   16.3969
    7.5000  -30.0000   45.0000 2486.0071   16.6949
   -7.5000  -22.5000   45.0000 2519.3167   16.4273
    0.0000  -22.5000   45.0000 2527.5051   16.0876
    7.5000  -22.5000   45.0000 2519.7271   16.4200
   -7.5000  -15.0000   45.0000 2532.0422   16.3828
    0.0000  -15.0000   45.0000 2545.1174   16.1129
    7.5000  -15.0000   45.0000 2539.2402   16.4576
   -7.5000   -7.5000   45.0000 2536.9600   16.5075
    0.0000   -7.5000   45.0000 2559.5903   16.3354
    7.5000   -7.5000   45.0000 2547.0107   16.6863
   -7.5000    0.0000   45.0000 2544.3914   16.8577
    0.0000    0.0000   45.0000 2553.0105   16.6815
    7.5000    0.0000   45.0000 2539.5454   17.0390
   -7.5000    7.5000   45.0000 2538.8076   17.4280
    0.0000    7.5000   45.0000 2550.2495   17.2536
    7.5000    7.5000   45.0000 2535.5801   17.6013
   -7.5000   15.0000   45.0000 2523.7207   18.2289
    0.0000   15.0000   45.0000 2538.0308   18.0292
    7.5000   15.0000   45.0000 2522.9333   18.3541
   -7.5000   22.5000   45.0000 2486.7109   19.1815
    0.0000   22.5000   45.0000 2505.3059   19.0592
    7.5000   22.5000   45.0000 2491.5535   19.3853
   -7.5000   30.0000   45.0000 2428.9377   20.3814
    0.0000   30.0000   45.0000 2455.0181   20.3076
    7.5000   30.0000   45.0000 2435.8423   20.6420
   -7.5000   37.5000   45.0000 2353.5210   21.9595
    0.0000   37.5000   45.0000 2385.0591   21.8784
    7.5000   37.5000   45.0000 2369.4702   22.1662
   -7.5000   45.0000   45.0000 2258.4412   23.9441
    0.0000   45.0000   45.0000 2282.7329   23.8438
    7.5000   45.0000   45.0000 2276.5417   24.0931

---------------------------------------------------------------------
imgreg_4dfp /usr/local/freesurfer/average/711-2C_as_mni_average_305 /usr/local/freesurfer/average/711-2B_as_mni_average_305_mask talsrcimg_g11 none talsrcimg_to_711-2C_as_mni_average_305_t4 1283
---------------------------------------------------------------------

freesurfer imgreg_4dfp.c
/usr/local/freesurfer/average/711-2C_as_mni_average_305.4dfp.img
       256       256       256         1
  1.000000  1.000000  1.000000
orientation T byte_order littleendian
Reading image: /usr/local/freesurfer/average/711-2C_as_mni_average_305.4dfp.img
dimensions:      256       256       256
mmppix:       1.0000   -1.0000   -1.0000
center:     128.0000 -129.0000 -129.0000
/usr/local/freesurfer/average/711-2B_as_mni_average_305_mask.4dfp.img
       256       256       256         1
  1.000000  1.000000  1.000000
orientation T byte_order littleendian
Reading mask: /usr/local/freesurfer/average/711-2B_as_mni_average_305_mask.4dfp.img (2306576 pixels)
talsrcimg_g11.4dfp.img
       256       256       256         1
  1.000000  1.000000  1.000000
orientation T byte_order littleendian
Reading image: talsrcimg_g11.4dfp.img
dimensions:      256       256       256
mmppix:       1.0000   -1.0000   -1.0000
center:     128.0000 -129.0000 -129.0000
rotation matrix determinant  1.000000
fimgreg.f
image alignment mode   1283 decimal      503 hex
parameters
    0.0000    0.0000    0.0000    0.0000    0.0000    0.0000
eta,q 0.91264 13.96246
niter,ni,del,rscale     5    3   12.0000    1.2000
parameter  3  2.243791 -> -0.500000 qaram    1.1500
parameter  4  0.974745 ->  0.500000 qaram    1.1500
parameter  5  1.328607 ->  0.500000 qaram    1.1500
parameter  6  0.523500 ->  0.500000 qaram    1.1500
parameters
   -1.6964    1.3147    3.4500   -3.4500   -3.4500   -3.4500
eta,q 0.92191 13.77623
  0.0927  0.0996  0.0924  0.0814  0.0790  0.0794
  0.0892  0.0961  0.0901  0.0829  0.0791  0.0783
  0.0900  0.0913  0.0900  0.0842  0.0801  0.0782
  0.0895  0.0896  0.0896  0.0844  0.0833  0.0793
  0.0903  0.0902  0.0869  0.0840  0.0872  0.0812
  0.0960  0.0919  0.0841  0.0861  0.0899  0.0834
  0.1024  0.0935  0.0836  0.0904  0.0935  0.0860
niter,ni,del,rscale     7    3   12.0000    1.2000
parameter  4 -0.994409 ->  0.500000 qaram    1.3225
parameters
   -1.7715    3.0835    6.2123   -7.4175   -5.5854   -2.6935
eta,q 0.92921 13.90025
  0.0931  0.0872  0.0929  0.0645  0.0744  0.0771
  0.0852  0.0827  0.0862  0.0695  0.0732  0.0758
  0.0793  0.0792  0.0805  0.0748  0.0716  0.0742
  0.0781  0.0781  0.0784  0.0781  0.0711  0.0714
  0.0801  0.0785  0.0779  0.0791  0.0741  0.0707
  0.0846  0.0791  0.0791  0.0799  0.0794  0.0728
  0.0945  0.0799  0.0793  0.0824  0.0845  0.0767
niter,ni,del,rscale     7    3   12.0000    1.2000
parameter  2 -0.571485 -> -0.500000 qaram    1.1500
parameter  4  4.275503 ->  0.500000 qaram    1.5209
parameters
   -0.6302    6.5335    5.9969  -11.9801   -6.6041   -2.0089
eta,q 0.94064 13.85938
  0.0906  0.0824  0.0756  0.0561  0.0664  0.0714
  0.0841  0.0786  0.0731  0.0586  0.0633  0.0653
  0.0758  0.0742  0.0719  0.0632  0.0597  0.0604
  0.0708  0.0710  0.0693  0.0696  0.0596  0.0591
  0.0725  0.0700  0.0683  0.0753  0.0620  0.0605
  0.0762  0.0692  0.0727  0.0813  0.0671  0.0630
  0.0807  0.0710  0.0786  0.0861  0.0716  0.0668
niter,ni,del,rscale     7    3   12.0000    1.2000
parameter  4  0.840840 ->  0.500000 qaram    1.7490
parameters
   -0.0710    5.9325    5.8543  -17.2272   -6.9356   -1.8815
eta,q 0.94488 13.81346
  0.0809  0.0736  0.0670  0.0545  0.0634  0.0643
  0.0716  0.0646  0.0637  0.0552  0.0599  0.0595
  0.0635  0.0591  0.0610  0.0554  0.0567  0.0560
  0.0594  0.0593  0.0588  0.0588  0.0551  0.0551
  0.0614  0.0640  0.0589  0.0655  0.0576  0.0563
  0.0670  0.0709  0.0635  0.0734  0.0609  0.0590
  0.0745  0.0759  0.0690  0.0796  0.0649  0.0635
niter,ni,del,rscale     7    3   12.0000    1.2000
parameter  4  0.806874 ->  0.500000 qaram    2.0114
parameters
   -0.3280    6.3529    4.2352  -23.2612   -6.8739   -2.9951
eta,q 0.95105 13.86501
  0.0740  0.0659  0.0617  0.0500  0.0600  0.0552
  0.0639  0.0583  0.0581  0.0492  0.0553  0.0514
  0.0556  0.0547  0.0551  0.0516  0.0521  0.0488
  0.0551  0.0547  0.0550  0.0546  0.0496  0.0495
  0.0598  0.0566  0.0593  0.0587  0.0517  0.0514
  0.0664  0.0592  0.0650  0.0635  0.0559  0.0548
  0.0761  0.0613  0.0723  0.0729  0.0591  0.0606
niter,ni,del,rscale     7    3   12.0000    1.2000
parameters
   -0.6664    8.8610    2.6068  -28.7966   -7.1207   -3.3869
eta,q 0.95549 13.95675
  0.0686  0.0654  0.0537  0.0487  0.0536  0.0500
  0.0582  0.0586  0.0489  0.0448  0.0493  0.0472
  0.0503  0.0531  0.0452  0.0438  0.0463  0.0454
  0.0489  0.0487  0.0451  0.0446  0.0441  0.0443
  0.0541  0.0452  0.0503  0.0539  0.0453  0.0443
  0.0623  0.0466  0.0584  0.0621  0.0491  0.0475
  0.0719  0.0522  0.0673  0.0679  0.0564  0.0526
niter,ni,del,rscale     6    3   12.0000    1.2000
parameters
   -0.8065    9.1513    0.9111  -29.6762   -7.1045   -3.1681
eta,q 0.95910 13.91984
  0.0667  0.0572  0.0520  0.0562  0.0528  0.0491
  0.0550  0.0506  0.0454  0.0500  0.0478  0.0457
  0.0460  0.0472  0.0418  0.0425  0.0438  0.0429
  0.0445  0.0445  0.0441  0.0419  0.0411  0.0411
  0.0478  0.0438  0.0496  0.0444  0.0427  0.0403
  0.0564  0.0483  0.0556  0.0531  0.0466  0.0438
  0.0686  0.0565  0.0625  0.0612  0.0538  0.0495
niter,ni,del,rscale     5    3   12.0000    1.2000
parameters
   -0.9161    9.0772    0.6769  -29.9745   -7.0975   -3.1541
eta,q 0.95951 13.91825
  0.0654  0.0557  0.0572  0.0567  0.0528  0.0487
  0.0531  0.0503  0.0492  0.0516  0.0478  0.0453
  0.0429  0.0447  0.0428  0.0437  0.0434  0.0423
  0.0409  0.0408  0.0409  0.0407  0.0405  0.0405
  0.0446  0.0425  0.0455  0.0440  0.0423  0.0401
  0.0543  0.0489  0.0520  0.0510  0.0466  0.0441
  0.0669  0.0584  0.0578  0.0595  0.0538  0.0501
niter,ni,del,rscale     4    3   12.0000    1.2000
parameters
   -0.9664    9.0594    0.5860  -30.0910   -7.0798   -3.1509
eta,q 0.95965 13.91821
  0.0655  0.0562  0.0579  0.0568  0.0529  0.0487
  0.0533  0.0508  0.0497  0.0520  0.0478  0.0452
  0.0428  0.0447  0.0430  0.0442  0.0433  0.0422
  0.0405  0.0405  0.0405  0.0404  0.0404  0.0403
  0.0441  0.0423  0.0449  0.0438  0.0422  0.0400
  0.0536  0.0491  0.0515  0.0504  0.0466  0.0441
  0.0662  0.0583  0.0573  0.0590  0.0538  0.0501
niter,ni,del,rscale     3    3   12.0000    1.2000
parameters
   -0.9885    9.0532    0.5522  -30.1367   -7.0714   -3.1499
eta,q 0.95970 13.91834
  0.0656  0.0564  0.0581  0.0568  0.0529  0.0487
  0.0534  0.0509  0.0499  0.0522  0.0478  0.0451
  0.0428  0.0446  0.0430  0.0444  0.0432  0.0422
  0.0403  0.0403  0.0403  0.0403  0.0403  0.0403
  0.0439  0.0423  0.0446  0.0438  0.0422  0.0399
  0.0534  0.0492  0.0514  0.0501  0.0466  0.0441
  0.0659  0.0584  0.0571  0.0588  0.0539  0.0501
registration optimization eta report
parameter search radius
    6.0000    6.9000    6.9000   12.0681    6.9000    6.9000
100000*second partial in parameter space
       70.       34.       34.       11.       26.       19.
  0.0656  0.0564  0.0581  0.0568  0.0529  0.0487
  0.0534  0.0509  0.0499  0.0522  0.0478  0.0451
  0.0428  0.0446  0.0430  0.0444  0.0432  0.0422
  0.0403  0.0403  0.0403  0.0403  0.0403  0.0403
  0.0439  0.0423  0.0446  0.0438  0.0422  0.0399
  0.0534  0.0492  0.0514  0.0501  0.0466  0.0441
  0.0659  0.0584  0.0571  0.0588  0.0539  0.0501
   -0.9885    9.0532    0.5522  -30.1367   -7.0714   -3.1499
eta,q 0.95970 13.91834

---------------------------------------------------------------------
imgreg_4dfp /usr/local/freesurfer/average/711-2C_as_mni_average_305 /usr/local/freesurfer/average/711-2B_as_mni_average_305_mask talsrcimg_g11 none talsrcimg_to_711-2C_as_mni_average_305_t4 3335
---------------------------------------------------------------------

freesurfer imgreg_4dfp.c
/usr/local/freesurfer/average/711-2C_as_mni_average_305.4dfp.img
       256       256       256         1
  1.000000  1.000000  1.000000
orientation T byte_order littleendian
Reading image: /usr/local/freesurfer/average/711-2C_as_mni_average_305.4dfp.img
dimensions:      256       256       256
mmppix:       1.0000   -1.0000   -1.0000
center:     128.0000 -129.0000 -129.0000
/usr/local/freesurfer/average/711-2B_as_mni_average_305_mask.4dfp.img
       256       256       256         1
  1.000000  1.000000  1.000000
orientation T byte_order littleendian
Reading mask: /usr/local/freesurfer/average/711-2B_as_mni_average_305_mask.4dfp.img (2306576 pixels)
talsrcimg_g11.4dfp.img
       256       256       256         1
  1.000000  1.000000  1.000000
orientation T byte_order littleendian
Reading image: talsrcimg_g11.4dfp.img
dimensions:      256       256       256
mmppix:       1.0000   -1.0000   -1.0000
center:     128.0000 -129.0000 -129.0000
fimgreg.f
image alignment mode   3335 decimal      D07 hex
parameters
   -0.9885    9.0532    0.5522   -0.9106  -13.3081  -14.1749
   -1.4193   13.3893   -5.4530   49.5457  -12.3106  -49.8246
eta,q 0.95944 14.01202
niter,ni,del,rscale     5    3    5.0000    1.2000
parameter  4  2.128034 ->  0.500000 qaram    1.1500
parameter  5  0.934424 ->  0.500000 qaram    1.1500
parameter 12 -0.571506 -> -0.500000 qaram    1.1500
parameters
   -0.6406    9.8403    0.2553   -5.0506  -17.4481  -14.3682
   -2.4649   12.4530   -4.4458   46.8185  -11.0888  -45.6846
eta,q 0.97238 14.04513
  0.0456  0.0445  0.0418  0.0289  0.0285  0.0323  0.0320  0.0355  0.0323  0.0295  0.0312  0.0328
  0.0431  0.0427  0.0407  0.0301  0.0288  0.0308  0.0301  0.0317  0.0306  0.0285  0.0297  0.0305
  0.0414  0.0414  0.0402  0.0342  0.0295  0.0296  0.0290  0.0294  0.0294  0.0282  0.0287  0.0290
  0.0406  0.0405  0.0401  0.0401  0.0310  0.0289  0.0290  0.0289  0.0288  0.0288  0.0282  0.0282
  0.0406  0.0401  0.0406  0.0463  0.0333  0.0288  0.0299  0.0308  0.0289  0.0299  0.0283  0.0278
  0.0415  0.0404  0.0415  0.0525  0.0364  0.0301  0.0317  0.0348  0.0296  0.0316  0.0287  0.0276
  0.0434  0.0414  0.0428  0.0584  0.0397  0.0337  0.0342  0.0399  0.0308  0.0341  0.0297  0.0277
niter,ni,del,rscale     7    3    5.0000    1.2000
parameters
   -0.6771   10.1343   -0.1476   -8.0473  -18.6445  -10.8945
   -2.0394   12.5241   -4.0411   46.9492  -12.2868  -45.9078
eta,q 0.97403 14.13969
  0.0333  0.0307  0.0288  0.0306  0.0291  0.0310  0.0303  0.0346  0.0290  0.0299  0.0274  0.0286
  0.0301  0.0292  0.0280  0.0284  0.0277  0.0293  0.0281  0.0303  0.0275  0.0280  0.0264  0.0267
  0.0282  0.0281  0.0276  0.0269  0.0270  0.0279  0.0267  0.0275  0.0265  0.0267  0.0260  0.0260
  0.0276  0.0276  0.0276  0.0275  0.0269  0.0269  0.0261  0.0261  0.0261  0.0261  0.0261  0.0260
  0.0284  0.0277  0.0280  0.0316  0.0274  0.0263  0.0264  0.0266  0.0263  0.0264  0.0266  0.0265
  0.0305  0.0283  0.0288  0.0379  0.0287  0.0260  0.0275  0.0296  0.0271  0.0276  0.0274  0.0273
  0.0335  0.0296  0.0300  0.0447  0.0312  0.0271  0.0294  0.0349  0.0284  0.0298  0.0285  0.0285
niter,ni,del,rscale     6    3    5.0000    1.2000
parameters
   -0.8657    9.9948   -0.2731   -9.1013  -18.9038  -11.8928
   -2.1788   12.6244   -4.2922   47.1549  -13.3234  -46.7398
eta,q 0.97367 14.09220
  0.0303  0.0283  0.0277  0.0323  0.0293  0.0290  0.0297  0.0335  0.0287  0.0299  0.0276  0.0284
  0.0277  0.0269  0.0266  0.0299  0.0276  0.0277  0.0279  0.0299  0.0275  0.0281  0.0267  0.0269
  0.0262  0.0261  0.0260  0.0274  0.0265  0.0269  0.0268  0.0277  0.0267  0.0270  0.0264  0.0263
  0.0260  0.0259  0.0259  0.0259  0.0263  0.0263  0.0265  0.0265  0.0265  0.0265  0.0265  0.0264
  0.0268  0.0263  0.0263  0.0269  0.0266  0.0264  0.0269  0.0267  0.0268  0.0268  0.0269  0.0269
  0.0288  0.0274  0.0270  0.0317  0.0276  0.0283  0.0281  0.0290  0.0277  0.0278  0.0275  0.0278
  0.0317  0.0289  0.0280  0.0386  0.0298  0.0328  0.0299  0.0338  0.0290  0.0296  0.0283  0.0290
niter,ni,del,rscale     5    3    5.0000    1.2000
parameters
   -0.9389    9.9665   -0.6063   -9.3329  -18.9257  -12.3038
   -2.2918   12.7756   -4.4472   47.1571  -13.5663  -47.1176
eta,q 0.97357 14.07801
  0.0304  0.0288  0.0276  0.0330  0.0296  0.0296  0.0297  0.0336  0.0288  0.0297  0.0280  0.0288
  0.0281  0.0275  0.0268  0.0307  0.0278  0.0281  0.0279  0.0299  0.0275  0.0280  0.0270  0.0272
  0.0267  0.0266  0.0263  0.0283  0.0267  0.0271  0.0269  0.0276  0.0267  0.0268  0.0265  0.0265
  0.0263  0.0263  0.0263  0.0263  0.0264  0.0264  0.0265  0.0265  0.0265  0.0265  0.0265  0.0265
  0.0269  0.0266  0.0267  0.0262  0.0267  0.0262  0.0269  0.0267  0.0268  0.0268  0.0268  0.0269
  0.0285  0.0275  0.0275  0.0296  0.0276  0.0277  0.0281  0.0289  0.0277  0.0279  0.0273  0.0278
  0.0309  0.0290  0.0286  0.0359  0.0297  0.0317  0.0299  0.0336  0.0290  0.0297  0.0281  0.0289
niter,ni,del,rscale     4    3    5.0000    1.2000
parameters
   -0.9622    9.9149   -0.7248   -9.3753  -18.9660  -12.4419
   -2.3036   12.8116   -4.4895   47.1467  -13.5904  -47.2331
eta,q 0.97353 14.07039
  0.0306  0.0289  0.0280  0.0332  0.0296  0.0298  0.0298  0.0334  0.0288  0.0297  0.0281  0.0290
  0.0282  0.0275  0.0271  0.0309  0.0278  0.0283  0.0280  0.0298  0.0276  0.0279  0.0271  0.0273
  0.0269  0.0267  0.0265  0.0284  0.0268  0.0272  0.0269  0.0276  0.0268  0.0268  0.0266  0.0265
  0.0264  0.0264  0.0264  0.0264  0.0264  0.0264  0.0265  0.0265  0.0265  0.0265  0.0265  0.0265
  0.0269  0.0268  0.0267  0.0261  0.0267  0.0261  0.0269  0.0268  0.0268  0.0269  0.0267  0.0269
  0.0284  0.0277  0.0273  0.0292  0.0277  0.0275  0.0280  0.0291  0.0276  0.0279  0.0273  0.0277
  0.0307  0.0291  0.0283  0.0353  0.0298  0.0312  0.0298  0.0339  0.0289  0.0297  0.0280  0.0288
niter,ni,del,rscale     3    3    5.0000    1.2000
parameters
   -0.9723    9.8915   -0.7590   -9.3741  -18.9734  -12.4828
   -2.3008   12.8104   -4.5015   47.1388  -13.5819  -47.2628
eta,q 0.97352 14.06796
  0.0307  0.0290  0.0282  0.0332  0.0296  0.0299  0.0298  0.0333  0.0289  0.0297  0.0282  0.0291
  0.0283  0.0276  0.0272  0.0309  0.0279  0.0284  0.0280  0.0298  0.0276  0.0279  0.0271  0.0273
  0.0269  0.0268  0.0266  0.0285  0.0268  0.0272  0.0269  0.0275  0.0268  0.0268  0.0266  0.0266
  0.0265  0.0265  0.0265  0.0265  0.0265  0.0265  0.0265  0.0265  0.0265  0.0265  0.0265  0.0265
  0.0270  0.0268  0.0267  0.0261  0.0268  0.0261  0.0269  0.0268  0.0268  0.0268  0.0267  0.0269
  0.0284  0.0277  0.0273  0.0292  0.0277  0.0274  0.0280  0.0292  0.0276  0.0279  0.0272  0.0277
  0.0307  0.0291  0.0283  0.0352  0.0298  0.0310  0.0298  0.0340  0.0289  0.0297  0.0280  0.0288
niter,ni,del,rscale     2    3    5.0000    1.2000
parameters
   -0.9756    9.8842   -0.7675   -9.3700  -18.9740  -12.4924
   -2.2980   12.8062   -4.4994   47.1396  -13.5731  -47.2657
eta,q 0.97352 14.06743
  0.0307  0.0290  0.0282  0.0332  0.0296  0.0299  0.0298  0.0333  0.0289  0.0297  0.0282  0.0291
  0.0283  0.0276  0.0272  0.0309  0.0279  0.0284  0.0280  0.0298  0.0276  0.0279  0.0271  0.0274
  0.0269  0.0268  0.0266  0.0285  0.0268  0.0273  0.0269  0.0275  0.0268  0.0268  0.0266  0.0266
  0.0265  0.0265  0.0265  0.0265  0.0265  0.0265  0.0265  0.0265  0.0265  0.0265  0.0265  0.0265
  0.0270  0.0268  0.0267  0.0261  0.0268  0.0261  0.0269  0.0268  0.0268  0.0268  0.0267  0.0269
  0.0284  0.0277  0.0273  0.0292  0.0277  0.0274  0.0280  0.0292  0.0276  0.0279  0.0273  0.0277
  0.0307  0.0290  0.0282  0.0352  0.0298  0.0310  0.0298  0.0340  0.0289  0.0297  0.0280  0.0288
registration optimization eta report
parameter search radius
    2.4000    2.4000    2.4000    8.2800    8.2800    7.2000
    7.2000    7.2000    7.2000    7.2000    7.2000    8.2800
100000*second partial in parameter space
       73.       44.       30.       11.        5.        8.
        6.       14.        5.        6.        3.        4.
  0.0307  0.0290  0.0282  0.0332  0.0296  0.0299  0.0298  0.0333  0.0289  0.0297  0.0282  0.0291
  0.0283  0.0276  0.0272  0.0309  0.0279  0.0284  0.0280  0.0298  0.0276  0.0279  0.0271  0.0274
  0.0269  0.0268  0.0266  0.0285  0.0268  0.0273  0.0269  0.0275  0.0268  0.0268  0.0266  0.0266
  0.0265  0.0265  0.0265  0.0265  0.0265  0.0265  0.0265  0.0265  0.0265  0.0265  0.0265  0.0265
  0.0270  0.0268  0.0267  0.0261  0.0268  0.0261  0.0269  0.0268  0.0268  0.0268  0.0267  0.0269
  0.0284  0.0277  0.0273  0.0292  0.0277  0.0274  0.0280  0.0292  0.0276  0.0279  0.0273  0.0277
  0.0307  0.0290  0.0282  0.0352  0.0298  0.0310  0.0298  0.0340  0.0289  0.0297  0.0280  0.0288
   -0.9756    9.8842   -0.7675   -9.3700  -18.9740  -12.4924
   -2.2980   12.8062   -4.4994   47.1396  -13.5731  -47.2657
eta,q 0.97352 14.06743

---------------------------------------------------------------------
imgreg_4dfp /usr/local/freesurfer/average/711-2C_as_mni_average_305 /usr/local/freesurfer/average/711-2B_as_mni_average_305_mask talsrcimg_g11 none talsrcimg_to_711-2C_as_mni_average_305_t4 2311
---------------------------------------------------------------------

freesurfer imgreg_4dfp.c
/usr/local/freesurfer/average/711-2C_as_mni_average_305.4dfp.img
       256       256       256         1
  1.000000  1.000000  1.000000
orientation T byte_order littleendian
Reading image: /usr/local/freesurfer/average/711-2C_as_mni_average_305.4dfp.img
dimensions:      256       256       256
mmppix:       1.0000   -1.0000   -1.0000
center:     128.0000 -129.0000 -129.0000
/usr/local/freesurfer/average/711-2B_as_mni_average_305_mask.4dfp.img
       256       256       256         1
  1.000000  1.000000  1.000000
orientation T byte_order littleendian
Reading mask: /usr/local/freesurfer/average/711-2B_as_mni_average_305_mask.4dfp.img (2306576 pixels)
talsrcimg_g11.4dfp.img
       256       256       256         1
  1.000000  1.000000  1.000000
orientation T byte_order littleendian
Reading image: talsrcimg_g11.4dfp.img
dimensions:      256       256       256
mmppix:       1.0000   -1.0000   -1.0000
center:     128.0000 -129.0000 -129.0000
fimgreg.f
image alignment mode   2311 decimal      907 hex
parameters
   -0.9756    9.8842   -0.7675   -9.3700  -18.9740  -12.4924
   -2.2980   12.8062   -4.4994   47.1396  -13.5731  -47.2657
eta,q 0.97352 14.06743
niter,ni,del,rscale     5    3    5.0000    0.8000
parameters
   -0.9888    9.8859   -0.7859   -8.0958  -19.1762  -11.9426
   -2.5051   12.9629   -4.3830   47.0839  -13.2257  -47.5810
eta,q 0.97418 14.10401
  0.0283  0.0276  0.0272  0.0303  0.0270  0.0278  0.0275  0.0300  0.0272  0.0275  0.0270  0.0267
  0.0273  0.0270  0.0268  0.0289  0.0264  0.0270  0.0266  0.0279  0.0265  0.0266  0.0263  0.0261
  0.0267  0.0266  0.0265  0.0276  0.0261  0.0264  0.0260  0.0266  0.0260  0.0260  0.0260  0.0258
  0.0265  0.0265  0.0265  0.0265  0.0260  0.0260  0.0259  0.0259  0.0258  0.0258  0.0258  0.0258
  0.0267  0.0266  0.0266  0.0260  0.0261  0.0257  0.0261  0.0260  0.0260  0.0260  0.0259  0.0260
  0.0273  0.0270  0.0268  0.0264  0.0265  0.0261  0.0268  0.0273  0.0264  0.0266  0.0262  0.0263
  0.0284  0.0276  0.0273  0.0280  0.0271  0.0275  0.0278  0.0298  0.0271  0.0277  0.0266  0.0268
niter,ni,del,rscale     4    3    5.0000    0.7000
parameters
   -0.9201    9.9023   -0.6512   -8.1167  -19.3884  -11.6027
   -2.5106   13.0411   -4.3558   47.2302  -13.1342  -47.6299
eta,q 0.97428 14.11150
  0.0278  0.0268  0.0267  0.0285  0.0266  0.0272  0.0271  0.0289  0.0267  0.0272  0.0265  0.0264
  0.0267  0.0263  0.0262  0.0273  0.0261  0.0266  0.0263  0.0273  0.0262  0.0265  0.0261  0.0260
  0.0261  0.0259  0.0259  0.0264  0.0259  0.0262  0.0259  0.0263  0.0259  0.0259  0.0258  0.0258
  0.0258  0.0258  0.0258  0.0258  0.0258  0.0258  0.0257  0.0257  0.0257  0.0257  0.0257  0.0257
  0.0260  0.0259  0.0259  0.0259  0.0259  0.0256  0.0259  0.0259  0.0258  0.0258  0.0258  0.0258
  0.0265  0.0262  0.0260  0.0270  0.0262  0.0260  0.0264  0.0269  0.0262  0.0263  0.0261  0.0261
  0.0274  0.0268  0.0264  0.0290  0.0267  0.0271  0.0271  0.0289  0.0267  0.0271  0.0265  0.0264
niter,ni,del,rscale     3    3    5.0000    0.6000
parameters
   -0.8997    9.9344   -0.5911   -8.0224  -19.5440  -11.3631
   -2.5392   13.1020   -4.3464   47.2959  -13.1134  -47.6645
eta,q 0.97434 14.11696
  0.0271  0.0265  0.0263  0.0279  0.0263  0.0268  0.0267  0.0281  0.0264  0.0268  0.0263  0.0262
  0.0263  0.0261  0.0260  0.0269  0.0259  0.0264  0.0261  0.0269  0.0260  0.0262  0.0259  0.0259
  0.0259  0.0258  0.0258  0.0262  0.0257  0.0260  0.0258  0.0261  0.0257  0.0258  0.0257  0.0257
  0.0257  0.0257  0.0257  0.0257  0.0257  0.0257  0.0257  0.0257  0.0257  0.0257  0.0257  0.0257
  0.0259  0.0258  0.0258  0.0258  0.0258  0.0256  0.0258  0.0258  0.0257  0.0258  0.0257  0.0257
  0.0263  0.0260  0.0259  0.0265  0.0260  0.0259  0.0261  0.0266  0.0260  0.0261  0.0259  0.0259
  0.0270  0.0264  0.0262  0.0280  0.0264  0.0268  0.0267  0.0281  0.0264  0.0267  0.0262  0.0262
niter,ni,del,rscale     2    3    5.0000    0.5000
parameters
   -0.8828    9.9551   -0.5340   -7.9345  -19.6690  -11.1307
   -2.5808   13.1715   -4.3553   47.3361  -13.1126  -47.6803
eta,q 0.97440 14.12132
  0.0266  0.0262  0.0261  0.0273  0.0260  0.0265  0.0263  0.0274  0.0261  0.0264  0.0260  0.0260
  0.0261  0.0259  0.0258  0.0265  0.0258  0.0262  0.0259  0.0265  0.0258  0.0260  0.0258  0.0257
  0.0258  0.0257  0.0257  0.0260  0.0257  0.0259  0.0257  0.0259  0.0257  0.0257  0.0256  0.0256
  0.0257  0.0257  0.0257  0.0257  0.0256  0.0256  0.0256  0.0256  0.0256  0.0256  0.0256  0.0256
  0.0258  0.0257  0.0257  0.0257  0.0257  0.0256  0.0257  0.0257  0.0257  0.0257  0.0257  0.0257
  0.0261  0.0259  0.0258  0.0262  0.0259  0.0258  0.0259  0.0263  0.0258  0.0259  0.0258  0.0258
  0.0266  0.0261  0.0260  0.0273  0.0261  0.0264  0.0263  0.0274  0.0261  0.0264  0.0260  0.0260
niter,ni,del,rscale     1    3    5.0000    0.4000
parameters
   -0.8693    9.9709   -0.4700   -7.8674  -19.8053  -10.8894
   -2.6115   13.2399   -4.3664   47.3698  -13.1205  -47.6679
eta,q 0.97444 14.12442
  0.0262  0.0259  0.0259  0.0267  0.0258  0.0262  0.0260  0.0268  0.0259  0.0261  0.0258  0.0258
  0.0259  0.0258  0.0257  0.0262  0.0257  0.0260  0.0258  0.0262  0.0257  0.0258  0.0257  0.0257
  0.0257  0.0256  0.0256  0.0258  0.0256  0.0258  0.0256  0.0258  0.0256  0.0256  0.0256  0.0256
  0.0256  0.0256  0.0256  0.0256  0.0256  0.0256  0.0256  0.0256  0.0256  0.0256  0.0256  0.0256
  0.0257  0.0256  0.0256  0.0257  0.0256  0.0256  0.0256  0.0256  0.0256  0.0256  0.0256  0.0256
  0.0259  0.0257  0.0257  0.0260  0.0257  0.0257  0.0258  0.0260  0.0257  0.0258  0.0257  0.0257
  0.0262  0.0259  0.0258  0.0267  0.0259  0.0261  0.0260  0.0267  0.0259  0.0261  0.0258  0.0258
registration optimization eta report
parameter search radius
    0.8000    0.8000    0.8000    2.4000    2.4000    2.4000
    2.4000    2.4000    2.4000    2.4000    2.4000    2.4000
100000*second partial in parameter space
       97.       52.       40.       19.        5.       10.
        8.       20.        6.       10.        5.        4.
  0.0262  0.0259  0.0259  0.0267  0.0258  0.0262  0.0260  0.0268  0.0259  0.0261  0.0258  0.0258
  0.0259  0.0258  0.0257  0.0262  0.0257  0.0260  0.0258  0.0262  0.0257  0.0258  0.0257  0.0257
  0.0257  0.0256  0.0256  0.0258  0.0256  0.0258  0.0256  0.0258  0.0256  0.0256  0.0256  0.0256
  0.0256  0.0256  0.0256  0.0256  0.0256  0.0256  0.0256  0.0256  0.0256  0.0256  0.0256  0.0256
  0.0257  0.0256  0.0256  0.0257  0.0256  0.0256  0.0256  0.0256  0.0256  0.0256  0.0256  0.0256
  0.0259  0.0257  0.0257  0.0260  0.0257  0.0257  0.0258  0.0260  0.0257  0.0258  0.0257  0.0257
  0.0262  0.0259  0.0258  0.0267  0.0259  0.0261  0.0260  0.0267  0.0259  0.0261  0.0258  0.0258
   -0.8693    9.9709   -0.4700   -7.8674  -19.8053  -10.8894
   -2.6115   13.2399   -4.3664   47.3698  -13.1205  -47.6679
eta,q 0.97444 14.12442

---------------------------------------------------------------------
imgreg_4dfp /usr/local/freesurfer/average/711-2C_as_mni_average_305 /usr/local/freesurfer/average/711-2B_as_mni_average_305_mask talsrcimg_g11 none talsrcimg_to_711-2C_as_mni_average_305_t4 2311
---------------------------------------------------------------------

freesurfer imgreg_4dfp.c
/usr/local/freesurfer/average/711-2C_as_mni_average_305.4dfp.img
       256       256       256         1
  1.000000  1.000000  1.000000
orientation T byte_order littleendian
Reading image: /usr/local/freesurfer/average/711-2C_as_mni_average_305.4dfp.img
dimensions:      256       256       256
mmppix:       1.0000   -1.0000   -1.0000
center:     128.0000 -129.0000 -129.0000
/usr/local/freesurfer/average/711-2B_as_mni_average_305_mask.4dfp.img
       256       256       256         1
  1.000000  1.000000  1.000000
orientation T byte_order littleendian
Reading mask: /usr/local/freesurfer/average/711-2B_as_mni_average_305_mask.4dfp.img (2306576 pixels)
talsrcimg_g11.4dfp.img
       256       256       256         1
  1.000000  1.000000  1.000000
orientation T byte_order littleendian
Reading image: talsrcimg_g11.4dfp.img
dimensions:      256       256       256
mmppix:       1.0000   -1.0000   -1.0000
center:     128.0000 -129.0000 -129.0000
fimgreg.f
image alignment mode   2311 decimal      907 hex
parameters
   -0.8693    9.9709   -0.4700   -7.8674  -19.8053  -10.8894
   -2.6115   13.2399   -4.3664   47.3698  -13.1205  -47.6679
eta,q 0.97444 14.12443
niter,ni,del,rscale     5    3    5.0000    0.8000
parameters
   -0.8373    9.9890   -0.3585   -8.3412  -19.6855  -11.4404
   -2.4676   13.0474   -4.4031   47.4166  -13.1388  -47.5239
eta,q 0.97423 14.11285
  0.0282  0.0269  0.0268  0.0286  0.0268  0.0272  0.0275  0.0292  0.0270  0.0275  0.0267  0.0267
  0.0267  0.0262  0.0261  0.0272  0.0261  0.0265  0.0266  0.0274  0.0263  0.0266  0.0262  0.0261
  0.0259  0.0257  0.0257  0.0261  0.0258  0.0260  0.0260  0.0263  0.0259  0.0260  0.0258  0.0258
  0.0256  0.0256  0.0256  0.0256  0.0256  0.0256  0.0257  0.0257  0.0258  0.0258  0.0258  0.0258
  0.0258  0.0257  0.0256  0.0260  0.0258  0.0257  0.0259  0.0261  0.0259  0.0259  0.0259  0.0259
  0.0266  0.0261  0.0260  0.0278  0.0261  0.0268  0.0264  0.0275  0.0263  0.0265  0.0262  0.0262
  0.0280  0.0269  0.0264  0.0308  0.0267  0.0289  0.0273  0.0302  0.0270  0.0275  0.0267  0.0266
niter,ni,del,rscale     4    3    5.0000    0.7000
parameters
   -0.8832    9.9736   -0.5368   -8.1617  -19.5243  -11.4782
   -2.4980   13.0602   -4.3698   47.3194  -13.1470  -47.6271
eta,q 0.97429 14.11607
  0.0274  0.0267  0.0263  0.0286  0.0266  0.0271  0.0270  0.0288  0.0267  0.0271  0.0265  0.0264
  0.0265  0.0262  0.0259  0.0274  0.0261  0.0265  0.0263  0.0272  0.0262  0.0263  0.0260  0.0260
  0.0259  0.0259  0.0258  0.0264  0.0258  0.0261  0.0259  0.0262  0.0258  0.0259  0.0258  0.0257
  0.0258  0.0258  0.0258  0.0258  0.0257  0.0257  0.0257  0.0257  0.0257  0.0257  0.0257  0.0257
  0.0260  0.0259  0.0259  0.0258  0.0258  0.0256  0.0259  0.0259  0.0258  0.0259  0.0258  0.0258
  0.0266  0.0262  0.0262  0.0267  0.0260  0.0262  0.0263  0.0270  0.0261  0.0264  0.0261  0.0261
  0.0276  0.0268  0.0266  0.0286  0.0264  0.0275  0.0271  0.0290  0.0267  0.0272  0.0265  0.0264
niter,ni,del,rscale     3    3    5.0000    0.6000
parameters
   -0.8896    9.9541   -0.5586   -8.0394  -19.5769  -11.3265
   -2.5427   13.1158   -4.3645   47.3253  -13.1326  -47.6613
eta,q 0.97435 14.11848
  0.0270  0.0264  0.0262  0.0279  0.0263  0.0268  0.0266  0.0281  0.0264  0.0268  0.0262  0.0262
  0.0263  0.0260  0.0259  0.0269  0.0259  0.0264  0.0261  0.0269  0.0260  0.0262  0.0259  0.0258
  0.0258  0.0258  0.0258  0.0262  0.0257  0.0260  0.0258  0.0261  0.0257  0.0258  0.0257  0.0257
  0.0257  0.0257  0.0257  0.0257  0.0257  0.0257  0.0257  0.0257  0.0256  0.0256  0.0256  0.0256
  0.0259  0.0258  0.0258  0.0258  0.0258  0.0256  0.0258  0.0258  0.0257  0.0258  0.0257  0.0257
  0.0263  0.0260  0.0260  0.0265  0.0260  0.0260  0.0261  0.0266  0.0260  0.0261  0.0259  0.0259
  0.0270  0.0265  0.0262  0.0279  0.0263  0.0269  0.0267  0.0281  0.0264  0.0268  0.0262  0.0262
niter,ni,del,rscale     2    3    5.0000    0.5000
parameters
   -0.8804    9.9579   -0.5226   -7.9440  -19.6881  -11.1150
   -2.5789   13.1820   -4.3632   47.3443  -13.1254  -47.6783
eta,q 0.97441 14.12146
  0.0266  0.0262  0.0261  0.0273  0.0260  0.0265  0.0263  0.0274  0.0261  0.0264  0.0260  0.0260
  0.0261  0.0259  0.0258  0.0265  0.0258  0.0262  0.0259  0.0265  0.0258  0.0260  0.0258  0.0257
  0.0258  0.0257  0.0257  0.0260  0.0257  0.0259  0.0257  0.0259  0.0257  0.0257  0.0256  0.0256
  0.0256  0.0256  0.0256  0.0256  0.0256  0.0256  0.0256  0.0256  0.0256  0.0256  0.0256  0.0256
  0.0258  0.0257  0.0257  0.0257  0.0257  0.0256  0.0257  0.0257  0.0257  0.0257  0.0257  0.0257
  0.0261  0.0259  0.0258  0.0262  0.0259  0.0258  0.0259  0.0263  0.0258  0.0260  0.0258  0.0258
  0.0266  0.0262  0.0260  0.0272  0.0261  0.0264  0.0263  0.0274  0.0261  0.0264  0.0260  0.0260
niter,ni,del,rscale     1    3    5.0000    0.4000
parameters
   -0.8667    9.9746   -0.4652   -7.8719  -19.8046  -10.8823
   -2.6095   13.2467   -4.3780   47.3662  -13.1302  -47.6563
eta,q 0.97444 14.12463
  0.0262  0.0259  0.0259  0.0267  0.0258  0.0262  0.0260  0.0268  0.0259  0.0261  0.0258  0.0258
  0.0259  0.0258  0.0257  0.0262  0.0257  0.0260  0.0258  0.0262  0.0257  0.0258  0.0257  0.0257
  0.0257  0.0256  0.0256  0.0258  0.0256  0.0257  0.0256  0.0258  0.0256  0.0256  0.0256  0.0256
  0.0256  0.0256  0.0256  0.0256  0.0256  0.0256  0.0256  0.0256  0.0256  0.0256  0.0256  0.0256
  0.0257  0.0256  0.0256  0.0256  0.0256  0.0256  0.0256  0.0256  0.0256  0.0256  0.0256  0.0256
  0.0259  0.0257  0.0257  0.0260  0.0257  0.0257  0.0258  0.0260  0.0257  0.0258  0.0257  0.0257
  0.0262  0.0259  0.0258  0.0267  0.0259  0.0261  0.0260  0.0267  0.0259  0.0261  0.0258  0.0258
registration optimization eta report
parameter search radius
    0.8000    0.8000    0.8000    2.4000    2.4000    2.4000
    2.4000    2.4000    2.4000    2.4000    2.4000    2.4000
100000*second partial in parameter space
       97.       53.       40.       19.        5.       10.
        8.       20.        6.       10.        5.        4.
  0.0262  0.0259  0.0259  0.0267  0.0258  0.0262  0.0260  0.0268  0.0259  0.0261  0.0258  0.0258
  0.0259  0.0258  0.0257  0.0262  0.0257  0.0260  0.0258  0.0262  0.0257  0.0258  0.0257  0.0257
  0.0257  0.0256  0.0256  0.0258  0.0256  0.0257  0.0256  0.0258  0.0256  0.0256  0.0256  0.0256
  0.0256  0.0256  0.0256  0.0256  0.0256  0.0256  0.0256  0.0256  0.0256  0.0256  0.0256  0.0256
  0.0257  0.0256  0.0256  0.0256  0.0256  0.0256  0.0256  0.0256  0.0256  0.0256  0.0256  0.0256
  0.0259  0.0257  0.0257  0.0260  0.0257  0.0257  0.0258  0.0260  0.0257  0.0258  0.0257  0.0257
  0.0262  0.0259  0.0258  0.0267  0.0259  0.0261  0.0260  0.0267  0.0259  0.0261  0.0258  0.0258
   -0.8667    9.9746   -0.4652   -7.8719  -19.8046  -10.8823
   -2.6095   13.2467   -4.3780   47.3662  -13.1302  -47.6563
eta,q 0.97444 14.12463

---------------------------------------------------------------------
compute_vox2vox talsrcimg talsrcimg_to_711-2C_as_mni_average_305_t4 /usr/local/freesurfer/average/711-2C_as_mni_average_305
---------------------------------------------------------------------

freesurfer compute_vox2vox.c
Reading: talsrcimg.4dfp.ifh
Reading: talsrcimg_to_711-2C_as_mni_average_305_t4
Reading: /usr/local/freesurfer/average/711-2C_as_mni_average_305.4dfp.ifh
Writing: talsrcimg_to_711-2C_as_mni_average_305_t4_vox2vox.txt

start time Thu May 29 13:04:39 UTC 2025
end		time Thu May 29 13:04:57 UTC 2025

mpr2mni305 success

avi2talxfm orig_nu.mgz /usr/local/freesurfer/average/mni305.cor.mgz talsrcimg_to_711-2C_as_mni_average_305_t4_vox2vox.txt transforms/talairach.auto.xfm
avi2talxfm done
mv -f /home/freesurfer/subjects/sub-014/mri/talsrcimg_to_711-2C_as_mni_average_305_t4_vox2vox.txt /home/freesurfer/subjects/sub-014/mri/transforms/talsrcimg_to_711-2C_as_mni_average_305_t4_vox2vox.txt
lta_convert --src orig_nu.mgz --trg /usr/local/freesurfer/average/mni305.cor.mgz --inxfm transforms/talairach.auto.xfm --outlta transforms/talairach.auto.xfm.lta --subject fsaverage
7.4.1

--src: orig_nu.mgz src image (geometry).
--trg: /usr/local/freesurfer/average/mni305.cor.mgz trg image (geometry).
--inmni: transforms/talairach.auto.xfm input MNI/XFM transform.
--outlta: transforms/talairach.auto.xfm.lta output LTA.
--s: fsaverage subject name
 LTA read, type : 1
 1.06418  -0.13420  -0.04512   0.62193;
 0.14277   0.83476   0.50071  -36.72029;
-0.02623  -0.50037   0.94876  -17.43608;
 0.00000   0.00000   0.00000   1.00000;
setting subject to fsaverage
Writing  LTA to file transforms/talairach.auto.xfm.lta...
lta_convert successful.
 
 
Started at Thu May 29 13:04:38 UTC 2025
Ended   at Thu May 29 13:04:58 UTC 2025
talairach_avi done
