/home/freesurfer/subjects/sub-002/mri
/usr/local/freesurfer/bin/talairach_avi
--i orig_nu.mgz --xfm transforms/talairach.auto.xfm
talairach_avi 7.4.1
Linux 86a2f6008101 6.11.0-26-generic #26~24.04.1-Ubuntu SMP PREEMPT_DYNAMIC Thu Apr 17 19:20:47 UTC 2 x86_64 x86_64 x86_64 GNU/Linux
Thu May 29 01:14:07 UTC 2025
mri_convert orig_nu.mgz talsrcimg.img 
reading from orig_nu.mgz...
TR=8.37, TE=0.00, TI=0.00, flip angle=0.00
i_ras = (-1, 9.31323e-10, 0)
j_ras = (1.49012e-08, 7.45058e-09, -1)
k_ras = (-1.76951e-08, 1, -7.45058e-09)
writing to talsrcimg.img...
Analyze Output Matrix
-1.00000   0.00000  -0.00000   134.31924;
 0.00000   0.00000   1.00000  -110.23908;
 0.00000  -1.00000  -0.00000   216.77451;
 0.00000   0.00000   0.00000   1.00000;
--------------------
INFO: set hdr.hist.orient to -1
mpr2mni305 talsrcimg
Thu May 29 01:14:08 UTC 2025
/usr/local/freesurfer/bin/mpr2mni305 talsrcimg
mpr2mni305 7.4.1
target=711-2C_as_mni_average_305

---------------------------------------------------------------------
analyzeto4dfp talsrcimg -O0 -y
---------------------------------------------------------------------

freesurfer ifh2hdr.c
Thu May 29 01:14:08 2025
Writing: talsrcimg.4dfp.hdr
freesurfer analyzeto4dfp.c
Reading: talsrcimg.hdr
header size 348 bytes
hdr.dime.datatype	offset=70	value=2
hdr.dime.bitpix		offset=72	value=8
hdr.hist.orient		offset=252	value=-1
dimensionality     4
dimensions       256       256       256         1
Reading: talsrcimg.img
Writing: talsrcimg.4dfp.img
Writing: talsrcimg.4dfp.ifh
ifh2hdr talsrcimg -r0to229
ori=2

---------------------------------------------------------------------
gauss_4dfp talsrcimg 1.1
---------------------------------------------------------------------

freesurfer gauss_4dfp.c
Reading: talsrcimg.4dfp.img
Writing: talsrcimg_g11.4dfp.img
image dimensions 256 256 256 padded to 288 288 288
processing volume 1freesurfer ifh2hdr.c
Thu May 29 01:14:14 2025
Writing: talsrcimg_g11.4dfp.hdr

Writing: talsrcimg_g11.4dfp.ifh
including: talsrcimg.4dfp.img.rec in talsrcimg_g11.4dfp.img.rec

---------------------------------------------------------------------
imgreg_4dfp /usr/local/freesurfer/average/711-2C_as_mni_average_305 none talsrcimg_g11 none talsrcimg_to_711-2C_as_mni_average_305_t4 4355
---------------------------------------------------------------------

freesurfer imgreg_4dfp.c
/usr/local/freesurfer/average/711-2C_as_mni_average_305.4dfp.img
       256       256       256         1
  1.000000  1.000000  1.000000
orientation T byte_order littleendian
Reading image: /usr/local/freesurfer/average/711-2C_as_mni_average_305.4dfp.img
dimensions:      256       256       256
mmppix:       1.0000   -1.0000   -1.0000
center:     128.0000 -129.0000 -129.0000
talsrcimg_g11.4dfp.img
       256       256       256         1
  1.000000  1.000000  1.000000
orientation T byte_order littleendian
Reading image: talsrcimg_g11.4dfp.img
dimensions:      256       256       256
mmppix:       1.0000   -1.0000   -1.0000
center:     128.0000 -129.0000 -129.0000
t4_read: open error in t4_sub.f l:  41 t4_file(1:l)talsrcimg_to_711-2C_as_mni_average_305_t4 
t4_read: transform initialized to I4
rotation matrix determinant  1.000000
image alignment mode   4355 decimal     1103 hex
   -7.5000  -45.0000  -45.0000 8679.7988   16.6382
    0.0000  -45.0000  -45.0000 8948.3945   16.6342
    7.5000  -45.0000  -45.0000 8497.2539   16.6444
   -7.5000  -37.5000  -45.0000 9199.2607   16.6124
    0.0000  -37.5000  -45.0000 9477.1113   16.6130
    7.5000  -37.5000  -45.0000 8987.0264   16.6246
   -7.5000  -30.0000  -45.000010056.0908   16.6188
    0.0000  -30.0000  -45.000010317.9326   16.6200
    7.5000  -30.0000  -45.0000 9771.9795   16.6351
   -7.5000  -22.5000  -45.000010862.3320   16.6459
    0.0000  -22.5000  -45.000011108.1562   16.6443
    7.5000  -22.5000  -45.000010503.4395   16.6624
   -7.5000  -15.0000  -45.000011595.4912   16.6675
    0.0000  -15.0000  -45.000011839.9297   16.6616
    7.5000  -15.0000  -45.000011182.5625   16.6784
   -7.5000   -7.5000  -45.000012258.5732   16.6612
    0.0000   -7.5000  -45.000012564.1514   16.6535
    7.5000   -7.5000  -45.000011858.9424   16.6661
   -7.5000    0.0000  -45.000012809.9062   16.6332
    0.0000    0.0000  -45.000013152.1318   16.6292
    7.5000    0.0000  -45.000012400.4463   16.6395
   -7.5000    7.5000  -45.000012203.3662   16.6124
    0.0000    7.5000  -45.000012544.1318   16.6130
    7.5000    7.5000  -45.000011814.2441   16.6246
   -7.5000   15.0000  -45.000011404.1680   16.6188
    0.0000   15.0000  -45.000011711.8916   16.6200
    7.5000   15.0000  -45.000011023.9795   16.6351
   -7.5000   22.5000  -45.000010501.4951   16.6436
    0.0000   22.5000  -45.000010801.0166   16.6420
    7.5000   22.5000  -45.000010150.5840   16.6602
   -7.5000   30.0000  -45.0000 9552.2012   16.4454
    0.0000   30.0000  -45.0000 9861.1094   16.4396
    7.5000   30.0000  -45.0000 9243.1035   16.4562
   -7.5000   37.5000  -45.0000 8962.1328   16.4531
    0.0000   37.5000  -45.0000 9257.2148   16.4454
    7.5000   37.5000  -45.0000 8684.8262   16.4579
   -7.5000   45.0000  -45.0000 8139.0635   16.1181
    0.0000   45.0000  -45.0000 8427.3379   16.1135
    7.5000   45.0000  -45.0000 7908.9438   16.1235
   -7.5000  -45.0000  -37.5000 9303.1230   16.5997
    0.0000  -45.0000  -37.5000 9557.6035   16.6028
    7.5000  -45.0000  -37.5000 9077.9844   16.6163
   -7.5000  -37.5000  -37.5000 9868.0195   16.5821
    0.0000  -37.5000  -37.500010118.1436   16.5882
    7.5000  -37.5000  -37.5000 9603.8623   16.6018
   -7.5000  -30.0000  -37.500010790.5811   16.5975
    0.0000  -30.0000  -37.500011005.3809   16.6036
    7.5000  -30.0000  -37.500010427.5488   16.6210
   -7.5000  -22.5000  -37.500011635.6055   16.6261
    0.0000  -22.5000  -37.500011838.0898   16.6308
    7.5000  -22.5000  -37.500011204.7969   16.6530
   -7.5000  -15.0000  -37.500012394.0830   16.6411
    0.0000  -15.0000  -37.500012612.4434   16.6429
    7.5000  -15.0000  -37.500011924.7568   16.6652
   -7.5000   -7.5000  -37.500013090.2080   16.6251
    0.0000   -7.5000  -37.500013374.7607   16.6253
    7.5000   -7.5000  -37.500012618.6309   16.6426
   -7.5000    0.0000  -37.500013645.8545   16.5947
    0.0000    0.0000  -37.500013955.0381   16.5978
    7.5000    0.0000  -37.500013152.9961   16.6113
   -7.5000    7.5000  -37.500012985.4863   16.5821
    0.0000    7.5000  -37.500013299.6201   16.5882
    7.5000    7.5000  -37.500012500.6895   16.6018
   -7.5000   15.0000  -37.500012116.9268   16.5975
    0.0000   15.0000  -37.500012410.1924   16.6036
    7.5000   15.0000  -37.500011648.2129   16.6210
   -7.5000   22.5000  -37.500011123.5957   16.6238
    0.0000   22.5000  -37.500011429.1816   16.6285
    7.5000   22.5000  -37.500010721.3350   16.6507
   -7.5000   30.0000  -37.500010104.4463   16.4193
    0.0000   30.0000  -37.500010425.3066   16.4211
    7.5000   30.0000  -37.5000 9758.2188   16.4431
   -7.5000   37.5000  -37.5000 9443.6719   16.4175
    0.0000   37.5000  -37.5000 9771.8525   16.4175
    7.5000   37.5000  -37.5000 9157.9570   16.4347
   -7.5000   45.0000  -37.5000 8544.8936   16.0809
    0.0000   45.0000  -37.5000 8880.8213   16.0828
    7.5000   45.0000  -37.5000 8333.1328   16.0957
   -7.5000  -45.0000  -30.000010065.3955   17.3177
    0.0000  -45.0000  -30.000010334.2168   17.3199
    7.5000  -45.0000  -30.0000 9787.8496   17.3328
   -7.5000  -37.5000  -30.000010680.6846   17.2973
    0.0000  -37.5000  -30.000010940.8301   17.3030
    7.5000  -37.5000  -30.000010357.3652   17.3137
   -7.5000  -30.0000  -30.000011677.3398   17.3122
    0.0000  -30.0000  -30.000011922.9434   17.3187
    7.5000  -30.0000  -30.000011264.4414   17.3334
   -7.5000  -22.5000  -30.000012600.7041   17.3434
    0.0000  -22.5000  -30.000012842.2812   17.3496
    7.5000  -22.5000  -30.000012114.9453   17.3728
   -7.5000  -15.0000  -30.000013397.5068   17.3614
    0.0000  -15.0000  -30.000013657.9375   17.3645
    7.5000  -15.0000  -30.000012895.1855   17.3909
   -7.5000   -7.5000  -30.000014143.1230   17.3453
    0.0000   -7.5000  -30.000014483.3477   17.3454
    7.5000   -7.5000  -30.000013631.0283   17.3655
   -7.5000    0.0000  -30.000014700.6299   17.3125
    0.0000    0.0000  -30.000015086.0029   17.3147
    7.5000    0.0000  -30.000014171.9541   17.3276
   -7.5000    7.5000  -30.000013988.7969   17.2973
    0.0000    7.5000  -30.000014346.2900   17.3030
    7.5000    7.5000  -30.000013458.7998   17.3137
   -7.5000   15.0000  -30.000013023.8760   17.3122
    0.0000   15.0000  -30.000013383.7881   17.3187
    7.5000   15.0000  -30.000012547.1777   17.3334
   -7.5000   22.5000  -30.000011950.5254   17.3392
    0.0000   22.5000  -30.000012311.1064   17.3454
    7.5000   22.5000  -30.000011553.4971   17.3686
   -7.5000   30.0000  -30.000010847.5088   17.1317
    0.0000   30.0000  -30.000011201.0312   17.1347
    7.5000   30.0000  -30.000010507.0586   17.1608
   -7.5000   37.5000  -30.000010094.9307   17.1303
    0.0000   37.5000  -30.000010469.3018   17.1304
    7.5000   37.5000  -30.0000 9828.5332   17.1503
   -7.5000   45.0000  -30.0000 9117.5762   16.7898
    0.0000   45.0000  -30.0000 9485.5869   16.7905
    7.5000   45.0000  -30.0000 8924.0488   16.8023
   -7.5000  -45.0000  -22.500010750.9658   17.9324
    0.0000  -45.0000  -22.500011066.8945   17.9270
    7.5000  -45.0000  -22.500010468.6504   17.9378
   -7.5000  -37.5000  -22.500011414.0078   17.9004
    0.0000  -37.5000  -22.500011737.9629   17.9004
    7.5000  -37.5000  -22.500011087.4736   17.9070
   -7.5000  -30.0000  -22.500012484.5713   17.9048
    0.0000  -30.0000  -22.500012826.7695   17.9072
    7.5000  -30.0000  -22.500012089.8906   17.9168
   -7.5000  -22.5000  -22.500013484.4219   17.9370
    0.0000  -22.5000  -22.500013837.4746   17.9385
    7.5000  -22.5000  -22.500013020.0840   17.9578
   -7.5000  -15.0000  -22.500014318.7080   17.9655
    0.0000  -15.0000  -22.500014715.0967   17.9619
    7.5000  -15.0000  -22.500013836.9414   17.9867
   -7.5000   -7.5000  -22.500015118.2129   17.9598
    0.0000   -7.5000  -22.500015561.4443   17.9519
    7.5000   -7.5000  -22.500014616.7705   17.9710
   -7.5000    0.0000  -22.500015711.9375   17.9270
    0.0000    0.0000  -22.500016194.4277   17.9216
    7.5000    0.0000  -22.500015212.5586   17.9324
   -7.5000    7.5000  -22.500014925.3369   17.9004
    0.0000    7.5000  -22.500015385.0576   17.9004
    7.5000    7.5000  -22.500014464.5098   17.9070
   -7.5000   15.0000  -22.500013897.9795   17.9048
    0.0000   15.0000  -22.500014362.1162   17.9072
    7.5000   15.0000  -22.500013490.8242   17.9168
   -7.5000   22.5000  -22.500012725.1260   17.9315
    0.0000   22.5000  -22.500013169.3320   17.9329
    7.5000   22.5000  -22.500012396.8779   17.9522
   -7.5000   30.0000  -22.500011541.0391   17.7305
    0.0000   30.0000  -22.500011963.6318   17.7270
    7.5000   30.0000  -22.500011257.1807   17.7514
   -7.5000   37.5000  -22.500010744.3760   17.7399
    0.0000   37.5000  -22.500011173.4551   17.7321
    7.5000   37.5000  -22.500010523.8828   17.7510
   -7.5000   45.0000  -22.5000 9677.4736   17.3999
    0.0000   45.0000  -22.500010084.7080   17.3929
    7.5000   45.0000  -22.5000 9520.5986   17.4024
   -7.5000  -45.0000  -15.000011401.8613   18.3593
    0.0000  -45.0000  -15.000011771.1104   18.3480
    7.5000  -45.0000  -15.000011137.0693   18.3580
   -7.5000  -37.5000  -15.000012114.5068   18.3162
    0.0000  -37.5000  -15.000012498.0537   18.3115
    7.5000  -37.5000  -15.000011802.6865   18.3178
   -7.5000  -30.0000  -15.000013310.1074   18.3112
    0.0000  -30.0000  -15.000013714.7998   18.3089
    7.5000  -30.0000  -15.000012922.2715   18.3166
   -7.5000  -22.5000  -15.000014399.5625   18.3447
    0.0000  -22.5000  -15.000014823.7314   18.3396
    7.5000  -22.5000  -15.000013950.6006   18.3551
   -7.5000  -15.0000  -15.000015271.9395   18.3826
    0.0000  -15.0000  -15.000015751.0244   18.3715
    7.5000  -15.0000  -15.000014806.4932   18.3916
   -7.5000   -7.5000  -15.000016049.5996   18.3868
    0.0000   -7.5000  -15.000016586.6484   18.3716
    7.5000   -7.5000  -15.000015603.6182   18.3880
   -7.5000    0.0000  -15.000016644.5371   18.3538
    0.0000    0.0000  -15.000017230.5762   18.3425
    7.5000    0.0000  -15.000016242.0996   18.3525
   -7.5000    7.5000  -15.000015802.5205   18.3162
    0.0000    7.5000  -15.000016356.0254   18.3115
    7.5000    7.5000  -15.000015453.2119   18.3178
   -7.5000   15.0000  -15.000014730.1084   18.3112
    0.0000   15.0000  -15.000015249.2500   18.3089
    7.5000   15.0000  -15.000014422.3652   18.3166
   -7.5000   22.5000  -15.000013508.6094   18.3382
    0.0000   22.5000  -15.000013974.1211   18.3331
    7.5000   22.5000  -15.000013213.9717   18.3486
   -7.5000   30.0000  -15.000012253.7451   18.1447
    0.0000   30.0000  -15.000012707.9795   18.1337
    7.5000   30.0000  -15.000011999.4736   18.1536
   -7.5000   37.5000  -15.000011432.1777   18.1642
    0.0000   37.5000  -15.000011900.3018   18.1491
    7.5000   37.5000  -15.000011210.2891   18.1654
   -7.5000   45.0000  -15.000010284.2910   17.8247
    0.0000   45.0000  -15.000010719.0781   17.8123
    7.5000   45.0000  -15.000010140.7217   17.8212
   -7.5000  -45.0000   -7.500012056.7686   18.5490
    0.0000  -45.0000   -7.500012456.5312   18.5377
    7.5000  -45.0000   -7.500011746.7568   18.5469
   -7.5000  -37.5000   -7.500012784.5244   18.5078
    0.0000  -37.5000   -7.500013246.0205   18.5028
    7.5000  -37.5000   -7.500012480.7939   18.5115
   -7.5000  -30.0000   -7.500014067.5449   18.5046
    0.0000  -30.0000   -7.500014585.4346   18.5013
    7.5000  -30.0000   -7.500013705.4492   18.5126
   -7.5000  -22.5000   -7.500015267.2246   18.5374
    0.0000  -22.5000   -7.500015813.7998   18.5307
    7.5000  -22.5000   -7.500014841.9746   18.5466
   -7.5000  -15.0000   -7.500016199.9736   18.5735
    0.0000  -15.0000   -7.500016811.9688   18.5605
    7.5000  -15.0000   -7.500015780.7812   18.5775
   -7.5000   -7.5000   -7.500016936.2695   18.5763
    0.0000   -7.5000   -7.500017617.9727   18.5605
    7.5000   -7.5000   -7.500016632.5293   18.5734
   -7.5000    0.0000   -7.500017489.8906   18.5434
    0.0000    0.0000   -7.500018208.1992   18.5322
    7.5000    0.0000   -7.500017285.9004   18.5413
   -7.5000    7.5000   -7.500016667.0957   18.5078
    0.0000    7.5000   -7.500017314.4277   18.5028
    7.5000    7.5000   -7.500016462.4922   18.5115
   -7.5000   15.0000   -7.500015587.4707   18.5046
    0.0000   15.0000   -7.500016158.2979   18.5013
    7.5000   15.0000   -7.500015329.8281   18.5126
   -7.5000   22.5000   -7.500014293.1318   18.5289
    0.0000   22.5000   -7.500014818.2285   18.5222
    7.5000   22.5000   -7.500014041.1582   18.5380
   -7.5000   30.0000   -7.500013000.5430   18.3326
    0.0000   30.0000   -7.500013501.8262   18.3198
    7.5000   30.0000   -7.500012760.3789   18.3366
   -7.5000   37.5000   -7.500012187.2510   18.3509
    0.0000   37.5000   -7.500012670.0283   18.3352
    7.5000   37.5000   -7.500011934.9258   18.3480
   -7.5000   45.0000   -7.500010971.4229   18.0108
    0.0000   45.0000   -7.500011428.3838   17.9989
    7.5000   45.0000   -7.500010782.0732   18.0075
   -7.5000  -45.0000    0.000012550.8145   18.5628
    0.0000  -45.0000    0.000013020.0498   18.5583
    7.5000  -45.0000    0.000012260.9570   18.5698
   -7.5000  -37.5000    0.000013296.5391   18.5338
    0.0000  -37.5000    0.000013853.8164   18.5345
    7.5000  -37.5000    0.000013052.5391   18.5475
   -7.5000  -30.0000    0.000014650.8203   18.5414
    0.0000  -30.0000    0.000015262.5596   18.5427
    7.5000  -30.0000    0.000014346.0576   18.5596
   -7.5000  -22.5000    0.000016022.0615   18.5724
    0.0000  -22.5000    0.000016686.2168   18.5706
    7.5000  -22.5000    0.000015600.1807   18.5908
   -7.5000  -15.0000    0.000017115.3965   18.5969
    0.0000  -15.0000    0.000017875.5332   18.5902
    7.5000  -15.0000    0.000016701.0566   18.6090
   -7.5000   -7.5000    0.000017864.4746   18.5893
    0.0000   -7.5000    0.000018709.1738   18.5807
    7.5000   -7.5000    0.000017672.1855   18.5946
   -7.5000    0.0000    0.000018368.4336   18.5572
    0.0000    0.0000    0.000019212.6797   18.5528
    7.5000    0.0000    0.000018290.2695   18.5643
   -7.5000    7.5000    0.000017518.4375   18.5338
    0.0000    7.5000    0.000018187.3379   18.5345
    7.5000    7.5000    0.000017291.9609   18.5475
   -7.5000   15.0000    0.000016394.8281   18.5414
    0.0000   15.0000    0.000016959.9980   18.5427
    7.5000   15.0000    0.000016033.8574   18.5596
   -7.5000   22.5000    0.000015089.6660   18.5638
    0.0000   22.5000    0.000015565.6426   18.5620
    7.5000   22.5000    0.000014706.2119   18.5823
   -7.5000   30.0000    0.000013758.9697   18.3562
    0.0000   30.0000    0.000014193.5107   18.3496
    7.5000   30.0000    0.000013383.5332   18.3681
   -7.5000   37.5000    0.000012918.7656   18.3642
    0.0000   37.5000    0.000013374.0273   18.3556
    7.5000   37.5000    0.000012557.9434   18.3695
   -7.5000   45.0000    0.000011641.4424   18.0244
    0.0000   45.0000    0.000012092.4951   18.0193
    7.5000   45.0000    0.000011343.5605   18.0306
   -7.5000  -45.0000    7.500012058.1201   18.5679
    0.0000  -45.0000    7.500012551.9062   18.5714
    7.5000  -45.0000    7.500011865.3330   18.5865
   -7.5000  -37.5000    7.500012726.9365   18.5481
    0.0000  -37.5000    7.500013304.7627   18.5550
    7.5000  -37.5000    7.500012617.8076   18.5702
   -7.5000  -30.0000    7.500014029.8857   18.5651
    0.0000  -30.0000    7.500014664.8564   18.5720
    7.5000  -30.0000    7.500013874.6211   18.5914
   -7.5000  -22.5000    7.500015485.6709   18.5970
    0.0000  -22.5000    7.500016171.7021   18.6023
    7.5000  -22.5000    7.500015121.8721   18.6271
   -7.5000  -15.0000    7.500016781.3438   18.6138
    0.0000  -15.0000    7.500017562.5977   18.6159
    7.5000  -15.0000    7.500016290.4258   18.6408
   -7.5000   -7.5000    7.500017727.9004   18.5962
    0.0000   -7.5000    7.500018548.9434   18.5964
    7.5000   -7.5000    7.500017296.7031   18.6158
   -7.5000    0.0000    7.500018267.5391   18.5623
    0.0000    0.0000    7.500018922.1387   18.5658
    7.5000    0.0000    7.500017744.3945   18.5809
   -7.5000    7.5000    7.500017256.8281   18.5481
    0.0000    7.5000    7.500017686.8301   18.5550
    7.5000    7.5000    7.500016598.7168   18.5702
   -7.5000   15.0000    7.500016025.5215   18.5651
    0.0000   15.0000    7.500016393.1973   18.5720
    7.5000   15.0000    7.500015365.1045   18.5914
   -7.5000   22.5000    7.500014706.0000   18.5884
    0.0000   22.5000    7.500015047.7285   18.5937
    7.5000   22.5000    7.500014150.6914   18.6185
   -7.5000   30.0000    7.500013390.7852   18.3730
    0.0000   30.0000    7.500013740.8057   18.3750
    7.5000   30.0000    7.500012896.8418   18.3996
   -7.5000   37.5000    7.500012549.5469   18.3711
    0.0000   37.5000    7.500012930.1191   18.3711
    7.5000   37.5000    7.500012132.2881   18.3903
   -7.5000   45.0000    7.500011287.1934   18.0299
    0.0000   45.0000    7.500011668.7510   18.0321
    7.5000   45.0000    7.500010960.0547   18.0465
   -7.5000  -45.0000   15.000011415.5137   18.5959
    0.0000  -45.0000   15.000011921.3154   18.5983
    7.5000  -45.0000   15.000011306.5674   18.6121
   -7.5000  -37.5000   15.000012069.6816   18.5740
    0.0000  -37.5000   15.000012591.1475   18.5802
    7.5000  -37.5000   15.000012001.0664   18.5916
   -7.5000  -30.0000   15.000013342.1084   18.5900
    0.0000  -30.0000   15.000013863.8164   18.5971
    7.5000  -30.0000   15.000013184.4023   18.6128
   -7.5000  -22.5000   15.000014831.1357   18.6235
    0.0000  -22.5000   15.000015332.1699   18.6302
    7.5000  -22.5000   15.000014411.3447   18.6551
   -7.5000  -15.0000   15.000016175.2100   18.6428
    0.0000  -15.0000   15.000016694.2246   18.6462
    7.5000  -15.0000   15.000015583.6875   18.6745
   -7.5000   -7.5000   15.000017161.0820   18.6255
    0.0000   -7.5000   15.000017564.0938   18.6257
    7.5000   -7.5000   15.000016410.8105   18.6473
   -7.5000    0.0000   15.000017651.7637   18.5903
    0.0000    0.0000   15.000017946.9805   18.5927
    7.5000    0.0000   15.000016758.7168   18.6065
   -7.5000    7.5000   15.000016556.7402   18.5740
    0.0000    7.5000   15.000016846.7539   18.5802
    7.5000    7.5000   15.000015728.6426   18.5915
   -7.5000   15.0000   15.000015271.9639   18.5900
    0.0000   15.0000   15.000015621.6094   18.5971
    7.5000   15.0000   15.000014606.1172   18.6128
   -7.5000   22.5000   15.000013970.2588   18.6149
    0.0000   22.5000   15.000014347.4238   18.6216
    7.5000   22.5000   15.000013463.5693   18.6465
   -7.5000   30.0000   15.000012691.0264   18.4016
    0.0000   30.0000   15.000013071.4092   18.4049
    7.5000   30.0000   15.000012272.1045   18.4329
   -7.5000   37.5000   15.000011913.3799   18.4000
    0.0000   37.5000   15.000012288.7754   18.4002
    7.5000   37.5000   15.000011562.6543   18.4215
   -7.5000   45.0000   15.000010744.2578   18.0583
    0.0000   45.0000   15.000011115.9170   18.0590
    7.5000   45.0000   15.000010457.6240   18.0716
   -7.5000  -45.0000   22.500010816.8242   18.6210
    0.0000  -45.0000   22.500011212.0713   18.6153
    7.5000  -45.0000   22.500010688.4072   18.6266
   -7.5000  -37.5000   22.500011435.3984   18.5877
    0.0000  -37.5000   22.500011820.5684   18.5878
    7.5000  -37.5000   22.500011280.6064   18.5947
   -7.5000  -30.0000   22.500012591.9697   18.5923
    0.0000  -30.0000   22.500012965.6309   18.5949
    7.5000  -30.0000   22.500012342.9932   18.6048
   -7.5000  -22.5000   22.500013868.1699   18.6258
    0.0000  -22.5000   22.500014274.2100   18.6273
    7.5000  -22.5000   22.500013492.2227   18.6474
   -7.5000  -15.0000   22.500015043.7148   18.6553
    0.0000  -15.0000   22.500015513.2646   18.6516
    7.5000  -15.0000   22.500014576.5986   18.6774
   -7.5000   -7.5000   22.500015925.7520   18.6494
    0.0000   -7.5000   22.500016281.2256   18.6412
    7.5000   -7.5000   22.500015303.6758   18.6611
   -7.5000    0.0000   22.500016337.2051   18.6154
    0.0000    0.0000   22.500016652.3359   18.6097
    7.5000    0.0000   22.500015659.9893   18.6210
   -7.5000    7.5000   22.500015336.7549   18.5877
    0.0000    7.5000   22.500015716.4863   18.5878
    7.5000    7.5000   22.500014779.3643   18.5947
   -7.5000   15.0000   22.500014219.6104   18.5923
    0.0000   15.0000   22.500014661.7275   18.5949
    7.5000   15.0000   22.500013791.9766   18.6048
   -7.5000   22.5000   22.500013050.3223   18.6173
    0.0000   22.5000   22.500013480.3740   18.6187
    7.5000   22.5000   22.500012706.7754   18.6388
   -7.5000   30.0000   22.500011852.3662   18.4139
    0.0000   30.0000   22.500012248.6729   18.4103
    7.5000   30.0000   22.500011541.1260   18.4357
   -7.5000   37.5000   22.500011126.4043   18.4237
    0.0000   37.5000   22.500011505.6318   18.4155
    7.5000   37.5000   22.500010848.7676   18.4353
   -7.5000   45.0000   22.500010060.4600   18.0837
    0.0000   45.0000   22.500010402.0186   18.0765
    7.5000   45.0000   22.5000 9823.3223   18.0864
   -7.5000  -45.0000   30.000010114.2666   18.6990
    0.0000  -45.0000   30.000010417.7920   18.6876
    7.5000  -45.0000   30.0000 9935.9277   18.6981
   -7.5000  -37.5000   30.000010650.7246   18.6550
    0.0000  -37.5000   30.000010961.7363   18.6503
    7.5000  -37.5000   30.000010470.3066   18.6569
   -7.5000  -30.0000   30.000011627.5420   18.6500
    0.0000  -30.0000   30.000011955.4355   18.6476
    7.5000  -30.0000   30.000011421.7402   18.6557
   -7.5000  -22.5000   30.000012697.7627   18.6841
    0.0000  -22.5000   30.000013072.2529   18.6789
    7.5000  -22.5000   30.000012457.2588   18.6949
   -7.5000  -15.0000   30.000013738.4912   18.7229
    0.0000  -15.0000   30.000014172.3193   18.7114
    7.5000  -15.0000   30.000013407.7646   18.7322
   -7.5000   -7.5000   30.000014546.9824   18.7270
    0.0000   -7.5000   30.000014932.7354   18.7116
    7.5000   -7.5000   30.000014119.6846   18.7286
   -7.5000    0.0000   30.000014934.7939   18.6933
    0.0000    0.0000   30.000015329.5508   18.6820
    7.5000    0.0000   30.000014509.6016   18.6924
   -7.5000    7.5000   30.000014042.5645   18.6550
    0.0000    7.5000   30.000014472.9893   18.6503
    7.5000    7.5000   30.000013719.5527   18.6569
   -7.5000   15.0000   30.000013047.2773   18.6500
    0.0000   15.0000   30.000013492.1533   18.6476
    7.5000   15.0000   30.000012797.9971   18.6557
   -7.5000   22.5000   30.000011993.4473   18.6755
    0.0000   22.5000   30.000012417.0566   18.6703
    7.5000   22.5000   30.000011781.6719   18.6863
   -7.5000   30.0000   30.000010892.7510   18.4806
    0.0000   30.0000   30.000011276.5889   18.4693
    7.5000   30.0000   30.000010703.6650   18.4898
   -7.5000   37.5000   30.000010260.2881   18.5004
    0.0000   37.5000   30.000010608.7744   18.4851
    7.5000   37.5000   30.000010075.2588   18.5020
   -7.5000   45.0000   30.0000 9295.7402   18.1599
    0.0000   45.0000   30.0000 9593.2930   18.1474
    7.5000   45.0000   30.0000 9109.5791   18.1567
   -7.5000  -45.0000   37.5000 9736.8945   18.9631
    0.0000  -45.0000   37.500010031.5088   18.9514
    7.5000  -45.0000   37.5000 9566.8232   18.9612
   -7.5000  -37.5000   37.500010244.1650   18.9209
    0.0000  -37.5000   37.500010555.6504   18.9157
    7.5000  -37.5000   37.500010082.4453   18.9249
   -7.5000  -30.0000   37.500011153.5391   18.9183
    0.0000  -30.0000   37.500011485.8398   18.9146
    7.5000  -30.0000   37.500010980.5762   18.9262
   -7.5000  -22.5000   37.500012116.5088   18.9527
    0.0000  -22.5000   37.500012496.0303   18.9452
    7.5000  -22.5000   37.500011939.1152   18.9612
   -7.5000  -15.0000   37.500013044.2812   18.9897
    0.0000  -15.0000   37.500013480.8232   18.9758
    7.5000  -15.0000   37.500012796.4521   18.9930
   -7.5000   -7.5000   37.500013788.2412   18.9917
    0.0000   -7.5000   37.500014203.1699   18.9751
    7.5000   -7.5000   37.500013484.2373   18.9884
   -7.5000    0.0000   37.500014182.0332   18.9572
    0.0000    0.0000   37.500014623.4795   18.9456
    7.5000    0.0000   37.500013917.8555   18.9554
   -7.5000    7.5000   37.500013347.9727   18.9209
    0.0000    7.5000   37.500013786.6973   18.9157
    7.5000    7.5000   37.500013126.3018   18.9249
   -7.5000   15.0000   37.500012426.5127   18.9183
    0.0000   15.0000   37.500012849.5703   18.9146
    7.5000   15.0000   37.500012216.5107   18.9262
   -7.5000   22.5000   37.500011430.1875   18.9439
    0.0000   22.5000   37.500011820.9619   18.9365
    7.5000   22.5000   37.500011218.1738   18.9525
   -7.5000   30.0000   37.500010390.3408   18.7439
    0.0000   30.0000   37.500010752.8330   18.7302
    7.5000   30.0000   37.500010215.0264   18.7472
   -7.5000   37.5000   37.5000 9812.3691   18.7620
    0.0000   37.5000   37.500010157.0586   18.7456
    7.5000   37.5000   37.5000 9639.5420   18.7588
   -7.5000   45.0000   37.5000 8894.8242   18.4170
    0.0000   45.0000   37.5000 9178.6611   18.4046
    7.5000   45.0000   37.5000 8724.2090   18.4139
   -7.5000  -45.0000   45.0000 8946.9941   19.2763
    0.0000  -45.0000   45.0000 9226.6396   19.2703
    7.5000  -45.0000   45.0000 8810.3623   19.2815
   -7.5000  -37.5000   45.0000 9412.3418   19.2475
    0.0000  -37.5000   45.0000 9713.4375   19.2478
    7.5000  -37.5000   45.0000 9282.2051   19.2601
   -7.5000  -30.0000   45.000010234.4023   19.2569
    0.0000  -30.0000   45.000010564.0898   19.2581
    7.5000  -30.0000   45.000010109.3213   19.2732
   -7.5000  -22.5000   45.000011092.5137   19.2890
    0.0000  -22.5000   45.000011471.2168   19.2861
    7.5000  -22.5000   45.000010967.9395   19.3040
   -7.5000  -15.0000   45.000011894.4385   19.3131
    0.0000  -15.0000   45.000012313.3174   19.3041
    7.5000  -15.0000   45.000011729.1768   19.3207
   -7.5000   -7.5000   45.000012534.3193   19.3037
    0.0000   -7.5000   45.000012943.7695   19.2926
    7.5000   -7.5000   45.000012339.7842   19.3054
   -7.5000    0.0000   45.000012894.0127   19.2703
    0.0000    0.0000   45.000013330.3359   19.2643
    7.5000    0.0000   45.000012735.8555   19.2755
   -7.5000    7.5000   45.000012129.5645   19.2475
    0.0000    7.5000   45.000012573.2080   19.2478
    7.5000    7.5000   45.000011998.8164   19.2601
   -7.5000   15.0000   45.000011304.0156   19.2569
    0.0000   15.0000   45.000011709.7148   19.2581
    7.5000   15.0000   45.000011164.6416   19.2732
   -7.5000   22.5000   45.000010391.5000   19.2801
    0.0000   22.5000   45.000010763.5762   19.2772
    7.5000   22.5000   45.000010240.5586   19.2950
   -7.5000   30.0000   45.0000 9474.6602   19.0615
    0.0000   30.0000   45.0000 9819.7783   19.0526
    7.5000   30.0000   45.0000 9345.0273   19.0690
   -7.5000   37.5000   45.0000 8970.0840   19.0690
    0.0000   37.5000   45.0000 9283.5361   19.0580
    7.5000   37.5000   45.0000 8832.7842   19.0707
   -7.5000   45.0000   45.0000 8144.4697   18.7319
    0.0000   45.0000   45.0000 8396.2129   18.7252
    7.5000   45.0000   45.0000 8002.9595   18.7362

---------------------------------------------------------------------
imgreg_4dfp /usr/local/freesurfer/average/711-2C_as_mni_average_305 /usr/local/freesurfer/average/711-2B_as_mni_average_305_mask talsrcimg_g11 none talsrcimg_to_711-2C_as_mni_average_305_t4 4355
---------------------------------------------------------------------

freesurfer imgreg_4dfp.c
/usr/local/freesurfer/average/711-2C_as_mni_average_305.4dfp.img
       256       256       256         1
  1.000000  1.000000  1.000000
orientation T byte_order littleendian
Reading image: /usr/local/freesurfer/average/711-2C_as_mni_average_305.4dfp.img
dimensions:      256       256       256
mmppix:       1.0000   -1.0000   -1.0000
center:     128.0000 -129.0000 -129.0000
/usr/local/freesurfer/average/711-2B_as_mni_average_305_mask.4dfp.img
       256       256       256         1
  1.000000  1.000000  1.000000
orientation T byte_order littleendian
Reading mask: /usr/local/freesurfer/average/711-2B_as_mni_average_305_mask.4dfp.img (2306576 pixels)
talsrcimg_g11.4dfp.img
       256       256       256         1
  1.000000  1.000000  1.000000
orientation T byte_order littleendian
Reading image: talsrcimg_g11.4dfp.img
dimensions:      256       256       256
mmppix:       1.0000   -1.0000   -1.0000
center:     128.0000 -129.0000 -129.0000
rotation matrix determinant  1.000000
image alignment mode   4355 decimal     1103 hex
   -7.5000  -45.0000  -45.0000 2316.6677   19.8914
    0.0000  -45.0000  -45.0000 2307.9321   19.8693
    7.5000  -45.0000  -45.0000 2278.9802   20.0868
   -7.5000  -37.5000  -45.0000 2362.2058   18.9658
    0.0000  -37.5000  -45.0000 2358.3765   18.8788
    7.5000  -37.5000  -45.0000 2324.3438   19.1233
   -7.5000  -30.0000  -45.0000 2389.6069   18.2812
    0.0000  -30.0000  -45.0000 2377.2991   18.2187
    7.5000  -30.0000  -45.0000 2343.9414   18.4916
   -7.5000  -22.5000  -45.0000 2399.9194   17.8059
    0.0000  -22.5000  -45.0000 2384.2014   17.7629
    7.5000  -22.5000  -45.0000 2353.4502   18.0968
   -7.5000  -15.0000  -45.0000 2405.0920   17.5247
    0.0000  -15.0000  -45.0000 2390.9102   17.5315
    7.5000  -15.0000  -45.0000 2365.7666   17.9318
   -7.5000   -7.5000  -45.0000 2410.1611   17.4825
    0.0000   -7.5000  -45.0000 2400.5276   17.5349
    7.5000   -7.5000  -45.0000 2375.5107   17.9351
   -7.5000    0.0000  -45.0000 2406.3110   17.6988
    0.0000    0.0000  -45.0000 2396.0259   17.7668
    7.5000    0.0000  -45.0000 2370.2766   18.1868
   -7.5000    7.5000  -45.0000 2383.7222   18.1551
    0.0000    7.5000  -45.0000 2383.4102   18.2569
    7.5000    7.5000  -45.0000 2354.8994   18.6851
   -7.5000   15.0000  -45.0000 2349.3252   18.9298
    0.0000   15.0000  -45.0000 2342.3110   18.9910
    7.5000   15.0000  -45.0000 2317.5056   19.4623
   -7.5000   22.5000  -45.0000 2290.9229   19.9979
    0.0000   22.5000  -45.0000 2286.8774   19.9983
    7.5000   22.5000  -45.0000 2255.5942   20.4820
   -7.5000   30.0000  -45.0000 2210.8611   21.4682
    0.0000   30.0000  -45.0000 2207.6504   21.4316
    7.5000   30.0000  -45.0000 2171.6660   21.9007
   -7.5000   37.5000  -45.0000 2110.6284   23.2986
    0.0000   37.5000  -45.0000 2109.0076   23.2512
    7.5000   37.5000  -45.0000 2084.1370   23.7372
   -7.5000   45.0000  -45.0000 1990.3595   25.6767
    0.0000   45.0000  -45.0000 1998.9407   25.6593
    7.5000   45.0000  -45.0000 1976.4839   26.1764
   -7.5000  -45.0000  -37.5000 2412.8184   18.5640
    0.0000  -45.0000  -37.5000 2403.8130   18.4228
    7.5000  -45.0000  -37.5000 2371.2217   18.6868
   -7.5000  -37.5000  -37.5000 2463.8213   17.6151
    0.0000  -37.5000  -37.5000 2452.9209   17.4811
    7.5000  -37.5000  -37.5000 2417.3616   17.7551
   -7.5000  -30.0000  -37.5000 2495.2295   16.9389
    0.0000  -30.0000  -37.5000 2476.0334   16.8241
    7.5000  -30.0000  -37.5000 2438.7788   17.1108
   -7.5000  -22.5000  -37.5000 2500.7192   16.5250
    0.0000  -22.5000  -37.5000 2484.0823   16.4133
    7.5000  -22.5000  -37.5000 2453.0959   16.7416
   -7.5000  -15.0000  -37.5000 2502.9661   16.2492
    0.0000  -15.0000  -37.5000 2493.8135   16.1999
    7.5000  -15.0000  -37.5000 2468.5898   16.5723
   -7.5000   -7.5000  -37.5000 2509.6475   16.1492
    0.0000   -7.5000  -37.5000 2506.0225   16.1750
    7.5000   -7.5000  -37.5000 2479.3279   16.5293
   -7.5000    0.0000  -37.5000 2509.2183   16.3286
    0.0000    0.0000  -37.5000 2504.7927   16.3661
    7.5000    0.0000  -37.5000 2479.2754   16.7515
   -7.5000    7.5000  -37.5000 2490.2898   16.7577
    0.0000    7.5000  -37.5000 2489.6880   16.8450
    7.5000    7.5000  -37.5000 2459.5422   17.2299
   -7.5000   15.0000  -37.5000 2454.4976   17.4995
    0.0000   15.0000  -37.5000 2449.9236   17.5553
    7.5000   15.0000  -37.5000 2417.5837   17.9808
   -7.5000   22.5000  -37.5000 2395.4731   18.4849
    0.0000   22.5000  -37.5000 2393.5640   18.5148
    7.5000   22.5000  -37.5000 2360.9839   18.9288
   -7.5000   30.0000  -37.5000 2310.8745   19.7849
    0.0000   30.0000  -37.5000 2310.1602   19.7961
    7.5000   30.0000  -37.5000 2273.3811   20.2188
   -7.5000   37.5000  -37.5000 2201.8901   21.5044
    0.0000   37.5000  -37.5000 2204.8499   21.4758
    7.5000   37.5000  -37.5000 2176.6531   21.8587
   -7.5000   45.0000  -37.5000 2079.6895   23.7065
    0.0000   45.0000  -37.5000 2090.3872   23.7043
    7.5000   45.0000  -37.5000 2061.8330   24.0744
   -7.5000  -45.0000  -30.0000 2554.2900   17.8656
    0.0000  -45.0000  -30.0000 2541.4927   17.7475
    7.5000  -45.0000  -30.0000 2499.1626   18.0814
   -7.5000  -37.5000  -30.0000 2607.7385   16.9865
    0.0000  -37.5000  -30.0000 2589.9712   16.8285
    7.5000  -37.5000  -30.0000 2548.7422   17.1323
   -7.5000  -30.0000  -30.0000 2635.7429   16.3406
    0.0000  -30.0000  -30.0000 2618.3066   16.1775
    7.5000  -30.0000  -30.0000 2578.6423   16.4616
   -7.5000  -22.5000  -30.0000 2647.2324   15.8767
    0.0000  -22.5000  -30.0000 2635.7310   15.7552
    7.5000  -22.5000  -30.0000 2598.9612   16.0759
   -7.5000  -15.0000  -30.0000 2651.8425   15.5827
    0.0000  -15.0000  -30.0000 2646.8604   15.5332
    7.5000  -15.0000  -30.0000 2617.0046   15.8543
   -7.5000   -7.5000  -30.0000 2654.5647   15.5121
    0.0000   -7.5000  -30.0000 2656.7488   15.5031
    7.5000   -7.5000  -30.0000 2623.7493   15.8282
   -7.5000    0.0000  -30.0000 2651.5930   15.6774
    0.0000    0.0000  -30.0000 2651.0396   15.7071
    7.5000    0.0000  -30.0000 2619.8782   16.0410
   -7.5000    7.5000  -30.0000 2638.3162   16.0943
    0.0000    7.5000  -30.0000 2637.9612   16.1719
    7.5000    7.5000  -30.0000 2607.6160   16.5250
   -7.5000   15.0000  -30.0000 2601.7212   16.7946
    0.0000   15.0000  -30.0000 2603.7651   16.8500
    7.5000   15.0000  -30.0000 2572.7532   17.2324
   -7.5000   22.5000  -30.0000 2541.4065   17.7251
    0.0000   22.5000  -30.0000 2542.6860   17.7511
    7.5000   22.5000  -30.0000 2510.6030   18.1493
   -7.5000   30.0000  -30.0000 2451.2278   19.0099
    0.0000   30.0000  -30.0000 2451.5701   19.0272
    7.5000   30.0000  -30.0000 2417.6221   19.4197
   -7.5000   37.5000  -30.0000 2333.7820   20.6424
    0.0000   37.5000  -30.0000 2341.1707   20.6021
    7.5000   37.5000  -30.0000 2312.6367   21.0119
   -7.5000   45.0000  -30.0000 2202.2158   22.7233
    0.0000   45.0000  -30.0000 2214.9250   22.6887
    7.5000   45.0000  -30.0000 2191.7812   23.1214
   -7.5000  -45.0000  -22.5000 2654.7700   17.1453
    0.0000  -45.0000  -22.5000 2643.3623   17.0692
    7.5000  -45.0000  -22.5000 2597.0259   17.4096
   -7.5000  -37.5000  -22.5000 2711.1230   16.2467
    0.0000  -37.5000  -22.5000 2696.5193   16.1414
    7.5000  -37.5000  -22.5000 2652.4343   16.4394
   -7.5000  -30.0000  -22.5000 2739.9973   15.5407
    0.0000  -30.0000  -22.5000 2728.5276   15.4361
    7.5000  -30.0000  -22.5000 2689.6755   15.7031
   -7.5000  -22.5000  -22.5000 2757.4973   15.0879
    0.0000  -22.5000  -22.5000 2752.1343   15.0064
    7.5000  -22.5000  -22.5000 2712.7915   15.2780
   -7.5000  -15.0000  -22.5000 2762.1257   14.7711
    0.0000  -15.0000  -22.5000 2763.5537   14.7260
    7.5000  -15.0000  -22.5000 2724.4292   15.0215
   -7.5000   -7.5000  -22.5000 2771.1218   14.7232
    0.0000   -7.5000  -22.5000 2771.3665   14.7022
    7.5000   -7.5000  -22.5000 2734.8059   15.0197
   -7.5000    0.0000  -22.5000 2767.8196   14.8972
    0.0000    0.0000  -22.5000 2770.8833   14.9129
    7.5000    0.0000  -22.5000 2737.5491   15.2623
   -7.5000    7.5000  -22.5000 2756.4531   15.3271
    0.0000    7.5000  -22.5000 2759.9780   15.3744
    7.5000    7.5000  -22.5000 2729.1060   15.7224
   -7.5000   15.0000  -22.5000 2720.7244   15.9755
    0.0000   15.0000  -22.5000 2728.8413   15.9790
    7.5000   15.0000  -22.5000 2698.8931   16.3728
   -7.5000   22.5000  -22.5000 2656.1467   16.8846
    0.0000   22.5000  -22.5000 2666.7686   16.8823
    7.5000   22.5000  -22.5000 2637.9470   17.2775
   -7.5000   30.0000  -22.5000 2561.9485   18.1716
    0.0000   30.0000  -22.5000 2567.5657   18.1183
    7.5000   30.0000  -22.5000 2537.4851   18.5568
   -7.5000   37.5000  -22.5000 2440.7817   19.7514
    0.0000   37.5000  -22.5000 2449.6733   19.6584
    7.5000   37.5000  -22.5000 2424.0713   20.1050
   -7.5000   45.0000  -22.5000 2297.0522   21.7407
    0.0000   45.0000  -22.5000 2310.7009   21.6422
    7.5000   45.0000  -22.5000 2291.8208   22.1002
   -7.5000  -45.0000  -15.0000 2711.5576   16.4763
    0.0000  -45.0000  -15.0000 2705.1362   16.4630
    7.5000  -45.0000  -15.0000 2661.4041   16.7921
   -7.5000  -37.5000  -15.0000 2768.5945   15.5187
    0.0000  -37.5000  -15.0000 2761.6414   15.4918
    7.5000  -37.5000  -15.0000 2719.2092   15.8090
   -7.5000  -30.0000  -15.0000 2806.4468   14.8276
    0.0000  -30.0000  -15.0000 2797.3279   14.8034
    7.5000  -30.0000  -15.0000 2761.2554   15.0858
   -7.5000  -22.5000  -15.0000 2824.5642   14.3273
    0.0000  -22.5000  -15.0000 2821.6248   14.3005
    7.5000  -22.5000  -15.0000 2786.8640   14.5911
   -7.5000  -15.0000  -15.0000 2834.1299   13.9919
    0.0000  -15.0000  -15.0000 2834.3071   13.9643
    7.5000  -15.0000  -15.0000 2796.8521   14.3145
   -7.5000   -7.5000  -15.0000 2845.6919   13.8971
    0.0000   -7.5000  -15.0000 2843.4399   13.8916
    7.5000   -7.5000  -15.0000 2809.6934   14.2777
   -7.5000    0.0000  -15.0000 2845.5889   14.0758
    0.0000    0.0000  -15.0000 2849.2888   14.0977
    7.5000    0.0000  -15.0000 2817.5874   14.4999
   -7.5000    7.5000  -15.0000 2834.2522   14.5204
    0.0000    7.5000  -15.0000 2845.1155   14.5253
    7.5000    7.5000  -15.0000 2817.5027   14.9382
   -7.5000   15.0000  -15.0000 2799.8879   15.1744
    0.0000   15.0000  -15.0000 2812.8508   15.1485
    7.5000   15.0000  -15.0000 2786.9277   15.5966
   -7.5000   22.5000  -15.0000 2739.1899   16.1389
    0.0000   22.5000  -15.0000 2749.7190   16.0599
    7.5000   22.5000  -15.0000 2723.6284   16.5079
   -7.5000   30.0000  -15.0000 2642.4558   17.3996
    0.0000   30.0000  -15.0000 2653.1021   17.2924
    7.5000   30.0000  -15.0000 2624.4856   17.7506
   -7.5000   37.5000  -15.0000 2516.1797   18.9513
    0.0000   37.5000  -15.0000 2531.5576   18.8604
    7.5000   37.5000  -15.0000 2498.1094   19.2632
   -7.5000   45.0000  -15.0000 2368.0813   20.8691
    0.0000   45.0000  -15.0000 2380.3313   20.7850
    7.5000   45.0000  -15.0000 2361.1101   21.1684
   -7.5000  -45.0000   -7.5000 2737.4023   15.8777
    0.0000  -45.0000   -7.5000 2723.1572   15.9051
    7.5000  -45.0000   -7.5000 2686.1868   16.3020
   -7.5000  -37.5000   -7.5000 2795.0161   14.8903
    0.0000  -37.5000   -7.5000 2782.9778   14.9398
    7.5000  -37.5000   -7.5000 2749.0742   15.3120
   -7.5000  -30.0000   -7.5000 2836.5266   14.1985
    0.0000  -30.0000   -7.5000 2834.8523   14.2639
    7.5000  -30.0000   -7.5000 2800.4990   14.5684
   -7.5000  -22.5000   -7.5000 2863.7954   13.6821
    0.0000  -22.5000   -7.5000 2868.8982   13.7256
    7.5000  -22.5000   -7.5000 2832.8975   14.0727
   -7.5000  -15.0000   -7.5000 2875.1577   13.2858
    0.0000  -15.0000   -7.5000 2881.6362   13.3299
    7.5000  -15.0000   -7.5000 2845.6216   13.7369
   -7.5000   -7.5000   -7.5000 2885.3613   13.1318
    0.0000   -7.5000   -7.5000 2894.4045   13.1632
    7.5000   -7.5000   -7.5000 2859.3743   13.6703
   -7.5000    0.0000   -7.5000 2888.5327   13.2862
    0.0000    0.0000   -7.5000 2901.1658   13.3301
    7.5000    0.0000   -7.5000 2872.5581   13.8450
   -7.5000    7.5000   -7.5000 2880.7000   13.7839
    0.0000    7.5000   -7.5000 2897.4631   13.7670
    7.5000    7.5000   -7.5000 2875.8748   14.2643
   -7.5000   15.0000   -7.5000 2853.3489   14.4957
    0.0000   15.0000   -7.5000 2869.7605   14.4360
    7.5000   15.0000   -7.5000 2848.7029   14.9243
   -7.5000   22.5000   -7.5000 2792.7632   15.4746
    0.0000   22.5000   -7.5000 2805.1450   15.3793
    7.5000   22.5000   -7.5000 2783.5957   15.8237
   -7.5000   30.0000   -7.5000 2697.0559   16.7262
    0.0000   30.0000   -7.5000 2708.1755   16.6122
    7.5000   30.0000   -7.5000 2685.5532   17.0394
   -7.5000   37.5000   -7.5000 2574.0378   18.2492
    0.0000   37.5000   -7.5000 2586.8796   18.1565
    7.5000   37.5000   -7.5000 2559.8105   18.5389
   -7.5000   45.0000   -7.5000 2422.1575   20.1240
    0.0000   45.0000   -7.5000 2434.3213   20.0454
    7.5000   45.0000   -7.5000 2411.9753   20.4221
   -7.5000  -45.0000    0.0000 2732.3372   15.5100
    0.0000  -45.0000    0.0000 2719.7498   15.6063
    7.5000  -45.0000    0.0000 2688.5740   16.0526
   -7.5000  -37.5000    0.0000 2789.9307   14.5372
    0.0000  -37.5000    0.0000 2787.6055   14.6373
    7.5000  -37.5000    0.0000 2758.1238   15.0470
   -7.5000  -30.0000    0.0000 2834.3801   13.8772
    0.0000  -30.0000    0.0000 2838.0095   13.9588
    7.5000  -30.0000    0.0000 2813.0725   14.3190
   -7.5000  -22.5000    0.0000 2875.0715   13.3957
    0.0000  -22.5000    0.0000 2882.0891   13.4536
    7.5000  -22.5000    0.0000 2848.8933   13.8203
   -7.5000  -15.0000    0.0000 2897.6038   12.9888
    0.0000  -15.0000    0.0000 2909.3330   13.0615
    7.5000  -15.0000    0.0000 2875.0266   13.4943
   -7.5000   -7.5000    0.0000 2907.4924   12.7971
    0.0000   -7.5000    0.0000 2928.5220   12.8809
    7.5000   -7.5000    0.0000 2898.3286   13.3828
   -7.5000    0.0000    0.0000 2910.1699   12.8665
    0.0000    0.0000    0.0000 2938.0911   12.9499
    7.5000    0.0000    0.0000 2912.3923   13.4773
   -7.5000    7.5000    0.0000 2905.6650   13.3540
    0.0000    7.5000    0.0000 2935.1160   13.3272
    7.5000    7.5000    0.0000 2914.5054   13.8198
   -7.5000   15.0000    0.0000 2883.0432   14.0980
    0.0000   15.0000    0.0000 2905.4768   13.9765
    7.5000   15.0000    0.0000 2886.9146   14.3880
   -7.5000   22.5000    0.0000 2824.9172   15.1166
    0.0000   22.5000    0.0000 2840.2737   14.9558
    7.5000   22.5000    0.0000 2823.5000   15.3394
   -7.5000   30.0000    0.0000 2732.3076   16.4159
    0.0000   30.0000    0.0000 2745.7622   16.2107
    7.5000   30.0000    0.0000 2725.4565   16.5725
   -7.5000   37.5000    0.0000 2607.8901   17.9530
    0.0000   37.5000    0.0000 2624.4377   17.7648
    7.5000   37.5000    0.0000 2599.6726   18.0941
   -7.5000   45.0000    0.0000 2455.8308   19.8202
    0.0000   45.0000    0.0000 2475.8809   19.6629
    7.5000   45.0000    0.0000 2449.9658   20.0029
   -7.5000  -45.0000    7.5000 2712.6216   15.4723
    0.0000  -45.0000    7.5000 2704.4971   15.5684
    7.5000  -45.0000    7.5000 2685.7610   16.0938
   -7.5000  -37.5000    7.5000 2770.5271   14.4691
    0.0000  -37.5000    7.5000 2772.2017   14.5561
    7.5000  -37.5000    7.5000 2758.0476   15.0271
   -7.5000  -30.0000    7.5000 2819.0776   13.7940
    0.0000  -30.0000    7.5000 2825.5164   13.8600
    7.5000  -30.0000    7.5000 2816.2427   14.3005
   -7.5000  -22.5000    7.5000 2866.9458   13.4205
    0.0000  -22.5000    7.5000 2878.9119   13.4691
    7.5000  -22.5000    7.5000 2859.9287   13.8218
   -7.5000  -15.0000    7.5000 2905.4053   13.1773
    0.0000  -15.0000    7.5000 2920.8044   13.1811
    7.5000  -15.0000    7.5000 2894.1753   13.5284
   -7.5000   -7.5000    7.5000 2927.8391   13.0292
    0.0000   -7.5000    7.5000 2948.1987   13.0028
    7.5000   -7.5000    7.5000 2925.2122   13.3665
   -7.5000    0.0000    7.5000 2937.8560   13.0255
    0.0000    0.0000    7.5000 2959.1577   12.9665
    7.5000    0.0000    7.5000 2934.7437   13.3605
   -7.5000    7.5000    7.5000 2932.2954   13.3323
    0.0000    7.5000    7.5000 2953.8933   13.1483
    7.5000    7.5000    7.5000 2930.6506   13.5512
   -7.5000   15.0000    7.5000 2895.3848   14.0592
    0.0000   15.0000    7.5000 2922.4529   13.7925
    7.5000   15.0000    7.5000 2901.6560   14.1301
   -7.5000   22.5000    7.5000 2833.2588   15.0665
    0.0000   22.5000    7.5000 2851.3931   14.8003
    7.5000   22.5000    7.5000 2840.2651   15.1482
   -7.5000   30.0000    7.5000 2740.3745   16.3421
    0.0000   30.0000    7.5000 2758.9104   16.0975
    7.5000   30.0000    7.5000 2739.9421   16.4306
   -7.5000   37.5000    7.5000 2618.1882   17.8872
    0.0000   37.5000    7.5000 2641.7554   17.6776
    7.5000   37.5000    7.5000 2621.4490   17.9690
   -7.5000   45.0000    7.5000 2469.7415   19.7319
    0.0000   45.0000    7.5000 2493.8647   19.6009
    7.5000   45.0000    7.5000 2475.5437   19.8840
   -7.5000  -45.0000   15.0000 2665.3501   15.6257
    0.0000  -45.0000   15.0000 2669.5852   15.6838
    7.5000  -45.0000   15.0000 2665.5339   16.2440
   -7.5000  -37.5000   15.0000 2725.0417   14.6924
    0.0000  -37.5000   15.0000 2734.1135   14.6806
    7.5000  -37.5000   15.0000 2741.0969   15.1730
   -7.5000  -30.0000   15.0000 2787.1677   14.1032
    0.0000  -30.0000   15.0000 2795.2419   14.0248
    7.5000  -30.0000   15.0000 2799.2109   14.4540
   -7.5000  -22.5000   15.0000 2856.2195   13.8328
    0.0000  -22.5000   15.0000 2856.5684   13.6863
    7.5000  -22.5000   15.0000 2849.2896   14.0178
   -7.5000  -15.0000   15.0000 2908.3333   13.6770
    0.0000  -15.0000   15.0000 2905.6399   13.4991
    7.5000  -15.0000   15.0000 2884.6868   13.7267
   -7.5000   -7.5000   15.0000 2934.8782   13.5166
    0.0000   -7.5000   15.0000 2935.1858   13.2745
    7.5000   -7.5000   15.0000 2917.5073   13.5757
   -7.5000    0.0000   15.0000 2937.0591   13.4511
    0.0000    0.0000   15.0000 2947.5686   13.1324
    7.5000    0.0000   15.0000 2923.6699   13.4217
   -7.5000    7.5000   15.0000 2923.0566   13.6835
    0.0000    7.5000   15.0000 2950.1443   13.3799
    7.5000    7.5000   15.0000 2917.1343   13.6716
   -7.5000   15.0000   15.0000 2880.0134   14.2612
    0.0000   15.0000   15.0000 2913.8625   13.9998
    7.5000   15.0000   15.0000 2889.2898   14.2702
   -7.5000   22.5000   15.0000 2814.7014   15.1956
    0.0000   22.5000   15.0000 2841.2771   14.9729
    7.5000   22.5000   15.0000 2828.9934   15.2674
   -7.5000   30.0000   15.0000 2717.8086   16.4630
    0.0000   30.0000   15.0000 2739.6206   16.2629
    7.5000   30.0000   15.0000 2729.1282   16.5529
   -7.5000   37.5000   15.0000 2602.3062   18.0179
    0.0000   37.5000   15.0000 2625.4553   17.8387
    7.5000   37.5000   15.0000 2614.0320   18.0946
   -7.5000   45.0000   15.0000 2456.7935   19.8731
    0.0000   45.0000   15.0000 2484.7605   19.7403
    7.5000   45.0000   15.0000 2470.2681   19.9969
   -7.5000  -45.0000   22.5000 2623.9854   16.2063
    0.0000  -45.0000   22.5000 2620.3171   16.0927
    7.5000  -45.0000   22.5000 2630.3691   16.6367
   -7.5000  -37.5000   22.5000 2692.2107   15.2496
    0.0000  -37.5000   22.5000 2690.5806   15.0693
    7.5000  -37.5000   22.5000 2702.4978   15.5064
   -7.5000  -30.0000   22.5000 2752.7065   14.5711
    0.0000  -30.0000   22.5000 2754.9771   14.3641
    7.5000  -30.0000   22.5000 2760.4761   14.7246
   -7.5000  -22.5000   22.5000 2821.0334   14.2083
    0.0000  -22.5000   22.5000 2818.8416   13.9340
    7.5000  -22.5000   22.5000 2817.7075   14.2394
   -7.5000  -15.0000   22.5000 2874.6221   14.0412
    0.0000  -15.0000   22.5000 2872.6753   13.8161
    7.5000  -15.0000   22.5000 2861.2288   14.0250
   -7.5000   -7.5000   22.5000 2908.0679   13.9872
    0.0000   -7.5000   22.5000 2907.9229   13.6596
    7.5000   -7.5000   22.5000 2888.2976   13.8887
   -7.5000    0.0000   22.5000 2907.5957   13.9349
    0.0000    0.0000   22.5000 2914.1270   13.5390
    7.5000    0.0000   22.5000 2894.7839   13.7914
   -7.5000    7.5000   22.5000 2887.9170   14.1349
    0.0000    7.5000   22.5000 2910.8728   13.8236
    7.5000    7.5000   22.5000 2887.1782   14.0786
   -7.5000   15.0000   22.5000 2841.0093   14.7351
    0.0000   15.0000   22.5000 2873.6316   14.4945
    7.5000   15.0000   22.5000 2855.6438   14.7412
   -7.5000   22.5000   22.5000 2776.3755   15.6562
    0.0000   22.5000   22.5000 2806.5447   15.4515
    7.5000   22.5000   22.5000 2793.0332   15.7064
   -7.5000   30.0000   22.5000 2676.1877   16.9056
    0.0000   30.0000   22.5000 2702.5791   16.7328
    7.5000   30.0000   22.5000 2689.0874   16.9882
   -7.5000   37.5000   22.5000 2560.1367   18.4547
    0.0000   37.5000   22.5000 2589.0938   18.2771
    7.5000   37.5000   22.5000 2575.6929   18.5332
   -7.5000   45.0000   22.5000 2423.6748   20.2999
    0.0000   45.0000   22.5000 2447.9731   20.1564
    7.5000   45.0000   22.5000 2439.2546   20.3620
   -7.5000  -45.0000   30.0000 2573.8298   16.9867
    0.0000  -45.0000   30.0000 2571.7522   16.7471
    7.5000  -45.0000   30.0000 2575.6365   17.2512
   -7.5000  -37.5000   30.0000 2643.2629   15.9164
    0.0000  -37.5000   30.0000 2643.7952   15.6638
    7.5000  -37.5000   30.0000 2650.8267   16.0461
   -7.5000  -30.0000   30.0000 2696.8254   15.1289
    0.0000  -30.0000   30.0000 2704.6077   14.8654
    7.5000  -30.0000   30.0000 2710.1016   15.1840
   -7.5000  -22.5000   30.0000 2758.4465   14.6916
    0.0000  -22.5000   30.0000 2761.5264   14.4269
    7.5000  -22.5000   30.0000 2767.2844   14.6922
   -7.5000  -15.0000   30.0000 2810.4316   14.5506
    0.0000  -15.0000   30.0000 2819.5598   14.2856
    7.5000  -15.0000   30.0000 2814.8821   14.4967
   -7.5000   -7.5000   30.0000 2839.1274   14.5431
    0.0000   -7.5000   30.0000 2854.5645   14.1895
    7.5000   -7.5000   30.0000 2840.3574   14.3920
   -7.5000    0.0000   30.0000 2843.7803   14.5981
    0.0000    0.0000   30.0000 2858.0608   14.2275
    7.5000    0.0000   30.0000 2847.2393   14.4290
   -7.5000    7.5000   30.0000 2823.7832   14.8379
    0.0000    7.5000   30.0000 2850.3206   14.5374
    7.5000    7.5000   30.0000 2839.5293   14.7639
   -7.5000   15.0000   30.0000 2775.7839   15.4315
    0.0000   15.0000   30.0000 2809.9194   15.1837
    7.5000   15.0000   30.0000 2800.1011   15.4105
   -7.5000   22.5000   30.0000 2712.5415   16.3348
    0.0000   22.5000   30.0000 2742.3479   16.0798
    7.5000   22.5000   30.0000 2733.9324   16.3307
   -7.5000   30.0000   30.0000 2613.4978   17.5883
    0.0000   30.0000   30.0000 2646.3137   17.3613
    7.5000   30.0000   30.0000 2635.7937   17.5985
   -7.5000   37.5000   30.0000 2501.6365   19.1505
    0.0000   37.5000   30.0000 2532.3728   18.9463
    7.5000   37.5000   30.0000 2521.7871   19.1729
   -7.5000   45.0000   30.0000 2369.3171   20.9935
    0.0000   45.0000   30.0000 2388.4827   20.8118
    7.5000   45.0000   30.0000 2386.1367   20.9948
   -7.5000  -45.0000   37.5000 2515.5710   17.8556
    0.0000  -45.0000   37.5000 2523.6335   17.5386
    7.5000  -45.0000   37.5000 2520.0708   17.9944
   -7.5000  -37.5000   37.5000 2586.9685   16.6824
    0.0000  -37.5000   37.5000 2599.6663   16.4065
    7.5000  -37.5000   37.5000 2598.9939   16.7498
   -7.5000  -30.0000   37.5000 2642.6763   15.8725
    0.0000  -30.0000   37.5000 2654.3774   15.5948
    7.5000  -30.0000   37.5000 2657.0105   15.8661
   -7.5000  -22.5000   37.5000 2696.3323   15.4216
    0.0000  -22.5000   37.5000 2703.2371   15.1485
    7.5000  -22.5000   37.5000 2708.4336   15.3770
   -7.5000  -15.0000   37.5000 2732.4382   15.2479
    0.0000  -15.0000   37.5000 2750.9189   14.9680
    7.5000  -15.0000   37.5000 2749.2410   15.1541
   -7.5000   -7.5000   37.5000 2757.3035   15.2590
    0.0000   -7.5000   37.5000 2781.2488   14.9067
    7.5000   -7.5000   37.5000 2775.1895   15.1195
   -7.5000    0.0000   37.5000 2759.6941   15.3949
    0.0000    0.0000   37.5000 2784.8750   15.0713
    7.5000    0.0000   37.5000 2781.0381   15.2841
   -7.5000    7.5000   37.5000 2738.3677   15.7818
    0.0000    7.5000   37.5000 2766.7812   15.4913
    7.5000    7.5000   37.5000 2761.3889   15.7088
   -7.5000   15.0000   37.5000 2700.1472   16.4057
    0.0000   15.0000   37.5000 2728.3140   16.1396
    7.5000   15.0000   37.5000 2720.7700   16.3334
   -7.5000   22.5000   37.5000 2635.1741   17.2984
    0.0000   22.5000   37.5000 2663.7332   17.0311
    7.5000   22.5000   37.5000 2657.2786   17.2290
   -7.5000   30.0000   37.5000 2544.2568   18.4672
    0.0000   30.0000   37.5000 2572.8835   18.2107
    7.5000   30.0000   37.5000 2570.8225   18.3805
   -7.5000   37.5000   37.5000 2438.7168   20.0072
    0.0000   37.5000   37.5000 2465.9749   19.7679
    7.5000   37.5000   37.5000 2460.8450   19.9231
   -7.5000   45.0000   37.5000 2309.1223   21.8667
    0.0000   45.0000   37.5000 2327.9800   21.6847
    7.5000   45.0000   37.5000 2323.8533   21.8005
   -7.5000  -45.0000   45.0000 2453.4136   18.9250
    0.0000  -45.0000   45.0000 2469.1687   18.5647
    7.5000  -45.0000   45.0000 2460.2307   18.9382
   -7.5000  -37.5000   45.0000 2526.0542   17.6935
    0.0000  -37.5000   45.0000 2547.3943   17.3462
    7.5000  -37.5000   45.0000 2542.2588   17.6505
   -7.5000  -30.0000   45.0000 2578.5640   16.8526
    0.0000  -30.0000   45.0000 2595.8789   16.5385
    7.5000  -30.0000   45.0000 2599.7029   16.7741
   -7.5000  -22.5000   45.0000 2628.1982   16.3757
    0.0000  -22.5000   45.0000 2644.7639   16.0673
    7.5000  -22.5000   45.0000 2648.2190   16.2784
   -7.5000  -15.0000   45.0000 2655.8877   16.1500
    0.0000  -15.0000   45.0000 2681.4539   15.8583
    7.5000  -15.0000   45.0000 2681.5754   16.0606
   -7.5000   -7.5000   45.0000 2671.1050   16.1150
    0.0000   -7.5000   45.0000 2697.3684   15.8053
    7.5000   -7.5000   45.0000 2697.5837   16.0249
   -7.5000    0.0000   45.0000 2670.0061   16.3395
    0.0000    0.0000   45.0000 2694.3547   16.0751
    7.5000    0.0000   45.0000 2697.5867   16.2903
   -7.5000    7.5000   45.0000 2646.9453   16.8672
    0.0000    7.5000   45.0000 2678.0671   16.6357
    7.5000    7.5000   45.0000 2675.3679   16.7965
   -7.5000   15.0000   45.0000 2610.4121   17.5865
    0.0000   15.0000   45.0000 2641.3254   17.3441
    7.5000   15.0000   45.0000 2635.3127   17.4900
   -7.5000   22.5000   45.0000 2555.6494   18.4412
    0.0000   22.5000   45.0000 2583.8884   18.1745
    7.5000   22.5000   45.0000 2579.2051   18.3395
   -7.5000   30.0000   45.0000 2470.4922   19.6063
    0.0000   30.0000   45.0000 2497.4451   19.3299
    7.5000   30.0000   45.0000 2497.8005   19.4924
   -7.5000   37.5000   45.0000 2369.4673   21.0949
    0.0000   37.5000   45.0000 2390.7981   20.8118
    7.5000   37.5000   45.0000 2391.4045   20.9733
   -7.5000   45.0000   45.0000 2243.6980   22.9933
    0.0000   45.0000   45.0000 2257.7241   22.7203
    7.5000   45.0000   45.0000 2253.7458   22.8997

---------------------------------------------------------------------
imgreg_4dfp /usr/local/freesurfer/average/711-2C_as_mni_average_305 /usr/local/freesurfer/average/711-2B_as_mni_average_305_mask talsrcimg_g11 none talsrcimg_to_711-2C_as_mni_average_305_t4 1283
---------------------------------------------------------------------

freesurfer imgreg_4dfp.c
/usr/local/freesurfer/average/711-2C_as_mni_average_305.4dfp.img
       256       256       256         1
  1.000000  1.000000  1.000000
orientation T byte_order littleendian
Reading image: /usr/local/freesurfer/average/711-2C_as_mni_average_305.4dfp.img
dimensions:      256       256       256
mmppix:       1.0000   -1.0000   -1.0000
center:     128.0000 -129.0000 -129.0000
/usr/local/freesurfer/average/711-2B_as_mni_average_305_mask.4dfp.img
       256       256       256         1
  1.000000  1.000000  1.000000
orientation T byte_order littleendian
Reading mask: /usr/local/freesurfer/average/711-2B_as_mni_average_305_mask.4dfp.img (2306576 pixels)
talsrcimg_g11.4dfp.img
       256       256       256         1
  1.000000  1.000000  1.000000
orientation T byte_order littleendian
Reading image: talsrcimg_g11.4dfp.img
dimensions:      256       256       256
mmppix:       1.0000   -1.0000   -1.0000
center:     128.0000 -129.0000 -129.0000
rotation matrix determinant  1.000000
fimgreg.f
image alignment mode   1283 decimal      503 hex
parameters
    0.0000    0.0000    7.5000    0.0000    0.0000    0.0000
eta,q 0.92677 13.04106
niter,ni,del,rscale     5    3   12.0000    1.2000
parameter  4  1.044426 ->  0.500000 qaram    1.1500
parameter  5  1.681056 ->  0.500000 qaram    1.1500
parameter  6  2.090966 ->  0.500000 qaram    1.1500
parameters
   -0.0844   -0.0644    6.9097   -3.4500   -3.4500   -3.4500
eta,q 0.93226 12.86333
  0.0785  0.0816  0.0779  0.0729  0.0685  0.0669
  0.0763  0.0782  0.0756  0.0730  0.0701  0.0674
  0.0754  0.0759  0.0751  0.0744  0.0721  0.0687
  0.0758  0.0756  0.0755  0.0755  0.0733  0.0709
  0.0776  0.0775  0.0761  0.0772  0.0750  0.0730
  0.0779  0.0801  0.0770  0.0806  0.0785  0.0751
  0.0769  0.0802  0.0785  0.0832  0.0821  0.0772
niter,ni,del,rscale     7    3   12.0000    1.2000
parameter  4  5.408581 ->  0.500000 qaram    1.3225
parameter  5  2.314646 ->  0.500000 qaram    1.3225
parameters
    0.6814    1.0901    8.6120   -7.4175   -7.4175   -6.8746
eta,q 0.94436 13.21254
  0.0787  0.0769  0.0742  0.0608  0.0563  0.0577
  0.0723  0.0718  0.0701  0.0626  0.0565  0.0561
  0.0671  0.0691  0.0685  0.0641  0.0592  0.0555
  0.0677  0.0688  0.0687  0.0678  0.0629  0.0571
  0.0700  0.0687  0.0677  0.0696  0.0680  0.0603
  0.0711  0.0700  0.0684  0.0716  0.0715  0.0642
  0.0723  0.0714  0.0692  0.0749  0.0743  0.0675
niter,ni,del,rscale     7    3   12.0000    1.2000
parameter  4  0.898154 ->  0.500000 qaram    1.5209
parameters
    0.9512    1.3729    9.0762  -11.9801   -8.2456   -7.2956
eta,q 0.94661 13.16643
  0.0665  0.0625  0.0667  0.0530  0.0611  0.0590
  0.0612  0.0598  0.0612  0.0531  0.0564  0.0564
  0.0575  0.0577  0.0570  0.0544  0.0535  0.0547
  0.0556  0.0556  0.0554  0.0556  0.0534  0.0532
  0.0570  0.0553  0.0574  0.0596  0.0556  0.0536
  0.0599  0.0580  0.0603  0.0650  0.0586  0.0572
  0.0648  0.0625  0.0629  0.0680  0.0653  0.0615
niter,ni,del,rscale     7    3   12.0000    1.2000
parameters
    1.1512    2.8740    8.0474  -14.7139   -8.2041   -7.2021
eta,q 0.95016 13.17230
  0.0625  0.0610  0.0591  0.0549  0.0637  0.0569
  0.0576  0.0571  0.0550  0.0507  0.0564  0.0538
  0.0549  0.0543  0.0526  0.0496  0.0513  0.0515
  0.0534  0.0534  0.0527  0.0524  0.0498  0.0499
  0.0548  0.0525  0.0549  0.0537  0.0532  0.0505
  0.0575  0.0524  0.0598  0.0576  0.0570  0.0534
  0.0609  0.0561  0.0653  0.0653  0.0623  0.0570
niter,ni,del,rscale     6    3   12.0000    1.2000
parameters
    1.2221    3.4994    7.3213  -15.4609   -8.2541   -7.3351
eta,q 0.95131 13.14934
  0.0609  0.0594  0.0579  0.0575  0.0625  0.0556
  0.0554  0.0557  0.0526  0.0528  0.0554  0.0524
  0.0521  0.0519  0.0497  0.0487  0.0503  0.0500
  0.0498  0.0498  0.0494  0.0493  0.0487  0.0487
  0.0518  0.0491  0.0519  0.0524  0.0521  0.0498
  0.0555  0.0518  0.0569  0.0547  0.0563  0.0527
  0.0602  0.0573  0.0621  0.0597  0.0619  0.0562
niter,ni,del,rscale     5    3   12.0000    1.2000
parameters
    1.3597    3.5770    7.0933  -15.6581   -8.3559   -7.3672
eta,q 0.95157 13.13889
  0.0614  0.0588  0.0595  0.0586  0.0624  0.0556
  0.0553  0.0541  0.0535  0.0538  0.0552  0.0523
  0.0510  0.0502  0.0496  0.0490  0.0499  0.0499
  0.0487  0.0487  0.0487  0.0487  0.0485  0.0484
  0.0512  0.0491  0.0507  0.0517  0.0521  0.0495
  0.0551  0.0532  0.0554  0.0544  0.0565  0.0523
  0.0599  0.0590  0.0606  0.0586  0.0619  0.0559
niter,ni,del,rscale     4    3   12.0000    1.2000
parameters
    1.4089    3.5806    7.0099  -15.7175   -8.4081   -7.3729
eta,q 0.95164 13.13394
  0.0612  0.0588  0.0601  0.0589  0.0626  0.0556
  0.0551  0.0538  0.0540  0.0540  0.0554  0.0523
  0.0507  0.0498  0.0496  0.0491  0.0499  0.0498
  0.0484  0.0484  0.0484  0.0484  0.0484  0.0484
  0.0512  0.0491  0.0502  0.0514  0.0520  0.0494
  0.0552  0.0534  0.0549  0.0544  0.0564  0.0523
  0.0603  0.0593  0.0603  0.0583  0.0618  0.0558
niter,ni,del,rscale     3    3   12.0000    1.2000
parameters
    1.4276    3.5743    6.9759  -15.7358   -8.4319   -7.3711
eta,q 0.95166 13.13190
  0.0612  0.0588  0.0603  0.0590  0.0627  0.0556
  0.0550  0.0538  0.0541  0.0541  0.0555  0.0523
  0.0506  0.0497  0.0496  0.0491  0.0499  0.0498
  0.0484  0.0484  0.0484  0.0484  0.0484  0.0483
  0.0512  0.0491  0.0501  0.0513  0.0520  0.0494
  0.0553  0.0534  0.0547  0.0543  0.0564  0.0522
  0.0605  0.0593  0.0602  0.0582  0.0617  0.0558
registration optimization eta report
parameter search radius
    6.0000    6.0000    6.0000    9.1253    7.9350    6.9000
100000*second partial in parameter space
       33.       30.       33.       12.       21.       15.
  0.0612  0.0588  0.0603  0.0590  0.0627  0.0556
  0.0550  0.0538  0.0541  0.0541  0.0555  0.0523
  0.0506  0.0497  0.0496  0.0491  0.0499  0.0498
  0.0484  0.0484  0.0484  0.0484  0.0484  0.0483
  0.0512  0.0491  0.0501  0.0513  0.0520  0.0494
  0.0553  0.0534  0.0547  0.0543  0.0564  0.0522
  0.0605  0.0593  0.0602  0.0582  0.0617  0.0558
    1.4276    3.5743    6.9759  -15.7358   -8.4319   -7.3711
eta,q 0.95166 13.13190

---------------------------------------------------------------------
imgreg_4dfp /usr/local/freesurfer/average/711-2C_as_mni_average_305 /usr/local/freesurfer/average/711-2B_as_mni_average_305_mask talsrcimg_g11 none talsrcimg_to_711-2C_as_mni_average_305_t4 3335
---------------------------------------------------------------------

freesurfer imgreg_4dfp.c
/usr/local/freesurfer/average/711-2C_as_mni_average_305.4dfp.img
       256       256       256         1
  1.000000  1.000000  1.000000
orientation T byte_order littleendian
Reading image: /usr/local/freesurfer/average/711-2C_as_mni_average_305.4dfp.img
dimensions:      256       256       256
mmppix:       1.0000   -1.0000   -1.0000
center:     128.0000 -129.0000 -129.0000
/usr/local/freesurfer/average/711-2B_as_mni_average_305_mask.4dfp.img
       256       256       256         1
  1.000000  1.000000  1.000000
orientation T byte_order littleendian
Reading mask: /usr/local/freesurfer/average/711-2B_as_mni_average_305_mask.4dfp.img (2306576 pixels)
talsrcimg_g11.4dfp.img
       256       256       256         1
  1.000000  1.000000  1.000000
orientation T byte_order littleendian
Reading image: talsrcimg_g11.4dfp.img
dimensions:      256       256       256
mmppix:       1.0000   -1.0000   -1.0000
center:     128.0000 -129.0000 -129.0000
fimgreg.f
image alignment mode   3335 decimal      D07 hex
parameters
    1.4276    3.5743    6.9759   -1.8984   -4.0330   -4.7881
    8.4049   17.4766  -12.6909   25.0852  -14.6634  -26.8270
eta,q 0.95202 12.97741
niter,ni,del,rscale     5    3    5.0000    1.2000
parameter  4  4.762663 ->  0.500000 qaram    1.1500
parameter  5  1.806490 ->  0.500000 qaram    1.1500
parameter  9 -0.974878 -> -0.500000 qaram    1.1500
parameter 10 -0.542964 -> -0.500000 qaram    1.1500
parameter 11 -0.518519 -> -0.500000 qaram    1.1500
parameter 12 -9.975039 -> -0.500000 qaram    1.1500
parameters
    1.4654    4.0294    7.6259   -6.0384   -8.1730   -7.1766
    8.4559   17.7693   -8.5509   29.2252  -10.5234  -22.6870
eta,q 0.96347 13.02760
  0.0503  0.0500  0.0516  0.0374  0.0383  0.0409  0.0417  0.0450  0.0437  0.0429  0.0405  0.0395
  0.0491  0.0490  0.0499  0.0403  0.0391  0.0403  0.0407  0.0425  0.0423  0.0413  0.0393  0.0388
  0.0483  0.0483  0.0487  0.0441  0.0400  0.0398  0.0401  0.0407  0.0409  0.0398  0.0384  0.0382
  0.0480  0.0480  0.0479  0.0478  0.0413  0.0393  0.0398  0.0398  0.0398  0.0387  0.0379  0.0376
  0.0481  0.0480  0.0478  0.0517  0.0429  0.0408  0.0400  0.0400  0.0390  0.0380  0.0376  0.0370
  0.0489  0.0483  0.0482  0.0563  0.0447  0.0444  0.0406  0.0416  0.0386  0.0380  0.0376  0.0364
  0.0503  0.0489  0.0491  0.0605  0.0466  0.0493  0.0417  0.0446  0.0386  0.0386  0.0378  0.0358
niter,ni,del,rscale     7    3    5.0000    1.2000
parameter  2  0.988253 ->  0.500000 qaram    1.1500
parameter  4  1.705920 ->  0.500000 qaram    1.3225
parameter  5  3.702787 ->  0.500000 qaram    1.3225
parameters
    1.4218    2.6494    8.6919  -10.7994  -12.9340   -8.1079
    7.2507   17.7922   -9.0589   29.9294  -11.3568  -19.3953
eta,q 0.97715 13.10385
  0.0398  0.0352  0.0388  0.0270  0.0218  0.0261  0.0264  0.0289  0.0269  0.0301  0.0248  0.0289
  0.0380  0.0352  0.0372  0.0286  0.0229  0.0249  0.0245  0.0263  0.0249  0.0269  0.0239  0.0265
  0.0369  0.0357  0.0360  0.0312  0.0255  0.0240  0.0236  0.0244  0.0237  0.0245  0.0234  0.0246
  0.0365  0.0365  0.0353  0.0350  0.0292  0.0235  0.0236  0.0235  0.0235  0.0234  0.0234  0.0234
  0.0370  0.0377  0.0350  0.0399  0.0331  0.0237  0.0247  0.0237  0.0242  0.0238  0.0237  0.0229
  0.0382  0.0391  0.0351  0.0449  0.0362  0.0256  0.0265  0.0257  0.0257  0.0255  0.0244  0.0231
  0.0400  0.0407  0.0355  0.0501  0.0390  0.0292  0.0289  0.0294  0.0278  0.0282  0.0254  0.0240
niter,ni,del,rscale     7    3    5.0000    1.2000
parameters
    1.0268    2.4100    8.5243  -14.9344  -15.1438   -6.6867
    7.7518   17.8430   -9.7809   28.0360  -13.5763  -20.2416
eta,q 0.97974 13.00510
  0.0258  0.0263  0.0242  0.0237  0.0255  0.0253  0.0251  0.0259  0.0238  0.0240  0.0212  0.0227
  0.0238  0.0242  0.0233  0.0222  0.0232  0.0238  0.0231  0.0234  0.0220  0.0218  0.0206  0.0211
  0.0228  0.0229  0.0228  0.0216  0.0216  0.0225  0.0216  0.0217  0.0210  0.0206  0.0203  0.0204
  0.0229  0.0227  0.0227  0.0226  0.0216  0.0214  0.0209  0.0209  0.0209  0.0208  0.0205  0.0203
  0.0239  0.0235  0.0230  0.0256  0.0237  0.0208  0.0211  0.0213  0.0215  0.0225  0.0210  0.0210
  0.0258  0.0252  0.0237  0.0304  0.0275  0.0214  0.0223  0.0230  0.0229  0.0253  0.0217  0.0222
  0.0284  0.0278  0.0247  0.0360  0.0319  0.0237  0.0242  0.0261  0.0249  0.0286  0.0227  0.0235
niter,ni,del,rscale     6    3    5.0000    1.2000
parameters
    1.1329    2.5780    8.7154  -15.5286  -16.0299   -6.2621
    7.6862   18.2240  -10.0470   28.0638  -13.8797  -20.7738
eta,q 0.97984 12.98201
  0.0247  0.0251  0.0224  0.0252  0.0261  0.0240  0.0240  0.0254  0.0236  0.0257  0.0217  0.0227
  0.0224  0.0227  0.0213  0.0229  0.0235  0.0226  0.0221  0.0229  0.0217  0.0230  0.0208  0.0211
  0.0209  0.0210  0.0205  0.0212  0.0213  0.0214  0.0207  0.0211  0.0205  0.0211  0.0203  0.0203
  0.0203  0.0203  0.0202  0.0202  0.0203  0.0204  0.0203  0.0203  0.0202  0.0202  0.0202  0.0202
  0.0206  0.0205  0.0204  0.0207  0.0215  0.0200  0.0207  0.0205  0.0207  0.0208  0.0205  0.0208
  0.0219  0.0219  0.0209  0.0232  0.0249  0.0211  0.0221  0.0220  0.0220  0.0228  0.0210  0.0219
  0.0241  0.0242  0.0218  0.0275  0.0293  0.0241  0.0242  0.0246  0.0241  0.0258  0.0218  0.0232
niter,ni,del,rscale     5    3    5.0000    1.2000
parameters
    1.2182    2.6978    8.7182  -15.4416  -16.4728   -6.1374
    7.6892   18.3039  -10.1424   28.2349  -13.8665  -21.0162
eta,q 0.97988 12.98041
  0.0245  0.0248  0.0221  0.0256  0.0264  0.0238  0.0240  0.0249  0.0237  0.0258  0.0217  0.0229
  0.0222  0.0225  0.0210  0.0232  0.0238  0.0224  0.0220  0.0225  0.0217  0.0231  0.0209  0.0212
  0.0207  0.0209  0.0203  0.0213  0.0215  0.0212  0.0207  0.0209  0.0205  0.0211  0.0203  0.0203
  0.0202  0.0202  0.0201  0.0201  0.0201  0.0202  0.0202  0.0202  0.0202  0.0202  0.0201  0.0201
  0.0205  0.0205  0.0204  0.0202  0.0209  0.0200  0.0206  0.0206  0.0206  0.0206  0.0204  0.0207
  0.0218  0.0218  0.0210  0.0223  0.0241  0.0213  0.0219  0.0222  0.0219  0.0226  0.0209  0.0217
  0.0239  0.0242  0.0220  0.0263  0.0285  0.0245  0.0241  0.0250  0.0238  0.0256  0.0217  0.0229
niter,ni,del,rscale     4    3    5.0000    1.2000
parameters
    1.2337    2.7476    8.6974  -15.3458  -16.6494   -6.1133
    7.6864   18.3129  -10.1562   28.3349  -13.8390  -21.1229
eta,q 0.97988 12.98143
  0.0242  0.0245  0.0221  0.0256  0.0267  0.0238  0.0240  0.0249  0.0237  0.0257  0.0217  0.0230
  0.0220  0.0222  0.0210  0.0232  0.0240  0.0224  0.0220  0.0224  0.0217  0.0230  0.0208  0.0212
  0.0206  0.0207  0.0203  0.0213  0.0216  0.0212  0.0206  0.0208  0.0205  0.0210  0.0203  0.0203
  0.0201  0.0201  0.0201  0.0201  0.0201  0.0201  0.0201  0.0201  0.0201  0.0201  0.0201  0.0201
  0.0206  0.0205  0.0204  0.0202  0.0207  0.0200  0.0206  0.0206  0.0205  0.0206  0.0204  0.0206
  0.0219  0.0219  0.0211  0.0222  0.0236  0.0214  0.0219  0.0222  0.0218  0.0227  0.0209  0.0216
  0.0241  0.0243  0.0221  0.0262  0.0280  0.0247  0.0240  0.0251  0.0237  0.0256  0.0216  0.0228
niter,ni,del,rscale     3    3    5.0000    1.2000
parameters
    1.2342    2.7649    8.6826  -15.2999  -16.7072   -6.1154
    7.6758   18.3128  -10.1511   28.3850  -13.8231  -21.1735
eta,q 0.97989 12.98240
  0.0241  0.0244  0.0221  0.0255  0.0268  0.0237  0.0239  0.0248  0.0238  0.0256  0.0217  0.0230
  0.0220  0.0222  0.0210  0.0232  0.0241  0.0223  0.0220  0.0224  0.0217  0.0230  0.0208  0.0213
  0.0206  0.0207  0.0203  0.0213  0.0217  0.0212  0.0206  0.0208  0.0205  0.0210  0.0203  0.0203
  0.0201  0.0201  0.0201  0.0201  0.0201  0.0201  0.0201  0.0201  0.0201  0.0201  0.0201  0.0201
  0.0206  0.0205  0.0204  0.0202  0.0206  0.0200  0.0206  0.0206  0.0205  0.0207  0.0204  0.0206
  0.0219  0.0220  0.0210  0.0223  0.0235  0.0214  0.0219  0.0222  0.0218  0.0227  0.0209  0.0216
  0.0242  0.0244  0.0221  0.0263  0.0278  0.0248  0.0240  0.0251  0.0237  0.0257  0.0216  0.0228
registration optimization eta report
parameter search radius
    2.4000    2.7600    2.4000    9.5220    9.5220    7.2000
    7.2000    7.2000    8.2800    8.2800    8.2800    8.2800
100000*second partial in parameter space
       70.       56.       34.        6.        8.        8.
        7.        9.        5.        8.        2.        4.
  0.0241  0.0244  0.0221  0.0255  0.0268  0.0237  0.0239  0.0248  0.0238  0.0256  0.0217  0.0230
  0.0220  0.0222  0.0210  0.0232  0.0241  0.0223  0.0220  0.0224  0.0217  0.0230  0.0208  0.0213
  0.0206  0.0207  0.0203  0.0213  0.0217  0.0212  0.0206  0.0208  0.0205  0.0210  0.0203  0.0203
  0.0201  0.0201  0.0201  0.0201  0.0201  0.0201  0.0201  0.0201  0.0201  0.0201  0.0201  0.0201
  0.0206  0.0205  0.0204  0.0202  0.0206  0.0200  0.0206  0.0206  0.0205  0.0207  0.0204  0.0206
  0.0219  0.0220  0.0210  0.0223  0.0235  0.0214  0.0219  0.0222  0.0218  0.0227  0.0209  0.0216
  0.0242  0.0244  0.0221  0.0263  0.0278  0.0248  0.0240  0.0251  0.0237  0.0257  0.0216  0.0228
    1.2342    2.7649    8.6826  -15.2999  -16.7072   -6.1154
    7.6758   18.3128  -10.1511   28.3850  -13.8231  -21.1735
eta,q 0.97989 12.98240

---------------------------------------------------------------------
imgreg_4dfp /usr/local/freesurfer/average/711-2C_as_mni_average_305 /usr/local/freesurfer/average/711-2B_as_mni_average_305_mask talsrcimg_g11 none talsrcimg_to_711-2C_as_mni_average_305_t4 2311
---------------------------------------------------------------------

freesurfer imgreg_4dfp.c
/usr/local/freesurfer/average/711-2C_as_mni_average_305.4dfp.img
       256       256       256         1
  1.000000  1.000000  1.000000
orientation T byte_order littleendian
Reading image: /usr/local/freesurfer/average/711-2C_as_mni_average_305.4dfp.img
dimensions:      256       256       256
mmppix:       1.0000   -1.0000   -1.0000
center:     128.0000 -129.0000 -129.0000
/usr/local/freesurfer/average/711-2B_as_mni_average_305_mask.4dfp.img
       256       256       256         1
  1.000000  1.000000  1.000000
orientation T byte_order littleendian
Reading mask: /usr/local/freesurfer/average/711-2B_as_mni_average_305_mask.4dfp.img (2306576 pixels)
talsrcimg_g11.4dfp.img
       256       256       256         1
  1.000000  1.000000  1.000000
orientation T byte_order littleendian
Reading image: talsrcimg_g11.4dfp.img
dimensions:      256       256       256
mmppix:       1.0000   -1.0000   -1.0000
center:     128.0000 -129.0000 -129.0000
fimgreg.f
image alignment mode   2311 decimal      907 hex
parameters
    1.2342    2.7649    8.6826  -15.2999  -16.7072   -6.1154
    7.6758   18.3128  -10.1511   28.3850  -13.8231  -21.1735
eta,q 0.97989 12.98239
niter,ni,del,rscale     5    3    5.0000    0.8000
parameters
    1.2420    2.8142    8.6529  -14.2621  -16.2247   -5.5191
    7.5279   18.4255  -10.1085   28.6343  -13.4747  -21.3346
eta,q 0.98028 13.03835
  0.0220  0.0217  0.0210  0.0222  0.0226  0.0221  0.0217  0.0223  0.0212  0.0224  0.0205  0.0208
  0.0209  0.0209  0.0205  0.0213  0.0215  0.0213  0.0206  0.0210  0.0204  0.0211  0.0201  0.0202
  0.0203  0.0203  0.0202  0.0206  0.0205  0.0205  0.0199  0.0201  0.0199  0.0201  0.0198  0.0198
  0.0201  0.0201  0.0201  0.0201  0.0200  0.0199  0.0197  0.0197  0.0197  0.0197  0.0197  0.0197
  0.0203  0.0202  0.0202  0.0199  0.0200  0.0197  0.0200  0.0199  0.0199  0.0199  0.0198  0.0199
  0.0209  0.0207  0.0205  0.0203  0.0206  0.0203  0.0208  0.0207  0.0203  0.0207  0.0200  0.0203
  0.0219  0.0215  0.0210  0.0211  0.0219  0.0215  0.0219  0.0222  0.0211  0.0219  0.0203  0.0209
niter,ni,del,rscale     4    3    5.0000    0.7000
parameters
    1.2151    2.7464    8.7811  -14.3176  -16.2349   -5.2986
    7.5916   18.4236  -10.0955   28.6292  -13.4510  -21.4382
eta,q 0.98032 13.04227
  0.0212  0.0208  0.0206  0.0210  0.0216  0.0215  0.0213  0.0216  0.0208  0.0216  0.0202  0.0205
  0.0204  0.0202  0.0202  0.0204  0.0207  0.0208  0.0204  0.0206  0.0202  0.0206  0.0199  0.0200
  0.0199  0.0198  0.0198  0.0199  0.0200  0.0202  0.0199  0.0200  0.0198  0.0199  0.0197  0.0198
  0.0197  0.0197  0.0197  0.0197  0.0197  0.0197  0.0197  0.0197  0.0197  0.0197  0.0197  0.0197
  0.0199  0.0199  0.0198  0.0198  0.0199  0.0198  0.0198  0.0199  0.0198  0.0199  0.0197  0.0198
  0.0204  0.0203  0.0200  0.0203  0.0206  0.0203  0.0204  0.0205  0.0202  0.0205  0.0199  0.0201
  0.0213  0.0211  0.0204  0.0212  0.0217  0.0214  0.0212  0.0217  0.0207  0.0216  0.0202  0.0206
niter,ni,del,rscale     3    3    5.0000    0.6000
parameters
    1.2279    2.7564    8.8386  -14.2739  -16.2582   -5.1138
    7.5694   18.4569  -10.0953   28.6452  -13.4293  -21.4827
eta,q 0.98034 13.04672
  0.0209  0.0206  0.0203  0.0207  0.0211  0.0211  0.0208  0.0212  0.0205  0.0211  0.0200  0.0203
  0.0202  0.0201  0.0200  0.0202  0.0204  0.0205  0.0202  0.0204  0.0200  0.0203  0.0198  0.0199
  0.0198  0.0198  0.0198  0.0199  0.0199  0.0200  0.0198  0.0199  0.0197  0.0198  0.0197  0.0197
  0.0197  0.0197  0.0197  0.0197  0.0197  0.0197  0.0197  0.0197  0.0197  0.0197  0.0197  0.0197
  0.0198  0.0198  0.0197  0.0197  0.0198  0.0197  0.0198  0.0198  0.0197  0.0198  0.0197  0.0197
  0.0202  0.0201  0.0199  0.0201  0.0203  0.0202  0.0202  0.0203  0.0200  0.0203  0.0198  0.0200
  0.0208  0.0206  0.0202  0.0208  0.0212  0.0210  0.0209  0.0212  0.0204  0.0211  0.0200  0.0203
niter,ni,del,rscale     2    3    5.0000    0.5000
parameters
    1.2386    2.7664    8.8905  -14.2170  -16.2675   -4.9727
    7.5571   18.4903  -10.0930   28.6371  -13.4170  -21.4720
eta,q 0.98036 13.05056
  0.0205  0.0203  0.0201  0.0204  0.0207  0.0207  0.0205  0.0207  0.0202  0.0207  0.0199  0.0201
  0.0200  0.0200  0.0199  0.0201  0.0202  0.0203  0.0200  0.0202  0.0199  0.0201  0.0198  0.0198
  0.0198  0.0197  0.0197  0.0198  0.0198  0.0199  0.0197  0.0198  0.0197  0.0198  0.0197  0.0197
  0.0197  0.0197  0.0197  0.0197  0.0197  0.0197  0.0196  0.0196  0.0196  0.0196  0.0196  0.0196
  0.0197  0.0197  0.0197  0.0197  0.0197  0.0197  0.0197  0.0197  0.0197  0.0198  0.0197  0.0197
  0.0200  0.0199  0.0198  0.0200  0.0201  0.0201  0.0200  0.0201  0.0199  0.0201  0.0198  0.0198
  0.0204  0.0203  0.0200  0.0204  0.0207  0.0206  0.0205  0.0207  0.0202  0.0207  0.0199  0.0201
niter,ni,del,rscale     1    3    5.0000    0.4000
parameters
    1.2484    2.7758    8.9304  -14.1556  -16.2656   -4.8806
    7.5596   18.5209  -10.0951   28.6289  -13.4106  -21.4467
eta,q 0.98036 13.05380
  0.0202  0.0201  0.0199  0.0202  0.0203  0.0204  0.0202  0.0203  0.0200  0.0203  0.0198  0.0199
  0.0199  0.0198  0.0198  0.0199  0.0200  0.0201  0.0199  0.0200  0.0198  0.0199  0.0197  0.0198
  0.0197  0.0197  0.0197  0.0197  0.0197  0.0198  0.0197  0.0197  0.0197  0.0197  0.0197  0.0197
  0.0196  0.0196  0.0196  0.0196  0.0196  0.0196  0.0196  0.0196  0.0196  0.0196  0.0196  0.0196
  0.0197  0.0197  0.0197  0.0197  0.0197  0.0197  0.0197  0.0197  0.0197  0.0197  0.0197  0.0197
  0.0199  0.0198  0.0197  0.0198  0.0199  0.0200  0.0199  0.0199  0.0198  0.0199  0.0197  0.0198
  0.0201  0.0201  0.0199  0.0201  0.0204  0.0203  0.0202  0.0203  0.0200  0.0203  0.0198  0.0199
registration optimization eta report
parameter search radius
    0.8000    0.8000    0.8000    2.4000    2.4000    2.4000
    2.4000    2.4000    2.4000    2.4000    2.4000    2.4000
100000*second partial in parameter space
       81.       65.       43.        9.       12.       12.
       10.       12.        6.       12.        3.        5.
  0.0202  0.0201  0.0199  0.0202  0.0203  0.0204  0.0202  0.0203  0.0200  0.0203  0.0198  0.0199
  0.0199  0.0198  0.0198  0.0199  0.0200  0.0201  0.0199  0.0200  0.0198  0.0199  0.0197  0.0198
  0.0197  0.0197  0.0197  0.0197  0.0197  0.0198  0.0197  0.0197  0.0197  0.0197  0.0197  0.0197
  0.0196  0.0196  0.0196  0.0196  0.0196  0.0196  0.0196  0.0196  0.0196  0.0196  0.0196  0.0196
  0.0197  0.0197  0.0197  0.0197  0.0197  0.0197  0.0197  0.0197  0.0197  0.0197  0.0197  0.0197
  0.0199  0.0198  0.0197  0.0198  0.0199  0.0200  0.0199  0.0199  0.0198  0.0199  0.0197  0.0198
  0.0201  0.0201  0.0199  0.0201  0.0204  0.0203  0.0202  0.0203  0.0200  0.0203  0.0198  0.0199
    1.2484    2.7758    8.9304  -14.1556  -16.2656   -4.8806
    7.5596   18.5209  -10.0951   28.6289  -13.4106  -21.4467
eta,q 0.98036 13.05380

---------------------------------------------------------------------
imgreg_4dfp /usr/local/freesurfer/average/711-2C_as_mni_average_305 /usr/local/freesurfer/average/711-2B_as_mni_average_305_mask talsrcimg_g11 none talsrcimg_to_711-2C_as_mni_average_305_t4 2311
---------------------------------------------------------------------

freesurfer imgreg_4dfp.c
/usr/local/freesurfer/average/711-2C_as_mni_average_305.4dfp.img
       256       256       256         1
  1.000000  1.000000  1.000000
orientation T byte_order littleendian
Reading image: /usr/local/freesurfer/average/711-2C_as_mni_average_305.4dfp.img
dimensions:      256       256       256
mmppix:       1.0000   -1.0000   -1.0000
center:     128.0000 -129.0000 -129.0000
/usr/local/freesurfer/average/711-2B_as_mni_average_305_mask.4dfp.img
       256       256       256         1
  1.000000  1.000000  1.000000
orientation T byte_order littleendian
Reading mask: /usr/local/freesurfer/average/711-2B_as_mni_average_305_mask.4dfp.img (2306576 pixels)
talsrcimg_g11.4dfp.img
       256       256       256         1
  1.000000  1.000000  1.000000
orientation T byte_order littleendian
Reading image: talsrcimg_g11.4dfp.img
dimensions:      256       256       256
mmppix:       1.0000   -1.0000   -1.0000
center:     128.0000 -129.0000 -129.0000
fimgreg.f
image alignment mode   2311 decimal      907 hex
parameters
    1.2484    2.7758    8.9304  -14.1557  -16.2656   -4.8806
    7.5596   18.5209  -10.0951   28.6289  -13.4106  -21.4467
eta,q 0.98036 13.05380
niter,ni,del,rscale     5    3    5.0000    0.8000
parameters
    1.2489    2.7582    8.9415  -14.4739  -16.4682   -5.2551
    7.6360   18.4308  -10.0865   28.6244  -13.4585  -21.5296
eta,q 0.98029 13.03539
  0.0217  0.0212  0.0207  0.0212  0.0218  0.0216  0.0218  0.0221  0.0211  0.0221  0.0204  0.0208
  0.0206  0.0204  0.0201  0.0204  0.0208  0.0208  0.0207  0.0208  0.0203  0.0209  0.0200  0.0202
  0.0199  0.0198  0.0198  0.0199  0.0200  0.0201  0.0200  0.0200  0.0198  0.0200  0.0198  0.0198
  0.0196  0.0196  0.0196  0.0196  0.0197  0.0197  0.0197  0.0197  0.0197  0.0197  0.0197  0.0197
  0.0199  0.0198  0.0197  0.0199  0.0199  0.0200  0.0199  0.0200  0.0199  0.0200  0.0198  0.0199
  0.0206  0.0204  0.0201  0.0206  0.0209  0.0209  0.0206  0.0209  0.0203  0.0208  0.0200  0.0202
  0.0217  0.0213  0.0207  0.0219  0.0225  0.0228  0.0217  0.0224  0.0210  0.0222  0.0204  0.0208
niter,ni,del,rscale     4    3    5.0000    0.7000
parameters
    1.2456    2.7856    8.8365  -14.3255  -16.3816   -5.2197
    7.5607   18.4490  -10.0946   28.6888  -13.4475  -21.5410
eta,q 0.98033 13.04185
  0.0212  0.0210  0.0204  0.0211  0.0216  0.0214  0.0212  0.0216  0.0207  0.0216  0.0202  0.0205
  0.0204  0.0203  0.0200  0.0205  0.0207  0.0207  0.0204  0.0206  0.0201  0.0206  0.0199  0.0201
  0.0199  0.0199  0.0197  0.0200  0.0200  0.0201  0.0198  0.0200  0.0198  0.0199  0.0197  0.0198
  0.0197  0.0197  0.0197  0.0197  0.0197  0.0197  0.0197  0.0197  0.0197  0.0197  0.0197  0.0197
  0.0199  0.0198  0.0198  0.0198  0.0198  0.0198  0.0199  0.0198  0.0198  0.0199  0.0197  0.0198
  0.0204  0.0202  0.0201  0.0202  0.0205  0.0204  0.0204  0.0205  0.0202  0.0205  0.0199  0.0201
  0.0213  0.0209  0.0206  0.0211  0.0216  0.0216  0.0213  0.0217  0.0207  0.0216  0.0202  0.0205
niter,ni,del,rscale     3    3    5.0000    0.6000
parameters
    1.2404    2.7778    8.8471  -14.2500  -16.3236   -5.0942
    7.5507   18.4624  -10.0974   28.6815  -13.4251  -21.5290
eta,q 0.98034 13.04698
  0.0208  0.0206  0.0203  0.0207  0.0211  0.0211  0.0208  0.0211  0.0204  0.0211  0.0200  0.0203
  0.0202  0.0201  0.0200  0.0202  0.0204  0.0205  0.0202  0.0204  0.0200  0.0203  0.0198  0.0199
  0.0198  0.0198  0.0197  0.0199  0.0199  0.0200  0.0198  0.0199  0.0197  0.0198  0.0197  0.0197
  0.0197  0.0197  0.0197  0.0197  0.0197  0.0197  0.0197  0.0197  0.0197  0.0197  0.0197  0.0197
  0.0198  0.0198  0.0197  0.0197  0.0198  0.0198  0.0198  0.0198  0.0198  0.0198  0.0197  0.0197
  0.0202  0.0201  0.0199  0.0201  0.0203  0.0202  0.0202  0.0203  0.0200  0.0203  0.0198  0.0199
  0.0208  0.0206  0.0203  0.0208  0.0211  0.0211  0.0209  0.0212  0.0204  0.0211  0.0200  0.0203
niter,ni,del,rscale     2    3    5.0000    0.5000
parameters
    1.2443    2.7763    8.8883  -14.1949  -16.2986   -4.9678
    7.5480   18.4895  -10.0888   28.6639  -13.3994  -21.4977
eta,q 0.98036 13.05084
  0.0205  0.0203  0.0201  0.0204  0.0207  0.0207  0.0205  0.0207  0.0202  0.0207  0.0199  0.0201
  0.0200  0.0199  0.0199  0.0201  0.0202  0.0203  0.0200  0.0202  0.0199  0.0201  0.0198  0.0199
  0.0197  0.0197  0.0197  0.0198  0.0198  0.0199  0.0197  0.0198  0.0197  0.0198  0.0197  0.0197
  0.0197  0.0197  0.0197  0.0197  0.0197  0.0197  0.0196  0.0196  0.0196  0.0196  0.0196  0.0196
  0.0197  0.0197  0.0197  0.0197  0.0197  0.0197  0.0197  0.0197  0.0197  0.0198  0.0197  0.0197
  0.0200  0.0199  0.0198  0.0200  0.0201  0.0201  0.0200  0.0201  0.0199  0.0201  0.0198  0.0198
  0.0205  0.0203  0.0200  0.0204  0.0207  0.0206  0.0205  0.0207  0.0202  0.0207  0.0199  0.0201
niter,ni,del,rscale     1    3    5.0000    0.4000
parameters
    1.2500    2.7780    8.9273  -14.1485  -16.2757   -4.8766
    7.5555   18.5213  -10.0910   28.6409  -13.3956  -21.4647
eta,q 0.98037 13.05391
  0.0202  0.0201  0.0199  0.0202  0.0203  0.0204  0.0202  0.0203  0.0200  0.0203  0.0198  0.0199
  0.0199  0.0198  0.0198  0.0199  0.0200  0.0201  0.0199  0.0200  0.0198  0.0199  0.0197  0.0198
  0.0197  0.0197  0.0197  0.0197  0.0197  0.0198  0.0197  0.0197  0.0197  0.0197  0.0197  0.0197
  0.0196  0.0196  0.0196  0.0196  0.0196  0.0196  0.0196  0.0196  0.0196  0.0196  0.0196  0.0196
  0.0197  0.0197  0.0197  0.0197  0.0197  0.0197  0.0197  0.0197  0.0197  0.0197  0.0197  0.0197
  0.0199  0.0198  0.0197  0.0198  0.0199  0.0200  0.0199  0.0199  0.0198  0.0199  0.0197  0.0198
  0.0202  0.0201  0.0199  0.0202  0.0203  0.0203  0.0202  0.0203  0.0200  0.0203  0.0198  0.0199
registration optimization eta report
parameter search radius
    0.8000    0.8000    0.8000    2.4000    2.4000    2.4000
    2.4000    2.4000    2.4000    2.4000    2.4000    2.4000
100000*second partial in parameter space
       81.       65.       43.        9.       12.       12.
       10.       12.        6.       12.        3.        5.
  0.0202  0.0201  0.0199  0.0202  0.0203  0.0204  0.0202  0.0203  0.0200  0.0203  0.0198  0.0199
  0.0199  0.0198  0.0198  0.0199  0.0200  0.0201  0.0199  0.0200  0.0198  0.0199  0.0197  0.0198
  0.0197  0.0197  0.0197  0.0197  0.0197  0.0198  0.0197  0.0197  0.0197  0.0197  0.0197  0.0197
  0.0196  0.0196  0.0196  0.0196  0.0196  0.0196  0.0196  0.0196  0.0196  0.0196  0.0196  0.0196
  0.0197  0.0197  0.0197  0.0197  0.0197  0.0197  0.0197  0.0197  0.0197  0.0197  0.0197  0.0197
  0.0199  0.0198  0.0197  0.0198  0.0199  0.0200  0.0199  0.0199  0.0198  0.0199  0.0197  0.0198
  0.0202  0.0201  0.0199  0.0202  0.0203  0.0203  0.0202  0.0203  0.0200  0.0203  0.0198  0.0199
    1.2500    2.7780    8.9273  -14.1485  -16.2757   -4.8766
    7.5555   18.5213  -10.0910   28.6409  -13.3956  -21.4647
eta,q 0.98037 13.05391

---------------------------------------------------------------------
compute_vox2vox talsrcimg talsrcimg_to_711-2C_as_mni_average_305_t4 /usr/local/freesurfer/average/711-2C_as_mni_average_305
---------------------------------------------------------------------

freesurfer compute_vox2vox.c
Reading: talsrcimg.4dfp.ifh
Reading: talsrcimg_to_711-2C_as_mni_average_305_t4
Reading: /usr/local/freesurfer/average/711-2C_as_mni_average_305.4dfp.ifh
Writing: talsrcimg_to_711-2C_as_mni_average_305_t4_vox2vox.txt

start time Thu May 29 01:14:08 UTC 2025
end		time Thu May 29 01:14:32 UTC 2025

mpr2mni305 success

avi2talxfm orig_nu.mgz /usr/local/freesurfer/average/mni305.cor.mgz talsrcimg_to_711-2C_as_mni_average_305_t4_vox2vox.txt transforms/talairach.auto.xfm
avi2talxfm done
mv -f /home/freesurfer/subjects/sub-002/mri/talsrcimg_to_711-2C_as_mni_average_305_t4_vox2vox.txt /home/freesurfer/subjects/sub-002/mri/transforms/talsrcimg_to_711-2C_as_mni_average_305_t4_vox2vox.txt
lta_convert --src orig_nu.mgz --trg /usr/local/freesurfer/average/mni305.cor.mgz --inxfm transforms/talairach.auto.xfm --outlta transforms/talairach.auto.xfm.lta --subject fsaverage
7.4.1

--src: orig_nu.mgz src image (geometry).
--trg: /usr/local/freesurfer/average/mni305.cor.mgz trg image (geometry).
--inmni: transforms/talairach.auto.xfm input MNI/XFM transform.
--outlta: transforms/talairach.auto.xfm.lta output LTA.
--s: fsaverage subject name
 LTA read, type : 1
 1.12047  -0.17427  -0.14579   10.49214;
 0.17477   0.94875   0.22746  -48.06586;
 0.07526  -0.34556   1.09901  -90.79044;
 0.00000   0.00000   0.00000   1.00000;
setting subject to fsaverage
Writing  LTA to file transforms/talairach.auto.xfm.lta...
lta_convert successful.
 
 
Started at Thu May 29 01:14:07 UTC 2025
Ended   at Thu May 29 01:14:32 UTC 2025
talairach_avi done
