/home/freesurfer/subjects/sub-031/mri
/usr/local/freesurfer/bin/talairach_avi
--i orig_nu.mgz --xfm transforms/talairach.auto.xfm
talairach_avi 7.4.1
Linux 85ffc7bd7dab 6.11.0-26-generic #26~24.04.1-Ubuntu SMP PREEMPT_DYNAMIC Thu Apr 17 19:20:47 UTC 2 x86_64 x86_64 x86_64 GNU/Linux
Mon Jun  2 19:10:23 UTC 2025
mri_convert orig_nu.mgz talsrcimg.img 
reading from orig_nu.mgz...
TR=8.34, TE=0.00, TI=0.00, flip angle=0.00
i_ras = (-1, 4.65661e-10, -1.86265e-09)
j_ras = (1.86265e-09, 0, -1)
k_ras = (0, 1, -2.98023e-08)
writing to talsrcimg.img...
Analyze Output Matrix
-1.00000   0.00000   0.00000   128.37717;
 0.00000   0.00000   1.00000  -112.19849;
-0.00000  -1.00000  -0.00000   157.70193;
 0.00000   0.00000   0.00000   1.00000;
--------------------
INFO: set hdr.hist.orient to -1
mpr2mni305 talsrcimg
Mon Jun  2 19:10:23 UTC 2025
/usr/local/freesurfer/bin/mpr2mni305 talsrcimg
mpr2mni305 7.4.1
target=711-2C_as_mni_average_305

---------------------------------------------------------------------
analyzeto4dfp talsrcimg -O0 -y
---------------------------------------------------------------------

freesurfer ifh2hdr.c
Mon Jun  2 19:10:24 2025
Writing: talsrcimg.4dfp.hdr
freesurfer analyzeto4dfp.c
Reading: talsrcimg.hdr
header size 348 bytes
hdr.dime.datatype	offset=70	value=2
hdr.dime.bitpix		offset=72	value=8
hdr.hist.orient		offset=252	value=-1
dimensionality     4
dimensions       256       256       256         1
Reading: talsrcimg.img
Writing: talsrcimg.4dfp.img
Writing: talsrcimg.4dfp.ifh
ifh2hdr talsrcimg -r0to238
ori=2

---------------------------------------------------------------------
gauss_4dfp talsrcimg 1.1
---------------------------------------------------------------------

freesurfer gauss_4dfp.c
Reading: talsrcimg.4dfp.img
Writing: talsrcimg_g11.4dfp.img
image dimensions 256 256 256 padded to 288 288 288
processing volume 1freesurfer ifh2hdr.c
Mon Jun  2 19:10:27 2025
Writing: talsrcimg_g11.4dfp.hdr

Writing: talsrcimg_g11.4dfp.ifh
including: talsrcimg.4dfp.img.rec in talsrcimg_g11.4dfp.img.rec

---------------------------------------------------------------------
imgreg_4dfp /usr/local/freesurfer/average/711-2C_as_mni_average_305 none talsrcimg_g11 none talsrcimg_to_711-2C_as_mni_average_305_t4 4355
---------------------------------------------------------------------

freesurfer imgreg_4dfp.c
/usr/local/freesurfer/average/711-2C_as_mni_average_305.4dfp.img
       256       256       256         1
  1.000000  1.000000  1.000000
orientation T byte_order littleendian
Reading image: /usr/local/freesurfer/average/711-2C_as_mni_average_305.4dfp.img
dimensions:      256       256       256
mmppix:       1.0000   -1.0000   -1.0000
center:     128.0000 -129.0000 -129.0000
talsrcimg_g11.4dfp.img
       256       256       256         1
  1.000000  1.000000  1.000000
orientation T byte_order littleendian
Reading image: talsrcimg_g11.4dfp.img
dimensions:      256       256       256
mmppix:       1.0000   -1.0000   -1.0000
center:     128.0000 -129.0000 -129.0000
t4_read: open error in t4_sub.f l:  41 t4_file(1:l)talsrcimg_to_711-2C_as_mni_average_305_t4 
t4_read: transform initialized to I4
rotation matrix determinant  1.000000
image alignment mode   4355 decimal     1103 hex
   -7.5000  -45.0000  -45.0000 9836.5840   19.0482
    0.0000  -45.0000  -45.000010268.0781   19.0690
    7.5000  -45.0000  -45.0000 9756.3516   19.0676
   -7.5000  -37.5000  -45.000010298.9385   19.0371
    0.0000  -37.5000  -45.000010763.8057   19.0620
    7.5000  -37.5000  -45.000010215.9170   19.0588
   -7.5000  -30.0000  -45.000011091.6318   19.0279
    0.0000  -30.0000  -45.000011594.5967   19.0566
    7.5000  -30.0000  -45.000011004.3232   19.0539
   -7.5000  -22.5000  -45.000011812.7715   19.0058
    0.0000  -22.5000  -45.000012396.1719   19.0339
    7.5000  -22.5000  -45.000011720.5566   19.0343
   -7.5000  -15.0000  -45.000012481.1797   18.9943
    0.0000  -15.0000  -45.000013086.4521   19.0192
    7.5000  -15.0000  -45.000012364.2217   19.0215
   -7.5000   -7.5000  -45.000013057.5283   19.0033
    0.0000   -7.5000  -45.000013656.0479   19.0247
    7.5000   -7.5000  -45.000012905.0889   19.0255
   -7.5000    0.0000  -45.000013475.7441   19.0240
    0.0000    0.0000  -45.000014092.5469   19.0447
    7.5000    0.0000  -45.000013317.9424   19.0432
   -7.5000    7.5000  -45.000012852.9805   19.0371
    0.0000    7.5000  -45.000013440.0537   19.0619
    7.5000    7.5000  -45.000012685.5303   19.0587
   -7.5000   15.0000  -45.000011963.3213   19.0279
    0.0000   15.0000  -45.000012527.4014   19.0566
    7.5000   15.0000  -45.000011802.3662   19.0539
   -7.5000   22.5000  -45.000010904.6523   19.0032
    0.0000   22.5000  -45.000011428.2295   19.0313
    7.5000   22.5000  -45.000010756.6309   19.0317
   -7.5000   30.0000  -45.0000 9881.7891   18.7412
    0.0000   30.0000  -45.000010341.1318   18.7658
    7.5000   30.0000  -45.0000 9740.2305   18.7680
   -7.5000   37.5000  -45.0000 9295.7998   18.7715
    0.0000   37.5000  -45.0000 9708.9316   18.7928
    7.5000   37.5000  -45.0000 9163.8496   18.7935
   -7.5000   45.0000  -45.0000 8359.9922   18.4153
    0.0000   45.0000  -45.0000 8694.5479   18.4362
    7.5000   45.0000  -45.0000 8243.9766   18.4350
   -7.5000  -45.0000  -37.500010345.5469   18.9607
    0.0000  -45.0000  -37.500010814.5391   18.9678
    7.5000  -45.0000  -37.500010250.9736   18.9648
   -7.5000  -37.5000  -37.500010831.3564   18.9529
    0.0000  -37.5000  -37.500011332.7334   18.9649
    7.5000  -37.5000  -37.500010726.9395   18.9612
   -7.5000  -30.0000  -37.500011646.5537   18.9511
    0.0000  -30.0000  -37.500012197.9336   18.9684
    7.5000  -30.0000  -37.500011540.8369   18.9666
   -7.5000  -22.5000  -37.500012402.4453   18.9325
    0.0000  -22.5000  -37.500013038.9062   18.9497
    7.5000  -22.5000  -37.500012283.2920   18.9522
   -7.5000  -15.0000  -37.500013110.8750   18.9178
    0.0000  -15.0000  -37.500013773.3633   18.9315
    7.5000  -15.0000  -37.500012972.8398   18.9356
   -7.5000   -7.5000  -37.500013686.0752   18.9199
    0.0000   -7.5000  -37.500014379.0859   18.9288
    7.5000   -7.5000  -37.500013534.2959   18.9291
   -7.5000    0.0000  -37.500014129.3604   18.9364
    0.0000    0.0000  -37.500014823.7363   18.9434
    7.5000    0.0000  -37.500013937.3105   18.9403
   -7.5000    7.5000  -37.500013456.4521   18.9528
    0.0000    7.5000  -37.500014095.4307   18.9648
    7.5000    7.5000  -37.500013237.2715   18.9611
   -7.5000   15.0000  -37.500012489.1660   18.9511
    0.0000   15.0000  -37.500013121.8428   18.9684
    7.5000   15.0000  -37.500012299.8936   18.9666
   -7.5000   22.5000  -37.500011364.1719   18.9299
    0.0000   22.5000  -37.500011945.6172   18.9471
    7.5000   22.5000  -37.500011219.1445   18.9496
   -7.5000   30.0000  -37.500010276.7373   18.6657
    0.0000   30.0000  -37.500010765.9844   18.6793
    7.5000   30.0000  -37.500010135.4473   18.6833
   -7.5000   37.5000  -37.5000 9658.4805   18.6898
    0.0000   37.5000  -37.500010116.9043   18.6987
    7.5000   37.5000  -37.5000 9534.4600   18.6988
   -7.5000   45.0000  -37.5000 8691.8809   18.3320
    0.0000   45.0000  -37.5000 9067.5557   18.3395
    7.5000   45.0000  -37.5000 8592.3135   18.3365
   -7.5000  -45.0000  -30.000010993.5723   19.6871
    0.0000  -45.0000  -30.000011498.5869   19.6824
    7.5000  -45.0000  -30.000010875.0527   19.6816
   -7.5000  -37.5000  -30.000011497.4727   19.6753
    0.0000  -37.5000  -30.000012042.6221   19.6741
    7.5000  -37.5000  -30.000011386.0625   19.6745
   -7.5000  -30.0000  -30.000012367.4199   19.6755
    0.0000  -30.0000  -30.000012955.6289   19.6815
    7.5000  -30.0000  -30.000012245.8281   19.6837
   -7.5000  -22.5000  -30.000013167.3486   19.6612
    0.0000  -22.5000  -30.000013823.1943   19.6705
    7.5000  -22.5000  -30.000013028.3086   19.6753
   -7.5000  -15.0000  -30.000013913.3467   19.6495
    0.0000  -15.0000  -30.000014604.9111   19.6572
    7.5000  -15.0000  -30.000013749.6357   19.6618
   -7.5000   -7.5000  -30.000014536.1992   19.6505
    0.0000   -7.5000  -30.000015287.7344   19.6512
    7.5000   -7.5000  -30.000014335.7109   19.6520
   -7.5000    0.0000  -30.000014999.3242   19.6620
    0.0000    0.0000  -30.000015757.9600   19.6572
    7.5000    0.0000  -30.000014745.8359   19.6564
   -7.5000    7.5000  -30.000014221.2637   19.6752
    0.0000    7.5000  -30.000014938.6504   19.6741
    7.5000    7.5000  -30.000013973.1348   19.6744
   -7.5000   15.0000  -30.000013168.4297   19.6755
    0.0000   15.0000  -30.000013856.5029   19.6815
    7.5000   15.0000  -30.000012975.7998   19.6837
   -7.5000   22.5000  -30.000012000.7285   19.6564
    0.0000   22.5000  -30.000012640.1875   19.6658
    7.5000   22.5000  -30.000011855.0107   19.6705
   -7.5000   30.0000  -30.000010839.1260   19.3895
    0.0000   30.0000  -30.000011376.1738   19.3971
    7.5000   30.0000  -30.000010685.7256   19.4017
   -7.5000   37.5000  -30.000010183.5547   19.4143
    0.0000   37.5000  -30.000010657.7666   19.4151
    7.5000   37.5000  -30.000010039.2715   19.4158
   -7.5000   45.0000  -30.0000 9162.7998   19.0497
    0.0000   45.0000  -30.0000 9557.7402   19.0455
    7.5000   45.0000  -30.0000 9045.2441   19.0448
   -7.5000  -45.0000  -22.500011572.5020   20.3261
    0.0000  -45.0000  -22.500012131.1680   20.3239
    7.5000  -45.0000  -22.500011466.0811   20.3301
   -7.5000  -37.5000  -22.500012115.6768   20.3103
    0.0000  -37.5000  -22.500012699.4814   20.3094
    7.5000  -37.5000  -22.500012005.3320   20.3166
   -7.5000  -30.0000  -22.500013016.5137   20.3100
    0.0000  -30.0000  -22.500013633.1885   20.3168
    7.5000  -30.0000  -22.500012904.5566   20.3233
   -7.5000  -22.5000  -22.500013837.7979   20.2982
    0.0000  -22.5000  -22.500014507.9980   20.3113
    7.5000  -22.5000  -22.500013695.1035   20.3172
   -7.5000  -15.0000  -22.500014606.9160   20.2899
    0.0000  -15.0000  -22.500015326.9932   20.3034
    7.5000  -15.0000  -22.500014422.7422   20.3089
   -7.5000   -7.5000  -22.500015326.4326   20.2920
    0.0000   -7.5000  -22.500016131.1689   20.2976
    7.5000   -7.5000  -22.500015093.2363   20.3026
   -7.5000    0.0000  -22.500015807.8848   20.3005
    0.0000    0.0000  -22.500016630.2441   20.2981
    7.5000    0.0000  -22.500015523.2109   20.3042
   -7.5000    7.5000  -22.500014966.0645   20.3102
    0.0000    7.5000  -22.500015742.6963   20.3093
    7.5000    7.5000  -22.500014701.3291   20.3165
   -7.5000   15.0000  -22.500013861.7451   20.3100
    0.0000   15.0000  -22.500014590.3252   20.3168
    7.5000   15.0000  -22.500013634.7402   20.3233
   -7.5000   22.5000  -22.500012631.7285   20.2919
    0.0000   22.5000  -22.500013290.3076   20.3050
    7.5000   22.5000  -22.500012444.4365   20.3110
   -7.5000   30.0000  -22.500011415.4785   20.0245
    0.0000   30.0000  -22.500011992.7891   20.0378
    7.5000   30.0000  -22.500011231.4492   20.0433
   -7.5000   37.5000  -22.500010726.2959   20.0515
    0.0000   37.5000  -22.500011241.3877   20.0572
    7.5000   37.5000  -22.500010560.9277   20.0620
   -7.5000   45.0000  -22.5000 9628.0918   19.6825
    0.0000   45.0000  -22.500010075.5088   19.6805
    7.5000   45.0000  -22.5000 9479.6113   19.6870
   -7.5000  -45.0000  -15.000012090.5547   20.8192
    0.0000  -45.0000  -15.000012654.5273   20.8300
    7.5000  -45.0000  -15.000012009.3535   20.8393
   -7.5000  -37.5000  -15.000012713.5596   20.8010
    0.0000  -37.5000  -15.000013311.8506   20.8121
    7.5000  -37.5000  -15.000012621.2832   20.8205
   -7.5000  -30.0000  -15.000013666.2598   20.7964
    0.0000  -30.0000  -15.000014303.6875   20.8138
    7.5000  -30.0000  -15.000013571.2344   20.8197
   -7.5000  -22.5000  -15.000014486.1885   20.7828
    0.0000  -22.5000  -15.000015146.9141   20.8059
    7.5000  -22.5000  -15.000014362.7881   20.8105
   -7.5000  -15.0000  -15.000015284.1074   20.7767
    0.0000  -15.0000  -15.000015977.8301   20.8004
    7.5000  -15.0000  -15.000015116.5225   20.8057
   -7.5000   -7.5000  -15.000016055.7549   20.7826
    0.0000   -7.5000  -15.000016840.1523   20.7999
    7.5000   -7.5000  -15.000015842.0332   20.8073
   -7.5000    0.0000  -15.000016540.9082   20.7931
    0.0000    0.0000  -15.000017368.6543   20.8037
    7.5000    0.0000  -15.000016274.7188   20.8129
   -7.5000    7.5000  -15.000015641.5820   20.8009
    0.0000    7.5000  -15.000016409.5703   20.8121
    7.5000    7.5000  -15.000015395.6387   20.8204
   -7.5000   15.0000  -15.000014522.9512   20.7964
    0.0000   15.0000  -15.000015252.9795   20.8138
    7.5000   15.0000  -15.000014280.8818   20.8197
   -7.5000   22.5000  -15.000013249.5771   20.7754
    0.0000   22.5000  -15.000013927.1230   20.7986
    7.5000   22.5000  -15.000013041.8027   20.8032
   -7.5000   30.0000  -15.000012036.6602   20.5078
    0.0000   30.0000  -15.000012609.4844   20.5312
    7.5000   30.0000  -15.000011810.9355   20.5365
   -7.5000   37.5000  -15.000011287.2822   20.5385
    0.0000   37.5000  -15.000011804.7529   20.5559
    7.5000   37.5000  -15.000011095.9170   20.5631
   -7.5000   45.0000  -15.000010126.0518   20.1704
    0.0000   45.0000  -15.000010582.4521   20.1812
    7.5000   45.0000  -15.0000 9942.6182   20.1909
   -7.5000  -45.0000   -7.500012640.8867   21.0739
    0.0000  -45.0000   -7.500013205.1143   21.0972
    7.5000  -45.0000   -7.500012592.6113   21.1011
   -7.5000  -37.5000   -7.500013311.7803   21.0578
    0.0000  -37.5000   -7.500013896.3174   21.0831
    7.5000  -37.5000   -7.500013232.7627   21.0851
   -7.5000  -30.0000   -7.500014397.2002   21.0481
    0.0000  -30.0000   -7.500015055.9707   21.0775
    7.5000  -30.0000   -7.500014307.8789   21.0780
   -7.5000  -22.5000   -7.500015311.5830   21.0274
    0.0000  -22.5000   -7.500015971.2861   21.0592
    7.5000  -22.5000   -7.500015203.3594   21.0603
   -7.5000  -15.0000   -7.500016130.3721   21.0188
    0.0000  -15.0000   -7.500016765.3691   21.0495
    7.5000  -15.0000   -7.500015974.6875   21.0521
   -7.5000   -7.5000   -7.500016894.5312   21.0291
    0.0000   -7.5000   -7.500017559.4902   21.0553
    7.5000   -7.5000   -7.500016711.6660   21.0591
   -7.5000    0.0000   -7.500017328.3379   21.0474
    0.0000    0.0000   -7.500018050.6035   21.0705
    7.5000    0.0000   -7.500017144.5137   21.0743
   -7.5000    7.5000   -7.500016363.1699   21.0578
    0.0000    7.5000   -7.500017069.4316   21.0830
    7.5000    7.5000   -7.500016183.1865   21.0850
   -7.5000   15.0000   -7.500015195.8203   21.0481
    0.0000   15.0000   -7.500015900.6162   21.0775
    7.5000   15.0000   -7.500014994.1455   21.0780
   -7.5000   22.5000   -7.500013923.9033   21.0177
    0.0000   22.5000   -7.500014568.8789   21.0494
    7.5000   22.5000   -7.500013707.1934   21.0506
   -7.5000   30.0000   -7.500012647.9395   20.7463
    0.0000   30.0000   -7.500013222.1143   20.7766
    7.5000   30.0000   -7.500012406.5957   20.7791
   -7.5000   37.5000   -7.500011867.7090   20.7804
    0.0000   37.5000   -7.500012386.2393   20.8065
    7.5000   37.5000   -7.500011629.6270   20.8101
   -7.5000   45.0000   -7.500010639.0283   20.4191
    0.0000   45.0000   -7.500011096.1924   20.4424
    7.5000   45.0000   -7.500010386.8984   20.4467
   -7.5000  -45.0000    0.000013079.0742   21.1131
    0.0000  -45.0000    0.000013625.5635   21.1361
    7.5000  -45.0000    0.000013051.3828   21.1345
   -7.5000  -37.5000    0.000013743.4443   21.1013
    0.0000  -37.5000    0.000014325.5723   21.1287
    7.5000  -37.5000    0.000013690.6309   21.1252
   -7.5000  -30.0000    0.000014941.3262   21.0919
    0.0000  -30.0000    0.000015659.4785   21.1235
    7.5000  -30.0000    0.000014853.7500   21.1205
   -7.5000  -22.5000    0.000016060.5107   21.0677
    0.0000  -22.5000    0.000016722.1543   21.0986
    7.5000  -22.5000    0.000015961.5137   21.0992
   -7.5000  -15.0000    0.000016806.9727   21.0544
    0.0000  -15.0000    0.000017329.7734   21.0820
    7.5000  -15.0000    0.000016747.4219   21.0846
   -7.5000   -7.5000    0.000017495.1680   21.0637
    0.0000   -7.5000    0.000018001.6777   21.0874
    7.5000   -7.5000    0.000017450.3398   21.0883
   -7.5000    0.0000    0.000017913.5352   21.0863
    0.0000    0.0000    0.000018491.5156   21.1091
    7.5000    0.0000    0.000017860.2656   21.1075
   -7.5000    7.5000    0.000017001.4648   21.1013
    0.0000    7.5000    0.000017631.4512   21.1286
    7.5000    7.5000    0.000016852.9160   21.1251
   -7.5000   15.0000    0.000015795.9658   21.0919
    0.0000   15.0000    0.000016441.1211   21.1235
    7.5000   15.0000    0.000015566.9951   21.1205
   -7.5000   22.5000    0.000014464.7764   21.0580
    0.0000   22.5000    0.000015078.4111   21.0889
    7.5000   22.5000    0.000014218.8477   21.0894
   -7.5000   30.0000    0.000013094.9434   20.7820
    0.0000   30.0000    0.000013664.4189   20.8092
    7.5000   30.0000    0.000012876.6533   20.8117
   -7.5000   37.5000    0.000012307.1582   20.8147
    0.0000   37.5000    0.000012830.2568   20.8382
    7.5000   37.5000    0.000012076.4766   20.8390
   -7.5000   45.0000    0.000011033.4512   20.4584
    0.0000   45.0000    0.000011517.6143   20.4816
    7.5000   45.0000    0.000010815.8975   20.4802
   -7.5000  -45.0000    7.500012485.4287   21.1083
    0.0000  -45.0000    7.500013012.6602   21.1161
    7.5000  -45.0000    7.500012475.6279   21.1127
   -7.5000  -37.5000    7.500013124.5068   21.0992
    0.0000  -37.5000    7.500013672.9189   21.1126
    7.5000  -37.5000    7.500013099.0762   21.1084
   -7.5000  -30.0000    7.500014265.7070   21.0964
    0.0000  -30.0000    7.500014895.3984   21.1156
    7.5000  -30.0000    7.500014216.6406   21.1135
   -7.5000  -22.5000    7.500015361.4922   21.0753
    0.0000  -22.5000    7.500015960.1445   21.0943
    7.5000  -22.5000    7.500015322.0068   21.0972
   -7.5000  -15.0000    7.500016236.6426   21.0593
    0.0000  -15.0000    7.500016807.4805   21.0746
    7.5000  -15.0000    7.500016239.8398   21.0791
   -7.5000   -7.5000    7.500017025.9277   21.0626
    0.0000   -7.5000    7.500017623.5273   21.0724
    7.5000   -7.5000    7.500016987.8613   21.0727
   -7.5000    0.0000    7.500017447.9883   21.0813
    0.0000    0.0000    7.500018097.8730   21.0891
    7.5000    0.0000    7.500017312.8223   21.0856
   -7.5000    7.5000    7.500016497.2168   21.0992
    0.0000    7.5000    7.500017168.4102   21.1125
    7.5000    7.5000    7.500016265.2920   21.1083
   -7.5000   15.0000    7.500015191.7744   21.0964
    0.0000   15.0000    7.500015826.5420   21.1156
    7.5000   15.0000    7.500014952.9092   21.1135
   -7.5000   22.5000    7.500013859.5029   21.0656
    0.0000   22.5000    7.500014454.5020   21.0846
    7.5000   22.5000    7.500013657.1250   21.0875
   -7.5000   30.0000    7.500012558.5908   20.7868
    0.0000   30.0000    7.500013075.6006   20.8019
    7.5000   30.0000    7.500012368.5146   20.8063
   -7.5000   37.5000    7.500011776.0439   20.8143
    0.0000   37.5000    7.500012253.8086   20.8243
    7.5000   37.5000    7.500011577.1699   20.8243
   -7.5000   45.0000    7.500010497.4619   20.4558
    0.0000   45.0000    7.500010950.2090   20.4642
    7.5000   45.0000    7.500010340.6982   20.4608
   -7.5000  -45.0000   15.000011769.2021   21.1564
    0.0000  -45.0000   15.000012256.9902   21.1514
    7.5000  -45.0000   15.000011755.0098   21.1505
   -7.5000  -37.5000   15.000012339.2061   21.1452
    0.0000  -37.5000   15.000012897.1826   21.1440
    7.5000  -37.5000   15.000012307.8320   21.1443
   -7.5000  -30.0000   15.000013404.9414   21.1459
    0.0000  -30.0000   15.000014065.5098   21.1525
    7.5000  -30.0000   15.000013361.4258   21.1548
   -7.5000  -22.5000   15.000014422.8486   21.1295
    0.0000  -22.5000   15.000015074.4326   21.1396
    7.5000  -22.5000   15.000014354.7344   21.1446
   -7.5000  -15.0000   15.000015291.8506   21.1154
    0.0000  -15.0000   15.000015971.8984   21.1238
    7.5000  -15.0000   15.000015207.0303   21.1287
   -7.5000   -7.5000   15.000016073.9287   21.1162
    0.0000   -7.5000   15.000016862.9980   21.1170
    7.5000   -7.5000   15.000015958.1221   21.1177
   -7.5000    0.0000   15.000016530.0918   21.1294
    0.0000    0.0000   15.000017328.8984   21.1243
    7.5000    0.0000   15.000016387.7461   21.1233
   -7.5000    7.5000   15.000015580.6084   21.1452
    0.0000    7.5000   15.000016348.3975   21.1439
    7.5000    7.5000   15.000015424.6191   21.1443
   -7.5000   15.0000   15.000014308.8545   21.1459
    0.0000   15.0000   15.000014985.9658   21.1525
    7.5000   15.0000   15.000014170.5156   21.1548
   -7.5000   22.5000   15.000013037.8506   21.1197
    0.0000   22.5000   15.000013648.0205   21.1299
    7.5000   22.5000   15.000012914.3877   21.1349
   -7.5000   30.0000   15.000011826.7178   20.8422
    0.0000   30.0000   15.000012362.1689   20.8505
    7.5000   30.0000   15.000011700.4824   20.8553
   -7.5000   37.5000   15.000011095.0850   20.8684
    0.0000   37.5000   15.000011546.1973   20.8694
    7.5000   37.5000   15.000010977.0391   20.8700
   -7.5000   45.0000   15.0000 9906.5703   20.5047
    0.0000   45.0000   15.000010287.5986   20.5002
    7.5000   45.0000   15.0000 9802.9102   20.4994
   -7.5000  -45.0000   22.500011024.4629   21.2804
    0.0000  -45.0000   22.500011543.3867   21.2782
    7.5000  -45.0000   22.500010978.9346   21.2849
   -7.5000  -37.5000   22.500011588.0078   21.2639
    0.0000  -37.5000   22.500012145.0801   21.2630
    7.5000  -37.5000   22.500011515.0518   21.2706
   -7.5000  -30.0000   22.500012563.2656   21.2626
    0.0000  -30.0000   22.500013146.0859   21.2698
    7.5000  -30.0000   22.500012481.1816   21.2766
   -7.5000  -22.5000   22.500013444.0898   21.2488
    0.0000  -22.5000   22.500014001.7646   21.2627
    7.5000  -22.5000   22.500013352.1680   21.2690
   -7.5000  -15.0000   22.500014219.5596   21.2397
    0.0000  -15.0000   22.500014778.4541   21.2540
    7.5000  -15.0000   22.500014120.3398   21.2599
   -7.5000   -7.5000   22.500014912.3291   21.2430
    0.0000   -7.5000   22.500015519.4014   21.2490
    7.5000   -7.5000   22.500014807.0010   21.2544
   -7.5000    0.0000   22.500015341.2910   21.2534
    0.0000    0.0000   22.500015949.3945   21.2509
    7.5000    0.0000   22.500015237.4150   21.2575
   -7.5000    7.5000   22.500014519.0254   21.2638
    0.0000    7.5000   22.500015118.7578   21.2630
    7.5000    7.5000   22.500014398.4443   21.2706
   -7.5000   15.0000   22.500013402.9756   21.2626
    0.0000   15.0000   22.500013981.1357   21.2698
    7.5000   15.0000   22.500013285.7998   21.2766
   -7.5000   22.5000   22.500012252.5420   21.2390
    0.0000   22.5000   22.500012772.0859   21.2529
    7.5000   22.5000   22.500012130.4189   21.2592
   -7.5000   30.0000   22.500011120.1445   20.9649
    0.0000   30.0000   22.500011585.9141   20.9790
    7.5000   30.0000   22.500010981.9766   20.9848
   -7.5000   37.5000   22.500010377.2725   20.9944
    0.0000   37.5000   22.500010803.6611   21.0006
    7.5000   37.5000   22.500010260.0361   21.0057
   -7.5000   45.0000   22.5000 9239.2861   20.6254
    0.0000   45.0000   22.5000 9604.2002   20.6235
    7.5000   45.0000   22.5000 9140.2744   20.6303
   -7.5000  -45.0000   30.000010217.6543   21.5738
    0.0000  -45.0000   30.000010723.4062   21.5854
    7.5000  -45.0000   30.000010150.6963   21.5953
   -7.5000  -37.5000   30.000010726.0713   21.5533
    0.0000  -37.5000   30.000011270.0127   21.5653
    7.5000  -37.5000   30.000010635.7285   21.5744
   -7.5000  -30.0000   30.000011572.2676   21.5462
    0.0000  -30.0000   30.000012138.2910   21.5649
    7.5000  -30.0000   30.000011483.0537   21.5713
   -7.5000  -22.5000   30.000012340.2520   21.5308
    0.0000  -22.5000   30.000012910.1992   21.5555
    7.5000  -22.5000   30.000012269.0469   21.5604
   -7.5000  -15.0000   30.000013056.0508   21.5254
    0.0000  -15.0000   30.000013616.1455   21.5506
    7.5000  -15.0000   30.000012982.9961   21.5563
   -7.5000   -7.5000   30.000013681.4424   21.5338
    0.0000   -7.5000   30.000014282.6104   21.5522
    7.5000   -7.5000   30.000013618.8203   21.5601
   -7.5000    0.0000   30.000014050.9346   21.5462
    0.0000    0.0000   30.000014648.7646   21.5575
    7.5000    0.0000   30.000014000.8818   21.5673
   -7.5000    7.5000   30.000013314.4746   21.5532
    0.0000    7.5000   30.000013898.6963   21.5653
    7.5000    7.5000   30.000013236.3252   21.5743
   -7.5000   15.0000   30.000012314.2168   21.5462
    0.0000   15.0000   30.000012874.3359   21.5649
    7.5000   15.0000   30.000012220.9932   21.5713
   -7.5000   22.5000   30.000011314.7627   21.5208
    0.0000   22.5000   30.000011796.1992   21.5455
    7.5000   22.5000   30.000011204.0488   21.5505
   -7.5000   30.0000   30.000010293.4014   21.2468
    0.0000   30.0000   30.000010699.4199   21.2717
    7.5000   30.0000   30.000010153.5332   21.2773
   -7.5000   37.5000   30.0000 9604.5723   21.2752
    0.0000   37.5000   30.0000 9981.3730   21.2935
    7.5000   37.5000   30.0000 9476.5693   21.3012
   -7.5000   45.0000   30.0000 8541.5459   20.8952
    0.0000   45.0000   30.0000 8859.4697   20.9067
    7.5000   45.0000   30.0000 8420.7871   20.9171
   -7.5000  -45.0000   37.5000 9819.1689   22.1725
    0.0000  -45.0000   37.500010336.2197   22.1988
    7.5000  -45.0000   37.5000 9758.9609   22.2030
   -7.5000  -37.5000   37.500010289.5156   22.1527
    0.0000  -37.5000   37.500010828.4219   22.1811
    7.5000  -37.5000   37.500010220.4609   22.1829
   -7.5000  -30.0000   37.500011101.6816   22.1392
    0.0000  -30.0000   37.500011662.5967   22.1727
    7.5000  -30.0000   37.500011009.2842   22.1730
   -7.5000  -22.5000   37.500011839.9004   22.1163
    0.0000  -22.5000   37.500012408.0459   22.1525
    7.5000  -22.5000   37.500011759.5283   22.1542
   -7.5000  -15.0000   37.500012529.6191   22.1086
    0.0000  -15.0000   37.500013108.3867   22.1437
    7.5000  -15.0000   37.500012457.0596   22.1474
   -7.5000   -7.5000   37.500013150.8701   22.1222
    0.0000   -7.5000   37.500013748.0088   22.1521
    7.5000   -7.5000   37.500013097.1016   22.1568
   -7.5000    0.0000   37.500013519.8076   22.1432
    0.0000    0.0000   37.500014125.9805   22.1693
    7.5000    0.0000   37.500013489.0498   22.1734
   -7.5000    7.5000   37.500012778.0850   22.1526
    0.0000    7.5000   37.500013354.7715   22.1810
    7.5000    7.5000   37.500012717.9824   22.1828
   -7.5000   15.0000   37.500011819.1416   22.1392
    0.0000   15.0000   37.500012363.5391   22.1727
    7.5000   15.0000   37.500011728.3135   22.1730
   -7.5000   22.5000   37.500010850.3379   22.1061
    0.0000   22.5000   37.500011330.6426   22.1423
    7.5000   22.5000   37.500010756.5547   22.1440
   -7.5000   30.0000   37.5000 9879.7178   21.8225
    0.0000   30.0000   37.500010294.6826   21.8572
    7.5000   30.0000   37.5000 9776.6855   21.8608
   -7.5000   37.5000   37.5000 9277.1523   21.8487
    0.0000   37.5000   37.5000 9644.0859   21.8785
    7.5000   37.5000   37.5000 9169.4014   21.8831
   -7.5000   45.0000   37.5000 8269.1973   21.4603
    0.0000   45.0000   37.5000 8573.6768   21.4865
    7.5000   45.0000   37.5000 8173.0498   21.4912
   -7.5000  -45.0000   45.0000 8994.2891   22.7760
    0.0000  -45.0000   45.0000 9451.7402   22.8021
    7.5000  -45.0000   45.0000 8959.8350   22.8002
   -7.5000  -37.5000   45.0000 9452.6943   22.7579
    0.0000  -37.5000   45.0000 9943.7148   22.7898
    7.5000  -37.5000   45.0000 9395.8711   22.7862
   -7.5000  -30.0000   45.000010179.9873   22.7451
    0.0000  -30.0000   45.000010673.7119   22.7823
    7.5000  -30.0000   45.000010114.6572   22.7799
   -7.5000  -22.5000   45.000010850.5420   22.7204
    0.0000  -22.5000   45.000011362.8896   22.7565
    7.5000  -22.5000   45.000010791.5234   22.7581
   -7.5000  -15.0000   45.000011483.9453   22.7091
    0.0000  -15.0000   45.000012015.4697   22.7410
    7.5000  -15.0000   45.000011428.4941   22.7445
   -7.5000   -7.5000   45.000012092.9951   22.7208
    0.0000   -7.5000   45.000012632.8203   22.7477
    7.5000   -7.5000   45.000012037.3105   22.7487
   -7.5000    0.0000   45.000012455.2012   22.7446
    0.0000    0.0000   45.000012996.7637   22.7706
    7.5000    0.0000   45.000012396.0264   22.7686
   -7.5000    7.5000   45.000011763.4307   22.7578
    0.0000    7.5000   45.000012279.3564   22.7897
    7.5000    7.5000   45.000011697.9570   22.7861
   -7.5000   15.0000   45.000010875.2754   22.7451
    0.0000   15.0000   45.000011362.0947   22.7823
    7.5000   15.0000   45.000010815.2266   22.7799
   -7.5000   22.5000   45.0000 9978.4385   22.7099
    0.0000   22.5000   45.000010430.5547   22.7459
    7.5000   22.5000   45.0000 9916.5420   22.7476
   -7.5000   30.0000   45.0000 9106.9189   22.4133
    0.0000   30.0000   45.0000 9482.5566   22.4447
    7.5000   30.0000   45.0000 9022.0117   22.4482
   -7.5000   37.5000   45.0000 8593.4580   22.4321
    0.0000   37.5000   45.0000 8930.2354   22.4588
    7.5000   37.5000   45.0000 8489.5947   22.4598
   -7.5000   45.0000   45.0000 7685.4209   22.0420
    0.0000   45.0000   45.0000 7962.7744   22.0682
    7.5000   45.0000   45.0000 7580.3560   22.0665

---------------------------------------------------------------------
imgreg_4dfp /usr/local/freesurfer/average/711-2C_as_mni_average_305 /usr/local/freesurfer/average/711-2B_as_mni_average_305_mask talsrcimg_g11 none talsrcimg_to_711-2C_as_mni_average_305_t4 4355
---------------------------------------------------------------------

freesurfer imgreg_4dfp.c
/usr/local/freesurfer/average/711-2C_as_mni_average_305.4dfp.img
       256       256       256         1
  1.000000  1.000000  1.000000
orientation T byte_order littleendian
Reading image: /usr/local/freesurfer/average/711-2C_as_mni_average_305.4dfp.img
dimensions:      256       256       256
mmppix:       1.0000   -1.0000   -1.0000
center:     128.0000 -129.0000 -129.0000
/usr/local/freesurfer/average/711-2B_as_mni_average_305_mask.4dfp.img
       256       256       256         1
  1.000000  1.000000  1.000000
orientation T byte_order littleendian
Reading mask: /usr/local/freesurfer/average/711-2B_as_mni_average_305_mask.4dfp.img (2306576 pixels)
talsrcimg_g11.4dfp.img
       256       256       256         1
  1.000000  1.000000  1.000000
orientation T byte_order littleendian
Reading image: talsrcimg_g11.4dfp.img
dimensions:      256       256       256
mmppix:       1.0000   -1.0000   -1.0000
center:     128.0000 -129.0000 -129.0000
rotation matrix determinant  1.000000
image alignment mode   4355 decimal     1103 hex
   -7.5000  -45.0000  -45.0000 2382.0776   19.2352
    0.0000  -45.0000  -45.0000 2392.5115   19.2038
    7.5000  -45.0000  -45.0000 2375.2852   19.2973
   -7.5000  -37.5000  -45.0000 2427.5820   18.2575
    0.0000  -37.5000  -45.0000 2438.8386   18.3176
    7.5000  -37.5000  -45.0000 2420.5161   18.3486
   -7.5000  -30.0000  -45.0000 2450.1711   17.6512
    0.0000  -30.0000  -45.0000 2465.3188   17.7402
    7.5000  -30.0000  -45.0000 2444.2759   17.7914
   -7.5000  -22.5000  -45.0000 2458.2026   17.4114
    0.0000  -22.5000  -45.0000 2477.2151   17.4788
    7.5000  -22.5000  -45.0000 2451.1140   17.5640
   -7.5000  -15.0000  -45.0000 2457.3831   17.5001
    0.0000  -15.0000  -45.0000 2477.9268   17.5325
    7.5000  -15.0000  -45.0000 2451.6252   17.6031
   -7.5000   -7.5000  -45.0000 2452.7659   17.7765
    0.0000   -7.5000  -45.0000 2466.0801   17.8201
    7.5000   -7.5000  -45.0000 2440.4951   17.9042
   -7.5000    0.0000  -45.0000 2423.6343   18.4010
    0.0000    0.0000  -45.0000 2439.8447   18.4357
    7.5000    0.0000  -45.0000 2416.2773   18.5586
   -7.5000    7.5000  -45.0000 2381.7620   19.2915
    0.0000    7.5000  -45.0000 2395.1768   19.3344
    7.5000    7.5000  -45.0000 2372.7039   19.4606
   -7.5000   15.0000  -45.0000 2312.6465   20.5526
    0.0000   15.0000  -45.0000 2324.5632   20.5431
    7.5000   15.0000  -45.0000 2305.5276   20.6637
   -7.5000   22.5000  -45.0000 2228.9316   22.1822
    0.0000   22.5000  -45.0000 2240.0774   22.1198
    7.5000   22.5000  -45.0000 2219.5830   22.3151
   -7.5000   30.0000  -45.0000 2126.7900   24.4365
    0.0000   30.0000  -45.0000 2135.6594   24.3320
    7.5000   30.0000  -45.0000 2113.8335   24.5401
   -7.5000   37.5000  -45.0000 2018.8251   27.4194
    0.0000   37.5000  -45.0000 2032.1111   27.3575
    7.5000   37.5000  -45.0000 2007.8900   27.5366
   -7.5000   45.0000  -45.0000 1887.4287   31.3522
    0.0000   45.0000  -45.0000 1892.0656   31.1947
    7.5000   45.0000  -45.0000 1879.0066   31.4566
   -7.5000  -45.0000  -37.5000 2459.8196   18.0479
    0.0000  -45.0000  -37.5000 2472.5476   18.0635
    7.5000  -45.0000  -37.5000 2452.4148   18.1029
   -7.5000  -37.5000  -37.5000 2510.8076   17.0760
    0.0000  -37.5000  -37.5000 2521.8157   17.1060
    7.5000  -37.5000  -37.5000 2498.7415   17.1210
   -7.5000  -30.0000  -37.5000 2536.8184   16.5031
    0.0000  -30.0000  -37.5000 2553.7952   16.5667
    7.5000  -30.0000  -37.5000 2526.3835   16.5726
   -7.5000  -22.5000  -37.5000 2546.7786   16.2770
    0.0000  -22.5000  -37.5000 2568.1375   16.3219
    7.5000  -22.5000  -37.5000 2538.2944   16.3650
   -7.5000  -15.0000  -37.5000 2551.6633   16.3680
    0.0000  -15.0000  -37.5000 2570.2642   16.3896
    7.5000  -15.0000  -37.5000 2541.2900   16.4137
   -7.5000   -7.5000  -37.5000 2544.9402   16.6385
    0.0000   -7.5000  -37.5000 2564.4500   16.6821
    7.5000   -7.5000  -37.5000 2534.6558   16.7338
   -7.5000    0.0000  -37.5000 2515.1589   17.2078
    0.0000    0.0000  -37.5000 2536.3152   17.2211
    7.5000    0.0000  -37.5000 2508.4995   17.2940
   -7.5000    7.5000  -37.5000 2472.0679   18.0357
    0.0000    7.5000  -37.5000 2489.1711   18.0613
    7.5000    7.5000  -37.5000 2461.1792   18.1269
   -7.5000   15.0000  -37.5000 2399.9534   19.1733
    0.0000   15.0000  -37.5000 2415.8577   19.2088
    7.5000   15.0000  -37.5000 2390.0908   19.2695
   -7.5000   22.5000  -37.5000 2304.8926   20.6435
    0.0000   22.5000  -37.5000 2322.1780   20.6366
    7.5000   22.5000  -37.5000 2299.1692   20.7696
   -7.5000   30.0000  -37.5000 2196.1626   22.6991
    0.0000   30.0000  -37.5000 2206.7815   22.6464
    7.5000   30.0000  -37.5000 2185.4504   22.7871
   -7.5000   37.5000  -37.5000 2082.0432   25.3887
    0.0000   37.5000  -37.5000 2096.1636   25.3129
    7.5000   37.5000  -37.5000 2071.4575   25.4846
   -7.5000   45.0000  -37.5000 1950.3899   29.0102
    0.0000   45.0000  -37.5000 1959.4504   28.8909
    7.5000   45.0000  -37.5000 1945.0140   29.1982
   -7.5000  -45.0000  -30.0000 2575.7732   17.5836
    0.0000  -45.0000  -30.0000 2585.3271   17.5986
    7.5000  -45.0000  -30.0000 2561.5676   17.5955
   -7.5000  -37.5000  -30.0000 2632.3875   16.5945
    0.0000  -37.5000  -30.0000 2640.2798   16.5725
    7.5000  -37.5000  -30.0000 2620.1309   16.5877
   -7.5000  -30.0000  -30.0000 2667.5974   15.9722
    0.0000  -30.0000  -30.0000 2679.3518   15.9785
    7.5000  -30.0000  -30.0000 2656.0620   16.0193
   -7.5000  -22.5000  -30.0000 2685.1758   15.7417
    0.0000  -22.5000  -30.0000 2698.8052   15.7510
    7.5000  -22.5000  -30.0000 2670.1519   15.7868
   -7.5000  -15.0000  -30.0000 2691.1704   15.8284
    0.0000  -15.0000  -30.0000 2706.0767   15.8322
    7.5000  -15.0000  -30.0000 2678.0156   15.8656
   -7.5000   -7.5000  -30.0000 2687.2634   16.1380
    0.0000   -7.5000  -30.0000 2705.9370   16.1670
    7.5000   -7.5000  -30.0000 2673.2673   16.2013
   -7.5000    0.0000  -30.0000 2658.7217   16.7304
    0.0000    0.0000  -30.0000 2676.1858   16.7465
    7.5000    0.0000  -30.0000 2645.0044   16.7663
   -7.5000    7.5000  -30.0000 2609.5125   17.5202
    0.0000    7.5000  -30.0000 2628.1973   17.5462
    7.5000    7.5000  -30.0000 2597.3584   17.5829
   -7.5000   15.0000  -30.0000 2528.9116   18.5888
    0.0000   15.0000  -30.0000 2550.0298   18.6194
    7.5000   15.0000  -30.0000 2519.0481   18.6692
   -7.5000   22.5000  -30.0000 2430.0720   20.0451
    0.0000   22.5000  -30.0000 2449.2190   20.0390
    7.5000   22.5000  -30.0000 2426.9150   20.1652
   -7.5000   30.0000  -30.0000 2311.9202   21.9753
    0.0000   30.0000  -30.0000 2325.8772   21.9506
    7.5000   30.0000  -30.0000 2305.9790   22.0694
   -7.5000   37.5000  -30.0000 2185.8638   24.4975
    0.0000   37.5000  -30.0000 2197.3552   24.4508
    7.5000   37.5000  -30.0000 2178.3774   24.6393
   -7.5000   45.0000  -30.0000 2048.6970   27.9964
    0.0000   45.0000  -30.0000 2052.5022   27.8659
    7.5000   45.0000  -30.0000 2043.2145   28.0967
   -7.5000  -45.0000  -22.5000 2648.1270   17.0274
    0.0000  -45.0000  -22.5000 2661.2583   17.0029
    7.5000  -45.0000  -22.5000 2635.1941   17.0711
   -7.5000  -37.5000  -22.5000 2713.5706   16.0006
    0.0000  -37.5000  -22.5000 2727.4431   15.9857
    7.5000  -37.5000  -22.5000 2705.0210   16.0543
   -7.5000  -30.0000  -22.5000 2764.3904   15.3682
    0.0000  -30.0000  -22.5000 2777.1750   15.3385
    7.5000  -30.0000  -22.5000 2755.4023   15.4196
   -7.5000  -22.5000  -22.5000 2787.3652   15.0277
    0.0000  -22.5000  -22.5000 2801.7634   15.0263
    7.5000  -22.5000  -22.5000 2773.5195   15.1074
   -7.5000  -15.0000  -22.5000 2796.9673   15.0962
    0.0000  -15.0000  -22.5000 2808.0386   15.1128
    7.5000  -15.0000  -22.5000 2779.5232   15.1470
   -7.5000   -7.5000  -22.5000 2794.8660   15.4553
    0.0000   -7.5000  -22.5000 2814.5486   15.4818
    7.5000   -7.5000  -22.5000 2778.0952   15.4915
   -7.5000    0.0000  -22.5000 2769.3203   16.0934
    0.0000    0.0000  -22.5000 2793.7974   16.1255
    7.5000    0.0000  -22.5000 2754.3132   16.1306
   -7.5000    7.5000  -22.5000 2715.8550   16.9008
    0.0000    7.5000  -22.5000 2739.1558   16.8978
    7.5000    7.5000  -22.5000 2705.0564   16.9473
   -7.5000   15.0000  -22.5000 2634.0237   17.9165
    0.0000   15.0000  -22.5000 2651.9341   17.9304
    7.5000   15.0000  -22.5000 2623.3677   18.0408
   -7.5000   22.5000  -22.5000 2526.3513   19.3310
    0.0000   22.5000  -22.5000 2544.5928   19.3272
    7.5000   22.5000  -22.5000 2520.4285   19.4652
   -7.5000   30.0000  -22.5000 2400.7095   21.2149
    0.0000   30.0000  -22.5000 2412.7351   21.2157
    7.5000   30.0000  -22.5000 2395.0764   21.3134
   -7.5000   37.5000  -22.5000 2269.8120   23.6628
    0.0000   37.5000  -22.5000 2276.3914   23.6717
    7.5000   37.5000  -22.5000 2260.9426   23.7680
   -7.5000   45.0000  -22.5000 2115.3516   26.8992
    0.0000   45.0000  -22.5000 2125.2959   26.8704
    7.5000   45.0000  -22.5000 2107.5073   27.0235
   -7.5000  -45.0000  -15.0000 2675.8884   16.5802
    0.0000  -45.0000  -15.0000 2690.6987   16.5487
    7.5000  -45.0000  -15.0000 2669.4771   16.6979
   -7.5000  -37.5000  -15.0000 2758.4744   15.5947
    0.0000  -37.5000  -15.0000 2775.8403   15.5292
    7.5000  -37.5000  -15.0000 2756.1816   15.6859
   -7.5000  -30.0000  -15.0000 2816.2432   14.9135
    0.0000  -30.0000  -15.0000 2834.2729   14.8592
    7.5000  -30.0000  -15.0000 2815.6609   15.0041
   -7.5000  -22.5000  -15.0000 2850.5400   14.4772
    0.0000  -22.5000  -15.0000 2873.7310   14.4142
    7.5000  -22.5000  -15.0000 2841.6653   14.5834
   -7.5000  -15.0000  -15.0000 2869.1550   14.4311
    0.0000  -15.0000  -15.0000 2882.3704   14.3947
    7.5000  -15.0000  -15.0000 2852.8013   14.5259
   -7.5000   -7.5000  -15.0000 2872.4624   14.7952
    0.0000   -7.5000  -15.0000 2892.3713   14.7751
    7.5000   -7.5000  -15.0000 2857.9731   14.8566
   -7.5000    0.0000  -15.0000 2841.3401   15.4538
    0.0000    0.0000  -15.0000 2863.0190   15.4334
    7.5000    0.0000  -15.0000 2827.0627   15.5147
   -7.5000    7.5000  -15.0000 2779.2319   16.2644
    0.0000    7.5000  -15.0000 2797.3462   16.2327
    7.5000    7.5000  -15.0000 2769.6213   16.3646
   -7.5000   15.0000  -15.0000 2695.6958   17.2879
    0.0000   15.0000  -15.0000 2707.3501   17.2557
    7.5000   15.0000  -15.0000 2684.1980   17.4000
   -7.5000   22.5000  -15.0000 2585.8057   18.7101
    0.0000   22.5000  -15.0000 2604.4519   18.6758
    7.5000   22.5000  -15.0000 2578.0686   18.8348
   -7.5000   30.0000  -15.0000 2463.8162   20.5633
    0.0000   30.0000  -15.0000 2474.9829   20.5353
    7.5000   30.0000  -15.0000 2452.6519   20.6951
   -7.5000   37.5000  -15.0000 2321.3381   22.8938
    0.0000   37.5000  -15.0000 2326.8938   22.8775
    7.5000   37.5000  -15.0000 2313.8533   23.0680
   -7.5000   45.0000  -15.0000 2160.9136   25.9735
    0.0000   45.0000  -15.0000 2168.7024   25.8631
    7.5000   45.0000  -15.0000 2152.8159   26.1412
   -7.5000  -45.0000   -7.5000 2685.4099   16.3269
    0.0000  -45.0000   -7.5000 2702.5605   16.2033
    7.5000  -45.0000   -7.5000 2687.8271   16.4828
   -7.5000  -37.5000   -7.5000 2780.1533   15.3273
    0.0000  -37.5000   -7.5000 2796.3047   15.1833
    7.5000  -37.5000   -7.5000 2781.1294   15.4362
   -7.5000  -30.0000   -7.5000 2849.2080   14.6431
    0.0000  -30.0000   -7.5000 2871.1777   14.5457
    7.5000  -30.0000   -7.5000 2848.9854   14.7459
   -7.5000  -22.5000   -7.5000 2894.8210   14.1679
    0.0000  -22.5000   -7.5000 2926.3936   14.0281
    7.5000  -22.5000   -7.5000 2887.8572   14.2825
   -7.5000  -15.0000   -7.5000 2922.6033   13.9681
    0.0000  -15.0000   -7.5000 2944.9397   13.8086
    7.5000  -15.0000   -7.5000 2905.6572   14.1160
   -7.5000   -7.5000   -7.5000 2927.8726   14.2865
    0.0000   -7.5000   -7.5000 2944.6704   14.1443
    7.5000   -7.5000   -7.5000 2907.0774   14.3791
   -7.5000    0.0000   -7.5000 2885.9050   14.9160
    0.0000    0.0000   -7.5000 2909.1658   14.8051
    7.5000    0.0000   -7.5000 2871.3206   15.0135
   -7.5000    7.5000   -7.5000 2816.2673   15.7477
    0.0000    7.5000   -7.5000 2834.4678   15.6192
    7.5000    7.5000   -7.5000 2807.6975   15.8919
   -7.5000   15.0000   -7.5000 2727.0559   16.7956
    0.0000   15.0000   -7.5000 2743.4211   16.7038
    7.5000   15.0000   -7.5000 2718.1299   16.9420
   -7.5000   22.5000   -7.5000 2616.6301   18.1932
    0.0000   22.5000   -7.5000 2634.3677   18.1188
    7.5000   22.5000   -7.5000 2607.9116   18.3634
   -7.5000   30.0000   -7.5000 2495.6167   19.9888
    0.0000   30.0000   -7.5000 2509.1721   19.9564
    7.5000   30.0000   -7.5000 2483.2366   20.1751
   -7.5000   37.5000   -7.5000 2346.3789   22.2845
    0.0000   37.5000   -7.5000 2358.3835   22.2695
    7.5000   37.5000   -7.5000 2337.2083   22.5052
   -7.5000   45.0000   -7.5000 2188.3000   25.2902
    0.0000   45.0000   -7.5000 2202.6160   25.2240
    7.5000   45.0000   -7.5000 2176.5173   25.4861
   -7.5000  -45.0000    0.0000 2681.4067   16.3419
    0.0000  -45.0000    0.0000 2694.4277   16.1029
    7.5000  -45.0000    0.0000 2682.0061   16.4732
   -7.5000  -37.5000    0.0000 2780.9438   15.2660
    0.0000  -37.5000    0.0000 2793.8135   15.0439
    7.5000  -37.5000    0.0000 2779.5186   15.3949
   -7.5000  -30.0000    0.0000 2859.4011   14.5525
    0.0000  -30.0000    0.0000 2880.7520   14.3547
    7.5000  -30.0000    0.0000 2854.3062   14.6721
   -7.5000  -22.5000    0.0000 2923.6716   14.1160
    0.0000  -22.5000    0.0000 2956.2976   13.9121
    7.5000  -22.5000    0.0000 2909.1780   14.2235
   -7.5000  -15.0000    0.0000 2946.5012   13.8451
    0.0000  -15.0000    0.0000 2974.8589   13.5531
    7.5000  -15.0000    0.0000 2926.8469   14.0233
   -7.5000   -7.5000    0.0000 2943.3064   14.0234
    0.0000   -7.5000    0.0000 2959.9812   13.7341
    7.5000   -7.5000    0.0000 2923.6104   14.1942
   -7.5000    0.0000    0.0000 2892.8511   14.6335
    0.0000    0.0000    0.0000 2908.5488   14.3759
    7.5000    0.0000    0.0000 2885.8137   14.7784
   -7.5000    7.5000    0.0000 2823.3564   15.4939
    0.0000    7.5000    0.0000 2844.3987   15.3124
    7.5000    7.5000    0.0000 2817.2561   15.6163
   -7.5000   15.0000    0.0000 2729.9551   16.6065
    0.0000   15.0000    0.0000 2749.0708   16.4893
    7.5000   15.0000    0.0000 2724.3606   16.6982
   -7.5000   22.5000    0.0000 2621.0359   18.0125
    0.0000   22.5000    0.0000 2642.6460   17.9431
    7.5000   22.5000    0.0000 2616.0142   18.0996
   -7.5000   30.0000    0.0000 2497.9961   19.8171
    0.0000   30.0000    0.0000 2518.9871   19.7880
    7.5000   30.0000    0.0000 2494.4238   19.9176
   -7.5000   37.5000    0.0000 2360.0752   22.1326
    0.0000   37.5000    0.0000 2374.5994   22.1195
    7.5000   37.5000    0.0000 2356.0808   22.2706
   -7.5000   45.0000    0.0000 2201.5662   25.1133
    0.0000   45.0000    0.0000 2216.0886   25.0593
    7.5000   45.0000    0.0000 2192.6980   25.2674
   -7.5000  -45.0000    7.5000 2659.9980   16.5254
    0.0000  -45.0000    7.5000 2672.6482   16.2597
    7.5000  -45.0000    7.5000 2652.7004   16.6759
   -7.5000  -37.5000    7.5000 2761.0183   15.4004
    0.0000  -37.5000    7.5000 2776.4448   15.1421
    7.5000  -37.5000    7.5000 2754.3723   15.5491
   -7.5000  -30.0000    7.5000 2845.4175   14.6954
    0.0000  -30.0000    7.5000 2862.6895   14.3970
    7.5000  -30.0000    7.5000 2840.5725   14.8225
   -7.5000  -22.5000    7.5000 2912.8804   14.3006
    0.0000  -22.5000    7.5000 2938.3879   13.9985
    7.5000  -22.5000    7.5000 2903.6770   14.4158
   -7.5000  -15.0000    7.5000 2947.5295   14.1355
    0.0000  -15.0000    7.5000 2972.0283   13.8453
    7.5000  -15.0000    7.5000 2931.5134   14.2961
   -7.5000   -7.5000    7.5000 2943.6562   14.2427
    0.0000   -7.5000    7.5000 2967.1675   14.0226
    7.5000   -7.5000    7.5000 2930.4922   14.3977
   -7.5000    0.0000    7.5000 2888.6118   14.7156
    0.0000    0.0000    7.5000 2913.8801   14.5667
    7.5000    0.0000    7.5000 2880.1963   14.8113
   -7.5000    7.5000    7.5000 2821.6255   15.5398
    0.0000    7.5000    7.5000 2844.7429   15.4305
    7.5000    7.5000    7.5000 2812.6775   15.5932
   -7.5000   15.0000    7.5000 2721.5886   16.7084
    0.0000   15.0000    7.5000 2738.6243   16.6410
    7.5000   15.0000    7.5000 2718.4436   16.7487
   -7.5000   22.5000    7.5000 2619.4724   18.0994
    0.0000   22.5000    7.5000 2631.7395   18.0668
    7.5000   22.5000    7.5000 2613.3413   18.1793
   -7.5000   30.0000    7.5000 2496.7346   19.8620
    0.0000   30.0000    7.5000 2510.4287   19.8690
    7.5000   30.0000    7.5000 2487.7114   19.9671
   -7.5000   37.5000    7.5000 2356.0605   22.0994
    0.0000   37.5000    7.5000 2371.7129   22.1472
    7.5000   37.5000    7.5000 2349.6055   22.2465
   -7.5000   45.0000    7.5000 2194.3870   24.9686
    0.0000   45.0000    7.5000 2213.8489   25.0044
    7.5000   45.0000    7.5000 2190.2549   25.1100
   -7.5000  -45.0000   15.0000 2619.7751   16.9295
    0.0000  -45.0000   15.0000 2629.9060   16.6735
    7.5000  -45.0000   15.0000 2612.6848   17.1355
   -7.5000  -37.5000   15.0000 2716.0959   15.8047
    0.0000  -37.5000   15.0000 2732.7222   15.5828
    7.5000  -37.5000   15.0000 2706.6294   15.9718
   -7.5000  -30.0000   15.0000 2800.0835   15.0877
    0.0000  -30.0000   15.0000 2819.2698   14.9152
    7.5000  -30.0000   15.0000 2791.6536   15.2685
   -7.5000  -22.5000   15.0000 2874.3948   14.7156
    0.0000  -22.5000   15.0000 2899.6426   14.5721
    7.5000  -22.5000   15.0000 2862.3062   14.8749
   -7.5000  -15.0000   15.0000 2906.6047   14.5464
    0.0000  -15.0000   15.0000 2927.5149   14.3673
    7.5000  -15.0000   15.0000 2894.0098   14.7216
   -7.5000   -7.5000   15.0000 2897.8406   14.7106
    0.0000   -7.5000   15.0000 2928.6338   14.6304
    7.5000   -7.5000   15.0000 2889.0291   14.8431
   -7.5000    0.0000   15.0000 2853.1116   15.2314
    0.0000    0.0000   15.0000 2882.3193   15.1775
    7.5000    0.0000   15.0000 2845.6287   15.3360
   -7.5000    7.5000   15.0000 2792.8335   15.9726
    0.0000    7.5000   15.0000 2821.9241   15.9544
    7.5000    7.5000   15.0000 2783.8665   16.0661
   -7.5000   15.0000   15.0000 2693.7886   17.0102
    0.0000   15.0000   15.0000 2714.7000   17.0102
    7.5000   15.0000   15.0000 2688.6287   17.1151
   -7.5000   22.5000   15.0000 2589.7791   18.3456
    0.0000   22.5000   15.0000 2605.0974   18.3628
    7.5000   22.5000   15.0000 2583.5532   18.4804
   -7.5000   30.0000   15.0000 2471.8992   20.1111
    0.0000   30.0000   15.0000 2487.8965   20.1062
    7.5000   30.0000   15.0000 2464.3586   20.2278
   -7.5000   37.5000   15.0000 2339.1802   22.3338
    0.0000   37.5000   15.0000 2353.3442   22.3003
    7.5000   37.5000   15.0000 2336.8230   22.4438
   -7.5000   45.0000   15.0000 2182.9209   25.2372
    0.0000   45.0000   15.0000 2199.7820   25.1334
    7.5000   45.0000   15.0000 2184.1257   25.2879
   -7.5000  -45.0000   22.5000 2566.4592   17.6775
    0.0000  -45.0000   22.5000 2584.3818   17.5321
    7.5000  -45.0000   22.5000 2556.4976   17.8761
   -7.5000  -37.5000   22.5000 2659.3582   16.5668
    0.0000  -37.5000   22.5000 2679.3252   16.4304
    7.5000  -37.5000   22.5000 2649.8772   16.7228
   -7.5000  -30.0000   22.5000 2739.1465   15.7976
    0.0000  -30.0000   22.5000 2759.6023   15.6374
    7.5000  -30.0000   22.5000 2733.9963   15.9298
   -7.5000  -22.5000   22.5000 2808.6147   15.2975
    0.0000  -22.5000   22.5000 2827.8987   15.1032
    7.5000  -22.5000   22.5000 2799.5063   15.4402
   -7.5000  -15.0000   22.5000 2835.8179   15.1290
    0.0000  -15.0000   22.5000 2847.3513   14.9654
    7.5000  -15.0000   22.5000 2826.8604   15.2835
   -7.5000   -7.5000   22.5000 2824.5181   15.3875
    0.0000   -7.5000   22.5000 2846.3662   15.2417
    7.5000   -7.5000   22.5000 2820.7827   15.5059
   -7.5000    0.0000   22.5000 2793.7385   15.8782
    0.0000    0.0000   22.5000 2814.2024   15.7374
    7.5000    0.0000   22.5000 2790.4290   15.9651
   -7.5000    7.5000   22.5000 2744.7297   16.6176
    0.0000    7.5000   22.5000 2765.9619   16.5150
    7.5000    7.5000   22.5000 2736.4980   16.7062
   -7.5000   15.0000   22.5000 2661.1196   17.6223
    0.0000   15.0000   22.5000 2687.8420   17.5792
    7.5000   15.0000   22.5000 2655.7434   17.7512
   -7.5000   22.5000   22.5000 2560.6274   18.9174
    0.0000   22.5000   22.5000 2579.7498   18.9061
    7.5000   22.5000   22.5000 2556.8091   19.0742
   -7.5000   30.0000   22.5000 2444.5984   20.5948
    0.0000   30.0000   22.5000 2459.4893   20.6291
    7.5000   30.0000   22.5000 2438.7332   20.7813
   -7.5000   37.5000   22.5000 2308.6699   22.8466
    0.0000   37.5000   22.5000 2322.2524   22.8461
    7.5000   37.5000   22.5000 2306.7874   22.9879
   -7.5000   45.0000   22.5000 2157.8777   25.7160
    0.0000   45.0000   22.5000 2170.6914   25.5665
    7.5000   45.0000   22.5000 2156.5591   25.7889
   -7.5000  -45.0000   30.0000 2508.4795   18.7618
    0.0000  -45.0000   30.0000 2534.2566   18.6627
    7.5000  -45.0000   30.0000 2499.4241   18.9215
   -7.5000  -37.5000   30.0000 2599.2251   17.5371
    0.0000  -37.5000   30.0000 2626.3240   17.4312
    7.5000  -37.5000   30.0000 2587.6514   17.6707
   -7.5000  -30.0000   30.0000 2674.6421   16.6440
    0.0000  -30.0000   30.0000 2702.0701   16.5281
    7.5000  -30.0000   30.0000 2666.0010   16.7803
   -7.5000  -22.5000   30.0000 2731.0291   16.0840
    0.0000  -22.5000   30.0000 2752.8545   15.9584
    7.5000  -22.5000   30.0000 2721.8916   16.2636
   -7.5000  -15.0000   30.0000 2750.1724   15.9481
    0.0000  -15.0000   30.0000 2761.8652   15.8417
    7.5000  -15.0000   30.0000 2742.3069   16.1095
   -7.5000   -7.5000   30.0000 2737.4731   16.1933
    0.0000   -7.5000   30.0000 2754.7053   16.0662
    7.5000   -7.5000   30.0000 2734.3845   16.3015
   -7.5000    0.0000   30.0000 2708.2522   16.6940
    0.0000    0.0000   30.0000 2725.5417   16.5714
    7.5000    0.0000   30.0000 2706.9641   16.8163
   -7.5000    7.5000   30.0000 2675.7878   17.4108
    0.0000    7.5000   30.0000 2696.0337   17.3010
    7.5000    7.5000   30.0000 2667.6782   17.5291
   -7.5000   15.0000   30.0000 2605.3477   18.3414
    0.0000   15.0000   30.0000 2629.4880   18.2864
    7.5000   15.0000   30.0000 2598.8706   18.5003
   -7.5000   22.5000   30.0000 2523.2002   19.6288
    0.0000   22.5000   30.0000 2536.7715   19.6248
    7.5000   22.5000   30.0000 2516.8733   19.8202
   -7.5000   30.0000   30.0000 2409.7605   21.3507
    0.0000   30.0000   30.0000 2423.0137   21.3618
    7.5000   30.0000   30.0000 2404.0908   21.5497
   -7.5000   37.5000   30.0000 2272.1797   23.5733
    0.0000   37.5000   30.0000 2286.2371   23.6610
    7.5000   37.5000   30.0000 2271.5762   23.8020
   -7.5000   45.0000   30.0000 2128.8569   26.4761
    0.0000   45.0000   30.0000 2134.8389   26.4154
    7.5000   45.0000   30.0000 2127.7981   26.6628
   -7.5000  -45.0000   37.5000 2447.5461   20.0750
    0.0000  -45.0000   37.5000 2474.4006   20.0055
    7.5000  -45.0000   37.5000 2438.4094   20.2143
   -7.5000  -37.5000   37.5000 2532.7119   18.7590
    0.0000  -37.5000   37.5000 2559.7290   18.6799
    7.5000  -37.5000   37.5000 2520.1523   18.8796
   -7.5000  -30.0000   37.5000 2603.3059   17.7785
    0.0000  -30.0000   37.5000 2632.0823   17.6885
    7.5000  -30.0000   37.5000 2592.5950   17.9339
   -7.5000  -22.5000   37.5000 2651.5317   17.1831
    0.0000  -22.5000   37.5000 2672.9426   17.1214
    7.5000  -22.5000   37.5000 2643.3794   17.3547
   -7.5000  -15.0000   37.5000 2666.5820   17.0315
    0.0000  -15.0000   37.5000 2684.0789   16.9593
    7.5000  -15.0000   37.5000 2660.0828   17.1604
   -7.5000   -7.5000   37.5000 2658.1838   17.2134
    0.0000   -7.5000   37.5000 2673.4275   17.1383
    7.5000   -7.5000   37.5000 2654.7261   17.3257
   -7.5000    0.0000   37.5000 2633.0391   17.7026
    0.0000    0.0000   37.5000 2649.4741   17.6395
    7.5000    0.0000   37.5000 2635.6418   17.8454
   -7.5000    7.5000   37.5000 2601.7458   18.3975
    0.0000    7.5000   37.5000 2619.6821   18.3296
    7.5000    7.5000   37.5000 2600.2517   18.5455
   -7.5000   15.0000   37.5000 2545.4565   19.2863
    0.0000   15.0000   37.5000 2568.1636   19.2273
    7.5000   15.0000   37.5000 2541.0276   19.4323
   -7.5000   22.5000   37.5000 2466.5566   20.5205
    0.0000   22.5000   37.5000 2479.1328   20.5151
    7.5000   22.5000   37.5000 2461.6204   20.6893
   -7.5000   30.0000   37.5000 2357.0527   22.2224
    0.0000   30.0000   37.5000 2368.6150   22.2510
    7.5000   30.0000   37.5000 2352.7356   22.4216
   -7.5000   37.5000   37.5000 2234.2781   24.6227
    0.0000   37.5000   37.5000 2243.6741   24.6294
    7.5000   37.5000   37.5000 2233.8513   24.8112
   -7.5000   45.0000   37.5000 2091.6006   27.5558
    0.0000   45.0000   37.5000 2098.3267   27.5250
    7.5000   45.0000   37.5000 2091.9160   27.7670
   -7.5000  -45.0000   45.0000 2376.3948   21.6857
    0.0000  -45.0000   45.0000 2400.7107   21.6370
    7.5000  -45.0000   45.0000 2368.2458   21.7939
   -7.5000  -37.5000   45.0000 2460.9880   20.2374
    0.0000  -37.5000   45.0000 2490.5989   20.1811
    7.5000  -37.5000   45.0000 2451.7163   20.3706
   -7.5000  -30.0000   45.0000 2527.6992   19.1657
    0.0000  -30.0000   45.0000 2550.1685   19.0881
    7.5000  -30.0000   45.0000 2519.7842   19.3152
   -7.5000  -22.5000   45.0000 2565.5979   18.5138
    0.0000  -22.5000   45.0000 2583.0125   18.4972
    7.5000  -22.5000   45.0000 2561.2529   18.6742
   -7.5000  -15.0000   45.0000 2575.7954   18.3298
    0.0000  -15.0000   45.0000 2594.7014   18.3065
    7.5000  -15.0000   45.0000 2572.1602   18.4955
   -7.5000   -7.5000   45.0000 2576.1719   18.4718
    0.0000   -7.5000   45.0000 2590.5161   18.4606
    7.5000   -7.5000   45.0000 2572.8484   18.6059
   -7.5000    0.0000   45.0000 2558.5037   18.9323
    0.0000    0.0000   45.0000 2568.3638   18.8868
    7.5000    0.0000   45.0000 2555.9294   19.0440
   -7.5000    7.5000   45.0000 2527.9138   19.6083
    0.0000    7.5000   45.0000 2541.5686   19.5743
    7.5000    7.5000   45.0000 2524.2817   19.7319
   -7.5000   15.0000   45.0000 2478.4133   20.4629
    0.0000   15.0000   45.0000 2496.6306   20.4547
    7.5000   15.0000   45.0000 2478.1289   20.6268
   -7.5000   22.5000   45.0000 2400.8013   21.6566
    0.0000   22.5000   45.0000 2419.6335   21.6636
    7.5000   22.5000   45.0000 2401.0400   21.8169
   -7.5000   30.0000   45.0000 2296.4490   23.4343
    0.0000   30.0000   45.0000 2310.0459   23.4051
    7.5000   30.0000   45.0000 2293.2019   23.5942
   -7.5000   37.5000   45.0000 2185.2812   25.8556
    0.0000   37.5000   45.0000 2195.1667   25.8308
    7.5000   37.5000   45.0000 2180.0144   26.0177
   -7.5000   45.0000   45.0000 2051.3555   29.0011
    0.0000   45.0000   45.0000 2058.9355   28.9361
    7.5000   45.0000   45.0000 2046.6635   29.1412

---------------------------------------------------------------------
imgreg_4dfp /usr/local/freesurfer/average/711-2C_as_mni_average_305 /usr/local/freesurfer/average/711-2B_as_mni_average_305_mask talsrcimg_g11 none talsrcimg_to_711-2C_as_mni_average_305_t4 1283
---------------------------------------------------------------------

freesurfer imgreg_4dfp.c
/usr/local/freesurfer/average/711-2C_as_mni_average_305.4dfp.img
       256       256       256         1
  1.000000  1.000000  1.000000
orientation T byte_order littleendian
Reading image: /usr/local/freesurfer/average/711-2C_as_mni_average_305.4dfp.img
dimensions:      256       256       256
mmppix:       1.0000   -1.0000   -1.0000
center:     128.0000 -129.0000 -129.0000
/usr/local/freesurfer/average/711-2B_as_mni_average_305_mask.4dfp.img
       256       256       256         1
  1.000000  1.000000  1.000000
orientation T byte_order littleendian
Reading mask: /usr/local/freesurfer/average/711-2B_as_mni_average_305_mask.4dfp.img (2306576 pixels)
talsrcimg_g11.4dfp.img
       256       256       256         1
  1.000000  1.000000  1.000000
orientation T byte_order littleendian
Reading image: talsrcimg_g11.4dfp.img
dimensions:      256       256       256
mmppix:       1.0000   -1.0000   -1.0000
center:     128.0000 -129.0000 -129.0000
rotation matrix determinant  1.000000
fimgreg.f
image alignment mode   1283 decimal      503 hex
parameters
    0.0000  -15.0000    0.0000    0.0000    0.0000    0.0000
eta,q 0.93426 13.61224
niter,ni,del,rscale     5    3   12.0000    1.2000
parameter  4  0.788080 ->  0.500000 qaram    1.1500
parameters
   -0.5571  -14.7152    1.9566   -3.4500   -0.1818   -0.3007
eta,q 0.94192 13.50464
  0.0697  0.0719  0.0735  0.0593  0.0630  0.0633
  0.0667  0.0682  0.0701  0.0583  0.0612  0.0609
  0.0631  0.0643  0.0649  0.0579  0.0593  0.0587
  0.0623  0.0617  0.0614  0.0614  0.0580  0.0581
  0.0647  0.0631  0.0615  0.0667  0.0590  0.0595
  0.0684  0.0670  0.0625  0.0713  0.0606  0.0618
  0.0730  0.0705  0.0650  0.0750  0.0645  0.0640
niter,ni,del,rscale     5    3   12.0000    1.2000
parameters
   -1.3769  -14.1349    1.6077   -5.8492   -0.4602   -1.0430
eta,q 0.94227 13.54434
  0.0644  0.0686  0.0651  0.0589  0.0631  0.0609
  0.0608  0.0637  0.0602  0.0587  0.0613  0.0588
  0.0586  0.0600  0.0570  0.0579  0.0591  0.0577
  0.0581  0.0580  0.0577  0.0573  0.0579  0.0580
  0.0601  0.0582  0.0612  0.0589  0.0594  0.0590
  0.0641  0.0612  0.0635  0.0640  0.0614  0.0605
  0.0687  0.0655  0.0638  0.0700  0.0646  0.0620
niter,ni,del,rscale     4    3   12.0000    1.2000
parameters
   -1.6246  -13.7820    0.7132   -7.6468   -0.4205   -1.0616
eta,q 0.94305 13.58406
  0.0663  0.0665  0.0637  0.0580  0.0615  0.0613
  0.0615  0.0612  0.0579  0.0582  0.0603  0.0592
  0.0586  0.0585  0.0559  0.0573  0.0585  0.0574
  0.0577  0.0577  0.0577  0.0564  0.0570  0.0569
  0.0595  0.0583  0.0613  0.0572  0.0572  0.0580
  0.0630  0.0606  0.0632  0.0598  0.0595  0.0596
  0.0673  0.0641  0.0639  0.0644  0.0622  0.0609
niter,ni,del,rscale     3    3   12.0000    1.2000
parameters
   -1.6975  -13.6132    0.3010   -8.9343    0.1649   -1.0565
eta,q 0.94315 13.62654
  0.0659  0.0638  0.0642  0.0577  0.0603  0.0605
  0.0610  0.0595  0.0580  0.0577  0.0594  0.0589
  0.0581  0.0579  0.0554  0.0577  0.0587  0.0573
  0.0569  0.0569  0.0569  0.0565  0.0572  0.0569
  0.0586  0.0570  0.0597  0.0564  0.0566  0.0577
  0.0619  0.0593  0.0618  0.0581  0.0580  0.0590
  0.0657  0.0631  0.0631  0.0613  0.0601  0.0603
niter,ni,del,rscale     2    3   12.0000    1.2000
parameters
   -1.9816  -12.9327    0.4317  -10.9118    1.8789   -0.2155
eta,q 0.94407 13.64438
  0.0649  0.0634  0.0647  0.0570  0.0592  0.0598
  0.0602  0.0598  0.0588  0.0564  0.0589  0.0579
  0.0577  0.0580  0.0558  0.0567  0.0587  0.0564
  0.0569  0.0568  0.0563  0.0565  0.0567  0.0559
  0.0591  0.0559  0.0585  0.0564  0.0559  0.0563
  0.0624  0.0578  0.0606  0.0577  0.0567  0.0569
  0.0653  0.0613  0.0618  0.0602  0.0583  0.0580
niter,ni,del,rscale     1    3   12.0000    1.2000
parameters
   -2.2321  -11.6507    0.6553  -12.6314    1.6983   -0.8863
eta,q 0.94460 13.63493
  0.0647  0.0652  0.0636  0.0572  0.0589  0.0584
  0.0599  0.0607  0.0584  0.0558  0.0579  0.0569
  0.0567  0.0577  0.0556  0.0555  0.0560  0.0556
  0.0559  0.0558  0.0554  0.0555  0.0555  0.0555
  0.0587  0.0554  0.0576  0.0562  0.0561  0.0563
  0.0621  0.0569  0.0597  0.0583  0.0575  0.0579
  0.0647  0.0597  0.0607  0.0606  0.0598  0.0601
registration optimization eta report
parameter search radius
    6.0000    6.0000    6.0000    6.9000    6.0000    6.0000
100000*second partial in parameter space
       23.       18.       18.        7.       10.       10.
  0.0647  0.0652  0.0636  0.0572  0.0589  0.0584
  0.0599  0.0607  0.0584  0.0558  0.0579  0.0569
  0.0567  0.0577  0.0556  0.0555  0.0560  0.0556
  0.0559  0.0558  0.0554  0.0555  0.0555  0.0555
  0.0587  0.0554  0.0576  0.0562  0.0561  0.0563
  0.0621  0.0569  0.0597  0.0583  0.0575  0.0579
  0.0647  0.0597  0.0607  0.0606  0.0598  0.0601
   -2.2321  -11.6507    0.6553  -12.6314    1.6983   -0.8863
eta,q 0.94460 13.63493

---------------------------------------------------------------------
imgreg_4dfp /usr/local/freesurfer/average/711-2C_as_mni_average_305 /usr/local/freesurfer/average/711-2B_as_mni_average_305_mask talsrcimg_g11 none talsrcimg_to_711-2C_as_mni_average_305_t4 3335
---------------------------------------------------------------------

freesurfer imgreg_4dfp.c
/usr/local/freesurfer/average/711-2C_as_mni_average_305.4dfp.img
       256       256       256         1
  1.000000  1.000000  1.000000
orientation T byte_order littleendian
Reading image: /usr/local/freesurfer/average/711-2C_as_mni_average_305.4dfp.img
dimensions:      256       256       256
mmppix:       1.0000   -1.0000   -1.0000
center:     128.0000 -129.0000 -129.0000
/usr/local/freesurfer/average/711-2B_as_mni_average_305_mask.4dfp.img
       256       256       256         1
  1.000000  1.000000  1.000000
orientation T byte_order littleendian
Reading mask: /usr/local/freesurfer/average/711-2B_as_mni_average_305_mask.4dfp.img (2306576 pixels)
talsrcimg_g11.4dfp.img
       256       256       256         1
  1.000000  1.000000  1.000000
orientation T byte_order littleendian
Reading image: talsrcimg_g11.4dfp.img
dimensions:      256       256       256
mmppix:       1.0000   -1.0000   -1.0000
center:     128.0000 -129.0000 -129.0000
fimgreg.f
image alignment mode   3335 decimal      D07 hex
parameters
   -2.2321  -11.6507    0.6553   -0.0559   -2.4420   -2.4632
    2.1573   -2.5534   -1.5461   21.9100    2.9637  -21.8582
eta,q 0.94704 13.59674
niter,ni,del,rscale     5    3    5.0000    1.2000
parameter  4 13.844218 ->  0.500000 qaram    1.1500
parameter  5  3.628898 ->  0.500000 qaram    1.1500
parameter  6  5.211294 ->  0.500000 qaram    1.1500
parameter  9 -0.612287 -> -0.500000 qaram    1.1500
parameter 10  0.535041 ->  0.500000 qaram    1.1500
parameter 11  0.578761 ->  0.500000 qaram    1.1500
parameters
   -1.4524  -10.6295   -0.0747   -4.1959   -6.5820   -6.6032
   -0.4177   -0.0696    2.5939   17.7700   -1.1763  -18.8736
eta,q 0.96579 13.32866
  0.0554  0.0553  0.0531  0.0444  0.0403  0.0327  0.0375  0.0401  0.0382  0.0356  0.0347  0.0393
  0.0543  0.0541  0.0526  0.0468  0.0419  0.0358  0.0366  0.0383  0.0373  0.0349  0.0345  0.0372
  0.0534  0.0533  0.0525  0.0496  0.0444  0.0393  0.0364  0.0371  0.0365  0.0350  0.0346  0.0355
  0.0530  0.0528  0.0526  0.0525  0.0476  0.0425  0.0367  0.0364  0.0360  0.0356  0.0349  0.0345
  0.0528  0.0526  0.0531  0.0553  0.0509  0.0460  0.0376  0.0360  0.0357  0.0366  0.0355  0.0342
  0.0530  0.0527  0.0536  0.0582  0.0541  0.0496  0.0391  0.0362  0.0356  0.0378  0.0364  0.0344
  0.0535  0.0529  0.0543  0.0611  0.0572  0.0544  0.0409  0.0371  0.0358  0.0392  0.0374  0.0350
niter,ni,del,rscale     7    3    5.0000    1.2000
parameter  2 -1.235207 -> -0.500000 qaram    1.1500
parameter  3 -0.913043 -> -0.500000 qaram    1.1500
parameter  4  1.229249 ->  0.500000 qaram    1.3225
parameter  5  0.914983 ->  0.500000 qaram    1.3225
parameters
   -1.2482   -9.2495    1.3053   -8.9569  -11.3430  -10.1534
   -0.2455    0.3375    1.1762   20.5307   -1.8464  -18.5719
eta,q 0.97845 13.17954
  0.0376  0.0399  0.0384  0.0254  0.0230  0.0246  0.0257  0.0290  0.0242  0.0286  0.0235  0.0230
  0.0358  0.0377  0.0361  0.0254  0.0229  0.0235  0.0240  0.0257  0.0230  0.0261  0.0224  0.0223
  0.0346  0.0358  0.0340  0.0270  0.0237  0.0222  0.0229  0.0235  0.0224  0.0240  0.0217  0.0218
  0.0342  0.0342  0.0323  0.0306  0.0257  0.0230  0.0225  0.0225  0.0224  0.0223  0.0216  0.0216
  0.0344  0.0329  0.0311  0.0354  0.0286  0.0270  0.0227  0.0227  0.0231  0.0216  0.0219  0.0216
  0.0352  0.0321  0.0305  0.0400  0.0320  0.0323  0.0238  0.0246  0.0243  0.0221  0.0228  0.0221
  0.0366  0.0318  0.0306  0.0442  0.0357  0.0376  0.0254  0.0279  0.0260  0.0239  0.0243  0.0229
niter,ni,del,rscale     7    3    5.0000    1.2000
parameter  2 -0.622781 -> -0.500000 qaram    1.3225
parameters
   -1.0501   -7.6625    0.5521  -11.2689  -13.2771  -11.1924
    0.0883    0.7703    1.1397   21.5597   -1.5866  -20.6652
eta,q 0.97984 13.01521
  0.0264  0.0293  0.0215  0.0230  0.0231  0.0238  0.0236  0.0261  0.0235  0.0257  0.0217  0.0208
  0.0239  0.0261  0.0203  0.0215  0.0213  0.0227  0.0220  0.0232  0.0219  0.0233  0.0210  0.0203
  0.0222  0.0235  0.0198  0.0204  0.0202  0.0216  0.0210  0.0214  0.0208  0.0216  0.0205  0.0202
  0.0216  0.0215  0.0200  0.0198  0.0201  0.0200  0.0205  0.0205  0.0205  0.0205  0.0203  0.0203
  0.0218  0.0203  0.0210  0.0212  0.0215  0.0202  0.0208  0.0207  0.0209  0.0203  0.0203  0.0206
  0.0230  0.0201  0.0226  0.0253  0.0240  0.0235  0.0217  0.0222  0.0219  0.0215  0.0208  0.0212
  0.0250  0.0208  0.0246  0.0305  0.0272  0.0285  0.0231  0.0252  0.0235  0.0239  0.0217  0.0221
niter,ni,del,rscale     7    3    5.0000    1.2000
parameters
   -1.0254   -7.6222    0.1436  -11.4382  -13.4792  -11.4337
    0.1561    0.7088    1.1843   21.8893   -1.4922  -21.3464
eta,q 0.97981 12.99749
  0.0239  0.0254  0.0219  0.0241  0.0247  0.0244  0.0232  0.0253  0.0233  0.0248  0.0216  0.0212
  0.0219  0.0227  0.0207  0.0224  0.0225  0.0231  0.0216  0.0226  0.0217  0.0227  0.0209  0.0206
  0.0206  0.0208  0.0201  0.0211  0.0209  0.0218  0.0206  0.0209  0.0206  0.0211  0.0205  0.0203
  0.0202  0.0202  0.0202  0.0200  0.0201  0.0201  0.0203  0.0203  0.0203  0.0203  0.0202  0.0202
  0.0205  0.0207  0.0208  0.0197  0.0206  0.0198  0.0206  0.0206  0.0206  0.0205  0.0203  0.0205
  0.0218  0.0225  0.0217  0.0215  0.0225  0.0221  0.0215  0.0225  0.0217  0.0219  0.0207  0.0210
  0.0238  0.0252  0.0231  0.0257  0.0255  0.0268  0.0231  0.0257  0.0232  0.0245  0.0217  0.0217
niter,ni,del,rscale     6    3    5.0000    1.2000
parameters
   -1.0129   -7.6166    0.0316  -11.4251  -13.5008  -11.4800
    0.1617    0.6798    1.1907   21.9733   -1.5064  -21.5227
eta,q 0.97981 12.99812
  0.0239  0.0253  0.0225  0.0243  0.0249  0.0246  0.0231  0.0253  0.0232  0.0245  0.0215  0.0214
  0.0218  0.0226  0.0211  0.0225  0.0227  0.0232  0.0215  0.0226  0.0216  0.0225  0.0209  0.0208
  0.0206  0.0208  0.0203  0.0212  0.0210  0.0219  0.0205  0.0209  0.0206  0.0210  0.0204  0.0203
  0.0202  0.0202  0.0202  0.0202  0.0202  0.0202  0.0202  0.0202  0.0202  0.0202  0.0202  0.0202
  0.0206  0.0208  0.0206  0.0197  0.0206  0.0197  0.0205  0.0206  0.0206  0.0205  0.0203  0.0204
  0.0218  0.0226  0.0215  0.0214  0.0224  0.0219  0.0215  0.0224  0.0216  0.0221  0.0208  0.0209
  0.0238  0.0253  0.0227  0.0255  0.0254  0.0264  0.0231  0.0257  0.0231  0.0247  0.0217  0.0215
niter,ni,del,rscale     5    3    5.0000    1.2000
parameters
   -1.0107   -7.6106   -0.0024  -11.4226  -13.5032  -11.4919
    0.1581    0.6752    1.1873   21.9995   -1.5209  -21.5792
eta,q 0.97981 12.99879
  0.0238  0.0253  0.0226  0.0243  0.0250  0.0246  0.0231  0.0254  0.0232  0.0245  0.0215  0.0214
  0.0218  0.0226  0.0212  0.0225  0.0228  0.0232  0.0215  0.0226  0.0216  0.0224  0.0209  0.0208
  0.0206  0.0208  0.0204  0.0212  0.0211  0.0220  0.0205  0.0209  0.0205  0.0209  0.0204  0.0203
  0.0202  0.0202  0.0202  0.0202  0.0202  0.0202  0.0202  0.0202  0.0202  0.0202  0.0202  0.0202
  0.0206  0.0208  0.0206  0.0198  0.0206  0.0197  0.0205  0.0206  0.0206  0.0205  0.0203  0.0204
  0.0218  0.0226  0.0214  0.0214  0.0224  0.0218  0.0215  0.0224  0.0216  0.0221  0.0208  0.0208
  0.0238  0.0253  0.0226  0.0255  0.0254  0.0264  0.0231  0.0256  0.0231  0.0247  0.0217  0.0215
niter,ni,del,rscale     4    3    5.0000    1.2000
parameters
   -1.0089   -7.6088   -0.0107  -11.4227  -13.5073  -11.4970
    0.1567    0.6769    1.1880   22.0065   -1.5215  -21.5988
eta,q 0.97981 12.99866
  0.0238  0.0253  0.0226  0.0243  0.0250  0.0246  0.0231  0.0254  0.0232  0.0245  0.0215  0.0215
  0.0218  0.0226  0.0213  0.0225  0.0228  0.0233  0.0215  0.0226  0.0216  0.0224  0.0209  0.0208
  0.0206  0.0208  0.0204  0.0212  0.0211  0.0220  0.0205  0.0209  0.0205  0.0209  0.0204  0.0203
  0.0202  0.0202  0.0202  0.0202  0.0202  0.0202  0.0202  0.0202  0.0202  0.0202  0.0202  0.0202
  0.0206  0.0208  0.0206  0.0198  0.0206  0.0197  0.0205  0.0206  0.0206  0.0205  0.0203  0.0204
  0.0218  0.0226  0.0214  0.0214  0.0224  0.0218  0.0215  0.0224  0.0216  0.0221  0.0208  0.0208
  0.0238  0.0253  0.0225  0.0255  0.0254  0.0264  0.0231  0.0256  0.0231  0.0248  0.0217  0.0214
registration optimization eta report
parameter search radius
    2.4000    3.1740    2.7600    9.5220    9.5220    8.2800
    7.2000    7.2000    8.2800    8.2800    8.2800    7.2000
100000*second partial in parameter space
       63.       50.       31.        5.        5.        8.
        6.       10.        4.        6.        2.        2.
  0.0238  0.0253  0.0226  0.0243  0.0250  0.0246  0.0231  0.0254  0.0232  0.0245  0.0215  0.0215
  0.0218  0.0226  0.0213  0.0225  0.0228  0.0233  0.0215  0.0226  0.0216  0.0224  0.0209  0.0208
  0.0206  0.0208  0.0204  0.0212  0.0211  0.0220  0.0205  0.0209  0.0205  0.0209  0.0204  0.0203
  0.0202  0.0202  0.0202  0.0202  0.0202  0.0202  0.0202  0.0202  0.0202  0.0202  0.0202  0.0202
  0.0206  0.0208  0.0206  0.0198  0.0206  0.0197  0.0205  0.0206  0.0206  0.0205  0.0203  0.0204
  0.0218  0.0226  0.0214  0.0214  0.0224  0.0218  0.0215  0.0224  0.0216  0.0221  0.0208  0.0208
  0.0238  0.0253  0.0225  0.0255  0.0254  0.0264  0.0231  0.0256  0.0231  0.0248  0.0217  0.0214
   -1.0089   -7.6088   -0.0107  -11.4227  -13.5073  -11.4970
    0.1567    0.6769    1.1880   22.0065   -1.5215  -21.5988
eta,q 0.97981 12.99866

---------------------------------------------------------------------
imgreg_4dfp /usr/local/freesurfer/average/711-2C_as_mni_average_305 /usr/local/freesurfer/average/711-2B_as_mni_average_305_mask talsrcimg_g11 none talsrcimg_to_711-2C_as_mni_average_305_t4 2311
---------------------------------------------------------------------

freesurfer imgreg_4dfp.c
/usr/local/freesurfer/average/711-2C_as_mni_average_305.4dfp.img
       256       256       256         1
  1.000000  1.000000  1.000000
orientation T byte_order littleendian
Reading image: /usr/local/freesurfer/average/711-2C_as_mni_average_305.4dfp.img
dimensions:      256       256       256
mmppix:       1.0000   -1.0000   -1.0000
center:     128.0000 -129.0000 -129.0000
/usr/local/freesurfer/average/711-2B_as_mni_average_305_mask.4dfp.img
       256       256       256         1
  1.000000  1.000000  1.000000
orientation T byte_order littleendian
Reading mask: /usr/local/freesurfer/average/711-2B_as_mni_average_305_mask.4dfp.img (2306576 pixels)
talsrcimg_g11.4dfp.img
       256       256       256         1
  1.000000  1.000000  1.000000
orientation T byte_order littleendian
Reading image: talsrcimg_g11.4dfp.img
dimensions:      256       256       256
mmppix:       1.0000   -1.0000   -1.0000
center:     128.0000 -129.0000 -129.0000
fimgreg.f
image alignment mode   2311 decimal      907 hex
parameters
   -1.0089   -7.6088   -0.0107  -11.4227  -13.5073  -11.4970
    0.1567    0.6769    1.1880   22.0065   -1.5215  -21.5988
eta,q 0.97981 12.99866
niter,ni,del,rscale     5    3    5.0000    0.8000
parameter  4 -0.510156 -> -0.500000 qaram    1.1500
parameters
   -1.0078   -7.6149   -0.1169   -8.6627  -13.3303  -10.4623
   -0.1295    0.4832    0.8893   21.9859   -2.2551  -21.6883
eta,q 0.98066 13.17448
  0.0218  0.0216  0.0210  0.0218  0.0214  0.0227  0.0208  0.0227  0.0204  0.0213  0.0200  0.0200
  0.0209  0.0208  0.0205  0.0212  0.0206  0.0218  0.0200  0.0208  0.0198  0.0203  0.0196  0.0197
  0.0204  0.0203  0.0202  0.0207  0.0200  0.0208  0.0195  0.0197  0.0195  0.0197  0.0194  0.0194
  0.0202  0.0202  0.0202  0.0202  0.0197  0.0197  0.0194  0.0194  0.0194  0.0194  0.0194  0.0193
  0.0204  0.0203  0.0204  0.0198  0.0198  0.0194  0.0196  0.0199  0.0195  0.0195  0.0195  0.0194
  0.0209  0.0208  0.0207  0.0198  0.0203  0.0199  0.0202  0.0212  0.0200  0.0203  0.0199  0.0197
  0.0218  0.0216  0.0212  0.0203  0.0212  0.0214  0.0212  0.0232  0.0207  0.0214  0.0205  0.0201
niter,ni,del,rscale     5    3    5.0000    0.8000
parameters
   -1.0059   -7.4911    0.2255   -9.8675  -13.2762   -9.9618
    0.0670    0.6238    0.9161   22.2172   -2.2545  -21.5919
eta,q 0.98080 13.15403
  0.0214  0.0211  0.0209  0.0207  0.0209  0.0223  0.0208  0.0227  0.0204  0.0213  0.0200  0.0199
  0.0203  0.0202  0.0202  0.0200  0.0202  0.0215  0.0200  0.0208  0.0198  0.0203  0.0195  0.0196
  0.0196  0.0196  0.0196  0.0195  0.0196  0.0203  0.0194  0.0196  0.0194  0.0196  0.0193  0.0193
  0.0193  0.0193  0.0193  0.0193  0.0194  0.0194  0.0192  0.0192  0.0192  0.0192  0.0192  0.0192
  0.0196  0.0194  0.0193  0.0198  0.0195  0.0192  0.0193  0.0195  0.0193  0.0193  0.0193  0.0193
  0.0203  0.0199  0.0195  0.0212  0.0200  0.0199  0.0198  0.0205  0.0198  0.0200  0.0195  0.0195
  0.0214  0.0206  0.0200  0.0236  0.0210  0.0220  0.0206  0.0223  0.0204  0.0211  0.0200  0.0199
niter,ni,del,rscale     4    3    5.0000    0.7000
parameters
   -0.9716   -7.4749    0.4280   -9.9825  -13.3303   -9.6103
    0.0582    0.6042    0.8817   22.2815   -2.2687  -21.4560
eta,q 0.98086 13.15854
  0.0207  0.0204  0.0203  0.0207  0.0204  0.0219  0.0203  0.0217  0.0201  0.0207  0.0197  0.0197
  0.0199  0.0197  0.0197  0.0201  0.0198  0.0210  0.0196  0.0202  0.0196  0.0200  0.0194  0.0194
  0.0194  0.0193  0.0194  0.0195  0.0194  0.0199  0.0193  0.0194  0.0192  0.0194  0.0192  0.0192
  0.0192  0.0192  0.0192  0.0192  0.0192  0.0192  0.0191  0.0191  0.0191  0.0191  0.0191  0.0191
  0.0193  0.0193  0.0192  0.0192  0.0193  0.0192  0.0193  0.0194  0.0192  0.0193  0.0192  0.0192
  0.0198  0.0197  0.0194  0.0198  0.0198  0.0199  0.0197  0.0203  0.0196  0.0198  0.0194  0.0194
  0.0206  0.0203  0.0198  0.0212  0.0206  0.0216  0.0203  0.0217  0.0201  0.0207  0.0198  0.0197
niter,ni,del,rscale     3    3    5.0000    0.6000
parameters
   -0.9702   -7.4572    0.5666   -9.8262  -13.3674   -9.3584
    0.0474    0.5744    0.8512   22.3013   -2.3188  -21.3479
eta,q 0.98092 13.17035
  0.0202  0.0200  0.0199  0.0204  0.0200  0.0213  0.0199  0.0210  0.0198  0.0203  0.0195  0.0195
  0.0196  0.0195  0.0195  0.0199  0.0196  0.0204  0.0195  0.0199  0.0194  0.0197  0.0193  0.0193
  0.0193  0.0192  0.0193  0.0194  0.0192  0.0196  0.0192  0.0193  0.0191  0.0193  0.0191  0.0191
  0.0191  0.0191  0.0191  0.0191  0.0191  0.0191  0.0191  0.0191  0.0191  0.0191  0.0191  0.0191
  0.0192  0.0192  0.0192  0.0191  0.0192  0.0191  0.0192  0.0193  0.0191  0.0192  0.0191  0.0191
  0.0196  0.0195  0.0193  0.0195  0.0195  0.0197  0.0195  0.0200  0.0194  0.0196  0.0193  0.0193
  0.0202  0.0200  0.0196  0.0204  0.0201  0.0210  0.0199  0.0210  0.0198  0.0203  0.0196  0.0195
niter,ni,del,rscale     2    3    5.0000    0.5000
parameters
   -0.9766   -7.4414    0.6551   -9.6829  -13.3909   -9.1897
    0.0383    0.5527    0.8266   22.3174   -2.3727  -21.2699
eta,q 0.98096 13.17944
  0.0198  0.0197  0.0196  0.0200  0.0197  0.0207  0.0196  0.0204  0.0195  0.0199  0.0194  0.0194
  0.0194  0.0194  0.0193  0.0196  0.0194  0.0200  0.0193  0.0196  0.0193  0.0195  0.0192  0.0192
  0.0192  0.0191  0.0192  0.0193  0.0191  0.0193  0.0191  0.0192  0.0191  0.0192  0.0191  0.0191
  0.0191  0.0191  0.0191  0.0191  0.0191  0.0190  0.0190  0.0190  0.0190  0.0190  0.0190  0.0190
  0.0192  0.0191  0.0191  0.0191  0.0191  0.0191  0.0191  0.0192  0.0191  0.0191  0.0191  0.0191
  0.0194  0.0193  0.0192  0.0193  0.0193  0.0196  0.0193  0.0197  0.0193  0.0194  0.0192  0.0192
  0.0199  0.0197  0.0194  0.0200  0.0198  0.0205  0.0196  0.0205  0.0195  0.0199  0.0194  0.0193
niter,ni,del,rscale     1    3    5.0000    0.4000
parameters
   -0.9832   -7.4305    0.7202   -9.5457  -13.3958   -9.0847
    0.0356    0.5383    0.8172   22.3312   -2.4033  -21.2333
eta,q 0.98097 13.18718
  0.0195  0.0195  0.0194  0.0197  0.0195  0.0202  0.0194  0.0199  0.0193  0.0196  0.0193  0.0192
  0.0193  0.0192  0.0192  0.0194  0.0192  0.0196  0.0192  0.0194  0.0192  0.0193  0.0191  0.0191
  0.0191  0.0191  0.0191  0.0192  0.0191  0.0192  0.0191  0.0191  0.0191  0.0191  0.0190  0.0191
  0.0190  0.0190  0.0190  0.0190  0.0190  0.0190  0.0190  0.0190  0.0190  0.0190  0.0190  0.0190
  0.0191  0.0191  0.0191  0.0190  0.0191  0.0191  0.0191  0.0191  0.0191  0.0191  0.0191  0.0190
  0.0193  0.0192  0.0191  0.0192  0.0192  0.0194  0.0192  0.0194  0.0192  0.0193  0.0191  0.0191
  0.0196  0.0194  0.0193  0.0197  0.0195  0.0200  0.0194  0.0199  0.0193  0.0196  0.0193  0.0192
registration optimization eta report
parameter search radius
    0.8000    0.8000    0.8000    2.7600    2.4000    2.4000
    2.4000    2.4000    2.4000    2.4000    2.4000    2.4000
100000*second partial in parameter space
       78.       63.       46.        8.        8.       18.
        7.       16.        6.       10.        4.        4.
  0.0195  0.0195  0.0194  0.0197  0.0195  0.0202  0.0194  0.0199  0.0193  0.0196  0.0193  0.0192
  0.0193  0.0192  0.0192  0.0194  0.0192  0.0196  0.0192  0.0194  0.0192  0.0193  0.0191  0.0191
  0.0191  0.0191  0.0191  0.0192  0.0191  0.0192  0.0191  0.0191  0.0191  0.0191  0.0190  0.0191
  0.0190  0.0190  0.0190  0.0190  0.0190  0.0190  0.0190  0.0190  0.0190  0.0190  0.0190  0.0190
  0.0191  0.0191  0.0191  0.0190  0.0191  0.0191  0.0191  0.0191  0.0191  0.0191  0.0191  0.0190
  0.0193  0.0192  0.0191  0.0192  0.0192  0.0194  0.0192  0.0194  0.0192  0.0193  0.0191  0.0191
  0.0196  0.0194  0.0193  0.0197  0.0195  0.0200  0.0194  0.0199  0.0193  0.0196  0.0193  0.0192
   -0.9832   -7.4305    0.7202   -9.5457  -13.3958   -9.0847
    0.0356    0.5383    0.8172   22.3312   -2.4033  -21.2333
eta,q 0.98097 13.18718

---------------------------------------------------------------------
imgreg_4dfp /usr/local/freesurfer/average/711-2C_as_mni_average_305 /usr/local/freesurfer/average/711-2B_as_mni_average_305_mask talsrcimg_g11 none talsrcimg_to_711-2C_as_mni_average_305_t4 2311
---------------------------------------------------------------------

freesurfer imgreg_4dfp.c
/usr/local/freesurfer/average/711-2C_as_mni_average_305.4dfp.img
       256       256       256         1
  1.000000  1.000000  1.000000
orientation T byte_order littleendian
Reading image: /usr/local/freesurfer/average/711-2C_as_mni_average_305.4dfp.img
dimensions:      256       256       256
mmppix:       1.0000   -1.0000   -1.0000
center:     128.0000 -129.0000 -129.0000
/usr/local/freesurfer/average/711-2B_as_mni_average_305_mask.4dfp.img
       256       256       256         1
  1.000000  1.000000  1.000000
orientation T byte_order littleendian
Reading mask: /usr/local/freesurfer/average/711-2B_as_mni_average_305_mask.4dfp.img (2306576 pixels)
talsrcimg_g11.4dfp.img
       256       256       256         1
  1.000000  1.000000  1.000000
orientation T byte_order littleendian
Reading image: talsrcimg_g11.4dfp.img
dimensions:      256       256       256
mmppix:       1.0000   -1.0000   -1.0000
center:     128.0000 -129.0000 -129.0000
fimgreg.f
image alignment mode   2311 decimal      907 hex
parameters
   -0.9832   -7.4305    0.7202   -9.5457  -13.3958   -9.0847
    0.0356    0.5383    0.8172   22.3312   -2.4033  -21.2333
eta,q 0.98097 13.18718
niter,ni,del,rscale     5    3    5.0000    0.8000
parameters
   -0.9972   -7.4203    0.7470  -10.1297  -13.5767   -9.4718
    0.0880    0.6275    0.8536   22.2913   -2.2268  -21.0975
eta,q 0.98086 13.14500
  0.0210  0.0206  0.0202  0.0204  0.0206  0.0219  0.0206  0.0225  0.0204  0.0211  0.0200  0.0199
  0.0199  0.0198  0.0196  0.0198  0.0198  0.0208  0.0198  0.0206  0.0197  0.0201  0.0195  0.0195
  0.0192  0.0192  0.0192  0.0193  0.0193  0.0196  0.0193  0.0195  0.0193  0.0195  0.0193  0.0192
  0.0190  0.0190  0.0190  0.0190  0.0191  0.0191  0.0191  0.0191  0.0191  0.0191  0.0191  0.0191
  0.0193  0.0192  0.0191  0.0192  0.0193  0.0195  0.0193  0.0194  0.0193  0.0193  0.0192  0.0192
  0.0200  0.0197  0.0195  0.0201  0.0199  0.0210  0.0198  0.0205  0.0197  0.0201  0.0194  0.0194
  0.0211  0.0206  0.0202  0.0218  0.0209  0.0237  0.0206  0.0222  0.0203  0.0213  0.0199  0.0198
niter,ni,del,rscale     4    3    5.0000    0.7000
parameters
   -0.9854   -7.4637    0.6439   -9.8398  -13.4797   -9.4745
    0.0463    0.5892    0.8460   22.2480   -2.2692  -21.1714
eta,q 0.98091 13.16018
  0.0206  0.0202  0.0199  0.0204  0.0204  0.0217  0.0202  0.0216  0.0200  0.0206  0.0197  0.0196
  0.0198  0.0196  0.0195  0.0199  0.0198  0.0207  0.0196  0.0202  0.0195  0.0199  0.0194  0.0193
  0.0193  0.0192  0.0192  0.0195  0.0193  0.0196  0.0192  0.0193  0.0192  0.0193  0.0192  0.0192
  0.0191  0.0191  0.0191  0.0191  0.0191  0.0191  0.0191  0.0191  0.0191  0.0191  0.0191  0.0191
  0.0193  0.0193  0.0193  0.0191  0.0192  0.0192  0.0192  0.0194  0.0192  0.0192  0.0192  0.0192
  0.0198  0.0197  0.0196  0.0194  0.0196  0.0202  0.0196  0.0203  0.0195  0.0198  0.0194  0.0194
  0.0206  0.0204  0.0201  0.0204  0.0203  0.0221  0.0203  0.0217  0.0200  0.0208  0.0197  0.0197
niter,ni,del,rscale     3    3    5.0000    0.6000
parameters
   -0.9836   -7.4550    0.6351   -9.6725  -13.4236   -9.3341
    0.0445    0.5695    0.8412   22.2575   -2.3382  -21.2437
eta,q 0.98095 13.17368
  0.0202  0.0200  0.0197  0.0201  0.0200  0.0213  0.0199  0.0210  0.0198  0.0203  0.0195  0.0195
  0.0196  0.0195  0.0194  0.0197  0.0196  0.0203  0.0194  0.0199  0.0194  0.0197  0.0193  0.0192
  0.0192  0.0192  0.0192  0.0193  0.0192  0.0195  0.0191  0.0193  0.0191  0.0192  0.0191  0.0191
  0.0191  0.0191  0.0191  0.0191  0.0191  0.0191  0.0191  0.0191  0.0191  0.0191  0.0191  0.0191
  0.0192  0.0192  0.0192  0.0191  0.0191  0.0192  0.0191  0.0193  0.0191  0.0192  0.0191  0.0191
  0.0196  0.0195  0.0194  0.0194  0.0195  0.0198  0.0194  0.0199  0.0194  0.0196  0.0193  0.0193
  0.0202  0.0200  0.0197  0.0201  0.0200  0.0212  0.0199  0.0210  0.0198  0.0203  0.0196  0.0195
niter,ni,del,rscale     2    3    5.0000    0.5000
parameters
   -0.9851   -7.4412    0.6733   -9.5550  -13.4129   -9.1905
    0.0329    0.5599    0.8230   22.2932   -2.3889  -21.2389
eta,q 0.98097 13.18276
  0.0198  0.0197  0.0195  0.0198  0.0197  0.0207  0.0196  0.0205  0.0195  0.0199  0.0194  0.0193
  0.0194  0.0193  0.0193  0.0195  0.0194  0.0199  0.0193  0.0196  0.0193  0.0195  0.0192  0.0192
  0.0191  0.0191  0.0191  0.0192  0.0191  0.0193  0.0191  0.0192  0.0191  0.0192  0.0191  0.0191
  0.0191  0.0190  0.0191  0.0190  0.0190  0.0190  0.0190  0.0190  0.0190  0.0190  0.0190  0.0190
  0.0191  0.0191  0.0191  0.0191  0.0191  0.0191  0.0191  0.0192  0.0191  0.0191  0.0191  0.0191
  0.0194  0.0193  0.0192  0.0193  0.0193  0.0196  0.0193  0.0197  0.0193  0.0194  0.0192  0.0192
  0.0198  0.0197  0.0195  0.0198  0.0197  0.0205  0.0196  0.0204  0.0195  0.0199  0.0194  0.0193
niter,ni,del,rscale     1    3    5.0000    0.4000
parameters
   -0.9874   -7.4310    0.7174   -9.4561  -13.4049   -9.1036
    0.0348    0.5412    0.8189   22.3236   -2.4072  -21.2063
eta,q 0.98098 13.18916
  0.0195  0.0194  0.0194  0.0195  0.0195  0.0201  0.0194  0.0199  0.0193  0.0196  0.0193  0.0192
  0.0193  0.0192  0.0192  0.0193  0.0192  0.0196  0.0192  0.0194  0.0192  0.0193  0.0191  0.0191
  0.0191  0.0191  0.0191  0.0191  0.0191  0.0192  0.0191  0.0191  0.0190  0.0191  0.0190  0.0190
  0.0190  0.0190  0.0190  0.0190  0.0190  0.0190  0.0190  0.0190  0.0190  0.0190  0.0190  0.0190
  0.0191  0.0191  0.0191  0.0190  0.0191  0.0191  0.0191  0.0191  0.0191  0.0191  0.0190  0.0190
  0.0193  0.0192  0.0191  0.0192  0.0192  0.0194  0.0192  0.0194  0.0192  0.0193  0.0191  0.0191
  0.0195  0.0194  0.0193  0.0195  0.0195  0.0200  0.0194  0.0200  0.0193  0.0196  0.0193  0.0192
registration optimization eta report
parameter search radius
    0.8000    0.8000    0.8000    2.4000    2.4000    2.4000
    2.4000    2.4000    2.4000    2.4000    2.4000    2.4000
100000*second partial in parameter space
       81.       63.       46.        9.        8.       18.
        7.       16.        6.       10.        4.        3.
  0.0195  0.0194  0.0194  0.0195  0.0195  0.0201  0.0194  0.0199  0.0193  0.0196  0.0193  0.0192
  0.0193  0.0192  0.0192  0.0193  0.0192  0.0196  0.0192  0.0194  0.0192  0.0193  0.0191  0.0191
  0.0191  0.0191  0.0191  0.0191  0.0191  0.0192  0.0191  0.0191  0.0190  0.0191  0.0190  0.0190
  0.0190  0.0190  0.0190  0.0190  0.0190  0.0190  0.0190  0.0190  0.0190  0.0190  0.0190  0.0190
  0.0191  0.0191  0.0191  0.0190  0.0191  0.0191  0.0191  0.0191  0.0191  0.0191  0.0190  0.0190
  0.0193  0.0192  0.0191  0.0192  0.0192  0.0194  0.0192  0.0194  0.0192  0.0193  0.0191  0.0191
  0.0195  0.0194  0.0193  0.0195  0.0195  0.0200  0.0194  0.0200  0.0193  0.0196  0.0193  0.0192
   -0.9874   -7.4310    0.7174   -9.4561  -13.4049   -9.1036
    0.0348    0.5412    0.8189   22.3236   -2.4072  -21.2063
eta,q 0.98098 13.18916

---------------------------------------------------------------------
compute_vox2vox talsrcimg talsrcimg_to_711-2C_as_mni_average_305_t4 /usr/local/freesurfer/average/711-2C_as_mni_average_305
---------------------------------------------------------------------

freesurfer compute_vox2vox.c
Reading: talsrcimg.4dfp.ifh
Reading: talsrcimg_to_711-2C_as_mni_average_305_t4
Reading: /usr/local/freesurfer/average/711-2C_as_mni_average_305.4dfp.ifh
Writing: talsrcimg_to_711-2C_as_mni_average_305_t4_vox2vox.txt

start time Mon Jun 2 19:10:23 UTC 2025
end		time Mon Jun 2 19:10:42 UTC 2025

mpr2mni305 success

avi2talxfm orig_nu.mgz /usr/local/freesurfer/average/mni305.cor.mgz talsrcimg_to_711-2C_as_mni_average_305_t4_vox2vox.txt transforms/talairach.auto.xfm
avi2talxfm done
mv -f /home/freesurfer/subjects/sub-031/mri/talsrcimg_to_711-2C_as_mni_average_305_t4_vox2vox.txt /home/freesurfer/subjects/sub-031/mri/transforms/talsrcimg_to_711-2C_as_mni_average_305_t4_vox2vox.txt
lta_convert --src orig_nu.mgz --trg /usr/local/freesurfer/average/mni305.cor.mgz --inxfm transforms/talairach.auto.xfm --outlta transforms/talairach.auto.xfm.lta --subject fsaverage
7.4.1

--src: orig_nu.mgz src image (geometry).
--trg: /usr/local/freesurfer/average/mni305.cor.mgz trg image (geometry).
--inmni: transforms/talairach.auto.xfm input MNI/XFM transform.
--outlta: transforms/talairach.auto.xfm.lta output LTA.
--s: fsaverage subject name
 LTA read, type : 1
 1.10429  -0.00610  -0.00194   1.92014;
 0.02529   1.03760   0.25409  -23.50400;
-0.01696  -0.26743   1.08932  -18.78041;
 0.00000   0.00000   0.00000   1.00000;
setting subject to fsaverage
Writing  LTA to file transforms/talairach.auto.xfm.lta...
lta_convert successful.
 
 
Started at Mon Jun 2 19:10:23 UTC 2025
Ended   at Mon Jun  2 19:10:42 UTC 2025
talairach_avi done
