/home/freesurfer/subjects/sub-047/mri
/usr/local/freesurfer/bin/talairach_avi
--i orig_nu.mgz --xfm transforms/talairach.auto.xfm
talairach_avi 7.4.1
Linux 4b375be220c7 6.11.0-26-generic #26~24.04.1-Ubuntu SMP PREEMPT_DYNAMIC Thu Apr 17 19:20:47 UTC 2 x86_64 x86_64 x86_64 GNU/Linux
Wed Jun  4 03:10:08 UTC 2025
mri_convert orig_nu.mgz talsrcimg.img 
reading from orig_nu.mgz...
TR=8.25, TE=0.00, TI=0.00, flip angle=0.00
i_ras = (-1, -4.65661e-10, 3.72529e-09)
j_ras = (0, 3.72529e-09, -1)
k_ras = (-3.14321e-09, 1, -1.86265e-09)
writing to talsrcimg.img...
Analyze Output Matrix
-1.00000   0.00000  -0.00000   130.62474;
-0.00000   0.00000   1.00000  -99.24899;
 0.00000  -1.00000  -0.00000   155.32402;
 0.00000   0.00000   0.00000   1.00000;
--------------------
INFO: set hdr.hist.orient to -1
mpr2mni305 talsrcimg
Wed Jun  4 03:10:09 UTC 2025
/usr/local/freesurfer/bin/mpr2mni305 talsrcimg
mpr2mni305 7.4.1
target=711-2C_as_mni_average_305

---------------------------------------------------------------------
analyzeto4dfp talsrcimg -O0 -y
---------------------------------------------------------------------

freesurfer ifh2hdr.c
Wed Jun  4 03:10:09 2025
Writing: talsrcimg.4dfp.hdr
freesurfer analyzeto4dfp.c
Reading: talsrcimg.hdr
header size 348 bytes
hdr.dime.datatype	offset=70	value=2
hdr.dime.bitpix		offset=72	value=8
hdr.hist.orient		offset=252	value=-1
dimensionality     4
dimensions       256       256       256         1
Reading: talsrcimg.img
Writing: talsrcimg.4dfp.img
Writing: talsrcimg.4dfp.ifh
ifh2hdr talsrcimg -r0to226
ori=2

---------------------------------------------------------------------
gauss_4dfp talsrcimg 1.1
---------------------------------------------------------------------

freesurfer gauss_4dfp.c
Reading: talsrcimg.4dfp.img
Writing: talsrcimg_g11.4dfp.img
image dimensions 256 256 256 padded to 288 288 288
processing volume 1freesurfer ifh2hdr.c
Wed Jun  4 03:10:13 2025
Writing: talsrcimg_g11.4dfp.hdr

Writing: talsrcimg_g11.4dfp.ifh
including: talsrcimg.4dfp.img.rec in talsrcimg_g11.4dfp.img.rec

---------------------------------------------------------------------
imgreg_4dfp /usr/local/freesurfer/average/711-2C_as_mni_average_305 none talsrcimg_g11 none talsrcimg_to_711-2C_as_mni_average_305_t4 4355
---------------------------------------------------------------------

freesurfer imgreg_4dfp.c
/usr/local/freesurfer/average/711-2C_as_mni_average_305.4dfp.img
       256       256       256         1
  1.000000  1.000000  1.000000
orientation T byte_order littleendian
Reading image: /usr/local/freesurfer/average/711-2C_as_mni_average_305.4dfp.img
dimensions:      256       256       256
mmppix:       1.0000   -1.0000   -1.0000
center:     128.0000 -129.0000 -129.0000
talsrcimg_g11.4dfp.img
       256       256       256         1
  1.000000  1.000000  1.000000
orientation T byte_order littleendian
Reading image: talsrcimg_g11.4dfp.img
dimensions:      256       256       256
mmppix:       1.0000   -1.0000   -1.0000
center:     128.0000 -129.0000 -129.0000
t4_read: open error in t4_sub.f l:  41 t4_file(1:l)talsrcimg_to_711-2C_as_mni_average_305_t4 
t4_read: transform initialized to I4
rotation matrix determinant  1.000000
image alignment mode   4355 decimal     1103 hex
   -7.5000  -45.0000  -45.0000 8930.1182   21.5813
    0.0000  -45.0000  -45.0000 9317.7402   21.6224
    7.5000  -45.0000  -45.0000 8939.9297   21.6454
   -7.5000  -37.5000  -45.0000 9470.3105   21.5546
    0.0000  -37.5000  -45.0000 9884.1895   21.5904
    7.5000  -37.5000  -45.0000 9462.7266   21.6143
   -7.5000  -30.0000  -45.000010308.0312   21.5344
    0.0000  -30.0000  -45.000010767.6006   21.5620
    7.5000  -30.0000  -45.000010283.7080   21.5877
   -7.5000  -22.5000  -45.000011046.1973   21.5429
    0.0000  -22.5000  -45.000011532.3350   21.5689
    7.5000  -22.5000  -45.000011009.0957   21.5969
   -7.5000  -15.0000  -45.000011676.8906   21.5680
    0.0000  -15.0000  -45.000012235.9746   21.6000
    7.5000  -15.0000  -45.000011641.8213   21.6281
   -7.5000   -7.5000  -45.000012324.3340   21.5855
    0.0000   -7.5000  -45.000012898.7490   21.6246
    7.5000   -7.5000  -45.000012263.2734   21.6495
   -7.5000    0.0000  -45.000012915.1865   21.5807
    0.0000    0.0000  -45.000013488.1270   21.6219
    7.5000    0.0000  -45.000012812.0176   21.6448
   -7.5000    7.5000  -45.000012461.0410   21.5546
    0.0000    7.5000  -45.000012985.4746   21.5904
    7.5000    7.5000  -45.000012357.4648   21.6143
   -7.5000   15.0000  -45.000011729.7539   21.5344
    0.0000   15.0000  -45.000012179.0684   21.5620
    7.5000   15.0000  -45.000011593.2559   21.5877
   -7.5000   22.5000  -45.000010834.9580   21.5400
    0.0000   22.5000  -45.000011218.1484   21.5660
    7.5000   22.5000  -45.000010684.6982   21.5939
   -7.5000   30.0000  -45.0000 9874.5654   21.2806
    0.0000   30.0000  -45.000010199.0752   21.3122
    7.5000   30.0000  -45.0000 9691.0400   21.3399
   -7.5000   37.5000  -45.0000 9227.7158   21.2979
    0.0000   37.5000  -45.0000 9519.1836   21.3364
    7.5000   37.5000  -45.0000 9049.7021   21.3610
   -7.5000   45.0000  -45.0000 8377.1572   20.7621
    0.0000   45.0000  -45.0000 8609.3066   20.8013
    7.5000   45.0000  -45.0000 8182.4238   20.8232
   -7.5000  -45.0000  -37.5000 9460.1621   21.4964
    0.0000  -45.0000  -37.5000 9898.5186   21.5382
    7.5000  -45.0000  -37.5000 9503.4492   21.5584
   -7.5000  -37.5000  -37.500010037.3291   21.4678
    0.0000  -37.5000  -37.500010490.6045   21.4979
    7.5000  -37.5000  -37.500010054.3154   21.5202
   -7.5000  -30.0000  -37.500010915.1406   21.4620
    0.0000  -30.0000  -37.500011445.0283   21.4736
    7.5000  -30.0000  -37.500010917.3125   21.4927
   -7.5000  -22.5000  -37.500011697.8682   21.4874
    0.0000  -22.5000  -37.500012272.7100   21.4932
    7.5000  -22.5000  -37.500011675.2207   21.5085
   -7.5000  -15.0000  -37.500012367.6201   21.5148
    0.0000  -15.0000  -37.500013022.8945   21.5316
    7.5000  -15.0000  -37.500012336.7412   21.5457
   -7.5000   -7.5000  -37.500013062.6172   21.5175
    0.0000   -7.5000  -37.500013729.8164   21.5517
    7.5000   -7.5000  -37.500012997.1289   21.5676
   -7.5000    0.0000  -37.500013649.3428   21.4959
    0.0000    0.0000  -37.500014316.3301   21.5377
    7.5000    0.0000  -37.500013571.1201   21.5579
   -7.5000    7.5000  -37.500013163.5479   21.4678
    0.0000    7.5000  -37.500013794.6865   21.4979
    7.5000    7.5000  -37.500013058.1133   21.5202
   -7.5000   15.0000  -37.500012403.4092   21.4620
    0.0000   15.0000  -37.500012917.0977   21.4736
    7.5000   15.0000  -37.500012215.4678   21.4927
   -7.5000   22.5000  -37.500011431.6680   21.4844
    0.0000   22.5000  -37.500011869.9688   21.4903
    7.5000   22.5000  -37.500011228.6211   21.5055
   -7.5000   30.0000  -37.500010354.0117   21.2281
    0.0000   30.0000  -37.500010732.7734   21.2446
    7.5000   30.0000  -37.500010184.4424   21.2585
   -7.5000   37.5000  -37.5000 9658.1436   21.2307
    0.0000   37.5000  -37.5000 9987.4912   21.2645
    7.5000   37.5000  -37.5000 9477.0059   21.2802
   -7.5000   45.0000  -37.5000 8724.7832   20.6804
    0.0000   45.0000  -37.5000 9009.7588   20.7203
    7.5000   45.0000  -37.5000 8549.0713   20.7396
   -7.5000  -45.0000  -30.000010113.4043   22.3627
    0.0000  -45.0000  -30.000010591.3848   22.4062
    7.5000  -45.0000  -30.000010125.0186   22.4330
   -7.5000  -37.5000  -30.000010747.1455   22.3269
    0.0000  -37.5000  -30.000011237.1787   22.3566
    7.5000  -37.5000  -30.000010718.2490   22.3888
   -7.5000  -30.0000  -30.000011679.8584   22.3220
    0.0000  -30.0000  -30.000012250.6162   22.3305
    7.5000  -30.0000  -30.000011632.5508   22.3601
   -7.5000  -22.5000  -30.000012523.0586   22.3552
    0.0000  -22.5000  -30.000013137.4268   22.3566
    7.5000  -22.5000  -30.000012465.3711   22.3796
   -7.5000  -15.0000  -30.000013241.6299   22.3884
    0.0000  -15.0000  -30.000013926.4766   22.4019
    7.5000  -15.0000  -30.000013188.6201   22.4210
   -7.5000   -7.5000  -30.000013991.0527   22.3903
    0.0000   -7.5000  -30.000014700.1855   22.4247
    7.5000   -7.5000  -30.000013911.0645   22.4451
   -7.5000    0.0000  -30.000014602.2373   22.3621
    0.0000    0.0000  -30.000015362.3408   22.4056
    7.5000    0.0000  -30.000014502.3838   22.4324
   -7.5000    7.5000  -30.000014054.2471   22.3269
    0.0000    7.5000  -30.000014780.5195   22.3566
    7.5000    7.5000  -30.000013911.6738   22.3888
   -7.5000   15.0000  -30.000013202.8164   22.3220
    0.0000   15.0000  -30.000013812.6572   22.3305
    7.5000   15.0000  -30.000012994.9365   22.3601
   -7.5000   22.5000  -30.000012151.6777   22.3499
    0.0000   22.5000  -30.000012685.5225   22.3512
    7.5000   22.5000  -30.000011933.6797   22.3742
   -7.5000   30.0000  -30.000011001.9297   22.0921
    0.0000   30.0000  -30.000011488.3643   22.1055
    7.5000   30.0000  -30.000010845.5283   22.1243
   -7.5000   37.5000  -30.000010239.0000   22.0941
    0.0000   37.5000  -30.000010624.9590   22.1279
    7.5000   37.5000  -30.000010072.1787   22.1481
   -7.5000   45.0000  -30.0000 9234.1553   21.5297
    0.0000   45.0000  -30.0000 9541.3760   21.5711
    7.5000   45.0000  -30.0000 9051.1064   21.5969
   -7.5000  -45.0000  -22.500010796.2754   23.1204
    0.0000  -45.0000  -22.500011288.8105   23.1618
    7.5000  -45.0000  -22.500010765.0049   23.1959
   -7.5000  -37.5000  -22.500011431.1260   23.0793
    0.0000  -37.5000  -22.500011961.5400   23.1136
    7.5000  -37.5000  -22.500011378.8066   23.1563
   -7.5000  -30.0000  -22.500012404.5566   23.0570
    0.0000  -30.0000  -22.500013003.9121   23.0810
    7.5000  -30.0000  -22.500012338.0996   23.1284
   -7.5000  -22.5000  -22.500013286.5137   23.0774
    0.0000  -22.5000  -22.500013924.3389   23.0983
    7.5000  -22.5000  -22.500013206.1582   23.1428
   -7.5000  -15.0000  -22.500014044.2285   23.1137
    0.0000  -15.0000  -22.500014755.1787   23.1413
    7.5000  -15.0000  -22.500013968.8018   23.1794
   -7.5000   -7.5000  -22.500014829.7432   23.1337
    0.0000   -7.5000  -22.500015587.9014   23.1716
    7.5000   -7.5000  -22.500014729.6797   23.2039
   -7.5000    0.0000  -22.500015526.0020   23.1198
    0.0000    0.0000  -22.500016352.9014   23.1612
    7.5000    0.0000  -22.500015345.2314   23.1953
   -7.5000    7.5000  -22.500014937.4277   23.0793
    0.0000    7.5000  -22.500015744.9600   23.1136
    7.5000    7.5000  -22.500014735.4492   23.1563
   -7.5000   15.0000  -22.500014010.1631   23.0570
    0.0000   15.0000  -22.500014745.1855   23.0810
    7.5000   15.0000  -22.500013786.8496   23.1284
   -7.5000   22.5000  -22.500012847.6621   23.0703
    0.0000   22.5000  -22.500013475.8379   23.0912
    7.5000   22.5000  -22.500012650.5723   23.1357
   -7.5000   30.0000  -22.500011630.3291   22.8114
    0.0000   30.0000  -22.500012176.7725   22.8386
    7.5000   30.0000  -22.500011471.2832   22.8762
   -7.5000   37.5000  -22.500010858.9131   22.8311
    0.0000   37.5000  -22.500011300.3877   22.8685
    7.5000   37.5000  -22.500010644.0879   22.9004
   -7.5000   45.0000  -22.5000 9785.4199   22.2760
    0.0000   45.0000  -22.500010149.3408   22.3155
    7.5000   45.0000  -22.5000 9572.7090   22.3482
   -7.5000  -45.0000  -15.000011408.3652   23.6663
    0.0000  -45.0000  -15.000011913.2217   23.7056
    7.5000  -45.0000  -15.000011339.3164   23.7420
   -7.5000  -37.5000  -15.000012035.4551   23.6256
    0.0000  -37.5000  -15.000012608.2070   23.6654
    7.5000  -37.5000  -15.000011990.9854   23.7097
   -7.5000  -30.0000  -15.000013108.2197   23.5842
    0.0000  -30.0000  -15.000013727.1094   23.6265
    7.5000  -30.0000  -15.000013027.6826   23.6819
   -7.5000  -22.5000  -15.000014009.3105   23.5847
    0.0000  -22.5000  -15.000014672.9707   23.6293
    7.5000  -22.5000  -15.000013933.2646   23.6887
   -7.5000  -15.0000  -15.000014784.3535   23.6197
    0.0000  -15.0000  -15.000015483.7178   23.6654
    7.5000  -15.0000  -15.000014722.7939   23.7191
   -7.5000   -7.5000  -15.000015622.0430   23.6590
    0.0000   -7.5000  -15.000016380.8613   23.7022
    7.5000   -7.5000  -15.000015489.7246   23.7439
   -7.5000    0.0000  -15.000016386.0332   23.6656
    0.0000    0.0000  -15.000017250.0527   23.7051
    7.5000    0.0000  -15.000016172.4521   23.7414
   -7.5000    7.5000  -15.000015752.6943   23.6256
    0.0000    7.5000  -15.000016619.2422   23.6654
    7.5000    7.5000  -15.000015545.2412   23.7097
   -7.5000   15.0000  -15.000014748.2744   23.5842
    0.0000   15.0000  -15.000015531.4541   23.6265
    7.5000   15.0000  -15.000014552.5146   23.6819
   -7.5000   22.5000  -15.000013549.2441   23.5764
    0.0000   22.5000  -15.000014231.6172   23.6210
    7.5000   22.5000  -15.000013343.1953   23.6803
   -7.5000   30.0000  -15.000012252.2129   23.3140
    0.0000   30.0000  -15.000012847.7988   23.3591
    7.5000   30.0000  -15.000012093.0557   23.4121
   -7.5000   37.5000  -15.000011442.3662   23.3528
    0.0000   37.5000  -15.000011963.0830   23.3954
    7.5000   37.5000  -15.000011245.1299   23.4367
   -7.5000   45.0000  -15.000010344.6104   22.8156
    0.0000   45.0000  -15.000010745.1494   22.8532
    7.5000   45.0000  -15.000010094.9639   22.8881
   -7.5000  -45.0000   -7.500011951.5938   23.9008
    0.0000  -45.0000   -7.500012477.5049   23.9427
    7.5000  -45.0000   -7.500011880.9268   23.9752
   -7.5000  -37.5000   -7.500012651.5723   23.8664
    0.0000  -37.5000   -7.500013231.5645   23.9084
    7.5000  -37.5000   -7.500012576.5938   23.9446
   -7.5000  -30.0000   -7.500013832.5693   23.8264
    0.0000  -30.0000   -7.500014426.0312   23.8707
    7.5000  -30.0000   -7.500013695.0811   23.9159
   -7.5000  -22.5000   -7.500014823.6914   23.8227
    0.0000  -22.5000   -7.500015506.3105   23.8694
    7.5000  -22.5000   -7.500014735.6377   23.9212
   -7.5000  -15.0000   -7.500015613.9688   23.8530
    0.0000  -15.0000   -7.500016352.6611   23.9013
    7.5000  -15.0000   -7.500015591.9590   23.9514
   -7.5000   -7.5000   -7.500016490.6992   23.8904
    0.0000   -7.5000   -7.500017303.9160   23.9363
    7.5000   -7.5000   -7.500016393.5996   23.9759
   -7.5000    0.0000   -7.500017294.7285   23.9002
    0.0000    0.0000   -7.500018165.0898   23.9421
    7.5000    0.0000   -7.500017105.4473   23.9746
   -7.5000    7.5000   -7.500016619.6758   23.8664
    0.0000    7.5000   -7.500017433.4297   23.9084
    7.5000    7.5000   -7.500016432.1465   23.9446
   -7.5000   15.0000   -7.500015519.3545   23.8264
    0.0000   15.0000   -7.500016286.8926   23.8707
    7.5000   15.0000   -7.500015362.8555   23.9159
   -7.5000   22.5000   -7.500014225.7285   23.8117
    0.0000   22.5000   -7.500014952.3887   23.8583
    7.5000   22.5000   -7.500014078.8975   23.9102
   -7.5000   30.0000   -7.500012889.7715   23.5436
    0.0000   30.0000   -7.500013545.4961   23.5914
    7.5000   30.0000   -7.500012753.9336   23.6408
   -7.5000   37.5000   -7.500012114.3574   23.5805
    0.0000   37.5000   -7.500012663.6631   23.6259
    7.5000   37.5000   -7.500011895.7871   23.6650
   -7.5000   45.0000   -7.500010939.4580   23.0459
    0.0000   45.0000   -7.500011369.5283   23.0859
    7.5000   45.0000   -7.500010668.0449   23.1171
   -7.5000  -45.0000    0.000012377.6201   23.9063
    0.0000  -45.0000    0.000012853.6289   23.9510
    7.5000  -45.0000    0.000012298.5078   23.9758
   -7.5000  -37.5000    0.000013113.3516   23.8775
    0.0000  -37.5000    0.000013598.9805   23.9162
    7.5000  -37.5000    0.000012994.5957   23.9419
   -7.5000  -30.0000    0.000014362.7412   23.8558
    0.0000  -30.0000    0.000014879.8154   23.8856
    7.5000  -30.0000    0.000014178.1475   23.9131
   -7.5000  -22.5000    0.000015569.4707   23.8651
    0.0000  -22.5000    0.000016216.6133   23.8931
    7.5000  -22.5000    0.000015357.1768   23.9231
   -7.5000  -15.0000    0.000016532.3145   23.8920
    0.0000  -15.0000    0.000017288.4844   23.9267
    7.5000  -15.0000    0.000016417.8574   23.9571
   -7.5000   -7.5000    0.000017298.9902   23.9108
    0.0000   -7.5000    0.000018044.5352   23.9533
    7.5000   -7.5000    0.000017247.6523   23.9802
   -7.5000    0.0000    0.000017945.7227   23.9057
    0.0000    0.0000    0.000018690.1582   23.9504
    7.5000    0.0000    0.000017929.3809   23.9752
   -7.5000    7.5000    0.000017160.1250   23.8775
    0.0000    7.5000    0.000017915.2539   23.9162
    7.5000    7.5000    0.000017175.0781   23.9419
   -7.5000   15.0000    0.000016103.7197   23.8558
    0.0000   15.0000    0.000016839.5176   23.8856
    7.5000   15.0000    0.000016030.5459   23.9131
   -7.5000   22.5000    0.000014818.8486   23.8541
    0.0000   22.5000    0.000015536.0859   23.8821
    7.5000   22.5000    0.000014689.5283   23.9121
   -7.5000   30.0000    0.000013486.4023   23.5828
    0.0000   30.0000    0.000014126.3926   23.6170
    7.5000   30.0000    0.000013282.8428   23.6470
   -7.5000   37.5000    0.000012650.1113   23.6014
    0.0000   37.5000    0.000013197.9707   23.6433
    7.5000   37.5000    0.000012398.9365   23.6699
   -7.5000   45.0000    0.000011376.7188   23.0529
    0.0000   45.0000    0.000011804.8555   23.0956
    7.5000   45.0000    0.000011102.3662   23.1193
   -7.5000  -45.0000    7.500011835.5918   23.9100
    0.0000  -45.0000    7.500012258.1133   23.9561
    7.5000  -45.0000    7.500011740.0635   23.9785
   -7.5000  -37.5000    7.500012513.6992   23.8787
    0.0000  -37.5000    7.500012922.7852   23.9117
    7.5000  -37.5000    7.500012401.4180   23.9363
   -7.5000  -30.0000    7.500013713.8926   23.8729
    0.0000  -30.0000    7.500014099.3408   23.8854
    7.5000  -30.0000    7.500013547.8760   23.9063
   -7.5000  -22.5000    7.500014940.7959   23.9011
    0.0000  -22.5000    7.500015516.8008   23.9074
    7.5000  -22.5000    7.500014709.4209   23.9240
   -7.5000  -15.0000    7.500016053.0547   23.9312
    0.0000  -15.0000    7.500016686.8926   23.9497
    7.5000  -15.0000    7.500015850.4600   23.9651
   -7.5000   -7.5000    7.500016701.8223   23.9336
    0.0000   -7.5000    7.500017301.0039   23.9713
    7.5000   -7.5000    7.500016743.2480   23.9890
   -7.5000    0.0000    7.500017275.7715   23.9094
    0.0000    0.0000    7.500017891.6113   23.9555
    7.5000    0.0000    7.500017358.8535   23.9779
   -7.5000    7.5000    7.500016598.2402   23.8787
    0.0000    7.5000    7.500017233.4922   23.9117
    7.5000    7.5000    7.500016572.1230   23.9363
   -7.5000   15.0000    7.500015619.5635   23.8729
    0.0000   15.0000    7.500016236.6387   23.8854
    7.5000   15.0000    7.500015405.3486   23.9063
   -7.5000   22.5000    7.500014337.0537   23.8901
    0.0000   22.5000    7.500014926.2686   23.8964
    7.5000   22.5000    7.500014068.9512   23.9130
   -7.5000   30.0000    7.500012986.0967   23.6215
    0.0000   30.0000    7.500013519.7822   23.6397
    7.5000   30.0000    7.500012725.7637   23.6550
   -7.5000   37.5000    7.500012130.0020   23.6238
    0.0000   37.5000    7.500012614.5908   23.6611
    7.5000   37.5000    7.500011895.5020   23.6785
   -7.5000   45.0000    7.500010874.8438   23.0565
    0.0000   45.0000    7.500011276.8877   23.1005
    7.5000   45.0000    7.500010639.4473   23.1220
   -7.5000  -45.0000   15.000011175.6387   23.9802
    0.0000  -45.0000   15.000011576.0791   24.0269
    7.5000  -45.0000   15.000011063.7607   24.0558
   -7.5000  -37.5000   15.000011783.0303   23.9421
    0.0000  -37.5000   15.000012148.9678   23.9739
    7.5000  -37.5000   15.000011652.5635   24.0084
   -7.5000  -30.0000   15.000012873.2598   23.9373
    0.0000  -30.0000   15.000013217.1113   23.9463
    7.5000  -30.0000   15.000012698.5557   23.9779
   -7.5000  -22.5000   15.000013995.1943   23.9730
    0.0000  -22.5000   15.000014492.3066   23.9746
    7.5000  -22.5000   15.000013802.8564   23.9990
   -7.5000  -15.0000   15.000015028.6436   24.0083
    0.0000  -15.0000   15.000015585.8818   24.0231
    7.5000  -15.0000   15.000014857.6328   24.0436
   -7.5000   -7.5000   15.000015931.5869   24.0101
    0.0000   -7.5000   15.000016545.3008   24.0470
    7.5000   -7.5000   15.000015786.7051   24.0691
   -7.5000    0.0000   15.000016701.4766   23.9796
    0.0000    0.0000   15.000017366.9980   24.0263
    7.5000    0.0000   15.000016480.6191   24.0552
   -7.5000    7.5000   15.000016003.8584   23.9421
    0.0000    7.5000   15.000016632.3926   23.9739
    7.5000    7.5000   15.000015706.0693   24.0084
   -7.5000   15.0000   15.000014911.9307   23.9373
    0.0000   15.0000   15.000015501.2754   23.9463
    7.5000   15.0000   15.000014573.5537   23.9779
   -7.5000   22.5000   15.000013585.5547   23.9620
    0.0000   22.5000   15.000014125.9326   23.9635
    7.5000   22.5000   15.000013290.2236   23.9880
   -7.5000   30.0000   15.000012242.1592   23.6976
    0.0000   30.0000   15.000012756.9805   23.7122
    7.5000   30.0000   15.000012036.2930   23.7324
   -7.5000   37.5000   15.000011446.7988   23.6993
    0.0000   37.5000   15.000011902.7393   23.7358
    7.5000   37.5000   15.000011280.6631   23.7576
   -7.5000   45.0000   15.000010294.3682   23.1243
    0.0000   45.0000   15.000010642.0420   23.1689
    7.5000   45.0000   15.000010114.8633   23.1967
   -7.5000  -45.0000   22.500010454.9014   24.2240
    0.0000  -45.0000   22.500010851.0703   24.2680
    7.5000  -45.0000   22.500010362.9629   24.3044
   -7.5000  -37.5000   22.500011023.1650   24.1817
    0.0000  -37.5000   22.500011410.2471   24.2181
    7.5000  -37.5000   22.500010900.6025   24.2634
   -7.5000  -30.0000   22.500012048.9268   24.1591
    0.0000  -30.0000   22.500012451.8037   24.1845
    7.5000  -30.0000   22.500011883.1582   24.2346
   -7.5000  -22.5000   22.500013117.7354   24.1804
    0.0000  -22.5000   22.500013574.5928   24.2027
    7.5000  -22.5000   22.500012916.6299   24.2497
   -7.5000  -15.0000   22.500014051.9199   24.2175
    0.0000  -15.0000   22.500014498.7002   24.2472
    7.5000  -15.0000   22.500013863.9102   24.2876
   -7.5000   -7.5000   22.500014878.6836   24.2378
    0.0000   -7.5000   22.500015322.7920   24.2783
    7.5000   -7.5000   22.500014667.2900   24.3128
   -7.5000    0.0000   22.500015570.9082   24.2234
    0.0000    0.0000   22.500016067.0684   24.2674
    7.5000    0.0000   22.500015296.6270   24.3038
   -7.5000    7.5000   22.500014931.6133   24.1817
    0.0000    7.5000   22.500015410.6025   24.2181
    7.5000    7.5000   22.500014636.7041   24.2634
   -7.5000   15.0000   22.500013930.6895   24.1591
    0.0000   15.0000   22.500014426.0078   24.1845
    7.5000   15.0000   22.500013625.3066   24.2346
   -7.5000   22.5000   22.500012726.2510   24.1692
    0.0000   22.5000   22.500013232.4395   24.1915
    7.5000   22.5000   22.500012459.8066   24.2385
   -7.5000   30.0000   22.500011502.5039   23.9041
    0.0000   30.0000   22.500011988.7695   23.9334
    7.5000   30.0000   22.500011289.8975   23.9732
   -7.5000   37.5000   22.500010777.2119   23.9241
    0.0000   37.5000   22.500011235.7617   23.9641
    7.5000   37.5000   22.500010584.5430   23.9982
   -7.5000   45.0000   22.5000 9652.6367   23.3584
    0.0000   45.0000   22.500010025.7158   23.4004
    7.5000   45.0000   22.5000 9492.5303   23.4354
   -7.5000  -45.0000   30.0000 9696.8438   24.4943
    0.0000  -45.0000   30.000010109.7705   24.5369
    7.5000  -45.0000   30.0000 9629.3594   24.5752
   -7.5000  -37.5000   30.000010258.5889   24.4532
    0.0000  -37.5000   30.000010701.9355   24.4961
    7.5000  -37.5000   30.000010150.2227   24.5427
   -7.5000  -30.0000   30.000011222.0908   24.4110
    0.0000  -30.0000   30.000011670.1104   24.4566
    7.5000  -30.0000   30.000011070.3936   24.5149
   -7.5000  -22.5000   30.000012128.8818   24.4114
    0.0000  -22.5000   30.000012606.2666   24.4593
    7.5000  -22.5000   30.000011974.4697   24.5219
   -7.5000  -15.0000   30.000012889.8154   24.4466
    0.0000  -15.0000   30.000013337.2432   24.4959
    7.5000  -15.0000   30.000012724.8164   24.5525
   -7.5000   -7.5000   30.000013668.2402   24.4866
    0.0000   -7.5000   30.000014139.9092   24.5332
    7.5000   -7.5000   30.000013463.9727   24.5773
   -7.5000    0.0000   30.000014282.3613   24.4936
    0.0000    0.0000   30.000014766.3037   24.5363
    7.5000    0.0000   30.000014059.2227   24.5746
   -7.5000    7.5000   30.000013635.1650   24.4532
    0.0000    7.5000   30.000014105.3008   24.4961
    7.5000    7.5000   30.000013443.7412   24.5427
   -7.5000   15.0000   30.000012735.8369   24.4110
    0.0000   15.0000   30.000013203.1152   24.4566
    7.5000   15.0000   30.000012530.4463   24.5149
   -7.5000   22.5000   30.000011705.2842   24.4001
    0.0000   22.5000   30.000012189.5127   24.4481
    7.5000   22.5000   30.000011509.6787   24.5106
   -7.5000   30.0000   30.000010645.9229   24.1302
    0.0000   30.0000   30.000011093.2725   24.1788
    7.5000   30.0000   30.000010473.3750   24.2348
   -7.5000   37.5000   30.000010013.3018   24.1697
    0.0000   37.5000   30.000010412.4736   24.2157
    7.5000   37.5000   30.0000 9848.1416   24.2592
   -7.5000   45.0000   30.0000 8964.6797   23.6178
    0.0000   45.0000   30.0000 9305.4180   23.6585
    7.5000   45.0000   30.0000 8804.8965   23.6953
   -7.5000  -45.0000   37.5000 9375.4238   25.0116
    0.0000  -45.0000   37.5000 9790.3105   25.0590
    7.5000  -45.0000   37.5000 9320.2705   25.0941
   -7.5000  -37.5000   37.5000 9927.1523   24.9772
    0.0000  -37.5000   37.500010358.3779   25.0249
    7.5000  -37.5000   37.5000 9818.8135   25.0643
   -7.5000  -30.0000   37.500010828.1465   24.9363
    0.0000  -30.0000   37.500011286.7686   24.9865
    7.5000  -30.0000   37.500010681.5547   25.0362
   -7.5000  -22.5000   37.500011642.5010   24.9316
    0.0000  -22.5000   37.500012116.4658   24.9841
    7.5000  -22.5000   37.500011489.3906   25.0412
   -7.5000  -15.0000   37.500012349.6455   24.9612
    0.0000  -15.0000   37.500012808.8984   25.0156
    7.5000  -15.0000   37.500012192.2051   25.0705
   -7.5000   -7.5000   37.500013097.4297   24.9996
    0.0000   -7.5000   37.500013579.3018   25.0513
    7.5000   -7.5000   37.500012916.4443   25.0945
   -7.5000    0.0000   37.500013692.3496   25.0109
    0.0000    0.0000   37.500014195.6074   25.0584
    7.5000    0.0000   37.500013501.6006   25.0935
   -7.5000    7.5000   37.500013088.0371   24.9772
    0.0000    7.5000   37.500013547.1953   25.0249
    7.5000    7.5000   37.500012924.9844   25.0643
   -7.5000   15.0000   37.500012198.0459   24.9363
    0.0000   15.0000   37.500012643.2881   24.9865
    7.5000   15.0000   37.500012027.3428   25.0362
   -7.5000   22.5000   37.500011195.0830   24.9202
    0.0000   22.5000   37.500011662.5742   24.9726
    7.5000   22.5000   37.500011033.0107   25.0296
   -7.5000   30.0000   37.500010189.8965   24.6382
    0.0000   30.0000   37.500010628.2285   24.6919
    7.5000   30.0000   37.500010053.5107   24.7460
   -7.5000   37.5000   37.5000 9602.2207   24.6760
    0.0000   37.5000   37.5000 9997.6035   24.7271
    7.5000   37.5000   37.5000 9470.0605   24.7698
   -7.5000   45.0000   37.5000 8641.4863   24.1154
    0.0000   45.0000   37.5000 8969.3271   24.1608
    7.5000   45.0000   37.5000 8502.7002   24.1945
   -7.5000  -45.0000   45.0000 8642.8848   25.5408
    0.0000  -45.0000   45.0000 9023.8682   25.5960
    7.5000  -45.0000   45.0000 8588.3799   25.6261
   -7.5000  -37.5000   45.0000 9156.2188   25.5121
    0.0000  -37.5000   45.0000 9553.4268   25.5600
    7.5000  -37.5000   45.0000 9066.0889   25.5918
   -7.5000  -30.0000   45.0000 9967.1650   25.4934
    0.0000  -30.0000   45.000010392.0850   25.5303
    7.5000  -30.0000   45.0000 9840.0791   25.5640
   -7.5000  -22.5000   45.000010682.3604   25.5054
    0.0000  -22.5000   45.000011114.5488   25.5399
    7.5000  -22.5000   45.000010535.9707   25.5755
   -7.5000  -15.0000   45.000011339.7998   25.5317
    0.0000  -15.0000   45.000011757.6533   25.5742
    7.5000  -15.0000   45.000011181.8945   25.6097
   -7.5000   -7.5000   45.000012035.3379   25.5477
    0.0000   -7.5000   45.000012460.2461   25.5999
    7.5000   -7.5000   45.000011866.7002   25.6316
   -7.5000    0.0000   45.000012579.9248   25.5401
    0.0000    0.0000   45.000013031.0869   25.5953
    7.5000    0.0000   45.000012407.7520   25.6254
   -7.5000    7.5000   45.000012007.5459   25.5121
    0.0000    7.5000   45.000012429.2705   25.5600
    7.5000    7.5000   45.000011859.5957   25.5918
   -7.5000   15.0000   45.000011177.9199   25.4934
    0.0000   15.0000   45.000011577.2275   25.5303
    7.5000   15.0000   45.000011024.6104   25.5640
   -7.5000   22.5000   45.000010270.5020   25.4935
    0.0000   22.5000   45.000010677.8262   25.5280
    7.5000   22.5000   45.000010122.4639   25.5637
   -7.5000   30.0000   45.0000 9348.8105   25.1991
    0.0000   30.0000   45.0000 9732.8701   25.2410
    7.5000   30.0000   45.0000 9214.7764   25.2760
   -7.5000   37.5000   45.0000 8813.5195   25.2149
    0.0000   37.5000   45.0000 9161.7549   25.2664
    7.5000   37.5000   45.0000 8699.4844   25.2977
   -7.5000   45.0000   45.0000 7969.6284   24.6358
    0.0000   45.0000   45.0000 8256.2617   24.6887
    7.5000   45.0000   45.0000 7842.3584   24.7175

---------------------------------------------------------------------
imgreg_4dfp /usr/local/freesurfer/average/711-2C_as_mni_average_305 /usr/local/freesurfer/average/711-2B_as_mni_average_305_mask talsrcimg_g11 none talsrcimg_to_711-2C_as_mni_average_305_t4 4355
---------------------------------------------------------------------

freesurfer imgreg_4dfp.c
/usr/local/freesurfer/average/711-2C_as_mni_average_305.4dfp.img
       256       256       256         1
  1.000000  1.000000  1.000000
orientation T byte_order littleendian
Reading image: /usr/local/freesurfer/average/711-2C_as_mni_average_305.4dfp.img
dimensions:      256       256       256
mmppix:       1.0000   -1.0000   -1.0000
center:     128.0000 -129.0000 -129.0000
/usr/local/freesurfer/average/711-2B_as_mni_average_305_mask.4dfp.img
       256       256       256         1
  1.000000  1.000000  1.000000
orientation T byte_order littleendian
Reading mask: /usr/local/freesurfer/average/711-2B_as_mni_average_305_mask.4dfp.img (2306576 pixels)
talsrcimg_g11.4dfp.img
       256       256       256         1
  1.000000  1.000000  1.000000
orientation T byte_order littleendian
Reading image: talsrcimg_g11.4dfp.img
dimensions:      256       256       256
mmppix:       1.0000   -1.0000   -1.0000
center:     128.0000 -129.0000 -129.0000
rotation matrix determinant  1.000000
image alignment mode   4355 decimal     1103 hex
   -7.5000  -45.0000  -45.0000 2268.8523   24.0825
    0.0000  -45.0000  -45.0000 2272.3040   24.0590
    7.5000  -45.0000  -45.0000 2256.6074   24.2746
   -7.5000  -37.5000  -45.0000 2337.0352   22.6979
    0.0000  -37.5000  -45.0000 2339.5935   22.6602
    7.5000  -37.5000  -45.0000 2326.8442   22.8438
   -7.5000  -30.0000  -45.0000 2383.5215   21.7209
    0.0000  -30.0000  -45.0000 2391.9243   21.6916
    7.5000  -30.0000  -45.0000 2371.7363   21.8061
   -7.5000  -22.5000  -45.0000 2401.3228   21.0219
    0.0000  -22.5000  -45.0000 2410.7280   21.0259
    7.5000  -22.5000  -45.0000 2396.1365   21.1295
   -7.5000  -15.0000  -45.0000 2406.5662   20.6512
    0.0000  -15.0000  -45.0000 2417.5916   20.6624
    7.5000  -15.0000  -45.0000 2399.8499   20.8364
   -7.5000   -7.5000  -45.0000 2405.9094   20.7461
    0.0000   -7.5000  -45.0000 2418.1409   20.7117
    7.5000   -7.5000  -45.0000 2396.8596   20.9363
   -7.5000    0.0000  -45.0000 2402.7585   21.0924
    0.0000    0.0000  -45.0000 2408.4375   21.0528
    7.5000    0.0000  -45.0000 2382.8755   21.3011
   -7.5000    7.5000  -45.0000 2376.3577   21.8313
    0.0000    7.5000  -45.0000 2384.1804   21.7680
    7.5000    7.5000  -45.0000 2356.6179   22.0602
   -7.5000   15.0000  -45.0000 2332.2366   22.9438
    0.0000   15.0000  -45.0000 2335.0100   22.8205
    7.5000   15.0000  -45.0000 2309.2500   23.1831
   -7.5000   22.5000  -45.0000 2265.8132   24.4600
    0.0000   22.5000  -45.0000 2272.1145   24.3515
    7.5000   22.5000  -45.0000 2249.6846   24.7281
   -7.5000   30.0000  -45.0000 2180.5093   26.4706
    0.0000   30.0000  -45.0000 2185.7571   26.3421
    7.5000   30.0000  -45.0000 2166.4163   26.8321
   -7.5000   37.5000  -45.0000 2075.9976   29.2484
    0.0000   37.5000  -45.0000 2083.7434   29.0839
    7.5000   37.5000  -45.0000 2062.8965   29.5171
   -7.5000   45.0000  -45.0000 1967.2518   32.7237
    0.0000   45.0000  -45.0000 1973.9878   32.5621
    7.5000   45.0000  -45.0000 1944.7123   32.9755
   -7.5000  -45.0000  -37.5000 2356.4336   22.5971
    0.0000  -45.0000  -37.5000 2365.0344   22.6023
    7.5000  -45.0000  -37.5000 2345.0281   22.6825
   -7.5000  -37.5000  -37.5000 2426.3733   21.1940
    0.0000  -37.5000  -37.5000 2428.2373   21.2188
    7.5000  -37.5000  -37.5000 2412.1238   21.3134
   -7.5000  -30.0000  -37.5000 2474.4644   20.2092
    0.0000  -30.0000  -37.5000 2482.5259   20.2653
    7.5000  -30.0000  -37.5000 2460.7700   20.3149
   -7.5000  -22.5000  -37.5000 2499.4155   19.6252
    0.0000  -22.5000  -37.5000 2509.7776   19.6888
    7.5000  -22.5000  -37.5000 2483.2749   19.7012
   -7.5000  -15.0000  -37.5000 2500.1294   19.2937
    0.0000  -15.0000  -37.5000 2513.8723   19.4099
    7.5000  -15.0000  -37.5000 2488.1328   19.4559
   -7.5000   -7.5000  -37.5000 2503.0769   19.4138
    0.0000   -7.5000  -37.5000 2517.2004   19.4463
    7.5000   -7.5000  -37.5000 2488.3611   19.5522
   -7.5000    0.0000  -37.5000 2492.5964   19.7078
    0.0000    0.0000  -37.5000 2499.5962   19.7501
    7.5000    0.0000  -37.5000 2472.5574   19.8853
   -7.5000    7.5000  -37.5000 2469.9685   20.3780
    0.0000    7.5000  -37.5000 2484.3386   20.3630
    7.5000    7.5000  -37.5000 2452.6133   20.5846
   -7.5000   15.0000  -37.5000 2429.1892   21.4117
    0.0000   15.0000  -37.5000 2435.9263   21.3451
    7.5000   15.0000  -37.5000 2406.3528   21.6260
   -7.5000   22.5000  -37.5000 2362.2656   22.8481
    0.0000   22.5000  -37.5000 2366.2822   22.7540
    7.5000   22.5000  -37.5000 2338.3767   23.0375
   -7.5000   30.0000  -37.5000 2263.4441   24.7366
    0.0000   30.0000  -37.5000 2268.5984   24.6757
    7.5000   30.0000  -37.5000 2244.6855   24.9814
   -7.5000   37.5000  -37.5000 2154.1609   27.2033
    0.0000   37.5000  -37.5000 2158.0828   27.0979
    7.5000   37.5000  -37.5000 2134.9204   27.4571
   -7.5000   45.0000  -37.5000 2036.8280   30.3405
    0.0000   45.0000  -37.5000 2048.2258   30.2539
    7.5000   45.0000  -37.5000 2012.9310   30.5192
   -7.5000  -45.0000  -30.0000 2475.9519   21.8600
    0.0000  -45.0000  -30.0000 2487.3301   21.9328
    7.5000  -45.0000  -30.0000 2461.3279   21.9420
   -7.5000  -37.5000  -30.0000 2554.9856   20.5229
    0.0000  -37.5000  -30.0000 2561.5178   20.5696
    7.5000  -37.5000  -30.0000 2536.0000   20.6035
   -7.5000  -30.0000  -30.0000 2603.9146   19.4763
    0.0000  -30.0000  -30.0000 2609.4561   19.5292
    7.5000  -30.0000  -30.0000 2580.5955   19.5695
   -7.5000  -22.5000  -30.0000 2636.3562   18.8779
    0.0000  -22.5000  -30.0000 2640.7595   18.9399
    7.5000  -22.5000  -30.0000 2607.3845   18.9457
   -7.5000  -15.0000  -30.0000 2640.0803   18.6295
    0.0000  -15.0000  -30.0000 2649.3501   18.7501
    7.5000  -15.0000  -30.0000 2617.1963   18.7722
   -7.5000   -7.5000  -30.0000 2649.8787   18.7412
    0.0000   -7.5000  -30.0000 2657.0442   18.8129
    7.5000   -7.5000  -30.0000 2620.6514   18.8909
   -7.5000    0.0000  -30.0000 2635.9790   19.1106
    0.0000    0.0000  -30.0000 2649.0100   19.2306
    7.5000    0.0000  -30.0000 2612.6252   19.3112
   -7.5000    7.5000  -30.0000 2610.6990   19.7924
    0.0000    7.5000  -30.0000 2620.5129   19.8338
    7.5000    7.5000  -30.0000 2585.4565   19.9824
   -7.5000   15.0000  -30.0000 2563.2883   20.7831
    0.0000   15.0000  -30.0000 2570.7585   20.8016
    7.5000   15.0000  -30.0000 2531.6621   20.9656
   -7.5000   22.5000  -30.0000 2495.9390   22.1385
    0.0000   22.5000  -30.0000 2500.7297   22.1360
    7.5000   22.5000  -30.0000 2464.9402   22.3630
   -7.5000   30.0000  -30.0000 2386.0349   23.9438
    0.0000   30.0000  -30.0000 2395.5320   23.9151
    7.5000   30.0000  -30.0000 2370.1934   24.2301
   -7.5000   37.5000  -30.0000 2268.5093   26.3746
    0.0000   37.5000  -30.0000 2274.1963   26.2720
    7.5000   37.5000  -30.0000 2251.7793   26.5806
   -7.5000   45.0000  -30.0000 2142.0085   29.3637
    0.0000   45.0000  -30.0000 2145.0388   29.3391
    7.5000   45.0000  -30.0000 2123.4231   29.6843
   -7.5000  -45.0000  -22.5000 2560.9226   21.1622
    0.0000  -45.0000  -22.5000 2570.8259   21.1252
    7.5000  -45.0000  -22.5000 2543.1575   21.2292
   -7.5000  -37.5000  -22.5000 2639.9954   19.7683
    0.0000  -37.5000  -22.5000 2647.1003   19.7360
    7.5000  -37.5000  -22.5000 2617.6665   19.8308
   -7.5000  -30.0000  -22.5000 2688.1570   18.7122
    0.0000  -30.0000  -22.5000 2699.8792   18.7562
    7.5000  -30.0000  -22.5000 2666.1750   18.8358
   -7.5000  -22.5000  -22.5000 2725.6255   18.0184
    0.0000  -22.5000  -22.5000 2733.9001   18.0909
    7.5000  -22.5000  -22.5000 2697.8704   18.1818
   -7.5000  -15.0000  -22.5000 2742.2200   17.7569
    0.0000  -15.0000  -22.5000 2748.2380   17.8363
    7.5000  -15.0000  -22.5000 2711.1199   17.8988
   -7.5000   -7.5000  -22.5000 2755.5776   17.8809
    0.0000   -7.5000  -22.5000 2761.6294   17.9565
    7.5000   -7.5000  -22.5000 2720.4282   18.0385
   -7.5000    0.0000  -22.5000 2744.7935   18.3294
    0.0000    0.0000  -22.5000 2757.7791   18.4550
    7.5000    0.0000  -22.5000 2709.5315   18.4864
   -7.5000    7.5000  -22.5000 2717.6082   19.0508
    0.0000    7.5000  -22.5000 2734.6511   19.1574
    7.5000    7.5000  -22.5000 2684.7559   19.2300
   -7.5000   15.0000  -22.5000 2670.8574   19.9822
    0.0000   15.0000  -22.5000 2679.3713   20.0758
    7.5000   15.0000  -22.5000 2638.8513   20.2245
   -7.5000   22.5000  -22.5000 2589.8171   21.2393
    0.0000   22.5000  -22.5000 2599.7090   21.3338
    7.5000   22.5000  -22.5000 2562.1973   21.5696
   -7.5000   30.0000  -22.5000 2475.8123   22.9977
    0.0000   30.0000  -22.5000 2486.9756   23.0150
    7.5000   30.0000  -22.5000 2464.3728   23.3522
   -7.5000   37.5000  -22.5000 2362.0359   25.3108
    0.0000   37.5000  -22.5000 2365.7952   25.2883
    7.5000   37.5000  -22.5000 2340.7822   25.6255
   -7.5000   45.0000  -22.5000 2219.6091   28.2407
    0.0000   45.0000  -22.5000 2224.5928   28.2482
    7.5000   45.0000  -22.5000 2203.7300   28.6386
   -7.5000  -45.0000  -15.0000 2597.2290   20.5812
    0.0000  -45.0000  -15.0000 2607.5071   20.5055
    7.5000  -45.0000  -15.0000 2579.4426   20.6249
   -7.5000  -37.5000  -15.0000 2668.7856   19.1365
    0.0000  -37.5000  -15.0000 2687.9365   19.1265
    7.5000  -37.5000  -15.0000 2658.1877   19.2366
   -7.5000  -30.0000  -15.0000 2727.8301   18.1201
    0.0000  -30.0000  -15.0000 2746.2014   18.1407
    7.5000  -30.0000  -15.0000 2716.6372   18.3002
   -7.5000  -22.5000  -15.0000 2776.8774   17.3924
    0.0000  -22.5000  -15.0000 2788.5566   17.4546
    7.5000  -22.5000  -15.0000 2757.6379   17.6496
   -7.5000  -15.0000  -15.0000 2802.0110   16.9973
    0.0000  -15.0000  -15.0000 2809.6975   17.0653
    7.5000  -15.0000  -15.0000 2774.1206   17.2801
   -7.5000   -7.5000  -15.0000 2819.9241   17.0932
    0.0000   -7.5000  -15.0000 2826.8445   17.1310
    7.5000   -7.5000  -15.0000 2784.0984   17.2924
   -7.5000    0.0000  -15.0000 2813.0671   17.5147
    0.0000    0.0000  -15.0000 2834.2773   17.6197
    7.5000    0.0000  -15.0000 2778.7217   17.6998
   -7.5000    7.5000  -15.0000 2785.6343   18.2703
    0.0000    7.5000  -15.0000 2804.2974   18.3685
    7.5000    7.5000  -15.0000 2754.2634   18.4672
   -7.5000   15.0000  -15.0000 2730.8533   19.2220
    0.0000   15.0000  -15.0000 2742.6838   19.3163
    7.5000   15.0000  -15.0000 2703.6165   19.5248
   -7.5000   22.5000  -15.0000 2650.1257   20.4407
    0.0000   22.5000  -15.0000 2654.6331   20.5084
    7.5000   22.5000  -15.0000 2625.9197   20.8305
   -7.5000   30.0000  -15.0000 2530.1152   22.1117
    0.0000   30.0000  -15.0000 2543.9546   22.1794
    7.5000   30.0000  -15.0000 2520.7419   22.5238
   -7.5000   37.5000  -15.0000 2411.6855   24.3999
    0.0000   37.5000  -15.0000 2422.9526   24.3973
    7.5000   37.5000  -15.0000 2397.4727   24.7678
   -7.5000   45.0000  -15.0000 2268.1890   27.2458
    0.0000   45.0000  -15.0000 2275.8745   27.2488
    7.5000   45.0000  -15.0000 2256.8347   27.6702
   -7.5000  -45.0000   -7.5000 2603.5967   20.1009
    0.0000  -45.0000   -7.5000 2609.4229   19.9706
    7.5000  -45.0000   -7.5000 2593.5581   20.1623
   -7.5000  -37.5000   -7.5000 2686.7585   18.6774
    0.0000  -37.5000   -7.5000 2700.0469   18.6069
    7.5000  -37.5000   -7.5000 2676.6868   18.7785
   -7.5000  -30.0000   -7.5000 2760.4290   17.6772
    0.0000  -30.0000   -7.5000 2774.0732   17.6390
    7.5000  -30.0000   -7.5000 2746.8904   17.8245
   -7.5000  -22.5000   -7.5000 2815.2153   16.9967
    0.0000  -22.5000   -7.5000 2835.5415   16.9928
    7.5000  -22.5000   -7.5000 2801.0117   17.2496
   -7.5000  -15.0000   -7.5000 2844.9866   16.5191
    0.0000  -15.0000   -7.5000 2866.9207   16.5421
    7.5000  -15.0000   -7.5000 2825.8015   16.8969
   -7.5000   -7.5000   -7.5000 2869.0527   16.4435
    0.0000   -7.5000   -7.5000 2882.9644   16.4614
    7.5000   -7.5000   -7.5000 2837.6929   16.7914
   -7.5000    0.0000   -7.5000 2867.6230   16.8251
    0.0000    0.0000   -7.5000 2887.5408   16.8706
    7.5000    0.0000   -7.5000 2833.4109   17.0830
   -7.5000    7.5000   -7.5000 2834.9841   17.4990
    0.0000    7.5000   -7.5000 2850.0452   17.5681
    7.5000    7.5000   -7.5000 2804.8857   17.8017
   -7.5000   15.0000   -7.5000 2765.0676   18.4881
    0.0000   15.0000   -7.5000 2776.0051   18.5135
    7.5000   15.0000   -7.5000 2747.8442   18.8603
   -7.5000   22.5000   -7.5000 2677.9502   19.7519
    0.0000   22.5000   -7.5000 2688.3977   19.7858
    7.5000   22.5000   -7.5000 2663.7285   20.1866
   -7.5000   30.0000   -7.5000 2557.7959   21.4198
    0.0000   30.0000   -7.5000 2572.9956   21.4881
    7.5000   30.0000   -7.5000 2556.2458   21.9252
   -7.5000   37.5000   -7.5000 2446.3762   23.6321
    0.0000   37.5000   -7.5000 2453.5845   23.6885
    7.5000   37.5000   -7.5000 2428.1887   24.1057
   -7.5000   45.0000   -7.5000 2304.5327   26.3646
    0.0000   45.0000   -7.5000 2309.2158   26.4285
    7.5000   45.0000   -7.5000 2285.5801   26.8684
   -7.5000  -45.0000    0.0000 2596.4194   20.0421
    0.0000  -45.0000    0.0000 2597.5945   19.7457
    7.5000  -45.0000    0.0000 2589.3918   20.0561
   -7.5000  -37.5000    0.0000 2685.5381   18.5544
    0.0000  -37.5000    0.0000 2688.4243   18.3115
    7.5000  -37.5000    0.0000 2675.3481   18.6373
   -7.5000  -30.0000    0.0000 2763.2754   17.5277
    0.0000  -30.0000    0.0000 2767.8970   17.3113
    7.5000  -30.0000    0.0000 2748.4861   17.6424
   -7.5000  -22.5000    0.0000 2828.7947   16.8568
    0.0000  -22.5000    0.0000 2843.1824   16.7248
    7.5000  -22.5000    0.0000 2814.7783   17.0385
   -7.5000  -15.0000    0.0000 2875.7800   16.4513
    0.0000  -15.0000    0.0000 2899.8823   16.3467
    7.5000  -15.0000    0.0000 2852.7605   16.6794
   -7.5000   -7.5000    0.0000 2893.4609   16.0612
    0.0000   -7.5000    0.0000 2912.6047   16.0166
    7.5000   -7.5000    0.0000 2864.5857   16.5478
   -7.5000    0.0000    0.0000 2889.8755   16.3129
    0.0000    0.0000    0.0000 2900.5159   16.2654
    7.5000    0.0000    0.0000 2853.7751   16.7360
   -7.5000    7.5000    0.0000 2848.2839   17.0185
    0.0000    7.5000    0.0000 2859.1470   16.9513
    7.5000    7.5000    0.0000 2823.9751   17.4877
   -7.5000   15.0000    0.0000 2785.4175   18.0776
    0.0000   15.0000    0.0000 2793.5469   18.0347
    7.5000   15.0000    0.0000 2764.4016   18.5545
   -7.5000   22.5000    0.0000 2692.3296   19.4566
    0.0000   22.5000    0.0000 2702.1548   19.4407
    7.5000   22.5000    0.0000 2677.3337   19.8465
   -7.5000   30.0000    0.0000 2578.3179   21.1717
    0.0000   30.0000    0.0000 2588.2439   21.1528
    7.5000   30.0000    0.0000 2564.3445   21.5141
   -7.5000   37.5000    0.0000 2462.0173   23.3205
    0.0000   37.5000    0.0000 2473.8325   23.3057
    7.5000   37.5000    0.0000 2447.1289   23.6792
   -7.5000   45.0000    0.0000 2316.6458   26.0813
    0.0000   45.0000    0.0000 2321.5000   26.0493
    7.5000   45.0000    0.0000 2301.2468   26.4327
   -7.5000  -45.0000    7.5000 2576.5300   20.1765
    0.0000  -45.0000    7.5000 2571.9749   19.7824
    7.5000  -45.0000    7.5000 2566.6440   20.2233
   -7.5000  -37.5000    7.5000 2668.6382   18.6561
    0.0000  -37.5000    7.5000 2670.4336   18.3145
    7.5000  -37.5000    7.5000 2653.9373   18.7345
   -7.5000  -30.0000    7.5000 2753.9392   17.5664
    0.0000  -30.0000    7.5000 2752.9761   17.2372
    7.5000  -30.0000    7.5000 2733.9739   17.6925
   -7.5000  -22.5000    7.5000 2824.3879   16.8965
    0.0000  -22.5000    7.5000 2831.2834   16.6206
    7.5000  -22.5000    7.5000 2807.8408   17.0690
   -7.5000  -15.0000    7.5000 2875.0732   16.5354
    0.0000  -15.0000    7.5000 2892.9927   16.3233
    7.5000  -15.0000    7.5000 2854.5779   16.6995
   -7.5000   -7.5000    7.5000 2905.0989   16.2485
    0.0000   -7.5000    7.5000 2920.1689   16.0275
    7.5000   -7.5000    7.5000 2875.8228   16.5992
   -7.5000    0.0000    7.5000 2891.1353   16.2537
    0.0000    0.0000    7.5000 2903.0073   16.1186
    7.5000    0.0000    7.5000 2867.8560   16.8308
   -7.5000    7.5000    7.5000 2855.0486   16.9131
    0.0000    7.5000    7.5000 2869.1128   16.8427
    7.5000    7.5000    7.5000 2829.1104   17.3677
   -7.5000   15.0000    7.5000 2792.2532   18.0034
    0.0000   15.0000    7.5000 2806.5261   17.9576
    7.5000   15.0000    7.5000 2765.1013   18.3191
   -7.5000   22.5000    7.5000 2690.8430   19.4224
    0.0000   22.5000    7.5000 2704.5081   19.3883
    7.5000   22.5000    7.5000 2676.7214   19.6966
   -7.5000   30.0000    7.5000 2578.2666   21.1683
    0.0000   30.0000    7.5000 2591.2427   21.1955
    7.5000   30.0000    7.5000 2566.6047   21.4750
   -7.5000   37.5000    7.5000 2461.0938   23.3053
    0.0000   37.5000    7.5000 2476.3611   23.3561
    7.5000   37.5000    7.5000 2446.1125   23.6443
   -7.5000   45.0000    7.5000 2315.4570   25.9740
    0.0000   45.0000    7.5000 2327.7515   26.0464
    7.5000   45.0000    7.5000 2305.5544   26.3433
   -7.5000  -45.0000   15.0000 2536.5212   20.4530
    0.0000  -45.0000   15.0000 2541.8425   19.9988
    7.5000  -45.0000   15.0000 2530.4229   20.5615
   -7.5000  -37.5000   15.0000 2630.0273   18.8880
    0.0000  -37.5000   15.0000 2631.2705   18.5017
    7.5000  -37.5000   15.0000 2618.9121   19.0332
   -7.5000  -30.0000   15.0000 2711.2073   17.7557
    0.0000  -30.0000   15.0000 2710.7109   17.4502
    7.5000  -30.0000   15.0000 2693.8472   17.9480
   -7.5000  -22.5000   15.0000 2780.9390   17.1031
    0.0000  -22.5000   15.0000 2782.5093   16.8524
    7.5000  -22.5000   15.0000 2770.4180   17.3446
   -7.5000  -15.0000   15.0000 2834.0322   16.8049
    0.0000  -15.0000   15.0000 2849.9495   16.6472
    7.5000  -15.0000   15.0000 2817.6699   17.0667
   -7.5000   -7.5000   15.0000 2879.5767   16.6760
    0.0000   -7.5000   15.0000 2895.0127   16.5246
    7.5000   -7.5000   15.0000 2850.0984   17.0655
   -7.5000    0.0000   15.0000 2881.1541   16.8959
    0.0000    0.0000   15.0000 2899.6804   16.8356
    7.5000    0.0000   15.0000 2849.1099   17.2609
   -7.5000    7.5000   15.0000 2838.5725   17.3950
    0.0000    7.5000   15.0000 2863.4390   17.4029
    7.5000    7.5000   15.0000 2808.4421   17.6928
   -7.5000   15.0000   15.0000 2772.6960   18.2458
    0.0000   15.0000   15.0000 2790.8652   18.1910
    7.5000   15.0000   15.0000 2744.1582   18.5400
   -7.5000   22.5000   15.0000 2676.8533   19.5697
    0.0000   22.5000   15.0000 2686.5996   19.5366
    7.5000   22.5000   15.0000 2659.0916   19.8528
   -7.5000   30.0000   15.0000 2560.2686   21.2894
    0.0000   30.0000   15.0000 2571.8801   21.3102
    7.5000   30.0000   15.0000 2553.0334   21.6300
   -7.5000   37.5000   15.0000 2443.4543   23.4434
    0.0000   37.5000   15.0000 2454.2693   23.4560
    7.5000   37.5000   15.0000 2433.0188   23.8409
   -7.5000   45.0000   15.0000 2296.9177   26.0811
    0.0000   45.0000   15.0000 2310.0220   26.1473
    7.5000   45.0000   15.0000 2291.1248   26.5093
   -7.5000  -45.0000   22.5000 2490.4875   21.1108
    0.0000  -45.0000   22.5000 2498.0537   20.6737
    7.5000  -45.0000   22.5000 2487.9858   21.2307
   -7.5000  -37.5000   22.5000 2581.4871   19.5519
    0.0000  -37.5000   22.5000 2586.6487   19.1734
    7.5000  -37.5000   22.5000 2572.9905   19.6720
   -7.5000  -30.0000   22.5000 2661.3135   18.4330
    0.0000  -30.0000   22.5000 2663.3584   18.1239
    7.5000  -30.0000   22.5000 2645.5540   18.5996
   -7.5000  -22.5000   22.5000 2731.5144   17.7670
    0.0000  -22.5000   22.5000 2733.6077   17.5904
    7.5000  -22.5000   22.5000 2715.7346   18.0008
   -7.5000  -15.0000   22.5000 2784.0955   17.4318
    0.0000  -15.0000   22.5000 2795.4541   17.2712
    7.5000  -15.0000   22.5000 2769.7856   17.7304
   -7.5000   -7.5000   22.5000 2817.0564   17.2544
    0.0000   -7.5000   22.5000 2823.6240   17.0932
    7.5000   -7.5000   22.5000 2795.6306   17.6479
   -7.5000    0.0000   22.5000 2818.7578   17.6181
    0.0000    0.0000   22.5000 2831.8894   17.5169
    7.5000    0.0000   22.5000 2792.0813   17.8519
   -7.5000    7.5000   22.5000 2789.1926   18.1174
    0.0000    7.5000   22.5000 2800.9072   18.0408
    7.5000    7.5000   22.5000 2765.7798   18.3821
   -7.5000   15.0000   22.5000 2733.2886   18.9875
    0.0000   15.0000   22.5000 2750.7788   18.9465
    7.5000   15.0000   22.5000 2709.3318   19.2398
   -7.5000   22.5000   22.5000 2648.6924   20.2080
    0.0000   22.5000   22.5000 2667.4087   20.1869
    7.5000   22.5000   22.5000 2628.5876   20.4778
   -7.5000   30.0000   22.5000 2536.4512   21.8558
    0.0000   30.0000   22.5000 2552.6746   21.8502
    7.5000   30.0000   22.5000 2525.4146   22.1699
   -7.5000   37.5000   22.5000 2420.3262   23.9539
    0.0000   37.5000   22.5000 2435.9749   23.9632
    7.5000   37.5000   22.5000 2410.2510   24.3207
   -7.5000   45.0000   22.5000 2272.0283   26.6450
    0.0000   45.0000   22.5000 2286.3127   26.6642
    7.5000   45.0000   22.5000 2272.8464   27.0183
   -7.5000  -45.0000   30.0000 2450.2468   22.0793
    0.0000  -45.0000   30.0000 2463.5710   21.7573
    7.5000  -45.0000   30.0000 2450.1965   22.2093
   -7.5000  -37.5000   30.0000 2546.4043   20.5054
    0.0000  -37.5000   30.0000 2557.0315   20.2254
    7.5000  -37.5000   30.0000 2532.4067   20.6312
   -7.5000  -30.0000   30.0000 2622.7585   19.3741
    0.0000  -30.0000   30.0000 2628.6736   19.1672
    7.5000  -30.0000   30.0000 2603.7119   19.5207
   -7.5000  -22.5000   30.0000 2683.0457   18.6282
    0.0000  -22.5000   30.0000 2688.1194   18.4471
    7.5000  -22.5000   30.0000 2667.3232   18.8261
   -7.5000  -15.0000   30.0000 2716.5176   18.1440
    0.0000  -15.0000   30.0000 2726.1648   17.9518
    7.5000  -15.0000   30.0000 2702.9583   18.4572
   -7.5000   -7.5000   30.0000 2742.0437   18.1128
    0.0000   -7.5000   30.0000 2751.5615   18.0212
    7.5000   -7.5000   30.0000 2720.3557   18.3807
   -7.5000    0.0000   30.0000 2739.2722   18.4932
    0.0000    0.0000   30.0000 2748.3054   18.4203
    7.5000    0.0000   30.0000 2716.6069   18.6887
   -7.5000    7.5000   30.0000 2711.2834   19.0733
    0.0000    7.5000   30.0000 2721.2004   18.9882
    7.5000    7.5000   30.0000 2695.2856   19.3508
   -7.5000   15.0000   30.0000 2665.9148   19.9391
    0.0000   15.0000   30.0000 2679.2195   19.8605
    7.5000   15.0000   30.0000 2645.0615   20.2098
   -7.5000   22.5000   30.0000 2594.9963   21.1241
    0.0000   22.5000   30.0000 2615.5691   21.1366
    7.5000   22.5000   30.0000 2576.2861   21.4332
   -7.5000   30.0000   30.0000 2494.2766   22.6888
    0.0000   30.0000   30.0000 2514.3516   22.7250
    7.5000   30.0000   30.0000 2485.8262   23.0615
   -7.5000   37.5000   30.0000 2383.2988   24.7406
    0.0000   37.5000   30.0000 2397.9832   24.8329
    7.5000   37.5000   30.0000 2375.1772   25.2214
   -7.5000   45.0000   30.0000 2236.0273   27.4729
    0.0000   45.0000   30.0000 2249.2021   27.5725
    7.5000   45.0000   30.0000 2223.3025   27.9382
   -7.5000  -45.0000   37.5000 2402.3823   23.3538
    0.0000  -45.0000   37.5000 2423.2134   23.0992
    7.5000  -45.0000   37.5000 2406.3572   23.4126
   -7.5000  -37.5000   37.5000 2496.9478   21.6914
    0.0000  -37.5000   37.5000 2515.6047   21.4546
    7.5000  -37.5000   37.5000 2486.7126   21.7585
   -7.5000  -30.0000   37.5000 2568.6614   20.4443
    0.0000  -30.0000   37.5000 2583.4729   20.2353
    7.5000  -30.0000   37.5000 2552.9326   20.5572
   -7.5000  -22.5000   37.5000 2619.8533   19.6157
    0.0000  -22.5000   37.5000 2635.8005   19.4334
    7.5000  -22.5000   37.5000 2604.8896   19.8098
   -7.5000  -15.0000   37.5000 2645.8977   19.1801
    0.0000  -15.0000   37.5000 2656.7942   19.0037
    7.5000  -15.0000   37.5000 2632.4473   19.4172
   -7.5000   -7.5000   37.5000 2668.1768   19.2077
    0.0000   -7.5000   37.5000 2676.4954   19.0979
    7.5000   -7.5000   37.5000 2645.5183   19.4135
   -7.5000    0.0000   37.5000 2661.2661   19.6046
    0.0000    0.0000   37.5000 2672.8171   19.5289
    7.5000    0.0000   37.5000 2640.7729   19.7757
   -7.5000    7.5000   37.5000 2637.8469   20.2537
    0.0000    7.5000   37.5000 2649.7524   20.1833
    7.5000    7.5000   37.5000 2627.9458   20.4907
   -7.5000   15.0000   37.5000 2597.6589   21.1497
    0.0000   15.0000   37.5000 2611.1812   21.0935
    7.5000   15.0000   37.5000 2583.8022   21.3979
   -7.5000   22.5000   37.5000 2537.8057   22.2750
    0.0000   22.5000   37.5000 2555.7151   22.2473
    7.5000   22.5000   37.5000 2520.2271   22.5844
   -7.5000   30.0000   37.5000 2449.7776   23.8186
    0.0000   30.0000   37.5000 2464.2798   23.8370
    7.5000   30.0000   37.5000 2437.8291   24.1782
   -7.5000   37.5000   37.5000 2331.3130   25.9147
    0.0000   37.5000   37.5000 2345.9797   25.9321
    7.5000   37.5000   37.5000 2329.0342   26.2691
   -7.5000   45.0000   37.5000 2194.3635   28.7215
    0.0000   45.0000   37.5000 2204.7168   28.8684
    7.5000   45.0000   37.5000 2188.1697   29.2077
   -7.5000  -45.0000   45.0000 2338.1648   24.7799
    0.0000  -45.0000   45.0000 2364.9470   24.5641
    7.5000  -45.0000   45.0000 2341.9341   24.8165
   -7.5000  -37.5000   45.0000 2429.3684   23.0154
    0.0000  -37.5000   45.0000 2455.8115   22.7926
    7.5000  -37.5000   45.0000 2424.1165   23.0294
   -7.5000  -30.0000   45.0000 2494.4202   21.6999
    0.0000  -30.0000   45.0000 2514.9626   21.5041
    7.5000  -30.0000   45.0000 2480.2161   21.7650
   -7.5000  -22.5000   45.0000 2540.6665   20.8490
    0.0000  -22.5000   45.0000 2555.9275   20.6222
    7.5000  -22.5000   45.0000 2523.4397   20.9719
   -7.5000  -15.0000   45.0000 2567.8586   20.4359
    0.0000  -15.0000   45.0000 2573.6780   20.2842
    7.5000  -15.0000   45.0000 2550.4380   20.5995
   -7.5000   -7.5000   45.0000 2578.4626   20.5455
    0.0000   -7.5000   45.0000 2586.3748   20.4331
    7.5000   -7.5000   45.0000 2558.5364   20.6953
   -7.5000    0.0000   45.0000 2577.9338   20.9733
    0.0000    0.0000   45.0000 2585.2913   20.8897
    7.5000    0.0000   45.0000 2554.0110   21.1132
   -7.5000    7.5000   45.0000 2561.4622   21.6726
    0.0000    7.5000   45.0000 2568.0261   21.5944
    7.5000    7.5000   45.0000 2546.3350   21.8493
   -7.5000   15.0000   45.0000 2521.9158   22.5829
    0.0000   15.0000   45.0000 2531.4629   22.5572
    7.5000   15.0000   45.0000 2509.8379   22.8242
   -7.5000   22.5000   45.0000 2472.0168   23.7259
    0.0000   22.5000   45.0000 2486.6016   23.6545
    7.5000   22.5000   45.0000 2459.3625   23.9678
   -7.5000   30.0000   45.0000 2390.9790   25.2296
    0.0000   30.0000   45.0000 2400.8892   25.1387
    7.5000   30.0000   45.0000 2380.8506   25.5186
   -7.5000   37.5000   45.0000 2273.5918   27.3608
    0.0000   37.5000   45.0000 2284.4609   27.3177
    7.5000   37.5000   45.0000 2269.7451   27.6883
   -7.5000   45.0000   45.0000 2150.4480   30.3766
    0.0000   45.0000   45.0000 2160.4976   30.3681
    7.5000   45.0000   45.0000 2141.4126   30.7682

---------------------------------------------------------------------
imgreg_4dfp /usr/local/freesurfer/average/711-2C_as_mni_average_305 /usr/local/freesurfer/average/711-2B_as_mni_average_305_mask talsrcimg_g11 none talsrcimg_to_711-2C_as_mni_average_305_t4 1283
---------------------------------------------------------------------

freesurfer imgreg_4dfp.c
/usr/local/freesurfer/average/711-2C_as_mni_average_305.4dfp.img
       256       256       256         1
  1.000000  1.000000  1.000000
orientation T byte_order littleendian
Reading image: /usr/local/freesurfer/average/711-2C_as_mni_average_305.4dfp.img
dimensions:      256       256       256
mmppix:       1.0000   -1.0000   -1.0000
center:     128.0000 -129.0000 -129.0000
/usr/local/freesurfer/average/711-2B_as_mni_average_305_mask.4dfp.img
       256       256       256         1
  1.000000  1.000000  1.000000
orientation T byte_order littleendian
Reading mask: /usr/local/freesurfer/average/711-2B_as_mni_average_305_mask.4dfp.img (2306576 pixels)
talsrcimg_g11.4dfp.img
       256       256       256         1
  1.000000  1.000000  1.000000
orientation T byte_order littleendian
Reading image: talsrcimg_g11.4dfp.img
dimensions:      256       256       256
mmppix:       1.0000   -1.0000   -1.0000
center:     128.0000 -129.0000 -129.0000
rotation matrix determinant  1.000000
fimgreg.f
image alignment mode   1283 decimal      503 hex
parameters
    0.0000   -7.5000    7.5000    0.0000    0.0000    0.0000
eta,q 0.91615 16.07738
niter,ni,del,rscale     5    3   12.0000    1.2000
parameter  4 21.570301 ->  0.500000 qaram    1.1500
parameters
   -1.5614   -6.8709    5.6969   -3.4500    1.2391    0.7691
eta,q 0.92128 16.09291
  0.0882  0.0909  0.0850  0.0769  0.0853  0.0808
  0.0863  0.0870  0.0837  0.0787  0.0828  0.0799
  0.0852  0.0850  0.0849  0.0809  0.0804  0.0797
  0.0846  0.0842  0.0845  0.0851  0.0793  0.0790
  0.0866  0.0853  0.0840  0.0894  0.0787  0.0785
  0.0910  0.0872  0.0857  0.0920  0.0794  0.0790
  0.0977  0.0876  0.0888  0.0938  0.0822  0.0805
niter,ni,del,rscale     5    3   12.0000    1.2000
parameter  4  1.094404 ->  0.500000 qaram    1.3225
parameters
   -2.3269   -6.2277    3.4985   -7.4175    1.1500   -0.3892
eta,q 0.92586 16.16523
  0.0828  0.0863  0.0818  0.0717  0.0791  0.0764
  0.0826  0.0835  0.0789  0.0737  0.0770  0.0750
  0.0811  0.0812  0.0770  0.0750  0.0751  0.0743
  0.0787  0.0794  0.0789  0.0771  0.0742  0.0742
  0.0793  0.0788  0.0830  0.0816  0.0744  0.0750
  0.0823  0.0812  0.0847  0.0880  0.0768  0.0769
  0.0889  0.0845  0.0841  0.0929  0.0800  0.0792
niter,ni,del,rscale     5    3   12.0000    1.2000
parameter  4  0.635342 ->  0.500000 qaram    1.5209
parameters
   -2.1159   -5.6678    2.7108  -11.9801    0.1869    1.6778
eta,q 0.92872 16.38289
  0.0816  0.0843  0.0808  0.0720  0.0745  0.0790
  0.0799  0.0786  0.0779  0.0719  0.0737  0.0766
  0.0772  0.0751  0.0748  0.0722  0.0727  0.0740
  0.0741  0.0741  0.0743  0.0742  0.0720  0.0722
  0.0753  0.0751  0.0758  0.0760  0.0732  0.0713
  0.0773  0.0774  0.0806  0.0799  0.0750  0.0716
  0.0825  0.0803  0.0862  0.0860  0.0767  0.0740
niter,ni,del,rscale     5    3   12.0000    1.2000
parameters
   -2.2712   -4.1539    2.8936  -15.2331    1.2019    1.6202
eta,q 0.92974 16.30677
  0.0812  0.0860  0.0802  0.0739  0.0793  0.0762
  0.0774  0.0795  0.0793  0.0722  0.0752  0.0730
  0.0741  0.0743  0.0750  0.0700  0.0715  0.0707
  0.0713  0.0714  0.0709  0.0708  0.0701  0.0703
  0.0729  0.0711  0.0717  0.0752  0.0708  0.0714
  0.0774  0.0729  0.0748  0.0784  0.0723  0.0733
  0.0833  0.0764  0.0824  0.0797  0.0745  0.0761
niter,ni,del,rscale     4    3   12.0000    1.2000
parameters
   -2.3660   -3.1853    1.9069  -17.5339    1.1919    0.9536
eta,q 0.92976 16.28082
  0.0819  0.0832  0.0765  0.0738  0.0771  0.0739
  0.0780  0.0770  0.0736  0.0716  0.0734  0.0722
  0.0739  0.0723  0.0710  0.0702  0.0707  0.0708
  0.0703  0.0703  0.0702  0.0701  0.0702  0.0702
  0.0721  0.0705  0.0729  0.0718  0.0711  0.0710
  0.0774  0.0727  0.0768  0.0772  0.0737  0.0733
  0.0840  0.0769  0.0831  0.0800  0.0768  0.0766
niter,ni,del,rscale     3    3   12.0000    1.2000
parameters
   -2.1177   -2.8313    1.1058  -18.6663    0.7664    0.5584
eta,q 0.93036 16.26891
  0.0831  0.0805  0.0768  0.0753  0.0760  0.0731
  0.0789  0.0757  0.0731  0.0719  0.0722  0.0714
  0.0740  0.0726  0.0703  0.0701  0.0699  0.0704
  0.0702  0.0703  0.0700  0.0698  0.0696  0.0695
  0.0725  0.0699  0.0720  0.0707  0.0710  0.0696
  0.0763  0.0735  0.0763  0.0742  0.0742  0.0716
  0.0824  0.0793  0.0817  0.0797  0.0774  0.0752
niter,ni,del,rscale     2    3   12.0000    1.2000
parameters
   -2.1047   -3.1584    0.7992  -19.0729    0.4636    0.4386
eta,q 0.93059 16.30456
  0.0814  0.0783  0.0784  0.0772  0.0767  0.0733
  0.0771  0.0738  0.0746  0.0719  0.0725  0.0712
  0.0727  0.0713  0.0704  0.0702  0.0698  0.0701
  0.0696  0.0696  0.0698  0.0696  0.0694  0.0694
  0.0719  0.0707  0.0716  0.0711  0.0709  0.0693
  0.0757  0.0749  0.0753  0.0732  0.0743  0.0708
  0.0824  0.0812  0.0806  0.0783  0.0776  0.0744
niter,ni,del,rscale     1    3   12.0000    1.2000
parameters
   -2.1829   -3.3179    0.6727  -19.2746    0.3141    0.4092
eta,q 0.93055 16.31462
  0.0815  0.0792  0.0793  0.0779  0.0775  0.0733
  0.0767  0.0741  0.0755  0.0721  0.0730  0.0712
  0.0725  0.0713  0.0709  0.0702  0.0700  0.0701
  0.0694  0.0694  0.0695  0.0694  0.0694  0.0694
  0.0717  0.0705  0.0716  0.0714  0.0709  0.0692
  0.0762  0.0746  0.0752  0.0733  0.0742  0.0706
  0.0831  0.0808  0.0806  0.0778  0.0776  0.0741
registration optimization eta report
parameter search radius
    6.0000    6.0000    6.0000    9.1253    6.0000    6.0000
100000*second partial in parameter space
       34.       29.       28.       10.       22.       12.
  0.0815  0.0792  0.0793  0.0779  0.0775  0.0733
  0.0767  0.0741  0.0755  0.0721  0.0730  0.0712
  0.0725  0.0713  0.0709  0.0702  0.0700  0.0701
  0.0694  0.0694  0.0695  0.0694  0.0694  0.0694
  0.0717  0.0705  0.0716  0.0714  0.0709  0.0692
  0.0762  0.0746  0.0752  0.0733  0.0742  0.0706
  0.0831  0.0808  0.0806  0.0778  0.0776  0.0741
   -2.1829   -3.3179    0.6727  -19.2746    0.3141    0.4092
eta,q 0.93055 16.31462

---------------------------------------------------------------------
imgreg_4dfp /usr/local/freesurfer/average/711-2C_as_mni_average_305 /usr/local/freesurfer/average/711-2B_as_mni_average_305_mask talsrcimg_g11 none talsrcimg_to_711-2C_as_mni_average_305_t4 3335
---------------------------------------------------------------------

freesurfer imgreg_4dfp.c
/usr/local/freesurfer/average/711-2C_as_mni_average_305.4dfp.img
       256       256       256         1
  1.000000  1.000000  1.000000
orientation T byte_order littleendian
Reading image: /usr/local/freesurfer/average/711-2C_as_mni_average_305.4dfp.img
dimensions:      256       256       256
mmppix:       1.0000   -1.0000   -1.0000
center:     128.0000 -129.0000 -129.0000
/usr/local/freesurfer/average/711-2B_as_mni_average_305_mask.4dfp.img
       256       256       256         1
  1.000000  1.000000  1.000000
orientation T byte_order littleendian
Reading mask: /usr/local/freesurfer/average/711-2B_as_mni_average_305_mask.4dfp.img (2306576 pixels)
talsrcimg_g11.4dfp.img
       256       256       256         1
  1.000000  1.000000  1.000000
orientation T byte_order littleendian
Reading image: talsrcimg_g11.4dfp.img
dimensions:      256       256       256
mmppix:       1.0000   -1.0000   -1.0000
center:     128.0000 -129.0000 -129.0000
fimgreg.f
image alignment mode   3335 decimal      D07 hex
parameters
   -2.1829   -3.3179    0.6727   -0.0041   -5.6064   -5.6067
   -0.4933   -0.7533    0.7143   33.0050    0.5483  -33.0091
eta,q 0.93159 16.10268
niter,ni,del,rscale     5    3    5.0000    1.2000
parameter  3 -0.685351 -> -0.500000 qaram    1.1500
parameter  4  3.877864 ->  0.500000 qaram    1.1500
parameter  5  1.823560 ->  0.500000 qaram    1.1500
parameter  6  1.250196 ->  0.500000 qaram    1.1500
parameter 10  1.568108 ->  0.500000 qaram    1.1500
parameter 11  0.609386 ->  0.500000 qaram    1.1500
parameter 12 -0.649108 -> -0.500000 qaram    1.1500
parameters
   -2.2074   -2.2974    2.0527   -4.1441   -9.7464   -9.7467
   -1.2138   -3.0122   -1.0039   28.8650   -3.5917  -28.8691
eta,q 0.95216 15.73378
  0.0714  0.0716  0.0705  0.0578  0.0549  0.0513  0.0556  0.0537  0.0532  0.0483  0.0493  0.0562
  0.0696  0.0702  0.0695  0.0608  0.0556  0.0526  0.0540  0.0527  0.0526  0.0493  0.0490  0.0532
  0.0686  0.0691  0.0687  0.0640  0.0579  0.0537  0.0530  0.0524  0.0524  0.0506  0.0492  0.0507
  0.0684  0.0684  0.0681  0.0675  0.0617  0.0561  0.0529  0.0528  0.0524  0.0523  0.0496  0.0490
  0.0689  0.0681  0.0676  0.0714  0.0661  0.0594  0.0535  0.0536  0.0528  0.0545  0.0504  0.0481
  0.0699  0.0682  0.0674  0.0760  0.0705  0.0634  0.0549  0.0547  0.0536  0.0569  0.0514  0.0478
  0.0713  0.0687  0.0677  0.0802  0.0740  0.0675  0.0569  0.0561  0.0546  0.0600  0.0527  0.0481
niter,ni,del,rscale     7    3    5.0000    1.2000
parameter  2 -1.123879 -> -0.500000 qaram    1.1500
parameter  4  1.090214 ->  0.500000 qaram    1.3225
parameter  5  0.500905 ->  0.500000 qaram    1.3225
parameter  6  0.781978 ->  0.500000 qaram    1.3225
parameter  9 -0.997191 -> -0.500000 qaram    1.1500
parameter 10  1.595130 ->  0.500000 qaram    1.3225
parameters
   -1.0311   -0.9174    3.1122   -8.9051  -14.5074  -14.5077
   -1.5606    0.4952    3.1361   24.1040   -0.0516  -28.6009
eta,q 0.96976 15.42975
  0.0545  0.0544  0.0493  0.0391  0.0402  0.0377  0.0398  0.0439  0.0404  0.0293  0.0348  0.0324
  0.0518  0.0516  0.0473  0.0400  0.0398  0.0377  0.0388  0.0416  0.0390  0.0302  0.0330  0.0311
  0.0495  0.0490  0.0457  0.0414  0.0396  0.0388  0.0382  0.0396  0.0379  0.0323  0.0316  0.0304
  0.0478  0.0469  0.0446  0.0441  0.0403  0.0397  0.0380  0.0380  0.0369  0.0358  0.0307  0.0302
  0.0470  0.0453  0.0441  0.0487  0.0425  0.0415  0.0383  0.0370  0.0361  0.0399  0.0303  0.0304
  0.0470  0.0444  0.0444  0.0537  0.0463  0.0440  0.0390  0.0370  0.0357  0.0443  0.0303  0.0310
  0.0480  0.0441  0.0453  0.0588  0.0509  0.0483  0.0403  0.0383  0.0357  0.0485  0.0310  0.0320
niter,ni,del,rscale     7    3    5.0000    1.2000
parameter  2 -0.833690 -> -0.500000 qaram    1.3225
parameters
   -1.6327    0.6696    1.8631  -12.6359  -14.6206  -15.1246
   -1.3878   -0.6959    3.3497   19.8677    0.2836  -26.4904
eta,q 0.97432 15.14712
  0.0325  0.0388  0.0280  0.0287  0.0325  0.0331  0.0302  0.0304  0.0302  0.0281  0.0273  0.0304
  0.0307  0.0353  0.0272  0.0275  0.0301  0.0306  0.0286  0.0281  0.0286  0.0261  0.0263  0.0279
  0.0300  0.0323  0.0271  0.0268  0.0282  0.0287  0.0276  0.0271  0.0275  0.0258  0.0259  0.0263
  0.0302  0.0299  0.0277  0.0271  0.0269  0.0269  0.0272  0.0272  0.0270  0.0270  0.0257  0.0257
  0.0315  0.0283  0.0288  0.0298  0.0271  0.0271  0.0275  0.0282  0.0273  0.0299  0.0259  0.0257
  0.0337  0.0276  0.0304  0.0346  0.0295  0.0305  0.0284  0.0303  0.0283  0.0341  0.0263  0.0262
  0.0366  0.0278  0.0324  0.0401  0.0337  0.0369  0.0300  0.0335  0.0300  0.0387  0.0270  0.0270
niter,ni,del,rscale     7    3    5.0000    1.2000
parameters
   -1.7355    0.8037    1.5876  -13.2895  -14.4743  -14.6977
   -2.0043   -0.6877    3.3998   19.3292    0.0843  -25.8988
eta,q 0.97455 15.12071
  0.0292  0.0316  0.0273  0.0295  0.0321  0.0323  0.0282  0.0303  0.0289  0.0318  0.0266  0.0288
  0.0272  0.0286  0.0263  0.0275  0.0295  0.0296  0.0266  0.0274  0.0271  0.0283  0.0259  0.0267
  0.0260  0.0265  0.0258  0.0263  0.0272  0.0274  0.0257  0.0258  0.0259  0.0259  0.0255  0.0257
  0.0257  0.0257  0.0257  0.0256  0.0257  0.0257  0.0255  0.0255  0.0255  0.0255  0.0254  0.0254
  0.0262  0.0261  0.0260  0.0256  0.0260  0.0245  0.0261  0.0261  0.0258  0.0265  0.0256  0.0257
  0.0276  0.0278  0.0268  0.0276  0.0286  0.0265  0.0273  0.0276  0.0270  0.0293  0.0260  0.0265
  0.0299  0.0308  0.0281  0.0319  0.0324  0.0333  0.0292  0.0300  0.0289  0.0335  0.0267  0.0277
niter,ni,del,rscale     6    3    5.0000    1.2000
parameters
   -1.7351    0.7792    1.6786  -13.2858  -14.4847  -14.5172
   -2.0481   -0.6862    3.4607   19.0907    0.0348  -25.6806
eta,q 0.97463 15.12366
  0.0292  0.0309  0.0277  0.0297  0.0317  0.0319  0.0286  0.0302  0.0288  0.0322  0.0266  0.0284
  0.0272  0.0281  0.0265  0.0276  0.0292  0.0293  0.0268  0.0273  0.0270  0.0285  0.0259  0.0265
  0.0259  0.0262  0.0257  0.0262  0.0269  0.0271  0.0257  0.0257  0.0258  0.0260  0.0255  0.0255
  0.0255  0.0255  0.0255  0.0255  0.0255  0.0255  0.0254  0.0254  0.0254  0.0254  0.0254  0.0254
  0.0258  0.0261  0.0256  0.0252  0.0258  0.0243  0.0258  0.0260  0.0257  0.0263  0.0255  0.0257
  0.0271  0.0280  0.0263  0.0267  0.0286  0.0266  0.0269  0.0275  0.0269  0.0289  0.0259  0.0266
  0.0293  0.0313  0.0274  0.0307  0.0324  0.0337  0.0286  0.0299  0.0288  0.0330  0.0266  0.0278
niter,ni,del,rscale     5    3    5.0000    1.2000
parameters
   -1.7333    0.7702    1.6958  -13.2800  -14.5213  -14.4537
   -2.0691   -0.6898    3.4804   18.9922    0.0044  -25.6191
eta,q 0.97465 15.12324
  0.0292  0.0309  0.0275  0.0296  0.0316  0.0318  0.0286  0.0302  0.0288  0.0324  0.0266  0.0283
  0.0271  0.0280  0.0263  0.0276  0.0291  0.0292  0.0268  0.0273  0.0270  0.0287  0.0259  0.0264
  0.0258  0.0261  0.0256  0.0261  0.0268  0.0270  0.0257  0.0257  0.0258  0.0261  0.0255  0.0255
  0.0254  0.0254  0.0254  0.0254  0.0254  0.0254  0.0253  0.0253  0.0253  0.0253  0.0253  0.0253
  0.0258  0.0260  0.0256  0.0251  0.0258  0.0243  0.0257  0.0260  0.0257  0.0262  0.0255  0.0257
  0.0271  0.0279  0.0263  0.0266  0.0286  0.0268  0.0268  0.0275  0.0269  0.0287  0.0259  0.0266
  0.0292  0.0312  0.0275  0.0306  0.0324  0.0340  0.0286  0.0299  0.0288  0.0328  0.0266  0.0279
niter,ni,del,rscale     4    3    5.0000    1.2000
parameters
   -1.7318    0.7657    1.6997  -13.2759  -14.5428  -14.4324
   -2.0801   -0.6905    3.4908   18.9616    0.0028  -25.6050
eta,q 0.97466 15.12285
  0.0291  0.0309  0.0275  0.0296  0.0316  0.0318  0.0286  0.0302  0.0288  0.0325  0.0266  0.0282
  0.0271  0.0280  0.0263  0.0275  0.0291  0.0291  0.0268  0.0273  0.0270  0.0287  0.0259  0.0263
  0.0258  0.0261  0.0256  0.0261  0.0268  0.0270  0.0257  0.0257  0.0258  0.0262  0.0255  0.0254
  0.0253  0.0253  0.0253  0.0253  0.0253  0.0253  0.0253  0.0253  0.0253  0.0253  0.0253  0.0253
  0.0257  0.0259  0.0256  0.0251  0.0258  0.0243  0.0257  0.0260  0.0257  0.0261  0.0255  0.0258
  0.0270  0.0279  0.0263  0.0266  0.0286  0.0268  0.0268  0.0275  0.0269  0.0286  0.0259  0.0266
  0.0292  0.0311  0.0275  0.0306  0.0324  0.0341  0.0286  0.0299  0.0288  0.0327  0.0266  0.0279
registration optimization eta report
parameter search radius
    2.4000    3.1740    2.7600    9.5220    9.5220    9.5220
    7.2000    7.2000    8.2800    9.5220    8.2800    8.2800
100000*second partial in parameter space
       66.       56.       28.        5.        7.        9.
        6.        9.        5.        8.        2.        4.
  0.0291  0.0309  0.0275  0.0296  0.0316  0.0318  0.0286  0.0302  0.0288  0.0325  0.0266  0.0282
  0.0271  0.0280  0.0263  0.0275  0.0291  0.0291  0.0268  0.0273  0.0270  0.0287  0.0259  0.0263
  0.0258  0.0261  0.0256  0.0261  0.0268  0.0270  0.0257  0.0257  0.0258  0.0262  0.0255  0.0254
  0.0253  0.0253  0.0253  0.0253  0.0253  0.0253  0.0253  0.0253  0.0253  0.0253  0.0253  0.0253
  0.0257  0.0259  0.0256  0.0251  0.0258  0.0243  0.0257  0.0260  0.0257  0.0261  0.0255  0.0258
  0.0270  0.0279  0.0263  0.0266  0.0286  0.0268  0.0268  0.0275  0.0269  0.0286  0.0259  0.0266
  0.0292  0.0311  0.0275  0.0306  0.0324  0.0341  0.0286  0.0299  0.0288  0.0327  0.0266  0.0279
   -1.7318    0.7657    1.6997  -13.2759  -14.5428  -14.4324
   -2.0801   -0.6905    3.4908   18.9616    0.0028  -25.6050
eta,q 0.97466 15.12285

---------------------------------------------------------------------
imgreg_4dfp /usr/local/freesurfer/average/711-2C_as_mni_average_305 /usr/local/freesurfer/average/711-2B_as_mni_average_305_mask talsrcimg_g11 none talsrcimg_to_711-2C_as_mni_average_305_t4 2311
---------------------------------------------------------------------

freesurfer imgreg_4dfp.c
/usr/local/freesurfer/average/711-2C_as_mni_average_305.4dfp.img
       256       256       256         1
  1.000000  1.000000  1.000000
orientation T byte_order littleendian
Reading image: /usr/local/freesurfer/average/711-2C_as_mni_average_305.4dfp.img
dimensions:      256       256       256
mmppix:       1.0000   -1.0000   -1.0000
center:     128.0000 -129.0000 -129.0000
/usr/local/freesurfer/average/711-2B_as_mni_average_305_mask.4dfp.img
       256       256       256         1
  1.000000  1.000000  1.000000
orientation T byte_order littleendian
Reading mask: /usr/local/freesurfer/average/711-2B_as_mni_average_305_mask.4dfp.img (2306576 pixels)
talsrcimg_g11.4dfp.img
       256       256       256         1
  1.000000  1.000000  1.000000
orientation T byte_order littleendian
Reading image: talsrcimg_g11.4dfp.img
dimensions:      256       256       256
mmppix:       1.0000   -1.0000   -1.0000
center:     128.0000 -129.0000 -129.0000
fimgreg.f
image alignment mode   2311 decimal      907 hex
parameters
   -1.7318    0.7657    1.6997  -13.2759  -14.5428  -14.4324
   -2.0801   -0.6905    3.4908   18.9616    0.0028  -25.6050
eta,q 0.97466 15.12286
niter,ni,del,rscale     5    3    5.0000    0.8000
parameter  6 -0.611394 -> -0.500000 qaram    1.1500
parameters
   -1.7078    0.8144    1.7192  -11.2996  -14.0836  -11.6724
   -2.3022   -0.3592    3.4216   19.0185    0.9192  -25.1564
eta,q 0.97601 15.41169
  0.0271  0.0269  0.0261  0.0267  0.0277  0.0278  0.0257  0.0278  0.0255  0.0274  0.0252  0.0259
  0.0262  0.0261  0.0257  0.0261  0.0265  0.0268  0.0247  0.0257  0.0247  0.0255  0.0246  0.0248
  0.0256  0.0256  0.0254  0.0257  0.0256  0.0259  0.0242  0.0245  0.0242  0.0244  0.0242  0.0242
  0.0253  0.0253  0.0253  0.0253  0.0251  0.0251  0.0240  0.0240  0.0240  0.0240  0.0240  0.0240
  0.0255  0.0255  0.0254  0.0251  0.0251  0.0243  0.0243  0.0243  0.0242  0.0244  0.0240  0.0241
  0.0261  0.0259  0.0256  0.0251  0.0257  0.0240  0.0250  0.0252  0.0247  0.0255  0.0242  0.0245
  0.0270  0.0268  0.0260  0.0255  0.0270  0.0249  0.0261  0.0268  0.0256  0.0272  0.0245  0.0252
niter,ni,del,rscale     5    3    5.0000    0.8000
parameters
   -1.7810    0.8967    2.1349  -11.7669  -14.5496  -12.2422
   -1.9222   -0.6522    3.5447   19.0373    0.5699  -25.3371
eta,q 0.97586 15.35910
  0.0259  0.0260  0.0259  0.0251  0.0260  0.0268  0.0261  0.0265  0.0256  0.0268  0.0247  0.0253
  0.0248  0.0249  0.0250  0.0246  0.0249  0.0258  0.0251  0.0250  0.0248  0.0253  0.0244  0.0245
  0.0241  0.0243  0.0243  0.0242  0.0242  0.0248  0.0244  0.0243  0.0243  0.0244  0.0242  0.0242
  0.0240  0.0240  0.0240  0.0239  0.0240  0.0240  0.0242  0.0242  0.0242  0.0242  0.0242  0.0241
  0.0243  0.0241  0.0239  0.0240  0.0244  0.0241  0.0243  0.0246  0.0243  0.0244  0.0243  0.0243
  0.0250  0.0247  0.0241  0.0246  0.0254  0.0259  0.0247  0.0255  0.0247  0.0253  0.0245  0.0248
  0.0262  0.0256  0.0246  0.0262  0.0272  0.0297  0.0256  0.0271  0.0255  0.0268  0.0249  0.0254
niter,ni,del,rscale     4    3    5.0000    0.7000
parameters
   -1.7562    0.8650    1.9267  -11.4419  -14.5336  -12.2823
   -2.0811   -0.5982    3.5561   19.0439    0.6770  -25.4800
eta,q 0.97591 15.37296
  0.0256  0.0254  0.0247  0.0252  0.0259  0.0266  0.0253  0.0263  0.0252  0.0263  0.0246  0.0250
  0.0248  0.0247  0.0243  0.0247  0.0250  0.0257  0.0246  0.0250  0.0246  0.0250  0.0243  0.0244
  0.0243  0.0243  0.0241  0.0244  0.0243  0.0248  0.0242  0.0243  0.0242  0.0243  0.0242  0.0241
  0.0241  0.0241  0.0241  0.0241  0.0241  0.0241  0.0241  0.0241  0.0241  0.0241  0.0241  0.0241
  0.0243  0.0243  0.0243  0.0240  0.0242  0.0239  0.0242  0.0243  0.0242  0.0243  0.0241  0.0242
  0.0247  0.0247  0.0246  0.0243  0.0249  0.0250  0.0247  0.0250  0.0246  0.0250  0.0243  0.0246
  0.0255  0.0255  0.0251  0.0251  0.0260  0.0276  0.0255  0.0261  0.0252  0.0262  0.0246  0.0251
niter,ni,del,rscale     3    3    5.0000    0.6000
parameters
   -1.7783    0.8698    1.9035  -11.2340  -14.5038  -12.0309
   -2.1200   -0.5915    3.4973   19.0326    0.7885  -25.4846
eta,q 0.97603 15.39693
  0.0251  0.0251  0.0247  0.0249  0.0255  0.0262  0.0249  0.0256  0.0248  0.0257  0.0244  0.0247
  0.0245  0.0245  0.0243  0.0246  0.0248  0.0255  0.0244  0.0247  0.0243  0.0247  0.0242  0.0243
  0.0242  0.0242  0.0241  0.0243  0.0243  0.0247  0.0241  0.0241  0.0241  0.0242  0.0240  0.0240
  0.0241  0.0241  0.0241  0.0241  0.0241  0.0241  0.0240  0.0240  0.0240  0.0240  0.0240  0.0240
  0.0242  0.0242  0.0242  0.0240  0.0242  0.0238  0.0241  0.0242  0.0241  0.0242  0.0240  0.0241
  0.0246  0.0245  0.0244  0.0242  0.0247  0.0245  0.0244  0.0247  0.0244  0.0247  0.0241  0.0243
  0.0252  0.0251  0.0247  0.0249  0.0255  0.0263  0.0250  0.0256  0.0248  0.0257  0.0244  0.0247
niter,ni,del,rscale     2    3    5.0000    0.5000
parameters
   -1.7911    0.8896    1.9592  -11.0454  -14.5577  -11.6880
   -2.1311   -0.5957    3.4626   18.9640    0.8693  -25.4181
eta,q 0.97615 15.41985
  0.0247  0.0247  0.0245  0.0246  0.0249  0.0257  0.0246  0.0251  0.0244  0.0251  0.0242  0.0244
  0.0243  0.0243  0.0242  0.0243  0.0244  0.0251  0.0242  0.0244  0.0241  0.0244  0.0240  0.0241
  0.0240  0.0241  0.0240  0.0241  0.0241  0.0245  0.0239  0.0240  0.0239  0.0240  0.0239  0.0239
  0.0240  0.0240  0.0240  0.0240  0.0240  0.0239  0.0239  0.0239  0.0239  0.0239  0.0239  0.0239
  0.0241  0.0240  0.0240  0.0239  0.0241  0.0238  0.0239  0.0240  0.0239  0.0240  0.0239  0.0239
  0.0243  0.0243  0.0241  0.0241  0.0244  0.0242  0.0242  0.0244  0.0241  0.0245  0.0240  0.0241
  0.0248  0.0246  0.0244  0.0246  0.0251  0.0255  0.0246  0.0250  0.0245  0.0252  0.0242  0.0244
niter,ni,del,rscale     1    3    5.0000    0.4000
parameters
   -1.8024    0.9120    2.0402  -10.8560  -14.6375  -11.3465
   -2.1506   -0.5979    3.4370   18.8672    0.8992  -25.3261
eta,q 0.97624 15.44056
  0.0244  0.0243  0.0242  0.0243  0.0245  0.0252  0.0242  0.0246  0.0241  0.0245  0.0240  0.0242
  0.0241  0.0241  0.0240  0.0241  0.0241  0.0247  0.0240  0.0241  0.0239  0.0241  0.0239  0.0239
  0.0239  0.0239  0.0239  0.0240  0.0239  0.0242  0.0238  0.0238  0.0238  0.0238  0.0238  0.0238
  0.0239  0.0239  0.0239  0.0239  0.0238  0.0238  0.0238  0.0238  0.0238  0.0238  0.0238  0.0238
  0.0239  0.0239  0.0239  0.0238  0.0239  0.0237  0.0238  0.0239  0.0238  0.0239  0.0238  0.0238
  0.0241  0.0240  0.0240  0.0239  0.0242  0.0240  0.0240  0.0241  0.0239  0.0242  0.0239  0.0239
  0.0244  0.0243  0.0241  0.0242  0.0246  0.0248  0.0242  0.0246  0.0242  0.0247  0.0240  0.0241
registration optimization eta report
parameter search radius
    0.8000    0.8000    0.8000    2.4000    2.4000    2.7600
    2.4000    2.4000    2.4000    2.4000    2.4000    2.4000
100000*second partial in parameter space
       81.       72.       48.        7.       12.       15.
        8.       14.        7.       15.        4.        7.
  0.0244  0.0243  0.0242  0.0243  0.0245  0.0252  0.0242  0.0246  0.0241  0.0245  0.0240  0.0242
  0.0241  0.0241  0.0240  0.0241  0.0241  0.0247  0.0240  0.0241  0.0239  0.0241  0.0239  0.0239
  0.0239  0.0239  0.0239  0.0240  0.0239  0.0242  0.0238  0.0238  0.0238  0.0238  0.0238  0.0238
  0.0239  0.0239  0.0239  0.0239  0.0238  0.0238  0.0238  0.0238  0.0238  0.0238  0.0238  0.0238
  0.0239  0.0239  0.0239  0.0238  0.0239  0.0237  0.0238  0.0239  0.0238  0.0239  0.0238  0.0238
  0.0241  0.0240  0.0240  0.0239  0.0242  0.0240  0.0240  0.0241  0.0239  0.0242  0.0239  0.0239
  0.0244  0.0243  0.0241  0.0242  0.0246  0.0248  0.0242  0.0246  0.0242  0.0247  0.0240  0.0241
   -1.8024    0.9120    2.0402  -10.8560  -14.6375  -11.3465
   -2.1506   -0.5979    3.4370   18.8672    0.8992  -25.3261
eta,q 0.97624 15.44056

---------------------------------------------------------------------
imgreg_4dfp /usr/local/freesurfer/average/711-2C_as_mni_average_305 /usr/local/freesurfer/average/711-2B_as_mni_average_305_mask talsrcimg_g11 none talsrcimg_to_711-2C_as_mni_average_305_t4 2311
---------------------------------------------------------------------

freesurfer imgreg_4dfp.c
/usr/local/freesurfer/average/711-2C_as_mni_average_305.4dfp.img
       256       256       256         1
  1.000000  1.000000  1.000000
orientation T byte_order littleendian
Reading image: /usr/local/freesurfer/average/711-2C_as_mni_average_305.4dfp.img
dimensions:      256       256       256
mmppix:       1.0000   -1.0000   -1.0000
center:     128.0000 -129.0000 -129.0000
/usr/local/freesurfer/average/711-2B_as_mni_average_305_mask.4dfp.img
       256       256       256         1
  1.000000  1.000000  1.000000
orientation T byte_order littleendian
Reading mask: /usr/local/freesurfer/average/711-2B_as_mni_average_305_mask.4dfp.img (2306576 pixels)
talsrcimg_g11.4dfp.img
       256       256       256         1
  1.000000  1.000000  1.000000
orientation T byte_order littleendian
Reading image: talsrcimg_g11.4dfp.img
dimensions:      256       256       256
mmppix:       1.0000   -1.0000   -1.0000
center:     128.0000 -129.0000 -129.0000
fimgreg.f
image alignment mode   2311 decimal      907 hex
parameters
   -1.8024    0.9120    2.0402  -10.8560  -14.6375  -11.3465
   -2.1506   -0.5979    3.4370   18.8672    0.8992  -25.3261
eta,q 0.97624 15.44056
niter,ni,del,rscale     5    3    5.0000    0.8000
parameters
   -1.8098    0.9192    2.1894  -11.5859  -14.8121  -11.8120
   -1.9950   -0.6389    3.5509   18.9896    0.5972  -25.3192
eta,q 0.97602 15.38225
  0.0259  0.0256  0.0253  0.0249  0.0261  0.0262  0.0258  0.0267  0.0255  0.0270  0.0246  0.0253
  0.0247  0.0246  0.0245  0.0244  0.0250  0.0254  0.0248  0.0251  0.0247  0.0254  0.0242  0.0245
  0.0240  0.0240  0.0239  0.0240  0.0242  0.0245  0.0242  0.0242  0.0242  0.0243  0.0240  0.0241
  0.0238  0.0238  0.0238  0.0238  0.0238  0.0238  0.0240  0.0240  0.0240  0.0240  0.0240  0.0240
  0.0240  0.0240  0.0238  0.0239  0.0241  0.0240  0.0241  0.0243  0.0241  0.0243  0.0241  0.0242
  0.0247  0.0246  0.0242  0.0248  0.0251  0.0254  0.0247  0.0252  0.0246  0.0252  0.0244  0.0246
  0.0259  0.0256  0.0248  0.0265  0.0267  0.0285  0.0256  0.0267  0.0253  0.0267  0.0247  0.0252
niter,ni,del,rscale     4    3    5.0000    0.7000
parameters
   -1.7604    0.9035    2.0201  -11.3908  -14.6791  -11.8615
   -2.0804   -0.5874    3.5472   18.9774    0.7014  -25.3744
eta,q 0.97606 15.39124
  0.0256  0.0253  0.0246  0.0250  0.0259  0.0261  0.0252  0.0262  0.0250  0.0262  0.0245  0.0250
  0.0247  0.0246  0.0242  0.0246  0.0250  0.0253  0.0245  0.0249  0.0245  0.0249  0.0242  0.0243
  0.0242  0.0241  0.0240  0.0242  0.0243  0.0245  0.0241  0.0242  0.0241  0.0242  0.0240  0.0240
  0.0240  0.0240  0.0240  0.0240  0.0239  0.0239  0.0239  0.0239  0.0239  0.0239  0.0239  0.0239
  0.0241  0.0241  0.0242  0.0239  0.0241  0.0238  0.0241  0.0242  0.0241  0.0242  0.0240  0.0241
  0.0246  0.0246  0.0245  0.0242  0.0247  0.0248  0.0246  0.0249  0.0244  0.0250  0.0242  0.0244
  0.0254  0.0254  0.0250  0.0251  0.0258  0.0268  0.0253  0.0261  0.0251  0.0262  0.0245  0.0249
niter,ni,del,rscale     3    3    5.0000    0.6000
parameters
   -1.7768    0.8990    2.0036  -11.2008  -14.6295  -11.6665
   -2.1103   -0.5822    3.4996   18.9415    0.7967  -25.3641
eta,q 0.97614 15.41052
  0.0250  0.0249  0.0246  0.0248  0.0254  0.0257  0.0249  0.0256  0.0247  0.0256  0.0243  0.0247
  0.0244  0.0244  0.0242  0.0244  0.0247  0.0251  0.0243  0.0246  0.0242  0.0246  0.0241  0.0242
  0.0240  0.0241  0.0240  0.0241  0.0241  0.0244  0.0240  0.0240  0.0240  0.0240  0.0239  0.0239
  0.0239  0.0239  0.0239  0.0239  0.0239  0.0239  0.0239  0.0239  0.0239  0.0239  0.0239  0.0239
  0.0241  0.0241  0.0240  0.0239  0.0240  0.0238  0.0240  0.0241  0.0240  0.0241  0.0239  0.0240
  0.0244  0.0244  0.0242  0.0241  0.0245  0.0244  0.0243  0.0246  0.0243  0.0247  0.0240  0.0242
  0.0251  0.0250  0.0246  0.0248  0.0254  0.0258  0.0249  0.0255  0.0247  0.0257  0.0243  0.0246
niter,ni,del,rscale     2    3    5.0000    0.5000
parameters
   -1.7904    0.9126    2.0518  -11.0186  -14.6596  -11.3898
   -2.1245   -0.5882    3.4686   18.8760    0.8446  -25.2994
eta,q 0.97622 15.43010
  0.0246  0.0246  0.0244  0.0245  0.0249  0.0253  0.0245  0.0250  0.0244  0.0250  0.0241  0.0244
  0.0242  0.0242  0.0241  0.0242  0.0243  0.0247  0.0241  0.0243  0.0240  0.0243  0.0239  0.0240
  0.0239  0.0240  0.0239  0.0240  0.0240  0.0242  0.0238  0.0239  0.0238  0.0239  0.0238  0.0238
  0.0239  0.0239  0.0239  0.0239  0.0238  0.0238  0.0238  0.0238  0.0238  0.0238  0.0238  0.0238
  0.0239  0.0239  0.0239  0.0238  0.0240  0.0237  0.0239  0.0239  0.0238  0.0239  0.0238  0.0238
  0.0242  0.0242  0.0240  0.0240  0.0243  0.0241  0.0241  0.0243  0.0241  0.0244  0.0239  0.0240
  0.0247  0.0246  0.0243  0.0245  0.0249  0.0251  0.0245  0.0250  0.0244  0.0251  0.0241  0.0243
niter,ni,del,rscale     1    3    5.0000    0.4000
parameters
   -1.8020    0.9312    2.1230  -10.8317  -14.7228  -11.1194
   -2.1447   -0.5923    3.4595   18.7860    0.8864  -25.2326
eta,q 0.97629 15.44799
  0.0243  0.0243  0.0242  0.0242  0.0244  0.0248  0.0242  0.0245  0.0241  0.0245  0.0239  0.0241
  0.0240  0.0240  0.0239  0.0240  0.0241  0.0244  0.0239  0.0241  0.0239  0.0241  0.0238  0.0239
  0.0238  0.0238  0.0238  0.0239  0.0238  0.0240  0.0238  0.0238  0.0238  0.0238  0.0237  0.0238
  0.0238  0.0238  0.0238  0.0238  0.0238  0.0238  0.0237  0.0237  0.0237  0.0237  0.0237  0.0237
  0.0238  0.0238  0.0238  0.0238  0.0238  0.0237  0.0238  0.0238  0.0238  0.0238  0.0237  0.0238
  0.0240  0.0240  0.0239  0.0239  0.0241  0.0240  0.0239  0.0241  0.0239  0.0241  0.0238  0.0239
  0.0243  0.0242  0.0240  0.0242  0.0245  0.0246  0.0242  0.0245  0.0241  0.0246  0.0239  0.0241
registration optimization eta report
parameter search radius
    0.8000    0.8000    0.8000    2.4000    2.4000    2.4000
    2.4000    2.4000    2.4000    2.4000    2.4000    2.4000
100000*second partial in parameter space
       81.       73.       49.        7.       12.       17.
        8.       14.        7.       15.        4.        7.
  0.0243  0.0243  0.0242  0.0242  0.0244  0.0248  0.0242  0.0245  0.0241  0.0245  0.0239  0.0241
  0.0240  0.0240  0.0239  0.0240  0.0241  0.0244  0.0239  0.0241  0.0239  0.0241  0.0238  0.0239
  0.0238  0.0238  0.0238  0.0239  0.0238  0.0240  0.0238  0.0238  0.0238  0.0238  0.0237  0.0238
  0.0238  0.0238  0.0238  0.0238  0.0238  0.0238  0.0237  0.0237  0.0237  0.0237  0.0237  0.0237
  0.0238  0.0238  0.0238  0.0238  0.0238  0.0237  0.0238  0.0238  0.0238  0.0238  0.0237  0.0238
  0.0240  0.0240  0.0239  0.0239  0.0241  0.0240  0.0239  0.0241  0.0239  0.0241  0.0238  0.0239
  0.0243  0.0242  0.0240  0.0242  0.0245  0.0246  0.0242  0.0245  0.0241  0.0246  0.0239  0.0241
   -1.8020    0.9312    2.1230  -10.8317  -14.7228  -11.1194
   -2.1447   -0.5923    3.4595   18.7860    0.8864  -25.2326
eta,q 0.97629 15.44799

---------------------------------------------------------------------
compute_vox2vox talsrcimg talsrcimg_to_711-2C_as_mni_average_305_t4 /usr/local/freesurfer/average/711-2C_as_mni_average_305
---------------------------------------------------------------------

freesurfer compute_vox2vox.c
Reading: talsrcimg.4dfp.ifh
Reading: talsrcimg_to_711-2C_as_mni_average_305_t4
Reading: /usr/local/freesurfer/average/711-2C_as_mni_average_305.4dfp.ifh
Writing: talsrcimg_to_711-2C_as_mni_average_305_t4_vox2vox.txt

start time Wed Jun 4 03:10:09 UTC 2025
end		time Wed Jun 4 03:10:27 UTC 2025

mpr2mni305 success

avi2talxfm orig_nu.mgz /usr/local/freesurfer/average/mni305.cor.mgz talsrcimg_to_711-2C_as_mni_average_305_t4_vox2vox.txt transforms/talairach.auto.xfm
avi2talxfm done
mv -f /home/freesurfer/subjects/sub-047/mri/talsrcimg_to_711-2C_as_mni_average_305_t4_vox2vox.txt /home/freesurfer/subjects/sub-047/mri/transforms/talsrcimg_to_711-2C_as_mni_average_305_t4_vox2vox.txt
lta_convert --src orig_nu.mgz --trg /usr/local/freesurfer/average/mni305.cor.mgz --inxfm transforms/talairach.auto.xfm --outlta transforms/talairach.auto.xfm.lta --subject fsaverage
7.4.1

--src: orig_nu.mgz src image (geometry).
--trg: /usr/local/freesurfer/average/mni305.cor.mgz trg image (geometry).
--inmni: transforms/talairach.auto.xfm input MNI/XFM transform.
--outlta: transforms/talairach.auto.xfm.lta output LTA.
--s: fsaverage subject name
 LTA read, type : 1
 1.12035   0.00142   0.02860  -0.62470;
-0.02266   1.05885   0.31273  -42.21872;
-0.04046  -0.23332   1.10259  -22.85522;
 0.00000   0.00000   0.00000   1.00000;
setting subject to fsaverage
Writing  LTA to file transforms/talairach.auto.xfm.lta...
lta_convert successful.
 
 
Started at Wed Jun 4 03:10:08 UTC 2025
Ended   at Wed Jun  4 03:10:27 UTC 2025
talairach_avi done
